NPROCS=0
This instance is clustered!
Gurobi Optimizer version 9.0.0 build v9.0.0rc2 (linux64)
Optimize a model with 42 rows, 442 columns and 882 nonzeros
Model fingerprint: 0xf30377c6
Variable types: 1 continuous, 441 integer (441 binary)
Coefficient statistics:
  Matrix range     [1e+00, 1e+00]
  Objective range  [1e+00, 4e+02]
  Bounds range     [1e+00, 1e+00]
  RHS range        [1e+00, 1e+00]
Presolve removed 2 rows and 60 columns
Presolve time: 0.01s
Presolved: 40 rows, 382 columns, 762 nonzeros
Variable types: 1 continuous, 381 integer (381 binary)

Root relaxation: objective 7.899270e+02, 37 iterations, 0.00 seconds

    Nodes    |    Current Node    |     Objective Bounds      |     Work
 Expl Unexpl |  Obj  Depth IntInf | Incumbent    BestBd   Gap | It/Node Time

     0     0  893.61320    0   10          -  893.61320      -     -    0s
 done with super cut 0
 done with super cut 1
H    0     0                    1958.0090725  893.61320  54.4%     -    0s
 done with super cut 2
 done with super cut 3
 done with super cut 4
H    0     0                    1321.7384249  893.61320  32.4%     -    1s
     0     0  917.77186    0   20 1321.73842  917.77186  30.6%     -    1s
 done with super cut 5
 done with super cut 6
 done with super cut 7
 done with super cut 8
 done with super cut 9
 done with super cut 10
     0     0  921.07373    0   32 1321.73842  921.07373  30.3%     -    3s
H    0     0                    1271.8446585  921.07373  27.6%     -    3s
     0     0  926.27395    0   35 1271.84466  926.27395  27.2%     -    3s
     0     0  926.27395    0   35 1271.84466  926.27395  27.2%     -    3s
     0     2  934.10159    0   35 1271.84466  934.10159  26.6%     -    3s
  2075  1432 1202.48086   43   62 1271.84466  984.52319  22.6%   5.5    5s
H 2077  1363                    1247.3298366  984.52319  21.1%   5.6    5s
 19577 11256 1137.53094   42   13 1247.32984 1058.94607  15.1%   6.3   10s
H29531 16888                    1243.1644960 1070.61242  13.9%   6.4   13s
 33197 19517 1221.14437   46   18 1243.16450 1073.95402  13.6%   6.4   15s
 45137 25920 1232.22036   47    8 1243.16450 1082.91250  12.9%   6.6   20s
 53882 30150     cutoff   43      1243.16450 1088.14976  12.5%   6.7   25s
 62996 34732     cutoff   55      1243.16450 1093.38957  12.0%   6.8   30s
 71438 38469     cutoff   61      1243.16450 1097.37708  11.7%   6.9   35s
 78655 41981 infeasible   51      1243.16450 1100.23740  11.5%   6.9   40s
 86119 44901     cutoff   49      1243.16450 1103.12669  11.3%   7.0   45s
 91480 47269     cutoff   78      1243.16450 1105.12363  11.1%   7.1   50s
 95717 48287 infeasible   34      1243.16450 1106.74008  11.0%   7.1   55s
 101190 50562 infeasible   46      1243.16450 1108.65426  10.8%   7.2   60s
 106808 52667 infeasible   55      1243.16450 1110.73635  10.7%   7.2   65s
 109112 53218 1210.13455   25   35 1243.16450 1111.42276  10.6%   7.2  159s
H109113 50558                    1240.8662503 1111.42276  10.4%   7.2  160s
 109119 50562 1194.78255   72   59 1240.86625 1111.42276  10.4%   7.2  166s
 109122 50564 1226.84703   45   63 1240.86625 1111.42276  10.4%   7.2  171s
 109127 50572 1111.42276   26   45 1240.86625 1111.42276  10.4%   7.2  175s
 109542 50734 1124.14295   40   33 1240.86625 1111.42276  10.4%   7.2  180s
 112078 51487 1111.42276   44   36 1240.86625 1111.42276  10.4%   7.3  185s
 115681 53064 1111.42276   38   38 1240.86625 1111.42276  10.4%   7.2  190s
 120401 54791 1177.84525   77   34 1240.86625 1111.42276  10.4%   7.2  195s
 123236 55619     cutoff   96      1240.86625 1111.42276  10.4%   7.2  200s
 127765 56811     cutoff   73      1240.86625 1111.42276  10.4%   7.3  205s
 131899 58024     cutoff   55      1240.86625 1111.42276  10.4%   7.3  210s
 135499 58858 1202.44488   51   25 1240.86625 1111.42276  10.4%   7.3  215s
 139309 59319     cutoff   54      1240.86625 1111.42276  10.4%   7.3  220s
 143350 60119 infeasible   58      1240.86625 1111.42276  10.4%   7.3  225s
 147637 60484 1225.05471   57   18 1240.86625 1111.42276  10.4%   7.4  230s
 150333 61070 1161.83422   47   25 1240.86625 1111.42276  10.4%   7.4  236s
 154417 61711     cutoff   48      1240.86625 1111.42276  10.4%   7.4  240s
 159003 62105     cutoff   55      1240.86625 1111.42276  10.4%   7.4  245s
 164032 62487     cutoff   63      1240.86625 1111.42276  10.4%   7.4  250s
 167488 63165 1159.65030   37   21 1240.86625 1111.42276  10.4%   7.5  256s
 171567 63383     cutoff   70      1240.86625 1111.42276  10.4%   7.5  260s
 174814 63456 1192.15196   61   23 1240.86625 1111.42276  10.4%   7.5  265s
 178546 63788 1206.32519   52   23 1240.86625 1112.98369  10.3%   7.5  270s
 182739 63836 1222.22286   63   27 1240.86625 1114.97814  10.1%   7.5  275s
 186177 63935 1224.77412   42   23 1240.86625 1116.86900  10.0%   7.6  280s
H188530 60993                    1240.8660913 1118.00796  9.90%   7.6  283s
 189085 60875 1142.25107   49   46 1240.86609 1118.18064  9.89%   7.6  286s
 190049 61203     cutoff   47      1240.86609 1118.72418  9.84%   7.6  290s
 193635 61363 1214.61379   69   24 1240.86609 1120.12080  9.73%   7.6  296s
 197310 61356 1167.98348   50   33 1240.86609 1121.80135  9.60%   7.6  301s
 199435 61423 1180.01731   71   25 1240.86609 1122.73445  9.52%   7.6  305s
 203556 61174 1186.10271   47   32 1240.86609 1124.28221  9.40%   7.7  310s
 207115 60977 1175.46366   41   21 1240.86609 1125.57328  9.29%   7.7  316s
 209370 61198 1227.30131   66   31 1240.86609 1126.37799  9.23%   7.7  320s
 213009 60954     cutoff   60      1240.86609 1127.67781  9.12%   7.7  325s
 214240 60944     cutoff   60      1240.86609 1128.09798  9.09%   7.7  331s
 216505 61077 1196.94561   50   16 1240.86609 1128.79983  9.03%   7.7  335s
 220243 60984     cutoff   51      1240.86609 1130.19720  8.92%   7.7  341s
 223747 60649     cutoff   56      1240.86609 1131.18924  8.84%   7.8  346s
 226438 60421     cutoff   59      1240.86609 1132.01466  8.77%   7.8  351s
 228667 60544     cutoff   44      1240.86609 1132.64472  8.72%   7.8  355s
 232641 60260 1225.84772   42   25 1240.86609 1133.96612  8.61%   7.8  361s
 234991 60139 1214.69087   48   27 1240.86609 1134.53697  8.57%   7.8  365s
 237367 60191     cutoff   69      1240.86609 1135.32411  8.51%   7.8  370s
 241122 59752 1180.61487   41   22 1240.86609 1136.44026  8.42%   7.8  376s
 242186 59447 infeasible   42      1240.86609 1136.75240  8.39%   7.8  380s
 243340 59645     cutoff   55      1240.86609 1137.11553  8.36%   7.8  385s
 247127 59390 1204.04071   56   30 1240.86609 1138.18285  8.28%   7.9  391s
 250023 59012 1157.96624   56   23 1240.86609 1138.84124  8.22%   7.9  395s
 253213 58809 1162.51258   38   26 1240.86609 1139.83242  8.14%   7.9  402s
 255509 59340 1182.58498   38   34 1240.86609 1140.56438  8.08%   7.9  406s
 258350 59883     cutoff   48      1240.86609 1141.25396  8.03%   7.9  411s
 260321 60511     cutoff   66      1240.86609 1141.82998  7.98%   7.9  415s
 264012 61309 1188.63265   58   24 1240.86609 1142.72790  7.91%   7.9  421s
 266482 61831 1211.55530   56   17 1240.86609 1143.34330  7.86%   7.9  425s
 269669 62471 1215.14084   43   20 1240.86609 1144.09029  7.80%   8.0  431s
 272080 63146 1224.32168   53   31 1240.86609 1144.62504  7.76%   8.0  436s
 274328 63621 1167.82563   63   32 1240.86609 1145.29836  7.70%   8.0  440s
 276673 64154 infeasible   45      1240.86609 1145.86724  7.66%   8.0  445s
 280415 65015 1219.27809   44   26 1240.86609 1146.72593  7.59%   8.0  451s
 281825 65330 1195.26126   48   17 1240.86609 1147.11674  7.56%   8.0  455s
 284008 65756 1218.38622   44   30 1240.86609 1147.62357  7.51%   8.0  460s
 287339 66272 1201.50388   60   35 1240.86609 1148.31228  7.46%   8.0  467s
 289637 66712 infeasible   52      1240.86609 1148.80756  7.42%   8.0  472s
 291987 67144 infeasible   46      1240.86609 1149.35855  7.37%   8.0  477s
 294384 67579 1228.17756   43   22 1240.86609 1149.81095  7.34%   8.1  482s
 295645 67749     cutoff   61      1240.86609 1150.04486  7.32%   8.1  485s
 298075 68194 1206.39421   47   26 1240.86609 1150.61944  7.27%   8.1  492s
 299022 68437 1183.77112   53   22 1240.86609 1150.76794  7.26%   8.1  495s
 301363 68858 1204.86329   46   19 1240.86609 1151.24096  7.22%   8.1  501s
 303649 69056     cutoff   48      1240.86609 1151.69171  7.19%   8.1  506s
 304630 69297 1161.57570   49   23 1240.86609 1151.90089  7.17%   8.1  510s
 307076 69654     cutoff   48      1240.86609 1152.45641  7.12%   8.1  517s
 308525 69715 1219.08830   57   30 1240.86609 1152.82534  7.10%   8.1  521s
 309717 70061     cutoff   52      1240.86609 1153.05051  7.08%   8.1  526s
 312173 70399     cutoff   55      1240.86609 1153.50816  7.04%   8.1  531s
 314367 70773 1207.44728   49   33 1240.86609 1154.01068  7.00%   8.1  535s
 316856 71116 1210.71856   57    - 1240.86609 1154.50473  6.96%   8.1  540s
 319552 71540 1230.24605   42   24 1240.86609 1154.97632  6.92%   8.2  545s
 323090 71945     cutoff   41      1240.86609 1155.59627  6.87%   8.2  551s
 325280 72264     cutoff   49      1240.86609 1156.19255  6.82%   8.2  556s
 327834 72670     cutoff   57      1240.86609 1156.69538  6.78%   8.2  561s
 330275 72955 1204.24984   38   19 1240.86609 1157.18647  6.74%   8.2  565s
 332823 73323 1220.51217   50   22 1240.86609 1157.61299  6.71%   8.2  571s
 334878 73554     cutoff   48      1240.86609 1158.02448  6.68%   8.2  576s
 337504 73912 1189.85818   44   24 1240.86609 1158.48829  6.64%   8.2  582s
 339739 74249 1230.62284   59   16 1240.86609 1158.98637  6.60%   8.2  588s
 341225 74355 1188.19130   45   32 1240.86609 1159.24739  6.58%   8.2  590s
 343272 74651 1205.77524   54   24 1240.86609 1159.65605  6.54%   8.2  595s
 346124 74990 1202.01272   41   28 1240.86609 1160.17185  6.50%   8.3  600s
 348508 75265 1170.72826   50   28 1240.86609 1160.56432  6.47%   8.3  605s
 351093 75583 1164.90072   41   28 1240.86609 1161.05221  6.43%   8.3  610s
 354403 75930     cutoff   52      1240.86609 1161.63197  6.39%   8.3  617s
 355740 76048 1233.19856   55   17 1240.86609 1161.83160  6.37%   8.3  620s
 358204 76302     cutoff   61      1240.86609 1162.28182  6.33%   8.3  625s
 360394 76419 infeasible   56      1240.86609 1162.70715  6.30%   8.3  630s
 362508 76714 1190.67626   45   16 1240.86609 1163.09565  6.27%   8.3  635s
 365203 76904 1174.65774   39   31 1240.86609 1163.58308  6.23%   8.3  640s
 366313 76933     cutoff   53      1240.86609 1163.72428  6.22%   8.3  647s
 367602 77121 infeasible   58      1240.86609 1164.01135  6.19%   8.3  652s
 369974 77305 1188.88032   46   15 1240.86609 1164.38602  6.16%   8.3  657s
 371154 77427 infeasible   67      1240.86609 1164.60430  6.15%   8.3  660s
 373884 77697     cutoff   83      1240.86609 1165.01299  6.11%   8.3  666s
 374937 77812     cutoff   56      1240.86609 1165.20221  6.10%   8.4  670s
 377667 77998 1206.90162   69   24 1240.86609 1165.61082  6.06%   8.4  676s
 380070 78064 1203.97076   47   23 1240.86609 1166.12311  6.02%   8.4  683s
 380522 78166 1214.27948   57   32 1240.86609 1166.16651  6.02%   8.4  686s
 382841 78354     cutoff   49      1240.86609 1166.58258  5.99%   8.4  692s
 383945 78476     cutoff   45      1240.86609 1166.76243  5.97%   8.4  695s
 386723 78657 1225.53939   65   30 1240.86609 1167.29144  5.93%   8.4  700s
 388999 78785 1225.39318   50   23 1240.86609 1167.67360  5.90%   8.4  706s
 391349 78979     cutoff   57      1240.86609 1168.02585  5.87%   8.4  712s
 392514 79042 1205.44397   45   20 1240.86609 1168.24212  5.85%   8.4  715s
 395444 79168 1236.23506   60   31 1240.86609 1168.67717  5.82%   8.4  721s
 398042 79312 infeasible   49      1240.86609 1169.14191  5.78%   8.4  727s
 399218 79347 1196.71915   50   22 1240.86609 1169.36904  5.76%   8.4  730s
 401427 79410     cutoff   66      1240.86609 1169.63990  5.74%   8.4  737s
 402596 79465     cutoff   52      1240.86609 1169.84144  5.72%   8.4  740s
 405185 79560 1219.42614   50   26 1240.86609 1170.32144  5.69%   8.4  746s
 407659 79677     cutoff   62      1240.86609 1170.75083  5.65%   8.5  753s
 409116 79706     cutoff   55      1240.86609 1170.98590  5.63%   8.5  755s
 411722 79836     cutoff   53      1240.86609 1171.39652  5.60%   8.5  762s
 412901 79840     cutoff   56      1240.86609 1171.53929  5.59%   8.5  765s
 415094 79868 1209.80057   46   19 1240.86609 1171.90429  5.56%   8.5  771s
 417426 79932 1220.77290   63   25 1240.86609 1172.30330  5.53%   8.5  777s
 419848 80126     cutoff   56      1240.86609 1172.74214  5.49%   8.5  783s
 421399 80191     cutoff   54      1240.86609 1172.90047  5.48%   8.5  785s
 423692 80167 1211.63379   63   19 1240.86609 1173.30281  5.44%   8.5  791s
 426018 80274     cutoff   56      1240.86609 1173.65390  5.42%   8.5  797s
 427523 80205 1206.96767   56   17 1240.86609 1173.90543  5.40%   8.5  800s
 429797 80289 1233.44437   57   15 1240.86609 1174.26928  5.37%   8.5  805s
 430942 80289     cutoff   54      1240.86609 1174.39079  5.36%   8.5  814s
 431981 80300     cutoff   52      1240.86609 1174.61059  5.34%   8.5  817s
 433258 80292     cutoff   50      1240.86609 1174.79610  5.32%   8.5  820s
 435726 80305 infeasible   42      1240.86609 1175.16321  5.29%   8.5  827s
 437146 80337 1195.52378   42   33 1240.86609 1175.40765  5.28%   8.5  830s
 439882 80336 infeasible   58      1240.86609 1175.79923  5.24%   8.6  836s
 442164 80302 1234.07259   58   10 1240.86609 1176.17405  5.21%   8.6  842s
 443688 80321     cutoff   59      1240.86609 1176.42376  5.19%   8.6  845s
 446055 80320 1198.94158   57   35 1240.86609 1176.80014  5.16%   8.6  851s
 448433 80195 1228.47870   48   11 1240.86609 1177.21912  5.13%   8.6  857s
 450893 80145     cutoff   44      1240.86609 1177.57880  5.10%   8.6  862s
 452115 80149 1226.14366   58   21 1240.86609 1177.77689  5.08%   8.6  865s
 454496 80089 1229.21972   53   13 1240.86609 1178.12841  5.06%   8.6  872s
 455758 80053     cutoff   69      1240.86609 1178.32300  5.04%   8.6  875s
 458500 79926     cutoff   53      1240.86609 1178.75214  5.01%   8.6  881s
H459358 79931                    1240.8657280 1178.79238  5.00%   8.6  881s
 460876 79856 1231.21739   58   10 1240.86573 1179.17084  4.97%   8.6  887s
 462028 79867     cutoff   46      1240.86573 1179.33236  4.96%   8.6  893s
 462300 79823 1213.69281   45   17 1240.86573 1179.37624  4.96%   8.6  896s
 464735 79809     cutoff   47      1240.86573 1179.72602  4.93%   8.6  902s
 465971 79748 infeasible   52      1240.86573 1179.88613  4.91%   8.6  906s
 467565 79646     cutoff   66      1240.86573 1180.15398  4.89%   8.6  910s
 470091 79541 infeasible   57      1240.86573 1180.49638  4.87%   8.6  916s
 472643 79401 1207.92543   49   13 1240.86573 1180.85939  4.84%   8.7  922s
 473826 79321 1206.54951   67   37 1240.86573 1181.00670  4.82%   8.7  925s
 476431 79183 1207.34366   46   38 1240.86573 1181.43125  4.79%   8.7  932s
 477683 79109 1224.41513   56   20 1240.86573 1181.59322  4.78%   8.7  936s
 479003 78993     cutoff   64      1240.86573 1181.84107  4.76%   8.7  940s
 481557 78798 1238.41465   55    6 1240.86573 1182.21841  4.73%   8.7  948s
 482871 78690 1215.32107   46   27 1240.86573 1182.42181  4.71%   8.7  951s
 484121 78608 1202.26761   56   25 1240.86573 1182.63369  4.69%   8.7  955s
 486572 78394 1228.24996   49   28 1240.86573 1182.96779  4.67%   8.7  961s
 489117 78189     cutoff   50      1240.86573 1183.43445  4.63%   8.7  968s
 490416 78055 1210.02262   44   20 1240.86573 1183.60509  4.61%   8.7  971s
 492883 77826     cutoff   41      1240.86573 1184.02420  4.58%   8.7  978s
 494139 77718 infeasible   45      1240.86573 1184.19959  4.57%   8.7  982s
 495480 77578 infeasible   61      1240.86573 1184.38841  4.55%   8.7  985s
 497921 77384 infeasible   60      1240.86573 1184.76540  4.52%   8.7  992s
 499157 77187     cutoff   58      1240.86573 1184.91558  4.51%   8.7  995s
 501647 76906 1235.40039   58   20 1240.86573 1185.37363  4.47%   8.7 1002s
 503002 76729     cutoff   54      1240.86573 1185.57255  4.46%   8.7 1006s
 504161 76550 1213.79049   52   16 1240.86573 1185.79232  4.44%   8.8 1010s
 506783 76296 1212.13925   56   32 1240.86573 1186.15261  4.41%   8.8 1016s
 509371 75984 1237.58954   53   20 1240.86573 1186.47331  4.38%   8.8 1022s
 510558 75856 1217.97109   51   20 1240.86573 1186.67336  4.37%   8.8 1025s
 513176 75499     cutoff   72      1240.86573 1187.03825  4.34%   8.8 1032s
 514419 75326 1228.14527   43   19 1240.86573 1187.27827  4.32%   8.8 1036s
 516913 74979     cutoff   56      1240.86573 1187.66746  4.29%   8.8 1044s
 518253 74821 1240.07891   45   26 1240.86573 1187.84173  4.27%   8.8 1047s
 519533 74622     cutoff   68      1240.86573 1188.02701  4.26%   8.8 1051s
 522141 74270 1212.69711   47   35 1240.86573 1188.38967  4.23%   8.8 1058s
 523275 74124 1222.08722   54   22 1240.86573 1188.53368  4.22%   8.8 1061s
 525843 73779     cutoff   52      1240.86573 1188.87386  4.19%   8.8 1067s
 527139 73593 1203.91735   60   27 1240.86573 1189.10530  4.17%   8.8 1070s
 529556 73212 infeasible   49      1240.86573 1189.47408  4.14%   8.8 1077s
 530858 72962     cutoff   75      1240.86573 1189.65013  4.13%   8.8 1081s
 533512 72709     cutoff   45      1240.86573 1190.05459  4.09%   8.8 1089s
 534026 72510 1199.37172   54   21 1240.86573 1190.14657  4.09%   8.9 1093s
 535369 72335     cutoff   74      1240.86573 1190.33683  4.07%   8.9 1097s
H535557 72335                    1240.8656688 1190.34284  4.07%   8.9 1097s
 536612 72305 1207.66218   51   16 1240.86567 1190.55586  4.05%   8.9 1102s
 536779 72127 1223.04610   42   28 1240.86567 1190.57043  4.05%   8.9 1106s
 539464 71640     cutoff   39      1240.86567 1190.91199  4.03%   8.9 1113s
 540829 71404     cutoff   67      1240.86567 1191.13084  4.01%   8.9 1117s
 542139 71215 infeasible   60      1240.86567 1191.36576  3.99%   8.9 1120s
 544843 70749 1224.86207   60   20 1240.86567 1191.72501  3.96%   8.9 1128s
 546142 70581 1239.77657   51   13 1240.86567 1191.92979  3.94%   8.9 1131s
 547463 70314 1228.39617   37   22 1240.86567 1192.07400  3.93%   8.9 1135s
 549987 69911     cutoff   47      1240.86567 1192.44360  3.90%   8.9 1141s
 551239 69669     cutoff   62      1240.86567 1192.56409  3.89%   8.9 1145s
 553809 69135     cutoff   43      1240.86567 1193.02762  3.86%   8.9 1153s
 555110 68861     cutoff   57      1240.86567 1193.22735  3.84%   8.9 1157s
 556432 68637     cutoff   50      1240.86567 1193.45889  3.82%   8.9 1161s
 557692 68363 infeasible   43      1240.86567 1193.65076  3.80%   8.9 1165s
 560255 67841 1225.29424   47   23 1240.86567 1194.01109  3.78%   8.9 1172s
 561530 67570 1218.66899   43   25 1240.86567 1194.25891  3.76%   8.9 1177s
 562843 67273     cutoff   40      1240.86567 1194.44062  3.74%   8.9 1180s
 565482 66746 infeasible   51      1240.86567 1194.88466  3.71%   8.9 1188s
H565913 66746                    1240.8651049 1194.89921  3.70%   8.9 1188s
 566755 66495     cutoff   56      1240.86510 1195.05164  3.69%   8.9 1193s
 568097 66275 1221.40154   46   19 1240.86510 1195.19420  3.68%   9.0 1197s
 569317 66017 infeasible   66      1240.86510 1195.38407  3.67%   9.0 1200s
 571909 65501 1198.57490   53   38 1240.86510 1195.77603  3.63%   9.0 1207s
 572996 65234 1234.10049   71   25 1240.86510 1195.94463  3.62%   9.0 1211s
 575550 64696     cutoff   54      1240.86510 1196.34405  3.59%   9.0 1217s
 576895 64320 1234.62056   50   27 1240.86510 1196.55809  3.57%   9.0 1221s
 578260 63958     cutoff   59      1240.86510 1196.80359  3.55%   9.0 1225s
 580849 63371     cutoff   67      1240.86510 1197.19452  3.52%   9.0 1232s
 582063 63030     cutoff   57      1240.86510 1197.43758  3.50%   9.0 1236s
 584742 62345     cutoff   60      1240.86510 1197.86631  3.47%   9.0 1243s
 585961 62019 1235.22996   51   16 1240.86510 1198.02118  3.45%   9.0 1247s
 587249 61723     cutoff   55      1240.86510 1198.21723  3.44%   9.0 1252s
 588569 61366 infeasible   55      1240.86510 1198.44809  3.42%   9.0 1256s
 589923 60980 infeasible   47      1240.86510 1198.65680  3.40%   9.0 1261s
 591309 60663     cutoff   56      1240.86510 1198.83740  3.39%   9.0 1265s
 593700 59982     cutoff   68      1240.86510 1199.26720  3.35%   9.0 1273s
 595111 59598     cutoff   59      1240.86510 1199.48857  3.33%   9.0 1277s
 596405 59231 1223.05910   58   32 1240.86510 1199.72567  3.32%   9.0 1280s
 599075 58475     cutoff   45      1240.86510 1200.13246  3.28%   9.0 1288s
 600443 58024 1224.13098   53   30 1240.86510 1200.35487  3.26%   9.1 1291s
 601798 57636     cutoff   46      1240.86510 1200.59827  3.25%   9.1 1295s
 604553 56764 1232.33703   41   29 1240.86510 1201.05893  3.21%   9.1 1301s
 605907 56353     cutoff   72      1240.86510 1201.26360  3.19%   9.1 1305s
 608560 55523 infeasible   58      1240.86510 1201.73698  3.15%   9.1 1311s
 609909 55093     cutoff   54      1240.86510 1201.98119  3.13%   9.1 1315s
 612536 54246     cutoff   48      1240.86510 1202.45922  3.10%   9.1 1322s
 613941 53800 1238.47233   48   23 1240.86510 1202.69002  3.08%   9.1 1325s
 616575 52924 1215.38333   59   30 1240.86510 1203.13899  3.04%   9.1 1332s
 617890 52435 1238.64402   46   15 1240.86510 1203.38077  3.02%   9.1 1335s
 620390 51529 infeasible   54      1240.86510 1203.86524  2.98%   9.1 1342s
 621604 51056     cutoff   57      1240.86510 1204.11956  2.96%   9.1 1345s
 624267 50072 1240.75511   50   18 1240.86510 1204.59761  2.92%   9.1 1352s
H624493 50078                    1240.8647280 1204.60256  2.92%   9.1 1352s
 625502 49991 infeasible   52      1240.86473 1204.82348  2.90%   9.1 1358s
 625789 49415 1219.29218   48   27 1240.86473 1204.87270  2.90%   9.1 1362s
 627148 48851 1232.31614   52   16 1240.86473 1205.15639  2.88%   9.1 1365s
 629931 47885     cutoff   68      1240.86473 1205.64442  2.84%   9.2 1372s
 631258 47355     cutoff   67      1240.86473 1205.93340  2.82%   9.2 1376s
 633799 46304     cutoff   60      1240.86473 1206.45017  2.77%   9.2 1383s
 635111 45729     cutoff   63      1240.86473 1206.74059  2.75%   9.2 1386s
 636428 45180     cutoff   50      1240.86473 1206.99444  2.73%   9.2 1390s
 639118 44047 1232.41525   61   12 1240.86473 1207.53846  2.69%   9.2 1396s
 640387 43429     cutoff   41      1240.86473 1207.82156  2.66%   9.2 1400s
 643029 42215     cutoff   56      1240.86473 1208.38856  2.62%   9.2 1407s
 644367 41607     cutoff   47      1240.86473 1208.66210  2.60%   9.2 1411s
 645622 41046     cutoff   46      1240.86473 1208.96000  2.57%   9.2 1415s
 648265 39805 1213.27499   80   22 1240.86473 1209.53955  2.52%   9.2 1422s
 649672 39136     cutoff   54      1240.86473 1209.85091  2.50%   9.2 1425s
 652191 37962     cutoff   46      1240.86473 1210.34000  2.46%   9.2 1432s
 653462 37248 1234.97932   50   10 1240.86473 1210.74166  2.43%   9.3 1435s
 656241 35887     cutoff   52      1240.86473 1211.40313  2.37%   9.3 1443s
 657511 35263 infeasible   51      1240.86473 1211.66724  2.35%   9.3 1446s
 659882 33852     cutoff   40      1240.86473 1212.29801  2.30%   9.3 1453s
 661148 33125     cutoff   45      1240.86473 1212.66920  2.27%   9.3 1457s
 662441 32340     cutoff   53      1240.86473 1213.00275  2.25%   9.3 1461s
 663755 31673     cutoff   50      1240.86473 1213.38424  2.21%   9.3 1465s
H664841 31676                    1240.8641285 1213.42315  2.21%   9.3 1465s
 666154 30197     cutoff   60      1240.86413 1214.02802  2.16%   9.3 1474s
 667510 29367 1239.29105   57   25 1240.86413 1214.43786  2.13%   9.3 1478s
 668897 28570 infeasible   46      1240.86413 1214.82042  2.10%   9.3 1482s
 670192 27847 1226.63779   66   19 1240.86413 1215.19603  2.07%   9.3 1486s
 672726 26144     cutoff   46      1240.86413 1215.99338  2.00%   9.3 1493s
 674071 25285     cutoff   54      1240.86413 1216.45467  1.97%   9.3 1497s
 675424 24476     cutoff   56      1240.86413 1216.81238  1.94%   9.4 1500s
 677846 22802 1234.03396   47   19 1240.86413 1217.65898  1.87%   9.4 1507s
 679112 22543 1228.61896   69   24 1240.86413 1218.15766  1.83%   9.4 1513s
 679455 21621     cutoff   47      1240.86413 1218.22058  1.82%   9.4 1516s
 680773 20662     cutoff   57      1240.86413 1218.81662  1.78%   9.4 1520s
 683519 18748 infeasible   46      1240.86413 1219.91406  1.69%   9.4 1528s
 684812 17837     cutoff   63      1240.86413 1220.36711  1.65%   9.4 1531s
 686062 16833     cutoff   61      1240.86413 1221.06377  1.60%   9.4 1535s
 688652 14873     cutoff   47      1240.86413 1222.26663  1.50%   9.4 1542s
 689961 13910     cutoff   42      1240.86413 1222.92556  1.45%   9.4 1545s
 692462 11863 infeasible   44      1240.86413 1224.33208  1.33%   9.4 1552s
 693754 10866     cutoff   45      1240.86413 1224.88002  1.29%   9.4 1555s
 696270  8683     cutoff   51      1240.86413 1226.87982  1.13%   9.4 1561s
 698856  6397     cutoff   50      1240.86413 1229.05653  0.95%   9.5 1567s
 701462  3983     cutoff   54      1240.86413 1231.82730  0.73%   9.5 1572s
 702794  2753     cutoff   65      1240.86413 1233.56518  0.59%   9.5 1575s
 705518     0     cutoff   45      1240.86413 1238.02825  0.23%   9.5 1580s

Cutting planes:
  Gomory: 2
  Inf proof: 1
  Zero half: 11
  RLT: 1
  Lazy constraints: 2741

Explored 706884 nodes (6684707 simplex iterations) in 1580.79 seconds
Thread count was 12 (of 12 available processors)

Solution count 6: 1240.86 1243.16 1247.33 ... 1958.01

Optimal solution found (tolerance 1.00e-04)
Best objective 1.240864128459e+03, best bound 1.240864128459e+03, gap 0.0000%

User-callback calls 1676475, time in user-callback 4.10 sec
/projects/academic/josewalt/caigao/RRARP_BD/BendersDecomp/ret/model_outs/n_19_m_4_algo_4.out
 =====>>>>> Solution is written to file in <../ret/model_outs> !!!
===>> All Done!
