NPROCS=0
This instance is clustered!
Gurobi Optimizer version 9.0.0 build v9.0.0rc2 (linux64)
Optimize a model with 50 rows, 626 columns and 1250 nonzeros
Model fingerprint: 0x3a2a776f
Variable types: 1 continuous, 625 integer (625 binary)
Coefficient statistics:
  Matrix range     [1e+00, 1e+00]
  Objective range  [1e+00, 6e+02]
  Bounds range     [1e+00, 1e+00]
  RHS range        [1e+00, 1e+00]
Presolve removed 2 rows and 72 columns
Presolve time: 0.01s
Presolved: 48 rows, 554 columns, 1106 nonzeros
Variable types: 1 continuous, 553 integer (553 binary)

Root relaxation: objective 1.515541e+03, 51 iterations, 0.00 seconds

    Nodes    |    Current Node    |     Objective Bounds      |     Work
 Expl Unexpl |  Obj  Depth IntInf | Incumbent    BestBd   Gap | It/Node Time

     0     0 1515.54078    0   12          - 1515.54078      -     -    0s
     0     0 1655.04390    0   14          - 1655.04390      -     -    0s
 done with super cut 0
 done with super cut 1
     0     2 1709.85243    0   49          - 1709.85243      -     -    1s
 done with super cut 2
 done with super cut 3
    27    38 1799.39600    5   21          - 1741.15267      -   9.9    6s
 done with super cut 4
 done with super cut 5
 done with super cut 6
 done with super cut 7
 done with super cut 8
   135   158 2130.69693    9   28          - 1758.37154      -   8.9   27s
 done with super cut 9
 done with super cut 10
   315   346 2211.96023   17    9          - 1758.37154      -   7.9   35s
*  625   595              28    2559.9689127 1758.37154  31.3%   6.4   35s
*  886   771              30    2451.1132412 1779.91596  27.4%   6.1   35s
H 2091  1490                    2355.3785491 1815.20935  22.9%   5.7   35s
H 2092  1415                    2237.0826086 1815.20935  18.9%   5.7   35s
H 2094  1347                    2187.5271279 1815.20935  17.0%   5.7   35s
 15004  8348 2081.91552   36   10 2187.52713 1905.24332  12.9%   6.5   40s
 29113 16058     cutoff   53      2187.52713 1934.58404  11.6%   7.1   45s
 41152 22198     cutoff   80      2187.52713 1952.88993  10.7%   7.3   50s
 52453 27451 2183.88254   98    4 2187.52713 1964.71101  10.2%   7.4   55s
 62802 32249     cutoff   50      2187.52713 1973.56455  9.78%   7.5   60s
 69652 34699     cutoff   36      2187.52713 1978.99201  9.53%   7.6   66s
 74006 36725 2070.86106   63   10 2187.52713 1982.41879  9.38%   7.7   70s
 81807 39980     cutoff   45      2187.52713 1987.82325  9.13%   7.8   75s
 88590 42436     cutoff   52      2187.52713 1992.26310  8.93%   7.8   80s
 96474 45324 2131.95971   75   10 2187.52713 1996.86799  8.72%   7.9   85s
 99681 46261 2094.34738   50    9 2187.52713 1998.58787  8.64%   7.9   90s
 105045 48202 2025.21711   52   38 2187.52713 2001.56242  8.50%   8.0   95s
 111513 50510     cutoff   66      2187.52713 2005.13047  8.34%   8.0  100s
 117438 52330 infeasible   62      2187.52713 2007.82540  8.21%   8.1  105s
 121634 53554 2069.02294   34   16 2187.52713 2010.08083  8.11%   8.1  110s
 127572 55263 2173.58067   58   39 2187.52713 2012.65453  7.99%   8.2  115s
 133639 57247     cutoff   58      2187.52713 2015.78886  7.85%   8.2  120s
 138482 58649     cutoff   40      2187.52713 2017.63488  7.77%   8.2  125s
 140661 59071 2170.68413   45   21 2187.52713 2018.51377  7.73%   8.3  130s
 144131 60069 2137.59485   51   14 2187.52713 2019.84534  7.67%   8.3  238s
 144134 60071 2070.86311   44   53 2187.52713 2019.84534  7.67%   8.3  240s
H144137 57069                    2187.5270835 2019.84534  7.67%   8.3  244s
 144139 57070 2171.34383   35   64 2187.52708 2019.84534  7.67%   8.3  245s
 144145 57074 2060.55143   39   68 2187.52708 2019.84534  7.67%   8.3  250s
 144149 57080 2019.84534   26   64 2187.52708 2019.84534  7.67%   8.3  255s
 144383 57187 2019.84534   38   34 2187.52708 2019.84534  7.67%   8.3  260s
 145857 57453 2019.84534   42   39 2187.52708 2019.84534  7.67%   8.3  265s
 149032 58193 2170.00616   50    8 2187.52708 2019.84534  7.67%   8.3  270s
 150397 58443 2031.34185   52   32 2187.52708 2019.84534  7.67%   8.3  281s
 150633 58624 2019.84534   40   12 2187.52708 2019.84534  7.67%   8.3  285s
 154750 59549 2130.30821   59    9 2187.52708 2019.84534  7.67%   8.3  290s
 157670 59887 2131.85566   40   10 2187.52708 2019.84534  7.67%   8.3  295s
 161732 60560     cutoff   44      2187.52708 2019.84534  7.67%   8.3  300s
 166426 61163 2059.66613   42   33 2187.52708 2019.84534  7.67%   8.4  305s
 170252 61523     cutoff   50      2187.52708 2019.84534  7.67%   8.4  311s
 174014 61676 2072.12397   53   34 2187.52708 2019.84534  7.67%   8.4  316s
 177580 61789     cutoff   41      2187.52708 2019.84534  7.67%   8.4  321s
 181558 61868 2081.72019   52   23 2187.52708 2019.84534  7.67%   8.4  326s
 184859 62018 2062.13078   45   18 2187.52708 2019.84534  7.67%   8.4  330s
 189885 61692 2046.29047   41   49 2187.52708 2024.43674  7.46%   8.5  335s
 193293 61671 infeasible   42      2187.52708 2028.24996  7.28%   8.5  340s
 194198 61898     cutoff   52      2187.52708 2029.42640  7.23%   8.5  345s
 198147 61785 2047.02728   47   33 2187.52708 2033.42124  7.04%   8.5  350s
 201428 61765 2117.42234   39   24 2187.52708 2036.64779  6.90%   8.5  355s
 205191 61350 infeasible   82      2187.52708 2040.07492  6.74%   8.5  360s
 208612 61184 infeasible   61      2187.52708 2042.55895  6.63%   8.5  365s
 211472 61105     cutoff   63      2187.52708 2044.66273  6.53%   8.5  370s
 215005 60784 2085.21225   40   35 2187.52708 2047.58742  6.40%   8.5  375s
 218523 60618 infeasible   59      2187.52708 2050.04703  6.28%   8.5  380s
 221909 60305 2098.02334   54   34 2187.52708 2052.30661  6.18%   8.5  385s
 226728 59785 2147.15293   62   16 2187.52708 2055.88988  6.02%   8.5  391s
 229736 59501 2074.91832   54   27 2187.52708 2057.87809  5.93%   8.6  396s
 233303 58936 2141.88175   45    8 2187.52708 2060.04674  5.83%   8.6  401s
 235325 58764 2183.88814   56   33 2187.52708 2061.43867  5.76%   8.6  405s
 239324 58190     cutoff   65      2187.52708 2063.81362  5.66%   8.6  410s
 242678 57754 infeasible   48      2187.52708 2065.71946  5.57%   8.6  415s
 246033 57152 2164.33910   55   14 2187.52708 2067.42493  5.49%   8.6  420s
 247109 56969 2153.21297   52   29 2187.52708 2067.95965  5.47%   8.6  425s
 250333 56605     cutoff   43      2187.52708 2069.48149  5.40%   8.6  431s
 253118 56125 2180.15741   46   18 2187.52708 2071.04760  5.32%   8.6  436s
 255375 55746 2182.41475   50   14 2187.52708 2072.34718  5.27%   8.6  440s
 259014 55070 2169.42401   53   23 2187.52708 2074.30491  5.18%   8.6  445s
 262763 54330 2145.90966   51   25 2187.52708 2076.15922  5.09%   8.6  452s
 264988 53927     cutoff   62      2187.52708 2077.22814  5.04%   8.7  455s
 268772 53122     cutoff   75      2187.52708 2078.85233  4.97%   8.7  460s
 272387 52389 2118.49742   47   12 2187.52708 2080.46669  4.89%   8.7  466s
 275995 51621 infeasible   46      2187.52708 2082.00322  4.82%   8.7  471s
 279664 50772     cutoff   47      2187.52708 2083.85913  4.74%   8.7  476s
 281880 50513 2163.09802   44    9 2187.52708 2084.84117  4.69%   8.7  480s
 286398 49574 2110.29890   55   15 2187.52708 2086.66187  4.61%   8.7  486s
 289062 48922     cutoff   64      2187.52708 2087.87238  4.56%   8.7  490s
H290994 44825                    2182.4679311 2088.25085  4.32%   8.7  492s
 291279 44723 infeasible   47      2182.46793 2088.67118  4.30%   8.7  497s
 292310 44481 2146.84156   53   16 2182.46793 2089.22014  4.27%   8.7  501s
 294644 43770 infeasible   52      2182.46793 2090.14069  4.23%   8.7  505s
 297906 42764 2172.43828   47    9 2182.46793 2091.60460  4.16%   8.7  510s
 301046 41853     cutoff   59      2182.46793 2092.77302  4.11%   8.7  515s
 304562 40750 2127.68595   47   16 2182.46793 2094.14470  4.05%   8.7  524s
 304791 40698     cutoff   59      2182.46793 2094.19025  4.04%   8.7  526s
 307342 40103 2118.06176   55   35 2182.46793 2095.36375  3.99%   8.7  530s
 310608 40215     cutoff   54      2182.46793 2096.40729  3.94%   8.8  536s
 313454 40289 2111.86047   45   14 2182.46793 2097.70887  3.88%   8.8  540s
 317337 40252 2175.56175   55    - 2182.46793 2099.10546  3.82%   8.8  546s
 319360 40301     cutoff   73      2182.46793 2099.86838  3.78%   8.8  550s
 321982 40275     cutoff   64      2182.46793 2100.94627  3.74%   8.8  555s
 324475 40306 infeasible   53      2182.46793 2101.80575  3.70%   8.8  560s
 327767 40239 infeasible   68      2182.46793 2103.10558  3.64%   8.8  566s
 330362 40156     cutoff   44      2182.46793 2104.16284  3.59%   8.8  571s
 332542 40033 2143.41944   47   28 2182.46793 2105.07691  3.55%   8.8  575s
 334903 39976 infeasible   52      2182.46793 2105.89499  3.51%   8.8  580s
 338543 39908     cutoff   57      2182.46793 2107.13672  3.45%   8.8  586s
 340053 39904 2147.62537   47   26 2182.46793 2107.62385  3.43%   8.8  591s
 341331 39831     cutoff   75      2182.46793 2108.11828  3.41%   8.8  595s
 344831 39645     cutoff   56      2182.46793 2109.32340  3.35%   8.8  601s
 347151 39527 2134.98958   44   26 2182.46793 2110.07943  3.32%   8.8  605s
 350722 39307 2181.74232   66    9 2182.46793 2111.26909  3.26%   8.8  611s
 353167 39105 infeasible   58      2182.46793 2112.09285  3.22%   8.8  615s
 355675 38933 infeasible   52      2182.46793 2112.91364  3.19%   8.9  620s
 358072 38789 2161.64939   75   28 2182.46793 2113.72795  3.15%   8.9  626s
 359312 38651     cutoff   52      2182.46793 2114.19001  3.13%   8.9  630s
 361993 38450     cutoff   47      2182.46793 2115.05521  3.09%   8.9  637s
 363728 38356 infeasible   59      2182.46793 2115.62328  3.06%   8.9  640s
 365976 38071 2163.47513   55   43 2182.46793 2116.37115  3.03%   8.9  646s
 368718 37857 infeasible   66      2182.46793 2117.18606  2.99%   8.9  652s
 369898 37762 2132.03414   51   29 2182.46793 2117.64074  2.97%   8.9  655s
 372476 37434 infeasible   51      2182.46793 2118.50044  2.93%   8.9  661s
 374785 37189 2170.73592   57   17 2182.46793 2119.32309  2.89%   8.9  667s
 375903 37012     cutoff   62      2182.46793 2119.59356  2.88%   8.9  670s
 378284 36705 2169.88691   72    6 2182.46793 2120.38983  2.84%   8.9  676s
 380662 36330 2150.11386   58   19 2182.46793 2121.18674  2.81%   8.9  682s
 381810 36137 infeasible   53      2182.46793 2121.64494  2.79%   8.9  686s
 384153 35721 2158.11760   57   32 2182.46793 2122.43197  2.75%   8.9  691s
 386547 35323 infeasible   64      2182.46793 2123.35438  2.71%   8.9  697s
 387847 35260 2124.53023   67   11 2182.46793 2123.74120  2.69%   8.9  700s
 389317 34846 2130.85321   47    9 2182.46793 2124.23179  2.67%   8.9  705s
 391916 34401 2166.03941   63   17 2182.46793 2125.18512  2.62%   8.9  711s
 394455 33917 2135.94763   60   10 2182.46793 2125.99935  2.59%   8.9  716s
 396858 33434     cutoff   52      2182.46793 2126.90386  2.55%   8.9  721s
 399462 32927 2134.87388   92   11 2182.46793 2127.77250  2.51%   9.0  725s
 402013 32357 2140.73066   91   14 2182.46793 2128.70464  2.46%   9.0  731s
 404592 31804     cutoff   47      2182.46793 2129.71474  2.42%   9.0  736s
 407163 31222 2168.36904   41   26 2182.46793 2130.57495  2.38%   9.0  741s
 409668 30669     cutoff   56      2182.46793 2131.51434  2.33%   9.0  746s
 412234 30072 2172.69808   59   12 2182.46793 2132.42384  2.29%   9.0  751s
 414685 29479 2159.03174   72   20 2182.46793 2133.33864  2.25%   9.0  757s
 415935 29120     cutoff   60      2182.46793 2133.83712  2.23%   9.0  760s
 418392 28460     cutoff   49      2182.46793 2134.74666  2.19%   9.0  765s
 420933 27740     cutoff   53      2182.46793 2135.83071  2.14%   9.0  771s
 423528 27011 2163.17293   42   22 2182.46793 2136.69740  2.10%   9.0  776s
 425994 26240     cutoff   58      2182.46793 2137.57483  2.06%   9.0  782s
 427290 25796 2169.69522   44    8 2182.46793 2138.20126  2.03%   9.0  785s
 429736 25328 infeasible   46      2182.46793 2139.16562  1.98%   9.0  791s
 431335 24431     cutoff   43      2182.46793 2140.02524  1.94%   9.0  796s
 434028 23552 2169.94786   42   17 2182.46793 2141.13245  1.89%   9.0  802s
 436620 22509 2160.32380   42   18 2182.46793 2142.33527  1.84%   9.1  807s
 439239 21619 infeasible   48      2182.46793 2143.59430  1.78%   9.1  812s
 441715 20578 2165.48985   51   14 2182.46793 2144.83418  1.72%   9.1  817s
 444213 19528     cutoff   43      2182.46793 2145.90593  1.68%   9.1  821s
 446692 18391     cutoff   46      2182.46793 2147.35456  1.61%   9.1  826s
 449164 17292     cutoff   55      2182.46793 2148.70522  1.55%   9.1  831s
 451711 16015     cutoff   47      2182.46793 2150.25207  1.48%   9.1  836s
 454219 14697 infeasible   48      2182.46793 2151.77461  1.41%   9.1  841s
 456654 13453 2161.05581   44   25 2182.46793 2153.27612  1.34%   9.1  846s
 459090 11967 infeasible   55      2182.46793 2155.30204  1.24%   9.1  851s
 461544 10322     cutoff   59      2182.46793 2157.40828  1.15%   9.2  856s
 464031  8664     cutoff   49      2182.46793 2159.76871  1.04%   9.2  861s
 466498  6850     cutoff   50      2182.46793 2162.63978  0.91%   9.2  866s
 469009  4943     cutoff   51      2182.46793 2166.12556  0.75%   9.2  871s
 471496  3794 infeasible   51      2182.46793 2170.17974  0.56%   9.2  879s
 471683  2628     cutoff   46      2182.46793 2170.36818  0.55%   9.2  881s
 474373    12 infeasible   50      2182.46793 2175.10962  0.34%   9.2  886s

Cutting planes:
  Gomory: 9
  MIR: 1
  Zero half: 4
  RLT: 2
  Lazy constraints: 2075

Explored 475748 nodes (4380393 simplex iterations) in 886.11 seconds
Thread count was 12 (of 12 available processors)

Solution count 6: 2182.47 2187.53 2237.08 ... 2559.97

Optimal solution found (tolerance 1.00e-04)
Best objective 2.182467931147e+03, best bound 2.182301012993e+03, gap 0.0076%

User-callback calls 1111984, time in user-callback 35.85 sec
/projects/academic/josewalt/caigao/RRARP_BD/BendersDecomp/ret/model_outs/n_23_m_9_algo_4.out
 =====>>>>> Solution is written to file in <../ret/model_outs> !!!
===>> All Done!
