NPROCS=0
This instance is clustered!
Gurobi Optimizer version 9.0.0 build v9.0.0rc2 (linux64)
Optimize a model with 50 rows, 626 columns and 1250 nonzeros
Model fingerprint: 0x547ff439
Variable types: 1 continuous, 625 integer (625 binary)
Coefficient statistics:
  Matrix range     [1e+00, 1e+00]
  Objective range  [1e+00, 5e+02]
  Bounds range     [1e+00, 1e+00]
  RHS range        [1e+00, 1e+00]
Presolve removed 2 rows and 72 columns
Presolve time: 0.01s
Presolved: 48 rows, 554 columns, 1106 nonzeros
Variable types: 1 continuous, 553 integer (553 binary)

Root relaxation: objective 1.246883e+03, 44 iterations, 0.00 seconds

    Nodes    |    Current Node    |     Objective Bounds      |     Work
 Expl Unexpl |  Obj  Depth IntInf | Incumbent    BestBd   Gap | It/Node Time

     0     0 1327.38210    0   28          - 1327.38210      -     -    0s
 done with super cut 0
 done with super cut 1
 done with super cut 2
 done with super cut 3
H    0     0                    2031.1117960 1327.38210  34.6%     -    0s
     0     0 1351.18657    0   10 2031.11180 1351.18657  33.5%     -    0s
 done with super cut 4
 done with super cut 5
     0     2 1419.16811    0   30 2031.11180 1419.16811  30.1%     -    2s
 done with super cut 6
 done with super cut 7
 done with super cut 8
 done with super cut 9
    36    34 1515.56999    7   36 2031.11180 1465.21667  27.9%   9.6    6s
 done with super cut 10
H 2112  1676                    1981.0872732 1480.53066  25.3%   5.8    8s
H 2113  1592                    1886.4458528 1480.53066  21.5%   5.8    8s
H 2115  1515                    1874.3756690 1480.53066  21.0%   5.8    8s
  6375  3275     cutoff   89      1874.37567 1512.57328  19.3%   6.5   10s
 20274 13408 1824.33404   38   16 1874.37567 1560.84227  16.7%   6.5   15s
 33045 23673 1839.09633   71   14 1874.37567 1570.47228  16.2%   6.4   20s
 42807 31145     cutoff   84      1874.37567 1576.12987  15.9%   6.3   25s
 51699 37855     cutoff   63      1874.37567 1580.33760  15.7%   6.3   30s
 57995 42130 1847.13121   52   12 1874.37567 1582.46889  15.6%   6.4   35s
 65473 48035     cutoff   76      1874.37567 1585.23308  15.4%   6.4   40s
 71166 52287 1642.63401   31   41 1874.37567 1587.14343  15.3%   6.5   45s
 73308 52973 1649.88353   37   10 1874.37567 1587.62607  15.3%   6.5   93s
 73310 52974 1685.12392   57   55 1874.37567 1587.62607  15.3%   6.5   95s
 73317 52979 1797.92618   38   61 1874.37567 1587.62607  15.3%   6.5  100s
 73318 52980 1681.51187   41   62 1874.37567 1587.62607  15.3%   6.5  106s
 73321 52982 1667.03206   54   57 1874.37567 1587.62607  15.3%   6.5  110s
 73330 52997 1587.62607   25   57 1874.37567 1587.62607  15.3%   6.5  115s
 74088 53378 1737.24842   56   35 1874.37567 1587.62607  15.3%   6.5  120s
 75450 54006 1651.55919   93   48 1874.37567 1587.62607  15.3%   6.5  125s
 78037 55106 1587.62607   34   49 1874.37567 1587.62607  15.3%   6.6  130s
 80588 56402     cutoff   83      1874.37567 1587.62607  15.3%   6.6  135s
 83990 58113 1838.62283   95   12 1874.37567 1587.62607  15.3%   6.7  140s
 86923 58776 1715.34371   53   29 1874.37567 1587.62607  15.3%   6.7  146s
 88098 59663 1856.10692   65    8 1874.37567 1587.62607  15.3%   6.7  150s
 92080 61687 1760.06846   78   42 1874.37567 1587.62607  15.3%   6.7  156s
 95026 62918     cutoff  105      1874.37567 1587.62607  15.3%   6.7  161s
 98148 64328     cutoff   94      1874.37567 1587.62607  15.3%   6.7  165s
 100928 66013     cutoff  131      1874.37567 1587.62607  15.3%   6.7  170s
 104640 67915     cutoff   98      1874.37567 1587.62607  15.3%   6.7  175s
 107885 69034     cutoff   92      1874.37567 1587.62607  15.3%   6.7  181s
 109826 70271     cutoff   97      1874.37567 1587.62607  15.3%   6.8  185s
 115218 72838     cutoff  136      1874.37567 1587.62607  15.3%   6.8  191s
 119059 74681 1728.46348   88   41 1874.37567 1588.14993  15.3%   6.8  195s
 123165 76349 1713.24049   75   41 1874.37567 1590.49877  15.1%   6.7  200s
 126168 77697     cutoff  102      1874.37567 1592.22065  15.1%   6.7  205s
 129843 79397     cutoff  149      1874.37567 1593.25737  15.0%   6.7  210s
 133068 80833 1817.86727  109   11 1874.37567 1594.44812  14.9%   6.7  215s
 138267 83058 1864.14576  135   15 1874.37567 1596.27073  14.8%   6.7  221s
 141333 84187 1770.20157  129    6 1874.37567 1597.36918  14.8%   6.7  226s
 143243 85560 1734.29687   67    6 1874.37567 1597.78508  14.8%   6.7  230s
 147016 87166     cutoff  108      1874.37567 1599.11415  14.7%   6.7  236s
 150432 88873     cutoff  127      1874.37567 1600.16868  14.6%   6.7  241s
 152663 89981 1730.15395   50   39 1874.37567 1600.94810  14.6%   6.7  246s
 156410 91276     cutoff   87      1874.37567 1601.89952  14.5%   6.7  251s
 158626 92112     cutoff   94      1874.37567 1602.46596  14.5%   6.7  255s
 162193 94045 1726.31386   91   40 1874.37567 1603.33620  14.5%   6.7  261s
 164324 95111     cutoff  101      1874.37567 1603.88193  14.4%   6.7  265s
 168114 96470 1771.09792  111   25 1874.37567 1604.67013  14.4%   6.7  271s
 170225 97492 1697.89448   75   39 1874.37567 1605.05842  14.4%   6.7  275s
 173566 98443 infeasible   83      1874.37567 1605.90871  14.3%   6.7  281s
 175048 99380 1647.75605   66   37 1874.37567 1606.04719  14.3%   6.7  286s
 177433 100025     cutoff  118      1874.37567 1606.63909  14.3%   6.8  290s
 179441 101208 1620.85390   44   46 1874.37567 1607.10624  14.3%   6.8  295s
 181758 102054 1742.87403   63   22 1874.37567 1607.57353  14.2%   6.8  300s
 184877 102704 1632.63300   44   53 1874.37567 1608.08993  14.2%   6.8  305s
 186379 103668 1848.89592  197   42 1874.37567 1608.39834  14.2%   6.8  310s
 188812 104989 1701.30251   79   32 1874.37567 1608.96097  14.2%   6.8  315s
 191522 105847 1727.14608   43   18 1874.37567 1609.55406  14.1%   6.8  321s
 193357 106927 1728.22375  121   42 1874.37567 1609.82466  14.1%   6.8  326s
 196065 108188 infeasible   84      1874.37567 1610.43132  14.1%   6.8  331s
 198578 109370 infeasible   95      1874.37567 1610.91354  14.1%   6.8  336s
 200919 110250     cutoff  132      1874.37567 1611.34152  14.0%   6.8  342s
 203068 111335 1750.37174   59   42 1874.37567 1611.61774  14.0%   6.8  347s
 205625 112105 1869.53796   74   23 1874.37567 1612.22952  14.0%   6.8  352s
 206490 112761     cutoff   86      1874.37567 1612.44050  14.0%   6.8  355s
 208540 113583     cutoff   77      1874.37567 1612.75087  14.0%   6.9  361s
 210978 114107     cutoff   98      1874.37567 1613.18424  13.9%   6.9  366s
 213065 114970     cutoff  129      1874.37567 1613.52586  13.9%   6.9  371s
 215158 116032 infeasible  119      1874.37567 1613.80042  13.9%   6.9  376s
 217275 116894     cutoff   59      1874.37567 1614.14860  13.9%   6.9  382s
 218522 117274 1622.59006   57   39 1874.37567 1614.21666  13.9%   6.9  386s
 221078 118573     cutoff   85      1874.37567 1614.56400  13.9%   6.9  392s
 223592 119709 1767.32023   51   22 1874.37567 1615.01845  13.8%   6.9  397s
 224939 119987     cutoff   87      1874.37567 1615.26412  13.8%   6.9  400s
 227105 120950 1670.72419   54   28 1874.37567 1615.62156  13.8%   6.9  405s
 229279 121749 1818.10959   77   26 1874.37567 1616.07753  13.8%   6.9  410s
 231719 122827 1642.85908   34   45 1874.37567 1616.53779  13.8%   6.9  416s
 234058 124500 infeasible   53      1874.37567 1616.99369  13.7%   6.9  421s
 236501 125434     cutoff  130      1874.37567 1617.33157  13.7%   6.9  429s
 236585 126180 1711.42170   37   34 1874.37567 1617.39822  13.7%   6.9  432s
 237624 127216 1684.63613   92   37 1874.37567 1617.53792  13.7%   6.9  435s
 240151 129188     cutoff   79      1874.37567 1617.86140  13.7%   6.9  440s
 241539 129824 1851.72428  110   26 1874.37567 1618.00824  13.7%   6.9  445s
 242948 130959     cutoff   80      1874.37567 1618.27614  13.7%   6.9  450s
 245132 132517 1673.60923   69   50 1874.37567 1618.60030  13.6%   6.9  457s
 246337 133579     cutoff   90      1874.37567 1618.78407  13.6%   6.9  460s
 248879 135551 1669.79626   44   41 1874.37567 1619.04893  13.6%   6.9  467s
 250207 136312 1686.93207   65   43 1874.37567 1619.21981  13.6%   6.9  470s
 251963 137866 1812.95610   79   26 1874.37567 1619.46171  13.6%   6.9  477s
 253371 138876     cutoff   85      1874.37567 1619.63958  13.6%   6.9  480s
 256051 140809 infeasible   99      1874.37567 1619.90877  13.6%   6.9  485s
 258530 142698 infeasible   85      1874.37567 1620.26227  13.6%   6.9  491s
 260915 144219 1750.43823   49   37 1874.37567 1620.60442  13.5%   6.9  496s
 263131 145826 infeasible   95      1874.37567 1620.99626  13.5%   7.0  502s
 264246 146872     cutoff  103      1874.37567 1621.04389  13.5%   7.0  505s
 266369 148374 1723.16576   43   14 1874.37567 1621.46806  13.5%   7.0  511s
 268796 150328 1836.59615  102   11 1874.37567 1621.69157  13.5%   7.0  517s
 270139 151100 1838.53977   88   26 1874.37567 1621.88877  13.5%   7.0  520s
 272447 152770 1859.72175   75    6 1874.37567 1622.29013  13.4%   7.0  525s
 274778 154408 1858.77623   48   17 1874.37567 1622.68610  13.4%   7.0  531s
 277014 156037     cutoff  130      1874.37567 1622.91114  13.4%   7.0  538s
 278011 156919 1861.60385  101   12 1874.37567 1622.96371  13.4%   7.0  541s
 280498 158574 1794.17810   60   36 1874.37567 1623.26968  13.4%   7.0  547s
 281334 159577     cutoff   79      1874.37567 1623.40411  13.4%   7.0  550s
 283856 161008     cutoff   69      1874.37567 1623.72900  13.4%   7.0  557s
 284598 161313 1861.60575   80   30 1874.37567 1623.81317  13.4%   7.0  560s
 286224 162939 1801.66452  121    - 1874.37567 1623.99659  13.4%   7.0  568s
 287414 163772 infeasible   56      1874.37567 1624.16410  13.3%   7.0  571s
 290160 165656 1838.95542  105   35 1874.37567 1624.48232  13.3%   7.0  577s
 291300 166591 1708.09158   69   48 1874.37567 1624.61266  13.3%   7.0  580s
 293675 167904 infeasible   72      1874.37567 1624.88195  13.3%   7.0  587s
 294493 168980     cutoff   90      1874.37567 1624.96635  13.3%   7.0  590s
 296777 170229     cutoff   98      1874.37567 1625.30339  13.3%   7.1  598s
 297863 171122     cutoff   94      1874.37567 1625.42115  13.3%   7.1  602s
 298978 171922     cutoff   74      1874.37567 1625.54803  13.3%   7.1  605s
 301184 173661 1654.58192   46   45 1874.37567 1625.77181  13.3%   7.1  612s
 302569 174415     cutoff   88      1874.37567 1625.89606  13.3%   7.1  616s
 303654 175286     cutoff   96      1874.37567 1625.97457  13.3%   7.1  620s
 305892 176549     cutoff   96      1874.37567 1626.33490  13.2%   7.1  628s
 306889 176900     cutoff   97      1874.37567 1626.49460  13.2%   7.1  632s
 307343 177818 1820.70565   87   26 1874.37567 1626.58189  13.2%   7.1  636s
 309827 179808 1770.78664   59   16 1874.37567 1626.80274  13.2%   7.1  643s
 311173 180657     cutoff   79      1874.37567 1626.90695  13.2%   7.1  647s
 312395 181489     cutoff   79      1874.37567 1627.09706  13.2%   7.1  651s
 313661 182487     cutoff  100      1874.37567 1627.19077  13.2%   7.1  655s
 315919 184419 infeasible   76      1874.37567 1627.45107  13.2%   7.1  664s
 317365 185439     cutoff   95      1874.37567 1627.61186  13.2%   7.1  668s
 318705 186431     cutoff   89      1874.37567 1627.70951  13.2%   7.1  672s
 320046 187177     cutoff  120      1874.37567 1627.93155  13.1%   7.1  676s
 321092 187988     cutoff   79      1874.37567 1627.94100  13.1%   7.1  681s
 322323 188711     cutoff  109      1874.37567 1628.09413  13.1%   7.1  685s
 323319 189332     cutoff  115      1874.37567 1628.20776  13.1%   7.1  690s
 324280 190314     cutoff   85      1874.37567 1628.26960  13.1%   7.1  695s
 326943 192263 infeasible   94      1874.37567 1628.63708  13.1%   7.1  704s
 328116 193121     cutoff   89      1874.37567 1628.76727  13.1%   7.1  708s
 329291 193670 1650.33335   52   41 1874.37567 1628.86748  13.1%   7.1  713s
 330403 194421 1843.66030   86    6 1874.37567 1628.98199  13.1%   7.1  716s
 331747 195424     cutoff   91      1874.37567 1628.98199  13.1%   7.1  721s
 332983 196078 1831.27574  116   34 1874.37567 1629.08127  13.1%   7.1  725s
 333995 196743 1780.51943   51    - 1874.37567 1629.21315  13.1%   7.2  730s
 335801 198462     cutoff   84      1874.37567 1629.44047  13.1%   7.2  739s
 337278 199368     cutoff   79      1874.37567 1629.54714  13.1%   7.2  743s
 338651 200124 1824.21367   68   41 1874.37567 1629.69069  13.1%   7.2  748s
 339726 201035 1746.90677   76   23 1874.37567 1629.80740  13.0%   7.2  752s
 340985 201951     cutoff   98      1874.37567 1629.96265  13.0%   7.2  756s
 342186 203042 1850.89027  113   44 1874.37567 1630.11466  13.0%   7.2  760s
 344853 204891 1820.38016   96   40 1874.37567 1630.37432  13.0%   7.2  768s
 346068 205557 1852.70768  107   33 1874.37567 1630.45405  13.0%   7.2  775s
 348428 207290     cutoff   90      1874.37567 1630.77385  13.0%   7.2  784s
 349591 208301     cutoff  113      1874.37567 1630.87787  13.0%   7.2  788s
 350836 209117     cutoff  115      1874.37567 1630.96075  13.0%   7.2  793s
 351940 210033     cutoff   87      1874.37567 1631.05386  13.0%   7.2  797s
 353169 211074     cutoff   99      1874.37567 1631.17203  13.0%   7.2  801s
 355773 212836     cutoff  123      1874.37567 1631.43274  13.0%   7.2  808s
 356967 213680 1681.59644   63   42 1874.37567 1631.54046  13.0%   7.2  813s
 358121 214232 1795.96957   71   38 1874.37567 1631.59814  13.0%   7.2  817s
 358952 215012 1873.55981   96    - 1874.37567 1631.67512  12.9%   7.2  822s
 360092 216057     cutoff   96      1874.37567 1631.78318  12.9%   7.2  826s
 361463 216898     cutoff  103      1874.37567 1631.90340  12.9%   7.2  831s
 362637 217522     cutoff  118      1874.37567 1631.98142  12.9%   7.2  835s
 363478 218101     cutoff   64      1874.37567 1632.10253  12.9%   7.2  842s
 364533 219064     cutoff   78      1874.37567 1632.16010  12.9%   7.2  846s
 365830 219820 1834.36629   88   18 1874.37567 1632.36021  12.9%   7.2  850s
H366285 219832                    1874.3756400 1632.37604  12.9%   7.2  850s
 366868 220684     cutoff   83      1874.37564 1632.42600  12.9%   7.2  855s
 368105 221608 1715.44671   69   43 1874.37564 1632.46200  12.9%   7.2  860s
 370769 223664 1841.79946   86   34 1874.37564 1632.70543  12.9%   7.2  869s
 372081 224577 1661.95641   44   37 1874.37564 1632.81930  12.9%   7.2  873s
H372684 224588                    1874.3756320 1632.85558  12.9%   7.2  874s
 373271 225565     cutoff   86      1874.37563 1632.90396  12.9%   7.2  878s
 374538 226274     cutoff   99      1874.37563 1632.96779  12.9%   7.2  883s
 375717 227156 infeasible   75      1874.37563 1633.09158  12.9%   7.2  889s
 376926 228220 infeasible   71      1874.37563 1633.19168  12.9%   7.2  894s
 378310 228784 1772.61432   84   39 1874.37563 1633.27710  12.9%   7.2  898s
 379169 229633 1775.52408   57   23 1874.37563 1633.36418  12.9%   7.2  903s
 380437 230065     cutoff  103      1874.37563 1633.49351  12.9%   7.2  907s
 381350 230863     cutoff   46      1874.37563 1633.59700  12.8%   7.2  913s
 382494 231933     cutoff  156      1874.37563 1633.65299  12.8%   7.2  917s
 383939 232794 1865.73195   68   12 1874.37563 1633.76331  12.8%   7.2  921s
 385222 233633     cutoff   92      1874.37563 1633.85553  12.8%   7.2  926s
 386383 234150     cutoff   94      1874.37563 1633.97829  12.8%   7.2  930s
 387354 235114 1818.23057   45   40 1874.37563 1634.05688  12.8%   7.2  935s
 388688 235975     cutoff   80      1874.37563 1634.19458  12.8%   7.2  940s
 389848 236793     cutoff  108      1874.37563 1634.28593  12.8%   7.2  946s
 391096 237719     cutoff   76      1874.37563 1634.39834  12.8%   7.2  951s
 392266 238536 infeasible  109      1874.37563 1634.45248  12.8%   7.2  957s
 393343 239515 infeasible   73      1874.37563 1634.55594  12.8%   7.2  962s
 394735 240334 1798.04509   68   33 1874.37563 1634.66114  12.8%   7.2  968s
 395868 241184     cutoff   98      1874.37563 1634.73491  12.8%   7.2  975s
 397190 241820     cutoff  105      1874.37563 1634.86065  12.8%   7.2  982s
 398109 242740     cutoff   62      1874.37563 1634.94620  12.8%   7.2  989s
 399352 243439 1796.52634   71   39 1874.37563 1634.98240  12.8%   7.2  995s
 400337 244256     cutoff  126      1874.37563 1635.09572  12.8%   7.2 1002s
 401494 245168     cutoff   58      1874.37563 1635.14668  12.8%   7.2 1007s
 402808 246194     cutoff   84      1874.37563 1635.29674  12.8%   7.2 1012s
 404111 246939 infeasible   74      1874.37563 1635.39143  12.8%   7.2 1016s
 405134 247938     cutoff   89      1874.37563 1635.42999  12.7%   7.2 1021s
 406439 248889     cutoff   77      1874.37563 1635.55856  12.7%   7.2 1025s
 407780 249452 infeasible   90      1874.37563 1635.64293  12.7%   7.3 1030s
 408692 250323 1715.43710   83   28 1874.37563 1635.72951  12.7%   7.3 1035s
 409960 250385     cutoff  111      1874.37563 1635.77104  12.7%   7.3 1050s
 410023 251278 1705.08595   53   24 1874.37563 1635.82043  12.7%   7.3 1056s
 411179 252087     cutoff   76      1874.37563 1635.87605  12.7%   7.3 1061s
 412224 253194 1791.05776   73   26 1874.37563 1635.96264  12.7%   7.3 1065s
 413692 253996     cutoff  120      1874.37563 1636.04716  12.7%   7.3 1071s
 414804 254487 1776.55336   70   35 1874.37563 1636.13125  12.7%   7.3 1076s
 415702 255047     cutoff   78      1874.37563 1636.15465  12.7%   7.3 1082s
 416750 255528 1848.26029   53   32 1874.37563 1636.21454  12.7%   7.3 1089s
 417574 256468 1848.78706   60   24 1874.37563 1636.27816  12.7%   7.3 1095s
 418943 257503 1763.85295   85   35 1874.37563 1636.40584  12.7%   7.3 1100s
 420446 258499 1840.31130   91   33 1874.37563 1636.51513  12.7%   7.3 1107s
 421828 259030 infeasible  102      1874.37563 1636.66669  12.7%   7.3 1113s
 422607 260052     cutoff   56      1874.37563 1636.71854  12.7%   7.3 1119s
 424006 261201 1801.25665   48   31 1874.37563 1636.79470  12.7%   7.3 1126s
 425529 261989 1781.21309   72   42 1874.37563 1636.88544  12.7%   7.3 1134s
 426615 262890     cutoff   65      1874.37563 1636.94957  12.7%   7.3 1140s
 427806 263903     cutoff  100      1874.37563 1637.07909  12.7%   7.3 1146s
 429173 264767 1651.40791   48   50 1874.37563 1637.18104  12.7%   7.3 1153s
 430442 265560     cutoff  133      1874.37563 1637.24487  12.7%   7.3 1160s
 431643 266218 1711.62432   77   42 1874.37563 1637.38185  12.6%   7.3 1167s
 432574 267348 infeasible   85      1874.37563 1637.46443  12.6%   7.3 1173s
 434070 268415 1767.57338   71   27 1874.37563 1637.58238  12.6%   7.3 1179s
 435440 269051     cutoff   98      1874.37563 1637.69328  12.6%   7.3 1185s
 436464 269566     cutoff  111      1874.37563 1637.75727  12.6%   7.3 1191s
 437403 270146 1785.93960   60   31 1874.37563 1637.79405  12.6%   7.3 1197s
 438420 271074     cutoff   82      1874.37563 1637.88004  12.6%   7.3 1202s
 439617 271748     cutoff   94      1874.37563 1637.98518  12.6%   7.3 1209s
 440557 272569 1749.67061  104   45 1874.37563 1638.04178  12.6%   7.3 1215s
 441804 273666     cutoff   79      1874.37563 1638.14065  12.6%   7.3 1221s
 443289 274537     cutoff   84      1874.37563 1638.26106  12.6%   7.3 1226s
 444488 275252 1829.75531   52   23 1874.37563 1638.34012  12.6%   7.3 1232s
 445633 275829 1837.90262   83   25 1874.37563 1638.41551  12.6%   7.3 1238s
 446605 276764 1767.70817   66   42 1874.37563 1638.44972  12.6%   7.3 1244s
 447939 277709     cutoff   79      1874.37563 1638.58128  12.6%   7.3 1249s
 449251 278708 1721.31184   92   32 1874.37563 1638.71304  12.6%   7.3 1254s
 450620 279163     cutoff  109      1874.37563 1638.76366  12.6%   7.3 1260s
 451529 279989 infeasible   83      1874.37563 1638.85148  12.6%   7.4 1267s
 452715 280584     cutoff  100      1874.37563 1638.93483  12.6%   7.4 1274s
 453651 281593 1717.27834   71   40 1874.37563 1638.98265  12.6%   7.4 1279s
 455025 282621     cutoff   92      1874.37563 1639.08892  12.6%   7.4 1284s
 456462 283352     cutoff   70      1874.37563 1639.19354  12.5%   7.4 1289s
 457561 283851 infeasible   65      1874.37563 1639.31024  12.5%   7.4 1295s
 458452 284836     cutoff  102      1874.37563 1639.39770  12.5%   7.4 1301s
 459745 285974     cutoff   96      1874.37563 1639.46566  12.5%   7.4 1307s
 461260 286971     cutoff   94      1874.37563 1639.58046  12.5%   7.4 1313s
 462639 287718     cutoff   70      1874.37563 1639.72429  12.5%   7.4 1319s
 463709 288668     cutoff   78      1874.37563 1639.78683  12.5%   7.4 1326s
 465057 289772     cutoff  101      1874.37563 1639.89536  12.5%   7.4 1332s
 466518 290502     cutoff   85      1874.37563 1639.99107  12.5%   7.4 1337s
 467683 291280 1768.82502   90   46 1874.37563 1640.06977  12.5%   7.4 1343s
 468805 292411 1699.33487   42   24 1874.37563 1640.11803  12.5%   7.4 1348s
 470343 293353 1871.92118  118   16 1874.37563 1640.24463  12.5%   7.4 1354s
 471682 294272 1704.47453   56   30 1874.37563 1640.34286  12.5%   7.4 1361s
 472981 295140     cutoff  108      1874.37563 1640.40979  12.5%   7.4 1367s
 474142 295903 1701.56348   48   21 1874.37563 1640.50974  12.5%   7.4 1372s
 475177 296772     cutoff   69      1874.37563 1640.56958  12.5%   7.4 1379s
 476460 297660     cutoff   77      1874.37563 1640.66442  12.5%   7.4 1384s
 477737 298400     cutoff   89      1874.37563 1640.76628  12.5%   7.4 1389s
 478865 299189 1800.85403   85   45 1874.37563 1640.86330  12.5%   7.4 1394s
 480140 299982 infeasible   54      1874.37563 1640.97553  12.5%   7.4 1401s
 481192 300669 1832.08162  121   50 1874.37563 1641.03099  12.4%   7.4 1406s
 482303 301586     cutoff  103      1874.37563 1641.13197  12.4%   7.4 1413s
 483653 302430     cutoff   79      1874.37563 1641.23727  12.4%   7.4 1419s
 484958 303365 1862.70063   52    - 1874.37563 1641.31773  12.4%   7.4 1425s
 486211 304263 infeasible   83      1874.37563 1641.40103  12.4%   7.4 1431s
 487436 305021     cutoff   81      1874.37563 1641.50667  12.4%   7.4 1438s
 488575 305875 1857.64559   65   23 1874.37563 1641.58563  12.4%   7.4 1444s
 489794 306587     cutoff   61      1874.37563 1641.71236  12.4%   7.4 1452s
 490862 307363 1769.81853   80   40 1874.37563 1641.73417  12.4%   7.4 1458s
 491947 308087     cutoff  110      1874.37563 1641.80028  12.4%   7.4 1464s
 493070 308689     cutoff   64      1874.37563 1641.90139  12.4%   7.4 1471s
 494260 309490     cutoff   61      1874.37563 1642.04737  12.4%   7.4 1480s
 495334 310349 infeasible   67      1874.37563 1642.11084  12.4%   7.4 1489s
 496583 311243 infeasible  110      1874.37563 1642.17537  12.4%   7.4 1497s
 498003 312291     cutoff   80      1874.37563 1642.27451  12.4%   7.4 1506s
 499322 313314     cutoff  113      1874.37563 1642.34733  12.4%   7.4 1514s
 500767 313887     cutoff  113      1874.37563 1642.42207  12.4%   7.4 1523s
 501636 314646     cutoff  112      1874.37563 1642.49713  12.4%   7.4 1531s
 502756 315642 infeasible   64      1874.37563 1642.56971  12.4%   7.4 1539s
 504104 316493 infeasible   78      1874.37563 1642.67337  12.4%   7.4 1548s
 505313 317180     cutoff   62      1874.37563 1642.73918  12.4%   7.4 1556s
 506221 317933 1865.17475   77    - 1874.37563 1642.78820  12.4%   7.4 1564s
 507475 318453     cutoff   98      1874.37563 1642.84668  12.4%   7.4 1573s
 508414 319548 1863.36056   55   17 1874.37563 1642.91834  12.3%   7.4 1580s
 509962 320354 1846.18926   82   36 1874.37563 1642.98121  12.3%   7.4 1586s
 511269 321488     cutoff   71      1874.37563 1643.10167  12.3%   7.4 1592s
 512752 322455 1758.16576   71   55 1874.37563 1643.17336  12.3%   7.4 1597s
 514160 323267     cutoff   84      1874.37563 1643.25168  12.3%   7.4 1603s
 515308 323858 1772.51444   86   49 1874.37563 1643.32971  12.3%   7.4 1610s
 516211 324454 1813.47974   62   29 1874.37563 1643.39181  12.3%   7.5 1616s
 517289 325374     cutoff   69      1874.37563 1643.49302  12.3%   7.5 1623s
 518574 326131 1691.37217   62   38 1874.37563 1643.60250  12.3%   7.5 1629s
 519769 327143 1841.27066   58   16 1874.37563 1643.69665  12.3%   7.5 1635s
 521103 328086     cutoff   56      1874.37563 1643.77748  12.3%   7.5 1641s
 522488 328702     cutoff   57      1874.37563 1643.87234  12.3%   7.5 1648s
 523465 329641 infeasible   85      1874.37563 1643.90569  12.3%   7.5 1654s
 524795 330376     cutoff   75      1874.37563 1643.99756  12.3%   7.5 1662s
 525911 331486 1717.47101   72   43 1874.37563 1644.05760  12.3%   7.5 1669s
 527411 332332     cutoff   84      1874.37563 1644.13756  12.3%   7.5 1677s
 528601 333381     cutoff  107      1874.37563 1644.19483  12.3%   7.5 1682s
 529937 334057     cutoff   64      1874.37563 1644.27544  12.3%   7.5 1689s
 530866 334829 1831.33725   99   21 1874.37563 1644.32455  12.3%   7.5 1695s
 532141 335448     cutoff  114      1874.37563 1644.38563  12.3%   7.5 1703s
 533134 336312     cutoff   84      1874.37563 1644.41922  12.3%   7.5 1710s
 534459 337050     cutoff   63      1874.37563 1644.48510  12.3%   7.5 1717s
 535557 337947 1827.13620   66   20 1874.37563 1644.58714  12.3%   7.5 1724s
 536877 338437 1793.90031   82   30 1874.37563 1644.68729  12.3%   7.5 1733s
 537800 339252     cutoff   65      1874.37563 1644.72321  12.3%   7.5 1739s
 539081 340276     cutoff   82      1874.37563 1644.80165  12.2%   7.5 1745s
 540484 341269     cutoff   68      1874.37563 1644.89844  12.2%   7.5 1752s
 541830 342198     cutoff   58      1874.37563 1644.96161  12.2%   7.5 1760s
 543155 343108     cutoff   72      1874.37563 1645.04227  12.2%   7.5 1766s
 544490 343762 1763.97935   61   33 1874.37563 1645.12344  12.2%   7.5 1773s
 545588 344653     cutoff   64      1874.37563 1645.17622  12.2%   7.5 1780s
 546941 345235     cutoff   62      1874.37563 1645.24641  12.2%   7.5 1788s
 547899 346180     cutoff  103      1874.37563 1645.28403  12.2%   7.5 1795s
 549254 346938     cutoff   90      1874.37563 1645.38238  12.2%   7.5 1803s
 550508 347683 1766.40961   73   36 1874.37563 1645.45867  12.2%   7.5 1810s
 551545 348480     cutoff   90      1874.37563 1645.54389  12.2%   7.5 1817s
 552722 349515     cutoff   74      1874.37563 1645.59346  12.2%   7.5 1823s
 554234 350400     cutoff   72      1874.37563 1645.68174  12.2%   7.5 1830s
 555563 351349 infeasible   68      1874.37563 1645.78267  12.2%   7.5 1837s
 556835 352049 infeasible  120      1874.37563 1645.82679  12.2%   7.5 1845s
 557791 352944     cutoff   94      1874.37563 1645.85333  12.2%   7.5 1852s
 559096 353901     cutoff   78      1874.37563 1645.97796  12.2%   7.5 1859s
 560426 354638 1793.65457   68   32 1874.37563 1646.05453  12.2%   7.5 1867s
 561669 355383     cutoff   91      1874.37563 1646.13563  12.2%   7.5 1873s
 562863 356345     cutoff   69      1874.37563 1646.20731  12.2%   7.5 1881s
 564216 357265     cutoff   83      1874.37563 1646.29071  12.2%   7.5 1888s
 565498 358008 1803.22877   58   13 1874.37563 1646.33629  12.2%   7.5 1895s
 566552 358766     cutoff   60      1874.37563 1646.40104  12.2%   7.5 1903s
 567735 359797 1717.41380   87   41 1874.37563 1646.48583  12.2%   7.5 1910s
 569146 360908     cutoff  141      1874.37563 1646.52954  12.2%   7.5 1916s
 570641 361775     cutoff   91      1874.37563 1646.60193  12.2%   7.5 1923s
 571867 362592 1657.34334   44   38 1874.37563 1646.66276  12.1%   7.5 1930s
 573215 363291 1821.66512   46    6 1874.37563 1646.74053  12.1%   7.5 1940s
 574278 364230 1862.22926   52   12 1874.37563 1646.81834  12.1%   7.5 1948s
 575707 365150     cutoff   73      1874.37563 1646.89468  12.1%   7.5 1955s
 576925 365828 1861.25957   90    6 1874.37563 1646.97852  12.1%   7.5 1963s
 577841 366781 infeasible   97      1874.37563 1647.00852  12.1%   7.6 1970s
 579223 367823 1756.74469   52   21 1874.37563 1647.08353  12.1%   7.6 1976s
 580685 368787     cutoff   92      1874.37563 1647.17828  12.1%   7.6 1984s
 582033 369524     cutoff  110      1874.37563 1647.25707  12.1%   7.6 1992s
 583280 370257     cutoff   58      1874.37563 1647.31295  12.1%   7.6 1999s
 584220 370969     cutoff   84      1874.37563 1647.38793  12.1%   7.6 2007s
 585299 372009 1771.75003   63   22 1874.37563 1647.42796  12.1%   7.6 2014s
 586780 372835 1782.62911  130   41 1874.37563 1647.52754  12.1%   7.6 2024s
 587982 373768     cutoff  151      1874.37563 1647.59666  12.1%   7.6 2031s
 589262 374656 infeasible   85      1874.37563 1647.65162  12.1%   7.6 2039s
 590583 375353     cutoff   70      1874.37563 1647.71182  12.1%   7.6 2046s
 591499 376336 1825.53629   71   25 1874.37563 1647.79190  12.1%   7.6 2055s
 592885 377340     cutoff  152      1874.37563 1647.84401  12.1%   7.6 2062s
 594232 378313 1719.33960   70   30 1874.37563 1647.95353  12.1%   7.6 2070s
 595630 379087 infeasible   96      1874.37563 1648.00883  12.1%   7.6 2077s
 596842 379927     cutoff  102      1874.37563 1648.04858  12.1%   7.6 2083s
 598080 380752     cutoff  100      1874.37563 1648.10800  12.1%   7.6 2090s
 599241 381727 infeasible   60      1874.37563 1648.18142  12.1%   7.6 2098s
 600562 382662 1853.68036   57   35 1874.37563 1648.26715  12.1%   7.6 2104s
 601910 383597 1664.76463   64   51 1874.37563 1648.34127  12.1%   7.6 2111s
 603265 384569     cutoff   56      1874.37563 1648.40644  12.1%   7.6 2118s
 604605 385492 1736.43805   84   29 1874.37563 1648.48120  12.1%   7.6 2126s
 605749 386480     cutoff   98      1874.37563 1648.54345  12.0%   7.6 2133s
 607090 387522 1788.73574   66   34 1874.37563 1648.59456  12.0%   7.6 2139s
 608444 388264 1740.94984   53   49 1874.37563 1648.67157  12.0%   7.6 2146s
 609577 389038 1702.53372   59   32 1874.37563 1648.75616  12.0%   7.6 2154s
 610797 389911 1866.30190   54    8 1874.37563 1648.80298  12.0%   7.6 2162s
 612079 390253     cutoff   78      1874.37563 1648.85757  12.0%   7.6 2169s
 612658 390861     cutoff   70      1874.37563 1648.88537  12.0%   7.6 2179s
 613759 391524     cutoff   86      1874.37563 1648.95678  12.0%   7.6 2187s
 614773 392259     cutoff   59      1874.37563 1648.98121  12.0%   7.6 2197s
 616000 393033     cutoff   64      1874.37563 1649.05713  12.0%   7.6 2205s
 617306 393661     cutoff  140      1874.37563 1649.13670  12.0%   7.6 2216s
 618323 393782 1769.66244   77   31 1874.37563 1649.17172  12.0%   7.6 2230s
 618516 394612 1860.09398   90   10 1874.37563 1649.20292  12.0%   7.6 2239s
 619691 395536 infeasible   91      1874.37563 1649.27113  12.0%   7.6 2247s
 621110 396211     cutoff   88      1874.37563 1649.35351  12.0%   7.6 2258s
 622020 397368 1690.58488   69   54 1874.37563 1649.39834  12.0%   7.6 2267s
 623554 398497 1757.93623   78   33 1874.37563 1649.49160  12.0%   7.6 2277s
 625018 399525     cutoff  112      1874.37563 1649.55238  12.0%   7.6 2286s
 626571 400643 1753.35324   54    8 1874.37563 1649.64499  12.0%   7.6 2294s
 628100 401398     cutoff   95      1874.37563 1649.71254  12.0%   7.6 2303s
 629314 402330 1867.44111   66    - 1874.37563 1649.76506  12.0%   7.6 2313s
 630634 403236     cutoff  138      1874.37563 1649.83713  12.0%   7.6 2320s
 631944 404105 1717.05155   88   52 1874.37563 1649.90682  12.0%   7.6 2330s
 633220 404761     cutoff   78      1874.37563 1649.94824  12.0%   7.6 2340s
 634156 405603     cutoff   63      1874.37563 1650.01722  12.0%   7.6 2349s
 635429 406393 1706.87852   55   40 1874.37563 1650.05161  12.0%   7.6 2358s
 636660 406989     cutoff   80      1874.37563 1650.14335  12.0%   7.6 2366s
 637757 407798 1792.94241   72   28 1874.37563 1650.19149  12.0%   7.6 2376s
 638965 408752     cutoff   84      1874.37563 1650.28787  12.0%   7.6 2385s
 640341 409508 1866.62978   76   20 1874.37563 1650.34805  12.0%   7.6 2394s
 641398 410102 1856.05047   59   20 1874.37563 1650.37597  12.0%   7.6 2405s
 642588 410843     cutoff  110      1874.37563 1650.42080  11.9%   7.6 2414s
 642689 410843     cutoff   58      1874.37563 1650.43086  11.9%   7.6 2415s
 643726 411454 1767.93646   59   44 1874.37563 1650.48630  11.9%   7.6 2423s
 644650 412486 1826.54826   98   34 1874.37563 1650.54599  11.9%   7.6 2432s
 646063 413403 1840.31898   98   24 1874.37563 1650.62250  11.9%   7.6 2442s
 647440 414476     cutoff  107      1874.37563 1650.66942  11.9%   7.6 2450s
 648987 415298 1712.31796   46   24 1874.37563 1650.75408  11.9%   7.6 2459s
 650062 416241     cutoff   85      1874.37563 1650.79814  11.9%   7.7 2468s
 651443 417057     cutoff   90      1874.37563 1650.88414  11.9%   7.7 2477s
 652733 417918 1831.25559   82   39 1874.37563 1650.94975  11.9%   7.7 2487s
 654006 418633     cutoff   82      1874.37563 1651.04345  11.9%   7.7 2496s
 655147 419500 1839.07167   75   18 1874.37563 1651.09409  11.9%   7.7 2505s
 656534 420540     cutoff   81      1874.37563 1651.18817  11.9%   7.7 2512s
 657915 421589 1819.94069   72   31 1874.37563 1651.25118  11.9%   7.7 2520s
 659360 422251 1860.19018   79   37 1874.37563 1651.33287  11.9%   7.7 2527s
 660514 422866     cutoff   81      1874.37563 1651.37458  11.9%   7.7 2535s
 661649 423482 1695.01518   52   43 1874.37563 1651.43191  11.9%   7.7 2544s
 662678 424545     cutoff   80      1874.37563 1651.48819  11.9%   7.7 2552s
 664142 425233 1827.41755   81   24 1874.37563 1651.54841  11.9%   7.7 2560s
 665208 425850     cutoff   89      1874.37563 1651.61051  11.9%   7.7 2566s
 666004 426776 1801.66474   93   30 1874.37563 1651.63026  11.9%   7.7 2575s
 667395 427379 infeasible  119      1874.37563 1651.73457  11.9%   7.7 2586s
 668499 428128     cutoff   70      1874.37563 1651.77557  11.9%   7.7 2595s
 669787 429135     cutoff   83      1874.37563 1651.80054  11.9%   7.7 2603s
 671288 430072     cutoff   73      1874.37563 1651.87616  11.9%   7.7 2611s
 672635 431150 1835.64531  118   46 1874.37563 1651.92919  11.9%   7.7 2620s
 674169 431808 1742.16331   82   37 1874.37563 1651.99726  11.9%   7.7 2628s
 675371 432780 1699.22044   64   36 1874.37563 1652.10027  11.9%   7.7 2637s
 676833 433537     cutoff   69      1874.37563 1652.15721  11.9%   7.7 2646s
 678007 434030     cutoff   94      1874.37563 1652.22147  11.9%   7.7 2657s
 678874 434809     cutoff   82      1874.37563 1652.27108  11.8%   7.7 2667s
 680037 435836     cutoff   99      1874.37563 1652.33878  11.8%   7.7 2677s
 681540 436806 infeasible   92      1874.37563 1652.41825  11.8%   7.7 2686s
 682953 437744     cutoff   80      1874.37563 1652.47582  11.8%   7.7 2695s
 684336 438661 1816.59245   80   20 1874.37563 1652.56373  11.8%   7.7 2703s
 685589 439646     cutoff   52      1874.37563 1652.62961  11.8%   7.7 2710s
 687075 440358     cutoff  110      1874.37563 1652.69845  11.8%   7.7 2718s
 688291 440986 1859.99679  130   26 1874.37563 1652.76934  11.8%   7.7 2730s
 689205 441525 1780.64645   67   36 1874.37563 1652.81313  11.8%   7.7 2738s
 690240 442177 1863.04818   45   28 1874.37563 1652.87009  11.8%   7.7 2747s
 691261 442840 1837.69267   83   29 1874.37563 1652.92458  11.8%   7.7 2758s
 692255 443793     cutoff   90      1874.37563 1652.96822  11.8%   7.7 2769s
 693245 443826 1691.38664   48   33 1874.37563 1652.99120  11.8%   7.7 2770s
 693753 444648     cutoff   95      1874.37563 1653.01315  11.8%   7.7 2785s
 695222 445785 1703.84826   41   53 1874.37563 1653.05010  11.8%   7.7 2797s
 696801 446624     cutoff   73      1874.37563 1653.08293  11.8%   7.7 2810s
 698109 447686     cutoff   75      1874.37563 1653.16774  11.8%   7.7 2821s
 699591 448682     cutoff  117      1874.37563 1653.23606  11.8%   7.7 2831s
 701050 449407     cutoff   81      1874.37563 1653.27812  11.8%   7.7 2840s
 702118 450264 1796.41219   87   22 1874.37563 1653.36829  11.8%   7.7 2853s
 703422 451211     cutoff   91      1874.37563 1653.42467  11.8%   7.7 2863s
 704813 452214 1799.76672   54   24 1874.37563 1653.45673  11.8%   7.7 2871s
 706258 453098     cutoff   70      1874.37563 1653.53691  11.8%   7.7 2879s
 706551 453112 1805.64157   43   33 1874.37563 1653.54996  11.8%   7.7 2880s
 707457 453802     cutoff   89      1874.37563 1653.59664  11.8%   7.7 2889s
 708467 454671 1867.93885  105   14 1874.37563 1653.63856  11.8%   7.7 2898s
 709871 455602     cutoff   56      1874.37563 1653.72349  11.8%   7.7 2907s
 711217 456468 1852.85917  108   43 1874.37563 1653.77665  11.8%   7.7 2915s
 712581 457442     cutoff   77      1874.37563 1653.84754  11.8%   7.7 2926s
 713885 458405 1817.38799  131   46 1874.37563 1653.91618  11.8%   7.7 2935s
 715313 459421     cutoff  153      1874.37563 1653.97994  11.8%   7.7 2946s
 716678 460296 1727.19781   69   38 1874.37563 1654.05771  11.8%   7.7 2956s
 717961 461214 1752.09099   68   26 1874.37563 1654.12660  11.8%   7.7 2965s
 719303 461941     cutoff   89      1874.37563 1654.19121  11.7%   7.7 2976s
 720320 462799 1754.42738   66   45 1874.37563 1654.23736  11.7%   7.7 2986s
 721573 463764 1810.37530   72   38 1874.37563 1654.29350  11.7%   7.7 2996s
 722943 464652     cutoff   94      1874.37563 1654.37561  11.7%   7.7 3006s
 724215 465563     cutoff   72      1874.37563 1654.42783  11.7%   7.7 3015s
 725484 466555 1731.21020   59   28 1874.37563 1654.47707  11.7%   7.7 3022s
 726897 467321     cutoff  118      1874.37563 1654.54900  11.7%   7.7 3031s
 727952 468005 1867.82571   69   19 1874.37563 1654.61041  11.7%   7.7 3040s
 729175 468684     cutoff  135      1874.37563 1654.66677  11.7%   7.7 3050s
 730183 469723     cutoff   81      1874.37563 1654.71656  11.7%   7.7 3059s
 731616 470692 infeasible   93      1874.37563 1654.79498  11.7%   7.7 3068s
 733029 471640     cutoff   81      1874.37563 1654.85144  11.7%   7.7 3078s
 734281 472669     cutoff   87      1874.37563 1654.91555  11.7%   7.7 3088s
 735726 473473 1712.38372   32   34 1874.37563 1654.97746  11.7%   7.7 3100s
 736874 474123 1747.72403   47   10 1874.37563 1655.01911  11.7%   7.7 3113s
 737972 474832 1788.39040   77   45 1874.37563 1655.04819  11.7%   7.8 3124s
 739008 475598     cutoff  116      1874.37563 1655.07890  11.7%   7.8 3133s
 740310 476541     cutoff   80      1874.37563 1655.15767  11.7%   7.8 3142s
 741663 477407     cutoff  135      1874.37563 1655.21593  11.7%   7.8 3150s
 742893 478396 1786.15762   86   42 1874.37563 1655.26298  11.7%   7.8 3158s
 744315 479247 infeasible  111      1874.37563 1655.31371  11.7%   7.8 3169s
 745577 480043     cutoff  125      1874.37563 1655.38653  11.7%   7.8 3178s
 746776 480883 1838.98429   82   22 1874.37563 1655.45152  11.7%   7.8 3186s
 748099 481499 infeasible   86      1874.37563 1655.50429  11.7%   7.8 3198s
 749047 482150     cutoff   89      1874.37563 1655.55542  11.7%   7.8 3210s
 750128 482731     cutoff   76      1874.37563 1655.60235  11.7%   7.8 3220s
 751294 483576 1830.03039   57   10 1874.37563 1655.64448  11.7%   7.8 3233s
 752595 484396     cutoff  100      1874.37563 1655.72496  11.7%   7.8 3242s
 753799 485284     cutoff   94      1874.37563 1655.79222  11.7%   7.8 3251s
 754993 486240     cutoff   95      1874.37563 1655.85853  11.7%   7.8 3262s
 756421 486970     cutoff   91      1874.37563 1655.93534  11.7%   7.8 3272s
 757756 487811 1767.92252   76   36 1874.37563 1656.00293  11.7%   7.8 3283s
 759047 488731     cutoff   95      1874.37563 1656.03805  11.6%   7.8 3296s
 760373 489451 1703.23241   53   30 1874.37563 1656.10216  11.6%   7.8 3308s
 761525 490465 1757.90836   51   30 1874.37563 1656.13769  11.6%   7.8 3320s
 762929 491576     cutoff  104      1874.37563 1656.20550  11.6%   7.8 3331s
 764459 492519     cutoff   90      1874.37563 1656.28071  11.6%   7.8 3341s
 765893 493468 1849.99765   89   38 1874.37563 1656.33739  11.6%   7.8 3354s
 767204 494413     cutoff  117      1874.37563 1656.39025  11.6%   7.8 3365s
 768624 495215     cutoff   54      1874.37563 1656.46233  11.6%   7.8 3376s
 769797 495836 1871.12103  107   32 1874.37563 1656.50808  11.6%   7.8 3386s
 770734 496858     cutoff  106      1874.37563 1656.55026  11.6%   7.8 3397s
 772174 497702     cutoff   87      1874.37563 1656.62636  11.6%   7.8 3407s
 773486 498484     cutoff   85      1874.37563 1656.69525  11.6%   7.8 3418s
 774678 499097     cutoff   90      1874.37563 1656.73016  11.6%   7.8 3428s
 775906 499977 1736.04186   80   49 1874.37563 1656.78323  11.6%   7.8 3438s
 777172 500758     cutoff   78      1874.37563 1656.83526  11.6%   7.8 3447s
 778457 501394     cutoff   83      1874.37563 1656.91917  11.6%   7.8 3460s
 779494 502114 1764.43527   68   22 1874.37563 1656.96338  11.6%   7.8 3474s
 780816 502617     cutoff   93      1874.37563 1657.03081  11.6%   7.8 3485s
 781708 503512 1723.34622   56   34 1874.37563 1657.06889  11.6%   7.8 3497s
 783098 504257     cutoff   83      1874.37563 1657.13068  11.6%   7.8 3509s
 784364 504909 1865.80406   71   28 1874.37563 1657.19507  11.6%   7.8 3522s
 785426 505664 1806.13272   85   20 1874.37563 1657.23763  11.6%   7.8 3531s
 786646 506415 1818.38897  108   31 1874.37563 1657.31796  11.6%   7.8 3541s
 787783 507293 1700.97772   71   53 1874.37563 1657.36401  11.6%   7.8 3553s
 789218 508189 1860.31874  107   13 1874.37563 1657.43229  11.6%   7.8 3565s
 790576 508876     cutoff  106      1874.37563 1657.48953  11.6%   7.8 3578s
 791769 509830 infeasible   77      1874.37563 1657.55648  11.6%   7.8 3587s
 793265 510767     cutoff   98      1874.37563 1657.63049  11.6%   7.8 3597s
 794716 511788 1813.88284   37   10 1874.37563 1657.70011  11.6%   7.8 3611s
 796113 512558 1728.29088   86   46 1874.37563 1657.76085  11.6%   7.8 3624s
 797305 513321     cutoff  112      1874.37563 1657.78412  11.6%   7.8 3637s
 798690 514329 1692.68484   53   38 1874.37563 1657.85854  11.6%   7.8 3650s
 800162 515035     cutoff  116      1874.37563 1657.91312  11.5%   7.8 3664s
 801360 515899 infeasible   56      1874.37563 1657.96383  11.5%   7.8 3676s
 802645 516466     cutoff  107      1874.37563 1658.00426  11.5%   7.8 3689s
 803648 517475     cutoff   55      1874.37563 1658.04688  11.5%   7.8 3702s
 805133 518551 1811.73040   65   20 1874.37563 1658.10202  11.5%   7.8 3712s
 806587 519114 1844.62209   74    6 1874.37563 1658.15925  11.5%   7.8 3728s
 807505 520117 1839.55790  111   36 1874.37563 1658.17941  11.5%   7.9 3739s
 809030 520764     cutoff   99      1874.37563 1658.22411  11.5%   7.9 3750s
 810007 521685 infeasible   89      1874.37563 1658.26008  11.5%   7.9 3760s
 811480 522298 1808.14429   58   20 1874.37563 1658.32641  11.5%   7.9 3775s
 812526 523531     cutoff   77      1874.37563 1658.36400  11.5%   7.9 3784s
 814153 524493 1777.95211   74   34 1874.37563 1658.44441  11.5%   7.9 3794s
 815537 525095     cutoff   85      1874.37563 1658.51080  11.5%   7.9 3806s
H815628 525095                    1874.3756303 1658.51080  11.5%   7.9 3806s
 816559 526183 1830.15433   52   16 1874.37563 1658.53140  11.5%   7.9 3815s
 818103 527267     cutoff   91      1874.37563 1658.61122  11.5%   7.9 3825s
 819611 528009 1837.16469   55   17 1874.37563 1658.67625  11.5%   7.9 3834s
 820907 528735     cutoff   75      1874.37563 1658.70297  11.5%   7.9 3843s
 822147 529161 1855.28159   78   23 1874.37563 1658.76240  11.5%   7.9 3854s
 822911 530057     cutoff   82      1874.37563 1658.78578  11.5%   7.9 3866s
 824296 530941 1836.01744   68   40 1874.37563 1658.84458  11.5%   7.9 3877s
 825642 531840 1822.75013   70   23 1874.37563 1658.89444  11.5%   7.9 3886s
 827030 532689 infeasible   81      1874.37563 1658.96293  11.5%   7.9 3897s
 828357 533567     cutoff   60      1874.37563 1659.00624  11.5%   7.9 3907s
 829660 534272     cutoff   86      1874.37563 1659.04873  11.5%   7.9 3919s
 830843 535245 1860.25924   79   22 1874.37563 1659.09466  11.5%   7.9 3928s
 832287 535944 1703.91731   64   25 1874.37563 1659.15296  11.5%   7.9 3938s
 833320 536805 1727.23002   56   40 1874.37563 1659.20074  11.5%   7.9 3949s
 834653 537342 1840.97532   79   34 1874.37563 1659.24673  11.5%   7.9 3961s
H835600 537373                    1874.3756233 1659.29428  11.5%   7.9 3962s
 835649 538398     cutoff   70      1874.37562 1659.29480  11.5%   7.9 3971s
 837219 539311     cutoff   74      1874.37562 1659.35879  11.5%   7.9 3982s
 838468 539981 1808.37216   80   35 1874.37562 1659.41699  11.5%   7.9 3994s
 839697 540993 1709.18602  100   49 1874.37562 1659.48245  11.5%   7.9 4005s
 841134 541736 1850.72084   87   48 1874.37562 1659.54131  11.5%   7.9 4016s
 842255 542550     cutoff   85      1874.37562 1659.58891  11.5%   7.9 4027s
 843608 543478     cutoff   87      1874.37562 1659.66014  11.5%   7.9 4040s
 845059 544315 1869.07970   89    - 1874.37562 1659.71406  11.5%   7.9 4050s
 846368 544979     cutoff  108      1874.37562 1659.75657  11.5%   7.9 4058s
 847329 545902     cutoff   88      1874.37562 1659.80714  11.4%   7.9 4069s
 848726 546850     cutoff   54      1874.37562 1659.86819  11.4%   7.9 4080s
 850152 546993 1872.61066   84    6 1874.37562 1659.92737  11.4%   7.9 4102s
 850331 547648 1665.98093   70   51 1874.37562 1659.92737  11.4%   7.9 4116s
 851326 548651     cutoff  128      1874.37562 1659.94779  11.4%   7.9 4127s
 852748 549378 1742.00844   62   27 1874.37562 1660.02486  11.4%   7.9 4139s
 854016 550226     cutoff   46      1874.37562 1660.07069  11.4%   7.9 4149s
 854828 550238 1783.97760   78   35 1874.37562 1660.09276  11.4%   7.9 4150s
 855421 551166     cutoff   70      1874.37562 1660.13712  11.4%   7.9 4161s
 856746 551843     cutoff   85      1874.37562 1660.18560  11.4%   7.9 4174s
 857944 552562 infeasible   57      1874.37562 1660.22793  11.4%   7.9 4186s
 859117 553691     cutoff   91      1874.37562 1660.26989  11.4%   7.9 4197s
 860716 554560 1832.91501   85   30 1874.37562 1660.35207  11.4%   7.9 4208s
 861999 555117 1830.34917  107   36 1874.37562 1660.38648  11.4%   7.9 4221s
 863032 556037 1837.60724   61   13 1874.37562 1660.42822  11.4%   7.9 4233s
 864497 556703     cutoff   57      1874.37562 1660.49359  11.4%   7.9 4245s
 865667 557372 1755.53737   71   36 1874.37562 1660.52667  11.4%   7.9 4259s
 866741 557899 1859.96678   59   19 1874.37562 1660.55770  11.4%   7.9 4271s
 867993 558736 1807.62630   80   34 1874.37562 1660.58892  11.4%   7.9 4283s
 869446 559616     cutoff   85      1874.37562 1660.64383  11.4%   7.9 4295s
 870783 560483     cutoff   72      1874.37562 1660.71801  11.4%   7.9 4307s
 872088 561431 1789.44342   73   28 1874.37562 1660.75919  11.4%   7.9 4320s
 873588 562309 1860.95370   80   31 1874.37562 1660.83005  11.4%   7.9 4332s
 874948 563357 infeasible   71      1874.37562 1660.87342  11.4%   7.9 4345s
 876427 564380 1687.72254   32   43 1874.37562 1660.92825  11.4%   7.9 4358s
 877885 565239     cutoff   73      1874.37562 1660.97204  11.4%   7.9 4369s
 878393 565253     cutoff  113      1874.37562 1660.98155  11.4%   7.9 4370s
 879081 566185     cutoff  106      1874.37562 1661.01708  11.4%   7.9 4380s
 880511 566661     cutoff  121      1874.37562 1661.06347  11.4%   7.9 4394s
 881686 567350     cutoff   69      1874.37562 1661.10381  11.4%   7.9 4406s
 882799 568224 1828.89019   60   21 1874.37562 1661.12763  11.4%   7.9 4417s
 884253 569051     cutoff   70      1874.37562 1661.18937  11.4%   7.9 4429s
 885441 569791     cutoff   72      1874.37562 1661.24418  11.4%   7.9 4440s
 886732 570703 1854.89827   65   29 1874.37562 1661.29538  11.4%   7.9 4451s
 888220 571529     cutoff   81      1874.37562 1661.35205  11.4%   7.9 4463s
 889518 572327 1714.49099   67   34 1874.37562 1661.39021  11.4%   7.9 4473s
 890833 573390 1744.90975   65   32 1874.37562 1661.47379  11.4%   7.9 4484s
 892402 574310     cutoff   87      1874.37562 1661.52808  11.4%   7.9 4494s
 893777 575334 1861.55047   74    6 1874.37562 1661.55881  11.4%   7.9 4506s
 895264 575886     cutoff   84      1874.37562 1661.60384  11.4%   7.9 4519s
 896183 576593     cutoff   94      1874.37562 1661.64651  11.3%   7.9 4531s
 897446 577698 1754.47487   85   38 1874.37562 1661.70767  11.3%   7.9 4542s
 899010 578625     cutoff  123      1874.37562 1661.75862  11.3%   7.9 4552s
 900350 579226     cutoff   96      1874.37562 1661.80602  11.3%   7.9 4564s
 901366 580057 infeasible   55      1874.37562 1661.84898  11.3%   7.9 4577s
 902595 581059     cutoff   66      1874.37562 1661.86949  11.3%   7.9 4591s
 904036 581879 1811.84145   75   14 1874.37562 1661.95312  11.3%   8.0 4605s
 905376 582779     cutoff   83      1874.37562 1662.00585  11.3%   8.0 4618s
 906634 583453 1832.93107   77   30 1874.37562 1662.04315  11.3%   8.0 4631s
 907978 584399     cutoff   56      1874.37562 1662.08906  11.3%   8.0 4643s
 909346 584901 1828.94371   96   36 1874.37562 1662.14640  11.3%   8.0 4658s
 910286 585644 infeasible   66      1874.37562 1662.15744  11.3%   8.0 4670s
 911723 586292     cutoff   89      1874.37562 1662.22037  11.3%   8.0 4682s
 912812 586969     cutoff   74      1874.37562 1662.25406  11.3%   8.0 4696s
 913904 587795     cutoff   84      1874.37562 1662.30019  11.3%   8.0 4709s
 915281 588680     cutoff   65      1874.37562 1662.31969  11.3%   8.0 4720s
 916602 589628 1715.92688   48   49 1874.37562 1662.43117  11.3%   8.0 4732s
 918065 590543     cutoff   55      1874.37562 1662.48024  11.3%   8.0 4743s
 919552 591468     cutoff  102      1874.37562 1662.52350  11.3%   8.0 4753s
 921051 592163 1696.82820   52   44 1874.37562 1662.59083  11.3%   8.0 4764s
 922141 592789     cutoff   76      1874.37562 1662.63025  11.3%   8.0 4776s
 923145 593347     cutoff   94      1874.37562 1662.67302  11.3%   8.0 4792s
 924197 594351     cutoff   74      1874.37562 1662.70579  11.3%   8.0 4805s
 925657 595294     cutoff   84      1874.37562 1662.74871  11.3%   8.0 4815s
 927129 596191     cutoff  101      1874.37562 1662.80796  11.3%   8.0 4826s
 928661 596941 1697.20047   53   46 1874.37562 1662.87540  11.3%   8.0 4845s
 929830 597396     cutoff   57      1874.37562 1662.91095  11.3%   8.0 4860s
 930843 598345     cutoff   80      1874.37562 1662.95911  11.3%   8.0 4873s
 932315 598789 1812.96654  104   26 1874.37562 1662.98948  11.3%   8.0 4891s
 933250 599770     cutoff   66      1874.37562 1663.03121  11.3%   8.0 4903s
 934709 600796 1864.48681  103   29 1874.37562 1663.07209  11.3%   8.0 4916s
 936163 601547 1849.82371   64   15 1874.37562 1663.14201  11.3%   8.0 4928s
 937378 602593     cutoff   65      1874.37562 1663.18624  11.3%   8.0 4941s
 938884 603477     cutoff   68      1874.37562 1663.23488  11.3%   8.0 4954s
 940310 604518     cutoff   96      1874.37562 1663.28269  11.3%   8.0 4968s
 941762 605128 1803.79935   74   43 1874.37562 1663.33487  11.3%   8.0 4980s
 942755 605785 1864.32880   69    - 1874.37562 1663.34993  11.3%   8.0 4989s
 943803 606498     cutoff   76      1874.37562 1663.40425  11.3%   8.0 5005s
 944996 607642 1728.13594   85   36 1874.37562 1663.45389  11.3%   8.0 5019s
 946652 608306 1811.87939  114   47 1874.37562 1663.48901  11.3%   8.0 5035s
 947763 609029     cutoff   62      1874.37562 1663.53723  11.2%   8.0 5049s
 949070 609904     cutoff   75      1874.37562 1663.60943  11.2%   8.0 5065s
 950451 610519 infeasible   95      1874.37562 1663.65526  11.2%   8.0 5087s
 951680 611454     cutoff   65      1874.37562 1663.68177  11.2%   8.0 5101s
 953140 612143     cutoff   84      1874.37562 1663.75328  11.2%   8.0 5115s
 954338 613109     cutoff   77      1874.37562 1663.80581  11.2%   8.0 5128s
 955869 613983 1705.15935   68   40 1874.37562 1663.85882  11.2%   8.0 5144s
 957234 614692 1795.28764   97   37 1874.37562 1663.87808  11.2%   8.0 5157s
 958454 615242     cutoff  113      1874.37562 1663.93897  11.2%   8.0 5171s
 959379 616179     cutoff   62      1874.37562 1663.96913  11.2%   8.0 5183s
 960722 616889 1830.50811  137   37 1874.37562 1664.02239  11.2%   8.0 5197s
 961931 617464 1775.00801   63   43 1874.37562 1664.06262  11.2%   8.0 5214s
 963171 618405 1755.09787   52   21 1874.37562 1664.08750  11.2%   8.0 5228s
 964549 619382     cutoff   56      1874.37562 1664.13763  11.2%   8.0 5242s
 965975 620251 1829.12242   64   40 1874.37562 1664.18113  11.2%   8.0 5256s
 967251 621428     cutoff   81      1874.37562 1664.20783  11.2%   8.0 5267s
 968921 622361 1765.15065   49   49 1874.37562 1664.26899  11.2%   8.0 5283s
 970305 623106     cutoff   96      1874.37562 1664.31239  11.2%   8.0 5296s
 971571 623692 1820.14340   59   36 1874.37562 1664.37764  11.2%   8.0 5310s
 972745 624409 1717.51366   72   36 1874.37562 1664.41390  11.2%   8.0 5321s
 973751 625195     cutoff   85      1874.37562 1664.44524  11.2%   8.0 5335s
 975013 625972     cutoff   68      1874.37562 1664.49226  11.2%   8.0 5350s
 976229 627097 1733.47523   54   36 1874.37562 1664.52515  11.2%   8.0 5363s
 977880 627871     cutoff   82      1874.37562 1664.60588  11.2%   8.0 5379s
 979117 628801 1835.58965   83   23 1874.37562 1664.64169  11.2%   8.0 5394s
 980659 629550 1797.92157   52   14 1874.37562 1664.66461  11.2%   8.0 5413s
 981933 630245 1834.83241   77   34 1874.37562 1664.75536  11.2%   8.0 5427s
 983069 631140     cutoff   54      1874.37562 1664.78680  11.2%   8.0 5444s
 984602 632067     cutoff   85      1874.37562 1664.82308  11.2%   8.0 5456s
 985925 633091     cutoff  102      1874.37562 1664.85994  11.2%   8.1 5472s
 987348 634121 1827.02650  102   45 1874.37562 1664.88856  11.2%   8.1 5486s
 989000 634846     cutoff  121      1874.37562 1664.95070  11.2%   8.1 5503s
 990203 635711 1740.85190   70   49 1874.37562 1664.97889  11.2%   8.1 5517s
 991639 636726 1809.35275   75   32 1874.37562 1665.03384  11.2%   8.1 5534s
 993072 637690 1792.75994   90    9 1874.37562 1665.06695  11.2%   8.1 5547s
 994497 638736     cutoff   99      1874.37562 1665.11924  11.2%   8.1 5559s
 996014 639397     cutoff   97      1874.37562 1665.17598  11.2%   8.1 5572s
 997074 640480 1867.87247   77   16 1874.37562 1665.20827  11.2%   8.1 5584s
 998592 641338     cutoff   80      1874.37562 1665.27710  11.2%   8.1 5595s
 999963 641963     cutoff   92      1874.37562 1665.30671  11.2%   8.1 5610s
 1000931 642800     cutoff   75      1874.37562 1665.34087  11.2%   8.1 5623s
 1002105 643415 1780.12232   79   41 1874.37562 1665.35803  11.2%   8.1 5637s
 1003196 644157     cutoff   75      1874.37562 1665.40231  11.1%   8.1 5656s
 1004412 644998 1787.28194   70   37 1874.37562 1665.44385  11.1%   8.1 5673s
 1005812 645898 1753.85910   65   38 1874.37562 1665.48966  11.1%   8.1 5690s
 1007298 646602 1794.75811   63   41 1874.37562 1665.53903  11.1%   8.1 5705s
 1008654 647666     cutoff   63      1874.37562 1665.56280  11.1%   8.1 5719s
 1010255 648666     cutoff   54      1874.37562 1665.61698  11.1%   8.1 5733s
 1011673 649369     cutoff  102      1874.37562 1665.67109  11.1%   8.1 5751s
 1012961 649975     cutoff   72      1874.37562 1665.70591  11.1%   8.1 5766s
 1014016 651081 1750.22493   64   32 1874.37562 1665.75475  11.1%   8.1 5779s
 1015545 651860     cutoff   75      1874.37562 1665.81416  11.1%   8.1 5795s
 1016901 652701     cutoff  119      1874.37562 1665.85809  11.1%   8.1 5811s
 1018146 653236     cutoff  104      1874.37562 1665.89560  11.1%   8.1 5825s
 1019127 653763 infeasible   85      1874.37562 1665.93345  11.1%   8.1 5842s
 1020078 654633     cutoff  109      1874.37562 1665.95692  11.1%   8.1 5858s
 1021466 655484     cutoff   73      1874.37562 1666.01071  11.1%   8.1 5873s
 1022750 656415 infeasible   70      1874.37562 1666.05421  11.1%   8.1 5894s
 1024199 657347 1812.92654   45   17 1874.37562 1666.08325  11.1%   8.1 5909s
 1025676 658556     cutoff   62      1874.37562 1666.14418  11.1%   8.1 5924s
 1027554 659507 1838.82120  115   53 1874.37562 1666.18458  11.1%   8.1 5937s
 1029137 660460     cutoff  111      1874.37562 1666.20973  11.1%   8.1 5952s
 1030583 661334     cutoff   77      1874.37562 1666.24925  11.1%   8.1 5965s
 1031983 661995 1738.79221   63   42 1874.37562 1666.29170  11.1%   8.1 5981s
 1033041 662873 1806.61338   47   30 1874.37562 1666.33256  11.1%   8.1 5995s
 1034619 663778     cutoff   65      1874.37562 1666.38869  11.1%   8.1 6008s
 1035983 664791     cutoff   93      1874.37562 1666.44033  11.1%   8.1 6021s
 1037387 665754     cutoff   78      1874.37562 1666.48432  11.1%   8.1 6035s
 1038919 666497 1741.89125   67   38 1874.37562 1666.53419  11.1%   8.1 6047s
 1040305 667178 1852.71773   88   32 1874.37562 1666.59637  11.1%   8.1 6059s
 1041404 667948 1843.94677   76   26 1874.37562 1666.62190  11.1%   8.1 6075s
 1042731 668598     cutoff   93      1874.37562 1666.64800  11.1%   8.1 6089s
 1043863 669424 1809.77176   69   39 1874.37562 1666.69260  11.1%   8.1 6103s
 1045197 670117 1779.34614   93   40 1874.37562 1666.73260  11.1%   8.1 6119s
 1046467 670923     cutoff   99      1874.37562 1666.76313  11.1%   8.1 6130s
 1047899 672095     cutoff  105      1874.37562 1666.83538  11.1%   8.1 6144s
 1049513 672783 1835.84390   95   24 1874.37562 1666.87592  11.1%   8.1 6159s
 1050510 673552     cutoff   54      1874.37562 1666.90321  11.1%   8.1 6172s
 1051652 674417 1786.28815   59   24 1874.37562 1666.95288  11.1%   8.1 6186s
 1053070 675136     cutoff   80      1874.37562 1666.99710  11.1%   8.1 6201s
 1054278 676096     cutoff   89      1874.37562 1667.03804  11.1%   8.1 6218s
 1055740 676753     cutoff   94      1874.37562 1667.09013  11.1%   8.1 6234s
 1056863 677711 1716.10417   77   51 1874.37562 1667.13058  11.1%   8.1 6252s
 1058407 678681     cutoff  102      1874.37562 1667.14974  11.1%   8.1 6263s
 1059909 679163 1821.40233   72   27 1874.37562 1667.21981  11.1%   8.1 6278s
 1060839 679985 1852.20803   70   26 1874.37562 1667.23647  11.1%   8.1 6292s
 1062224 680614 1686.07183   49   39 1874.37562 1667.27280  11.0%   8.1 6310s
 1063306 681532     cutoff   81      1874.37562 1667.30166  11.0%   8.1 6323s
 1064729 682280     cutoff   86      1874.37562 1667.34645  11.0%   8.1 6335s
 1065984 682985 1840.73819   71   34 1874.37562 1667.40258  11.0%   8.1 6346s
 1067042 683013 1701.97736   53   23 1874.37562 1667.42447  11.0%   8.1 6370s
H1067054 683013                    1874.3754316 1667.42447  11.0%   8.1 6370s
 1067090 684007 1723.13730   54   35 1874.37543 1667.43154  11.0%   8.1 6385s
 1068612 685025     cutoff   85      1874.37543 1667.47911  11.0%   8.1 6398s
 1070131 685629 1859.35956   95   32 1874.37543 1667.52621  11.0%   8.1 6418s
 1071288 686502 1865.63490   88   29 1874.37543 1667.55279  11.0%   8.1 6431s
 1072825 687325     cutoff   69      1874.37543 1667.60939  11.0%   8.1 6445s
H1072923 687324                    1874.3753702 1667.60939  11.0%   8.1 6445s
 1074056 688212 1818.46176  106   36 1874.37537 1667.62728  11.0%   8.1 6458s
 1075469 689132     cutoff   73      1874.37537 1667.69889  11.0%   8.1 6472s
 1077016 690076 1836.80467   69   10 1874.37537 1667.71108  11.0%   8.1 6486s
 1078458 690982 1767.22823   56   19 1874.37537 1667.79365  11.0%   8.1 6499s
 1079975 691823 infeasible   80      1874.37537 1667.84228  11.0%   8.1 6513s
 1081148 692615     cutoff   99      1874.37537 1667.87126  11.0%   8.1 6527s
 1082479 693649     cutoff   61      1874.37537 1667.92766  11.0%   8.1 6540s
 1084071 694595     cutoff   73      1874.37537 1667.98362  11.0%   8.1 6553s
 1085554 695459     cutoff   82      1874.37537 1668.03315  11.0%   8.1 6566s
 1086902 696462 1855.27296   59   18 1874.37537 1668.08377  11.0%   8.1 6578s
 1088504 697269     cutoff   85      1874.37537 1668.13009  11.0%   8.1 6593s
 1089825 697945 infeasible   45      1874.37537 1668.17795  11.0%   8.1 6607s
 1090889 698523     cutoff  101      1874.37537 1668.20487  11.0%   8.1 6627s
 1092050 699311 1781.59959   81   38 1874.37537 1668.22371  11.0%   8.1 6642s
 1093377 700159 1788.17595   65   31 1874.37537 1668.28341  11.0%   8.1 6657s
 1094785 701121 1750.30982   58   39 1874.37537 1668.33126  11.0%   8.1 6672s
 1096188 701790     cutoff   71      1874.37537 1668.36412  11.0%   8.1 6685s
 1097485 702727 1867.16302   78    8 1874.37537 1668.41694  11.0%   8.1 6698s
 1098955 703297     cutoff   76      1874.37537 1668.46711  11.0%   8.1 6713s
 1099991 704122 1794.85229   49   32 1874.37537 1668.50344  11.0%   8.1 6730s
 1101377 704899     cutoff   75      1874.37537 1668.51724  11.0%   8.2 6745s
 1102788 705365 1764.34430   50   40 1874.37537 1668.59271  11.0%   8.2 6763s
 1103800 706265 1840.58239  108   23 1874.37537 1668.62573  11.0%   8.2 6778s
 1105161 707301     cutoff   74      1874.37537 1668.66588  11.0%   8.2 6793s
 1106723 707930     cutoff   66      1874.37537 1668.70728  11.0%   8.2 6808s
 1107759 708938 infeasible   73      1874.37537 1668.74780  11.0%   8.2 6822s
 1109215 709827 1684.06439   43   46 1874.37537 1668.79512  11.0%   8.2 6835s
 1110684 710389 1843.51859   60   42 1874.37537 1668.84639  11.0%   8.2 6850s
 1111816 711059     cutoff   91      1874.37537 1668.89409  11.0%   8.2 6864s
 1113017 711869     cutoff  155      1874.37537 1668.91933  11.0%   8.2 6881s
 1114286 712705 1734.39348   40   36 1874.37537 1668.96563  11.0%   8.2 6896s
 1115755 713519 1709.65406   66   52 1874.37537 1668.99259  11.0%   8.2 6909s
 1117086 714176 1772.39741   68   42 1874.37537 1669.04862  11.0%   8.2 6924s
 1118362 714876 1768.18027   43   28 1874.37537 1669.07874  11.0%   8.2 6937s
 1119535 715589 1789.33232   63   34 1874.37537 1669.12226  11.0%   8.2 6952s
 1120644 716425 1850.74404   79   26 1874.37537 1669.16600  10.9%   8.2 6970s
 1122105 717068 1858.08073   87   42 1874.37537 1669.20426  10.9%   8.2 6985s
 1123402 717855 1819.79641   71   33 1874.37537 1669.24799  10.9%   8.2 7002s
 1124659 718717 1858.84632   79   10 1874.37537 1669.26940  10.9%   8.2 7017s
 1125975 719635 infeasible   96      1874.37537 1669.30318  10.9%   8.2 7031s
 1127419 720748     cutoff   55      1874.37537 1669.36055  10.9%   8.2 7045s
 1129189 721567 1790.13680   55   23 1874.37537 1669.41055  10.9%   8.2 7058s
 1130507 722375     cutoff   75      1874.37537 1669.44975  10.9%   8.2 7075s
 1131639 723404     cutoff   79      1874.37537 1669.49334  10.9%   8.2 7088s
 1133339 724136 1808.27525   82   14 1874.37537 1669.54205  10.9%   8.2 7103s
 1134448 725121     cutoff   85      1874.37537 1669.56935  10.9%   8.2 7120s
 1136011 726150     cutoff   64      1874.37537 1669.63307  10.9%   8.2 7137s
 1137633 726928     cutoff   70      1874.37537 1669.67871  10.9%   8.2 7153s
 1139001 727996     cutoff   79      1874.37537 1669.70380  10.9%   8.2 7167s
 1140601 728759     cutoff   69      1874.37537 1669.74372  10.9%   8.2 7182s
 1141783 729682 1751.06509   59   49 1874.37537 1669.77037  10.9%   8.2 7195s
 1143193 729886 1745.76746   80   45 1874.37537 1669.82237  10.9%   8.2 7200s

Cutting planes:
  Gomory: 5
  Zero half: 10
  Lazy constraints: 15700

Explored 1143506 nodes (9364475 simplex iterations) in 7200.32 seconds
Thread count was 12 (of 12 available processors)

Solution count 4: 1874.38 1886.45 1981.09 2031.11 

Time limit reached
Best objective 1.874375370184e+03, best bound 1.669822367601e+03, gap 10.9131%

User-callback calls 3519134, time in user-callback 11.87 sec
/projects/academic/josewalt/caigao/RRARP_BD/BendersDecomp/ret/model_outs/n_23_m_3_algo_4.out
 =====>>>>> Solution is written to file in <../ret/model_outs> !!!
===>> All Done!
