NPROCS=0
This instance is clustered!
Gurobi Optimizer version 9.0.0 build v9.0.0rc2 (linux64)
Optimize a model with 20 rows, 101 columns and 200 nonzeros
Model fingerprint: 0xfb8aacce
Variable types: 1 continuous, 100 integer (100 binary)
Coefficient statistics:
  Matrix range     [1e+00, 1e+00]
  Objective range  [1e+00, 6e+01]
  Bounds range     [1e+00, 1e+00]
  RHS range        [1e+00, 1e+00]
Presolve removed 2 rows and 27 columns
Presolve time: 0.00s
Presolved: 18 rows, 74 columns, 146 nonzeros
Variable types: 1 continuous, 73 integer (73 binary)

Root relaxation: objective 8.500138e+01, 13 iterations, 0.00 seconds

    Nodes    |    Current Node    |     Objective Bounds      |     Work
 Expl Unexpl |  Obj  Depth IntInf | Incumbent    BestBd   Gap | It/Node Time

     0     0  113.29109    0   12          -  113.29109      -     -    0s
H    0     0                     230.8293548  113.29109  50.9%     -    0s
H    0     0                     201.0358075  113.29109  43.6%     -    0s
H    0     0                     167.3679988  113.29109  32.3%     -    0s
     0     0  118.24301    0   17  167.36800  118.24301  29.4%     -    0s
     0     0  118.26007    0   20  167.36800  118.26007  29.3%     -    0s
H    0     0                     157.3166834  118.26007  24.8%     -    0s
     0     2  118.28134    0   21  157.31668  118.28134  24.8%     -    0s
H   92    71                     156.9560533  128.29396  18.3%   4.8    0s

Cutting planes:
  Gomory: 1
  Lazy constraints: 152

Explored 1418 nodes (5991 simplex iterations) in 0.13 seconds
Thread count was 12 (of 12 available processors)

Solution count 5: 156.956 157.317 167.368 ... 230.829

Optimal solution found (tolerance 1.00e-04)
Best objective 1.569560532887e+02, best bound 1.569560532887e+02, gap 0.0000%

User-callback calls 3121, time in user-callback 0.01 sec
/projects/academic/josewalt/caigao/RRARP_BD/BendersDecomp/ret/model_outs/n_8_h_6_algo_3.out
 =====>>>>> Solution is written to file in <../ret/model_outs> !!!
===>> All Done!
