NPROCS=0
This instance is clustered!
Gurobi Optimizer version 9.0.0 build v9.0.0rc2 (linux64)
Optimize a model with 42 rows, 442 columns and 882 nonzeros
Model fingerprint: 0xf9763ad1
Variable types: 1 continuous, 441 integer (441 binary)
Coefficient statistics:
  Matrix range     [1e+00, 1e+00]
  Objective range  [1e+00, 3e+02]
  Bounds range     [1e+00, 1e+00]
  RHS range        [1e+00, 1e+00]
Presolve removed 2 rows and 60 columns
Presolve time: 0.01s
Presolved: 40 rows, 382 columns, 762 nonzeros
Variable types: 1 continuous, 381 integer (381 binary)

Root relaxation: objective 5.596099e+02, 40 iterations, 0.00 seconds
 done with super cut 0

    Nodes    |    Current Node    |     Objective Bounds      |     Work
 Expl Unexpl |  Obj  Depth IntInf | Incumbent    BestBd   Gap | It/Node Time

     0     0  774.52727    0   29          -  774.52727      -     -    0s
 done with super cut 1
 done with super cut 2
H    0     0                    1723.3899467  774.52727  55.1%     -    0s
     0     0  779.52884    0   40 1723.38995  779.52884  54.8%     -    0s
 done with super cut 3
 done with super cut 4
H    0     0                    1721.1280394  779.52884  54.7%     -    2s
     0     0  779.77992    0   43 1721.12804  779.77992  54.7%     -    2s
 done with super cut 5
 done with super cut 6
     0     2  779.78718    0   46 1721.12804  779.78718  54.7%     -    5s
 done with super cut 7
 done with super cut 8
 done with super cut 9
 done with super cut 10
    38    40  818.41649    6   20 1721.12804  793.31799  53.9%   7.1   11s
* 1260   942              56    1293.3684322  813.95141  37.1%   5.0   11s
* 1261   938              56    1282.5688520  813.95141  36.5%   5.0   11s
H 2049  1255                    1234.3691408  829.96946  32.8%   5.2   11s
H 2051  1194                    1224.7585001  829.96946  32.2%   5.2   11s
* 4304  1998              52    1208.9953468  842.33198  30.3%   5.9   12s
 11090  6403  915.68614   36   29 1208.99535  883.67608  26.9%   6.2   15s
*18432 11309              42    1187.7044887  895.79139  24.6%   6.2   18s
 22959 14492     cutoff   49      1187.70449  900.77130  24.2%   6.3   20s
 32677 21640     cutoff   53      1187.70449  910.30545  23.4%   6.3   25s
*38213 24220              71    1166.9135585  913.78102  21.7%   6.3   28s
 38832 24232     cutoff   57      1166.91356  914.00998  21.7%   6.3   30s
*38842 24131              70    1164.9384511  914.22471  21.5%   6.3   30s
 44547 28657     cutoff   54      1164.93845  917.69193  21.2%   6.4   35s
 51373 33241 infeasible   57      1164.93845  921.90414  20.9%   6.5   40s
 58498 38052 1076.69626   40   18 1164.93845  926.03117  20.5%   6.5   45s
 63681 41596     cutoff   50      1164.93845  928.59712  20.3%   6.6   50s
 67772 44300     cutoff   63      1164.93845  930.34739  20.1%   6.6   55s
 73193 48058 1134.81249   75   11 1164.93845  932.66635  19.9%   6.6   60s
 78753 51717     cutoff   56      1164.93845  934.85612  19.8%   6.7   65s
 82757 54236     cutoff   68      1164.93845  936.20446  19.6%   6.7   70s
 84853 54827 1035.19089   34   43 1164.93845  936.63541  19.6%   6.7  165s
H84854 52086                    1162.1242507  936.63541  19.4%   6.7  165s
 84864 52101  936.63541   30   43 1162.12425  936.63541  19.4%   6.7  170s
 85067 52222  936.63541   40   40 1162.12425  936.63541  19.4%   6.7  176s
H85078 49614                    1152.0858035  936.63541  18.7%   6.7  176s
 85527 49827  971.31634   53   39 1152.08580  936.63541  18.7%   6.7  193s
 85566 49828  982.51133   54   33 1152.08580  936.63541  18.7%   6.7  195s
 86926 50491 1118.61833   89    4 1152.08580  936.63541  18.7%   6.8  200s
 89021 51424 1072.31792   68   32 1152.08580  936.63541  18.7%   6.8  205s
 90439 52036     cutoff   77      1152.08580  936.63541  18.7%   6.8  210s
 92966 53129     cutoff   51      1152.08580  936.63541  18.7%   6.9  215s
 95703 54471     cutoff   84      1152.08580  936.63541  18.7%   6.9  220s
 98299 54968     cutoff   92      1152.08580  936.63541  18.7%   6.9  225s
 100502 56324  981.29213   51   38 1152.08580  936.63541  18.7%   6.9  230s
 103566 57501     cutoff   72      1152.08580  936.63541  18.7%   6.9  235s
 106202 58620 1120.28602  123    - 1152.08580  936.63541  18.7%   6.9  241s
 108690 59342 1128.96243   62   29 1152.08580  936.63541  18.7%   6.9  246s
 110846 60243     cutoff   93      1152.08580  936.63541  18.7%   6.9  250s
 113220 61378 1125.85741   66   15 1152.08580  936.63541  18.7%   6.9  255s
 116583 62704     cutoff  119      1152.08580  936.63541  18.7%   6.9  262s
 119053 63545 1112.84688   59   12 1152.08580  936.63541  18.7%   6.9  266s
 121596 64544     cutoff   75      1152.08580  936.63541  18.7%   6.9  270s
 125360 65991     cutoff   95      1152.08580  936.63541  18.7%   7.0  276s
H126613 63615                    1150.7771323  936.63541  18.6%   7.0  279s
 127373 64262 1125.76786   81   26 1150.77713  936.63541  18.6%   7.0  281s
 129946 65150     cutoff   70      1150.77713  936.63541  18.6%   7.0  286s
 132349 65698     cutoff   95      1150.77713  936.63541  18.6%   7.0  291s
 134259 66611 1094.82581  123   28 1150.77713  936.63541  18.6%   7.0  296s
 136577 67443     cutoff   79      1150.77713  936.63541  18.6%   7.0  301s
 138823 68186     cutoff   72      1150.77713  936.63541  18.6%   7.0  307s
 140836 68685     cutoff   71      1150.77713  936.63541  18.6%   7.0  312s
 141819 68978 1084.87378   55   22 1150.77713  936.63541  18.6%   7.0  315s
 144109 69612     cutoff   88      1150.77713  936.63541  18.6%   7.0  320s
 146257 70783 1139.99332   87   20 1150.77713  936.63541  18.6%   7.0  326s
 148858 71485  975.43080   87   38 1150.77713  937.46868  18.5%   7.1  331s
 151013 72124     cutoff   92      1150.77713  938.50897  18.4%   7.1  336s
 153347 72766     cutoff  109      1150.77713  939.65095  18.3%   7.1  341s
 155725 73579     cutoff   82      1150.77713  940.49507  18.3%   7.1  346s
 157604 74208  978.61618   52   40 1150.77713  941.12261  18.2%   7.1  352s
 160061 75117 infeasible   79      1150.77713  942.13799  18.1%   7.1  357s
 162489 76032     cutoff   72      1150.77713  943.08410  18.0%   7.1  362s
 163808 76224     cutoff   62      1150.77713  943.55561  18.0%   7.1  365s
 166184 77195 infeasible   75      1150.77713  944.40244  17.9%   7.1  370s
 168468 77777 1142.99213   77    - 1150.77713  945.35178  17.9%   7.1  376s
 170670 78111 1078.04614   93   41 1150.77713  946.05905  17.8%   7.1  381s
 172482 78866 1133.58640   67   20 1150.77713  946.58267  17.7%   7.1  388s
 173477 79216 infeasible   73      1150.77713  946.88003  17.7%   7.1  391s
 175795 80089 1089.31659   83    - 1150.77713  947.68515  17.6%   7.1  397s
 177000 80404     cutoff   86      1150.77713  948.10868  17.6%   7.1  400s
 179293 81362 1082.87949   88   36 1150.77713  948.80953  17.6%   7.1  406s
 180561 81562     cutoff   80      1150.77713  949.16194  17.5%   7.1  412s
 181483 82025 infeasible   76      1150.77713  949.44288  17.5%   7.2  415s
 183692 82472     cutoff   71      1150.77713  950.02779  17.4%   7.2  421s
 186010 83234 1127.77304   58   22 1150.77713  950.94040  17.4%   7.2  428s
 187155 83794 1113.02743   68   19 1150.77713  951.33986  17.3%   7.2  431s
 189594 84352     cutoff   69      1150.77713  951.99823  17.3%   7.2  437s
 190775 84409     cutoff   74      1150.77713  952.37548  17.2%   7.2  441s
H191122 71795                    1116.2335936  952.44983  14.7%   7.2  441s
 191503 71733 1048.74675   70   44 1116.23359  952.52909  14.7%   7.2  445s
 192844 72381 1091.19431   60   22 1116.23359  952.92382  14.6%   7.2  451s
 193839 72795 1027.19221   41   18 1116.23359  953.15658  14.6%   7.2  455s
 196265 73269     cutoff   66      1116.23359  953.94814  14.5%   7.2  461s
 197429 73226     cutoff   54      1116.23359  954.35317  14.5%   7.2  465s
 199396 73834     cutoff   87      1116.23359  955.00408  14.4%   7.3  472s
 200613 73875     cutoff   77      1116.23359  955.40516  14.4%   7.3  475s
 202829 74314 1089.00628   75   34 1116.23359  956.20110  14.3%   7.3  481s
 205262 74760 1111.91297   57   29 1116.23359  956.95014  14.3%   7.3  487s
 206414 74923     cutoff   99      1116.23359  957.33945  14.2%   7.3  490s
 208707 75396 1048.11359   63    6 1116.23359  958.06790  14.2%   7.4  496s
 211202 75890     cutoff   87      1116.23359  958.72259  14.1%   7.4  502s
 212378 76007 1103.57443   54   33 1116.23359  959.04201  14.1%   7.4  508s
 213284 76444 1084.11986   55   18 1116.23359  959.33366  14.1%   7.4  512s
 214539 76588 1088.63377   96   29 1116.23359  959.64590  14.0%   7.4  515s
 216960 76961 1113.22733   74   18 1116.23359  960.35723  14.0%   7.4  522s
 218085 77194     cutoff   50      1116.23359  960.65675  13.9%   7.4  526s
 219254 77555 1104.31305   75   25 1116.23359  961.00913  13.9%   7.4  530s
 221601 78808     cutoff   69      1116.23359  961.80708  13.8%   7.4  535s
 224065 80108     cutoff   68      1116.23359  962.51571  13.8%   7.5  543s
 225246 80559 1077.85560   64   14 1116.23359  962.85095  13.7%   7.5  546s
 226105 81106     cutoff   77      1116.23359  962.95159  13.7%   7.5  550s
 228471 82417     cutoff   83      1116.23359  963.53014  13.7%   7.5  556s
 230812 83580     cutoff   51      1116.23359  964.18220  13.6%   7.5  563s
 232056 84109 1104.15722   79    - 1116.23359  964.43883  13.6%   7.5  566s
 234423 85165 1033.96738   67   20 1116.23359  965.10479  13.5%   7.5  572s
 235474 85544     cutoff   82      1116.23359  965.43645  13.5%   7.5  576s
H235877 85547                    1116.2335849  965.56300  13.5%   7.5  576s
 237611 86901     cutoff   76      1116.23358  965.99633  13.5%   7.6  582s
 238773 87531 1075.73501   61   24 1116.23358  966.29809  13.4%   7.6  586s
 241239 88628     cutoff   84      1116.23358  966.95633  13.4%   7.6  593s
H241327 88632                    1116.2335529  966.96377  13.4%   7.6  593s
 242176 89240 1089.96117   59   31 1116.23355  967.11762  13.4%   7.6  596s
 243434 89818 1048.69175   58   40 1116.23355  967.49412  13.3%   7.6  600s
 245761 90925 1046.82122   48    4 1116.23355  968.12889  13.3%   7.6  606s
 248132 92088     cutoff   76      1116.23355  968.64473  13.2%   7.6  612s
 249388 92345     cutoff  117      1116.23355  968.96366  13.2%   7.6  617s
 250189 92973 infeasible   77      1116.23355  969.02857  13.2%   7.6  620s
 252712 94301 1036.69654   72   34 1116.23355  969.67878  13.1%   7.6  627s
 254012 94710     cutoff   58      1116.23355  969.99825  13.1%   7.7  631s
 255090 95233     cutoff   62      1116.23355  970.17477  13.1%   7.7  635s
 257372 96324 1071.33269   55   39 1116.23355  970.83135  13.0%   7.7  643s
 258540 96842 1047.78494   78   30 1116.23355  971.08402  13.0%   7.7  646s
 259751 97283     cutoff   93      1116.23355  971.40827  13.0%   7.7  650s
 262069 98661 1059.73957   55   18 1116.23355  971.97884  12.9%   7.7  657s
 263401 99328     cutoff   74      1116.23355  972.21143  12.9%   7.7  661s
 265837 100487     cutoff   62      1116.23355  972.72699  12.9%   7.7  668s
 267050 101020     cutoff   82      1116.23355  973.01725  12.8%   7.7  671s
 268244 101667     cutoff   55      1116.23355  973.25888  12.8%   7.7  675s
 270508 102743 1063.22555   55   10 1116.23355  973.70507  12.8%   7.8  682s
 271790 103229     cutoff   69      1116.23355  973.99389  12.7%   7.8  685s
 274038 104266 1112.65930   63   16 1116.23355  974.54201  12.7%   7.8  692s
 275109 104834     cutoff   76      1116.23355  974.82610  12.7%   7.8  696s
 276174 105339     cutoff   70      1116.23355  975.06649  12.6%   7.8  700s
 278527 106163     cutoff   98      1116.23355  975.57791  12.6%   7.8  708s
 279250 106810     cutoff   49      1116.23355  975.73679  12.6%   7.8  712s
 280479 107352 1020.41417   87   36 1116.23355  975.94766  12.6%   7.8  716s
 281552 107976     cutoff   76      1116.23355  976.10036  12.6%   7.8  720s
 283953 108961     cutoff   57      1116.23355  976.56172  12.5%   7.8  728s
 285190 109410     cutoff   77      1116.23355  976.87459  12.5%   7.8  732s
 286154 109964 1076.07624   58   30 1116.23355  977.02441  12.5%   7.8  736s
 287335 110624 infeasible   66      1116.23355  977.23765  12.5%   7.9  741s
 288639 111217 1093.23582   82   21 1116.23355  977.46866  12.4%   7.9  745s
 289876 111919 1043.26763   40   33 1116.23355  977.79806  12.4%   7.9  750s
 292295 112735 1074.83985   41   14 1116.23355  978.25039  12.4%   7.9  758s
 293157 113261     cutoff   66      1116.23355  978.38256  12.3%   7.9  763s
 294305 113762     cutoff   70      1116.23355  978.73982  12.3%   7.9  767s
 295474 114293 1050.26116   57   37 1116.23355  978.97084  12.3%   7.9  772s
 296631 114839 1112.88036   70   13 1116.23355  979.08241  12.3%   7.9  776s
 297905 115231     cutoff   59      1116.23355  979.38071  12.3%   7.9  781s
 299044 115707     cutoff   71      1116.23355  979.57973  12.2%   7.9  786s
 300084 116365 1068.14448   52   25 1116.23355  979.78724  12.2%   7.9  791s
 301383 116862 1082.24697   82   26 1116.23355  980.00541  12.2%   7.9  795s
 303881 117970     cutoff   79      1116.23355  980.45503  12.2%   7.9  803s
 304868 118415     cutoff   84      1116.23355  980.64719  12.1%   7.9  808s
 306088 118969 1072.86651   57   22 1116.23355  980.95789  12.1%   7.9  812s
 307406 119665 infeasible   58      1116.23355  981.20586  12.1%   8.0  817s
 308698 120255 1014.16532   50   42 1116.23355  981.37624  12.1%   8.0  821s
 309975 120838 1099.62996   54   26 1116.23355  981.57841  12.1%   8.0  826s
 311181 121240     cutoff   65      1116.23355  981.78883  12.0%   8.0  831s
 312352 121762 1113.57919   82   19 1116.23355  981.93601  12.0%   8.0  835s
 313520 122273 1051.23313   44   31 1116.23355  982.22438  12.0%   8.0  840s
 314517 122827     cutoff   78      1116.23355  982.32078  12.0%   8.0  845s
 315757 123188 1108.00494   56   26 1116.23355  982.65377  12.0%   8.0  850s
 316787 123707 1045.69235   64   35 1116.23355  982.81759  12.0%   8.0  855s
 319025 124483 1097.42485   64   16 1116.23355  983.10634  11.9%   8.0  863s
 320225 125109     cutoff   69      1116.23355  983.30271  11.9%   8.0  867s
 321535 125483 1079.94621   69   18 1116.23355  983.49981  11.9%   8.0  871s
 322619 125816 1013.88986   64   38 1116.23355  983.65432  11.9%   8.0  876s
 323447 126210     cutoff   83      1116.23355  983.76003  11.9%   8.0  880s
 325948 127238     cutoff   85      1116.23355  984.19668  11.8%   8.0  888s
 327104 127798     cutoff   67      1116.23355  984.33241  11.8%   8.0  893s
 328378 128324 1086.23094   68   25 1116.23355  984.58637  11.8%   8.0  898s
 329642 128782     cutoff   72      1116.23355  984.80696  11.8%   8.1  901s
 330631 129322     cutoff   76      1116.23355  984.95965  11.8%   8.1  906s
 331866 129770 1060.77019   57   29 1116.23355  985.13452  11.7%   8.1  910s
 334341 130523 1022.29341   64   35 1116.23355  985.53776  11.7%   8.1  919s
 335252 131023 1112.27618   72   24 1116.23355  985.59934  11.7%   8.1  923s
 336440 131190     cutoff  100      1116.23355  985.80844  11.7%   8.1  929s
 336915 131603 1053.78467   47   19 1116.23355  985.91315  11.7%   8.1  935s
 338031 132108 1065.74812   66   18 1116.23355  986.08438  11.7%   8.1  940s
 340608 133400     cutoff   64      1116.23355  986.42852  11.6%   8.1  948s
 342034 133818 infeasible   57      1116.23355  986.69217  11.6%   8.1  952s
 343259 134242     cutoff   70      1116.23355  986.85230  11.6%   8.1  957s
 344332 134714     cutoff   55      1116.23355  987.01395  11.6%   8.1  962s
 345541 135224 infeasible   63      1116.23355  987.26626  11.6%   8.1  966s
 346771 135744 1012.17198   50   29 1116.23355  987.45835  11.5%   8.1  971s
 348043 136110 1097.14374   90    4 1116.23355  987.65260  11.5%   8.1  975s
 349809 136590     cutoff   89      1116.23355  987.96830  11.5%   8.2  984s
 350328 136881 1072.01258   51   31 1116.23355  988.02985  11.5%   8.2  988s
 351003 137215 1060.55679   75   24 1116.23355  988.15937  11.5%   8.2  992s
 351744 137454 1056.72525   80   18 1116.23355  988.23926  11.5%   8.2  996s
 352548 137771     cutoff   59      1116.23355  988.36146  11.5%   8.2 1000s
 353352 137992 1112.92017   79   12 1116.23355  988.47869  11.4%   8.2 1005s
 354261 138315 infeasible   83      1116.23355  988.58567  11.4%   8.2 1011s
 355093 138648 1073.00684   85   23 1116.23355  988.69386  11.4%   8.2 1015s
 356034 138972 1095.41884   67   35 1116.23355  988.84661  11.4%   8.2 1020s
 356914 139241 1063.11323   57   32 1116.23355  989.08452  11.4%   8.2 1025s
 357587 139852     cutoff   63      1116.23355  989.17026  11.4%   8.2 1032s
 359310 140304     cutoff   69      1116.23355  989.45789  11.4%   8.2 1038s
 360568 140992     cutoff   96      1116.23355  989.61672  11.3%   8.2 1043s
 362276 141654     cutoff   66      1116.23355  989.81946  11.3%   8.2 1049s
 363901 142145 1024.27888   42   28 1116.23355  989.98515  11.3%   8.2 1056s
 365116 142870 1101.16275   90   37 1116.23355  990.22317  11.3%   8.2 1063s
 366693 143317 1112.91942   74   10 1116.23355  990.40714  11.3%   8.2 1069s
 368080 143849     cutoff   56      1116.23355  990.66006  11.2%   8.2 1075s
 369283 144312 1115.40853   82    8 1116.23355  990.87335  11.2%   8.2 1080s
 370554 144851 1034.75928   43   24 1116.23355  991.08497  11.2%   8.2 1086s
 371906 145448 1060.62648   60   32 1116.23355  991.21319  11.2%   8.2 1090s
 373364 145984     cutoff   55      1116.23355  991.42704  11.2%   8.2 1095s
 374715 146463     cutoff   61      1116.23355  991.72369  11.2%   8.3 1100s
 376099 146904     cutoff   93      1116.23355  991.82548  11.1%   8.3 1105s
 377091 147125 1074.25975   68   23 1116.23355  992.02522  11.1%   8.3 1112s
 377648 147635     cutoff   76      1116.23355  992.04812  11.1%   8.3 1117s
 378990 148122     cutoff   89      1116.23355  992.33992  11.1%   8.3 1122s
 380422 148608     cutoff   64      1116.23355  992.44817  11.1%   8.3 1127s
 381705 149103 1086.33726   58   11 1116.23355  992.62971  11.1%   8.3 1132s
 383018 149500 1055.96812   54   24 1116.23355  992.80258  11.1%   8.3 1137s
 384260 149872 1097.54561   82   19 1116.23355  992.94761  11.0%   8.3 1142s
 385255 150471     cutoff   55      1116.23355  993.09282  11.0%   8.3 1147s
 386610 150965     cutoff   66      1116.23355  993.34601  11.0%   8.3 1152s
 387891 151297     cutoff   79      1116.23355  993.53250  11.0%   8.3 1157s
 388905 151781     cutoff   62      1116.23355  993.63217  11.0%   8.3 1162s
 390214 152256     cutoff   79      1116.23355  993.80593  11.0%   8.3 1167s
 391407 152689 1040.26595   48   39 1116.23355  994.03470  10.9%   8.3 1171s
 392638 153082 infeasible   75      1116.23355  994.09385  10.9%   8.3 1176s
 393836 153663 infeasible   65      1116.23355  994.27538  10.9%   8.3 1181s
 395168 154199 1087.05415   84   23 1116.23355  994.44530  10.9%   8.3 1185s
 396409 154489 1071.44023   78   37 1116.23355  994.56896  10.9%   8.3 1191s
 397338 154843 1091.11961   47   19 1116.23355  994.66804  10.9%   8.3 1196s
 398412 155403     cutoff   99      1116.23355  994.77514  10.9%   8.3 1201s
 399729 155792 1075.61026   58   35 1116.23355  995.01007  10.9%   8.4 1206s
 400904 156360     cutoff   75      1116.23355  995.16336  10.8%   8.4 1212s
 402251 156722 1078.69642   75   36 1116.23355  995.30689  10.8%   8.4 1217s
 403212 157174 1081.02132   60   18 1116.23355  995.47878  10.8%   8.4 1222s
 404486 157840 1092.58483   80   29 1116.23355  995.58178  10.8%   8.4 1227s
 405884 158157     cutoff   60      1116.23355  995.76256  10.8%   8.4 1232s
 406863 158480     cutoff   79      1116.23355  995.83655  10.8%   8.4 1236s
 407899 158935 1071.40620   76   28 1116.23355  995.98500  10.8%   8.4 1241s
 409142 159379     cutoff   73      1116.23355  996.12282  10.8%   8.4 1246s
 410424 159838     cutoff   64      1116.23355  996.33547  10.7%   8.4 1251s
 411712 160155 1089.18965   59   20 1116.23355  996.48519  10.7%   8.4 1257s
 412824 160637 infeasible   69      1116.23355  996.59178  10.7%   8.4 1262s
 414116 161037     cutoff   61      1116.23355  996.78611  10.7%   8.4 1267s
 415339 161290     cutoff   77      1116.23355  996.87973  10.7%   8.4 1274s
 416083 161636     cutoff   85      1116.23355  996.98579  10.7%   8.4 1279s
 417290 162079 1110.83525   62   22 1116.23355  997.23012  10.7%   8.4 1284s
 418584 162536 1094.36989   66   22 1116.23355  997.40428  10.6%   8.4 1289s
 419859 163002     cutoff   76      1116.23355  997.54360  10.6%   8.4 1295s
 421172 163522 1052.61485   57   29 1116.23355  997.75586  10.6%   8.4 1300s
 423158 164186     cutoff   59      1116.23355  997.93743  10.6%   8.4 1309s
 424447 164558     cutoff   97      1116.23355  998.07818  10.6%   8.4 1315s
H424522 164561                    1116.2335290  998.09148  10.6%   8.4 1315s
 425349 165071 1039.36533   79   41 1116.23353  998.12476  10.6%   8.4 1321s
 426660 165592 1073.67808   47   28 1116.23353  998.34003  10.6%   8.5 1327s
 427971 166022     cutoff   51      1116.23353  998.49283  10.5%   8.5 1333s
 429238 166538 1091.27348   55   10 1116.23353  998.62842  10.5%   8.5 1340s
 430588 166855     cutoff   67      1116.23353  998.79363  10.5%   8.5 1347s
 431485 167232 infeasible   56      1116.23353  998.90185  10.5%   8.5 1353s
 432755 167699     cutoff   85      1116.23353  999.02199  10.5%   8.5 1360s
 434042 168167     cutoff   88      1116.23353  999.21296  10.5%   8.5 1367s
 435433 168609 1078.47692  112   37 1116.23353  999.34569  10.5%   8.5 1373s
 436685 169060     cutoff   88      1116.23353  999.49028  10.5%   8.5 1380s
 437791 169452     cutoff   61      1116.23353  999.61216  10.4%   8.5 1387s
 439066 169917     cutoff   52      1116.23353  999.78160  10.4%   8.5 1393s
 440386 170302     cutoff   44      1116.23353  999.92597  10.4%   8.5 1400s
 441644 170614 1110.52987   55   31 1116.23353 1000.05518  10.4%   8.5 1409s
 442538 171087 1105.92656   62   24 1116.23353 1000.17426  10.4%   8.5 1416s
 443806 171568 1073.93516   56   28 1116.23353 1000.30971  10.4%   8.5 1421s
 445156 172015 1031.72631   57   41 1116.23353 1000.48885  10.4%   8.5 1426s
 446481 172466 1114.57324   42   31 1116.23353 1000.60351  10.4%   8.5 1431s
 447709 172846     cutoff   50      1116.23353 1000.71560  10.3%   8.5 1435s
 448688 173294 1096.49606   94   34 1116.23353 1000.86407  10.3%   8.5 1440s
 450015 173594 1021.79627   44   21 1116.23353 1001.01199  10.3%   8.5 1446s
 451108 174117     cutoff   62      1116.23353 1001.15405  10.3%   8.5 1451s
 452382 174613     cutoff   49      1116.23353 1001.36633  10.3%   8.5 1456s
 453672 174698 1105.08917   73   26 1116.23353 1001.50642  10.3%   8.5 1466s
 454018 175055     cutoff   93      1116.23353 1001.55588  10.3%   8.5 1472s
 455262 175437 1048.41315   49   28 1116.23353 1001.71612  10.3%   8.6 1477s
 456512 175705     cutoff   72      1116.23353 1001.79792  10.3%   8.6 1482s
 457270 176177 1097.40840   54   21 1116.23353 1001.90185  10.2%   8.6 1488s
 458662 176724 1049.02556   71   33 1116.23353 1002.01767  10.2%   8.6 1494s
 460063 177139     cutoff   77      1116.23353 1002.16683  10.2%   8.6 1500s
 461377 177444     cutoff   60      1116.23353 1002.30475  10.2%   8.6 1505s
 462386 177862 1058.59398   69   35 1116.23353 1002.43906  10.2%   8.6 1511s
 463692 178236     cutoff   84      1116.23353 1002.56908  10.2%   8.6 1517s
 464729 178650     cutoff   65      1116.23353 1002.72774  10.2%   8.6 1523s
 466038 178995 1104.20225   88   29 1116.23353 1002.87741  10.2%   8.6 1528s
 467002 179315     cutoff   85      1116.23353 1002.99726  10.1%   8.6 1534s
 468230 179716 infeasible   50      1116.23353 1003.17609  10.1%   8.6 1540s
 469510 180144 1007.22800   70   40 1116.23353 1003.33190  10.1%   8.6 1550s
 470761 180755 1045.18056   49   25 1116.23353 1003.46534  10.1%   8.6 1555s
 472195 181164     cutoff   80      1116.23353 1003.61017  10.1%   8.6 1560s
 473288 181541     cutoff   58      1116.23353 1003.72894  10.1%   8.6 1566s
 474542 181849 1078.47888   41   19 1116.23353 1003.85548  10.1%   8.6 1572s
 475529 182132 1011.29295   62   32 1116.23353 1003.95671  10.1%   8.6 1577s
 476458 182586 1060.95101   90   26 1116.23353 1004.08866  10.0%   8.6 1583s
 477811 183053     cutoff   68      1116.23353 1004.20304  10.0%   8.6 1589s
 479250 183385     cutoff   93      1116.23353 1004.41986  10.0%   8.6 1596s
 480288 183977 1061.80422   69   38 1116.23353 1004.51725  10.0%   8.6 1602s
 481685 184404 1075.59076   58   30 1116.23353 1004.67434  10.0%   8.6 1607s
 483023 184701 infeasible   73      1116.23353 1004.79013  10.0%   8.6 1612s
 483922 185100 1024.26837   71   30 1116.23353 1004.90077  10.0%   8.6 1617s
 485160 185449 1093.11353   71   36 1116.23353 1005.05298  10.0%   8.6 1623s
 486137 185993 1069.01242   46   26 1116.23353 1005.14270  10.0%   8.7 1629s
 487525 186422     cutoff   86      1116.23353 1005.35262  9.93%   8.7 1635s
 488773 186893 1075.76022   64   30 1116.23353 1005.46719  9.92%   8.7 1642s
 490139 187343     cutoff   64      1116.23353 1005.61180  9.91%   8.7 1647s
 491474 187674     cutoff   55      1116.23353 1005.76504  9.90%   8.7 1654s
 492471 188025 1092.35974   77   22 1116.23353 1005.87561  9.89%   8.7 1659s
 493496 188595     cutoff   84      1116.23353 1006.00505  9.88%   8.7 1665s
 494935 188976 infeasible   54      1116.23353 1006.11713  9.86%   8.7 1671s
 496230 189478 1051.65096   66   50 1116.23353 1006.25154  9.85%   8.7 1677s
 497590 189700     cutoff   60      1116.23353 1006.41297  9.84%   8.7 1684s
H497821 189700                    1116.2333675 1006.42694  9.84%   8.7 1684s
 498465 190141 1059.44461   70   28 1116.23337 1006.49232  9.83%   8.7 1691s
 499687 190489 1107.16121   58   23 1116.23337 1006.61970  9.82%   8.7 1698s
 501021 190860 1041.37168   71   24 1116.23337 1006.78839  9.80%   8.7 1707s
 502389 191309     cutoff   84      1116.23337 1006.88342  9.80%   8.7 1717s
 503665 191567 1114.95570  101   15 1116.23337 1007.01899  9.78%   8.7 1723s
 504494 192043     cutoff   63      1116.23337 1007.09830  9.78%   8.7 1731s
 505893 192492 1099.29243   54   26 1116.23337 1007.23451  9.76%   8.7 1739s
 507245 192917 1047.98452   59   32 1116.23337 1007.39013  9.75%   8.7 1746s
 508561 193308 1084.19819   59   22 1116.23337 1007.50100  9.74%   8.7 1753s
 509827 193635     cutoff   61      1116.23337 1007.63644  9.73%   8.7 1759s
 510898 193968 1113.06756   63   10 1116.23337 1007.76128  9.72%   8.7 1765s
 511849 194352     cutoff   62      1116.23337 1007.83460  9.71%   8.7 1772s
 513159 194725     cutoff   68      1116.23337 1008.00570  9.70%   8.7 1779s
 514547 195114 infeasible   73      1116.23337 1008.13148  9.68%   8.7 1785s
 515834 195518 1099.09639   55    8 1116.23337 1008.22566  9.68%   8.7 1791s
 517021 195936 1092.92117   70   18 1116.23337 1008.38285  9.66%   8.7 1798s
 518308 196212 1056.82277   65   37 1116.23337 1008.50325  9.65%   8.7 1804s
 519386 196589 infeasible   66      1116.23337 1008.58725  9.64%   8.7 1810s
 520606 197080     cutoff   86      1116.23337 1008.71825  9.63%   8.7 1816s
 521877 197360     cutoff   65      1116.23337 1008.83911  9.62%   8.8 1822s
 523190 197618 1098.71353   55   22 1116.23337 1008.92717  9.61%   8.8 1829s
 524001 198121     cutoff   55      1116.23337 1008.97717  9.61%   8.8 1836s
 525356 198561     cutoff   81      1116.23337 1009.16281  9.59%   8.8 1842s
 526653 198875 1099.15969   50    6 1116.23337 1009.29719  9.58%   8.8 1847s
 527622 199218     cutoff   57      1116.23337 1009.38746  9.57%   8.8 1854s
 528913 199619 1060.26583   44   16 1116.23337 1009.50579  9.56%   8.8 1861s
 530082 199971     cutoff   59      1116.23337 1009.62033  9.55%   8.8 1866s
 531070 200442 1078.27520   65   36 1116.23337 1009.69428  9.54%   8.8 1873s
 532413 200828 infeasible   53      1116.23337 1009.86065  9.53%   8.8 1880s
 533794 201194 1016.66353   59   39 1116.23337 1010.01836  9.52%   8.8 1887s
 535108 201611 1069.95075   47   21 1116.23337 1010.11918  9.51%   8.8 1894s
 536379 201831     cutoff   97      1116.23337 1010.23196  9.50%   8.8 1901s
 537136 202110 1115.04711   62   15 1116.23337 1010.29003  9.49%   8.8 1907s
 538118 202495 1061.54910   59   39 1116.23337 1010.36086  9.48%   8.8 1914s
 539468 202925 1096.19944   70   22 1116.23337 1010.48716  9.47%   8.8 1920s
 540858 203386     cutoff   74      1116.23337 1010.67219  9.46%   8.8 1927s
 542343 203808 1027.47542   60   34 1116.23337 1010.78701  9.45%   8.8 1933s
 543566 204215 1047.97422   64   34 1116.23337 1010.90839  9.44%   8.8 1939s
 544941 204550 1089.49023   60   30 1116.23337 1011.04644  9.42%   8.8 1945s
 546288 204826 1069.73840   79   16 1116.23337 1011.15040  9.41%   8.8 1952s
 547169 205046     cutoff   79      1116.23337 1011.25190  9.40%   8.8 1959s
 547968 205456     cutoff   47      1116.23337 1011.31185  9.40%   8.8 1965s
 549387 205737     cutoff   56      1116.23337 1011.46727  9.39%   8.8 1971s
 550359 206151     cutoff   73      1116.23337 1011.55726  9.38%   8.8 1977s
 551700 206488 1070.30432   65   25 1116.23337 1011.69289  9.37%   8.8 1983s
 553031 206810     cutoff   73      1116.23337 1011.84270  9.35%   8.8 1989s
 554370 207233     cutoff   86      1116.23337 1011.96041  9.34%   8.8 1996s
 555710 207635 1055.18563   49   30 1116.23337 1012.06669  9.33%   8.8 2003s
 557063 207904 1059.82316   42   10 1116.23337 1012.19781  9.32%   8.8 2008s
 557969 208291     cutoff   82      1116.23337 1012.26020  9.31%   8.8 2015s
 559292 208596 1082.04666   58   27 1116.23337 1012.38394  9.30%   8.8 2022s
 560553 208987 1088.23422   55   26 1116.23337 1012.48565  9.29%   8.9 2027s
 561932 209404     cutoff   52      1116.23337 1012.64307  9.28%   8.9 2034s
 563229 209616 1115.66352   54    6 1116.23337 1012.73452  9.27%   8.9 2043s
 564062 209861     cutoff   60      1116.23337 1012.78466  9.27%   8.9 2050s
 565072 210335 1088.72059   79   27 1116.23337 1012.90046  9.26%   8.9 2057s
 566511 210674 1077.11533   63   28 1116.23337 1013.02510  9.25%   8.9 2064s
 567850 211080     cutoff   89      1116.23337 1013.09108  9.24%   8.9 2071s
 569178 211321 1059.49655   73   17 1116.23337 1013.25909  9.23%   8.9 2078s
 570162 211757 infeasible   73      1116.23337 1013.32689  9.22%   8.9 2085s
 571489 212041     cutoff   51      1116.23337 1013.49934  9.20%   8.9 2092s
 572566 212407     cutoff   84      1116.23337 1013.58530  9.20%   8.9 2100s
 573860 212847     cutoff   52      1116.23337 1013.67610  9.19%   8.9 2107s
 575306 213135     cutoff   75      1116.23337 1013.82482  9.17%   8.9 2113s
 576645 213323     cutoff   73      1116.23337 1013.94034  9.16%   8.9 2121s
 577352 213508     cutoff   74      1116.23337 1014.00002  9.16%   8.9 2127s
 578290 213814 infeasible   57      1116.23337 1014.07083  9.15%   8.9 2134s
 579645 214238 1053.93139   83   32 1116.23337 1014.17255  9.14%   8.9 2140s
 581079 214564     cutoff   65      1116.23337 1014.28623  9.13%   8.9 2147s
 582491 214990 infeasible   51      1116.23337 1014.41813  9.12%   8.9 2153s
 583905 215310 1085.04727   52   24 1116.23337 1014.51460  9.11%   8.9 2160s
 585256 215621 1086.09800   68   32 1116.23337 1014.63752  9.10%   8.9 2167s
 586362 215973 1098.90087   71   24 1116.23337 1014.73183  9.09%   8.9 2175s
 587683 216226 1083.71877   41   17 1116.23337 1014.88709  9.08%   8.9 2182s
 588717 216628 1094.77122   46   13 1116.23337 1014.97622  9.07%   8.9 2190s
 590132 217101 1102.17041   74   14 1116.23337 1015.05079  9.06%   8.9 2199s
 591430 217445     cutoff   75      1116.23337 1015.19457  9.05%   8.9 2207s
 592628 217818 1111.79277   94   18 1116.23337 1015.28116  9.04%   8.9 2216s
 594045 218086     cutoff   55      1116.23337 1015.39643  9.03%   8.9 2224s
 595241 218270 1114.41061   50   12 1116.23337 1015.49446  9.02%   8.9 2231s
 596074 218521 infeasible   76      1116.23337 1015.59488  9.02%   8.9 2239s
 597030 218950 1097.33863   61   23 1116.23337 1015.67146  9.01%   8.9 2247s
 598437 219295 1046.58268   57   24 1116.23337 1015.80342  9.00%   8.9 2256s
 599814 219759 1113.24437   70    - 1116.23337 1015.89813  8.99%   8.9 2264s
 601228 220041 1094.33926   78   38 1116.23337 1016.04519  8.98%   8.9 2272s
 602348 220408 1084.70851  104   33 1116.23337 1016.10290  8.97%   8.9 2279s
 603689 220669 1102.90878   47   22 1116.23337 1016.22604  8.96%   9.0 2285s
 604640 220986 1115.83312   91   17 1116.23337 1016.33440  8.95%   9.0 2292s
 606030 221380     cutoff   89      1116.23337 1016.46290  8.94%   9.0 2298s
 607376 221677 1106.14399   73   25 1116.23337 1016.58688  8.93%   9.0 2305s
 608773 221962     cutoff   62      1116.23337 1016.70391  8.92%   9.0 2312s
 610016 222114 1081.15685   64   18 1116.23337 1016.82793  8.91%   9.0 2319s
 610959 222516 infeasible   66      1116.23337 1016.86284  8.90%   9.0 2326s
 612299 222737 infeasible   75      1116.23337 1017.03356  8.89%   9.0 2332s
 613302 223023 1115.62393   56    8 1116.23337 1017.13268  8.88%   9.0 2338s
 614270 223206     cutoff   47      1116.23337 1017.20718  8.87%   9.0 2347s
 614906 223599 1074.00566   76   21 1116.23337 1017.26789  8.87%   9.0 2355s
 616359 224045 1104.10258   54   11 1116.23337 1017.39850  8.85%   9.0 2363s
 617813 224422     cutoff   96      1116.23337 1017.52737  8.84%   9.0 2371s
 619260 224696 infeasible   69      1116.23337 1017.63600  8.83%   9.0 2377s
 620409 224997 1058.17908   68   29 1116.23337 1017.70300  8.83%   9.0 2384s
H620507 224996                    1116.2332166 1017.71081  8.83%   9.0 2384s
H620958 224998                    1116.2331624 1017.72387  8.83%   9.0 2384s
 621501 225303 1023.62920   64   34 1116.23316 1017.81564  8.82%   9.0 2392s
 622890 225524 1075.82542   58   27 1116.23316 1017.96332  8.80%   9.0 2400s
 623879 225928 infeasible   72      1116.23316 1018.05157  8.80%   9.0 2407s
 625346 226234     cutoff   69      1116.23316 1018.17816  8.78%   9.0 2416s
 626738 226443 infeasible   52      1116.23316 1018.27741  8.78%   9.0 2424s
 627789 226768     cutoff   53      1116.23316 1018.37073  8.77%   9.0 2432s
 628886 227237     cutoff   86      1116.23316 1018.47349  8.76%   9.0 2441s
 630435 227596     cutoff   55      1116.23316 1018.56402  8.75%   9.0 2449s
 631771 227932     cutoff   67      1116.23316 1018.66402  8.74%   9.0 2457s
 633174 228235 1076.80026   46   24 1116.23316 1018.80954  8.73%   9.0 2465s
 634538 228526 1113.67751   67   42 1116.23316 1018.90791  8.72%   9.0 2472s
 635686 228773     cutoff   48      1116.23316 1018.95686  8.71%   9.0 2480s
 636944 229154 1073.15310   58   15 1116.23316 1019.12218  8.70%   9.0 2489s
 638315 229430     cutoff   72      1116.23316 1019.25705  8.69%   9.0 2498s
 639468 229736 1112.51115   53   30 1116.23316 1019.33289  8.68%   9.0 2507s
 640837 229990 infeasible   53      1116.23316 1019.43128  8.67%   9.0 2515s
H641326 229991                    1116.2311445 1019.45176  8.67%   9.0 2515s
 641839 230239 1082.89577   59   32 1116.23114 1019.51018  8.66%   9.0 2522s
 642852 230611     cutoff   47      1116.23114 1019.63329  8.65%   9.0 2528s
 644135 230936     cutoff  103      1116.23114 1019.71339  8.65%   9.0 2536s
 645518 231347     cutoff   76      1116.23114 1019.81924  8.64%   9.0 2543s
 646927 231664 1079.55806   53   27 1116.23114 1019.91922  8.63%   9.0 2550s
 648066 231821 1062.28335   58   20 1116.23114 1019.99277  8.62%   9.0 2557s
 649067 232172 1058.71318   76   33 1116.23114 1020.11071  8.61%   9.1 2564s
 650520 232405 infeasible   63      1116.23114 1020.19948  8.60%   9.1 2571s
 651493 232631     cutoff   62      1116.23114 1020.28271  8.60%   9.1 2577s
 652461 233056     cutoff   74      1116.23114 1020.37687  8.59%   9.1 2585s
 653958 233433     cutoff   68      1116.23114 1020.49790  8.58%   9.1 2594s
 655267 233716     cutoff   71      1116.23114 1020.57101  8.57%   9.1 2602s
 656614 233931     cutoff   67      1116.23114 1020.68614  8.56%   9.1 2610s
 657665 234200     cutoff   75      1116.23114 1020.75861  8.55%   9.1 2616s
 659081 234525 1049.01679   57   25 1116.23114 1020.89790  8.54%   9.1 2624s
 660255 234817 1077.54027   57   29 1116.23114 1020.98478  8.53%   9.1 2631s
 661642 235126 1067.62879   77   18 1116.23114 1021.12085  8.52%   9.1 2638s
 663030 235422 infeasible   44      1116.23114 1021.23103  8.51%   9.1 2644s
 664379 235761 1059.00984   68   44 1116.23114 1021.32300  8.50%   9.1 2652s
 665763 236024 1108.06869   55   18 1116.23114 1021.40094  8.50%   9.1 2658s
 666870 236236 1099.74035   85   18 1116.23114 1021.49132  8.49%   9.1 2666s
 667978 236527     cutoff   75      1116.23114 1021.56972  8.48%   9.1 2674s
 669312 236815     cutoff   46      1116.23114 1021.65980  8.47%   9.1 2681s
 670701 237178     cutoff   52      1116.23114 1021.81781  8.46%   9.1 2688s
 672155 237502 1109.97304   86   26 1116.23114 1021.93348  8.45%   9.1 2694s
 673218 237896 1108.75582   56   19 1116.23114 1021.99037  8.44%   9.1 2701s
 674655 238144 1028.62274   49   36 1116.23114 1022.07910  8.43%   9.1 2709s
 675744 238443 1097.10326   46   12 1116.23114 1022.13772  8.43%   9.1 2716s
 677097 238666 1088.87648   83   32 1116.23114 1022.26991  8.42%   9.1 2723s
 678481 238851     cutoff   49      1116.23114 1022.28620  8.42%   9.1 2729s
 679622 239236 1051.76660   53   24 1116.23114 1022.44498  8.40%   9.1 2737s
 681057 239464 infeasible   54      1116.23114 1022.54455  8.39%   9.1 2744s
 682185 239770     cutoff   88      1116.23114 1022.63787  8.38%   9.1 2751s
 683570 240104 1086.80463   55   28 1116.23114 1022.75544  8.37%   9.1 2758s
 684930 240342     cutoff   62      1116.23114 1022.85673  8.37%   9.1 2767s
 685942 240622     cutoff   52      1116.23114 1022.91709  8.36%   9.1 2774s
 686995 240872 1106.67447   68    6 1116.23114 1023.00758  8.35%   9.1 2783s
 688339 241138     cutoff   73      1116.23114 1023.06954  8.35%   9.1 2789s
 689614 241304 1026.08646   57   25 1116.23114 1023.20594  8.33%   9.1 2795s
 690592 241682     cutoff   52      1116.23114 1023.28554  8.33%   9.1 2803s
 692003 241869     cutoff   82      1116.23114 1023.43222  8.31%   9.1 2810s
 693202 242180     cutoff   72      1116.23114 1023.53012  8.30%   9.2 2817s
 694673 242479     cutoff   55      1116.23114 1023.62889  8.30%   9.2 2825s
 695781 242851     cutoff   86      1116.23114 1023.69218  8.29%   9.2 2832s
 697146 243110 infeasible   53      1116.23114 1023.84248  8.28%   9.2 2839s
 698339 243312 1053.11055   67   18 1116.23114 1023.91311  8.27%   9.2 2846s
 699632 243697 infeasible   89      1116.23114 1024.00249  8.26%   9.2 2853s
 700995 244071     cutoff   44      1116.23114 1024.10573  8.25%   9.2 2860s
 702434 244340     cutoff   66      1116.23114 1024.18600  8.25%   9.2 2867s
 703607 244632 1113.56098   60   15 1116.23114 1024.27812  8.24%   9.2 2874s
 705002 244927 1089.05252   68   22 1116.23114 1024.37477  8.23%   9.2 2883s
 706189 245238 1088.31649   70   15 1116.23114 1024.45986  8.22%   9.2 2891s
 707604 245593 1107.83288   59   26 1116.23114 1024.58245  8.21%   9.2 2899s
 709028 245828 1069.98935   58   16 1116.23114 1024.69765  8.20%   9.2 2906s
 710123 246145     cutoff   94      1116.23114 1024.77523  8.19%   9.2 2913s
 711530 246373     cutoff   76      1116.23114 1024.87187  8.18%   9.2 2920s
 712555 246686 1044.59003   51   17 1116.23114 1024.95252  8.18%   9.2 2928s
 713758 246997 1061.81178   65   25 1116.23114 1025.01909  8.17%   9.2 2937s
 715109 247333 1094.79887   58   12 1116.23114 1025.11460  8.16%   9.2 2945s
 716493 247480     cutoff   62      1116.23114 1025.24802  8.15%   9.2 2953s
 717560 247782     cutoff   76      1116.23114 1025.30824  8.15%   9.2 2961s
 718992 248114 1074.71465   61   36 1116.23114 1025.41510  8.14%   9.2 2969s
 720405 248435     cutoff  110      1116.23114 1025.50254  8.13%   9.2 2977s
 721608 248683 1098.45482   69   30 1116.23114 1025.60129  8.12%   9.2 2985s
 722788 248944 1079.94201   67   43 1116.23114 1025.64318  8.12%   9.2 2994s
 723748 249237     cutoff   76      1116.23114 1025.72809  8.11%   9.2 3004s
 725100 249495 1063.82783   76   37 1116.23114 1025.83085  8.10%   9.2 3014s
 726491 249814 1095.53467   98   40 1116.23114 1025.93918  8.09%   9.2 3023s
 727880 250152 1051.32861   59   23 1116.23114 1026.05241  8.08%   9.2 3034s
 729316 250439 1070.65003   68   25 1116.23114 1026.16106  8.07%   9.2 3043s
 730549 250781 infeasible   65      1116.23114 1026.24961  8.06%   9.2 3052s
 731999 251062     cutoff   55      1116.23114 1026.35773  8.05%   9.2 3062s
 733403 251292     cutoff   93      1116.23114 1026.43824  8.04%   9.2 3070s
 734436 251613 infeasible   54      1116.23114 1026.50894  8.04%   9.2 3079s
 735847 251873     cutoff   72      1116.23114 1026.59690  8.03%   9.2 3088s
 736961 252142     cutoff   69      1116.23114 1026.66773  8.02%   9.2 3097s
 738306 252394 1101.64287   77   14 1116.23114 1026.74657  8.02%   9.2 3106s
 739609 252745 1084.49194   67   23 1116.23114 1026.88633  8.00%   9.2 3114s
 741051 252792     cutoff   57      1116.23114 1026.98338  8.00%   9.2 3128s
 741321 253149 1110.33758   69   14 1116.23114 1027.00935  7.99%   9.2 3135s
 742805 253358     cutoff   52      1116.23114 1027.13337  7.98%   9.2 3147s
 743618 253625     cutoff   60      1116.23114 1027.15264  7.98%   9.2 3154s
 745016 253921 infeasible   55      1116.23114 1027.24593  7.97%   9.2 3161s
 746446 254179 1113.30874   45    - 1116.23114 1027.30410  7.97%   9.3 3168s
 747834 254362 1078.04884  102   44 1116.23114 1027.43730  7.95%   9.3 3175s
 748956 254672 1112.13978   70   10 1116.23114 1027.49007  7.95%   9.3 3183s
 750390 255003 1091.36190   66   32 1116.23114 1027.60300  7.94%   9.3 3193s
 751749 255320     cutoff   63      1116.23114 1027.69696  7.93%   9.3 3201s
 753165 255525 1043.79922   48   25 1116.23114 1027.77899  7.92%   9.3 3208s
 754203 255689     cutoff  108      1116.23114 1027.87140  7.92%   9.3 3216s
 755562 255973 1035.07170   61   24 1116.23114 1027.97186  7.91%   9.3 3223s
 756977 256223 1105.22695   71   25 1116.23114 1028.08679  7.90%   9.3 3231s
 758148 256479 1073.32944   64   33 1116.23114 1028.15489  7.89%   9.3 3238s
 759435 256731 1103.69119   80   26 1116.23114 1028.24735  7.88%   9.3 3246s
 760848 257006     cutoff   96      1116.23114 1028.34587  7.87%   9.3 3253s
 762197 257187     cutoff   73      1116.23114 1028.44896  7.86%   9.3 3260s
 763313 257403 1039.95190   66   35 1116.23114 1028.51260  7.86%   9.3 3269s
 764379 257707     cutoff   54      1116.23114 1028.60215  7.85%   9.3 3276s
 765827 258027     cutoff   64      1116.23114 1028.66796  7.84%   9.3 3283s
 767226 258287 1097.82230   67   33 1116.23114 1028.76791  7.84%   9.3 3291s
 768553 258498     cutoff   86      1116.23114 1028.84328  7.83%   9.3 3298s
 769530 258724 1087.22094   84   32 1116.23114 1028.90820  7.82%   9.3 3305s
 770881 259021 1033.76050   59   33 1116.23114 1029.02958  7.81%   9.3 3313s
 772404 259264     cutoff   54      1116.23114 1029.12700  7.80%   9.3 3321s
 773793 259493 1065.28751   63   23 1116.23114 1029.22347  7.79%   9.3 3328s
 775038 259730 infeasible   44      1116.23114 1029.30745  7.79%   9.3 3335s
 776424 259962 1071.73597   60   24 1116.23114 1029.39448  7.78%   9.3 3345s
 777655 260164     cutoff  111      1116.23114 1029.45954  7.77%   9.3 3354s
 778778 260460     cutoff   79      1116.23114 1029.54834  7.77%   9.3 3363s
 780277 260761 1044.58213   65   31 1116.23114 1029.64935  7.76%   9.3 3372s
 781798 260924     cutoff   77      1116.23114 1029.71309  7.75%   9.3 3379s
 782810 261194     cutoff   58      1116.23114 1029.82322  7.74%   9.3 3387s
 784275 261460 1090.03197   66   30 1116.23114 1029.89849  7.73%   9.3 3395s
 785492 261657 infeasible   52      1116.23114 1029.98722  7.73%   9.3 3404s
 786833 261867 1048.73018   53   12 1116.23114 1030.05954  7.72%   9.3 3412s
 788083 262147 1093.49343   63   26 1116.23114 1030.17303  7.71%   9.3 3420s
 789562 262393     cutoff   66      1116.23114 1030.26655  7.70%   9.3 3428s
 790570 262547 1085.43076   63   31 1116.23114 1030.33335  7.70%   9.3 3437s
 791668 262957 1070.85887   77   36 1116.23114 1030.37744  7.69%   9.3 3445s
 793185 263254 1099.55978   49   16 1116.23114 1030.48206  7.68%   9.3 3452s
 794620 263387 1099.81858   52   27 1116.23114 1030.56209  7.67%   9.3 3460s
 795924 263570 1089.06123   54   35 1116.23114 1030.64372  7.67%   9.3 3467s
 797281 263793 1095.41585   71   11 1116.23114 1030.75160  7.66%   9.3 3474s
 798644 263958     cutoff   72      1116.23114 1030.84058  7.65%   9.3 3482s
 799498 264128 1079.02228   61    4 1116.23114 1030.89021  7.65%   9.4 3490s
 800804 264376     cutoff   66      1116.23114 1030.97700  7.64%   9.4 3498s
 801958 264684     cutoff   68      1116.23114 1031.05391  7.63%   9.4 3506s
 803410 264950 1089.62305   92   16 1116.23114 1031.13247  7.62%   9.4 3513s
 804804 265124 1079.59501   80   28 1116.23114 1031.22541  7.62%   9.4 3522s
 805844 265358 1096.75925   57   39 1116.23114 1031.28057  7.61%   9.4 3529s
 807296 265566 1085.51581   52   29 1116.23114 1031.39312  7.60%   9.4 3538s
 808417 265771 1088.44740   56   24 1116.23114 1031.48664  7.59%   9.4 3547s
 809901 265945 1072.96451   49   25 1116.23114 1031.57035  7.58%   9.4 3556s
 811316 266200     cutoff   83      1116.23114 1031.65554  7.58%   9.4 3565s
 812758 266375 1080.14888   62   28 1116.23114 1031.76745  7.57%   9.4 3574s
 813916 266586 1068.46081   46   20 1116.23114 1031.85557  7.56%   9.4 3582s
 815119 266824     cutoff  107      1116.23114 1031.91597  7.55%   9.4 3591s
 816554 267049 1107.32430   55   33 1116.23114 1031.98937  7.55%   9.4 3601s
 817586 267348     cutoff   67      1116.23114 1032.07368  7.54%   9.4 3610s
 819072 267602 1069.07875   79   43 1116.23114 1032.17371  7.53%   9.4 3618s
 820525 267769 1054.41628   88   36 1116.23114 1032.26457  7.52%   9.4 3626s
 821558 267939     cutoff   53      1116.23114 1032.35337  7.51%   9.4 3635s
 822987 268216 infeasible   71      1116.23114 1032.43356  7.51%   9.4 3643s
 824452 268386     cutoff  113      1116.23114 1032.48271  7.50%   9.4 3653s
 825551 268536 1044.08053   57   33 1116.23114 1032.59060  7.49%   9.4 3661s
 826682 268813     cutoff   50      1116.23114 1032.66219  7.49%   9.4 3672s
 828175 269091 infeasible   65      1116.23114 1032.75730  7.48%   9.4 3683s
 829428 269315     cutoff  112      1116.23114 1032.81847  7.47%   9.4 3693s
 830856 269519 1101.63027   80   10 1116.23114 1032.92071  7.46%   9.4 3702s
 832033 269806 infeasible   83      1116.23114 1032.97650  7.46%   9.4 3711s
 833548 270049 1108.98260   60   12 1116.23114 1033.07549  7.45%   9.4 3719s
 834962 270248 1115.51957   72   20 1116.23114 1033.18114  7.44%   9.4 3728s
 836376 270425     cutoff   57      1116.23114 1033.27486  7.43%   9.4 3737s
 837560 270642 1078.27578   63   26 1116.23114 1033.33238  7.43%   9.4 3745s
 838672 270927 infeasible   58      1116.23114 1033.41879  7.42%   9.4 3754s
 840173 271092 1112.36097   60   18 1116.23114 1033.51113  7.41%   9.4 3762s
 841627 271289     cutoff   80      1116.23114 1033.58593  7.40%   9.4 3770s
 843023 271444 1086.24869   59   20 1116.23114 1033.69666  7.39%   9.4 3779s
 844257 271517 1073.20651   81   25 1116.23114 1033.74348  7.39%   9.4 3787s
 845339 271654 1095.36671   53   36 1116.23114 1033.84062  7.38%   9.4 3795s
 846726 271891 infeasible   62      1116.23114 1033.94137  7.37%   9.4 3803s
 848214 272146 1063.46285   50   36 1116.23114 1034.03511  7.36%   9.4 3811s
 849689 272270     cutoff   64      1116.23114 1034.12072  7.36%   9.4 3820s
 850635 272497     cutoff   52      1116.23114 1034.18005  7.35%   9.4 3828s
 852004 272713 1100.07777   81   22 1116.23114 1034.28681  7.34%   9.4 3837s
 853471 272909     cutoff   57      1116.23114 1034.38864  7.33%   9.4 3844s
 854568 273122 infeasible   61      1116.23114 1034.46060  7.33%   9.4 3853s
 856049 273295     cutoff   49      1116.23114 1034.58196  7.31%   9.4 3861s
 857467 273481     cutoff   51      1116.23114 1034.68358  7.31%   9.5 3870s
 858703 273689 1092.25225   79   27 1116.23114 1034.74930  7.30%   9.5 3877s
 859781 273862     cutoff   49      1116.23114 1034.80694  7.29%   9.5 3885s
 861205 274077 infeasible   59      1116.23114 1034.90771  7.29%   9.5 3893s
 862636 274269     cutoff   46      1116.23114 1035.00532  7.28%   9.5 3903s
 864069 274420     cutoff   81      1116.23114 1035.09437  7.27%   9.5 3912s
 865159 274677     cutoff   61      1116.23114 1035.13775  7.26%   9.5 3922s
 866399 274992     cutoff   74      1116.23114 1035.23452  7.26%   9.5 3932s
 867883 275174     cutoff   93      1116.23114 1035.32554  7.25%   9.5 3942s
 869313 275377     cutoff   53      1116.23114 1035.40044  7.24%   9.5 3951s
 870384 275616     cutoff   45      1116.23114 1035.47950  7.23%   9.5 3962s
 871819 275823 infeasible   54      1116.23114 1035.58748  7.22%   9.5 3973s
 873050 275994 1110.98158   87   26 1116.23114 1035.61448  7.22%   9.5 3981s
 874475 276177 1114.50574   76   26 1116.23114 1035.75110  7.21%   9.5 3991s
 875937 276342 1106.50003   83   31 1116.23114 1035.83676  7.20%   9.5 3999s
 877078 276518 1091.78681   87   27 1116.23114 1035.90709  7.20%   9.5 4008s
 878529 276682 1089.00026   59   27 1116.23114 1036.00822  7.19%   9.5 4017s
 879969 276841 1089.22348   77   37 1116.23114 1036.09624  7.18%   9.5 4028s
 881506 277005 1064.09133  101   35 1116.23114 1036.18335  7.17%   9.5 4038s
 882706 277112     cutoff   62      1116.23114 1036.24076  7.17%   9.5 4046s
 883921 277273     cutoff   69      1116.23114 1036.34441  7.16%   9.5 4054s
 885373 277462 1101.97579   80   16 1116.23114 1036.44433  7.15%   9.5 4063s
 886625 277755 1079.58360   60   27 1116.23114 1036.51466  7.14%   9.5 4071s
 888129 277956 1101.04332   69   26 1116.23114 1036.61042  7.13%   9.5 4080s
 889506 278155     cutoff   72      1116.23114 1036.69556  7.13%   9.5 4089s
 890959 278357 1075.50818   84   30 1116.23114 1036.79070  7.12%   9.5 4097s
 891866 278494 1110.69335   57   14 1116.23114 1036.83439  7.11%   9.5 4106s
 893311 278671 1078.78133   51   27 1116.23114 1036.91817  7.11%   9.5 4115s
 894704 278851 1094.71387   70   11 1116.23114 1037.00989  7.10%   9.5 4123s
 895890 279114     cutoff   49      1116.23114 1037.08970  7.09%   9.5 4132s
 897214 279264 1074.62663   63   43 1116.23114 1037.16661  7.08%   9.5 4142s
 898320 279381 1093.98261  100   41 1116.23114 1037.19508  7.08%   9.5 4150s
 899407 279606 1093.56016   55   20 1116.23114 1037.31031  7.07%   9.5 4159s
 900928 279808 1041.51432   61   26 1116.23114 1037.40253  7.06%   9.5 4170s
 902392 280006 1064.06585   66   39 1116.23114 1037.47567  7.06%   9.5 4180s
 903842 280122 1100.29244   47   12 1116.23114 1037.56100  7.05%   9.5 4189s
 905021 280388     cutoff   54      1116.23114 1037.61754  7.04%   9.5 4199s
 906538 280599 1085.92455   72   40 1116.23114 1037.69585  7.04%   9.5 4208s
 908015 280719 1100.42350   63   28 1116.23114 1037.79574  7.03%   9.5 4220s
 909309 280907 1105.86402   58   17 1116.23114 1037.85261  7.02%   9.5 4228s
 910515 281106 1070.49666   52   24 1116.23114 1037.92864  7.01%   9.5 4238s
 912049 281316     cutoff   67      1116.23114 1038.01545  7.01%   9.5 4247s
 913508 281417     cutoff   67      1116.23114 1038.11833  7.00%   9.5 4256s
 914701 281545     cutoff   96      1116.23114 1038.18736  6.99%   9.5 4265s
 915587 281766 1093.52733   49    8 1116.23114 1038.23330  6.99%   9.5 4274s
 916990 281932     cutoff   71      1116.23114 1038.34624  6.98%   9.5 4284s
 918480 282016     cutoff   61      1116.23114 1038.41006  6.97%   9.5 4293s
 919654 282235     cutoff   79      1116.23114 1038.48431  6.97%   9.6 4302s
 921161 282309 1087.17768   82   39 1116.23114 1038.59291  6.96%   9.6 4312s
 922299 282419 1093.28700   50   17 1116.23114 1038.64847  6.95%   9.6 4322s
 923473 282591 1075.23123   66   15 1116.23114 1038.70811  6.95%   9.6 4333s
 925073 282716 1076.57186   56   34 1116.23114 1038.78350  6.94%   9.6 4342s
 926384 283003 1087.95233   59   28 1116.23114 1038.86336  6.93%   9.6 4350s
 928023 283125 1113.83632   80   12 1116.23114 1038.94136  6.92%   9.6 4360s
 929220 283337 1073.49789   70   29 1116.23114 1038.99215  6.92%   9.6 4368s
 930669 283480 1091.50074   55   28 1116.23114 1039.10250  6.91%   9.6 4377s
 931878 283608     cutoff   58      1116.23114 1039.16553  6.90%   9.6 4386s
 933364 283784     cutoff   81      1116.23114 1039.26773  6.89%   9.6 4395s
 934902 283973     cutoff   92      1116.23114 1039.35133  6.89%   9.6 4403s
 936380 284083 1059.06514   67   19 1116.23114 1039.43238  6.88%   9.6 4412s
 937403 284280     cutoff   84      1116.23114 1039.50325  6.87%   9.6 4421s
 938976 284364 1078.39626   51   15 1116.23114 1039.60245  6.86%   9.6 4433s
 939555 284412 1092.10866   68   33 1116.23114 1039.62658  6.86%   9.6 4442s
 940779 284679 1105.26486   68   23 1116.23114 1039.71360  6.85%   9.6 4452s
 942431 284748     cutoff   50      1116.23114 1039.79740  6.85%   9.6 4462s
 943484 284887 1089.47666   66   34 1116.23114 1039.85376  6.84%   9.6 4471s
 945054 285062 1089.94617   56   34 1116.23114 1039.95429  6.83%   9.6 4481s
 946522 285245     cutoff   85      1116.23114 1040.03147  6.83%   9.6 4490s
 947794 285397     cutoff  103      1116.23114 1040.09919  6.82%   9.6 4499s
 949327 285554 1111.38089   61   28 1116.23114 1040.19217  6.81%   9.6 4509s
 950638 285688 infeasible   58      1116.23114 1040.24323  6.81%   9.6 4519s
 952124 285861     cutoff   71      1116.23114 1040.33382  6.80%   9.6 4527s
 953280 285983 1113.22077   79   20 1116.23114 1040.41058  6.79%   9.6 4536s
 954544 286198 1106.31662   85   28 1116.23114 1040.48235  6.79%   9.6 4545s
 956153 286370     cutoff  117      1116.23114 1040.58129  6.78%   9.6 4556s
 957479 286531 infeasible   58      1116.23114 1040.63647  6.77%   9.6 4565s
 959062 286701     cutoff   69      1116.23114 1040.73804  6.76%   9.6 4575s
 960488 286836     cutoff   80      1116.23114 1040.82261  6.76%   9.6 4585s
 961714 287096     cutoff   79      1116.23114 1040.89695  6.75%   9.6 4595s
 963366 287212 1056.70289   66   22 1116.23114 1040.97876  6.74%   9.6 4606s
 964598 287344 1092.17798   65   20 1116.23114 1041.05939  6.73%   9.6 4617s
 966137 287470 1090.81980   53   28 1116.23114 1041.14182  6.73%   9.6 4627s
 967445 287605     cutoff   62      1116.23114 1041.20761  6.72%   9.6 4637s
 968867 287716 1109.99626   68   12 1116.23114 1041.30713  6.71%   9.6 4648s
 970088 287904 infeasible   75      1116.23114 1041.35473  6.71%   9.6 4659s
 971574 288063 1076.22458   47    8 1116.23114 1041.44504  6.70%   9.6 4669s
 972864 288164 infeasible   85      1116.23114 1041.49775  6.70%   9.6 4679s
H973402 288167                    1116.2310443 1041.51335  6.69%   9.6 4679s
 974074 288325     cutoff   81      1116.23104 1041.57605  6.69%   9.6 4691s
 975615 288438     cutoff   57      1116.23104 1041.66437  6.68%   9.6 4701s
 976867 288513     cutoff   89      1116.23104 1041.72698  6.67%   9.6 4713s
 978334 288670 infeasible   62      1116.23104 1041.82318  6.67%   9.6 4724s
 979896 288821     cutoff   96      1116.23104 1041.90372  6.66%   9.6 4735s
 981070 289018     cutoff   54      1116.23104 1041.96598  6.65%   9.6 4745s
 982364 289257     cutoff   77      1116.23104 1042.03732  6.65%   9.6 4756s
 983957 289424 1114.44963   67   26 1116.23104 1042.11950  6.64%   9.6 4767s
 985422 289520 1077.62538   85   31 1116.23104 1042.21146  6.63%   9.6 4776s
 986697 289661 1094.04904   59   32 1116.23104 1042.28383  6.62%   9.6 4785s
 988257 289810 1089.58925   64   37 1116.23104 1042.35542  6.62%   9.6 4794s
 989667 289981 1105.36587  106   24 1116.23104 1042.41717  6.61%   9.6 4803s
 991171 290093     cutoff   45      1116.23104 1042.51124  6.60%   9.7 4813s
 992149 290200     cutoff   49      1116.23104 1042.55066  6.60%   9.7 4822s
 993436 290380 1080.53018   81   31 1116.23104 1042.61420  6.60%   9.7 4832s
 994968 290511     cutoff   60      1116.23104 1042.70367  6.59%   9.7 4842s
 996406 290616 1069.65957   60   21 1116.23104 1042.77791  6.58%   9.7 4851s
 997569 290880 1070.15021   76   24 1116.23104 1042.85648  6.57%   9.7 4859s
 999183 290999     cutoff   49      1116.23104 1042.90950  6.57%   9.7 4868s
 1000645 291179 infeasible   65      1116.23104 1043.01049  6.56%   9.7 4877s
 1002118 291269     cutoff   78      1116.23104 1043.09224  6.55%   9.7 4888s
 1003474 291407 1095.23841   66   20 1116.23104 1043.16361  6.55%   9.7 4900s
 1004299 291578 1101.21434   63   18 1116.23104 1043.20360  6.54%   9.7 4909s
 1005834 291729 1068.44456   51   23 1116.23104 1043.29168  6.53%   9.7 4918s
 1007023 291817     cutoff   70      1116.23104 1043.35241  6.53%   9.7 4928s
 1008579 291946 1089.11023   90   24 1116.23104 1043.43960  6.52%   9.7 4937s
 1010114 292119 infeasible   56      1116.23104 1043.51019  6.51%   9.7 4947s
 1011589 292250 1051.64729   74   35 1116.23104 1043.59808  6.51%   9.7 4956s
 1013125 292401     cutoff   87      1116.23104 1043.69180  6.50%   9.7 4965s
 1014333 292571 1104.13873   52   25 1116.23104 1043.75191  6.49%   9.7 4975s
 1015900 292721 1080.45829   80   32 1116.23104 1043.82876  6.49%   9.7 4985s
 1017359 292900 1112.97066   60    6 1116.23104 1043.89502  6.48%   9.7 4995s
 1018875 293044 1100.89824   69   14 1116.23104 1043.96242  6.47%   9.7 5005s
 1020039 293096     cutoff   74      1116.23104 1044.03860  6.47%   9.7 5015s
 1021476 293163     cutoff   47      1116.23104 1044.10494  6.46%   9.7 5025s
 1022715 293345     cutoff   66      1116.23104 1044.17014  6.46%   9.7 5034s
 1024133 293475     cutoff   85      1116.23104 1044.23286  6.45%   9.7 5044s
 1025652 293565 1104.87070   90   27 1116.23104 1044.31343  6.44%   9.7 5054s
 1026912 293696 1071.94383   56   26 1116.23104 1044.38591  6.44%   9.7 5064s
 1028465 293820     cutoff   91      1116.23104 1044.45578  6.43%   9.7 5074s
 1029952 293945 infeasible   57      1116.23104 1044.54319  6.42%   9.7 5083s
 1030925 294047     cutoff   72      1116.23104 1044.58346  6.42%   9.7 5093s
 1032489 294156 1088.96748   48   26 1116.23104 1044.68235  6.41%   9.7 5103s
 1033635 294278     cutoff   69      1116.23104 1044.74883  6.40%   9.7 5114s
 1035194 294427     cutoff   58      1116.23104 1044.82756  6.40%   9.7 5123s
 1036518 294551     cutoff   90      1116.23104 1044.91569  6.39%   9.7 5134s
 1038016 294690 1098.04699   89   31 1116.23104 1044.99165  6.38%   9.7 5145s
 1039579 294806     cutoff   58      1116.23104 1045.07002  6.38%   9.7 5155s
 1040927 294945     cutoff   76      1116.23104 1045.13140  6.37%   9.7 5165s
 1042521 295146 1115.11717   60   18 1116.23104 1045.22088  6.36%   9.7 5176s
 1044105 295195     cutoff   86      1116.23104 1045.27887  6.36%   9.7 5186s
 1045138 295331 1089.21176   81   24 1116.23104 1045.34968  6.35%   9.7 5197s
 1046669 295405 1063.02593   69   42 1116.23104 1045.44139  6.34%   9.7 5208s
 1047969 295501 1053.10301   67   33 1116.23104 1045.48590  6.34%   9.7 5219s
 1049469 295633 1112.44045   42    8 1116.23104 1045.58567  6.33%   9.7 5229s
 1050670 295822 1103.99423   80   23 1116.23104 1045.65790  6.32%   9.7 5240s
 1052180 295931 1062.63065   59   34 1116.23104 1045.70694  6.32%   9.7 5251s
 1053692 296030 1114.53175   71   17 1116.23104 1045.80325  6.31%   9.7 5262s
 1055127 296127 1057.54674   82   30 1116.23104 1045.89233  6.30%   9.7 5272s
 1056645 296205     cutoff   97      1116.23104 1045.98166  6.29%   9.7 5281s
 1057909 296292 infeasible   61      1116.23104 1046.03168  6.29%   9.7 5291s
 1059241 296455 infeasible   59      1116.23104 1046.08955  6.28%   9.7 5301s
 1060727 296682     cutoff   65      1116.23104 1046.15785  6.28%   9.7 5311s
 1062278 296774 infeasible   81      1116.23104 1046.23540  6.27%   9.7 5320s
 1063478 296911 1062.59031   44   27 1116.23104 1046.31395  6.26%   9.7 5330s
 1065085 296927 1085.07071   53   16 1116.23104 1046.38645  6.26%   9.7 5342s
 1066442 297010     cutoff   85      1116.23104 1046.47592  6.25%   9.8 5352s
 1067684 297081 1076.56621   79   18 1116.23104 1046.53372  6.24%   9.8 5362s
 1068974 297095     cutoff   59      1116.23104 1046.60551  6.24%   9.8 5373s
 1070515 297171 1103.36358   92   28 1116.23104 1046.69009  6.23%   9.8 5383s
 1071775 297229 1067.82142   51   31 1116.23104 1046.76334  6.22%   9.8 5394s
 1072660 297231 1053.80175   64   39 1116.23104 1046.76943  6.22%   9.8 5395s
 1073046 297334 1105.20654   77   20 1116.23104 1046.79616  6.22%   9.8 5406s
 1074591 297342     cutoff  104      1116.23104 1046.88330  6.21%   9.8 5417s
 1075921 297448     cutoff   80      1116.23104 1046.98757  6.20%   9.8 5428s
 1077401 297571 1049.30073   52   36 1116.23104 1047.05954  6.20%   9.8 5439s
 1079025 297566 1086.86062   74   35 1116.23104 1047.14124  6.19%   9.8 5450s
 1080180 297610     cutoff   65      1116.23104 1047.21085  6.18%   9.8 5462s
 1081515 297659 1099.41315   81   30 1116.23104 1047.26779  6.18%   9.8 5475s
 1083114 297737     cutoff   48      1116.23104 1047.35466  6.17%   9.8 5488s
 1084656 297725 infeasible   68      1116.23104 1047.43825  6.16%   9.8 5501s
 1085877 297729     cutoff   82      1116.23104 1047.51241  6.16%   9.8 5512s
 1087169 297742 1093.67607   62   33 1116.23104 1047.59959  6.15%   9.8 5522s
 1088455 297751 infeasible   60      1116.23104 1047.65330  6.14%   9.8 5533s
 1090092 297791 1099.20540   89   21 1116.23104 1047.75441  6.13%   9.8 5545s
 1091830 297885 1093.28250   78   42 1116.23104 1047.82774  6.13%   9.8 5555s
 1093218 298006 1085.75213   56   20 1116.23104 1047.90705  6.12%   9.8 5567s
 1094594 298031 1109.44344   58    6 1116.23104 1047.94444  6.12%   9.8 5576s
 1095908 298035 1098.73822   63   15 1116.23104 1048.02628  6.11%   9.8 5587s
 1097503 298073 1095.76017   45   16 1116.23104 1048.10579  6.10%   9.8 5596s
 1098935 298133     cutoff   51      1116.23104 1048.19926  6.09%   9.8 5607s
 1100581 298181 1086.89937   54   26 1116.23104 1048.28169  6.09%   9.8 5617s
 1101630 298254 1110.09840   71   31 1116.23104 1048.32315  6.08%   9.8 5627s
 1102777 298308 1099.44783   61   26 1116.23104 1048.38979  6.08%   9.8 5638s
 1104454 298343 infeasible   57      1116.23104 1048.46563  6.07%   9.8 5651s
 1104946 298423     cutoff   50      1116.23104 1048.48311  6.07%   9.8 5661s
 1106273 298456 1054.79361   53   23 1116.23104 1048.56531  6.06%   9.8 5671s
 1108018 298469 1109.01894   52   31 1116.23104 1048.65390  6.05%   9.8 5682s
 1109437 298485 1076.91707   53   22 1116.23104 1048.72238  6.05%   9.8 5692s
 1110607 298553 1112.02081   73   37 1116.23104 1048.78526  6.04%   9.8 5703s
 1112153 298642 1097.16703   58   33 1116.23104 1048.86043  6.04%   9.8 5715s
 1113808 298661 1103.75580   57   23 1116.23104 1048.95217  6.03%   9.8 5726s
 1115210 298674     cutoff   76      1116.23104 1049.01565  6.02%   9.8 5738s
 1116662 298630     cutoff   70      1116.23104 1049.07530  6.02%   9.8 5747s
 1117929 298725     cutoff   78      1116.23104 1049.16980  6.01%   9.8 5761s
 1119522 298807     cutoff   49      1116.23104 1049.24743  6.00%   9.8 5773s
 1121092 298768 infeasible   82      1116.23104 1049.31871  5.99%   9.8 5786s
 1122423 298822 infeasible   46      1116.23104 1049.39241  5.99%   9.8 5798s
 1123900 298853     cutoff   66      1116.23104 1049.46081  5.98%   9.8 5810s
 1125556 298877     cutoff   72      1116.23104 1049.55771  5.97%   9.8 5821s
 1126835 298902     cutoff   93      1116.23104 1049.61756  5.97%   9.8 5833s
 1128463 298921     cutoff   46      1116.23104 1049.70980  5.96%   9.8 5844s
 1129797 298959 1066.90621   78   31 1116.23104 1049.77996  5.95%   9.8 5855s
 1130998 299031 1081.01492   52   32 1116.23104 1049.83103  5.95%   9.8 5866s
 1132681 299120     cutoff   52      1116.23104 1049.90893  5.94%   9.8 5877s
 1134021 299121 1094.40379   64   34 1116.23104 1049.97504  5.94%   9.8 5888s
 1135805 299105     cutoff   65      1116.23104 1050.06946  5.93%   9.8 5899s
 1137478 299061 1102.26683   50   35 1116.23104 1050.14500  5.92%   9.9 5910s
 1138540 299077 1086.78436   68   25 1116.23104 1050.17434  5.92%   9.9 5921s
 1140056 299084 1094.05831   52   36 1116.23104 1050.26621  5.91%   9.9 5932s
 1141314 299128 1099.64883   58   23 1116.23104 1050.34857  5.90%   9.9 5943s
 1142969 299182     cutoff   82      1116.23104 1050.45476  5.89%   9.9 5952s
 1144650 299155     cutoff   93      1116.23104 1050.52688  5.89%   9.9 5963s
 1145879 299137     cutoff   70      1116.23104 1050.60151  5.88%   9.9 5973s
 1147269 299148     cutoff   89      1116.23104 1050.67513  5.87%   9.9 5984s
 1148718 299259     cutoff   62      1116.23104 1050.75379  5.87%   9.9 5995s
 1150473 299197 1079.70991   54   11 1116.23104 1050.83889  5.86%   9.9 6005s
 1151779 299259 1053.93392   53   41 1116.23104 1050.89594  5.85%   9.9 6015s
 1153007 299213 1070.33112   57   37 1116.23104 1050.94703  5.85%   9.9 6027s
 1154355 299259 infeasible   55      1116.23104 1050.99982  5.84%   9.9 6039s
 1155753 299221 1107.22231   64   20 1116.23104 1051.07795  5.84%   9.9 6052s
 1157571 299210 1094.43923   77   32 1116.23104 1051.13979  5.83%   9.9 6061s
 1158877 299203 1086.71685   66   20 1116.23104 1051.21720  5.82%   9.9 6074s
 1160280 299186 1072.91757   90   10 1116.23104 1051.29337  5.82%   9.9 6087s
 1161832 299242 infeasible   72      1116.23104 1051.37614  5.81%   9.9 6098s
 1163259 299268 1082.41700   57   27 1116.23104 1051.45100  5.80%   9.9 6111s
 1165048 299282     cutoff   64      1116.23104 1051.52661  5.80%   9.9 6126s
 1166738 299242 1109.61303   62   24 1116.23104 1051.60290  5.79%   9.9 6138s
 1168044 299267     cutoff   79      1116.23104 1051.66700  5.78%   9.9 6152s
 1169792 299315 1080.39080   60   14 1116.23104 1051.75365  5.78%   9.9 6165s
 1171228 299350 1111.88940   59   25 1116.23104 1051.80702  5.77%   9.9 6177s
 1172869 299334 infeasible   54      1116.23104 1051.87933  5.77%   9.9 6187s
 1174248 299386 1107.12734   88   16 1116.23104 1051.94170  5.76%   9.9 6199s
 1175521 299376 1086.96231   49   17 1116.23104 1051.98916  5.76%   9.9 6211s
 1176858 299350 1110.74924   66   24 1116.23104 1052.06317  5.75%   9.9 6226s
 1178447 299272 1112.39895   77   32 1116.23104 1052.15620  5.74%   9.9 6240s
 1179743 299241 1075.35767   77   30 1116.23104 1052.23000  5.73%   9.9 6250s
 1181155 299205 1083.34997   68   27 1116.23104 1052.30430  5.73%   9.9 6261s
 1182508 299178 1084.18601   46   31 1116.23104 1052.36933  5.72%   9.9 6274s
 1184188 299255 1104.77835   62   12 1116.23104 1052.45181  5.71%   9.9 6285s
 1185601 299297     cutoff   58      1116.23104 1052.52388  5.71%   9.9 6297s
 1187263 299302 1080.59985   67   37 1116.23104 1052.59675  5.70%   9.9 6309s
 1188716 299268     cutoff   64      1116.23104 1052.67291  5.69%   9.9 6321s
 1190055 299230     cutoff   75      1116.23104 1052.73527  5.69%   9.9 6332s
 1191705 299145 1079.25112   47   31 1116.23104 1052.82481  5.68%   9.9 6343s
 1193113 299148 1081.21810   60   40 1116.23104 1052.89392  5.67%   9.9 6354s
 1194828 299176 1060.15229   90   33 1116.23104 1052.98297  5.67%   9.9 6364s
 1196294 299138 infeasible   50      1116.23104 1053.02914  5.66%   9.9 6377s
 1197556 299130 1113.85518   79    8 1116.23104 1053.09211  5.66%   9.9 6389s
 1198930 299138 1092.09232   77   15 1116.23104 1053.17778  5.65%   9.9 6402s
 1200739 299081     cutoff   63      1116.23104 1053.25330  5.64%   9.9 6413s
 1202146 299080 1111.07883   61   20 1116.23104 1053.31506  5.64%   9.9 6424s
 1203879 299006 1104.67801   80   27 1116.23104 1053.40358  5.63%   9.9 6436s
 1205028 298909 1104.73281   84   30 1116.23104 1053.45585  5.62%   9.9 6447s
 1206465 298897 1102.44305   52   25 1116.23104 1053.53031  5.62%  10.0 6458s
 1207857 298858     cutoff  100      1116.23104 1053.59983  5.61%  10.0 6469s
 1209297 298835 1099.06925   76   24 1116.23104 1053.68019  5.60%  10.0 6482s
 1210736 298822     cutoff   90      1116.23104 1053.74890  5.60%  10.0 6494s
 1212100 298782 1075.56606   78   21 1116.23104 1053.78750  5.59%  10.0 6507s
 1213871 298792 1093.12641   62    9 1116.23104 1053.89361  5.58%  10.0 6519s
 1215333 298782     cutoff   95      1116.23104 1053.95735  5.58%  10.0 6533s
 1217124 298737 infeasible   64      1116.23104 1054.03193  5.57%  10.0 6544s
 1218422 298702 1060.58605   52   25 1116.23104 1054.09512  5.57%  10.0 6556s
 1219882 298715     cutoff   72      1116.23104 1054.17158  5.56%  10.0 6568s
 1221735 298649 1107.99127   71   17 1116.23104 1054.23708  5.55%  10.0 6578s
 1223210 298613     cutoff   65      1116.23104 1054.30734  5.55%  10.0 6590s
 1224835 298601     cutoff   60      1116.23104 1054.40068  5.54%  10.0 6601s
 1226092 298561     cutoff   76      1116.23104 1054.44462  5.54%  10.0 6612s
 1227689 298548     cutoff   85      1116.23104 1054.53735  5.53%  10.0 6622s
 1229237 298531     cutoff   68      1116.23104 1054.59019  5.52%  10.0 6634s
 1230972 298503 1067.68729   50   22 1116.23104 1054.67306  5.51%  10.0 6649s
 1232280 298442 infeasible   98      1116.23104 1054.72083  5.51%  10.0 6661s
 1233632 298319     cutoff   78      1116.23104 1054.78574  5.50%  10.0 6674s
 1235335 298265     cutoff   56      1116.23104 1054.87834  5.50%  10.0 6686s
 1236774 298144 1106.36243   74   17 1116.23104 1054.96021  5.49%  10.0 6697s
 1238208 298133 1103.65466   62   23 1116.23104 1055.01747  5.48%  10.0 6709s
 1239480 298016     cutoff   46      1116.23104 1055.07815  5.48%  10.0 6721s
 1241055 297989     cutoff   71      1116.23104 1055.13861  5.47%  10.0 6731s
 1242569 297983     cutoff   71      1116.23104 1055.20971  5.47%  10.0 6742s
 1244052 297903 1086.03184   52   19 1116.23104 1055.28236  5.46%  10.0 6753s
 1245596 297870 1112.00933   80   16 1116.23104 1055.35861  5.45%  10.0 6765s
 1246939 297827 infeasible   84      1116.23104 1055.41187  5.45%  10.0 6776s
 1248754 297747 1097.94399  110   29 1116.23104 1055.49859  5.44%  10.0 6787s
 1250222 297735     cutoff   96      1116.23104 1055.56471  5.43%  10.0 6799s
 1251905 297682     cutoff   69      1116.23104 1055.65304  5.43%  10.0 6811s
 1253180 297649 1075.90260   49   21 1116.23104 1055.69945  5.42%  10.0 6823s
 1254654 297561 1110.65205   73   33 1116.23104 1055.77971  5.42%  10.0 6834s
 1256187 297482 1076.79376   61   25 1116.23104 1055.86198  5.41%  10.0 6846s
 1257639 297469 1085.82526   65   34 1116.23104 1055.92099  5.40%  10.0 6858s
 1259212 297400     cutoff   53      1116.23104 1055.97508  5.40%  10.0 6870s
 1260767 297342 1075.35686   80   24 1116.23104 1056.04469  5.39%  10.0 6881s
 1262273 297276 1078.11318   86   36 1116.23104 1056.12751  5.38%  10.0 6893s
 1264155 297185     cutoff   91      1116.23104 1056.21186  5.38%  10.0 6905s
 1265690 297111 1068.33393   75   30 1116.23104 1056.27166  5.37%  10.0 6917s
 1267263 296992 1088.96994   49   21 1116.23104 1056.34061  5.37%  10.0 6929s
 1268745 296889 infeasible   71      1116.23104 1056.41775  5.36%  10.0 6941s
 1270494 296840     cutoff   70      1116.23104 1056.50881  5.35%  10.0 6956s
 1271983 296811     cutoff   82      1116.23104 1056.56787  5.35%  10.0 6969s
 1273780 296770     cutoff   89      1116.23104 1056.62468  5.34%  10.0 6979s
 1274982 296713 1087.10261   54   20 1116.23104 1056.70757  5.33%  10.0 6990s
 1276570 296604     cutoff   60      1116.23104 1056.76776  5.33%  10.0 7002s
 1278335 296560 1095.22713   63   20 1116.23104 1056.85602  5.32%  10.0 7013s
 1279767 296468     cutoff  101      1116.23104 1056.92690  5.31%  10.1 7025s
 1281589 296436 1101.52511   43   13 1116.23104 1056.98940  5.31%  10.1 7043s
 1282164 296424 1070.32908   45   24 1116.23104 1057.00778  5.31%  10.1 7055s
 1283580 296352 1085.92811   60   27 1116.23104 1057.08782  5.30%  10.1 7067s
 1285086 296316 infeasible   48      1116.23104 1057.15497  5.29%  10.1 7079s
 1286499 296227     cutoff   51      1116.23104 1057.20921  5.29%  10.1 7091s
 1288209 296212     cutoff   61      1116.23104 1057.29813  5.28%  10.1 7104s
 1289646 296103     cutoff   84      1116.23104 1057.36427  5.27%  10.1 7117s
 1291200 296016     cutoff   76      1116.23104 1057.44374  5.27%  10.1 7129s
 1293123 295920     cutoff   71      1116.23104 1057.53334  5.26%  10.1 7142s
 1294773 295873     cutoff   85      1116.23104 1057.59433  5.25%  10.1 7154s
 1296137 295819 1097.71653   66   10 1116.23104 1057.65568  5.25%  10.1 7167s
 1298039 295793     cutoff   84      1116.23104 1057.73606  5.24%  10.1 7179s
 1299621 295727     cutoff   46      1116.23104 1057.79181  5.24%  10.1 7191s
 1301489 295668     cutoff   53      1116.23104 1057.87226  5.23%  10.1 7200s

Cutting planes:
  Lazy constraints: 8493

Explored 1302525 nodes (13128002 simplex iterations) in 7200.18 seconds
Thread count was 12 (of 12 available processors)

Solution count 10: 1116.23 1150.78 1152.09 ... 1234.37

Time limit reached
Best objective 1.116231044260e+03, best bound 1.057892808437e+03, gap 5.2264%

User-callback calls 3669197, time in user-callback 13.05 sec
/projects/academic/josewalt/caigao/RRARP_BD/BendersDecomp/ret/model_outs/n_19_h_9_algo_4.out
 =====>>>>> Solution is written to file in <../ret/model_outs> !!!
===>> All Done!
