NPROCS=0
This instance is clustered!
Gurobi Optimizer version 9.0.0 build v9.0.0rc2 (linux64)
Optimize a model with 52 rows, 677 columns and 1352 nonzeros
Model fingerprint: 0xc01e0128
Variable types: 1 continuous, 676 integer (676 binary)
Coefficient statistics:
  Matrix range     [1e+00, 1e+00]
  Objective range  [1e+00, 6e+02]
  Bounds range     [1e+00, 1e+00]
  RHS range        [1e+00, 1e+00]
Presolve removed 2 rows and 75 columns
Presolve time: 0.01s
Presolved: 50 rows, 602 columns, 1202 nonzeros
Variable types: 1 continuous, 601 integer (601 binary)

Root relaxation: objective 1.679205e+03, 52 iterations, 0.00 seconds

    Nodes    |    Current Node    |     Objective Bounds      |     Work
 Expl Unexpl |  Obj  Depth IntInf | Incumbent    BestBd   Gap | It/Node Time

     0     0 1729.83088    0   12          - 1729.83088      -     -    0s
     0     0 1857.79061    0   44          - 1857.79061      -     -    0s
     0     2 1874.61899    0   45          - 1874.61899      -     -    0s
* 1085  1027              49    2770.0453288 1892.58766  31.7%   5.5    0s
* 1622  1465              81    2756.8747243 1898.33660  31.1%   5.6    0s
H 1916  1442                    2282.5657525 1900.18025  16.8%   5.7    0s
H 1921  1372                    2209.3864442 1900.18025  14.0%   5.6    1s
 11696  6263 2073.88220   46   42 2209.38644 2005.21153  9.24%   6.7    5s
 27731 15698 2113.29973   34   35 2209.38644 2039.64103  7.68%   6.9   10s
 43351 23347     cutoff   44      2209.38644 2056.61524  6.91%   7.0   15s
 56669 28653 2188.32847   51    6 2209.38644 2066.47611  6.47%   7.1   20s
 64991 32206 2150.37964   32   25 2209.38644 2071.34154  6.25%   7.2   25s
 75957 36381 infeasible   40      2209.38644 2077.18652  5.98%   7.3   30s
 86882 40182 infeasible   37      2209.38644 2082.25586  5.75%   7.4   35s
 94621 42641     cutoff   58      2209.38644 2085.87209  5.59%   7.4   40s
 102211 44887     cutoff   34      2209.38644 2088.65183  5.46%   7.5   45s
 108818 46824     cutoff   55      2209.38644 2091.26206  5.35%   7.5   50s
 117352 49174 infeasible   37      2209.38644 2094.35258  5.21%   7.6   55s
 124329 50935 2141.34025   34   32 2209.38644 2096.94372  5.09%   7.6   60s
 129016 52254     cutoff   63      2209.38644 2098.38642  5.02%   7.6   65s
 133864 53421 2192.37252   53   30 2209.38644 2100.02329  4.95%   7.6   70s
 142214 55210 2200.31564   66   10 2209.38644 2102.70324  4.83%   7.7   75s
 148245 56403 2180.25297   29   16 2209.38644 2104.44648  4.75%   7.7   80s
 155327 57811     cutoff   51      2209.38644 2106.54996  4.65%   7.8   85s
 162574 59183 infeasible   33      2209.38644 2108.60769  4.56%   7.8   90s
 168572 60069 2189.81571   32   21 2209.38644 2110.10479  4.49%   7.8   95s
 174702 60865 2208.94048   50   37 2209.38644 2111.80206  4.42%   7.8  100s
 180740 61869     cutoff   32      2209.38644 2113.28990  4.35%   7.9  105s
 187988 62963 infeasible   38      2209.38644 2115.04155  4.27%   7.9  110s
 194044 63744 2132.34586   59   22 2209.38644 2116.65783  4.20%   7.9  115s
 200299 64532 infeasible   44      2209.38644 2118.02618  4.14%   7.9  120s
 206341 65169 2142.23765   37   34 2209.38644 2119.44833  4.07%   8.0  127s
 208907 65508     cutoff   39      2209.38644 2120.05395  4.04%   8.0  130s
 215383 66151     cutoff   57      2209.38644 2121.46338  3.98%   8.0  135s
 221581 66801 2152.17731   38   15 2209.38644 2122.90286  3.91%   8.0  140s
 227895 67376     cutoff   50      2209.38644 2124.30984  3.85%   8.0  145s
 234047 67909     cutoff   40      2209.38644 2125.57750  3.79%   8.1  150s
 240287 68519     cutoff   52      2209.38644 2126.87459  3.73%   8.1  155s
 245139 68777 2194.90747   34   15 2209.38644 2127.89139  3.69%   8.1  160s
 251349 69137     cutoff   37      2209.38644 2129.27488  3.63%   8.1  165s
 256326 69427     cutoff   44      2209.38644 2130.35337  3.58%   8.1  170s
 261397 69528     cutoff   44      2209.38644 2131.41487  3.53%   8.1  175s
 266219 69631 2188.18713   37   14 2209.38644 2132.46317  3.48%   8.2  180s
 272760 69885 2193.53942   44   13 2209.38644 2133.68147  3.43%   8.2  185s
 277729 69856     cutoff   49      2209.38644 2134.72784  3.38%   8.2  190s
 282957 69846 infeasible   35      2209.38644 2135.69599  3.34%   8.2  195s
 288063 69774     cutoff   37      2209.38644 2136.67821  3.29%   8.2  200s
 290648 69729     cutoff   41      2209.38644 2137.12806  3.27%   8.2  205s
 295989 69624     cutoff   41      2209.38644 2138.13578  3.22%   8.3  210s
 301650 69540 infeasible   54      2209.38644 2139.21347  3.18%   8.3  215s
 307118 69376 2149.49739   39   28 2209.38644 2140.20473  3.13%   8.3  220s
 312551 69126     cutoff   50      2209.38644 2141.17832  3.09%   8.3  225s
 319215 68797 2179.19584   44   21 2209.38644 2142.42371  3.03%   8.3  231s
 324660 68646     cutoff   49      2209.38644 2143.38272  2.99%   8.3  235s
 328596 68501     cutoff   42      2209.38644 2144.11627  2.95%   8.3  240s
 332979 68144 infeasible   44      2209.38644 2145.03897  2.91%   8.4  245s
 338515 67704     cutoff   48      2209.38644 2146.07784  2.87%   8.4  250s
H340435 67605                    2209.3864337 2146.35957  2.85%   8.4  252s
 342747 67417     cutoff   40      2209.38643 2146.82271  2.83%   8.4  259s
 343925 67259 2197.40819   43   17 2209.38643 2147.02045  2.82%   8.4  260s
 348249 66843     cutoff   47      2209.38643 2147.87790  2.78%   8.4  265s
 354062 66170 2202.27193   32   20 2209.38643 2148.92844  2.74%   8.4  270s
 359763 65498     cutoff   46      2209.38643 2149.99483  2.69%   8.4  276s
 363923 64999     cutoff   33      2209.38643 2150.70819  2.66%   8.5  280s
 369485 64241     cutoff   52      2209.38643 2151.77287  2.61%   8.5  285s
 375179 63391 2197.76662   54   25 2209.38643 2152.83868  2.56%   8.5  290s
 380823 62572     cutoff   31      2209.38643 2153.82581  2.51%   8.5  295s
 386291 61646 2186.89435   37   10 2209.38643 2154.85053  2.47%   8.5  301s
 390206 60984     cutoff   47      2209.38643 2155.58274  2.44%   8.5  305s
 395691 59977     cutoff   62      2209.38643 2156.58873  2.39%   8.5  310s
 401255 58883 infeasible   49      2209.38643 2157.65400  2.34%   8.6  315s
 406825 57610     cutoff   51      2209.38643 2158.79432  2.29%   8.6  320s
 412345 56325     cutoff   31      2209.38643 2159.91201  2.24%   8.6  326s
H415927 55685                    2209.3863758 2160.48921  2.21%   8.6  328s
 417921 54904     cutoff   60      2209.38638 2161.00463  2.19%   8.6  331s
 422120 54069 2170.83530   46   28 2209.38638 2161.84097  2.15%   8.6  336s
 425440 52763 2191.39432   46   31 2209.38638 2162.49684  2.12%   8.6  340s
 431181 51088     cutoff   36      2209.38638 2163.72748  2.07%   8.7  345s
 436902 49255 infeasible   47      2209.38638 2165.04911  2.01%   8.7  351s
 442796 47254 2173.15293   37   16 2209.38638 2166.40542  1.95%   8.7  356s
 446990 45865 infeasible   31      2209.38638 2167.37035  1.90%   8.7  360s
 452790 43799 2192.75054   41   33 2209.38638 2168.75732  1.84%   8.7  365s
 458466 41519 infeasible   58      2209.38638 2170.14362  1.78%   8.8  370s
 464132 39115 2200.98962   41   18 2209.38638 2171.59006  1.71%   8.8  375s
 469912 36584     cutoff   60      2209.38638 2173.05933  1.64%   8.8  381s
 474055 34605     cutoff   32      2209.38638 2174.23213  1.59%   8.8  385s
 479727 31770 2203.80246   48   29 2209.38638 2175.93751  1.51%   8.9  390s
 484095 29411 2202.05601   47   38 2209.38638 2177.29118  1.45%   8.9  395s
 489738 26101     cutoff   34      2209.38638 2179.19097  1.37%   8.9  400s
 495413 22888     cutoff   53      2209.38638 2181.15255  1.28%   8.9  406s
 499331 20295 2190.58456   48   40 2209.38638 2182.77270  1.20%   8.9  410s
 502112 19274     cutoff   40      2209.38638 2184.01884  1.15%   9.0  415s
 506518 15264 infeasible   44      2209.38638 2186.30510  1.04%   9.0  420s
 513241 10159     cutoff   58      2209.38638 2190.50124  0.85%   9.0  425s
 518441  5661     cutoff   56      2209.38638 2195.35043  0.64%   9.0  430s
 525147     0 2207.42951   51   21 2209.38638 2204.56535  0.22%   9.0  435s

Cutting planes:
  Gomory: 13
  Zero half: 40
  Lazy constraints: 2832

Explored 525878 nodes (4750702 simplex iterations) in 435.03 seconds
Thread count was 12 (of 12 available processors)

Solution count 4: 2209.39 2282.57 2756.87 2770.05 

Optimal solution found (tolerance 1.00e-04)
Best objective 2.209386375820e+03, best bound 2.209386375820e+03, gap 0.0000%

User-callback calls 1121818, time in user-callback 0.55 sec
/projects/academic/josewalt/caigao/RRARP_BD/BendersDecomp/ret/model_outs/n_24_e_2_algo_3.out
 =====>>>>> Solution is written to file in <../ret/model_outs> !!!
===>> All Done!
