NPROCS=0
This instance is clustered!
Gurobi Optimizer version 9.0.0 build v9.0.0rc2 (linux64)
Optimize a model with 42 rows, 442 columns and 882 nonzeros
Model fingerprint: 0xab6c7344
Variable types: 1 continuous, 441 integer (441 binary)
Coefficient statistics:
  Matrix range     [1e+00, 1e+00]
  Objective range  [1e+00, 4e+02]
  Bounds range     [1e+00, 1e+00]
  RHS range        [1e+00, 1e+00]
Presolve removed 2 rows and 60 columns
Presolve time: 0.01s
Presolved: 40 rows, 382 columns, 762 nonzeros
Variable types: 1 continuous, 381 integer (381 binary)

Root relaxation: objective 7.171181e+02, 28 iterations, 0.00 seconds

    Nodes    |    Current Node    |     Objective Bounds      |     Work
 Expl Unexpl |  Obj  Depth IntInf | Incumbent    BestBd   Gap | It/Node Time

     0     0 1016.92873    0    8          - 1016.92873      -     -    0s
     0     0 1091.23841    0   12          - 1091.23841      -     -    0s
 done with super cut 0
     0     0 1096.86926    0   18          - 1096.86926      -     -    0s
 done with super cut 1
 done with super cut 2
     0     0 1096.86926    0   16          - 1096.86926      -     -    0s
 done with super cut 3
 done with super cut 4
 done with super cut 5
 done with super cut 6
H    0     0                    1488.6188248 1096.86926  26.3%     -    6s
 done with super cut 7
     0     2 1101.47108    0   20 1488.61882 1101.47108  26.0%     -    8s
 done with super cut 8
     3     6 1109.33692    2   18 1488.61882 1109.33692  25.5%  16.3   10s
 done with super cut 9
 done with super cut 10
    39    47 1166.80057    6   24 1488.61882 1120.24089  24.7%   8.8   15s
*  379   350              22    1316.4507050 1120.24089  14.9%   5.3   15s
* 1751  1068              41    1280.4195364 1177.53272  8.04%   5.7   15s
H 6623  1344                    1274.1062307 1219.26561  4.30%   6.3   17s

Cutting planes:
  Gomory: 5
  Zero half: 7
  Lazy constraints: 250

Explored 11580 nodes (79664 simplex iterations) in 17.63 seconds
Thread count was 12 (of 12 available processors)

Solution count 4: 1274.11 1280.42 1316.45 1488.62 

Optimal solution found (tolerance 1.00e-04)
Best objective 1.274106230705e+03, best bound 1.274106230705e+03, gap 0.0000%

User-callback calls 24754, time in user-callback 15.25 sec
/projects/academic/josewalt/caigao/RRARP_BD/BendersDecomp/ret/model_outs/n_19_e_6_algo_4.out
 =====>>>>> Solution is written to file in <../ret/model_outs> !!!
===>> All Done!
