NPROCS=0
This instance is clustered!
Gurobi Optimizer version 9.0.0 build v9.0.0rc2 (linux64)
Optimize a model with 54 rows, 730 columns and 1458 nonzeros
Model fingerprint: 0xae8c9a5c
Variable types: 1 continuous, 729 integer (729 binary)
Coefficient statistics:
  Matrix range     [1e+00, 1e+00]
  Objective range  [1e+00, 6e+02]
  Bounds range     [1e+00, 1e+00]
  RHS range        [1e+00, 1e+00]
Presolve removed 2 rows and 78 columns
Presolve time: 0.00s
Presolved: 52 rows, 652 columns, 1302 nonzeros
Variable types: 1 continuous, 651 integer (651 binary)

Root relaxation: objective 1.278819e+03, 47 iterations, 0.00 seconds

    Nodes    |    Current Node    |     Objective Bounds      |     Work
 Expl Unexpl |  Obj  Depth IntInf | Incumbent    BestBd   Gap | It/Node Time

     0     0 1608.86080    0   22          - 1608.86080      -     -    0s
     0     0 1654.19538    0   20          - 1654.19538      -     -    0s
     0     2 1676.85139    0   30          - 1676.85139      -     -    0s
* 1856  1773             140    2214.0633071 1774.99736  19.8%   3.1    0s
H 2120  1653                    2207.4385458 1774.99736  19.6%   3.1    0s
  9830  5097 2005.24293   61    6 2207.43855 1821.44424  17.5%   4.2    5s
 15511  9390     cutoff   82      2207.43855 1837.06774  16.8%   4.2   10s
 22220 14459     cutoff  100      2207.43855 1848.30880  16.3%   4.2   15s
 26141 16552 2067.23861   59   20 2207.43855 1852.13237  16.1%   4.3   44s
 26143 16553 1905.55152   32   12 2207.43855 1852.13237  16.1%   4.3   45s
 26150 16558 2141.26941   37   44 2207.43855 1852.13237  16.1%   4.3   67s
 26272 16645 1852.13237   38   21 2207.43855 1852.13237  16.1%   4.4   70s
 27314 16893 2150.86839   80    - 2207.43855 1852.13237  16.1%   4.4   75s
 29539 17801 1909.17224  137   49 2207.43855 1852.13237  16.1%   4.5   80s
 33185 19580 1852.13237   69   26 2207.43855 1852.13237  16.1%   4.5   85s
 37103 21101 2150.34117   62   10 2207.43855 1852.13237  16.1%   4.5   90s
 39500 22341 1931.22464   43   15 2207.43855 1852.13237  16.1%   4.5   95s
 42452 23350     cutoff   90      2207.43855 1852.13237  16.1%   4.5  100s
 44996 24277 1936.95915  118    6 2207.43855 1852.13237  16.1%   4.6  105s
 48035 25546     cutoff  151      2207.43855 1852.13237  16.1%   4.6  110s
 52000 27410 1956.56418  120   16 2207.43855 1856.07766  15.9%   4.6  116s
 54458 27968 2113.04788  121   17 2207.43855 1857.97228  15.8%   4.6  121s
 55717 29428 infeasible  124      2207.43855 1859.39198  15.8%   4.6  125s
 59669 30774 2013.12102   47   40 2207.43855 1863.79587  15.6%   4.5  131s
 61628 31450     cutoff  105      2207.43855 1864.60009  15.5%   4.6  136s
 63649 32377     cutoff   69      2207.43855 1865.45036  15.5%   4.6  140s
 65527 33404 1968.54726  103   22 2207.43855 1867.32654  15.4%   4.6  145s
 67866 34118 2204.41026  120    - 2207.43855 1869.07800  15.3%   4.6  150s
 69830 34712 2202.47470  101   10 2207.43855 1870.18300  15.3%   4.6  155s
 71485 35143     cutoff   86      2207.43855 1870.72267  15.3%   4.6  160s
 73391 35734     cutoff  115      2207.43855 1871.36189  15.2%   4.7  166s
 75495 36578     cutoff  136      2207.43855 1873.11615  15.1%   4.7  172s
 76434 37278 2008.65787   96   12 2207.43855 1873.76503  15.1%   4.7  175s
 78428 38558 2110.72998   72   24 2207.43855 1875.15299  15.1%   4.7  181s
 80499 39979 1950.56178   65   19 2207.43855 1875.53827  15.0%   4.7  187s
 81611 40453     cutoff  119      2207.43855 1875.58755  15.0%   4.7  191s
 83584 42250     cutoff   91      2207.43855 1876.38130  15.0%   4.7  197s
 84779 42890 2036.03490  117    - 2207.43855 1876.96682  15.0%   4.7  200s
 86361 43764 2056.44167   97    8 2207.43855 1878.26245  14.9%   4.7  207s
 87231 44606 2135.29233  127    - 2207.43855 1878.34464  14.9%   4.7  210s
 89303 46341 2178.58516  146    6 2207.43855 1879.09180  14.9%   4.7  218s
 90527 47266 1939.54558   41    6 2207.43855 1879.72160  14.8%   4.7  221s
 91703 48133 2026.69043  106   33 2207.43855 1880.25206  14.8%   4.7  225s
 93921 49290     cutoff  164      2207.43855 1880.99200  14.8%   4.7  232s
 94751 49446 2104.22076   79    8 2207.43855 1881.71471  14.8%   4.8  238s
 94868 50064 2134.85865   85   27 2207.43855 1881.71862  14.8%   4.8  241s
 95980 50717 1993.31208   61    6 2207.43855 1882.00554  14.7%   4.8  246s
 98099 52569 2120.53075  137   11 2207.43855 1883.63051  14.7%   4.8  252s
 99313 53382     cutoff  146      2207.43855 1883.93195  14.7%   4.7  255s
 101453 54781     cutoff  100      2207.43855 1884.54881  14.6%   4.7  263s
 102382 55753 2074.59989  104   12 2207.43855 1885.10925  14.6%   4.7  267s
 103609 56040     cutoff  111      2207.43855 1885.61267  14.6%   4.7  271s
 104381 56782 1978.98877   68   13 2207.43855 1885.90943  14.6%   4.8  276s
 106512 58230 1915.63909   37    6 2207.43855 1886.55199  14.5%   4.8  284s
 107559 58861 2124.39757  140   14 2207.43855 1887.07721  14.5%   4.8  288s
 108489 59334     cutoff  137      2207.43855 1887.33001  14.5%   4.8  292s
 109357 59946 1928.46225  101    6 2207.43855 1887.92165  14.5%   4.8  297s
 110328 60933     cutoff  112      2207.43855 1888.01870  14.5%   4.8  301s
 111528 61465 2096.35704   51    - 2207.43855 1888.43269  14.5%   4.8  306s
 112437 62114 2160.79929   55    8 2207.43855 1888.66750  14.4%   4.8  311s
 113418 62787 1984.88346  101   31 2207.43855 1889.13362  14.4%   4.8  316s
 114299 63579 2030.79416   54    9 2207.43855 1889.31034  14.4%   4.8  320s
 115333 64455 2099.29251  110   15 2207.43855 1889.69713  14.4%   4.8  325s
 116577 64925     cutoff  119      2207.43855 1890.17515  14.4%   4.8  331s
 117511 65767 infeasible  101      2207.43855 1890.57455  14.4%   4.8  336s
 118720 66731     cutoff  134      2207.43855 1890.79645  14.3%   4.8  341s
 119988 67610     cutoff  111      2207.43855 1891.20797  14.3%   4.8  346s
 121140 68494 1993.10341   45    6 2207.43855 1891.47073  14.3%   4.8  350s
 122273 69457     cutoff  102      2207.43855 1891.83339  14.3%   4.8  355s
 123563 70160 2080.93403  125   12 2207.43855 1892.11701  14.3%   4.8  361s
 124490 70772 1999.33815   91   21 2207.43855 1892.53704  14.3%   4.8  367s
 125514 71363 2054.48279   70   22 2207.43855 1892.87170  14.3%   4.8  374s
 126515 71748 2086.24586   78   30 2207.43855 1892.91991  14.2%   4.8  380s
 127374 72162 2042.82409   52   17 2207.43855 1893.24808  14.2%   4.8  385s
 128273 72714 2015.09097   70   12 2207.43855 1893.59211  14.2%   4.8  392s
 129301 73414     cutoff   85      2207.43855 1893.72795  14.2%   4.8  397s
 130346 73671     cutoff  110      2207.43855 1893.89292  14.2%   4.8  409s
 130596 73702     cutoff  140      2207.43855 1893.89292  14.2%   4.8  410s
 130650 74301 2020.15651   52    6 2207.43855 1893.89292  14.2%   4.8  415s
 131693 75296 2123.95141   80   15 2207.43855 1894.17865  14.2%   4.8  421s
 133014 76174     cutoff   70      2207.43855 1894.47154  14.2%   4.8  428s
 134266 76375     cutoff  121      2207.43855 1894.96194  14.2%   4.8  434s
 134395 77313 1999.62293   43   12 2207.43855 1895.07871  14.2%   4.8  440s
 135722 77820 2127.35843   97   27 2207.43855 1895.25870  14.1%   4.8  448s
 136688 78282 2088.29206   83   23 2207.43855 1895.52358  14.1%   4.8  454s
 137321 78758 1992.61494   79   33 2207.43855 1895.80101  14.1%   4.8  460s
 138292 79475 2003.89248   87   36 2207.43855 1896.00094  14.1%   4.8  467s
 139457 80641 2207.08166  117    8 2207.43855 1896.61248  14.1%   4.8  473s
 140880 81455 2053.47033   43    6 2207.43855 1896.91112  14.1%   4.8  480s
 142104 82061 2064.85633   95    9 2207.43855 1897.25094  14.1%   4.8  488s
 143090 82968     cutoff   98      2207.43855 1897.57700  14.0%   4.8  494s
 144345 83916 2171.23563  149    6 2207.43855 1897.78361  14.0%   4.8  501s
 145630 84749     cutoff   88      2207.43855 1898.39514  14.0%   4.8  509s
 146755 85533 2144.54962  127    6 2207.43855 1898.71757  14.0%   4.8  518s
 147887 86384     cutoff  120      2207.43855 1899.00422  14.0%   4.8  527s
 149078 87351     cutoff  105      2207.43855 1899.21190  14.0%   4.8  533s
 150342 88237     cutoff  119      2207.43855 1899.72902  13.9%   4.8  540s
 151565 88894 2129.30920  113   11 2207.43855 1900.04662  13.9%   4.8  548s
 152670 89864 1974.20389   46   10 2207.43855 1900.31476  13.9%   4.8  554s
 153924 90484 2200.63602  115    6 2207.43855 1900.64285  13.9%   4.8  562s
 154922 91119 infeasible  120      2207.43855 1901.04028  13.9%   4.8  569s
 155990 92081     cutoff   97      2207.43855 1901.22943  13.9%   4.8  576s
 157263 92655 1954.57033   43    6 2207.43855 1901.55631  13.9%   4.8  584s
 158173 93208     cutoff  117      2207.43855 1901.79031  13.8%   4.8  592s
 159181 94139     cutoff   52      2207.43855 1901.80550  13.8%   4.8  599s
 160407 95027 2193.36981  119   28 2207.43855 1902.18378  13.8%   4.8  607s
 161627 96139 2050.77387  109   31 2207.43855 1902.51335  13.8%   4.8  614s
 163003 96887     cutoff  124      2207.43855 1902.80958  13.8%   4.8  620s
 164023 97477     cutoff  123      2207.43855 1903.02389  13.8%   4.8  627s
 164954 98485 infeasible   79      2207.43855 1903.33703  13.8%   4.8  633s
 166196 99242 2177.38118  125   10 2207.43855 1903.60489  13.8%   4.8  641s
 167316 100135     cutoff  126      2207.43855 1903.85121  13.8%   4.8  650s
 168523 100757 1982.71083   70    6 2207.43855 1904.07340  13.7%   4.8  659s
 169462 101354     cutoff   96      2207.43855 1904.37568  13.7%   4.8  668s
 170494 102099     cutoff  101      2207.43855 1904.46459  13.7%   4.8  676s
 171617 102577 2070.63026   55   13 2207.43855 1904.47313  13.7%   4.8  683s
 172503 103490 2199.65027   57    8 2207.43855 1904.76509  13.7%   4.8  691s
 173744 104432     cutoff   74      2207.43855 1904.99348  13.7%   4.8  699s
 175022 105008 2044.67234  105   11 2207.43855 1905.26726  13.7%   4.8  708s
 175964 105277     cutoff   99      2207.43855 1905.49954  13.7%   4.8  721s
 176248 105865 1930.25215   48    6 2207.43855 1905.54499  13.7%   4.8  731s
 177361 106553 2062.64578   49    6 2207.43855 1905.61382  13.7%   4.8  742s
 178462 107131     cutoff   58      2207.43855 1905.88432  13.7%   4.8  753s
 179500 107599     cutoff   74      2207.43855 1905.94051  13.7%   4.9  761s
 180364 107926 2192.16453   88   15 2207.43855 1906.22008  13.6%   4.9  769s
 181040 108779 2095.42757   49    6 2207.43855 1906.45286  13.6%   4.9  778s
 182314 109692 infeasible  132      2207.43855 1906.53964  13.6%   4.9  789s
 183625 110469 1972.94696   60    8 2207.43855 1906.98926  13.6%   4.9  799s
 184838 111254     cutoff  116      2207.43855 1907.19570  13.6%   4.9  807s
 185976 112240 2154.51946   88   17 2207.43855 1907.47509  13.6%   4.9  817s
 187309 112968 2065.07841  126    6 2207.43855 1907.73433  13.6%   4.9  828s
 188383 113686     cutoff  127      2207.43855 1907.97815  13.6%   4.9  837s
 189562 114464 2194.14813  126    6 2207.43855 1908.04182  13.6%   4.9  847s
 190766 115307 2084.00141  135   12 2207.43855 1908.35460  13.5%   4.9  855s
 192020 115878     cutoff   80      2207.43855 1908.63074  13.5%   4.9  865s
 193074 116653 1974.82296  140    6 2207.43855 1908.84073  13.5%   4.9  874s
 194172 117657     cutoff  153      2207.43855 1909.13344  13.5%   4.9  883s
 195512 118335 1954.02069  115   16 2207.43855 1909.40079  13.5%   4.9  895s
 196550 119335 2103.61748  119   15 2207.43855 1909.55731  13.5%   4.9  905s
 197875 120013 2182.31159   99    6 2207.43855 1909.89076  13.5%   4.9  915s
 198976 120911     cutoff  122      2207.43855 1910.02570  13.5%   4.9  925s
 200234 121887     cutoff  102      2207.43855 1910.30991  13.5%   4.9  934s
 201513 122936     cutoff  120      2207.43855 1910.57125  13.4%   4.9  943s
 202884 123750     cutoff  142      2207.43855 1910.76569  13.4%   4.9  952s
 204014 124521 2015.72701   79   17 2207.43855 1910.86644  13.4%   4.9  960s
 205093 125420     cutoff  110      2207.43855 1911.02544  13.4%   4.9  970s
 206376 125958 2092.67352   53    6 2207.43855 1911.18230  13.4%   4.9  985s
 207284 126438 2079.88074  100    9 2207.43855 1911.30855  13.4%   4.9  999s
 208201 126946 2008.52627   75    9 2207.43855 1911.41816  13.4%   4.9 1011s
 209169 127340 2105.51785  103   30 2207.43855 1911.43169  13.4%   4.9 1024s
 210175 128267 2030.56591   52    6 2207.43855 1911.76876  13.4%   4.9 1038s
 211465 129101     cutoff   84      2207.43855 1912.02779  13.4%   4.9 1049s
 212607 129606 2149.73088   88    - 2207.43855 1912.29828  13.4%   4.9 1062s
 213512 130418     cutoff   88      2207.43855 1912.38441  13.4%   4.9 1073s
 214762 131049 2081.78183   55    - 2207.43855 1912.50453  13.4%   4.9 1085s
 215883 131658     cutoff   99      2207.43855 1912.73023  13.4%   4.9 1098s
 216841 132477     cutoff  105      2207.43855 1912.79412  13.3%   4.9 1109s
 218079 132564 2206.81140  117    - 2207.43855 1913.05116  13.3%   4.9 1124s
 218169 132583 2118.33352  110   23 2207.43855 1913.09594  13.3%   4.9 1125s
 218199 133073 infeasible  117      2207.43855 1913.10176  13.3%   4.9 1136s
 219205 133860 2202.65403  109   13 2207.43855 1913.17339  13.3%   4.9 1148s
 220410 134819 2151.53423  116   21 2207.43855 1913.40683  13.3%   4.9 1160s
 221776 135428 2055.98068   51   15 2207.43855 1913.78848  13.3%   4.9 1176s
 222829 136368     cutoff   93      2207.43855 1913.90970  13.3%   4.9 1188s
 224140 137402     cutoff  109      2207.43855 1914.07600  13.3%   4.9 1199s
 225503 138004     cutoff  135      2207.43855 1914.29898  13.3%   4.9 1212s
 226644 138851     cutoff  150      2207.43855 1914.48320  13.3%   4.9 1224s
 227749 139793 2053.17175   83   33 2207.43855 1914.68782  13.3%   4.9 1236s
 229004 140687     cutoff  123      2207.43855 1914.88137  13.3%   4.9 1248s
 230285 141599 1963.54593   45   12 2207.43855 1915.05025  13.2%   4.9 1262s
 231439 142358     cutoff  128      2207.43855 1915.30618  13.2%   4.9 1277s
 232643 143065 2048.02270   45    9 2207.43855 1915.48324  13.2%   4.9 1289s
 233747 143563     cutoff  110      2207.43855 1915.58236  13.2%   4.9 1304s
 234722 144053     cutoff  121      2207.43855 1915.68832  13.2%   4.9 1317s
 235759 144700     cutoff  136      2207.43855 1915.76674  13.2%   4.9 1328s
 236659 145458 2171.84470   98   12 2207.43855 1915.93840  13.2%   4.9 1342s
 237901 146355 1986.91003   89   15 2207.43855 1916.11578  13.2%   4.9 1353s
 239188 147062 2140.66476  107   10 2207.43855 1916.43512  13.2%   4.9 1368s
 240360 148027 2110.10932  141   13 2207.43855 1916.56460  13.2%   4.9 1382s
 241735 148490 1959.82940   45    6 2207.43855 1916.70290  13.2%   4.9 1397s
 242725 149222     cutoff   77      2207.43855 1916.74363  13.2%   5.0 1410s
 243829 149789     cutoff   92      2207.43855 1916.89613  13.2%   5.0 1425s
 244771 150777     cutoff  133      2207.43855 1917.07005  13.2%   5.0 1439s
 246100 151595     cutoff  117      2207.43855 1917.22081  13.1%   5.0 1451s
 247344 152560 1993.63277   55   26 2207.43855 1917.48002  13.1%   5.0 1464s
 248705 153591     cutoff  103      2207.43855 1917.56286  13.1%   5.0 1477s
 250046 154394 2137.14614  138   32 2207.43855 1917.80376  13.1%   5.0 1489s
 251201 154828 2155.99798  107   12 2207.43855 1917.97911  13.1%   5.0 1507s
 252059 155438     cutoff   93      2207.43855 1918.10920  13.1%   5.0 1525s
 253166 156054 1998.95776  113   13 2207.43855 1918.12504  13.1%   5.0 1538s
 254160 156511     cutoff  117      2207.43855 1918.20119  13.1%   5.0 1554s
 255167 157465 2138.74983   82   16 2207.43855 1918.30867  13.1%   5.0 1567s
 256511 158376 1926.48517   34    6 2207.43855 1918.71106  13.1%   5.0 1582s
 257820 159208 2034.79806   41    - 2207.43855 1918.93111  13.1%   5.0 1597s
 259123 159617 2110.74306   67   10 2207.43855 1919.10608  13.1%   5.0 1613s
 260007 160268 2085.45142   57    6 2207.43855 1919.27542  13.1%   5.0 1626s
 261038 161075 2181.41907   86   11 2207.43855 1919.38776  13.0%   5.0 1642s
 262248 162131 2178.26320   95    - 2207.43855 1919.61412  13.0%   5.0 1656s
 263650 163145 1945.69931   56    9 2207.43855 1919.82065  13.0%   5.0 1668s
 265010 163972     cutoff  141      2207.43855 1919.98351  13.0%   5.0 1681s
 266217 164665 2197.65691   53    6 2207.43855 1920.22455  13.0%   5.0 1695s
 267343 165259     cutoff   85      2207.43855 1920.34802  13.0%   5.0 1708s
 268451 166038 2192.69732   88    - 2207.43855 1920.49079  13.0%   5.0 1722s
 269524 166495 2044.20368  127   23 2207.43855 1920.72328  13.0%   5.0 1739s
 270399 167091     cutoff  153      2207.43855 1920.80778  13.0%   5.0 1756s
 271476 167830 2095.12461   83    6 2207.43855 1920.90624  13.0%   5.0 1771s
 272670 168626     cutoff   88      2207.43855 1921.13420  13.0%   5.0 1786s
 273892 169307 2067.39112   57    6 2207.43855 1921.28405  13.0%   5.0 1801s
 275064 170064     cutoff   92      2207.43855 1921.47998  13.0%   5.0 1822s
 276218 170942     cutoff  110      2207.43855 1921.61558  12.9%   5.0 1836s
 277433 171017 2016.29973   60   12 2207.43855 1921.75746  12.9%   5.0 1861s
 277503 171424 2026.25361   61    9 2207.43855 1921.88532  12.9%   5.0 1877s
 278436 172291     cutoff   81      2207.43855 1921.95286  12.9%   5.0 1890s
 279705 173306 2202.53695  122   17 2207.43855 1922.08948  12.9%   5.0 1905s
 281096 173428 2192.24130   82    6 2207.43855 1922.36311  12.9%   5.0 1930s
 281210 173928 2205.23701   83    - 2207.43855 1922.40403  12.9%   5.0 1944s
 282107 174390     cutoff  116      2207.43855 1922.62329  12.9%   5.0 1963s
 283157 175127 2050.45522   47   28 2207.43855 1922.76343  12.9%   5.0 1979s
 284428 175788     cutoff   97      2207.43855 1922.83943  12.9%   5.0 1997s
 285634 176660 2170.03632  120   16 2207.43855 1923.11168  12.9%   5.0 2015s
 286919 177724     cutoff  140      2207.43855 1923.24618  12.9%   5.0 2030s
 288319 178579 2206.86210  124    6 2207.43855 1923.45101  12.9%   5.0 2046s
 289495 179212 infeasible  125      2207.43855 1923.57920  12.9%   5.0 2064s
 290616 179894 infeasible  102      2207.43855 1923.67886  12.9%   5.0 2083s
 291726 180469 2025.31274  110   16 2207.43855 1923.84679  12.8%   5.0 2100s
 292759 181309     cutoff  112      2207.43855 1923.94151  12.8%   5.0 2115s
 294052 182169 2200.26921  134   24 2207.43855 1924.01100  12.8%   5.0 2134s
 295290 183012     cutoff  116      2207.43855 1924.24810  12.8%   5.0 2149s
 296568 183589 2174.76450   88    8 2207.43855 1924.33458  12.8%   5.0 2169s
 297673 184434     cutoff   51      2207.43855 1924.54818  12.8%   5.0 2183s
 298842 185197     cutoff  136      2207.43855 1924.69368  12.8%   5.0 2198s
 299972 185993 1950.75743  126   27 2207.43855 1924.83326  12.8%   5.0 2214s
 301277 187085 2181.39917  139   19 2207.43855 1924.95260  12.8%   5.0 2229s
 302688 187970 2043.29102   97   20 2207.43855 1924.97715  12.8%   5.0 2243s
 304035 188687     cutoff  106      2207.43855 1925.16617  12.8%   5.0 2262s
 304120 188697     cutoff  138      2207.43855 1925.19702  12.8%   5.0 2297s
 305146 189402 2000.37135   45    6 2207.43855 1925.31640  12.8%   5.0 2315s
 306370 190290 2195.01640   94    - 2207.43855 1925.33947  12.8%   5.0 2329s
 307567 190887 2143.13421   99   14 2207.43855 1925.53910  12.8%   5.0 2346s
 308684 191764 2193.16975  101    6 2207.43855 1925.68293  12.8%   5.0 2363s
 309962 192332 2009.43441   67   11 2207.43855 1925.86347  12.8%   5.0 2382s
 310958 193084 2203.94359   76    - 2207.43855 1926.02412  12.7%   5.0 2403s
 312159 193774 2092.32829   83    8 2207.43855 1926.12208  12.7%   5.0 2423s
 313335 194435 2117.20588  104   11 2207.43855 1926.19254  12.7%   5.0 2444s
 314429 195437 1991.24816   39    8 2207.43855 1926.30187  12.7%   5.0 2461s
 315780 195945     cutoff  122      2207.43855 1926.30505  12.7%   5.0 2483s
 316780 196651     cutoff   72      2207.43855 1926.42696  12.7%   5.0 2499s
 317858 197043 2066.10863   97   19 2207.43855 1926.58238  12.7%   5.0 2524s
 318826 197920 2033.51267   50    6 2207.43855 1926.76327  12.7%   5.0 2547s
 320141 198708     cutoff   75      2207.43855 1926.92849  12.7%   5.0 2569s
 321445 199580     cutoff  130      2207.43855 1926.99140  12.7%   5.0 2589s
 322720 200012 2201.00645   97    6 2207.43855 1927.17672  12.7%   5.0 2610s
 323685 200520 infeasible   98      2207.43855 1927.30914  12.7%   5.0 2632s
 324768 201434 2003.73156   94   11 2207.43855 1927.40279  12.7%   5.0 2651s
 325993 202080 2145.42134  112   10 2207.43855 1927.46170  12.7%   5.0 2673s
 327053 203088     cutoff  140      2207.43855 1927.58546  12.7%   5.0 2692s
 328467 203754 2163.41914  109   14 2207.43855 1927.71875  12.7%   5.0 2710s
 329699 204701 2129.61069   55   14 2207.43855 1927.87561  12.7%   5.0 2730s
 331046 205451 2056.75477   86   22 2207.43855 1927.87561  12.7%   5.0 2753s
 332153 206400     cutoff  131      2207.43855 1928.03561  12.7%   5.0 2771s
 333497 206945     cutoff  131      2207.43855 1928.15477  12.7%   5.0 2791s
 334503 208034     cutoff   87      2207.43855 1928.29829  12.6%   5.0 2810s
 335957 208870     cutoff  108      2207.43855 1928.47456  12.6%   5.0 2832s
 337033 209624 2086.25209  112   15 2207.43855 1928.59829  12.6%   5.0 2849s
 337893 209686     cutoff  122      2207.43855 1928.68119  12.6%   5.0 2850s
 338175 210312 2091.02385  114   11 2207.43855 1928.78942  12.6%   5.0 2870s
 339370 211029 2179.06564  128   16 2207.43855 1928.97335  12.6%   5.0 2893s
 340566 211844     cutoff  131      2207.43855 1929.04612  12.6%   5.0 2915s
 341842 212888     cutoff  121      2207.43855 1929.22888  12.6%   5.0 2938s
 343246 213894     cutoff  118      2207.43855 1929.36219  12.6%   5.0 2956s
 344615 214766 1963.82454   93   21 2207.43855 1929.46385  12.6%   5.0 2976s
 345901 215309     cutoff  109      2207.43855 1929.50137  12.6%   5.0 2997s
 346950 215435     cutoff  117      2207.43855 1929.66173  12.6%   5.0 3026s
 347019 215966 2000.54569   54    - 2207.43855 1929.70240  12.6%   5.0 3045s
 347981 216845 infeasible  138      2207.43855 1929.86420  12.6%   5.0 3064s
 349005 216921 2023.84811  125   39 2207.43855 1929.93778  12.6%   5.0 3065s
 349334 217741 2103.82507   82   23 2207.43855 1930.05984  12.6%   5.0 3089s
 350679 218516 2098.04426   84    8 2207.43855 1930.19372  12.6%   5.0 3111s
 351853 219327 2151.17179   47    6 2207.43855 1930.31625  12.6%   5.0 3132s
 353052 220117 1987.37725   80   35 2207.43855 1930.48741  12.5%   5.0 3158s
 354241 220245 2099.95453  137   20 2207.43855 1930.61259  12.5%   5.0 5024s
 354243 220246 2009.28586   72   12 2207.43855 1930.61259  12.5%   5.0 5030s
 354244 220247 2014.69273   91   53 2207.43855 1930.61259  12.5%   5.0 5037s
 354245 220248 1962.31908   94   44 2207.43855 1930.61259  12.5%   5.0 5044s
 354246 220248 1934.61312   60   50 2207.43855 1930.61259  12.5%   5.0 5046s
 354247 220249 1948.78368   54   50 2207.43855 1930.61259  12.5%   5.0 5053s
 354248 220250 1992.24004   50   18 2207.43855 1930.61259  12.5%   5.0 5056s
 354249 220250 1967.12378   50   52 2207.43855 1930.61259  12.5%   5.0 5063s
 354250 220251 2205.18625   77   51 2207.43855 1930.61259  12.5%   5.0 5066s
 354251 220252 2054.32837   64   47 2207.43855 1930.61259  12.5%   5.0 5073s
 354252 220252 1965.89523   90   51 2207.43855 1930.61259  12.5%   5.0 5075s
 354253 220253 2069.47714   52   50 2207.43855 1930.61259  12.5%   5.0 5087s
 354255 220254 1984.17328   44   50 2207.43855 1930.61259  12.5%   5.0 5532s
 354256 220258 1930.61259   40   18 2207.43855 1930.61259  12.5%   5.0 5543s
 354258 220261 1930.61259   41   52 2207.43855 1930.61259  12.5%   5.0 5557s
 354262 220268 1930.61259   42    8 2207.43855 1930.61259  12.5%   5.0 5563s
 354270 220277 1930.61259   43   15 2207.43855 1930.61259  12.5%   5.0 5571s
 354282 220285 1930.61259   44   12 2207.43855 1930.61259  12.5%   5.0 5579s
 354294 220293 1930.61259   44   11 2207.43855 1930.61259  12.5%   5.0 5587s
 354318 220315 1930.61259   45   10 2207.43855 1930.61259  12.5%   5.0 5591s
 354350 220336 1930.61259   47   18 2207.43855 1930.61259  12.5%   5.0 5595s
 354369 220342 1930.61259   48   39 2207.43855 1930.61259  12.5%   5.0 5600s
 354401 220360 1930.61259   49   26 2207.43855 1930.61259  12.5%   5.0 5606s
 354438 220382 1930.61259   50   41 2207.43855 1930.61259  12.5%   5.0 5611s
 354478 220411 1930.61259   51   26 2207.43855 1930.61259  12.5%   5.0 5618s
 354502 220424 1930.61259   52   21 2207.43855 1930.61259  12.5%   5.0 5621s
 354524 220429 2000.47666   53    - 2207.43855 1930.61259  12.5%   5.0 5625s
 354570 220448 1993.93951   56    - 2207.43855 1930.61259  12.5%   5.0 5632s
 354591 220459 2030.70421   57    9 2207.43855 1930.61259  12.5%   5.0 5635s
 354641 220469 1960.27369   60   14 2207.43855 1930.61259  12.5%   5.0 5645s
 354684 220493 2156.91574   62    - 2207.43855 1930.61259  12.5%   5.0 5652s
 354715 220499 2193.20628   64   14 2207.43855 1930.61259  12.5%   5.0 5655s
 354785 220511 1976.60191   68    6 2207.43855 1930.61259  12.5%   5.0 5662s
 354828 220518 2050.49010   70    6 2207.43855 1930.61259  12.5%   5.0 5665s
 354913 220539 1998.69755   75    6 2207.43855 1930.61259  12.5%   5.0 5672s
 354963 220548 2011.10017   79    9 2207.43855 1930.61259  12.5%   5.0 5675s
 355072 220542 2026.09772   86   12 2207.43855 1930.61259  12.5%   5.0 5683s
 355127 220546 2167.49277   89    - 2207.43855 1930.61259  12.5%   5.0 5687s
 355194 220549 2168.85551   94   11 2207.43855 1930.61259  12.5%   5.0 5692s
 355261 220562 1930.61259   47   42 2207.43855 1930.61259  12.5%   5.0 5697s
 355332 220581 1930.61259   55   45 2207.43855 1930.61259  12.5%   5.0 5703s
 355403 220607 1930.61259   64   39 2207.43855 1930.61259  12.5%   5.0 5709s
 355487 220633 1930.61259   68   47 2207.43855 1930.61259  12.5%   5.0 5714s
 355574 220660 1930.61259   73   12 2207.43855 1930.61259  12.5%   5.0 5719s
 355660 220689 1930.61259   79   34 2207.43855 1930.61259  12.5%   5.0 5724s
 355748 220732 1930.61259   83   45 2207.43855 1930.61259  12.5%   5.0 5729s
 355845 220755 1930.61259   87   28 2207.43855 1930.61259  12.5%   5.0 5734s
 355928 220775 1930.61259   89   36 2207.43855 1930.61259  12.5%   5.0 5740s
 356029 220801 1930.61259   94   50 2207.43855 1930.61259  12.5%   5.0 5745s
 356141 220828 1930.61259   98   46 2207.43855 1930.61259  12.5%   5.0 5751s
 356245 220863 1930.61259  102   47 2207.43855 1930.61259  12.5%   5.0 5759s
 356381 220886 1930.61259  110   40 2207.43855 1930.61259  12.5%   5.0 5767s
 356507 220918 1930.61259  114   36 2207.43855 1930.61259  12.5%   5.0 5775s
 356655 220939 1931.09599  119   29 2207.43855 1930.61259  12.5%   5.0 5782s
 356811 220935 1953.25342  129   41 2207.43855 1930.61259  12.5%   5.0 5790s
 356890 221009 1960.67394  136   33 2207.43855 1930.61259  12.5%   5.0 5798s
 357088 221053 2102.74914  153   13 2207.43855 1930.61259  12.5%   5.0 5807s
 357322 221133 2196.23179  153   14 2207.43855 1930.61259  12.5%   5.0 5815s
 357596 221303 infeasible  154      2207.43855 1930.61259  12.5%   5.0 5824s
 357913 221392 1955.90336   79   36 2207.43855 1930.61259  12.5%   5.0 5832s
 358169 221476 1977.43343   91   27 2207.43855 1930.61259  12.5%   5.0 5841s
 358448 221634 2017.61895  114   47 2207.43855 1930.61259  12.5%   5.0 5850s
 358784 221768 2083.51421  136   24 2207.43855 1930.61259  12.5%   5.0 5859s
 359161 221786     cutoff  145      2207.43855 1930.61259  12.5%   5.0 5870s
 359457 221856 2190.77892   66    - 2207.43855 1930.61259  12.5%   5.0 5880s
 359806 221963     cutoff   75      2207.43855 1930.61259  12.5%   5.0 5889s
 360158 222087 2089.46576   86   14 2207.43855 1930.61259  12.5%   5.0 5898s
 360601 222234     cutoff  102      2207.43855 1930.61259  12.5%   5.0 5912s
 361038 222400 1934.97365   64   40 2207.43855 1930.61259  12.5%   5.0 5925s
 361520 222533 1966.37642  102   19 2207.43855 1930.61259  12.5%   5.0 5939s
 361866 222829 1980.32052  131    6 2207.43855 1930.61259  12.5%   5.0 5953s
 362353 223171 2114.89290  136   12 2207.43855 1930.61259  12.5%   5.0 5964s
 362968 223505 1982.28169  117   21 2207.43855 1930.61259  12.5%   5.0 5976s
 363611 223836 2165.09942  140    6 2207.43855 1930.61259  12.5%   5.0 5986s
 364269 224116 2060.36448  102    9 2207.43855 1930.61259  12.5%   5.0 5995s
 364925 224414     cutoff  113      2207.43855 1930.61259  12.5%   5.0 6006s
 365573 224644 2134.80084   60   31 2207.43855 1930.61259  12.5%   5.0 6020s
 366205 224825 1930.61259   67   30 2207.43855 1930.61259  12.5%   5.0 6033s
 366675 225104 1944.57851  103   17 2207.43855 1930.61259  12.5%   5.0 6048s
 367335 224972 2079.00169   61    6 2207.43855 1930.61259  12.5%   5.0 6063s
 367396 225208 2138.56051   63   10 2207.43855 1930.61259  12.5%   5.0 6078s
 367956 225364     cutoff   71      2207.43855 1930.61259  12.5%   5.0 6100s
 368484 225574 1930.61259   79   39 2207.43855 1930.61259  12.5%   5.0 6121s
 369103 225912 1930.61259   92   32 2207.43855 1930.61259  12.5%   5.0 6141s
 369823 226108 1930.61259  107   14 2207.43855 1930.61259  12.5%   5.0 6158s
 370488 226589 1942.58268  121   46 2207.43855 1930.61259  12.5%   5.0 6176s
 371370 227056     cutoff  138      2207.43855 1930.61259  12.5%   5.0 6193s
 372300 227532 2040.87931  158   29 2207.43855 1930.61259  12.5%   5.0 6209s
 373286 227663     cutoff  180      2207.43855 1930.61259  12.5%   5.0 6225s
 373879 228350 2023.32439  102   23 2207.43855 1930.61259  12.5%   5.0 6241s
 374977 228935     cutoff  134      2207.43855 1930.61259  12.5%   5.0 6257s
 376130 229452     cutoff  115      2207.43855 1930.61259  12.5%   5.0 6273s
 377318 230016 2112.11311   93   22 2207.43855 1930.61259  12.5%   5.0 6292s
 378501 230521     cutoff  129      2207.43855 1930.61259  12.5%   5.0 6308s
 379571 231202     cutoff  114      2207.43855 1930.61259  12.5%   5.0 6330s
 380804 231843     cutoff  117      2207.43855 1930.61259  12.5%   5.0 6348s
 382078 232352     cutoff  130      2207.43855 1930.61259  12.5%   5.0 6370s
 383329 232646 2103.55752  139   13 2207.43855 1930.61259  12.5%   5.0 6400s
 384370 233225     cutoff  117      2207.43855 1930.61259  12.5%   5.0 6423s
 385645 233932     cutoff  105      2207.43855 1930.61259  12.5%   5.0 6446s
 387071 234484     cutoff  128      2207.43855 1930.61259  12.5%   5.0 6469s
 388393 234971     cutoff  120      2207.43855 1930.61259  12.5%   5.0 6490s
 389564 234847     cutoff  129      2207.43855 1930.61259  12.5%   5.0 6514s
 389868 235723 1953.71687   73   32 2207.43855 1930.61259  12.5%   5.0 6536s
 391099 236194 2160.16662  157   10 2207.43855 1930.61259  12.5%   5.0 6558s
 392367 237040 2025.90659   56   29 2207.43855 1930.61259  12.5%   5.0 6579s
 393839 237795 2115.29591   99   34 2207.43855 1930.61259  12.5%   5.0 6599s
 395312 238253 infeasible  129      2207.43855 1930.61259  12.5%   5.0 6620s
 396559 238667     cutoff  110      2207.43855 1930.61259  12.5%   5.0 6640s
 397739 239321     cutoff  131      2207.43855 1930.61259  12.5%   5.0 6661s
 399044 240029 1974.76442   87   44 2207.43855 1930.61259  12.5%   5.0 6679s
 400385 240425 2163.19188  110    6 2207.43855 1930.61259  12.5%   5.0 6699s
 401572 240984 1980.67456   74   17 2207.43855 1930.61259  12.5%   5.0 6722s
 402817 241128 2164.71728  113    9 2207.43855 1930.61259  12.5%   5.0 6743s
 403452 241157 2025.24587   56    - 2207.43855 1930.61259  12.5%   5.0 6773s
 404351 241592 2149.57881   75    - 2207.43855 1930.61259  12.5%   5.0 6800s
 405481 242302     cutoff  104      2207.43855 1930.61259  12.5%   5.0 6823s
 406840 242226 1953.73922   51   22 2207.43855 1930.61259  12.5%   5.0 6855s
 407663 242979     cutoff  103      2207.43855 1930.61259  12.5%   5.0 6879s
 408982 243608     cutoff   99      2207.43855 1930.61259  12.5%   5.0 6907s
 410364 244058     cutoff  114      2207.43855 1930.61259  12.5%   5.0 6932s
 411530 244164 2129.62060  117    - 2207.43855 1930.61259  12.5%   5.0 6964s
 412535 244720     cutoff  117      2207.43855 1930.61259  12.5%   5.0 6991s
 413789 245221     cutoff  133      2207.43855 1930.61259  12.5%   5.0 7018s
 415056 245570     cutoff   69      2207.43855 1930.61259  12.5%   5.0 7044s
 416254 246059     cutoff  115      2207.43855 1930.61259  12.5%   5.0 7068s
 417490 246932 2062.14210   97   11 2207.43855 1930.61259  12.5%   5.0 7091s
 418954 247201 2057.50473  148   17 2207.43855 1930.61259  12.5%   5.0 7116s
 420092 247701 2066.42255   76   13 2207.43855 1930.61259  12.5%   5.0 7140s
 421229 247761 2072.42983  109   16 2207.43855 1930.61259  12.5%   5.0 7169s
 422158 248285 2033.00472   56    8 2207.43855 1930.61259  12.5%   5.0 7190s
 423372 248071     cutoff   85      2207.43855 1930.61259  12.5%   5.0 7200s

Cutting planes:
  Gomory: 3
  Flow cover: 1
  Zero half: 2
  RLT: 1
  Lazy constraints: 3525

Explored 423572 nodes (2097754 simplex iterations) in 7200.56 seconds
Thread count was 12 (of 12 available processors)

Solution count 2: 2207.44 2214.06 

Time limit reached
Best objective 2.207438545788e+03, best bound 1.930612589793e+03, gap 12.5406%

User-callback calls 1860693, time in user-callback 5.84 sec
/projects/academic/josewalt/caigao/RRARP_BD/BendersDecomp/ret/model_outs/n_25_m_10_algo_2.out
 =====>>>>> Solution is written to file in <../ret/model_outs> !!!
===>> All Done!
