NPROCS=0
This instance is clustered!
Gurobi Optimizer version 9.0.0 build v9.0.0rc2 (linux64)
Optimize a model with 50 rows, 626 columns and 1250 nonzeros
Model fingerprint: 0x0633521f
Variable types: 1 continuous, 625 integer (625 binary)
Coefficient statistics:
  Matrix range     [1e+00, 1e+00]
  Objective range  [1e+00, 5e+02]
  Bounds range     [1e+00, 1e+00]
  RHS range        [1e+00, 1e+00]
Presolve removed 2 rows and 72 columns
Presolve time: 0.01s
Presolved: 48 rows, 554 columns, 1106 nonzeros
Variable types: 1 continuous, 553 integer (553 binary)

Root relaxation: objective 7.181891e+02, 45 iterations, 0.00 seconds

    Nodes    |    Current Node    |     Objective Bounds      |     Work
 Expl Unexpl |  Obj  Depth IntInf | Incumbent    BestBd   Gap | It/Node Time

     0     0  718.18911    0   10          -  718.18911      -     -    0s
     0     0 1021.06586    0   10          - 1021.06586      -     -    0s
     0     2 1065.50559    0   10          - 1065.50559      -     -    0s
H 2097  1742                    1663.7282466 1195.19305  28.2%   5.4    0s
H 2097  1654                    1654.2631400 1201.99562  27.3%   5.4    1s
 14981  9688 1588.94993   57   31 1654.26314 1268.32078  23.3%   6.5    5s
 28225 19970     cutoff   77      1654.26314 1280.92846  22.6%   6.5   10s
 34352 24899     cutoff   65      1654.26314 1285.75425  22.3%   6.7   15s
 43983 31857     cutoff  102      1654.26314 1290.97574  22.0%   6.7   20s
 51631 38071 1468.12492   66   22 1654.26314 1295.38499  21.7%   6.7   25s
 57708 42488 1518.80255   61   19 1654.26314 1298.18157  21.5%   6.7   30s
 63931 47116     cutoff   51      1654.26314 1300.84969  21.4%   6.7   35s
 68637 50610     cutoff   55      1654.26314 1302.33370  21.3%   6.8   40s
 71906 52172 1555.92701   38   10 1654.26314 1303.53326  21.2%   6.8  107s
 71908 52173 1649.93644   69   51 1654.26314 1303.53326  21.2%   6.8  115s
 71914 52177 1466.97565   48   65 1654.26314 1303.53326  21.2%   6.8  123s
 71916 52179 1491.33665   34   52 1654.26314 1303.53326  21.2%   6.8  126s
 71925 52194 1303.53326   27   67 1654.26314 1303.53326  21.2%   6.8  130s
 72536 52521 1554.39061   53   10 1654.26314 1303.53326  21.2%   6.8  135s
 73954 53159 1434.30257   81   41 1654.26314 1303.53326  21.2%   6.8  140s
 76403 54333 1522.47404   44   12 1654.26314 1303.53326  21.2%   6.8  145s
 79133 55579     cutoff   56      1654.26314 1303.53326  21.2%   6.9  150s
 81758 56711 1492.21468   66   36 1654.26314 1303.53326  21.2%   6.9  155s
 85126 58049 1606.35987  106   26 1654.26314 1303.53326  21.2%   6.8  160s
 88258 60269 1460.62450   66   17 1654.26314 1303.53326  21.2%   6.8  165s
 92457 62281 1530.11540   72   29 1654.26314 1303.53326  21.2%   6.8  170s
 96159 64288 1495.36615  119   38 1654.26314 1303.53326  21.2%   6.7  175s
 99985 65860     cutoff   76      1654.26314 1303.53326  21.2%   6.8  181s
 103424 67136     cutoff  103      1654.26314 1303.53326  21.2%   6.8  186s
 106869 69033 1573.53051  129   48 1654.26314 1303.53326  21.2%   6.7  191s
 110453 70416     cutoff  100      1654.26314 1303.53326  21.2%   6.8  196s
 113895 72287 1369.36243   64   46 1654.26314 1303.53326  21.2%   6.7  201s
 117354 73712     cutoff  111      1654.26314 1303.53326  21.2%   6.7  206s
 119589 74911     cutoff   94      1654.26314 1304.11157  21.2%   6.7  210s
 123179 76266 1450.30251  101   36 1654.26314 1305.89991  21.1%   6.7  215s
 126498 78085     cutoff  109      1654.26314 1307.39129  21.0%   6.7  220s
 129661 78569     cutoff   80      1654.26314 1309.13676  20.9%   6.7  225s
 132606 80446 1612.71616   99    6 1654.26314 1310.05243  20.8%   6.7  230s
 135998 82096 1621.08382   47   13 1654.26314 1311.44325  20.7%   6.7  236s
 138283 83168 1551.73102   82   22 1654.26314 1312.43699  20.7%   6.7  241s
 140971 84355 1621.60726   62    6 1654.26314 1313.45251  20.6%   6.7  245s
 143397 85229 1587.75095   89   37 1654.26314 1314.28583  20.6%   6.7  250s
 145402 86187     cutoff   66      1654.26314 1315.09585  20.5%   6.7  255s
 148766 87493 1630.62646  110   39 1654.26314 1316.08781  20.4%   6.7  261s
 151134 88357     cutoff   80      1654.26314 1316.93754  20.4%   6.7  265s
 153385 89508 1651.92146  128   12 1654.26314 1317.55371  20.4%   6.7  270s
 156784 90790     cutoff  113      1654.26314 1318.34419  20.3%   6.7  277s
 158776 91710     cutoff   80      1654.26314 1318.87545  20.3%   6.7  281s
 161132 92488 1583.80207  102   19 1654.26314 1319.56155  20.2%   6.7  286s
 163058 93485     cutoff   97      1654.26314 1319.90151  20.2%   6.7  290s
 166607 95164 1384.57183   47   18 1654.26314 1320.85791  20.2%   6.7  297s
 167736 95304     cutoff   73      1654.26314 1321.13508  20.1%   6.7  300s
 169564 96234     cutoff  101      1654.26314 1321.51631  20.1%   6.8  305s
 171830 97139     cutoff   46      1654.26314 1322.14978  20.1%   6.8  311s
 174126 98275     cutoff   94      1654.26314 1322.59241  20.0%   6.8  316s
 176596 99293     cutoff  101      1654.26314 1322.95642  20.0%   6.8  322s
 177618 99978 1397.78342   52   25 1654.26314 1323.07167  20.0%   6.8  325s
 180154 100590     cutoff  108      1654.26314 1323.75239  20.0%   6.8  330s
 182126 101631 1482.93587   56   28 1654.26314 1324.17772  20.0%   6.8  336s
 184446 102687     cutoff   90      1654.26314 1324.65004  19.9%   6.8  341s
 186970 103388 infeasible   70      1654.26314 1325.31836  19.9%   6.8  346s
 189112 104238 infeasible   68      1654.26314 1325.74745  19.9%   6.8  351s
 190251 104396 1522.07177   71   31 1654.26314 1325.99230  19.8%   6.8  355s
 191843 105200 infeasible   80      1654.26314 1326.34620  19.8%   6.8  361s
 194245 106402     cutoff  102      1654.26314 1326.93430  19.8%   6.8  367s
 196900 107448     cutoff   91      1654.26314 1327.34281  19.8%   6.8  372s
 199162 108614 1417.42093   50   12 1654.26314 1327.65841  19.7%   6.8  377s
 200434 108989 1647.95128   81   10 1654.26314 1327.90014  19.7%   6.8  381s
 202718 110003     cutoff   65      1654.26314 1328.31174  19.7%   6.8  387s
 203889 110172 1429.69902   43   16 1654.26314 1328.47047  19.7%   6.8  390s
 205984 111498 1411.21688   51   16 1654.26314 1328.91816  19.7%   6.8  396s
 208515 112149     cutoff   77      1654.26314 1329.43707  19.6%   6.8  403s
 209305 112784     cutoff   67      1654.26314 1329.53770  19.6%   6.9  407s
 210452 113309 1644.17673  119    6 1654.26314 1329.67041  19.6%   6.9  411s
 211619 113950 1441.83396   55   24 1654.26314 1329.90700  19.6%   6.9  415s
 214241 115193     cutoff   90      1654.26314 1330.23793  19.6%   6.8  422s
 215577 115670     cutoff   83      1654.26314 1330.60352  19.6%   6.8  425s
 217713 116705 1612.83020   88    8 1654.26314 1330.90011  19.5%   6.8  431s
 219011 117247 infeasible   92      1654.26314 1331.22367  19.5%   6.8  435s
 221091 118257 1443.94989   58   13 1654.26314 1331.48649  19.5%   6.9  441s
 222371 117927     cutoff  105      1654.26314 1331.73808  19.5%   6.9  450s
 223540 119046 1541.66368   87   17 1654.26314 1332.00792  19.5%   6.9  457s
 224464 119778     cutoff   99      1654.26314 1332.12345  19.5%   6.9  460s
 227034 120749     cutoff  104      1654.26314 1332.65428  19.4%   6.9  467s
 228266 121189 infeasible  105      1654.26314 1332.82419  19.4%   6.9  470s
 230388 122792     cutoff   70      1654.26314 1333.20035  19.4%   6.9  477s
 231553 123807 1616.73628  114   41 1654.26314 1333.33088  19.4%   6.9  481s
 232793 124424 1524.15885   42   27 1654.26314 1333.54409  19.4%   6.9  486s
 233720 125230 1563.05805   46    - 1654.26314 1333.59197  19.4%   6.9  491s
 234923 125861 1634.85989   46    8 1654.26314 1333.77033  19.4%   6.9  495s
 235906 127047 1475.12322   60   26 1654.26314 1333.90142  19.4%   6.9  500s
 237333 127226     cutoff   83      1654.26314 1334.02411  19.4%   6.9  508s
 237528 128082 1401.63845   51    9 1654.26314 1334.10430  19.4%   6.9  512s
 238665 129221 1643.20322   61    9 1654.26314 1334.27093  19.3%   6.9  517s
 240093 130235 1376.70949   52   34 1654.26314 1334.50130  19.3%   6.9  521s
 242783 132348     cutoff   65      1654.26314 1334.78953  19.3%   6.9  527s
 244059 133108     cutoff   79      1654.26314 1334.93068  19.3%   6.9  531s
 246424 134973     cutoff   61      1654.26314 1335.28751  19.3%   6.9  537s
 247679 135562     cutoff   73      1654.26314 1335.48864  19.3%   6.9  541s
 248510 136383 1624.98216   66    8 1654.26314 1335.61046  19.3%   6.9  545s
 250568 138089     cutoff   66      1654.26314 1335.89842  19.2%   6.9  552s
 251941 139013     cutoff   85      1654.26314 1336.09626  19.2%   6.9  556s
 254301 140701     cutoff   83      1654.26314 1336.45659  19.2%   6.9  562s
 255356 141743 1580.23146   92   32 1654.26314 1336.56377  19.2%   6.9  566s
 257978 143312 infeasible   90      1654.26314 1336.89240  19.2%   6.9  573s
 258879 144096     cutoff   71      1654.26314 1337.02414  19.2%   6.9  577s
 259918 145001 1474.42857   47   17 1654.26314 1337.12367  19.2%   6.9  581s
 262272 146796     cutoff  101      1654.26314 1337.44964  19.2%   6.9  588s
 263407 147724 1417.41611   44    8 1654.26314 1337.63401  19.1%   6.9  592s
 264656 148515 1589.85069   86   26 1654.26314 1337.76524  19.1%   6.9  595s
 266933 150543     cutoff   72      1654.26314 1338.10331  19.1%   6.9  602s
 268318 151048     cutoff  100      1654.26314 1338.26554  19.1%   6.9  606s
 269125 151861 1545.42337   76   12 1654.26314 1338.37347  19.1%   6.9  610s
 271450 153677 infeasible   79      1654.26314 1338.77877  19.1%   6.9  617s
 272783 154326     cutoff  116      1654.26314 1338.93127  19.1%   6.9  622s
 273678 155058     cutoff   80      1654.26314 1339.00265  19.1%   6.9  625s
 275988 156992     cutoff   79      1654.26314 1339.28174  19.0%   6.9  632s
 277221 158146 1618.51992   78   10 1654.26314 1339.37232  19.0%   6.9  636s
 278610 158809     cutoff  101      1654.26314 1339.52165  19.0%   6.9  640s
 280839 160440     cutoff   75      1654.26314 1339.77758  19.0%   6.9  646s
 281768 161505     cutoff   59      1654.26314 1339.88774  19.0%   6.9  650s
 284423 163312     cutoff  138      1654.26314 1340.27186  19.0%   6.9  658s
 285496 164210     cutoff   70      1654.26314 1340.49377  19.0%   6.9  661s
 286691 165280 1562.18424   59   10 1654.26314 1340.65597  19.0%   6.9  665s
 289135 166849     cutoff   90      1654.26314 1340.99910  18.9%   6.9  672s
 290270 167617 1565.00769   42   42 1654.26314 1341.25846  18.9%   6.9  676s
 291401 168537 1569.88724   77   21 1654.26314 1341.37361  18.9%   6.9  680s
 293279 169498 1649.28394  103   18 1654.26314 1341.57665  18.9%   6.9  688s
 294242 170321 1615.56624   81   15 1654.26314 1341.67260  18.9%   6.9  692s
 295359 171057     cutoff   82      1654.26314 1341.83340  18.9%   6.9  696s
 296380 171924 1447.62863   65   23 1654.26314 1341.92759  18.9%   6.9  700s
 298911 173815 1599.88442   86   25 1654.26314 1342.18202  18.9%   6.9  707s
 300055 174752     cutoff   93      1654.26314 1342.29305  18.9%   6.9  712s
 301254 175653     cutoff   75      1654.26314 1342.42108  18.9%   6.9  715s
 303603 177269     cutoff  116      1654.26314 1342.69275  18.8%   6.9  723s
 304797 178279     cutoff   87      1654.26314 1342.82013  18.8%   6.9  727s
 306076 179291 1596.04798   73   16 1654.26314 1342.96855  18.8%   6.9  731s
 307340 179997 1618.02838  102   14 1654.26314 1343.10670  18.8%   6.9  735s
 309704 181862     cutoff  119      1654.26314 1343.30543  18.8%   6.9  742s
 310952 182792     cutoff   44      1654.26314 1343.42757  18.8%   6.9  746s
 312182 183715     cutoff   84      1654.26314 1343.57209  18.8%   6.9  752s
 313346 183787     cutoff   92      1654.26314 1343.65799  18.8%   6.9  762s
 313420 184739 1354.30589   52   16 1654.26314 1343.70100  18.8%   6.9  766s
 314666 185619     cutoff   67      1654.26314 1343.79345  18.8%   6.9  770s
 315836 186401     cutoff  112      1654.26314 1343.98645  18.8%   6.9  776s
 316883 187335     cutoff   92      1654.26314 1344.08695  18.8%   6.9  781s
 318147 188306 1464.38594   50   23 1654.26314 1344.25597  18.7%   6.9  785s
 319476 189026 1589.97704   99   32 1654.26314 1344.38960  18.7%   6.9  790s
 320408 189791 1629.74014   87   19 1654.26314 1344.48167  18.7%   6.9  795s
 322785 191186     cutoff   73      1654.26314 1344.71114  18.7%   6.9  804s
 323710 192181     cutoff   62      1654.26314 1344.84798  18.7%   6.9  808s
 325044 193159     cutoff   87      1654.26314 1345.00884  18.7%   6.9  812s
 326266 193783     cutoff   55      1654.26314 1345.14185  18.7%   6.9  817s
 327267 194536     cutoff   77      1654.26314 1345.28653  18.7%   6.9  822s
 328287 195470     cutoff   86      1654.26314 1345.37636  18.7%   7.0  825s
 329555 196429     cutoff  106      1654.26314 1345.50308  18.7%   7.0  830s
 330835 197429     cutoff   63      1654.26314 1345.62248  18.7%   7.0  835s
 333195 198819 infeasible   64      1654.26314 1345.84566  18.6%   7.0  844s
 334141 199792 1465.89541   47   16 1654.26314 1345.93068  18.6%   7.0  848s
 335518 200580     cutoff   66      1654.26314 1346.09507  18.6%   7.0  852s
 336589 201208     cutoff   62      1654.26314 1346.19258  18.6%   7.0  857s
 337598 202077     cutoff   70      1654.26314 1346.29555  18.6%   7.0  862s
 338774 202920     cutoff  110      1654.26314 1346.33587  18.6%   7.0  866s
 339882 203645 1581.03448   65    8 1654.26314 1346.53216  18.6%   7.0  871s
 340897 204240 infeasible   81      1654.26314 1346.59918  18.6%   7.0  876s
 341812 205086     cutoff   55      1654.26314 1346.71199  18.6%   7.0  880s
 344370 206948     cutoff   51      1654.26314 1346.94848  18.6%   7.0  889s
 345728 207879 infeasible   64      1654.26314 1347.06696  18.6%   7.0  893s
 347007 208692     cutoff   72      1654.26314 1347.21836  18.6%   7.0  897s
 348144 209306     cutoff   80      1654.26314 1347.29472  18.6%   7.0  902s
 349139 210012 1516.79703   86   14 1654.26314 1347.43602  18.5%   7.0  907s
 350073 210498 1482.64483   60   36 1654.26314 1347.52760  18.5%   7.0  913s
 350905 211312 1536.88475   73   23 1654.26314 1347.58474  18.5%   7.0  918s
 352007 212186 1548.39993  105   46 1654.26314 1347.73300  18.5%   7.0  923s
 353166 212508     cutoff  102      1654.26314 1347.87345  18.5%   7.0  927s
 353667 213430     cutoff   67      1654.26314 1347.94699  18.5%   7.0  933s
 354921 214397 1399.80248   58   36 1654.26314 1348.03755  18.5%   7.0  940s
 356165 215239 1499.88833   99   50 1654.26314 1348.12640  18.5%   7.0  946s
 357436 216424     cutoff  138      1654.26314 1348.24505  18.5%   7.0  951s
 358973 217347     cutoff   88      1654.26314 1348.36339  18.5%   7.0  957s
 360208 218320 1472.53229   53   13 1654.26314 1348.51877  18.5%   7.0  962s
 361522 219274     cutoff   74      1654.26314 1348.65024  18.5%   7.0  968s
 362723 220305 1578.09612   79   28 1654.26314 1348.74784  18.5%   7.0  973s
 364068 220861 1418.75407   54   35 1654.26314 1348.82488  18.5%   7.0  981s
 365021 221900     cutoff   86      1654.26314 1348.86153  18.5%   7.0  988s
 366317 222850 1591.74746   68   32 1654.26314 1349.06032  18.4%   7.0  993s
 367614 223607 infeasible   75      1654.26314 1349.17175  18.4%   7.0  999s
 368859 224334     cutoff   93      1654.26314 1349.27721  18.4%   7.0 1005s
 369779 225467     cutoff   71      1654.26314 1349.38577  18.4%   7.0 1011s
 371222 226427     cutoff   74      1654.26314 1349.50165  18.4%   7.0 1016s
 372532 227455 1604.70699   74   27 1654.26314 1349.62005  18.4%   7.0 1022s
 373914 228267     cutoff   81      1654.26314 1349.71243  18.4%   7.0 1028s
 375132 229160     cutoff   75      1654.26314 1349.85428  18.4%   7.0 1034s
 376176 229713 1464.48341   57   21 1654.26314 1349.94060  18.4%   7.0 1040s
 377176 230596 1647.70084   49   14 1654.26314 1349.98679  18.4%   7.0 1045s
 378363 231468     cutoff   56      1654.26314 1350.08553  18.4%   7.0 1050s
 379601 232435 1618.39375   95   31 1654.26314 1350.18726  18.4%   7.0 1057s
 380862 233248 1365.30238   42   15 1654.26314 1350.24787  18.4%   7.0 1063s
 381952 234096     cutoff  107      1654.26314 1350.28238  18.4%   7.0 1069s
 383039 235071     cutoff   93      1654.26314 1350.36095  18.4%   7.0 1074s
 384305 235764     cutoff   65      1654.26314 1350.53557  18.4%   7.0 1080s
 385281 236871     cutoff   95      1654.26314 1350.59249  18.4%   7.0 1085s
 386746 237795     cutoff  119      1654.26314 1350.69385  18.4%   7.0 1091s
 387943 238360 1507.84814   57   23 1654.26314 1350.78048  18.3%   7.0 1098s
 388779 239292     cutoff   74      1654.26314 1350.85158  18.3%   7.0 1104s
 390078 240324     cutoff   75      1654.26314 1350.94813  18.3%   7.0 1109s
 391373 241309     cutoff   83      1654.26314 1351.06744  18.3%   7.0 1115s
 392651 242367 infeasible   89      1654.26314 1351.20307  18.3%   7.0 1120s
 394062 243224 1460.96779   77   48 1654.26314 1351.31935  18.3%   7.0 1125s
 395221 244069 1525.44874   84   43 1654.26314 1351.37655  18.3%   7.0 1130s
 396425 244830 1553.46395   78   29 1654.26314 1351.45681  18.3%   7.0 1136s
 397602 245619     cutoff   97      1654.26314 1351.55107  18.3%   7.0 1141s
 398828 246626 1589.97170   67   31 1654.26314 1351.63552  18.3%   7.0 1146s
 400127 247502 1469.10143   60   22 1654.26314 1351.72300  18.3%   7.0 1152s
 401258 248149 1633.44368  111   32 1654.26314 1351.77491  18.3%   7.0 1157s
 402388 249196     cutoff   69      1654.26314 1351.89676  18.3%   7.0 1163s
 403672 250182     cutoff   73      1654.26314 1352.02379  18.3%   7.0 1168s
 404978 251097 1645.32970   96   28 1654.26314 1352.09110  18.3%   7.0 1172s
 406330 252042     cutoff   99      1654.26314 1352.21781  18.3%   7.0 1177s
 407579 252944     cutoff   99      1654.26314 1352.31040  18.3%   7.0 1182s
 408857 253854 1417.71760   47    8 1654.26314 1352.34314  18.3%   7.0 1186s
 410064 254792 infeasible   76      1654.26314 1352.52019  18.2%   7.0 1193s
 411334 255703 infeasible   66      1654.26314 1352.59662  18.2%   7.0 1197s
 412543 256194 1443.98136   44   33 1654.26314 1352.70788  18.2%   7.0 1203s
 413322 256937     cutoff   62      1654.26314 1352.74833  18.2%   7.0 1209s
 414523 257897 1543.95500   88   26 1654.26314 1352.85120  18.2%   7.0 1215s
 415786 258623     cutoff  119      1654.26314 1352.96330  18.2%   7.0 1220s
 416822 259303 1426.28918   55   28 1654.26314 1353.07166  18.2%   7.0 1226s
 417834 260289     cutoff   87      1654.26314 1353.16348  18.2%   7.0 1232s
 419132 261121     cutoff   98      1654.26314 1353.24456  18.2%   7.0 1238s
 420251 261273     cutoff   75      1654.26314 1353.31311  18.2%   7.0 1248s
 420463 262132 1401.77933   47   24 1654.26314 1353.34508  18.2%   7.0 1254s
 421696 262945 1636.70324   93    6 1654.26314 1353.42261  18.2%   7.0 1261s
 422727 263938 1605.29747  103   12 1654.26314 1353.52045  18.2%   7.0 1267s
 424125 265024     cutoff  107      1654.26314 1353.62846  18.2%   7.0 1272s
 425555 265889 1476.20254   65   25 1654.26314 1353.69838  18.2%   7.0 1278s
 426614 266929     cutoff  104      1654.26314 1353.78926  18.2%   7.0 1283s
 428008 268005     cutoff   59      1654.26314 1353.89292  18.2%   7.0 1288s
 429380 268928     cutoff   91      1654.26314 1354.01413  18.2%   7.0 1293s
 430587 269839 1509.08518   68   26 1654.26314 1354.10506  18.1%   7.0 1300s
 431826 270397 1424.15235   56   29 1654.26314 1354.14644  18.1%   7.0 1307s
 432638 271400     cutoff   98      1654.26314 1354.16505  18.1%   7.0 1314s
 433957 272568 1428.81902   45    6 1654.26314 1354.24916  18.1%   7.0 1321s
 435409 273219 1590.94158   88   19 1654.26314 1354.31677  18.1%   7.0 1328s
 436495 273947     cutoff   56      1654.26314 1354.43132  18.1%   7.0 1335s
 437570 274823     cutoff   76      1654.26314 1354.52122  18.1%   7.0 1343s
 438802 275754     cutoff   76      1654.26314 1354.59822  18.1%   7.0 1349s
 439958 276750 1627.19007   91    - 1654.26314 1354.69604  18.1%   7.0 1354s
 441339 277627     cutoff   91      1654.26314 1354.81378  18.1%   7.0 1361s
 442525 278536     cutoff   69      1654.26314 1354.91077  18.1%   7.0 1366s
 443766 279454 1603.15181   76   49 1654.26314 1355.01517  18.1%   7.0 1372s
 444964 280455     cutoff   76      1654.26314 1355.12185  18.1%   7.0 1378s
 446326 281440 1362.93703   42   22 1654.26314 1355.20688  18.1%   7.0 1383s
 447593 281970 1589.45235   91   15 1654.26314 1355.28820  18.1%   7.0 1393s
 448551 282722     cutoff  108      1654.26314 1355.34099  18.1%   7.0 1400s
 449585 283646 1580.18397  108   19 1654.26314 1355.41491  18.1%   7.0 1407s
 450818 283896 1421.54227   49   25 1654.26314 1355.50841  18.1%   7.0 1416s
 451119 284828 1620.26429   73   24 1654.26314 1355.51121  18.1%   7.0 1423s
 452399 285489     cutoff  108      1654.26314 1355.61712  18.1%   7.0 1430s
 453527 286614 infeasible   49      1654.26314 1355.73722  18.0%   7.1 1436s
 454918 287112     cutoff   95      1654.26314 1355.78730  18.0%   7.1 1443s
 455966 287680     cutoff   94      1654.26314 1355.89413  18.0%   7.1 1447s
 456748 288277 infeasible   88      1654.26314 1355.96972  18.0%   7.1 1456s
 457758 289041     cutoff   97      1654.26314 1356.00279  18.0%   7.1 1463s
 458912 289973 infeasible   80      1654.26314 1356.07945  18.0%   7.1 1471s
 460134 290849 1472.36857   48   12 1654.26314 1356.14243  18.0%   7.1 1479s
 460326 290855 1590.34192   54    4 1654.26314 1356.15025  18.0%   7.1 1480s
 461443 291899 1591.78845   72   18 1654.26314 1356.19378  18.0%   7.1 1488s
 462824 292455 1465.73789   46   21 1654.26314 1356.29160  18.0%   7.1 1496s
 463725 293511     cutoff   72      1654.26314 1356.33898  18.0%   7.1 1504s
 465175 294572     cutoff   75      1654.26314 1356.48711  18.0%   7.1 1513s
 466468 295602 1527.28436  103   45 1654.26314 1356.57783  18.0%   7.1 1522s
 467823 296665     cutoff  132      1654.26314 1356.66409  18.0%   7.1 1531s
 469232 297233     cutoff   82      1654.26314 1356.73253  18.0%   7.1 1540s
 470071 298186 1638.86493   52    8 1654.26314 1356.80335  18.0%   7.1 1549s
 471324 299066 1413.84874   44   18 1654.26314 1356.85512  18.0%   7.1 1557s
 472577 299956 1566.80882   55   14 1654.26314 1356.91547  18.0%   7.1 1565s
 473809 300981 1536.13488   49   21 1654.26314 1357.03820  18.0%   7.1 1572s
 475246 301833 infeasible   84      1654.26314 1357.09230  18.0%   7.1 1579s
 476407 302901     cutoff   99      1654.26314 1357.22052  18.0%   7.1 1585s
 477878 303887 infeasible   64      1654.26314 1357.28764  18.0%   7.1 1591s
 479192 304945 1404.34107   37   19 1654.26314 1357.34304  17.9%   7.1 1598s
 480539 305827 1614.29866  104   26 1654.26314 1357.42283  17.9%   7.1 1603s
 481891 306696 1471.32355   35   10 1654.26314 1357.55005  17.9%   7.1 1611s
 483088 307400     cutoff   93      1654.26314 1357.62455  17.9%   7.1 1620s
 484217 308326     cutoff   71      1654.26314 1357.71173  17.9%   7.1 1627s
 485462 309170     cutoff   76      1654.26314 1357.78642  17.9%   7.1 1637s
 486609 309922     cutoff   68      1654.26314 1357.86214  17.9%   7.1 1646s
 487639 310777     cutoff   82      1654.26314 1357.91830  17.9%   7.1 1653s
 488837 311494 1576.60431   47    8 1654.26314 1358.00408  17.9%   7.1 1660s
 489953 312337     cutoff  106      1654.26314 1358.04776  17.9%   7.1 1669s
 491186 313341     cutoff   76      1654.26314 1358.12165  17.9%   7.1 1675s
 492546 314510     cutoff   90      1654.26314 1358.17348  17.9%   7.1 1682s
 493986 315508 1491.27544   49   21 1654.26314 1358.26994  17.9%   7.1 1689s
 495298 316409     cutoff   88      1654.26314 1358.32134  17.9%   7.1 1696s
 496436 317114     cutoff  130      1654.26314 1358.38385  17.9%   7.1 1703s
 497535 317920 1419.06049   50   28 1654.26314 1358.44682  17.9%   7.1 1712s
 498614 318707     cutoff   65      1654.26314 1358.53769  17.9%   7.1 1720s
 499773 319694 1434.24288   61   32 1654.26314 1358.58723  17.9%   7.1 1729s
 501123 320587     cutoff  108      1654.26314 1358.68539  17.9%   7.1 1737s
 502397 321362     cutoff   44      1654.26314 1358.78904  17.9%   7.1 1746s
 503456 322388     cutoff   91      1654.26314 1358.80962  17.9%   7.1 1752s
 504918 323383 infeasible   90      1654.26314 1358.90160  17.9%   7.1 1759s
 506245 324215 1536.25506   65   17 1654.26314 1358.96895  17.9%   7.1 1766s
 507361 325352     cutoff   86      1654.26314 1359.03126  17.8%   7.1 1772s
 508808 326056     cutoff   85      1654.26314 1359.10910  17.8%   7.1 1779s
 509896 326805 1445.39241   40   18 1654.26314 1359.14690  17.8%   7.1 1786s
 511002 327450 infeasible   58      1654.26314 1359.22038  17.8%   7.1 1794s
 512012 328418     cutoff   72      1654.26314 1359.31376  17.8%   7.1 1802s
 513337 329304     cutoff  105      1654.26314 1359.36690  17.8%   7.1 1811s
 514550 330032     cutoff   76      1654.26314 1359.45452  17.8%   7.1 1821s
 515578 330758 1495.94938   61   24 1654.26314 1359.51798  17.8%   7.1 1828s
 516663 331722     cutoff   78      1654.26314 1359.55035  17.8%   7.1 1835s
 517930 332425 1616.10623   71   10 1654.26314 1359.61721  17.8%   7.1 1844s
 518998 333562     cutoff   59      1654.26314 1359.69397  17.8%   7.1 1852s
 520510 334523 infeasible   49      1654.26314 1359.73926  17.8%   7.1 1861s
 521834 335057 1540.33070   64    6 1654.26314 1359.80356  17.8%   7.1 1869s
 522597 335501     cutoff   73      1654.26314 1359.84310  17.8%   7.1 1879s
 523462 336266     cutoff   67      1654.26314 1359.87022  17.8%   7.1 1887s
 524560 337286 1591.98392   72   31 1654.26314 1359.93372  17.8%   7.1 1896s
 525856 338365 1581.13829   77    - 1654.26314 1360.00349  17.8%   7.1 1903s
 527283 339221     cutoff   83      1654.26314 1360.09285  17.8%   7.1 1917s
 528427 340040     cutoff   69      1654.26314 1360.19310  17.8%   7.1 1927s
 529577 340993 1588.68010   63   21 1654.26314 1360.26569  17.8%   7.1 1936s
 530964 341897 infeasible   77      1654.26314 1360.32702  17.8%   7.1 1944s
 532256 342504     cutoff   88      1654.26314 1360.42651  17.8%   7.1 1956s
 533236 343510     cutoff   74      1654.26314 1360.47816  17.8%   7.1 1965s
 534619 344311 1633.25590   86    6 1654.26314 1360.56481  17.8%   7.1 1974s
 535134 344335     cutoff   86      1654.26314 1360.59520  17.8%   7.1 1975s
 535731 345077     cutoff   88      1654.26314 1360.64166  17.7%   7.1 1987s
 537006 345876 1628.24009   95   42 1654.26314 1360.71618  17.7%   7.1 1997s
 538298 346943     cutoff  100      1654.26314 1360.79078  17.7%   7.1 2006s
 539690 347953     cutoff   94      1654.26314 1360.86536  17.7%   7.1 2017s
 541083 348944     cutoff  110      1654.26314 1360.98277  17.7%   7.1 2025s
 542359 349721     cutoff  126      1654.26314 1361.02305  17.7%   7.1 2032s
 543451 350652     cutoff   77      1654.26314 1361.12084  17.7%   7.1 2040s
 544682 351599     cutoff   97      1654.26314 1361.18095  17.7%   7.1 2048s
 545990 352572 1576.38537   55   11 1654.26314 1361.25625  17.7%   7.1 2056s
 547293 353414     cutoff   81      1654.26314 1361.33640  17.7%   7.1 2064s
 548356 354231 1520.78137   52   21 1654.26314 1361.38655  17.7%   7.1 2072s
 549569 355260     cutoff   95      1654.26314 1361.44735  17.7%   7.1 2081s
 550878 356147     cutoff   73      1654.26314 1361.48717  17.7%   7.1 2090s
 552099 357273     cutoff   84      1654.26314 1361.57361  17.7%   7.1 2097s
 553532 357943 1585.82663  103   40 1654.26314 1361.66342  17.7%   7.1 2110s
 554433 358912 1618.50430  109   44 1654.26314 1361.70714  17.7%   7.1 2116s
 555802 359614     cutoff   76      1654.26314 1361.80687  17.7%   7.1 2126s
 556793 360235 1442.83223   57   36 1654.26314 1361.85056  17.7%   7.1 2132s
 557697 361284     cutoff   88      1654.26314 1361.88350  17.7%   7.1 2139s
 559134 362343 1414.10721   57   26 1654.26314 1361.98950  17.7%   7.1 2147s
 560491 362813 1566.84568   99   24 1654.26314 1362.04611  17.7%   7.1 2154s
 560663 362823     cutoff   97      1654.26314 1362.05160  17.7%   7.1 2155s
 561407 363795     cutoff   71      1654.26314 1362.13385  17.7%   7.1 2163s
 562708 364744     cutoff   74      1654.26314 1362.17441  17.7%   7.1 2170s
 564070 365798 1613.67496   84   33 1654.26314 1362.25856  17.7%   7.1 2176s
 565525 366838 infeasible   89      1654.26314 1362.33315  17.6%   7.1 2184s
 566881 367575 1647.74701   99    - 1654.26314 1362.39012  17.6%   7.1 2192s
 567845 368565     cutoff  101      1654.26314 1362.45453  17.6%   7.1 2199s
 569188 369128 1624.50740  111   25 1654.26314 1362.52788  17.6%   7.1 2208s
 570175 370012 1596.61199   73   42 1654.26314 1362.57663  17.6%   7.1 2220s
 571434 371075     cutoff   88      1654.26314 1362.65575  17.6%   7.1 2227s
 572819 372046     cutoff   86      1654.26314 1362.72632  17.6%   7.1 2235s
 574110 372761 1506.77124   59   27 1654.26314 1362.79417  17.6%   7.1 2245s
 575127 373640 1534.03847   77   16 1654.26314 1362.82727  17.6%   7.1 2253s
 576439 374675 1651.02444   98    9 1654.26314 1362.89081  17.6%   7.1 2261s
 577859 375720 1424.93879   63   17 1654.26314 1362.96764  17.6%   7.1 2269s
 579210 376459     cutoff  103      1654.26314 1363.02825  17.6%   7.1 2279s
 580225 377360     cutoff   58      1654.26314 1363.07615  17.6%   7.1 2288s
 581542 378167 1516.78776   83   27 1654.26314 1363.12749  17.6%   7.1 2297s
 582713 379204     cutoff   54      1654.26314 1363.21578  17.6%   7.1 2305s
 584136 380089     cutoff   59      1654.26314 1363.28404  17.6%   7.1 2315s
 585376 380698     cutoff   72      1654.26314 1363.35997  17.6%   7.1 2324s
 586205 381492 1552.59263   67   16 1654.26314 1363.39628  17.6%   7.1 2334s
 587368 382455     cutoff   79      1654.26314 1363.44973  17.6%   7.1 2344s
 588681 383233 1411.61341   51   24 1654.26314 1363.53183  17.6%   7.1 2353s
 589848 384222     cutoff   70      1654.26314 1363.57765  17.6%   7.1 2362s
 591103 385122     cutoff   83      1654.26314 1363.62132  17.6%   7.1 2370s
 592420 386051 1504.35625   44   27 1654.26314 1363.70589  17.6%   7.1 2379s
 593687 387062     cutoff   74      1654.26314 1363.75815  17.6%   7.1 2387s
 595024 388008 1431.94217   60   29 1654.26314 1363.81782  17.6%   7.1 2394s
 596455 389129 1618.39918  106   26 1654.26314 1363.90521  17.6%   7.1 2401s
 597880 389837 1493.42783   68   21 1654.26314 1363.98513  17.5%   7.1 2409s
 598836 390675     cutoff   87      1654.26314 1364.02397  17.5%   7.1 2418s
 600050 391219 1446.98817   69   43 1654.26314 1364.10575  17.5%   7.1 2428s
 600960 392221     cutoff   99      1654.26314 1364.12024  17.5%   7.1 2435s
 602366 393162     cutoff   96      1654.26314 1364.19592  17.5%   7.1 2444s
 603615 394184     cutoff   71      1654.26314 1364.26389  17.5%   7.2 2452s
 605070 394981 1651.38567   80    6 1654.26314 1364.34099  17.5%   7.1 2460s
 606202 395544     cutoff   74      1654.26314 1364.40628  17.5%   7.1 2469s
 606431 395551     cutoff   77      1654.26314 1364.42162  17.5%   7.1 2470s
 607129 395581 1473.81650   71   30 1654.26314 1364.43899  17.5%   7.2 2492s
 607192 396250 1476.74366   72   31 1654.26314 1364.44266  17.5%   7.2 2503s
 608253 396899 1556.71830   74   33 1654.26314 1364.50358  17.5%   7.2 2512s
 609368 397969     cutoff   71      1654.26314 1364.56019  17.5%   7.2 2523s
 610808 398477 1580.27272   85   33 1654.26314 1364.63849  17.5%   7.2 2535s
 611714 399051 1539.18089   64   14 1654.26314 1364.68929  17.5%   7.2 2546s
 612691 400053 1608.99432   56   12 1654.26314 1364.73496  17.5%   7.2 2557s
 614150 400824     cutoff   84      1654.26314 1364.81354  17.5%   7.2 2568s
 615265 401893 1491.33907   63   26 1654.26314 1364.86791  17.5%   7.2 2579s
 616799 402963     cutoff   90      1654.26314 1364.92228  17.5%   7.2 2590s
 618235 403737     cutoff   69      1654.26314 1365.00951  17.5%   7.2 2600s
 619348 404752 1610.93011   80   18 1654.26314 1365.07970  17.5%   7.2 2609s
 620778 405772     cutoff   72      1654.26314 1365.14878  17.5%   7.2 2621s
 622094 406370 infeasible   77      1654.26314 1365.21202  17.5%   7.2 2630s
 622993 407361     cutoff   61      1654.26314 1365.23960  17.5%   7.2 2638s
 624423 408171     cutoff   92      1654.26314 1365.30137  17.5%   7.2 2648s
 625488 409255 1544.51493   66   24 1654.26314 1365.35690  17.5%   7.2 2658s
 626916 410243     cutoff   84      1654.26314 1365.42299  17.5%   7.2 2668s
 628223 410945     cutoff   66      1654.26314 1365.46524  17.5%   7.2 2678s
 629235 412017     cutoff   71      1654.26314 1365.51884  17.5%   7.2 2690s
 630644 412436 1476.85203   60   37 1654.26314 1365.56430  17.5%   7.2 2704s
 631359 412921 1446.32927   57   22 1654.26314 1365.59534  17.4%   7.2 2717s
 632294 413778     cutoff   67      1654.26314 1365.59583  17.4%   7.2 2729s
 633525 414456 1595.60158   74   35 1654.26314 1365.69558  17.4%   7.2 2744s
 634551 415229     cutoff   84      1654.26314 1365.73861  17.4%   7.2 2755s
 635902 416141 1572.70688   42   16 1654.26314 1365.84866  17.4%   7.2 2766s
 637144 416987 infeasible  109      1654.26314 1365.90241  17.4%   7.2 2778s
 638335 417976 1463.35050   55   24 1654.26314 1365.95982  17.4%   7.2 2789s
 639625 418948 1539.31391   59   22 1654.26314 1366.01516  17.4%   7.2 2802s
 640977 419811     cutoff   73      1654.26314 1366.06567  17.4%   7.2 2816s
 642185 420563 1533.81075   51    9 1654.26314 1366.12607  17.4%   7.2 2827s
 643345 421394 1404.35755   52   31 1654.26314 1366.20070  17.4%   7.2 2839s
 644492 422397     cutoff   77      1654.26314 1366.22098  17.4%   7.2 2848s
 645890 423273     cutoff   88      1654.26314 1366.30246  17.4%   7.2 2858s
 647246 424391 1615.34043   78   22 1654.26314 1366.35239  17.4%   7.2 2866s
 648764 425253     cutoff   80      1654.26314 1366.42453  17.4%   7.2 2875s
 650100 426178     cutoff   60      1654.26314 1366.48817  17.4%   7.2 2884s
 651338 427383 1600.67972   80    8 1654.26314 1366.55664  17.4%   7.2 2892s
 652913 428459     cutoff   86      1654.26314 1366.63562  17.4%   7.2 2900s
 654329 429448     cutoff   77      1654.26314 1366.68891  17.4%   7.2 2908s
 655666 430266 1493.28175   55   30 1654.26314 1366.74151  17.4%   7.2 2917s
 656885 430915     cutoff   70      1654.26314 1366.80561  17.4%   7.2 2926s
 658055 431936 1635.30767   94   34 1654.26314 1366.85273  17.4%   7.2 2935s
 659337 432741 1424.90249   67   45 1654.26314 1366.91910  17.4%   7.2 2944s
 660446 433798     cutoff  106      1654.26314 1366.98364  17.4%   7.2 2952s
 661837 433846     cutoff   80      1654.26314 1367.05492  17.4%   7.2 2979s
 661881 434476 1421.77702   51   13 1654.26314 1367.07212  17.4%   7.2 2991s
 662775 434943 1476.90351   49   20 1654.26314 1367.08454  17.4%   7.2 3002s
 663679 435646 1567.96310   53   24 1654.26314 1367.09687  17.4%   7.2 3012s
 664815 436630 1525.93386   66   39 1654.26314 1367.14014  17.4%   7.2 3022s
 666203 437607     cutoff   83      1654.26314 1367.19066  17.4%   7.2 3032s
 667529 438293     cutoff   82      1654.26314 1367.24253  17.4%   7.2 3043s
 668594 438907 1650.86736   71   17 1654.26314 1367.30084  17.3%   7.2 3053s
 669341 439870 1495.67716   83   31 1654.26314 1367.33837  17.3%   7.2 3065s
 670681 441026     cutoff   68      1654.26314 1367.39744  17.3%   7.2 3075s
 672201 442043     cutoff   77      1654.26314 1367.46013  17.3%   7.2 3085s
 673664 443090     cutoff   90      1654.26314 1367.57220  17.3%   7.2 3096s
 675034 443975 1410.90383   54   23 1654.26314 1367.62502  17.3%   7.2 3107s
 676233 444747     cutoff   83      1654.26314 1367.69297  17.3%   7.2 3118s
 677448 445815 1595.14094   62   14 1654.26314 1367.74573  17.3%   7.2 3127s
 678953 446424 1563.18945   85   27 1654.26314 1367.80745  17.3%   7.2 3139s
 679914 447455 1560.09174   73   35 1654.26314 1367.85166  17.3%   7.2 3150s
 681288 448194     cutoff   68      1654.26314 1367.89519  17.3%   7.2 3163s
 682361 448920     cutoff   94      1654.26314 1367.92022  17.3%   7.2 3175s
 683575 449806     cutoff   61      1654.26314 1367.97430  17.3%   7.2 3186s
 684866 450771     cutoff   90      1654.26314 1368.07405  17.3%   7.2 3197s
 686247 451287 1450.60885   48   24 1654.26314 1368.14757  17.3%   7.2 3211s
 687148 452107     cutoff   62      1654.26314 1368.18833  17.3%   7.2 3223s
 688328 453184 1543.32071   67   20 1654.26314 1368.23537  17.3%   7.2 3235s
 689753 454248     cutoff   99      1654.26314 1368.29324  17.3%   7.2 3248s
 691199 454939 1598.36821   76    9 1654.26314 1368.33699  17.3%   7.2 3260s
 692390 455839     cutoff   81      1654.26314 1368.38307  17.3%   7.2 3271s
 693743 456526 1586.74220  105   33 1654.26314 1368.41519  17.3%   7.2 3284s
 694811 457489     cutoff  113      1654.26314 1368.48174  17.3%   7.2 3295s
 696154 458389     cutoff   79      1654.26314 1368.51593  17.3%   7.2 3304s
 697420 459435     cutoff   75      1654.26314 1368.59415  17.3%   7.2 3314s
 698856 460299     cutoff   75      1654.26314 1368.67336  17.3%   7.2 3326s
 700067 461097     cutoff   70      1654.26314 1368.72667  17.3%   7.2 3339s
 701161 461756     cutoff   89      1654.26314 1368.76195  17.3%   7.3 3350s
 702372 462722 1497.51910   76   34 1654.26314 1368.80626  17.3%   7.3 3359s
 703735 463481     cutoff   88      1654.26314 1368.89701  17.3%   7.3 3370s
 704987 464287 1637.39246   78    9 1654.26314 1368.95437  17.2%   7.3 3380s
 706327 465144     cutoff   82      1654.26314 1369.02888  17.2%   7.3 3391s
 707510 466045 1466.81067   53   33 1654.26314 1369.09331  17.2%   7.3 3404s
 708829 466749     cutoff   69      1654.26314 1369.14617  17.2%   7.3 3417s
 709799 467687 1406.65961   56   22 1654.26314 1369.16812  17.2%   7.3 3429s
 711017 468527 1474.82592   63   35 1654.26314 1369.23193  17.2%   7.3 3441s
 712318 469056 1517.00193   48   14 1654.26314 1369.28219  17.2%   7.3 3455s
 713326 469826     cutoff   77      1654.26314 1369.31470  17.2%   7.3 3466s
 714564 470734     cutoff   70      1654.26314 1369.36819  17.2%   7.3 3478s
 715761 471582     cutoff   91      1654.26314 1369.43375  17.2%   7.3 3490s
 716991 472341 1455.96651   61   16 1654.26314 1369.50393  17.2%   7.3 3503s
 718091 473241     cutoff   98      1654.26314 1369.51215  17.2%   7.3 3516s
 719460 474461     cutoff   73      1654.26314 1369.57678  17.2%   7.3 3526s
 720984 475548     cutoff   66      1654.26314 1369.63248  17.2%   7.3 3535s
 722503 476619     cutoff   69      1654.26314 1369.69386  17.2%   7.3 3545s
 723918 477491     cutoff   61      1654.26314 1369.75786  17.2%   7.3 3555s
 725095 478445     cutoff   77      1654.26314 1369.83864  17.2%   7.3 3567s
 726370 479227     cutoff   90      1654.26314 1369.88675  17.2%   7.3 3579s
 727544 480259 1482.86382   60   35 1654.26314 1369.92817  17.2%   7.3 3591s
 728889 481365 1480.32081   64   32 1654.26314 1369.99110  17.2%   7.3 3602s
 730280 482048     cutoff   92      1654.26314 1370.02874  17.2%   7.3 3613s
 731347 482703     cutoff   67      1654.26314 1370.07210  17.2%   7.3 3627s
 732442 483546     cutoff   76      1654.26314 1370.11736  17.2%   7.3 3643s
 733747 484407     cutoff   83      1654.26314 1370.16409  17.2%   7.3 3657s
 734914 485195     cutoff   62      1654.26314 1370.21326  17.2%   7.3 3668s
 736149 486285     cutoff  103      1654.26314 1370.24642  17.2%   7.3 3680s
 737545 487092 1607.20701   81   18 1654.26314 1370.32002  17.2%   7.3 3691s
 738669 488090     cutoff   85      1654.26314 1370.36441  17.2%   7.3 3703s
 739941 489084     cutoff   77      1654.26314 1370.41913  17.2%   7.3 3714s
 741262 489965     cutoff   61      1654.26314 1370.45449  17.2%   7.3 3725s
 742551 490616 infeasible   73      1654.26314 1370.51858  17.2%   7.3 3737s
 743596 491497 1559.84012   67   43 1654.26314 1370.55505  17.2%   7.3 3754s
 744760 492180     cutoff   67      1654.26314 1370.58303  17.1%   7.3 3768s
 745942 493266     cutoff   74      1654.26314 1370.64230  17.1%   7.3 3782s
 747309 494124     cutoff   95      1654.26314 1370.68706  17.1%   7.3 3797s
 748480 495200     cutoff  108      1654.26314 1370.70314  17.1%   7.3 3809s
 749926 496172 infeasible   98      1654.26314 1370.76048  17.1%   7.3 3822s
 751183 497213 1574.50508   87   48 1654.26314 1370.79202  17.1%   7.3 3832s
 752638 498339     cutoff  118      1654.26314 1370.85758  17.1%   7.3 3843s
 754084 498974 1564.56698   77   43 1654.26314 1370.93007  17.1%   7.3 3855s
 755168 500097     cutoff   59      1654.26314 1370.97139  17.1%   7.3 3864s
 756678 500798     cutoff   96      1654.26314 1371.04233  17.1%   7.3 3876s
 757695 501824 1604.51015   65   14 1654.26314 1371.08968  17.1%   7.3 3888s
 759157 502806     cutoff   91      1654.26314 1371.14579  17.1%   7.3 3899s
 760498 503883 1508.97519   77   26 1654.26314 1371.22250  17.1%   7.3 3908s
 761937 504974 infeasible   75      1654.26314 1371.27815  17.1%   7.3 3917s
 763409 505582 1509.95032   53   31 1654.26314 1371.35489  17.1%   7.3 3930s
 764383 506616     cutoff   98      1654.26314 1371.36495  17.1%   7.3 3941s
 765767 507483 1622.32922   86   37 1654.26314 1371.42655  17.1%   7.3 3952s
 766964 508458 1653.81541   55   17 1654.26314 1371.48709  17.1%   7.3 3963s
 768340 509417     cutoff   78      1654.26314 1371.52796  17.1%   7.3 3972s
 769582 510327 1582.69765   87   33 1654.26314 1371.58155  17.1%   7.3 3981s
 770873 511090 infeasible   86      1654.26314 1371.64667  17.1%   7.3 3994s
 771997 511912     cutoff   93      1654.26314 1371.68295  17.1%   7.3 4007s
 773219 512880 1499.11257   70   34 1654.26314 1371.70609  17.1%   7.3 4018s
 774514 513838 1397.52170   60   31 1654.26314 1371.77576  17.1%   7.3 4030s
 775829 514618     cutoff  102      1654.26314 1371.80713  17.1%   7.3 4041s
 776912 515684     cutoff   65      1654.26314 1371.85687  17.1%   7.3 4053s
 778309 516596     cutoff   75      1654.26314 1371.89371  17.1%   7.3 4064s
 779619 517298 1638.07697   87   18 1654.26314 1371.95546  17.1%   7.3 4079s
 780676 518403     cutoff   56      1654.26314 1371.99091  17.1%   7.3 4091s
 782153 519194 1473.49729   44   26 1654.26314 1372.06789  17.1%   7.3 4101s
 783285 520046 1635.02126   72    - 1654.26314 1372.10471  17.1%   7.3 4111s
 784643 521155 infeasible   72      1654.26314 1372.15320  17.1%   7.3 4120s
 786108 521806     cutoff   78      1654.26314 1372.22635  17.0%   7.3 4135s
 787059 522295 1559.75597   65   17 1654.26314 1372.24962  17.0%   7.3 4147s
 788030 522860 1635.68811   76   18 1654.26314 1372.25886  17.0%   7.3 4158s
 789175 523440 1609.45237   77    9 1654.26314 1372.29466  17.0%   7.3 4173s
 790030 524358     cutoff   86      1654.26314 1372.34614  17.0%   7.3 4185s
 791321 525094     cutoff   65      1654.26314 1372.39448  17.0%   7.3 4196s
 792623 526131     cutoff   98      1654.26314 1372.46189  17.0%   7.3 4207s
 794151 526932 1637.29663   56   22 1654.26314 1372.51906  17.0%   7.3 4221s
 795299 527753     cutoff  109      1654.26314 1372.55816  17.0%   7.3 4232s
 796531 528864     cutoff   75      1654.26314 1372.58069  17.0%   7.3 4242s
 798008 530055 1529.43394   57   30 1654.26314 1372.64586  17.0%   7.3 4252s
 799597 530851 1618.09135   93    6 1654.26314 1372.67996  17.0%   7.3 4266s
 800736 531745 1636.88432   64   12 1654.26314 1372.72181  17.0%   7.3 4279s
 801979 532398 infeasible   76      1654.26314 1372.76334  17.0%   7.3 4292s
 802843 533406 1531.26929   71   13 1654.26314 1372.79114  17.0%   7.3 4303s
 804223 534350 infeasible   52      1654.26314 1372.85479  17.0%   7.3 4316s
 805503 535244 1592.48116   85   30 1654.26314 1372.90572  17.0%   7.3 4329s
 806854 536136 1640.20836   67   28 1654.26314 1372.94521  17.0%   7.3 4344s
 808077 537016     cutoff   65      1654.26314 1372.97436  17.0%   7.3 4357s
 809342 538049     cutoff   71      1654.26314 1373.01684  17.0%   7.3 4367s
 810764 538943 1631.41288  131   33 1654.26314 1373.06321  17.0%   7.3 4379s
 812066 539726 1648.10152   63    6 1654.26314 1373.11505  17.0%   7.3 4394s
 813227 540626 1596.08782   82   23 1654.26314 1373.13961  17.0%   7.3 4407s
 814427 541603 infeasible   87      1654.26314 1373.16946  17.0%   7.3 4418s
 815777 542494 1621.60925   93   33 1654.26314 1373.21749  17.0%   7.3 4430s
 817111 542932     cutoff  109      1654.26314 1373.26632  17.0%   7.3 4443s
 817966 543864 1566.48868   52   30 1654.26314 1373.33249  17.0%   7.3 4455s
 819342 544739     cutoff   86      1654.26314 1373.38183  17.0%   7.3 4468s
 820575 545623 infeasible   74      1654.26314 1373.42068  17.0%   7.3 4483s
 821868 546410     cutoff   73      1654.26314 1373.44706  17.0%   7.3 4496s
 822925 547296 1490.63441   65   12 1654.26314 1373.47818  17.0%   7.3 4509s
 824180 548262     cutoff   71      1654.26314 1373.52765  17.0%   7.3 4521s
 825583 548974     cutoff   45      1654.26314 1373.57884  17.0%   7.3 4536s
 826684 549805 1467.51021   46   12 1654.26314 1373.63899  17.0%   7.3 4550s
 827903 550719 1570.39237   64   25 1654.26314 1373.68509  17.0%   7.4 4561s
 829149 551699 infeasible   78      1654.26314 1373.73510  17.0%   7.4 4575s
 830508 552636 1538.93656   46   17 1654.26314 1373.77918  17.0%   7.4 4588s
 831960 553606     cutoff   84      1654.26314 1373.80384  17.0%   7.4 4602s
 833230 554686     cutoff   90      1654.26314 1373.84709  17.0%   7.4 4613s
 834725 555321     cutoff   82      1654.26314 1373.90520  16.9%   7.4 4625s
 835907 556447     cutoff   88      1654.26314 1373.94131  16.9%   7.4 4636s
 837415 557240     cutoff   72      1654.26314 1373.98922  16.9%   7.4 4650s
 838501 558273     cutoff   80      1654.26314 1374.05215  16.9%   7.4 4662s
 840021 559245     cutoff   67      1654.26314 1374.09754  16.9%   7.4 4672s
 841523 560232     cutoff   80      1654.26314 1374.15252  16.9%   7.4 4683s
 842814 561337 1634.44776   74   24 1654.26314 1374.20329  16.9%   7.4 4693s
 844279 562080     cutoff   96      1654.26314 1374.25845  16.9%   7.4 4706s
 845336 563099 infeasible   41      1654.26314 1374.30221  16.9%   7.4 4718s
 846792 563714     cutoff   67      1654.26314 1374.35542  16.9%   7.4 4732s
 847801 564519     cutoff   63      1654.26314 1374.40107  16.9%   7.4 4747s
 848985 565380 1637.82993   75   28 1654.26314 1374.43668  16.9%   7.4 4761s
 850292 566202 1627.27547   59    9 1654.26314 1374.47097  16.9%   7.4 4774s
 851219 566232     cutoff   78      1654.26314 1374.48853  16.9%   7.4 4775s
 851545 567207     cutoff  103      1654.26314 1374.50936  16.9%   7.4 4790s
 852958 568022     cutoff   88      1654.26314 1374.57174  16.9%   7.4 4802s
 854165 568837     cutoff  133      1654.26314 1374.60366  16.9%   7.4 4813s
 855360 569420     cutoff   59      1654.26314 1374.66442  16.9%   7.4 4825s
 856576 570058 1527.02842   74   37 1654.26314 1374.71998  16.9%   7.4 4841s
 857627 571047     cutoff   77      1654.26314 1374.75768  16.9%   7.4 4857s
 859059 571986 1599.99078   76   30 1654.26314 1374.80629  16.9%   7.4 4869s
 860422 572635     cutoff  104      1654.26314 1374.86445  16.9%   7.4 4886s
 861281 573463     cutoff   60      1654.26314 1374.88500  16.9%   7.4 4901s
 862586 574510 1626.32538   73    8 1654.26314 1374.91839  16.9%   7.4 4912s
 864010 575327     cutoff   96      1654.26314 1374.98461  16.9%   7.4 4927s
 865278 576316     cutoff  103      1654.26314 1375.03946  16.9%   7.4 4942s
 866688 577125 1536.52787   60   41 1654.26314 1375.09588  16.9%   7.4 4957s
 867785 578226 1400.29574   42   25 1654.26314 1375.12858  16.9%   7.4 4971s
 869214 579009 1619.38360   88   25 1654.26314 1375.16336  16.9%   7.4 4987s
 870373 579855     cutoff   83      1654.26314 1375.21529  16.9%   7.4 5001s
 871502 580686     cutoff   90      1654.26314 1375.25368  16.9%   7.4 5015s
 872750 580713     cutoff   90      1654.26314 1375.30247  16.9%   7.4 5047s
 872795 581737 1431.06680   43   17 1654.26314 1375.30385  16.9%   7.4 5059s
 874251 582763 1516.02657   76   30 1654.26314 1375.35664  16.9%   7.4 5072s
 875717 583898 1590.42013  102   10 1654.26314 1375.39069  16.9%   7.4 5084s
 877270 584968     cutoff  105      1654.26314 1375.45718  16.9%   7.4 5096s
 878712 585960     cutoff   78      1654.26314 1375.51714  16.9%   7.4 5109s
 880052 587001 infeasible   72      1654.26314 1375.55735  16.8%   7.4 5123s
 881541 588040     cutoff   69      1654.26314 1375.62375  16.8%   7.4 5135s
 882890 588936     cutoff   85      1654.26314 1375.66906  16.8%   7.4 5150s
 884207 589829     cutoff   79      1654.26314 1375.72282  16.8%   7.4 5166s
 885393 590534     cutoff   54      1654.26314 1375.76265  16.8%   7.4 5184s
 886442 591137     cutoff   91      1654.26314 1375.76888  16.8%   7.4 5201s
 887521 592068     cutoff   58      1654.26314 1375.80426  16.8%   7.4 5216s
 888850 593083     cutoff   95      1654.26314 1375.81599  16.8%   7.4 5229s
 890323 593956     cutoff   80      1654.26314 1375.88012  16.8%   7.4 5241s
 891561 594639 1418.77258   55   21 1654.26314 1375.93408  16.8%   7.4 5255s
 892706 595669     cutoff   83      1654.26314 1375.97051  16.8%   7.4 5269s
 894124 596644 1645.66356  125    9 1654.26314 1376.02059  16.8%   7.4 5283s
 895476 597457     cutoff   91      1654.26314 1376.06670  16.8%   7.4 5297s
 896703 598280 1453.94398   52   33 1654.26314 1376.10747  16.8%   7.4 5311s
 897955 599128 1465.61293   57   42 1654.26314 1376.14392  16.8%   7.4 5326s
 899116 599846 1645.62629   78   37 1654.26314 1376.16770  16.8%   7.4 5339s
 900383 600762 1622.87666   84   32 1654.26314 1376.19375  16.8%   7.4 5353s
 901729 601561 infeasible   82      1654.26314 1376.26650  16.8%   7.4 5367s
 902747 602536 1586.05184   52   16 1654.26314 1376.29731  16.8%   7.4 5379s
 904208 603338 1602.02108  103   36 1654.26314 1376.33470  16.8%   7.4 5391s
H904282 603338                    1654.2630614 1376.33608  16.8%   7.4 5391s
 905379 604310 1614.68426   68   30 1654.26306 1376.36911  16.8%   7.4 5406s
 906733 604821 1651.49152   72    6 1654.26306 1376.44454  16.8%   7.4 5455s
 907411 605933     cutoff   79      1654.26306 1376.46675  16.8%   7.4 5469s
 908903 607044     cutoff   83      1654.26306 1376.50147  16.8%   7.4 5484s
 910461 608082 1617.44377  109   38 1654.26306 1376.57461  16.8%   7.4 5498s
 911924 609017     cutoff   81      1654.26306 1376.61835  16.8%   7.4 5511s
 913381 609729     cutoff   88      1654.26306 1376.65739  16.8%   7.4 5526s
 914582 610775 1639.67237   58   29 1654.26306 1376.70136  16.8%   7.4 5540s
 915967 611564 1522.36639   99   32 1654.26306 1376.74315  16.8%   7.4 5554s
 917206 612390 1450.54948   60   33 1654.26306 1376.78736  16.8%   7.4 5566s
 918575 613447     cutoff   84      1654.26306 1376.84786  16.8%   7.4 5579s
 919974 614584     cutoff  107      1654.26306 1376.91092  16.8%   7.4 5590s
 921501 615558 1650.04213   98   21 1654.26306 1376.95391  16.8%   7.4 5601s
 922853 616164 1532.06191   74   32 1654.26306 1376.99582  16.8%   7.4 5615s
 923996 617187 infeasible   50      1654.26306 1377.03680  16.8%   7.4 5626s
 925460 618250     cutoff  111      1654.26306 1377.09692  16.8%   7.4 5637s
 926931 619014 1537.18753   46   12 1654.26306 1377.14219  16.8%   7.4 5649s
 928123 619896 1626.97882   73   26 1654.26306 1377.17367  16.8%   7.4 5661s
 929495 620614 1441.21251   69   43 1654.26306 1377.24142  16.7%   7.4 5675s
 930609 621164 1581.71931   68   36 1654.26306 1377.27358  16.7%   7.4 5690s
 931604 621983     cutoff   68      1654.26306 1377.31417  16.7%   7.4 5704s
 932853 623098 1526.46514   68   34 1654.26306 1377.36743  16.7%   7.4 5716s
 934343 624055 1480.48648   91   31 1654.26306 1377.42306  16.7%   7.4 5728s
 935701 624755     cutoff   95      1654.26306 1377.47496  16.7%   7.4 5741s
 936854 625581 1476.98415   47   14 1654.26306 1377.50322  16.7%   7.4 5756s
 938110 626355 1549.26139   77   36 1654.26306 1377.53640  16.7%   7.4 5770s
 939216 627175 1568.72724   61   20 1654.26306 1377.57283  16.7%   7.4 5782s
 940457 627936     cutoff  105      1654.26306 1377.63035  16.7%   7.4 5795s
 941665 628995 1412.95222   51   12 1654.26306 1377.68477  16.7%   7.4 5807s
 943144 629973     cutoff   91      1654.26306 1377.72686  16.7%   7.4 5820s
 944524 630626 1652.55268   91   14 1654.26306 1377.77093  16.7%   7.4 5834s
 945705 631609 1575.62333   67   33 1654.26306 1377.82423  16.7%   7.4 5847s
 947047 632384 1500.66433  100   35 1654.26306 1377.87515  16.7%   7.4 5862s
 948170 633200     cutoff  136      1654.26306 1377.90952  16.7%   7.4 5878s
 949415 634082     cutoff   74      1654.26306 1377.96227  16.7%   7.4 5894s
 950653 635142 1570.96806   58   10 1654.26306 1378.02085  16.7%   7.4 5906s
 952175 635808     cutoff   79      1654.26306 1378.07817  16.7%   7.4 5920s
 953106 636564 1539.91108   68   24 1654.26306 1378.10256  16.7%   7.4 5937s
 954247 637710     cutoff   82      1654.26306 1378.13697  16.7%   7.4 5950s
 955775 638615     cutoff   62      1654.26306 1378.18160  16.7%   7.4 5963s
 957135 639666 1652.67056   79    - 1654.26306 1378.23082  16.7%   7.4 5978s
 958541 640481 1481.00716   49   10 1654.26306 1378.27228  16.7%   7.4 5992s
 959700 641492 1540.60521   81   33 1654.26306 1378.30405  16.7%   7.4 6007s
 961065 642230     cutoff  102      1654.26306 1378.34263  16.7%   7.4 6023s
 962208 643288     cutoff   74      1654.26306 1378.37308  16.7%   7.4 6036s
 963664 644309     cutoff   58      1654.26306 1378.40979  16.7%   7.4 6047s
 965200 645296     cutoff   74      1654.26306 1378.44155  16.7%   7.4 6063s
 966526 646065     cutoff   99      1654.26306 1378.48684  16.7%   7.4 6077s
 967678 646999     cutoff   93      1654.26306 1378.53018  16.7%   7.4 6090s
 969050 647669     cutoff   86      1654.26306 1378.57622  16.7%   7.4 6108s
 970097 648712     cutoff   73      1654.26306 1378.59076  16.7%   7.4 6120s
 971544 649734     cutoff   99      1654.26306 1378.64172  16.7%   7.4 6132s
 973050 650434     cutoff   92      1654.26306 1378.70054  16.7%   7.4 6148s
 974062 651034 infeasible   70      1654.26306 1378.74231  16.7%   7.4 6164s
 975107 652140 1650.14788   74   19 1654.26306 1378.77967  16.7%   7.4 6176s
 976621 652930 infeasible   75      1654.26306 1378.83863  16.6%   7.4 6190s
 977817 653618 1643.37919   76   16 1654.26306 1378.88573  16.6%   7.4 6206s
 978960 654230 1607.22779   67   29 1654.26306 1378.91517  16.6%   7.4 6224s
 980025 655055     cutoff   73      1654.26306 1378.95747  16.6%   7.4 6240s
 981368 655667     cutoff   83      1654.26306 1378.99382  16.6%   7.4 6256s
 982480 656719     cutoff   73      1654.26306 1379.03355  16.6%   7.4 6271s
 983940 657340     cutoff  118      1654.26306 1379.07618  16.6%   7.4 6287s
 985069 658412 1528.60979   70   29 1654.26306 1379.08647  16.6%   7.4 6300s
 986550 659352 1417.53470   65   34 1654.26306 1379.14789  16.6%   7.4 6316s
 987892 660445 1624.48441   94   26 1654.26306 1379.18170  16.6%   7.4 6329s
 989437 661416     cutoff  104      1654.26306 1379.22609  16.6%   7.4 6347s
 990771 662460 1484.15957   61   28 1654.26306 1379.26786  16.6%   7.4 6361s
 992198 663274     cutoff   77      1654.26306 1379.30160  16.6%   7.4 6374s
 992824 663289     cutoff   95      1654.26306 1379.31830  16.6%   7.4 6375s
 993325 664387     cutoff   92      1654.26306 1379.33661  16.6%   7.4 6387s
 994876 665310 1613.02796   80   25 1654.26306 1379.38959  16.6%   7.4 6399s
 996254 666241     cutoff   71      1654.26306 1379.44507  16.6%   7.4 6411s
 997439 666717 1466.32122   69   34 1654.26306 1379.46831  16.6%   7.4 6426s
 998283 667294     cutoff   45      1654.26306 1379.49020  16.6%   7.4 6440s
 999104 668004     cutoff   54      1654.26306 1379.51453  16.6%   7.4 6453s
 1000170 668718 1546.88694   68   41 1654.26306 1379.54474  16.6%   7.4 6468s
 1001124 669604     cutoff   91      1654.26306 1379.57698  16.6%   7.4 6481s
 1002310 670382 1543.23781  105   27 1654.26306 1379.61491  16.6%   7.4 6503s
 1003390 671209 infeasible  132      1654.26306 1379.64783  16.6%   7.4 6521s
 1004553 671901     cutoff   86      1654.26306 1379.70189  16.6%   7.4 6537s
 1005482 672560     cutoff   83      1654.26306 1379.73289  16.6%   7.4 6555s
 1006665 673678 1601.95630   96   41 1654.26306 1379.77547  16.6%   7.4 6571s
 1008232 674670     cutoff   64      1654.26306 1379.80282  16.6%   7.4 6588s
 1009867 675552     cutoff   59      1654.26306 1379.87819  16.6%   7.4 6604s
 1011300 676417 1583.69165   72    6 1654.26306 1379.91064  16.6%   7.4 6627s
 1012589 677146 1652.54722   79   10 1654.26306 1379.94465  16.6%   7.4 6654s
 1013735 678045     cutoff   70      1654.26306 1379.98631  16.6%   7.4 6676s
 1015297 679146     cutoff   84      1654.26306 1380.03830  16.6%   7.4 6695s
 1016779 680173 1546.54309   55   21 1654.26306 1380.08892  16.6%   7.4 6715s
 1018285 681093 infeasible   71      1654.26306 1380.13971  16.6%   7.4 6732s
 1019523 681975     cutoff   83      1654.26306 1380.18194  16.6%   7.4 6749s
 1020804 682733 1651.42973  140   25 1654.26306 1380.22204  16.6%   7.5 6762s
 1021925 683505     cutoff  143      1654.26306 1380.25662  16.6%   7.4 6777s
 1022957 684497 1602.28576   57   25 1654.26306 1380.29307  16.6%   7.5 6795s
 1024421 685264     cutoff   61      1654.26306 1380.34290  16.6%   7.5 6816s
 1025634 686350 1581.96514   87    6 1654.26306 1380.36778  16.6%   7.5 6833s
 1027236 687482     cutoff   77      1654.26306 1380.41454  16.6%   7.5 6850s
 1028711 688549 1555.35553   53   24 1654.26306 1380.44692  16.6%   7.5 6866s
 1030230 689429 1584.79902   88   37 1654.26306 1380.48978  16.5%   7.5 6880s
 1031435 690354     cutoff  105      1654.26306 1380.52551  16.5%   7.5 6894s
 1032753 691166     cutoff   67      1654.26306 1380.55658  16.5%   7.5 6909s
 1034131 692068     cutoff   91      1654.26306 1380.60045  16.5%   7.5 6923s
 1035598 693150     cutoff   62      1654.26306 1380.64072  16.5%   7.5 6937s
 1037010 694144 1620.43410  112   29 1654.26306 1380.68283  16.5%   7.5 6953s
 1038463 695014     cutoff   54      1654.26306 1380.71657  16.5%   7.5 6969s
 1039341 695036 1585.62763   51   34 1654.26306 1380.73788  16.5%   7.5 6970s
 1039703 696059     cutoff   66      1654.26306 1380.76267  16.5%   7.5 6983s
 1041227 696859 1623.70038   76   24 1654.26306 1380.79940  16.5%   7.5 6999s
 1042505 697838 1549.24634   89   47 1654.26306 1380.82826  16.5%   7.5 7014s
 1043850 698459     cutoff   69      1654.26306 1380.86550  16.5%   7.5 7034s
 1044862 699202 infeasible   78      1654.26306 1380.89241  16.5%   7.5 7050s
 1045958 700309 1540.95049   63   25 1654.26306 1380.91608  16.5%   7.5 7064s
 1047571 701281     cutoff   78      1654.26306 1380.95976  16.5%   7.5 7081s
 1048856 702379     cutoff   82      1654.26306 1380.98367  16.5%   7.5 7095s
 1050440 703097     cutoff   90      1654.26306 1381.04792  16.5%   7.5 7112s
 1051647 703917     cutoff   89      1654.26306 1381.08213  16.5%   7.5 7126s
 1052816 704773 1499.01998   43   25 1654.26306 1381.11742  16.5%   7.5 7140s
 1054155 705569     cutoff   60      1654.26306 1381.16430  16.5%   7.5 7156s
 1055439 706599 1565.87943   37   10 1654.26306 1381.21723  16.5%   7.5 7170s
 1056896 707321 1463.21914   77   36 1654.26306 1381.25307  16.5%   7.5 7186s
 1057958 708139 1533.80880   64   39 1654.26306 1381.29200  16.5%   7.5 7200s

Cutting planes:
  Gomory: 7
  Zero half: 4
  Lazy constraints: 16879

Explored 1059184 nodes (7907856 simplex iterations) in 7200.65 seconds
Thread count was 12 (of 12 available processors)

Solution count 2: 1654.26 1663.73 

Time limit reached
Best objective 1.654263061408e+03, best bound 1.381310300853e+03, gap 16.5000%

User-callback calls 3304176, time in user-callback 4.44 sec
/projects/academic/josewalt/caigao/RRARP_BD/BendersDecomp/ret/model_outs/n_23_h_7_algo_3.out
 =====>>>>> Solution is written to file in <../ret/model_outs> !!!
===>> All Done!
