NPROCS=0
This instance is clustered!
Gurobi Optimizer version 9.0.0 build v9.0.0rc2 (linux64)
Optimize a model with 22 rows, 122 columns and 242 nonzeros
Model fingerprint: 0x512951d0
Variable types: 1 continuous, 121 integer (121 binary)
Coefficient statistics:
  Matrix range     [1e+00, 1e+00]
  Objective range  [1e+00, 8e+01]
  Bounds range     [1e+00, 1e+00]
  RHS range        [1e+00, 1e+00]
Presolve removed 2 rows and 30 columns
Presolve time: 0.00s
Presolved: 20 rows, 92 columns, 182 nonzeros
Variable types: 1 continuous, 91 integer (91 binary)

Root relaxation: objective 1.391260e+02, 18 iterations, 0.00 seconds

    Nodes    |    Current Node    |     Objective Bounds      |     Work
 Expl Unexpl |  Obj  Depth IntInf | Incumbent    BestBd   Gap | It/Node Time

     0     0  176.20233    0   20          -  176.20233      -     -    0s
H    0     0                     248.3458875  176.20233  29.0%     -    0s
     0     0  180.46735    0    6  248.34589  180.46735  27.3%     -    0s
H    0     0                     227.0809354  180.46735  20.5%     -    0s
     0     0  182.56953    0   24  227.08094  182.56953  19.6%     -    0s
     0     0  182.56953    0   24  227.08094  182.56953  19.6%     -    0s
     0     0  182.56953    0   18  227.08094  182.56953  19.6%     -    0s
     0     0  182.56953    0   12  227.08094  182.56953  19.6%     -    0s
     0     0  182.61289    0   24  227.08094  182.61289  19.6%     -    0s
     0     0  183.10039    0   24  227.08094  183.10039  19.4%     -    0s
     0     0  183.35830    0   27  227.08094  183.35830  19.3%     -    0s
     0     0  183.36398    0   27  227.08094  183.36398  19.3%     -    0s
     0     0  183.36398    0   27  227.08094  183.36398  19.3%     -    0s
     0     2  183.36398    0   27  227.08094  183.36398  19.3%     -    0s

Cutting planes:
  Gomory: 2
  MIR: 2
  Zero half: 1
  Lazy constraints: 159

Explored 483 nodes (1433 simplex iterations) in 0.16 seconds
Thread count was 12 (of 12 available processors)

Solution count 2: 227.081 248.346 

Optimal solution found (tolerance 1.00e-04)
Best objective 2.270809354364e+02, best bound 2.270809354364e+02, gap 0.0000%

User-callback calls 1345, time in user-callback 0.01 sec
/projects/academic/josewalt/caigao/RRARP_BD/BendersDecomp/ret/model_outs/n_9_m_2_algo_2.out
 =====>>>>> Solution is written to file in <../ret/model_outs> !!!
===>> All Done!
