NPROCS=0
This instance is clustered!
Gurobi Optimizer version 9.0.0 build v9.0.0rc2 (linux64)
Optimize a model with 46 rows, 530 columns and 1058 nonzeros
Model fingerprint: 0x569e8b68
Variable types: 1 continuous, 529 integer (529 binary)
Coefficient statistics:
  Matrix range     [1e+00, 1e+00]
  Objective range  [1e+00, 5e+02]
  Bounds range     [1e+00, 1e+00]
  RHS range        [1e+00, 1e+00]
Presolve removed 2 rows and 66 columns
Presolve time: 0.01s
Presolved: 44 rows, 464 columns, 926 nonzeros
Variable types: 1 continuous, 463 integer (463 binary)

Root relaxation: objective 6.468372e+02, 39 iterations, 0.00 seconds

    Nodes    |    Current Node    |     Objective Bounds      |     Work
 Expl Unexpl |  Obj  Depth IntInf | Incumbent    BestBd   Gap | It/Node Time

     0     0  785.43181    0    8          -  785.43181      -     -    0s
     0     0  900.63816    0   16          -  900.63816      -     -    0s
     0     2  956.71566    0   16          -  956.71566      -     -    0s
H 1918  1523                    1980.2625942 1041.66245  47.4%   3.6    0s
H 1918  1447                    1613.0421557 1041.66245  35.4%   3.6    0s
H 1919  1375                    1487.1487253 1041.66245  30.0%   3.6    0s
H 1923  1309                    1484.7000202 1041.66245  29.8%   3.6    1s
  7177  3835 1270.63768   42    - 1484.70002 1054.27016  29.0%   4.3    5s
 13816  8993 1117.03943   64   19 1484.70002 1086.25306  26.8%   4.2   10s
 17742 11793 1302.46883   40   12 1484.70002 1091.00934  26.5%   4.2   15s
 22602 15729 1224.86115   30   11 1484.70002 1095.05365  26.2%   4.1   20s
 26350 18514     cutoff  128      1484.70002 1098.55769  26.0%   4.1   25s
 31326 22841 infeasible   79      1484.70002 1100.94805  25.8%   4.0   31s
 35017 25833 infeasible  108      1484.70002 1102.11777  25.8%   4.0   35s
 35992 25940 1128.64954  114   16 1484.70002 1102.11777  25.8%   3.9  181s
 35995 25942 1347.65535  108  127 1484.70002 1102.11777  25.8%   3.9  185s
 35998 25944 1205.55860   49  155 1484.70002 1102.11777  25.8%   3.9  191s
 36002 25947 1158.19091   40   85 1484.70002 1102.11777  25.8%   3.9  196s
 36007 25955 1102.11777   22  113 1484.70002 1102.11777  25.8%   4.0  201s
 36306 26119 1152.82648   34    - 1484.70002 1102.11777  25.8%   4.0  205s
 37388 26519 1204.62083   37   59 1484.70002 1102.11777  25.8%   4.1  210s
 39149 27208 1114.48369   32   99 1484.70002 1102.11777  25.8%   4.2  215s
 41030 27763 1237.42454   36   66 1484.70002 1102.11777  25.8%   4.3  220s
 42398 28415 1273.29657   50    - 1484.70002 1102.11777  25.8%   4.4  225s
 44351 29290 1129.59418   29   16 1484.70002 1102.11777  25.8%   4.5  230s
 46053 30016 1117.04163   36   63 1484.70002 1102.11777  25.8%   4.6  236s
 47290 30512 1188.50676   35  131 1484.70002 1102.11777  25.8%   4.6  240s
 48486 31017 1443.42655   48  101 1484.70002 1102.11777  25.8%   4.7  245s
 49982 31538 1220.20855   38  124 1484.70002 1102.11777  25.8%   4.8  250s
 51537 32321 1199.34665   42   46 1484.70002 1102.11777  25.8%   4.8  256s
 52725 32774 1163.09436   32  122 1484.70002 1102.11777  25.8%   4.9  260s
 54151 33245 1365.67460   59   12 1484.70002 1102.11777  25.8%   4.9  267s
 55272 33658     cutoff   54      1484.70002 1102.11777  25.8%   4.9  271s
 56014 33978 1144.67774   33   13 1484.70002 1102.11777  25.8%   5.0  276s
 57403 34511 infeasible   85      1484.70002 1102.11777  25.8%   5.0  282s
 58115 34736 1159.16263   32   35 1484.70002 1102.11777  25.8%   5.0  285s
 59452 35111 1137.84699   28    - 1484.70002 1102.11777  25.8%   5.0  291s
 60798 35741 1146.10617   38   12 1484.70002 1102.11777  25.8%   5.1  298s
 61604 36042 1200.25315   52    - 1484.70002 1102.11777  25.8%   5.1  301s
 62419 36394 1124.90136   49   46 1484.70002 1102.11777  25.8%   5.1  305s
 63997 37051 1284.58830   69   11 1484.70002 1103.65321  25.7%   5.2  313s
 64931 37274     cutoff   75      1484.70002 1104.11709  25.6%   5.2  318s
 65781 37545 1159.04994   38   20 1484.70002 1104.50613  25.6%   5.2  323s
 66606 37809 1189.11662   40  133 1484.70002 1105.03187  25.6%   5.2  328s
 67476 38069 1163.01765   37   21 1484.70002 1105.75676  25.5%   5.3  333s
 68285 38435 1209.55541   38   34 1484.70002 1106.34296  25.5%   5.3  338s
 69228 38559 1169.99604   35  106 1484.70002 1107.30341  25.4%   5.3  343s
 69875 38868 1180.10283   46   63 1484.70002 1107.73356  25.4%   5.3  349s
 70758 39057 1182.07224   34   51 1484.70002 1108.38838  25.3%   5.3  356s
 71468 39338 1139.25434   33   23 1484.70002 1109.04953  25.3%   5.3  362s
 72332 39687 1190.89691   38   70 1484.70002 1109.61133  25.3%   5.4  369s
 73216 39977 1161.37378   31   25 1484.70002 1110.02144  25.2%   5.4  375s
 74142 40298 1143.42142   39  102 1484.70002 1110.66347  25.2%   5.4  381s
 75033 40662 1171.40241   41   18 1484.70002 1111.40370  25.1%   5.4  387s
 75956 40952 1174.95239   40   40 1484.70002 1111.93652  25.1%   5.4  394s
 76833 41241 1145.64886   37   23 1484.70002 1112.21610  25.1%   5.4  401s
 77729 41525 1182.21996   40  160 1484.70002 1112.84337  25.0%   5.5  409s
 78536 41869 1190.76963   55    - 1484.70002 1113.13475  25.0%   5.5  417s
 79465 42118 1191.55537   55   22 1484.70002 1113.49729  25.0%   5.5  425s
 80334 42382 1129.25799   49    9 1484.70002 1113.99593  25.0%   5.5  432s
 81208 42678     cutoff   78      1484.70002 1114.49158  24.9%   5.5  441s
 82111 42881 1117.09967   45   37 1484.70002 1115.09774  24.9%   5.5  449s
 82916 43247 infeasible   54      1484.70002 1115.58699  24.9%   5.6  459s
 83874 43292 1154.66624   31   18 1484.70002 1116.10787  24.8%   5.6  468s
 84258 43559 1150.15035   38   41 1484.70002 1116.42568  24.8%   5.6  478s
 85145 43785 1212.96750   42   42 1484.70002 1116.67360  24.8%   5.6  489s
 85983 44020 1180.78201   38   79 1484.70002 1117.37812  24.7%   5.6  498s
 86896 44253 1399.85513   47   25 1484.70002 1117.65053  24.7%   5.7  508s
 87769 44465 1248.04358   54   49 1484.70002 1118.10248  24.7%   5.7  520s
 88622 44699 1155.26386   37   11 1484.70002 1118.58996  24.7%   5.7  530s
 89527 44918 1179.47036   31   12 1484.70002 1118.98230  24.6%   5.7  542s
 90384 45176 1184.92611   38   56 1484.70002 1119.38330  24.6%   5.7  554s
 91328 45440 1147.73148   38   21 1484.70002 1119.76074  24.6%   5.8  566s
 92190 45677 1180.15442   39   87 1484.70002 1120.10279  24.6%   5.8  578s
 93100 45906 1339.19471   56   35 1484.70002 1120.33046  24.5%   5.8  592s
 93998 46200 1146.37761   39   44 1484.70002 1120.66392  24.5%   5.8  605s
 94943 46401 1426.45131   56    - 1484.70002 1121.25356  24.5%   5.8  619s
 95792 46572     cutoff   56      1484.70002 1121.43718  24.5%   5.9  634s
 96680 46804 1267.28598   36   17 1484.70002 1121.77680  24.4%   5.9  650s
 97523 47018 1197.27933   37   26 1484.70002 1122.17552  24.4%   5.9  665s
 98469 47217 1152.99113   43   20 1484.70002 1122.66086  24.4%   5.9  680s
 99346 47426 1200.67676   49   19 1484.70002 1122.89766  24.4%   6.0  698s
 100253 47606 1174.64022   37   24 1484.70002 1123.40781  24.3%   6.0  714s
 101122 47853 1243.45075   45   33 1484.70002 1123.52455  24.3%   6.0  731s
 102028 47984 1168.87560   31   28 1484.70002 1124.37717  24.3%   6.0  748s
 102710 48232     cutoff   46      1484.70002 1124.77363  24.2%   6.1  767s
 103591 48426 1169.66012   44   34 1484.70002 1125.18913  24.2%   6.1  787s
 104537 48632 1183.25618   42   20 1484.70002 1125.64067  24.2%   6.1  809s
 105454 48785 1409.48337   66   23 1484.70002 1126.00898  24.2%   6.2  826s
 106181 48930 1251.79907   52   76 1484.70002 1126.35377  24.1%   6.2  847s
 107104 49116 1260.42757   48   48 1484.70002 1126.51124  24.1%   6.2  867s
 108073 49299 1210.50450   41   13 1484.70002 1127.08871  24.1%   6.2  890s
 109017 49503 1222.97616   40   24 1484.70002 1127.52290  24.1%   6.3  912s
 109944 49696 1207.36000   41   18 1484.70002 1127.89466  24.0%   6.3  935s
 110885 49887 1170.41541   42   19 1484.70002 1128.20619  24.0%   6.3  962s
 111847 50039 1265.84196   49  110 1484.70002 1128.55777  24.0%   6.3  987s
 112787 50202 1162.34908   33  129 1484.70002 1128.80738  24.0%   6.4 1013s
 113684 50329 1209.79289   47   36 1484.70002 1129.03111  24.0%   6.4 1042s
 114541 50749 1208.76769   42   18 1484.70002 1129.43350  23.9%   6.4 1070s
 115450 51258     cutoff   48      1484.70002 1129.73952  23.9%   6.5 1098s
 116378 51659 1357.95421   44   12 1484.70002 1129.97288  23.9%   6.5 1123s
 117025 52051 1225.78801   54   20 1484.70002 1130.26879  23.9%   6.5 1153s
 118034 52614 1283.27647   48   41 1484.70002 1130.65396  23.8%   6.5 1186s
 119010 53201 1167.19286   37   64 1484.70002 1130.98709  23.8%   6.6 1216s
 120019 53671 1309.91216   62   28 1484.70002 1131.26612  23.8%   6.6 1248s
 120979 54215 1235.05614   41   33 1484.70002 1131.65867  23.8%   6.6 1279s
 121998 54730     cutoff   53      1484.70002 1131.96830  23.8%   6.6 1309s
 122973 55316 1142.47935   38  143 1484.70002 1132.32636  23.7%   6.7 1339s
 123991 55834 1167.67688   41  143 1484.70002 1132.62891  23.7%   6.7 1374s
 124990 56385 1340.85513   50   74 1484.70002 1132.83605  23.7%   6.7 1406s
 126011 56926 1206.75313   37   64 1484.70002 1133.16731  23.7%   6.7 1447s
 127054 57447 1179.63050   34   58 1484.70002 1133.45080  23.7%   6.7 1488s
 128049 58039 1183.65146   39   32 1484.70002 1133.72758  23.6%   6.8 1526s
 129106 58526 1259.52569   51   36 1484.70002 1134.09840  23.6%   6.8 1562s
 130142 59124 1197.92487   38   18 1484.70002 1134.54818  23.6%   6.8 1596s
 131156 59693 1295.52474   41   81 1484.70002 1134.77674  23.6%   6.8 1632s
 132191 60190 1317.54838   53   51 1484.70002 1134.87297  23.6%   6.8 1665s
 133092 60676 1268.39809   56   92 1484.70002 1135.29883  23.5%   6.9 1704s
 134122 61209 1237.00258   50   26 1484.70002 1135.63023  23.5%   6.9 1739s
 134963 61685 1285.49057   41  100 1484.70002 1135.92704  23.5%   6.9 1779s
 136008 62216     cutoff   46      1484.70002 1136.26325  23.5%   6.9 1819s
 137067 62740 1174.18952   39   15 1484.70002 1136.50568  23.5%   6.9 1860s
 138110 63318 1218.67386   43   31 1484.70002 1136.78281  23.4%   7.0 1899s
 139156 63851 1243.18429   45   38 1484.70002 1136.95829  23.4%   7.0 1955s
 140218 64374 1169.65134   31   23 1484.70002 1137.23030  23.4%   7.0 1999s
 141261 64893 1323.76865   46   45 1484.70002 1137.55959  23.4%   7.0 2045s
 142305 65468 1169.66253   37   59 1484.70002 1137.81978  23.4%   7.0 2088s
 143370 65982 1222.53666   42   10 1484.70002 1138.05156  23.3%   7.0 2135s
 144357 66565 1245.92427   40   46 1484.70002 1138.32491  23.3%   7.1 2187s
 145400 67125 1157.54339   28   18 1484.70002 1138.65361  23.3%   7.1 2234s
 146476 67694 1185.82864   40   45 1484.70002 1138.97518  23.3%   7.1 2283s
 147513 68214     cutoff   54      1484.70002 1139.22751  23.3%   7.1 2329s
 148534 68752 1289.56658   45    - 1484.70002 1139.55116  23.2%   7.1 2376s
 149570 69325 1374.16137   48   64 1484.70002 1139.86395  23.2%   7.1 2435s
 150615 69873 1205.43374   38   22 1484.70002 1140.03595  23.2%   7.2 2484s
 151606 70375 infeasible   54      1484.70002 1140.23034  23.2%   7.2 2528s
 152474 70876 1178.25632   31  134 1484.70002 1140.44416  23.2%   7.2 2584s
 153549 71431 infeasible   56      1484.70002 1140.61687  23.2%   7.2 2647s
 154636 72056 1466.38365   51   18 1484.70002 1140.89986  23.2%   7.2 2698s
 155744 72606 1180.33233   39   16 1484.70002 1141.12203  23.1%   7.2 2756s
 156812 73093 1177.87376   35  184 1484.70002 1141.38047  23.1%   7.2 2815s
 157833 73686     cutoff   48      1484.70002 1141.69411  23.1%   7.3 2871s
 158941 74215 1223.26297   40   71 1484.70002 1141.86060  23.1%   7.3 2923s
 159973 74768 1181.16479   37   16 1484.70002 1142.21722  23.1%   7.3 2979s
 161059 75295 1423.38840   53    - 1484.70002 1142.47582  23.1%   7.3 3037s
 162104 75865     cutoff   46      1484.70002 1142.80464  23.0%   7.3 3096s
 163161 76387 1150.53179   42   47 1484.70002 1142.97166  23.0%   7.3 3161s
 164246 76936     cutoff   59      1484.70002 1143.15325  23.0%   7.4 3219s
 165351 77568 1196.45976   39   25 1484.70002 1143.50850  23.0%   7.4 3280s
 166442 78061 1193.58031   35   50 1484.70002 1143.75870  23.0%   7.4 3346s
 167506 78537 1195.40227   38   18 1484.70002 1143.95772  23.0%   7.4 3404s
 168533 79129 1261.62327   48   24 1484.70002 1144.15882  22.9%   7.4 3466s
 169639 79602     cutoff   43      1484.70002 1144.40548  22.9%   7.4 3529s
 170700 80250 1204.37027   40   63 1484.70002 1144.61976  22.9%   7.4 3603s
 171795 80771 1240.38174   46   33 1484.70002 1144.90598  22.9%   7.5 3665s
 172907 81397     cutoff   57      1484.70002 1145.23780  22.9%   7.5 3729s
 173996 81913 1241.11067   38   69 1484.70002 1145.37171  22.9%   7.5 3795s
 175050 82503 1265.18957   49   21 1484.70002 1145.70850  22.8%   7.5 3860s
 176141 83020 1177.89998   35   23 1484.70002 1145.74063  22.8%   7.5 3926s
 177220 83592 1174.68048   36   24 1484.70002 1146.12534  22.8%   7.5 3994s
 178317 84169 1230.06798   41   44 1484.70002 1146.38398  22.8%   7.5 4063s
 179452 84757 1169.49828   36  124 1484.70002 1146.57816  22.8%   7.5 4137s
 180534 85341 1476.87632   45   75 1484.70002 1146.85338  22.8%   7.6 4205s
 181615 85819     cutoff   48      1484.70002 1147.14904  22.7%   7.6 4275s
 182621 86308 1277.27670   46  100 1484.70002 1147.38103  22.7%   7.6 4360s
 183706 86838     cutoff   42      1484.70002 1147.56082  22.7%   7.6 4435s
 184758 87353 1346.58514   47  112 1484.70002 1147.71405  22.7%   7.6 4509s
 185845 87933 1208.13384   35   34 1484.70002 1147.92974  22.7%   7.6 4582s
 186931 88489 1211.97023   41   35 1484.70002 1148.09575  22.7%   7.6 4663s
 188021 89085 1186.07696   40   38 1484.70002 1148.40172  22.7%   7.7 4741s
 189145 89663     cutoff   50      1484.70002 1148.60732  22.6%   7.7 4829s
 189510 89773 1222.26002   51   18 1484.70002 1148.60732  22.6%   7.7 4830s
 190200 90261 1235.18139   49   19 1484.70002 1148.81735  22.6%   7.7 4912s
 191349 90872 1280.64265   36   19 1484.70002 1148.94295  22.6%   7.7 5003s
 192458 91394 1267.75048   47   33 1484.70002 1149.15363  22.6%   7.7 5082s
 193501 91968     cutoff   62      1484.70002 1149.40062  22.6%   7.7 5163s
 194615 92484 1300.77349   40   24 1484.70002 1149.61693  22.6%   7.7 5253s
 195710 93054 1222.46355   40   26 1484.70002 1149.85035  22.6%   7.7 5334s
 196844 93641 1273.85151   67   44 1484.70002 1149.99130  22.5%   7.7 5415s
 198003 94267     cutoff   53      1484.70002 1150.23940  22.5%   7.8 5496s
 199148 94825 1182.66663   33   18 1484.70002 1150.36353  22.5%   7.8 5576s
 200235 95456     cutoff   60      1484.70002 1150.59615  22.5%   7.8 5656s
 201401 96052 1269.13768   53   54 1484.70002 1150.84529  22.5%   7.8 5737s
 202512 96681 1259.10851   43   56 1484.70002 1151.02738  22.5%   7.8 5835s
 203647 97238 1214.55424   36   46 1484.70002 1151.21675  22.5%   7.8 5912s
 204708 97756 1247.21623   39   36 1484.70002 1151.38089  22.5%   7.8 5997s
 205827 98322 1207.30246   33   25 1484.70002 1151.56780  22.4%   7.8 6104s
 206942 98686 1466.98689   48   16 1484.70002 1151.66238  22.4%   7.8 6172s
 206944 98687 1274.02411   42  102 1484.70002 1151.66238  22.4%   7.8 6197s
 206945 98688 1190.55731   38  164 1484.70002 1151.66238  22.4%   7.8 6221s
 206947 98689 1346.84779   58   85 1484.70002 1151.66238  22.4%   7.8 6230s
 206948 98690 1240.29640   55   85 1484.70002 1151.66238  22.4%   7.8 6256s
 206949 98691 1203.78876   49   85 1484.70002 1151.66238  22.4%   7.8 6266s
 206951 98695 1151.66238   30  136 1484.70002 1151.66238  22.4%   7.8 6328s
 206953 98698 1151.66238   31  130 1484.70002 1151.66238  22.4%   7.8 6383s
 206957 98703 1151.66238   32  146 1484.70002 1151.66238  22.4%   7.8 6421s
 206965 98711 1151.66238   33  142 1484.70002 1151.66238  22.4%   7.8 6461s
 206977 98714 1151.66238   34  169 1484.70002 1151.66238  22.4%   7.8 6483s
 206989 98723 1151.66238   34  122 1484.70002 1151.66238  22.4%   7.8 6498s
 207001 98730 1151.66238   35  139 1484.70002 1151.66238  22.4%   7.8 6512s
 207013 98744 1151.66238   35  165 1484.70002 1151.66238  22.4%   7.8 6523s
 207032 98754 1151.66238   36  126 1484.70002 1151.66238  22.4%   7.8 6535s
 207051 98767 1151.66238   37  163 1484.70002 1151.66238  22.4%   7.8 6543s
 207071 98779 1151.66238   37   68 1484.70002 1151.66238  22.4%   7.8 6551s
 207099 98792 1151.66238   39   39 1484.70002 1151.66238  22.4%   7.8 6560s
 207122 98805 1151.66238   40  101 1484.70002 1151.66238  22.4%   7.8 6567s
 207145 98820 1151.66238   41   45 1484.70002 1151.66238  22.4%   7.8 6575s
 207174 98840 1151.66238   42   36 1484.70002 1151.66238  22.4%   7.8 6582s
 207207 98859 1151.66238   43   41 1484.70002 1151.66238  22.4%   7.8 6589s
 207238 98866 1157.92327   44   22 1484.70002 1151.66238  22.4%   7.8 6596s
 207272 98875 1202.67277   46    - 1484.70002 1151.66238  22.4%   7.8 6603s
 207309 98891 1247.39590   47   67 1484.70002 1151.66238  22.4%   7.8 6611s
 207348 98904 1196.78108   48   22 1484.70002 1151.66238  22.4%   7.8 6618s
 207388 98916 1209.21582   50   19 1484.70002 1151.66238  22.4%   7.8 6626s
 207414 98921 1337.31175   51    - 1484.70002 1151.66238  22.4%   7.8 6633s
 207465 98937 1254.91525   53   74 1484.70002 1151.66238  22.4%   7.8 6641s
 207513 98951 1412.15752   54   17 1484.70002 1151.66238  22.4%   7.8 6648s
 207569 98963 1431.34038   55    - 1484.70002 1151.66238  22.4%   7.8 6655s
 207629 98980 1426.06604   56   51 1484.70002 1151.66238  22.4%   7.8 6663s
 207691 98989 1151.66238   37  116 1484.70002 1151.66238  22.4%   7.8 6672s
 207751 99024 1151.66238   42  155 1484.70002 1151.66238  22.4%   7.8 6682s
 207821 99056 1151.66238   45  153 1484.70002 1151.66238  22.4%   7.8 6692s
 207884 99075 1151.66238   46  137 1484.70002 1151.66238  22.4%   7.8 6702s
 207955 99112 1151.66238   50   30 1484.70002 1151.66238  22.4%   7.8 6713s
 208042 99150 1172.43346   52   14 1484.70002 1151.66238  22.4%   7.8 6723s
 208135 99178 1214.93286   60   44 1484.70002 1151.66238  22.4%   7.8 6733s
 208223 99204 1322.82301   59   26 1484.70002 1151.66238  22.4%   7.8 6744s
 208320 99231 1441.69201   68   37 1484.70002 1151.66238  22.4%   7.8 6755s
 208412 99253     cutoff   69      1484.70002 1151.66238  22.4%   7.8 6766s
 208531 99274 1151.66238   42   87 1484.70002 1151.66238  22.4%   7.8 6777s
 208629 99306 1151.66238   45   41 1484.70002 1151.66238  22.4%   7.8 6790s
 208737 99317 1193.66128   46   23 1484.70002 1151.66238  22.4%   7.8 6804s
 208822 99380 1151.66238   51  132 1484.70002 1151.66238  22.4%   7.8 6818s
 208944 99420 1217.38962   50  129 1484.70002 1151.66238  22.4%   7.8 6832s
 209056 99442 1272.02090   55   10 1484.70002 1151.66238  22.4%   7.8 6847s
 209176 99517 1272.34993   56   26 1484.70002 1151.66238  22.4%   7.8 6863s
 209316 99551 1323.50979   58   77 1484.70002 1151.66238  22.4%   7.8 6879s
 209446 99626 1281.50625   58  157 1484.70002 1151.66238  22.4%   7.8 6897s
 209618 99675 1448.97927   67   62 1484.70002 1151.66238  22.4%   7.8 6912s
 209791 99739     cutoff   67      1484.70002 1151.66238  22.4%   7.8 6931s
 209969 99773 1429.94615   86  166 1484.70002 1151.66238  22.4%   7.8 6948s
 210155 99853 1194.07701   44   18 1484.70002 1151.66238  22.4%   7.8 6969s
 210369 99916 1258.72365   46   17 1484.70002 1151.66238  22.4%   7.8 6992s
 210580 99990 1226.54942   43    7 1484.70002 1151.66238  22.4%   7.8 7012s
 210796 100044 1276.71973   44   30 1484.70002 1151.66238  22.4%   7.8 7033s
 211024 100122 1266.45409   52   24 1484.70002 1151.66238  22.4%   7.8 7054s
 211280 100184 1328.19315   53   24 1484.70002 1151.66238  22.4%   7.8 7075s
 211545 100274 1244.31225   58  123 1484.70002 1151.66238  22.4%   7.8 7099s
 211835 100385 1369.28905   65   57 1484.70002 1151.66238  22.4%   7.8 7125s
 212129 100482 1361.22368   76    - 1484.70002 1151.66238  22.4%   7.8 7148s
 212425 100595 1203.90852   46    - 1484.70002 1151.66238  22.4%   7.8 7171s
 212727 100705 1230.50049   46  130 1484.70002 1151.66238  22.4%   7.8 7198s

Cutting planes:
  Gomory: 7
  Zero half: 3
  Lazy constraints: 997

Explored 213046 nodes (1666811 simplex iterations) in 7201.38 seconds
Thread count was 12 (of 12 available processors)

Solution count 4: 1484.7 1487.15 1613.04 1980.26 

Time limit reached
Best objective 1.484700020212e+03, best bound 1.151662382819e+03, gap 22.4313%

User-callback calls 1404122, time in user-callback 6.52 sec
/projects/academic/josewalt/caigao/RRARP_BD/BendersDecomp/ret/model_outs/n_21_h_7_algo_2.out
 =====>>>>> Solution is written to file in <../ret/model_outs> !!!
===>> All Done!
