NPROCS=0
This instance is clustered!
Gurobi Optimizer version 9.0.0 build v9.0.0rc2 (linux64)
Optimize a model with 24 rows, 145 columns and 288 nonzeros
Model fingerprint: 0xc5b346fe
Variable types: 1 continuous, 144 integer (144 binary)
Coefficient statistics:
  Matrix range     [1e+00, 1e+00]
  Objective range  [1e+00, 9e+01]
  Bounds range     [1e+00, 1e+00]
  RHS range        [1e+00, 1e+00]
Presolve removed 2 rows and 33 columns
Presolve time: 0.00s
Presolved: 22 rows, 112 columns, 222 nonzeros
Variable types: 1 continuous, 111 integer (111 binary)

Root relaxation: objective 2.160186e+02, 22 iterations, 0.00 seconds
 done with super cut 0

    Nodes    |    Current Node    |     Objective Bounds      |     Work
 Expl Unexpl |  Obj  Depth IntInf | Incumbent    BestBd   Gap | It/Node Time

     0     0  219.07735    0   10          -  219.07735      -     -    0s
 done with super cut 1
 done with super cut 2
H    0     0                     459.4136737  219.07735  52.3%     -    0s
 done with super cut 3
     0     0  224.71520    0   17  459.41367  224.71520  51.1%     -    0s
 done with super cut 4
 done with super cut 5
H    0     0                     290.4708765  224.71520  22.6%     -    0s
     0     0  225.23212    0   21  290.47088  225.23212  22.5%     -    0s
 done with super cut 6
H    0     0                     254.4823285  225.23212  11.5%     -    0s
 done with super cut 7
 done with super cut 8
H    0     0                     250.5588236  225.23212  10.1%     -    0s
     0     0  230.05177    0   27  250.55882  230.05177  8.18%     -    0s
     0     0  230.05177    0   24  250.55882  230.05177  8.18%     -    0s
     0     0  230.05177    0   15  250.55882  230.05177  8.18%     -    0s
     0     0  230.05177    0   24  250.55882  230.05177  8.18%     -    0s
     0     0  231.18939    0   21  250.55882  231.18939  7.73%     -    0s
     0     0  233.84013    0   28  250.55882  233.84013  6.67%     -    0s
     0     0  234.15470    0   25  250.55882  234.15470  6.55%     -    0s
     0     0  234.15742    0   27  250.55882  234.15742  6.55%     -    0s
     0     0  234.28989    0   20  250.55882  234.28989  6.49%     -    0s
     0     0  234.42974    0   26  250.55882  234.42974  6.44%     -    0s
     0     0  234.49604    0   24  250.55882  234.49604  6.41%     -    0s
     0     0  234.49604    0   24  250.55882  234.49604  6.41%     -    0s
 done with super cut 9
 done with super cut 10
     0     0  234.49604    0   26  250.55882  234.49604  6.41%     -    1s
     0     0  234.49604    0   24  250.55882  234.49604  6.41%     -    1s
     0     0  234.86483    0   26  250.55882  234.86483  6.26%     -    1s
     0     0  236.07257    0   27  250.55882  236.07257  5.78%     -    1s
     0     0  236.15212    0   28  250.55882  236.15212  5.75%     -    1s
     0     0  236.15302    0   28  250.55882  236.15302  5.75%     -    1s
     0     0  236.29725    0   27  250.55882  236.29725  5.69%     -    1s
     0     0  236.41861    0   26  250.55882  236.41861  5.64%     -    1s
     0     0  236.41861    0   26  250.55882  236.41861  5.64%     -    1s
     0     2  236.41861    0   26  250.55882  236.41861  5.64%     -    1s

Cutting planes:
  Gomory: 2
  MIR: 2
  Zero half: 1
  Mod-K: 2
  Lazy constraints: 5

Explored 35 nodes (365 simplex iterations) in 1.05 seconds
Thread count was 12 (of 12 available processors)

Solution count 4: 250.559 254.482 290.471 459.414 

Optimal solution found (tolerance 1.00e-04)
Best objective 2.505588236062e+02, best bound 2.505588236062e+02, gap 0.0000%

User-callback calls 296, time in user-callback 0.97 sec
/projects/academic/josewalt/caigao/RRARP_BD/BendersDecomp/ret/model_outs/n_10_e_5_algo_4.out
 =====>>>>> Solution is written to file in <../ret/model_outs> !!!
===>> All Done!
