NPROCS=0
This instance is clustered!
Gurobi Optimizer version 9.0.0 build v9.0.0rc2 (linux64)
Optimize a model with 42 rows, 442 columns and 882 nonzeros
Model fingerprint: 0x5d5f657c
Variable types: 1 continuous, 441 integer (441 binary)
Coefficient statistics:
  Matrix range     [1e+00, 1e+00]
  Objective range  [1e+00, 4e+02]
  Bounds range     [1e+00, 1e+00]
  RHS range        [1e+00, 1e+00]
Presolve removed 2 rows and 60 columns
Presolve time: 0.01s
Presolved: 40 rows, 382 columns, 762 nonzeros
Variable types: 1 continuous, 381 integer (381 binary)

Root relaxation: objective 5.423058e+02, 33 iterations, 0.00 seconds

    Nodes    |    Current Node    |     Objective Bounds      |     Work
 Expl Unexpl |  Obj  Depth IntInf | Incumbent    BestBd   Gap | It/Node Time

     0     0  731.69656    0   12          -  731.69656      -     -    0s
     0     0  769.36218    0   18          -  769.36218      -     -    0s
H    0     0                    1414.7236545  769.36218  45.6%     -    0s
     0     0  769.36218    0   28 1414.72365  769.36218  45.6%     -    0s
H    0     0                    1327.5251417  769.36218  42.0%     -    0s
     0     2  792.16964    0   47 1327.52514  792.16964  40.3%     -    0s
*  721   708              43    1244.0298298  806.16460  35.2%   5.1    0s
H 2117  1619                    1202.3626290  840.02799  30.1%   5.4    0s
H 2121  1541                    1148.0353878  840.02799  26.8%   5.4    1s
H 2135  1472                    1141.0308110  840.02799  26.4%   5.3    1s
 11170  6852 infeasible   51      1141.03081  881.71956  22.7%   6.5    5s
*14323  8825             114    1140.9187188  886.29710  22.3%   6.7    5s
 27089 18348     cutoff   61      1140.91872  899.72940  21.1%   6.9   10s
 36025 24723     cutoff  100      1140.91872  905.97343  20.6%   6.9   15s
 45339 31524     cutoff   56      1140.91872  910.02948  20.2%   7.0   20s
 52644 36177     cutoff   82      1140.91872  912.80811  20.0%   6.9   25s
 58141 40447 1117.98818   60   27 1140.91872  914.92451  19.8%   7.0   30s
 66002 46188 1086.85423   90   40 1140.91872  917.32087  19.6%   7.0   35s
 73810 51831 1117.17872   59   17 1140.91872  919.74361  19.4%   6.9   40s
 79655 56046 1004.55341   51   37 1140.91872  921.41758  19.2%   6.9   45s
 85051 59553     cutoff   62      1140.91872  922.58665  19.1%   6.9   50s
 88793 61294 1067.21367   48   28 1140.91872  923.37819  19.1%   7.0  125s
 88801 61299 1018.34641   42   61 1140.91872  923.37819  19.1%   7.0  130s
 88804 61301  996.09511   39   62 1140.91872  923.37819  19.1%   7.0  135s
 88808 61307  923.37819   24   61 1140.91872  923.37819  19.1%   7.0  141s
 88822 61326  923.37819   27   49 1140.91872  923.37819  19.1%   7.0  145s
 89063 61480  923.37819   34   56 1140.91872  923.37819  19.1%   7.0  150s
 89993 61897 1000.81103   60   14 1140.91872  923.37819  19.1%   7.0  155s
 92182 62929  970.69539   81   25 1140.91872  923.37819  19.1%   7.0  160s
 94700 63915 1085.40167   45    6 1140.91872  923.37819  19.1%   7.0  165s
 99521 66138     cutoff   78      1140.91872  923.37819  19.1%   7.0  170s
 101798 67210  999.27333   42   26 1140.91872  923.37819  19.1%   7.0  175s
 106198 69274 1098.13245  134   15 1140.91872  923.37819  19.1%   7.0  181s
 109471 70899     cutoff  109      1140.91872  923.37819  19.1%   7.0  185s
 113237 72687 1086.36000   40   10 1140.91872  923.37819  19.1%   7.0  191s
 116656 73959 1063.17768   53   10 1140.91872  923.37819  19.1%   6.9  195s
 119770 75317     cutoff  125      1140.91872  923.37819  19.1%   7.0  200s
 123004 76271     cutoff  106      1140.91872  923.37819  19.1%   6.9  206s
 126564 77870 1035.32871   53   33 1140.91872  923.37819  19.1%   6.9  211s
 128860 78961     cutoff   59      1140.91872  923.37819  19.1%   6.9  215s
 132655 80184     cutoff   62      1140.91872  923.37819  19.1%   6.9  220s
 135838 81508 1027.89698   88   44 1140.91872  923.37819  19.1%   6.9  225s
 137628 82465 1060.68044   71   42 1140.91872  923.96600  19.0%   6.9  230s
 141363 83633 1077.89158   78   14 1140.91872  925.90621  18.8%   6.9  235s
 144522 84916 1023.86610   53   22 1140.91872  927.45131  18.7%   6.9  241s
 146936 85961 1011.25800   50   30 1140.91872  928.21730  18.6%   6.9  245s
 150691 87423 infeasible   90      1140.91872  929.19722  18.6%   7.0  250s
 154507 89154     cutoff   76      1140.91872  930.51634  18.4%   6.9  255s
 158064 90182  993.90889   45   19 1140.91872  931.95200  18.3%   6.9  260s
 161091 91828     cutoff   89      1140.91872  932.88037  18.2%   6.9  265s
 164364 92739     cutoff  104      1140.91872  933.77883  18.2%   7.0  270s
 167059 94089 1106.55904   66   17 1140.91872  934.40867  18.1%   7.0  275s
 170676 95412 1003.58003   80   44 1140.91872  935.48030  18.0%   7.0  281s
 174201 96694     cutoff   93      1140.91872  936.71103  17.9%   7.0  286s
 176155 97443 1105.30390   82   37 1140.91872  937.21508  17.9%   7.0  291s
 178609 98016 1076.28774   63   24 1140.91872  938.00191  17.8%   7.0  296s
 180934 98847 1060.08071   56   39 1140.91872  938.58559  17.7%   7.0  300s
 184130 100018     cutoff   72      1140.91872  939.46949  17.7%   7.0  306s
 186400 100648     cutoff   69      1140.91872  940.12563  17.6%   7.0  310s
 189702 102011 1044.88900   76    6 1140.91872  940.87259  17.5%   7.0  317s
 192180 102593     cutoff   92      1140.91872  941.41869  17.5%   7.0  321s
H193844 99680                    1140.9186839  941.70008  17.5%   7.0  324s
 194197 100276 1024.21640   68   16 1140.91868  941.87629  17.4%   7.0  326s
 196560 100987     cutoff   88      1140.91868  942.53708  17.4%   7.0  331s
 198896 101942 1081.85733   62   31 1140.91868  943.04614  17.3%   7.1  335s
 200906 102614     cutoff   59      1140.91868  943.48309  17.3%   7.1  340s
 203333 103641 1099.04213   87   25 1140.91868  944.11776  17.2%   7.1  346s
 205720 104305     cutoff   56      1140.91868  944.54154  17.2%   7.1  352s
 207018 104679 1062.01783   66   29 1140.91868  944.77397  17.2%   7.1  355s
 209316 105314 infeasible   66      1140.91868  945.22044  17.2%   7.1  361s
 211578 105915 1062.13788   41   23 1140.91868  945.76480  17.1%   7.1  365s
 214075 106638     cutoff   80      1140.91868  946.28638  17.1%   7.1  370s
 217697 107743 1041.82491   52   24 1140.91868  946.98229  17.0%   7.1  377s
 218628 108273     cutoff   97      1140.91868  947.11085  17.0%   7.1  381s
 220992 108839     cutoff   58      1140.91868  947.57907  16.9%   7.1  387s
 222084 109331     cutoff   66      1140.91868  947.79016  16.9%   7.1  390s
 224574 110198     cutoff   94      1140.91868  948.07654  16.9%   7.1  397s
 225833 110453     cutoff   75      1140.91868  948.37366  16.9%   7.1  401s
 228028 111401     cutoff   86      1140.91868  948.81387  16.8%   7.1  407s
 229270 111771     cutoff   95      1140.91868  949.00210  16.8%   7.1  410s
 231597 112072     cutoff   82      1140.91868  949.43834  16.8%   7.1  417s
 231838 112746 1093.39682   48   28 1140.91868  949.50511  16.8%   7.1  420s
 234318 113369 infeasible   81      1140.91868  949.87064  16.7%   7.1  426s
 236368 114275 1123.85089   47   13 1140.91868  950.29513  16.7%   7.1  433s
 237657 114815 1046.60097   60   17 1140.91868  950.42834  16.7%   7.1  436s
 240236 115321     cutoff   80      1140.91868  950.75590  16.7%   7.1  442s
 241033 116004 1125.84972   71   10 1140.91868  950.95254  16.7%   7.1  445s
 243448 116351     cutoff   63      1140.91868  951.24660  16.6%   7.1  451s
 245715 117206     cutoff   80      1140.91868  951.52923  16.6%   7.1  457s
 246982 117644 1104.66092   83   29 1140.91868  951.78787  16.6%   7.1  461s
 248203 117984 1110.17754   94   20 1140.91868  951.93531  16.6%   7.1  465s
 250602 118884     cutoff   69      1140.91868  952.37341  16.5%   7.1  470s
 252616 119766 1052.93584   72   32 1140.91868  952.68504  16.5%   7.1  475s
 255612 120189 1093.27323   88   32 1140.91868  953.14928  16.5%   7.1  481s
 256631 121072 1106.07016   77   25 1140.91868  953.29334  16.4%   7.1  486s
 259258 122147     cutoff   88      1140.91868  953.73967  16.4%   7.1  492s
 260733 122181 1115.01839   98   17 1140.91868  953.97361  16.4%   7.1  495s
 263272 122970     cutoff  129      1140.91868  954.39551  16.3%   7.1  501s
 265291 124458     cutoff   80      1140.91868  954.76163  16.3%   7.1  508s
 266631 125316     cutoff   78      1140.91868  954.95253  16.3%   7.1  511s
 267899 126102 1027.64918   41   23 1140.91868  955.16708  16.3%   7.1  515s
 270415 127616 1065.44988   68   18 1140.91868  955.46082  16.3%   7.2  521s
 272799 129131 1067.69775   89   22 1140.91868  955.81736  16.2%   7.2  528s
 273940 129455     cutoff  107      1140.91868  955.97641  16.2%   7.2  531s
 274540 130336 1022.85477   39   16 1140.91868  956.06735  16.2%   7.2  535s
 277116 131930     cutoff  133      1140.91868  956.35037  16.2%   7.2  541s
 278329 132790 1076.39776   69    8 1140.91868  956.47970  16.2%   7.2  545s
 280807 134510     cutoff   60      1140.91868  956.79983  16.1%   7.2  551s
 282199 135477     cutoff   85      1140.91868  956.95163  16.1%   7.2  555s
 284730 137066     cutoff   71      1140.91868  957.37013  16.1%   7.2  561s
 287003 138528 1085.60338   65   25 1140.91868  957.63613  16.1%   7.2  567s
 288122 138968     cutoff   76      1140.91868  957.76496  16.1%   7.2  570s
 289694 140148 1065.97830   41   23 1140.91868  957.98602  16.0%   7.2  577s
 290895 140851     cutoff   51      1140.91868  958.17214  16.0%   7.2  580s
 293319 142363 1019.88178   48   35 1140.91868  958.48348  16.0%   7.2  586s
 294311 143239 1088.12169   48   16 1140.91868  958.62355  16.0%   7.2  590s
 296590 144742 1090.38165   64   15 1140.91868  958.89893  16.0%   7.2  596s
 299197 146093     cutoff   94      1140.91868  959.27936  15.9%   7.2  606s
 299903 146937  991.88358   55   29 1140.91868  959.33541  15.9%   7.2  610s
 302468 148726 1076.76285   93   35 1140.91868  959.64238  15.9%   7.2  616s
 304922 150218     cutoff   47      1140.91868  959.94085  15.9%   7.2  622s
 306186 150950     cutoff   65      1140.91868  960.09267  15.8%   7.2  627s
 307460 151749     cutoff   77      1140.91868  960.23345  15.8%   7.2  631s
 308651 152365 1099.40106   74   34 1140.91868  960.37109  15.8%   7.2  635s
 310917 153514     cutoff   89      1140.91868  960.58301  15.8%   7.2  641s
 312793 155099 1071.17267   55   20 1140.91868  960.85528  15.8%   7.2  648s
 314013 155825     cutoff   67      1140.91868  960.95434  15.8%   7.2  651s
 316264 157459     cutoff   81      1140.91868  961.22221  15.8%   7.2  658s
 317612 158117     cutoff   95      1140.91868  961.39295  15.7%   7.2  661s
 318695 158896 1082.22647   53   18 1140.91868  961.47182  15.7%   7.2  665s
 320902 160490     cutoff   71      1140.91868  961.76579  15.7%   7.2  672s
 322232 161306     cutoff   65      1140.91868  961.91003  15.7%   7.3  676s
 323492 162097     cutoff   90      1140.91868  962.07988  15.7%   7.3  680s
 326033 163521 1085.53431   87   37 1140.91868  962.37276  15.6%   7.3  688s
 327052 164071 1098.02537   58   34 1140.91868  962.48982  15.6%   7.3  692s
 328088 164670     cutoff   75      1140.91868  962.61323  15.6%   7.3  696s
 329107 165474     cutoff   66      1140.91868  962.67283  15.6%   7.3  701s
 330332 165915 1039.53782   81   34 1140.91868  962.85628  15.6%   7.3  708s
 331114 166680 1089.70871   57    8 1140.91868  962.91670  15.6%   7.3  712s
 332309 167281     cutoff   89      1140.91868  963.10676  15.6%   7.3  716s
 333344 167926     cutoff   78      1140.91868  963.22158  15.6%   7.3  720s
 335848 169462 infeasible   77      1140.91868  963.49171  15.6%   7.3  728s
 337050 170305     cutoff   70      1140.91868  963.60473  15.5%   7.3  732s
 338321 171259 1126.60140   75   15 1140.91868  963.70396  15.5%   7.3  736s
 339734 172161     cutoff   78      1140.91868  963.84448  15.5%   7.3  740s
 341047 172671     cutoff   83      1140.91868  963.97063  15.5%   7.3  745s
 341954 173360 1039.26810   44   16 1140.91868  964.06458  15.5%   7.3  750s
 343049 174215 1047.81296   59   28 1140.91868  964.15854  15.5%   7.3  755s
 344332 174985     cutoff   88      1140.91868  964.26989  15.5%   7.3  760s
 346716 176121     cutoff   70      1140.91868  964.51032  15.5%   7.3  767s
 347311 176706 1072.24854   82   34 1140.91868  964.54218  15.5%   7.3  772s
 348342 177526     cutoff   65      1140.91868  964.67313  15.4%   7.3  776s
 349635 177793 infeasible   75      1140.91868  964.81163  15.4%   7.3  784s
 350044 178610 1061.60087   46   18 1140.91868  964.87012  15.4%   7.3  788s
 351298 179358 1085.32489   50   11 1140.91868  964.96205  15.4%   7.3  794s
 352457 179973     cutoff   75      1140.91868  965.05966  15.4%   7.3  799s
 353599 180501 1029.78000   72   30 1140.91868  965.22725  15.4%   7.3  802s
 354402 181097     cutoff  102      1140.91868  965.26935  15.4%   7.3  807s
 355417 181806 1069.05239  104   27 1140.91868  965.34873  15.4%   7.3  811s
 356763 182617     cutoff   82      1140.91868  965.49592  15.4%   7.3  817s
 358045 183445     cutoff   66      1140.91868  965.62597  15.4%   7.3  822s
 359392 184224 1010.85534   45   10 1140.91868  965.76467  15.4%   7.3  827s
 360657 184934     cutoff   68      1140.91868  965.89609  15.3%   7.3  832s
 361847 185847 1040.62200   85   28 1140.91868  965.95894  15.3%   7.3  836s
 363323 186493     cutoff   99      1140.91868  966.10020  15.3%   7.3  840s
 365275 187754     cutoff   73      1140.91868  966.27576  15.3%   7.4  849s
 366651 188439 1041.01833   60   20 1140.91868  966.43079  15.3%   7.4  853s
 367854 189393 1000.29344   54   29 1140.91868  966.54205  15.3%   7.4  858s
 369189 190092 1022.16730   53   28 1140.91868  966.66359  15.3%   7.4  862s
 370438 190814     cutoff   69      1140.91868  966.78952  15.3%   7.4  866s
 371628 191356 1133.68604   81    6 1140.91868  966.92129  15.3%   7.4  871s
 372573 192216 infeasible   82      1140.91868  967.01848  15.2%   7.4  875s
 375016 193715     cutoff  112      1140.91868  967.23911  15.2%   7.4  882s
 376338 194256 1003.67846   41   21 1140.91868  967.36919  15.2%   7.4  886s
 377464 194993     cutoff   77      1140.91868  967.45738  15.2%   7.4  890s
 378707 195528     cutoff   90      1140.91868  967.58601  15.2%   7.4  895s
 380708 196881 1058.52396   66   33 1140.91868  967.80954  15.2%   7.4  905s
 381895 197681 1131.54658  100   39 1140.91868  967.90884  15.2%   7.4  911s
 383208 198408     cutoff   72      1140.91868  968.01451  15.2%   7.4  916s
 384370 199103  997.39477   43   17 1140.91868  968.12891  15.1%   7.4  921s
 385572 199732     cutoff   58      1140.91868  968.22256  15.1%   7.4  928s
 386699 200602 1046.67431   68   23 1140.91868  968.30670  15.1%   7.4  934s
 388075 201251     cutoff   80      1140.91868  968.45263  15.1%   7.4  939s
 389079 201865 1034.86022   61   30 1140.91868  968.53946  15.1%   7.4  945s
 390069 202565 1017.88342   66   30 1140.91868  968.62706  15.1%   7.4  950s
 391291 203117 1061.88022   63   21 1140.91868  968.78066  15.1%   7.4  955s
 392388 203723 1027.19529   56   26 1140.91868  968.81836  15.1%   7.4  960s
 394846 205332     cutoff   78      1140.91868  969.09465  15.1%   7.4  969s
 396102 206071     cutoff  110      1140.91868  969.23938  15.0%   7.4  973s
 397417 206854     cutoff   75      1140.91868  969.33831  15.0%   7.4  977s
 398672 207455     cutoff   97      1140.91868  969.43667  15.0%   7.4  981s
 399650 208100     cutoff   74      1140.91868  969.51935  15.0%   7.4  986s
H400354 208116                    1140.9186377  969.55013  15.0%   7.4  986s
 400664 208634     cutoff   80      1140.91864  969.58744  15.0%   7.4  990s
 402448 210021     cutoff   66      1140.91864  969.77286  15.0%   7.4  999s
 403832 210929 1074.95704   43   22 1140.91864  969.87051  15.0%   7.4 1004s
 405157 211595     cutoff  115      1140.91864  969.96446  15.0%   7.4 1009s
 406291 212149 1119.33530   53    6 1140.91864  970.09330  15.0%   7.4 1017s
 407221 212889 1020.20524   54   19 1140.91864  970.16044  15.0%   7.4 1022s
 408565 213690 1077.11796   46   14 1140.91864  970.31381  15.0%   7.4 1026s
 409938 214321 1057.78816   64   31 1140.91864  970.47232  14.9%   7.4 1031s
 411158 214994     cutoff   68      1140.91864  970.53491  14.9%   7.4 1036s
 412296 215630 infeasible   78      1140.91864  970.63873  14.9%   7.4 1041s
 413482 216344     cutoff   74      1140.91864  970.73354  14.9%   7.4 1046s
 414697 216952 1110.29168   67   19 1140.91864  970.82472  14.9%   7.4 1051s
 415864 217592     cutoff   77      1140.91864  970.93261  14.9%   7.5 1056s
 417134 218109     cutoff   63      1140.91864  970.99129  14.9%   7.5 1061s
 418112 218848 infeasible   50      1140.91864  971.08177  14.9%   7.5 1065s
 419405 219630     cutoff   70      1140.91864  971.19332  14.9%   7.5 1070s
 420671 220247     cutoff   93      1140.91864  971.25165  14.9%   7.5 1076s
 421642 221094 1079.35721   57   30 1140.91864  971.36351  14.9%   7.5 1080s
 423012 221856 1037.08937  100   35 1140.91864  971.43845  14.9%   7.5 1085s
 424212 222573     cutoff   79      1140.91864  971.55187  14.8%   7.5 1090s
 425475 223296     cutoff   86      1140.91864  971.64962  14.8%   7.5 1095s
 426795 223917 1000.35228   48   23 1140.91864  971.67787  14.8%   7.5 1100s
 427756 224639 1076.21844   73   35 1140.91864  971.73851  14.8%   7.5 1105s
 430268 226066     cutoff   60      1140.91864  971.95386  14.8%   7.5 1115s
 431350 226671     cutoff   67      1140.91864  972.03900  14.8%   7.5 1120s
 432482 227381     cutoff   80      1140.91864  972.13335  14.8%   7.5 1126s
 433850 227825     cutoff   63      1140.91864  972.16577  14.8%   7.5 1131s
 434870 228443 1018.52781   39   15 1140.91864  972.34339  14.8%   7.5 1136s
 435948 229128 1121.78771   83   24 1140.91864  972.39870  14.8%   7.5 1141s
 437120 230121     cutoff   89      1140.91864  972.51923  14.8%   7.5 1146s
 438524 230821 1060.51668   84   38 1140.91864  972.65706  14.7%   7.5 1151s
 439757 231430     cutoff  100      1140.91864  972.69929  14.7%   7.5 1156s
 440991 232063     cutoff   44      1140.91864  972.80758  14.7%   7.5 1161s
 442220 232519 1078.19492   67   34 1140.91864  972.89188  14.7%   7.5 1170s
 443058 233354 1110.34765   64   24 1140.91864  972.97536  14.7%   7.5 1175s
 444399 234240 1118.24809   70    8 1140.91864  973.08159  14.7%   7.5 1180s
 445758 234962 1104.70502   94   36 1140.91864  973.15394  14.7%   7.5 1185s
 447050 235727     cutoff   96      1140.91864  973.24040  14.7%   7.5 1190s
 448358 236319     cutoff   73      1140.91864  973.35491  14.7%   7.5 1196s
 449539 237008     cutoff   77      1140.91864  973.42181  14.7%   7.5 1201s
 450689 237437     cutoff   75      1140.91864  973.53076  14.7%   7.5 1206s
 451621 238027 1083.23483   73   22 1140.91864  973.56684  14.7%   7.5 1211s
 452665 238792     cutoff   77      1140.91864  973.66859  14.7%   7.5 1216s
 453960 239503 1063.47750   73   37 1140.91864  973.75051  14.7%   7.5 1221s
 455106 239935 1086.20134   85   29 1140.91864  973.82590  14.6%   7.5 1227s
 456017 240780 1099.77541   56   12 1140.91864  973.88705  14.6%   7.5 1232s
 457389 241656 1135.70728   72   21 1140.91864  974.02562  14.6%   7.5 1237s
 458734 242455 1095.83257   63   11 1140.91864  974.14247  14.6%   7.5 1242s
 460071 243065 1106.88416   54   12 1140.91864  974.23307  14.6%   7.5 1248s
 461163 243870     cutoff  101      1140.91864  974.29325  14.6%   7.5 1253s
 462442 244582 1046.20929   54   24 1140.91864  974.39011  14.6%   7.5 1258s
 463820 245345 1072.86694   89   30 1140.91864  974.43976  14.6%   7.5 1263s
 465053 246038 1086.08300   62   24 1140.91864  974.53210  14.6%   7.5 1269s
 466179 246795     cutoff   54      1140.91864  974.60288  14.6%   7.5 1274s
 467471 247563 1073.14447   58   30 1140.91864  974.74982  14.6%   7.5 1279s
 468866 248212 1055.13162   47   30 1140.91864  974.80352  14.6%   7.5 1285s
 469969 248735     cutoff   54      1140.91864  974.88413  14.6%   7.6 1290s
 470893 249275     cutoff   65      1140.91864  974.95385  14.5%   7.6 1295s
 471704 249779 1017.11466   57   34 1140.91864  974.97541  14.5%   7.6 1301s
 472511 250533 1079.02094   84   34 1140.91864  975.01648  14.5%   7.6 1307s
 473677 251142 1023.21645   61   40 1140.91864  975.12094  14.5%   7.6 1313s
 474911 251949     cutoff   77      1140.91864  975.16771  14.5%   7.6 1319s
 476245 252827 infeasible   74      1140.91864  975.28312  14.5%   7.6 1324s
 477618 253569     cutoff  104      1140.91864  975.34620  14.5%   7.6 1329s
 478893 254390     cutoff   66      1140.91864  975.42406  14.5%   7.6 1335s
 480309 254888     cutoff   64      1140.91864  975.57950  14.5%   7.6 1341s
 481256 255405 1123.18697   59   18 1140.91864  975.64222  14.5%   7.6 1346s
 482370 256187     cutoff   64      1140.91864  975.69335  14.5%   7.6 1352s
 483608 256965     cutoff   66      1140.91864  975.77654  14.5%   7.6 1357s
 484946 257599     cutoff   48      1140.91864  975.89357  14.5%   7.6 1365s
 485962 258102 1087.45918   63   25 1140.91864  975.93871  14.5%   7.6 1370s
 486984 258517     cutoff   62      1140.91864  976.05251  14.5%   7.6 1375s
 487836 259061     cutoff   57      1140.91864  976.12571  14.4%   7.6 1380s
 488802 259753     cutoff   65      1140.91864  976.17648  14.4%   7.6 1388s
 490071 260052  985.36641   51   30 1140.91864  976.21265  14.4%   7.6 1395s
 490590 260692  991.08993   52   29 1140.91864  976.27820  14.4%   7.6 1403s
 491811 261393 1073.18015   51   21 1140.91864  976.34289  14.4%   7.6 1410s
 493170 262205 infeasible   70      1140.91864  976.46735  14.4%   7.6 1417s
 494538 262874     cutoff   97      1140.91864  976.56624  14.4%   7.6 1424s
 495708 263561 1102.76070   95   34 1140.91864  976.62472  14.4%   7.6 1431s
 497040 264168     cutoff  101      1140.91864  976.75806  14.4%   7.6 1437s
 498202 264939     cutoff   56      1140.91864  976.83894  14.4%   7.6 1444s
 499473 265478     cutoff   64      1140.91864  976.92802  14.4%   7.6 1451s
 500537 266048     cutoff   65      1140.91864  977.01798  14.4%   7.6 1457s
 501673 266740 1102.81257   74   19 1140.91864  977.09023  14.4%   7.6 1464s
 502852 267537 1084.50202   64   10 1140.91864  977.13654  14.4%   7.6 1470s
 504346 268310     cutoff   74      1140.91864  977.26298  14.3%   7.6 1476s
 505597 269002 1132.99261   68   12 1140.91864  977.36832  14.3%   7.6 1482s
 506853 269692     cutoff  106      1140.91864  977.43471  14.3%   7.6 1488s
 508228 270469 1123.23839   57   11 1140.91864  977.47318  14.3%   7.6 1493s
 509527 271116     cutoff   58      1140.91864  977.61101  14.3%   7.6 1500s
 510654 271728     cutoff   54      1140.91864  977.69840  14.3%   7.6 1505s
 511942 272370 1130.04703   61    6 1140.91864  977.79838  14.3%   7.6 1511s
 513015 273192     cutoff  118      1140.91864  977.85743  14.3%   7.6 1517s
 514346 273835 infeasible   62      1140.91864  977.93715  14.3%   7.6 1524s
 515656 274394 1136.31275   58   15 1140.91864  978.02402  14.3%   7.6 1531s
 516585 275189 1065.91803   59   11 1140.91864  978.06026  14.3%   7.6 1538s
 518034 275904 1022.85323   65   42 1140.91864  978.16729  14.3%   7.6 1546s
 519273 276578     cutoff   71      1140.91864  978.21980  14.3%   7.6 1552s
 520585 277392     cutoff   53      1140.91864  978.33471  14.3%   7.6 1558s
 521944 278214     cutoff  101      1140.91864  978.40881  14.2%   7.6 1565s
 523274 278884 1067.02334   63   32 1140.91864  978.51213  14.2%   7.6 1570s
 524553 279889     cutoff   81      1140.91864  978.59309  14.2%   7.7 1576s
 526101 280358     cutoff   58      1140.91864  978.68698  14.2%   7.7 1582s
 526895 281033     cutoff   76      1140.91864  978.74161  14.2%   7.7 1588s
 528150 281732 1039.86088   45   33 1140.91864  978.86709  14.2%   7.7 1593s
 529427 282388     cutoff   84      1140.91864  978.93495  14.2%   7.7 1599s
 530693 283169     cutoff   71      1140.91864  979.00323  14.2%   7.7 1604s
 532015 284010 1062.07792   72   27 1140.91864  979.10740  14.2%   7.7 1610s
 533473 284562     cutoff   74      1140.91864  979.18717  14.2%   7.7 1615s
 534320 285079     cutoff   84      1140.91864  979.24676  14.2%   7.7 1621s
 535209 285869     cutoff   60      1140.91864  979.27930  14.2%   7.7 1626s
 536576 286706 1090.75130   63   18 1140.91864  979.37488  14.2%   7.7 1632s
 537992 287366 1117.03131   49   11 1140.91864  979.47648  14.2%   7.7 1638s
 539234 288111 1105.98333   80   31 1140.91864  979.56188  14.1%   7.7 1644s
 540548 288704     cutoff   61      1140.91864  979.63139  14.1%   7.7 1650s
 541802 289263     cutoff   62      1140.91864  979.70921  14.1%   7.7 1657s
 542792 289962 1018.70699   66   35 1140.91864  979.77453  14.1%   7.7 1664s
 544080 290426 1059.96605   66   22 1140.91864  979.85222  14.1%   7.7 1671s
 545060 291170 1077.02364   46   18 1140.91864  979.89636  14.1%   7.7 1679s
 546436 291793     cutoff   53      1140.91864  980.00273  14.1%   7.7 1685s
 547630 292643 1099.04473   56    9 1140.91864  980.08630  14.1%   7.7 1691s
 548992 293529     cutoff   96      1140.91864  980.20110  14.1%   7.7 1698s
 550370 294229 1120.78592   61   33 1140.91864  980.28014  14.1%   7.7 1704s
 551582 294993     cutoff   92      1140.91864  980.38871  14.1%   7.7 1711s
 552852 295574 1125.43559   64   19 1140.91864  980.44913  14.1%   7.7 1716s
 554044 295965     cutoff   77      1140.91864  980.52059  14.1%   7.7 1723s
 554906 296688 1108.39638   54   19 1140.91864  980.56530  14.1%   7.7 1728s
 556224 297297     cutoff   58      1140.91864  980.64311  14.0%   7.7 1734s
 557434 298026     cutoff   65      1140.91864  980.71815  14.0%   7.7 1739s
 558571 298775 infeasible   69      1140.91864  980.76663  14.0%   7.7 1745s
 559887 299662 1132.42603   88   15 1140.91864  980.85656  14.0%   7.7 1751s
 561262 300234     cutoff   65      1140.91864  980.96414  14.0%   7.7 1758s
 562440 300876 1055.90095   57   25 1140.91864  981.01838  14.0%   7.7 1763s
 563612 301562 1043.68563   77   29 1140.91864  981.07480  14.0%   7.7 1769s
 564860 302057     cutoff   49      1140.91864  981.16269  14.0%   7.7 1775s
 565637 302597 1092.83856   68   25 1140.91864  981.18993  14.0%   7.7 1781s
 566792 303214     cutoff   70      1140.91864  981.27053  14.0%   7.7 1788s
 567983 303844 1033.01463   66   24 1140.91864  981.33482  14.0%   7.7 1794s
 569017 304579 1071.41893   66   38 1140.91864  981.40534  14.0%   7.7 1800s
 570321 305172 1088.12082   53   15 1140.91864  981.48341  14.0%   7.7 1808s
 571471 305979 1077.94473   59   13 1140.91864  981.52706  14.0%   7.7 1815s
 572845 306465     cutoff   79      1140.91864  981.58849  14.0%   7.7 1822s
 573917 307163 1100.82212   69   28 1140.91864  981.66880  14.0%   7.7 1828s
 575082 307761 1104.55360   69   24 1140.91864  981.75697  14.0%   7.7 1836s
 576168 308342     cutoff   67      1140.91864  981.81950  13.9%   7.7 1844s
 577439 309097     cutoff   65      1140.91864  981.87562  13.9%   7.7 1853s
 578799 309763 infeasible   40      1140.91864  981.94590  13.9%   7.7 1862s
 580106 310420     cutoff   56      1140.91864  982.00887  13.9%   7.7 1870s
 581329 311047 1137.67380   68    - 1140.91864  982.07826  13.9%   7.7 1877s
 582462 311592     cutoff   82      1140.91864  982.13375  13.9%   7.7 1884s
 583709 312226     cutoff   58      1140.91864  982.21961  13.9%   7.7 1892s
 585015 312941 1095.25125   77   31 1140.91864  982.27769  13.9%   7.7 1899s
 586203 313627     cutoff   63      1140.91864  982.34477  13.9%   7.7 1907s
 587367 314379     cutoff   66      1140.91864  982.39695  13.9%   7.7 1914s
 588704 315242 1066.58583   69   37 1140.91864  982.47333  13.9%   7.7 1920s
 590166 315719 1081.21505   66   33 1140.91864  982.55957  13.9%   7.7 1926s
 591144 316152     cutoff   49      1140.91864  982.62501  13.9%   7.7 1934s
 592209 316646     cutoff   58      1140.91864  982.66934  13.9%   7.7 1941s
 593167 317423     cutoff   59      1140.91864  982.71780  13.9%   7.7 1949s
 594431 318067 1109.18610   59   11 1140.91864  982.77848  13.9%   7.7 1956s
 595905 318820  995.65095   50   32 1140.91864  982.88627  13.9%   7.7 1964s
 597261 319539     cutoff   96      1140.91864  982.94535  13.8%   7.7 1972s
 598674 320174     cutoff   50      1140.91864  983.04059  13.8%   7.7 1980s
 599837 320837     cutoff   75      1140.91864  983.10459  13.8%   7.7 1988s
 601105 321421 infeasible   77      1140.91864  983.17004  13.8%   7.7 1995s
 602150 322135 1094.25200   77   25 1140.91864  983.23846  13.8%   7.7 2002s
 603450 322808     cutoff   62      1140.91864  983.29420  13.8%   7.7 2009s
 604784 323448     cutoff   83      1140.91864  983.38110  13.8%   7.7 2016s
 605888 324162 1105.76713   59   21 1140.91864  983.43094  13.8%   7.7 2024s
 607191 324693 1063.87696   57   20 1140.91864  983.51677  13.8%   7.7 2031s
 608306 325300 1008.22960   61   25 1140.91864  983.55109  13.8%   7.7 2038s
 609293 326012     cutoff   73      1140.91864  983.61112  13.8%   7.7 2046s
 610653 326687 1107.51359   62   18 1140.91864  983.68533  13.8%   7.8 2052s
 611905 327352 1065.25272   79   39 1140.91864  983.72369  13.8%   7.8 2059s
 613190 327872 1127.53998   87   25 1140.91864  983.80509  13.8%   7.8 2067s
 614116 328502     cutoff   53      1140.91864  983.85741  13.8%   7.8 2075s
 615255 329298     cutoff   67      1140.91864  983.93987  13.8%   7.8 2082s
 616702 330156 1061.09877   68   24 1140.91864  984.05294  13.7%   7.8 2090s
 618269 330945 1099.64044   74   18 1140.91864  984.12082  13.7%   7.8 2097s
 619743 331727 1136.86106   82    6 1140.91864  984.20034  13.7%   7.8 2103s
 621096 332329 1115.16994   51    8 1140.91864  984.28147  13.7%   7.8 2109s
 622181 333069     cutoff   90      1140.91864  984.31554  13.7%   7.8 2115s
 623412 333532 1094.19197   60   15 1140.91864  984.38529  13.7%   7.8 2123s
 624272 334269     cutoff   73      1140.91864  984.42240  13.7%   7.8 2131s
 625654 334938 1100.81516   51   33 1140.91864  984.50163  13.7%   7.8 2137s
 626874 335135     cutoff   95      1140.91864  984.55156  13.7%   7.8 2147s
 627191 335751 1131.96124   64   27 1140.91864  984.58280  13.7%   7.8 2154s
 628446 336413 1011.70442   50   20 1140.91864  984.63126  13.7%   7.8 2161s
 629790 337309 1132.92915   89   21 1140.91864  984.69171  13.7%   7.8 2167s
 631246 337971 1117.89040   76   25 1140.91864  984.78819  13.7%   7.8 2175s
 632445 338518     cutoff   90      1140.91864  984.85262  13.7%   7.8 2182s
 633568 339042     cutoff   59      1140.91864  984.94429  13.7%   7.8 2191s
 634551 339652     cutoff   59      1140.91864  984.97654  13.7%   7.8 2198s
 635656 340414     cutoff   66      1140.91864  985.04967  13.7%   7.8 2205s
 637145 341100     cutoff   59      1140.91864  985.11152  13.7%   7.8 2212s
 638464 341646     cutoff   69      1140.91864  985.18759  13.6%   7.8 2218s
 639528 342445 1120.28400   72   20 1140.91864  985.22293  13.6%   7.8 2224s
 641004 343056 1042.20316   46   19 1140.91864  985.31288  13.6%   7.8 2233s
 642119 343861     cutoff   75      1140.91864  985.36847  13.6%   7.8 2240s
 643615 344646     cutoff   83      1140.91864  985.45045  13.6%   7.8 2247s
 645069 345535 1035.70307   71   35 1140.91864  985.52946  13.6%   7.8 2254s
 646446 346348     cutoff   77      1140.91864  985.58364  13.6%   7.8 2261s
 647922 346974 1120.71995   73   22 1140.91864  985.64417  13.6%   7.8 2268s
 649022 347671 1008.30889   62   14 1140.91864  985.70956  13.6%   7.8 2276s
 650266 348195 1113.34644   50   25 1140.91864  985.79129  13.6%   7.8 2282s
 651301 348651 1113.49598   75   31 1140.91864  985.86213  13.6%   7.8 2288s
 652288 349488 1102.87997   58   12 1140.91864  985.91643  13.6%   7.8 2295s
 653761 350202     cutoff   62      1140.91864  985.99066  13.6%   7.8 2301s
 654978 350828     cutoff   76      1140.91864  986.06557  13.6%   7.8 2309s
 656124 351663 1124.87546   54   25 1140.91864  986.11821  13.6%   7.8 2315s
 657631 352225 1068.13134   66   24 1140.91864  986.19058  13.6%   7.8 2322s
 658890 352937 1132.93706   64   23 1140.91864  986.26698  13.6%   7.8 2328s
 660216 353419 1136.05670   55   13 1140.91864  986.32646  13.5%   7.8 2335s
 661465 353833     cutoff   91      1140.91864  986.37870  13.5%   7.8 2343s
 662186 354496 1097.19478   66   29 1140.91864  986.41146  13.5%   7.8 2350s
 663383 355139     cutoff   64      1140.91864  986.49330  13.5%   7.8 2358s
 664565 355774 1137.65918   68   16 1140.91864  986.52696  13.5%   7.8 2366s
 665940 356322     cutoff   82      1140.91864  986.58207  13.5%   7.8 2375s
 667009 357166     cutoff   57      1140.91864  986.63477  13.5%   7.8 2383s
 668398 357749 infeasible   72      1140.91864  986.72423  13.5%   7.8 2390s
 669578 358466 1123.93086   78   10 1140.91864  986.80465  13.5%   7.8 2398s
 670934 358994 1138.54992   62   26 1140.91864  986.88401  13.5%   7.8 2405s
 672196 359556     cutoff   66      1140.91864  986.94065  13.5%   7.8 2411s
 673247 360139 1060.79484   48   11 1140.91864  986.99626  13.5%   7.8 2418s
 674354 360996     cutoff   68      1140.91864  987.06088  13.5%   7.8 2425s
 675825 361797     cutoff   74      1140.91864  987.11612  13.5%   7.8 2432s
 677324 362420     cutoff   55      1140.91864  987.19881  13.5%   7.8 2439s
 678626 363213     cutoff   78      1140.91864  987.27267  13.5%   7.8 2447s
 680054 363710 1113.89102   49   17 1140.91864  987.35080  13.5%   7.8 2455s
 681019 364364     cutoff  102      1140.91864  987.38222  13.5%   7.8 2463s
 682303 364965 1078.19131   65   31 1140.91864  987.44990  13.5%   7.8 2471s
 683548 365483 1095.24949   70   35 1140.91864  987.52025  13.4%   7.8 2477s
 684639 365990 1041.78891   52   32 1140.91864  987.56526  13.4%   7.8 2483s
 685607 366775 1070.88537   64   31 1140.91864  987.63328  13.4%   7.8 2490s
 686981 367496     cutoff   85      1140.91864  987.70501  13.4%   7.8 2498s
 688157 368337     cutoff   75      1140.91864  987.76300  13.4%   7.8 2505s
 689534 368909     cutoff   60      1140.91864  987.84542  13.4%   7.8 2512s
 690604 369508     cutoff   84      1140.91864  987.90726  13.4%   7.8 2519s
 691843 370152     cutoff   50      1140.91864  987.96058  13.4%   7.8 2527s
 693083 370925 1101.09357   72   27 1140.91864  988.01325  13.4%   7.8 2534s
 694507 371463     cutoff   59      1140.91864  988.08498  13.4%   7.8 2542s
 695484 371985 1128.30416   72   26 1140.91864  988.13995  13.4%   7.8 2550s
 696634 372730 1125.46002   61    4 1140.91864  988.18093  13.4%   7.8 2558s
 698096 373312     cutoff   80      1140.91864  988.24777  13.4%   7.8 2566s
 699204 373967 1003.25219   45   26 1140.91864  988.28932  13.4%   7.8 2574s
 700403 374682 1034.13446   49   30 1140.91864  988.35356  13.4%   7.8 2582s
 701803 375336 1117.17276   40   21 1140.91864  988.41985  13.4%   7.8 2593s
 702894 376141     cutoff   71      1140.91864  988.47735  13.4%   7.8 2602s
 704361 377180     cutoff   70      1140.91864  988.54813  13.4%   7.8 2609s
 705991 377745 1041.00399   67   30 1140.91864  988.60748  13.3%   7.8 2618s
 707084 378396 1115.69737   55   33 1140.91864  988.65112  13.3%   7.8 2627s
 708411 378982     cutoff   66      1140.91864  988.73944  13.3%   7.8 2635s
 709655 379634     cutoff   66      1140.91864  988.79329  13.3%   7.8 2642s
 710821 380297     cutoff   78      1140.91864  988.87526  13.3%   7.8 2650s
 712096 381028 1081.82375   57   12 1140.91864  988.92795  13.3%   7.8 2658s
 713483 381634     cutoff   63      1140.91864  989.00478  13.3%   7.8 2666s
 714662 382161 1136.52847   78   14 1140.91864  989.06010  13.3%   7.8 2674s
 715876 382742     cutoff   83      1140.91864  989.10960  13.3%   7.8 2681s
 716942 383441 1089.65492   66   29 1140.91864  989.16604  13.3%   7.8 2689s
 718319 384020 1064.01044   86   22 1140.91864  989.24365  13.3%   7.9 2696s
 719590 384625 1100.53928   53   15 1140.91864  989.30537  13.3%   7.9 2704s
 720719 385480     cutoff  101      1140.91864  989.36742  13.3%   7.9 2714s
 722108 386015 1063.68016   70   23 1140.91864  989.43353  13.3%   7.9 2723s
 723207 386693     cutoff   72      1140.91864  989.45524  13.3%   7.9 2730s
 724551 387321     cutoff   77      1140.91864  989.54261  13.3%   7.9 2738s
 725656 387884 1123.32172  111   28 1140.91864  989.58896  13.3%   7.9 2744s
 726709 388630     cutoff   88      1140.91864  989.64705  13.3%   7.9 2752s
 728070 389226 1066.06384   40   20 1140.91864  989.70439  13.3%   7.9 2763s
 729204 390008     cutoff   90      1140.91864  989.72274  13.3%   7.9 2771s
 730653 390522 1035.06924   62   24 1140.91864  989.82450  13.2%   7.9 2779s
 731942 391217 1092.18365   65   20 1140.91864  989.86880  13.2%   7.9 2786s
 733354 391854 infeasible   80      1140.91864  989.94161  13.2%   7.9 2794s
 734733 392211     cutoff  102      1140.91864  990.00605  13.2%   7.9 2803s
 735565 392885     cutoff   60      1140.91864  990.04296  13.2%   7.9 2813s
 736905 393771 1045.08858   49   24 1140.91864  990.10417  13.2%   7.9 2820s
 738397 394506     cutoff   71      1140.91864  990.16125  13.2%   7.9 2828s
 739760 395261 1028.28320   51   24 1140.91864  990.22349  13.2%   7.9 2834s
 741138 395574 1111.05359   57   20 1140.91864  990.30063  13.2%   7.9 2843s
 741948 396107     cutoff   58      1140.91864  990.32669  13.2%   7.9 2849s
 742969 396688     cutoff   77      1140.91864  990.40359  13.2%   7.9 2855s
 743993 397388 1072.40373   46   19 1140.91864  990.45443  13.2%   7.9 2863s
 745447 397965 1113.09253   58    6 1140.91864  990.51678  13.2%   7.9 2870s
 746682 398718     cutoff   59      1140.91864  990.57610  13.2%   7.9 2879s
 747958 399298     cutoff   77      1140.91864  990.63681  13.2%   7.9 2889s
 749008 399807 1086.14754   76   28 1140.91864  990.68186  13.2%   7.9 2896s
 750156 400525     cutoff   80      1140.91864  990.73665  13.2%   7.9 2904s
 751483 401068 1130.93764   81   26 1140.91864  990.83000  13.2%   7.9 2911s
 752651 401715 1110.54635   52   15 1140.91864  990.87732  13.2%   7.9 2919s
 754002 402544 1041.81467   56   29 1140.91864  990.95220  13.1%   7.9 2927s
 755438 403247     cutoff   86      1140.91864  991.00981  13.1%   7.9 2935s
 756669 403941     cutoff   66      1140.91864  991.06151  13.1%   7.9 2942s
 757967 404527     cutoff   76      1140.91864  991.10449  13.1%   7.9 2951s
 759183 404965 1100.97891   55   17 1140.91864  991.15851  13.1%   7.9 2959s
 760234 405579 1065.05625   74   34 1140.91864  991.20942  13.1%   7.9 2968s
 761478 406249     cutoff   69      1140.91864  991.26445  13.1%   7.9 2978s
 762807 406803 1113.45117   57   23 1140.91864  991.29750  13.1%   7.9 2993s
 763791 407499     cutoff   74      1140.91864  991.31927  13.1%   7.9 3001s
 765109 408115     cutoff   57      1140.91864  991.40331  13.1%   7.9 3009s
 766399 408665     cutoff   61      1140.91864  991.44101  13.1%   7.9 3016s
 767584 409323     cutoff   76      1140.91864  991.48643  13.1%   7.9 3028s
 768881 409823 1109.64779   46   14 1140.91864  991.54429  13.1%   7.9 3036s
 769970 410501     cutoff   81      1140.91864  991.58823  13.1%   7.9 3044s
 771436 411198     cutoff   64      1140.91864  991.64891  13.1%   7.9 3054s
 772753 411763 infeasible   79      1140.91864  991.71405  13.1%   7.9 3062s
 773943 412294     cutoff   87      1140.91864  991.76034  13.1%   7.9 3070s
 775286 412841 1103.68030   46   12 1140.91864  991.82053  13.1%   7.9 3082s
 776359 413344 1118.40835   52   15 1140.91864  991.85009  13.1%   7.9 3091s
 777462 413993 1075.66716   56   29 1140.91864  991.90315  13.1%   7.9 3099s
 777937 413997     cutoff   69      1140.91864  991.91695  13.1%   7.9 3100s
 778908 414603     cutoff   71      1140.91864  991.97051  13.1%   7.9 3107s
 780042 415142 1020.57982   65   39 1140.91864  992.00241  13.1%   7.9 3115s
 781192 416003 1048.44103   63   33 1140.91864  992.07138  13.0%   7.9 3124s
 782755 416762     cutoff  105      1140.91864  992.14346  13.0%   7.9 3133s
 784276 417377     cutoff   76      1140.91864  992.19190  13.0%   7.9 3141s
 785491 418090     cutoff   69      1140.91864  992.26584  13.0%   7.9 3149s
 786885 418771     cutoff   76      1140.91864  992.31031  13.0%   7.9 3157s
 788250 419546     cutoff   76      1140.91864  992.37499  13.0%   7.9 3165s
 789815 420090 1097.28650   59   18 1140.91864  992.45716  13.0%   7.9 3173s
 790837 420704 1081.78758   70   21 1140.91864  992.48491  13.0%   7.9 3180s
 791928 421474     cutoff   83      1140.91864  992.53031  13.0%   7.9 3187s
 793396 422172 1125.67445   50   14 1140.91864  992.60716  13.0%   7.9 3196s
 794820 422949 1130.90110   52   22 1140.91864  992.66046  13.0%   7.9 3204s
 796215 423495 1096.29918   53   11 1140.91864  992.72226  13.0%   7.9 3213s
 797354 424047 1118.48664   64   15 1140.91864  992.76388  13.0%   7.9 3221s
 798631 424126 1082.34611   73   32 1140.91864  992.81478  13.0%   7.9 3238s
 798771 424617 1075.31228   72   28 1140.91864  992.82461  13.0%   7.9 3247s
 799847 425417     cutoff   85      1140.91864  992.86583  13.0%   7.9 3255s
 801366 426118 1108.03539   73   27 1140.91864  992.91251  13.0%   7.9 3265s
 802785 426861     cutoff   71      1140.91864  992.96408  13.0%   7.9 3278s
 804099 427459     cutoff   62      1140.91864  993.02710  13.0%   7.9 3291s
 805361 428098     cutoff  106      1140.91864  993.07218  13.0%   7.9 3302s
 806546 428658     cutoff   52      1140.91864  993.12996  13.0%   7.9 3315s
 807768 429190     cutoff   67      1140.91864  993.17908  12.9%   7.9 3327s
 809029 429956 1099.10641   67   26 1140.91864  993.23253  12.9%   7.9 3338s
 810451 430532     cutoff   68      1140.91864  993.27700  12.9%   7.9 3349s
 811467 431236 1091.78651   43   18 1140.91864  993.31845  12.9%   7.9 3367s
 812716 431889 1070.56502   67   22 1140.91864  993.38156  12.9%   7.9 3377s
 814167 432494     cutoff   74      1140.91864  993.43703  12.9%   7.9 3387s
 815380 433328 1120.10194   91   36 1140.91864  993.51161  12.9%   7.9 3397s
 816850 434087 1116.35852   58   12 1140.91864  993.55877  12.9%   7.9 3408s
 818285 434648     cutoff   45      1140.91864  993.61802  12.9%   8.0 3419s
 819624 435235 1054.83817   59   34 1140.91864  993.68286  12.9%   8.0 3430s
 820953 435878     cutoff   65      1140.91864  993.75002  12.9%   8.0 3440s
 822231 436330 1018.05958   36   36 1140.91864  993.81078  12.9%   8.0 3450s
 823111 437093 1075.88483   58   32 1140.91864  993.82980  12.9%   8.0 3460s
 824457 437679     cutoff   67      1140.91864  993.91506  12.9%   8.0 3469s
 825515 438523     cutoff   80      1140.91864  993.95497  12.9%   8.0 3477s
 827027 439230 1071.96693   65   10 1140.91864  994.02240  12.9%   8.0 3487s
 828477 439858     cutoff   68      1140.91864  994.08895  12.9%   8.0 3496s
 829818 440439 1087.59492   45   34 1140.91864  994.13944  12.9%   8.0 3507s
 831111 441009 1102.24168   62   18 1140.91864  994.18927  12.9%   8.0 3517s
 832180 441582     cutoff   78      1140.91864  994.21581  12.9%   8.0 3528s
 833494 441917     cutoff   79      1140.91864  994.26992  12.9%   8.0 3539s
 834223 442565 1099.89374   50   12 1140.91864  994.29922  12.9%   8.0 3549s
 835559 443236 infeasible   64      1140.91864  994.34787  12.8%   8.0 3560s
 836992 444071 1031.85812   64   32 1140.91864  994.39717  12.8%   8.0 3569s
 838495 444548 1116.55293   44   22 1140.91864  994.44219  12.8%   8.0 3577s
 839566 445251 1077.98672   53   32 1140.91864  994.50730  12.8%   8.0 3586s
 840952 445951     cutoff   55      1140.91864  994.57388  12.8%   8.0 3595s
 842318 446364     cutoff   59      1140.91864  994.61418  12.8%   8.0 3606s
 843203 447045 1127.14481   61    6 1140.91864  994.63688  12.8%   8.0 3616s
 844693 447606     cutoff   64      1140.91864  994.68657  12.8%   8.0 3626s
 845991 448208 1094.78409   70   23 1140.91864  994.75537  12.8%   8.0 3637s
 847326 448868 1068.39232   49   23 1140.91864  994.82278  12.8%   8.0 3646s
 848710 449417 1108.08423   58   14 1140.91864  994.86875  12.8%   8.0 3655s
 849750 450015 1063.28511   83   24 1140.91864  994.91159  12.8%   8.0 3664s
 850921 450732     cutoff   61      1140.91864  994.95881  12.8%   8.0 3672s
 852401 451119 1066.06431   59   31 1140.91864  995.02274  12.8%   8.0 3683s
 853174 451756     cutoff   72      1140.91864  995.04682  12.8%   8.0 3692s
 854578 452135 1084.02240   62   19 1140.91864  995.10198  12.8%   8.0 3701s
 855702 452955     cutoff   50      1140.91864  995.13927  12.8%   8.0 3709s
 857130 453601     cutoff  104      1140.91864  995.21159  12.8%   8.0 3719s
 858276 454358 1080.48672   62   27 1140.91864  995.26369  12.8%   8.0 3728s
 859758 455189 1018.53727   47   36 1140.91864  995.34840  12.8%   8.0 3737s
 861262 455872     cutoff   66      1140.91864  995.41006  12.8%   8.0 3746s
 862741 456636 1091.85943   75   30 1140.91864  995.45623  12.7%   8.0 3756s
 864127 457464     cutoff   82      1140.91864  995.52564  12.7%   8.0 3764s
 865483 457472 1116.42374   52   18 1140.91864  995.57254  12.7%   8.0 3765s
 865590 458048 1133.75989   68   13 1140.91864  995.58092  12.7%   8.0 3772s
 866882 458650 1056.35191   46   27 1140.91864  995.62689  12.7%   8.0 3781s
 868055 459250     cutoff   79      1140.91864  995.65271  12.7%   8.0 3789s
 869335 459702 1140.90346   53   18 1140.91864  995.69708  12.7%   8.0 3800s
 870431 460443 1055.71932   60   22 1140.91864  995.75576  12.7%   8.0 3808s
 871718 461264 1035.55968   58   39 1140.91864  995.81131  12.7%   8.0 3816s
 873302 461724 1052.06646   62   22 1140.91864  995.84596  12.7%   8.0 3825s
 874277 462336     cutoff   56      1140.91864  995.88041  12.7%   8.0 3833s
 875666 462829     cutoff   64      1140.91864  995.94879  12.7%   8.0 3841s
 876678 463425     cutoff   74      1140.91864  995.99325  12.7%   8.0 3848s
 877823 464124 1050.46979   68   41 1140.91864  996.03685  12.7%   8.0 3856s
 879208 464998     cutoff   51      1140.91864  996.10545  12.7%   8.0 3866s
 880695 465539 1085.49366   77   24 1140.91864  996.13940  12.7%   8.0 3874s
 881828 466193 1117.35448   56   21 1140.91864  996.20030  12.7%   8.0 3883s
 883224 466792 1011.16309   67   37 1140.91864  996.25230  12.7%   8.0 3894s
 884436 467444     cutoff   66      1140.91864  996.28438  12.7%   8.0 3902s
 885590 468086 1070.63701   63   30 1140.91864  996.32552  12.7%   8.0 3911s
 886992 468590 1097.84041   66   19 1140.91864  996.38886  12.7%   8.0 3920s
 888009 469190     cutoff   66      1140.91864  996.42053  12.7%   8.0 3929s
 889310 469693     cutoff   88      1140.91864  996.47857  12.7%   8.0 3939s
 890375 470242     cutoff   77      1140.91864  996.52115  12.7%   8.0 3947s
 891566 470774 1133.37819   78   17 1140.91864  996.59052  12.7%   8.0 3955s
 892722 471239 1125.24310   56   27 1140.91864  996.62753  12.6%   8.0 3965s
 893897 471832     cutoff   57      1140.91864  996.67322  12.6%   8.0 3974s
 894821 471841     cutoff   63      1140.91864  996.68972  12.6%   8.0 3975s
 895098 472681     cutoff   82      1140.91864  996.72411  12.6%   8.0 3985s
 896823 473367     cutoff   70      1140.91864  996.79731  12.6%   8.0 3995s
 898074 473831 infeasible   76      1140.91864  996.82710  12.6%   8.0 4005s
 899084 474531 1043.59385   48   21 1140.91864  996.85947  12.6%   8.0 4014s
 900503 475342 1094.21912   57   33 1140.91864  996.90452  12.6%   8.0 4024s
 901984 476183     cutoff   65      1140.91864  996.96783  12.6%   8.0 4033s
 903528 476851 infeasible   59      1140.91864  997.03866  12.6%   8.0 4044s
 904865 477249 1116.73780   68   22 1140.91864  997.08287  12.6%   8.0 4054s
 905800 477919 1100.10744   51   25 1140.91864  997.12108  12.6%   8.0 4064s
 907121 478360 1116.30708   65   22 1140.91864  997.18359  12.6%   8.0 4074s
 908203 478915 1070.54635   71   11 1140.91864  997.22947  12.6%   8.0 4085s
 909474 479686     cutoff   78      1140.91864  997.26205  12.6%   8.0 4095s
 911010 480396 1119.26699   76   35 1140.91864  997.31935  12.6%   8.0 4103s
 912424 480988 1116.92245   71   17 1140.91864  997.37079  12.6%   8.0 4111s
 913580 481509 1019.31849   48   32 1140.91864  997.42932  12.6%   8.0 4121s
 914719 482283 1128.27108   69    6 1140.91864  997.47609  12.6%   8.0 4132s
 916112 482875     cutoff   98      1140.91864  997.52687  12.6%   8.0 4140s
 917358 483366 1123.38617   70   19 1140.91864  997.55347  12.6%   8.0 4151s
 918705 483974     cutoff   68      1140.91864  997.60948  12.6%   8.0 4158s
 919829 484549     cutoff   73      1140.91864  997.65602  12.6%   8.0 4167s
 921181 485141 1138.74431   68    - 1140.91864  997.69712  12.6%   8.0 4183s
 922375 485801     cutoff   68      1140.91864  997.73764  12.5%   8.0 4192s
 923715 486410     cutoff   58      1140.91864  997.80382  12.5%   8.0 4203s
 924882 487072     cutoff   74      1140.91864  997.83449  12.5%   8.0 4213s
 926167 487857 1094.00837   69   27 1140.91864  997.88324  12.5%   8.0 4222s
 927631 488566 1130.93567   71   28 1140.91864  997.94432  12.5%   8.0 4234s
 929160 489143     cutoff   50      1140.91864  998.00968  12.5%   8.0 4242s
 930464 489607 1112.99263   50    6 1140.91864  998.07040  12.5%   8.0 4252s
 931574 490208 1096.73044   59   28 1140.91864  998.10071  12.5%   8.0 4262s
 932758 490767 1116.54199   62   12 1140.91864  998.13447  12.5%   8.0 4272s
 934094 491329     cutoff   92      1140.91864  998.17120  12.5%   8.0 4283s
 935267 491867 infeasible   65      1140.91864  998.23137  12.5%   8.0 4292s
 936677 492629 1137.28946   73   16 1140.91864  998.27381  12.5%   8.0 4301s
 938216 493360 1070.10177   92   34 1140.91864  998.33998  12.5%   8.0 4311s
 939546 493963     cutoff   74      1140.91864  998.38906  12.5%   8.0 4319s
 940706 494495     cutoff   68      1140.91864  998.42641  12.5%   8.0 4330s
 941891 495150 1075.13348   56   20 1140.91864  998.47079  12.5%   8.0 4339s
 943350 495629     cutoff   70      1140.91864  998.52876  12.5%   8.0 4348s
 944600 496193 1055.85006   53   23 1140.91864  998.57400  12.5%   8.1 4357s
 945779 496903 infeasible   51      1140.91864  998.62860  12.5%   8.1 4367s
 947209 497409     cutoff   77      1140.91864  998.67183  12.5%   8.1 4375s
 948341 497891     cutoff   64      1140.91864  998.71320  12.5%   8.1 4385s
 949329 498812 1059.79921   90   39 1140.91864  998.73614  12.5%   8.1 4395s
 950927 499464     cutoff   51      1140.91864  998.81225  12.5%   8.1 4403s
 952246 499976 1042.99803   54    6 1140.91864  998.86358  12.5%   8.1 4412s
 953370 500791 1042.95081   57   17 1140.91864  998.91331  12.4%   8.1 4421s
 954928 501410 1065.68259   61   28 1140.91864  998.96834  12.4%   8.1 4429s
 956176 502043 1068.60770   75   15 1140.91864  999.00874  12.4%   8.1 4438s
 957582 502803 1094.51505   39   20 1140.91864  999.06237  12.4%   8.1 4449s
 959053 503418     cutoff   64      1140.91864  999.10887  12.4%   8.1 4461s
 960394 504175 1128.51450   75   24 1140.91864  999.14714  12.4%   8.1 4469s
 961883 504856     cutoff   68      1140.91864  999.19462  12.4%   8.1 4479s
 963239 505430 1123.08594   62   28 1140.91864  999.25060  12.4%   8.1 4490s
 964524 505929 1118.00929   68   34 1140.91864  999.31597  12.4%   8.1 4501s
 965504 506630     cutoff   80      1140.91864  999.33583  12.4%   8.1 4512s
 966859 507119 infeasible   60      1140.91864  999.37103  12.4%   8.1 4524s
 968033 507693 1031.60192   46   13 1140.91864  999.41973  12.4%   8.1 4536s
 969235 508252     cutoff   58      1140.91864  999.46669  12.4%   8.1 4547s
 970604 508854     cutoff   51      1140.91864  999.52951  12.4%   8.1 4568s
 971730 509591 1104.02976   68   15 1140.91864  999.56489  12.4%   8.1 4578s
 973230 510181 1109.33017   64    8 1140.91864  999.61264  12.4%   8.1 4588s
 974668 510590     cutoff   71      1140.91864  999.66982  12.4%   8.1 4598s
 975744 511137     cutoff   67      1140.91864  999.71193  12.4%   8.1 4606s
 976939 511766     cutoff   67      1140.91864  999.75688  12.4%   8.1 4616s
 978078 512419 1036.81594   65   30 1140.91864  999.79249  12.4%   8.1 4626s
 979520 513110     cutoff   83      1140.91864  999.84264  12.4%   8.1 4636s
 981056 513757     cutoff   62      1140.91864  999.88091  12.4%   8.1 4646s
 982442 514332 1096.97479   94   32 1140.91864  999.92807  12.4%   8.1 4656s
 983676 514893 1083.73229   59   18 1140.91864  999.97319  12.4%   8.1 4667s
 984932 514981 1131.46749   65   10 1140.91864 1000.01850  12.3%   8.1 4683s
 985091 515601 1085.02739   56   11 1140.91864 1000.02329  12.3%   8.1 4693s
 986254 516456 infeasible   61      1140.91864 1000.05255  12.3%   8.1 4703s
 987763 517149 1119.72082   47   11 1140.91864 1000.10549  12.3%   8.1 4713s
 989223 517689 1060.60892   46   20 1140.91864 1000.15791  12.3%   8.1 4723s
 990552 518322     cutoff   81      1140.91864 1000.19758  12.3%   8.1 4733s
 991980 518926 1139.12251   47   15 1140.91864 1000.25827  12.3%   8.1 4744s
 993321 519574 1083.81168   84   26 1140.91864 1000.28431  12.3%   8.1 4754s
 994573 520298 1139.82227   52   12 1140.91864 1000.33882  12.3%   8.1 4767s
 996081 520792 1102.68423   53   21 1140.91864 1000.39151  12.3%   8.1 4778s
 997312 521520     cutoff   59      1140.91864 1000.43063  12.3%   8.1 4790s
 998748 522047 1102.39842   77   24 1140.91864 1000.47274  12.3%   8.1 4801s
 1000169 522774     cutoff   48      1140.91864 1000.51311  12.3%   8.1 4812s
 1001593 523259 1092.57747   79   16 1140.91864 1000.55638  12.3%   8.1 4825s
 1002593 524078     cutoff   92      1140.91864 1000.57850  12.3%   8.1 4836s
 1004055 524472 1122.41925   84   34 1140.91864 1000.62310  12.3%   8.1 4846s
 1005086 525203 1072.70814   58   24 1140.91864 1000.66478  12.3%   8.1 4857s
 1006554 525815 1117.77911   78   36 1140.91864 1000.69648  12.3%   8.1 4867s
 1007903 526296 1095.45979   54   21 1140.91864 1000.73506  12.3%   8.1 4877s
 1008959 527112 1102.02353   69   23 1140.91864 1000.76838  12.3%   8.1 4887s
 1010499 527884     cutoff   69      1140.91864 1000.81831  12.3%   8.1 4899s
 1011989 528283 1122.68414   53   16 1140.91864 1000.86411  12.3%   8.1 4910s
 1013104 528764     cutoff   46      1140.91864 1000.87816  12.3%   8.1 4920s
 1014052 529489 1080.25557   49   19 1140.91864 1000.91719  12.3%   8.1 4930s
 1015594 530109 1031.92410   48   30 1140.91864 1000.97903  12.3%   8.1 4939s
 1016869 530695     cutoff   56      1140.91864 1001.02646  12.3%   8.1 4949s
 1018247 531474 1131.65840   49   16 1140.91864 1001.06177  12.3%   8.1 4959s
 1019809 532003     cutoff   80      1140.91864 1001.11279  12.3%   8.1 4969s
 1020895 532601 1068.95338   68   18 1140.91864 1001.15108  12.3%   8.1 4980s
 1022120 533405 1075.68714   39   20 1140.91864 1001.17259  12.2%   8.1 4989s
 1023742 534122     cutoff   61      1140.91864 1001.25517  12.2%   8.1 5001s
 1025138 534962 1097.32646   63   20 1140.91864 1001.30233  12.2%   8.1 5012s
 1026635 535449 1104.61906   70   21 1140.91864 1001.36119  12.2%   8.1 5022s
 1027757 536024 1086.92274   86   27 1140.91864 1001.39132  12.2%   8.1 5035s
 1029136 536564     cutoff   88      1140.91864 1001.44581  12.2%   8.1 5045s
 1030268 537211     cutoff   61      1140.91864 1001.48398  12.2%   8.1 5054s
 1031544 537720 1130.80926   61    - 1140.91864 1001.53887  12.2%   8.1 5064s
 1032758 538401 infeasible   81      1140.91864 1001.55583  12.2%   8.1 5075s
 1034147 538874     cutoff   70      1140.91864 1001.61002  12.2%   8.1 5085s
 1035288 539552 1089.72886   56   12 1140.91864 1001.64535  12.2%   8.1 5099s
 1036742 540246 1094.90587   65   33 1140.91864 1001.68985  12.2%   8.1 5111s
 1038205 540766 1104.30318   52   14 1140.91864 1001.73384  12.2%   8.1 5124s
 1039365 541346 1063.36816   37   23 1140.91864 1001.76910  12.2%   8.1 5137s
 1040718 542116     cutoff   86      1140.91864 1001.80803  12.2%   8.1 5149s
 1042121 542895 1086.03231   44   16 1140.91864 1001.85011  12.2%   8.1 5160s
 1043670 543512     cutoff   73      1140.91864 1001.88826  12.2%   8.1 5170s
 1044854 544041 1123.16203   59   14 1140.91864 1001.93868  12.2%   8.1 5185s
 1045873 544693 1074.93751   53   17 1140.91864 1001.95779  12.2%   8.1 5198s
 1047291 545336 infeasible   45      1140.91864 1002.01639  12.2%   8.1 5209s
 1048588 546059 1110.52573   67   10 1140.91864 1002.05554  12.2%   8.1 5221s
 1050154 546594     cutoff   72      1140.91864 1002.10641  12.2%   8.1 5233s
 1051283 547327     cutoff   48      1140.91864 1002.14808  12.2%   8.1 5244s
 1052781 548106     cutoff   90      1140.91864 1002.19593  12.2%   8.1 5254s
 1054305 548617 1121.86995   58    8 1140.91864 1002.25098  12.2%   8.1 5264s
 1055331 549327 infeasible   57      1140.91864 1002.28702  12.2%   8.1 5274s
 1056743 549931 1101.79380   42   15 1140.91864 1002.34188  12.1%   8.1 5283s
 1057936 550611 1070.86077   51   21 1140.91864 1002.36978  12.1%   8.1 5293s
 1059383 551386 1116.06618   70   21 1140.91864 1002.41583  12.1%   8.1 5303s
 1060920 551773 1120.46142   52   21 1140.91864 1002.46505  12.1%   8.1 5315s
 1061941 552433 1081.94242   55   14 1140.91864 1002.49265  12.1%   8.1 5327s
 1063289 553186 1079.44136   72   19 1140.91864 1002.54123  12.1%   8.1 5339s
 1064792 553591 1128.18481   69   29 1140.91864 1002.58799  12.1%   8.1 5350s
 1065863 554212 1083.79297   47   19 1140.91864 1002.63867  12.1%   8.1 5361s
 1067217 554841 1073.12413   85   18 1140.91864 1002.67576  12.1%   8.1 5372s
 1068431 555488 1089.25099   67   42 1140.91864 1002.70049  12.1%   8.1 5384s
 1069687 556179     cutoff   47      1140.91864 1002.75261  12.1%   8.1 5395s
 1071039 556783     cutoff   61      1140.91864 1002.79017  12.1%   8.1 5408s
 1072342 557497     cutoff   64      1140.91864 1002.84750  12.1%   8.1 5419s
 1072591 557502     cutoff   65      1140.91864 1002.85243  12.1%   8.1 5420s
 1073835 557956     cutoff   67      1140.91864 1002.89498  12.1%   8.1 5431s
 1074947 558610     cutoff   63      1140.91864 1002.93990  12.1%   8.1 5443s
 1076426 559407 1120.14455  100   14 1140.91864 1002.97822  12.1%   8.1 5456s
 1077900 559967     cutoff  107      1140.91864 1003.02972  12.1%   8.1 5470s
 1079128 560583 1085.90424   45   23 1140.91864 1003.07204  12.1%   8.1 5481s
 1080513 561148     cutoff   80      1140.91864 1003.10709  12.1%   8.1 5493s
 1081592 561624 1108.21280   75   10 1140.91864 1003.13717  12.1%   8.1 5506s
 1082747 562132     cutoff   77      1140.91864 1003.16149  12.1%   8.1 5517s
 1083861 562950     cutoff   48      1140.91864 1003.20516  12.1%   8.1 5527s
 1085365 563631 1135.29439   97   31 1140.91864 1003.26188  12.1%   8.1 5537s
 1086688 564039 1083.25164   52   21 1140.91864 1003.30864  12.1%   8.1 5548s
 1087695 564608 1106.70999   53   29 1140.91864 1003.34103  12.1%   8.1 5561s
 1089024 565274     cutoff   90      1140.91864 1003.39102  12.1%   8.1 5572s
 1090526 565906 1136.65934   54   17 1140.91864 1003.41988  12.1%   8.1 5583s
 1091955 566504 1011.10196   64   24 1140.91864 1003.49737  12.0%   8.1 5593s
 1093168 567250     cutoff   91      1140.91864 1003.53244  12.0%   8.1 5605s
 1094685 567727 1139.88253   68   25 1140.91864 1003.56940  12.0%   8.1 5621s
 1095727 568421 1075.11650   70   27 1140.91864 1003.59194  12.0%   8.1 5632s
 1097167 568976 1115.97649   78   26 1140.91864 1003.64450  12.0%   8.1 5643s
 1098405 569617 1084.59018   65   20 1140.91864 1003.69015  12.0%   8.1 5654s
 1099855 570200 1126.68911   58   13 1140.91864 1003.73872  12.0%   8.1 5664s
 1101041 570941 1129.12364   49   21 1140.91864 1003.78268  12.0%   8.1 5675s
 1102573 571515     cutoff   73      1140.91864 1003.82671  12.0%   8.1 5687s
 1103942 572155     cutoff   66      1140.91864 1003.85980  12.0%   8.1 5697s
 1105320 572645     cutoff   69      1140.91864 1003.90090  12.0%   8.1 5708s
 1106500 573040     cutoff   70      1140.91864 1003.94488  12.0%   8.1 5719s
 1107605 573469 infeasible   49      1140.91864 1003.96236  12.0%   8.1 5732s
 1108494 574270 1058.84843   66   18 1140.91864 1003.99246  12.0%   8.1 5742s
 1110107 574868 1132.19928   83   10 1140.91864 1004.05111  12.0%   8.1 5753s
 1111451 575699     cutoff   59      1140.91864 1004.08205  12.0%   8.1 5763s
 1113021 576305     cutoff   68      1140.91864 1004.12801  12.0%   8.1 5774s
 1114453 576824 1035.88525   60   31 1140.91864 1004.19406  12.0%   8.1 5785s
 1115669 577530     cutoff   75      1140.91864 1004.22431  12.0%   8.1 5796s
 1117168 578275     cutoff   65      1140.91864 1004.27630  12.0%   8.1 5807s
 1118532 578738     cutoff   69      1140.91864 1004.30038  12.0%   8.1 5818s
 1119671 579229 1069.15182   50   22 1140.91864 1004.35187  12.0%   8.1 5827s
 1120871 579683     cutoff   63      1140.91864 1004.39465  12.0%   8.1 5840s
 1122197 580361 1083.92622   64   32 1140.91864 1004.41768  12.0%   8.1 5852s
 1123616 580714 1132.38147   64   33 1140.91864 1004.47583  12.0%   8.1 5866s
 1124510 581395 1140.56720   75   10 1140.91864 1004.49317  12.0%   8.1 5878s
 1125957 582155 1121.67104   71   18 1140.91864 1004.56161  12.0%   8.2 5890s
 1127590 582686 1078.29901   38   25 1140.91864 1004.60753  11.9%   8.2 5901s
 1128835 583333     cutoff   50      1140.91864 1004.64387  11.9%   8.2 5912s
 1130337 583864 1086.55948   64   17 1140.91864 1004.69463  11.9%   8.2 5923s
 1131422 584571 1122.57015   55   14 1140.91864 1004.72578  11.9%   8.2 5934s
 1132783 585337     cutoff   83      1140.91864 1004.76332  11.9%   8.2 5946s
 1134369 585840     cutoff   68      1140.91864 1004.81755  11.9%   8.2 5958s
 1135756 586504 1134.47301   66    8 1140.91864 1004.86519  11.9%   8.2 5969s
 1137178 587046     cutoff   50      1140.91864 1004.90218  11.9%   8.2 5980s
 1138329 587692     cutoff   86      1140.91864 1004.94419  11.9%   8.2 5992s
 1139739 588151     cutoff   90      1140.91864 1004.98874  11.9%   8.2 6004s
 1140806 588861 infeasible   60      1140.91864 1005.00937  11.9%   8.2 6016s
 1142313 589584 1111.58418   78   32 1140.91864 1005.06650  11.9%   8.2 6030s
 1143804 590128     cutoff   58      1140.91864 1005.11923  11.9%   8.2 6043s
 1145048 590711 1116.35342   74   36 1140.91864 1005.15758  11.9%   8.2 6058s
 1146345 591385 1073.61001   52   36 1140.91864 1005.18465  11.9%   8.2 6071s
 1147746 592076 1096.92459   77   29 1140.91864 1005.22817  11.9%   8.2 6083s
 1149150 592468 1061.04550   60   33 1140.91864 1005.27133  11.9%   8.2 6096s
 1150250 592973 1109.19561   58   25 1140.91864 1005.31092  11.9%   8.2 6112s
 1151242 593652 1105.64890   60   28 1140.91864 1005.33070  11.9%   8.2 6124s
 1152639 594347     cutoff   82      1140.91864 1005.38017  11.9%   8.2 6134s
 1154060 594897     cutoff   72      1140.91864 1005.42228  11.9%   8.2 6145s
 1155376 595648     cutoff   48      1140.91864 1005.47144  11.9%   8.2 6156s
 1156938 596141 1130.30414   68   27 1140.91864 1005.52198  11.9%   8.2 6170s
 1158065 596934     cutoff   67      1140.91864 1005.55378  11.9%   8.2 6182s
 1159593 597602     cutoff   65      1140.91864 1005.60468  11.9%   8.2 6194s
 1161094 598162     cutoff   66      1140.91864 1005.64165  11.9%   8.2 6205s
 1162264 598723 1089.36450   64   20 1140.91864 1005.68208  11.9%   8.2 6216s
 1163669 599282     cutoff   56      1140.91864 1005.71300  11.9%   8.2 6226s
 1164900 599836 1134.42944   78   27 1140.91864 1005.76661  11.8%   8.2 6239s
 1166123 600409 1049.02156   85   24 1140.91864 1005.78610  11.8%   8.2 6250s
 1167517 601010 1102.69551   57   21 1140.91864 1005.84193  11.8%   8.2 6262s
 1169015 601584 1129.74232   78   25 1140.91864 1005.88651  11.8%   8.2 6275s
 1170335 602175 1111.69488   45   26 1140.91864 1005.93212  11.8%   8.2 6287s
 1171665 602662 1093.39553   51    8 1140.91864 1005.97513  11.8%   8.2 6297s
 1172854 603430 1043.58904   67   22 1140.91864 1006.00272  11.8%   8.2 6308s
 1174441 603854 1137.72562   70    9 1140.91864 1006.04805  11.8%   8.2 6321s
 1175366 604482 1140.48305   61   12 1140.91864 1006.07252  11.8%   8.2 6332s
 1176881 605045     cutoff   76      1140.91864 1006.10197  11.8%   8.2 6343s
 1178149 605839     cutoff   85      1140.91864 1006.14239  11.8%   8.2 6355s
 1179741 606426     cutoff   64      1140.91864 1006.18065  11.8%   8.2 6372s
 1180939 606934 1067.24653   62   17 1140.91864 1006.21722  11.8%   8.2 6388s
 1182208 607584     cutoff   61      1140.91864 1006.24468  11.8%   8.2 6402s
 1183585 608303 1131.61571   88   12 1140.91864 1006.31143  11.8%   8.2 6417s
 1185071 608504 1104.40729   68   14 1140.91864 1006.37576  11.8%   8.2 6439s
 1185434 609095     cutoff  104      1140.91864 1006.38688  11.8%   8.2 6452s
 1186653 609731 1093.83341   67   29 1140.91864 1006.41985  11.8%   8.2 6465s
 1188099 610021     cutoff   66      1140.91864 1006.45586  11.8%   8.2 6478s
 1188953 610633 1134.00968   63   17 1140.91864 1006.48094  11.8%   8.2 6490s
 1190542 611205 1117.56848   67   24 1140.91864 1006.52540  11.8%   8.2 6501s
 1191747 611902     cutoff   53      1140.91864 1006.56378  11.8%   8.2 6513s
 1193326 612453 1102.74367   61   31 1140.91864 1006.61083  11.8%   8.2 6527s
 1194595 612995     cutoff   56      1140.91864 1006.65096  11.8%   8.2 6540s
 1195894 613735 1072.37549   54   25 1140.91864 1006.68503  11.8%   8.2 6554s
 1197506 614532     cutoff   75      1140.91864 1006.73469  11.8%   8.2 6569s
 1199112 614936     cutoff   59      1140.91864 1006.77686  11.8%   8.2 6582s
 1200134 615469 1096.49250   56   18 1140.91864 1006.79982  11.8%   8.2 6595s
 1201616 616234     cutoff   51      1140.91864 1006.84324  11.8%   8.2 6606s
 1203136 616866     cutoff   63      1140.91864 1006.89521  11.7%   8.2 6619s
 1204403 617543 infeasible   57      1140.91864 1006.91711  11.7%   8.2 6631s
 1205891 618223     cutoff   52      1140.91864 1006.96058  11.7%   8.2 6642s
 1207382 618984 1113.82702   84   36 1140.91864 1007.01250  11.7%   8.2 6654s
 1208865 619533     cutoff  108      1140.91864 1007.04882  11.7%   8.2 6665s
 1210114 619945 1058.87686  101   44 1140.91864 1007.08416  11.7%   8.2 6678s
 1211022 620661 1090.65542   68   30 1140.91864 1007.10406  11.7%   8.2 6689s
 1212509 621269     cutoff   66      1140.91864 1007.15054  11.7%   8.2 6702s
 1213856 621816 1050.50138   60   25 1140.91864 1007.17507  11.7%   8.2 6714s
 1215092 622467     cutoff   68      1140.91864 1007.22774  11.7%   8.2 6726s
 1216563 623067     cutoff   70      1140.91864 1007.26653  11.7%   8.2 6736s
 1217820 623647 1092.61556   57   24 1140.91864 1007.30359  11.7%   8.2 6750s
 1219234 624289     cutoff   80      1140.91864 1007.34582  11.7%   8.2 6766s
 1220667 624897 1054.89781   59   22 1140.91864 1007.38596  11.7%   8.2 6778s
 1221962 625666     cutoff   78      1140.91864 1007.42399  11.7%   8.2 6789s
 1223561 626451     cutoff   66      1140.91864 1007.46917  11.7%   8.2 6801s
 1225014 627144 1124.83588   77   19 1140.91864 1007.50645  11.7%   8.2 6813s
 1226487 627804     cutoff   65      1140.91864 1007.54426  11.7%   8.2 6825s
 1227801 628327 1119.87819   61   35 1140.91864 1007.57713  11.7%   8.2 6837s
 1229257 628779 1082.68156   61   33 1140.91864 1007.61807  11.7%   8.2 6851s
 1230397 629260 1090.87160   52   19 1140.91864 1007.63942  11.7%   8.2 6865s
 1231499 629979     cutoff   76      1140.91864 1007.67255  11.7%   8.2 6879s
 1233122 630552 1115.66349   70    8 1140.91864 1007.72414  11.7%   8.2 6893s
 1234380 631105     cutoff   55      1140.91864 1007.77105  11.7%   8.2 6907s
 1235910 631681 1114.96348   68   26 1140.91864 1007.80479  11.7%   8.2 6921s
 1237356 632162     cutoff   72      1140.91864 1007.84132  11.7%   8.2 6934s
 1238542 632644 1076.01893   48   28 1140.91864 1007.87549  11.7%   8.2 6946s
 1239743 633282 infeasible   56      1140.91864 1007.88619  11.7%   8.2 6957s
 1241115 633800 1090.01286   61   29 1140.91864 1007.94185  11.7%   8.2 6970s
 1242236 634289 1115.93519   66   22 1140.91864 1007.98625  11.7%   8.2 6987s
 1243585 634860 1128.04667   79   18 1140.91864 1008.01440  11.6%   8.2 7000s
 1244882 635416 1124.99293   86   34 1140.91864 1008.03432  11.6%   8.2 7011s
 1246120 636067 1073.06637   60   29 1140.91864 1008.08153  11.6%   8.2 7032s
 1247703 636771     cutoff   68      1140.91864 1008.12557  11.6%   8.2 7045s
 1249196 637277 1092.23948   66   36 1140.91864 1008.17330  11.6%   8.2 7059s
 1250410 637780 1107.17271   56   38 1140.91864 1008.21170  11.6%   8.2 7072s
 1251644 638158     cutoff   77      1140.91864 1008.23957  11.6%   8.2 7085s
 1252785 638678 1050.18225   65   14 1140.91864 1008.27842  11.6%   8.2 7098s
 1254085 639256 1065.28272   54   22 1140.91864 1008.31193  11.6%   8.2 7112s
 1255387 639839 infeasible   59      1140.91864 1008.34544  11.6%   8.2 7127s
 1256963 640289 1115.39166   63   20 1140.91864 1008.38351  11.6%   8.2 7140s
 1258314 640855     cutoff   74      1140.91864 1008.42258  11.6%   8.2 7154s
 1259587 641382     cutoff   58      1140.91864 1008.44803  11.6%   8.2 7168s
 1260981 641847 infeasible   56      1140.91864 1008.49749  11.6%   8.2 7180s
 1262297 642432     cutoff  113      1140.91864 1008.53929  11.6%   8.2 7192s
 1263610 642864 infeasible   47      1140.91864 1008.56903  11.6%   8.2 7200s

Cutting planes:
  Gomory: 5
  MIR: 1
  Zero half: 13
  RLT: 1
  Lazy constraints: 14175

Explored 1264593 nodes (10384386 simplex iterations) in 7200.22 seconds
Thread count was 12 (of 12 available processors)

Solution count 7: 1140.92 1141.03 1148.04 ... 1414.72

Time limit reached
Best objective 1.140918637717e+03, best bound 1.008582639168e+03, gap 11.5991%

User-callback calls 3719290, time in user-callback 2.85 sec
/projects/academic/josewalt/caigao/RRARP_BD/BendersDecomp/ret/model_outs/n_19_h_5_algo_3.out
 =====>>>>> Solution is written to file in <../ret/model_outs> !!!
===>> All Done!
