NPROCS=0
This instance is clustered!
Gurobi Optimizer version 9.0.0 build v9.0.0rc2 (linux64)
Optimize a model with 40 rows, 401 columns and 800 nonzeros
Model fingerprint: 0x69f5be4c
Variable types: 1 continuous, 400 integer (400 binary)
Coefficient statistics:
  Matrix range     [1e+00, 1e+00]
  Objective range  [1e+00, 4e+02]
  Bounds range     [1e+00, 1e+00]
  RHS range        [1e+00, 1e+00]
 done with super cut 0
Presolve removed 2 rows and 57 columns
Presolve time: 0.00s
Presolved: 38 rows, 344 columns, 686 nonzeros
Variable types: 1 continuous, 343 integer (343 binary)

Root relaxation: objective 7.324869e+02, 29 iterations, 0.00 seconds

    Nodes    |    Current Node    |     Objective Bounds      |     Work
 Expl Unexpl |  Obj  Depth IntInf | Incumbent    BestBd   Gap | It/Node Time

     0     0  767.93439    0   12          -  767.93439      -     -    0s
 done with super cut 1
     0     0  934.92340    0    8          -  934.92340      -     -    0s
 done with super cut 2
 done with super cut 3
 done with super cut 4
     0     0 1004.01886    0   38          - 1004.01886      -     -    3s
 done with super cut 5
 done with super cut 6
H    0     0                    1376.6740932 1004.01886  27.1%     -    7s
 done with super cut 7
 done with super cut 8
 done with super cut 9
     0     0 1008.77440    0   36 1376.67409 1008.77440  26.7%     -   16s
 done with super cut 10
H    0     0                    1117.2778433 1008.77440  9.71%     -   21s
     0     0 1008.77440    0   41 1117.27784 1008.77440  9.71%     -   21s
     0     0 1011.51067    0   35 1117.27784 1011.51067  9.47%     -   21s
     0     0 1016.58499    0   42 1117.27784 1016.58499  9.01%     -   21s
     0     0 1016.72257    0   42 1117.27784 1016.72257  9.00%     -   21s
     0     0 1016.83068    0   45 1117.27784 1016.83068  8.99%     -   21s
     0     2 1016.83068    0   45 1117.27784 1016.83068  8.99%     -   21s

Cutting planes:
  Gomory: 3
  MIR: 1
  Zero half: 1
  RLT: 1
  Lazy constraints: 175

Explored 3282 nodes (25469 simplex iterations) in 21.70 seconds
Thread count was 12 (of 12 available processors)

Solution count 2: 1117.28 1376.67 

Optimal solution found (tolerance 1.00e-04)
Best objective 1.117277843285e+03, best bound 1.117277843285e+03, gap 0.0000%

User-callback calls 7158, time in user-callback 21.21 sec
/projects/academic/josewalt/caigao/RRARP_BD/BendersDecomp/ret/model_outs/n_18_e_9_algo_4.out
 =====>>>>> Solution is written to file in <../ret/model_outs> !!!
===>> All Done!
