NPROCS=0
This instance is clustered!
Gurobi Optimizer version 9.0.0 build v9.0.0rc2 (linux64)
Optimize a model with 48 rows, 577 columns and 1152 nonzeros
Model fingerprint: 0x43c3aa3d
Variable types: 1 continuous, 576 integer (576 binary)
Coefficient statistics:
  Matrix range     [1e+00, 1e+00]
  Objective range  [1e+00, 5e+02]
  Bounds range     [1e+00, 1e+00]
  RHS range        [1e+00, 1e+00]
Presolve removed 2 rows and 69 columns
Presolve time: 0.01s
Presolved: 46 rows, 508 columns, 1014 nonzeros
Variable types: 1 continuous, 507 integer (507 binary)

Root relaxation: objective 9.430584e+02, 38 iterations, 0.00 seconds

    Nodes    |    Current Node    |     Objective Bounds      |     Work
 Expl Unexpl |  Obj  Depth IntInf | Incumbent    BestBd   Gap | It/Node Time

     0     0 1080.09112    0   10          - 1080.09112      -     -    0s
     0     0 1250.41069    0   16          - 1250.41069      -     -    0s
     0     2 1330.20928    0   14          - 1330.20928      -     -    0s
* 1783  1597             126    1723.0838810 1342.97450  22.1%   4.2    0s
* 1784  1597             127    1722.1253563 1342.97450  22.0%   4.2    0s
H 1955  1527                    1720.7153500 1342.97450  22.0%   4.3    1s
H 1957  1453                    1719.7568253 1342.97450  21.9%   4.2    1s
H 1961  1382                    1716.7395394 1342.97450  21.8%   4.2    1s
  4833  2479     cutoff   86      1716.73954 1348.59883  21.4%   4.8    5s
  9573  5279 1510.04229   73   15 1716.73954 1382.50127  19.5%   5.0   10s
 13555  7823 1453.12535   61   27 1716.73954 1393.10957  18.9%   5.1   15s
 15906  9329     cutoff   72      1716.73954 1397.64968  18.6%   5.2   20s
 18629 11139 1440.69098   43   10 1716.73954 1401.28059  18.4%   5.2   25s
 21029 12653     cutoff   57      1716.73954 1403.97163  18.2%   5.2   30s
 22175 13164 1415.34967   28   16 1716.73954 1405.17405  18.1%   5.3  223s
 22177 13165 1475.66354   49   67 1716.73954 1405.17405  18.1%   5.3  225s
 22182 13169 1435.42321   27   86 1716.73954 1405.17405  18.1%   5.3  231s
 22191 13184 1405.17405   31   48 1716.73954 1405.17405  18.1%   5.3  235s
 22783 13474 1520.45784   55    - 1716.73954 1405.17405  18.1%   5.4  240s
 24393 14117 1486.83510   63   15 1716.73954 1405.17405  18.1%   5.4  245s
 26639 15022 1476.67082   47   36 1716.73954 1405.17405  18.1%   5.5  250s
 28761 15799 1413.44041   84   58 1716.73954 1405.17405  18.1%   5.6  255s
 31235 16867 1430.09592   54   68 1716.73954 1405.17405  18.1%   5.7  260s
 32976 17598 1464.10660   35   32 1716.73954 1405.17405  18.1%   5.7  265s
 34787 18239 1515.40942   46   67 1716.73954 1405.17405  18.1%   5.7  270s
 36296 18924 1446.00810   42   42 1716.73954 1405.17405  18.1%   5.7  275s
 37897 19602 1466.09361   38    7 1716.73954 1405.17405  18.1%   5.7  281s
 39187 20081     cutoff   69      1716.73954 1405.17405  18.1%   5.7  285s
 40948 20791 1467.03003   45   81 1716.73954 1405.17405  18.1%   5.7  291s
 42179 21166 1437.01755   63   32 1716.73954 1405.17405  18.1%   5.7  295s
 43316 21695     cutoff   76      1716.73954 1405.17405  18.1%   5.8  300s
 44751 22311 1505.00812   83   47 1716.73954 1405.17405  18.1%   5.8  305s
 46225 22692 1582.02822   48   30 1716.73954 1405.17405  18.1%   5.8  311s
 47585 23273 1440.38314   54   17 1716.73954 1405.17405  18.1%   5.8  317s
 48247 23499 1489.90883   51   42 1716.73954 1405.17405  18.1%   5.8  321s
 49849 24169 1509.27125   80   63 1716.73954 1405.17405  18.1%   5.8  328s
 50672 24490 1564.16548   44   35 1716.73954 1405.17405  18.1%   5.8  332s
 51561 24751 1669.89016   78   28 1716.73954 1405.17405  18.1%   5.8  336s
 52401 25037 1493.63940   58   41 1716.73954 1405.34707  18.1%   5.8  340s
 53265 25316 1700.50903   62   27 1716.73954 1405.98777  18.1%   5.8  345s
 54925 26091 1626.63516   44   35 1716.73954 1407.49993  18.0%   5.8  353s
 55890 26366 1445.29510   40   15 1716.73954 1408.11245  18.0%   5.8  358s
 56810 26705 1458.47979   41   32 1716.73954 1408.86669  17.9%   5.8  363s
 57741 26992 1516.90830   50    6 1716.73954 1409.39047  17.9%   5.8  368s
 58611 27245 1521.17723   57   60 1716.73954 1409.88030  17.9%   5.9  373s
 59499 27681 1473.10321   43   12 1716.73954 1410.90973  17.8%   5.9  379s
 60472 27998 1448.02580   40   14 1716.73954 1411.35777  17.8%   5.9  384s
 61350 28237     cutoff   60      1716.73954 1412.13084  17.7%   5.9  389s
 62155 28716 1514.80935   52   25 1716.73954 1412.65731  17.7%   5.9  395s
 63124 29385 1499.17792   48   15 1716.73954 1413.35377  17.7%   5.9  401s
 64023 30009     cutoff   62      1716.73954 1413.81833  17.6%   5.9  406s
 64938 30626 1487.47415   45   19 1716.73954 1414.28960  17.6%   5.9  412s
 65859 31284 1538.51084   55   27 1716.73954 1414.99454  17.6%   5.9  419s
 66798 31815 1506.95434   44   41 1716.73954 1415.70952  17.5%   5.9  426s
 67569 32417 1429.40310   74   33 1716.73954 1416.40447  17.5%   5.9  432s
 68487 33009 1511.26467   86   39 1716.73954 1416.81643  17.5%   5.9  438s
 69416 33748 1532.94069   79   33 1716.73954 1417.33297  17.4%   5.9  445s
 70422 34393 1438.69134   39    7 1716.73954 1417.96804  17.4%   5.9  452s
 71392 35055 1447.25729   40    7 1716.73954 1418.57144  17.4%   5.9  459s
 72399 35708 1701.60229   77    - 1716.73954 1418.88509  17.4%   5.9  466s
 73284 36267     cutoff   77      1716.73954 1419.39320  17.3%   5.9  473s
 74199 36945 1501.83965   46    7 1716.73954 1419.67010  17.3%   5.9  480s
 75205 37535 1555.90316   52   27 1716.73954 1420.26536  17.3%   5.9  488s
 76137 38200 1521.32669   42   27 1716.73954 1420.60361  17.2%   5.9  496s
 77104 38733 1475.09693   46   21 1716.73954 1421.01559  17.2%   5.9  505s
 77841 39257 1558.22121   46   27 1716.73954 1421.08892  17.2%   5.9  514s
 78767 39782 1511.11446   54    8 1716.73954 1421.49394  17.2%   5.9  522s
 79447 40264 1472.11917   48    - 1716.73954 1421.80695  17.2%   5.9  531s
 80373 40781 1608.51088   58    - 1716.73954 1421.95479  17.2%   6.0  540s
 81318 41334 1541.47844   55   47 1716.73954 1422.34963  17.1%   6.0  551s
 82216 41953 1493.76244   41    6 1716.73954 1422.99874  17.1%   6.0  562s
 83227 42602 1542.23675   51   41 1716.73954 1423.34298  17.1%   6.0  571s
 84215 43226 1498.70489   45   40 1716.73954 1423.67621  17.1%   6.0  582s
 85210 43929 1550.89115   56   60 1716.73954 1424.08420  17.0%   6.0  593s
 86265 44626 1485.89700   45    9 1716.73954 1424.47624  17.0%   6.0  603s
 87280 45394 1589.73495   59   17 1716.73954 1424.89146  17.0%   6.0  614s
 88381 45992 1554.15366   50   61 1716.73954 1425.39816  17.0%   6.0  624s
 89426 46696 1443.58405   39    6 1716.73954 1425.93553  16.9%   6.0  635s
 90439 47433 1467.53010   39   12 1716.73954 1426.37684  16.9%   6.0  647s
 91521 48038     cutoff   67      1716.73954 1426.68657  16.9%   6.0  659s
 92484 48605 1496.89067   39    - 1716.73954 1426.94970  16.9%   6.0  672s
 93465 49271 1505.07353   39   51 1716.73954 1427.19149  16.9%   6.0  685s
 94443 49747 1466.74251   51   32 1716.73954 1427.50621  16.8%   6.0  698s
 95152 50466 1518.12374   41   32 1716.73954 1427.77114  16.8%   6.0  710s
 96217 50946 1457.87461   48   20 1716.73954 1428.08105  16.8%   6.0  723s
 97185 51574 1499.72879   51   25 1716.73954 1428.29963  16.8%   6.0  736s
 98167 52226     cutoff   74      1716.73954 1428.58619  16.8%   6.0  751s
 99218 52798 1520.12341   45   17 1716.73954 1429.03581  16.8%   6.1  764s
 100203 53458 1559.45368   49   39 1716.73954 1429.20008  16.7%   6.1  780s
 101242 54223 1484.68137   50    9 1716.73954 1429.51065  16.7%   6.1  795s
 102376 54913 1518.22551   40   44 1716.73954 1429.90325  16.7%   6.1  810s
 103401 55391 1509.06972   54   11 1716.73954 1430.26289  16.7%   6.1  827s
 104403 56004 1504.99374   47    - 1716.73954 1430.33570  16.7%   6.1  843s
 105384 56661 1465.18290   63   28 1716.73954 1430.82347  16.7%   6.1  861s
 106403 57314 1469.15586   43   53 1716.73954 1431.19624  16.6%   6.1  880s
 107382 57991 1495.43903   42   36 1716.73954 1431.19624  16.6%   6.1  897s
 108445 58678 1545.93395   58    9 1716.73954 1431.64936  16.6%   6.1  916s
 109496 59331     cutoff   76      1716.73954 1431.97514  16.6%   6.1  934s
 110543 59941 1567.92821   61   21 1716.73954 1432.19159  16.6%   6.1  953s
 111536 60588 1498.52165   50   39 1716.73954 1432.56165  16.6%   6.1  971s
 112526 61200     cutoff   66      1716.73954 1432.77604  16.5%   6.1  989s
 113604 61813 1539.71259   49   27 1716.73954 1433.12906  16.5%   6.1 1013s
 114567 62473 1503.73750   43   10 1716.73954 1433.48523  16.5%   6.1 1033s
 115648 63043 1628.39165   63   36 1716.73954 1433.75135  16.5%   6.1 1050s
 116473 63662 1515.71938   41   25 1716.73954 1434.02437  16.5%   6.1 1068s
 117497 64283     cutoff   60      1716.73954 1434.20751  16.5%   6.1 1086s
 118563 64827 1517.08061   47    9 1716.73954 1434.59098  16.4%   6.2 1106s
 119537 65501 1610.98536   51   30 1716.73954 1434.92034  16.4%   6.2 1128s
 120597 66007 1467.53035   41   31 1716.73954 1435.18263  16.4%   6.2 1148s
 121437 66609     cutoff   50      1716.73954 1435.46339  16.4%   6.2 1169s
 122496 67147 1492.58525   43   23 1716.73954 1435.76945  16.4%   6.2 1191s
 123547 67827 1482.62161   54   27 1716.73954 1435.96777  16.4%   6.2 1214s
 124582 68419 1688.55684   47   51 1716.73954 1436.12891  16.3%   6.2 1238s
 125629 68969 1577.86323   63   34 1716.73954 1436.45604  16.3%   6.2 1261s
 126689 69614 1595.14014   46    6 1716.73954 1436.84483  16.3%   6.2 1283s
 127790 70261 1539.41636   49   31 1716.73954 1436.87500  16.3%   6.2 1305s
 128853 70879     cutoff   71      1716.73954 1437.28528  16.3%   6.2 1328s
 129944 71569 1640.89860   46   27 1716.73954 1437.50367  16.3%   6.2 1351s
 131051 72227 1539.30279   51   39 1716.73954 1437.78359  16.2%   6.2 1375s
 132112 72827 1534.74480   53   53 1716.73954 1438.03947  16.2%   6.2 1398s
 133160 73475 1516.59912   48   60 1716.73954 1438.25196  16.2%   6.2 1422s
 134257 74166 1546.35884   50   10 1716.73954 1438.41964  16.2%   6.2 1446s
 135342 74711 1574.31335   49   11 1716.73954 1438.76442  16.2%   6.2 1475s
 136347 75323 1594.86370   68   10 1716.73954 1439.04190  16.2%   6.3 1502s
 137386 76004 1631.95198   66   10 1716.73954 1439.34553  16.2%   6.3 1527s
 138424 76575 1509.34749   61    - 1716.73954 1439.56944  16.1%   6.3 1556s
 139497 77117     cutoff   61      1716.73954 1439.85077  16.1%   6.3 1587s
 140491 77742 1624.22992   55   12 1716.73954 1440.11919  16.1%   6.3 1616s
 141533 78324 1515.63711   48    6 1716.73954 1440.37823  16.1%   6.3 1643s
 142558 79037 1568.41177   57   23 1716.73954 1440.60516  16.1%   6.3 1670s
 143741 79600     cutoff   72      1716.73954 1440.83351  16.1%   6.3 1698s
 144672 80194 1539.45776   44   26 1716.73954 1441.12741  16.1%   6.3 1726s
 145766 80819 1493.38624   48   13 1716.73954 1441.36703  16.0%   6.3 1755s
 146872 81446 1518.49465   50   21 1716.73954 1441.52531  16.0%   6.3 1786s
 147973 82092     cutoff   53      1716.73954 1441.86711  16.0%   6.3 1818s
 149092 82783     cutoff   60      1716.73954 1442.11986  16.0%   6.3 1849s
 150190 83465 1535.11020   46    6 1716.73954 1442.30923  16.0%   6.3 1880s
 151306 84095 1610.40712   44   21 1716.73954 1442.46642  16.0%   6.3 1909s
 152390 84736 1560.84330   51    7 1716.73954 1442.63180  16.0%   6.3 1945s
 153503 85291     cutoff   56      1716.73954 1442.85792  16.0%   6.3 1976s
 154508 85919 1465.09710   45   21 1716.73954 1443.11963  15.9%   6.3 2015s
 155627 86624 1465.26880   46   21 1716.73954 1443.34885  15.9%   6.4 2051s
 156764 87315 1554.53205   55   93 1716.73954 1443.47670  15.9%   6.4 2086s
 157874 87939 1491.58782   57    6 1716.73954 1443.71540  15.9%   6.4 2125s
 159035 88767     cutoff   74      1716.73954 1443.83421  15.9%   6.4 2159s
 160267 89353 1497.49601   53    6 1716.73954 1444.03942  15.9%   6.4 2199s
 161354 89975 1562.97498   55    - 1716.73954 1444.21959  15.9%   6.4 2232s
 162449 90641     cutoff   64      1716.73954 1444.45241  15.9%   6.4 2266s
 163518 91283 1526.10411   47   40 1716.73954 1444.71851  15.8%   6.4 2299s
 164665 92057 1508.76869   47   33 1716.73954 1444.96521  15.8%   6.4 2331s
 165844 92653 1555.50530   52   60 1716.73954 1445.14075  15.8%   6.4 2363s
 166844 93298 1537.95764   46   18 1716.73954 1445.35816  15.8%   6.4 2396s
 167950 93947 1529.41543   48   46 1716.73954 1445.54760  15.8%   6.4 2431s
 169068 94666 1496.89605   53   88 1716.73954 1445.73543  15.8%   6.4 2466s
 170210 95229 1606.41127   62   18 1716.73954 1445.97080  15.8%   6.4 2507s
 171293 95943 1500.25799   42   26 1716.73954 1446.14403  15.8%   6.4 2542s
 172414 96662 1553.10145   50    7 1716.73954 1446.35387  15.7%   6.4 2582s
 173513 97332 1544.07216   43   31 1716.73954 1446.46634  15.7%   6.4 2626s
 174686 97956 1660.43241   53   21 1716.73954 1446.66351  15.7%   6.4 2665s
 175785 98595 1576.29464   48   13 1716.73954 1446.87212  15.7%   6.4 2706s
 176953 99228 1474.76187   68   56 1716.73954 1447.09645  15.7%   6.4 2743s
 178047 99870 1542.61163   52   38 1716.73954 1447.22635  15.7%   6.4 2783s
 179141 100456 1582.18802   49   23 1716.73954 1447.41812  15.7%   6.4 2834s
 180264 101179 1504.92313   49    6 1716.73954 1447.61392  15.7%   6.4 2871s
 181391 101790 1562.94348   49    6 1716.73954 1447.83231  15.7%   6.4 2912s
 182452 102617 1540.66166   45   11 1716.73954 1448.06409  15.7%   6.4 2954s
 183734 103218 1492.71308   43    7 1716.73954 1448.21017  15.6%   6.4 2997s
 184882 103862 1577.51548   46   19 1716.73954 1448.35129  15.6%   6.4 3034s
 185959 104428 1451.68709   43   42 1716.73954 1448.55767  15.6%   6.4 3073s
 186988 105157 1469.62221   44   13 1716.73954 1448.66402  15.6%   6.4 3112s
 188147 105825 1471.51163   59   55 1716.73954 1448.82114  15.6%   6.4 3154s
 189275 106578     cutoff   75      1716.73954 1449.00296  15.6%   6.4 3193s
 190470 107117 1628.31033   72   10 1716.73954 1449.13115  15.6%   6.4 3234s
 191527 107805 1579.74813   50   27 1716.73954 1449.35999  15.6%   6.4 3275s
 192695 108478 1623.51758   55   26 1716.73954 1449.53868  15.6%   6.4 3324s
 193806 109100     cutoff   75      1716.73954 1449.79734  15.5%   6.4 3368s
 194938 109801     cutoff   76      1716.73954 1449.89446  15.5%   6.4 3411s
 196068 110475 1570.99638   50    6 1716.73954 1450.05863  15.5%   6.4 3453s
 197193 111037 1647.99400   67   21 1716.73954 1450.24174  15.5%   6.4 3504s
 198282 111733 1458.02759   49   52 1716.73954 1450.38170  15.5%   6.4 3547s
 199478 112354 1476.26691   46    7 1716.73954 1450.54999  15.5%   6.4 3597s
 200541 113193 1540.78380   47   32 1716.73954 1450.72969  15.5%   6.5 3645s
 201774 113885 1629.76530   57   23 1716.73954 1450.93200  15.5%   6.5 3690s
 202978 114589 1585.23672   61   26 1716.73954 1451.01156  15.5%   6.5 3734s
 204113 115100 1690.86395   66    - 1716.73954 1451.23772  15.5%   6.5 3777s
 205116 115785 1693.26735   66   34 1716.73954 1451.39334  15.5%   6.5 3826s
 206274 116523 1469.81990   56   41 1716.73954 1451.54990  15.4%   6.5 3870s
 207446 117179     cutoff   65      1716.73954 1451.69493  15.4%   6.5 3917s
 208605 117761     cutoff   61      1716.73954 1451.89740  15.4%   6.5 3961s
 209703 118380 1504.34956   39   10 1716.73954 1452.00215  15.4%   6.5 4009s
 210845 119146 1469.77442   80   22 1716.73954 1452.10312  15.4%   6.5 4053s
 212004 119761     cutoff   90      1716.73954 1452.29285  15.4%   6.5 4102s
 213136 120472 1489.11501   43   23 1716.73954 1452.35208  15.4%   6.5 4151s
 214332 121085 1559.42373   62    8 1716.73954 1452.65656  15.4%   6.5 4202s
 215396 121755 1502.63090   46   73 1716.73954 1452.78693  15.4%   6.5 4251s
 216567 122512 1474.61334   62   61 1716.73954 1453.01299  15.4%   6.5 4297s
 217820 123155 infeasible   91      1716.73954 1453.13639  15.4%   6.5 4342s
 218925 123879 1661.29352   55   20 1716.73954 1453.36134  15.3%   6.5 4394s
 220114 124445 1536.73948   43   39 1716.73954 1453.54148  15.3%   6.5 4441s
 221222 125148     cutoff   73      1716.73954 1453.67871  15.3%   6.5 4492s
 222371 125774 1459.59869   42   31 1716.73954 1453.81312  15.3%   6.5 4542s
 223516 126450 1485.80365   41    6 1716.73954 1453.94912  15.3%   6.5 4592s
 224702 127082 1527.53150   42   13 1716.73954 1454.08838  15.3%   6.5 4644s
 225077 127152 1507.83229   83   69 1716.73954 1454.10072  15.3%   6.5 4645s
 225852 127710 1532.92103   55   57 1716.73954 1454.15281  15.3%   6.5 4703s
 226967 128478 1629.47964   42   35 1716.73954 1454.35155  15.3%   6.5 4751s
 228157 129071     cutoff   67      1716.73954 1454.55546  15.3%   6.5 4804s
 229300 129709 1650.19320   58   34 1716.73954 1454.73626  15.3%   6.5 4858s
 230269 130468 1501.51529   41   14 1716.73954 1454.85667  15.3%   6.5 4906s
 231522 131187 1578.39820   42    8 1716.73954 1455.04734  15.2%   6.5 4958s
 232766 131762 infeasible   88      1716.73954 1455.18684  15.2%   6.5 5018s
 233888 132443 1568.86699   53   28 1716.73954 1455.35170  15.2%   6.5 5082s
 235041 133159 1481.57770   51   26 1716.73954 1455.52316  15.2%   6.5 5138s
 236245 133635 1595.05750   53   17 1716.73954 1455.66345  15.2%   6.5 5209s
 237331 134385 1525.34303   46   12 1716.73954 1455.77199  15.2%   6.5 5265s
 238629 135127 1621.45462   47   44 1716.73954 1455.89838  15.2%   6.5 5321s
 239827 135729 1545.85549   50   50 1716.73954 1456.02184  15.2%   6.5 5376s
 240951 136421 1658.79176   54   22 1716.73954 1456.16469  15.2%   6.5 5439s
 242101 137041 1603.21134   54    9 1716.73954 1456.32732  15.2%   6.5 5495s
 243247 137665 1647.90942   52   15 1716.73954 1456.51086  15.2%   6.5 5551s
 244318 138343 1533.35423   43   13 1716.73954 1456.61726  15.2%   6.5 5611s
 245473 138971 1574.41199   56   11 1716.73954 1456.75884  15.1%   6.5 5666s
 246688 139709 1612.81877   67   26 1716.73954 1456.85991  15.1%   6.5 5721s
 247874 140363 infeasible   73      1716.73954 1456.99191  15.1%   6.5 5796s
 249038 140959 1562.74729   84   19 1716.73954 1457.08173  15.1%   6.5 5869s
 250151 141682 1540.73591   54   30 1716.73954 1457.22624  15.1%   6.5 5929s
 251301 142389 1566.11085   47   21 1716.73954 1457.39438  15.1%   6.5 5988s
 252496 143075 1591.53801   46    - 1716.73954 1457.55760  15.1%   6.5 6049s
 253675 143802 1593.95343   46   17 1716.73954 1457.71474  15.1%   6.5 6105s
 254919 144537 1483.02320   65   10 1716.73954 1457.84134  15.1%   6.5 6169s
 256103 144734 1486.66622   49   16 1716.73954 1457.96592  15.1%   6.5 6237s
 256105 144735 1616.83509   59   67 1716.73954 1457.96592  15.1%   6.5 6269s
 256106 144736 1620.43361   60   70 1716.73954 1457.96592  15.1%   6.5 6279s
 256107 144737 1556.85295   64   85 1716.73954 1457.96592  15.1%   6.5 6282s
 256109 144738 1557.68815   57   86 1716.73954 1457.96592  15.1%   6.5 6302s
 256110 144739 1651.35881   51   86 1716.73954 1457.96592  15.1%   6.5 6314s
 256111 144739 1590.36917   75   86 1716.73954 1457.96592  15.1%   6.5 6318s
 256112 144743 1457.96592   41   35 1716.73954 1457.96592  15.1%   6.5 6335s
 256114 144746 1457.96592   42   27 1716.73954 1457.96592  15.1%   6.5 6352s
 256118 144753 1457.96592   43   35 1716.73954 1457.96592  15.1%   6.5 6367s
 256126 144762 1457.96592   44   32 1716.73954 1457.96592  15.1%   6.5 6396s
 256138 144770 1457.96592   45   61 1716.73954 1457.96592  15.1%   6.5 6410s
 256150 144778 1457.96592   45   26 1716.73954 1457.96592  15.1%   6.5 6419s
 256162 144786 1457.96592   46   39 1716.73954 1457.96592  15.1%   6.5 6426s
 256174 144800 1457.96592   46   39 1716.73954 1457.96592  15.1%   6.5 6433s
 256192 144812 1457.96592   47   32 1716.73954 1457.96592  15.1%   6.5 6442s
 256210 144818 1457.96592   48   24 1716.73954 1457.96592  15.1%   6.5 6452s
 256222 144833 1457.96592   48   69 1716.73954 1457.96592  15.1%   6.5 6457s
 256241 144845 1457.96592   49   43 1716.73954 1457.96592  15.1%   6.5 6462s
 256263 144857 1457.96592   49   35 1716.73954 1457.96592  15.1%   6.5 6470s
 256282 144871 1457.96592   50   42 1716.73954 1457.96592  15.1%   6.5 6476s
 256302 144889 1457.96592   51   35 1716.73954 1457.96592  15.1%   6.5 6481s
 256328 144902 1504.80018   51   26 1716.73954 1457.96592  15.1%   6.5 6488s
 256353 144917 1457.96592   52   51 1716.73954 1457.96592  15.1%   6.5 6495s
 256379 144929 1457.96592   53   25 1716.73954 1457.96592  15.1%   6.5 6501s
 256407 144944 1457.96592   54   32 1716.73954 1457.96592  15.1%   6.5 6508s
 256434 144962 1457.96592   55   24 1716.73954 1457.96592  15.1%   6.5 6513s
 256465 144977 1457.96592   56   27 1716.73954 1457.96592  15.1%   6.5 6521s
 256505 144999 1457.96592   58   37 1716.73954 1457.96592  15.1%   6.5 6528s
 256543 145020 1457.96592   59   46 1716.73954 1457.96592  15.1%   6.5 6536s
 256590 145033 1457.96592   61   50 1716.73954 1457.96592  15.1%   6.5 6544s
 256632 145047 1457.96592   63   89 1716.73954 1457.96592  15.1%   6.5 6551s
 256671 145065 1457.96592   64   44 1716.73954 1457.96592  15.1%   6.5 6561s
 256708 145078 1496.66598   65   60 1716.73954 1457.96592  15.1%   6.5 6570s
 256747 145106 1534.37156   66   40 1716.73954 1457.96592  15.1%   6.5 6577s
 256801 145133 1525.10478   67   27 1716.73954 1457.96592  15.1%   6.5 6585s
 256851 145159 1521.01771   69   26 1716.73954 1457.96592  15.1%   6.5 6593s
 256895 145176 1522.95515   72   24 1716.73954 1457.96592  15.1%   6.5 6602s
 256949 145202 1711.18850   75    - 1716.73954 1457.96592  15.1%   6.5 6610s
 257014 145210     cutoff   78      1716.73954 1457.96592  15.1%   6.5 6620s
 257076 145223 1523.27336   83   70 1716.73954 1457.96592  15.1%   6.5 6630s
 257148 145254 1663.12460   88    - 1716.73954 1457.96592  15.1%   6.5 6641s
 257233 145292 1524.08076   95   47 1716.73954 1457.96592  15.1%   6.5 6653s
 257332 145325 1457.96592   48   35 1716.73954 1457.96592  15.1%   6.5 6664s
 257422 145374 1457.96592   50   39 1716.73954 1457.96592  15.1%   6.5 6679s
 257526 145410 1457.96592   53   39 1716.73954 1457.96592  15.1%   6.5 6693s
 257628 145437 1457.96592   59   57 1716.73954 1457.96592  15.1%   6.5 6704s
 257740 145481 1482.73752   71   13 1716.73954 1457.96592  15.1%   6.5 6717s
 257860 145532 1497.57906   72   39 1716.73954 1457.96592  15.1%   6.5 6731s
 257991 145571 1604.42639   84    - 1716.73954 1457.96592  15.1%   6.5 6746s
 258130 145614 1457.96592   54   44 1716.73954 1457.96592  15.1%   6.5 6761s
 258275 145650 1493.22095   60   17 1716.73954 1457.96592  15.1%   6.5 6775s
 258439 145732 1603.98673   60   38 1716.73954 1457.96592  15.1%   6.5 6793s
 258605 145774 1631.83447   74   13 1716.73954 1457.96592  15.1%   6.5 6807s
 258753 145811 1542.50471   76   14 1716.73954 1457.96592  15.1%   6.5 6823s
 258923 145905 1625.36013   77   55 1716.73954 1457.96592  15.1%   6.5 6839s
 259116 146005 1651.03946   92    - 1716.73954 1457.96592  15.1%   6.5 6855s
 259352 146067 1665.49134   92   24 1716.73954 1457.96592  15.1%   6.5 6872s
 259560 146119 1457.96592   56   88 1716.73954 1457.96592  15.1%   6.5 6890s
 259712 146241 1457.96592   67   51 1716.73954 1457.96592  15.1%   6.5 6908s
 259959 146309 1562.77310   74    - 1716.73954 1457.96592  15.1%   6.5 6925s
 260181 146372 1464.85393   88   32 1716.73954 1457.96592  15.1%   6.5 6940s
 260437 146440 1705.21946  105   60 1716.73954 1457.96592  15.1%   6.5 6962s
 260710 146594 1457.96592   56   12 1716.73954 1457.96592  15.1%   6.5 6984s
 261048 146678 1481.43893   83   40 1716.73954 1457.96592  15.1%   6.5 7007s
 261377 146877     cutoff  109      1716.73954 1457.96592  15.1%   6.5 7031s
 261775 147075 1480.45128   71   46 1716.73954 1457.96592  15.1%   6.5 7050s
 262173 147226 1482.58719  104   66 1716.73954 1457.96592  15.1%   6.5 7070s
 262592 147405     cutoff  114      1716.73954 1457.96592  15.1%   6.5 7092s
 263031 147604 1587.23449   64   60 1716.73954 1457.96592  15.1%   6.5 7120s
 263451 147855 1483.18259   55   15 1716.73954 1457.96592  15.1%   6.5 7149s
 263939 148063 1589.05135   70   31 1716.73954 1457.96592  15.1%   6.5 7175s
 264454 148242 1507.29771   54   48 1716.73954 1457.96592  15.1%   6.5 7200s

Cutting planes:
  Gomory: 2
  Flow cover: 1
  RLT: 2
  Lazy constraints: 596

Explored 264927 nodes (1718998 simplex iterations) in 7200.62 seconds
Thread count was 12 (of 12 available processors)

Solution count 5: 1716.74 1719.76 1720.72 ... 1723.08

Time limit reached
Best objective 1.716739539374e+03, best bound 1.457965915910e+03, gap 15.0736%

User-callback calls 1550335, time in user-callback 6.35 sec
/projects/academic/josewalt/caigao/RRARP_BD/BendersDecomp/ret/model_outs/n_22_m_3_algo_2.out
 =====>>>>> Solution is written to file in <../ret/model_outs> !!!
===>> All Done!
