NPROCS=0
This instance is clustered!
Gurobi Optimizer version 9.0.0 build v9.0.0rc2 (linux64)
Optimize a model with 46 rows, 530 columns and 1058 nonzeros
Model fingerprint: 0x4b16b9a5
Variable types: 1 continuous, 529 integer (529 binary)
Coefficient statistics:
  Matrix range     [1e+00, 1e+00]
  Objective range  [1e+00, 5e+02]
  Bounds range     [1e+00, 1e+00]
  RHS range        [1e+00, 1e+00]
Presolve removed 2 rows and 66 columns
Presolve time: 0.00s
Presolved: 44 rows, 464 columns, 926 nonzeros
Variable types: 1 continuous, 463 integer (463 binary)

Root relaxation: objective 7.179009e+02, 33 iterations, 0.00 seconds

    Nodes    |    Current Node    |     Objective Bounds      |     Work
 Expl Unexpl |  Obj  Depth IntInf | Incumbent    BestBd   Gap | It/Node Time

     0     0  737.96265    0    8          -  737.96265      -     -    0s
     0     0  850.22593    0   20          -  850.22593      -     -    0s
     0     2  925.51598    0   12          -  925.51598      -     -    0s
* 1530  1286              91    1536.1367456  992.98442  35.4%   3.8    0s
* 1751  1377             105    1503.7553812  996.69857  33.7%   4.0    0s
H 1804  1315                    1500.4652224  996.69857  33.6%   4.0    0s
H 1808  1251                    1499.9479743 1000.76134  33.3%   4.0    1s
  6260  3083 1290.82080   42    8 1499.94797 1040.58205  30.6%   4.4    5s
 14894  9571 1110.82894   90   10 1499.94797 1071.18173  28.6%   3.9   10s
 18477 12225     cutoff  103      1499.94797 1075.73730  28.3%   4.0   15s
 22666 15181 1114.06434   25    6 1499.94797 1080.37032  28.0%   4.0   20s
 26290 18474 1122.28592   27   26 1499.94797 1082.28811  27.8%   3.9   25s
 28708 20387 1129.97478   82   19 1499.94797 1085.18429  27.7%   3.9   30s
 32470 23146     cutoff  121      1499.94797 1087.46591  27.5%   3.8   35s
 34102 23945 1220.21836   67   20 1499.94797 1088.11058  27.5%   3.8  192s
 34105 23947 1457.32884  116  184 1499.94797 1088.11058  27.5%   3.8  196s
 34107 23948 1292.44151   38  194 1499.94797 1088.11058  27.5%   3.8  201s
 34110 23950 1183.36301   95  197 1499.94797 1088.11058  27.5%   3.8  205s
 34114 23956 1088.11058   25  181 1499.94797 1088.11058  27.5%   3.9  211s
 34120 23964 1088.11058   27  172 1499.94797 1088.11058  27.5%   3.9  215s
 34814 24274 1314.25098   54   33 1499.94797 1088.11058  27.5%   4.0  220s
 36074 24674 1133.81785   49   57 1499.94797 1088.11058  27.5%   4.1  225s
 37633 25265 1147.78502   58   76 1499.94797 1088.11058  27.5%   4.2  230s
 39379 25915 1219.90585   49   96 1499.94797 1088.11058  27.5%   4.3  235s
 40579 26326     cutoff   80      1499.94797 1088.11058  27.5%   4.4  240s
 42250 26956 1197.72132   47   95 1499.94797 1088.11058  27.5%   4.5  246s
 43366 27352     cutoff   64      1499.94797 1088.11058  27.5%   4.6  250s
 45058 27903 1303.00340   41   28 1499.94797 1088.11058  27.5%   4.7  256s
 46321 28300 1119.40218   39   14 1499.94797 1088.11058  27.5%   4.8  260s
 47573 28722 1293.46238   51   79 1499.94797 1088.11058  27.5%   4.9  266s
 48658 29028 1100.07484   38   88 1499.94797 1088.11058  27.5%   4.9  270s
 49993 29406 1242.25480   48  149 1499.94797 1088.11058  27.5%   5.0  275s
 50922 29655 1189.96793   39   15 1499.94797 1088.11058  27.5%   5.1  280s
 51829 29904 1224.70404   46   22 1499.94797 1088.11058  27.5%   5.1  285s
 52895 30131 1292.71945   59   46 1499.94797 1088.11058  27.5%   5.2  290s
 53949 30441 1467.52880   65   58 1499.94797 1088.11058  27.5%   5.3  296s
 55067 30758 1208.07849   52   19 1499.94797 1088.11058  27.5%   5.3  302s
 55569 30869 1164.39618   64   20 1499.94797 1088.11058  27.5%   5.4  305s
 56772 31201 1172.43651   37   10 1499.94797 1088.11058  27.5%   5.4  312s
 57376 31390 1105.50352   44   57 1499.94797 1088.11058  27.5%   5.5  315s
 58530 31694 1207.24501   41  102 1499.94797 1088.11058  27.5%   5.5  323s
 59203 31878 1221.52864   51   52 1499.94797 1088.11058  27.5%   5.6  328s
 59875 32015 1169.92916   39   11 1499.94797 1088.11058  27.5%   5.6  332s
 60456 32132 1172.55492   38    - 1499.94797 1088.71151  27.4%   5.6  337s
 61148 32287 1154.06055   37   15 1499.94797 1089.19455  27.4%   5.7  342s
 61832 32493 1139.09415   45   38 1499.94797 1089.95673  27.3%   5.7  347s
 62546 32666 1194.37284   49   60 1499.94797 1090.33686  27.3%   5.7  353s
 63310 32834 1206.07302   40   15 1499.94797 1091.29668  27.2%   5.8  359s
 63894 32779     cutoff   59      1499.94797 1091.86386  27.2%   5.8  360s
 63945 33071 1132.06656   43   11 1499.94797 1091.88447  27.2%   5.8  366s
 64752 33264     cutoff   54      1499.94797 1092.88870  27.1%   5.8  373s
 65601 33500 1108.36901   48   35 1499.94797 1093.68064  27.1%   5.8  379s
 66455 33720     cutoff   64      1499.94797 1094.17435  27.1%   5.9  387s
 67309 33945 1160.07497   51   15 1499.94797 1095.00909  27.0%   5.9  395s
 68116 34094 1140.27080   36   24 1499.94797 1095.40102  27.0%   5.9  403s
 68908 34262 1170.53908   41   18 1499.94797 1095.86746  26.9%   6.0  412s
 69667 34424 1221.18599   42   47 1499.94797 1096.29809  26.9%   6.0  419s
 70286 34617 1216.05035   60   29 1499.94797 1096.53989  26.9%   6.0  428s
 71087 34813 1252.55601   44   53 1499.94797 1097.21802  26.8%   6.1  439s
 71931 34979     cutoff   61      1499.94797 1098.00924  26.8%   6.1  450s
 72785 35090 1111.31007   39   29 1499.94797 1098.34713  26.8%   6.1  460s
 73418 35320 1186.19894   42   16 1499.94797 1098.65487  26.8%   6.1  470s
 74230 35449 1145.45101   41   21 1499.94797 1098.95114  26.7%   6.2  482s
 75067 35667 1159.49680   46   12 1499.94797 1099.64189  26.7%   6.2  493s
 75940 35830     cutoff   50      1499.94797 1100.04299  26.7%   6.2  506s
 76733 35955 1235.38948   53   45 1499.94797 1100.96332  26.6%   6.3  521s
 77600 36172 1120.50697   43    9 1499.94797 1101.31613  26.6%   6.3  537s
 78498 36411 1135.88202   40   24 1499.94797 1101.77269  26.5%   6.3  552s
 79385 36588 1231.67931   55   64 1499.94797 1102.42477  26.5%   6.4  567s
 80219 36795 1130.62840   34   11 1499.94797 1102.99345  26.5%   6.4  581s
 81087 37004 1132.36117   35   12 1499.94797 1103.31570  26.4%   6.4  596s
 81955 37220 1148.50007   36   34 1499.94797 1103.71327  26.4%   6.4  609s
 82105 37218 1258.69802   52   21 1499.94797 1103.74027  26.4%   6.4  610s
 82831 37365 1173.97806   38    7 1499.94797 1104.00483  26.4%   6.5  624s
 83438 37541 1163.41522   45   64 1499.94797 1104.20737  26.4%   6.5  640s
 84334 37829 1273.51734   54   53 1499.94797 1104.70343  26.4%   6.5  657s
 85261 38007 1239.84867   39   35 1499.94797 1105.03674  26.3%   6.5  674s
 86129 38225 1148.49596   49    - 1499.94797 1105.48235  26.3%   6.5  692s
 87063 38411 1194.26413   41   14 1499.94797 1105.52100  26.3%   6.6  711s
 87964 38664 1233.79430   42   28 1499.94797 1106.22902  26.2%   6.6  729s
 88874 38836 1286.90163   48   66 1499.94797 1106.52052  26.2%   6.6  749s
 89792 39061 1291.47632   41   11 1499.94797 1106.98330  26.2%   6.6  771s
 90712 39232 1146.91747   45   18 1499.94797 1107.35462  26.2%   6.7  792s
 91596 39498 1151.53399   35   14 1499.94797 1107.65372  26.2%   6.7  814s
 92568 39670 1186.73103   41   91 1499.94797 1107.99928  26.1%   6.7  835s
 93511 39878 1151.20162   48   42 1499.94797 1108.36502  26.1%   6.7  857s
 94450 40094 1130.75250   44   45 1499.94797 1108.78093  26.1%   6.8  876s
 95228 40289 1481.61618   58   78 1499.94797 1109.13952  26.1%   6.8  897s
 96162 40499 1163.27897   55  137 1499.94797 1109.57383  26.0%   6.8  924s
 97147 40759     cutoff   63      1499.94797 1109.96957  26.0%   6.8  948s
 98162 40914 1197.15604   43   28 1499.94797 1110.39822  26.0%   6.8  975s
 99141 41121 1134.53402   47    9 1499.94797 1110.72368  25.9%   6.8 1003s
 100095 41245 1211.18078   44  104 1499.94797 1110.99474  25.9%   6.9 1028s
 100683 41369 1303.20456   49    9 1499.94797 1111.24353  25.9%   6.9 1065s
 101597 41554 1182.64042   40   24 1499.94797 1111.48956  25.9%   6.9 1097s
 102581 41784 1299.76949   57   92 1499.94797 1111.99001  25.9%   6.9 1127s
 103584 42002 1208.30607   45   82 1499.94797 1112.27905  25.8%   6.9 1156s
 104574 42177 1128.58046   38   72 1499.94797 1112.54879  25.8%   7.0 1189s
 105590 42395 1147.55158   52   11 1499.94797 1113.12779  25.8%   7.0 1224s
 106555 42825 1315.80453   57  114 1499.94797 1113.41245  25.8%   7.0 1256s
 107549 43370 1150.36785   52   61 1499.94797 1113.70891  25.8%   7.0 1287s
 108532 43868 1143.27421   47   38 1499.94797 1114.01826  25.7%   7.0 1319s
 109491 44412 1261.61729   56   27 1499.94797 1114.15563  25.7%   7.1 1351s
 110514 44868 1138.65067   52   47 1499.94797 1114.65414  25.7%   7.1 1384s
 111537 45413 1145.44766   40    9 1499.94797 1115.14199  25.7%   7.1 1418s
 112554 45896 1256.59098   45   44 1499.94797 1115.41086  25.6%   7.1 1454s
 113520 46481 1133.29030   37   26 1499.94797 1115.92522  25.6%   7.1 1490s
 114510 46994 1196.00418   44   35 1499.94797 1116.21709  25.6%   7.2 1530s
 115528 47544 1295.44385   53   69 1499.94797 1116.51374  25.6%   7.2 1571s
 116536 48121 1172.50077   43   50 1499.94797 1116.82991  25.5%   7.2 1614s
 117129 48320 1287.75323   64   66 1499.94797 1116.93970  25.5%   7.2 1615s
 117556 48666 1220.77600   44   53 1499.94797 1117.22075  25.5%   7.2 1656s
 118605 49178 1230.19313   44   56 1499.94797 1117.39963  25.5%   7.2 1695s
 119562 49678 1185.94869   50   64 1499.94797 1117.64506  25.5%   7.2 1732s
 120483 50116 1148.31307   45   82 1499.94797 1118.00366  25.5%   7.2 1773s
 121506 50628     cutoff   52      1499.94797 1118.15811  25.5%   7.3 1809s
 122419 51154     cutoff   52      1499.94797 1118.51218  25.4%   7.3 1851s
 123472 51718 1232.88878   52   72 1499.94797 1118.73750  25.4%   7.3 1891s
 124482 52258 1242.39438   44   16 1499.94797 1118.97744  25.4%   7.3 1933s
 125539 52809 1202.62663   41   20 1499.94797 1119.21086  25.4%   7.3 1976s
 126585 53300 1198.91877   59    - 1499.94797 1119.45981  25.4%   7.3 2023s
 127611 53796 1402.21118   59   27 1499.94797 1119.64134  25.4%   7.3 2073s
 128657 54332 1194.66407   60   59 1499.94797 1120.02413  25.3%   7.3 2117s
 129750 54956 1267.39500   45   45 1499.94797 1120.02413  25.3%   7.4 2162s
 130845 55501 1282.21331   54   40 1499.94797 1120.69132  25.3%   7.4 2212s
 131881 56017 1300.66201   52   22 1499.94797 1120.94524  25.3%   7.4 2262s
 132899 56529 1165.41652   50   11 1499.94797 1121.19946  25.3%   7.4 2314s
 133903 57091 1185.45090   51   20 1499.94797 1121.41282  25.2%   7.4 2365s
 134942 57652 1301.37185   48   24 1499.94797 1121.62583  25.2%   7.4 2416s
 136008 58214 1210.81011   50   25 1499.94797 1121.79039  25.2%   7.4 2468s
 137058 58701 1175.36247   53   11 1499.94797 1122.07435  25.2%   7.5 2518s
 137940 59207 1177.37215   47   15 1499.94797 1122.36406  25.2%   7.5 2573s
 139014 59721 1180.40041   52  104 1499.94797 1122.68791  25.2%   7.5 2623s
 140005 60244 1129.77707   38   25 1499.94797 1122.88979  25.1%   7.5 2677s
 141019 60752 1143.84256   38   84 1499.94797 1123.17220  25.1%   7.5 2732s
 142099 61297 1216.19893   46   17 1499.94797 1123.35536  25.1%   7.5 2791s
 143134 61837 1152.28847   43    9 1499.94797 1123.56970  25.1%   7.5 2848s
 144187 62428 1189.99584   60   18 1499.94797 1123.90359  25.1%   7.6 2905s
 145267 62904 1249.41159   62   17 1499.94797 1124.10527  25.1%   7.6 2960s
 146293 63486 1252.44402   45   38 1499.94797 1124.36928  25.0%   7.6 3018s
 147334 64028 1160.88613   42  114 1499.94797 1124.61234  25.0%   7.6 3078s
 148397 64601 1161.77507   41   60 1499.94797 1124.76853  25.0%   7.6 3138s
 149478 65151 1174.97691   37   12 1499.94797 1125.19774  25.0%   7.6 3222s
 150508 65645 1162.57129   50   47 1499.94797 1125.42512  25.0%   7.6 3287s
 151553 66250 1210.95763   52   41 1499.94797 1125.69334  25.0%   7.7 3351s
 152628 66787 1202.24462   53   17 1499.94797 1125.91959  24.9%   7.7 3426s
 153701 67302     cutoff   47      1499.94797 1126.16203  24.9%   7.7 3494s
 154697 67875 1490.88358   52    - 1499.94797 1126.28146  24.9%   7.7 3559s
 155804 68397     cutoff   52      1499.94797 1126.43864  24.9%   7.7 3629s
 156889 68945 1210.36941   43   31 1499.94797 1126.73216  24.9%   7.7 3704s
 157787 69256 1188.50658   49   42 1499.94797 1126.86317  24.9%   7.7 3705s
 157952 69518     cutoff   55      1499.94797 1127.03226  24.9%   7.7 3777s
 159033 70103     cutoff   57      1499.94797 1127.25875  24.8%   7.7 3850s
 160112 70678 1254.37308   56   19 1499.94797 1127.36999  24.8%   7.8 3928s
 161180 71128 1153.64926   41   51 1499.94797 1127.71853  24.8%   7.8 3997s
 162253 71671 1400.21263   48   64 1499.94797 1127.83129  24.8%   7.8 4069s
 163305 72232     cutoff   62      1499.94797 1128.12845  24.8%   7.8 4140s
 164372 72809     cutoff   55      1499.94797 1128.33516  24.8%   7.8 4214s
 165502 73288 1208.93103   42   33 1499.94797 1128.60417  24.8%   7.8 4312s
 166527 73854 1227.12511   44    9 1499.94797 1128.63220  24.8%   7.8 4390s
 167552 74383 1137.59850   40    7 1499.94797 1128.96184  24.7%   7.8 4476s
 168673 74884 1180.25974   50    9 1499.94797 1129.13914  24.7%   7.9 4561s
 169745 75412     cutoff   55      1499.94797 1129.29584  24.7%   7.9 4643s
 170816 76040 1138.76132   45    - 1499.94797 1129.56630  24.7%   7.9 4729s
 171927 76615 1143.46855   45   18 1499.94797 1129.79245  24.7%   7.9 4806s
 173018 77130 1153.72368   40    9 1499.94797 1129.98025  24.7%   7.9 4886s
 174108 77704 1180.48384   41   25 1499.94797 1130.23176  24.6%   7.9 4975s
 175220 78279 1170.20242   35   24 1499.94797 1130.45931  24.6%   7.9 5069s
 176334 78876     cutoff   52      1499.94797 1130.62261  24.6%   7.9 5159s
 177426 79417     cutoff   56      1499.94797 1130.81777  24.6%   7.9 5255s
 178514 80008     cutoff   57      1499.94797 1131.02418  24.6%   8.0 5341s
 179576 80535 1168.33126   43   30 1499.94797 1131.26543  24.6%   8.0 5431s
 180582 81080 1215.09491   51   44 1499.94797 1131.28924  24.6%   8.0 5535s
 181685 81715 1194.63895   46   56 1499.94797 1131.58108  24.6%   8.0 5643s
 182783 82214 1173.86818   47   50 1499.94797 1131.86948  24.5%   8.0 5737s
 183902 82821 1247.03529   48   36 1499.94797 1132.01961  24.5%   8.0 5858s
 185024 83393 1142.87223   43   21 1499.94797 1132.22258  24.5%   8.0 5958s
 186110 83970 1195.97717   48   65 1499.94797 1132.41167  24.5%   8.0 6055s
 187273 84596 1181.93023   40   17 1499.94797 1132.50594  24.5%   8.0 6157s
 188410 85177 1219.86181   43   45 1499.94797 1132.81504  24.5%   8.0 6254s
 189150 85414     cutoff   60      1499.94797 1132.86392  24.5%   8.0 6255s
 189505 85706 1195.55940   45   24 1499.94797 1133.00137  24.5%   8.0 6350s
 190580 86287 1193.64992   53   32 1499.94797 1133.27468  24.4%   8.1 6478s
 191657 86859     cutoff   53      1499.94797 1133.43166  24.4%   8.1 6583s
 192787 87361     cutoff   56      1499.94797 1133.62285  24.4%   8.1 6682s
 193847 87711 1162.12557   61   20 1499.94797 1133.77013  24.4%   8.1 6751s
 193849 87712 1163.52465   44  118 1499.94797 1133.77013  24.4%   8.1 6778s
 193850 87713 1211.79635   42  141 1499.94797 1133.77013  24.4%   8.1 6801s
 193852 87714 1205.48182   53  197 1499.94797 1133.77013  24.4%   8.1 6806s
 193853 87715 1251.87740   56  178 1499.94797 1133.77013  24.4%   8.1 6835s
 193854 87716 1211.48013   58  171 1499.94797 1133.77013  24.4%   8.1 6851s
 193855 87716 1296.10808   50  171 1499.94797 1133.77013  24.4%   8.1 6857s
 193856 87720 1133.77013   40  170 1499.94797 1133.77013  24.4%   8.1 6948s
 193858 87723 1133.77013   41  158 1499.94797 1133.77013  24.4%   8.1 6991s
 193862 87730 1133.77013   42   51 1499.94797 1133.77013  24.4%   8.1 7055s
 193870 87739 1133.77013   43  157 1499.94797 1133.77013  24.4%   8.1 7097s
 193882 87747 1133.77013   44  154 1499.94797 1133.77013  24.4%   8.1 7109s
 193894 87755 1133.77013   44  147 1499.94797 1133.77013  24.4%   8.1 7117s
 193906 87761 1133.77013   45  155 1499.94797 1133.77013  24.4%   8.1 7127s
 193918 87776 1133.77013   45   32 1499.94797 1133.77013  24.4%   8.1 7136s
 193936 87787 1133.77013   46  152 1499.94797 1133.77013  24.4%   8.1 7143s
 193955 87798 1133.77013   47  154 1499.94797 1133.77013  24.4%   8.1 7150s
 193975 87809 1188.78013   47  116 1499.94797 1133.77013  24.4%   8.1 7156s
 193995 87825 1133.77013   48  118 1499.94797 1133.77013  24.4%   8.1 7162s
 194019 87840 1133.77013   48   44 1499.94797 1133.77013  24.4%   8.1 7170s
 194046 87859 1151.91750   49   61 1499.94797 1133.77013  24.4%   8.1 7178s
 194081 87876 1133.77013   50   44 1499.94797 1133.77013  24.4%   8.1 7185s
 194117 87895 1133.77013   52   48 1499.94797 1133.77013  24.4%   8.1 7193s
 194158 87905 1136.06085   54   55 1499.94797 1133.77013  24.4%   8.1 7200s

Cutting planes:
  Gomory: 5
  MIR: 1
  Flow cover: 1
  Zero half: 1
  RLT: 1
  Lazy constraints: 41

Explored 194196 nodes (1570867 simplex iterations) in 7200.08 seconds
Thread count was 12 (of 12 available processors)

Solution count 4: 1499.95 1500.47 1503.76 1536.14 

Time limit reached
Best objective 1.499947974288e+03, best bound 1.133770131080e+03, gap 24.4127%

User-callback calls 1281978, time in user-callback 6.22 sec
/projects/academic/josewalt/caigao/RRARP_BD/BendersDecomp/ret/model_outs/n_21_h_10_algo_2.out
 =====>>>>> Solution is written to file in <../ret/model_outs> !!!
===>> All Done!
