NPROCS=0
This instance is clustered!
Gurobi Optimizer version 9.0.0 build v9.0.0rc2 (linux64)
Optimize a model with 22 rows, 122 columns and 242 nonzeros
Model fingerprint: 0xb9031170
Variable types: 1 continuous, 121 integer (121 binary)
Coefficient statistics:
  Matrix range     [1e+00, 1e+00]
  Objective range  [1e+00, 7e+01]
  Bounds range     [1e+00, 1e+00]
  RHS range        [1e+00, 1e+00]
Presolve removed 2 rows and 30 columns
Presolve time: 0.00s
Presolved: 20 rows, 92 columns, 182 nonzeros
Variable types: 1 continuous, 91 integer (91 binary)

Root relaxation: objective 9.112714e+01, 16 iterations, 0.00 seconds

    Nodes    |    Current Node    |     Objective Bounds      |     Work
 Expl Unexpl |  Obj  Depth IntInf | Incumbent    BestBd   Gap | It/Node Time

     0     0  149.63243    0   12          -  149.63243      -     -    0s
     0     0  174.39421    0    6          -  174.39421      -     -    0s
     0     0  174.39421    0    6          -  174.39421      -     -    0s
H    0     0                     185.7075982  174.39421  6.09%     -    0s
     0     0  174.44833    0   10  185.70760  174.44833  6.06%     -    0s
     0     0  175.04616    0    7  185.70760  175.04616  5.74%     -    0s
     0     0  175.32818    0    7  185.70760  175.32818  5.59%     -    0s
     0     0  175.82925    0   14  185.70760  175.82925  5.32%     -    0s
     0     0  175.82925    0   14  185.70760  175.82925  5.32%     -    0s
     0     2  176.36735    0   14  185.70760  176.36735  5.03%     -    0s

Cutting planes:
  Gomory: 3
  Zero half: 3
  Lazy constraints: 29

Explored 57 nodes (257 simplex iterations) in 0.07 seconds
Thread count was 12 (of 12 available processors)

Solution count 1: 185.708 

Optimal solution found (tolerance 1.00e-04)
Best objective 1.857075982264e+02, best bound 1.857075982264e+02, gap 0.0000%

User-callback calls 265, time in user-callback 0.00 sec
/projects/academic/josewalt/caigao/RRARP_BD/BendersDecomp/ret/model_outs/n_9_e_6_algo_2.out
 =====>>>>> Solution is written to file in <../ret/model_outs> !!!
===>> All Done!
