NPROCS=0
This instance is clustered!
Gurobi Optimizer version 9.0.0 build v9.0.0rc2 (linux64)
Optimize a model with 30 rows, 226 columns and 450 nonzeros
Model fingerprint: 0xeb7cd2b1
Variable types: 1 continuous, 225 integer (225 binary)
Coefficient statistics:
  Matrix range     [1e+00, 1e+00]
  Objective range  [1e+00, 2e+02]
  Bounds range     [1e+00, 1e+00]
  RHS range        [1e+00, 1e+00]
Presolve removed 2 rows and 42 columns
Presolve time: 0.00s
Presolved: 28 rows, 184 columns, 366 nonzeros
Variable types: 1 continuous, 183 integer (183 binary)

Root relaxation: objective 3.563838e+02, 26 iterations, 0.00 seconds

    Nodes    |    Current Node    |     Objective Bounds      |     Work
 Expl Unexpl |  Obj  Depth IntInf | Incumbent    BestBd   Gap | It/Node Time

     0     0  455.48987    0   22          -  455.48987      -     -    0s
H    0     0                     585.6508883  455.48987  22.2%     -    0s
     0     0  469.41819    0   29  585.65089  469.41819  19.8%     -    0s
H    0     0                     517.8924054  469.41819  9.36%     -    0s
     0     0  469.41819    0   29  517.89241  469.41819  9.36%     -    0s
     0     0  474.60313    0   32  517.89241  474.60313  8.36%     -    0s
     0     0  474.60313    0   29  517.89241  474.60313  8.36%     -    0s
     0     0  474.60313    0   31  517.89241  474.60313  8.36%     -    0s
     0     0  474.60313    0   31  517.89241  474.60313  8.36%     -    0s
     0     0  474.60313    0   34  517.89241  474.60313  8.36%     -    0s
     0     0  474.60313    0   26  517.89241  474.60313  8.36%     -    0s
     0     0  474.60313    0   33  517.89241  474.60313  8.36%     -    0s
     0     0  474.60313    0   35  517.89241  474.60313  8.36%     -    0s
     0     0  474.60313    0   30  517.89241  474.60313  8.36%     -    0s
     0     2  474.60313    0   30  517.89241  474.60313  8.36%     -    0s

Cutting planes:
  Gomory: 2
  MIR: 1
  Zero half: 4
  Lazy constraints: 17

Explored 114 nodes (778 simplex iterations) in 0.13 seconds
Thread count was 12 (of 12 available processors)

Solution count 2: 517.892 585.651 

Optimal solution found (tolerance 1.00e-04)
Best objective 5.178924053633e+02, best bound 5.178924053633e+02, gap 0.0000%

User-callback calls 439, time in user-callback 0.00 sec
/projects/academic/josewalt/caigao/RRARP_BD/BendersDecomp/ret/model_outs/n_13_e_5_algo_3.out
 =====>>>>> Solution is written to file in <../ret/model_outs> !!!
===>> All Done!
