NPROCS=0
This instance is clustered!
Gurobi Optimizer version 9.0.0 build v9.0.0rc2 (linux64)
Optimize a model with 26 rows, 170 columns and 338 nonzeros
Model fingerprint: 0x18a99ba7
Variable types: 1 continuous, 169 integer (169 binary)
Coefficient statistics:
  Matrix range     [1e+00, 1e+00]
  Objective range  [1e+00, 1e+02]
  Bounds range     [1e+00, 1e+00]
  RHS range        [1e+00, 1e+00]
 done with super cut 0
Presolve removed 2 rows and 36 columns
Presolve time: 0.00s
Presolved: 24 rows, 134 columns, 266 nonzeros
Variable types: 1 continuous, 133 integer (133 binary)

Root relaxation: objective 2.308345e+02, 17 iterations, 0.00 seconds
 done with super cut 1

    Nodes    |    Current Node    |     Objective Bounds      |     Work
 Expl Unexpl |  Obj  Depth IntInf | Incumbent    BestBd   Gap | It/Node Time

     0     0  256.73528    0   22          -  256.73528      -     -    0s
 done with super cut 2
 done with super cut 3
H    0     0                     316.1163599  256.73528  18.8%     -    0s
 done with super cut 4
     0     0  257.43045    0   23  316.11636  257.43045  18.6%     -    0s
 done with super cut 5
 done with super cut 6
H    0     0                     305.9589964  257.43045  15.9%     -    0s
     0     0  258.42112    0   24  305.95900  258.42112  15.5%     -    0s
     0     0  258.42112    0   24  305.95900  258.42112  15.5%     -    0s
 done with super cut 7
     0     0  269.14546    0   22  305.95900  269.14546  12.0%     -    0s
 done with super cut 8
     0     0  275.01856    0   28  305.95900  275.01856  10.1%     -    0s
 done with super cut 9
     0     0  276.01698    0   28  305.95900  276.01698  9.79%     -    0s
     0     0  276.05840    0   29  305.95900  276.05840  9.77%     -    0s
     0     0  276.09274    0   29  305.95900  276.09274  9.76%     -    0s
     0     0  276.68745    0   27  305.95900  276.68745  9.57%     -    0s
     0     0  276.76785    0   30  305.95900  276.76785  9.54%     -    0s
     0     0  277.60728    0   20  305.95900  277.60728  9.27%     -    0s
 done with super cut 10
H    0     0                     305.5558042  277.60728  9.15%     -    1s
     0     0  279.16453    0   28  305.55580  279.16453  8.64%     -    1s
     0     0  279.24407    0   31  305.55580  279.24407  8.61%     -    1s
     0     0  279.25667    0   32  305.55580  279.25667  8.61%     -    1s
     0     0  279.25667    0   32  305.55580  279.25667  8.61%     -    1s
     0     2  283.87155    0   32  305.55580  283.87155  7.10%     -    1s

Cutting planes:
  Gomory: 2
  Zero half: 7
  RLT: 1
  Lazy constraints: 20

Explored 85 nodes (678 simplex iterations) in 1.35 seconds
Thread count was 12 (of 12 available processors)

Solution count 3: 305.556 305.959 316.116 

Optimal solution found (tolerance 1.00e-04)
Best objective 3.055558041659e+02, best bound 3.055558041659e+02, gap 0.0000%

User-callback calls 357, time in user-callback 1.28 sec
/projects/academic/josewalt/caigao/RRARP_BD/BendersDecomp/ret/model_outs/n_11_m_2_algo_4.out
 =====>>>>> Solution is written to file in <../ret/model_outs> !!!
===>> All Done!
