NPROCS=0
This instance is clustered!
Gurobi Optimizer version 9.0.0 build v9.0.0rc2 (linux64)
Optimize a model with 30 rows, 226 columns and 450 nonzeros
Model fingerprint: 0x43f1c992
Variable types: 1 continuous, 225 integer (225 binary)
Coefficient statistics:
  Matrix range     [1e+00, 1e+00]
  Objective range  [1e+00, 2e+02]
  Bounds range     [1e+00, 1e+00]
  RHS range        [1e+00, 1e+00]
 done with super cut 0
Presolve removed 2 rows and 42 columns
Presolve time: 0.00s
Presolved: 28 rows, 184 columns, 366 nonzeros
Variable types: 1 continuous, 183 integer (183 binary)

Root relaxation: objective 3.391651e+02, 27 iterations, 0.00 seconds

    Nodes    |    Current Node    |     Objective Bounds      |     Work
 Expl Unexpl |  Obj  Depth IntInf | Incumbent    BestBd   Gap | It/Node Time

     0     0  379.58980    0   22          -  379.58980      -     -    0s
 done with super cut 1
 done with super cut 2
H    0     0                     905.8244163  379.58980  58.1%     -    0s
 done with super cut 3
     0     0  441.83431    0   12  905.82442  441.83431  51.2%     -    1s
     0     0  448.32998    0   28  905.82442  448.32998  50.5%     -    1s
     0     0  448.32998    0   28  905.82442  448.32998  50.5%     -    1s
 done with super cut 4
 done with super cut 5
 done with super cut 6
 done with super cut 7
 done with super cut 8
H    0     0                     728.2668160  448.32998  38.4%     -    4s
 done with super cut 9
 done with super cut 10
H    0     0                     530.6824432  448.32998  15.5%     -    6s
H    0     2                     521.1238862  448.32998  14.0%     -    6s
     0     2  449.37766    0   35  521.12389  449.37766  13.8%     -    6s

Cutting planes:
  Gomory: 1
  Lazy constraints: 88

Explored 1115 nodes (7332 simplex iterations) in 6.60 seconds
Thread count was 12 (of 12 available processors)

Solution count 4: 521.124 530.682 728.267 905.824 

Optimal solution found (tolerance 1.00e-04)
Best objective 5.211238861923e+02, best bound 5.211238861923e+02, gap 0.0000%

User-callback calls 2483, time in user-callback 6.44 sec
/projects/academic/josewalt/caigao/RRARP_BD/BendersDecomp/ret/model_outs/n_13_m_10_algo_4.out
 =====>>>>> Solution is written to file in <../ret/model_outs> !!!
===>> All Done!
