NPROCS=0
This instance is clustered!
Gurobi Optimizer version 9.0.0 build v9.0.0rc2 (linux64)
Optimize a model with 54 rows, 730 columns and 1458 nonzeros
Model fingerprint: 0x455dadd4
Variable types: 1 continuous, 729 integer (729 binary)
Coefficient statistics:
  Matrix range     [1e+00, 1e+00]
  Objective range  [1e+00, 8e+02]
  Bounds range     [1e+00, 1e+00]
  RHS range        [1e+00, 1e+00]
Presolve removed 2 rows and 78 columns
Presolve time: 0.01s
Presolved: 52 rows, 652 columns, 1302 nonzeros
Variable types: 1 continuous, 651 integer (651 binary)

Root relaxation: objective 2.064099e+03, 52 iterations, 0.00 seconds

    Nodes    |    Current Node    |     Objective Bounds      |     Work
 Expl Unexpl |  Obj  Depth IntInf | Incumbent    BestBd   Gap | It/Node Time

     0     0 2093.48738    0   12          - 2093.48738      -     -    0s
     0     0 2356.20543    0    8          - 2356.20543      -     -    0s
 done with super cut 0
     0     2 2427.69628    0   20          - 2427.69628      -     -    1s
 done with super cut 1
 done with super cut 2
 done with super cut 3
 done with super cut 4
 done with super cut 5
 done with super cut 6
 done with super cut 7
 done with super cut 8
    85    94 2520.01321    8   39          - 2434.21479      -   8.6   36s
 done with super cut 9
 done with super cut 10
   205   207 2581.37932   16   10          - 2434.21479      -   8.9   48s
  1932  1590 2703.69226   28   73          - 2461.97609      -   7.2   50s
H 1936  1513                    2988.0398920 2461.97609  17.6%   7.2   50s
* 2798  1860              62    2933.1490727 2469.01870  15.8%   8.3   52s
* 2890  1730              68    2872.8614698 2469.01870  14.1%   8.2   52s
  8101  4048     cutoff   46      2872.86147 2560.42338  10.9%   7.9   55s
H 9041  4277                    2838.0297295 2564.48056  9.64%   7.8   55s
 19705 10570 2690.45716   33   26 2838.02973 2600.45911  8.37%   8.1   60s
 27783 15028     cutoff  119      2838.02973 2613.25352  7.92%   8.1   65s
 36015 19175     cutoff   61      2838.02973 2624.01596  7.54%   8.2   70s
 43371 22547 2706.74856   58   36 2838.02973 2631.63434  7.27%   8.2   77s
 45915 23828     cutoff   45      2838.02973 2634.61232  7.17%   8.3   80s
 52137 26997 2764.00995   52   20 2838.02973 2640.12691  6.97%   8.4   85s
 58233 29899     cutoff   31      2838.02973 2645.24680  6.79%   8.4   90s
 63562 32005     cutoff   44      2838.02973 2649.56171  6.64%   8.5   95s
 68748 34375 2762.74004   43   28 2838.02973 2652.74758  6.53%   8.5  100s
 74444 36819 2692.90841   27   22 2838.02973 2656.69412  6.39%   8.5  105s
 79945 39314     cutoff   74      2838.02973 2659.85284  6.28%   8.6  110s
 85301 41218 2707.05665   48   30 2838.02973 2662.99297  6.17%   8.6  115s
 90806 43423 2704.45431   32   39 2838.02973 2665.97838  6.06%   8.7  120s
 95256 45277 2833.17676   47   15 2838.02973 2668.19407  5.98%   8.7  125s
 100707 47364 2830.31556   54   11 2838.02973 2670.87473  5.89%   8.8  130s
 105431 49047 2797.28481   57   21 2838.02973 2673.37749  5.80%   8.8  135s
H105996 48879                    2836.6972491 2673.42868  5.76%   8.8  135s
 106553 49155 infeasible   48      2836.69725 2673.95309  5.74%   8.8  140s
 110821 50717     cutoff   50      2836.69725 2675.95220  5.67%   8.8  145s
 115496 52468 2758.13120   44   11 2836.69725 2678.15882  5.59%   8.9  150s
 120239 53879     cutoff   46      2836.69725 2680.28213  5.51%   8.9  159s
 120261 54248 2729.93728   37   24 2836.69725 2680.28213  5.51%   8.9  161s
 123765 55509 2823.25163   55    6 2836.69725 2681.93835  5.46%   8.9  166s
 127190 56630 infeasible   60      2836.69725 2683.32076  5.41%   8.9  170s
 130492 57731     cutoff   45      2836.69725 2684.62204  5.36%   8.9  176s
 134069 58692     cutoff   45      2836.69725 2685.92251  5.32%   9.0  180s
 137553 59829     cutoff   31      2836.69725 2687.33659  5.27%   9.0  185s
 140934 60853     cutoff   29      2836.69725 2688.71063  5.22%   9.0  190s
 144498 62059     cutoff   68      2836.69725 2689.89862  5.17%   9.0  195s
 147961 63159     cutoff   43      2836.69725 2691.18821  5.13%   9.0  200s
 151540 64100     cutoff   52      2836.69725 2692.30944  5.09%   9.0  206s
H152672 63324                    2831.1063431 2692.65976  4.89%   9.0  208s
 153751 63338 2765.06648   40   14 2831.10634 2692.92891  4.88%   9.1  212s
 154991 63897 2795.75969   67   26 2831.10634 2693.50672  4.86%   9.1  216s
 157287 64489 2802.14670   80    6 2831.10634 2694.36535  4.83%   9.1  220s
 160981 65609 2825.30160   34    - 2831.10634 2695.70056  4.78%   9.1  226s
 164449 66336     cutoff   51      2831.10634 2696.78054  4.74%   9.1  231s
 166684 67079     cutoff   51      2831.10634 2697.62069  4.71%   9.1  235s
 170462 67964     cutoff   71      2831.10634 2698.93583  4.67%   9.1  241s
 173883 68733 2812.27050   73   12 2831.10634 2700.11144  4.63%   9.2  246s
 176260 69370 2778.41379   50   29 2831.10634 2701.02862  4.59%   9.2  250s
 179971 70251     cutoff   41      2831.10634 2702.00988  4.56%   9.2  256s
 182484 70871     cutoff   55      2831.10634 2702.87553  4.53%   9.2  260s
 186163 71770 2757.23104   60   30 2831.10634 2703.96737  4.49%   9.2  265s
 189919 72728 2826.52141   64    8 2831.10634 2705.04913  4.45%   9.2  270s
 191110 72752 2746.08305   52    8 2831.10634 2705.58275  4.43%   9.2  576s
 191113 72754 2785.59524   35   64 2831.10634 2705.58275  4.43%   9.2  581s
 191117 72757 2827.66768   32   73 2831.10634 2705.58275  4.43%   9.2  586s
 191120 72759 2766.96858   54   72 2831.10634 2705.58275  4.43%   9.2  591s
 191122 72760 2824.65644   44   76 2831.10634 2705.58275  4.43%   9.2  595s
H191124 69122                    2825.6456852 2705.58275  4.25%   9.2  604s
 191125 69123 2744.79239   46   80 2825.64569 2705.58275  4.25%   9.2  608s
 191126 69124 2781.74184   44   80 2825.64569 2705.58275  4.25%   9.2  610s
 191130 69131 2705.58275   26   52 2825.64569 2705.58275  4.25%   9.3  616s
 191154 69154 2705.58275   29   41 2825.64569 2705.58275  4.25%   9.3  620s
 191455 69275 2705.58275   43   34 2825.64569 2705.58275  4.25%   9.3  625s
 192074 69422 2705.58275   79   25 2825.64569 2705.58275  4.25%   9.3  630s
 193254 69700 2771.38552   80   16 2825.64569 2705.58275  4.25%   9.3  635s
 194486 70002     cutoff   97      2825.64569 2705.58275  4.25%   9.3  640s
 195720 70153 2818.60260   52   22 2825.64569 2705.58275  4.25%   9.3  646s
 196582 70488 2785.30214   38   32 2825.64569 2705.58275  4.25%   9.3  664s
 196900 70669 2705.58275   42   33 2825.64569 2705.58275  4.25%   9.3  665s
 199276 71394 2778.89260   44   19 2825.64569 2705.58275  4.25%   9.3  671s
 201523 71997 2705.58275   56   44 2825.64569 2705.58275  4.25%   9.3  676s
 203283 72208 2721.57763   68   46 2825.64569 2705.58275  4.25%   9.3  681s
 204315 72045 2818.99040   57   18 2825.64569 2705.58275  4.25%   9.3  688s
 204635 72269 2765.91737   51   29 2825.64569 2705.58275  4.25%   9.3  690s
 206191 73006 infeasible   52      2825.64569 2705.58275  4.25%   9.3  695s
 208629 73373 2789.36535   57   23 2825.64569 2705.58275  4.25%   9.3  700s
 211711 73937     cutoff   53      2825.64569 2705.58275  4.25%   9.3  706s
 213829 74388 2803.25603   50   49 2825.64569 2705.58275  4.25%   9.3  710s
 217032 74737 2711.83348   45   47 2825.64569 2705.58275  4.25%   9.3  717s
 219558 75145 infeasible   53      2825.64569 2705.58275  4.25%   9.3  722s
 221762 75440     cutoff   57      2825.64569 2705.58275  4.25%   9.3  726s
 224427 75475 2800.60388   63   26 2825.64569 2705.58275  4.25%   9.3  731s
 225653 75090 2787.88961   58   15 2825.64569 2705.58275  4.25%   9.3  737s
 226708 75746     cutoff   60      2825.64569 2705.58275  4.25%   9.4  741s
 229305 75809     cutoff   50      2825.64569 2705.58275  4.25%   9.4  746s
 231995 75998 2705.58275   51   26 2825.64569 2705.58275  4.25%   9.4  751s
 234548 76056 2825.27317   84    - 2825.64569 2705.58275  4.25%   9.4  757s
 236759 76206     cutoff   64      2825.64569 2705.58275  4.25%   9.4  762s
 239446 76361 2823.07009   49   10 2825.64569 2705.58275  4.25%   9.4  767s
 241592 76544 2737.38530   60   37 2825.64569 2705.58275  4.25%   9.4  772s
 244104 76713 2804.30306   49   34 2825.64569 2705.58275  4.25%   9.4  777s
 246561 76671     cutoff   63      2825.64569 2705.58275  4.25%   9.4  782s
 249065 76617 2720.70935   37   42 2825.64569 2705.58275  4.25%   9.4  786s
 251454 76540 infeasible   69      2825.64569 2705.58275  4.25%   9.4  790s
 253744 76692     cutoff   42      2825.64569 2705.58275  4.25%   9.4  795s
 256931 76465 2761.07014   39   46 2825.64569 2705.58275  4.25%   9.4  801s
 258967 76441 2794.92613   59   45 2825.64569 2705.58275  4.25%   9.4  807s
 261236 76640 2753.49162   56   30 2825.64569 2705.58275  4.25%   9.4  812s
 264070 76639 2803.61551   52   28 2825.64569 2705.58275  4.25%   9.4  817s
 266295 76558 2775.43129   49   14 2825.64569 2705.58275  4.25%   9.4  821s
 268981 76453 2767.78885   39   45 2825.64569 2705.58275  4.25%   9.4  826s
 271037 76358 2739.74600   55   19 2825.64569 2705.58275  4.25%   9.4  831s
 273668 76001     cutoff   52      2825.64569 2705.58275  4.25%   9.5  837s
 275510 75945     cutoff   55      2825.64569 2705.58275  4.25%   9.5  842s
 278248 75668 2789.35801   73   39 2825.64569 2705.58275  4.25%   9.5  847s
 279231 75660 2744.61808   53   18 2825.64569 2705.58275  4.25%   9.5  850s
 280521 75249 2761.02302   50   39 2825.64569 2705.58275  4.25%   9.5  855s
H280578 71774                    2825.6455685 2705.58275  4.25%   9.5  855s
 281940 71840 2794.47500   56    8 2825.64557 2705.58275  4.25%   9.5  860s
 283519 71923 2798.29418   63    6 2825.64557 2705.58275  4.25%   9.5  865s
 286383 71660 2749.07913   48   44 2825.64557 2706.02834  4.23%   9.5  870s
 289221 71242     cutoff   61      2825.64557 2707.21535  4.19%   9.5  875s
 291402 71109 2819.84403   54   12 2825.64557 2708.33180  4.15%   9.5  881s
 293561 71052 2795.53082   42   36 2825.64557 2709.36347  4.12%   9.5  887s
 294901 70843     cutoff   70      2825.64557 2710.11764  4.09%   9.5  891s
 297489 70530     cutoff   62      2825.64557 2711.63977  4.03%   9.5  897s
 298791 70356 2790.33457   79   16 2825.64557 2712.13383  4.02%   9.5  900s
 301034 70019 2803.54917   44   15 2825.64557 2713.15527  3.98%   9.5  905s
 303134 69937     cutoff   86      2825.64557 2714.15480  3.95%   9.5  912s
 305457 69738 2807.98043   76   37 2825.64557 2715.20564  3.91%   9.5  917s
 306844 69519 2805.07258   49   36 2825.64557 2715.82989  3.89%   9.5  920s
 309510 69087     cutoff   40      2825.64557 2716.97234  3.85%   9.5  925s
 312021 68742     cutoff   49      2825.64557 2718.21160  3.80%   9.5  930s
 313910 68466 2809.72010   78   25 2825.64557 2718.83239  3.78%   9.5  935s
 316230 68151 2819.27864   45   20 2825.64557 2720.00688  3.74%   9.5  940s
 318453 67758 2774.72919   44   33 2825.64557 2720.97020  3.70%   9.6  945s
 321159 67242 2743.94636   53   37 2825.64557 2722.24848  3.66%   9.6  950s
 323363 67035     cutoff   43      2825.64557 2723.22387  3.62%   9.6  955s
 326049 66503 infeasible   48      2825.64557 2724.25062  3.59%   9.6  960s
 328270 66198 2810.95109   52   20 2825.64557 2725.05618  3.56%   9.6  965s
 330334 65882 2775.28254   61   45 2825.64557 2725.80975  3.53%   9.6  970s
 333010 65409     cutoff   48      2825.64557 2726.81072  3.50%   9.6  975s
 335731 64956 infeasible   50      2825.64557 2727.81887  3.46%   9.6  981s
 337088 64505     cutoff   81      2825.64557 2728.30423  3.44%   9.6  988s
 337166 64592 2774.69328   62   44 2825.64557 2728.41233  3.44%   9.6  990s
 338863 64366 2810.78385   64   20 2825.64557 2728.94518  3.42%   9.6  995s
 341659 63765 2783.84372   50   11 2825.64557 2729.92949  3.39%   9.6 1001s
 343888 63258 2734.32178   53   24 2825.64557 2730.88904  3.35%   9.6 1005s
 346313 62733 2750.63117   43   32 2825.64557 2731.62778  3.33%   9.6 1010s
 348461 62236     cutoff   69      2825.64557 2732.51700  3.30%   9.6 1016s
 350511 61842     cutoff   64      2825.64557 2733.24953  3.27%   9.6 1021s
 353201 61397 2786.05701   49   38 2825.64557 2734.08890  3.24%   9.6 1026s
 355590 60934 2773.64307   61    7 2825.64557 2734.96686  3.21%   9.6 1031s
 357954 60377     cutoff   61      2825.64557 2735.59794  3.19%   9.6 1036s
 360310 59768 2785.84800   52   28 2825.64557 2736.43307  3.16%   9.6 1042s
 361810 59354 2768.94452   57   33 2825.64557 2736.91904  3.14%   9.6 1045s
 364209 58805 infeasible   66      2825.64557 2737.64110  3.11%   9.6 1050s
 367111 58033 2793.31204   40   32 2825.64557 2738.62781  3.08%   9.6 1056s
 369424 57378     cutoff   59      2825.64557 2739.29336  3.06%   9.6 1061s
 371101 57067     cutoff   52      2825.64557 2739.77368  3.04%   9.6 1066s
 372547 56660 2781.05073   72   27 2825.64557 2740.26077  3.02%   9.6 1070s
H373233 53151                    2825.6455458 2740.41850  3.02%   9.6 1070s
 375519 52695     cutoff   45      2825.64555 2741.40010  2.98%   9.7 1076s
 377840 51978 2773.25212   40   41 2825.64555 2742.10878  2.96%   9.7 1082s
 378825 51934 2780.18977   56   32 2825.64555 2742.44793  2.94%   9.7 1085s
 381145 52023 2816.57626   67   19 2825.64555 2743.34795  2.91%   9.7 1090s
 383540 52210 2815.58608   62   19 2825.64555 2744.00411  2.89%   9.7 1096s
 385036 52241 infeasible   53      2825.64555 2744.58649  2.87%   9.7 1100s
 387516 52292     cutoff   60      2825.64555 2745.37054  2.84%   9.7 1107s
 388435 52366 infeasible   40      2825.64555 2745.55811  2.83%   9.7 1110s
 391339 52471 2808.63084   50   26 2825.64555 2746.64774  2.80%   9.7 1117s
 392304 52610 2778.91216   60   28 2825.64555 2746.79647  2.79%   9.7 1120s
 394566 52686     cutoff   55      2825.64555 2747.55105  2.76%   9.7 1127s
 396039 52656 2805.84557   51   29 2825.64555 2748.02046  2.75%   9.7 1131s
 397878 52638 2812.90093   48   34 2825.64555 2748.71640  2.72%   9.7 1139s
 398110 52613     cutoff   43      2825.64555 2748.75996  2.72%   9.7 1142s
 399167 52600 2794.38783   59   28 2825.64555 2749.11779  2.71%   9.7 1145s
 401295 52557     cutoff   68      2825.64555 2749.71528  2.69%   9.7 1154s
 402457 52574 2798.25436   81   23 2825.64555 2750.07027  2.67%   9.7 1157s
 403515 52548 2766.77031   41   38 2825.64555 2750.36888  2.66%   9.7 1163s
 404008 52557     cutoff   50      2825.64555 2750.54890  2.66%   9.7 1166s
 405099 52581     cutoff   47      2825.64555 2750.90315  2.65%   9.7 1170s
 406436 52620     cutoff   52      2825.64555 2751.25014  2.63%   9.7 1176s
 408338 52548 infeasible   55      2825.64555 2751.84242  2.61%   9.7 1181s
 411187 52492     cutoff   44      2825.64555 2752.70041  2.58%   9.7 1188s
 412361 52471 2757.55489   58   19 2825.64555 2752.98488  2.57%   9.7 1192s
 414007 52376     cutoff   57      2825.64555 2753.54754  2.55%   9.7 1196s
 415632 52350 2791.45066   62   21 2825.64555 2754.11109  2.53%   9.7 1200s
 417735 52217 2779.57720   46   18 2825.64555 2754.73185  2.51%   9.7 1207s
 418790 52192 infeasible   47      2825.64555 2755.10846  2.50%   9.7 1212s
 419818 52070 2787.57087   46   27 2825.64555 2755.37602  2.49%   9.7 1216s
 420983 52070     cutoff   53      2825.64555 2755.66132  2.48%   9.7 1221s
 422677 51997 infeasible   68      2825.64555 2756.21415  2.46%   9.7 1225s
 423651 51962     cutoff   75      2825.64555 2756.33886  2.45%   9.7 1230s
 424751 51879 2764.07672   50   30 2825.64555 2756.78683  2.44%   9.7 1235s
 426186 51903     cutoff   59      2825.64555 2757.19897  2.42%   9.7 1240s
 427292 51792 2819.43851   61   14 2825.64555 2757.50426  2.41%   9.7 1245s
 430391 51619     cutoff   59      2825.64555 2758.46106  2.38%   9.8 1252s
 431534 51459 2759.34436   63   15 2825.64555 2758.70897  2.37%   9.8 1256s
 433728 51238 2804.49096   45   42 2825.64555 2759.36144  2.35%   9.8 1263s
 434922 51139 infeasible   61      2825.64555 2759.81791  2.33%   9.8 1267s
 436139 50965 infeasible   60      2825.64555 2760.12485  2.32%   9.8 1270s
 438485 50814     cutoff   67      2825.64555 2760.89323  2.29%   9.8 1280s
 439976 50545 2775.16893   51   21 2825.64555 2761.29905  2.28%   9.8 1288s
 441181 50424 2793.35275   74   19 2825.64555 2761.71036  2.26%   9.8 1292s
 442441 50333     cutoff   60      2825.64555 2761.95300  2.25%   9.8 1296s
 443589 50213     cutoff   42      2825.64555 2762.39443  2.24%   9.8 1301s
 445415 50161 2799.10121   52   16 2825.64555 2762.87364  2.22%   9.8 1305s
 446581 49964 infeasible   53      2825.64555 2763.13964  2.21%   9.8 1311s
 448444 49789 infeasible   59      2825.64555 2763.64849  2.19%   9.8 1316s
 450854 49521 2787.28249   53   27 2825.64555 2764.19995  2.17%   9.8 1322s
 452299 49396 2786.25475   73   13 2825.64555 2764.70470  2.16%   9.8 1326s
 455257 49029     cutoff   55      2825.64555 2765.53845  2.13%   9.8 1333s
 456558 48878 2798.27258   39   20 2825.64555 2765.88348  2.11%   9.8 1336s
 457702 48720     cutoff   62      2825.64555 2766.15345  2.11%   9.8 1340s
 460677 48252 2809.46100   45   35 2825.64555 2767.06363  2.07%   9.8 1346s
 461851 48037 infeasible   49      2825.64555 2767.44159  2.06%   9.8 1350s
 464146 47663 2800.32925   53   22 2825.64555 2768.10053  2.04%   9.8 1356s
 466587 47234 infeasible   46      2825.64555 2768.81319  2.01%   9.8 1363s
 467697 47050 2812.23732   68   25 2825.64555 2769.07915  2.00%   9.8 1366s
 468876 46811 2816.30695   67   20 2825.64555 2769.41234  1.99%   9.8 1370s
 471820 46150     cutoff   60      2825.64555 2770.29541  1.96%   9.8 1378s
 473528 45935     cutoff   95      2825.64555 2770.88815  1.94%   9.8 1382s
 474708 45735 infeasible   50      2825.64555 2771.19517  1.93%   9.8 1386s
 475903 45330 2820.31823   42   39 2825.64555 2771.46184  1.92%   9.8 1390s
 477595 45102     cutoff   75      2825.64555 2772.05808  1.90%   9.9 1395s
 480491 44507 2806.36329   68   32 2825.64555 2772.85435  1.87%   9.9 1403s
 481592 44278 infeasible   58      2825.64555 2773.18221  1.86%   9.9 1407s
 482738 43937 2809.86439   47   15 2825.64555 2773.53446  1.84%   9.9 1411s
 484532 43871 2803.03022   60   28 2825.64555 2774.02764  1.83%   9.9 1417s
 484759 43614     cutoff   71      2825.64555 2774.08630  1.82%   9.9 1421s
 487085 43093 2775.68281   62   10 2825.64555 2774.76013  1.80%   9.9 1428s
 488332 42726 infeasible   72      2825.64555 2775.08161  1.79%   9.9 1432s
 489636 42346     cutoff   66      2825.64555 2775.40457  1.78%   9.9 1436s
 490903 42004 2796.80744   61    9 2825.64555 2775.80968  1.76%   9.9 1440s
 493548 41254     cutoff   55      2825.64555 2776.68533  1.73%   9.9 1447s
 494775 40844     cutoff   61      2825.64555 2777.05171  1.72%   9.9 1451s
 496053 40506 2785.45568   56   29 2825.64555 2777.48913  1.70%   9.9 1455s
 497295 40196     cutoff   60      2825.64555 2777.90445  1.69%   9.9 1460s
 500023 39289 2819.46952   78   10 2825.64555 2778.81449  1.66%   9.9 1468s
H500704 39289                    2825.6448998 2778.82340  1.66%   9.9 1468s
 501377 38825 2817.11947   62   20 2825.64490 2779.23711  1.64%   9.9 1472s
 502759 38345 2804.99623   53   14 2825.64490 2779.65326  1.63%   9.9 1475s
 505601 37481 2797.25687   49   25 2825.64490 2780.57043  1.60%   9.9 1483s
 506949 37044 infeasible   63      2825.64490 2780.96373  1.58%   9.9 1486s
H507380 37046                    2825.6447152 2780.99715  1.58%   9.9 1486s
 508166 36515     cutoff   62      2825.64472 2781.48103  1.56%   9.9 1490s
 510944 35465 2803.78821   53   17 2825.64472 2782.38430  1.53%   9.9 1498s
 512359 34946     cutoff   55      2825.64472 2782.89984  1.51%   9.9 1503s
 513796 34437 infeasible   67      2825.64472 2783.30447  1.50%  10.0 1507s
 515177 33863 infeasible   43      2825.64472 2783.83510  1.48%  10.0 1510s
 517746 32903     cutoff   75      2825.64472 2784.62529  1.45%  10.0 1518s
 519005 32329 2814.87974   56   12 2825.64472 2785.19788  1.43%  10.0 1522s
 520449 31756 infeasible   57      2825.64472 2785.68619  1.41%  10.0 1526s
 521804 31168 2787.14824   54   27 2825.64472 2786.14784  1.40%  10.0 1530s
 524475 30053 infeasible   56      2825.64472 2787.12207  1.36%  10.0 1537s
 525776 29471     cutoff   51      2825.64472 2787.49538  1.35%  10.0 1540s
 527145 28857 infeasible   52      2825.64472 2788.02494  1.33%  10.0 1545s
 529863 28031     cutoff   78      2825.64472 2789.00011  1.30%  10.0 1555s
 530278 27269 2801.61577   52   12 2825.64472 2789.24976  1.29%  10.0 1560s
 531725 26536     cutoff   57      2825.64472 2789.84699  1.27%  10.0 1565s
 533186 25861 2801.51072   72   38 2825.64472 2790.46805  1.24%  10.0 1570s
 534607 25114 2808.73996   52   18 2825.64472 2790.99107  1.23%  10.0 1575s
 536031 24461     cutoff   49      2825.64472 2791.70125  1.20%  10.0 1581s
 537420 23731 infeasible   63      2825.64472 2792.27429  1.18%  10.0 1585s
 538866 23485     cutoff   59      2825.64472 2792.80959  1.16%  10.0 1593s
 539341 22795     cutoff   62      2825.64472 2792.88128  1.16%  10.0 1598s
 540639 21999     cutoff   82      2825.64472 2793.62411  1.13%  10.0 1602s
 542073 21259     cutoff   89      2825.64472 2794.22769  1.11%  10.0 1606s
 543469 20392 infeasible   57      2825.64472 2794.95471  1.09%  10.0 1611s
 545011 19665 infeasible   60      2825.64472 2795.54242  1.07%  10.1 1616s
 546316 18830     cutoff   91      2825.64472 2796.24562  1.04%  10.1 1620s
 549072 17159     cutoff   72      2825.64472 2797.73352  0.99%  10.1 1629s
 550456 16261 infeasible   46      2825.64472 2798.47066  0.96%  10.1 1635s
 551843 15383 infeasible   43      2825.64472 2799.23225  0.93%  10.1 1640s
 554424 13696 2803.81141   56   29 2825.64472 2800.70811  0.88%  10.1 1649s
 555725 12724 infeasible   53      2825.64472 2801.67230  0.85%  10.1 1653s
 557060 11795 infeasible   44      2825.64472 2802.57904  0.82%  10.1 1658s
 558369 10852 2811.33663   62   15 2825.64472 2803.49290  0.78%  10.1 1662s
 559655  9793 2809.22552   50   40 2825.64472 2804.64189  0.74%  10.1 1666s
 561001  8827     cutoff   76      2825.64472 2805.80023  0.70%  10.1 1670s
 563462  6892     cutoff   49      2825.64472 2807.26874  0.65%  10.1 1678s
 564720  5794     cutoff   67      2825.64472 2809.68896  0.56%  10.1 1682s
 566019  4728 infeasible   61      2825.64472 2811.12391  0.51%  10.1 1686s
 567274  3606     cutoff   70      2825.64472 2813.16787  0.44%  10.1 1690s
 569909  1126     cutoff   59      2825.64472 2818.14598  0.27%  10.1 1698s
 571236   703     cutoff   52      2825.64472 2821.47705  0.15%  10.1 1704s
H571620   703                    2825.6445833 2821.81615  0.14%  10.1 1704s
 571668     0 infeasible   61      2825.64458 2822.18374  0.12%  10.1 1706s

Cutting planes:
  Gomory: 1
  Flow cover: 1
  Inf proof: 1
  Zero half: 17
  RLT: 1
  Lazy constraints: 1336

Explored 572375 nodes (5800172 simplex iterations) in 1706.33 seconds
Thread count was 12 (of 12 available processors)

Solution count 7: 2825.64 2831.11 2836.7 ... 2988.04

Optimal solution found (tolerance 1.00e-04)
Best objective 2.825644583335e+03, best bound 2.825644583335e+03, gap 0.0000%

User-callback calls 1424854, time in user-callback 49.56 sec
/projects/academic/josewalt/caigao/RRARP_BD/BendersDecomp/ret/model_outs/n_25_e_4_algo_4.out
 =====>>>>> Solution is written to file in <../ret/model_outs> !!!
===>> All Done!
