NPROCS=0
This instance is clustered!
Gurobi Optimizer version 9.0.0 build v9.0.0rc2 (linux64)
Optimize a model with 40 rows, 401 columns and 800 nonzeros
Model fingerprint: 0x48bbefd5
Variable types: 1 continuous, 400 integer (400 binary)
Coefficient statistics:
  Matrix range     [1e+00, 1e+00]
  Objective range  [1e+00, 3e+02]
  Bounds range     [1e+00, 1e+00]
  RHS range        [1e+00, 1e+00]
Presolve removed 2 rows and 57 columns
Presolve time: 0.00s
Presolved: 38 rows, 344 columns, 686 nonzeros
Variable types: 1 continuous, 343 integer (343 binary)

Root relaxation: objective 7.126753e+02, 39 iterations, 0.00 seconds

    Nodes    |    Current Node    |     Objective Bounds      |     Work
 Expl Unexpl |  Obj  Depth IntInf | Incumbent    BestBd   Gap | It/Node Time

     0     0  750.32520    0   12          -  750.32520      -     -    0s
     0     0  864.72991    0   24          -  864.72991      -     -    0s
     0     0  899.06735    0   18          -  899.06735      -     -    0s
     0     0  899.06735    0   18          -  899.06735      -     -    0s
H    0     0                    1351.7411362  899.06735  33.5%     -    0s
H    0     0                    1230.2856930  903.87287  26.5%     -    0s
     0     2  903.87287    0   18 1230.28569  903.87287  26.5%     -    0s
*  625   542              48    1198.2293010  914.98360  23.6%   3.2    0s
*  832   685              60    1157.8002333  914.98360  21.0%   3.3    0s
* 1993  1530              54    1156.1660526  929.85481  19.6%   3.8    0s
H 2919  1838                    1151.3510270  941.48275  18.2%   3.8    1s
H 2921  1747                    1151.3328395  941.48275  18.2%   3.8    1s
  6756  3058 1130.21294   82    - 1151.33284  941.48275  18.2%   4.1    5s
 16707  9297 infeasible   65      1151.33284  978.15109  15.0%   4.1   10s
 24933 14391 infeasible   66      1151.33284  987.23624  14.3%   4.1   15s
 31112 18098     cutoff   72      1151.33284  993.03287  13.7%   4.2   20s
 35527 20661     cutoff   51      1151.33284  995.88643  13.5%   4.2   25s
 38354 22131 infeasible   55      1151.33284  997.36651  13.4%   4.2   30s
 42858 24492 infeasible   68      1151.33284  999.72725  13.2%   4.2   35s
 47271 26977     cutoff   50      1151.33284 1002.52131  12.9%   4.3   41s
 50967 28962     cutoff   51      1151.33284 1004.48835  12.8%   4.3   45s
 53506 30067     cutoff   79      1151.33284 1005.67526  12.7%   4.3   50s
 55403 30758 1027.98514   22   18 1151.33284 1006.93071  12.5%   4.3   56s
 55406 30760 1122.90462   45   38 1151.33284 1006.93071  12.5%   4.3   60s
 55411 30763 1052.52470   31   41 1151.33284 1006.93071  12.5%   4.3   65s
 55415 30769 1006.93071   21   18 1151.33284 1006.93071  12.5%   4.3   71s
 55441 30795 1006.93071   25   15 1151.33284 1006.93071  12.5%   4.3   75s
 55797 30905 1006.93071   38   25 1151.33284 1006.93071  12.5%   4.3   80s
 56838 31222 1006.93071   77   21 1151.33284 1006.93071  12.5%   4.3   85s
 59121 32011 1006.93071   38   28 1151.33284 1006.93071  12.5%   4.3   90s
 61555 32956     cutoff   54      1151.33284 1006.93071  12.5%   4.3   95s
 63669 33692 1041.79371   58   11 1151.33284 1006.93071  12.5%   4.3  100s
 65583 34128 1051.94971   56   14 1151.33284 1006.93071  12.5%   4.3  105s
 67434 34913     cutoff   92      1151.33284 1006.93071  12.5%   4.3  110s
 68741 35163 1095.29539   86    9 1151.33284 1006.93071  12.5%   4.3  115s
 71070 35837 1021.03084   57   16 1151.33284 1006.93071  12.5%   4.3  121s
 73192 36520 1070.33820   48   14 1151.33284 1006.93071  12.5%   4.3  125s
 75573 36890 1147.64215   74    - 1151.33284 1006.93071  12.5%   4.3  131s
 76504 37340     cutoff   44      1151.33284 1006.93071  12.5%   4.3  135s
 78105 37819     cutoff   73      1151.33284 1006.93071  12.5%   4.3  140s
 80166 38034 1072.03722   49   13 1151.33284 1006.93071  12.5%   4.3  145s
 81530 38854     cutoff   62      1151.33284 1006.93071  12.5%   4.3  150s
 83777 39215 1077.93618   35   17 1151.33284 1006.93071  12.5%   4.3  155s
 85952 39539     cutoff   41      1151.33284 1006.93071  12.5%   4.3  161s
 87808 39991     cutoff   61      1151.33284 1006.93071  12.5%   4.3  166s
 90233 40752 1133.17106   78   10 1151.33284 1006.93071  12.5%   4.3  172s
 91482 40899 1030.70573   38   16 1151.33284 1006.93071  12.5%   4.3  175s
 93759 41177     cutoff   82      1151.33284 1007.44098  12.5%   4.3  182s
 94701 41325 1130.28770   61   13 1151.33284 1008.29102  12.4%   4.3  185s
 96870 41711 1150.46096   63   17 1151.33284 1009.68961  12.3%   4.3  191s
 97704 42081 1092.09803   80    6 1151.33284 1010.11284  12.3%   4.3  195s
 99880 42375 1115.58364   45    6 1151.33284 1011.53727  12.1%   4.3  202s
 101018 42384     cutoff   46      1151.33284 1012.38913  12.1%   4.3  206s
 103208 42744     cutoff   63      1151.33284 1013.59108  12.0%   4.3  213s
 104282 42768     cutoff   64      1151.33284 1014.08023  11.9%   4.3  216s
 105214 42598     cutoff   35      1151.33284 1014.36743  11.9%   4.3  221s
 105375 43046 1123.69171   47   27 1151.33284 1014.56132  11.9%   4.3  226s
 107344 43409     cutoff   57      1151.33284 1015.75108  11.8%   4.3  233s
 108525 43510     cutoff   64      1151.33284 1016.15034  11.7%   4.3  236s
 109680 43630 1110.88454   66   24 1151.33284 1016.81915  11.7%   4.3  240s
 110780 43767 1041.74665   37   12 1151.33284 1017.39740  11.6%   4.3  245s
 112931 44015     cutoff   47      1151.33284 1018.12333  11.6%   4.3  253s
 114111 43965 1133.79563   61   12 1151.33284 1018.85910  11.5%   4.3  258s
 114952 43950 1072.44478   64    6 1151.33284 1019.03039  11.5%   4.3  262s
 115758 44130     cutoff   67      1151.33284 1019.46166  11.5%   4.3  267s
 116863 44241     cutoff   54      1151.33284 1020.23598  11.4%   4.3  272s
 117932 44478     cutoff   54      1151.33284 1020.82792  11.3%   4.3  277s
 119104 44441 1105.52572   65    8 1151.33284 1021.36850  11.3%   4.3  282s
 119954 44655     cutoff   39      1151.33284 1021.67639  11.3%   4.4  287s
 121103 44806     cutoff   54      1151.33284 1022.39154  11.2%   4.4  292s
 122179 45066     cutoff   80      1151.33284 1022.81091  11.2%   4.4  298s
 123367 45101     cutoff   62      1151.33284 1023.65422  11.1%   4.4  303s
 124415 45257 infeasible   67      1151.33284 1024.19031  11.0%   4.4  308s
 125505 45432     cutoff   78      1151.33284 1024.67898  11.0%   4.4  312s
 126594 45623 infeasible   54      1151.33284 1025.30646  10.9%   4.4  316s
 127706 45737     cutoff   73      1151.33284 1025.80482  10.9%   4.4  320s
 129827 46087     cutoff   72      1151.33284 1026.54292  10.8%   4.4  329s
 130986 46070 infeasible   68      1151.33284 1027.30884  10.8%   4.4  333s
 131867 46141 1085.75366   80    6 1151.33284 1027.34488  10.8%   4.4  338s
 132886 46410     cutoff   56      1151.33284 1028.02032  10.7%   4.4  343s
 133929 46667     cutoff   79      1151.33284 1028.31473  10.7%   4.4  347s
 135075 46724     cutoff   82      1151.33284 1028.78138  10.6%   4.4  352s
 136226 46626 1088.95800   62   10 1151.33284 1029.26226  10.6%   4.4  357s
 136956 46581     cutoff   46      1151.33284 1029.48068  10.6%   4.4  366s
 137370 46846     cutoff   64      1151.33284 1029.72902  10.6%   4.4  371s
 138584 46935     cutoff   64      1151.33284 1030.16074  10.5%   4.4  377s
 139665 46804 infeasible   63      1151.33284 1030.64863  10.5%   4.4  382s
 140438 47206 1139.30798   56    6 1151.33284 1030.83290  10.5%   4.4  388s
 141746 47240     cutoff   57      1151.33284 1031.33315  10.4%   4.4  394s
 142896 47549 1063.29870   47   12 1151.33284 1031.95002  10.4%   4.4  399s
 144233 47545 1144.67523   79   13 1151.33284 1032.53586  10.3%   4.4  405s
 145150 47865 1038.03955   36    9 1151.33284 1032.99129  10.3%   4.4  411s
 146468 47950     cutoff   67      1151.33284 1033.55731  10.2%   4.4  417s
 147482 47802     cutoff   54      1151.33284 1033.80413  10.2%   4.4  422s
 147841 48092 1105.39006   49    6 1151.33284 1033.95156  10.2%   4.4  427s
 149071 48398 1145.66376   57   12 1151.33284 1034.34020  10.2%   4.4  433s
 149920 49086     cutoff   85      1151.33284 1034.55009  10.1%   4.4  439s
 151281 49513     cutoff   52      1151.33284 1035.18015  10.1%   4.4  445s
 152392 49999     cutoff   60      1151.33284 1035.50930  10.1%   4.4  452s
 153614 50358 1120.32338   73   11 1151.33284 1035.96735  10.0%   4.4  457s
 154470 50819 infeasible   52      1151.33284 1036.10209  10.0%   4.4  464s
 155651 51429     cutoff   61      1151.33284 1036.70374  10.0%   4.4  471s
 156904 51945 1070.49790   41   17 1151.33284 1037.20436  9.91%   4.4  476s
 158191 52361 1076.85806   38   10 1151.33284 1037.59944  9.88%   4.4  482s
 159243 52826 1125.66930   38    8 1151.33284 1037.71422  9.87%   4.4  488s
 160490 53136     cutoff   56      1151.33284 1038.34725  9.81%   4.4  494s
 161225 53571     cutoff   58      1151.33284 1038.63545  9.79%   4.4  500s
 162464 54041     cutoff   54      1151.33284 1038.80484  9.77%   4.4  505s
 163516 54499 infeasible   70      1151.33284 1039.32655  9.73%   4.4  511s
 164741 54998 1122.83654   78    6 1151.33284 1039.69328  9.70%   4.4  516s
 165757 55356     cutoff   79      1151.33284 1040.10038  9.66%   4.4  523s
 166954 55826     cutoff   49      1151.33284 1040.54251  9.62%   4.4  528s
 168110 56122 infeasible   62      1151.33284 1040.88155  9.59%   4.4  534s
 168923 56533     cutoff   48      1151.33284 1041.22289  9.56%   4.4  540s
 170161 56778     cutoff   53      1151.33284 1041.65123  9.53%   4.4  547s
 170567 57013     cutoff   44      1151.33284 1041.68292  9.52%   4.4  553s
 171685 57447     cutoff   60      1151.33284 1042.04405  9.49%   4.4  560s
 172823 57812     cutoff   52      1151.33284 1042.41597  9.46%   4.4  567s
 174070 58135     cutoff   61      1151.33284 1042.76909  9.43%   4.4  573s
 174863 58586     cutoff   70      1151.33284 1043.03559  9.41%   4.4  580s
 176173 58984     cutoff   69      1151.33284 1043.40456  9.37%   4.4  587s
 177333 59351     cutoff   55      1151.33284 1043.77323  9.34%   4.4  593s
 178208 59744     cutoff   51      1151.33284 1044.07136  9.32%   4.4  600s
 179451 60179 infeasible   67      1151.33284 1044.41478  9.29%   4.4  607s
 180572 60503 infeasible   59      1151.33284 1044.73638  9.26%   4.4  615s
 181782 60903 1110.76830   39    6 1151.33284 1045.02027  9.23%   4.4  622s
 183032 61292     cutoff   62      1151.33284 1045.38372  9.20%   4.4  630s
 184070 61625 1144.45684   52    8 1151.33284 1045.79722  9.17%   4.4  639s
 185317 61937 1060.28641   46    6 1151.33284 1046.08613  9.14%   4.4  648s
 186206 62341 1097.28846   58    8 1151.33284 1046.32564  9.12%   4.4  656s
 187397 62632     cutoff   60      1151.33284 1046.43554  9.11%   4.4  666s
 188515 63098     cutoff   58      1151.33284 1046.96693  9.06%   4.4  674s
 189697 63378 infeasible   52      1151.33284 1047.39308  9.03%   4.4  682s
 190806 63715     cutoff   59      1151.33284 1047.72984  9.00%   4.5  690s
 191656 64135     cutoff   59      1151.33284 1048.02166  8.97%   4.5  699s
 192974 64459     cutoff   45      1151.33284 1048.35097  8.94%   4.5  709s
 194085 64793     cutoff   58      1151.33284 1048.67725  8.92%   4.5  720s
 195348 65045 1144.59128   49   16 1151.33284 1048.98399  8.89%   4.5  730s
 196459 65360 1115.17476   56   13 1151.33284 1049.34535  8.86%   4.5  738s
 197545 65749 1066.96299   32   14 1151.33284 1049.65055  8.83%   4.5  747s
 198788 66073     cutoff   61      1151.33284 1049.83184  8.82%   4.5  755s
 199670 66221     cutoff   55      1151.33284 1050.20446  8.78%   4.5  769s
 199962 66554 1050.24685   47   19 1151.33284 1050.24361  8.78%   4.5  778s
 201200 66839     cutoff   68      1151.33284 1050.62680  8.75%   4.5  786s
 202229 67277     cutoff   48      1151.33284 1050.85037  8.73%   4.5  795s
 203454 67705     cutoff   67      1151.33284 1051.18105  8.70%   4.5  805s
 204789 68080     cutoff   60      1151.33284 1051.52457  8.67%   4.5  814s
 206026 68378 1135.62558   54    8 1151.33284 1051.71315  8.65%   4.5  823s
 206908 68744     cutoff   49      1151.33284 1052.06254  8.62%   4.5  833s
 208202 69191 1142.35714   44    8 1151.33284 1052.25457  8.61%   4.5  842s
 209512 69461 1098.67320   46    8 1151.33284 1052.58851  8.58%   4.5  850s
 210395 69780     cutoff   62      1151.33284 1052.83925  8.55%   4.5  860s
 211598 70131     cutoff   68      1151.33284 1053.07156  8.53%   4.5  870s
 212800 70372     cutoff   60      1151.33284 1053.43612  8.50%   4.5  880s
 214029 70701 infeasible   56      1151.33284 1053.65410  8.48%   4.5  892s
 214955 71014 1072.93046   70   12 1151.33284 1053.96138  8.46%   4.5  903s
 216125 71308     cutoff   74      1151.33284 1054.24882  8.43%   4.5  913s
 217364 71619     cutoff   67      1151.33284 1054.55804  8.41%   4.5  922s
 218585 71894 1100.13552   40    9 1151.33284 1054.69962  8.39%   4.5  933s
 219714 72159     cutoff   42      1151.33284 1055.17958  8.35%   4.5  942s
 220709 72346     cutoff   64      1151.33284 1055.34269  8.34%   4.5  951s
 221909 72644 infeasible   50      1151.33284 1055.68671  8.31%   4.5  960s
 223007 72952     cutoff   72      1151.33284 1055.94854  8.28%   4.5  969s
 224043 73229 1076.52154   32   11 1151.33284 1056.08680  8.27%   4.5  980s
 225185 73580 infeasible   59      1151.33284 1056.47741  8.24%   4.5  991s
 226482 73764     cutoff   44      1151.33284 1056.78065  8.21%   4.5 1001s
 227415 74055 1125.41317   69    6 1151.33284 1056.92451  8.20%   4.5 1012s
 228622 74345 1064.26804   35   12 1151.33284 1057.19252  8.18%   4.5 1023s
 229754 74729 1074.57973   42    9 1151.33284 1057.50829  8.15%   4.5 1032s
 230831 74997     cutoff   56      1151.33284 1057.60497  8.14%   4.5 1043s
 232098 75322     cutoff   58      1151.33284 1057.86527  8.12%   4.5 1054s
 233285 75529 1126.80412   79    6 1151.33284 1058.19622  8.09%   4.5 1066s
 234225 75811 infeasible   80      1151.33284 1058.39408  8.07%   4.5 1078s
 235426 76056 1125.33215   47    6 1151.33284 1058.66231  8.05%   4.5 1090s
 236349 76414 1131.33383   48   10 1151.33284 1058.88771  8.03%   4.5 1102s
 237660 76654     cutoff   60      1151.33284 1059.11055  8.01%   4.5 1113s
 238674 76824     cutoff   58      1151.33284 1059.37165  7.99%   4.5 1127s
 238944 76934     cutoff   47      1151.33284 1059.39602  7.99%   4.5 1139s
 239888 77302     cutoff   58      1151.33284 1059.47419  7.98%   4.5 1152s
 241285 77557 infeasible   59      1151.33284 1059.97757  7.93%   4.5 1165s
 242328 77792     cutoff   60      1151.33284 1060.12516  7.92%   4.5 1178s
 243661 77944     cutoff   54      1151.33284 1060.43734  7.89%   4.5 1191s
 244794 78282     cutoff   58      1151.33284 1060.56889  7.88%   4.5 1203s
 245809 78457 1145.42829   37   18 1151.33284 1060.92914  7.85%   4.6 1218s
 247038 78752     cutoff   68      1151.33284 1061.18086  7.83%   4.6 1232s
 248350 79046     cutoff   56      1151.33284 1061.41636  7.81%   4.6 1248s
 249554 79172     cutoff   67      1151.33284 1061.68134  7.79%   4.6 1262s
 249926 79282     cutoff   48      1151.33284 1061.71860  7.78%   4.6 1279s
 250958 79633 1124.67636   58   16 1151.33284 1061.95334  7.76%   4.6 1296s
 252395 79807     cutoff   59      1151.33284 1062.25570  7.74%   4.6 1314s
 253411 80041 1115.19559   60    6 1151.33284 1062.45483  7.72%   4.6 1332s
 254621 80325 infeasible   61      1151.33284 1062.66402  7.70%   4.6 1348s
 255801 80488 1130.69977   57   13 1151.33284 1062.88098  7.68%   4.6 1363s
 256789 80821 1135.82607   47   17 1151.33284 1063.16267  7.66%   4.6 1380s
 258132 81112     cutoff   35      1151.33284 1063.25876  7.65%   4.6 1394s
 259133 81319 1149.38259   51   15 1151.33284 1063.63050  7.62%   4.6 1410s
 260448 81583 infeasible   39      1151.33284 1063.91404  7.59%   4.6 1424s
 261706 81860     cutoff   57      1151.33284 1064.15594  7.57%   4.6 1436s
 262747 81972     cutoff   63      1151.33284 1064.33668  7.56%   4.6 1450s
 264019 82236 1141.38721   52    6 1151.33284 1064.49345  7.54%   4.6 1464s
 264965 82506     cutoff   65      1151.33284 1064.76349  7.52%   4.6 1477s
 266313 82685 1149.40966   70    6 1151.33284 1065.05072  7.49%   4.6 1489s
 267510 82949     cutoff   52      1151.33284 1065.35650  7.47%   4.6 1501s
 268806 83200     cutoff   63      1151.33284 1065.54672  7.45%   4.6 1513s
 269775 83454 1085.86539   58   22 1151.33284 1065.81774  7.43%   4.6 1527s
 271110 83646     cutoff   52      1151.33284 1066.01950  7.41%   4.6 1542s
 272290 83832     cutoff   65      1151.33284 1066.20942  7.39%   4.6 1555s
 273342 84064     cutoff   46      1151.33284 1066.46707  7.37%   4.6 1568s
 274561 84280     cutoff   51      1151.33284 1066.71934  7.35%   4.6 1581s
 275598 84477 1071.89787   61   12 1151.33284 1066.95526  7.33%   4.6 1595s
 276931 84589     cutoff   44      1151.33284 1067.16459  7.31%   4.6 1613s
 277213 84609 1137.22260   45    6 1151.33284 1067.19620  7.31%   4.6 1628s
 278249 84808     cutoff   49      1151.33284 1067.34590  7.29%   4.6 1642s
 279512 85036     cutoff   63      1151.33284 1067.63306  7.27%   4.6 1657s
 280839 85254     cutoff   59      1151.33284 1067.73812  7.26%   4.6 1668s
 281855 85419     cutoff   62      1151.33284 1067.93627  7.24%   4.6 1682s
 283200 85631 1141.98997   37    9 1151.33284 1068.23616  7.22%   4.6 1695s
 284344 85815 1084.49340   74   17 1151.33284 1068.36703  7.21%   4.6 1708s
 285436 86016     cutoff   75      1151.33284 1068.58175  7.19%   4.6 1721s
 286670 86221 1147.20711   47   11 1151.33284 1068.84168  7.16%   4.6 1733s
 287706 86357     cutoff   58      1151.33284 1069.09141  7.14%   4.6 1746s
 288760 86668     cutoff   51      1151.33284 1069.28581  7.13%   4.6 1764s
 290175 86840     cutoff   54      1151.33284 1069.48189  7.11%   4.6 1783s
 291152 87075 infeasible   52      1151.33284 1069.51839  7.11%   4.6 1797s
 292439 87261 infeasible   80      1151.33284 1069.95983  7.07%   4.6 1813s
 293709 87556 1137.62912   65    6 1151.33284 1069.99697  7.06%   4.6 1826s
 294980 87713     cutoff   66      1151.33284 1070.39089  7.03%   4.6 1839s
 296237 87739     cutoff   75      1151.33284 1070.45571  7.02%   4.6 1853s
 297193 87892     cutoff   56      1151.33284 1070.78733  7.00%   4.6 1866s
 298387 88054     cutoff   53      1151.33284 1071.00167  6.98%   4.6 1880s
 299500 88245 1137.49235   58    6 1151.33284 1071.18567  6.96%   4.6 1896s
 300725 88435 1105.19436   72    6 1151.33284 1071.38882  6.94%   4.6 1912s
 301850 88566 1082.21719   52    8 1151.33284 1071.58822  6.93%   4.6 1928s
 302983 88744     cutoff   63      1151.33284 1071.75892  6.91%   4.7 1942s
 304185 88861     cutoff   60      1151.33284 1071.91367  6.90%   4.7 1956s
 305402 88948     cutoff   55      1151.33284 1071.95405  6.89%   4.7 1969s
 306421 89104     cutoff   58      1151.33284 1072.27643  6.87%   4.7 1985s
 307548 89272     cutoff   62      1151.33284 1072.47223  6.85%   4.7 2000s
 308704 89397     cutoff   61      1151.33284 1072.72415  6.83%   4.7 2019s
 309972 89576 1112.63165   52   10 1151.33284 1072.90074  6.81%   4.7 2035s
 311076 89661     cutoff   71      1151.33284 1073.09349  6.80%   4.7 2051s
 312281 89774     cutoff   74      1151.33284 1073.32439  6.78%   4.7 2067s
 313383 89889 1121.91773   56    8 1151.33284 1073.53303  6.76%   4.7 2091s
 313782 89893 infeasible   59      1151.33284 1073.54651  6.76%   4.7 2106s
 314897 90035 infeasible   64      1151.33284 1073.78438  6.74%   4.7 2126s
 316034 90171     cutoff   53      1151.33284 1073.96489  6.72%   4.7 2144s
 317159 90388 1094.17981   62    9 1151.33284 1074.06494  6.71%   4.7 2164s
 318628 90463 1130.48274   64    6 1151.33284 1074.34328  6.69%   4.7 2181s
 319712 90621     cutoff   39      1151.33284 1074.58591  6.67%   4.7 2198s
 320866 90725 1113.20119   48   25 1151.33284 1074.75884  6.65%   4.7 2213s
 322073 90802     cutoff   46      1151.33284 1075.03371  6.63%   4.7 2231s
 323404 90978 1077.36574   61   20 1151.33284 1075.23531  6.61%   4.7 2245s
 324536 91112 1106.93525   58    8 1151.33284 1075.44408  6.59%   4.7 2261s
 325844 91265 1133.88981   40    6 1151.33284 1075.62102  6.58%   4.7 2277s
 327022 91348 1108.45810   55    6 1151.33284 1075.88218  6.55%   4.7 2295s
 328128 91468     cutoff   65      1151.33284 1076.04212  6.54%   4.7 2311s
 329512 91609 1139.85617   64    6 1151.33284 1076.30221  6.52%   4.7 2327s
 330607 91733 1126.95815   73   26 1151.33284 1076.48055  6.50%   4.7 2343s
 331870 91768 1137.30991   76    6 1151.33284 1076.67719  6.48%   4.7 2359s
 332933 91880     cutoff   50      1151.33284 1076.93645  6.46%   4.7 2360s
 333017 91882 infeasible   77      1151.33284 1076.94675  6.46%   4.7 2376s
 334211 91991 1148.36946   74    6 1151.33284 1077.00720  6.46%   4.7 2398s
 335354 92092 infeasible   75      1151.33284 1077.26646  6.43%   4.7 2417s
 336550 92142     cutoff   59      1151.33284 1077.44428  6.42%   4.7 2436s
 337783 92214     cutoff   64      1151.33284 1077.64493  6.40%   4.7 2455s
 338988 92279 1146.79426   67    6 1151.33284 1077.70440  6.40%   4.7 2472s
 340071 92254     cutoff   45      1151.33284 1078.03999  6.37%   4.7 2488s
 341272 92348     cutoff   52      1151.33284 1078.11324  6.36%   4.7 2507s
 342382 92504     cutoff   55      1151.33284 1078.44263  6.33%   4.7 2525s
 343711 92553     cutoff   56      1151.33284 1078.49134  6.33%   4.7 2543s
 344877 92613     cutoff   52      1151.33284 1078.80468  6.30%   4.7 2561s
 345965 92612     cutoff   37      1151.33284 1079.05792  6.28%   4.7 2582s
 347199 92633     cutoff   60      1151.33284 1079.18279  6.27%   4.7 2601s
 348288 92688 1114.03256   67   13 1151.33284 1079.48308  6.24%   4.7 2621s
 349447 92757 infeasible   73      1151.33284 1079.66103  6.23%   4.7 2638s
 350648 92854     cutoff   60      1151.33284 1079.88621  6.21%   4.7 2661s
 351808 92969     cutoff   50      1151.33284 1079.96974  6.20%   4.7 2685s
 352092 92956 1147.73010   38    - 1151.33284 1080.06279  6.19%   4.7 2704s
 353269 93051     cutoff   61      1151.33284 1080.30181  6.17%   4.7 2722s
 354514 93052     cutoff   62      1151.33284 1080.52407  6.15%   4.7 2743s
 355798 93066 1102.03939   44   11 1151.33284 1080.75937  6.13%   4.7 2765s
 356974 93039     cutoff   60      1151.33284 1080.98929  6.11%   4.7 2785s
 358237 93104     cutoff   54      1151.33284 1081.16035  6.09%   4.7 2802s
 359414 93113     cutoff   65      1151.33284 1081.36824  6.08%   4.7 2826s
 360678 93109     cutoff   84      1151.33284 1081.55909  6.06%   4.8 2845s
 361835 93128     cutoff   56      1151.33284 1081.79400  6.04%   4.8 2868s
 363003 93161     cutoff   58      1151.33284 1081.97759  6.02%   4.8 2892s
 364176 93149     cutoff   57      1151.33284 1082.20681  6.00%   4.8 2913s
 365464 93176     cutoff   55      1151.33284 1082.36820  5.99%   4.8 2932s
 366666 93232     cutoff   55      1151.33284 1082.60892  5.97%   4.8 2952s
 367817 93271     cutoff   48      1151.33284 1082.77886  5.95%   4.8 2976s
 369121 93272     cutoff   68      1151.33284 1082.90641  5.94%   4.8 2996s
 370281 93340     cutoff   63      1151.33284 1083.17979  5.92%   4.8 3016s
 371494 93389 1127.56444   43    6 1151.33284 1083.26924  5.91%   4.8 3039s
 372654 93436     cutoff   49      1151.33284 1083.42021  5.90%   4.8 3060s
 373897 93382 1131.53987   67    9 1151.33284 1083.60112  5.88%   4.8 3081s
 374984 93428     cutoff   52      1151.33284 1083.92700  5.85%   4.8 3102s
 376201 93403 infeasible   58      1151.33284 1084.08428  5.84%   4.8 3122s
 377450 93416 1116.26531   41    6 1151.33284 1084.29152  5.82%   4.8 3140s
 378604 93367 1135.11435   54    6 1151.33284 1084.49908  5.80%   4.8 3159s
 379494 93488 1112.68247   71    8 1151.33284 1084.49908  5.80%   4.8 3160s
 379800 93398 1136.26064   72    9 1151.33284 1084.65213  5.79%   4.8 3180s
 380934 93336     cutoff   61      1151.33284 1084.90284  5.77%   4.8 3201s
 382193 93373     cutoff   60      1151.33284 1085.13800  5.75%   4.8 3224s
 383427 93467     cutoff   50      1151.33284 1085.32023  5.73%   4.8 3244s
 383641 93504 1089.41078   50   18 1151.33284 1085.32023  5.73%   4.8 3245s
 383755 93399     cutoff   70      1151.33284 1085.34226  5.73%   4.8 3265s
 384942 93417     cutoff   49      1151.33284 1085.60574  5.71%   4.8 3285s
 386187 93460 infeasible   59      1151.33284 1085.65459  5.70%   4.8 3306s
 387389 93388 1147.67006   34    6 1151.33284 1085.97768  5.68%   4.8 3328s
 388661 93425 1131.85915   59   34 1151.33284 1086.15867  5.66%   4.8 3350s
 389888 93462     cutoff   54      1151.33284 1086.35928  5.64%   4.8 3376s
 391205 93528     cutoff   62      1151.33284 1086.55835  5.63%   4.8 3405s
 391576 93454 1103.59778   59   12 1151.33284 1086.61125  5.62%   4.8 3430s
 392833 93393 1150.67159   64   10 1151.33284 1086.86431  5.60%   4.8 3456s
 394180 93453     cutoff   64      1151.33284 1087.00605  5.59%   4.8 3478s
 395415 93388 1136.68785   55    8 1151.33284 1087.24213  5.57%   4.8 3502s
 396684 93424     cutoff   56      1151.33284 1087.24213  5.57%   4.8 3523s
 397951 93315     cutoff   55      1151.33284 1087.63378  5.53%   4.8 3549s
 399209 93269 1110.84263   63    6 1151.33284 1087.81167  5.52%   4.8 3570s
 400426 93147 1147.40773   69    6 1151.33284 1088.07026  5.49%   4.8 3592s
 401650 93085 infeasible   70      1151.33284 1088.32786  5.47%   4.8 3616s
 402938 93044 1091.28497   49    9 1151.33284 1088.34743  5.47%   4.8 3636s
 404149 93008 1136.59511   49   10 1151.33284 1088.68647  5.44%   4.8 3659s
 405360 92936     cutoff   67      1151.33284 1088.87155  5.43%   4.8 3681s
 406599 92922     cutoff   66      1151.33284 1089.00433  5.41%   4.8 3702s
 407787 92927 1147.19495   77   12 1151.33284 1089.25643  5.39%   4.8 3726s
 409105 92882     cutoff   73      1151.33284 1089.34738  5.38%   4.8 3748s
 410267 92795 infeasible   63      1151.33284 1089.45993  5.37%   4.8 3769s
 411404 92694     cutoff   56      1151.33284 1089.77067  5.35%   4.8 3791s
 412619 92594     cutoff   51      1151.33284 1089.96849  5.33%   4.8 3812s
 413927 92542     cutoff   64      1151.33284 1090.03405  5.32%   4.8 3832s
 415070 92508     cutoff   48      1151.33284 1090.37728  5.29%   4.8 3854s
 416305 92465     cutoff   48      1151.33284 1090.56123  5.28%   4.8 3876s
 417476 92440     cutoff   59      1151.33284 1090.74751  5.26%   4.8 3901s
 418737 92416     cutoff   45      1151.33284 1090.96629  5.24%   4.8 3931s
 420092 92288 1138.01415   62    6 1151.33284 1091.13966  5.23%   4.8 3952s
 421319 92275 infeasible   63      1151.33284 1091.30773  5.21%   4.8 3973s
 422504 92295     cutoff   44      1151.33284 1091.42958  5.20%   4.8 3994s
 423671 92171     cutoff   57      1151.33284 1091.71814  5.18%   4.8 4018s
 424976 92051     cutoff   41      1151.33284 1091.87174  5.16%   4.8 4040s
 426150 91947     cutoff   59      1151.33284 1092.05196  5.15%   4.8 4064s
 427239 92066 1148.30361   68   10 1151.33284 1092.26811  5.13%   4.8 4065s
 427344 91790 1100.13576   44    9 1151.33284 1092.28933  5.13%   4.8 4088s
 428575 91855 infeasible   43      1151.33284 1092.49715  5.11%   4.8 4120s
 428962 91665 1120.92253   69   18 1151.33284 1092.50689  5.11%   4.8 4149s
 430256 91583     cutoff   69      1151.33284 1092.52898  5.11%   4.8 4172s
 431511 91519 1118.52247   38    6 1151.33284 1092.92711  5.07%   4.9 4197s
 432819 91444     cutoff   57      1151.33284 1093.12107  5.06%   4.9 4220s
 434100 91332 infeasible   58      1151.33284 1093.30283  5.04%   4.9 4244s
 435397 91260     cutoff   56      1151.33284 1093.50846  5.02%   4.9 4268s
 436676 91190     cutoff   58      1151.33284 1093.73310  5.00%   4.9 4297s
 438029 91046     cutoff   55      1151.33284 1093.81535  5.00%   4.9 4321s
 439202 91005     cutoff   50      1151.33284 1094.15380  4.97%   4.9 4350s
 440516 90870     cutoff   53      1151.33284 1094.22450  4.96%   4.9 4371s
 441750 90760 infeasible   76      1151.33284 1094.47872  4.94%   4.9 4393s
 442999 90675     cutoff   60      1151.33284 1094.66727  4.92%   4.9 4416s
 444220 90564 1136.49361   67    6 1151.33284 1094.80962  4.91%   4.9 4438s
 445363 90425 infeasible   69      1151.33284 1095.03282  4.89%   4.9 4460s
 446602 90247     cutoff   76      1151.33284 1095.20255  4.88%   4.9 4484s
 447694 90366     cutoff   56      1151.33284 1095.43696  4.85%   4.9 4485s
 447791 90062 infeasible   58      1151.33284 1095.43747  4.85%   4.9 4510s
 449050 89878 1141.79529   37    6 1151.33284 1095.64904  4.84%   4.9 4536s
 450327 89693 infeasible   59      1151.33284 1095.87267  4.82%   4.9 4560s
 451590 89516     cutoff   60      1151.33284 1096.01478  4.80%   4.9 4585s
 452744 89402 infeasible   66      1151.33284 1096.11297  4.80%   4.9 4607s
 453937 89201 infeasible   57      1151.33284 1096.44952  4.77%   4.9 4634s
 455194 89075 1130.99446   54   10 1151.33284 1096.68480  4.75%   4.9 4660s
 456518 88950     cutoff   66      1151.33284 1096.83147  4.73%   4.9 4683s
 457741 88813 infeasible   67      1151.33284 1097.06150  4.71%   4.9 4715s
 459047 88685 infeasible   49      1151.33284 1097.12850  4.71%   4.9 4745s
 460192 88500 1136.67249   54    8 1151.33284 1097.44877  4.68%   4.9 4774s
 460821 88570 1146.48355   62    8 1151.33284 1097.46262  4.68%   4.9 4775s
 461432 88307 1139.02140   55   14 1151.33284 1097.51718  4.67%   4.9 4799s
 462606 88175 infeasible   58      1151.33284 1097.84738  4.65%   4.9 4831s
 463801 87947     cutoff   49      1151.33284 1098.06491  4.63%   4.9 4857s
 465089 87722 1103.58162   47   14 1151.33284 1098.18481  4.62%   4.9 4881s
 466280 87460 infeasible   57      1151.33284 1098.46605  4.59%   4.9 4911s
 467536 87282 infeasible   57      1151.33284 1098.64996  4.58%   4.9 4944s
 468700 87057     cutoff   53      1151.33284 1098.86379  4.56%   4.9 4973s
 469994 87106 1147.74988   55    6 1151.33284 1099.08378  4.54%   4.9 5015s
 470311 86894     cutoff   39      1151.33284 1099.09172  4.54%   4.9 5043s
 471609 86711     cutoff   54      1151.33284 1099.25249  4.52%   4.9 5067s
 472842 86492     cutoff   65      1151.33284 1099.49640  4.50%   4.9 5093s
 474093 86354 infeasible   60      1151.33284 1099.62830  4.49%   4.9 5121s
 475330 86142 infeasible   48      1151.33284 1099.87774  4.47%   4.9 5151s
 476585 85961 1121.07674   52   14 1151.33284 1100.15291  4.45%   4.9 5178s
 478010 85843 1141.29978   69    - 1151.33284 1100.20186  4.44%   4.9 5205s
 479220 85633 infeasible   72      1151.33284 1100.46550  4.42%   4.9 5232s
 480510 85424     cutoff   50      1151.33284 1100.64416  4.40%   4.9 5258s
 481697 85204     cutoff   57      1151.33284 1100.78850  4.39%   4.9 5283s
 482878 84997 1145.40929   44   10 1151.33284 1101.12245  4.36%   4.9 5311s
 484175 84818 infeasible   57      1151.33284 1101.32383  4.34%   4.9 5338s
 485476 84635 1141.06257   71   11 1151.33284 1101.44415  4.33%   4.9 5364s
 486636 84386     cutoff   58      1151.33284 1101.67929  4.31%   4.9 5392s
 487829 84115 infeasible   62      1151.33284 1101.80437  4.30%   4.9 5423s
 488973 83911     cutoff   41      1151.33284 1102.09198  4.28%   4.9 5451s
 490122 83604     cutoff   67      1151.33284 1102.36386  4.25%   4.9 5476s
 491455 83366     cutoff   52      1151.33284 1102.46572  4.24%   4.9 5508s
 492613 83106     cutoff   63      1151.33284 1102.81163  4.21%   4.9 5540s
 493940 82873     cutoff   72      1151.33284 1102.86539  4.21%   4.9 5569s
 495102 82695     cutoff   49      1151.33284 1103.13431  4.19%   4.9 5598s
 496304 82468 infeasible   57      1151.33284 1103.43359  4.16%   4.9 5630s
 497651 82289 infeasible   82      1151.33284 1103.58145  4.15%   4.9 5657s
 498906 82013     cutoff   82      1151.33284 1103.80339  4.13%   4.9 5684s
 500191 81856 infeasible   61      1151.33284 1103.95425  4.12%   4.9 5709s
 501358 81598     cutoff   59      1151.33284 1104.19233  4.09%   4.9 5735s
 502702 81372     cutoff   57      1151.33284 1104.37124  4.08%   4.9 5762s
 503928 81085 1143.73497   46   12 1151.33284 1104.54292  4.06%   4.9 5789s
 505093 80778 infeasible   47      1151.33284 1104.83027  4.04%   4.9 5820s
 506409 80559 infeasible   55      1151.33284 1105.01954  4.02%   4.9 5854s
 506608 80582     cutoff   49      1151.33284 1105.02928  4.02%   4.9 5855s
 507624 80340 1121.21757   66   19 1151.33284 1105.23016  4.00%   4.9 5888s
 508943 80083     cutoff   56      1151.33284 1105.43817  3.99%   4.9 5920s
 510237 79825 infeasible   42      1151.33284 1105.66654  3.97%   4.9 5949s
 511492 79621 infeasible   55      1151.33284 1105.85321  3.95%   4.9 5977s
 512754 79679 infeasible   48      1151.33284 1106.07571  3.93%   4.9 6027s
 513028 79315     cutoff   46      1151.33284 1106.08277  3.93%   4.9 6065s
 514335 79073 infeasible   64      1151.33284 1106.29425  3.91%   4.9 6095s
 515576 78777 infeasible   57      1151.33284 1106.51154  3.89%   4.9 6126s
 516974 78484 infeasible   58      1151.33284 1106.74087  3.87%   4.9 6157s
 518345 78209 1151.04264   50    6 1151.33284 1106.77429  3.87%   4.9 6186s
 519534 77882 1136.32539   55    9 1151.33284 1107.03634  3.85%   4.9 6211s
 520708 77644 1122.39552   66    6 1151.33284 1107.17785  3.84%   4.9 6237s
 521918 77344     cutoff   68      1151.33284 1107.45238  3.81%   4.9 6262s
 523141 77063 1135.32658   52    6 1151.33284 1107.65687  3.79%   4.9 6289s
 524341 76799     cutoff   59      1151.33284 1107.90942  3.77%   4.9 6317s
 525559 76502     cutoff   56      1151.33284 1108.04322  3.76%   4.9 6343s
 526759 76273 infeasible   73      1151.33284 1108.20697  3.75%   4.9 6368s
 527973 75917     cutoff   54      1151.33284 1108.53405  3.72%   4.9 6397s
 529288 75980 infeasible   57      1151.33284 1108.60198  3.71%   4.9 6460s
 529488 75563 1138.99917   35    6 1151.33284 1108.79375  3.69%   4.9 6505s
 530883 75271 1138.48405   35    6 1151.33284 1108.87259  3.69%   4.9 6531s
 532120 74924 infeasible   54      1151.33284 1109.12200  3.67%   4.9 6558s
 533322 74588     cutoff   59      1151.33284 1109.44660  3.64%   4.9 6589s
 534627 74268     cutoff   59      1151.33284 1109.65705  3.62%   4.9 6621s
 535904 73988 infeasible   46      1151.33284 1109.76811  3.61%   4.9 6651s
 537116 73674     cutoff   60      1151.33284 1109.95363  3.59%   4.9 6679s
 538138 73789 1132.74759   37    9 1151.33284 1110.11950  3.58%   4.9 6680s
 538337 73403 infeasible   65      1151.33284 1110.24119  3.57%   4.9 6715s
 539499 73003 infeasible   67      1151.33284 1110.50710  3.55%   4.9 6745s
 540832 72644     cutoff   53      1151.33284 1110.55487  3.54%   4.9 6779s
 541126 72673 infeasible   47      1151.33284 1110.55487  3.54%   4.9 6780s
 542027 72345 infeasible   48      1151.33284 1110.92514  3.51%   4.9 6807s
 543252 71995 infeasible   60      1151.33284 1111.18061  3.49%   4.9 6838s
 544555 71614     cutoff   52      1151.33284 1111.38916  3.47%   4.9 6870s
 545730 71285 infeasible   55      1151.33284 1111.57308  3.45%   4.9 6898s
 546924 70914 infeasible   55      1151.33284 1111.73582  3.44%   4.9 6924s
 547840 71003     cutoff   55      1151.33284 1111.79349  3.43%   4.9 6925s
 548144 70570 1149.12012   50    6 1151.33284 1112.09966  3.41%   4.9 6954s
 549452 70298 1145.81136   59    6 1151.33284 1112.17234  3.40%   4.9 6980s
 550669 69927 infeasible   58      1151.33284 1112.56202  3.37%   4.9 7011s
 551972 69558     cutoff   58      1151.33284 1112.75643  3.35%   4.9 7049s
 553201 69138 infeasible   53      1151.33284 1113.00040  3.33%   4.9 7082s
 554467 68813 infeasible   53      1151.33284 1113.12249  3.32%   4.9 7115s
 555643 68468 infeasible   58      1151.33284 1113.33907  3.30%   5.0 7144s
 556850 68085 1149.63855   54   10 1151.33284 1113.66499  3.27%   5.0 7172s
 558133 67742 infeasible   40      1151.33284 1113.94369  3.25%   5.0 7200s

Cutting planes:
  Gomory: 5
  Zero half: 11
  RLT: 3
  Lazy constraints: 49844

Explored 559382 nodes (2769337 simplex iterations) in 7201.64 seconds
Thread count was 12 (of 12 available processors)

Solution count 7: 1151.33 1151.35 1156.17 ... 1351.74

Time limit reached
Best objective 1.151332839467e+03, best bound 1.114061417189e+03, gap 3.2372%

User-callback calls 2052814, time in user-callback 6.71 sec
/projects/academic/josewalt/caigao/RRARP_BD/BendersDecomp/ret/model_outs/n_18_m_3_algo_2.out
 =====>>>>> Solution is written to file in <../ret/model_outs> !!!
===>> All Done!
