NPROCS=0
This instance is clustered!
Gurobi Optimizer version 9.0.0 build v9.0.0rc2 (linux64)
Optimize a model with 42 rows, 442 columns and 882 nonzeros
Model fingerprint: 0xb999b862
Variable types: 1 continuous, 441 integer (441 binary)
Coefficient statistics:
  Matrix range     [1e+00, 1e+00]
  Objective range  [1e+00, 4e+02]
  Bounds range     [1e+00, 1e+00]
  RHS range        [1e+00, 1e+00]
Presolve removed 2 rows and 60 columns
Presolve time: 0.00s
Presolved: 40 rows, 382 columns, 762 nonzeros
Variable types: 1 continuous, 381 integer (381 binary)

Root relaxation: objective 7.936238e+02, 36 iterations, 0.00 seconds

    Nodes    |    Current Node    |     Objective Bounds      |     Work
 Expl Unexpl |  Obj  Depth IntInf | Incumbent    BestBd   Gap | It/Node Time

     0     0  997.35512    0   10          -  997.35512      -     -    0s
H    0     0                    1245.5790262  997.35512  19.9%     -    0s
     0     0 1004.79639    0   35 1245.57903 1004.79639  19.3%     -    0s
     0     0 1004.79639    0   35 1245.57903 1004.79639  19.3%     -    0s
     0     2 1004.79639    0   35 1245.57903 1004.79639  19.3%     -    0s
H 2906  1814                    1245.5790227 1051.03040  15.6%   3.8    2s
  7598  2568 1194.33803   25    6 1245.57902 1076.44477  13.6%   4.4    5s
 13502  4911     cutoff   47      1245.57902 1098.44040  11.8%   4.6   10s
 17065  6451 1143.49846   26   13 1245.57902 1106.37193  11.2%   4.7   15s
 20023  7765 1186.05278   27    - 1245.57902 1111.84452  10.7%   4.8   20s
 22179  8651 1153.48452   29   22 1245.57902 1114.90267  10.5%   4.8   25s
 24352  9448 1229.30491   31   14 1245.57902 1118.85835  10.2%   4.9   30s
 26491 10201 1232.27723   38    6 1245.57902 1121.28812  10.0%   4.9   35s
 28774 11034 1193.18875   46   19 1245.57902 1124.48469  9.72%   4.9   40s
 30507 11704     cutoff   40      1245.57902 1126.75153  9.54%   5.0   45s
 31092 11827 1130.85534   21    8 1245.57902 1126.85736  9.53%   4.9   50s
 31121 11859 1126.85736   24   43 1245.57902 1126.85736  9.53%   5.0   55s
 31318 11970 1145.75617   31   27 1245.57902 1126.85736  9.53%   5.0   60s
 32021 12128 1126.85736   43   32 1245.57902 1126.85736  9.53%   5.0   65s
 33120 12362 1126.85736   35   37 1245.57902 1126.85736  9.53%   4.9   70s
 34156 12523 1148.39518   54   29 1245.57902 1126.85736  9.53%   4.9   75s
 35963 12916 1146.45816   59   30 1245.57902 1126.85736  9.53%   4.9   80s
 37785 13351 1155.62305   33    6 1245.57902 1126.85736  9.53%   4.9   85s
 39189 13676 1195.66164   57   20 1245.57902 1126.85736  9.53%   4.9   90s
 40615 13801 1183.69681   48   46 1245.57902 1126.85736  9.53%   4.9   96s
 41636 14124 1200.50249   48   20 1245.57902 1126.85736  9.53%   4.9  101s
 43158 14328 1153.76478   38   24 1245.57902 1126.85736  9.53%   4.8  106s
 43893 14363     cutoff   48      1245.57902 1126.85736  9.53%   4.8  111s
 45068 14716 1154.90370   34    8 1245.57902 1126.85736  9.53%   4.8  116s
 46227 14975 1244.81489   49   24 1245.57902 1126.85736  9.53%   4.8  120s
 47539 15115     cutoff   51      1245.57902 1126.85736  9.53%   4.8  125s
 49256 15480     cutoff   53      1245.57902 1126.85736  9.53%   4.8  132s
 50827 15661     cutoff   44      1245.57902 1126.85736  9.53%   4.8  137s
 51422 15719 1237.07869   62   11 1245.57902 1126.85736  9.53%   4.8  141s
 53072 15905     cutoff   53      1245.57902 1126.85736  9.53%   4.8  147s
 53826 16073     cutoff   55      1245.57902 1126.85736  9.53%   4.8  150s
 55424 16243     cutoff   48      1245.57902 1126.85736  9.53%   4.8  157s
 56377 16250 infeasible   47      1245.57902 1126.85736  9.53%   4.8  160s
 57049 16307     cutoff   60      1245.57902 1126.85736  9.53%   4.8  165s
 58327 16640 infeasible   52      1245.57902 1126.85736  9.53%   4.7  174s
 59376 16786 infeasible   58      1245.57902 1126.85736  9.53%   4.7  178s
 60454 16878 1241.54805   55    6 1245.57902 1126.85736  9.53%   4.7  183s
 61613 16858 1173.65649   57   43 1245.57902 1126.85736  9.53%   4.7  188s
 62617 16905 1218.34347   45   18 1245.57902 1126.85736  9.53%   4.7  193s
 63749 16843 1170.39230   34   14 1245.57902 1127.06295  9.51%   4.7  197s
 64474 16945 infeasible   56      1245.57902 1128.45867  9.40%   4.7  202s
 65455 17050 1218.93606   52   18 1245.57902 1129.21701  9.34%   4.7  208s
 66625 17133 infeasible   53      1245.57902 1130.35723  9.25%   4.7  214s
 67797 17459 1234.97300   64   15 1245.57902 1131.51569  9.16%   4.7  220s
 68542 17878 1148.78541   55   30 1245.57902 1132.13581  9.11%   4.7  225s
 69633 18299     cutoff   67      1245.57902 1133.89824  8.97%   4.7  230s
 70758 18824     cutoff   55      1245.57902 1134.73425  8.90%   4.7  237s
 71889 19117     cutoff   64      1245.57902 1135.42449  8.84%   4.7  242s
 72598 19357 1156.14925   36   13 1245.57902 1136.50798  8.76%   4.7  247s
 73242 19632 infeasible   50      1245.57902 1136.99146  8.72%   4.7  253s
 74303 19998 1227.52223   49   15 1245.57902 1137.43633  8.68%   4.7  259s
 75284 20367 1194.62311   40   11 1245.57902 1138.70543  8.58%   4.7  265s
 76343 20718 1229.70480   52   19 1245.57902 1139.37321  8.53%   4.7  271s
 77497 21097 infeasible   53      1245.57902 1140.52987  8.43%   4.7  277s
 78328 21386 infeasible   52      1245.57902 1141.08531  8.39%   4.7  283s
 79372 21821 1150.22656   49   39 1245.57902 1141.81817  8.33%   4.7  289s
 80451 22116 1152.78699   34   15 1245.57902 1142.87044  8.25%   4.7  296s
 81478 22519     cutoff   53      1245.57902 1143.41027  8.20%   4.7  302s
 82504 22808     cutoff   49      1245.57902 1144.43032  8.12%   4.7  310s
 83495 23120 1168.14164   33   23 1245.57902 1145.06992  8.07%   4.7  316s
 84613 23374 1208.75574   45   21 1245.57902 1146.17693  7.98%   4.7  323s
 85439 23595     cutoff   53      1245.57902 1146.61156  7.95%   4.7  329s
 86437 23878 1211.14552   52    8 1245.57902 1147.18898  7.90%   4.7  336s
 87231 24134 1229.21780   53    - 1245.57902 1147.66991  7.86%   4.7  344s
 87848 24380     cutoff   53      1245.57902 1147.94746  7.84%   4.7  351s
 88938 24711 1187.91056   35   10 1245.57902 1148.27036  7.81%   4.7  359s
 89957 25029 1229.75790   40   36 1245.57902 1149.25871  7.73%   4.7  366s
 91181 25350     cutoff   47      1245.57902 1149.63896  7.70%   4.7  374s
 92270 25710 1242.95005   52    - 1245.57902 1150.70258  7.62%   4.7  381s
 93182 25894 infeasible   53      1245.57902 1151.09878  7.59%   4.7  389s
 94200 26135 1233.45546   55    6 1245.57902 1151.81805  7.53%   4.7  397s
 95381 26438     cutoff   53      1245.57902 1152.39178  7.48%   4.7  405s
 96481 26728 1200.63474   58   14 1245.57902 1153.12770  7.42%   4.7  412s
 97399 27021 1188.55870   36    - 1245.57902 1153.62400  7.38%   4.7  420s
 98562 27299 1231.87559   42   21 1245.57902 1154.32186  7.33%   4.7  428s
 99751 27586     cutoff   48      1245.57902 1154.56520  7.31%   4.7  436s
 100765 27810 1236.51748   49    7 1245.57902 1155.47318  7.23%   4.7  445s
 101410 27970 infeasible   51      1245.57902 1155.71309  7.21%   4.7  455s
 102206 28188     cutoff   52      1245.57902 1156.22831  7.17%   4.7  466s
 103365 28553 1205.05071   58   15 1245.57902 1156.70805  7.13%   4.7  478s
 104532 28820 1178.79697   49    6 1245.57902 1157.31804  7.09%   4.7  489s
 105007 28999     cutoff   59      1245.57902 1157.57821  7.07%   4.7  501s
 106250 29272 1168.51989   36   50 1245.57902 1157.91091  7.04%   4.7  512s
 107388 29567 infeasible   46      1245.57902 1158.75002  6.97%   4.7  521s
 108303 29794 infeasible   50      1245.57902 1159.42484  6.92%   4.7  530s
 109411 30018 1226.51652   62   18 1245.57902 1159.48634  6.91%   4.7  540s
 110356 30258     cutoff   55      1245.57902 1160.07334  6.86%   4.7  550s
 111578 30586 1224.37572   46    7 1245.57902 1160.83696  6.80%   4.7  559s
 112591 30795     cutoff   61      1245.57902 1161.53633  6.75%   4.7  569s
 113826 31039 1198.99635   36   28 1245.57902 1161.63370  6.74%   4.7  578s
 114672 31229     cutoff   54      1245.57902 1162.30621  6.69%   4.7  587s
 115916 31405 1173.59890   33   38 1245.57902 1162.76250  6.65%   4.7  598s
 116809 31658     cutoff   49      1245.57902 1163.22650  6.61%   4.7  608s
 117914 31951     cutoff   49      1245.57902 1163.63739  6.58%   4.7  619s
 119101 32203 infeasible   60      1245.57902 1164.26497  6.53%   4.7  629s
 120055 32347     cutoff   51      1245.57902 1164.41428  6.52%   4.7  640s
 121165 32574 1193.87394   63   10 1245.57902 1164.67722  6.50%   4.7  651s
 122323 32766 1196.29430   64   21 1245.57902 1165.29724  6.45%   4.7  663s
 123313 32976     cutoff   67      1245.57902 1165.75454  6.41%   4.7  679s
 124061 33125     cutoff   48      1245.57902 1166.05883  6.38%   4.7  693s
 124989 33354     cutoff   42      1245.57902 1166.66101  6.34%   4.7  708s
 126268 33544 infeasible   40      1245.57902 1166.89896  6.32%   4.7  723s
 127209 33775 1219.33684   48    - 1245.57902 1167.34747  6.28%   4.7  738s
 128464 33974 1232.47186   48   16 1245.57902 1168.09655  6.22%   4.7  750s
 129414 34130 infeasible   46      1245.57902 1168.48703  6.19%   4.7  765s
 130617 34303 1212.88805   40    7 1245.57902 1168.80555  6.16%   4.7  779s
 131518 34484 infeasible   46      1245.57902 1169.22707  6.13%   4.7  796s
 132819 34696     cutoff   51      1245.57902 1169.89038  6.08%   4.7  810s
 134021 34940 1204.22373   46   20 1245.57902 1170.29774  6.04%   4.7  821s
 134982 35105 1218.65383   47    7 1245.57902 1170.52093  6.03%   4.7  835s
 136135 35272 1238.03797   31    6 1245.57902 1171.05214  5.98%   4.7  850s
 137174 35384     cutoff   47      1245.57902 1171.35406  5.96%   4.7  864s
 138388 35569     cutoff   53      1245.57902 1171.69637  5.93%   4.7  877s
 139351 35765 1204.47523   56   22 1245.57902 1171.92439  5.91%   4.7  893s
 140639 35945 1225.73893   57   12 1245.57902 1172.64006  5.86%   4.7  910s
 141203 35923 1188.36498   46   34 1245.57902 1172.83798  5.84%   4.7  926s
 142229 36093 1191.81785   49   15 1245.57902 1173.35149  5.80%   4.7  942s
 143374 36187     cutoff   54      1245.57902 1173.60508  5.78%   4.7  958s
 144381 36336     cutoff   51      1245.57902 1173.98764  5.75%   4.7  975s
 145690 36552     cutoff   50      1245.57902 1174.55874  5.70%   4.7  991s
 146728 36689 1223.04812   49   15 1245.57902 1175.12232  5.66%   4.7 1007s
 147972 36819 infeasible   35      1245.57902 1175.32127  5.64%   4.7 1022s
 148951 36913     cutoff   51      1245.57902 1175.61518  5.62%   4.7 1038s
 150027 37114     cutoff   57      1245.57902 1175.91431  5.59%   4.7 1054s
 151219 37254 infeasible   50      1245.57902 1176.46783  5.55%   4.7 1073s
 152199 37331 infeasible   52      1245.57902 1176.86370  5.52%   4.7 1090s
 153342 37485 1229.34411   55   25 1245.57902 1177.18879  5.49%   4.7 1107s
 154531 37611     cutoff   44      1245.57902 1177.61364  5.46%   4.7 1124s
 155510 37694     cutoff   53      1245.57902 1177.98292  5.43%   4.7 1141s
 156640 37860 1227.12042   40    8 1245.57902 1178.30843  5.40%   4.7 1158s
 157843 38005 1239.97523   41   11 1245.57902 1178.51645  5.38%   4.7 1179s
 158447 37986 infeasible   50      1245.57902 1178.88053  5.35%   4.7 1197s
 159457 38160 infeasible   50      1245.57902 1179.21494  5.33%   4.7 1217s
 160734 38283 1220.63991   56   21 1245.57902 1179.47940  5.31%   4.7 1234s
 161741 38414     cutoff   52      1245.57902 1179.95459  5.27%   4.7 1251s
 162545 38414 1244.52116   38   16 1245.57902 1180.33054  5.24%   4.7 1272s
 163663 38510 1236.97129   47   10 1245.57902 1180.58924  5.22%   4.7 1289s
 164759 38607 1197.19338   52   10 1245.57902 1180.92149  5.19%   4.7 1308s
 165915 38701     cutoff   54      1245.57902 1181.29949  5.16%   4.7 1328s
 167025 38771 infeasible   55      1245.57902 1181.69060  5.13%   4.7 1354s
 168167 38889 1232.97259   51    6 1245.57902 1182.01131  5.10%   4.7 1373s
 169546 39043 1216.20428   61   11 1245.57902 1182.39861  5.07%   4.7 1392s
 170576 39061 infeasible   62      1245.57902 1182.69653  5.05%   4.7 1413s
 171720 39104 infeasible   53      1245.57902 1183.19436  5.01%   4.7 1435s
 172899 39227 1196.25844   39   10 1245.57902 1183.65426  4.97%   4.7 1457s
 174010 39280 1241.14378   52   10 1245.57902 1183.92278  4.95%   4.7 1484s
 175049 39361 infeasible   53      1245.57902 1184.50680  4.90%   4.7 1509s
 176100 39591 infeasible   56      1245.57902 1184.61382  4.89%   4.7 1510s
 176203 39417     cutoff   53      1245.57902 1184.61382  4.89%   4.7 1531s
 177382 39507     cutoff   53      1245.57902 1185.04207  4.86%   4.7 1552s
 178240 39513     cutoff   51      1245.57902 1185.31756  4.84%   4.7 1573s
 179322 39534 1228.50813   49    8 1245.57902 1185.75213  4.80%   4.7 1595s
 180453 39600 infeasible   50      1245.57902 1186.14492  4.77%   4.7 1617s
 181457 39651     cutoff   59      1245.57902 1186.66140  4.73%   4.7 1641s
 182512 39768 infeasible   60      1245.57902 1186.72278  4.73%   4.7 1666s
 183722 39845 1230.77421   52   16 1245.57902 1187.26592  4.68%   4.7 1692s
 184960 39901 infeasible   50      1245.57902 1187.54263  4.66%   4.7 1717s
 186099 39978 infeasible   49      1245.57902 1187.97149  4.62%   4.7 1744s
 187174 40074 infeasible   49      1245.57902 1188.03044  4.62%   4.7 1769s
 187858 40026 1210.89850   36   18 1245.57902 1188.61455  4.57%   4.7 1795s
 188978 40049 1231.64413   53   19 1245.57902 1188.92581  4.55%   4.7 1815s
 190175 40112 infeasible   53      1245.57902 1189.12692  4.53%   4.7 1837s
 191290 40104 1242.91479   38    6 1245.57902 1189.66665  4.49%   4.7 1859s
 192513 40167     cutoff   48      1245.57902 1189.84763  4.47%   4.7 1880s
 193623 40161 1202.92286   46   15 1245.57902 1189.93637  4.47%   4.7 1901s
 194964 40226 1210.43724   35    9 1245.57902 1190.54687  4.42%   4.7 1923s
 196050 40200 1235.47921   46   10 1245.57902 1190.83701  4.39%   4.7 1955s
 197141 40258 1226.93780   54   32 1245.57902 1191.35520  4.35%   4.7 1980s
 198291 40213 1230.02002   49   22 1245.57902 1191.58978  4.33%   4.7 2003s
 199420 40273     cutoff   52      1245.57902 1192.11926  4.29%   4.7 2025s
 200510 40323 1211.40721   55   11 1245.57902 1192.41453  4.27%   4.7 2047s
 201715 40350 1236.76186   56    6 1245.57902 1192.71239  4.24%   4.7 2071s
 202802 40412     cutoff   58      1245.57902 1193.02098  4.22%   4.7 2094s
 203903 40469 1212.48843   49    8 1245.57902 1193.49034  4.18%   4.7 2118s
 204808 40426 1230.23072   58   19 1245.57902 1193.74357  4.16%   4.7 2141s
 205934 40427 1230.75247   54   16 1245.57902 1194.35639  4.11%   4.7 2163s
 207181 40458 infeasible   55      1245.57902 1194.45357  4.10%   4.7 2186s
 208312 40410 1228.64831   58   10 1245.57902 1194.86017  4.07%   4.7 2211s
 209478 40356 1232.67509   59    8 1245.57902 1195.19708  4.04%   4.7 2236s
 210592 40354 infeasible   60      1245.57902 1195.52680  4.02%   4.7 2261s
 211697 40301 infeasible   54      1245.57902 1195.94564  3.98%   4.7 2284s
 212895 40290     cutoff   48      1245.57902 1196.28663  3.96%   4.7 2310s
 213989 40272 1232.44086   47   11 1245.57902 1196.74761  3.92%   4.7 2338s
 215204 40335 1239.60546   52    8 1245.57902 1197.16477  3.89%   4.6 2367s
 216036 40255 1231.00722   53   18 1245.57902 1197.32317  3.87%   4.6 2393s
 217189 40172 1238.17795   64   10 1245.57902 1197.58964  3.85%   4.6 2422s
 218406 40155     cutoff   65      1245.57902 1197.86387  3.83%   4.6 2454s
 219532 40115     cutoff   65      1245.57902 1198.39725  3.79%   4.6 2479s
 220660 40093     cutoff   48      1245.57902 1198.65817  3.77%   4.6 2503s
 221861 40049 1238.40028   52    6 1245.57902 1199.06687  3.73%   4.6 2528s
 223005 40061     cutoff   51      1245.57902 1199.43145  3.70%   4.6 2554s
 224217 40127     cutoff   48      1245.57902 1199.64239  3.69%   4.6 2581s
 224872 39929 infeasible   55      1245.57902 1200.01854  3.66%   4.6 2606s
 226057 39830 infeasible   53      1245.57902 1200.37184  3.63%   4.6 2633s
 227209 39834 infeasible   50      1245.57902 1200.58731  3.61%   4.6 2659s
 227896 40012 infeasible   51      1245.57902 1200.71609  3.60%   4.6 2660s
 228183 39701 1232.48306   52    - 1245.57902 1201.10987  3.57%   4.6 2685s
 229362 39663 1232.80775   52   15 1245.57902 1201.49635  3.54%   4.6 2711s
 230567 39631     cutoff   54      1245.57902 1201.68742  3.52%   4.6 2742s
 231822 39564 infeasible   40      1245.57902 1202.27183  3.48%   4.6 2773s
 232963 39439     cutoff   49      1245.57902 1202.49801  3.46%   4.6 2802s
 234117 39309 1209.55427   50   42 1245.57902 1202.84660  3.43%   4.6 2830s
 235364 39248 infeasible   54      1245.57902 1203.21746  3.40%   4.6 2860s
 236517 39188     cutoff   66      1245.57902 1203.63007  3.37%   4.6 2897s
 237706 39152 infeasible   36      1245.57902 1204.15842  3.33%   4.6 2935s
 238722 38999 infeasible   48      1245.57902 1204.53798  3.29%   4.6 2974s
 239952 38925     cutoff   52      1245.57902 1204.75267  3.28%   4.6 3004s
 241110 38812 1216.99058   44   10 1245.57902 1205.06839  3.25%   4.6 3032s
 242289 38708 infeasible   53      1245.57902 1205.44313  3.22%   4.6 3062s
 243525 38653 1244.89998   52   29 1245.57902 1205.73022  3.20%   4.6 3099s
 244695 38504     cutoff   49      1245.57902 1206.26473  3.16%   4.6 3126s
 245876 38434 infeasible   55      1245.57902 1206.41767  3.14%   4.6 3155s
 247087 38357     cutoff   53      1245.57902 1206.81355  3.11%   4.6 3184s
 248247 38235     cutoff   55      1245.57902 1207.22696  3.08%   4.6 3214s
 249403 38139 infeasible   55      1245.57902 1207.54406  3.05%   4.6 3241s
 250539 37992 infeasible   57      1245.57902 1208.15297  3.00%   4.6 3269s
 251775 38084     cutoff   51      1245.57902 1208.59768  2.97%   4.6 3297s
 252480 37813 infeasible   52      1245.57902 1208.79485  2.95%   4.6 3325s
 253643 37636     cutoff   48      1245.57902 1209.15575  2.92%   4.6 3354s
 254850 37525 infeasible   55      1245.57902 1209.63240  2.89%   4.6 3382s
 256086 37400     cutoff   58      1245.57902 1209.78091  2.87%   4.6 3411s
 257239 37271 infeasible   40      1245.57902 1210.26221  2.84%   4.6 3442s
 258390 36988     cutoff   56      1245.57902 1210.57846  2.81%   4.6 3470s
 259558 36737 infeasible   53      1245.57902 1211.08999  2.77%   4.6 3500s
 260800 36487     cutoff   48      1245.57902 1211.43552  2.74%   4.6 3533s
 261962 36276 1239.83087   52   10 1245.57902 1211.97444  2.70%   4.5 3564s
 263092 36046 infeasible   53      1245.57902 1212.23571  2.68%   4.5 3598s
H263093 36046                    1245.5781706 1212.23571  2.68%   4.5 3599s
 264216 35934     cutoff   49      1245.57817 1212.54926  2.65%   4.5 3632s
H264217 35934                    1245.5777044 1212.54926  2.65%   4.5 3633s
H264549 36007                    1245.5773838 1212.55734  2.65%   4.5 3633s
 265101 35626 infeasible   52      1245.57738 1212.95227  2.62%   4.5 3662s
 266277 35397     cutoff   61      1245.57738 1213.26025  2.59%   4.5 3690s
 267527 35116 infeasible   52      1245.57738 1213.86641  2.55%   4.5 3720s
 268700 34853 1231.64043   43   10 1245.57738 1214.21972  2.52%   4.5 3750s
 269872 34820 infeasible   58      1245.57738 1214.58058  2.49%   4.5 3792s
 270489 34419 1228.60929   45   18 1245.57738 1214.94285  2.46%   4.5 3828s
 271708 34159 infeasible   51      1245.57738 1215.03835  2.45%   4.5 3861s
 272901 33826 infeasible   51      1245.57738 1215.81020  2.39%   4.5 3890s
 274175 33547 1222.78532   49   16 1245.57738 1216.23226  2.36%   4.5 3930s
 275327 33230     cutoff   54      1245.57738 1216.84360  2.31%   4.5 3970s
 276537 32959     cutoff   54      1245.57738 1217.08449  2.29%   4.5 4013s
 277704 32599 infeasible   56      1245.57738 1217.74526  2.23%   4.5 4046s
 278897 32285 infeasible   57      1245.57738 1217.86274  2.23%   4.5 4077s
 280080 32011 infeasible   55      1245.57738 1218.45489  2.18%   4.5 4110s
 281247 31641 infeasible   46      1245.57738 1218.85685  2.15%   4.5 4139s
 282454 31378     cutoff   59      1245.57738 1219.31395  2.11%   4.5 4170s
 283629 31033 1240.86800   54    8 1245.57738 1219.72132  2.08%   4.5 4203s
 284823 30651 infeasible   40      1245.57738 1220.09435  2.05%   4.5 4233s
 286007 30278     cutoff   35      1245.57738 1220.49551  2.01%   4.5 4262s
 287204 29938 1238.98166   51    8 1245.57738 1221.23635  1.95%   4.5 4292s
 288446 29615 infeasible   56      1245.57738 1221.65406  1.92%   4.5 4322s
 289625 29272     cutoff   53      1245.57738 1221.98538  1.89%   4.5 4354s
 290824 28926 1237.75336   54   13 1245.57738 1222.52708  1.85%   4.5 4386s
 292032 28581 infeasible   54      1245.57738 1222.98147  1.81%   4.5 4424s
 293205 28195 infeasible   40      1245.57738 1223.32135  1.79%   4.5 4454s
 293889 28332     cutoff   53      1245.57738 1223.32135  1.79%   4.5 4455s
 294382 27830 infeasible   52      1245.57738 1223.71755  1.75%   4.5 4488s
 295576 27469     cutoff   47      1245.57738 1224.20067  1.72%   4.4 4528s
 296746 27074     cutoff   48      1245.57738 1224.75798  1.67%   4.4 4558s
 297940 26669 infeasible   62      1245.57738 1225.18480  1.64%   4.4 4593s
 299119 26256     cutoff   51      1245.57738 1225.64597  1.60%   4.4 4624s
 300288 25824 infeasible   47      1245.57738 1226.22059  1.55%   4.4 4659s
 301463 25356 1240.56438   38    6 1245.57738 1226.53581  1.53%   4.4 4690s
 302643 25298 infeasible   53      1245.57738 1226.96258  1.49%   4.4 4766s
 303076 24665 infeasible   48      1245.57738 1227.44804  1.46%   4.4 4813s
 304245 24134 infeasible   41      1245.57738 1227.53512  1.45%   4.4 4849s
 305053 24278 1240.98071   55   29 1245.57738 1227.76634  1.43%   4.4 4850s
 305461 23639 1238.47507   33   18 1245.57738 1228.19778  1.40%   4.4 4881s
 306705 23097 infeasible   44      1245.57738 1228.77784  1.35%   4.4 4912s
 307923 22522 1234.16943   52    - 1245.57738 1229.19995  1.31%   4.4 4948s
 309142 21988 infeasible   52      1245.57738 1229.69117  1.28%   4.4 4981s
 310317 21368 1244.35099   61    6 1245.57738 1230.19292  1.24%   4.4 5013s
 311521 20761 infeasible   49      1245.57738 1230.74811  1.19%   4.4 5051s
 312721 20124 infeasible   39      1245.57738 1231.43844  1.14%   4.4 5083s
 313903 19456 1239.65983   51   10 1245.57738 1231.70596  1.11%   4.4 5114s
 315107 18832     cutoff   52      1245.57738 1232.20066  1.07%   4.4 5148s
 316292 18162 infeasible   46      1245.57738 1232.78073  1.03%   4.4 5184s
 317485 17479 infeasible   53      1245.57738 1233.28037  0.99%   4.4 5215s
 318673 16781     cutoff   47      1245.57738 1233.95100  0.93%   4.4 5251s
 319833 16031     cutoff   47      1245.57738 1234.68752  0.87%   4.4 5283s
 321044 15278 infeasible   53      1245.57738 1235.07338  0.84%   4.4 5313s
 322246 14529 infeasible   44      1245.57738 1235.73291  0.79%   4.4 5344s
 323432 14130 infeasible   47      1245.57738 1236.40131  0.74%   4.3 5380s
 324188 13253 1242.82115   42   12 1245.57738 1236.81820  0.70%   4.3 5413s
 325387 12390 1239.84800   43   18 1245.57738 1237.18898  0.67%   4.3 5445s
 326605 11497 infeasible   49      1245.57738 1237.90138  0.62%   4.3 5477s
 327810 10609 infeasible   36      1245.57738 1238.31681  0.58%   4.3 5508s
 329025  9671     cutoff   49      1245.57738 1238.94138  0.53%   4.3 5539s
 330247  8730 infeasible   45      1245.57738 1239.53884  0.48%   4.3 5579s
 331442  7774 infeasible   44      1245.57738 1240.36202  0.42%   4.3 5610s
 332621  6772 infeasible   45      1245.57738 1240.83066  0.38%   4.3 5643s
 333834  5738 infeasible   49      1245.57738 1241.34950  0.34%   4.3 5677s
 335040  4695 infeasible   46      1245.57738 1241.85063  0.30%   4.3 5709s
 336235  3603 infeasible   41      1245.57738 1242.51181  0.25%   4.3 5740s
 337431  2492     cutoff   54      1245.57738 1243.13997  0.20%   4.3 5779s
 338633  1368 infeasible   47      1245.57738 1243.76894  0.15%   4.3 5807s
 339822   200 1245.09531   44    6 1245.57738 1244.35062  0.10%   4.3 5837s
 341024     0     cutoff   46      1245.57738 1244.89493  0.05%   4.3 5854s

Cutting planes:
  Lazy constraints: 57770

Explored 341243 nodes (1461663 simplex iterations) in 5855.42 seconds
Thread count was 12 (of 12 available processors)

Solution count 1: 1245.58 

Optimal solution found (tolerance 1.00e-04)
Best objective 1.245577383759e+03, best bound 1.245508837107e+03, gap 0.0055%

User-callback calls 1636607, time in user-callback 6.81 sec
/projects/academic/josewalt/caigao/RRARP_BD/BendersDecomp/ret/model_outs/n_19_m_3_algo_2.out
 =====>>>>> Solution is written to file in <../ret/model_outs> !!!
===>> All Done!
