NPROCS=0
This instance is clustered!
Gurobi Optimizer version 9.0.0 build v9.0.0rc2 (linux64)
Optimize a model with 44 rows, 485 columns and 968 nonzeros
Model fingerprint: 0xcde0ab75
Variable types: 1 continuous, 484 integer (484 binary)
Coefficient statistics:
  Matrix range     [1e+00, 1e+00]
  Objective range  [1e+00, 4e+02]
  Bounds range     [1e+00, 1e+00]
  RHS range        [1e+00, 1e+00]
Presolve removed 2 rows and 63 columns
Presolve time: 0.01s
Presolved: 42 rows, 422 columns, 842 nonzeros
Variable types: 1 continuous, 421 integer (421 binary)

Root relaxation: objective 7.134859e+02, 33 iterations, 0.00 seconds

    Nodes    |    Current Node    |     Objective Bounds      |     Work
 Expl Unexpl |  Obj  Depth IntInf | Incumbent    BestBd   Gap | It/Node Time

     0     0  776.84715    0   14          -  776.84715      -     -    0s
 done with super cut 0
 done with super cut 1
 done with super cut 2
     0     0  828.98991    0   10          -  828.98991      -     -    1s
 done with super cut 3
 done with super cut 4
 done with super cut 5
     0     2  835.45036    0   38          -  835.45036      -     -    9s
 done with super cut 6
 done with super cut 7
 done with super cut 8
 done with super cut 9
 done with super cut 10
    39    44  863.05316    6   46          -  863.05316      -   5.7   27s
H 1929  1569                    1950.1169996  883.41619  54.7%   5.7   28s
H 1932  1492                    1843.6674695  883.41619  52.1%   5.6   28s
H 1939  1421                    1536.2933389  895.66633  41.7%   5.6   28s
H 1939  1350                    1414.0797509  895.66633  36.7%   5.6   28s
H 1942  1284                    1401.4070127  899.56669  35.8%   5.6   28s
H 1950  1225                    1316.4723592  901.74666  31.5%   5.6   29s
  2621  1622     cutoff   39      1316.47236  932.58010  29.2%   6.8   30s
 16063  9837     cutoff   56      1316.47236 1009.11626  23.3%   7.3   35s
 27892 17720 1129.93526   45   12 1316.47236 1024.13582  22.2%   7.4   40s
 32051 20842     cutoff   60      1316.47236 1027.92824  21.9%   7.4   45s
 41801 27651 1295.67537   66   27 1316.47236 1035.51315  21.3%   7.2   50s
 49419 32295     cutoff   64      1316.47236 1040.05129  21.0%   7.2   55s
 55460 36431     cutoff   79      1316.47236 1043.09739  20.8%   7.3   60s
 62500 40685 1290.86344   56   10 1316.47236 1046.57700  20.5%   7.3   65s
 67786 44336     cutoff   45      1316.47236 1048.82426  20.3%   7.2   70s
 72292 47722     cutoff   74      1316.47236 1050.62235  20.2%   7.2   75s
 76373 49702 1229.91462   46   10 1316.47236 1052.21758  20.1%   7.3  150s
 76382 49708 1265.06718   49   60 1316.47236 1052.21758  20.1%   7.3  156s
 76389 49713 1281.45757   65   65 1316.47236 1052.21758  20.1%   7.3  160s
 76391 49714 1190.55087   43   65 1316.47236 1052.21758  20.1%   7.2  165s
 76395 49720 1052.21758   23   60 1316.47236 1052.21758  20.1%   7.3  171s
 76539 49819 1052.21758   31   47 1316.47236 1052.21758  20.1%   7.3  175s
 76680 49898 1125.26341   35   32 1316.47236 1052.21758  20.1%   7.3  182s
 76989 50033 1256.34562   44   20 1316.47236 1052.21758  20.1%   7.3  185s
 78743 50800 1122.70129   35   35 1316.47236 1052.21758  20.1%   7.3  190s
 81691 52176 1215.41602   74   35 1316.47236 1052.21758  20.1%   7.4  195s
 86362 54154 1302.61816   73   14 1316.47236 1052.21758  20.1%   7.3  200s
 89781 55295     cutoff   50      1316.47236 1052.21758  20.1%   7.3  206s
 91593 56396     cutoff  123      1316.47236 1052.21758  20.1%   7.3  210s
 95530 58358 1289.44182   64    4 1316.47236 1052.21758  20.1%   7.3  215s
H96625 55690                    1316.4722393 1052.21758  20.1%   7.3  219s
 96719 56473 1258.84893   42   26 1316.47224 1052.21758  20.1%   7.3  220s
 100563 57950 1195.04408   58   25 1316.47224 1052.21758  20.1%   7.3  225s
 104983 59469     cutoff   83      1316.47224 1052.21758  20.1%   7.3  231s
 108052 61018 1113.93012   34   40 1316.47224 1052.21758  20.1%   7.3  236s
 111716 62403     cutoff   54      1316.47224 1052.21758  20.1%   7.3  240s
 115500 63822     cutoff   72      1316.47224 1052.21758  20.1%   7.3  245s
 120226 65613 infeasible   72      1316.47224 1052.21758  20.1%   7.2  251s
 123890 66680     cutoff   87      1316.47224 1052.21758  20.1%   7.2  256s
 126176 67879     cutoff   75      1316.47224 1053.61558  20.0%   7.2  260s
 129665 69278     cutoff  103      1316.47224 1055.79324  19.8%   7.2  265s
 133282 70348 1240.90288   62   30 1316.47224 1057.63448  19.7%   7.2  270s
 136588 71561     cutoff   47      1316.47224 1059.31030  19.5%   7.2  276s
 138601 72219 1314.46814   60   29 1316.47224 1060.43985  19.4%   7.2  280s
 142470 72946     cutoff   65      1316.47224 1061.99111  19.3%   7.2  287s
 142528 73688 1287.78025   64   18 1316.47224 1062.19328  19.3%   7.2  290s
 145968 75031     cutoff   69      1316.47224 1063.95795  19.2%   7.2  295s
 149413 76289 1172.86776   50   39 1316.47224 1065.49212  19.1%   7.2  301s
 151400 76872 1104.25148   41   39 1316.47224 1066.26796  19.0%   7.2  305s
 154956 78115 1265.59758   67   25 1316.47224 1067.61767  18.9%   7.2  312s
 157125 78871     cutoff   65      1316.47224 1068.45086  18.8%   7.2  315s
 160811 80138     cutoff   54      1316.47224 1069.91697  18.7%   7.2  320s
 164474 81359 1289.03769   54    6 1316.47224 1070.92991  18.7%   7.1  326s
 167987 82763 infeasible  115      1316.47224 1072.31181  18.5%   7.1  332s
 170075 83197     cutoff   72      1316.47224 1072.98752  18.5%   7.1  336s
 172292 83770     cutoff   66      1316.47224 1073.61930  18.4%   7.1  341s
 174222 84582 1197.35647   52   29 1316.47224 1074.32633  18.4%   7.2  345s
 176292 85140     cutoff   60      1316.47224 1075.02467  18.3%   7.2  350s
 180029 86432     cutoff   64      1316.47224 1076.26411  18.2%   7.2  356s
H181594 84231                    1316.4719293 1076.67773  18.2%   7.2  358s
 182288 84535     cutoff   86      1316.47193 1076.99169  18.2%   7.2  362s
 183047 85251 1310.51231   78   25 1316.47193 1077.14925  18.2%   7.2  365s
 186893 86583     cutoff   90      1316.47193 1078.01350  18.1%   7.2  371s
 189403 87565     cutoff   66      1316.47193 1078.99620  18.0%   7.2  375s
 193326 88763 1259.80948   41   17 1316.47193 1079.93089  18.0%   7.1  381s
 195616 89535     cutoff   61      1316.47193 1080.47888  17.9%   7.1  385s
 197843 90002 1297.58211   85   24 1316.47193 1080.99409  17.9%   7.2  390s
 199875 90610 infeasible   66      1316.47193 1081.61375  17.8%   7.2  395s
 203590 92162 infeasible   85      1316.47193 1082.63349  17.8%   7.2  401s
 206088 92947 1220.87778   78   28 1316.47193 1083.27564  17.7%   7.2  406s
 208413 93541     cutoff   93      1316.47193 1083.90526  17.7%   7.2  411s
 210385 94177 infeasible   53      1316.47193 1084.38871  17.6%   7.2  415s
 212849 95730 1282.72235   98   29 1316.47193 1085.12460  17.6%   7.2  420s
 215334 97329 infeasible   71      1316.47193 1085.74214  17.5%   7.2  426s
 217515 98911 1299.13715  111    6 1316.47193 1086.17744  17.5%   7.2  431s
 219623 99950     cutoff   56      1316.47193 1086.62867  17.5%   7.2  435s
 221669 101493 1297.47906   74   10 1316.47193 1086.99682  17.4%   7.2  441s
 224151 103127 1304.59113  112   15 1316.47193 1087.53887  17.4%   7.2  446s
 226514 104629     cutoff   81      1316.47193 1088.10296  17.3%   7.2  451s
 228855 106132     cutoff   81      1316.47193 1088.62995  17.3%   7.2  456s
 231187 107292     cutoff   73      1316.47193 1089.15912  17.3%   7.2  462s
 232146 107977     cutoff   74      1316.47193 1089.33518  17.3%   7.2  465s
 234154 109170 1296.38267   59   10 1316.47193 1089.78416  17.2%   7.2  471s
 236718 110089     cutoff   69      1316.47193 1090.38075  17.2%   7.2  480s
H236790 110089                    1316.4717912 1090.39597  17.2%   7.2  480s
 238128 111808     cutoff   61      1316.47179 1090.69880  17.1%   7.2  486s
 240482 113030     cutoff  113      1316.47179 1091.15859  17.1%   7.2  492s
 241671 113467 1187.65010   39   30 1316.47179 1091.50769  17.1%   7.2  496s
 243848 114931 1245.40320   64   33 1316.47179 1091.92561  17.1%   7.2  502s
 244982 115702     cutoff   86      1316.47179 1092.28637  17.0%   7.2  505s
 247321 117057     cutoff   91      1316.47179 1092.73440  17.0%   7.2  512s
 248380 117632     cutoff   68      1316.47179 1092.89491  17.0%   7.2  515s
 250611 118338     cutoff   75      1316.47179 1093.25308  17.0%   7.2  524s
 250655 119010 1102.75264   42   46 1316.47179 1093.28955  17.0%   7.2  527s
 251895 119768     cutoff   65      1316.47179 1093.52066  16.9%   7.2  531s
 254217 121127     cutoff   77      1316.47179 1094.03776  16.9%   7.2  537s
 255392 121946 1268.16343   88   25 1316.47179 1094.16914  16.9%   7.2  540s
 258045 123392     cutoff   75      1316.47179 1094.81035  16.8%   7.2  546s
 260210 124710 1288.24651   57   24 1316.47179 1095.01171  16.8%   7.2  552s
 262499 126102 1267.16220   63   28 1316.47179 1095.37177  16.8%   7.2  557s
 263706 126766 1283.20707   76   26 1316.47179 1095.57577  16.8%   7.2  560s
 266195 128417     cutoff   50      1316.47179 1096.12745  16.7%   7.2  566s
 268662 129907     cutoff   77      1316.47179 1096.54635  16.7%   7.2  571s
 271118 131267     cutoff  113      1316.47179 1096.96925  16.7%   7.2  577s
 273388 132661     cutoff   78      1316.47179 1097.39095  16.6%   7.2  583s
 274573 133088     cutoff   70      1316.47179 1097.68295  16.6%   7.2  586s
 276006 133768     cutoff   56      1316.47179 1097.94686  16.6%   7.2  591s
 277157 134445 infeasible   72      1316.47179 1098.11295  16.6%   7.2  597s
 277650 134782     cutoff   64      1316.47179 1098.27005  16.6%   7.2  600s
 278275 135638     cutoff   63      1316.47179 1098.36303  16.6%   7.2  605s
 281001 137017 1196.03442   36   26 1316.47179 1098.74685  16.5%   7.2  612s
 282175 137836 1201.57659   49   24 1316.47179 1098.93361  16.5%   7.3  615s
 285018 139831     cutoff   77      1316.47179 1099.39100  16.5%   7.3  621s
 287401 141233 1253.84963   49   28 1316.47179 1099.81130  16.5%   7.3  628s
 288745 141764     cutoff   79      1316.47179 1100.07062  16.4%   7.3  631s
 291225 143035 1267.26239   74   24 1316.47179 1100.54707  16.4%   7.3  638s
 292247 143442     cutoff   64      1316.47179 1100.74586  16.4%   7.3  641s
 293286 144066 1161.40075   55   22 1316.47179 1100.88777  16.4%   7.3  645s
 295851 145203 1120.00377   39   31 1316.47179 1101.30373  16.3%   7.3  650s
 297702 145870 1296.73944   65   30 1316.47179 1101.61893  16.3%   7.3  663s
 297777 146581 1299.46018   66   24 1316.47179 1101.73146  16.3%   7.3  667s
 298866 147334 1201.12214   44   25 1316.47179 1101.88105  16.3%   7.3  671s
 300213 147950     cutoff   55      1316.47179 1102.03683  16.3%   7.3  675s
 302711 149251 1141.51539   40   28 1316.47179 1102.40540  16.3%   7.3  682s
 303794 149924     cutoff   68      1316.47179 1102.67725  16.2%   7.3  685s
 306316 151406     cutoff   77      1316.47179 1103.11825  16.2%   7.3  692s
 307502 152094 infeasible   56      1316.47179 1103.34237  16.2%   7.3  696s
 308773 152741 1111.62712   50   40 1316.47179 1103.51118  16.2%   7.3  700s
 311198 153991 infeasible   76      1316.47179 1103.88476  16.1%   7.3  707s
 312462 154806     cutoff   71      1316.47179 1104.10098  16.1%   7.3  711s
 313757 155369 1290.08979   45   31 1316.47179 1104.23910  16.1%   7.3  715s
 316003 156731     cutoff   55      1316.47179 1104.61527  16.1%   7.3  722s
 316964 157302     cutoff   78      1316.47179 1104.73677  16.1%   7.3  726s
 318066 158007 1275.05688   66   17 1316.47179 1104.96185  16.1%   7.3  730s
 320506 159542     cutoff   79      1316.47179 1105.29403  16.0%   7.3  737s
 321851 160106 infeasible   49      1316.47179 1105.53822  16.0%   7.3  741s
 322969 160781     cutoff   79      1316.47179 1105.65619  16.0%   7.3  745s
 324148 161289     cutoff   55      1316.47179 1105.80644  16.0%   7.3  750s
 326349 162906 1312.83732   71    - 1316.47179 1106.10276  16.0%   7.4  757s
 327721 163543     cutoff   73      1316.47179 1106.32210  16.0%   7.4  761s
 328903 164266     cutoff   60      1316.47179 1106.48237  16.0%   7.4  766s
 330230 165125     cutoff   71      1316.47179 1106.63033  15.9%   7.4  770s
 332604 166394     cutoff   91      1316.47179 1106.96955  15.9%   7.4  778s
 333664 167147     cutoff   62      1316.47179 1107.10064  15.9%   7.4  782s
 334855 167822 1315.35442   52   17 1316.47179 1107.24824  15.9%   7.4  786s
 335992 168389     cutoff   55      1316.47179 1107.37506  15.9%   7.4  790s
 338282 169628     cutoff   50      1316.47179 1107.72038  15.9%   7.4  798s
 339516 170120 1153.58328   49   24 1316.47179 1108.00433  15.8%   7.4  802s
 340642 170793 1156.88118   46   35 1316.47179 1108.11911  15.8%   7.4  806s
 341824 171481     cutoff   74      1316.47179 1108.30711  15.8%   7.4  810s
 344350 173059 1193.78068   55   22 1316.47179 1108.63896  15.8%   7.4  818s
 345678 173783     cutoff   85      1316.47179 1108.83216  15.8%   7.4  822s
 346816 174265     cutoff   45      1316.47179 1108.95263  15.8%   7.4  825s
 348905 175809 1293.93320   46   41 1316.47179 1109.29985  15.7%   7.4  832s
 350216 176587 infeasible   69      1316.47179 1109.50499  15.7%   7.4  836s
 352666 177792     cutoff   49      1316.47179 1109.78190  15.7%   7.4  842s
 353792 178523     cutoff   60      1316.47179 1109.92479  15.7%   7.4  846s
 356399 179819 1258.81446   69   33 1316.47179 1110.25581  15.7%   7.4  853s
 357385 180655 infeasible   86      1316.47179 1110.43596  15.7%   7.4  856s
 358698 181165     cutoff   65      1316.47179 1110.68765  15.6%   7.4  860s
 360985 182472     cutoff   95      1316.47179 1110.97826  15.6%   7.4  868s
 362094 182854 1288.57086   53   29 1316.47179 1111.03534  15.6%   7.4  872s
 363055 183526 1224.11751   52   12 1316.47179 1111.17583  15.6%   7.4  876s
 364255 184185 1270.48802   46   32 1316.47179 1111.29740  15.6%   7.4  880s
 366847 185656 1267.93886   79   34 1316.47179 1111.67584  15.6%   7.4  888s
 367877 186401 1142.86104   40   41 1316.47179 1111.84846  15.5%   7.4  892s
 369059 186488     cutoff   58      1316.47179 1112.00146  15.5%   7.4  899s
 369205 187146 1225.01876   37   29 1316.47179 1112.02650  15.5%   7.4  903s
 370462 187789     cutoff   75      1316.47179 1112.17225  15.5%   7.4  907s
 371541 188271 1156.03002   38   22 1316.47179 1112.35965  15.5%   7.4  911s
 372753 188676 1168.28607   43   25 1316.47179 1112.49091  15.5%   7.4  915s
 374647 189706     cutoff   72      1316.47179 1112.78083  15.5%   7.4  922s
 375468 190451 1205.65836   54   26 1316.47179 1112.84131  15.5%   7.4  926s
 376808 191233 1213.91605   67   38 1316.47179 1112.96530  15.5%   7.4  931s
 378106 192039     cutoff   84      1316.47179 1113.11852  15.4%   7.4  935s
 380885 193563 1229.32222   73   25 1316.47179 1113.49421  15.4%   7.4  942s
 382170 194378     cutoff   54      1316.47179 1113.70589  15.4%   7.4  946s
 383542 195071     cutoff   58      1316.47179 1113.86606  15.4%   7.4  951s
 384769 195496     cutoff   53      1316.47179 1114.07409  15.4%   7.4  957s
 385623 196191     cutoff   59      1316.47179 1114.20705  15.4%   7.4  961s
 386863 196956 1223.63243   60   29 1316.47179 1114.30464  15.4%   7.4  965s
 388197 197608 1294.85189   63   36 1316.47179 1114.51768  15.3%   7.4  970s
 390721 199011 1262.00957   86   19 1316.47179 1114.77518  15.3%   7.4  978s
 391967 199534 infeasible   51      1316.47179 1114.92193  15.3%   7.4  982s
 392930 200078     cutoff   48      1316.47179 1115.07038  15.3%   7.4  986s
 395295 201500 infeasible   63      1316.47179 1115.38140  15.3%   7.5  993s
 396533 202293 1273.68115   89   42 1316.47179 1115.57027  15.3%   7.5  997s
 397776 202861 1286.03917   57   10 1316.47179 1115.67879  15.3%   7.5 1002s
 398928 203480 1292.54134   63   21 1316.47179 1115.81181  15.2%   7.5 1006s
 400048 204232 1305.98406   75   19 1316.47179 1115.96178  15.2%   7.5 1010s
 401303 205046 1311.49818   61   22 1316.47179 1116.14444  15.2%   7.5 1015s
 402625 205536     cutoff  100      1316.47179 1116.23862  15.2%   7.5 1021s
 403717 206097 1310.99332   53   16 1316.47179 1116.38833  15.2%   7.5 1026s
 404802 206902     cutoff   72      1316.47179 1116.55280  15.2%   7.5 1030s
 407300 208006     cutoff   84      1316.47179 1116.82400  15.2%   7.5 1037s
 408085 208683     cutoff   69      1316.47179 1116.91795  15.2%   7.5 1041s
 409387 209542     cutoff   77      1316.47179 1117.10134  15.1%   7.5 1045s
 410768 210175     cutoff   67      1316.47179 1117.22476  15.1%   7.5 1050s
 412733 211039     cutoff   52      1316.47179 1117.48107  15.1%   7.5 1057s
 413499 211607     cutoff   66      1316.47179 1117.54054  15.1%   7.5 1062s
 414735 212367     cutoff   46      1316.47179 1117.67837  15.1%   7.5 1066s
 416034 213067 infeasible   59      1316.47179 1117.81802  15.1%   7.5 1071s
 417367 213803     cutoff   77      1316.47179 1117.98429  15.1%   7.5 1076s
 418657 214598     cutoff   71      1316.47179 1118.14529  15.1%   7.5 1081s
 419945 215278     cutoff   50      1316.47179 1118.31590  15.1%   7.5 1087s
 421142 215822     cutoff   76      1316.47179 1118.43884  15.0%   7.5 1093s
 422225 216384 1294.45377   45   27 1316.47179 1118.58192  15.0%   7.5 1097s
 423142 217174 1258.76253   70   22 1316.47179 1118.70027  15.0%   7.5 1102s
 424399 217800 1295.27871   75   30 1316.47179 1118.83765  15.0%   7.5 1106s
 425673 218369 1297.87725   47   21 1316.47179 1118.97900  15.0%   7.5 1112s
 426671 218996 1280.19807   72   18 1316.47179 1119.09873  15.0%   7.5 1117s
 427958 219741     cutoff   79      1316.47179 1119.23029  15.0%   7.5 1120s
 429228 219823 1274.08509   58   14 1316.47179 1119.44400  15.0%   7.5 1128s
H429348 219823                    1316.4712850 1119.44400  15.0%   7.5 1129s
 429382 220556 1275.29500   59   15 1316.47129 1119.46339  15.0%   7.5 1133s
 430659 221036     cutoff   62      1316.47129 1119.59838  15.0%   7.5 1137s
 431557 221794 1245.29556   62   19 1316.47129 1119.68970  14.9%   7.5 1141s
 432881 222513 1270.08230   90   28 1316.47129 1119.82937  14.9%   7.5 1146s
 434231 223329 1128.04723   44   25 1316.47129 1119.97946  14.9%   7.5 1150s
 435631 224052 infeasible   65      1316.47129 1120.14280  14.9%   7.5 1155s
 438198 225431     cutoff   60      1316.47129 1120.45019  14.9%   7.5 1164s
 439365 225976 1227.37726   51    6 1316.47129 1120.58279  14.9%   7.5 1168s
 440529 226463 infeasible   62      1316.47129 1120.70533  14.9%   7.5 1173s
 441585 227069 1214.32882   44   28 1316.47129 1120.81128  14.9%   7.5 1179s
 442747 227943 1300.91644   59   28 1316.47129 1120.91878  14.9%   7.5 1183s
 444151 228682 1288.12023   54   30 1316.47129 1121.09263  14.8%   7.5 1188s
 445422 229457     cutoff   58      1316.47129 1121.19817  14.8%   7.5 1193s
 446754 229811     cutoff   64      1316.47129 1121.30197  14.8%   7.5 1198s
 447585 230211     cutoff   75      1316.47129 1121.40082  14.8%   7.5 1203s
 448385 230809     cutoff   63      1316.47129 1121.50219  14.8%   7.5 1208s
 449587 231548 infeasible   84      1316.47129 1121.64004  14.8%   7.5 1214s
 450824 232223     cutoff   53      1316.47129 1121.78583  14.8%   7.5 1219s
 452007 232900 1265.32770   64   31 1316.47129 1121.86838  14.8%   7.5 1224s
 453412 233627 1304.08401   86   24 1316.47129 1122.02902  14.8%   7.5 1228s
 454652 234226     cutoff   58      1316.47129 1122.17311  14.8%   7.5 1233s
 455868 234926 1304.82047   41   20 1316.47129 1122.30490  14.7%   7.5 1238s
 457076 235444 1301.71401   76   29 1316.47129 1122.43371  14.7%   7.6 1242s
 458013 235985     cutoff   46      1316.47129 1122.53021  14.7%   7.6 1246s
 458986 236733     cutoff   78      1316.47129 1122.60174  14.7%   7.6 1251s
 460334 237485 1223.64682   52   35 1316.47129 1122.73141  14.7%   7.6 1256s
 461579 238052     cutoff   73      1316.47129 1122.85162  14.7%   7.6 1261s
 462810 238664 1273.80149   44   21 1316.47129 1122.99006  14.7%   7.6 1266s
 464160 239396     cutoff   70      1316.47129 1123.07871  14.7%   7.6 1272s
 465413 240043 infeasible   41      1316.47129 1123.25611  14.7%   7.6 1277s
 466628 240113 1145.89105   62   38 1316.47129 1123.27542  14.7%   7.6 1288s
H466631 240113                    1316.4704774 1123.27542  14.7%   7.6 1288s
 466785 240727 1154.94095   63   33 1316.47048 1123.34719  14.7%   7.6 1294s
 467862 241426     cutoff   61      1316.47048 1123.49455  14.7%   7.6 1299s
 469209 242164     cutoff   51      1316.47048 1123.60782  14.6%   7.6 1305s
 470554 242752     cutoff   56      1316.47048 1123.77178  14.6%   7.6 1310s
 471676 243254 1242.65959   52   32 1316.47048 1123.90534  14.6%   7.6 1316s
 472892 243810 1279.18370   57   33 1316.47048 1123.97034  14.6%   7.6 1321s
 474168 243915     cutoff   57      1316.47048 1124.12081  14.6%   7.6 1332s
H474283 243917                    1316.4703583 1124.13136  14.6%   7.6 1332s
 474339 244359 1261.44586   49   13 1316.47036 1124.15990  14.6%   7.6 1337s
 475283 245277 1296.87197   68   22 1316.47036 1124.26987  14.6%   7.6 1342s
 476809 245919 1311.95347   60   23 1316.47036 1124.38580  14.6%   7.6 1347s
 478003 246673 1297.96939   72   17 1316.47036 1124.49377  14.6%   7.6 1352s
 479405 247300 1234.65694   46   14 1316.47036 1124.61998  14.6%   7.6 1357s
 480620 248092     cutoff   58      1316.47036 1124.72284  14.6%   7.6 1362s
 481885 248816 1254.65580   68    6 1316.47036 1124.83208  14.6%   7.6 1367s
 483234 249565     cutoff   74      1316.47036 1124.95052  14.5%   7.6 1371s
 484593 250024 1245.71195   58   26 1316.47036 1125.10942  14.5%   7.6 1375s
 485566 250656 1221.78763   50   40 1316.47036 1125.17795  14.5%   7.6 1380s
 488074 252048 1258.16850   86   29 1316.47036 1125.43362  14.5%   7.6 1389s
 489217 252804     cutoff   55      1316.47036 1125.56535  14.5%   7.6 1394s
 490542 253427 1191.70747   55   34 1316.47036 1125.68513  14.5%   7.6 1399s
 491730 253944 1169.30163   58   34 1316.47036 1125.77358  14.5%   7.6 1403s
 492739 254701 1260.25511   47   30 1316.47036 1125.89055  14.5%   7.6 1408s
 494028 255336 infeasible   56      1316.47036 1125.97807  14.5%   7.6 1413s
 495334 256051 1306.80925   44   30 1316.47036 1126.09114  14.5%   7.6 1417s
 496666 256509 1260.40945   60   31 1316.47036 1126.20929  14.5%   7.6 1422s
 497703 257041     cutoff   63      1316.47036 1126.27952  14.4%   7.6 1427s
 498940 257591     cutoff   58      1316.47036 1126.38101  14.4%   7.6 1432s
 500100 258334     cutoff  109      1316.47036 1126.47221  14.4%   7.6 1437s
 501534 259042 1244.80737   62   12 1316.47036 1126.62124  14.4%   7.6 1442s
 502790 259729     cutoff   70      1316.47036 1126.70437  14.4%   7.6 1446s
 504084 260261     cutoff   70      1316.47036 1126.87500  14.4%   7.6 1450s
 505032 260787 1287.52587   65   31 1316.47036 1126.94077  14.4%   7.6 1456s
 506096 261450     cutoff   72      1316.47036 1127.02447  14.4%   7.6 1461s
 507344 262219 1300.73490   71   23 1316.47036 1127.16992  14.4%   7.6 1466s
 508598 262856     cutoff   74      1316.47036 1127.26680  14.4%   7.6 1470s
 509892 263565     cutoff   76      1316.47036 1127.40065  14.4%   7.6 1475s
 511199 264126     cutoff   79      1316.47036 1127.55128  14.4%   7.6 1480s
 512378 264722 1218.17123   63   37 1316.47036 1127.65397  14.3%   7.6 1485s
 513567 265331 1239.08534   68   25 1316.47036 1127.74807  14.3%   7.6 1492s
 514727 265816     cutoff   57      1316.47036 1127.84792  14.3%   7.6 1497s
 515705 266242 1210.41258   52   39 1316.47036 1127.97405  14.3%   7.6 1502s
 516547 266890     cutoff   53      1316.47036 1128.03982  14.3%   7.6 1508s
 517791 267486     cutoff   70      1316.47036 1128.11375  14.3%   7.6 1514s
 519044 268171 1130.11969   34   39 1316.47036 1128.17698  14.3%   7.6 1520s
 520265 268772     cutoff   85      1316.47036 1128.27010  14.3%   7.6 1526s
 521492 269368 1256.02943   48   33 1316.47036 1128.39675  14.3%   7.6 1532s
 522708 269984     cutoff   72      1316.47036 1128.49378  14.3%   7.6 1537s
 524045 270627 1279.53921   50   20 1316.47036 1128.65031  14.3%   7.6 1543s
 525263 271059 1260.50392   65   20 1316.47036 1128.71618  14.3%   7.6 1549s
 526303 271495     cutoff   44      1316.47036 1128.81152  14.3%   7.6 1555s
 527449 271906     cutoff   75      1316.47036 1128.88557  14.2%   7.7 1561s
 528425 272489 1307.67360   65   24 1316.47036 1129.02204  14.2%   7.7 1568s
 529643 273257 1246.70568   61   32 1316.47036 1129.11228  14.2%   7.7 1574s
 531012 273886 1145.07188   51   32 1316.47036 1129.24063  14.2%   7.7 1581s
 532238 274470 1246.90667   50   33 1316.47036 1129.34481  14.2%   7.7 1588s
 533470 275105     cutoff   71      1316.47036 1129.45016  14.2%   7.7 1593s
 534613 275778     cutoff   67      1316.47036 1129.54386  14.2%   7.7 1600s
 535959 276559     cutoff   76      1316.47036 1129.57749  14.2%   7.7 1605s
 537320 277264     cutoff   60      1316.47036 1129.75838  14.2%   7.7 1610s
 538470 277850     cutoff   75      1316.47036 1129.85583  14.2%   7.7 1615s
 539655 278440     cutoff   52      1316.47036 1129.94199  14.2%   7.7 1622s
 540903 279024     cutoff   50      1316.47036 1130.08176  14.2%   7.7 1628s
 542151 279513 infeasible   62      1316.47036 1130.17548  14.2%   7.7 1633s
 543308 280233     cutoff   64      1316.47036 1130.33075  14.1%   7.7 1639s
 544580 280719     cutoff   83      1316.47036 1130.41897  14.1%   7.7 1644s
 545563 281102 1222.54859   56   31 1316.47036 1130.52330  14.1%   7.7 1649s
 546479 281742     cutoff   68      1316.47036 1130.56554  14.1%   7.7 1655s
 547807 281867 infeasible   60      1316.47036 1130.69686  14.1%   7.7 1664s
 548050 282609 1228.23567   53   31 1316.47036 1130.71822  14.1%   7.7 1672s
 549319 283269     cutoff   88      1316.47036 1130.80752  14.1%   7.7 1678s
 550751 283890 infeasible   64      1316.47036 1130.93051  14.1%   7.7 1685s
 552083 284371     cutoff   60      1316.47036 1131.04702  14.1%   7.7 1691s
 553197 285050     cutoff   59      1316.47036 1131.14423  14.1%   7.7 1696s
 554540 285736     cutoff   83      1316.47036 1131.23599  14.1%   7.7 1702s
 555797 286410     cutoff   68      1316.47036 1131.33368  14.1%   7.7 1707s
 557139 287103     cutoff   67      1316.47036 1131.39331  14.1%   7.7 1713s
 558467 287528     cutoff   48      1316.47036 1131.54641  14.0%   7.7 1718s
 559465 288226     cutoff   89      1316.47036 1131.63391  14.0%   7.7 1724s
 560767 288899 infeasible   46      1316.47036 1131.73507  14.0%   7.7 1729s
 562138 289492     cutoff   60      1316.47036 1131.85327  14.0%   7.7 1734s
 563377 290159 1207.24865   58   31 1316.47036 1131.94608  14.0%   7.7 1740s
 564675 290709 1268.73431   49   28 1316.47036 1132.07286  14.0%   7.7 1745s
 565755 291361 infeasible   64      1316.47036 1132.16087  14.0%   7.7 1751s
 567033 291944 1268.50489   43   25 1316.47036 1132.28157  14.0%   7.7 1757s
 568275 292540 1185.55170   49   26 1316.47036 1132.38952  14.0%   7.7 1764s
 569390 293220 infeasible   55      1316.47036 1132.43992  14.0%   7.7 1771s
 570748 293854 1207.73602   57   33 1316.47036 1132.57958  14.0%   7.7 1778s
 572112 294409 1250.84134   42   30 1316.47036 1132.71043  14.0%   7.7 1784s
 573198 294987 1305.97847   55   20 1316.47036 1132.79757  14.0%   7.7 1790s
 574389 295519     cutoff   61      1316.47036 1132.91209  13.9%   7.7 1797s
 575613 296264 1292.27476   63   28 1316.47036 1132.96019  13.9%   7.7 1806s
 576963 296806 1252.29309   51   33 1316.47036 1133.11512  13.9%   7.7 1814s
 578246 297143     cutoff   69      1316.47036 1133.23318  13.9%   7.7 1823s
 579049 297595 1210.97270   38   25 1316.47036 1133.30086  13.9%   7.7 1830s
 580145 298377     cutoff   79      1316.47036 1133.39785  13.9%   7.7 1839s
 581474 299070     cutoff   80      1316.47036 1133.48622  13.9%   7.7 1847s
 582815 299605     cutoff   74      1316.47036 1133.59763  13.9%   7.7 1854s
 584050 300273 infeasible   41      1316.47036 1133.68528  13.9%   7.7 1861s
 585398 300907     cutoff   50      1316.47036 1133.78449  13.9%   7.7 1867s
 586739 301409 1261.13821   61   25 1316.47036 1133.91093  13.9%   7.7 1873s
 587861 301783 1309.54162   54   11 1316.47036 1134.00354  13.9%   7.7 1879s
H588012 301785                    1316.4693721 1134.00601  13.9%   7.7 1879s
 588726 302230 1193.73983   74   46 1316.46937 1134.07723  13.9%   7.7 1885s
 590032 302987 1272.15460   55   30 1316.46937 1134.16050  13.8%   7.7 1891s
 591433 303175     cutoff   58      1316.46937 1134.26358  13.8%   7.7 1909s
 591764 303790 1293.08967   34   27 1316.46937 1134.28033  13.8%   7.7 1915s
 593153 304235     cutoff   60      1316.46937 1134.37149  13.8%   7.7 1922s
 594129 304940 1268.97616   42   32 1316.46937 1134.44412  13.8%   7.8 1928s
 595528 305609     cutoff   63      1316.46937 1134.52259  13.8%   7.8 1934s
 596921 306218     cutoff  100      1316.46937 1134.65139  13.8%   7.8 1941s
 598149 306952     cutoff   45      1316.46937 1134.76269  13.8%   7.8 1947s
 599486 307396 1270.35338   34   35 1316.46937 1134.84570  13.8%   7.8 1953s
 600571 308135     cutoff   45      1316.46937 1134.96945  13.8%   7.8 1959s
 601945 308561     cutoff   58      1316.46937 1135.08346  13.8%   7.8 1964s
 602900 308989 1271.40902   54   29 1316.46937 1135.13046  13.8%   7.8 1971s
 604044 309485 1305.10110   65   31 1316.46937 1135.17353  13.8%   7.8 1977s
 605230 310061 1269.33129   71   20 1316.46937 1135.27919  13.8%   7.8 1983s
 606502 310744     cutoff   76      1316.46937 1135.36702  13.8%   7.8 1989s
 607930 311409 1301.75574   55   23 1316.46937 1135.47717  13.7%   7.8 1995s
 609234 312130 infeasible   54      1316.46937 1135.57934  13.7%   7.8 2001s
 610611 312880     cutoff   69      1316.46937 1135.70756  13.7%   7.8 2007s
 611998 313397     cutoff   56      1316.46937 1135.81071  13.7%   7.8 2013s
 613046 313910     cutoff   61      1316.46937 1135.89650  13.7%   7.8 2018s
 614046 314317 1264.53085   67   35 1316.46937 1135.99256  13.7%   7.8 2025s
 615120 315083 infeasible   67      1316.46937 1136.04762  13.7%   7.8 2032s
 616450 315829 1309.41895   54   15 1316.46937 1136.14749  13.7%   7.8 2039s
 617796 316466     cutoff  111      1316.46937 1136.21667  13.7%   7.8 2044s
 619020 316936     cutoff   74      1316.46937 1136.29860  13.7%   7.8 2050s
 619962 317405 1255.42669   54   21 1316.46937 1136.37796  13.7%   7.8 2056s
 620885 318190 1228.77768   84   28 1316.46937 1136.41283  13.7%   7.8 2062s
 622267 318923 1224.40983   51   32 1316.46937 1136.53005  13.7%   7.8 2068s
 623682 319706     cutoff   80      1316.46937 1136.64152  13.7%   7.8 2074s
 625108 320288     cutoff   59      1316.46937 1136.75489  13.7%   7.8 2081s
 626295 320839 1257.14172   65   30 1316.46937 1136.84374  13.6%   7.8 2087s
 627618 321557 1216.39699   57   30 1316.46937 1136.91414  13.6%   7.8 2093s
 629045 321976 1280.65022   55   16 1316.46937 1137.00985  13.6%   7.8 2099s
 630175 322639 1282.66474   53   27 1316.46937 1137.07525  13.6%   7.8 2105s
 631536 323376 1236.29413   69   34 1316.46937 1137.17825  13.6%   7.8 2110s
 632941 323990     cutoff   59      1316.46937 1137.27837  13.6%   7.8 2116s
 634075 324479     cutoff   43      1316.46937 1137.36229  13.6%   7.8 2123s
 635207 325201     cutoff   57      1316.46937 1137.45206  13.6%   7.8 2130s
 636618 325756 infeasible   79      1316.46937 1137.53962  13.6%   7.8 2137s
 637848 326285 1313.09147   66   14 1316.46937 1137.63106  13.6%   7.8 2143s
 638930 326956 1295.86016   49   27 1316.46937 1137.73423  13.6%   7.8 2150s
 640288 327464     cutoff   72      1316.46937 1137.83708  13.6%   7.8 2157s
 641262 328121     cutoff   77      1316.46937 1137.92223  13.6%   7.8 2165s
 642563 328890     cutoff   41      1316.46937 1137.98270  13.6%   7.8 2172s
 643940 329512     cutoff   62      1316.46937 1138.10089  13.5%   7.8 2180s
 645160 330042 1303.00261   68    9 1316.46937 1138.19444  13.5%   7.8 2188s
 646209 330781     cutoff   97      1316.46937 1138.24135  13.5%   7.8 2197s
 647510 331501     cutoff   64      1316.46937 1138.35363  13.5%   7.8 2203s
 648936 332049 1250.67306   55   27 1316.46937 1138.42725  13.5%   7.8 2210s
 650139 332612     cutoff   71      1316.46937 1138.53023  13.5%   7.8 2216s
 651410 333388 1204.97009   63   33 1316.46937 1138.59822  13.5%   7.8 2221s
 652814 333710 1254.86504   62   37 1316.46937 1138.70411  13.5%   7.8 2227s
 653678 334204     cutoff   53      1316.46937 1138.76104  13.5%   7.8 2234s
 654911 334787 1166.88982   46   39 1316.46937 1138.84645  13.5%   7.8 2241s
 656187 335459 1220.68672   36   32 1316.46937 1138.93772  13.5%   7.8 2247s
 657530 336141     cutoff   67      1316.46937 1139.02401  13.5%   7.8 2255s
 658804 336667     cutoff   57      1316.46937 1139.11981  13.5%   7.8 2262s
 660027 337262     cutoff   94      1316.46937 1139.19268  13.5%   7.8 2268s
 661142 337911 1198.41687   56   17 1316.46937 1139.25221  13.5%   7.8 2275s
 662439 337975 1192.88496   49   27 1316.46937 1139.33503  13.5%   7.8 2285s
 662595 338570 1299.26057   64   28 1316.46937 1139.34370  13.5%   7.8 2292s
 663916 339003     cutoff   63      1316.46937 1139.46679  13.4%   7.8 2299s
 665052 339627     cutoff   75      1316.46937 1139.57164  13.4%   7.8 2305s
 666480 340364 1230.06141   57   31 1316.46937 1139.66458  13.4%   7.8 2313s
 667825 340866     cutoff  100      1316.46937 1139.78162  13.4%   7.8 2319s
 668856 341550 1181.75674   72   34 1316.46937 1139.86844  13.4%   7.8 2325s
 670136 342202 1233.76017   65   28 1316.46937 1139.96236  13.4%   7.8 2331s
 671410 342902     cutoff   76      1316.46937 1140.02855  13.4%   7.8 2337s
 672755 343442     cutoff   64      1316.46937 1140.12507  13.4%   7.8 2343s
 674030 344078     cutoff   74      1316.46937 1140.20183  13.4%   7.8 2349s
 675283 344767 1240.68192   74   31 1316.46937 1140.32531  13.4%   7.8 2355s
 676548 345211 1252.34465   56    6 1316.46937 1140.43905  13.4%   7.8 2363s
 677507 345674 infeasible   81      1316.46937 1140.47932  13.4%   7.8 2370s
 678770 346403 1280.79229   69   22 1316.46937 1140.56657  13.4%   7.8 2377s
 680126 346904     cutoff   77      1316.46937 1140.65066  13.4%   7.8 2383s
 681169 347465     cutoff   58      1316.46937 1140.72502  13.3%   7.8 2389s
 682459 348018 1282.08453   73   34 1316.46937 1140.84628  13.3%   7.9 2396s
 683481 348437     cutoff   57      1316.46937 1140.91547  13.3%   7.9 2403s
 684661 349034 1240.75598   55   38 1316.46937 1140.98206  13.3%   7.9 2410s
 686033 349514 1207.25157   61   35 1316.46937 1141.06165  13.3%   7.9 2416s
 687119 350193 1144.92445   43   33 1316.46937 1141.14164  13.3%   7.9 2423s
 688520 350643 1245.23905   69   28 1316.46937 1141.23078  13.3%   7.9 2429s
 689529 351226     cutoff   76      1316.46937 1141.32960  13.3%   7.9 2436s
 690908 351541     cutoff  103      1316.46937 1141.41194  13.3%   7.9 2444s
 691820 352210     cutoff   62      1316.46937 1141.47330  13.3%   7.9 2454s
 693147 352807 1230.16097   51   34 1316.46937 1141.55222  13.3%   7.9 2464s
 694481 352893     cutoff   69      1316.46937 1141.63747  13.3%   7.9 2477s
 694631 353452 1312.47042   53   32 1316.46937 1141.63974  13.3%   7.9 2486s
 695769 354123 1241.63237   59   30 1316.46937 1141.72930  13.3%   7.9 2496s
 697197 354677 1222.06107   81   39 1316.46937 1141.80862  13.3%   7.9 2505s
 698650 355306     cutoff   67      1316.46937 1141.88302  13.3%   7.9 2514s
 699980 355997 infeasible   82      1316.46937 1141.99485  13.3%   7.9 2522s
 701347 356682     cutoff   60      1316.46937 1142.08811  13.2%   7.9 2529s
 701944 356694     cutoff   69      1316.46937 1142.10585  13.2%   7.9 2530s
 702763 357050     cutoff   60      1316.46937 1142.17432  13.2%   7.9 2538s
 703805 357376 1306.83842   69   30 1316.46937 1142.22265  13.2%   7.9 2546s
 704762 357870 infeasible   58      1316.46937 1142.29983  13.2%   7.9 2553s
 705931 358444 1267.57978   56   12 1316.46937 1142.38464  13.2%   7.9 2561s
 707187 359011     cutoff   55      1316.46937 1142.45387  13.2%   7.9 2569s
 708408 359530 1153.67970   52   28 1316.46937 1142.53158  13.2%   7.9 2577s
 709651 359983 infeasible   61      1316.46937 1142.62763  13.2%   7.9 2584s
 710651 360476 1194.09904   39   22 1316.46937 1142.67428  13.2%   7.9 2592s
 711883 361120 infeasible   51      1316.46937 1142.77020  13.2%   7.9 2601s
 713295 361858     cutoff   49      1316.46937 1142.85672  13.2%   7.9 2608s
 714776 362255 1308.33998   43   33 1316.46937 1142.94773  13.2%   7.9 2616s
 715767 362990     cutoff   41      1316.46937 1142.98679  13.2%   7.9 2623s
 717248 363517     cutoff   55      1316.46937 1143.08444  13.2%   7.9 2630s
 718643 364141 1290.81030   64   28 1316.46937 1143.16288  13.2%   7.9 2637s
 720013 364846 1249.72764   49   30 1316.46937 1143.22785  13.2%   7.9 2646s
 721319 365646 infeasible   70      1316.46937 1143.31541  13.2%   7.9 2656s
 722694 365951     cutoff   51      1316.46937 1143.40291  13.1%   7.9 2676s
 723309 366369 1302.28111   82   23 1316.46937 1143.45573  13.1%   7.9 2685s
 724285 367009 infeasible   65      1316.46937 1143.49076  13.1%   7.9 2695s
 725768 367654     cutoff   71      1316.46937 1143.59649  13.1%   7.9 2706s
 727054 368364     cutoff   69      1316.46937 1143.68050  13.1%   7.9 2716s
 728598 368956 infeasible   93      1316.46937 1143.76665  13.1%   7.9 2724s
 729774 369517     cutoff   76      1316.46937 1143.84167  13.1%   7.9 2733s
 731063 370126 1237.65629   56   27 1316.46937 1143.89951  13.1%   7.9 2742s
 732540 370666     cutoff   62      1316.46937 1143.97570  13.1%   7.9 2751s
 733755 371248     cutoff   55      1316.46937 1144.06016  13.1%   7.9 2759s
 735014 371737     cutoff   68      1316.46937 1144.11094  13.1%   7.9 2767s
 736285 372295     cutoff   55      1316.46937 1144.22354  13.1%   7.9 2775s
 737439 372965 1308.48711   55   18 1316.46937 1144.30119  13.1%   7.9 2783s
 738909 373529 infeasible   56      1316.46937 1144.39220  13.1%   7.9 2790s
 740179 374094 1303.49381   88   19 1316.46937 1144.46814  13.1%   7.9 2798s
 741534 374752     cutoff   65      1316.46937 1144.55601  13.1%   7.9 2805s
 742845 375339     cutoff   49      1316.46937 1144.65014  13.1%   7.9 2813s
 744066 375848     cutoff   72      1316.46937 1144.74254  13.0%   7.9 2821s
 745418 376402 1213.83756   66   34 1316.46937 1144.82692  13.0%   7.9 2829s
 746510 376995     cutoff  101      1316.46937 1144.90271  13.0%   7.9 2838s
 747801 377681 1283.18413   50   12 1316.46937 1144.95135  13.0%   7.9 2845s
 749094 378160     cutoff   70      1316.46937 1145.04227  13.0%   7.9 2851s
 750147 378621 1215.75649   58   41 1316.46937 1145.11136  13.0%   7.9 2860s
 751403 379192 1292.65776   47   13 1316.46937 1145.17796  13.0%   7.9 2867s
 752708 379742 1282.82033   92   26 1316.46937 1145.27940  13.0%   7.9 2876s
 753989 380260     cutoff   67      1316.46937 1145.35766  13.0%   7.9 2883s
 755111 380787 1208.41586   38   39 1316.46937 1145.44760  13.0%   8.0 2891s
 756438 381422     cutoff   85      1316.46937 1145.52920  13.0%   8.0 2899s
 757805 381899     cutoff   59      1316.46937 1145.63701  13.0%   8.0 2906s
 759023 382319     cutoff   88      1316.46937 1145.73375  13.0%   8.0 2913s
 760063 382903     cutoff   79      1316.46937 1145.81741  13.0%   8.0 2921s
 761451 383369 infeasible   68      1316.46937 1145.89852  13.0%   8.0 2928s
 762494 383914     cutoff   70      1316.46937 1145.95922  13.0%   8.0 2937s
 763815 384603 1314.26227   65   26 1316.46937 1146.00251  12.9%   8.0 2944s
 765209 385195 1243.46009   72   33 1316.46937 1146.10572  12.9%   8.0 2952s
 766465 385784 1271.31489   68   35 1316.46937 1146.17469  12.9%   8.0 2961s
 767809 386332 1216.23528   56   30 1316.46937 1146.27481  12.9%   8.0 2969s
 769095 387029 1239.12758   41   37 1316.46937 1146.34550  12.9%   8.0 2977s
 770446 387488 1311.05947   45   22 1316.46937 1146.44207  12.9%   8.0 2985s
 771442 388012 1194.18903   58   25 1316.46937 1146.51105  12.9%   8.0 2994s
 772603 388660     cutoff   64      1316.46937 1146.59712  12.9%   8.0 3002s
 774021 389156     cutoff   58      1316.46937 1146.65262  12.9%   8.0 3010s
 775333 389828 1289.32808   42   23 1316.46937 1146.69526  12.9%   8.0 3017s
 776783 390346     cutoff   67      1316.46937 1146.80840  12.9%   8.0 3025s
 777962 390861 1279.67381   84   31 1316.46937 1146.90582  12.9%   8.0 3033s
 779240 391485 1233.69467   57   24 1316.46937 1146.99553  12.9%   8.0 3041s
 780573 391876     cutoff   75      1316.46937 1147.05973  12.9%   8.0 3049s
 781562 392431 1272.83172   47   34 1316.46937 1147.13026  12.9%   8.0 3057s
 782738 393144 infeasible   51      1316.46937 1147.20821  12.9%   8.0 3066s
 784179 393758 1259.53743   49   26 1316.46937 1147.30293  12.9%   8.0 3074s
 785544 394297 1226.98965   55   32 1316.46937 1147.40169  12.8%   8.0 3082s
 786635 394763 1268.09684   45   21 1316.46937 1147.45788  12.8%   8.0 3092s
 787791 395195 1241.09375   70   32 1316.46937 1147.52307  12.8%   8.0 3101s
 789019 395766     cutoff   68      1316.46937 1147.61966  12.8%   8.0 3110s
 790339 396393 1283.07236   53   28 1316.46937 1147.67869  12.8%   8.0 3119s
 791754 396734     cutoff   57      1316.46937 1147.78387  12.8%   8.0 3127s
 792689 397476 1201.07004   45   35 1316.46937 1147.83602  12.8%   8.0 3136s
 794154 398053 1275.69303   69   30 1316.46937 1147.91292  12.8%   8.0 3144s
 795537 398578     cutoff  108      1316.46937 1148.00709  12.8%   8.0 3152s
 796689 398689 1246.20592   54   34 1316.46937 1148.08980  12.8%   8.0 3172s
 796947 399064 1235.25300   52   34 1316.46937 1148.12000  12.8%   8.0 3181s
 798145 399477     cutoff   72      1316.46937 1148.16672  12.8%   8.0 3189s
 799167 400005 1216.02441   56   22 1316.46937 1148.24814  12.8%   8.0 3197s
 800558 400510 1236.78456   47   31 1316.46937 1148.33613  12.8%   8.0 3206s
 801893 401036     cutoff   66      1316.46937 1148.41390  12.8%   8.0 3214s
 803233 401640 1236.21233   37   28 1316.46937 1148.51043  12.8%   8.0 3222s
 804664 402043 1224.96241   64   35 1316.46937 1148.59408  12.8%   8.0 3229s
 805623 402634     cutoff   52      1316.46937 1148.65508  12.7%   8.0 3238s
 807009 403181     cutoff   80      1316.46937 1148.74637  12.7%   8.0 3246s
 808379 403888 1260.33662   58   40 1316.46937 1148.84634  12.7%   8.0 3254s
 809325 403898 infeasible   59      1316.46937 1148.87804  12.7%   8.0 3255s
 809801 404349 infeasible   49      1316.46937 1148.93500  12.7%   8.0 3262s
 810999 404849     cutoff   59      1316.46937 1149.02489  12.7%   8.0 3271s
 812272 405197     cutoff   55      1316.46937 1149.10445  12.7%   8.0 3279s
 813280 405906 1171.08400   44   38 1316.46937 1149.15096  12.7%   8.0 3287s
 814672 406387 1313.22762   53   25 1316.46937 1149.23398  12.7%   8.0 3295s
 815906 406845 1313.02178   75    - 1316.46937 1149.31323  12.7%   8.0 3303s
 817081 407245     cutoff   79      1316.46937 1149.39667  12.7%   8.0 3310s
 818182 407704 1292.23146   59   33 1316.46937 1149.48080  12.7%   8.0 3318s
 819198 408235     cutoff   62      1316.46937 1149.55272  12.7%   8.0 3326s
 820603 408758 1210.12095   36   27 1316.46937 1149.62785  12.7%   8.0 3334s
 822062 409418 1298.63812   58   20 1316.46937 1149.69173  12.7%   8.0 3342s
 823368 409895 infeasible   63      1316.46937 1149.76587  12.7%   8.0 3349s
 824481 410385 1271.96298   54   29 1316.46937 1149.82681  12.7%   8.0 3358s
 825658 411067 1280.95330   61   23 1316.46937 1149.88003  12.7%   8.0 3367s
 827153 411611 1252.37471   58   36 1316.46937 1149.98747  12.6%   8.0 3376s
 828400 412057 infeasible   61      1316.46937 1150.06289  12.6%   8.0 3384s
 829595 412489 1290.24974   89   39 1316.46937 1150.11700  12.6%   8.0 3392s
 830678 413110     cutoff   58      1316.46937 1150.15588  12.6%   8.1 3400s
 832128 413661     cutoff   64      1316.46937 1150.24638  12.6%   8.1 3409s
 833537 414226     cutoff   57      1316.46937 1150.34102  12.6%   8.1 3417s
 835000 414661 1307.92093   57   27 1316.46937 1150.42731  12.6%   8.1 3425s
 836122 415213 1302.39944   81   17 1316.46937 1150.46740  12.6%   8.1 3434s
 837557 415621 infeasible   51      1316.46937 1150.56038  12.6%   8.1 3445s
 838762 416116     cutoff   64      1316.46937 1150.63098  12.6%   8.1 3455s
 840066 416683 1288.13407   41   29 1316.46937 1150.68689  12.6%   8.1 3465s
 841447 417219 1306.73903   85   23 1316.46937 1150.77958  12.6%   8.1 3473s
 842588 417692 1300.17820   64   12 1316.46937 1150.82820  12.6%   8.1 3483s
 843969 418078 1310.59469   53   12 1316.46937 1150.90543  12.6%   8.1 3491s
 844970 418616     cutoff   46      1316.46937 1150.96216  12.6%   8.1 3502s
 846255 419348 1256.38710   70   35 1316.46937 1151.02447  12.6%   8.1 3512s
 847754 419901 1293.26420   55   34 1316.46937 1151.12467  12.6%   8.1 3521s
 848934 420429 1257.84929   55   30 1316.46937 1151.17890  12.6%   8.1 3530s
 850335 420928 1213.36370   45   26 1316.46937 1151.22891  12.6%   8.1 3539s
 851549 421426 1304.26746   49   22 1316.46937 1151.27825  12.5%   8.1 3549s
 852662 421964 1251.56585   68   33 1316.46937 1151.35121  12.5%   8.1 3558s
 853985 422526 1297.39063   67   24 1316.46937 1151.40190  12.5%   8.1 3568s
 855433 423258     cutoff   98      1316.46937 1151.47339  12.5%   8.1 3578s
 856928 423836     cutoff   63      1316.46937 1151.55929  12.5%   8.1 3586s
 858128 424295 1289.80208   49   19 1316.46937 1151.62580  12.5%   8.1 3595s
 859354 424807 1297.96067   51   18 1316.46937 1151.68762  12.5%   8.1 3604s
 860640 425261 1271.43057   67   35 1316.46937 1151.77307  12.5%   8.1 3613s
 861788 425940     cutoff   73      1316.46937 1151.85454  12.5%   8.1 3621s
 863281 426413 infeasible   59      1316.46937 1151.94174  12.5%   8.1 3630s
 864518 427038     cutoff   82      1316.46937 1152.01060  12.5%   8.1 3640s
 865975 427445     cutoff   57      1316.46937 1152.11306  12.5%   8.1 3648s
 867127 427539     cutoff   56      1316.46937 1152.15916  12.5%   8.1 3666s
 867411 428180     cutoff   59      1316.46937 1152.16956  12.5%   8.1 3677s
 868804 428794 1226.18339   70   37 1316.46937 1152.28224  12.5%   8.1 3686s
 870211 429113 1264.56544   81   21 1316.46937 1152.33947  12.5%   8.1 3699s
 871277 429725     cutoff   81      1316.46937 1152.40595  12.5%   8.1 3711s
 872685 430482 infeasible   63      1316.46937 1152.49772  12.5%   8.1 3724s
 874147 430914     cutoff   78      1316.46937 1152.58056  12.4%   8.1 3732s
 875264 431539     cutoff   64      1316.46937 1152.62934  12.4%   8.1 3742s
 876698 432131 1235.45227   45   29 1316.46937 1152.72224  12.4%   8.1 3752s
 878076 432921 1192.90744   51   22 1316.46937 1152.79020  12.4%   8.1 3761s
 879625 433373 1261.52267   64   32 1316.46937 1152.84934  12.4%   8.1 3768s
 880653 433853 1294.25030   58   13 1316.46937 1152.91950  12.4%   8.1 3776s
 882007 434364     cutoff   63      1316.46937 1152.97825  12.4%   8.1 3784s
 883350 434764     cutoff   66      1316.46937 1153.06961  12.4%   8.1 3791s
 884411 435379     cutoff   57      1316.46937 1153.12377  12.4%   8.1 3799s
 885802 435984     cutoff   54      1316.46937 1153.19660  12.4%   8.1 3807s
 887189 436386     cutoff   89      1316.46937 1153.26985  12.4%   8.1 3815s
 888270 436885     cutoff   92      1316.46937 1153.32246  12.4%   8.1 3824s
 889278 437561 1266.00498   68   26 1316.46937 1153.37906  12.4%   8.1 3833s
 890764 438084     cutoff   75      1316.46937 1153.44580  12.4%   8.1 3844s
 892126 438522 infeasible   57      1316.46937 1153.53202  12.4%   8.1 3851s
 893305 439021 1256.55068   50   31 1316.46937 1153.60715  12.4%   8.1 3860s
 894489 439599 1248.89237   46   33 1316.46937 1153.67458  12.4%   8.1 3867s
 895670 440248     cutoff   82      1316.46937 1153.73983  12.4%   8.1 3877s
 897168 440852 infeasible   56      1316.46937 1153.83012  12.4%   8.1 3887s
 898562 441416     cutoff   67      1316.46937 1153.90214  12.3%   8.1 3895s
 899956 442075     cutoff   69      1316.46937 1153.99033  12.3%   8.1 3905s
 901396 442624 infeasible   65      1316.46937 1154.04948  12.3%   8.1 3916s
 902702 443056     cutoff   72      1316.46937 1154.11381  12.3%   8.1 3925s
 903845 443513     cutoff   68      1316.46937 1154.19458  12.3%   8.1 3934s
 905034 443954 1305.68817   50   27 1316.46937 1154.27409  12.3%   8.1 3945s
 906323 444497     cutoff   70      1316.46937 1154.32237  12.3%   8.1 3953s
 907418 444680     cutoff   67      1316.46937 1154.38355  12.3%   8.1 3967s
 907813 445198 infeasible   67      1316.46937 1154.39304  12.3%   8.1 3978s
 909125 445773 1276.74673   47    8 1316.46937 1154.47879  12.3%   8.1 3990s
 910502 446276 1301.28182   52   20 1316.46937 1154.54322  12.3%   8.1 3999s
 911665 446927 1272.53382   44   28 1316.46937 1154.65407  12.3%   8.1 4010s
 913192 447552     cutoff   63      1316.46937 1154.72536  12.3%   8.1 4021s
 914569 448089 1262.59418   58   21 1316.46937 1154.80661  12.3%   8.1 4031s
 916042 448594 1288.70370   68   23 1316.46937 1154.87916  12.3%   8.1 4040s
 917299 449031     cutoff   71      1316.46937 1154.94244  12.3%   8.1 4048s
 918404 449500 1291.69453   88   31 1316.46937 1155.00665  12.3%   8.1 4057s
 919739 450074     cutoff   62      1316.46937 1155.07473  12.3%   8.2 4065s
 921071 450724 1309.22905   67   17 1316.46937 1155.15632  12.3%   8.2 4074s
 922565 451206     cutoff   62      1316.46937 1155.24618  12.2%   8.2 4083s
 923648 451914 infeasible   69      1316.46937 1155.29417  12.2%   8.2 4093s
 925164 452577     cutoff   72      1316.46937 1155.37793  12.2%   8.2 4103s
 926581 452940     cutoff   60      1316.46937 1155.42843  12.2%   8.2 4112s
 927701 453573     cutoff   60      1316.46937 1155.47346  12.2%   8.2 4121s
 929157 453968     cutoff   73      1316.46937 1155.55782  12.2%   8.2 4132s
 930263 454453 infeasible   73      1316.46937 1155.60731  12.2%   8.2 4141s
 931445 454970     cutoff   73      1316.46937 1155.69000  12.2%   8.2 4150s
 932650 455208 1174.24651   39   31 1316.46937 1155.75768  12.2%   8.2 4166s
 933093 455829 1273.19724   64   33 1316.46937 1155.77729  12.2%   8.2 4179s
 934503 456333 1258.62704   51   34 1316.46937 1155.83175  12.2%   8.2 4188s
 935735 456966 1295.39145   57   10 1316.46937 1155.90458  12.2%   8.2 4199s
 937141 457641 1215.80888   48   38 1316.46937 1155.98766  12.2%   8.2 4209s
 938610 458318     cutoff   61      1316.46937 1156.06630  12.2%   8.2 4219s
 940071 458874     cutoff   60      1316.46937 1156.14864  12.2%   8.2 4229s
 941473 459432     cutoff   95      1316.46937 1156.21332  12.2%   8.2 4238s
 942910 459976 infeasible   72      1316.46937 1156.30043  12.2%   8.2 4246s
 944269 460707 1290.79408   86   12 1316.46937 1156.36587  12.2%   8.2 4255s
 945760 461152 1187.02608   48   36 1316.46937 1156.47705  12.2%   8.2 4263s
 946995 461539 1296.88729   72   19 1316.46937 1156.55728  12.1%   8.2 4271s
 948014 462018 1303.21037   46   27 1316.46937 1156.61720  12.1%   8.2 4280s
 949190 462380 1262.67651   46    6 1316.46937 1156.66693  12.1%   8.2 4289s
 950392 462773 infeasible   49      1316.46937 1156.73201  12.1%   8.2 4299s
 951660 463333 1302.12475   67   31 1316.46937 1156.79584  12.1%   8.2 4308s
 953057 463929 1297.65222   58   20 1316.46937 1156.85343  12.1%   8.2 4318s
 954340 464391 1263.96320   85   26 1316.46937 1156.93762  12.1%   8.2 4326s
 955456 464857     cutoff   58      1316.46937 1156.98299  12.1%   8.2 4337s
 956699 465535 1215.94144   76   20 1316.46937 1157.06209  12.1%   8.2 4347s
 958199 466000 1274.78127   57   29 1316.46937 1157.13764  12.1%   8.2 4358s
 959488 466431 1301.30384   54   19 1316.46937 1157.20850  12.1%   8.2 4367s
 960545 467093     cutoff   72      1316.46937 1157.25411  12.1%   8.2 4378s
 962079 467528 infeasible   55      1316.46937 1157.32295  12.1%   8.2 4389s
 963263 468110     cutoff   96      1316.46937 1157.34781  12.1%   8.2 4400s
 964616 468658     cutoff   68      1316.46937 1157.41980  12.1%   8.2 4410s
 966030 469060 1293.32329   75   31 1316.46937 1157.49088  12.1%   8.2 4419s
 967135 469626 1230.67958   51   26 1316.46937 1157.54452  12.1%   8.2 4429s
 968575 470032 1245.60884   44   13 1316.46937 1157.61483  12.1%   8.2 4439s
 969604 470713     cutoff   64      1316.46937 1157.66405  12.1%   8.2 4449s
 971114 471182     cutoff   84      1316.46937 1157.73115  12.1%   8.2 4460s
 972373 471698 infeasible   48      1316.46937 1157.78622  12.1%   8.2 4470s
 973629 472174 1247.57637   62   35 1316.46937 1157.87882  12.0%   8.2 4480s
 974998 472704     cutoff   66      1316.46937 1157.94873  12.0%   8.2 4489s
 976295 473198     cutoff   80      1316.46937 1158.01463  12.0%   8.2 4498s
 977455 473670     cutoff   59      1316.46937 1158.07309  12.0%   8.2 4507s
 978832 474117     cutoff   84      1316.46937 1158.11080  12.0%   8.2 4519s
 980139 474733 infeasible   83      1316.46937 1158.19700  12.0%   8.2 4529s
 981637 475144     cutoff   51      1316.46937 1158.26223  12.0%   8.2 4539s
 982828 475653     cutoff   45      1316.46937 1158.32521  12.0%   8.2 4548s
 984172 476287 1245.71418   58   36 1316.46937 1158.36403  12.0%   8.2 4557s
 985575 476642     cutoff   60      1316.46937 1158.46066  12.0%   8.2 4566s
 986685 477093 1298.35619   74   18 1316.46937 1158.52003  12.0%   8.2 4575s
 987931 477427 1232.97101   53   30 1316.46937 1158.59081  12.0%   8.2 4584s
 988987 477954 1311.57258   39   16 1316.46937 1158.63931  12.0%   8.2 4594s
 990315 478452     cutoff   59      1316.46937 1158.70408  12.0%   8.2 4603s
 991512 479085 1277.31939   80   14 1316.46937 1158.74916  12.0%   8.2 4613s
 993027 479176 1279.43236   50   12 1316.46937 1158.82270  12.0%   8.2 4630s
 993230 479931     cutoff   56      1316.46937 1158.83093  12.0%   8.2 4640s
 994837 480438 infeasible   71      1316.46937 1158.91395  12.0%   8.2 4649s
 996179 480977     cutoff   86      1316.46937 1158.97319  12.0%   8.2 4659s
 997595 481364 1261.15105   59   35 1316.46937 1159.03771  12.0%   8.2 4669s
 998740 481941 1225.63594   54   24 1316.46937 1159.11213  12.0%   8.2 4678s
 1000164 482448 1249.49722   49   40 1316.46937 1159.19335  11.9%   8.2 4689s
 1001570 483002 1314.92872   96   22 1316.46937 1159.23527  11.9%   8.2 4700s
 1002949 483391 1283.12412   44   18 1316.46937 1159.29674  11.9%   8.2 4712s
 1004001 483981     cutoff   44      1316.46937 1159.34614  11.9%   8.2 4724s
 1005409 484479 1225.23495   49   27 1316.46937 1159.42592  11.9%   8.2 4738s
 1006753 485045     cutoff   57      1316.46937 1159.48107  11.9%   8.2 4750s
 1008181 485417 infeasible   48      1316.46937 1159.55949  11.9%   8.2 4760s
 1009206 485999 1291.68822   83   28 1316.46937 1159.62682  11.9%   8.2 4769s
 1010656 486557 1273.14265   45   24 1316.46937 1159.68352  11.9%   8.2 4779s
 1012090 487093 1313.84979   60   23 1316.46937 1159.72604  11.9%   8.2 4789s
 1013452 487598 1314.91880   77   12 1316.46937 1159.80293  11.9%   8.2 4798s
 1014719 488167 1246.12013   58   19 1316.46937 1159.87124  11.9%   8.3 4809s
 1016099 488671     cutoff   73      1316.46937 1159.94750  11.9%   8.3 4819s
 1017464 489119     cutoff   68      1316.46937 1160.02581  11.9%   8.3 4828s
 1018654 489574     cutoff   64      1316.46937 1160.07400  11.9%   8.3 4838s
 1020052 490236 1218.11314   67   35 1316.46937 1160.17026  11.9%   8.3 4848s
 1021526 490848 1274.51365   73   20 1316.46937 1160.23344  11.9%   8.3 4860s
 1022876 491294 1293.98948   47   17 1316.46937 1160.29331  11.9%   8.3 4871s
 1024044 491915     cutoff   65      1316.46937 1160.32763  11.9%   8.3 4883s
 1025515 492350 1246.17904   76   29 1316.46937 1160.40034  11.9%   8.3 4895s
 1026740 492879 1180.53041   40   33 1316.46937 1160.45268  11.9%   8.3 4907s
 1028132 493245 infeasible   58      1316.46937 1160.52168  11.8%   8.3 4920s
 1029260 493695     cutoff   83      1316.46937 1160.58823  11.8%   8.3 4932s
 1030392 494252     cutoff   66      1316.46937 1160.63757  11.8%   8.3 4946s
 1031848 494720     cutoff   68      1316.46937 1160.72509  11.8%   8.3 4960s
 1033073 495239 1222.76758   52   42 1316.46937 1160.77234  11.8%   8.3 4972s
 1034463 495700     cutoff   71      1316.46937 1160.84371  11.8%   8.3 4982s
 1035629 496097 1310.66767   56   26 1316.46937 1160.91450  11.8%   8.3 4994s
 1036686 496723 1285.49368   62   31 1316.46937 1160.95038  11.8%   8.3 5006s
 1038182 497323 1197.05516   52   34 1316.46937 1161.03577  11.8%   8.3 5017s
 1039612 497687 1303.13895   92   24 1316.46937 1161.07359  11.8%   8.3 5026s
 1040707 498084 1223.52613   36   29 1316.46937 1161.12226  11.8%   8.3 5035s
 1041801 498748 infeasible   61      1316.46937 1161.16851  11.8%   8.3 5045s
 1043249 499205     cutoff   49      1316.46937 1161.24060  11.8%   8.3 5055s
 1044454 499701     cutoff   64      1316.46937 1161.28801  11.8%   8.3 5065s
 1045830 500203     cutoff   78      1316.46937 1161.33272  11.8%   8.3 5075s
 1047145 500661 1298.02655   55   28 1316.46937 1161.40433  11.8%   8.3 5084s
 1048294 501132 1269.47735   63   23 1316.46937 1161.46040  11.8%   8.3 5094s
 1049700 501672 infeasible   51      1316.46937 1161.52058  11.8%   8.3 5106s
 1051173 502047 1301.62775   56   17 1316.46937 1161.59169  11.8%   8.3 5117s
 1052333 502576 1292.77409   61   21 1316.46937 1161.64588  11.8%   8.3 5128s
 1053725 502934 infeasible   62      1316.46937 1161.71512  11.8%   8.3 5139s
 1054906 503415     cutoff   69      1316.46937 1161.77058  11.8%   8.3 5151s
 1056117 504052 infeasible   68      1316.46937 1161.82748  11.7%   8.3 5163s
 1057630 504601 1307.10979   76   15 1316.46937 1161.87672  11.7%   8.3 5172s
 1059004 504996 1295.06005   50   28 1316.46937 1161.94526  11.7%   8.3 5182s
 1060299 505433     cutoff   52      1316.46937 1162.00197  11.7%   8.3 5192s
 1061418 506031 1270.17974   70   22 1316.46937 1162.05019  11.7%   8.3 5203s
 1062989 506557 1314.91308   42   33 1316.46937 1162.12589  11.7%   8.3 5214s
 1064390 507181 1254.91431   64   30 1316.46937 1162.19542  11.7%   8.3 5226s
 1065945 507677     cutoff   58      1316.46937 1162.24471  11.7%   8.3 5237s
 1067342 507763 1268.24971   50   25 1316.46937 1162.31365  11.7%   8.3 5259s
 1067530 508120     cutoff   52      1316.46937 1162.32162  11.7%   8.3 5268s
 1068544 508796 1283.32453   61   20 1316.46937 1162.36924  11.7%   8.3 5279s
 1070127 509340 1250.85191   52   18 1316.46937 1162.44061  11.7%   8.3 5292s
 1071498 509769 1248.07604   58   34 1316.46937 1162.49616  11.7%   8.3 5302s
 1072695 510260     cutoff   52      1316.46937 1162.57085  11.7%   8.3 5314s
 1073989 510878     cutoff   64      1316.46937 1162.62540  11.7%   8.3 5323s
 1075507 511358 1242.64181   48   30 1316.46937 1162.69716  11.7%   8.3 5332s
 1076682 511883 1275.99617   49   31 1316.46937 1162.75661  11.7%   8.3 5343s
 1078054 512382 1232.89730   48   24 1316.46937 1162.82809  11.7%   8.3 5356s
 1079466 512751     cutoff   55      1316.46937 1162.90633  11.7%   8.3 5370s
 1080612 513278 1289.11947   56   29 1316.46937 1162.96778  11.7%   8.3 5383s
 1081951 513761 1282.57660   59   35 1316.46937 1163.04448  11.7%   8.3 5396s
 1083404 514290 1242.52914   47   27 1316.46937 1163.10579  11.6%   8.3 5406s
 1084675 514714 1204.31317   76   30 1316.46937 1163.14253  11.6%   8.3 5419s
 1085957 515167 1299.90439   65   22 1316.46937 1163.20764  11.6%   8.3 5432s
 1087333 515685 1263.37577   97   30 1316.46937 1163.26209  11.6%   8.3 5443s
 1088770 515756 1271.79575   55   34 1316.46937 1163.33746  11.6%   8.3 5464s
 1088916 516311 1280.52550   56   37 1316.46937 1163.33825  11.6%   8.3 5475s
 1090115 516922 1309.77362   60   34 1316.46937 1163.40089  11.6%   8.3 5487s
 1091650 517426     cutoff   79      1316.46937 1163.44774  11.6%   8.3 5501s
 1093051 517963 infeasible   66      1316.46937 1163.50046  11.6%   8.3 5514s
 1094473 518384 infeasible   55      1316.46937 1163.57674  11.6%   8.3 5526s
 1095632 518783     cutoff   57      1316.46937 1163.63366  11.6%   8.3 5536s
 1096725 519536 1255.84781   61   27 1316.46937 1163.68706  11.6%   8.3 5548s
 1098302 519954     cutoff   57      1316.46937 1163.75911  11.6%   8.3 5559s
 1099535 520440     cutoff   56      1316.46937 1163.82807  11.6%   8.3 5571s
 1100937 520901     cutoff   53      1316.46937 1163.87742  11.6%   8.3 5582s
 1102262 521508 1240.46227   50   17 1316.46937 1163.94194  11.6%   8.3 5593s
 1103786 522077 infeasible   49      1316.46937 1163.99494  11.6%   8.3 5603s
 1105038 522420 1229.31491   50   37 1316.46937 1164.05808  11.6%   8.3 5614s
 1106252 522896 1249.96319   49   23 1316.46937 1164.11184  11.6%   8.3 5624s
 1107654 523304 1252.04897   55   36 1316.46937 1164.17665  11.6%   8.3 5636s
 1108963 523775 1267.57217   66   33 1316.46937 1164.23306  11.6%   8.3 5646s
 1110275 524279 1286.12187   42   14 1316.46937 1164.30791  11.6%   8.3 5655s
 1111615 524896     cutoff   56      1316.46937 1164.37563  11.6%   8.3 5666s
 1113015 525485     cutoff   71      1316.46937 1164.43015  11.5%   8.3 5676s
 1114391 526076     cutoff   73      1316.46937 1164.49683  11.5%   8.3 5686s
 1115735 526644 1244.73589   59   30 1316.46937 1164.56196  11.5%   8.4 5696s
 1117198 527277 1287.31002   42   16 1316.46937 1164.64603  11.5%   8.4 5707s
 1118655 527694     cutoff   66      1316.46937 1164.70172  11.5%   8.4 5717s
 1119828 528094     cutoff   65      1316.46937 1164.74370  11.5%   8.4 5727s
 1120972 528618 1208.34040   37   25 1316.46937 1164.77395  11.5%   8.4 5737s
 1122389 528949     cutoff   51      1316.46937 1164.86200  11.5%   8.4 5747s
 1123537 529309 1256.91954   74   26 1316.46937 1164.88822  11.5%   8.4 5757s
 1124677 529795     cutoff   73      1316.46937 1164.94060  11.5%   8.4 5768s
 1125982 530333 1238.53082   49   28 1316.46937 1165.01201  11.5%   8.4 5780s
 1127436 530862 1277.11806   52   23 1316.46937 1165.06919  11.5%   8.4 5789s
 1128632 531445     cutoff   44      1316.46937 1165.11577  11.5%   8.4 5799s
 1130124 531983 1283.67746   66   28 1316.46937 1165.18875  11.5%   8.4 5809s
 1131578 532438 1183.67700   49   38 1316.46937 1165.28328  11.5%   8.4 5820s
 1132798 532767     cutoff   56      1316.46937 1165.33489  11.5%   8.4 5842s
 1133897 533263 1274.24406   45   12 1316.46937 1165.38620  11.5%   8.4 5853s
 1135436 533630 1288.07394   61   17 1316.46937 1165.44857  11.5%   8.4 5864s
 1136662 534226     cutoff   56      1316.46937 1165.48704  11.5%   8.4 5874s
 1138176 534813     cutoff   63      1316.46937 1165.53434  11.5%   8.4 5884s
 1139536 535393 1239.86283   65   18 1316.46937 1165.59177  11.5%   8.4 5896s
 1140982 535802 infeasible   49      1316.46937 1165.65286  11.5%   8.4 5907s
 1142419 536284     cutoff   37      1316.46937 1165.70911  11.5%   8.4 5917s
 1143646 536656 1294.48943   84   22 1316.46937 1165.76310  11.4%   8.4 5927s
 1144807 537330     cutoff   83      1316.46937 1165.80793  11.4%   8.4 5937s
 1146417 537721 1283.74794   87   31 1316.46937 1165.88697  11.4%   8.4 5948s
 1147680 538251 1310.61691   75    - 1316.46937 1165.92671  11.4%   8.4 5959s
 1148983 538850 1312.94360   81   25 1316.46937 1165.98911  11.4%   8.4 5971s
 1150551 539400 1183.44303   48   14 1316.46937 1166.07606  11.4%   8.4 5982s
 1151956 539984 infeasible   58      1316.46937 1166.12740  11.4%   8.4 5994s
 1153457 540363     cutoff   77      1316.46937 1166.18654  11.4%   8.4 6005s
 1154543 540906     cutoff   77      1316.46937 1166.23485  11.4%   8.4 6017s
 1155990 541064 1227.61475   53   34 1316.46937 1166.28817  11.4%   8.4 6032s
 1156308 541544 1237.74781   54   36 1316.46937 1166.29488  11.4%   8.4 6043s
 1157682 542079 1244.25933   61   30 1316.46937 1166.36904  11.4%   8.4 6054s
 1159014 542652 1250.06636   45   17 1316.46937 1166.42674  11.4%   8.4 6064s
 1160408 543207 1273.30357   66   31 1316.46937 1166.49798  11.4%   8.4 6076s
 1161811 543759 1243.42807   51   27 1316.46937 1166.55703  11.4%   8.4 6087s
 1163035 544333     cutoff   57      1316.46937 1166.60909  11.4%   8.4 6099s
 1164552 544786 1310.89585   78   27 1316.46937 1166.66643  11.4%   8.4 6111s
 1165938 545323 1230.20588   64   35 1316.46937 1166.71069  11.4%   8.4 6123s
 1167414 545832     cutoff   40      1316.46937 1166.78825  11.4%   8.4 6134s
 1168733 546363 infeasible   51      1316.46937 1166.84636  11.4%   8.4 6144s
 1170255 546778     cutoff   55      1316.46937 1166.92645  11.4%   8.4 6153s
 1171432 547323     cutoff   68      1316.46937 1166.96914  11.4%   8.4 6163s
 1172905 547784     cutoff   62      1316.46937 1167.02827  11.4%   8.4 6172s
 1174085 548399     cutoff   52      1316.46937 1167.08860  11.3%   8.4 6182s
 1175546 548750 1260.57363   65   33 1316.46937 1167.14922  11.3%   8.4 6191s
 1176699 549226     cutoff   46      1316.46937 1167.20271  11.3%   8.4 6201s
 1178012 549761     cutoff   50      1316.46937 1167.26411  11.3%   8.4 6210s
 1179233 550187     cutoff   58      1316.46937 1167.32239  11.3%   8.4 6220s
 1180618 550630 1311.60009   58   27 1316.46937 1167.36835  11.3%   8.4 6232s
 1181971 551119     cutoff   55      1316.46937 1167.44170  11.3%   8.4 6245s
 1183361 551524 1178.87195   51   39 1316.46937 1167.50188  11.3%   8.4 6257s
 1184466 552011 1301.82699   49   27 1316.46937 1167.55081  11.3%   8.4 6268s
 1185750 552471 1221.39930   48   32 1316.46937 1167.59717  11.3%   8.4 6282s
 1187134 553047 1252.24001   51   25 1316.46937 1167.65660  11.3%   8.4 6295s
 1188615 553508     cutoff   85      1316.46937 1167.69706  11.3%   8.4 6305s
 1189779 554049     cutoff   61      1316.46937 1167.77898  11.3%   8.4 6316s
 1191215 554686 1292.48287   58   34 1316.46937 1167.86048  11.3%   8.4 6327s
 1192688 555262 1282.54918   71   25 1316.46937 1167.91501  11.3%   8.4 6337s
 1194191 555564 1248.30554   49   33 1316.46937 1167.97479  11.3%   8.4 6348s
 1195315 555863 1275.32052   51   24 1316.46937 1168.03019  11.3%   8.4 6359s
 1196386 556310 1273.80278   61   21 1316.46937 1168.07020  11.3%   8.4 6373s
 1197680 556830 1250.47873   40   25 1316.46937 1168.11718  11.3%   8.4 6386s
 1199136 557275     cutoff   51      1316.46937 1168.18844  11.3%   8.4 6397s
 1200355 557871 1274.17441   56   23 1316.46937 1168.23776  11.3%   8.4 6408s
 1201921 558364 1269.95770   44   31 1316.46937 1168.30618  11.3%   8.4 6421s
 1203371 558756 1221.89893   74   31 1316.46937 1168.37677  11.2%   8.4 6434s
 1204503 559289 1290.12204   55   22 1316.46937 1168.42038  11.2%   8.4 6448s
 1205976 559749 1262.41516   49   38 1316.46937 1168.47465  11.2%   8.4 6462s
 1207175 560240 1239.01413   59   25 1316.46937 1168.51813  11.2%   8.4 6475s
 1208545 560710     cutoff   73      1316.46937 1168.59687  11.2%   8.4 6488s
 1210040 561105 1305.73639   71   24 1316.46937 1168.64964  11.2%   8.4 6501s
 1211279 561594 1196.10206   76   36 1316.46937 1168.71126  11.2%   8.4 6513s
 1212603 561689 infeasible   80      1316.46937 1168.78896  11.2%   8.4 6534s
 1212935 562249 1205.05554   59   30 1316.46937 1168.80112  11.2%   8.4 6546s
 1214359 562771     cutoff   90      1316.46937 1168.85348  11.2%   8.4 6558s
 1215801 563200     cutoff   81      1316.46937 1168.90231  11.2%   8.4 6569s
 1217053 563738 1219.98388   55   28 1316.46937 1168.97532  11.2%   8.4 6581s
 1218570 564143 1246.59077   46   34 1316.46937 1169.03740  11.2%   8.4 6592s
 1220062 564683 1199.20566   66   13 1316.46937 1169.11046  11.2%   8.4 6604s
 1221487 565044 1237.66472   58   16 1316.46937 1169.15568  11.2%   8.5 6615s
 1222610 565545     cutoff   80      1316.46937 1169.18903  11.2%   8.5 6628s
 1224210 566055     cutoff   68      1316.46937 1169.27544  11.2%   8.5 6642s
 1225523 566656     cutoff   55      1316.46937 1169.32143  11.2%   8.5 6657s
 1227004 567288     cutoff   85      1316.46937 1169.40182  11.2%   8.5 6672s
 1228600 567706 1308.89968   63   18 1316.46937 1169.47417  11.2%   8.5 6686s
 1229807 568120 1208.46108   47   37 1316.46937 1169.52495  11.2%   8.5 6700s
 1231116 568656 1264.89836   56   27 1316.46937 1169.57073  11.2%   8.5 6716s
 1232518 569086 1248.70824   64   22 1316.46937 1169.62403  11.2%   8.5 6729s
 1233834 569676 1300.55044   52   22 1316.46937 1169.69345  11.1%   8.5 6742s
 1235346 570078 infeasible   61      1316.46937 1169.75039  11.1%   8.5 6754s
 1236481 570629 1284.00122   78   23 1316.46937 1169.80155  11.1%   8.5 6765s
 1238003 571156     cutoff   74      1316.46937 1169.85273  11.1%   8.5 6776s
 1239444 571463 1275.14403   69   31 1316.46937 1169.90460  11.1%   8.5 6788s
 1240585 571901 infeasible   46      1316.46937 1169.96507  11.1%   8.5 6800s
 1241853 572310 1213.66911   41   34 1316.46937 1170.02772  11.1%   8.5 6811s
 1243027 572918 1311.73484   80   21 1316.46937 1170.07038  11.1%   8.5 6828s
 1244564 573450     cutoff   83      1316.46937 1170.12536  11.1%   8.5 6843s
 1246063 573802 1193.46716   47   33 1316.46937 1170.18724  11.1%   8.5 6858s
 1247250 574246 1266.96743   63   31 1316.46937 1170.24333  11.1%   8.5 6872s
 1248690 574631     cutoff   59      1316.46937 1170.30921  11.1%   8.5 6885s
 1249841 575110     cutoff   62      1316.46937 1170.36518  11.1%   8.5 6899s
 1251193 575547     cutoff   66      1316.46937 1170.42418  11.1%   8.5 6912s
 1252593 575993 infeasible   59      1316.46937 1170.47425  11.1%   8.5 6923s
 1253907 576385     cutoff   53      1316.46937 1170.53656  11.1%   8.5 6937s
 1255234 576827 infeasible   59      1316.46937 1170.58537  11.1%   8.5 6951s
 1256683 577179     cutoff   60      1316.46937 1170.63138  11.1%   8.5 6964s
 1257923 577655 infeasible   58      1316.46937 1170.68859  11.1%   8.5 6978s
 1259432 578086 1261.46515   58   33 1316.46937 1170.75519  11.1%   8.5 6991s
 1260710 578618     cutoff   76      1316.46937 1170.81884  11.1%   8.5 7005s
 1262109 579179 1254.69024   63   37 1316.46937 1170.86053  11.1%   8.5 7019s
 1263548 579699 1251.20165   55   29 1316.46937 1170.91638  11.1%   8.5 7031s
 1265060 580202     cutoff   55      1316.46937 1170.96969  11.1%   8.5 7042s
 1266254 580788     cutoff   84      1316.46937 1171.03067  11.0%   8.5 7055s
 1267809 581331 1246.27870   52   35 1316.46937 1171.08403  11.0%   8.5 7068s
 1269297 581801 1290.32046   73   26 1316.46937 1171.13475  11.0%   8.5 7080s
 1270687 582269     cutoff   58      1316.46937 1171.18437  11.0%   8.5 7091s
 1271932 582725 1310.87305   75   14 1316.46937 1171.24302  11.0%   8.5 7104s
 1273229 583021 infeasible   76      1316.46937 1171.29948  11.0%   8.5 7116s
 1274420 583500 1264.83847   48   23 1316.46937 1171.34874  11.0%   8.5 7129s
 1275875 583933     cutoff   53      1316.46937 1171.42138  11.0%   8.5 7142s
 1277195 584628     cutoff   78      1316.46937 1171.47980  11.0%   8.5 7153s
 1278801 584690     cutoff   76      1316.46937 1171.54806  11.0%   8.5 7170s
 1279016 585077 1245.30326   45   37 1316.46937 1171.55915  11.0%   8.5 7183s
 1280231 585535     cutoff   61      1316.46937 1171.60692  11.0%   8.5 7195s
 1281796 585661 1268.35394   53   31 1316.46937 1171.66656  11.0%   8.5 7200s

Cutting planes:
  Gomory: 6
  MIR: 1
  Flow cover: 3
  Zero half: 8
  RLT: 1
  Lazy constraints: 12850

Explored 1282360 nodes (10909803 simplex iterations) in 7200.19 seconds
Thread count was 12 (of 12 available processors)

Solution count 6: 1316.47 1401.41 1414.08 ... 1950.12

Time limit reached
Best objective 1.316469372108e+03, best bound 1.171692100608e+03, gap 10.9974%

User-callback calls 3743800, time in user-callback 30.98 sec
/projects/academic/josewalt/caigao/RRARP_BD/BendersDecomp/ret/model_outs/n_20_h_2_algo_4.out
 =====>>>>> Solution is written to file in <../ret/model_outs> !!!
===>> All Done!
