NPROCS=0
This instance is clustered!
Gurobi Optimizer version 9.0.0 build v9.0.0rc2 (linux64)
Optimize a model with 40 rows, 401 columns and 800 nonzeros
Model fingerprint: 0x193ccd59
Variable types: 1 continuous, 400 integer (400 binary)
Coefficient statistics:
  Matrix range     [1e+00, 1e+00]
  Objective range  [1e+00, 3e+02]
  Bounds range     [1e+00, 1e+00]
  RHS range        [1e+00, 1e+00]
Presolve removed 2 rows and 57 columns
Presolve time: 0.00s
Presolved: 38 rows, 344 columns, 686 nonzeros
Variable types: 1 continuous, 343 integer (343 binary)

Root relaxation: objective 3.149958e+02, 25 iterations, 0.00 seconds

    Nodes    |    Current Node    |     Objective Bounds      |     Work
 Expl Unexpl |  Obj  Depth IntInf | Incumbent    BestBd   Gap | It/Node Time

     0     0  494.93254    0   16          -  494.93254      -     -    0s
     0     0  610.00221    0   20          -  610.00221      -     -    0s
     0     0  642.64313    0   18          -  642.64313      -     -    0s
     0     0  642.64313    0   16          -  642.64313      -     -    0s
H    0     0                    2108.9931547  642.64313  69.5%     -    0s
     0     2  648.20980    0   16 2108.99315  648.20980  69.3%     -    0s
*  541   462              25    1262.2180811  659.96405  47.7%   3.5    0s
*  542   462              25    1119.8777121  659.96405  41.1%   3.5    0s
*  820   675              39    1096.6349538  659.96405  39.8%   3.2    0s
* 1034   906              70     957.4426408  659.96405  31.1%   3.1    0s
* 1412  1078              92     952.4649097  665.59599  30.1%   3.2    0s
* 1454  1283             107     935.9676253  665.59599  28.9%   3.3    0s
H 2104  1613                     912.6357693  665.59599  27.1%   3.2    0s
H 2107  1534                     912.6357643  665.59599  27.1%   3.1    1s
H 3360  1902                     912.6357498  665.59599  27.1%   3.7    3s
  5969  2516  687.27685   25   28  912.63575  669.82220  26.6%   4.2    5s
 10826  4904  828.50662   37   14  912.63575  689.54735  24.4%   4.7   10s
 13790  6486  702.75625   29   27  912.63575  693.53339  24.0%   4.9   15s
 16242  7761  729.47068   23   34  912.63575  696.48713  23.7%   5.0   20s
 18189  8807 infeasible   35       912.63575  697.85868  23.5%   5.1   25s
 19508  9389  718.91485   49   16  912.63575  698.87830  23.4%   5.2   31s
 19514  9393  725.83707   31   66  912.63575  698.87830  23.4%   5.2   35s
 19519  9396  750.79964   28   35  912.63575  698.87830  23.4%   5.2   40s
 19522  9398  713.46481   24   62  912.63575  698.87830  23.4%   5.2   46s
 19526  9404  698.87830   25   78  912.63575  698.87830  23.4%   5.2   50s
 19604  9466  706.81561   31   11  912.63575  698.87830  23.4%   5.2   55s
 20060  9634  797.21870   51    -  912.63575  698.87830  23.4%   5.2   61s
 20696  9864  727.96287   55   38  912.63575  698.87830  23.4%   5.2   65s
 22042 10201 infeasible   98       912.63575  698.87830  23.4%   5.2   70s
 23372 10592  736.73536   41   17  912.63575  698.87830  23.4%   5.2   75s
 25166 11120  812.40905   45   23  912.63575  698.87830  23.4%   5.2   80s
 26695 11597  780.22827   72   44  912.63575  698.87830  23.4%   5.2   85s
 28203 12040  868.64370   60   30  912.63575  698.87830  23.4%   5.2   91s
 29219 12294  760.80788   57    7  912.63575  698.87830  23.4%   5.2   95s
 30870 12891  738.34431   37   15  912.63575  698.87830  23.4%   5.2  101s
 32282 13309  797.29057   74   21  912.63575  698.87830  23.4%   5.2  106s
 32790 13491  842.58187   88    -  912.63575  698.87830  23.4%   5.2  110s
 34345 13956  711.56310   40    7  912.63575  698.87830  23.4%   5.2  116s
 35292 14186  712.31436   62   63  912.63575  698.87830  23.4%   5.2  120s
 36450 14590 infeasible   67       912.63575  698.87830  23.4%   5.2  127s
 37668 15165  832.46460   76   20  912.63575  698.87830  23.4%   5.2  132s
 38390 15240     cutoff   78       912.63575  698.87830  23.4%   5.2  135s
 39615 15586 infeasible   63       912.63575  698.87830  23.4%   5.2  140s
 40841 16057 infeasible   72       912.63575  698.97271  23.4%   5.2  146s
 42310 16270     cutoff  103       912.63575  699.53349  23.4%   5.2  153s
 42483 16476  723.13783   53   35  912.63575  699.60426  23.3%   5.2  156s
 43091 16677 infeasible   55       912.63575  699.97306  23.3%   5.2  160s
 44559 17088 infeasible   62       912.63575  700.44909  23.2%   5.2  167s
 45321 17314  880.99153   55    -  912.63575  701.01524  23.2%   5.2  172s
 46089 17595 infeasible   72       912.63575  701.42937  23.1%   5.2  178s
 46892 17872  847.04257   59   32  912.63575  701.66520  23.1%   5.2  183s
 47730 18057  879.14140   76   51  912.63575  702.13222  23.1%   5.2  189s
 48595 18538  888.08434   79   18  912.63575  702.38832  23.0%   5.3  195s
 49422 19143 infeasible   81       912.63575  702.86263  23.0%   5.3  200s
 50326 19645  900.63518   81    8  912.63575  703.26665  22.9%   5.3  206s
 51134 20066  882.62439   48   52  912.63575  703.31875  22.9%   5.3  211s
 51674 20451  772.97598   65   11  912.63575  703.71891  22.9%   5.3  218s
 52560 20971     cutoff   82       912.63575  704.07801  22.9%   5.3  226s
 53396 21679  906.48358   83   14  912.63575  704.47858  22.8%   5.3  233s
 54510 22323 infeasible   84       912.63575  705.00241  22.8%   5.3  241s
 55536 22701     cutoff   55       912.63575  705.00374  22.8%   5.3  250s
 56306 23412  772.19094   52   49  912.63575  705.70151  22.7%   5.3  258s
 57390 24006  775.28504   58   18  912.63575  706.17037  22.6%   5.3  267s
 58342 24574  881.01956   63   21  912.63575  706.49893  22.6%   5.3  275s
 59289 25276 infeasible   69       912.63575  706.61563  22.6%   5.3  284s
 60315 25854  732.55374   63   38  912.63575  706.76220  22.6%   5.3  292s
 61300 26253  886.72624   68   34  912.63575  707.07429  22.5%   5.3  298s
 61593 26719  861.59703   79    8  912.63575  707.32915  22.5%   5.3  307s
 62622 27347  770.39808   48    -  912.63575  707.67882  22.5%   5.3  315s
 63615 27952  718.44027   37   14  912.63575  708.13983  22.4%   5.3  324s
 64672 28560  762.31681   76   18  912.63575  708.35343  22.4%   5.3  334s
 65651 29086  724.81075   40   25  912.63575  708.72414  22.3%   5.3  343s
 66503 29751     cutoff   63       912.63575  708.99811  22.3%   5.3  355s
 67542 30278     cutoff   66       912.63575  709.16879  22.3%   5.3  367s
 68510 30842     cutoff   71       912.63575  709.37099  22.3%   5.3  379s
 69485 31508  906.03149   71    9  912.63575  709.66945  22.2%   5.3  390s
 70557 32092 infeasible   72       912.63575  710.01700  22.2%   5.3  402s
 71481 32646     cutoff   63       912.63575  710.22078  22.2%   5.4  413s
 72499 33301  865.09414   61    -  912.63575  710.47250  22.2%   5.4  425s
 73502 33930  843.39398   64   13  912.63575  710.49591  22.1%   5.4  435s
 74554 34576  889.06766   65    7  912.63575  710.80074  22.1%   5.4  444s
 75518 35156 infeasible   66       912.63575  711.06045  22.1%   5.4  456s
 76581 35754  911.42926   52   24  912.63575  711.66168  22.0%   5.4  468s
 77575 36292  815.78687   51   10  912.63575  711.81243  22.0%   5.4  480s
 78411 36910  893.77588   50   22  912.63575  712.02542  22.0%   5.4  495s
 79513 37497  732.25573   71   29  912.63575  712.22503  22.0%   5.4  508s
 80518 38182  739.34344   51   28  912.63575  712.33846  21.9%   5.4  520s
 81510 38510  818.59634   67   16  912.63575  712.66130  21.9%   5.4  531s
 81943 38926  825.56255   68   16  912.63575  712.71696  21.9%   5.4  544s
 82946 39679  888.34212   69   32  912.63575  712.86423  21.9%   5.4  556s
 84045 40393  884.87990   76   15  912.63575  713.23170  21.8%   5.4  571s
 85192 41030  791.00937   82   58  912.63575  713.41861  21.8%   5.4  586s
 86261 41586  742.15861   54    7  912.63575  713.54298  21.8%   5.4  602s
 87231 42264  872.45196   62    -  912.63575  713.86500  21.8%   5.4  618s
 88298 42952 infeasible   65       912.63575  714.04076  21.8%   5.4  633s
 89408 43665 infeasible   64       912.63575  714.34967  21.7%   5.4  646s
 90504 44444 infeasible   67       912.63575  714.59426  21.7%   5.4  659s
 91669 44975 infeasible   59       912.63575  714.71246  21.7%   5.4  675s
 92651 45506  905.68654   58   20  912.63575  714.94491  21.7%   5.4  690s
 93642 45903 infeasible   72       912.63575  715.06624  21.6%   5.4  701s
 94067 46468  762.61647   57   42  912.63575  715.11916  21.6%   5.4  715s
 95215 47077  782.78968   68   45  912.63575  715.47068  21.6%   5.4  732s
 96271 47717 infeasible   75       912.63575  715.65407  21.6%   5.4  749s
 97295 48289  808.84391   66   36  912.63575  715.73011  21.6%   5.4  768s
 98356 48953  778.63183   65   35  912.63575  715.92585  21.6%   5.4  786s
 99464 49596  734.23352   39   15  912.63575  716.03344  21.5%   5.4  802s
 100568 50266  763.07335   73   27  912.63575  716.35382  21.5%   5.4  818s
 101624 50809  845.33409   76   22  912.63575  716.55453  21.5%   5.4  835s
 102649 51413 infeasible   77       912.63575  716.64724  21.5%   5.4  855s
 103639 51790 infeasible   70       912.63575  716.77003  21.5%   5.4  871s
 104020 52335  749.10427   40   49  912.63575  716.89996  21.4%   5.4  892s
 105160 52964  730.19019   38    7  912.63575  717.10175  21.4%   5.4  914s
 106269 53555  755.15574   47    -  912.63575  717.27413  21.4%   5.4  937s
 107303 54321  792.21643   66    7  912.63575  717.44057  21.4%   5.4  957s
 108485 54933  895.65849   79    -  912.63575  717.60640  21.4%   5.4  981s
 109541 55651 infeasible   79       912.63575  717.77756  21.4%   5.4 1006s
 110719 56350 infeasible   48       912.63575  718.06815  21.3%   5.4 1031s
 111820 56949  829.63046   64   37  912.63575  718.21800  21.3%   5.4 1052s
 112845 57633 infeasible   65       912.63575  718.45652  21.3%   5.4 1074s
 114011 58379  884.13561   61   12  912.63575  718.59646  21.3%   5.4 1092s
 115192 59051  873.25368   65   21  912.63575  718.78931  21.2%   5.4 1113s
 116200 59710 infeasible   66       912.63575  718.94482  21.2%   5.4 1135s
 117418 60349     cutoff   76       912.63575  719.11572  21.2%   5.4 1158s
 118473 61043  841.00932   64   36  912.63575  719.28718  21.2%   5.4 1179s
 119351 61246 infeasible   71       912.63575  719.32431  21.2%   5.4 1180s
 119528 61691  821.14926   39   21  912.63575  719.34521  21.2%   5.4 1201s
 120659 62357  770.14237   72   36  912.63575  719.47870  21.2%   5.4 1222s
 121819 62992  779.12646   43   17  912.63575  719.69967  21.1%   5.4 1244s
 122887 63656 infeasible   58       912.63575  719.83609  21.1%   5.4 1266s
 124004 64177 infeasible   64       912.63575  719.94356  21.1%   5.4 1287s
 125018 64800  888.85106   64    9  912.63575  720.04307  21.1%   5.4 1308s
 126158 65495  726.66261   37   10  912.63575  720.17834  21.1%   5.4 1335s
 127278 66171  820.24148   66   26  912.63575  720.34349  21.1%   5.4 1360s
 128361 66773 infeasible   74       912.63575  720.62028  21.0%   5.4 1383s
 129412 67260  902.40192   75    -  912.63575  720.76216  21.0%   5.4 1408s
 130422 67849 infeasible   75       912.63575  720.91151  21.0%   5.4 1435s
 131352 68476  772.51006   46    -  912.63575  720.98156  21.0%   5.4 1460s
 132497 68876  778.21532   71   30  912.63575  721.05337  21.0%   5.4 1482s
 132903 69329  811.93862   74   47  912.63575  721.26457  21.0%   5.4 1508s
 134011 70022  841.51636   73    -  912.63575  721.39078  21.0%   5.4 1535s
 135195 70636  871.71781   73   28  912.63575  721.54648  20.9%   5.4 1562s
 136237 71372  794.26376   61   14  912.63575  721.54648  20.9%   5.4 1586s
 137495 71999  811.21640   68   21  912.63575  721.79742  20.9%   5.4 1614s
 138587 72661 infeasible   69       912.63575  721.89557  20.9%   5.4 1643s
 139700 73501  809.00987   61    6  912.63575  722.09566  20.9%   5.4 1666s
 140999 74205  767.71772   89   50  912.63575  722.21816  20.9%   5.4 1692s
 142171 74895  789.82728   97   46  912.63575  722.36479  20.8%   5.4 1719s
 142776 75038 infeasible   79       912.63575  722.39315  20.8%   5.4 1720s
 143330 75511     cutoff  102       912.63575  722.50061  20.8%   5.4 1746s
 144370 76210 infeasible   80       912.63575  722.61600  20.8%   5.4 1772s
 145502 76786  845.40224   72   28  912.63575  722.68988  20.8%   5.4 1808s
 146545 77619  790.91653   76   39  912.63575  722.79848  20.8%   5.4 1833s
 147796 78396  809.23226   82   41  912.63575  722.83583  20.8%   5.4 1857s
 148964 79193 infeasible   85       912.63575  723.05980  20.8%   5.4 1882s
 150224 79892 infeasible   77       912.63575  723.18778  20.8%   5.4 1910s
 151389 80452     cutoff   77       912.63575  723.27668  20.7%   5.4 1941s
 152422 81163 infeasible   56       912.63575  723.42661  20.7%   5.4 1971s
 153641 81874  728.39246   39   12  912.63575  723.55916  20.7%   5.4 2015s
 154683 82545 infeasible   65       912.63575  723.64851  20.7%   5.4 2050s
 155859 83333  910.99250   86    -  912.63575  723.73758  20.7%   5.4 2078s
 157082 83927     cutoff   86       912.63575  723.86819  20.7%   5.4 2105s
 158147 84462  759.45370   65   13  912.63575  723.95485  20.7%   5.4 2128s
 158777 84988     cutoff   70       912.63575  724.02869  20.7%   5.4 2158s
 159945 85570  738.55148   39    8  912.63575  724.16370  20.7%   5.4 2189s
 161047 86243  788.29650   42   22  912.63575  724.21595  20.6%   5.4 2221s
 162204 86861 infeasible   74       912.63575  724.34576  20.6%   5.4 2250s
 163270 87518  820.21651   73    7  912.63575  724.43712  20.6%   5.4 2278s
 164387 88063 infeasible   74       912.63575  724.56552  20.6%   5.4 2310s
 165454 88675  909.91537   60   13  912.63575  724.73076  20.6%   5.4 2347s
 166563 89484  879.52162   63   25  912.63575  724.82006  20.6%   5.4 2379s
 167764 90195     cutoff   65       912.63575  724.91113  20.6%   5.4 2411s
 169002 90787 infeasible   74       912.63575  725.02323  20.6%   5.4 2451s
 170103 91370  910.29532   74   23  912.63575  725.13778  20.5%   5.4 2488s
 171129 91992  815.45351   84   29  912.63575  725.28266  20.5%   5.4 2522s
 172254 92726 infeasible   86       912.63575  725.39048  20.5%   5.4 2558s
 173394 93429  765.36221   60    -  912.63575  725.40896  20.5%   5.4 2596s
 174532 94207  727.84003   44   58  912.63575  725.58660  20.5%   5.4 2629s
 175779 94840  828.74117   66   35  912.63575  725.63207  20.5%   5.4 2667s
 176879 95370  768.50142   63   31  912.63575  725.81708  20.5%   5.4 2708s
 177880 95851  770.42652   58   37  912.63575  725.88017  20.5%   5.4 2735s
 178429 96108 infeasible   72       912.63575  725.99104  20.5%   5.4 2767s
 179065 96643     cutoff   74       912.63575  726.01906  20.4%   5.4 2806s
 180268 97327  849.11784   66    -  912.63575  726.11907  20.4%   5.4 2844s
 181471 98043     cutoff   66       912.63575  726.14585  20.4%   5.5 2880s
 182736 98742  823.73150   87   25  912.63575  726.30057  20.4%   5.4 2915s
 183919 99440  768.23288   43   14  912.63575  726.33325  20.4%   5.5 2955s
 185148 100198     cutoff   66       912.63575  726.49002  20.4%   5.5 2997s
 186360 100946  894.88821   62   41  912.63575  726.53613  20.4%   5.5 3036s
 187492 101723  737.90290   41   25  912.63575  726.73762  20.4%   5.4 3074s
 188837 102538 infeasible   81       912.63575  726.83472  20.4%   5.4 3108s
 190067 103264     cutoff   69       912.63575  726.91562  20.3%   5.4 3144s
 191311 103935 infeasible   64       912.63575  727.03039  20.3%   5.4 3182s
 192439 104514  781.01110   75   57  912.63575  727.05898  20.3%   5.4 3221s
 193423 105277  847.62285   83   18  912.63575  727.21046  20.3%   5.4 3258s
 194691 105950 infeasible   84       912.63575  727.30619  20.3%   5.4 3293s
 195774 106590     cutoff   65       912.63575  727.35849  20.3%   5.4 3333s
 196916 107102  828.84928   53   37  912.63575  727.51285  20.3%   5.4 3370s
 197773 107625  887.55623   57    -  912.63575  727.54467  20.3%   5.4 3409s
 198876 108460 infeasible   66       912.63575  727.64911  20.3%   5.4 3451s
 200137 108968  871.91288   64   14  912.63575  727.74286  20.3%   5.4 3494s
 201129 109705 infeasible   65       912.63575  727.80875  20.3%   5.4 3534s
 202329 110266  904.77180   54   13  912.63575  727.83245  20.2%   5.4 3581s
 203427 110992  867.79444   51   28  912.63575  727.97917  20.2%   5.4 3626s
 204635 111682 infeasible   78       912.63575  728.10184  20.2%   5.4 3668s
 205833 112607     cutoff   64       912.63575  728.17936  20.2%   5.4 3714s
 206161 112669     cutoff   62       912.63575  728.19784  20.2%   5.4 3715s
 207126 113182     cutoff   82       912.63575  728.28065  20.2%   5.4 3757s
 208288 113976     cutoff   81       912.63575  728.34414  20.2%   5.4 3802s
 209486 114770  805.83324   62   60  912.63575  728.43800  20.2%   5.4 3849s
 210802 115293  772.72178   64   35  912.63575  728.53825  20.2%   5.4 3882s
 211352 115702 infeasible   70       912.63575  728.57575  20.2%   5.4 3946s
 212399 116288     cutoff   70       912.63575  728.64921  20.2%   5.4 3995s
 213530 116960     cutoff   50       912.63575  728.73373  20.2%   5.4 4037s
 214698 117600  889.92572   82   24  912.63575  728.82131  20.1%   5.4 4085s
 215797 118230  734.60178   41   20  912.63575  728.88839  20.1%   5.4 4128s
 216783 118776 infeasible   73       912.63575  728.95887  20.1%   5.4 4175s
 217999 119367  789.24111   58   22  912.63575  729.07495  20.1%   5.4 4228s
 219057 120147  899.15769   68   29  912.63575  729.16747  20.1%   5.4 4269s
 220312 120881     cutoff   76       912.63575  729.23808  20.1%   5.4 4318s
 221456 121431  902.38802   84   31  912.63575  729.34632  20.1%   5.4 4363s
 222667 122199 infeasible   59       912.63575  729.40859  20.1%   5.4 4410s
 223867 122915     cutoff   86       912.63575  729.53031  20.1%   5.4 4458s
 225090 123632     cutoff   86       912.63575  729.63046  20.1%   5.4 4503s
 226376 124364     cutoff   62       912.63575  729.67016  20.0%   5.4 4547s
 227587 125075  909.20040   88   46  912.63575  729.81825  20.0%   5.4 4592s
 228880 125406  737.82493   55   16  912.63575  729.84726  20.0%   5.4 4646s
 228882 125407  762.46347   57   36  912.63575  729.84726  20.0%   5.4 4666s
 228883 125408  748.59203   39   71  912.63575  729.84726  20.0%   5.4 4683s
 228885 125409  811.08195   58   92  912.63575  729.84726  20.0%   5.4 4686s
 228886 125410  747.55629   46   62  912.63575  729.84726  20.0%   5.4 4699s
 228887 125411  834.62039   53   66  912.63575  729.84726  20.0%   5.4 4733s
 228888 125411  773.18321   41   66  912.63575  729.84726  20.0%   5.4 4747s
 228889 125412  910.17594   45   66  912.63575  729.84726  20.0%   5.4 4754s
 228890 125416  729.84726   38   53  912.63575  729.84726  20.0%   5.4 4785s
 228892 125419  729.84726   39   91  912.63575  729.84726  20.0%   5.4 4824s
 228896 125426  729.84726   40   24  912.63575  729.84726  20.0%   5.4 4840s
 228904 125435  729.84726   41   85  912.63575  729.84726  20.0%   5.4 4865s
 228916 125443  729.84726   42   85  912.63575  729.84726  20.0%   5.4 4882s
 228928 125451  729.84726   42   69  912.63575  729.84726  20.0%   5.4 4892s
 228940 125459  729.84726   43   47  912.63575  729.84726  20.0%   5.4 4896s
 228952 125471  729.84726   43   62  912.63575  729.84726  20.0%   5.4 4901s
 228968 125480  729.84726   44   51  912.63575  729.84726  20.0%   5.4 4906s
 228982 125491  729.84726   44   46  912.63575  729.84726  20.0%   5.4 4912s
 228998 125504  729.84726   45   20  912.63575  729.84726  20.0%   5.4 4917s
 229018 125510  729.84726   46   63  912.63575  729.84726  20.0%   5.4 4922s
 229032 125524  729.84726   46   24  912.63575  729.84726  20.0%   5.4 4927s
 229052 125534  729.84726   47   32  912.63575  729.84726  20.0%   5.4 4932s
 229071 125538  729.84726   47    8  912.63575  729.84726  20.0%   5.4 4938s
 229085 125556  729.84726   48   18  912.63575  729.84726  20.0%   5.4 4943s
 229112 125563  729.84726   48   15  912.63575  729.84726  20.0%   5.4 4950s
 229136 125580  729.84726   49   19  912.63575  729.84726  20.0%   5.4 4955s
 229188 125596  729.84726   51   20  912.63575  729.84726  20.0%   5.4 4965s
 229213 125609  729.84726   52   45  912.63575  729.84726  20.0%   5.4 4970s
 229242 125624  731.62762   53   10  912.63575  729.84726  20.0%   5.4 4975s
 229276 125631  783.77811   54   19  912.63575  729.84726  20.0%   5.4 4980s
 229315 125642  836.78391   55   14  912.63575  729.84726  20.0%   5.4 4986s
 229359 125636  758.86491   57   37  912.63575  729.84726  20.0%   5.4 4994s
 229395 125660  767.38033   58   28  912.63575  729.84726  20.0%   5.4 5000s
 229441 125676  825.59677   60    -  912.63575  729.84726  20.0%   5.4 5006s
 229486 125688     cutoff   61       912.63575  729.84726  20.0%   5.4 5014s
 229529 125699  843.05475   62   28  912.63575  729.84726  20.0%   5.4 5019s
 229582 125702  882.99767   65    -  912.63575  729.84726  20.0%   5.4 5025s
 229630 125695  879.66368   67   11  912.63575  729.84726  20.0%   5.4 5031s
 229678 125714  729.84726   44   75  912.63575  729.84726  20.0%   5.4 5038s
 229731 125719  729.84726   47   84  912.63575  729.84726  20.0%   5.4 5045s
 229763 125756  729.84726   47   65  912.63575  729.84726  20.0%   5.4 5054s
 229834 125780  729.84726   48   47  912.63575  729.84726  20.0%   5.5 5062s
 229909 125809  729.84726   51   36  912.63575  729.84726  20.0%   5.5 5071s
 229990 125819  729.84726   53   65  912.63575  729.84726  20.0%   5.5 5081s
 230050 125850  729.84726   54   28  912.63575  729.84726  20.0%   5.5 5090s
 230129 125883  729.84726   56   30  912.63575  729.84726  20.0%   5.5 5098s
 230217 125897  744.20582   59    -  912.63575  729.84726  20.0%   5.5 5106s
 230304 125911  729.84726   60   51  912.63575  729.84726  20.0%   5.5 5117s
 230365 125966  751.72067   63   15  912.63575  729.84726  20.0%   5.5 5125s
 230471 126006  829.04236   66   50  912.63575  729.84726  20.0%   5.5 5133s
 230601 126050  842.64545   65   41  912.63575  729.84726  20.0%   5.5 5140s
 230713 126059  839.73209   70   51  912.63575  729.84726  20.0%   5.5 5148s
 230836 126116  877.89640   79   32  912.63575  729.84726  20.0%   5.5 5160s
 230978 126167  879.66320   80   40  912.63575  729.84726  20.0%   5.5 5173s
 231109 126230     cutoff   82       912.63575  729.84726  20.0%   5.5 5192s
 231242 126281  729.84726   60   16  912.63575  729.84726  20.0%   5.5 5203s
 231407 126354  729.84726   69   68  912.63575  729.84726  20.0%   5.5 5214s
 231583 126424  729.84726   75   40  912.63575  729.84726  20.0%   5.5 5224s
 231752 126537  760.97330   83   44  912.63575  729.84726  20.0%   5.5 5235s
 231965 126604  773.86858   91   33  912.63575  729.84726  20.0%   5.4 5245s
 232168 126728     cutoff   99       912.63575  729.84726  20.0%   5.4 5257s
 232401 126749  729.84726   84   75  912.63575  729.84726  20.0%   5.4 5269s
 232554 126925  733.04879   96   45  912.63575  729.84726  20.0%   5.4 5281s
 232855 127020  729.84726   71   33  912.63575  729.84726  20.0%   5.4 5293s
 233145 127168     cutoff   95       912.63575  729.84726  20.0%   5.4 5306s
 233432 127285  834.42176   68   37  912.63575  729.84726  20.0%   5.4 5318s
 233711 127383  729.84726   60   46  912.63575  729.84726  20.0%   5.4 5334s
 233965 127546  734.20378   71   39  912.63575  729.84726  20.0%   5.4 5351s
 234267 127679  760.75486   85   58  912.63575  729.84726  20.0%   5.4 5365s
 234581 127881  729.84726   69   36  912.63575  729.84726  20.0%   5.4 5378s
 234974 128090  886.85769  106   10  912.63575  729.84726  20.0%   5.4 5392s
 235391 128094  907.92324  111   14  912.63575  729.84726  20.0%   5.4 5410s
 235639 128306  784.72806   48    6  912.63575  729.84726  20.0%   5.4 5431s
 236030 128429  811.04920   50    6  912.63575  729.84726  20.0%   5.4 5448s
 236418 128622     cutoff   69       912.63575  729.84726  20.0%   5.4 5464s
 236850 128764     cutoff   72       912.63575  729.84726  20.0%   5.4 5480s
 237281 128989  729.84726   63   56  912.63575  729.84726  20.0%   5.4 5496s
 237748 129186 infeasible  104       912.63575  729.84726  20.0%   5.4 5520s
 238196 129446  839.86191   67   22  912.63575  729.84726  20.0%   5.4 5544s
 238704 129783  840.54170   77   40  912.63575  729.84726  20.0%   5.4 5568s
 239292 129871  780.40349   85   59  912.63575  729.84726  20.0%   5.4 5590s
 239803 130064  864.35077   79   13  912.63575  729.84726  20.0%   5.4 5610s
 240341 130234  774.70694  107   27  912.63575  729.84726  20.0%   5.4 5636s
 240859 130361  771.55710   57   44  912.63575  729.84726  20.0%   5.4 5661s
 241324 130485  865.52268   60   45  912.63575  729.84726  20.0%   5.4 5683s
 241802 130436  820.25509   65   14  912.63575  729.84726  20.0%   5.4 5724s
 241850 130889  795.00810   78   33  912.63575  729.84726  20.0%   5.4 5746s
 242535 131227     cutoff   93       912.63575  729.84726  20.0%   5.4 5769s
 243276 131403     cutoff   91       912.63575  729.84726  20.0%   5.4 5805s
 243744 131748  729.84726   90   50  912.63575  729.84726  20.0%   5.4 5830s
 244486 132005     cutoff  116       912.63575  729.84726  20.0%   5.4 5864s
 245124 132610 infeasible  117       912.63575  729.84726  20.0%   5.4 5890s
 246095 132905  879.77681  113   16  912.63575  729.84726  20.0%   5.4 5920s
 246965 133305     cutoff  114       912.63575  729.84726  20.0%   5.4 5949s
 247881 133638  729.84726   73   38  912.63575  729.84726  20.0%   5.4 5985s
 248696 134099  767.84429   56   46  912.63575  729.84726  20.0%   5.4 6016s
 249667 134038  830.17422   84    -  912.63575  729.84726  20.0%   5.4 6069s
 250284 134644 infeasible   84       912.63575  729.84726  20.0%   5.4 6112s
 251254 134927  791.58008   85   35  912.63575  729.84726  20.0%   5.4 6145s
 252177 135487  856.07171   86   27  912.63575  729.84726  20.0%   5.4 6177s
 253261 135908  775.17472  129   31  912.63575  729.84726  20.0%   5.4 6216s
 254395 136586     cutoff  145       912.63575  729.84726  20.0%   5.4 6251s
 255663 136968     cutoff  143       912.63575  729.84726  20.0%   5.4 6297s
 256801 137474  818.11011  102   26  912.63575  729.84726  20.0%   5.4 6339s
 258017 137839     cutoff  104       912.63575  729.84726  20.0%   5.3 6380s
 259019 138422 infeasible   86       912.63575  729.84726  20.0%   5.3 6420s
 260325 138839     cutoff  100       912.63575  729.84726  20.0%   5.3 6469s
 261537 139180 infeasible   90       912.63575  729.84726  20.0%   5.3 6517s
 262692 139567  832.51015   93   22  912.63575  729.84726  20.0%   5.3 6566s
 263787 139928 infeasible  102       912.63575  729.84726  20.0%   5.3 6621s
 264924 140075  759.01458   74   40  912.63575  729.84726  20.0%   5.3 6662s
 265510 140419  759.11982   58   40  912.63575  729.84726  20.0%   5.3 6721s
 266612 140929  890.50997   82   42  912.63575  729.84726  20.0%   5.3 6764s
 267763 141556  829.79716   85   36  912.63575  729.84726  20.0%   5.3 6810s
 269060 142174  861.19452   90   26  912.63575  729.84726  20.0%   5.3 6855s
 270446 142721  893.38314   91   33  912.63575  729.84726  20.0%   5.3 6900s
 271822 142815 infeasible   92       912.63575  729.84726  20.0%   5.3 6949s
 272883 143316  750.47399   95   45  912.63575  729.84726  20.0%   5.3 7002s
 274060 143753  890.19856  113    -  912.63575  729.84726  20.0%   5.3 7050s
 275186 144495     cutoff  113       912.63575  729.84726  20.0%   5.3 7092s
 276603 144965  908.70032  123   16  912.63575  729.84726  20.0%   5.3 7137s
 277914 145478 infeasible   86       912.63575  729.84726  20.0%   5.3 7176s
 279171 145667     cutoff  103       912.63575  729.84726  20.0%   5.3 7200s

Cutting planes:
  Gomory: 5
  Flow cover: 1
  Zero half: 5
  RLT: 2
  Lazy constraints: 5870

Explored 279957 nodes (1483168 simplex iterations) in 7200.86 seconds
Thread count was 12 (of 12 available processors)

Solution count 8: 912.636 935.968 952.465 ... 2108.99

Time limit reached
Best objective 9.126357497648e+02, best bound 7.298472625062e+02, gap 20.0286%

User-callback calls 1682277, time in user-callback 6.02 sec
/projects/academic/josewalt/caigao/RRARP_BD/BendersDecomp/ret/model_outs/n_18_h_2_algo_2.out
 =====>>>>> Solution is written to file in <../ret/model_outs> !!!
===>> All Done!
