NPROCS=0
This instance is clustered!
Gurobi Optimizer version 9.0.0 build v9.0.0rc2 (linux64)
Optimize a model with 42 rows, 442 columns and 882 nonzeros
Model fingerprint: 0x57e5a6f8
Variable types: 1 continuous, 441 integer (441 binary)
Coefficient statistics:
  Matrix range     [1e+00, 1e+00]
  Objective range  [1e+00, 4e+02]
  Bounds range     [1e+00, 1e+00]
  RHS range        [1e+00, 1e+00]
Presolve removed 2 rows and 60 columns
Presolve time: 0.00s
Presolved: 40 rows, 382 columns, 762 nonzeros
Variable types: 1 continuous, 381 integer (381 binary)

Root relaxation: objective 9.160402e+02, 37 iterations, 0.00 seconds

    Nodes    |    Current Node    |     Objective Bounds      |     Work
 Expl Unexpl |  Obj  Depth IntInf | Incumbent    BestBd   Gap | It/Node Time

     0     0  919.68110    0   10          -  919.68110      -     -    0s
H    0     0                    1413.8057822  919.68110  34.9%     -    0s
H    0     0                    1366.8164073  919.68110  32.7%     -    0s
     0     0 1120.65018    0   14 1366.81641 1120.65018  18.0%     -    0s
H    0     0                    1344.5330642 1120.65018  16.7%     -    0s
     0     0 1157.09231    0   22 1344.53306 1157.09231  13.9%     -    0s
     0     0 1157.09231    0   22 1344.53306 1157.09231  13.9%     -    0s
H    0     0                    1320.5829137 1171.14261  11.3%     -    0s
     0     0 1172.45562    0   35 1320.58291 1172.45562  11.2%     -    0s
     0     0 1182.44032    0   33 1320.58291 1182.44032  10.5%     -    0s
     0     0 1185.22625    0   34 1320.58291 1185.22625  10.2%     -    0s
     0     0 1185.47651    0   15 1320.58291 1185.47651  10.2%     -    0s
     0     0 1186.04051    0   36 1320.58291 1186.04051  10.2%     -    0s
     0     0 1186.04051    0   36 1320.58291 1186.04051  10.2%     -    0s
     0     0 1186.05231    0   38 1320.58291 1186.05231  10.2%     -    0s
     0     0 1186.05231    0   33 1320.58291 1186.05231  10.2%     -    0s
     0     2 1188.19408    0   33 1320.58291 1188.19408  10.0%     -    0s
  7332  3084 1303.72510   36   22 1320.58291 1250.38422  5.32%   4.3    6s
H 7333  2930                    1320.5829103 1250.38422  5.32%   4.3    7s
H 7670  2917                    1320.5829072 1250.38422  5.32%   4.5    8s
H 8997  2963                    1320.5829047 1250.38422  5.32%   4.4    9s
H 9011  2825                    1320.5828886 1250.38422  5.32%   4.4    9s
  9539  2966 1250.38422   29   21 1320.58289 1250.38422  5.32%   4.4   10s
 17851  3811 infeasible   34      1320.58289 1258.33836  4.71%   4.6   15s
 21608  4295 1295.15696   20   30 1320.58289 1269.96772  3.83%   4.6   20s
 24717  4459 infeasible   31      1320.58289 1277.33159  3.28%   4.7   25s
 28108  4385     cutoff   30      1320.58289 1283.72528  2.79%   4.7   30s
 30886  4118 infeasible   31      1320.58289 1289.71875  2.34%   4.6   35s
 34246  3535     cutoff   42      1320.58289 1295.83672  1.87%   4.6   41s
 36492  2907 infeasible   34      1320.58289 1300.56911  1.52%   4.5   46s
 38930  2252     cutoff   37      1320.58289 1307.12246  1.02%   4.5   54s
H38946  2253                    1320.5828461 1307.12246  1.02%   4.5   54s
 38974  1660     cutoff   31      1320.58285 1309.43382  0.84%   4.5   56s
 41544     0 infeasible   31      1320.58285 1316.11091  0.34%   4.4   60s

Cutting planes:
  Gomory: 3
  Flow cover: 2
  RLT: 4
  Lazy constraints: 5945

Explored 41953 nodes (185813 simplex iterations) in 60.65 seconds
Thread count was 12 (of 12 available processors)

Solution count 4: 1320.58 1344.53 1366.82 1413.81 

Optimal solution found (tolerance 1.00e-04)
Best objective 1.320582846100e+03, best bound 1.320582846100e+03, gap 0.0000%

User-callback calls 105666, time in user-callback 0.79 sec
/projects/academic/josewalt/caigao/RRARP_BD/BendersDecomp/ret/model_outs/n_19_e_1_algo_2.out
 =====>>>>> Solution is written to file in <../ret/model_outs> !!!
===>> All Done!
