NPROCS=0
This instance is clustered!
Gurobi Optimizer version 9.0.0 build v9.0.0rc2 (linux64)
Optimize a model with 42 rows, 442 columns and 882 nonzeros
Model fingerprint: 0xb52a77e1
Variable types: 1 continuous, 441 integer (441 binary)
Coefficient statistics:
  Matrix range     [1e+00, 1e+00]
  Objective range  [1e+00, 4e+02]
  Bounds range     [1e+00, 1e+00]
  RHS range        [1e+00, 1e+00]
Presolve removed 2 rows and 60 columns
Presolve time: 0.01s
Presolved: 40 rows, 382 columns, 762 nonzeros
Variable types: 1 continuous, 381 integer (381 binary)

Root relaxation: objective 5.263138e+02, 32 iterations, 0.00 seconds

    Nodes    |    Current Node    |     Objective Bounds      |     Work
 Expl Unexpl |  Obj  Depth IntInf | Incumbent    BestBd   Gap | It/Node Time

     0     0  687.18962    0   18          -  687.18962      -     -    0s
     0     0  817.96105    0   10          -  817.96105      -     -    0s
 done with super cut 0
 done with super cut 1
     0     0  826.13415    0   16          -  826.13415      -     -    0s
 done with super cut 2
 done with super cut 3
 done with super cut 4
 done with super cut 5
H    0     0                    1358.6570443  826.13415  39.2%     -    4s
 done with super cut 6
 done with super cut 7
 done with super cut 8
 done with super cut 9
 done with super cut 10
H    0     0                    1223.7164683  826.13415  32.5%     -   19s
     0     0  861.06203    0   42 1223.71647  861.06203  29.6%     -   19s
     0     2  861.09576    0   44 1223.71647  861.09576  29.6%     -   19s
  2077  1433 1030.76988   14   39 1223.71647  958.00084  21.7%   5.9   20s
H 2088  1367                    1223.7164299  958.00084  21.7%   5.9   21s
 18825 10918 1188.97615   51   13 1223.71643 1013.87459  17.1%   6.7   25s
 36614 20843     cutoff   59      1223.71643 1032.96323  15.6%   6.9   30s
 45610 25775     cutoff   34      1223.71643 1040.50722  15.0%   7.0   35s
 58006 32167     cutoff   65      1223.71643 1048.38479  14.3%   7.1   40s
 68299 37003     cutoff   66      1223.71643 1053.71948  13.9%   7.3   45s
 78144 41655     cutoff   37      1223.71643 1058.61278  13.5%   7.4   50s
 85778 45052 1098.34430   38   15 1223.71643 1062.48342  13.2%   7.4   55s
 92978 48391 1207.90790   54   21 1223.71643 1065.52465  12.9%   7.5   60s
 96443 50033     cutoff   60      1223.71643 1067.19267  12.8%   7.6   65s
 103338 53043 1164.38019   65   32 1223.71643 1069.92703  12.6%   7.6   70s
 110136 55587 1178.05307   37   39 1223.71643 1072.43100  12.4%   7.7   75s
 111193 55996 1087.86841   32   20 1223.71643 1072.89559  12.3%   7.7   80s
 117925 58923 1098.32359   33   34 1223.71643 1075.21103  12.1%   7.8   85s
 124901 61687     cutoff   75      1223.71643 1077.66492  11.9%   7.8   90s
 131870 64550     cutoff   52      1223.71643 1079.98993  11.7%   7.9   95s
 137589 66601     cutoff   53      1223.71643 1081.83858  11.6%   7.9  100s
 144350 68861 1117.76449   40   16 1223.71643 1083.94831  11.4%   7.9  105s
 150101 70679 1207.29634   32   17 1223.71643 1085.79121  11.3%   8.0  110s
 155532 72229 1121.69507   58   23 1223.71643 1087.27346  11.1%   8.0  115s
 160120 73449 1166.22998   44   42 1223.71643 1088.60830  11.0%   8.1  248s
 160122 73450 1134.22593   51   48 1223.71643 1088.60830  11.0%   8.1  250s
H160126 69780                    1211.1528451 1088.60830  10.1%   8.1  256s
 160131 69783 1182.16854   32   58 1211.15285 1088.60830  10.1%   8.1  261s
 160140 69798 1088.60830   28   57 1211.15285 1088.60830  10.1%   8.1  265s
 160574 69939 1088.60830   45   53 1211.15285 1088.60830  10.1%   8.1  270s
 162997 70611 1088.60830   51   25 1211.15285 1088.60830  10.1%   8.1  276s
 165777 71440 1140.90266   46   26 1211.15285 1088.60830  10.1%   8.1  280s
 169971 72695 1165.22747   35   30 1211.15285 1088.60830  10.1%   8.1  285s
 173569 73243 1184.51248   59   23 1211.15285 1088.60830  10.1%   8.1  292s
 175276 73834 1114.88234   61   26 1211.15285 1088.60830  10.1%   8.2  295s
 179839 74749 infeasible   57      1211.15285 1088.60830  10.1%   8.2  300s
 183477 75234     cutoff   60      1211.15285 1088.60830  10.1%   8.2  305s
 187549 75571     cutoff   50      1211.15285 1088.60830  10.1%   8.2  310s
 191280 75633 1158.07127   58   43 1211.15285 1088.60830  10.1%   8.3  318s
 192560 76080     cutoff   64      1211.15285 1088.60830  10.1%   8.3  321s
 196086 75973 infeasible   59      1211.15285 1088.60830  10.1%   8.3  325s
 201035 76049     cutoff   69      1211.15285 1088.60830  10.1%   8.4  330s
 205093 76218 1193.80579   59   10 1211.15285 1088.60830  10.1%   8.4  335s
 210295 76331 1182.06454   43   19 1211.15285 1088.60830  10.1%   8.5  341s
 213900 76236     cutoff   74      1211.15285 1088.60830  10.1%   8.5  345s
 217421 76368 1132.67469   61   26 1211.15285 1088.60830  10.1%   8.5  350s
 221112 76106     cutoff   50      1211.15285 1088.60830  10.1%   8.5  355s
 224361 76259 1176.50845   56   16 1211.15285 1088.60830  10.1%   8.6  360s
 228024 75973     cutoff   65      1211.15285 1088.60830  10.1%   8.6  365s
 231342 75900 1196.01062   71   29 1211.15285 1088.60830  10.1%   8.6  370s
 236070 75476 1165.17757   52   32 1211.15285 1089.65294  10.0%   8.7  376s
 238944 75169 1137.58379   63   43 1211.15285 1091.26059  9.90%   8.7  380s
 242375 75009 1162.62387   65   33 1211.15285 1093.17227  9.74%   8.7  385s
 245850 74728 1195.05473   55   29 1211.15285 1094.75459  9.61%   8.8  390s
 249607 74339     cutoff   58      1211.15285 1096.64176  9.45%   8.8  395s
 254263 73805 1155.09909   40   27 1211.15285 1098.68316  9.29%   8.8  401s
 257904 73601 1173.88402   44   13 1211.15285 1100.10459  9.17%   8.9  406s
 261313 73282 1159.94777   48   37 1211.15285 1101.61258  9.04%   8.9  410s
 265203 72607 1175.19335   56   39 1211.15285 1103.23687  8.91%   8.9  418s
 266117 72830     cutoff   71      1211.15285 1103.56989  8.88%   8.9  421s
 270122 72329     cutoff   50      1211.15285 1105.38722  8.73%   8.9  426s
 272651 71966 1157.62684   59   15 1211.15285 1106.49348  8.64%   8.9  430s
 276223 71391 1202.74021   54   29 1211.15285 1107.88206  8.53%   9.0  435s
 279723 70980 1132.34862   60   26 1211.15285 1109.22903  8.42%   9.0  441s
 283558 70495 1192.19911   52   36 1211.15285 1110.67028  8.30%   9.0  446s
 286046 69964 infeasible   76      1211.15285 1111.46065  8.23%   9.0  450s
 289307 69364 1208.61189   56   17 1211.15285 1112.65361  8.13%   9.1  455s
 292779 68830     cutoff   53      1211.15285 1113.78447  8.04%   9.1  461s
 294989 68402 1185.15714   59   30 1211.15285 1114.60770  7.97%   9.1  465s
 298787 67710 1173.75087   66   24 1211.15285 1115.90729  7.86%   9.1  470s
 302043 67042 infeasible   69      1211.15285 1116.79681  7.79%   9.1  476s
 303982 66724 1181.97018   49   26 1211.15285 1117.48041  7.73%   9.1  480s
 307472 66022 1131.80868   43   30 1211.15285 1118.73406  7.63%   9.2  486s
 310085 65406 1153.29650   58   23 1211.15285 1119.69572  7.55%   9.2  490s
 313533 64568 1202.52173   37   20 1211.15285 1120.76197  7.46%   9.2  495s
 317288 63718 1125.23261   43   33 1211.15285 1121.96926  7.36%   9.2  501s
 320659 62841     cutoff   61      1211.15285 1123.11506  7.27%   9.3  506s
 323821 62123 1182.41935   72   19 1211.15285 1124.13705  7.18%   9.3  511s
 326455 61444 1197.03341   51    8 1211.15285 1124.97099  7.12%   9.3  515s
 330117 60420 1175.36592   52   19 1211.15285 1126.06608  7.03%   9.3  523s
 331160 60258 1170.77110   50   27 1211.15285 1126.36023  7.00%   9.3  526s
 333877 59585 1185.69176   62   25 1211.15285 1127.21389  6.93%   9.3  530s
 337772 58480     cutoff   57      1211.15285 1128.36597  6.84%   9.4  535s
 341376 57584 1143.27367   62   23 1211.15285 1129.44966  6.75%   9.4  540s
 344856 56551     cutoff   59      1211.15285 1130.38250  6.67%   9.4  546s
 347127 55857     cutoff   57      1211.15285 1130.99607  6.62%   9.4  550s
 351049 54696     cutoff   58      1211.15285 1132.12204  6.53%   9.4  555s
 354357 53789     cutoff   57      1211.15285 1133.16171  6.44%   9.5  561s
H355828 49809                    1211.1527544 1133.52512  6.41%   9.5  563s
 356623 49546 1182.69140   41   21 1211.15275 1133.81145  6.39%   9.5  565s
 360148 48774     cutoff   59      1211.15275 1134.73843  6.31%   9.5  570s
 363699 48807     cutoff   61      1211.15275 1135.69732  6.23%   9.5  576s
 366038 48829 1177.78168   68   27 1211.15275 1136.40330  6.17%   9.5  580s
 369749 48835     cutoff   75      1211.15275 1137.37879  6.09%   9.5  586s
 372035 48823 1159.72746   61   10 1211.15275 1137.97362  6.04%   9.6  590s
 375533 48769     cutoff   62      1211.15275 1139.01588  5.96%   9.6  596s
 377948 48733     cutoff   77      1211.15275 1139.68964  5.90%   9.6  600s
 381587 48659 1164.66546   65   14 1211.15275 1140.75733  5.81%   9.6  606s
 384056 48618 infeasible   51      1211.15275 1141.42144  5.76%   9.6  614s
 384236 48568 1193.24489   57   25 1211.15275 1141.54945  5.75%   9.6  616s
 385267 48570     cutoff   52      1211.15275 1141.81598  5.72%   9.6  620s
 387526 48481     cutoff   62      1211.15275 1142.35002  5.68%   9.7  626s
 390135 48458     cutoff   41      1211.15275 1143.00965  5.63%   9.7  630s
 393663 48294     cutoff   44      1211.15275 1143.94216  5.55%   9.7  636s
 395790 48202 1195.56000   59   18 1211.15275 1144.46417  5.51%   9.7  641s
 398635 47990 1185.91244   49   24 1211.15275 1145.25056  5.44%   9.7  645s
 401122 47844     cutoff   54      1211.15275 1145.90760  5.39%   9.7  650s
 404301 47602 1160.43054   66   14 1211.15275 1146.71166  5.32%   9.8  656s
 407055 47436     cutoff   64      1211.15275 1147.48873  5.26%   9.8  660s
 410625 47155 1176.54655   50   22 1211.15275 1148.35662  5.18%   9.8  666s
 413043 46871 1170.92927   56   37 1211.15275 1149.04248  5.13%   9.8  670s
 416617 46553 1160.15198   52   34 1211.15275 1150.02086  5.05%   9.8  676s
 418845 46285     cutoff   69      1211.15275 1150.60581  5.00%   9.8  680s
 422787 45913     cutoff   71      1211.15275 1151.57004  4.92%   9.9  687s
 425260 45559 1189.33873   53   34 1211.15275 1152.17802  4.87%   9.9  691s
 427731 45212     cutoff   74      1211.15275 1152.75524  4.82%   9.9  695s
 430072 44922 1183.97562   64   21 1211.15275 1153.48495  4.76%   9.9  700s
 433848 44437 1183.56296   52   22 1211.15275 1154.50345  4.68%   9.9  706s
 436188 44002 1200.74618   65   19 1211.15275 1155.13405  4.63%   9.9  710s
 439753 43512 1206.58327   55   27 1211.15275 1156.04572  4.55%  10.0  716s
 442602 43204     cutoff   56      1211.15275 1156.74355  4.49%  10.0  720s
 446023 42583     cutoff   48      1211.15275 1157.63998  4.42%  10.0  726s
 449761 41897     cutoff   55      1211.15275 1158.70048  4.33%  10.0  731s
 452010 41457 1204.41704   74   28 1211.15275 1159.26183  4.28%  10.0  735s
 453142 41352     cutoff   48      1211.15275 1159.58717  4.26%  10.0  740s
 454722 40881     cutoff   52      1211.15275 1160.00928  4.22%  10.1  745s
 458353 40043     cutoff   62      1211.15275 1161.01650  4.14%  10.1  751s
 460809 39505     cutoff   44      1211.15275 1161.63560  4.09%  10.1  756s
 463197 38923 1197.71349   53   36 1211.15275 1162.33170  4.03%  10.1  761s
 465582 38392 1192.56792   66   16 1211.15275 1163.12311  3.97%  10.1  765s
H467593 38104                    1211.1524409 1163.44736  3.94%  10.1  768s
 468204 37813 infeasible   62      1211.15244 1163.78609  3.91%  10.1  770s
 472043 36854 1193.19199   59   15 1211.15244 1164.85032  3.82%  10.2  777s
 474513 36220 1176.45498   68   37 1211.15244 1165.61203  3.76%  10.2  781s
 477029 35480 1184.42568   53   17 1211.15244 1166.30096  3.70%  10.2  786s
 479399 34829     cutoff   63      1211.15244 1166.89465  3.65%  10.2  790s
H479807 34831                    1211.1508264 1166.92394  3.65%  10.2  790s
 482928 33983     cutoff   75      1211.15083 1168.06593  3.56%  10.2  799s
 483172 33626     cutoff   56      1211.15083 1168.13513  3.55%  10.2  801s
 485657 32825     cutoff   51      1211.15083 1168.83509  3.49%  10.2  806s
 488146 31973 1177.90043   74   35 1211.15083 1169.71196  3.42%  10.3  811s
 490530 31113     cutoff   54      1211.15083 1170.40853  3.36%  10.3  815s
 493018 30289     cutoff   43      1211.15083 1171.29468  3.29%  10.3  820s
 496658 28840 infeasible   49      1211.15083 1172.49661  3.19%  10.3  826s
 499124 27916     cutoff   63      1211.15083 1173.39067  3.12%  10.3  831s
 501639 26930     cutoff   55      1211.15083 1174.21996  3.05%  10.4  836s
 504148 25905 infeasible   64      1211.15083 1175.17852  2.97%  10.4  841s
 506610 24860     cutoff   82      1211.15083 1176.12938  2.89%  10.4  846s
 509038 23695     cutoff   43      1211.15083 1177.11259  2.81%  10.4  851s
 511447 22532     cutoff   48      1211.15083 1178.15618  2.72%  10.4  856s
 513887 21427     cutoff   71      1211.15083 1179.13573  2.64%  10.4  860s
 516264 20245     cutoff   42      1211.15083 1180.14760  2.56%  10.5  865s
 518698 18967     cutoff   54      1211.15083 1181.32136  2.46%  10.5  870s
 521097 17702     cutoff   60      1211.15083 1182.35443  2.38%  10.5  875s
 523430 16269 1209.71765   62   25 1211.15083 1183.68243  2.27%  10.5  880s
 527114 14054     cutoff   51      1211.15083 1185.68518  2.10%  10.5  888s
 528279 13289     cutoff   55      1211.15083 1186.31891  2.05%  10.5  890s
 530772 11675     cutoff   55      1211.15083 1188.00268  1.91%  10.6  895s
 534399  9146 1203.74059   54   28 1211.15083 1190.75530  1.68%  10.6  901s
 536832  7341     cutoff   46      1211.15083 1192.87801  1.51%  10.6  906s
 539271  5516     cutoff   60      1211.15083 1195.49137  1.29%  10.6  910s
 542881  2329     cutoff   74      1211.15083 1200.78968  0.86%  10.7  916s
 545482     0     cutoff   61      1211.15083 1207.39656  0.31%  10.7  920s

Cutting planes:
  Gomory: 3
  MIR: 3
  Zero half: 6
  RLT: 1
  Lazy constraints: 945

Explored 546602 nodes (5828470 simplex iterations) in 920.23 seconds
Thread count was 12 (of 12 available processors)

Solution count 3: 1211.15 1223.72 1358.66 

Optimal solution found (tolerance 1.00e-04)
Best objective 1.211150826446e+03, best bound 1.211150826446e+03, gap 0.0000%

User-callback calls 1249380, time in user-callback 19.99 sec
/projects/academic/josewalt/caigao/RRARP_BD/BendersDecomp/ret/model_outs/n_19_h_4_algo_4.out
 =====>>>>> Solution is written to file in <../ret/model_outs> !!!
===>> All Done!
