NPROCS=0
This instance is clustered!
Gurobi Optimizer version 9.0.0 build v9.0.0rc2 (linux64)
Optimize a model with 18 rows, 82 columns and 162 nonzeros
Model fingerprint: 0xb6faf0c4
Variable types: 1 continuous, 81 integer (81 binary)
Coefficient statistics:
  Matrix range     [1e+00, 1e+00]
  Objective range  [1e+00, 4e+01]
  Bounds range     [1e+00, 1e+00]
  RHS range        [1e+00, 1e+00]
Presolve removed 2 rows and 24 columns
Presolve time: 0.00s
Presolved: 16 rows, 58 columns, 114 nonzeros
Variable types: 1 continuous, 57 integer (57 binary)

Root relaxation: objective 6.702154e+01, 12 iterations, 0.00 seconds

    Nodes    |    Current Node    |     Objective Bounds      |     Work
 Expl Unexpl |  Obj  Depth IntInf | Incumbent    BestBd   Gap | It/Node Time

     0     0   69.82497    0   12          -   69.82497      -     -    0s
H    0     0                     174.5684510   69.82497  60.0%     -    0s
H    0     0                     110.9546216   69.82497  37.1%     -    0s
     0     0   80.09922    0   17  110.95462   80.09922  27.8%     -    0s
H    0     0                     110.7456478   80.09922  27.7%     -    0s
     0     0   81.86603    0   20  110.74565   81.86603  26.1%     -    0s
     0     2   85.24767    0   20  110.74565   85.24767  23.0%     -    0s
*   46    39               5     109.4494533   90.45173  17.4%   4.9    0s
*   60    39               5     102.2915446   90.45173  11.6%   4.8    0s

Cutting planes:
  Gomory: 1
  Lazy constraints: 56

Explored 198 nodes (811 simplex iterations) in 0.07 seconds
Thread count was 12 (of 12 available processors)

Solution count 5: 102.292 109.449 110.746 ... 174.568

Optimal solution found (tolerance 1.00e-04)
Best objective 1.022915445948e+02, best bound 1.022915445948e+02, gap 0.0000%

User-callback calls 550, time in user-callback 0.00 sec
/projects/academic/josewalt/caigao/RRARP_BD/BendersDecomp/ret/model_outs/n_7_h_5_algo_3.out
 =====>>>>> Solution is written to file in <../ret/model_outs> !!!
===>> All Done!
