NPROCS=0
This instance is clustered!
Gurobi Optimizer version 9.0.0 build v9.0.0rc2 (linux64)
Optimize a model with 38 rows, 362 columns and 722 nonzeros
Model fingerprint: 0xfd2d995e
Variable types: 1 continuous, 361 integer (361 binary)
Coefficient statistics:
  Matrix range     [1e+00, 1e+00]
  Objective range  [1e+00, 3e+02]
  Bounds range     [1e+00, 1e+00]
  RHS range        [1e+00, 1e+00]
Presolve removed 2 rows and 54 columns
Presolve time: 0.00s
Presolved: 36 rows, 308 columns, 614 nonzeros
Variable types: 1 continuous, 307 integer (307 binary)

Root relaxation: objective 7.368357e+02, 41 iterations, 0.00 seconds

    Nodes    |    Current Node    |     Objective Bounds      |     Work
 Expl Unexpl |  Obj  Depth IntInf | Incumbent    BestBd   Gap | It/Node Time

     0     0  844.22377    0    8          -  844.22377      -     -    0s
H    0     0                     969.4551845  844.22377  12.9%     -    0s
H    0     0                     966.0031150  844.22377  12.6%     -    0s
     0     0  844.39133    0   18  966.00311  844.39133  12.6%     -    0s
H    0     0                     964.2087271  844.39133  12.4%     -    0s
H    0     0                     948.8618787  844.39133  11.0%     -    0s
H    0     0                     948.3856895  844.39133  11.0%     -    0s
     0     0  850.05481    0    9  948.38569  850.05481  10.4%     -    0s
     0     0  850.05481    0   16  948.38569  850.05481  10.4%     -    0s
H    0     0                     948.1635644  850.05481  10.3%     -    0s
     0     0  850.05481    0   16  948.16356  850.05481  10.3%     -    0s
     0     0  850.05481    0   16  948.16356  850.05481  10.3%     -    0s
     0     0  850.05481    0   16  948.16356  850.05481  10.3%     -    0s
     0     0  850.05481    0   16  948.16356  850.05481  10.3%     -    0s
     0     2  850.05481    0   16  948.16356  850.05481  10.3%     -    0s
H 5318  2172                     948.1635643  895.14530  5.59%   3.8    0s
 12991  2367  932.06582   24   10  948.16356  917.44312  3.24%   4.2    5s

Cutting planes:
  Gomory: 1
  MIR: 5
  Zero half: 1
  Lazy constraints: 2920

Explored 19549 nodes (82930 simplex iterations) in 9.57 seconds
Thread count was 12 (of 12 available processors)

Solution count 6: 948.164 948.386 948.862 ... 969.455

Optimal solution found (tolerance 1.00e-04)
Best objective 9.481635643436e+02, best bound 9.481635643436e+02, gap 0.0000%

User-callback calls 44366, time in user-callback 0.27 sec
/projects/academic/josewalt/caigao/RRARP_BD/BendersDecomp/ret/model_outs/n_17_e_1_algo_2.out
 =====>>>>> Solution is written to file in <../ret/model_outs> !!!
===>> All Done!
