NPROCS=0
This instance is clustered!
Gurobi Optimizer version 9.0.0 build v9.0.0rc2 (linux64)
Optimize a model with 30 rows, 226 columns and 450 nonzeros
Model fingerprint: 0x06ad5653
Variable types: 1 continuous, 225 integer (225 binary)
Coefficient statistics:
  Matrix range     [1e+00, 1e+00]
  Objective range  [1e+00, 1e+02]
  Bounds range     [1e+00, 1e+00]
  RHS range        [1e+00, 1e+00]
 done with super cut 0
Presolve removed 2 rows and 42 columns
Presolve time: 0.00s
Presolved: 28 rows, 184 columns, 366 nonzeros
Variable types: 1 continuous, 183 integer (183 binary)

Root relaxation: objective 3.721216e+02, 30 iterations, 0.00 seconds
 done with super cut 1

    Nodes    |    Current Node    |     Objective Bounds      |     Work
 Expl Unexpl |  Obj  Depth IntInf | Incumbent    BestBd   Gap | It/Node Time

     0     0  446.21956    0   29          -  446.21956      -     -    0s
 done with super cut 2
 done with super cut 3
 done with super cut 4
 done with super cut 5
 done with super cut 6
H    0     0                     567.0393570  446.21956  21.3%     -    1s
     0     0  448.15151    0   12  567.03936  448.15151  21.0%     -    1s
     0     0  448.76351    0   33  567.03936  448.76351  20.9%     -    1s
 done with super cut 7
 done with super cut 8
     0     2  450.68245    0   34  567.03936  450.68245  20.5%     -    4s
 done with super cut 9
 done with super cut 10
*   61    52               7     507.5998189  456.82451  10.0%   5.7    7s
H   86    56                     496.1012747  456.82451  7.92%   5.3    7s

Cutting planes:
  Gomory: 1
  Inf proof: 1
  Lazy constraints: 92

Explored 785 nodes (4824 simplex iterations) in 7.77 seconds
Thread count was 12 (of 12 available processors)

Solution count 3: 496.101 507.6 567.039 

Optimal solution found (tolerance 1.00e-04)
Best objective 4.961012746883e+02, best bound 4.961012746883e+02, gap 0.0000%

User-callback calls 1827, time in user-callback 7.62 sec
/projects/academic/josewalt/caigao/RRARP_BD/BendersDecomp/ret/model_outs/n_13_e_9_algo_4.out
 =====>>>>> Solution is written to file in <../ret/model_outs> !!!
===>> All Done!
