NPROCS=0
This instance is clustered!
Gurobi Optimizer version 9.0.0 build v9.0.0rc2 (linux64)
Optimize a model with 48 rows, 577 columns and 1152 nonzeros
Model fingerprint: 0x95f67a5e
Variable types: 1 continuous, 576 integer (576 binary)
Coefficient statistics:
  Matrix range     [1e+00, 1e+00]
  Objective range  [1e+00, 4e+02]
  Bounds range     [1e+00, 1e+00]
  RHS range        [1e+00, 1e+00]
Presolve removed 2 rows and 69 columns
Presolve time: 0.01s
Presolved: 46 rows, 508 columns, 1014 nonzeros
Variable types: 1 continuous, 507 integer (507 binary)

Root relaxation: objective 9.356541e+02, 45 iterations, 0.00 seconds

    Nodes    |    Current Node    |     Objective Bounds      |     Work
 Expl Unexpl |  Obj  Depth IntInf | Incumbent    BestBd   Gap | It/Node Time

     0     0 1027.60780    0   14          - 1027.60780      -     -    0s
 done with super cut 0
 done with super cut 1
 done with super cut 2
 done with super cut 3
 done with super cut 4
 done with super cut 5
 done with super cut 6
     0     0 1034.04551    0   45          - 1034.04551      -     -    0s
 done with super cut 7
 done with super cut 8
     0     2 1044.73049    0   47          - 1044.73049      -     -    2s
 done with super cut 9
 done with super cut 10
H 2051  1785                    1994.3756687 1058.82714  46.9%   4.5    3s
H 2051  1695                    1751.4961530 1058.82714  39.5%   4.5    3s
H 2052  1610                    1621.1893944 1058.82714  34.7%   4.5    3s
H 2056  1533                    1595.2420681 1058.82714  33.6%   4.5    3s
  8149  4622 1151.39210   41   35 1595.24207 1115.21848  30.1%   5.7    5s
 24469 17944     cutoff   85      1595.24207 1157.16492  27.5%   5.2   10s
 31090 22761 1352.77367   44    - 1595.24207 1163.33682  27.1%   5.4   15s
 43150 32989     cutoff  135      1595.24207 1169.83568  26.7%   5.2   20s
 48500 36454 1385.42568   79   45 1595.24207 1172.47760  26.5%   5.1   44s
 48502 36455 1406.89979   53   56 1595.24207 1172.47760  26.5%   5.1   46s
H48502 34632                    1587.4610661 1172.47760  26.1%   5.1   47s
 48512 34639 1379.23521   81   65 1587.46107 1172.47760  26.1%   5.1   50s
 48515 34641 1328.83958   91   63 1587.46107 1172.47760  26.1%   5.1   86s
 48683 34770 1276.40581   37   17 1587.46107 1172.47760  26.1%   5.2   90s
 50529 35659 1539.94037   89   13 1587.46107 1172.47760  26.1%   5.2   95s
 55201 38024     cutoff  117      1587.46107 1172.47760  26.1%   5.3  100s
 62061 41205     cutoff   78      1587.46107 1172.47760  26.1%   5.2  105s
 67075 44260 1211.70445   82   22 1587.46107 1172.47760  26.1%   5.2  110s
 73676 47223     cutoff  113      1587.46107 1172.47760  26.1%   5.2  115s
 78342 49519 1454.66195  122   25 1587.46107 1172.47760  26.1%   5.2  120s
 82777 51412 infeasible   93      1587.46107 1174.05625  26.0%   5.3  125s
 88600 54205 1418.74780  125   30 1587.46107 1177.00766  25.9%   5.2  130s
 94543 56446 1202.55014   62   23 1587.46107 1179.74954  25.7%   5.2  135s
 95663 57343 1231.77317   57   37 1587.46107 1180.27920  25.6%   5.2  140s
 100218 59355     cutoff   67      1587.46107 1182.21706  25.5%   5.3  145s
 105296 61949     cutoff  120      1587.46107 1184.98795  25.4%   5.2  151s
 108134 63088     cutoff  107      1587.46107 1185.84385  25.3%   5.3  156s
 111792 64703 1441.06910   80   10 1587.46107 1187.32440  25.2%   5.3  160s
 115532 66230     cutoff   90      1587.46107 1189.01127  25.1%   5.2  165s
 120162 68745     cutoff  133      1587.46107 1190.28904  25.0%   5.2  171s
 123555 70501 1517.25775  145    6 1587.46107 1191.44229  24.9%   5.2  175s
 126897 71998 infeasible  121      1587.46107 1192.59900  24.9%   5.2  180s
 130516 73831 1325.47497   85    8 1587.46107 1193.84187  24.8%   5.2  185s
 135029 75516     cutoff   77      1587.46107 1195.13848  24.7%   5.2  191s
 138431 77142 1477.62073  124   34 1587.46107 1195.84697  24.7%   5.2  196s
 140475 77952     cutoff   78      1587.46107 1196.60929  24.6%   5.2  200s
 143864 78958     cutoff  122      1587.46107 1197.53024  24.6%   5.2  205s
