NPROCS=0
This instance is clustered!
Gurobi Optimizer version 9.0.0 build v9.0.0rc2 (linux64)
Optimize a model with 20 rows, 101 columns and 200 nonzeros
Model fingerprint: 0xfb953152
Variable types: 1 continuous, 100 integer (100 binary)
Coefficient statistics:
  Matrix range     [1e+00, 1e+00]
  Objective range  [1e+00, 6e+01]
  Bounds range     [1e+00, 1e+00]
  RHS range        [1e+00, 1e+00]
Presolve removed 2 rows and 27 columns
Presolve time: 0.00s
Presolved: 18 rows, 74 columns, 146 nonzeros
Variable types: 1 continuous, 73 integer (73 binary)

Root relaxation: objective 7.415994e+01, 10 iterations, 0.00 seconds

    Nodes    |    Current Node    |     Objective Bounds      |     Work
 Expl Unexpl |  Obj  Depth IntInf | Incumbent    BestBd   Gap | It/Node Time

     0     0  121.90028    0   10          -  121.90028      -     -    0s
H    0     0                     191.3962833  121.90028  36.3%     -    0s
     0     0  128.75102    0   10  191.39628  128.75102  32.7%     -    0s
H    0     0                     153.0004926  128.75102  15.8%     -    0s
     0     0  129.66193    0   10  153.00049  129.66193  15.3%     -    0s
     0     0  129.66193    0   10  153.00049  129.66193  15.3%     -    0s
     0     0  129.66193    0   10  153.00049  129.66193  15.3%     -    0s
     0     0  129.66193    0   10  153.00049  129.66193  15.3%     -    0s
     0     0  130.06286    0   22  153.00049  130.06286  15.0%     -    0s
     0     0  130.18797    0   23  153.00049  130.18797  14.9%     -    0s
     0     0  131.00280    0   25  153.00049  131.00280  14.4%     -    0s
     0     0  131.01964    0   25  153.00049  131.01964  14.4%     -    0s
     0     0  131.10401    0   25  153.00049  131.10401  14.3%     -    0s
     0     0  131.11155    0   25  153.00049  131.11155  14.3%     -    0s
     0     0  131.22045    0   20  153.00049  131.22045  14.2%     -    0s
     0     0  131.22045    0   20  153.00049  131.22045  14.2%     -    0s
     0     2  131.22045    0   20  153.00049  131.22045  14.2%     -    0s

Cutting planes:
  Gomory: 2
  MIR: 5
  RLT: 1
  Lazy constraints: 21

Explored 73 nodes (287 simplex iterations) in 0.08 seconds
Thread count was 12 (of 12 available processors)

Solution count 2: 153 191.396 

Optimal solution found (tolerance 1.00e-04)
Best objective 1.530004926234e+02, best bound 1.530004926234e+02, gap 0.0000%

User-callback calls 327, time in user-callback 0.00 sec
/projects/academic/josewalt/caigao/RRARP_BD/BendersDecomp/ret/model_outs/n_8_m_6_algo_2.out
 =====>>>>> Solution is written to file in <../ret/model_outs> !!!
===>> All Done!
