NPROCS=0
This instance is clustered!
Gurobi Optimizer version 9.0.0 build v9.0.0rc2 (linux64)
Optimize a model with 24 rows, 145 columns and 288 nonzeros
Model fingerprint: 0xa2343435
Variable types: 1 continuous, 144 integer (144 binary)
Coefficient statistics:
  Matrix range     [1e+00, 1e+00]
  Objective range  [1e+00, 9e+01]
  Bounds range     [1e+00, 1e+00]
  RHS range        [1e+00, 1e+00]
Presolve removed 2 rows and 33 columns
Presolve time: 0.00s
Presolved: 22 rows, 112 columns, 222 nonzeros
Variable types: 1 continuous, 111 integer (111 binary)

Root relaxation: objective 9.072794e+01, 15 iterations, 0.00 seconds

    Nodes    |    Current Node    |     Objective Bounds      |     Work
 Expl Unexpl |  Obj  Depth IntInf | Incumbent    BestBd   Gap | It/Node Time

     0     0  191.61605    0   12          -  191.61605      -     -    0s
     0     0  195.05878    0   11          -  195.05878      -     -    0s
H    0     0                     273.1947692  195.05878  28.6%     -    0s
     0     0  195.05878    0   11  273.19477  195.05878  28.6%     -    0s
     0     2  195.50424    0   11  273.19477  195.50424  28.4%     -    0s

Cutting planes:
  Gomory: 1
  Lazy constraints: 2394

Explored 10651 nodes (33499 simplex iterations) in 3.22 seconds
Thread count was 12 (of 12 available processors)

Solution count 1: 273.195 

Optimal solution found (tolerance 1.00e-04)
Best objective 2.731947691812e+02, best bound 2.731947691812e+02, gap 0.0000%

User-callback calls 24656, time in user-callback 0.12 sec
/projects/academic/josewalt/caigao/RRARP_BD/BendersDecomp/ret/model_outs/n_10_h_1_algo_2.out
 =====>>>>> Solution is written to file in <../ret/model_outs> !!!
===>> All Done!
