NPROCS=0
This instance is clustered!
Gurobi Optimizer version 9.0.0 build v9.0.0rc2 (linux64)
Optimize a model with 24 rows, 145 columns and 288 nonzeros
Model fingerprint: 0xd69ed5b9
Variable types: 1 continuous, 144 integer (144 binary)
Coefficient statistics:
  Matrix range     [1e+00, 1e+00]
  Objective range  [1e+00, 1e+02]
  Bounds range     [1e+00, 1e+00]
  RHS range        [1e+00, 1e+00]
Presolve removed 2 rows and 33 columns
Presolve time: 0.00s
Presolved: 22 rows, 112 columns, 222 nonzeros
Variable types: 1 continuous, 111 integer (111 binary)

Root relaxation: objective 1.021874e+02, 15 iterations, 0.00 seconds

    Nodes    |    Current Node    |     Objective Bounds      |     Work
 Expl Unexpl |  Obj  Depth IntInf | Incumbent    BestBd   Gap | It/Node Time

     0     0  165.94346    0   12          -  165.94346      -     -    0s
H    0     0                     425.9143410  165.94346  61.0%     -    0s
H    0     0                     346.4935953  165.94346  52.1%     -    0s
     0     0  193.46494    0   20  346.49360  193.46494  44.2%     -    0s
H    0     0                     271.4478140  193.46494  28.7%     -    0s
     0     0  194.04366    0   20  271.44781  194.04366  28.5%     -    0s
     0     0  194.04366    0   14  271.44781  194.04366  28.5%     -    0s
     0     2  194.04366    0   14  271.44781  194.04366  28.5%     -    0s

Cutting planes:
  Gomory: 3
  Lazy constraints: 1327

Explored 6085 nodes (19142 simplex iterations) in 0.92 seconds
Thread count was 12 (of 12 available processors)

Solution count 3: 271.448 346.494 425.914 

Optimal solution found (tolerance 1.00e-04)
Best objective 2.714478139653e+02, best bound 2.714478139653e+02, gap 0.0000%

User-callback calls 13802, time in user-callback 0.06 sec
/projects/academic/josewalt/caigao/RRARP_BD/BendersDecomp/ret/model_outs/n_10_h_10_algo_2.out
 =====>>>>> Solution is written to file in <../ret/model_outs> !!!
===>> All Done!
