NPROCS=0
This instance is clustered!
Gurobi Optimizer version 9.0.0 build v9.0.0rc2 (linux64)
Optimize a model with 40 rows, 401 columns and 800 nonzeros
Model fingerprint: 0x5bbf53b3
Variable types: 1 continuous, 400 integer (400 binary)
Coefficient statistics:
  Matrix range     [1e+00, 1e+00]
  Objective range  [1e+00, 3e+02]
  Bounds range     [1e+00, 1e+00]
  RHS range        [1e+00, 1e+00]
Presolve removed 2 rows and 57 columns
Presolve time: 0.00s
Presolved: 38 rows, 344 columns, 686 nonzeros
Variable types: 1 continuous, 343 integer (343 binary)

Root relaxation: objective 6.138308e+02, 39 iterations, 0.00 seconds

    Nodes    |    Current Node    |     Objective Bounds      |     Work
 Expl Unexpl |  Obj  Depth IntInf | Incumbent    BestBd   Gap | It/Node Time

     0     0  614.86566    0   10          -  614.86566      -     -    0s
     0     0  684.98615    0   22          -  684.98615      -     -    0s
     0     0  694.73731    0   42          -  694.73731      -     -    0s
     0     2  694.73731    0   42          -  694.73731      -     -    0s
*  818   752              42    1245.6236466  730.54110  41.4%   5.2    0s
H 2060  1407                    1035.0430393  752.60796  27.3%   5.0    0s
 15158  8402 1026.49426   48   16 1035.04304  840.22029  18.8%   6.0    5s
 35154 21068  939.37481   43   33 1035.04304  864.40458  16.5%   6.1   10s
 44719 26101  980.64548   38   33 1035.04304  871.34417  15.8%   6.4   15s
 58223 33114 infeasible   51      1035.04304  879.63270  15.0%   6.6   20s
 69563 38312     cutoff   72      1035.04304  885.19941  14.5%   6.7   25s
 80228 42753     cutoff   64      1035.04304  889.83036  14.0%   6.9   30s
 90328 47092 1021.76470   42   19 1035.04304  893.81899  13.6%   6.9   35s
 98913 50193 1018.82997   37   20 1035.04304  896.90939  13.3%   7.1   40s
 106315 52794 infeasible   37      1035.04304  899.45514  13.1%   7.1   45s
 109586 53886 infeasible   52      1035.04304  900.42810  13.0%   7.2   50s
 116312 56209 infeasible   46      1035.04304  902.66818  12.8%   7.2   55s
 123504 58876  964.24003   40   31 1035.04304  904.78501  12.6%   7.3   60s
 129068 60545 1011.39735   59   21 1035.04304  906.48266  12.4%   7.4   65s
 135984 62852 infeasible   34      1035.04304  908.35661  12.2%   7.4   70s
 138246 63157  996.44820   39   18 1035.04304  908.89680  12.2%   7.4   75s
 144098 65434     cutoff   52      1035.04304  910.64402  12.0%   7.5   80s
 150081 67339     cutoff   47      1035.04304  912.28711  11.9%   7.5   85s
 154782 68359 1011.94663   43   42 1035.04304  913.45156  11.7%   7.5  199s
 154784 68360  961.45091   43   44 1035.04304  913.45156  11.7%   7.5  201s
 154794 68367  948.59491   56   50 1035.04304  913.45156  11.7%   7.5  205s
 154800 68374  913.45156   25   55 1035.04304  913.45156  11.7%   7.5  211s
 154874 68429  913.45156   31   25 1035.04304  913.45156  11.7%   7.6  215s
 157041 69086     cutoff   69      1035.04304  913.45156  11.7%   7.6  220s
 160837 70269  913.45156   45   41 1035.04304  913.45156  11.7%   7.6  225s
 166146 71928  953.05542   45   36 1035.04304  913.45156  11.7%   7.6  230s
 168017 72011 1010.88366   49   25 1035.04304  913.45156  11.7%   7.6  235s
H169966 69191                    1035.0430121  913.45156  11.7%   7.6  237s
 172444 69810 1004.05208  116   33 1035.04301  913.45156  11.7%   7.6  240s
H173103 66350                    1035.0429686  913.45156  11.7%   7.6  244s
 173115 66669  913.45156   40   23 1035.04297  913.45156  11.7%   7.6  245s
 178474 67821     cutoff   56      1035.04297  913.45156  11.7%   7.6  250s
 183844 68454     cutoff   58      1035.04297  913.45156  11.7%   7.6  255s
 189814 68910  945.52492   43   47 1035.04297  913.45156  11.7%   7.7  260s
 193958 69622 1004.39698   54   15 1035.04297  913.45156  11.7%   7.7  265s
 199873 69984  992.21156   43   18 1035.04297  913.45156  11.7%   7.7  270s
 203905 70102 1005.72931   46   14 1035.04297  915.13780  11.6%   7.7  275s
 209021 70134     cutoff   42      1035.04297  918.58382  11.3%   7.8  280s
 213568 70182  956.91569   44   19 1035.04297  921.76207  10.9%   7.8  285s
 217533 70075     cutoff   50      1035.04297  923.87545  10.7%   7.8  290s
 222269 70064  963.58765   52   36 1035.04297  926.75375  10.5%   7.8  295s
 226345 69900  965.12052   39   34 1035.04297  928.93260  10.3%   7.9  300s
 231163 69594 1026.15595   54   24 1035.04297  931.26321  10.0%   7.9  305s
 235747 69286 infeasible   65      1035.04297  933.47338  9.81%   7.9  311s
 239712 68968     cutoff   61      1035.04297  935.36131  9.63%   8.0  315s
H240212 65717                    1035.0427448  935.48375  9.62%   8.0  315s
 240570 65608     cutoff   49      1035.04274  935.79994  9.59%   8.0  321s
H240605 62665                    1035.0411923  935.79994  9.59%   8.0  321s
 242715 62726  970.22819   61   28 1035.04119  936.92739  9.48%   8.0  325s
 246583 62352  974.55923   41   21 1035.04119  938.68067  9.31%   8.0  330s
 251247 61802  964.00872   51   26 1035.04119  940.41140  9.14%   8.0  336s
 254538 61519     cutoff   50      1035.04119  942.01039  8.99%   8.0  340s
 258378 61123     cutoff   49      1035.04119  943.36625  8.86%   8.1  345s
 262679 60563 infeasible   58      1035.04119  945.17463  8.68%   8.1  351s
 266174 60115 1025.11738   60   23 1035.04119  946.53634  8.55%   8.1  357s
 268746 59822     cutoff   59      1035.04119  947.58571  8.45%   8.1  360s
 272282 59392 1021.46897   63   26 1035.04119  948.92819  8.32%   8.1  365s
 276147 58701     cutoff   54      1035.04119  950.29742  8.19%   8.2  370s
 279694 58110  999.13943   47   10 1035.04119  951.52020  8.07%   8.2  375s
 282453 57709 1021.17523   46   13 1035.04119  952.39439  7.98%   8.2  380s
 286449 57100     cutoff   66      1035.04119  953.62000  7.87%   8.2  385s
 289913 56532  984.33771   63   18 1035.04119  954.69514  7.76%   8.2  390s
 294638 55618 1014.23257   50   14 1035.04119  956.16271  7.62%   8.3  396s
 298037 54938 1033.14710   52   17 1035.04119  957.20685  7.52%   8.3  401s
 301110 54268     cutoff   43      1035.04119  958.15462  7.43%   8.3  406s
 303369 53819     cutoff   45      1035.04119  958.88580  7.36%   8.3  410s
 307072 52909 1014.89160   39   13 1035.04119  959.97135  7.25%   8.3  416s
 310387 52228  977.41751   50   21 1035.04119  960.99691  7.15%   8.3  421s
 312673 51681 infeasible   47      1035.04119  961.78131  7.08%   8.4  425s
 316289 50941     cutoff   44      1035.04119  962.75522  6.98%   8.4  431s
 318919 50191 infeasible   42      1035.04119  963.41488  6.92%   8.4  435s
 322511 49471     cutoff   60      1035.04119  964.45688  6.82%   8.4  441s
 324802 49721 infeasible   54      1035.04119  964.95616  6.77%   8.4  445s
 328600 50044 1002.59383   46   37 1035.04119  966.10554  6.66%   8.4  451s
 330821 50058     cutoff   61      1035.04119  966.71888  6.60%   8.4  455s
 334114 50297     cutoff   60      1035.04119  967.59491  6.52%   8.5  461s
 335237 50301     cutoff   57      1035.04119  967.96217  6.48%   8.5  467s
 336167 50305     cutoff   45      1035.04119  968.19511  6.46%   8.5  471s
 338376 50434     cutoff   57      1035.04119  968.90840  6.39%   8.5  475s
 342126 50595 1009.11132   52   18 1035.04119  969.80714  6.30%   8.5  481s
 345689 50650 1018.85899   59   33 1035.04119  970.68129  6.22%   8.5  486s
 348167 50747 1015.34130   64   26 1035.04119  971.42552  6.15%   8.5  490s
 351733 50780     cutoff   54      1035.04119  972.32397  6.06%   8.6  495s
 354887 50779     cutoff   52      1035.04119  973.13316  5.98%   8.6  501s
 357345 50695 infeasible   53      1035.04119  973.82853  5.91%   8.6  505s
 360967 50649     cutoff   48      1035.04119  974.73927  5.83%   8.6  511s
 363479 50594     cutoff  109      1035.04119  975.34524  5.77%   8.6  516s
 365931 50500 infeasible   47      1035.04119  976.05275  5.70%   8.6  520s
 369364 50329 infeasible   65      1035.04119  977.04310  5.60%   8.6  527s
 371319 50269 1023.99587   56   17 1035.04119  977.46297  5.56%   8.7  531s
 373766 50148 1000.55794   44   30 1035.04119  978.08568  5.50%   8.7  536s
 376337 50033  995.85580   50   26 1035.04119  978.75000  5.44%   8.7  541s
 378814 49936     cutoff   75      1035.04119  979.34670  5.38%   8.7  545s
 382086 49731     cutoff   77      1035.04119  980.17854  5.30%   8.7  552s
 384697 49541 infeasible   61      1035.04119  980.82123  5.24%   8.7  557s
 387115 49379 1025.07762   57   37 1035.04119  981.38905  5.18%   8.7  562s
 389456 49175     cutoff   68      1035.04119  981.94676  5.13%   8.8  566s
 392282 48956     cutoff   65      1035.04119  982.62073  5.06%   8.8  570s
 395697 48667 infeasible   62      1035.04119  983.48730  4.98%   8.8  576s
 398068 48417 infeasible   53      1035.04119  984.04113  4.93%   8.8  580s
 401556 48041  985.82021   55   30 1035.04119  984.87717  4.85%   8.8  586s
 403747 47886  996.54324   65   24 1035.04119  985.39099  4.80%   8.8  590s
 407093 47391 infeasible   54      1035.04119  986.18450  4.72%   8.8  597s
 409603 47091     cutoff   61      1035.04119  986.74152  4.67%   8.9  602s
 412111 46729     cutoff   75      1035.04119  987.37063  4.61%   8.9  607s
 413466 46736 infeasible   57      1035.04119  987.69645  4.57%   8.9  612s
 414650 46381     cutoff   54      1035.04119  987.98916  4.55%   8.9  616s
 416819 46007     cutoff   45      1035.04119  988.50129  4.50%   8.9  620s
 420142 45435 1007.17247   40   22 1035.04119  989.33080  4.42%   8.9  626s
 422481 44980  994.48176   54   35 1035.04119  989.94027  4.36%   8.9  630s
 426089 44526     cutoff   83      1035.04119  990.78126  4.28%   8.9  641s
 427318 44028 infeasible   62      1035.04119  991.18450  4.24%   8.9  645s
 429732 43553     cutoff   56      1035.04119  991.81402  4.18%   9.0  650s
 433377 42825     cutoff   48      1035.04119  992.73403  4.09%   9.0  656s
 435854 42230 1023.08012  104   35 1035.04119  993.32069  4.03%   9.0  660s
 438311 41614 1030.93010   65    9 1035.04119  994.01182  3.96%   9.0  665s
 440846 40982 1028.27849   54   16 1035.04119  994.57580  3.91%   9.0  670s
 444390 40047 1020.16453   48   21 1035.04119  995.54704  3.82%   9.0  677s
 446791 39323     cutoff   59      1035.04119  996.22187  3.75%   9.1  682s
 448007 38970 1014.17249   49   35 1035.04119  996.47546  3.73%   9.1  685s
 450454 38276 1031.72272   46   16 1035.04119  997.22939  3.65%   9.1  690s
 454075 37266 1019.54904   45   26 1035.04119  998.08157  3.57%   9.1  696s
 456494 36520     cutoff   52      1035.04119  998.76314  3.50%   9.1  701s
 458956 35732     cutoff   55      1035.04119  999.38962  3.44%   9.1  706s
 461408 34942 1033.27895   49   12 1035.04119 1000.02015  3.38%   9.1  711s
 463887 34093     cutoff   58      1035.04119 1000.73432  3.31%   9.2  716s
 466359 33176     cutoff   80      1035.04119 1001.43749  3.25%   9.2  722s
 468911 32271 1024.32888   54   20 1035.04119 1002.10134  3.18%   9.2  727s
 471378 31198 infeasible   45      1035.04119 1002.82437  3.11%   9.2  732s
 473883 30176 1019.75254   48   21 1035.04119 1003.52834  3.04%   9.2  737s
 475077 29747     cutoff   57      1035.04119 1003.98102  3.00%   9.2  740s
 477514 28800     cutoff   55      1035.04119 1004.66938  2.93%   9.2  745s
 479936 27682 infeasible   62      1035.04119 1005.41798  2.86%   9.3  750s
 482314 26548     cutoff   68      1035.04119 1006.22552  2.78%   9.3  756s
 484849 25355     cutoff   64      1035.04119 1007.04958  2.70%   9.3  760s
 487224 24136 infeasible   53      1035.04119 1007.90366  2.62%   9.3  765s
 490837 22814     cutoff   52      1035.04119 1009.19189  2.50%   9.3  780s
 492177 21451 1027.16451   54   34 1035.04119 1009.75620  2.44%   9.3  785s
 495872 19335     cutoff   80      1035.04119 1011.20600  2.30%   9.4  792s
 498347 17871 1033.64726   64   10 1035.04119 1012.17267  2.21%   9.4  796s
 500832 16300     cutoff   76      1035.04119 1013.24356  2.11%   9.4  800s
 503319 14660     cutoff   75      1035.04119 1014.44941  1.99%   9.4  805s
 506940 12139     cutoff   69      1035.04119 1016.33129  1.81%   9.5  811s
 509365 10345     cutoff   59      1035.04119 1017.89250  1.66%   9.5  815s
 513035  7459 infeasible   59      1035.04119 1020.52918  1.40%   9.5  822s
 515520  5342     cutoff   54      1035.04119 1022.78679  1.18%   9.5  827s
 518022  3080     cutoff   43      1035.04119 1025.69842  0.90%   9.5  831s
 520674   453 infeasible   41      1035.04119 1028.81807  0.60%   9.5  835s

Cutting planes:
  Gomory: 6
  Zero half: 8
  Lazy constraints: 1623

Explored 522531 nodes (4988569 simplex iterations) in 836.48 seconds
Thread count was 12 (of 12 available processors)

Solution count 2: 1035.04 1245.62 

Optimal solution found (tolerance 1.00e-04)
Best objective 1.035041192334e+03, best bound 1.035041192334e+03, gap 0.0000%

User-callback calls 1192600, time in user-callback 0.64 sec
/projects/academic/josewalt/caigao/RRARP_BD/BendersDecomp/ret/model_outs/n_18_h_8_algo_3.out
 =====>>>>> Solution is written to file in <../ret/model_outs> !!!
===>> All Done!
