NPROCS=0
This instance is clustered!
Gurobi Optimizer version 9.0.0 build v9.0.0rc2 (linux64)
Optimize a model with 70 rows, 1226 columns and 2450 nonzeros
Model fingerprint: 0xe1c683d4
Variable types: 1 continuous, 1225 integer (1225 binary)
Coefficient statistics:
  Matrix range     [1e+00, 1e+00]
  Objective range  [1e+00, 1e+03]
  Bounds range     [1e+00, 1e+00]
  RHS range        [1e+00, 1e+00]
Presolve removed 2 rows and 102 columns
Presolve time: 0.01s
Presolved: 68 rows, 1124 columns, 2246 nonzeros
Variable types: 1 continuous, 1123 integer (1123 binary)

Root relaxation: objective 3.609934e+03, 64 iterations, 0.00 seconds

    Nodes    |    Current Node    |     Objective Bounds      |     Work
 Expl Unexpl |  Obj  Depth IntInf | Incumbent    BestBd   Gap | It/Node Time

     0     0 3684.23255    0   10          - 3684.23255      -     -    0s
     0     0 4069.82623    0   20          - 4069.82623      -     -    0s
     0     2 4242.22233    0   20          - 4242.22233      -     -    0s
 done with super cut 0
 done with super cut 1
    26    32 4307.89367    5    -          - 4277.39625      -   9.7    8s
 done with super cut 2
    62    82 4353.18290    6   60          - 4277.90600      -   8.8   19s
 done with super cut 3
 done with super cut 4
   140   162 4384.69997   12   25          - 4277.90600      -   7.9   55s
 done with super cut 5
   222   244 4413.48986   20   30          - 4277.90600      -   7.6   74s
 done with super cut 6
   386   453 4576.78704   27   16          - 4277.90600      -   6.4   98s
 done with super cut 7
 done with super cut 8
   478   547 4513.56426   40   17          - 4277.90600      -   6.4  158s
 done with super cut 9
 done with super cut 10
   686   712 4580.81466   52    4          - 4277.90600      -   6.0  225s
H 1889  1558                    5081.0192693 4326.17225  14.9%   6.9  226s
  4824  2864 4965.43953   71   20 5081.01927 4403.57577  13.3%   7.2  230s
*16453 10426              84    5016.7784717 4499.49655  10.3%   7.5  234s
 16786 10439 4772.06436   63   63 5016.77847 4500.78423  10.3%   7.5  235s
 19990 13076     cutoff   31      5016.77847 4511.04721  10.1%   7.7  240s
 30810 20917     cutoff   73      5016.77847 4536.61707  9.57%   7.9  245s
 39969 27125     cutoff   70      5016.77847 4552.94885  9.25%   8.0  250s
 47720 32430 infeasible   43      5016.77847 4563.33562  9.04%   8.1  255s
 54830 36589     cutoff   63      5016.77847 4571.54355  8.87%   8.2  260s
 56885 37922 4916.93592   64   23 5016.77847 4573.50024  8.84%   8.3  265s
 64068 42780 4736.87207   41   28 5016.77847 4581.24280  8.68%   8.3  270s
 69546 46183 4885.95590   59   31 5016.77847 4587.03599  8.57%   8.4  275s
 75053 49648     cutoff   54      5016.77847 4591.38492  8.48%   8.4  280s
 79435 52108 4921.12320   30   17 5016.77847 4595.26111  8.40%   8.5  285s
 84379 55052 infeasible   46      5016.77847 4599.30425  8.32%   8.5  290s
 88538 57577     cutoff   52      5016.77847 4602.33924  8.26%   8.6  295s
 92879 59999 4685.62070   29   11 5016.77847 4605.76306  8.19%   8.7  300s
 97400 62780     cutoff   62      5016.77847 4609.03750  8.13%   8.7  305s
 100774 64517 4849.03837   37    9 5016.77847 4611.63629  8.08%   8.7  310s
 101707 64866 4649.39212   31   46 5016.77847 4612.08248  8.07%   8.8  316s
 104650 66732     cutoff   75      5016.77847 4614.13986  8.03%   8.8  320s
 109165 69174     cutoff   54      5016.77847 4616.41851  7.98%   8.9  326s
 112666 70985     cutoff   45      5016.77847 4619.00728  7.93%   8.9  331s
H115766 71929                    5012.0065063 4620.99591  7.80%   8.9  335s
H115922 71617                    5007.8808911 4621.31502  7.72%   8.9  339s
 115930 72146 4684.57509   26   31 5007.88089 4621.37404  7.72%   8.9  341s
 119185 73786 4913.30618   41   22 5007.88089 4623.31943  7.68%   9.0  346s
 121426 75160 4797.59267   41   18 5007.88089 4624.60006  7.65%   9.0  350s
 125017 76941     cutoff   48      5007.88089 4626.37159  7.62%   9.0  355s
 128611 78252 4817.63496   54   20 5007.88089 4628.61941  7.57%   9.0  544s
 128613 78253 4973.33210   49   68 5007.88089 4628.61941  7.57%   9.0  547s
 128619 78257 4867.02531   49   90 5007.88089 4628.61941  7.57%   9.0  551s
 128620 78258 4799.93057   41   62 5007.88089 4628.61941  7.57%   9.0  555s
 128623 78260 4981.10010   58   80 5007.88089 4628.61941  7.57%   9.0  560s
 128627 78263 4881.86036   45   81 5007.88089 4628.61941  7.57%   9.0  566s
 128630 78265 4922.27959   34   83 5007.88089 4628.61941  7.57%   9.0  571s
 128632 78266 4777.45229   43   82 5007.88089 4628.61941  7.57%   9.0  578s
 128633 78270 4628.61941   26   62 5007.88089 4628.61941  7.57%   9.0  581s
 128647 78289 4628.61941   29   52 5007.88089 4628.61941  7.57%   9.0  585s
 128948 78432 4810.25818   42    6 5007.88089 4628.61941  7.57%   9.1  590s
 129714 78601 4799.62578   55   45 5007.88089 4628.61941  7.57%   9.1  595s
 130739 78844 4815.58544   37    - 5007.88089 4628.61941  7.57%   9.1  601s
 131376 79120 4687.50355   35   24 5007.88089 4628.61941  7.57%   9.1  605s
 131730 79138 4766.88834   42   34 5007.88089 4628.61941  7.57%   9.1  624s
 131912 79270     cutoff   49      5007.88089 4628.61941  7.57%   9.1  625s
 133800 79942 4837.59151   70   31 5007.88089 4628.61941  7.57%   9.0  630s
 136123 80743 4974.63617   49   18 5007.88089 4628.61941  7.57%   9.0  635s
 138045 81428 4712.68185   46   28 5007.88089 4628.61941  7.57%   9.0  641s
 140189 82416 4826.32319   80   48 5007.88089 4628.61941  7.57%   9.1  646s
 142433 82807     cutoff  106      5007.88089 4628.61941  7.57%   9.0  652s
 143076 83538 4628.61941   46   26 5007.88089 4628.61941  7.57%   9.0  656s
 145445 84408 4788.20130   40   32 5007.88089 4628.61941  7.57%   9.0  660s
 147813 85255     cutoff   45      5007.88089 4628.61941  7.57%   9.0  665s
 150688 86427 4806.87076   76   44 5007.88089 4628.61941  7.57%   9.0  670s
 152760 87075     cutoff   40      5007.88089 4628.61941  7.57%   9.0  675s
 154932 87549     cutoff  110      5007.88089 4628.61941  7.57%   9.0  680s
 156886 88457     cutoff   66      5007.88089 4628.61941  7.57%   9.0  685s
 159384 89514 4728.73641   51   54 5007.88089 4628.61941  7.57%   9.0  691s
 161849 90061     cutoff   51      5007.88089 4628.61941  7.57%   9.0  697s
 163047 90420 4987.35448   53   48 5007.88089 4628.61941  7.57%   9.1  700s
 164448 90725 4809.21372   55   60 5007.88089 4628.61941  7.57%   9.1  706s
 166548 90773     cutoff   51      5007.88089 4628.61941  7.57%   9.1  710s
 167595 91674 4914.20454   78   30 5007.88089 4628.61941  7.57%   9.1  715s
 170338 92585 4881.11621   42   40 5007.88089 4628.61941  7.57%   9.1  720s
 173302 93254 infeasible   60      5007.88089 4628.61941  7.57%   9.1  726s
 175893 93981     cutoff   62      5007.88089 4628.61941  7.57%   9.1  732s
 177154 94328 4808.74466   62   29 5007.88089 4628.61941  7.57%   9.1  735s
 179768 95023 4860.75184   52   22 5007.88089 4628.61941  7.57%   9.1  741s
 182070 95540 4928.78061   63   21 5007.88089 4629.11181  7.56%   9.1  746s
 184384 96314 4933.91398   47    6 5007.88089 4632.62481  7.49%   9.1  752s
 185737 96621 infeasible   52      5007.88089 4634.51423  7.46%   9.1  755s
 188252 97319 4993.72820   67   23 5007.88089 4636.40839  7.42%   9.1  761s
 190610 98202 4858.96515   39   21 5007.88089 4638.28105  7.38%   9.1  767s
 192063 98434 4867.56358   43   41 5007.88089 4639.86069  7.35%   9.1  770s
 194610 99010     cutoff   67      5007.88089 4642.02561  7.31%   9.1  775s
 196721 99344     cutoff   67      5007.88089 4644.14578  7.26%   9.1  781s
 198709 100027 4997.83831   63   27 5007.88089 4645.91814  7.23%   9.1  786s
 201181 100462 infeasible   47      5007.88089 4648.09949  7.18%   9.1  791s
H201561 96426                    5007.8808450 4648.22465  7.18%   9.1  791s
 202312 96229     cutoff   90      5007.88084 4649.18692  7.16%   9.1  796s
H202313 92511                    5007.8808390 4649.18692  7.16%   9.1  796s
 203609 93451 4958.54773   61   65 5007.88084 4650.04788  7.15%   9.1  801s
 206087 94051 4714.67886   43   54 5007.88084 4652.25266  7.10%   9.1  807s
 207282 94591     cutoff   68      5007.88084 4653.04112  7.09%   9.1  810s
 209590 94633     cutoff   72      5007.88084 4655.00593  7.05%   9.1  815s
 211355 95459 4847.84020   58   43 5007.88084 4656.07018  7.03%   9.1  822s
 212770 95683 4795.52311   46   17 5007.88084 4657.03695  7.01%   9.1  825s
 215327 96109     cutoff   58      5007.88084 4658.90892  6.97%   9.1  831s
 217884 96637 infeasible   58      5007.88084 4660.85801  6.93%   9.1  837s
 219123 97044 4909.41101   62   35 5007.88084 4661.73758  6.91%   9.1  841s
 221722 97505 4943.14501   68   53 5007.88084 4662.85854  6.89%   9.1  847s
 222790 97810 4984.16500   57    - 5007.88084 4663.81054  6.87%   9.1  850s
 225353 98267 4898.40316   52   56 5007.88084 4665.32204  6.84%   9.1  856s
 227713 98985 4969.06439   66   29 5007.88084 4666.80779  6.81%   9.1  862s
 229049 99007     cutoff   53      5007.88084 4667.61397  6.79%   9.1  865s
 231139 99996     cutoff   62      5007.88084 4669.12639  6.76%   9.1  871s
 233780 100329 4758.94306   44   41 5007.88084 4670.57163  6.74%   9.1  878s
 234925 100615 4937.95712   97   49 5007.88084 4671.12836  6.72%   9.1  881s
 236113 100793 infeasible   54      5007.88084 4671.66557  6.71%   9.2  885s
 238150 101388     cutoff   70      5007.88084 4672.98010  6.69%   9.2  892s
H238894 97617                    5007.8808058 4673.10924  6.68%   9.2  892s
 239434 98167     cutoff   79      5007.88081 4673.31177  6.68%   9.2  895s
 241935 98749 infeasible   60      5007.88081 4674.63659  6.65%   9.2  902s
 243245 98405 infeasible   63      5007.88081 4675.33204  6.64%   9.2  907s
H243314 95027                    5007.8805643 4675.33204  6.64%   9.2  907s
 243384 95482 4752.81132   36   37 5007.88056 4675.45033  6.64%   9.2  911s
 244230 95885     cutoff   62      5007.88056 4676.05833  6.63%   9.2  915s
 246808 96580     cutoff   64      5007.88056 4677.29739  6.60%   9.2  922s
 248187 96657 infeasible   63      5007.88056 4678.11211  6.58%   9.2  926s
 249263 97123     cutoff   47      5007.88056 4678.59643  6.58%   9.2  930s
 251797 97590     cutoff   64      5007.88056 4680.01259  6.55%   9.2  938s
 253066 98021 4995.31550   70   38 5007.88056 4680.78351  6.53%   9.2  942s
 254477 98205 4838.17855   52   31 5007.88056 4681.63984  6.51%   9.2  945s
 256754 98791     cutoff   82      5007.88056 4682.55757  6.50%   9.2  953s
 258067 99109     cutoff   69      5007.88056 4683.13151  6.48%   9.2  957s
 259363 99309 infeasible   69      5007.88056 4683.65369  6.47%   9.2  960s
 261534 99740 4881.72044   50   20 5007.88056 4684.42344  6.46%   9.2  968s
 262758 100035 4979.08976   63   25 5007.88056 4685.11533  6.45%   9.2  972s
 263995 100023 4874.35950   45   14 5007.88056 4685.51964  6.44%   9.2  975s
 265683 100325 4993.55253   52   21 5007.88056 4686.34947  6.42%   9.2  983s
 266455 100752 4909.86727   44   31 5007.88056 4686.68425  6.41%   9.2  987s
 267778 101019     cutoff   72      5007.88056 4687.27757  6.40%   9.2  991s
 269033 101249     cutoff   78      5007.88056 4687.73336  6.39%   9.2  995s
 271743 101820 4917.33094   45   19 5007.88056 4689.03936  6.37%   9.2 1003s
 272921 101911 4978.96126   62   30 5007.88056 4689.32818  6.36%   9.2 1007s
 274042 102112     cutoff   73      5007.88056 4689.65926  6.35%   9.2 1011s
 275290 102382 4992.40136   69   13 5007.88056 4690.41145  6.34%   9.2 1015s
 277602 102520     cutoff   65      5007.88056 4691.30110  6.32%   9.2 1023s
 278340 103013 4844.12985   56   31 5007.88056 4691.60099  6.32%   9.2 1028s
 279663 103187     cutoff   57      5007.88056 4692.18814  6.30%   9.2 1033s
 280956 103352 4892.87553   57   33 5007.88056 4692.87014  6.29%   9.2 1038s
 282155 103583     cutoff   70      5007.88056 4693.38318  6.28%   9.2 1042s
H282157 100395                    5007.8805452 4693.38318  6.28%   9.2 1042s
 283287 100659 4938.79444   66   42 5007.88055 4693.90318  6.27%   9.2 1046s
 284559 100795 4887.18975   54   15 5007.88055 4694.43670  6.26%   9.2 1050s
 286798 100966     cutoff   47      5007.88055 4695.20778  6.24%   9.2 1058s
 287931 101141 4773.03494   58   28 5007.88055 4695.58477  6.24%   9.2 1061s
 289168 100791 4825.86441   44   16 5007.88055 4696.11077  6.23%   9.2 1068s
 289281 101407 4918.42513   48   32 5007.88055 4696.17011  6.22%   9.2 1073s
 290448 101778     cutoff   60      5007.88055 4696.72602  6.21%   9.2 1077s
 291828 101991     cutoff   66      5007.88055 4697.34207  6.20%   9.2 1081s
 293074 102220 4876.49537   51   37 5007.88055 4697.75055  6.19%   9.2 1086s
 294352 102535 infeasible   68      5007.88055 4698.18478  6.18%   9.3 1091s
 295705 102679 4887.63800   51   16 5007.88055 4698.67101  6.17%   9.3 1096s
 296989 102933     cutoff   53      5007.88055 4699.32613  6.16%   9.3 1101s
 298249 103134 4786.63121   53   34 5007.88055 4699.86387  6.15%   9.3 1106s
 299495 103268 4807.48030   53   32 5007.88055 4700.22174  6.14%   9.3 1110s
 301048 103801 4928.85914   73   27 5007.88055 4700.80828  6.13%   9.3 1118s
 302412 104081     cutoff   53      5007.88055 4701.36241  6.12%   9.3 1123s
 303752 104250 infeasible   54      5007.88055 4701.78368  6.11%   9.3 1128s
 304978 104506 4992.66175   49   17 5007.88055 4702.26952  6.10%   9.3 1132s
 306243 104206 4783.16034   41   55 5007.88055 4702.77339  6.09%   9.3 1139s
 306406 104531 4737.77864   39   37 5007.88055 4702.84313  6.09%   9.3 1143s
 307177 104793 4829.69795   41   32 5007.88055 4703.05809  6.09%   9.3 1147s
 308494 105051     cutoff   71      5007.88055 4703.52287  6.08%   9.3 1152s
 309834 105383     cutoff   82      5007.88055 4703.96020  6.07%   9.3 1156s
 311202 105817     cutoff   70      5007.88055 4704.41660  6.06%   9.3 1160s
 313856 107190 4852.16014   62   53 5007.88055 4705.27280  6.04%   9.3 1167s
 315126 107726 4940.30874   54   24 5007.88055 4705.49973  6.04%   9.3 1171s
 316196 108504     cutoff   66      5007.88055 4705.84215  6.03%   9.3 1175s
 318926 109880 4718.75494   47   27 5007.88055 4706.81111  6.01%   9.3 1183s
 320195 110594     cutoff   64      5007.88055 4707.10918  6.01%   9.3 1187s
 321533 111392     cutoff   85      5007.88055 4707.66691  5.99%   9.3 1192s
 322948 111858     cutoff   84      5007.88055 4708.23081  5.98%   9.3 1196s
 324081 112323 infeasible   57      5007.88055 4708.71385  5.97%   9.3 1200s
 326237 113594 4999.92049   69   24 5007.88055 4709.47771  5.96%   9.3 1209s
 327391 114001 4977.36386  105   33 5007.88055 4709.87564  5.95%   9.3 1213s
 328254 114433 4946.70962   68   14 5007.88055 4710.16566  5.94%   9.3 1217s
 329063 114887     cutoff   63      5007.88055 4710.44862  5.94%   9.3 1221s
 329976 115341 4865.79475   41   40 5007.88055 4710.80813  5.93%   9.3 1225s
 332109 116690     cutoff   60      5007.88055 4711.62915  5.92%   9.3 1234s
 333559 117380 4965.85976   47   46 5007.88055 4712.03803  5.91%   9.3 1239s
 334908 118136     cutoff   66      5007.88055 4712.33827  5.90%   9.3 1243s
 336327 118729 4900.21774   69   22 5007.88055 4712.73103  5.89%   9.3 1247s
 337665 119482 infeasible   64      5007.88055 4713.08965  5.89%   9.3 1251s
 339079 120241 4992.59374   86   22 5007.88055 4713.60993  5.88%   9.3 1256s
 340429 120710     cutoff   63      5007.88055 4714.10280  5.87%   9.3 1260s
 342500 121480 5005.24022   65   28 5007.88055 4714.64151  5.86%   9.3 1268s
 343400 121890 4909.41800   85   48 5007.88055 4714.64151  5.86%   9.3 1272s
 344130 122549 4966.06789   99   47 5007.88055 4715.12337  5.85%   9.3 1276s
 345478 123104     cutoff   82      5007.88055 4715.60898  5.84%   9.3 1282s
 346686 123651 4840.15188   50   26 5007.88055 4715.88500  5.83%   9.4 1288s
 348002 124096     cutoff   68      5007.88055 4716.32604  5.82%   9.4 1293s
 349176 124656 4978.15692   59   47 5007.88055 4716.73574  5.81%   9.4 1297s
 350464 125203 infeasible   78      5007.88055 4717.03917  5.81%   9.4 1302s
 351739 125879 4940.29115   58    9 5007.88055 4717.44959  5.80%   9.4 1307s
 353166 126449     cutoff   58      5007.88055 4717.79457  5.79%   9.4 1312s
 354523 126847     cutoff   59      5007.88055 4718.27609  5.78%   9.4 1322s
 355312 127416 4792.36426   56   33 5007.88055 4718.53455  5.78%   9.4 1327s
 356676 127969     cutoff   55      5007.88055 4718.95173  5.77%   9.4 1332s
 357774 128561 4795.27393   60   36 5007.88055 4719.30682  5.76%   9.4 1336s
 359100 129174 4899.88670   40   15 5007.88055 4719.53904  5.76%   9.4 1341s
 360403 129629     cutoff   60      5007.88055 4720.03592  5.75%   9.4 1345s
H360481 129629                    5007.8803318 4720.04027  5.75%   9.4 1345s
 361309 130243 4984.58634   51    4 5007.88033 4720.32488  5.74%   9.4 1350s
 362654 130339 4964.89847   63   19 5007.88033 4720.71876  5.73%   9.4 1359s
 362912 131002 4886.13110   70   60 5007.88033 4720.73770  5.73%   9.4 1365s
 364274 131390 4899.55488   51   47 5007.88033 4721.12159  5.73%   9.4 1370s
 365400 132060 4928.42554   52   12 5007.88033 4721.46127  5.72%   9.4 1375s
 366783 132734 4981.92955   73   43 5007.88033 4721.81429  5.71%   9.4 1381s
 368184 133549 4836.19696   63   40 5007.88033 4722.30511  5.70%   9.4 1387s
 369699 134275 4972.28557   63   12 5007.88033 4722.62719  5.70%   9.4 1392s
 371171 134718 infeasible   69      5007.88033 4722.99104  5.69%   9.4 1397s
 372252 135153 infeasible   56      5007.88033 4723.26078  5.68%   9.4 1402s
 373137 135428 4936.64577   76   30 5007.88033 4723.47869  5.68%   9.4 1406s
 373933 135786 4982.15879   51   20 5007.88033 4723.61943  5.68%   9.4 1412s
 374778 136288 4884.61252   48   41 5007.88033 4723.87571  5.67%   9.4 1416s
 375733 136860 4901.54870   88   35 5007.88033 4724.04602  5.67%   9.4 1422s
 377094 137257 4957.16615   43   14 5007.88033 4724.44814  5.66%   9.4 1427s
 378203 137932 4750.92739   42   44 5007.88033 4724.78040  5.65%   9.4 1433s
 379667 138683     cutoff   80      5007.88033 4725.13645  5.65%   9.4 1438s
 381154 139398 4874.99822   48   42 5007.88033 4725.62673  5.64%   9.4 1443s
 382482 140090 4991.62227   69    - 5007.88033 4726.01372  5.63%   9.4 1449s
 383884 140863 infeasible   69      5007.88033 4726.27114  5.62%   9.4 1454s
 385297 141289 infeasible   77      5007.88033 4726.53581  5.62%   9.4 1459s
 386281 141904 infeasible   70      5007.88033 4726.81526  5.61%   9.4 1464s
 387659 142534 4954.18747   64   43 5007.88033 4727.29895  5.60%   9.4 1469s
 389004 143277     cutoff   71      5007.88033 4727.64429  5.60%   9.4 1474s
 390447 143916 infeasible   65      5007.88033 4728.05903  5.59%   9.4 1478s
 391778 144548     cutoff   68      5007.88033 4728.38451  5.58%   9.4 1484s
 393108 145059 4762.98839   43   16 5007.88033 4728.76650  5.57%   9.4 1488s
 394328 145382 4955.18376   51    6 5007.88033 4729.02095  5.57%   9.4 1493s
 395207 146088 infeasible   55      5007.88033 4729.23264  5.56%   9.5 1498s
 396613 146807 4884.46469   63   39 5007.88033 4729.67586  5.56%   9.5 1503s
 397993 147561 5004.00359   66   25 5007.88033 4730.07269  5.55%   9.5 1508s
 399453 148200 infeasible   58      5007.88033 4730.45423  5.54%   9.5 1514s
 400688 148574     cutoff   66      5007.88033 4730.92460  5.53%   9.5 1518s
 401648 149043 4928.95843   68   38 5007.88033 4731.19175  5.53%   9.5 1523s
 402922 149539 4870.64696   44   23 5007.88033 4731.46892  5.52%   9.5 1527s
 403982 150112     cutoff   66      5007.88033 4731.81764  5.51%   9.5 1532s
 405277 150765 4995.02603   45   13 5007.88033 4732.15374  5.51%   9.5 1537s
 406700 151160     cutoff   66      5007.88033 4732.52220  5.50%   9.5 1542s
 407621 151897     cutoff   52      5007.88033 4732.70213  5.49%   9.5 1548s
 409146 152390     cutoff   60      5007.88033 4733.06735  5.49%   9.5 1553s
 410425 152773 4910.59907   48    4 5007.88033 4733.28461  5.48%   9.5 1558s
 411256 153521 4982.47708   55    6 5007.88033 4733.53804  5.48%   9.5 1564s
 412725 153907     cutoff   41      5007.88033 4733.92416  5.47%   9.5 1569s
 413688 154419     cutoff   41      5007.88033 4734.14806  5.47%   9.5 1574s
 414913 155149 infeasible   59      5007.88033 4734.42479  5.46%   9.5 1580s
 416354 155798     cutoff   62      5007.88033 4734.88105  5.45%   9.5 1585s
 417805 156255 4798.35686   57   50 5007.88033 4735.20007  5.45%   9.5 1590s
 418858 156803 4893.30431   77   34 5007.88033 4735.40370  5.44%   9.5 1595s
 420178 157504 4982.04682   44   41 5007.88033 4735.78171  5.43%   9.5 1600s
 421388 158007 4849.80043   65   42 5007.88033 4736.00889  5.43%   9.5 1605s
 422702 158607 4957.84184   43   15 5007.88033 4736.19498  5.43%   9.5 1612s
 424036 158780 4983.86303   57   18 5007.88033 4736.45876  5.42%   9.5 1621s
 424433 159430     cutoff   58      5007.88033 4736.48625  5.42%   9.5 1628s
 425900 159869 4891.77140   70   39 5007.88033 4736.90280  5.41%   9.5 1633s
 426877 160299     cutoff   91      5007.88033 4737.12660  5.41%   9.5 1640s
 428092 160993 4786.87372   47   26 5007.88033 4737.30789  5.40%   9.5 1647s
 429589 161632 4822.16200   58   58 5007.88033 4737.59787  5.40%   9.5 1653s
 430979 162184 4821.34109   64   31 5007.88033 4738.01110  5.39%   9.5 1659s
 432210 162771 4866.01329   44   41 5007.88033 4738.36052  5.38%   9.5 1664s
 433576 163117 5007.50926   52    8 5007.88033 4738.71515  5.37%   9.5 1669s
 434506 163734 4909.16816   65   18 5007.88033 4738.89824  5.37%   9.5 1676s
 435945 164117 infeasible   60      5007.88033 4739.21391  5.36%   9.5 1682s
 436925 164732     cutoff   82      5007.88033 4739.40246  5.36%   9.5 1687s
 438297 165464 4952.75947   46   21 5007.88033 4739.70947  5.35%   9.5 1692s
 439745 166299 5004.71932   47   12 5007.88033 4740.03499  5.35%   9.5 1697s
 441266 166943     cutoff   55      5007.88033 4740.30232  5.34%   9.5 1703s
 442569 167501     cutoff   84      5007.88033 4740.56135  5.34%   9.5 1708s
 443692 168115     cutoff   59      5007.88033 4740.81924  5.33%   9.5 1712s
 445117 168546 infeasible   71      5007.88033 4741.11312  5.33%   9.5 1716s
 445970 169154 4788.01434   63   26 5007.88033 4741.36017  5.32%   9.5 1722s
 447400 169720 4976.94956   59   37 5007.88033 4741.64123  5.32%   9.5 1727s
 448796 170213 4998.69096   52   25 5007.88033 4741.92010  5.31%   9.5 1732s
 450108 170840     cutoff   58      5007.88033 4742.25267  5.30%   9.5 1737s
 451538 171442 4862.13937   50   41 5007.88033 4742.56226  5.30%   9.5 1743s
 452860 171930 4772.55856   51   29 5007.88033 4742.81872  5.29%   9.5 1748s
 454001 172490     cutoff   70      5007.88033 4743.05591  5.29%   9.5 1753s
H454571 172502                    5007.8803313 4743.10221  5.29%   9.5 1753s
 455366 172967 4957.67266   71    8 5007.88033 4743.31425  5.28%   9.5 1758s
 456572 173716 4936.16989   53   36 5007.88033 4743.64046  5.28%   9.6 1764s
 457983 173865 4834.40937   67   41 5007.88033 4743.84343  5.27%   9.6 1772s
 458251 174400 4836.03251   68   51 5007.88033 4743.88641  5.27%   9.6 1777s
 459532 175079 4891.52711   45   26 5007.88033 4744.09242  5.27%   9.6 1782s
 460997 175564     cutoff   60      5007.88033 4744.40488  5.26%   9.6 1787s
 462081 176204 4914.18717   47   16 5007.88033 4744.61050  5.26%   9.6 1793s
 463491 176813 5002.44917   59   15 5007.88033 4744.93048  5.25%   9.6 1798s
 464883 177214     cutoff   50      5007.88033 4745.17115  5.25%   9.6 1804s
 465802 177813 4869.47539   45    9 5007.88033 4745.34165  5.24%   9.6 1810s
 467219 178355 4989.95089   64   26 5007.88033 4745.53475  5.24%   9.6 1816s
 468570 178942 4871.94628   61   24 5007.88033 4745.82166  5.23%   9.6 1822s
 469956 179400 infeasible   74      5007.88033 4746.08056  5.23%   9.6 1827s
 470986 179919 4976.07166   68   44 5007.88033 4746.22012  5.22%   9.6 1832s
 472421 180579 4998.51544   87    - 5007.88033 4746.51295  5.22%   9.6 1837s
 473931 181212     cutoff   87      5007.88033 4746.81795  5.21%   9.6 1843s
 475263 181291     cutoff   51      5007.88033 4747.01868  5.21%   9.6 1854s
 475413 181700 4946.40011   54   29 5007.88033 4747.06333  5.21%   9.6 1858s
 476359 182259     cutoff   65      5007.88033 4747.31132  5.20%   9.6 1864s
 477700 182821     cutoff   59      5007.88033 4747.61938  5.20%   9.6 1870s
 479141 183421 4996.70116   67   26 5007.88033 4747.89736  5.19%   9.6 1876s
