NPROCS=0
This instance is clustered!
Gurobi Optimizer version 9.0.0 build v9.0.0rc2 (linux64)
Optimize a model with 30 rows, 226 columns and 450 nonzeros
Model fingerprint: 0x43f1c992
Variable types: 1 continuous, 225 integer (225 binary)
Coefficient statistics:
  Matrix range     [1e+00, 1e+00]
  Objective range  [1e+00, 2e+02]
  Bounds range     [1e+00, 1e+00]
  RHS range        [1e+00, 1e+00]
Presolve removed 2 rows and 42 columns
Presolve time: 0.00s
Presolved: 28 rows, 184 columns, 366 nonzeros
Variable types: 1 continuous, 183 integer (183 binary)

Root relaxation: objective 3.391651e+02, 27 iterations, 0.00 seconds

    Nodes    |    Current Node    |     Objective Bounds      |     Work
 Expl Unexpl |  Obj  Depth IntInf | Incumbent    BestBd   Gap | It/Node Time

     0     0  379.58980    0   22          -  379.58980      -     -    0s
H    0     0                     905.8244163  379.58980  58.1%     -    0s
     0     0  441.83431    0   12  905.82442  441.83431  51.2%     -    0s
     0     0  443.21822    0   22  905.82442  443.21822  51.1%     -    0s
H    0     0                     815.0061225  443.21822  45.6%     -    0s
H    0     0                     622.5541957  443.21822  28.8%     -    0s
H    0     0                     562.9345814  443.21822  21.3%     -    0s
     0     2  452.81464    0   34  562.93458  452.81464  19.6%     -    0s
* 2325   997              19     562.2072553  501.02063  10.9%   5.8    0s
* 2526   744              11     531.6342359  503.76687  5.24%   5.9    0s
* 2622   745              10     530.6824432  504.41175  4.95%   5.9    0s
* 3282   424              12     521.1238862  511.10641  1.92%   6.4    0s

Cutting planes:
  Gomory: 1
  Lazy constraints: 254

Explored 3794 nodes (22909 simplex iterations) in 0.40 seconds
Thread count was 12 (of 12 available processors)

Solution count 8: 521.124 530.682 531.634 ... 905.824

Optimal solution found (tolerance 1.00e-04)
Best objective 5.211238861923e+02, best bound 5.211238861923e+02, gap 0.0000%

User-callback calls 8113, time in user-callback 0.02 sec
/projects/academic/josewalt/caigao/RRARP_BD/BendersDecomp/ret/model_outs/n_13_m_10_algo_3.out
 =====>>>>> Solution is written to file in <../ret/model_outs> !!!
===>> All Done!
