NPROCS=0
This instance is clustered!
Gurobi Optimizer version 9.0.0 build v9.0.0rc2 (linux64)
Optimize a model with 16 rows, 65 columns and 128 nonzeros
Model fingerprint: 0xcc27bfd0
Variable types: 1 continuous, 64 integer (64 binary)
Coefficient statistics:
  Matrix range     [1e+00, 1e+00]
  Objective range  [1e+00, 3e+01]
  Bounds range     [1e+00, 1e+00]
  RHS range        [1e+00, 1e+00]
Presolve removed 2 rows and 21 columns
Presolve time: 0.00s
Presolved: 14 rows, 44 columns, 86 nonzeros
Variable types: 1 continuous, 43 integer (43 binary)

Root relaxation: objective 5.606982e+01, 11 iterations, 0.00 seconds

    Nodes    |    Current Node    |     Objective Bounds      |     Work
 Expl Unexpl |  Obj  Depth IntInf | Incumbent    BestBd   Gap | It/Node Time

     0     0   62.85279    0   10          -   62.85279      -     -    0s
     0     0   65.96063    0    6          -   65.96063      -     -    0s
     0     0   65.96063    0    6          -   65.96063      -     -    0s
     0     2   65.96063    0    6          -   65.96063      -     -    0s
*    3     2               2      68.2503814   68.25038  0.00%   4.3    0s

Cutting planes:
  Gomory: 1
  Lazy constraints: 9

Explored 6 nodes (43 simplex iterations) in 0.01 seconds
Thread count was 12 (of 12 available processors)

Solution count 1: 68.2504 

Optimal solution found (tolerance 1.00e-04)
Best objective 6.825038140665e+01, best bound 6.825038140665e+01, gap 0.0000%

User-callback calls 84, time in user-callback 0.00 sec
/projects/academic/josewalt/caigao/RRARP_BD/BendersDecomp/ret/model_outs/n_6_e_8_algo_3.out
 =====>>>>> Solution is written to file in <../ret/model_outs> !!!
===>> All Done!
