NPROCS=0
This instance is clustered!
Gurobi Optimizer version 9.0.0 build v9.0.0rc2 (linux64)
Optimize a model with 22 rows, 122 columns and 242 nonzeros
Model fingerprint: 0xb7c9670d
Variable types: 1 continuous, 121 integer (121 binary)
Coefficient statistics:
  Matrix range     [1e+00, 1e+00]
  Objective range  [1e+00, 8e+01]
  Bounds range     [1e+00, 1e+00]
  RHS range        [1e+00, 1e+00]
Presolve removed 2 rows and 30 columns
Presolve time: 0.00s
Presolved: 20 rows, 92 columns, 182 nonzeros
Variable types: 1 continuous, 91 integer (91 binary)

Root relaxation: objective 1.536118e+02, 20 iterations, 0.00 seconds

    Nodes    |    Current Node    |     Objective Bounds      |     Work
 Expl Unexpl |  Obj  Depth IntInf | Incumbent    BestBd   Gap | It/Node Time

     0     0  165.89766    0   12          -  165.89766      -     -    0s
H    0     0                     232.3130530  165.89766  28.6%     -    0s
     0     0  175.79080    0   19  232.31305  175.79080  24.3%     -    0s
H    0     0                     218.5728884  175.79080  19.6%     -    0s
     0     0  175.79080    0   19  218.57289  175.79080  19.6%     -    0s
     0     2  175.79080    0   19  218.57289  175.79080  19.6%     -    0s

Cutting planes:
  Gomory: 1
  Lazy constraints: 426

Explored 1260 nodes (3166 simplex iterations) in 0.16 seconds
Thread count was 12 (of 12 available processors)

Solution count 2: 218.573 232.313 

Optimal solution found (tolerance 1.00e-04)
Best objective 2.185728884397e+02, best bound 2.185728884397e+02, gap 0.0000%

User-callback calls 3065, time in user-callback 0.02 sec
/projects/academic/josewalt/caigao/RRARP_BD/BendersDecomp/ret/model_outs/n_9_m_4_algo_2.out
 =====>>>>> Solution is written to file in <../ret/model_outs> !!!
===>> All Done!
