NPROCS=0
This instance is clustered!
Gurobi Optimizer version 9.0.0 build v9.0.0rc2 (linux64)
Optimize a model with 24 rows, 145 columns and 288 nonzeros
Model fingerprint: 0xb8a25813
Variable types: 1 continuous, 144 integer (144 binary)
Coefficient statistics:
  Matrix range     [1e+00, 1e+00]
  Objective range  [1e+00, 1e+02]
  Bounds range     [1e+00, 1e+00]
  RHS range        [1e+00, 1e+00]
Presolve removed 2 rows and 33 columns
Presolve time: 0.00s
Presolved: 22 rows, 112 columns, 222 nonzeros
Variable types: 1 continuous, 111 integer (111 binary)

Root relaxation: objective 2.097813e+02, 16 iterations, 0.00 seconds

    Nodes    |    Current Node    |     Objective Bounds      |     Work
 Expl Unexpl |  Obj  Depth IntInf | Incumbent    BestBd   Gap | It/Node Time

     0     0  263.03571    0   18          -  263.03571      -     -    0s
H    0     0                     294.1178270  263.03571  10.6%     -    0s
     0     0  265.21604    0    6  294.11783  265.21604  9.83%     -    0s
     0     0  265.21604    0   17  294.11783  265.21604  9.83%     -    0s
     0     0  265.21604    0    5  294.11783  265.21604  9.83%     -    0s
     0     0  265.29070    0   19  294.11783  265.29070  9.80%     -    0s
     0     0  265.29070    0   19  294.11783  265.29070  9.80%     -    0s
     0     2  266.48436    0   19  294.11783  266.48436  9.40%     -    0s

Cutting planes:
  Gomory: 1
  Lazy constraints: 47

Explored 145 nodes (403 simplex iterations) in 0.04 seconds
Thread count was 12 (of 12 available processors)

Solution count 1: 294.118 

Optimal solution found (tolerance 1.00e-04)
Best objective 2.941178269530e+02, best bound 2.941178269530e+02, gap 0.0000%

User-callback calls 432, time in user-callback 0.00 sec
/projects/academic/josewalt/caigao/RRARP_BD/BendersDecomp/ret/model_outs/n_10_e_1_algo_2.out
 =====>>>>> Solution is written to file in <../ret/model_outs> !!!
===>> All Done!
