NPROCS=0
This instance is clustered!
Gurobi Optimizer version 9.0.0 build v9.0.0rc2 (linux64)
Optimize a model with 46 rows, 530 columns and 1058 nonzeros
Model fingerprint: 0x569e8b68
Variable types: 1 continuous, 529 integer (529 binary)
Coefficient statistics:
  Matrix range     [1e+00, 1e+00]
  Objective range  [1e+00, 5e+02]
  Bounds range     [1e+00, 1e+00]
  RHS range        [1e+00, 1e+00]
Presolve removed 2 rows and 66 columns
Presolve time: 0.01s
Presolved: 44 rows, 464 columns, 926 nonzeros
Variable types: 1 continuous, 463 integer (463 binary)

Root relaxation: objective 6.468372e+02, 39 iterations, 0.00 seconds

    Nodes    |    Current Node    |     Objective Bounds      |     Work
 Expl Unexpl |  Obj  Depth IntInf | Incumbent    BestBd   Gap | It/Node Time

     0     0  785.43181    0    8          -  785.43181      -     -    0s
     0     0  900.63816    0   16          -  900.63816      -     -    0s
     0     2  956.71566    0   16          -  956.71566      -     -    0s
H 2111  1758                    2123.6865964 1048.51650  50.6%   5.9    0s
H 2128  1680                    1534.2854748 1050.59115  31.5%   5.9    1s
H 2160  1626                    1507.8538092 1071.73452  28.9%   6.1    1s
 13006  8180 1392.85566   62   22 1507.85381 1150.45029  23.7%   6.6    5s
 27266 18834 1498.04167   50   11 1507.85381 1170.49533  22.4%   6.6   10s
 40283 28790     cutoff   78      1507.85381 1180.70940  21.7%   6.6   15s
 50408 35928     cutoff   52      1507.85381 1187.47927  21.2%   6.6   20s
 55546 39777     cutoff   65      1507.85381 1190.02952  21.1%   6.6   25s
 62568 44840 1459.47179   68   20 1507.85381 1193.49445  20.8%   6.6   30s
 68734 49425     cutoff   86      1507.85381 1195.85467  20.7%   6.7   35s
 76127 53895 1349.77036   40   16 1507.85381 1199.00816  20.5%   6.7   90s
 76129 53896 1216.93172   34   50 1507.85381 1199.00816  20.5%   6.7   96s
H76129 51201                    1487.1487253 1199.00816  19.4%   6.7   98s
 76133 51204 1372.19631   55   40 1487.14873 1199.00816  19.4%   6.7  100s
 76151 51229 1199.00816   27   48 1487.14873 1199.00816  19.4%   6.7  105s
 76778 51524 1281.50369   49   10 1487.14873 1199.00816  19.4%   6.7  110s
 79703 52968 1261.32061   44   30 1487.14873 1199.00816  19.4%   6.7  115s
 83051 54451     cutoff   78      1487.14873 1199.00816  19.4%   6.8  120s
 88183 57164 1209.41073   49   28 1487.14873 1199.00816  19.4%   6.7  125s
 90761 58252 1361.39753   66   29 1487.14873 1199.00816  19.4%   6.7  130s
 94535 59746 1307.05082   48   31 1487.14873 1199.00816  19.4%   6.7  135s
 97562 60888     cutoff  120      1487.14873 1199.00816  19.4%   6.7  140s
 100988 62524 1410.73251   51   18 1487.14873 1199.00816  19.4%   6.8  145s
 105692 64830     cutoff   93      1487.14873 1199.00816  19.4%   6.8  150s
H109172 63002                    1484.7000202 1199.00816  19.2%   6.8  153s
 109641 63003 1459.63818   93   13 1484.70002 1199.00816  19.2%   6.8  156s
 112248 64706 1470.52810   67   27 1484.70002 1199.00816  19.2%   6.8  160s
 115934 66491     cutoff   58      1484.70002 1199.00816  19.2%   6.8  165s
 119638 67928 1464.29688   54   15 1484.70002 1199.00816  19.2%   6.8  171s
 123254 69477 infeasible   76      1484.70002 1199.00816  19.2%   6.8  176s
 126463 70612 infeasible  104      1484.70002 1199.00816  19.2%   6.8  181s
 129998 72123 1390.50325   71   27 1484.70002 1199.00816  19.2%   6.8  186s
 132375 72979     cutoff   73      1484.70002 1199.00816  19.2%   6.8  190s
 136134 74724     cutoff   70      1484.70002 1199.00816  19.2%   6.8  195s
 139744 75902 1328.95263   44   12 1484.70002 1199.00816  19.2%   6.8  200s
 142624 77007 infeasible   59      1484.70002 1199.00816  19.2%   6.8  206s
 144521 77556 1349.85278   57   12 1484.70002 1199.00816  19.2%   6.8  210s
 147958 78735 1480.59603   96   37 1484.70002 1199.00816  19.2%   6.8  216s
 149654 79783 1385.48025   56   19 1484.70002 1199.00816  19.2%   6.9  220s
 153491 81255     cutoff   78      1484.70002 1200.15026  19.2%   6.9  226s
 155753 81901 1446.17562   46    8 1484.70002 1200.87287  19.1%   6.9  231s
 158241 82906 infeasible   65      1484.70002 1202.16206  19.0%   6.9  235s
 161720 84112 1453.60909   39   11 1484.70002 1203.82814  18.9%   6.9  241s
 164091 84830     cutoff   68      1484.70002 1204.91838  18.8%   6.9  245s
 167179 85744 1400.40714   39   13 1484.70002 1205.80294  18.8%   6.9  251s
 169340 86239     cutoff   64      1484.70002 1206.47473  18.7%   6.9  256s
 171637 86825 1478.88007   53   13 1484.70002 1207.33503  18.7%   6.9  261s
 173616 88086     cutoff   67      1484.70002 1208.35488  18.6%   6.9  266s
 176243 88452     cutoff   66      1484.70002 1209.28436  18.6%   6.9  271s
 178304 89035     cutoff   83      1484.70002 1209.66307  18.5%   6.9  276s
 180367 89843     cutoff   54      1484.70002 1210.76886  18.5%   6.9  282s
 182832 90756     cutoff   48      1484.70002 1211.46209  18.4%   7.0  286s
 185259 91658     cutoff   74      1484.70002 1212.07760  18.4%   7.0  291s
 187710 92354     cutoff   76      1484.70002 1212.99777  18.3%   7.0  295s
 190180 93180 1479.07807  123   20 1484.70002 1213.61360  18.3%   7.0  301s
 192250 93816     cutoff   65      1484.70002 1214.41647  18.2%   7.0  306s
 194803 94732     cutoff   71      1484.70002 1215.20371  18.2%   7.0  310s
 197182 95397 1437.54023   51    8 1484.70002 1215.88116  18.1%   7.0  315s
 199272 96182     cutoff   83      1484.70002 1216.43330  18.1%   7.0  321s
 201872 96840     cutoff   67      1484.70002 1217.08238  18.0%   7.0  326s
 204101 97818     cutoff   90      1484.70002 1217.65473  18.0%   7.0  330s
 205212 97589 1382.78986   61   18 1484.70002 1217.84492  18.0%   7.0  335s
 206609 98790 1380.41509  113   23 1484.70002 1218.22788  17.9%   7.0  340s
 209283 99705 1469.07586   93    6 1484.70002 1218.99572  17.9%   7.0  345s
 211303 100340 1472.33935   57   15 1484.70002 1219.25667  17.9%   7.0  351s
 213853 101472     cutoff   71      1484.70002 1220.00526  17.8%   7.0  356s
 216452 102093     cutoff   64      1484.70002 1220.71704  17.8%   7.0  360s
 218562 102891 1271.73484   46   26 1484.70002 1221.22862  17.7%   7.0  365s
 220874 103765     cutoff   78      1484.70002 1221.82634  17.7%   7.0  370s
 223400 104749 1396.91292   92   29 1484.70002 1222.27652  17.7%   7.0  375s
 226532 106823     cutoff   75      1484.70002 1223.14144  17.6%   7.0  382s
 228846 108226     cutoff   63      1484.70002 1223.77651  17.6%   7.0  386s
 231180 109764 1475.97274   90   18 1484.70002 1224.32881  17.5%   7.0  391s
 233723 111430     cutoff  106      1484.70002 1225.06563  17.5%   7.0  396s
 235838 112975     cutoff   60      1484.70002 1225.47366  17.5%   7.0  401s
 238129 114462     cutoff   72      1484.70002 1225.95519  17.4%   7.0  406s
 240611 116001 1433.07873   67   19 1484.70002 1226.42841  17.4%   7.0  411s
 242920 117596     cutoff   56      1484.70002 1227.04060  17.4%   7.0  415s
 245077 119079 1310.32374   56   24 1484.70002 1227.57405  17.3%   7.0  420s
 247491 120758     cutoff   70      1484.70002 1228.17806  17.3%   7.1  425s
 249210 121914     cutoff  107      1484.70002 1228.47508  17.3%   7.1  430s
 251388 123367     cutoff   67      1484.70002 1228.95670  17.2%   7.1  435s
 253776 124898     cutoff   88      1484.70002 1229.51687  17.2%   7.1  441s
 256368 126321 1411.96740   69   26 1484.70002 1229.96117  17.2%   7.1  446s
 258631 127735 infeasible   62      1484.70002 1230.32185  17.1%   7.1  452s
 260820 129418 1334.70036   54   15 1484.70002 1230.62866  17.1%   7.1  457s
 262103 130167 1386.85100   69   25 1484.70002 1230.87490  17.1%   7.1  460s
 264333 131669     cutoff   83      1484.70002 1231.25118  17.1%   7.1  466s
 266692 132826 1479.29401  104   30 1484.70002 1231.77289  17.0%   7.1  471s
 268854 133960 1424.74137   67   26 1484.70002 1232.11192  17.0%   7.1  477s
 270945 135591     cutoff   85      1484.70002 1232.50927  17.0%   7.1  482s
 272360 136509 1391.95459   88   27 1484.70002 1232.78629  17.0%   7.1  485s
 274735 138078     cutoff   97      1484.70002 1233.17092  16.9%   7.1  491s
 276085 138557     cutoff   57      1484.70002 1233.52518  16.9%   7.1  495s
 278179 140063 1270.55417   42   25 1484.70002 1233.89763  16.9%   7.1  500s
 280121 141450     cutoff   69      1484.70002 1234.29156  16.9%   7.1  507s
 282532 142828 1474.20893   81   19 1484.70002 1234.65793  16.8%   7.1  513s
 283639 143602     cutoff   88      1484.70002 1234.83298  16.8%   7.1  516s
 286092 145234 1353.41059   59   18 1484.70002 1235.22075  16.8%   7.1  523s
 287468 145775 1454.34190   93   18 1484.70002 1235.38701  16.8%   7.1  526s
 288456 146592 1469.95962   49   28 1484.70002 1235.60481  16.8%   7.1  530s
 290759 148111     cutoff   57      1484.70002 1235.97344  16.8%   7.1  537s
 292080 148932 1458.64012   69   25 1484.70002 1236.24984  16.7%   7.1  540s
 294641 150386 1472.89544   57   31 1484.70002 1236.57977  16.7%   7.1  547s
 295749 151058     cutoff   74      1484.70002 1236.76236  16.7%   7.1  550s
 297992 152267     cutoff   56      1484.70002 1237.12933  16.7%   7.2  557s
 299032 152951 1364.91513   65   30 1484.70002 1237.28768  16.7%   7.2  562s
 300105 153721 infeasible   86      1484.70002 1237.46127  16.7%   7.2  565s
 302811 155400     cutoff   63      1484.70002 1237.79616  16.6%   7.2  572s
 303921 156138 1476.88313   68   23 1484.70002 1238.00806  16.6%   7.2  575s
 306533 157619 1456.16338   51   15 1484.70002 1238.36384  16.6%   7.2  581s
 309003 159056 1315.71394   66   26 1484.70002 1238.77032  16.6%   7.2  588s
 310031 159823     cutoff   93      1484.70002 1238.87488  16.6%   7.2  591s
 312684 161490 1256.54436   39   15 1484.70002 1239.31283  16.5%   7.2  596s
 313854 162255     cutoff   76      1484.70002 1239.52865  16.5%   7.2  600s
 315855 163444 1463.08226   53    9 1484.70002 1239.73941  16.5%   7.2  606s
 318004 164528     cutoff   71      1484.70002 1240.11651  16.5%   7.2  615s
 320210 166127     cutoff   69      1484.70002 1240.47084  16.4%   7.2  623s
 321422 166824     cutoff   54      1484.70002 1240.64287  16.4%   7.2  627s
 322431 167709 1481.89189   56    6 1484.70002 1240.77900  16.4%   7.2  631s
 324917 169351 infeasible   81      1484.70002 1241.06161  16.4%   7.2  637s
 326322 170213 1477.74427   90   25 1484.70002 1241.26206  16.4%   7.2  640s
 328754 171717 1267.17559   56   25 1484.70002 1241.60489  16.4%   7.2  648s
 329928 172581 1367.21305   57   13 1484.70002 1241.77486  16.4%   7.2  652s
 331249 173253     cutoff   75      1484.70002 1241.93403  16.4%   7.2  657s
 332419 173953 1446.07345   53    8 1484.70002 1242.07979  16.3%   7.2  661s
 333488 174744 1484.14380   86   35 1484.70002 1242.22772  16.3%   7.2  665s
 335943 176092 1435.06224   72   22 1484.70002 1242.51929  16.3%   7.2  673s
 336804 176924     cutoff   74      1484.70002 1242.62781  16.3%   7.2  676s
 338074 177556     cutoff   54      1484.70002 1242.80709  16.3%   7.2  680s
 340193 178777 1404.91581   67    4 1484.70002 1243.05466  16.3%   7.2  687s
 341213 179335 1428.81864   68   15 1484.70002 1243.17178  16.3%   7.2  691s
 343423 180924     cutoff   98      1484.70002 1243.49005  16.2%   7.2  698s
 344788 181636     cutoff   65      1484.70002 1243.73593  16.2%   7.2  702s
 345992 182343 1433.07445   92   16 1484.70002 1243.86290  16.2%   7.2  705s
 347715 183071     cutoff   64      1484.70002 1244.06646  16.2%   7.2  712s
 348250 183795     cutoff   58      1484.70002 1244.10572  16.2%   7.2  717s
 349460 184681 infeasible   90      1484.70002 1244.23065  16.2%   7.2  721s
 350889 185478     cutoff   77      1484.70002 1244.47008  16.2%   7.3  725s
 353468 186959 1431.14646   56   14 1484.70002 1244.72317  16.2%   7.3  733s
 354607 187601 1299.70651   37   34 1484.70002 1244.84434  16.2%   7.3  737s
 355742 188367 1407.54998   56   15 1484.70002 1244.94114  16.1%   7.3  741s
 357010 189235     cutoff   60      1484.70002 1245.14548  16.1%   7.3  745s
 359628 190645     cutoff   72      1484.70002 1245.43175  16.1%   7.3  753s
 360723 191228     cutoff   50      1484.70002 1245.55841  16.1%   7.3  756s
 361651 191592 1364.82818   47   19 1484.70002 1245.73639  16.1%   7.3  760s
 363169 192501 1375.86043   71   19 1484.70002 1245.86670  16.1%   7.3  768s
 363974 193263 1277.46521   63   40 1484.70002 1245.99324  16.1%   7.3  772s
 365323 193653 1399.91362   58   24 1484.70002 1246.19998  16.1%   7.3  778s
 365835 194174 1416.05973   79   33 1484.70002 1246.24519  16.1%   7.3  783s
 366830 195044     cutoff   72      1484.70002 1246.35719  16.1%   7.3  789s
 368236 195990 1299.63669   43   35 1484.70002 1246.56874  16.0%   7.3  793s
 369830 196931     cutoff   68      1484.70002 1246.75644  16.0%   7.3  797s
 371306 197703 1405.34986   73    8 1484.70002 1246.97974  16.0%   7.3  803s
 372541 198383     cutoff   93      1484.70002 1247.15219  16.0%   7.3  809s
 373610 198999 1354.42440   60   13 1484.70002 1247.25097  16.0%   7.3  814s
 374729 199656 1354.04453   74   38 1484.70002 1247.34400  16.0%   7.3  819s
 375838 200576     cutoff  107      1484.70002 1247.51020  16.0%   7.3  823s
 377236 201455 1382.84432   84   43 1484.70002 1247.61561  16.0%   7.3  827s
 378537 202259     cutoff   75      1484.70002 1247.81420  16.0%   7.3  832s
 379847 203149     cutoff   55      1484.70002 1247.92034  15.9%   7.3  836s
 381157 204031     cutoff   66      1484.70002 1248.05910  15.9%   7.3  841s
 382471 204618 1356.28781   70   43 1484.70002 1248.18965  15.9%   7.3  846s
 383537 205340 1440.59516   49   25 1484.70002 1248.31754  15.9%   7.3  850s
 384824 206095 1474.85359   80    - 1484.70002 1248.48075  15.9%   7.3  855s
 386076 206738 1402.72364   84   32 1484.70002 1248.62285  15.9%   7.3  861s
 387234 207440 1334.75745   63   31 1484.70002 1248.79226  15.9%   7.3  865s
 389524 208656 1411.96214   91    9 1484.70002 1248.99419  15.9%   7.3  874s
 390758 209444 1440.99944   59   35 1484.70002 1249.10103  15.9%   7.3  879s
 392083 210112 1459.93710   63   34 1484.70002 1249.20934  15.9%   7.3  883s
 393260 210808 infeasible   74      1484.70002 1249.31448  15.9%   7.3  888s
 394538 211790 1367.91767   50   18 1484.70002 1249.46698  15.8%   7.3  892s
 395958 212481     cutoff   72      1484.70002 1249.62711  15.8%   7.3  896s
 397175 213158 1335.60822   62   37 1484.70002 1249.78244  15.8%   7.3  900s
 398305 213736     cutoff   74      1484.70002 1249.86999  15.8%   7.3  905s
 400667 215371     cutoff   75      1484.70002 1250.14489  15.8%   7.3  913s
 402005 216193 1459.89333   84   23 1484.70002 1250.25689  15.8%   7.3  917s
 403362 217044     cutoff   77      1484.70002 1250.41998  15.8%   7.3  921s
 404702 217390     cutoff   80      1484.70002 1250.54248  15.8%   7.3  925s
 406774 218883 1360.38207   53   40 1484.70002 1250.79980  15.8%   7.3  933s
 407858 219534     cutoff   71      1484.70002 1250.93199  15.7%   7.3  937s
 409078 220219 1384.03536   55   15 1484.70002 1251.09664  15.7%   7.3  941s
 410273 220797 1449.91714   79   28 1484.70002 1251.15879  15.7%   7.3  945s
 412306 222136 1356.32584   53   33 1484.70002 1251.35142  15.7%   7.3  953s
 413498 222838 1335.36111   69   32 1484.70002 1251.50569  15.7%   7.4  958s
 414656 223682 1377.16371   71   29 1484.70002 1251.61735  15.7%   7.4  962s
 415929 224266     cutoff   66      1484.70002 1251.73165  15.7%   7.4  966s
 417043 225144 1440.38375   81   24 1484.70002 1251.84002  15.7%   7.4  970s
 418417 225759     cutoff   88      1484.70002 1252.02303  15.7%   7.4  975s
 420801 227140     cutoff   85      1484.70002 1252.22707  15.7%   7.4  983s
 421667 227650     cutoff   89      1484.70002 1252.36036  15.6%   7.4  987s
 422491 228523     cutoff   79      1484.70002 1252.42716  15.6%   7.4  992s
 423850 229154     cutoff   53      1484.70002 1252.58734  15.6%   7.4  997s
 425051 229593 1401.12871   63   38 1484.70002 1252.71079  15.6%   7.4 1002s
 426009 230280 1475.64782   83   20 1484.70002 1252.80352  15.6%   7.4 1006s
 427337 230958 infeasible   57      1484.70002 1252.96427  15.6%   7.4 1012s
 428537 231900     cutoff   45      1484.70002 1253.09360  15.6%   7.4 1016s
 429973 232695 1453.56993   91   40 1484.70002 1253.26288  15.6%   7.4 1021s
 431272 233294     cutoff   84      1484.70002 1253.36720  15.6%   7.4 1026s
 432360 233918     cutoff   61      1484.70002 1253.45230  15.6%   7.4 1031s
 433521 234547     cutoff   58      1484.70002 1253.56886  15.6%   7.4 1036s
 434807 235223 1445.74462   73   12 1484.70002 1253.68587  15.6%   7.4 1041s
 436144 235868 1411.25202   55   32 1484.70002 1253.81441  15.6%   7.4 1046s
 437303 236555     cutoff   57      1484.70002 1253.94132  15.5%   7.4 1051s
 438471 237499 1360.75219   70   23 1484.70002 1254.06892  15.5%   7.4 1055s
 441208 239041 1418.56813   58   23 1484.70002 1254.30972  15.5%   7.4 1063s
 442471 239705     cutoff   77      1484.70002 1254.42520  15.5%   7.4 1068s
 443622 240183 1456.74473   43   17 1484.70002 1254.53504  15.5%   7.4 1073s
 444408 240883 1348.21402   66   32 1484.70002 1254.63098  15.5%   7.4 1077s
 445476 241579     cutoff   52      1484.70002 1254.72899  15.5%   7.4 1081s
 446701 242465 1414.96164   60   19 1484.70002 1254.84792  15.5%   7.4 1087s
 448165 242875     cutoff   78      1484.70002 1254.96087  15.5%   7.4 1093s
 449093 243567 1344.03416   71   30 1484.70002 1255.04672  15.5%   7.4 1098s
 450187 244234 1324.86035   61   30 1484.70002 1255.15503  15.5%   7.4 1105s
 451241 245082 1331.42048   85   21 1484.70002 1255.24091  15.5%   7.4 1112s
 452672 245815 1348.41036   60   36 1484.70002 1255.39496  15.4%   7.4 1119s
 453969 246340     cutoff   91      1484.70002 1255.47117  15.4%   7.4 1124s
 454944 246831 1437.41742   70   15 1484.70002 1255.59362  15.4%   7.4 1130s
 456022 247400 1460.91175   85   14 1484.70002 1255.68273  15.4%   7.4 1136s
 457098 247941     cutoff   69      1484.70002 1255.78662  15.4%   7.4 1141s
H457179 247941                    1484.6999888 1255.78677  15.4%   7.4 1141s
 458087 248857     cutoff   48      1484.69999 1255.87878  15.4%   7.4 1147s
 459552 249034     cutoff   76      1484.69999 1256.03512  15.4%   7.4 1155s
 459824 249752 1353.10073   61   38 1484.69999 1256.07371  15.4%   7.4 1163s
 461128 250438 1470.69741   84   15 1484.69999 1256.20320  15.4%   7.4 1169s
 462416 251080     cutoff   73      1484.69999 1256.38634  15.4%   7.4 1177s
 463641 251733     cutoff   99      1484.69999 1256.47529  15.4%   7.4 1182s
 464940 252413     cutoff   66      1484.69999 1256.55550  15.4%   7.4 1187s
 466242 253057 1454.36206   55   23 1484.69999 1256.68023  15.4%   7.4 1191s
 467306 253959     cutoff   66      1484.69999 1256.77007  15.4%   7.4 1196s
 468664 254718     cutoff   90      1484.69999 1256.88950  15.3%   7.4 1201s
 470063 255269 1334.42388   37   37 1484.69999 1257.00894  15.3%   7.4 1206s
 471098 255946 1300.78218   49   16 1484.69999 1257.09053  15.3%   7.4 1210s
 472349 256611 infeasible   49      1484.69999 1257.20916  15.3%   7.4 1215s
 473634 257350     cutoff   49      1484.69999 1257.30787  15.3%   7.4 1220s
 476252 258750     cutoff   80      1484.69999 1257.57650  15.3%   7.5 1228s
 477345 259500 1455.85049   62   21 1484.69999 1257.70187  15.3%   7.5 1233s
 478698 260285     cutoff   64      1484.69999 1257.85109  15.3%   7.5 1237s
 479925 261037     cutoff   66      1484.69999 1257.93715  15.3%   7.5 1242s
 481155 261684     cutoff   97      1484.69999 1258.01115  15.3%   7.5 1247s
 482406 262562 1449.50825   53   17 1484.69999 1258.08910  15.3%   7.5 1251s
 483810 263114     cutoff   58      1484.69999 1258.31109  15.2%   7.5 1256s
 484741 263729 1397.09083   71   30 1484.69999 1258.38982  15.2%   7.5 1260s
 485888 264389     cutoff   73      1484.69999 1258.51764  15.2%   7.5 1265s
 487094 265122 1335.49154   60   41 1484.69999 1258.61888  15.2%   7.5 1270s
 488334 265639     cutoff   61      1484.69999 1258.72865  15.2%   7.5 1275s
 490765 267145 infeasible   72      1484.69999 1258.90311  15.2%   7.5 1284s
 491804 267900 1328.21479   76   44 1484.69999 1259.01007  15.2%   7.5 1289s
 493153 268748     cutoff  101      1484.69999 1259.11844  15.2%   7.5 1293s
 494514 269437 1323.78575   61   34 1484.69999 1259.25644  15.2%   7.5 1299s
 495679 270056     cutoff   74      1484.69999 1259.41101  15.2%   7.5 1305s
 496801 270662 1378.23932   66   38 1484.69999 1259.51518  15.2%   7.5 1311s
 497842 271262     cutoff   62      1484.69999 1259.62095  15.2%   7.5 1317s
 499032 271944 infeasible   65      1484.69999 1259.72156  15.2%   7.5 1322s
 500203 272517 1436.74801   51   25 1484.69999 1259.80163  15.1%   7.5 1328s
 501226 273119 1397.46327   52   30 1484.69999 1259.88588  15.1%   7.5 1333s
 502414 273722 1463.56987   72    9 1484.69999 1259.96997  15.1%   7.5 1339s
 503434 274149     cutoff   77      1484.69999 1260.08972  15.1%   7.5 1346s
 504323 274803 1376.62552   70   32 1484.69999 1260.14643  15.1%   7.5 1351s
 505590 275734     cutoff   76      1484.69999 1260.25741  15.1%   7.5 1356s
 507027 276407     cutoff   81      1484.69999 1260.41198  15.1%   7.5 1361s
 508341 277033 1430.87295   74    - 1484.69999 1260.50036  15.1%   7.5 1366s
 509603 277644 1436.38171   77   40 1484.69999 1260.57610  15.1%   7.5 1371s
 510628 278271     cutoff   87      1484.69999 1260.67299  15.1%   7.5 1376s
 511893 278986 infeasible   57      1484.69999 1260.80229  15.1%   7.5 1381s
 513097 279848 1339.30516   44   31 1484.69999 1260.91342  15.1%   7.5 1386s
 514488 280056     cutoff   85      1484.69999 1261.01015  15.1%   7.5 1395s
 514808 280681 1326.17467   51   37 1484.69999 1261.03230  15.1%   7.5 1400s
 516097 281193 1478.92303   64   21 1484.69999 1261.15353  15.1%   7.5 1405s
 517094 281826 1400.07473   70   22 1484.69999 1261.23896  15.1%   7.5 1411s
 518318 282381 1344.72138   41   19 1484.69999 1261.39319  15.0%   7.5 1415s
 519368 283134 1443.29003   71   29 1484.69999 1261.46039  15.0%   7.5 1421s
 520603 283954     cutoff   76      1484.69999 1261.59581  15.0%   7.5 1427s
 522088 284640     cutoff   58      1484.69999 1261.70136  15.0%   7.5 1432s
 523315 285228 1362.97294   77   48 1484.69999 1261.79897  15.0%   7.5 1437s
 524435 285842 1404.62231   67   36 1484.69999 1261.90858  15.0%   7.5 1443s
 525711 286588     cutoff   68      1484.69999 1262.02347  15.0%   7.5 1448s
 527023 287326     cutoff   48      1484.69999 1262.13861  15.0%   7.5 1454s
 528287 288155 infeasible   63      1484.69999 1262.17157  15.0%   7.5 1459s
 529628 288937     cutoff   58      1484.69999 1262.31028  15.0%   7.5 1465s
 530897 289583 1453.32702   59    6 1484.69999 1262.47841  15.0%   7.5 1471s
 532085 290288     cutoff   89      1484.69999 1262.54855  15.0%   7.5 1477s
 533233 290938     cutoff   92      1484.69999 1262.65350  15.0%   7.5 1484s
 534481 291679 1388.68169   62   35 1484.69999 1262.74591  14.9%   7.5 1492s
 535834 292316 1467.19233   56    6 1484.69999 1262.84233  14.9%   7.5 1499s
 537119 293170     cutoff   76      1484.69999 1262.95439  14.9%   7.6 1506s
 538505 294121     cutoff   70      1484.69999 1263.03863  14.9%   7.6 1513s
 539921 294940 1476.00195   43    - 1484.69999 1263.15867  14.9%   7.6 1519s
 541274 295337 1319.59826   64   29 1484.69999 1263.25205  14.9%   7.6 1526s
H541463 295338                    1484.6999739 1263.28306  14.9%   7.6 1526s
 542287 296028 1483.11168   88    - 1484.69997 1263.36252  14.9%   7.6 1533s
 543485 296557     cutoff   88      1484.69997 1263.48583  14.9%   7.6 1539s
 544620 296814     cutoff   61      1484.69997 1263.57630  14.9%   7.6 1546s
 545062 297537 1314.57080   58   34 1484.69997 1263.59395  14.9%   7.6 1553s
 546300 298021     cutoff   74      1484.69997 1263.72010  14.9%   7.6 1562s
 547196 298773 1282.56670   56   22 1484.69997 1263.80338  14.9%   7.6 1570s
 548550 299500 1408.96220   79   29 1484.69997 1263.89335  14.9%   7.6 1575s
 549863 300239     cutoff   56      1484.69997 1264.03330  14.9%   7.6 1580s
 551271 300849     cutoff   61      1484.69997 1264.17205  14.9%   7.6 1587s
 552432 301678 1395.48343   48   34 1484.69997 1264.22532  14.8%   7.6 1592s
 553815 302337 infeasible   67      1484.69997 1264.33745  14.8%   7.6 1599s
 555050 303143 1376.01646   50   35 1484.69997 1264.39932  14.8%   7.6 1605s
 556439 303812 1429.28569   74   28 1484.69997 1264.50659  14.8%   7.6 1611s
 557686 304324 1484.22962   64   37 1484.69997 1264.61609  14.8%   7.6 1617s
 558655 304947 1420.54093   76   27 1484.69997 1264.70162  14.8%   7.6 1623s
 559951 305723 1368.29327   57   32 1484.69997 1264.78678  14.8%   7.6 1629s
 561263 306494 1435.01502   56   39 1484.69997 1264.84901  14.8%   7.6 1636s
 562529 307106 infeasible   70      1484.69997 1264.95154  14.8%   7.6 1642s
 563732 307987 1417.73508   62   29 1484.69997 1265.05421  14.8%   7.6 1648s
 565135 308818 1427.29694   75   30 1484.69997 1265.15250  14.8%   7.6 1653s
 566547 309430 1478.96951   49    6 1484.69997 1265.27778  14.8%   7.6 1658s
 567735 310032 1427.20702   73   28 1484.69997 1265.36450  14.8%   7.6 1663s
 568801 310781 infeasible   64      1484.69997 1265.45582  14.8%   7.6 1669s
H569166 310784                    1484.6997983 1265.46023  14.8%   7.6 1669s
 570065 311430 infeasible   53      1484.69980 1265.52243  14.8%   7.6 1675s
 572358 312839 1433.96563   67   37 1484.69980 1265.75477  14.7%   7.6 1685s
 573685 313608     cutoff   57      1484.69980 1265.83708  14.7%   7.6 1690s
 575023 314220 1426.33961   59   16 1484.69980 1265.91072  14.7%   7.6 1697s
 576128 314849     cutoff   85      1484.69980 1265.96312  14.7%   7.6 1704s
 577269 315596     cutoff   69      1484.69980 1266.08550  14.7%   7.6 1710s
 578653 316409 1387.61041   58   29 1484.69980 1266.15626  14.7%   7.6 1715s
 579997 317134 1456.35611   82   38 1484.69980 1266.28585  14.7%   7.6 1722s
 581298 317811     cutoff  111      1484.69980 1266.35994  14.7%   7.6 1728s
 582542 318539     cutoff   65      1484.69980 1266.43608  14.7%   7.6 1737s
 583774 319244     cutoff   93      1484.69980 1266.57901  14.7%   7.6 1745s
 584978 320067     cutoff   82      1484.69980 1266.69045  14.7%   7.6 1753s
 586322 320553 1433.84251   84   40 1484.69980 1266.81239  14.7%   7.6 1760s
 587306 321285 1459.20011   58   31 1484.69980 1266.88517  14.7%   7.6 1765s
 588597 321936 infeasible   65      1484.69980 1266.98516  14.7%   7.6 1771s
 589732 322731 1464.06726   89   15 1484.69980 1267.05003  14.7%   7.6 1777s
 591105 323331 1409.17601   58   28 1484.69980 1267.15179  14.7%   7.6 1783s
 592264 324140     cutoff   69      1484.69980 1267.23715  14.6%   7.6 1790s
 593701 325018     cutoff   98      1484.69980 1267.34178  14.6%   7.6 1796s
 595054 325558     cutoff   69      1484.69980 1267.43200  14.6%   7.6 1802s
 596101 326081 1360.89502   58   40 1484.69980 1267.51125  14.6%   7.6 1808s
 597165 326567     cutoff   72      1484.69980 1267.55817  14.6%   7.6 1816s
 598059 327116 1480.42497   60   14 1484.69980 1267.61768  14.6%   7.6 1821s
 599117 327859 infeasible   59      1484.69980 1267.69904  14.6%   7.6 1828s
 600461 328340     cutoff  119      1484.69980 1267.83375  14.6%   7.6 1835s
 601549 328903     cutoff   65      1484.69980 1267.90437  14.6%   7.6 1843s
 602718 329585     cutoff   48      1484.69980 1267.94212  14.6%   7.6 1851s
 603947 330149     cutoff   87      1484.69980 1268.05264  14.6%   7.6 1857s
 604887 330976 1389.47408   68   32 1484.69980 1268.09224  14.6%   7.6 1864s
 606217 331643 1440.23763   72   13 1484.69980 1268.15569  14.6%   7.6 1873s
 607454 332508     cutoff   80      1484.69980 1268.25880  14.6%   7.6 1880s
 608864 333337     cutoff   67      1484.69980 1268.35319  14.6%   7.6 1887s
 610177 334156 infeasible   63      1484.69980 1268.47716  14.6%   7.6 1895s
 611567 334862 1466.46295   62   20 1484.69980 1268.57744  14.6%   7.6 1902s
 612925 335391 1477.78097   50   21 1484.69980 1268.67360  14.6%   7.6 1907s
 613927 336012 1370.24865   63   10 1484.69980 1268.74460  14.5%   7.6 1913s
 615140 336453     cutoff   84      1484.69980 1268.81944  14.5%   7.6 1919s
 616075 337134 1391.40929   46   24 1484.69980 1268.86932  14.5%   7.6 1926s
 617233 337618 1395.37451   63   26 1484.69980 1268.93566  14.5%   7.6 1932s
 618366 338574     cutoff   80      1484.69980 1268.99140  14.5%   7.6 1938s
 619818 339333 1439.71669   70   19 1484.69980 1269.13781  14.5%   7.6 1944s
 621204 339825 1317.16033   44   35 1484.69980 1269.24171  14.5%   7.6 1951s
 622220 340317 1399.40795   70   27 1484.69980 1269.26715  14.5%   7.6 1959s
 623321 341189 1422.69641   64   27 1484.69980 1269.35493  14.5%   7.6 1967s
 624777 341817 1352.66183   71   25 1484.69980 1269.48446  14.5%   7.6 1976s
 626026 342314     cutoff   79      1484.69980 1269.53622  14.5%   7.6 1984s
 627121 342851 1344.01989   58   37 1484.69980 1269.63086  14.5%   7.7 1991s
 628053 343313 1431.91103   67   12 1484.69980 1269.69403  14.5%   7.7 2001s
 629033 344142 1449.74416   74    8 1484.69980 1269.73477  14.5%   7.7 2009s
 630475 344937 1411.81681   65   12 1484.69980 1269.80727  14.5%   7.7 2017s
 631930 345725 1400.66003   74   33 1484.69980 1269.89596  14.5%   7.7 2025s
 633280 346493     cutoff   68      1484.69980 1269.96422  14.5%   7.7 2033s
 634747 347000 1448.83747   36   22 1484.69980 1270.05579  14.5%   7.7 2041s
 635806 347599     cutoff   75      1484.69980 1270.11478  14.5%   7.7 2047s
 636953 348450 1416.34031   51   20 1484.69980 1270.20277  14.4%   7.7 2054s
 638390 349051     cutoff   64      1484.69980 1270.27852  14.4%   7.7 2060s
 639629 350008 1477.83643   50    - 1484.69980 1270.35479  14.4%   7.7 2066s
 641212 350723     cutoff   61      1484.69980 1270.46287  14.4%   7.7 2072s
 642347 351358     cutoff   76      1484.69980 1270.52548  14.4%   7.7 2078s
 643506 351902 1378.38569   57   28 1484.69980 1270.61191  14.4%   7.7 2085s
 644545 352599     cutoff   77      1484.69980 1270.65250  14.4%   7.7 2092s
 645856 353297 1422.23925   51   28 1484.69980 1270.75882  14.4%   7.7 2099s
 647158 353977 1435.58798   57   22 1484.69980 1270.86339  14.4%   7.7 2106s
 648430 354616     cutoff   83      1484.69980 1270.91402  14.4%   7.7 2113s
 649644 355386     cutoff   59      1484.69980 1270.99359  14.4%   7.7 2120s
 650967 355998 1471.44991   52   21 1484.69980 1271.04853  14.4%   7.7 2127s
 652151 356563 1431.29918   45    6 1484.69980 1271.11320  14.4%   7.7 2134s
 653220 357361 1378.34349   60   22 1484.69980 1271.18564  14.4%   7.7 2142s
 654604 357951 1480.93557   57   14 1484.69980 1271.29235  14.4%   7.7 2150s
 655798 358737 1435.86883   71   25 1484.69980 1271.35090  14.4%   7.7 2156s
 657176 359473 1452.36691   49   23 1484.69980 1271.42070  14.4%   7.7 2162s
 658484 360087     cutoff   67      1484.69980 1271.50131  14.4%   7.7 2168s
 659662 360807     cutoff   78      1484.69980 1271.58545  14.4%   7.7 2175s
 661014 361336     cutoff   79      1484.69980 1271.68138  14.3%   7.7 2183s
H661206 361338                    1484.6994255 1271.70646  14.3%   7.7 2183s
 662019 361866 1454.78134   67   15 1484.69943 1271.74842  14.3%   7.7 2189s
 663281 362730     cutoff   42      1484.69943 1271.84547  14.3%   7.7 2196s
 664716 363567 1335.54076   53   15 1484.69943 1271.93949  14.3%   7.7 2201s
 666186 364144 1475.84641   60   24 1484.69943 1272.02445  14.3%   7.7 2207s
 667243 364859 1414.89095   53   18 1484.69943 1272.11281  14.3%   7.7 2214s
 668431 365658     cutoff   64      1484.69943 1272.19356  14.3%   7.7 2221s
 669837 366225 1470.19909   83   14 1484.69943 1272.27701  14.3%   7.7 2227s
 671025 367086 1328.17576   68   32 1484.69943 1272.35788  14.3%   7.7 2234s
 672507 367727 1398.18286   56   28 1484.69943 1272.43274  14.3%   7.7 2239s
 673780 368251 1390.34552   57   41 1484.69943 1272.52424  14.3%   7.7 2246s
 674612 368955 1482.76085   74    6 1484.69943 1272.55816  14.3%   7.7 2253s
 675875 369508     cutoff   75      1484.69943 1272.63692  14.3%   7.7 2260s
 677077 370289 1469.29826   67   30 1484.69943 1272.69330  14.3%   7.7 2268s
 678412 370926 infeasible   76      1484.69943 1272.76386  14.3%   7.7 2276s
 679621 371273     cutoff   58      1484.69943 1272.86736  14.3%   7.7 2283s
 680464 371693     cutoff   67      1484.69943 1272.93418  14.3%   7.7 2289s
 681416 371761 1392.20645   51   29 1484.69943 1273.00094  14.3%   7.7 2302s
 681553 372254 1483.80362   51   15 1484.69943 1273.01119  14.3%   7.7 2309s
 682557 373100     cutoff   74      1484.69943 1273.07971  14.3%   7.7 2315s
 684062 373777 1402.31671   67   30 1484.69943 1273.18537  14.2%   7.7 2322s
 685492 374534 1400.07886   55   22 1484.69943 1273.27597  14.2%   7.7 2329s
H686407 374541                    1484.6989549 1273.28645  14.2%   7.7 2329s
 686823 375101 1361.23972   63   44 1484.69895 1273.31224  14.2%   7.7 2338s
 687985 375768 1417.90732   65   28 1484.69895 1273.40842  14.2%   7.7 2346s
 689244 376666     cutoff   84      1484.69895 1273.51191  14.2%   7.7 2355s
 690760 377436     cutoff   61      1484.69895 1273.59464  14.2%   7.7 2362s
 692243 377867     cutoff   57      1484.69895 1273.70936  14.2%   7.7 2371s
 693081 378496 1454.98209   71   11 1484.69895 1273.76276  14.2%   7.7 2379s
 694369 379193 1440.68042   47   22 1484.69895 1273.85690  14.2%   7.7 2387s
 695798 379700 1403.11066   49   30 1484.69895 1273.94863  14.2%   7.7 2396s
 696803 380389     cutoff   57      1484.69895 1273.99426  14.2%   7.7 2405s
 698106 380910 1423.87747   62   32 1484.69895 1274.08914  14.2%   7.7 2413s
 699290 381528 1452.48142   74   25 1484.69895 1274.15606  14.2%   7.7 2419s
 700339 382408 1420.54145   73    8 1484.69895 1274.23035  14.2%   7.7 2426s
 701840 382987     cutoff   77      1484.69895 1274.32502  14.2%   7.7 2433s
 703101 383711 1376.82751   47   18 1484.69895 1274.39490  14.2%   7.7 2441s
 704508 384495     cutoff   52      1484.69895 1274.45189  14.2%   7.8 2448s
 705747 385110     cutoff   57      1484.69895 1274.53907  14.2%   7.8 2456s
 707029 385768 1397.11489   47   19 1484.69895 1274.59488  14.2%   7.8 2463s
 708134 386248     cutoff   61      1484.69895 1274.71149  14.1%   7.8 2472s
 709268 386943 1468.60261   56   12 1484.69895 1274.78615  14.1%   7.8 2481s
 710612 387558 1478.65136   55    6 1484.69895 1274.84469  14.1%   7.8 2488s
 711968 388324 1380.50871   56   35 1484.69895 1274.91616  14.1%   7.8 2496s
 713355 388983 1361.23184   48   22 1484.69895 1274.99682  14.1%   7.8 2503s
 714695 389480 1483.86893   79   24 1484.69895 1275.05234  14.1%   7.8 2511s
 715840 390011 1445.67763   62   34 1484.69895 1275.13728  14.1%   7.8 2519s
 716937 390525 1410.76997   58   31 1484.69895 1275.19632  14.1%   7.8 2527s
 718055 391253     cutoff   76      1484.69895 1275.24337  14.1%   7.8 2535s
 719509 391962 1447.61585   83   20 1484.69895 1275.33164  14.1%   7.8 2543s
 720902 392517 1482.48310   75    - 1484.69895 1275.37342  14.1%   7.8 2549s
 721915 393298     cutoff   76      1484.69895 1275.44751  14.1%   7.8 2556s
 723397 393880 infeasible   77      1484.69895 1275.54426  14.1%   7.8 2564s
 724391 394547 1441.77273   62   29 1484.69895 1275.58280  14.1%   7.8 2572s
 725799 395408     cutoff   73      1484.69895 1275.65776  14.1%   7.8 2579s
 727217 395985     cutoff   74      1484.69895 1275.74341  14.1%   7.8 2587s
 728500 396682 1422.63641   58   33 1484.69895 1275.80932  14.1%   7.8 2593s
 729883 397192 1284.88602   54   36 1484.69895 1275.89834  14.1%   7.8 2601s
 730899 397879 1475.30565   51    9 1484.69895 1275.94852  14.1%   7.8 2607s
 732115 398622 1407.53837   80   33 1484.69895 1276.01265  14.1%   7.8 2614s
 733520 399533     cutoff   69      1484.69895 1276.10175  14.0%   7.8 2621s
 735003 400161 1476.95330   65   18 1484.69895 1276.17879  14.0%   7.8 2627s
 736093 400891     cutoff   70      1484.69895 1276.23715  14.0%   7.8 2635s
 737413 401542     cutoff   87      1484.69895 1276.30253  14.0%   7.8 2642s
 738647 402240     cutoff   83      1484.69895 1276.40055  14.0%   7.8 2649s
 740002 403001 1351.79034   53   30 1484.69895 1276.44946  14.0%   7.8 2656s
 741358 403684     cutoff   51      1484.69895 1276.54392  14.0%   7.8 2663s
 742662 404194     cutoff   91      1484.69895 1276.62663  14.0%   7.8 2670s
 743788 404783 1337.50469   57   40 1484.69895 1276.70459  14.0%   7.8 2677s
 745083 405468 1362.08190   48   22 1484.69895 1276.78359  14.0%   7.8 2684s
 746376 406053     cutoff   47      1484.69895 1276.85361  14.0%   7.8 2693s
 747576 406645 infeasible   72      1484.69895 1276.92165  14.0%   7.8 2700s
 748811 407319     cutoff   65      1484.69895 1276.99990  14.0%   7.8 2708s
 749971 407951 1285.02219   56   34 1484.69895 1277.07329  14.0%   7.8 2716s
 751275 408722 1433.67054   71   27 1484.69895 1277.14113  14.0%   7.8 2723s
 752604 409410     cutoff   59      1484.69895 1277.21854  14.0%   7.8 2729s
 753750 409816 1469.11560   68   24 1484.69895 1277.27792  14.0%   7.8 2736s
 754950 410286     cutoff   85      1484.69895 1277.30972  14.0%   7.8 2742s
 756101 410961 1447.58532   74   33 1484.69895 1277.40414  14.0%   7.8 2750s
 757432 411569     cutoff   77      1484.69895 1277.50134  14.0%   7.8 2757s
 758694 411980     cutoff   51      1484.69895 1277.57726  14.0%   7.8 2766s
 759890 412687 1478.72243   42   19 1484.69895 1277.64471  13.9%   7.8 2775s
 761229 413251     cutoff   88      1484.69895 1277.72682  13.9%   7.8 2782s
 762280 414116 1338.81908   65   30 1484.69895 1277.80178  13.9%   7.8 2790s
 763775 414829     cutoff   93      1484.69895 1277.87464  13.9%   7.8 2798s
 765014 415338     cutoff   51      1484.69895 1277.95855  13.9%   7.8 2807s
 766283 415998     cutoff  112      1484.69895 1278.02400  13.9%   7.8 2815s
 767578 416483 1381.76066   51   15 1484.69895 1278.09103  13.9%   7.8 2823s
 768625 416964 1444.14900   60   11 1484.69895 1278.14900  13.9%   7.8 2835s
 769809 417478     cutoff   52      1484.69895 1278.21697  13.9%   7.8 2844s
 770870 418194 1363.33086   66   24 1484.69895 1278.28176  13.9%   7.8 2854s
 772242 418970 1380.21357   56   17 1484.69895 1278.37015  13.9%   7.8 2861s
 773762 419640     cutoff   61      1484.69895 1278.42618  13.9%   7.8 2869s
 774898 420442 1429.78869   73   40 1484.69895 1278.47913  13.9%   7.8 2876s
 776362 421017 1475.58205   91   27 1484.69895 1278.58243  13.9%   7.8 2882s
 777486 421632     cutoff   77      1484.69895 1278.64147  13.9%   7.8 2890s
 778697 422318     cutoff   68      1484.69895 1278.71134  13.9%   7.8 2897s
 779858 422975 1408.42457   68   34 1484.69895 1278.78847  13.9%   7.8 2905s
 781109 423616 1442.40364   64   14 1484.69895 1278.85321  13.9%   7.8 2914s
 782470 424260 1431.64053   51   20 1484.69895 1278.93236  13.9%   7.8 2922s
 783803 425043 1419.20579   62   23 1484.69895 1278.99277  13.9%   7.8 2929s
 785348 425643     cutoff   66      1484.69895 1279.09502  13.8%   7.8 2937s
 786608 426265     cutoff   63      1484.69895 1279.14872  13.8%   7.8 2945s
 787735 426860 1390.52414   50   16 1484.69895 1279.24791  13.8%   7.8 2953s
 788955 427347 1479.25913   52   22 1484.69895 1279.31746  13.8%   7.8 2960s
 790075 427906 1395.29602   73   12 1484.69895 1279.39404  13.8%   7.9 2969s
 791309 428388 1353.52781   41   25 1484.69895 1279.43931  13.8%   7.9 2978s
 792609 428985 1435.58275   53   23 1484.69895 1279.52050  13.8%   7.9 2992s
 793855 429884 1456.69808   60   12 1484.69895 1279.58161  13.8%   7.9 2999s
 795335 430718     cutoff   63      1484.69895 1279.65709  13.8%   7.9 3006s
 796786 431473     cutoff   67      1484.69895 1279.74272  13.8%   7.9 3013s
 798173 431894 1398.62169   65   28 1484.69895 1279.82276  13.8%   7.9 3021s
 799323 432513     cutoff   59      1484.69895 1279.88782  13.8%   7.9 3029s
 800441 433229 1431.71888   41   29 1484.69895 1279.92903  13.8%   7.9 3036s
 801650 433935     cutoff   66      1484.69895 1279.99022  13.8%   7.9 3045s
 802926 434613 1474.24778   65   10 1484.69895 1280.04602  13.8%   7.9 3053s
 804294 435277 1427.04350   65   32 1484.69895 1280.11324  13.8%   7.9 3063s
 805609 436062     cutoff   72      1484.69895 1280.20952  13.8%   7.9 3073s
 806979 436739 1398.53629   54   21 1484.69895 1280.27669  13.8%   7.9 3082s
 808276 437210     cutoff   83      1484.69895 1280.34556  13.8%   7.9 3091s
 809561 437805 1441.80930   68   18 1484.69895 1280.40919  13.8%   7.9 3101s
 810514 438503 infeasible   74      1484.69895 1280.44801  13.8%   7.9 3109s
 811602 438511 1408.92221   50    9 1484.69895 1280.46891  13.8%   7.9 3110s
 811980 438924 1467.55720   77   31 1484.69895 1280.53494  13.8%   7.9 3117s
 812911 439599 1475.61191   64    6 1484.69895 1280.57138  13.7%   7.9 3123s
 814200 440225     cutoff   66      1484.69895 1280.66491  13.7%   7.9 3132s
 815492 440774 1455.15128   50    8 1484.69895 1280.72585  13.7%   7.9 3140s
 816818 441389 1336.75055   49   21 1484.69895 1280.80262  13.7%   7.9 3147s
 818001 442071 1354.17583   56   16 1484.69895 1280.87744  13.7%   7.9 3154s
 819362 442755 1471.02163   62   24 1484.69895 1280.94702  13.7%   7.9 3162s
 820648 443404 1348.18496   58   38 1484.69895 1281.01565  13.7%   7.9 3169s
 822020 443871 1463.00574  125   32 1484.69895 1281.05665  13.7%   7.9 3176s
 823096 444624 1387.20317   70   35 1484.69895 1281.11096  13.7%   7.9 3184s
 824554 445216     cutoff   81      1484.69895 1281.19525  13.7%   7.9 3191s
 825677 445790 1429.94492   47   10 1484.69895 1281.25176  13.7%   7.9 3197s
 826743 446590 1474.73270   52    6 1484.69895 1281.32101  13.7%   7.9 3205s
 828220 447180 1289.89450   53   41 1484.69895 1281.43667  13.7%   7.9 3214s
 829360 447730     cutoff   50      1484.69895 1281.45846  13.7%   7.9 3222s
 830437 448201 1440.04060   58   15 1484.69895 1281.54011  13.7%   7.9 3231s
 831609 448748 1467.34995   63   32 1484.69895 1281.60294  13.7%   7.9 3239s
 832801 449512     cutoff   61      1484.69895 1281.68176  13.7%   7.9 3247s
 834273 450047 infeasible   49      1484.69895 1281.76013  13.7%   7.9 3254s
 835737 450567     cutoff   65      1484.69895 1281.83400  13.7%   7.9 3262s
 836998 451019 1412.01556   56   35 1484.69895 1281.88493  13.7%   7.9 3269s
 838178 451426 1376.44328   44   11 1484.69895 1281.93953  13.7%   7.9 3277s
 839253 452184 1389.14908   61   31 1484.69895 1282.00057  13.7%   7.9 3285s
 840706 452913     cutoff   76      1484.69895 1282.09237  13.6%   7.9 3292s
 841910 453624 1478.96083   75   18 1484.69895 1282.15876  13.6%   7.9 3300s
 843361 454337     cutoff   77      1484.69895 1282.22025  13.6%   7.9 3308s
 844656 455017 1347.08752   78   26 1484.69895 1282.29237  13.6%   7.9 3316s
 845948 455754     cutoff   62      1484.69895 1282.36484  13.6%   7.9 3323s
 847364 456346 1426.60097   66   20 1484.69895 1282.42716  13.6%   7.9 3333s
 848564 457017 infeasible   44      1484.69895 1282.49644  13.6%   7.9 3341s
 850026 457774 infeasible   65      1484.69895 1282.57575  13.6%   7.9 3350s
 851401 458341 1474.97327   68   10 1484.69895 1282.64703  13.6%   7.9 3361s
 852633 458837 1484.27898   83   22 1484.69895 1282.69001  13.6%   7.9 3370s
 853792 459425 infeasible   66      1484.69895 1282.74490  13.6%   7.9 3378s
 854899 460138     cutoff   78      1484.69895 1282.79819  13.6%   7.9 3386s
 856309 460913     cutoff   72      1484.69895 1282.87968  13.6%   7.9 3394s
 857740 461354 1447.16637   48   11 1484.69895 1282.96051  13.6%   7.9 3404s
 858856 462132 1460.95790   56   16 1484.69895 1283.01514  13.6%   7.9 3413s
 860299 462784 infeasible   94      1484.69895 1283.08287  13.6%   7.9 3423s
 861673 463402     cutoff   59      1484.69895 1283.15702  13.6%   7.9 3435s
 863017 464018 1350.32658   63   33 1484.69895 1283.21973  13.6%   7.9 3445s
 864148 464763 1364.61352   57   29 1484.69895 1283.29302  13.6%   7.9 3454s
 865553 465501 1329.98015   59   44 1484.69895 1283.35525  13.6%   7.9 3464s
 866890 466141 1422.40585   50   33 1484.69895 1283.41745  13.6%   7.9 3472s
 868272 466671 1423.93885   78   39 1484.69895 1283.48596  13.6%   7.9 3480s
 869497 467423     cutoff   67      1484.69895 1283.52964  13.5%   7.9 3487s
 870896 468007     cutoff   58      1484.69895 1283.60417  13.5%   7.9 3495s
 871935 468777 1394.37673   72   41 1484.69895 1283.65898  13.5%   7.9 3504s
 873393 469561 1344.60916   38   12 1484.69895 1283.74052  13.5%   7.9 3510s
 874775 470137 1425.53411   57   30 1484.69895 1283.81240  13.5%   7.9 3518s
 876069 470736 1388.58950   49   29 1484.69895 1283.87207  13.5%   7.9 3526s
 877360 470809 1338.76386   41   18 1484.69895 1283.92720  13.5%   7.9 3543s
 877456 471308 1465.82699   53   19 1484.69895 1283.92844  13.5%   7.9 3550s
 878527 471968 1436.25111   67   25 1484.69895 1283.99252  13.5%   7.9 3558s
 879877 472563 1464.05686   62   20 1484.69895 1284.04868  13.5%   7.9 3566s
 881215 473228 1465.33728   76   26 1484.69895 1284.08619  13.5%   7.9 3574s
 882505 473840 1426.83045   40   11 1484.69895 1284.18329  13.5%   7.9 3582s
 883767 474578     cutoff   76      1484.69895 1284.24249  13.5%   7.9 3589s
 885223 475111 1322.86481   39   25 1484.69895 1284.30637  13.5%   7.9 3596s
 886333 475760     cutoff   68      1484.69895 1284.37556  13.5%   7.9 3605s
 887502 476477     cutoff   55      1484.69895 1284.42018  13.5%   7.9 3613s
 888911 477058 1379.13920   73   34 1484.69895 1284.51652  13.5%   7.9 3621s
 890202 477697     cutoff   64      1484.69895 1284.57443  13.5%   7.9 3628s
 891365 478286 infeasible   64      1484.69895 1284.62093  13.5%   7.9 3636s
 892686 478889     cutoff   47      1484.69895 1284.67131  13.5%   7.9 3645s
 894062 479571     cutoff   86      1484.69895 1284.74432  13.5%   7.9 3653s
 895422 480015 1348.74797   42   36 1484.69895 1284.78278  13.5%   7.9 3661s
 896415 480424 1359.00678   59   33 1484.69895 1284.82765  13.5%   7.9 3669s
 897602 481202 1405.95541   93   38 1484.69895 1284.88966  13.5%   7.9 3677s
 899135 481743     cutoff  110      1484.69895 1284.96984  13.5%   7.9 3685s
 900205 482471     cutoff   58      1484.69895 1285.01922  13.4%   8.0 3693s
 901584 483053 1469.17001   79   25 1484.69895 1285.07720  13.4%   8.0 3702s
 902817 483711     cutoff   58      1484.69895 1285.13113  13.4%   8.0 3711s
 904158 484286     cutoff   58      1484.69895 1285.20967  13.4%   8.0 3721s
 905372 484947     cutoff   89      1484.69895 1285.26357  13.4%   8.0 3731s
 906750 485654     cutoff   90      1484.69895 1285.34047  13.4%   8.0 3742s
 908183 486152 1392.54428   48   33 1484.69895 1285.41277  13.4%   8.0 3753s
 909221 486723 infeasible  100      1484.69895 1285.46022  13.4%   8.0 3763s
 910432 487464 1421.59804   53   22 1484.69895 1285.52176  13.4%   8.0 3774s
 911798 488267     cutoff   84      1484.69895 1285.58856  13.4%   8.0 3784s
 913336 489074     cutoff   76      1484.69895 1285.66480  13.4%   8.0 3792s
 914825 489616 1412.82693   70   30 1484.69895 1285.74347  13.4%   8.0 3800s
 915951 490244 1355.60883   51   25 1484.69895 1285.81132  13.4%   8.0 3808s
 917032 490346 1455.39723   59   29 1484.69895 1285.86313  13.4%   8.0 3820s
 917221 490892 1308.72933   50   37 1484.69895 1285.86336  13.4%   8.0 3829s
 918523 491664 1466.87201   49   17 1484.69895 1285.92854  13.4%   8.0 3836s
 920072 492313 1372.06075   74   31 1484.69895 1286.01156  13.4%   8.0 3844s
 921427 492965 1418.71752   91   27 1484.69895 1286.08030  13.4%   8.0 3853s
 922851 493514     cutoff   75      1484.69895 1286.14963  13.4%   8.0 3860s
 924046 494115 1452.21163   58   27 1484.69895 1286.21180  13.4%   8.0 3868s
 925451 494643 1368.10276   45   16 1484.69895 1286.26305  13.4%   8.0 3876s
 926543 495182 1443.88419   79   28 1484.69895 1286.31216  13.4%   8.0 3885s
 927772 495654 1353.09592   49   14 1484.69895 1286.36871  13.4%   8.0 3893s
 928808 496151     cutoff   62      1484.69895 1286.43520  13.4%   8.0 3902s
 929974 496751 1415.98051   63   17 1484.69895 1286.48771  13.4%   8.0 3911s
 931190 497295     cutoff   60      1484.69895 1286.53849  13.3%   8.0 3921s
 932293 497853     cutoff   58      1484.69895 1286.59328  13.3%   8.0 3930s
 933654 498294 1356.15005   67   33 1484.69895 1286.64012  13.3%   8.0 3939s
 934962 499120 1477.98189   73    8 1484.69895 1286.70105  13.3%   8.0 3948s
 936538 499929     cutoff   72      1484.69895 1286.76973  13.3%   8.0 3956s
 938058 500635 1451.41689   57   18 1484.69895 1286.86174  13.3%   8.0 3963s
 939324 501326     cutoff   54      1484.69895 1286.93297  13.3%   8.0 3972s
 940702 502067 1475.36307   68   10 1484.69895 1286.99830  13.3%   8.0 3981s
 942142 502538 1471.65675   42   10 1484.69895 1287.08504  13.3%   8.0 3991s
 943152 503114 1406.07329   58   33 1484.69895 1287.11770  13.3%   8.0 4000s
 944607 503717 1370.72853   47   27 1484.69895 1287.19807  13.3%   8.0 4007s
 945919 504150 1467.63627   84   24 1484.69895 1287.25671  13.3%   8.0 4017s
 946993 504856     cutoff   86      1484.69895 1287.30333  13.3%   8.0 4026s
 948422 505529     cutoff   61      1484.69895 1287.40770  13.3%   8.0 4036s
H949066 505531                    1484.6972589 1287.42550  13.3%   8.0 4036s
 949657 506309     cutoff   71      1484.69726 1287.45223  13.3%   8.0 4045s
 951126 506761 1430.61311   58   19 1484.69726 1287.55715  13.3%   8.0 4055s
 952187 507346     cutoff   56      1484.69726 1287.61631  13.3%   8.0 4064s
 953443 508098 1455.48326   67   24 1484.69726 1287.70210  13.3%   8.0 4075s
 954960 508652 infeasible   53      1484.69726 1287.78507  13.3%   8.0 4083s
 956006 509256 1352.50316   58   46 1484.69726 1287.82390  13.3%   8.0 4092s
 957312 509885     cutoff   68      1484.69726 1287.88656  13.3%   8.0 4102s
 958650 510575 1433.08523   43   20 1484.69726 1287.92635  13.3%   8.0 4112s
 960045 511263 1329.23617   46   12 1484.69726 1287.99703  13.2%   8.0 4119s
 961458 511828 1448.50412   55   23 1484.69726 1288.06887  13.2%   8.0 4130s
 962751 512387 1417.86799   42   27 1484.69726 1288.11796  13.2%   8.0 4138s
 963815 512844 1376.58188   64   24 1484.69726 1288.19357  13.2%   8.0 4147s
 965079 513433 1464.03253   49   33 1484.69726 1288.24976  13.2%   8.0 4156s
 966245 514052 1434.46506   77   35 1484.69726 1288.30730  13.2%   8.0 4169s
 967435 514777 1467.42164   57    6 1484.69726 1288.36449  13.2%   8.0 4179s
 968929 515449 infeasible   63      1484.69726 1288.42920  13.2%   8.0 4190s
 970165 516112 1456.17837   91   42 1484.69726 1288.48862  13.2%   8.0 4198s
 971568 516748 1395.15617   70   27 1484.69726 1288.55818  13.2%   8.0 4207s
 972942 517355 1352.21906   61   32 1484.69726 1288.64303  13.2%   8.0 4217s
 974160 518146 1441.99121   59   31 1484.69726 1288.69185  13.2%   8.0 4225s
 975672 518749 1479.22325   88   12 1484.69726 1288.76084  13.2%   8.0 4234s
 976846 519505     cutoff   81      1484.69726 1288.81742  13.2%   8.0 4243s
 978283 520120     cutoff   66      1484.69726 1288.85115  13.2%   8.0 4254s
 979576 520566 1419.46035   83   32 1484.69726 1288.93828  13.2%   8.0 4265s
 980666 521286 1407.71516   58   38 1484.69726 1288.98269  13.2%   8.0 4277s
 982037 521861 1340.70239   69   31 1484.69726 1289.05268  13.2%   8.0 4288s
 983203 522618     cutoff   67      1484.69726 1289.08230  13.2%   8.0 4299s
 984693 523310 1447.27893   77   33 1484.69726 1289.15873  13.2%   8.0 4309s
 986056 523997 1348.65055   69   33 1484.69726 1289.22388  13.2%   8.0 4318s
 987601 524640 1466.04517   58   32 1484.69726 1289.28594  13.2%   8.0 4326s
 988794 525240 1419.69089   63   16 1484.69726 1289.33871  13.2%   8.0 4335s
 990013 525895 1384.89665   58   30 1484.69726 1289.36613  13.2%   8.0 4344s
 991302 526518 1390.06501   44   38 1484.69726 1289.44086  13.2%   8.0 4353s
 992657 527285 1452.84643   62   22 1484.69726 1289.46978  13.1%   8.0 4361s
 994172 527906 1392.59839   52   29 1484.69726 1289.55134  13.1%   8.0 4369s
 995371 528596     cutoff   70      1484.69726 1289.60407  13.1%   8.0 4378s
 996709 529366 1369.80846   50   18 1484.69726 1289.65459  13.1%   8.0 4387s
 998114 529897 1474.29809   68   20 1484.69726 1289.70373  13.1%   8.0 4397s
 999380 530623 1403.72594   59   31 1484.69726 1289.76441  13.1%   8.0 4406s
 1000772 531218 1424.18328   92   38 1484.69726 1289.81478  13.1%   8.0 4413s
 1001907 531715 1448.91228   78   15 1484.69726 1289.86849  13.1%   8.0 4424s
 1003129 532390 1479.80140   58   19 1484.69726 1289.92606  13.1%   8.0 4434s
 1004431 533136 1473.93275   64   18 1484.69726 1289.98791  13.1%   8.0 4444s
 1005864 533758 1362.73320   54   22 1484.69726 1290.03814  13.1%   8.0 4452s
 1007240 534513 1479.89832   63   20 1484.69726 1290.10926  13.1%   8.0 4463s
 1008714 534931     cutoff   78      1484.69726 1290.16655  13.1%   8.0 4473s
 1009746 535501 1453.18513   82   34 1484.69726 1290.22032  13.1%   8.0 4482s
 1011014 536056 1341.24773   55   43 1484.69726 1290.28054  13.1%   8.0 4493s
 1012141 536824 1417.89370   43    6 1484.69726 1290.32663  13.1%   8.0 4502s
 1013505 537512 1469.03101   60   24 1484.69726 1290.39639  13.1%   8.0 4512s
 1014994 538078 1471.16825   58   20 1484.69726 1290.45623  13.1%   8.0 4521s
 1016203 538840 1446.95765   74   27 1484.69726 1290.50406  13.1%   8.0 4531s
 1017598 539463 1469.99086   77   18 1484.69726 1290.58662  13.1%   8.0 4540s
 1018890 539915 1357.46111   59   39 1484.69726 1290.64459  13.1%   8.0 4549s
 1019828 540574 1437.44257   90   22 1484.69726 1290.71243  13.1%   8.0 4558s
 1021324 541166 1451.44162   51   18 1484.69726 1290.76274  13.1%   8.0 4567s
 1022552 541839 1384.45469   78   32 1484.69726 1290.80915  13.1%   8.0 4577s
 1024004 542402     cutoff   66      1484.69726 1290.87213  13.1%   8.1 4588s
 1025239 542844 1416.29136   49   11 1484.69726 1290.90288  13.1%   8.1 4597s
 1026414 543472     cutoff   76      1484.69726 1290.95816  13.0%   8.1 4607s
 1027828 543924 1441.48718   61   31 1484.69726 1291.02132  13.0%   8.1 4616s
 1028799 544560 1388.73948   59   32 1484.69726 1291.05511  13.0%   8.1 4625s
 1030223 545109     cutoff   90      1484.69726 1291.11836  13.0%   8.1 4634s
 1031494 545763     cutoff   92      1484.69726 1291.16484  13.0%   8.1 4643s
 1032905 546582     cutoff   65      1484.69726 1291.22761  13.0%   8.1 4653s
 1034506 547195     cutoff   81      1484.69726 1291.29109  13.0%   8.1 4663s
 1035793 547770 1449.58333   97   23 1484.69726 1291.34923  13.0%   8.1 4672s
 1036884 548356 1426.59474   75   31 1484.69726 1291.38881  13.0%   8.1 4683s
 1038160 549031 1438.23676   79   26 1484.69726 1291.44272  13.0%   8.1 4693s
 1039719 549509 infeasible   50      1484.69726 1291.51176  13.0%   8.1 4702s
 1040994 550144     cutoff   64      1484.69726 1291.56073  13.0%   8.1 4712s
H1041183 550144                    1484.6972321 1291.56812  13.0%   8.1 4712s
 1042255 550706 1311.07329   45   26 1484.69723 1291.63021  13.0%   8.1 4721s
 1043629 551454     cutoff   71      1484.69723 1291.68928  13.0%   8.1 4732s
 1045094 551634     cutoff   80      1484.69723 1291.74816  13.0%   8.1 4747s
 1045381 552228     cutoff   88      1484.69723 1291.75139  13.0%   8.1 4756s
 1046685 552876     cutoff   47      1484.69723 1291.82178  13.0%   8.1 4765s
 1047893 553573 1479.13712   76   14 1484.69723 1291.86750  13.0%   8.1 4775s
 1049331 554359     cutoff   51      1484.69723 1291.92545  13.0%   8.1 4784s
 1050839 554946 1462.63584   69   25 1484.69723 1291.98820  13.0%   8.1 4794s
 1052208 555418     cutoff   60      1484.69723 1292.04124  13.0%   8.1 4803s
 1053500 556061 1361.08184   61   30 1484.69723 1292.07637  13.0%   8.1 4812s
 1054649 556712     cutoff   58      1484.69723 1292.11832  13.0%   8.1 4821s
 1055999 557320 infeasible   54      1484.69723 1292.16998  13.0%   8.1 4831s
 1057378 557940     cutoff   59      1484.69723 1292.22515  13.0%   8.1 4840s
 1058848 558573 1424.44219   79   25 1484.69723 1292.28722  13.0%   8.1 4850s
 1060166 559195 1414.14352   63   13 1484.69723 1292.34396  13.0%   8.1 4859s
 1061583 559560     cutoff   75      1484.69723 1292.42077  13.0%   8.1 4868s
 1062494 559976     cutoff   60      1484.69723 1292.44983  12.9%   8.1 4879s
 1063700 560583 1333.92667   46   32 1484.69723 1292.51734  12.9%   8.1 4890s
 1064981 561420 1451.59349   65   29 1484.69723 1292.55032  12.9%   8.1 4900s
 1066618 562252 1461.28412   74   36 1484.69723 1292.61763  12.9%   8.1 4909s
 1068115 562938 1324.16505   53   38 1484.69723 1292.67773  12.9%   8.1 4919s
 1069403 563509 1460.13888   93   30 1484.69723 1292.71421  12.9%   8.1 4927s
 1070474 563989     cutoff   81      1484.69723 1292.77273  12.9%   8.1 4936s
 1071783 564575 infeasible   75      1484.69723 1292.81548  12.9%   8.1 4945s
 1072941 565224     cutoff   62      1484.69723 1292.89313  12.9%   8.1 4955s
 1074351 565800 1428.77685   52   11 1484.69723 1292.95822  12.9%   8.1 4965s
 1075470 566336 1337.27467   53   16 1484.69723 1293.01024  12.9%   8.1 4975s
 1076939 566901 1372.34853   60   26 1484.69723 1293.08031  12.9%   8.1 4984s
 1078091 567445 1392.85927   62   36 1484.69723 1293.12786  12.9%   8.1 4995s
 1079410 568099 1483.88440   83   18 1484.69723 1293.18197  12.9%   8.1 5007s
 1080876 568710 infeasible   77      1484.69723 1293.22671  12.9%   8.1 5017s
 1082241 569213 1434.61495   71   26 1484.69723 1293.27855  12.9%   8.1 5028s
 1083348 569873     cutoff   78      1484.69723 1293.34571  12.9%   8.1 5042s
 1084755 570440     cutoff   77      1484.69723 1293.39517  12.9%   8.1 5055s
 1085944 571216 1370.53348   61   32 1484.69723 1293.46054  12.9%   8.1 5067s
 1087498 571710 1427.25288   56   25 1484.69723 1293.53337  12.9%   8.1 5078s
 1088658 572172 1412.41380   73   37 1484.69723 1293.57268  12.9%   8.1 5092s
 1089763 572921 1453.13744   80   42 1484.69723 1293.61230  12.9%   8.1 5101s
 1091250 573351     cutoff   82      1484.69723 1293.67096  12.9%   8.1 5111s
 1092439 573796 1428.61486   65   11 1484.69723 1293.71903  12.9%   8.1 5121s
 1093590 574380 1412.60466   64   37 1484.69723 1293.76919  12.9%   8.1 5131s
 1094731 575067 1406.03841   53   23 1484.69723 1293.82446  12.9%   8.1 5142s
 1096159 575908 1342.22906   59   49 1484.69723 1293.88595  12.9%   8.1 5153s
 1097782 576664 1471.78545   59   22 1484.69723 1293.94733  12.8%   8.1 5163s
 1099298 577329 1344.65582   56   22 1484.69723 1294.00832  12.8%   8.1 5173s
 1100774 577799     cutoff   57      1484.69723 1294.07636  12.8%   8.1 5183s
 1102003 578463 infeasible   61      1484.69723 1294.12616  12.8%   8.1 5193s
 1103354 579004     cutoff   55      1484.69723 1294.18654  12.8%   8.1 5202s
 1104551 579678 1386.80333   61   36 1484.69723 1294.23066  12.8%   8.1 5214s
 1106089 580329 1461.98642   75   28 1484.69723 1294.28143  12.8%   8.1 5224s
 1107466 580909 1374.17200   68   31 1484.69723 1294.34558  12.8%   8.1 5234s
 1108745 581641     cutoff   81      1484.69723 1294.36698  12.8%   8.1 5243s
 1110222 582227 1458.15421   62   20 1484.69723 1294.42934  12.8%   8.1 5252s
 1111395 582841 infeasible   65      1484.69723 1294.46748  12.8%   8.1 5262s
 1112801 583477 1484.09281   67   10 1484.69723 1294.53194  12.8%   8.1 5271s
 1114258 583854 1375.91344   57   23 1484.69723 1294.58267  12.8%   8.1 5282s
 1115252 584555     cutoff   57      1484.69723 1294.62268  12.8%   8.1 5293s
 1116649 585032 1457.35390   68   24 1484.69723 1294.67884  12.8%   8.1 5303s
 1117838 585679     cutoff   64      1484.69723 1294.72234  12.8%   8.1 5315s
 1119254 586335 1396.37017   83   36 1484.69723 1294.77244  12.8%   8.1 5325s
 1120712 587049     cutoff   69      1484.69723 1294.82984  12.8%   8.1 5335s
 1122121 587556 1475.45596   53   31 1484.69723 1294.87840  12.8%   8.1 5345s
 1123311 588216 1369.40140   61   24 1484.69723 1294.93318  12.8%   8.1 5356s
 1124662 588838 1449.60013   52   27 1484.69723 1294.99423  12.8%   8.1 5369s
 1126123 589537 1469.69233   52   15 1484.69723 1295.05356  12.8%   8.1 5380s
 1127597 589993     cutoff   85      1484.69723 1295.12888  12.8%   8.1 5397s
 1128568 590517 1439.52240   66   33 1484.69723 1295.14291  12.8%   8.1 5408s
 1129876 591158 1429.03739   49   15 1484.69723 1295.19647  12.8%   8.1 5418s
 1131256 591780     cutoff   90      1484.69723 1295.27222  12.8%   8.1 5428s
 1132663 592499     cutoff   72      1484.69723 1295.32514  12.8%   8.1 5438s
 1134158 593013     cutoff   99      1484.69723 1295.38561  12.8%   8.1 5449s
 1135365 593587 1443.38117   60   19 1484.69723 1295.43731  12.7%   8.1 5459s
 1136657 594118 1340.29497   48   39 1484.69723 1295.48816  12.7%   8.1 5469s
 1138014 594266 1482.44474   72   27 1484.69723 1295.52717  12.7%   8.1 5479s
 1138350 594792 1462.46395   59   31 1484.69723 1295.54366  12.7%   8.1 5489s
 1139488 595373 1369.02563   73   29 1484.69723 1295.58126  12.7%   8.1 5502s
 1140802 595877     cutoff   64      1484.69723 1295.62900  12.7%   8.1 5514s
 1142097 596657     cutoff   58      1484.69723 1295.67326  12.7%   8.1 5526s
 1143544 597228 1446.33861   85   21 1484.69723 1295.74429  12.7%   8.1 5540s
 1145098 597865 1339.49275   47   20 1484.69723 1295.78777  12.7%   8.1 5551s
 1146387 598697     cutoff   81      1484.69723 1295.83683  12.7%   8.1 5564s
 1147921 599295 infeasible   64      1484.69723 1295.90444  12.7%   8.1 5576s
 1149328 599886 1376.63368   89   29 1484.69723 1295.95922  12.7%   8.1 5588s
 1150757 600578 1473.93895   51   26 1484.69723 1296.01101  12.7%   8.1 5599s
 1152298 601175 1422.47192   80   30 1484.69723 1296.06880  12.7%   8.1 5611s
 1153773 601866     cutoff   69      1484.69723 1296.12611  12.7%   8.2 5622s
 1155181 602524     cutoff   73      1484.69723 1296.18184  12.7%   8.2 5634s
 1156518 603067 1444.57230   75   25 1484.69723 1296.22847  12.7%   8.2 5644s
 1157753 603696 1474.01051   63   13 1484.69723 1296.27424  12.7%   8.2 5653s
 1158965 604299 1464.99639   87   34 1484.69723 1296.31023  12.7%   8.2 5664s
 1160369 605153 1299.99798   56   47 1484.69723 1296.36827  12.7%   8.2 5673s
 1161911 605622 1389.61360   54   26 1484.69723 1296.42015  12.7%   8.2 5685s
 1163078 606240     cutoff   67      1484.69723 1296.45685  12.7%   8.2 5695s
 1164463 606692 1439.12199   60   21 1484.69723 1296.52863  12.7%   8.2 5707s
 1165631 607240 1465.63887   66   25 1484.69723 1296.56377  12.7%   8.2 5718s
 1166893 607710     cutoff   76      1484.69723 1296.61310  12.7%   8.2 5728s
 1168067 608236 1469.76778   54   25 1484.69723 1296.66669  12.7%   8.2 5738s
 1169309 608773 1450.74632   81   31 1484.69723 1296.71704  12.7%   8.2 5749s
 1170607 609515 1450.76286   64   24 1484.69723 1296.76442  12.7%   8.2 5760s
 1172099 610273 1447.58120   65   14 1484.69723 1296.81801  12.7%   8.2 5771s
 1173557 610855 1446.72448   55    8 1484.69723 1296.87161  12.7%   8.2 5782s
 1174727 611464 infeasible   64      1484.69723 1296.92140  12.6%   8.2 5796s
 1175997 612161 1410.99387   59   29 1484.69723 1296.96024  12.6%   8.2 5808s
 1177470 612567     cutoff   54      1484.69723 1297.02002  12.6%   8.2 5819s
 1178690 613203 1424.53070   96   28 1484.69723 1297.08078  12.6%   8.2 5828s
 1180112 613599 1467.02810   78   37 1484.69723 1297.11618  12.6%   8.2 5839s
 1181328 614124     cutoff   73      1484.69723 1297.17558  12.6%   8.2 5849s
 1182416 614693     cutoff   72      1484.69723 1297.20697  12.6%   8.2 5862s
 1183601 615432 1478.37977   63    6 1484.69723 1297.25183  12.6%   8.2 5871s
 1185160 616222     cutoff   69      1484.69723 1297.32453  12.6%   8.2 5883s
 1186735 616777 1373.53493   59   45 1484.69723 1297.39193  12.6%   8.2 5896s
 1188060 617376 1367.30487   46   22 1484.69723 1297.41965  12.6%   8.2 5908s
 1189353 617920 1461.31422   74   31 1484.69723 1297.46356  12.6%   8.2 5920s
 1190593 618496     cutoff   79      1484.69723 1297.50908  12.6%   8.2 5930s
 1191832 619181 1434.18148   53   28 1484.69723 1297.54842  12.6%   8.2 5943s
 1193239 619942     cutoff   72      1484.69723 1297.59738  12.6%   8.2 5954s
 1194713 620481 1475.80058   54   32 1484.69723 1297.67272  12.6%   8.2 5965s
 1195952 620971 1476.31532   57    6 1484.69723 1297.70766  12.6%   8.2 5978s
 1197253 621500 1399.41306   53   13 1484.69723 1297.76344  12.6%   8.2 5989s
 1198685 621973 1380.89368   73   27 1484.69723 1297.81498  12.6%   8.2 5999s
 1199250 621976 1374.95279   70   23 1484.69723 1297.83434  12.6%   8.2 6000s
 1199822 622592 1343.22982   59   37 1484.69723 1297.87011  12.6%   8.2 6009s
 1201158 623047 1366.59785   64   28 1484.69723 1297.92748  12.6%   8.2 6019s
 1202272 623502 1335.71211   56   34 1484.69723 1297.97171  12.6%   8.2 6029s
 1203516 624057 1479.53742   53   10 1484.69723 1298.00205  12.6%   8.2 6040s
 1204904 624671     cutoff   54      1484.69723 1298.05219  12.6%   8.2 6048s
 1206148 625379 1423.70971   54    9 1484.69723 1298.08903  12.6%   8.2 6058s
 1207624 626076 1416.39244   80   26 1484.69723 1298.14534  12.6%   8.2 6068s
 1209040 626622 infeasible   44      1484.69723 1298.20083  12.6%   8.2 6077s
 1210433 627159 infeasible   45      1484.69723 1298.25742  12.6%   8.2 6088s
 1211733 627820 1411.30035   65   27 1484.69723 1298.30748  12.6%   8.2 6099s
 1213306 628305 1427.52063   53   20 1484.69723 1298.37248  12.5%   8.2 6110s
 1214255 628819     cutoff   70      1484.69723 1298.42716  12.5%   8.2 6122s
 1215515 629307     cutoff   99      1484.69723 1298.45437  12.5%   8.2 6133s
 1216735 629682 1354.35568   48   37 1484.69723 1298.46870  12.5%   8.2 6142s
 1217903 630368 1366.23911   41   18 1484.69723 1298.54782  12.5%   8.2 6153s
 1219230 630982     cutoff   61      1484.69723 1298.59042  12.5%   8.2 6167s
 1220701 631627     cutoff   95      1484.69723 1298.62703  12.5%   8.2 6179s
 1222029 632405 1480.39528   66    - 1484.69723 1298.67300  12.5%   8.2 6189s
 1223530 633230     cutoff   87      1484.69723 1298.71738  12.5%   8.2 6199s
 1225160 633814     cutoff   71      1484.69723 1298.79133  12.5%   8.2 6209s
 1226415 634463 1470.47905   56    6 1484.69723 1298.84068  12.5%   8.2 6219s
 1227964 635055 1378.53450   42   27 1484.69723 1298.89660  12.5%   8.2 6230s
 1229335 635681 1423.43760   62   31 1484.69723 1298.93452  12.5%   8.2 6239s
 1230366 635694     cutoff   64      1484.69723 1298.95406  12.5%   8.2 6240s
 1230579 636130     cutoff   68      1484.69723 1298.98983  12.5%   8.2 6250s
 1231741 636791 infeasible   81      1484.69723 1299.02373  12.5%   8.2 6260s
 1233217 637194 1351.56484   46   18 1484.69723 1299.06968  12.5%   8.2 6275s
 1234281 637799 1460.83507   65   24 1484.69723 1299.10211  12.5%   8.2 6286s
 1235784 638652 1454.59139   49   17 1484.69723 1299.15110  12.5%   8.2 6295s
 1237445 639359 1465.31830   55   24 1484.69723 1299.21860  12.5%   8.2 6305s
 1238836 640100 1460.35360   80    - 1484.69723 1299.26325  12.5%   8.2 6315s
 1240407 640222     cutoff   80      1484.69723 1299.31407  12.5%   8.2 6331s
 1240743 640691 1364.99102   63   24 1484.69723 1299.32535  12.5%   8.2 6341s
 1241854 641316     cutoff   81      1484.69723 1299.36177  12.5%   8.2 6351s
 1243320 642123 1463.93948   53   11 1484.69723 1299.41523  12.5%   8.2 6362s
 1244964 642609     cutoff   58      1484.69723 1299.46633  12.5%   8.2 6372s
 1246205 643061 1400.95576   53   33 1484.69723 1299.50656  12.5%   8.2 6387s
 1247272 643528 1367.06150   44   33 1484.69723 1299.54483  12.5%   8.2 6400s
 1248603 644212 1340.97524   44   14 1484.69723 1299.57095  12.5%   8.2 6411s
 1250168 644974 1382.97145   81   36 1484.69723 1299.62471  12.5%   8.2 6420s
 1251790 645486 1474.49792   73   36 1484.69723 1299.68116  12.5%   8.2 6430s
 1252951 646089 1380.55015   53   24 1484.69723 1299.70998  12.5%   8.2 6439s
 1254347 646798 1482.81094  100   33 1484.69723 1299.77386  12.5%   8.2 6449s
 1255877 647389 1449.74634   68   31 1484.69723 1299.81953  12.5%   8.2 6459s
 1257220 647949 1401.43498   60   33 1484.69723 1299.87793  12.4%   8.2 6470s
 1258425 648697     cutoff   70      1484.69723 1299.90890  12.4%   8.2 6480s
 1259927 649303 1416.79376   65   15 1484.69723 1299.96607  12.4%   8.2 6492s
 1261431 649771 1346.88617   53   35 1484.69723 1300.01659  12.4%   8.2 6501s
 1262559 650386 1466.77887   58   27 1484.69723 1300.04612  12.4%   8.2 6511s
 1263894 650901 1443.64202   47   15 1484.69723 1300.09611  12.4%   8.2 6521s
 1265225 651417 1454.50175   63   15 1484.69723 1300.14398  12.4%   8.2 6529s
 1266237 651418     cutoff   73      1484.69723 1300.16146  12.4%   8.2 6530s
 1266441 652027 1414.86805   43    8 1484.69723 1300.18654  12.4%   8.2 6540s
 1268041 652786     cutoff   71      1484.69723 1300.24315  12.4%   8.2 6550s
 1269587 653465 1445.20436   68   34 1484.69723 1300.28371  12.4%   8.2 6561s
 1271085 653948 1373.68619   63   27 1484.69723 1300.34003  12.4%   8.2 6571s
 1272261 654574 1468.76656   81   20 1484.69723 1300.39821  12.4%   8.2 6581s
 1273825 655130 1334.12231   55   11 1484.69723 1300.45026  12.4%   8.2 6590s
 1275078 655579 1358.94010   61   32 1484.69723 1300.48528  12.4%   8.2 6603s
 1276206 656168 1381.81621   88   32 1484.69723 1300.53055  12.4%   8.2 6613s
 1277632 656751     cutoff   62      1484.69723 1300.58297  12.4%   8.2 6623s
 1278838 657469 1350.74256   65   36 1484.69723 1300.63728  12.4%   8.2 6633s
 1280352 657981     cutoff   91      1484.69723 1300.68868  12.4%   8.2 6643s
 1281752 658622 1382.05885   79   43 1484.69723 1300.75359  12.4%   8.2 6653s
 1283143 659320 1399.39506   71   27 1484.69723 1300.78700  12.4%   8.2 6669s
 1284599 659846 1412.44499   50   35 1484.69723 1300.84144  12.4%   8.2 6683s
 1285845 660271     cutoff   64      1484.69723 1300.87640  12.4%   8.2 6698s
 1287236 660893 1445.90183   54   21 1484.69723 1300.93872  12.4%   8.2 6713s
 1288805 661554 1441.00076   60   34 1484.69723 1300.98067  12.4%   8.2 6726s
 1290113 662119     cutoff   77      1484.69723 1301.03825  12.4%   8.2 6741s
 1291286 662780 1375.60181   61   27 1484.69723 1301.08962  12.4%   8.2 6751s
 1292797 663356 1420.44545   52   28 1484.69723 1301.12734  12.4%   8.2 6763s
 1294186 663958     cutoff   74      1484.69723 1301.18024  12.4%   8.2 6772s
 1295451 664517 1456.59110   75   12 1484.69723 1301.23852  12.4%   8.2 6783s
 1296872 665089     cutoff   77      1484.69723 1301.28396  12.4%   8.2 6792s
 1298252 665891 1443.78667   76   16 1484.69723 1301.33339  12.4%   8.3 6804s
 1299798 666578 1424.02968   77   34 1484.69723 1301.38018  12.3%   8.3 6814s
 1301221 666984 1473.06854   52   24 1484.69723 1301.43634  12.3%   8.3 6824s
 1302376 667570 1483.01552   76   20 1484.69723 1301.48374  12.3%   8.3 6833s
 1303544 668215 1396.82639   78   28 1484.69723 1301.51684  12.3%   8.3 6844s
 1305065 668615 1483.11016   78   20 1484.69723 1301.56717  12.3%   8.3 6856s
 1306064 669228     cutoff   65      1484.69723 1301.59987  12.3%   8.3 6868s
 1307298 669862     cutoff   80      1484.69723 1301.65766  12.3%   8.3 6881s
 1308886 670334 1465.10852   57   16 1484.69723 1301.71348  12.3%   8.3 6893s
 1310206 670836 1472.30633   74   25 1484.69723 1301.75734  12.3%   8.3 6904s
 1311372 671414 1375.83885   61   39 1484.69723 1301.81770  12.3%   8.3 6916s
 1312779 672066 1317.46192   54   24 1484.69723 1301.84795  12.3%   8.3 6928s
 1314256 672160 1400.41373   59   38 1484.69723 1301.90749  12.3%   8.3 6943s
 1314472 672913 1414.03030   56   26 1484.69723 1301.91575  12.3%   8.3 6954s
 1316050 673474     cutoff   84      1484.69723 1301.97635  12.3%   8.3 6967s
 1317404 674010     cutoff   65      1484.69723 1302.02043  12.3%   8.3 6978s
 1318762 674601     cutoff   67      1484.69723 1302.07502  12.3%   8.3 6989s
 1320008 675122     cutoff   65      1484.69723 1302.12738  12.3%   8.3 7003s
 1321254 675629 1425.68738   67   31 1484.69723 1302.17167  12.3%   8.3 7013s
 1322520 676232 1437.61698   63   30 1484.69723 1302.20875  12.3%   8.3 7022s
 1323830 676869 1470.38292   64   12 1484.69723 1302.26642  12.3%   8.3 7033s
 1325401 677636 1477.18134   68   27 1484.69723 1302.31958  12.3%   8.3 7044s
 1327059 678375     cutoff   62      1484.69723 1302.37342  12.3%   8.3 7058s
 1328592 678886 1387.60001   45   22 1484.69723 1302.41527  12.3%   8.3 7069s
 1329914 679378 1389.57920   49   24 1484.69723 1302.45149  12.3%   8.3 7084s
 1331214 680155 1391.63376   61   29 1484.69723 1302.48867  12.3%   8.3 7096s
 1332815 680897     cutoff   58      1484.69723 1302.54264  12.3%   8.3 7107s
 1334395 681554 infeasible   61      1484.69723 1302.58566  12.3%   8.3 7117s
 1335723 682156     cutoff   43      1484.69723 1302.63746  12.3%   8.3 7127s
 1337155 682195 1351.33587   53   33 1484.69723 1302.68925  12.3%   8.3 7145s
 1337247 682810 1354.62549   54   27 1484.69723 1302.69172  12.3%   8.3 7155s
 1338482 683379 1474.64000   56   22 1484.69723 1302.74166  12.3%   8.3 7166s
 1339878 683925 1461.82346   58   18 1484.69723 1302.79433  12.3%   8.3 7180s
 1341246 684640     cutoff   79      1484.69723 1302.83946  12.2%   8.3 7191s
 1342828 685054 infeasible   61      1484.69723 1302.90090  12.2%   8.3 7200s

Cutting planes:
  Gomory: 4
  MIR: 2
  Zero half: 5
  RLT: 1
  Lazy constraints: 12234

Explored 1344030 nodes (11127404 simplex iterations) in 7200.24 seconds
Thread count was 12 (of 12 available processors)

Solution count 5: 1484.7 1487.15 1507.85 ... 2123.69

Time limit reached
Best objective 1.484697232084e+03, best bound 1.302920526637e+03, gap 12.2434%

User-callback calls 3874865, time in user-callback 2.88 sec
/projects/academic/josewalt/caigao/RRARP_BD/BendersDecomp/ret/model_outs/n_21_h_7_algo_3.out
 =====>>>>> Solution is written to file in <../ret/model_outs> !!!
===>> All Done!
