NPROCS=0
This instance is clustered!
Gurobi Optimizer version 9.0.0 build v9.0.0rc2 (linux64)
Optimize a model with 20 rows, 101 columns and 200 nonzeros
Model fingerprint: 0xdba58cb8
Variable types: 1 continuous, 100 integer (100 binary)
Coefficient statistics:
  Matrix range     [1e+00, 1e+00]
  Objective range  [1e+00, 5e+01]
  Bounds range     [1e+00, 1e+00]
  RHS range        [1e+00, 1e+00]
Presolve removed 2 rows and 27 columns
Presolve time: 0.00s
Presolved: 18 rows, 74 columns, 146 nonzeros
Variable types: 1 continuous, 73 integer (73 binary)

Root relaxation: objective 9.575987e+01, 12 iterations, 0.00 seconds

    Nodes    |    Current Node    |     Objective Bounds      |     Work
 Expl Unexpl |  Obj  Depth IntInf | Incumbent    BestBd   Gap | It/Node Time

     0     0  108.03224    0    8          -  108.03224      -     -    0s
H    0     0                     149.8824911  108.03224  27.9%     -    0s
     0     0  110.39135    0    8  149.88249  110.39135  26.3%     -    0s
     0     0  110.39135    0    6  149.88249  110.39135  26.3%     -    0s
     0     2  110.39135    0    6  149.88249  110.39135  26.3%     -    0s
H  168    72                     149.8824827  120.53952  19.6%   2.9    0s
H  242    86                     149.8824661  120.53952  19.6%   2.7    0s

Cutting planes:
  Gomory: 1
  Lazy constraints: 498

Explored 1586 nodes (4094 simplex iterations) in 0.21 seconds
Thread count was 12 (of 12 available processors)

Solution count 1: 149.882 

Optimal solution found (tolerance 1.00e-04)
Best objective 1.498824661413e+02, best bound 1.498824661413e+02, gap 0.0000%

User-callback calls 3827, time in user-callback 0.02 sec
/projects/academic/josewalt/caigao/RRARP_BD/BendersDecomp/ret/model_outs/n_8_h_4_algo_2.out
 =====>>>>> Solution is written to file in <../ret/model_outs> !!!
===>> All Done!
