NPROCS=0
This instance is clustered!
Gurobi Optimizer version 9.0.0 build v9.0.0rc2 (linux64)
Optimize a model with 16 rows, 65 columns and 128 nonzeros
Model fingerprint: 0x3bb0e9be
Variable types: 1 continuous, 64 integer (64 binary)
Coefficient statistics:
  Matrix range     [1e+00, 1e+00]
  Objective range  [7e-01, 7e+00]
  Bounds range     [1e+00, 1e+00]
  RHS range        [1e+00, 1e+00]
Presolve removed 2 rows and 21 columns
Presolve time: 0.00s
Presolved: 14 rows, 44 columns, 86 nonzeros
Variable types: 1 continuous, 43 integer (43 binary)

Root relaxation: objective 1.092673e+01, 11 iterations, 0.00 seconds

    Nodes    |    Current Node    |     Objective Bounds      |     Work
 Expl Unexpl |  Obj  Depth IntInf | Incumbent    BestBd   Gap | It/Node Time

     0     0   12.32775    0   15          -   12.32775      -     -    0s
H    0     0                      26.5098415   12.32775  53.5%     -    0s
H    0     0                      26.0594395   12.32775  52.7%     -    0s
     0     0   12.87563    0   14   26.05944   12.87563  50.6%     -    0s
     0     0   12.87563    0   14   26.05944   12.87563  50.6%     -    0s
     0     2   12.87563    0   14   26.05944   12.87563  50.6%     -    0s
   478    80     cutoff   13        26.05944   15.67915  39.8%   2.0   16s
   740    83   21.17791   12    -   26.05944   17.13312  34.3%   2.0   24s
   992    30 infeasible   13        26.05944   17.65345  32.3%   1.9   30s
  1305     8   24.39619   12    6   26.05944   17.74082  31.9%   1.8   39s
  1530     0 infeasible   16        26.05944   21.98905  15.6%   1.8   44s

Cutting planes:
  Gomory: 1
  Lazy constraints: 573

Explored 1569 nodes (2836 simplex iterations) in 44.79 seconds
Thread count was 12 (of 12 available processors)

Solution count 2: 26.0594 26.5098 

Optimal solution found (tolerance 1.00e-04)
Best objective 2.605943952821e+01, best bound 2.605943952821e+01, gap 0.0000%

User-callback calls 3851, time in user-callback 44.57 sec
---> instance_name: n_6_m_2.dat
---> algo_index: 1
---> obj_value: 26.0594
---> total_time: 44.8873
---> total_time_gurobi: 44.7897
---> total_nb_benders_cuts: 519
---> total_nb_subtour_cuts: 57
---> total_nb_user_cuts: 0
---> GRB_IntAttr_Status: 2
---> optimality_gap: 0
---> node_count: 1569
 =====>>>>> Solution is written to file in <../ret/model_outs> !!!
===>> All Done!
