NPROCS=0
This instance is clustered!
Gurobi Optimizer version 9.0.0 build v9.0.0rc2 (linux64)
Optimize a model with 48 rows, 577 columns and 1152 nonzeros
Model fingerprint: 0x78ff062c
Variable types: 1 continuous, 576 integer (576 binary)
Coefficient statistics:
  Matrix range     [1e+00, 1e+00]
  Objective range  [1e+00, 4e+02]
  Bounds range     [1e+00, 1e+00]
  RHS range        [1e+00, 1e+00]
Presolve removed 2 rows and 69 columns
Presolve time: 0.01s
Presolved: 46 rows, 508 columns, 1014 nonzeros
Variable types: 1 continuous, 507 integer (507 binary)

Root relaxation: objective 7.868674e+02, 44 iterations, 0.00 seconds

    Nodes    |    Current Node    |     Objective Bounds      |     Work
 Expl Unexpl |  Obj  Depth IntInf | Incumbent    BestBd   Gap | It/Node Time

     0     0  829.57297    0   14          -  829.57297      -     -    0s
     0     0  977.23953    0   14          -  977.23953      -     -    0s
     0     2 1002.89160    0   12          - 1002.89160      -     -    0s
H 2022  1599                    1459.4305231 1092.16500  25.2%   7.1    1s
H 2022  1519                    1438.6813444 1092.16500  24.1%   7.1    1s
H10026  5021                    1437.8757691 1226.20674  14.7%   8.2    4s
 12868  7045     cutoff   39      1437.87577 1234.84120  14.1%   8.2    5s
 25877 14052 1300.90984   58   39 1437.87577 1258.97419  12.4%   8.5   10s
 41030 21890 infeasible   58      1437.87577 1275.65230  11.3%   8.8   15s
 50980 26023     cutoff   44      1437.87577 1284.14159  10.7%   9.1   20s
 59860 29110     cutoff   43      1437.87577 1291.42358  10.2%   9.3   25s
 66176 31765 1384.77002   33   42 1437.87577 1295.94275  9.87%   9.5   30s
 75035 34999     cutoff   45      1437.87577 1301.92266  9.46%   9.7   35s
 83740 37954 1331.89125   51   31 1437.87577 1307.54259  9.06%   9.9   40s
 90459 40012 infeasible   56      1437.87577 1311.73245  8.77%  10.0   45s
 97805 41911     cutoff   42      1437.87577 1315.91485  8.48%  10.2   50s
 104515 43745     cutoff   46      1437.87577 1319.49781  8.23%  10.3   55s
H109292 44663                    1437.8757561 1321.50660  8.09%  10.4   59s
 109795 44952 1343.84084   35   43 1437.87576 1321.77861  8.07%  10.5   60s
 113297 45751     cutoff   35      1437.87576 1323.38217  7.96%  10.5   65s
 118756 47008     cutoff   36      1437.87576 1325.92470  7.79%  10.6   70s
 124481 48133 1410.18034   47   38 1437.87576 1328.59664  7.60%  10.7   75s
 130415 49338     cutoff   49      1437.87576 1331.03669  7.43%  10.8   80s
 136074 50308     cutoff   41      1437.87576 1333.94484  7.23%  10.9   85s
 140612 51053     cutoff   37      1437.87576 1335.98611  7.09%  11.0   90s
 146314 51946     cutoff   38      1437.87576 1338.64264  6.90%  11.1   96s
H147537 51957                    1437.8757507 1339.06683  6.87%  11.1   99s
 147567 52149 1342.29885   53   45 1437.87575 1339.08668  6.87%  11.1  101s
 152132 52787     cutoff   46      1437.87575 1340.59294  6.77%  11.1  105s
 156619 53421 1428.26195   28   20 1437.87575 1342.21173  6.65%  11.2  110s
 161489 54164 1405.17314   34   24 1437.87575 1344.16761  6.52%  11.2  115s
 166132 54714 1386.69185   39   14 1437.87575 1345.95443  6.39%  11.3  120s
 170520 55191     cutoff   26      1437.87575 1347.47949  6.29%  11.3  125s
 175532 55718     cutoff   42      1437.87575 1349.06281  6.18%  11.4  130s
 180045 56169 1408.85761   64   19 1437.87575 1350.70127  6.06%  11.4  136s
 183236 56451 1394.16308   28   19 1437.87575 1351.80133  5.99%  11.5  140s
 187009 56822     cutoff   82      1437.87575 1352.82825  5.91%  11.5  145s
H188804 56849                    1437.8757490 1353.45707  5.87%  11.5  146s
 191528 57092     cutoff   43      1437.87575 1354.44516  5.80%  11.5  152s
 192762 57251 1422.43267   78   47 1437.87575 1354.88965  5.77%  11.6  155s
 196500 57492     cutoff   32      1437.87575 1356.08533  5.69%  11.6  160s
 200224 57726 1437.18167   50   31 1437.87575 1357.19761  5.61%  11.6  165s
 205219 57982     cutoff   59      1437.87575 1358.73078  5.50%  11.7  171s
 208786 58047 1382.38627   33   28 1437.87575 1359.94955  5.42%  11.7  175s
 212364 58100 1430.83341   28   35 1437.87575 1360.99466  5.35%  11.7  180s
 217084 58125 1433.21851   37   25 1437.87575 1362.47430  5.24%  11.8  186s
 220713 58254 1412.59017   38   36 1437.87575 1363.50772  5.17%  11.8  190s
 224223 58217     cutoff   68      1437.87575 1364.58330  5.10%  11.8  195s
 229084 58220     cutoff   61      1437.87575 1366.00994  5.00%  11.9  200s
 232613 58119 infeasible   44      1437.87575 1366.99191  4.93%  11.9  206s
 236235 58011 1417.99007   61    8 1437.87575 1368.10011  4.85%  11.9  211s
 238616 58004 infeasible   37      1437.87575 1368.77949  4.81%  12.0  215s
 242071 57870     cutoff   26      1437.87575 1369.66867  4.74%  12.0  220s
 245779 57678 1421.67228   22   40 1437.87575 1370.71592  4.67%  12.0  226s
 248088 57562 1382.87700   28   35 1437.87575 1371.43608  4.62%  12.0  230s
 251808 57235     cutoff   38      1437.87575 1372.48785  4.55%  12.1  235s
 255559 56980 1399.38963   30   43 1437.87575 1373.39933  4.48%  12.1  241s
 257812 56849 1432.84097   30   23 1437.87575 1374.15174  4.43%  12.1  245s
 261620 56666 infeasible   42      1437.87575 1375.06561  4.37%  12.1  251s
 263815 56502 infeasible   50      1437.87575 1375.70722  4.32%  12.2  255s
 267527 56071     cutoff   57      1437.87575 1376.83984  4.24%  12.2  260s
 271263 55630     cutoff   31      1437.87575 1377.95535  4.17%  12.2  266s
 274825 55276     cutoff   27      1437.87575 1379.01461  4.09%  12.2  271s
 278323 54856     cutoff   36      1437.87575 1379.83909  4.04%  12.3  276s
 282084 54356     cutoff   42      1437.87575 1380.90809  3.96%  12.3  281s
 284345 54051     cutoff   56      1437.87575 1381.51052  3.92%  12.3  286s
 286930 53753 1433.91654   36    - 1437.87575 1382.23372  3.87%  12.3  290s
 290776 53217     cutoff   41      1437.87575 1383.19107  3.80%  12.3  296s
 294493 52664     cutoff   44      1437.87575 1384.16695  3.74%  12.4  301s
 297088 52353 1429.25327   33   41 1437.87575 1384.79012  3.69%  12.4  305s
 300611 51730     cutoff   49      1437.87575 1385.68854  3.63%  12.4  310s
 304241 51068 1417.32244   34   17 1437.87575 1386.69575  3.56%  12.4  315s
 307825 50350     cutoff   67      1437.87575 1387.55739  3.50%  12.5  320s
 311556 49623     cutoff   60      1437.87575 1388.57542  3.43%  12.5  326s
 315189 48913     cutoff   56      1437.87575 1389.53834  3.36%  12.5  331s
H318086 48298                    1437.8757146 1390.25780  3.31%  12.5  334s
 318877 48001 1406.46854   38   21 1437.87571 1390.53664  3.29%  12.5  336s
 322680 47346 1437.11649   31   20 1437.87571 1391.61364  3.22%  12.6  343s
 322801 47081 1416.94038   73   29 1437.87571 1391.63194  3.22%  12.6  345s
 326728 46154     cutoff   63      1437.87571 1392.61286  3.15%  12.6  350s
 330561 45133     cutoff   45      1437.87571 1393.61327  3.08%  12.6  355s
 334384 44024 1403.04678   40   23 1437.87571 1394.74791  3.00%  12.6  361s
 338187 42918 infeasible   61      1437.87571 1395.73557  2.93%  12.7  366s
 340763 42178     cutoff   24      1437.87571 1396.39478  2.88%  12.7  370s
 344563 41071 1424.31663   41   37 1437.87571 1397.42713  2.81%  12.7  376s
 348306 39888     cutoff   38      1437.87571 1398.55113  2.73%  12.7  381s
 350800 39053 1429.71718   42   18 1437.87571 1399.21044  2.69%  12.7  385s
 354601 37764     cutoff   39      1437.87571 1400.29555  2.61%  12.8  391s
 357119 36893     cutoff   46      1437.87571 1401.04782  2.56%  12.8  395s
 360880 35554     cutoff   37      1437.87571 1402.20065  2.48%  12.8  400s
 364600 34048     cutoff   34      1437.87571 1403.25976  2.41%  12.8  406s
 367071 33020     cutoff   45      1437.87571 1404.08447  2.35%  12.8  410s
 369319 31943 1424.51668   30   36 1437.87571 1404.90700  2.29%  12.9  415s
 373394 30270     cutoff   70      1437.87571 1406.12502  2.21%  12.9  421s
 375935 29132     cutoff   43      1437.87571 1406.92368  2.15%  12.9  425s
 379799 27342     cutoff   54      1437.87571 1408.29618  2.06%  12.9  432s
 382281 26082     cutoff   61      1437.87571 1409.10613  2.00%  12.9  435s
 383572 26001 1432.94043   49   14 1437.87571 1409.59169  1.97%  13.0  441s
 385023 24709 1431.85132   50    8 1437.87571 1410.06998  1.93%  13.0  445s
 388730 22690     cutoff   44      1437.87571 1411.50643  1.83%  13.0  451s
 391349 21228 infeasible   75      1437.87571 1412.55697  1.76%  13.0  455s
H392844 20566                    1437.8756693 1413.07076  1.73%  13.0  457s
 393844 20512     cutoff   35      1437.87567 1413.48926  1.70%  13.0  464s
H393851 20512                    1437.8756397 1413.48926  1.70%  13.0  464s
 393921 19790 1417.51903   39    9 1437.87564 1413.54676  1.69%  13.0  466s
 396561 18286     cutoff   59      1437.87564 1414.67946  1.61%  13.0  470s
 400450 15869     cutoff   62      1437.87564 1416.41926  1.49%  13.1  476s
 402940 14158 1421.89553   36   20 1437.87564 1417.81051  1.40%  13.1  480s
 406803 11401     cutoff   54      1437.87564 1420.10726  1.24%  13.1  486s
 409357  9462 infeasible   39      1437.87564 1421.79305  1.12%  13.1  490s
 413103  6474     cutoff   41      1437.87564 1424.82537  0.91%  13.2  496s
 416881  3164     cutoff   35      1437.87564 1428.89723  0.62%  13.2  501s
 420896     0 infeasible   38      1437.87564 1436.24136  0.11%  13.2  505s

Cutting planes:
  Gomory: 7
  Inf proof: 1
  Zero half: 33
  Mod-K: 1
  RLT: 3
  Lazy constraints: 2799

Explored 421486 nodes (5548940 simplex iterations) in 505.65 seconds
Thread count was 12 (of 12 available processors)

Solution count 3: 1437.88 1438.68 1459.43 

Optimal solution found (tolerance 1.00e-04)
Best objective 1.437875639745e+03, best bound 1.437875639745e+03, gap 0.0000%

User-callback calls 927873, time in user-callback 0.54 sec
/projects/academic/josewalt/caigao/RRARP_BD/BendersDecomp/ret/model_outs/n_22_h_6_algo_3.out
 =====>>>>> Solution is written to file in <../ret/model_outs> !!!
===>> All Done!
