NPROCS=0
This instance is clustered!
Gurobi Optimizer version 9.0.0 build v9.0.0rc2 (linux64)
Optimize a model with 22 rows, 122 columns and 242 nonzeros
Model fingerprint: 0x3df3cbaf
Variable types: 1 continuous, 121 integer (121 binary)
Coefficient statistics:
  Matrix range     [1e+00, 1e+00]
  Objective range  [1e+00, 8e+01]
  Bounds range     [1e+00, 1e+00]
  RHS range        [1e+00, 1e+00]
Presolve removed 2 rows and 30 columns
Presolve time: 0.00s
Presolved: 20 rows, 92 columns, 182 nonzeros
Variable types: 1 continuous, 91 integer (91 binary)

Root relaxation: objective 1.526244e+02, 18 iterations, 0.00 seconds
 done with super cut 0

    Nodes    |    Current Node    |     Objective Bounds      |     Work
 Expl Unexpl |  Obj  Depth IntInf | Incumbent    BestBd   Gap | It/Node Time

     0     0  157.88380    0   16          -  157.88380      -     -    0s
     0     0  164.19930    0   10          -  164.19930      -     -    0s
 done with super cut 1
     0     0  164.19930    0   10          -  164.19930      -     -    0s
     0     2  164.19930    0   10          -  164.19930      -     -    0s
 done with super cut 2
 done with super cut 3
 done with super cut 4
 done with super cut 5
 done with super cut 6
 done with super cut 7
 done with super cut 8
 done with super cut 9
 done with super cut 10
*   41    30               4     227.1332093  178.96884  21.2%   4.7    0s
*   46    26               4     185.0476135  178.96884  3.28%   4.5    0s
*   58    17               4     184.0359476  178.96884  2.75%   4.2    0s

Cutting planes:
  Gomory: 1
  Lazy constraints: 32

Explored 84 nodes (317 simplex iterations) in 0.86 seconds
Thread count was 12 (of 12 available processors)

Solution count 3: 184.036 185.048 227.133 

Optimal solution found (tolerance 1.00e-04)
Best objective 1.840359476243e+02, best bound 1.840359476243e+02, gap 0.0000%

User-callback calls 270, time in user-callback 0.83 sec
/projects/academic/josewalt/caigao/RRARP_BD/BendersDecomp/ret/model_outs/n_9_m_10_algo_4.out
 =====>>>>> Solution is written to file in <../ret/model_outs> !!!
===>> All Done!
