NPROCS=0
This instance is clustered!
Gurobi Optimizer version 9.0.0 build v9.0.0rc2 (linux64)
Optimize a model with 16 rows, 65 columns and 128 nonzeros
Model fingerprint: 0x913c222b
Variable types: 1 continuous, 64 integer (64 binary)
Coefficient statistics:
  Matrix range     [1e+00, 1e+00]
  Objective range  [3e-01, 4e+01]
  Bounds range     [1e+00, 1e+00]
  RHS range        [1e+00, 1e+00]
Presolve removed 2 rows and 21 columns
Presolve time: 0.00s
Presolved: 14 rows, 44 columns, 86 nonzeros
Variable types: 1 continuous, 43 integer (43 binary)

Root relaxation: objective 6.442683e+01, 14 iterations, 0.00 seconds

    Nodes    |    Current Node    |     Objective Bounds      |     Work
 Expl Unexpl |  Obj  Depth IntInf | Incumbent    BestBd   Gap | It/Node Time

     0     0   64.42683    0   10          -   64.42683      -     -    0s
H    0     0                     120.1097014   64.42683  46.4%     -    0s
     0     0   68.90657    0   10  120.10970   68.90657  42.6%     -    0s
H    0     0                     115.3033951   68.90657  40.2%     -    0s
     0     0   75.84709    0   14  115.30340   75.84709  34.2%     -    0s
H    0     0                     100.9030930   75.84709  24.8%     -    0s
     0     2   77.10272    0   16  100.90309   77.10272  23.6%     -    0s
*   41    10               5      98.2455905   89.36340  9.04%   3.7    0s

Cutting planes:
  Gomory: 1
  Lazy constraints: 29

Explored 54 nodes (224 simplex iterations) in 0.04 seconds
Thread count was 12 (of 12 available processors)

Solution count 4: 98.2456 100.903 115.303 120.11 

Optimal solution found (tolerance 1.00e-04)
Best objective 9.824559049970e+01, best bound 9.824559049970e+01, gap 0.0000%

User-callback calls 216, time in user-callback 0.00 sec
/projects/academic/josewalt/caigao/RRARP_BD/BendersDecomp/ret/model_outs/n_6_h_8_algo_3.out
 =====>>>>> Solution is written to file in <../ret/model_outs> !!!
===>> All Done!
