NPROCS=0
This instance is clustered!
Gurobi Optimizer version 9.0.0 build v9.0.0rc2 (linux64)
Optimize a model with 52 rows, 677 columns and 1352 nonzeros
Model fingerprint: 0x6c1f3313
Variable types: 1 continuous, 676 integer (676 binary)
Coefficient statistics:
  Matrix range     [1e+00, 1e+00]
  Objective range  [1e+00, 7e+02]
  Bounds range     [1e+00, 1e+00]
  RHS range        [1e+00, 1e+00]
Presolve removed 2 rows and 75 columns
Presolve time: 0.01s
Presolved: 50 rows, 602 columns, 1202 nonzeros
Variable types: 1 continuous, 601 integer (601 binary)

Root relaxation: objective 1.415692e+03, 40 iterations, 0.00 seconds

    Nodes    |    Current Node    |     Objective Bounds      |     Work
 Expl Unexpl |  Obj  Depth IntInf | Incumbent    BestBd   Gap | It/Node Time

     0     0 1967.43534    0    6          - 1967.43534      -     -    0s
H    0     0                    3396.9695638 1967.43534  42.1%     -    0s
     0     0 1967.43534    0    6 3396.96956 1967.43534  42.1%     -    0s
     0     2 1967.43534    0    6 3396.96956 1967.43534  42.1%     -    0s
H  715   690                    2220.8516307 1975.86623  11.0%   3.6    0s
* 1785  1443              52    2220.5532917 1980.26455  10.8%   3.9    0s
H 2045  1445                    2206.0593853 1980.26455  10.2%   3.9    0s
 12786  6481 2117.20472   50   17 2206.05939 2037.94995  7.62%   4.4    5s
 20588 10289 2131.67573   44   15 2206.05939 2055.87718  6.81%   4.6   10s
 25819 12194     cutoff   39      2206.05939 2064.80837  6.40%   4.7   15s
 30337 13735     cutoff   50      2206.05939 2072.40574  6.06%   4.7   20s
 31063 13845 2073.14160   25   18 2206.05939 2073.14160  6.03%   4.7   25s
H31340 13277                    2206.0593321 2073.14160  6.03%   4.8   28s
 31874 13400     cutoff   61      2206.05933 2073.14160  6.03%   4.8   30s
 35047 14539 2137.19221   66   27 2206.05933 2073.14160  6.03%   4.7   35s
 38322 15343     cutoff   53      2206.05933 2073.14160  6.03%   4.7   40s
 42181 16224     cutoff   48      2206.05933 2073.14160  6.03%   4.7   45s
 44821 16774 2116.67410   57    6 2206.05933 2073.14160  6.03%   4.7   50s
 48422 17403 infeasible   46      2206.05933 2073.14160  6.03%   4.7   55s
 51822 17719 2137.44019   46    6 2206.05933 2073.14160  6.03%   4.7   60s
 55012 17780     cutoff   71      2206.05933 2077.61610  5.82%   4.7   65s
 58467 17732 infeasible   64      2206.05933 2084.90909  5.49%   4.7   71s
 61298 17790     cutoff   57      2206.05933 2090.08028  5.26%   4.7   76s
 63669 17536     cutoff   60      2206.05933 2093.84020  5.09%   4.8   81s
 65844 17434     cutoff   51      2206.05933 2097.16460  4.94%   4.8   86s
 67670 17294     cutoff   58      2206.05933 2099.73562  4.82%   4.8   90s
 69591 17182 2123.37653   48    6 2206.05933 2103.12202  4.67%   4.8   95s
 71732 17382     cutoff   63      2206.05933 2105.26341  4.57%   4.8  100s
 73665 17806 2204.14234   37    9 2206.05933 2108.07920  4.44%   4.8  106s
 75553 18199 2190.69731   40    8 2206.05933 2110.36744  4.34%   4.8  112s
 76612 18340     cutoff   55      2206.05933 2111.51861  4.29%   4.9  115s
 78561 18919 2176.59556   66   15 2206.05933 2113.50472  4.20%   4.9  121s
 80559 19249     cutoff   48      2206.05933 2115.55812  4.10%   4.9  127s
 81513 19343     cutoff   47      2206.05933 2116.41550  4.06%   4.9  131s
 83719 19688     cutoff   53      2206.05933 2118.84309  3.95%   4.9  137s
 84630 19812     cutoff   51      2206.05933 2119.28595  3.93%   4.9  140s
 86331 20042     cutoff   47      2206.05933 2121.13999  3.85%   4.9  146s
 87238 20178     cutoff   47      2206.05933 2122.09352  3.81%   4.9  150s
 89534 20528     cutoff   48      2206.05933 2123.37639  3.75%   4.9  156s
 90577 20544     cutoff   71      2206.05933 2124.64289  3.69%   4.9  160s
 92496 20604     cutoff   44      2206.05933 2126.39177  3.61%   4.9  166s
 93612 20731     cutoff   44      2206.05933 2127.41499  3.56%   4.9  170s
 95645 20778 2197.31530   41    9 2206.05933 2129.40501  3.47%   5.0  177s
 96439 20783     cutoff   46      2206.05933 2130.02512  3.45%   5.0  180s
 98324 20838 2152.16639   41    8 2206.05933 2131.64227  3.37%   5.0  188s
 99280 20887 infeasible   35      2206.05933 2132.06385  3.35%   5.0  192s
 100431 20849     cutoff   54      2206.05933 2133.35905  3.30%   5.0  196s
 101388 20825     cutoff   45      2206.05933 2133.97488  3.27%   5.0  200s
 103059 20818 infeasible   54      2206.05933 2135.26545  3.21%   5.0  208s
 104081 20809 infeasible   54      2206.05933 2136.61835  3.15%   5.0  212s
 105105 20770 2179.99354   58   15 2206.05933 2137.39460  3.11%   5.0  216s
 106323 20775     cutoff   46      2206.05933 2138.24985  3.07%   5.0  222s
 106997 20665 2204.39075   54    6 2206.05933 2138.63157  3.06%   5.0  226s
 108070 20626     cutoff   39      2206.05933 2139.57142  3.01%   5.0  232s
 109163 20566     cutoff   67      2206.05933 2140.37635  2.98%   5.0  236s
 110399 20436     cutoff   53      2206.05933 2141.45134  2.93%   5.0  240s
 111456 20295 2197.57633   51   11 2206.05933 2141.95800  2.91%   5.1  245s
 113570 20056 2176.66482   47    9 2206.05933 2144.22362  2.80%   5.1  254s
 114630 19920     cutoff   37      2206.05933 2145.01153  2.77%   5.1  259s
 115672 19737 2183.47066   37   16 2206.05933 2145.85759  2.73%   5.1  264s
 116752 19579     cutoff   47      2206.05933 2146.67044  2.69%   5.1  269s
 117596 19310     cutoff   46      2206.05933 2147.54559  2.65%   5.1  274s
 118669 19014     cutoff   52      2206.05933 2148.58776  2.61%   5.1  280s
 119746 18729 2178.05445   46    - 2206.05933 2149.28214  2.57%   5.1  286s
 120877 18518     cutoff   56      2206.05933 2150.48118  2.52%   5.1  291s
 122000 18235 2194.22719   52   10 2206.05933 2151.39568  2.48%   5.1  296s
 123139 17960 infeasible   47      2206.05933 2152.21010  2.44%   5.1  302s
 124246 17615     cutoff   41      2206.05933 2153.48329  2.38%   5.2  308s
 125428 17436     cutoff   49      2206.05933 2154.06228  2.36%   5.2  313s
 126223 17067     cutoff   43      2206.05933 2155.04378  2.31%   5.2  318s
 127366 16674     cutoff   65      2206.05933 2156.00039  2.27%   5.2  323s
 128515 16320     cutoff   40      2206.05933 2157.37123  2.21%   5.2  328s
 129651 15910     cutoff   51      2206.05933 2158.30748  2.16%   5.2  333s
 130774 15490     cutoff   46      2206.05933 2158.60419  2.15%   5.2  339s
 131912 15045 2191.77828   45    6 2206.05933 2160.09461  2.08%   5.2  345s
 133048 14650 infeasible   52      2206.05933 2162.05054  1.99%   5.2  350s
 134213 14192 infeasible   39      2206.05933 2163.23487  1.94%   5.2  355s
 135370 13682 2179.04116   37    8 2206.05933 2164.47100  1.89%   5.2  362s
 136511 13137 2189.22265   44    6 2206.05933 2164.94336  1.86%   5.2  368s
 137653 12884     cutoff   83      2206.05933 2167.51421  1.75%   5.2  374s
 138227 12373 infeasible   44      2206.05933 2167.89242  1.73%   5.2  380s
 139438 11796 infeasible   48      2206.05933 2169.20666  1.67%   5.2  387s
 140568 11199     cutoff   45      2206.05933 2171.13478  1.58%   5.3  395s
 141773 10612     cutoff   65      2206.05933 2171.23921  1.58%   5.3  402s
 143005  9995 infeasible   44      2206.05933 2174.50378  1.43%   5.3  409s
 144179  9264 infeasible   55      2206.05933 2176.73965  1.33%   5.3  415s
 145283  8564     cutoff   49      2206.05933 2178.50960  1.25%   5.3  422s
 146479  7870 infeasible   41      2206.05933 2180.44471  1.16%   5.3  428s
 147654  7151     cutoff   42      2206.05933 2182.35892  1.07%   5.3  434s
 148836  6368     cutoff   41      2206.05933 2184.98820  0.96%   5.3  440s
 149969  5499     cutoff   46      2206.05933 2187.42728  0.84%   5.3  446s
 151185  4569 2203.71587   36    6 2206.05933 2189.39109  0.76%   5.3  451s
 152432  3628 infeasible   58      2206.05933 2191.43226  0.66%   5.3  458s
 153637  2667 infeasible   49      2206.05933 2193.74381  0.56%   5.3  464s
 154795  1605 infeasible   41      2206.05933 2196.24650  0.44%   5.3  469s
 156043   478 infeasible   49      2206.05933 2199.48332  0.30%   5.3  475s

Cutting planes:
  Gomory: 3
  MIR: 1
  Lazy constraints: 8610

Explored 157808 nodes (829177 simplex iterations) in 478.00 seconds
Thread count was 12 (of 12 available processors)

Solution count 4: 2206.06 2220.55 2220.85 3396.97 

Optimal solution found (tolerance 1.00e-04)
Best objective 2.206059332099e+03, best bound 2.206059332099e+03, gap 0.0000%

User-callback calls 395719, time in user-callback 1.87 sec
/projects/academic/josewalt/caigao/RRARP_BD/BendersDecomp/ret/model_outs/n_24_e_4_algo_2.out
 =====>>>>> Solution is written to file in <../ret/model_outs> !!!
===>> All Done!
