NPROCS=0
This instance is clustered!
Gurobi Optimizer version 9.0.0 build v9.0.0rc2 (linux64)
Optimize a model with 40 rows, 401 columns and 800 nonzeros
Model fingerprint: 0x1aad68c2
Variable types: 1 continuous, 400 integer (400 binary)
Coefficient statistics:
  Matrix range     [1e+00, 1e+00]
  Objective range  [1e+00, 4e+02]
  Bounds range     [1e+00, 1e+00]
  RHS range        [1e+00, 1e+00]
 done with super cut 0
Presolve removed 2 rows and 57 columns
Presolve time: 0.00s
Presolved: 38 rows, 344 columns, 686 nonzeros
Variable types: 1 continuous, 343 integer (343 binary)

Root relaxation: objective 5.284310e+02, 27 iterations, 0.00 seconds

    Nodes    |    Current Node    |     Objective Bounds      |     Work
 Expl Unexpl |  Obj  Depth IntInf | Incumbent    BestBd   Gap | It/Node Time

     0     0  666.96204    0   14          -  666.96204      -     -    0s
     0     0  717.25793    0   20          -  717.25793      -     -    0s
 done with super cut 1
 done with super cut 2
 done with super cut 3
H    0     0                    1151.8756456  717.25793  37.7%     -    2s
 done with super cut 4
 done with super cut 5
 done with super cut 6
 done with super cut 7
 done with super cut 8
     0     0  742.10759    0   10 1151.87565  742.10759  35.6%     -    5s
     0     0  742.10759    0   10 1151.87565  742.10759  35.6%     -    5s
     0     2  747.76704    0   36 1151.87565  747.76704  35.1%     -    5s
 done with super cut 9
 done with super cut 10
* 1200   987              32    1144.9479521  787.43454  31.2%   6.1    9s
H 2101  1373                    1058.1266394  796.75819  24.7%   6.3    9s
  2119  1385  901.72627   23   51 1058.12664  796.75819  24.7%   6.2   10s
 16140  8886  908.63550   62   40 1058.12664  890.55754  15.8%   6.4   15s
 32786 18173     cutoff   58      1058.12664  911.03909  13.9%   6.8   20s
 45138 23897 1005.07245   31   23 1058.12664  921.56655  12.9%   7.0   25s
 56086 28949     cutoff   63      1058.12664  928.21582  12.3%   7.1   30s
 64737 32483     cutoff   70      1058.12664  932.51234  11.9%   7.2   35s
 74285 36257 1026.14995   42   32 1058.12664  937.15743  11.4%   7.4   40s
 82034 39321     cutoff   75      1058.12664  940.85794  11.1%   7.4   45s
H89917 41861                    1058.1266296  944.64994  10.7%   7.5   49s
 90687 42279 1053.30343   36   13 1058.12663  944.73953  10.7%   7.5   50s
 94152 43391 1040.07723   51   15 1058.12663  946.32670  10.6%   7.6   55s
 102250 46185 1003.49500   78   29 1058.12663  949.50605  10.3%   7.7   60s
 106954 47522     cutoff   43      1058.12663  951.21614  10.1%   7.7   65s
 114923 49758     cutoff   67      1058.12663  954.09850  9.83%   7.8   70s
 121982 51859     cutoff   44      1058.12663  956.49280  9.61%   7.9   75s
 129878 53855 1026.58931   33   30 1058.12663  958.85131  9.38%   7.9   80s
 136907 55681  971.61488   28   21 1058.12663  961.21075  9.16%   8.0   85s
 142416 56959     cutoff   44      1058.12663  962.82099  9.01%   8.0   90s
H143962 57122                    1058.1265313  963.32180  8.96%   8.0   92s
 146867 57948     cutoff   48      1058.12653  964.30293  8.87%   8.1   95s
 152785 59124     cutoff   46      1058.12653  965.88459  8.72%   8.1  100s
 157521 60086     cutoff   50      1058.12653  967.25360  8.59%   8.1  105s
 163175 61149 1018.95625   82   18 1058.12653  968.73136  8.45%   8.2  110s
 169100 62188 1048.14984   46   18 1058.12653  970.23466  8.31%   8.2  115s
 173768 63041 1041.71049   83   30 1058.12653  971.44594  8.19%   8.2  120s
 179451 64070 1041.07611   63   14 1058.12653  972.77855  8.07%   8.3  126s
 184211 64728     cutoff   65      1058.12653  973.89679  7.96%   8.3  130s
 188514 65362     cutoff   54      1058.12653  974.86248  7.87%   8.3  135s
 194544 66163     cutoff   45      1058.12653  976.30554  7.73%   8.3  140s
H198496 66613                    1058.1253154  977.22879  7.65%   8.4  144s
 199309 66759     cutoff   41      1058.12532  977.45694  7.62%   8.4  145s
 204154 67350 1022.04487   47   25 1058.12532  978.42398  7.53%   8.4  151s
 206666 67844 1026.06825   40   13 1058.12532  979.09233  7.47%   8.4  155s
 211506 68332     cutoff   66      1058.12532  980.10139  7.37%   8.4  160s
 216316 68942     cutoff   44      1058.12532  981.15627  7.27%   8.5  165s
 221271 69510     cutoff   49      1058.12532  982.18751  7.18%   8.5  171s
 224927 70002 1033.44231   64   27 1058.12532  982.88253  7.11%   8.5  175s
 229829 70481     cutoff   55      1058.12532  983.91557  7.01%   8.5  181s
 233344 70871     cutoff   47      1058.12532  984.65409  6.94%   8.5  185s
 238281 71271 1013.93495   59   34 1058.12532  985.71087  6.84%   8.5  190s
 242991 71688 1017.85586   36   22 1058.12532  986.62719  6.76%   8.6  195s
 247820 72057     cutoff   59      1058.12532  987.55405  6.67%   8.6  201s
 251285 72394 1000.04381   43   23 1058.12532  988.23370  6.61%   8.6  205s
 256057 72644 1041.89085   35   18 1058.12532  989.14984  6.52%   8.6  211s
 258251 72779     cutoff   29      1058.12532  989.55922  6.48%   8.6  215s
 260967 72884 1021.80061   49   30 1058.12532  989.99993  6.44%   8.6  220s
 265668 73026 1049.04258   60   12 1058.12532  991.01103  6.34%   8.6  225s
 270792 73155     cutoff   42      1058.12532  991.92631  6.26%   8.7  231s
 274246 73271 1009.32379   44   28 1058.12532  992.55813  6.20%   8.7  235s
 280541 73491     cutoff   47      1058.12532  993.61666  6.10%   8.7  241s
 284060 73524     cutoff   53      1058.12532  994.29653  6.03%   8.7  245s
 287793 73538     cutoff   53      1058.12532  995.02562  5.96%   8.7  250s
 292847 73649 1052.10884   40   16 1058.12532  995.88213  5.88%   8.7  255s
 297442 73638 1054.08508   30    6 1058.12532  996.66925  5.81%   8.8  260s
 302155 73451 1056.83725   46   20 1058.12532  997.52853  5.73%   8.8  265s
 307193 73461 1009.90374   55   27 1058.12532  998.47614  5.64%   8.8  270s
 312122 73309 1030.44652   50   21 1058.12532  999.23709  5.57%   8.8  276s
 315601 73222 1035.63577   42   10 1058.12532  999.76328  5.52%   8.8  280s
 320570 73075     cutoff   57      1058.12532 1000.66628  5.43%   8.8  286s
 324435 72875 infeasible   38      1058.12532 1001.32454  5.37%   8.9  290s
H325032 72876                    1058.1253106 1001.34135  5.37%   8.9  290s
 329245 72667 1029.20067   52   10 1058.12531 1002.13216  5.29%   8.9  295s
 334114 72312     cutoff   41      1058.12531 1002.91701  5.22%   8.9  300s
 338958 71965 1046.69317   56   11 1058.12531 1003.67904  5.15%   8.9  306s
 342790 71747 1054.31329   49   14 1058.12531 1004.26849  5.09%   8.9  310s
 346392 71425     cutoff   49      1058.12531 1004.83085  5.04%   8.9  315s
 350084 71105     cutoff   55      1058.12531 1005.47188  4.98%   8.9  320s
 353615 70629 1016.90767   43   24 1058.12531 1006.05187  4.92%   9.0  325s
 357487 70211     cutoff   60      1058.12531 1006.62546  4.87%   9.0  330s
 361152 69866 infeasible   28      1058.12531 1007.22212  4.81%   9.0  335s
 366029 69356 1042.81811   49   30 1058.12531 1007.98344  4.74%   9.0  341s
 369850 68844     cutoff   41      1058.12531 1008.64238  4.68%   9.0  345s
 374871 68193 1024.53351   42   21 1058.12531 1009.38939  4.61%   9.0  351s
 378719 67683     cutoff   43      1058.12531 1010.07417  4.54%   9.0  355s
H379226 67684                    1058.1251704 1010.08250  4.54%   9.0  355s
 383811 66961     cutoff   32      1058.12517 1010.89208  4.46%   9.1  360s
 387364 66422 1049.39716   52    6 1058.12517 1011.45063  4.41%   9.1  365s
 392247 65631 1053.78778   47   30 1058.12517 1012.16994  4.34%   9.1  371s
 396028 64874     cutoff   52      1058.12517 1012.88736  4.28%   9.1  375s
 399449 64191     cutoff   32      1058.12517 1013.47407  4.22%   9.1  381s
 403185 63511 1057.31926   43   20 1058.12517 1014.05201  4.17%   9.1  385s
 407007 62727 1036.35572   51   33 1058.12517 1014.64137  4.11%   9.1  390s
 410828 61924     cutoff   47      1058.12517 1015.30796  4.05%   9.2  395s
 414729 61113     cutoff   44      1058.12517 1015.94938  3.99%   9.2  400s
 418380 60250     cutoff   57      1058.12517 1016.62591  3.92%   9.2  405s
 422195 59341 1052.32876   57   29 1058.12517 1017.34347  3.85%   9.2  410s
 426007 58491 infeasible   42      1058.12517 1017.95543  3.80%   9.2  415s
 429787 57496 1049.91215   69   22 1058.12517 1018.56856  3.74%   9.2  421s
 432404 56816 infeasible   71      1058.12517 1019.05426  3.69%   9.2  425s
 436009 55801     cutoff   63      1058.12517 1019.58117  3.64%   9.2  431s
 438548 55079     cutoff   36      1058.12517 1020.07294  3.60%   9.2  435s
 442401 53913     cutoff   50      1058.12517 1020.77872  3.53%   9.3  441s
 444978 53166     cutoff   40      1058.12517 1021.28006  3.48%   9.3  445s
 448685 52017 1045.22779   47   20 1058.12517 1021.88282  3.43%   9.3  451s
 451380 51192     cutoff   46      1058.12517 1022.35737  3.38%   9.3  455s
 455120 50009     cutoff   37      1058.12517 1023.00697  3.32%   9.3  460s
 459116 48640     cutoff   55      1058.12517 1023.78333  3.25%   9.3  466s
 461580 47758 1041.97283   35   17 1058.12517 1024.20764  3.21%   9.3  470s
 463116 47216     cutoff   47      1058.12517 1024.48123  3.18%   9.3  475s
 467210 45776     cutoff   61      1058.12517 1025.24961  3.11%   9.3  480s
 471094 44363 1036.83804   59   20 1058.12517 1026.00077  3.04%   9.4  486s
 475001 42796     cutoff   45      1058.12517 1026.77464  2.96%   9.4  491s
 479001 41126     cutoff   64      1058.12517 1027.66560  2.88%   9.4  496s
 482718 39494     cutoff   52      1058.12517 1028.48898  2.80%   9.4  500s
 486595 37745     cutoff   49      1058.12517 1029.31606  2.72%   9.4  505s
 490194 36065     cutoff   37      1058.12517 1030.14301  2.64%   9.4  510s
 495369 33740 1045.47355   52   22 1058.12517 1031.31699  2.53%   9.5  516s
 499290 31852 1036.90794   47   14 1058.12517 1032.28229  2.44%   9.5  520s
 503097 29920     cutoff   39      1058.12517 1033.28452  2.35%   9.5  525s
 506917 27791 1052.02016   53   26 1058.12517 1034.32845  2.25%   9.5  530s
 510821 25598 1048.68142   56   13 1058.12517 1035.46057  2.14%   9.5  535s
 514591 23342     cutoff  103      1058.12517 1036.56267  2.04%   9.5  541s
 518276 21035     cutoff   49      1058.12517 1037.78703  1.92%   9.6  546s
 520738 19377     cutoff   42      1058.12517 1038.60429  1.84%   9.6  550s
 524646 16855     cutoff   54      1058.12517 1040.08507  1.70%   9.6  555s
 529665 13186     cutoff   39      1058.12517 1042.28609  1.50%   9.6  561s
 530922 13117     cutoff   57      1058.12517 1042.95602  1.43%   9.6  566s
 533588 10118     cutoff   49      1058.12517 1044.42634  1.29%   9.6  571s
 537353  6885     cutoff   31      1058.12517 1047.08155  1.04%   9.6  576s
 541165  3401 infeasible   36      1058.12517 1050.60839  0.71%   9.6  580s

Cutting planes:
  Gomory: 7
  Zero half: 4
  Mod-K: 1
  Lazy constraints: 3191

Explored 545916 nodes (5262282 simplex iterations) in 584.03 seconds
Thread count was 12 (of 12 available processors)

Solution count 3: 1058.13 1144.95 1151.88 

Optimal solution found (tolerance 1.00e-04)
Best objective 1.058125170430e+03, best bound 1.058125170430e+03, gap 0.0000%

User-callback calls 1218497, time in user-callback 9.30 sec
/projects/academic/josewalt/caigao/RRARP_BD/BendersDecomp/ret/model_outs/n_18_h_3_algo_4.out
 =====>>>>> Solution is written to file in <../ret/model_outs> !!!
===>> All Done!
