NPROCS=0
This instance is clustered!
Gurobi Optimizer version 9.0.0 build v9.0.0rc2 (linux64)
Optimize a model with 22 rows, 122 columns and 242 nonzeros
Model fingerprint: 0x9fafdc13
Variable types: 1 continuous, 121 integer (121 binary)
Coefficient statistics:
  Matrix range     [1e+00, 1e+00]
  Objective range  [1e+00, 7e+01]
  Bounds range     [1e+00, 1e+00]
  RHS range        [1e+00, 1e+00]
Presolve removed 2 rows and 30 columns
Presolve time: 0.00s
Presolved: 20 rows, 92 columns, 182 nonzeros
Variable types: 1 continuous, 91 integer (91 binary)

Root relaxation: objective 1.440313e+02, 24 iterations, 0.00 seconds

    Nodes    |    Current Node    |     Objective Bounds      |     Work
 Expl Unexpl |  Obj  Depth IntInf | Incumbent    BestBd   Gap | It/Node Time

     0     0  149.52719    0   16          -  149.52719      -     -    0s
H    0     0                     200.5262449  149.52719  25.4%     -    0s
H    0     0                     191.8348444  149.52719  22.1%     -    0s
     0     0  150.93003    0    8  191.83484  150.93003  21.3%     -    0s
     0     0  150.93003    0    8  191.83484  150.93003  21.3%     -    0s
     0     2  151.33153    0    8  191.83484  151.33153  21.1%     -    0s

Cutting planes:
  Gomory: 1
  Lazy constraints: 284

Explored 1048 nodes (3064 simplex iterations) in 0.17 seconds
Thread count was 12 (of 12 available processors)

Solution count 2: 191.835 200.526 

Optimal solution found (tolerance 1.00e-04)
Best objective 1.918348443550e+02, best bound 1.918348443550e+02, gap 0.0000%

User-callback calls 2549, time in user-callback 0.01 sec
/projects/academic/josewalt/caigao/RRARP_BD/BendersDecomp/ret/model_outs/n_9_h_3_algo_2.out
 =====>>>>> Solution is written to file in <../ret/model_outs> !!!
===>> All Done!
