NPROCS=0
This instance is clustered!
Gurobi Optimizer version 9.0.0 build v9.0.0rc2 (linux64)
Optimize a model with 44 rows, 485 columns and 968 nonzeros
Model fingerprint: 0x78da3467
Variable types: 1 continuous, 484 integer (484 binary)
Coefficient statistics:
  Matrix range     [1e+00, 1e+00]
  Objective range  [1e+00, 4e+02]
  Bounds range     [1e+00, 1e+00]
  RHS range        [1e+00, 1e+00]
Presolve removed 2 rows and 63 columns
Presolve time: 0.01s
Presolved: 42 rows, 422 columns, 842 nonzeros
Variable types: 1 continuous, 421 integer (421 binary)

Root relaxation: objective 7.497733e+02, 37 iterations, 0.00 seconds

    Nodes    |    Current Node    |     Objective Bounds      |     Work
 Expl Unexpl |  Obj  Depth IntInf | Incumbent    BestBd   Gap | It/Node Time

     0     0  749.77332    0   16          -  749.77332      -     -    0s
 done with super cut 0
     0     0 1120.14045    0   36          - 1120.14045      -     -    0s
 done with super cut 1
     0     2 1120.14045    0   36          - 1120.14045      -     -    0s
 done with super cut 2
 done with super cut 3
 done with super cut 4
 done with super cut 5
 done with super cut 6
 done with super cut 7
 done with super cut 8
 done with super cut 9
 done with super cut 10
*  723   675              43    1414.3181039 1140.79562  19.3%   5.9    4s
H 2011  1258                    1384.5678052 1169.81079  15.5%   6.0    4s
  2022  1257 1188.08827   13   48 1384.56781 1169.81079  15.5%   6.0    5s
 16208  8283 1377.11738   42    8 1384.56781 1230.87479  11.1%   6.6   10s
 31180 14355 infeasible   39      1384.56781 1252.82464  9.52%   7.2   16s
 40706 18455     cutoff   65      1384.56781 1261.69648  8.87%   7.4   20s
 50545 21665     cutoff   48      1384.56781 1270.02575  8.27%   7.6   25s
 58572 23937 1341.04913   42   12 1384.56781 1276.17151  7.83%   7.8   30s
 67275 26157     cutoff   59      1384.56781 1281.65020  7.43%   8.0   35s
 74796 27671     cutoff   36      1384.56781 1286.18655  7.11%   8.1   40s
 82278 28957 1370.16444   43    6 1384.56781 1290.91750  6.76%   8.3   45s
 89653 29919 1351.12295   51   27 1384.56781 1295.22396  6.45%   8.4   51s
 93051 30526     cutoff   35      1384.56781 1296.95784  6.33%   8.5   55s
 101071 31461 1356.26569   29   19 1384.56781 1301.01121  6.03%   8.6   60s
 107794 31972     cutoff   38      1384.56781 1304.14536  5.81%   8.7   65s
 114626 32387     cutoff   68      1384.56781 1307.60634  5.56%   8.8   70s
 120331 32487     cutoff   42      1384.56781 1310.26333  5.37%   8.9   76s
 124878 32621     cutoff   45      1384.56781 1312.26285  5.22%   9.0   80s
 127320 32687     cutoff   60      1384.56781 1313.21441  5.15%   9.0   85s
 131732 32686     cutoff   30      1384.56781 1315.29043  5.00%   9.0   90s
 136441 32623 1351.33029   39   41 1384.56781 1317.39512  4.85%   9.1   95s
H137691 32546                    1384.5676783 1317.96793  4.81%   9.1   96s
 138699 32556     cutoff   59      1384.56768 1318.32969  4.78%   9.1  101s
 142220 32279     cutoff   48      1384.56768 1319.86648  4.67%   9.2  105s
 146812 31977     cutoff   44      1384.56768 1321.86376  4.53%   9.2  110s
 152680 31517     cutoff   46      1384.56768 1324.47362  4.34%   9.3  116s
 157230 30925     cutoff   38      1384.56768 1326.66698  4.18%   9.4  120s
 162011 30522 1354.75850   44   35 1384.56768 1328.59427  4.04%   9.4  125s
 166694 29900     cutoff   42      1384.56768 1330.63187  3.90%   9.5  130s
 171397 29172     cutoff   40      1384.56768 1332.69054  3.75%   9.5  135s
 176079 28305 infeasible   45      1384.56768 1334.86594  3.59%   9.6  140s
 180761 27307     cutoff   47      1384.56768 1336.97197  3.44%   9.6  145s
 184274 26502 1353.22251   36    8 1384.56768 1338.59680  3.32%   9.7  150s
 188985 25301     cutoff   53      1384.56768 1340.73065  3.17%   9.7  156s
 192541 24384 1378.96904   35   12 1384.56768 1342.26969  3.05%   9.8  160s
 196070 23229     cutoff   43      1384.56768 1344.13201  2.92%   9.8  165s
 200867 21678     cutoff   61      1384.56768 1346.49245  2.75%   9.9  170s
 205619 19840     cutoff   53      1384.56768 1348.95405  2.57%   9.9  175s
 210262 17948 1383.51097   46   24 1384.56768 1351.42643  2.39%  10.0  180s
 214921 15695 1371.50994   36    9 1384.56768 1354.27711  2.19%  10.1  185s
 220766 12543     cutoff   42      1384.56768 1358.33886  1.89%  10.2  191s
 224333 11096     cutoff   41      1384.56768 1360.99171  1.70%  10.2  197s
H224342 11096                    1384.5672669 1361.00256  1.70%  10.2  197s
 225601  9586     cutoff   46      1384.56727 1362.16415  1.62%  10.2  200s
 230350  6105     cutoff   38      1384.56727 1367.13146  1.26%  10.3  205s
 235144  1954     cutoff   49      1384.56727 1374.72798  0.71%  10.4  210s

Cutting planes:
  Gomory: 5
  Zero half: 9
  Lazy constraints: 2458

Explored 238388 nodes (2470401 simplex iterations) in 211.87 seconds
Thread count was 12 (of 12 available processors)

Solution count 2: 1384.57 1414.32 

Optimal solution found (tolerance 1.00e-04)
Best objective 1.384567266868e+03, best bound 1.384567266868e+03, gap 0.0000%

User-callback calls 508952, time in user-callback 4.38 sec
/projects/academic/josewalt/caigao/RRARP_BD/BendersDecomp/ret/model_outs/n_20_m_2_algo_4.out
 =====>>>>> Solution is written to file in <../ret/model_outs> !!!
===>> All Done!
