NPROCS=0
This instance is clustered!
Gurobi Optimizer version 9.0.0 build v9.0.0rc2 (linux64)
Optimize a model with 48 rows, 577 columns and 1152 nonzeros
Model fingerprint: 0xd4d83c61
Variable types: 1 continuous, 576 integer (576 binary)
Coefficient statistics:
  Matrix range     [1e+00, 1e+00]
  Objective range  [1e+00, 5e+02]
  Bounds range     [1e+00, 1e+00]
  RHS range        [1e+00, 1e+00]
Presolve removed 2 rows and 69 columns
Presolve time: 0.00s
Presolved: 46 rows, 508 columns, 1014 nonzeros
Variable types: 1 continuous, 507 integer (507 binary)

Root relaxation: objective 1.236897e+03, 45 iterations, 0.00 seconds

    Nodes    |    Current Node    |     Objective Bounds      |     Work
 Expl Unexpl |  Obj  Depth IntInf | Incumbent    BestBd   Gap | It/Node Time

     0     0 1383.82711    0   10          - 1383.82711      -     -    0s
 done with super cut 0
 done with super cut 1
H    0     0                    1801.1970845 1383.82711  23.2%     -    1s
 done with super cut 2
     0     0 1574.58591    0   34 1801.19708 1574.58591  12.6%     -    2s
     0     0 1587.56262    0   29 1801.19708 1587.56262  11.9%     -    2s
     0     0 1596.06383    0   41 1801.19708 1596.06383  11.4%     -    2s
     0     0 1599.28093    0   43 1801.19708 1599.28093  11.2%     -    2s
 done with super cut 3
     0     0 1600.52921    0   52 1801.19708 1600.52921  11.1%     -    5s
     0     0 1601.25604    0   45 1801.19708 1601.25604  11.1%     -    5s
     0     0 1601.37896    0   45 1801.19708 1601.37896  11.1%     -    5s
 done with super cut 4
     0     0 1601.48207    0   54 1801.19708 1601.48207  11.1%     -    8s
     0     0 1601.48207    0   54 1801.19708 1601.48207  11.1%     -    8s
     0     2 1614.04187    0   45 1801.19708 1614.04187  10.4%     -    8s
 done with super cut 5
 done with super cut 6
    15    22 1635.72335    4    - 1801.19708 1626.92761  9.68%  11.1   15s
 done with super cut 7
 done with super cut 8
 done with super cut 9
 done with super cut 10
    39    48 1657.98660    5   37 1801.19708 1629.35324  9.54%   9.8   31s
 16238  3596 1770.49648   29   28 1801.19708 1743.23522  3.22%   6.8   35s

Cutting planes:
  Gomory: 4
  MIR: 1
  Zero half: 2
  RLT: 1
  Lazy constraints: 355

Explored 28927 nodes (225871 simplex iterations) in 37.07 seconds
Thread count was 12 (of 12 available processors)

Solution count 1: 1801.2 

Optimal solution found (tolerance 1.00e-04)
Best objective 1.801197084456e+03, best bound 1.801197084456e+03, gap 0.0000%

User-callback calls 60791, time in user-callback 31.04 sec
/projects/academic/josewalt/caigao/RRARP_BD/BendersDecomp/ret/model_outs/n_22_e_2_algo_4.out
 =====>>>>> Solution is written to file in <../ret/model_outs> !!!
===>> All Done!
