NPROCS=0
This instance is clustered!
Gurobi Optimizer version 9.0.0 build v9.0.0rc2 (linux64)
Optimize a model with 40 rows, 401 columns and 800 nonzeros
Model fingerprint: 0xcda59368
Variable types: 1 continuous, 400 integer (400 binary)
Coefficient statistics:
  Matrix range     [1e+00, 1e+00]
  Objective range  [1e+00, 3e+02]
  Bounds range     [1e+00, 1e+00]
  RHS range        [1e+00, 1e+00]
Presolve removed 2 rows and 57 columns
Presolve time: 0.00s
Presolved: 38 rows, 344 columns, 686 nonzeros
Variable types: 1 continuous, 343 integer (343 binary)

Root relaxation: objective 5.105406e+02, 31 iterations, 0.00 seconds

    Nodes    |    Current Node    |     Objective Bounds      |     Work
 Expl Unexpl |  Obj  Depth IntInf | Incumbent    BestBd   Gap | It/Node Time

     0     0  631.23121    0   20          -  631.23121      -     -    0s
     0     0  705.47301    0   26          -  705.47301      -     -    0s
     0     0  720.60428    0   12          -  720.60428      -     -    0s
     0     2  725.41185    0   12          -  725.41185      -     -    0s
H 2033  1582                    1828.6818609  767.59904  58.0%   3.6    0s
H 2033  1503                    1563.2271489  767.59904  50.9%   3.6    0s
H 2033  1428                    1252.9954276  767.59904  38.7%   3.6    1s
H 2035  1357                    1251.5585859  767.59904  38.7%   3.6    1s
H 2035  1289                    1102.3088822  767.59904  30.4%   3.6    1s
H 2036  1226                    1067.9976759  768.46570  28.0%   3.6    1s
H 2037  1164                    1058.7639677  777.67319  26.5%   3.6    1s
H 3505  1552                    1058.7639627  781.96578  26.1%   4.1    2s
  7294  3277  847.02238   33   29 1058.76396  803.57789  24.1%   4.3    5s
 11856  5705 1049.70903   40   16 1058.76396  814.55254  23.1%   4.7   10s
 14807  7209  973.06893   31    - 1058.76396  818.56586  22.7%   4.7   15s
 16669  8200  969.17928   44   18 1058.76396  820.01962  22.5%   4.8   20s
*17491  8568              49    1057.7987305  820.90072  22.4%   4.8   21s
 18805  9226     cutoff   39      1057.79873  822.33446  22.3%   4.9   25s
H19816  9596                    1054.7643680  823.18777  22.0%   5.0   26s
 19819  9598  942.91480   48   26 1054.76437  823.18777  22.0%   5.0   31s
 19824  9602  931.76445   63   52 1054.76437  823.18777  22.0%   5.0   35s
 19829  9605  931.86915   34   51 1054.76437  823.18777  22.0%   5.0   40s
 19838  9618  823.18777   30   61 1054.76437  823.18777  22.0%   5.0   45s
 20087  9762  824.81319   41   30 1054.76437  823.18777  22.0%   5.0   50s
 20804  9933 1048.17011   64    8 1054.76437  823.18777  22.0%   5.0   55s
 21841 10228  938.08574   59   10 1054.76437  823.18777  22.0%   5.1   60s
 23200 10656 1050.25597   56    6 1054.76437  823.18777  22.0%   5.1   65s
 25124 11277  823.18777   54   47 1054.76437  823.18777  22.0%   5.1   70s
 26871 11818  905.72499   69   28 1054.76437  823.18777  22.0%   5.1   75s
 27905 12178  880.44664   46    6 1054.76437  823.18777  22.0%   5.1   80s
 29556 12787     cutoff   65      1054.76437  823.18777  22.0%   5.1   86s
 31478 13332     cutoff   72      1054.76437  823.18777  22.0%   5.1   91s
 32874 13612 infeasible   66      1054.76437  823.18777  22.0%   5.1   97s
 33320 13803  885.16358   70   36 1054.76437  823.18777  22.0%   5.1  100s
 34484 14324     cutoff   79      1054.76437  823.18777  22.0%   5.1  105s
 35702 14764     cutoff   97      1054.76437  823.18777  22.0%   5.1  110s
 36959 15210 1050.71344   61   12 1054.76437  823.18777  22.0%   5.1  115s
 38171 15672     cutoff   65      1054.76437  823.18777  22.0%   5.1  120s
 39599 16143 1040.31896   74    6 1054.76437  823.18777  22.0%   5.1  127s
 40307 16317     cutoff   77      1054.76437  823.18777  22.0%   5.1  131s
 41791 16861     cutoff   70      1054.76437  823.18777  22.0%   5.1  138s
 42520 17052  880.96758   59    6 1054.76437  823.18777  22.0%   5.1  142s
 43267 17284 1049.80455   79    7 1054.76437  823.18777  22.0%   5.1  147s
 44035 17389  876.18994   61   34 1054.76437  823.18777  22.0%   5.1  151s
 44650 17650 1002.65188   67   23 1054.76437  823.29933  21.9%   5.1  155s
 45411 17909     cutoff   78      1054.76437  823.57558  21.9%   5.1  160s
 47002 18485 infeasible   80      1054.76437  824.62584  21.8%   5.1  168s
 47945 18832  839.56196   44    6 1054.76437  825.32156  21.8%   5.1  174s
 48933 18878  902.73186   76   20 1054.76437  825.72528  21.7%   5.1  178s
 49346 19341  903.10654   77   24 1054.76437  825.91797  21.7%   5.1  183s
 50284 19847     cutoff   93      1054.76437  826.39297  21.7%   5.1  188s
 51165 20421 1013.79346   76   26 1054.76437  826.82307  21.6%   5.1  193s
 52141 20924  987.81448   79    - 1054.76437  827.21373  21.6%   5.1  199s
 52976 21496 1013.96297   88    - 1054.76437  827.70321  21.5%   5.1  204s
 53949 22129     cutoff   89      1054.76437  828.06887  21.5%   5.1  210s
 54934 22676  957.10167   65   27 1054.76437  828.56414  21.4%   5.1  216s
 55785 23149 infeasible   73      1054.76437  828.81288  21.4%   5.1  222s
 56727 23846 1049.73686   83    7 1054.76437  829.27860  21.4%   5.2  227s
 57709 24357     cutoff   82      1054.76437  829.77197  21.3%   5.1  233s
 58614 24916     cutoff   78      1054.76437  830.13285  21.3%   5.2  239s
 59660 25594  952.13973   66    - 1054.76437  830.48073  21.3%   5.2  245s
 60661 26146  999.58470   77   12 1054.76437  830.90727  21.2%   5.2  251s
 61558 26654  852.82431   59   40 1054.76437  831.34640  21.2%   5.2  258s
 62496 27190     cutoff   69      1054.76437  831.66093  21.2%   5.2  265s
 63466 27777     cutoff   70      1054.76437  832.03197  21.1%   5.2  272s
 64491 28232  856.78204   67   27 1054.76437  832.33757  21.1%   5.2  279s
 65340 28772 1050.01351   79   25 1054.76437  832.57927  21.1%   5.2  286s
 66331 29210     cutoff   73      1054.76437  832.84065  21.0%   5.2  292s
 66973 29700 1012.62072   72   15 1054.76437  832.94929  21.0%   5.2  300s
 67922 30308  955.32579   57    6 1054.76437  833.41228  21.0%   5.2  309s
 68983 30844  922.33445   63   11 1054.76437  833.93164  20.9%   5.2  317s
 69993 31465     cutoff   70      1054.76437  834.27401  20.9%   5.2  324s
 70825 32035     cutoff   85      1054.76437  834.64319  20.9%   5.2  333s
 71900 32565     cutoff   63      1054.76437  834.94394  20.8%   5.2  343s
 72934 33201     cutoff   65      1054.76437  835.41715  20.8%   5.2  353s
 73914 33807  892.27659   45    7 1054.76437  835.72027  20.8%   5.2  363s
 74997 34300  975.88223   51   36 1054.76437  835.88632  20.8%   5.2  372s
 75886 34765  875.73447   66   17 1054.76437  836.39200  20.7%   5.2  382s
 76664 35316     cutoff   84      1054.76437  836.58696  20.7%   5.2  391s
 77651 35938     cutoff   86      1054.76437  836.98976  20.6%   5.2  401s
 78703 36383     cutoff   61      1054.76437  837.33888  20.6%   5.2  412s
 79725 36869  998.90049   68    7 1054.76437  837.53985  20.6%   5.3  423s
 80636 37299  954.64151   63    - 1054.76437  837.75112  20.6%   5.3  433s
 81127 37797  958.04972   63   27 1054.76437  837.87314  20.6%   5.3  444s
 82301 38360  934.34019   71   23 1054.76437  838.32191  20.5%   5.3  456s
 83221 38856  953.22658   79   24 1054.76437  838.61111  20.5%   5.3  469s
 84249 39414     cutoff   83      1054.76437  838.81483  20.5%   5.3  482s
 85262 39875     cutoff   65      1054.76437  839.10009  20.4%   5.3  497s
 86266 40471     cutoff   71      1054.76437  839.47926  20.4%   5.3  510s
 87395 41011 1028.80009   71   18 1054.76437  839.75115  20.4%   5.3  523s
 88365 41592     cutoff   86      1054.76437  839.89687  20.4%   5.3  535s
 89446 42119 1032.76038   90    - 1054.76437  840.16918  20.3%   5.3  549s
 90500 42646  861.43798   40   12 1054.76437  840.63044  20.3%   5.3  563s
 91475 43047 infeasible   74      1054.76437  840.79448  20.3%   5.3  579s
 92454 43660     cutoff   74      1054.76437  841.00786  20.3%   5.3  592s
 93463 44162 1010.21007   66   14 1054.76437  841.28197  20.2%   5.3  610s
 94478 44658     cutoff   74      1054.76437  841.38069  20.2%   5.3  627s
 95573 45262  893.83850   64   22 1054.76437  841.77676  20.2%   5.3  642s
 96589 45875     cutoff   83      1054.76437  842.08772  20.2%   5.4  659s
 97705 46437 infeasible   59      1054.76437  842.17902  20.2%   5.4  676s
 98812 46770 1011.29402   69   25 1054.76437  842.55925  20.1%   5.4  691s
 99294 47071 1030.84836   73   11 1054.76437  842.75329  20.1%   5.4  705s
 99868 47545 infeasible   74      1054.76437  842.85546  20.1%   5.4  725s
 100966 48062     cutoff   68      1054.76437  842.94587  20.1%   5.4  750s
 102093 48693  999.15324   68   15 1054.76437  843.29191  20.0%   5.4  766s
 103214 49403     cutoff   69      1054.76437  843.52242  20.0%   5.4  785s
 104402 49907  869.91941   60   31 1054.76437  843.86420  20.0%   5.4  805s
 105473 50587  902.90399   72   39 1054.76437  844.11927  20.0%   5.4  823s
 106628 51188     cutoff   85      1054.76437  844.37233  19.9%   5.4  841s
 107723 51781  969.46073   64   27 1054.76437  844.57374  19.9%   5.4  862s
 108858 52343  883.89419   68    6 1054.76437  844.77569  19.9%   5.4  881s
 109908 52920  973.34756   73   24 1054.76437  844.78166  19.9%   5.4  901s
 110961 53515 infeasible   77      1054.76437  845.18955  19.9%   5.4  922s
 111992 54092 infeasible   77      1054.76437  845.35793  19.9%   5.4  941s
 113100 54627  934.84156   58   20 1054.76437  845.55101  19.8%   5.4  960s
 114208 55158  877.77293   40    6 1054.76437  845.70303  19.8%   5.4  977s
 115179 55688 infeasible   57      1054.76437  845.89657  19.8%   5.4  995s
 116335 56163     cutoff   57      1054.76437  846.22209  19.8%   5.4 1013s
 117012 56676  969.92705   78   10 1054.76437  846.35821  19.8%   5.4 1033s
 118068 57200 infeasible   80      1054.76437  846.59990  19.7%   5.4 1059s
 119164 57753     cutoff   69      1054.76437  846.73229  19.7%   5.4 1081s
 120299 58225 infeasible   79      1054.76437  847.13324  19.7%   5.4 1103s
 121251 58692     cutoff   68      1054.76437  847.17744  19.7%   5.4 1129s
 122266 59251     cutoff   66      1054.76437  847.47203  19.7%   5.4 1152s
 123339 59801  955.45205   67   21 1054.76437  847.71957  19.6%   5.4 1176s
 124473 60315  996.62483   84   27 1054.76437  847.93858  19.6%   5.4 1198s
 125560 60796     cutoff   73      1054.76437  848.15452  19.6%   5.5 1224s
 126497 61339     cutoff   69      1054.76437  848.26645  19.6%   5.5 1244s
 127688 62008     cutoff   80      1054.76437  848.56551  19.5%   5.5 1264s
 128800 62491     cutoff   81      1054.76437  848.76640  19.5%   5.5 1283s
 129572 62955     cutoff   79      1054.76437  848.91596  19.5%   5.5 1305s
 130616 63369     cutoff   84      1054.76437  848.98920  19.5%   5.5 1333s
 131633 63968     cutoff   75      1054.76437  849.20938  19.5%   5.5 1357s
 132677 64427  882.53275   59   24 1054.76437  849.49597  19.5%   5.5 1385s
 133792 64999  921.86159   73   11 1054.76437  849.67122  19.4%   5.5 1411s
 134872 65647     cutoff   86      1054.76437  849.71633  19.4%   5.5 1437s
 136108 66258  892.44747   40    9 1054.76437  849.91673  19.4%   5.5 1462s
 137276 66802 1040.61947   70    - 1054.76437  850.08754  19.4%   5.5 1485s
 138334 67342     cutoff   70      1054.76437  850.38651  19.4%   5.5 1512s
 139489 67926  916.81462   48    8 1054.76437  850.59704  19.4%   5.5 1542s
 140625 68495     cutoff   71      1054.76437  850.79743  19.3%   5.5 1567s
 141711 69051  967.03396   77    9 1054.76437  850.97650  19.3%   5.5 1592s
 142877 69474     cutoff   78      1054.76437  851.15837  19.3%   5.5 1613s
 143487 69981  946.74413   54   18 1054.76437  851.30781  19.3%   5.5 1645s
 144579 70559 infeasible   69      1054.76437  851.40845  19.3%   5.5 1670s
 145843 71092  932.08438   70   39 1054.76437  851.46570  19.3%   5.5 1695s
 146812 71547     cutoff   74      1054.76437  851.69355  19.3%   5.5 1719s
 147438 71716 infeasible   80      1054.76437  851.77106  19.2%   5.5 1720s
 147878 72192     cutoff   72      1054.76437  851.94938  19.2%   5.5 1744s
 148924 72634  883.83471   49   44 1054.76437  852.13312  19.2%   5.5 1774s
 150017 73341     cutoff   79      1054.76437  852.24665  19.2%   5.5 1802s
 151267 73850     cutoff   58      1054.76437  852.45147  19.2%   5.5 1830s
 152342 74419 1011.47046   79   36 1054.76437  852.63939  19.2%   5.5 1860s
 153513 75033 1040.31450   80    8 1054.76437  852.84819  19.1%   5.5 1889s
 154574 75474 1051.77863   81    - 1054.76437  852.99802  19.1%   5.5 1918s
 155739 76093 infeasible   81      1054.76437  853.13092  19.1%   5.5 1945s
 156874 76719  935.43261   71    8 1054.76437  853.34973  19.1%   5.5 1973s
 158078 77228  881.77684   43   13 1054.76437  853.50427  19.1%   5.5 1996s
 158749 77611  943.40610   48   16 1054.76437  853.53039  19.1%   5.5 2024s
 159867 78194     cutoff   63      1054.76437  853.78398  19.1%   5.5 2061s
 161050 78784     cutoff   78      1054.76437  853.99062  19.0%   5.5 2095s
 162151 79292  861.00734   52   27 1054.76437  854.10831  19.0%   5.5 2125s
 163340 79813  965.81774   70   15 1054.76437  854.22117  19.0%   5.5 2163s
 164337 80311  975.64996   70   19 1054.76437  854.43337  19.0%   5.5 2190s
 165115 80870 1001.84802   74    8 1054.76437  854.50388  19.0%   5.5 2224s
 166330 81358 1005.74729   77    9 1054.76437  854.60947  19.0%   5.5 2267s
 167453 82108  905.99935   52    8 1054.76437  854.77198  19.0%   5.5 2298s
 168791 82698     cutoff   72      1054.76437  854.95217  18.9%   5.5 2331s
 169915 83301     cutoff   76      1054.76437  855.08547  18.9%   5.5 2365s
 171158 83861  903.90226   71   22 1054.76437  855.24585  18.9%   5.6 2401s
 172256 84348 1024.91663   84   13 1054.76437  855.40703  18.9%   5.6 2439s
 173389 84960     cutoff   87      1054.76437  855.58297  18.9%   5.6 2476s
 174467 85548  905.40100   66    9 1054.76437  855.71337  18.9%   5.6 2510s
 175725 86099  964.53499   72   25 1054.76437  855.88850  18.9%   5.6 2538s
 176502 86475  887.84089   38    6 1054.76437  855.94524  18.8%   5.6 2572s
 177594 87028     cutoff   78      1054.76437  856.10860  18.8%   5.6 2609s
 178712 87566 1039.11800   68   35 1054.76437  856.25028  18.8%   5.6 2644s
 179953 88145 1028.37244   72    6 1054.76437  856.36182  18.8%   5.6 2677s
 181034 88761 infeasible   73      1054.76437  856.52406  18.8%   5.6 2711s
 182231 89285 1053.06798   74   23 1054.76437  856.68495  18.8%   5.6 2746s
 183281 89903  958.26092   68   15 1054.76437  856.75214  18.8%   5.6 2780s
 184324 90584  894.56275   57   10 1054.76437  856.94878  18.8%   5.6 2817s
 185690 91130 1025.64378   58    - 1054.76437  857.13837  18.7%   5.6 2854s
 186070 91234  890.88010   46   41 1054.76437  857.16205  18.7%   5.6 2855s
 186820 91673     cutoff   77      1054.76437  857.19979  18.7%   5.6 2906s
 187976 92341  968.66100   75    6 1054.76437  857.45799  18.7%   5.6 2942s
 189159 92773  912.13261   47   28 1054.76437  857.54557  18.7%   5.6 2973s
 189817 93261 1026.50844   72   32 1054.76437  857.57539  18.7%   5.6 3010s
 191054 93846     cutoff   83      1054.76437  857.79419  18.7%   5.6 3045s
 192125 94430  916.41203   72   11 1054.76437  857.91219  18.7%   5.6 3081s
 193404 95083 1027.18166   79   33 1054.76437  858.12766  18.6%   5.6 3127s
 194553 95664     cutoff   82      1054.76437  858.24717  18.6%   5.6 3167s
 195807 96220 1024.33210   60    6 1054.76437  858.38614  18.6%   5.6 3207s
 196908 96875  895.42884   63   16 1054.76437  858.55469  18.6%   5.6 3245s
 198168 97387 infeasible   75      1054.76437  858.62189  18.6%   5.6 3287s
 199376 97982 1017.62071   66   11 1054.76437  858.81713  18.6%   5.6 3327s
 200386 98451     cutoff   80      1054.76437  858.93105  18.6%   5.6 3369s
 201594 98990     cutoff   76      1054.76437  859.03429  18.6%   5.6 3413s
 202668 99462     cutoff   69      1054.76437  859.19829  18.5%   5.6 3455s
 203741 100095     cutoff   78      1054.76437  859.32857  18.5%   5.6 3498s
 204822 100646     cutoff   81      1054.76437  859.44729  18.5%   5.6 3543s
 206073 101337     cutoff   79      1054.76437  859.45584  18.5%   5.6 3583s
 207334 101902  893.19824   77    6 1054.76437  859.70928  18.5%   5.6 3631s
 208423 102494     cutoff   92      1054.76437  859.81451  18.5%   5.6 3677s
 209698 102990  909.50895   63   22 1054.76437  859.93846  18.5%   5.6 3710s
 210396 103486     cutoff   65      1054.76437  860.02910  18.5%   5.6 3759s
 211556 103995  879.91776   70    6 1054.76437  860.08991  18.5%   5.6 3806s
 212710 104578  906.94867   71    6 1054.76437  860.27485  18.4%   5.6 3847s
 213806 105160     cutoff   91      1054.76437  860.44924  18.4%   5.6 3897s
 215009 105853 infeasible   84      1054.76437  860.55042  18.4%   5.6 3939s
 216261 106544 infeasible   86      1054.76437  860.66586  18.4%   5.6 3984s
 217534 107114  886.24719   37   10 1054.76437  860.77846  18.4%   5.6 4028s
 218795 107681  879.17768   48    9 1054.76437  860.86225  18.4%   5.6 4072s
 219926 108283     cutoff   69      1054.76437  860.99051  18.4%   5.6 4116s
 221207 108874     cutoff   86      1054.76437  861.12254  18.4%   5.6 4161s
 222225 109414  945.06995  101    8 1054.76437  861.20867  18.4%   5.6 4206s
 223419 109973 infeasible  102      1054.76437  861.27086  18.3%   5.6 4258s
 224618 110275  972.32445   44   12 1054.76437  861.43608  18.3%   5.6 4309s
 224620 110276  909.03416   47   26 1054.76437  861.43608  18.3%   5.6 4326s
 224621 110277  875.05876   54   10 1054.76437  861.43608  18.3%   5.6 4333s
 224622 110278  947.78885   66   61 1054.76437  861.43608  18.3%   5.6 4337s
 224623 110278  870.98801   43   50 1054.76437  861.43608  18.3%   5.6 4346s
 224624 110279  874.30759   61   51 1054.76437  861.43608  18.3%   5.6 4377s
 224625 110280  885.22225   51   51 1054.76437  861.43608  18.3%   5.6 4389s
 224626 110280  906.33072   55   51 1054.76437  861.43608  18.3%   5.6 4390s
 224627 110284  861.43608   37   50 1054.76437  861.43608  18.3%   5.6 4427s
 224629 110287  861.43608   38   59 1054.76437  861.43608  18.3%   5.6 4442s
 224633 110294  861.43608   39   55 1054.76437  861.43608  18.3%   5.6 4466s
 224641 110303  861.43608   40   41 1054.76437  861.43608  18.3%   5.6 4484s
 224653 110311  861.43608   41   29 1054.76437  861.43608  18.3%   5.6 4493s
 224665 110319  861.43608   41   42 1054.76437  861.43608  18.3%   5.6 4500s
 224689 110338  861.43608   42   26 1054.76437  861.43608  18.3%   5.6 4511s
 224706 110348  861.43608   43   12 1054.76437  861.43608  18.3%   5.6 4517s
 224722 110357  861.43608   44   17 1054.76437  861.43608  18.3%   5.6 4522s
 224736 110371  861.43608   44   38 1054.76437  861.43608  18.3%   5.6 4526s
 224756 110377  861.43608   45   15 1054.76437  861.43608  18.3%   5.6 4547s
 224768 110392  861.43608   45   15 1054.76437  861.43608  18.3%   5.6 4553s
 224789 110403  861.43608   46    9 1054.76437  861.43608  18.3%   5.6 4557s
 224806 110416  861.43608   47   35 1054.76437  861.43608  18.3%   5.6 4562s
 224829 110427  861.43608   48   21 1054.76437  861.43608  18.3%   5.6 4569s
 224855 110437  861.43608   49   17 1054.76437  861.43608  18.3%   5.6 4574s
 224882 110453  892.30167   50   20 1054.76437  861.43608  18.3%   5.6 4580s
 224911 110469  861.43608   51   22 1054.76437  861.43608  18.3%   5.6 4585s
 224938 110478  861.43608   52   14 1054.76437  861.43608  18.3%   5.6 4591s
 224971 110494  861.43608   53   14 1054.76437  861.43608  18.3%   5.6 4596s
 225007 110507  861.43608   55   27 1054.76437  861.43608  18.3%   5.6 4602s
 225044 110511  920.20352   56    8 1054.76437  861.43608  18.3%   5.6 4609s
 225074 110523  959.21255   57   13 1054.76437  861.43608  18.3%   5.6 4615s
 225114 110526  946.26748   59    - 1054.76437  861.43608  18.3%   5.6 4621s
 225152 110537  910.97525   60    8 1054.76437  861.43608  18.3%   5.6 4627s
 225200 110534 1001.78240   62   25 1054.76437  861.43608  18.3%   5.6 4632s
 225246 110557  990.86166   63    8 1054.76437  861.43608  18.3%   5.6 4638s
 225295 110571  861.43608   66   44 1054.76437  861.43608  18.3%   5.6 4643s
 225337 110593  991.48868   67    - 1054.76437  861.43608  18.3%   5.6 4649s
 225391 110609  944.07787   69   31 1054.76437  861.43608  18.3%   5.6 4655s
 225450 110611  988.09592   70   28 1054.76437  861.43608  18.3%   5.6 4663s
 225494 110629  996.72251   72    - 1054.76437  861.43608  18.3%   5.6 4669s
 225560 110651  996.83622   72   40 1054.76437  861.43608  18.3%   5.6 4674s
 225638 110658 1035.30427   78    - 1054.76437  861.43608  18.3%   5.6 4681s
 225725 110695  861.43608   43    6 1054.76437  861.43608  18.3%   5.6 4689s
 225806 110743  861.43608   45   24 1054.76437  861.43608  18.3%   5.6 4698s
 225900 110792  861.43608   50   36 1054.76437  861.43608  18.3%   5.6 4707s
 225998 110823  879.96332   55   22 1054.76437  861.43608  18.3%   5.6 4714s
 226093 110845  880.95930   62   32 1054.76437  861.43608  18.3%   5.6 4722s
 226207 110881  910.26316   67   15 1054.76437  861.43608  18.3%   5.6 4729s
 226334 110945 infeasible   69      1054.76437  861.43608  18.3%   5.6 4736s
 226474 110989  861.43608   53   25 1054.76437  861.43608  18.3%   5.6 4743s
 226621 111027     cutoff   69      1054.76437  861.43608  18.3%   5.6 4750s
 226758 111039  861.43608   51   17 1054.76437  861.43608  18.3%   5.6 4757s
 226897 111107  897.18494   65   29 1054.76437  861.43608  18.3%   5.6 4764s
 227051 111104  914.36864   70   34 1054.76437  861.43608  18.3%   5.6 4772s
 227148 111192 1044.96326   76    - 1054.76437  861.43608  18.3%   5.6 4782s
 227285 111274 infeasible   76      1054.76437  861.43608  18.3%   5.6 4794s
 227439 111313  861.43608   53    9 1054.76437  861.43608  18.3%   5.6 4805s
 227577 111355     cutoff   62      1054.76437  861.43608  18.3%   5.6 4816s
 227734 111410 1054.05071   63    - 1054.76437  861.43608  18.3%   5.6 4825s
 227911 111440  921.60703   66    7 1054.76437  861.43608  18.3%   5.6 4834s
 228094 111544     cutoff   68      1054.76437  861.43608  18.3%   5.6 4844s
 228305 111561  906.75669   63   14 1054.76437  861.43608  18.3%   5.6 4858s
 228467 111616  861.43608   68   24 1054.76437  861.43608  18.3%   5.6 4870s
 228669 111672  878.33480   79   47 1054.76437  861.43608  18.3%   5.6 4885s
 228877 111722 infeasible   63      1054.76437  861.43608  18.3%   5.6 4898s
 229102 111815     cutoff   59      1054.76437  861.43608  18.3%   5.6 4910s
 229349 111911  922.90853   61   23 1054.76437  861.43608  18.3%   5.6 4925s
 229621 111983  861.43608   62   35 1054.76437  861.43608  18.3%   5.6 4937s
 229905 112033  908.49158   47    - 1054.76437  861.43608  18.3%   5.6 4953s
 230148 112065  976.71737   53    - 1054.76437  861.43608  18.3%   5.6 4970s
 230374 112127  867.32600   53   11 1054.76437  861.43608  18.3%   5.6 4986s
 230546 112252  935.66141   69   37 1054.76437  861.43608  18.3%   5.6 5001s
 230848 112356  990.17977   69   10 1054.76437  861.43608  18.3%   5.6 5018s
 231152 112504  912.21719   53   12 1054.76437  861.43608  18.3%   5.6 5036s
 231503 112629     cutoff   65      1054.76437  861.43608  18.3%   5.6 5052s
 231899 112646  861.43608   67   47 1054.76437  861.43608  18.3%   5.6 5077s
 232095 112797     cutoff   76      1054.76437  861.43608  18.3%   5.6 5099s
 232436 112923  913.22098   52    9 1054.76437  861.43608  18.3%   5.6 5118s
 232838 113119  886.58554   54    - 1054.76437  861.43608  18.3%   5.6 5136s
 233332 113273     cutoff   66      1054.76437  861.43608  18.3%   5.6 5156s
 233792 113477 1030.25997   86   21 1054.76437  861.43608  18.3%   5.6 5180s
 234318 113711  916.02819   99   40 1054.76437  861.43608  18.3%   5.6 5198s
 234871 113898  922.51426  100   39 1054.76437  861.43608  18.3%   5.6 5216s
 235398 113997     cutoff  106      1054.76437  861.43608  18.3%   5.6 5234s
 235805 114255     cutoff   71      1054.76437  861.43608  18.3%   5.6 5252s
 236407 114476 1022.49485   61    7 1054.76437  861.43608  18.3%   5.6 5280s
 236986 114616 1022.20980   63    - 1054.76437  861.43608  18.3%   5.6 5311s
 237537 114536  864.30492   48    8 1054.76437  861.43608  18.3%   5.6 5350s
 237567 114843  871.18540   50    - 1054.76437  861.43608  18.3%   5.6 5377s
 238120 114863 infeasible   65      1054.76437  861.43608  18.3%   5.6 5409s
 238398 115109  861.43608   47   29 1054.76437  861.43608  18.3%   5.6 5447s
 239063 115394  885.10770   59    - 1054.76437  861.43608  18.3%   5.6 5484s
 239772 115661     cutoff   72      1054.76437  861.43608  18.3%   5.6 5511s
 240526 115899  966.22976   98    - 1054.76437  861.43608  18.3%   5.6 5542s
 241332 116279 1047.42591   98    8 1054.76437  861.43608  18.3%   5.6 5577s
 242233 116443     cutoff   71      1054.76437  861.43608  18.3%   5.6 5616s
 242941 116583     cutoff   80      1054.76437  861.43608  18.3%   5.5 5650s
 243431 116955  888.74648   53   22 1054.76437  861.43608  18.3%   5.5 5688s
 244286 117151     cutoff   70      1054.76437  861.43608  18.3%   5.5 5721s
 245038 117340 1016.32110   70    6 1054.76437  861.43608  18.3%   5.5 5775s
 245868 117699 1021.58592   75   11 1054.76437  861.43608  18.3%   5.5 5819s
 246858 117896     cutoff   71      1054.76437  861.43608  18.3%   5.5 5862s
 247805 117994     cutoff   74      1054.76437  861.43608  18.3%   5.5 5913s
 248696 118379  947.53234   84   20 1054.76437  861.43608  18.3%   5.6 5954s
 249794 118796  941.30364   60   11 1054.76437  861.43608  18.3%   5.6 6003s
 250876 118818  890.53526   52   34 1054.76437  861.43608  18.3%   5.5 6052s
 251897 119207 1022.32468   73    6 1054.76437  861.43608  18.3%   5.6 6099s
 252881 119612 infeasible   74      1054.76437  861.43608  18.3%   5.6 6149s
 254070 120007     cutoff   61      1054.76437  861.43608  18.3%   5.6 6203s
 255296 120394 1031.06242   62   14 1054.76437  861.43608  18.3%   5.6 6264s
 256632 120843  868.85029   59   18 1054.76437  861.43608  18.3%   5.5 6329s
 257991 121016     cutoff   76      1054.76437  861.43608  18.3%   5.5 6371s
 258762 121596 infeasible   77      1054.76437  861.43608  18.3%   5.5 6421s
 260195 121966 infeasible   79      1054.76437  861.43608  18.3%   5.5 6485s
 261399 122541 infeasible   79      1054.76437  861.43608  18.3%   5.5 6534s
 262782 122817     cutoff   73      1054.76437  861.43608  18.3%   5.5 6586s
 264083 123023     cutoff   67      1054.76437  861.43608  18.3%   5.5 6642s
 265221 123436     cutoff   84      1054.76437  861.43608  18.3%   5.5 6692s
 266523 123915     cutoff  109      1054.76437  861.43608  18.3%   5.5 6743s
 267821 124119  906.02030   70   49 1054.76437  861.43608  18.3%   5.5 6798s
 268949 124587     cutoff   88      1054.76437  861.43608  18.3%   5.5 6857s
 270197 124817 1014.22669   82    7 1054.76437  861.43608  18.3%   5.5 6908s
 271187 125192  907.88872   53    - 1054.76437  861.43608  18.3%   5.5 6958s
 272432 125670     cutoff   83      1054.76437  861.43608  18.3%   5.5 7007s
 273741 125799     cutoff   86      1054.76437  861.43608  18.3%   5.5 7061s
 274873 126028 1012.72625   89    6 1054.76437  861.43608  18.3%   5.5 7110s
 275965 126579     cutoff   99      1054.76437  861.43608  18.3%   5.5 7156s
 277314 126841  934.40314   65   40 1054.76437  861.43608  18.3%   5.5 7200s

Cutting planes:
  Gomory: 9
  Flow cover: 1
  Zero half: 8
  RLT: 2
  Lazy constraints: 7560

Explored 278419 nodes (1535027 simplex iterations) in 7200.61 seconds
Thread count was 12 (of 12 available processors)

Solution count 9: 1054.76 1057.8 1058.76 ... 1828.68

Time limit reached
Best objective 1.054764367978e+03, best bound 8.614360797176e+02, gap 18.3290%

User-callback calls 1678047, time in user-callback 6.37 sec
/projects/academic/josewalt/caigao/RRARP_BD/BendersDecomp/ret/model_outs/n_18_h_9_algo_2.out
 =====>>>>> Solution is written to file in <../ret/model_outs> !!!
===>> All Done!
