NPROCS=0
This instance is clustered!
Gurobi Optimizer version 9.0.0 build v9.0.0rc2 (linux64)
Optimize a model with 46 rows, 530 columns and 1058 nonzeros
Model fingerprint: 0x56b952a0
Variable types: 1 continuous, 529 integer (529 binary)
Coefficient statistics:
  Matrix range     [1e+00, 1e+00]
  Objective range  [1e+00, 5e+02]
  Bounds range     [1e+00, 1e+00]
  RHS range        [1e+00, 1e+00]
Presolve removed 2 rows and 66 columns
Presolve time: 0.01s
Presolved: 44 rows, 464 columns, 926 nonzeros
Variable types: 1 continuous, 463 integer (463 binary)

Root relaxation: objective 1.282626e+03, 48 iterations, 0.00 seconds

    Nodes    |    Current Node    |     Objective Bounds      |     Work
 Expl Unexpl |  Obj  Depth IntInf | Incumbent    BestBd   Gap | It/Node Time

     0     0 1294.31520    0    8          - 1294.31520      -     -    0s
     0     0 1458.74613    0   14          - 1458.74613      -     -    0s
     0     2 1471.46966    0   14          - 1471.46966      -     -    0s
H  284   246                    1707.8932661 1518.21258  11.1%   4.2    0s
* 1455   928              50    1706.7263180 1535.81454  10.0%   4.3    0s
* 1596   942              36    1704.3214226 1543.28281  9.45%   4.3    0s
* 2055  1260              46    1686.6652756 1551.47156  8.02%   4.2    0s
H 3647  2037                    1683.3965100 1562.75296  7.17%   4.1    1s
  3658  2045 1677.70355   44   54 1683.39651 1562.75296  7.17%   4.1    5s
 11360  3822     cutoff   31      1683.39651 1583.03443  5.96%   4.5   10s
 17022  6005     cutoff   33      1683.39651 1595.13172  5.24%   4.6   15s
 22212  7852 1669.13955   47    9 1683.39651 1602.77864  4.79%   4.7   20s
 25931  8981 infeasible   52      1683.39651 1607.54171  4.51%   4.7   25s
 29450  9775     cutoff   49      1683.39651 1611.76541  4.26%   4.8   31s
 31756 10459 infeasible   54      1683.39651 1614.15509  4.11%   4.8   35s
 34153 11048     cutoff   78      1683.39651 1616.21512  3.99%   4.8   40s
 36650 11601 1676.75089   29   14 1683.39651 1618.18327  3.87%   4.8   45s
 39095 12084 1641.86330   62    6 1683.39651 1620.50515  3.74%   4.8   51s
 40606 12271     cutoff   42      1683.39651 1621.60764  3.67%   4.8   55s
 42978 12599     cutoff   38      1683.39651 1623.55422  3.55%   4.8   61s
 44587 12819     cutoff   45      1683.39651 1624.79693  3.48%   4.8   65s
 46956 13119     cutoff   46      1683.39651 1626.88639  3.36%   4.9   71s
 48580 13354     cutoff   44      1683.39651 1627.46646  3.32%   4.9   76s
 50298 13639 1634.14491   29   14 1683.39651 1629.27676  3.21%   4.9   85s
 50301 13641 1652.33382   23   29 1683.39651 1629.27676  3.21%   4.9   90s
 50306 13644 1665.25400   25   51 1683.39651 1629.27676  3.21%   4.9   95s
 50310 13647 1646.38471   26   46 1683.39651 1629.27676  3.21%   4.9  100s
 50315 13650 1669.09448   46   53 1683.39651 1629.27676  3.21%   4.9  106s
 50317 13652 1661.25977   26   55 1683.39651 1629.27676  3.21%   4.9  110s
 50320 13654 1671.16966   26   58 1683.39651 1629.27676  3.21%   4.9  115s
 50323 13656 1646.69964   36   57 1683.39651 1629.27676  3.21%   4.9  122s
 50325 13657 1666.82472   25   57 1683.39651 1629.27676  3.21%   4.9  126s
 50328 13664 1629.27676   25   37 1683.39651 1629.27676  3.21%   4.9  130s
 50352 13682 1629.27676   28   13 1683.39651 1629.27676  3.21%   4.9  135s
 50492 13732 1629.27676   32   27 1683.39651 1629.27676  3.21%   4.9  140s
 50867 13759 1629.27676   44   24 1683.39651 1629.27676  3.21%   4.9  145s
 51519 13935 1629.27676   52   10 1683.39651 1629.27676  3.21%   4.9  150s
 52103 14077     cutoff   87      1683.39651 1629.27676  3.21%   4.9  155s
 52898 14347 1629.27676   71   12 1683.39651 1629.27676  3.21%   4.9  160s
 53930 14565     cutoff   45      1683.39651 1629.27676  3.21%   4.8  165s
 54803 14814 1629.27676   38   22 1683.39651 1629.27676  3.21%   4.8  170s
 55900 15153 1681.66938   46    - 1683.39651 1629.27676  3.21%   4.8  175s
 57213 15465     cutoff   54      1683.39651 1629.27676  3.21%   4.8  181s
 58393 15696 1629.27676   40   11 1683.39651 1629.27676  3.21%   4.8  185s
 59525 15827 1629.27676   42   17 1683.39651 1629.27676  3.21%   4.8  190s
 60518 15898 1656.87110   55   16 1683.39651 1629.27676  3.21%   4.8  196s
 61207 16082     cutoff   46      1683.39651 1629.27676  3.21%   4.8  200s
 62280 16126     cutoff   51      1683.39651 1629.27676  3.21%   4.7  205s
 63343 16054     cutoff   73      1683.39651 1629.27676  3.21%   4.8  212s
 63389 16115 1629.27676   46    6 1683.39651 1629.27676  3.21%   4.8  215s
 64308 16172     cutoff   45      1683.39651 1629.27676  3.21%   4.8  221s
 65232 16346     cutoff   41      1683.39651 1629.27676  3.21%   4.8  226s
 66030 16307     cutoff   46      1683.39651 1629.27676  3.21%   4.7  230s
 67164 16298 1643.82395   51    6 1683.39651 1629.27676  3.21%   4.8  235s
 68644 16354     cutoff   61      1683.39651 1629.27676  3.21%   4.8  242s
 69433 16309     cutoff   41      1683.39651 1629.27676  3.21%   4.7  245s
 70920 16323 infeasible   57      1683.39651 1629.27676  3.21%   4.7  252s
 71734 16206     cutoff   51      1683.39651 1629.27676  3.21%   4.7  255s
 73098 16166 1678.96367   60   34 1683.39651 1629.27676  3.21%   4.8  263s
 73811 16088 1629.27676   36    9 1683.39651 1629.27676  3.21%   4.8  267s
 74600 15996 1680.64999   54    9 1683.39651 1629.27676  3.21%   4.8  271s
 75218 16036 1657.73632   53   12 1683.39651 1629.27676  3.21%   4.8  276s
 76335 15861 infeasible   62      1683.39651 1629.27676  3.21%   4.8  280s
 76883 15922 infeasible   55      1683.39651 1629.27676  3.21%   4.8  285s
 77991 15739 infeasible   51      1683.39651 1629.27676  3.21%   4.8  290s
 78763 15743     cutoff   48      1683.39651 1629.27676  3.21%   4.8  297s
 79965 15611 1650.58058   51    5 1683.39651 1629.27676  3.21%   4.8  303s
 81209 15477 infeasible   56      1683.39651 1629.27676  3.21%   4.8  310s
 83275 15105     cutoff   57      1683.39651 1629.27676  3.21%   4.8  319s
 84060 15046 infeasible   61      1683.39651 1629.27676  3.21%   4.8  324s
 85262 14838     cutoff   72      1683.39651 1629.27676  3.21%   4.8  330s
 86487 14565 1680.43796   71   11 1683.39651 1629.27676  3.21%   4.8  335s
 87271 14533     cutoff   51      1683.39651 1629.27676  3.21%   4.8  341s
 88522 14374     cutoff   54      1683.39651 1629.27676  3.21%   4.8  347s
 89692 14175 infeasible   70      1683.39651 1629.27676  3.21%   4.8  353s
 90515 13992 1660.71833   47    6 1683.39651 1629.27676  3.21%   4.8  359s
 91726 13912 1670.57255   66   14 1683.39651 1629.27676  3.21%   4.8  364s
 92956 13984     cutoff   48      1683.39651 1629.27676  3.21%   4.8  371s
 93485 14004     cutoff   48      1683.39651 1629.27676  3.21%   4.8  378s
 94435 14045 1642.46987   52   23 1683.39651 1629.27676  3.21%   4.8  384s
 95318 14080     cutoff   60      1683.39651 1629.27676  3.21%   4.8  389s
 96408 14103 1673.98732   54    - 1683.39651 1629.92811  3.18%   4.8  395s
 97303 14186     cutoff   54      1683.39651 1631.12644  3.11%   4.8  402s
 98430 14210     cutoff   51      1683.39651 1632.02929  3.05%   4.8  409s
 99662 14234     cutoff   78      1683.39651 1633.17101  2.98%   4.8  416s
 100557 14262 1656.19786   61   20 1683.39651 1633.67103  2.95%   4.8  422s
 101476 14281     cutoff   64      1683.39651 1634.77887  2.89%   4.8  430s
 102704 14306     cutoff   61      1683.39651 1635.52485  2.84%   4.8  437s
 103670 14272     cutoff   64      1683.39651 1636.43846  2.79%   4.8  445s
 104890 14242     cutoff   55      1683.39651 1637.56373  2.72%   4.8  452s
 105915 14146 1668.18341   59   14 1683.39651 1638.31922  2.68%   4.8  459s
 107112 14088 1669.69983   57    8 1683.39651 1638.77233  2.65%   4.8  467s
 108062 14019     cutoff   58      1683.39651 1640.23746  2.56%   4.9  474s
 109162 14058 1663.59078   58   10 1683.39651 1641.08569  2.51%   4.9  482s
 109911 13960 infeasible   61      1683.39651 1641.32568  2.50%   4.9  489s
 110921 13863     cutoff   69      1683.39651 1642.18419  2.45%   4.9  495s
 111949 13686     cutoff   58      1683.39651 1643.13199  2.39%   4.9  502s
 113190 13508     cutoff   42      1683.39651 1643.52157  2.37%   4.9  509s
 114238 13443     cutoff   41      1683.39651 1645.20561  2.27%   4.9  516s
 115202 13251 1682.90027   59    6 1683.39651 1645.86742  2.23%   4.9  524s
 116238 13030     cutoff   62      1683.39651 1646.75329  2.18%   4.9  531s
 117278 12794     cutoff   61      1683.39651 1647.07721  2.16%   4.9  539s
 118348 12667 1681.77360   60    9 1683.39651 1648.03732  2.10%   4.9  546s
 119378 12394 1670.82131   52    6 1683.39651 1649.21687  2.03%   4.9  554s
 120480 12203 infeasible   63      1683.39651 1650.37496  1.96%   4.9  562s
 121534 11920     cutoff   56      1683.39651 1650.62655  1.95%   4.9  572s
 122669 11650     cutoff   53      1683.39651 1652.18335  1.85%   4.9  579s
 123781 11416     cutoff   57      1683.39651 1652.94088  1.81%   4.9  587s
 124850 11318     cutoff   53      1683.39651 1653.81252  1.76%   4.9  595s
 125484 10896 1661.06516   72   12 1683.39651 1654.76803  1.70%   4.9  603s
 126621 10525 infeasible   52      1683.39651 1655.46249  1.66%   4.9  611s
 127764 10132     cutoff   78      1683.39651 1656.57410  1.59%   4.9  621s
 128908  9791     cutoff   75      1683.39651 1658.15562  1.50%   4.9  630s
 130022  9327 1682.28305   55    - 1683.39651 1659.33053  1.43%   4.9  639s
 131149  8888 1678.29813   57    6 1683.39651 1660.11599  1.38%   4.9  647s
 132301  8661     cutoff   58      1683.39651 1661.65944  1.29%   4.9  655s
 132998  8109 infeasible   55      1683.39651 1662.53687  1.24%   4.9  663s
 134167  7540 1680.74904   61    6 1683.39651 1663.43021  1.19%   4.9  672s
 135349  6879 infeasible   56      1683.39651 1664.68613  1.11%   4.9  680s
 136552  6155     cutoff   71      1683.39651 1666.02353  1.03%   4.9  689s
 137776  5446     cutoff   56      1683.39651 1667.46993  0.95%   4.9  697s
 139000  4632     cutoff   56      1683.39651 1669.65390  0.82%   4.9  705s
 140204  3729     cutoff   68      1683.39651 1671.11285  0.73%   4.9  713s
 141420  2879     cutoff   65      1683.39651 1673.82764  0.57%   4.9  724s
 141524  2882 infeasible   49      1683.39651 1673.88623  0.56%   4.9  725s
 142488  1732     cutoff   49      1683.39651 1675.58194  0.46%   4.9  732s
 143786   496     cutoff   58      1683.39651 1678.87945  0.27%   4.9  740s

Cutting planes:
  Gomory: 6
  Zero half: 4
  RLT: 1
  Lazy constraints: 8409

Explored 145629 nodes (710937 simplex iterations) in 744.41 seconds
Thread count was 12 (of 12 available processors)

Solution count 5: 1683.4 1686.67 1704.32 ... 1707.89

Optimal solution found (tolerance 1.00e-04)
Best objective 1.683396510020e+03, best bound 1.683396510020e+03, gap 0.0000%

User-callback calls 440191, time in user-callback 2.08 sec
/projects/academic/josewalt/caigao/RRARP_BD/BendersDecomp/ret/model_outs/n_21_e_4_algo_2.out
 =====>>>>> Solution is written to file in <../ret/model_outs> !!!
===>> All Done!
