NPROCS=0
This instance is clustered!
Gurobi Optimizer version 9.0.0 build v9.0.0rc2 (linux64)
Optimize a model with 40 rows, 401 columns and 800 nonzeros
Model fingerprint: 0x1aad68c2
Variable types: 1 continuous, 400 integer (400 binary)
Coefficient statistics:
  Matrix range     [1e+00, 1e+00]
  Objective range  [1e+00, 4e+02]
  Bounds range     [1e+00, 1e+00]
  RHS range        [1e+00, 1e+00]
Presolve removed 2 rows and 57 columns
Presolve time: 0.00s
Presolved: 38 rows, 344 columns, 686 nonzeros
Variable types: 1 continuous, 343 integer (343 binary)

Root relaxation: objective 5.284310e+02, 27 iterations, 0.00 seconds

    Nodes    |    Current Node    |     Objective Bounds      |     Work
 Expl Unexpl |  Obj  Depth IntInf | Incumbent    BestBd   Gap | It/Node Time

     0     0  666.96204    0   14          -  666.96204      -     -    0s
     0     0  717.25793    0   20          -  717.25793      -     -    0s
     0     0  740.62652    0   12          -  740.62652      -     -    0s
H    0     0                    1058.1266394  740.62652  30.0%     -    0s
     0     0  741.06989    0   22 1058.12664  741.06989  30.0%     -    0s
     0     2  742.04791    0   37 1058.12664  742.04791  29.9%     -    0s
 10310  5749  816.81053   38   11 1058.12664  794.81376  24.9%   3.8    5s
 17862 11167  929.06487   37    6 1058.12664  806.63676  23.8%   3.7   10s
 23906 15400  975.18036   63   10 1058.12664  814.10112  23.1%   3.7   15s
 28412 18293  955.35083   81   11 1058.12664  818.23408  22.7%   3.7   21s
 30563 20226     cutoff   64      1058.12664  819.83450  22.5%   3.7   25s
 34370 22126  876.13260   75   22 1058.12664  821.89345  22.3%   3.8   32s
 34374 22129  891.62041   47   37 1058.12664  821.89345  22.3%   3.8   35s
 34378 22131 1001.66673   36   14 1058.12664  821.89345  22.3%   3.8   69s
 34379 22135  821.89345   30   37 1058.12664  821.89345  22.3%   3.8   70s
 34541 22231  821.89345   39   10 1058.12664  821.89345  22.3%   3.8   75s
 35653 22513  983.10338   69    - 1058.12664  821.89345  22.3%   3.8   80s
 37845 23244  897.01263  118   31 1058.12664  821.89345  22.3%   3.8   85s
 39438 24011 1046.90938  146    9 1058.12664  821.89345  22.3%   3.8   90s
 42023 25344  898.98964  108   14 1058.12664  821.89345  22.3%   3.7   95s
 44318 26176 1012.14586   81    8 1058.12664  821.89345  22.3%   3.7  100s
 47329 27465 1046.95507   62    - 1058.12664  821.89345  22.3%   3.7  106s
 48557 28148 infeasible   90      1058.12664  821.89345  22.3%   3.7  110s
 51139 29009 1027.77992   58    6 1058.12664  821.89345  22.3%   3.7  115s
 52844 29328     cutoff   69      1058.12664  821.89345  22.3%   3.7  120s
 55821 30767  945.97396  115   19 1058.12664  821.89345  22.3%   3.8  126s
 57780 31521     cutoff   85      1058.12664  821.89345  22.3%   3.7  130s
 60415 32438  885.11949   47    6 1058.12664  821.89345  22.3%   3.7  135s
 62267 33319  914.60365   72   19 1058.12664  821.89345  22.3%   3.7  140s
 65658 34831  847.75388  129   13 1058.12664  821.89345  22.3%   3.7  146s
 67770 35713  872.92164   40    6 1058.12664  821.89345  22.3%   3.7  151s
 69977 36438 infeasible  109      1058.12664  821.89345  22.3%   3.7  156s
 72075 36755  989.99937   56    6 1058.12664  821.89345  22.3%   3.7  161s
 73610 38240 infeasible   99      1058.12664  822.82312  22.2%   3.7  165s
 74835 38511     cutoff   85      1058.12664  823.50897  22.2%   3.7  170s
 76937 39218  926.61730   65   20 1058.12664  824.64732  22.1%   3.7  176s
 78484 39885 1025.81522   54   17 1058.12664  825.39138  22.0%   3.7  181s
 80681 40877     cutoff  101      1058.12664  826.43864  21.9%   3.7  187s
 81781 41278  977.44434   53    8 1058.12664  826.92823  21.8%   3.7  190s
 84008 42128  864.00562   43    6 1058.12664  828.00628  21.7%   3.6  196s
 85996 42339  940.79198   86   28 1058.12664  828.59424  21.7%   3.7  202s
 86876 42677  951.73133   87   24 1058.12664  828.97079  21.7%   3.7  205s
 88972 43312 infeasible  100      1058.12664  829.59574  21.6%   3.7  212s
 89927 43719     cutoff  111      1058.12664  830.17226  21.5%   3.7  215s
 91939 44511     cutoff   97      1058.12664  830.76185  21.5%   3.7  221s
 93052 44872  900.45474  104    6 1058.12664  831.07797  21.5%   3.7  225s
 95280 45703     cutoff   96      1058.12664  831.93280  21.4%   3.7  231s
 97300 46163 1053.64969   66    8 1058.12664  832.99818  21.3%   3.7  237s
 97794 46787  933.55372   84   19 1058.12664  833.42411  21.2%   3.7  240s
 100036 47582 infeasible  105      1058.12664  834.22201  21.2%   3.6  247s
 101031 47933  874.41802   84   21 1058.12664  834.70045  21.1%   3.6  251s
 102056 48598 infeasible  105      1058.12664  834.96167  21.1%   3.7  255s
 103064 48868     cutoff  108      1058.12664  835.17645  21.1%   3.7  260s
 104510 50663     cutoff  108      1058.12664  835.90852  21.0%   3.7  268s
 105735 51314  886.24847   54   22 1058.12664  836.31155  21.0%   3.6  272s
 106840 52099  924.04788   91   13 1058.12664  836.45519  20.9%   3.6  277s
 107945 52886 1009.20973   67   23 1058.12664  836.82495  20.9%   3.6  281s
 109053 53570  989.53055   85   10 1058.12664  836.98848  20.9%   3.6  286s
 110098 54332     cutoff   90      1058.12664  837.20128  20.9%   3.6  290s
 111079 54910     cutoff   95      1058.12664  837.58873  20.8%   3.6  295s
 113266 56702 1029.18578   99   16 1058.12664  838.29979  20.8%   3.6  303s
 114447 57505 1047.30332  101    6 1058.12664  838.34139  20.8%   3.6  308s
 115580 58272 1012.73115  114   18 1058.12664  838.83190  20.7%   3.6  312s
 116674 59095 infeasible  110      1058.12664  839.09703  20.7%   3.6  317s
 117796 60037  925.51513   77   23 1058.12664  839.33638  20.7%   3.6  322s
 118954 60853  850.81664   52    6 1058.12664  839.67481  20.6%   3.6  326s
 120093 61484     cutoff   96      1058.12664  839.92229  20.6%   3.6  332s
 121087 62061     cutoff   69      1058.12664  840.28254  20.6%   3.6  336s
 121978 62766  880.05657   92    - 1058.12664  840.31198  20.6%   3.6  341s
 123016 63227 infeasible   96      1058.12664  840.71011  20.5%   3.6  346s
 123965 63776     cutoff   82      1058.12664  841.01576  20.5%   3.6  351s
 124944 64539  899.50331   40    6 1058.12664  841.18756  20.5%   3.6  356s
 126042 65183  884.49807   81   17 1058.12664  841.40314  20.5%   3.6  362s
 127110 65473     cutoff   91      1058.12664  841.72617  20.5%   3.6  368s
 127915 66157 infeasible   96      1058.12664  841.73746  20.5%   3.6  373s
 128922 67109  881.24951   82   14 1058.12664  841.89677  20.4%   3.6  378s
 130127 67886 infeasible   95      1058.12664  842.21149  20.4%   3.6  383s
 131186 68668  872.04721   91    9 1058.12664  842.50991  20.4%   3.6  388s
 132324 69528  871.13039   47    6 1058.12664  842.83745  20.3%   3.6  393s
 133543 69700  968.78194   99   17 1058.12664  843.06431  20.3%   3.6  401s
 133692 70298 infeasible  101      1058.12664  843.17594  20.3%   3.6  408s
 134720 70803     cutoff  108      1058.12664  843.47075  20.3%   3.6  414s
 135659 71481 infeasible  108      1058.12664  843.50527  20.3%   3.6  420s
 136723 72171 1051.22917   53    8 1058.12664  843.86657  20.2%   3.6  426s
 137862 72830     cutoff   81      1058.12664  844.39364  20.2%   3.6  432s
 138880 73516     cutoff   95      1058.12664  844.55613  20.2%   3.6  438s
 140002 74409  921.49270  102   26 1058.12664  844.73894  20.2%   3.6  446s
 141176 75118     cutoff   78      1058.12664  845.03693  20.1%   3.6  452s
 142296 75864 infeasible   81      1058.12664  845.28988  20.1%   3.6  458s
 143393 76669     cutoff   82      1058.12664  845.42665  20.1%   3.6  465s
 144548 77183     cutoff   86      1058.12664  845.65066  20.1%   3.6  472s
 145552 77965     cutoff  107      1058.12664  845.98612  20.0%   3.6  478s
 146735 78812  987.88339  111   15 1058.12664  846.35213  20.0%   3.6  484s
 147929 79489 1057.38732  114    6 1058.12664  846.74906  20.0%   3.6  491s
 148833 80258 1053.65867  114    6 1058.12664  846.94778  20.0%   3.6  498s
 149976 80895     cutoff   66      1058.12664  847.10918  19.9%   3.6  505s
 151094 81641     cutoff   75      1058.12664  847.39083  19.9%   3.6  511s
 152232 82481     cutoff   88      1058.12664  847.88425  19.9%   3.6  518s
 153389 83328  883.95671   46    6 1058.12664  848.20808  19.8%   3.6  524s
 154594 83526     cutoff   96      1058.12664  848.39841  19.8%   3.6  532s
 154759 84128  880.24547   61   10 1058.12664  848.41097  19.8%   3.6  541s
 155852 84846  897.26546   76   18 1058.12664  848.69094  19.8%   3.6  549s
 156961 85241     cutoff  106      1058.12664  848.96303  19.8%   3.6  558s
 157900 85525     cutoff   80      1058.12664  849.15434  19.7%   3.6  566s
 158756 86267     cutoff   66      1058.12664  849.19272  19.7%   3.7  574s
 159904 86925     cutoff   90      1058.12664  849.40423  19.7%   3.7  581s
 161077 87843     cutoff   90      1058.12664  849.64647  19.7%   3.7  588s
 162347 88265 infeasible  103      1058.12664  849.81058  19.7%   3.7  597s
 163326 89024 infeasible   63      1058.12664  850.01538  19.7%   3.7  605s
 164377 89720  929.41016   54    6 1058.12664  850.30271  19.6%   3.7  614s
 165512 90238  920.41863   81   28 1058.12664  850.47649  19.6%   3.7  623s
 166431 90898 1011.00657   59    6 1058.12664  850.52159  19.6%   3.7  631s
 167536 91693     cutoff   93      1058.12664  850.92678  19.6%   3.7  638s
 168769 92540  971.35061   95    8 1058.12664  851.01401  19.6%   3.7  646s
 170017 93203     cutoff  110      1058.12664  851.41531  19.5%   3.7  655s
 171141 94098 infeasible   95      1058.12664  851.56335  19.5%   3.7  662s
 172394 94502     cutoff   88      1058.12664  851.87918  19.5%   3.7  671s
 173304 95173  949.04038   84   23 1058.12664  852.20391  19.5%   3.7  680s
 174392 95281     cutoff  109      1058.12664  852.26506  19.5%   3.7  695s
 174469 95918 1007.85290   60   13 1058.12664  852.33241  19.4%   3.7  707s
 175611 96521  906.45532   85    6 1058.12664  852.45480  19.4%   3.7  718s
 176756 97349  937.08316  138    8 1058.12664  852.80875  19.4%   3.7  729s
 177988 98245     cutoff  139      1058.12664  853.19524  19.4%   3.7  739s
 179237 98962     cutoff   94      1058.12664  853.40155  19.3%   3.7  748s
 180322 99605 infeasible  128      1058.12664  853.58269  19.3%   3.7  757s
 181338 100160  952.15960   52    8 1058.12664  853.75660  19.3%   3.7  768s
 182404 100974  923.70058   72   23 1058.12664  853.86235  19.3%   3.7  777s
 183563 101820  995.78406  102   14 1058.12664  853.86235  19.3%   3.7  786s
 184876 102558  887.72253   59    6 1058.12664  854.17807  19.3%   3.7  795s
 186056 103196 1008.56195   73    8 1058.12664  854.74035  19.2%   3.7  805s
 187165 104018 1048.69682   74    - 1058.12664  854.91097  19.2%   3.7  814s
 187595 104042 1052.12051  101    8 1058.12664  854.92949  19.2%   3.7  815s
 188365 104502     cutoff  100      1058.12664  855.13958  19.2%   3.7  826s
 189302 105258 1007.04912   51   10 1058.12664  855.18887  19.2%   3.7  834s
 190498 106165  943.77173   72    6 1058.12664  855.43565  19.2%   3.7  843s
 191779 106986     cutoff  107      1058.12664  855.67958  19.1%   3.7  851s
 192915 107637 1019.00389   71    8 1058.12664  855.90587  19.1%   3.7  860s
 194076 108434 infeasible   89      1058.12664  856.11477  19.1%   3.7  870s
 195230 109282     cutoff   96      1058.12664  856.31083  19.1%   3.7  880s
 196473 110006 infeasible  117      1058.12664  856.52748  19.1%   3.7  889s
 197630 110724  866.39780   42    6 1058.12664  856.67533  19.0%   3.7  899s
 198773 111436  934.13265   94   10 1058.12664  856.82298  19.0%   3.7  909s
 199901 112155     cutoff  118      1058.12664  856.93683  19.0%   3.7  919s
 201049 113009     cutoff   72      1058.12664  857.13804  19.0%   3.7  930s
 202277 113314     cutoff  104      1058.12664  857.47495  19.0%   3.7  943s
 203208 114103     cutoff   76      1058.12664  857.57464  19.0%   3.7  953s
 204289 114627     cutoff  105      1058.12664  857.83299  18.9%   3.7  965s
 205263 115320 1043.59307   65    - 1058.12664  857.91905  18.9%   3.7  975s
 206356 115835  940.14375   83    8 1058.12664  858.04918  18.9%   3.7  986s
 207229 116241     cutoff   85      1058.12664  858.25201  18.9%   3.7  997s
 207991 116797  934.05841   79    6 1058.12664  858.36998  18.9%   3.7 1009s
 208431 116852  949.69069   83   16 1058.12664  858.39739  18.9%   3.7 1010s
 209044 117726  988.44321   80    6 1058.12664  858.43531  18.9%   3.7 1019s
 209705 117801 1009.13493   70   14 1058.12664  858.48617  18.9%   3.7 1020s
 210404 118661 1009.25833  102   15 1058.12664  858.71074  18.8%   3.7 1031s
 211707 119437  986.80595   63   12 1058.12664  858.90708  18.8%   3.7 1043s
 212944 120071     cutoff   90      1058.12664  859.17517  18.8%   3.7 1056s
 213968 120938 1052.94157   75   12 1058.12664  859.20474  18.8%   3.7 1069s
 214551 121022  963.55329   50    6 1058.12664  859.39685  18.8%   3.7 1070s
 215198 121411  935.68108   56   11 1058.12664  859.58434  18.8%   3.7 1081s
 216232 122218     cutoff   68      1058.12664  859.62812  18.8%   3.7 1093s
 217394 122854  903.71735  104    - 1058.12664  859.90780  18.7%   3.7 1107s
 218479 123481     cutoff  104      1058.12664  860.00185  18.7%   3.7 1119s
 219549 124007     cutoff  104      1058.12664  860.04484  18.7%   3.7 1131s
 220528 124789  945.21747   78    6 1058.12664  860.21048  18.7%   3.7 1146s
 221754 125473     cutoff   91      1058.12664  860.50929  18.7%   3.7 1159s
 222740 125602     cutoff   93      1058.12664  860.52119  18.7%   3.7 1160s
 222950 126206     cutoff   93      1058.12664  860.56912  18.7%   3.7 1173s
 224034 126989  902.50640   96   18 1058.12664  860.76581  18.7%   3.7 1185s
 225245 127393     cutoff  100      1058.12664  860.87031  18.6%   3.7 1199s
 226230 128195  935.18542   83   19 1058.12664  861.01568  18.6%   3.7 1213s
 227392 128741  952.61223   92   17 1058.12664  861.24118  18.6%   3.7 1227s
 228330 129539     cutoff  106      1058.12664  861.37935  18.6%   3.7 1240s
 229571 130447  968.65763   62    6 1058.12664  861.68247  18.6%   3.7 1252s
 230884 130600     cutoff  128      1058.12664  861.85927  18.5%   3.7 1269s
 231090 131193  933.35510   56    6 1058.12664  861.88282  18.5%   3.7 1283s
 232272 131980  882.75953   76   12 1058.12664  862.01411  18.5%   3.7 1295s
 233404 132880  942.34681   83   10 1058.12664  862.16537  18.5%   3.7 1308s
 234743 133762  962.39201   85   16 1058.12664  862.32743  18.5%   3.7 1318s
 236046 134542  964.25815  104   16 1058.12664  862.56660  18.5%   3.7 1330s
 237233 135127     cutoff   94      1058.12664  862.65392  18.5%   3.7 1345s
 238283 135779     cutoff   76      1058.12664  862.78307  18.5%   3.7 1356s
 239490 136492  931.75991   73   23 1058.12664  863.00797  18.4%   3.7 1371s
 240662 137319  947.01809   55   11 1058.12664  863.11053  18.4%   3.7 1383s
 241906 137988 infeasible  104      1058.12664  863.30394  18.4%   3.7 1398s
 243077 138802  906.41393   71   20 1058.12664  863.54072  18.4%   3.7 1410s
 244285 139434     cutoff   80      1058.12664  863.66307  18.4%   3.7 1425s
 245324 140003  996.30839   54   10 1058.12664  863.75334  18.4%   3.7 1437s
 246318 140845     cutoff   68      1058.12664  863.95202  18.4%   3.7 1450s
 247581 141656 1046.71533   66    8 1058.12664  864.14401  18.3%   3.7 1461s
 248841 142528 1008.56402   86    8 1058.12664  864.28761  18.3%   3.7 1475s
 250135 143021 infeasible  115      1058.12664  864.41834  18.3%   3.7 1491s
 251106 143564     cutoff   80      1058.12664  864.52090  18.3%   3.7 1506s
 252130 144426     cutoff   83      1058.12664  864.55057  18.3%   3.7 1519s
 253422 144956     cutoff   87      1058.12664  864.79137  18.3%   3.7 1536s
 254477 145420     cutoff   96      1058.12664  864.86180  18.3%   3.7 1551s
 255411 146368     cutoff   94      1058.12664  865.00945  18.3%   3.7 1564s
 256721 146998 1056.91518   94    6 1058.12664  865.17666  18.2%   3.7 1578s
 257867 147770 infeasible   95      1058.12664  865.39666  18.2%   3.7 1591s
 259081 148337 1042.67426  115    6 1058.12664  865.43579  18.2%   3.7 1608s
 260153 149081     cutoff  103      1058.12664  865.67529  18.2%   3.7 1623s
 261262 149659 infeasible   82      1058.12664  865.79501  18.2%   3.7 1638s
 262388 150210  898.66234   75    6 1058.12664  865.91570  18.2%   3.7 1651s
 263477 150962     cutoff   63      1058.12664  866.10108  18.1%   3.7 1666s
 264602 151842  904.43608   78   15 1058.12664  866.19936  18.1%   3.7 1683s
 265894 152703     cutoff  110      1058.12664  866.36503  18.1%   3.7 1697s
 267191 153333  964.46523   79   19 1058.12664  866.50675  18.1%   3.7 1714s
 268280 154224  917.82140   52    6 1058.12664  866.65963  18.1%   3.7 1728s
 269540 154833  998.84012   94    8 1058.12664  866.74055  18.1%   3.7 1743s
 270710 155534 infeasible   97      1058.12664  866.99542  18.1%   3.7 1757s
 271803 156217  919.89613   57   32 1058.12664  867.11479  18.1%   3.7 1771s
 272978 156940 1039.76030   64    6 1058.12664  867.25088  18.0%   3.7 1787s
 274186 157702 1022.55671   76    6 1058.12664  867.43708  18.0%   3.7 1805s
 275282 158601  916.06710   93    9 1058.12664  867.56362  18.0%   3.7 1820s
 276613 159524  966.92143   54    6 1058.12664  867.69535  18.0%   3.7 1833s
 277906 160253     cutoff  115      1058.12664  867.83354  18.0%   3.7 1848s
 279102 160870     cutoff   96      1058.12664  867.84954  18.0%   3.7 1865s
 280170 161606 1043.77772  108   14 1058.12664  867.93778  18.0%   3.7 1879s
 281272 162403 1053.42627  109   16 1058.12664  868.05764  18.0%   3.7 1893s
 282537 162559     cutoff  110      1058.12664  868.26164  17.9%   3.7 1922s
 282628 163084  868.40994   49    6 1058.12664  868.27956  17.9%   3.7 1939s
 283730 163783     cutoff   87      1058.12664  868.39951  17.9%   3.7 1955s
 284781 164477 1007.35383   67    9 1058.12664  868.48719  17.9%   3.7 1972s
 285960 165090  935.68929   84   22 1058.12664  868.55155  17.9%   3.7 1990s
 287065 165898 1036.11761  105   10 1058.12664  868.66601  17.9%   3.7 2006s
 288292 166693  903.25194   47    9 1058.12664  868.85531  17.9%   3.7 2022s
 289457 167382     cutoff  110      1058.12664  868.98033  17.9%   3.7 2039s
 290691 168159     cutoff   84      1058.12664  869.15033  17.9%   3.7 2057s
 291919 168659     cutoff  104      1058.12664  869.24982  17.9%   3.7 2073s
 292978 169422     cutoff   74      1058.12664  869.35893  17.8%   3.7 2089s
 294198 169995 infeasible   87      1058.12664  869.50921  17.8%   3.7 2103s
 295259 170738 1046.65848  100   10 1058.12664  869.71868  17.8%   3.7 2120s
 296454 171544 infeasible  101      1058.12664  869.78656  17.8%   3.7 2136s
 297679 172323     cutoff   78      1058.12664  869.98238  17.8%   3.7 2152s
 298916 173052 1044.62291   87    6 1058.12664  870.06144  17.8%   3.7 2170s
 299977 173597 infeasible   88      1058.12664  870.16294  17.8%   3.7 2187s
 301007 174258     cutoff  109      1058.12664  870.28366  17.8%   3.7 2206s
 302144 174656  911.85815   41    9 1058.12664  870.39291  17.7%   3.7 2227s
 303023 175294  914.50469   68    6 1058.12664  870.44183  17.7%   3.7 2247s
 304027 176018 1016.30680  103    6 1058.12664  870.56337  17.7%   3.7 2267s
 305252 176840     cutoff  104      1058.12664  870.70130  17.7%   3.7 2284s
 305369 176846  946.43990   90   12 1058.12664  870.70973  17.7%   3.7 2285s
 306546 177492     cutoff  100      1058.12664  870.85573  17.7%   3.7 2304s
 307757 178012     cutoff  105      1058.12664  870.90199  17.7%   3.7 2322s
 308811 178721 1021.30671   90   16 1058.12664  871.06783  17.7%   3.7 2340s
 310010 179259     cutoff   93      1058.12664  871.18249  17.7%   3.7 2363s
 310993 180017     cutoff   77      1058.12664  871.31867  17.7%   3.7 2381s
 312107 180218     cutoff   78      1058.12664  871.43578  17.6%   3.7 2400s
 312287 180747  933.00227   54   22 1058.12664  871.45944  17.6%   3.7 2421s
 313473 181657  986.65479   85    9 1058.12664  871.60320  17.6%   3.7 2439s
 314481 181729  986.95125  120    8 1058.12664  871.62480  17.6%   3.7 2440s
 314795 182249     cutoff   85      1058.12664  871.65205  17.6%   3.7 2462s
 315987 182766 1036.24896   83   19 1058.12664  871.81285  17.6%   3.7 2485s
 317086 183269 1053.35346   86   13 1058.12664  871.90468  17.6%   3.7 2504s
 318088 184152     cutoff   80      1058.12664  871.93605  17.6%   3.7 2522s
 319466 184767  907.79282   71   17 1058.12664  872.08327  17.6%   3.7 2544s
 320534 185601     cutoff   97      1058.12664  872.15313  17.6%   3.7 2563s
 321844 186479     cutoff   95      1058.12664  872.31716  17.6%   3.7 2585s
 323191 187124  935.36054   83   15 1058.12664  872.33953  17.6%   3.7 2605s
 324387 187639  959.32925   51    6 1058.12664  872.54739  17.5%   3.7 2628s
 325312 188109  975.23963   76    6 1058.12664  872.66146  17.5%   3.7 2647s
 326267 188819 1035.76812   81    6 1058.12664  872.70145  17.5%   3.7 2667s
 327520 189552  926.75323   84    6 1058.12664  872.86237  17.5%   3.7 2689s
 328603 189683  996.98833   81   13 1058.12664  872.91866  17.5%   3.7 2690s
 328802 190149 infeasible   62      1058.12664  872.96152  17.5%   3.7 2708s
 329884 191026     cutoff   92      1058.12664  873.08964  17.5%   3.7 2728s
 331174 191630 1055.52106   83    6 1058.12664  873.25551  17.5%   3.7 2747s
 332312 192239     cutoff   83      1058.12664  873.40437  17.5%   3.7 2768s
 333368 192778 1005.42033   52    6 1058.12664  873.43995  17.5%   3.7 2789s
 334521 193444     cutoff   79      1058.12664  873.43995  17.5%   3.7 2810s
 335732 194084  968.02723  115   10 1058.12664  873.63919  17.4%   3.7 2829s
 336812 194690     cutoff   77      1058.12664  873.76314  17.4%   3.7 2848s
 338017 195343 1034.29236   88    6 1058.12664  873.87633  17.4%   3.7 2870s
 339217 195797 infeasible   88      1058.12664  874.00332  17.4%   3.7 2894s
 340254 196522  904.68891   92   18 1058.12664  874.03981  17.4%   3.7 2915s
 341407 197248 1046.25113   51    6 1058.12664  874.25402  17.4%   3.7 2935s
 342660 197975  895.97930   89    6 1058.12664  874.32999  17.4%   3.7 2957s
 343917 198479     cutoff   98      1058.12664  874.48420  17.4%   3.7 2983s
 344844 199262  920.03917   72   11 1058.12664  874.52386  17.4%   3.7 3004s
 346112 199891  979.25782   64    6 1058.12664  874.65580  17.3%   3.7 3031s
 347273 200564     cutoff   87      1058.12664  874.77028  17.3%   3.7 3057s
 348423 201093     cutoff   85      1058.12664  874.87167  17.3%   3.7 3087s
 349445 201692  981.84154   76   19 1058.12664  874.99052  17.3%   3.7 3108s
 350494 202170  894.54791   49    6 1058.12664  875.03563  17.3%   3.7 3130s
 351586 202405 infeasible   96      1058.12664  875.20228  17.3%   3.7 3163s
 351771 202823  897.73690   58   10 1058.12664  875.20228  17.3%   3.7 3187s
 352790 203464     cutoff   92      1058.12664  875.25913  17.3%   3.7 3212s
 354064 204206 1041.08738   77    6 1058.12664  875.35823  17.3%   3.7 3233s
 355385 204732     cutoff  103      1058.12664  875.41227  17.3%   3.7 3257s
 356511 205630 infeasible  100      1058.12664  875.53923  17.3%   3.7 3282s
 357914 206394  995.04313   88    8 1058.12664  875.65666  17.2%   3.7 3308s
 359102 207121  910.86924   93   13 1058.12664  875.81658  17.2%   3.7 3331s
 360427 207907 1014.35257  108   11 1058.12664  875.91767  17.2%   3.7 3352s
 361746 208817 infeasible   90      1058.12664  875.97152  17.2%   3.7 3379s
 363115 209492 1023.58848  113   11 1058.12664  876.11649  17.2%   3.7 3402s
 364377 210119 1055.60976  117    6 1058.12664  876.24203  17.2%   3.7 3428s
 365524 210742  988.33276   67    6 1058.12664  876.31763  17.2%   3.7 3450s
 366706 211283  964.66984   72   19 1058.12664  876.43629  17.2%   3.7 3471s
 367775 211876     cutoff   83      1058.12664  876.59887  17.2%   3.7 3490s
 368734 212624 infeasible   70      1058.12664  876.67392  17.1%   3.7 3514s
 370022 213241     cutoff   86      1058.12664  876.84034  17.1%   3.7 3536s
 371242 213899 1014.65573   77    6 1058.12664  876.90481  17.1%   3.7 3562s
 372443 214501 1022.68112   90   12 1058.12664  877.06209  17.1%   3.7 3588s
 373630 215173 1048.52579   92    6 1058.12664  877.11707  17.1%   3.7 3610s
 374804 215691     cutoff   93      1058.12664  877.21607  17.1%   3.7 3636s
 375879 216265     cutoff   52      1058.12664  877.27817  17.1%   3.7 3661s
 376975 217164  925.62158   60   11 1058.12664  877.37800  17.1%   3.7 3686s
 378322 217906     cutoff   90      1058.12664  877.50391  17.1%   3.7 3712s
 379585 218498  935.38536   45    6 1058.12664  877.56107  17.1%   3.7 3740s
 380756 219094 1053.50285   74   25 1058.12664  877.68067  17.1%   3.7 3764s
 381879 219651 infeasible   75      1058.12664  877.81647  17.0%   3.7 3788s
 382889 220346     cutoff   75      1058.12664  877.84569  17.0%   3.7 3811s
 384115 220921 1032.57196   60    6 1058.12664  878.01068  17.0%   3.7 3844s
 385255 221526  958.15200   98    6 1058.12664  878.02649  17.0%   3.7 3872s
 386396 222134     cutoff  111      1058.12664  878.10470  17.0%   3.8 3893s
 387422 222694 1050.46502   75    8 1058.12664  878.24889  17.0%   3.8 3920s
 388473 223360  961.97349   76    8 1058.12664  878.30929  17.0%   3.8 3946s
 389711 224163     cutoff   89      1058.12664  878.35790  17.0%   3.8 3970s
 390988 224961 1028.16991   84    6 1058.12664  878.53761  17.0%   3.8 3991s
 392302 225388  897.91407   85   12 1058.12664  878.60148  17.0%   3.8 4024s
 393276 225538 1014.99043   72    8 1058.12664  878.69097  17.0%   3.8 4025s
 393340 226188 1010.24312   54    9 1058.12664  878.70413  17.0%   3.8 4051s
 394618 226834 1034.10890   79   18 1058.12664  878.74371  17.0%   3.8 4076s
 395750 227420     cutoff   81      1058.12664  878.83548  16.9%   3.8 4102s
 396909 227892  970.37239   92    6 1058.12664  878.93749  16.9%   3.8 4131s
 397921 228314 1034.97489  107   15 1058.12664  878.99772  16.9%   3.8 4162s
 398837 228945     cutoff  111      1058.12664  879.08816  16.9%   3.8 4191s
 400063 229484     cutoff   93      1058.12664  879.11083  16.9%   3.8 4222s
 401226 230246     cutoff   73      1058.12664  879.21381  16.9%   3.8 4247s
 402512 230839 1031.63923  100   12 1058.12664  879.23814  16.9%   3.8 4275s
 403656 231472  930.64459   73    6 1058.12664  879.42101  16.9%   3.8 4301s
 404913 232043     cutoff   89      1058.12664  879.46346  16.9%   3.8 4329s
 406046 232477  976.85316   45    8 1058.12664  879.54253  16.9%   3.8 4360s
 407105 233265  975.34552   78   17 1058.12664  879.57818  16.9%   3.8 4384s
 407212 233277  945.25279   55    6 1058.12664  879.57818  16.9%   3.8 4385s
 408381 234000     cutoff   88      1058.12664  879.73356  16.9%   3.8 4409s
 409134 234087 1057.98689   96    6 1058.12664  879.79994  16.9%   3.8 4410s
 409668 234799 1031.65885   95    6 1058.12664  879.87720  16.8%   3.8 4435s
 410923 234947 infeasible   96      1058.12664  879.94782  16.8%   3.8 4480s
 410998 235618  888.24697   52    6 1058.12664  880.02232  16.8%   3.8 4507s
 412226 236199     cutoff   84      1058.12664  880.07595  16.8%   3.8 4537s
 413500 236766 1049.45567   79   11 1058.12664  880.12632  16.8%   3.8 4567s
 414621 237409     cutoff   78      1058.12664  880.15635  16.8%   3.8 4600s
 415862 238378     cutoff   80      1058.12664  880.38787  16.8%   3.8 4632s
 417306 239017  929.86232   42    6 1058.12664  880.50003  16.8%   3.8 4659s
 418541 239638 infeasible   85      1058.12664  880.57963  16.8%   3.8 4685s
 419653 239770  906.53564   78   22 1058.12664  880.63137  16.8%   3.8 4750s
 419655 239771  975.84925   92   18 1058.12664  880.63137  16.8%   3.8 4764s
 419656 239772  931.12674   58   36 1058.12664  880.63137  16.8%   3.8 4777s
 419658 239773  912.83113   53   23 1058.12664  880.63137  16.8%   3.8 4780s
 419659 239774  936.08152   55   14 1058.12664  880.63137  16.8%   3.8 4791s
 419660 239775 1031.94770   79   14 1058.12664  880.63137  16.8%   3.8 4798s
 419661 239775  931.29674   88   14 1058.12664  880.63137  16.8%   3.8 4808s
 419662 239779  880.63137   42   37 1058.12664  880.63137  16.8%   3.8 4826s
 419664 239782  880.63137   43   40 1058.12664  880.63137  16.8%   3.8 4837s
 419668 239789  880.63137   44   40 1058.12664  880.63137  16.8%   3.8 4846s
 419676 239798  880.63137   45   40 1058.12664  880.63137  16.8%   3.8 4855s
 419688 239806  880.63137   46   38 1058.12664  880.63137  16.8%   3.8 4862s
 419700 239814  880.63137   46   11 1058.12664  880.63137  16.8%   3.8 4869s
 419712 239822  880.63137   47   12 1058.12664  880.63137  16.8%   3.8 4874s
 419724 239829  880.63137   47   20 1058.12664  880.63137  16.8%   3.8 4879s
 419737 239838  880.63137   48   11 1058.12664  880.63137  16.8%   3.8 4882s
 419753 239850  880.63137   48   12 1058.12664  880.63137  16.8%   3.8 4886s
 419768 239857  880.63137   49   15 1058.12664  880.63137  16.8%   3.8 4903s
 419780 239871  880.63137   49   15 1058.12664  880.63137  16.8%   3.8 4907s
 419800 239883  880.63137   50   10 1058.12664  880.63137  16.8%   3.8 4911s
 419826 239892  880.63137   51   12 1058.12664  880.63137  16.8%   3.8 4915s
 419875 239912  880.63137   53   17 1058.12664  880.63137  16.8%   3.8 4923s
 419897 239921  880.63137   53   15 1058.12664  880.63137  16.8%   3.8 4928s
 419919 239933  880.63137   54   10 1058.12664  880.63137  16.8%   3.8 4931s
 419947 239946  880.63137   55   11 1058.12664  880.63137  16.8%   3.8 4935s
 419977 239962  880.63137   57    6 1058.12664  880.63137  16.8%   3.8 4940s
 420038 239978  880.77527   59    9 1058.12664  880.63137  16.8%   3.8 4948s
 420067 239995  918.26358   60    9 1058.12664  880.63137  16.8%   3.8 4952s
 420103 240010  880.63137   62   23 1058.12664  880.63137  16.8%   3.8 4956s
 420135 240018  880.63137   63   18 1058.12664  880.63137  16.8%   3.8 4961s
 420173 240025  901.69981   64   19 1058.12664  880.63137  16.8%   3.8 4967s
 420216 240041  912.03536   65    8 1058.12664  880.63137  16.8%   3.8 4972s
 420258 240051  966.57978   66   26 1058.12664  880.63137  16.8%   3.8 4977s
 420296 240060  952.62153   67    - 1058.12664  880.63137  16.8%   3.8 4982s
 420335 240070  880.63137   69   17 1058.12664  880.63137  16.8%   3.8 4988s
 420379 240073  898.41702   70   10 1058.12664  880.63137  16.8%   3.8 4993s
 420421 240089  880.63137   72   18 1058.12664  880.63137  16.8%   3.8 4999s
 420471 240099 1042.86560   73   18 1058.12664  880.63137  16.8%   3.8 5005s
 420532 240125  880.63137   76   10 1058.12664  880.63137  16.8%   3.8 5011s
 420606 240125     cutoff   77      1058.12664  880.63137  16.8%   3.8 5017s
 420671 240138  880.63137   80   10 1058.12664  880.63137  16.8%   3.8 5023s
 420749 240150  880.63137   83   23 1058.12664  880.63137  16.8%   3.8 5029s
 420825 240180  880.63137   86    6 1058.12664  880.63137  16.8%   3.8 5038s
 420919 240202     cutoff   90      1058.12664  880.63137  16.8%   3.8 5046s
 421010 240213  912.94316   95   22 1058.12664  880.63137  16.8%   3.8 5053s
 421102 240250  929.65720  100    9 1058.12664  880.63137  16.8%   3.8 5059s
 421213 240291 infeasible  104      1058.12664  880.63137  16.8%   3.8 5065s
 421319 240332  880.63137   56    6 1058.12664  880.63137  16.8%   3.8 5071s
 421433 240365  880.63137   73   17 1058.12664  880.63137  16.8%   3.8 5077s
 421554 240410  880.63137   87    9 1058.12664  880.63137  16.8%   3.8 5084s
 421667 240474  880.63137   98   18 1058.12664  880.63137  16.8%   3.8 5090s
 421810 240501  880.63137  113   20 1058.12664  880.63137  16.8%   3.8 5099s
 421933 240549  880.63137  120   15 1058.12664  880.63137  16.8%   3.8 5107s
 422071 240598  880.63137  133   13 1058.12664  880.63137  16.8%   3.8 5116s
 422223 240653  891.73687  142   16 1058.12664  880.63137  16.8%   3.8 5124s
 422391 240718  924.55787  152   31 1058.12664  880.63137  16.8%   3.8 5133s
 422587 240827  880.63137   48   11 1058.12664  880.63137  16.8%   3.8 5142s
 422812 240892  947.79108   65   13 1058.12664  880.63137  16.8%   3.8 5150s
 423003 240939  984.31548   81   13 1058.12664  880.63137  16.8%   3.8 5159s
 423207 241062  880.63137   51   12 1058.12664  880.63137  16.8%   3.8 5168s
 423449 241146     cutoff   73      1058.12664  880.63137  16.8%   3.8 5176s
 423696 241199  931.09895   89   22 1058.12664  880.63137  16.8%   3.8 5184s
 423864 241345  939.81951   92   26 1058.12664  880.63137  16.8%   3.8 5193s
 424142 241496 1026.59096  116    6 1058.12664  880.63137  16.8%   3.8 5203s
 424451 241638  893.44486   62    6 1058.12664  880.63137  16.8%   3.8 5216s
 424749 241757  925.24675   89   31 1058.12664  880.63137  16.8%   3.8 5227s
 425058 241856     cutoff  115      1058.12664  880.63137  16.8%   3.8 5237s
 425372 241937  880.63137   65   23 1058.12664  880.63137  16.8%   3.8 5250s
 425663 242149  910.33332   91   13 1058.12664  880.63137  16.8%   3.8 5266s
 426030 242287 1032.06630   89   11 1058.12664  880.63137  16.8%   3.8 5281s
 426371 242487  931.78016   74   10 1058.12664  880.63137  16.8%   3.8 5296s
 426768 242654 1030.20343   78   10 1058.12664  880.63137  16.8%   3.8 5312s
 427152 242864     cutoff   79      1058.12664  880.63137  16.8%   3.8 5328s
 427576 243047  946.69967   96    8 1058.12664  880.63137  16.8%   3.8 5341s
 428000 243250  880.63137   55   12 1058.12664  880.63137  16.8%   3.8 5355s
 428471 243459  975.98714   85   12 1058.12664  880.63137  16.8%   3.8 5370s
 428952 243872  880.63137   68   27 1058.12664  880.63137  16.8%   3.8 5381s
 429584 244168  889.11117  124   22 1058.12664  880.63137  16.8%   3.8 5392s
 430203 244513     cutoff  135      1058.12664  880.63137  16.8%   3.8 5407s
 430854 244769     cutoff   95      1058.12664  880.63137  16.8%   3.8 5422s
 431403 244992  924.77017   97   22 1058.12664  880.63137  16.8%   3.8 5435s
 431981 245347 1010.45968  105    6 1058.12664  880.63137  16.8%   3.8 5452s
 432645 245692  881.96563   86   18 1058.12664  880.63137  16.8%   3.8 5469s
 433331 245501     cutoff  120      1058.12664  880.63137  16.8%   3.8 5494s
 433358 246126  880.63137   58   15 1058.12664  880.63137  16.8%   3.8 5507s
 434126 246063  962.08681  134    8 1058.12664  880.63137  16.8%   3.8 5530s
 434703 246411     cutoff   69      1058.12664  880.63137  16.8%   3.8 5547s
 435431 246868  884.72305   75   13 1058.12664  880.63137  16.8%   3.8 5564s
 435843 246736  913.76568   95   29 1058.12664  880.63137  16.8%   3.8 5565s
 436248 247101  917.68047   67   30 1058.12664  880.63137  16.8%   3.8 5586s
 436992 247672  880.63137   49   15 1058.12664  880.63137  16.8%   3.8 5606s
 437911 247777     cutoff  104      1058.12664  880.63137  16.8%   3.8 5631s
 438580 247830 1047.08557   82   28 1058.12664  880.63137  16.8%   3.8 5654s
 439191 248000  932.70070   70   20 1058.12664  880.63137  16.8%   3.8 5674s
 439655 248377 1022.16815   71    - 1058.12664  880.63137  16.8%   3.8 5693s
 440403 248321 infeasible   79      1058.12664  880.63137  16.8%   3.8 5722s
 440711 248498  880.63137   70   12 1058.12664  880.63137  16.8%   3.8 5760s
 441397 248833     cutoff   92      1058.12664  880.63137  16.8%   3.8 5801s
 442276 249029  909.13822  117   23 1058.12664  880.63137  16.8%   3.8 5832s
 443134 249538  947.63966  141   17 1058.12664  880.63137  16.8%   3.8 5855s
 444259 249926     cutoff   92      1058.12664  880.63137  16.8%   3.8 5900s
 445315 250258 1002.45731   78    6 1058.12664  880.63137  16.8%   3.8 5935s
 446377 250650 1039.26869  105    6 1058.12664  880.63137  16.8%   3.8 5962s
 447524 251378 1003.56887   79   10 1058.12664  880.63137  16.8%   3.8 5992s
 448898 252098     cutoff  109      1058.12664  880.63137  16.8%   3.8 6020s
 450387 252477     cutoff  120      1058.12664  880.63137  16.8%   3.8 6055s
 451644 252649 1054.49390   78    9 1058.12664  880.63137  16.8%   3.8 6086s
 452343 253464  932.82937   94   28 1058.12664  880.63137  16.8%   3.8 6118s
 453764 253449 1036.74354   80   13 1058.12664  880.63137  16.8%   3.8 6151s
 454701 254104 infeasible   98      1058.12664  880.63137  16.8%   3.8 6181s
 455992 254869  980.06152  125   29 1058.12664  880.63137  16.8%   3.8 6210s
 457439 255593  939.65662  117   18 1058.12664  880.63137  16.8%   3.8 6237s
 458955 255730  970.85538   80   13 1058.12664  880.63137  16.8%   3.8 6272s
 460064 256014  958.16016   62    6 1058.12664  880.63137  16.8%   3.8 6312s
 461119 256483 1004.43945   76    6 1058.12664  880.63137  16.8%   3.8 6344s
 462324 257018  967.89152  123   16 1058.12664  880.63137  16.8%   3.8 6377s
 463603 257586     cutoff   86      1058.12664  880.63137  16.8%   3.8 6415s
 464824 258056     cutoff  102      1058.12664  880.63137  16.8%   3.8 6446s
 466051 258694     cutoff  116      1058.12664  880.63137  16.8%   3.8 6482s
 467438 259403  880.63137   59   11 1058.12664  880.63137  16.8%   3.8 6511s
 468880 259941     cutoff   97      1058.12664  880.63137  16.8%   3.8 6545s
 470217 260289  966.83824   94   14 1058.12664  880.63137  16.8%   3.8 6577s
 471433 260608 infeasible  102      1058.12664  880.63137  16.8%   3.8 6613s
 472514 261108     cutoff  141      1058.12664  880.63137  16.8%   3.8 6648s
 473651 261625  885.18146   93   10 1058.12664  880.63137  16.8%   3.8 6680s
 474911 262385 1003.41610  119   20 1058.12664  880.63137  16.8%   3.8 6714s
 476280 262408 infeasible   97      1058.12664  880.63137  16.8%   3.8 6741s
 476903 263227     cutoff   95      1058.12664  880.63137  16.8%   3.8 6769s
 478243 263683     cutoff   98      1058.12664  880.63137  16.8%   3.7 6796s
 479539 264224  880.63137   72    6 1058.12664  880.63137  16.8%   3.7 6828s
 480841 264610  913.08208   76   16 1058.12664  880.63137  16.8%   3.7 6860s
 481960 265308  908.56090   69    6 1058.12664  880.63137  16.8%   3.7 6891s
 483286 265762     cutoff  106      1058.12664  880.63137  16.8%   3.7 6916s
 484570 266087 1031.42322  101    6 1058.12664  880.63137  16.8%   3.7 6947s
 485508 266071  994.77087   94   13 1058.12664  880.63137  16.8%   3.7 6992s
 485917 266969  927.62898  100   20 1058.12664  880.63137  16.8%   3.7 7032s
 487227 267300  953.08636   92    6 1058.12664  880.63137  16.8%   3.7 7068s
 488425 267631  882.16285   61   12 1058.12664  880.63137  16.8%   3.7 7102s
 489595 268023     cutoff   91      1058.12664  880.63137  16.8%   3.7 7131s
 490728 268673     cutoff  105      1058.12664  880.63137  16.8%   3.7 7159s
 492110 269280 1031.20106  112    6 1058.12664  880.63137  16.8%   3.7 7185s
 493440 269014  896.02499   80   18 1058.12664  880.63137  16.8%   3.7 7200s

Cutting planes:
  Gomory: 3
  Flow cover: 1
  Zero half: 3
  Lazy constraints: 4381

Explored 493851 nodes (1846086 simplex iterations) in 7200.57 seconds
Thread count was 12 (of 12 available processors)

Solution count 1: 1058.13 

Time limit reached
Best objective 1.058126639435e+03, best bound 8.806313734379e+02, gap 16.7745%

User-callback calls 2340711, time in user-callback 6.20 sec
/projects/academic/josewalt/caigao/RRARP_BD/BendersDecomp/ret/model_outs/n_18_h_3_algo_2.out
 =====>>>>> Solution is written to file in <../ret/model_outs> !!!
===>> All Done!
