NPROCS=0
This instance is clustered!
Gurobi Optimizer version 9.0.0 build v9.0.0rc2 (linux64)
Optimize a model with 44 rows, 485 columns and 968 nonzeros
Model fingerprint: 0x3ff53402
Variable types: 1 continuous, 484 integer (484 binary)
Coefficient statistics:
  Matrix range     [1e+00, 1e+00]
  Objective range  [1e+00, 4e+02]
  Bounds range     [1e+00, 1e+00]
  RHS range        [1e+00, 1e+00]
Presolve removed 2 rows and 63 columns
Presolve time: 0.01s
Presolved: 42 rows, 422 columns, 842 nonzeros
Variable types: 1 continuous, 421 integer (421 binary)

Root relaxation: objective 1.063474e+03, 38 iterations, 0.00 seconds

    Nodes    |    Current Node    |     Objective Bounds      |     Work
 Expl Unexpl |  Obj  Depth IntInf | Incumbent    BestBd   Gap | It/Node Time

     0     0 1097.34640    0   12          - 1097.34640      -     -    0s
     0     0 1134.29680    0   24          - 1134.29680      -     -    0s
     0     2 1181.40470    0   19          - 1181.40470      -     -    0s
H  285   278                    1481.4007232 1194.69678  19.4%   3.7    0s
*  712   558              53    1457.8786969 1194.69678  18.1%   3.4    0s
*  740   564              58    1416.2545348 1194.69678  15.6%   3.5    0s
* 1056   770              67    1382.6090563 1199.98517  13.2%   3.9    0s
* 1478   963              47    1382.5641468 1204.78107  12.9%   4.1    0s
H 3602  1901                    1378.9513754 1234.51921  10.5%   4.5    1s
H 3603  1806                    1375.5161612 1234.51921  10.3%   4.5    1s
  7936  2625 1362.58730   52    8 1375.51616 1253.04186  8.90%   4.7    5s
 18032  6171     cutoff   45      1375.51616 1287.03617  6.43%   4.8   10s
 24275  7287 1371.39952   32    8 1375.51616 1300.59351  5.45%   4.9   15s
 28742  7843 1350.00022   33   10 1375.51616 1308.52745  4.87%   5.0   20s
 32786  7963 infeasible   30      1375.51616 1314.86993  4.41%   5.1   25s
 35828  7734 infeasible   44      1375.51616 1320.17519  4.02%   5.2   30s
 39092  7440     cutoff   32      1375.51616 1325.09241  3.67%   5.2   35s
 42397  6878 1374.17608   37    - 1375.51616 1331.07990  3.23%   5.2   40s
 45887  6043     cutoff   31      1375.51616 1338.20497  2.71%   5.3   46s
 48522  5167 infeasible   33      1375.51616 1342.35056  2.41%   5.3   50s
 50610  4299 infeasible   33      1375.51616 1347.55428  2.03%   5.3   56s
 53662  2886     cutoff   43      1375.51616 1352.78217  1.65%   5.2   61s
 55671  1676 infeasible   27      1375.51616 1358.21369  1.26%   5.2   65s

Cutting planes:
  Gomory: 4
  Zero half: 4
  Lazy constraints: 5933

Explored 58758 nodes (303133 simplex iterations) in 69.50 seconds
Thread count was 12 (of 12 available processors)

Solution count 7: 1375.52 1378.95 1382.56 ... 1481.4

Optimal solution found (tolerance 1.00e-04)
Best objective 1.375516161161e+03, best bound 1.375516161161e+03, gap 0.0000%

User-callback calls 133712, time in user-callback 0.74 sec
/projects/academic/josewalt/caigao/RRARP_BD/BendersDecomp/ret/model_outs/n_20_e_5_algo_2.out
 =====>>>>> Solution is written to file in <../ret/model_outs> !!!
===>> All Done!
