NPROCS=0
This instance is clustered!
Gurobi Optimizer version 9.0.0 build v9.0.0rc2 (linux64)
Optimize a model with 30 rows, 226 columns and 450 nonzeros
Model fingerprint: 0xd3b5a434
Variable types: 1 continuous, 225 integer (225 binary)
Coefficient statistics:
  Matrix range     [1e+00, 1e+00]
  Objective range  [1e+00, 2e+02]
  Bounds range     [1e+00, 1e+00]
  RHS range        [1e+00, 1e+00]
Presolve removed 2 rows and 42 columns
Presolve time: 0.00s
Presolved: 28 rows, 184 columns, 366 nonzeros
Variable types: 1 continuous, 183 integer (183 binary)

Root relaxation: objective 4.050489e+02, 29 iterations, 0.00 seconds

    Nodes    |    Current Node    |     Objective Bounds      |     Work
 Expl Unexpl |  Obj  Depth IntInf | Incumbent    BestBd   Gap | It/Node Time

     0     0  428.96619    0   26          -  428.96619      -     -    0s
     0     0  432.81541    0   30          -  432.81541      -     -    0s
     0     0  435.79466    0   31          -  435.79466      -     -    0s
H    0     0                     625.8672206  435.79466  30.4%     -    0s
H    0     0                     563.8153799  441.80961  21.6%     -    0s
     0     2  441.80961    0   31  563.81538  441.80961  21.6%     -    0s
H 3745  1461                     562.2563014  495.05464  12.0%   4.6    0s

Cutting planes:
  Lazy constraints: 163

Explored 13840 nodes (71833 simplex iterations) in 2.05 seconds
Thread count was 12 (of 12 available processors)

Solution count 3: 562.256 563.815 625.867 

Optimal solution found (tolerance 1.00e-04)
Best objective 5.622563013887e+02, best bound 5.622563013887e+02, gap 0.0000%

User-callback calls 29052, time in user-callback 0.03 sec
/projects/academic/josewalt/caigao/RRARP_BD/BendersDecomp/ret/model_outs/n_13_m_6_algo_3.out
 =====>>>>> Solution is written to file in <../ret/model_outs> !!!
===>> All Done!
