NPROCS=0
This instance is clustered!
Gurobi Optimizer version 9.0.0 build v9.0.0rc2 (linux64)
Optimize a model with 26 rows, 170 columns and 338 nonzeros
Model fingerprint: 0x0399ddeb
Variable types: 1 continuous, 169 integer (169 binary)
Coefficient statistics:
  Matrix range     [1e+00, 1e+00]
  Objective range  [1e+00, 1e+02]
  Bounds range     [1e+00, 1e+00]
  RHS range        [1e+00, 1e+00]
Presolve removed 2 rows and 36 columns
Presolve time: 0.00s
Presolved: 24 rows, 134 columns, 266 nonzeros
Variable types: 1 continuous, 133 integer (133 binary)

Root relaxation: objective 2.593519e+02, 21 iterations, 0.00 seconds

    Nodes    |    Current Node    |     Objective Bounds      |     Work
 Expl Unexpl |  Obj  Depth IntInf | Incumbent    BestBd   Gap | It/Node Time

     0     0  297.12955    0   23          -  297.12955      -     -    0s
H    0     0                     323.6405158  297.12955  8.19%     -    0s
     0     0  298.75630    0   26  323.64052  298.75630  7.69%     -    0s
     0     0  298.75630    0   27  323.64052  298.75630  7.69%     -    0s
H    0     0                     322.7633657  298.75630  7.44%     -    0s
     0     0  298.77228    0    6  322.76337  298.77228  7.43%     -    0s
     0     0  300.16158    0   18  322.76337  300.16158  7.00%     -    0s
     0     0  300.16158    0   18  322.76337  300.16158  7.00%     -    0s
     0     2  300.16158    0   18  322.76337  300.16158  7.00%     -    0s

Cutting planes:
  Gomory: 3
  Lazy constraints: 58

Explored 193 nodes (609 simplex iterations) in 0.05 seconds
Thread count was 12 (of 12 available processors)

Solution count 2: 322.763 323.641 

Optimal solution found (tolerance 1.00e-04)
Best objective 3.227633657350e+02, best bound 3.227633657350e+02, gap 0.0000%

User-callback calls 552, time in user-callback 0.00 sec
/projects/academic/josewalt/caigao/RRARP_BD/BendersDecomp/ret/model_outs/n_11_e_9_algo_2.out
 =====>>>>> Solution is written to file in <../ret/model_outs> !!!
===>> All Done!
