NPROCS=0
This instance is clustered!
Gurobi Optimizer version 9.0.0 build v9.0.0rc2 (linux64)
Optimize a model with 48 rows, 577 columns and 1152 nonzeros
Model fingerprint: 0xfe2b1c31
Variable types: 1 continuous, 576 integer (576 binary)
Coefficient statistics:
  Matrix range     [1e+00, 1e+00]
  Objective range  [1e+00, 6e+02]
  Bounds range     [1e+00, 1e+00]
  RHS range        [1e+00, 1e+00]
Presolve removed 2 rows and 69 columns
Presolve time: 0.01s
Presolved: 46 rows, 508 columns, 1014 nonzeros
Variable types: 1 continuous, 507 integer (507 binary)

Root relaxation: objective 7.973783e+02, 41 iterations, 0.00 seconds

    Nodes    |    Current Node    |     Objective Bounds      |     Work
 Expl Unexpl |  Obj  Depth IntInf | Incumbent    BestBd   Gap | It/Node Time

     0     0  829.95095    0   16          -  829.95095      -     -    0s
     0     0 1135.50316    0   10          - 1135.50316      -     -    0s
     0     2 1135.50316    0   10          - 1135.50316      -     -    0s
 done with super cut 0
 done with super cut 1
H   22     8                    1572.4559498 1286.49399  18.2%   3.4    1s
 done with super cut 2
 done with super cut 3
 done with super cut 4
 done with super cut 5
 done with super cut 6
 done with super cut 7
 done with super cut 8
 done with super cut 9
 done with super cut 10
    93    92 1325.86071    7   33 1572.45595 1291.39910  17.9%   6.9   26s
H 1786  1110                    1556.3157321 1344.87198  13.6%   6.6   27s
  9102  4267 1450.54612   33   20 1556.31573 1396.03498  10.3%   7.4   30s
 25749 12807     cutoff   50      1556.31573 1421.95901  8.63%   7.7   35s
 35978 17205 infeasible   48      1556.31573 1432.39156  7.96%   8.0   40s
 47002 21275     cutoff   33      1556.31573 1440.24387  7.46%   8.3   45s
 57197 24683     cutoff   53      1556.31573 1446.57863  7.05%   8.5   50s
 66817 27592 infeasible   48      1556.31573 1451.63472  6.73%   8.6   55s
 75481 29973 1517.34118   31   18 1556.31573 1455.91255  6.45%   8.7   60s
 79813 31128     cutoff   32      1556.31573 1458.03432  6.32%   8.8   65s
 87732 32960 1526.76939   41   31 1556.31573 1461.33604  6.10%   8.9   70s
 94486 34469 1481.56826   31   29 1556.31573 1464.14266  5.92%   9.0   75s
 101109 35786     cutoff   33      1556.31573 1466.74689  5.76%   9.1   80s
 106851 36784 1494.73839   27   24 1556.31573 1468.91083  5.62%   9.1   85s
 112445 37709 1555.70793   36   12 1556.31573 1470.89511  5.49%   9.2   90s
 118331 38433     cutoff   43      1556.31573 1472.82536  5.36%   9.3   96s
 121697 39102     cutoff   36      1556.31573 1474.17138  5.28%   9.3  100s
H123770 39243                    1556.3156985 1474.65962  5.25%   9.4  101s
 126283 39735 1554.09248   42   12 1556.31570 1475.77665  5.17%   9.4  106s
 131163 40473 1542.49272   32   16 1556.31570 1477.23343  5.08%   9.4  110s
 136191 40975     cutoff   35      1556.31570 1478.82792  4.98%   9.5  115s
 142392 41698     cutoff   40      1556.31570 1480.74815  4.86%   9.5  120s
 148422 42232 1511.62368   36   26 1556.31570 1482.64333  4.73%   9.6  125s
 154433 42634 1549.63283   42   22 1556.31570 1484.52035  4.61%   9.7  130s
 159263 43148     cutoff   47      1556.31570 1485.91603  4.52%   9.7  135s
 165159 43401 1540.59863   39   37 1556.31570 1487.62786  4.41%   9.7  140s
 169779 43598 1512.45705   35   27 1556.31570 1488.94159  4.33%   9.8  145s
 175838 43785 infeasible   33      1556.31570 1490.61193  4.22%   9.8  150s
 181729 43913 1546.77359   29   20 1556.31570 1492.14719  4.12%   9.9  155s
 187716 43916     cutoff   40      1556.31570 1493.81303  4.02%  10.0  161s
H189339 43928                    1556.3156880 1494.16247  3.99%  10.0  162s
 192544 43930     cutoff   45      1556.31569 1494.99455  3.94%  10.0  167s
 195096 43805 1549.99823   45   18 1556.31569 1495.69598  3.90%  10.0  170s
 201276 43689     cutoff   55      1556.31569 1497.40252  3.79%  10.1  175s
 206138 43383 1543.81069   35   11 1556.31569 1498.73967  3.70%  10.1  180s
 212224 43010     cutoff   37      1556.31569 1500.29269  3.60%  10.1  185s
 217088 42692 1547.42973   34    6 1556.31569 1501.55767  3.52%  10.2  190s
 221961 42330     cutoff   35      1556.31569 1502.90405  3.43%  10.2  196s
 226853 41779 1527.62657   37   17 1556.31569 1504.22103  3.35%  10.2  200s
 231661 41169 1555.19117   29   31 1556.31569 1505.56985  3.26%  10.3  205s
 236645 40656 1552.88906   40   14 1556.31569 1506.80333  3.18%  10.3  210s
 241664 40035 infeasible   47      1556.31569 1508.04664  3.10%  10.4  215s
 246639 39376 1547.04557   28   39 1556.31569 1509.34687  3.02%  10.4  220s
 252796 38268 1517.01093   29   51 1556.31569 1510.96553  2.91%  10.4  225s
 258959 36938 1524.68830   28    9 1556.31569 1512.76901  2.80%  10.5  230s
 263824 35838 1548.03217   33   12 1556.31569 1514.05885  2.72%  10.5  235s
 269907 34297 1526.67741   32   14 1556.31569 1515.98099  2.59%  10.6  241s
 274881 33049     cutoff   46      1556.31569 1517.39594  2.50%  10.6  245s
 279669 31639     cutoff   51      1556.31569 1518.84469  2.41%  10.7  250s
 284645 30025     cutoff   27      1556.31569 1520.38734  2.31%  10.7  255s
 289487 28357     cutoff   35      1556.31569 1521.81401  2.22%  10.8  260s
 294551 26543     cutoff   40      1556.31569 1523.59379  2.10%  10.8  265s
 299372 24448     cutoff   32      1556.31569 1525.27666  1.99%  10.8  270s
 303010 22831 1542.17428   35   15 1556.31569 1526.72924  1.90%  10.9  275s
 304359 22254     cutoff   36      1556.31569 1527.15755  1.87%  10.9  280s
 309380 19854     cutoff   36      1556.31569 1529.15886  1.74%  10.9  286s
 313151 17958 1556.12447   36   10 1556.31569 1530.78418  1.64%  11.0  290s
 317014 15813 1544.38228   43   16 1556.31569 1532.50699  1.53%  11.0  295s
 320693 13622     cutoff   32      1556.31569 1534.41481  1.41%  11.0  300s
 325637 10382     cutoff   36      1556.31569 1537.29983  1.22%  11.1  306s
 329256  7704 1552.64510   51   19 1556.31569 1540.14138  1.04%  11.1  310s
 334145  3717     cutoff   39      1556.31569 1544.99547  0.73%  11.1  315s

Cutting planes:
  Gomory: 4
  Zero half: 1
  Lazy constraints: 1948

Explored 339328 nodes (3785793 simplex iterations) in 319.03 seconds
Thread count was 12 (of 12 available processors)

Solution count 2: 1556.32 1572.46 

Optimal solution found (tolerance 1.00e-04)
Best objective 1.556315688049e+03, best bound 1.556315688049e+03, gap 0.0000%

User-callback calls 735385, time in user-callback 27.01 sec
/projects/academic/josewalt/caigao/RRARP_BD/BendersDecomp/ret/model_outs/n_22_m_2_algo_4.out
 =====>>>>> Solution is written to file in <../ret/model_outs> !!!
===>> All Done!
