NPROCS=0
This instance is clustered!
Gurobi Optimizer version 9.0.0 build v9.0.0rc2 (linux64)
Optimize a model with 52 rows, 677 columns and 1352 nonzeros
Model fingerprint: 0xcfceb0ef
Variable types: 1 continuous, 676 integer (676 binary)
Coefficient statistics:
  Matrix range     [1e+00, 1e+00]
  Objective range  [1e+00, 6e+02]
  Bounds range     [1e+00, 1e+00]
  RHS range        [1e+00, 1e+00]
Presolve removed 2 rows and 75 columns
Presolve time: 0.01s
Presolved: 50 rows, 602 columns, 1202 nonzeros
Variable types: 1 continuous, 601 integer (601 binary)

Root relaxation: objective 1.234555e+03, 45 iterations, 0.00 seconds

    Nodes    |    Current Node    |     Objective Bounds      |     Work
 Expl Unexpl |  Obj  Depth IntInf | Incumbent    BestBd   Gap | It/Node Time

     0     0 1270.29312    0   14          - 1270.29312      -     -    0s
 done with super cut 0
 done with super cut 1
 done with super cut 2
     0     0 1462.02576    0   26          - 1462.02576      -     -    1s
 done with super cut 3
 done with super cut 4
 done with super cut 5
 done with super cut 6
     0     2 1555.51927    0   15          - 1555.51927      -     -    9s
 done with super cut 7
     7    12 1571.79996    3   50          - 1560.38943      -   6.6   12s
 done with super cut 8
 done with super cut 9
 done with super cut 10
    49    52 1623.60937    7   38          - 1582.60699      -   9.0   29s
*  510   507              25    2227.5569603 1583.88127  28.9%   6.3   29s
H 2048  1511                    2091.0741722 1634.29512  21.8%   6.0   30s
H 2049  1435                    2073.9033307 1634.29512  21.2%   6.0   30s
 13388  8122 2028.53257   41   19 2073.90333 1749.86159  15.6%   7.1   35s
 29101 18556     cutoff   53      2073.90333 1782.00066  14.1%   6.9   40s
 39244 24937 1899.73106   26    4 2073.90333 1792.99175  13.5%   7.1   45s
 49955 31201     cutoff   58      2073.90333 1801.99764  13.1%   7.2   50s
 60485 37146     cutoff   50      2073.90333 1810.02583  12.7%   7.3   55s
 68682 41211     cutoff   45      2073.90333 1815.39418  12.5%   7.4   60s
 76880 45311 2068.78051   47   23 2073.90333 1821.25743  12.2%   7.5   65s
 84374 49090     cutoff   60      2073.90333 1825.73585  12.0%   7.6   70s
 89958 52051     cutoff   52      2073.90333 1828.91735  11.8%   7.6   75s
 96695 55393     cutoff   49      2073.90333 1832.16567  11.7%   7.7   80s
 100289 57109 infeasible   38      2073.90333 1833.95155  11.6%   7.7   85s
 103555 58676 1995.03130   28   18 2073.90333 1835.64526  11.5%   7.7   90s
 110551 62259     cutoff   47      2073.90333 1838.79269  11.3%   7.8   95s
 116378 65033 1971.60938   23   35 2073.90333 1841.28606  11.2%   7.8  100s
 121739 67332 1956.96477   27   33 2073.90333 1843.31113  11.1%   7.9  105s
 126089 69268 1968.03970   30   31 2073.90333 1844.84543  11.0%   7.9  110s
 130863 71413     cutoff   66      2073.90333 1846.67969  11.0%   7.9  115s
 133258 71992 1970.84097   39   26 2073.90333 1847.40714  10.9%   7.9  207s
 133261 71994 2022.89065   40   63 2073.90333 1847.40714  10.9%   7.9  210s
H133266 68397                    2070.7460307 1847.40714  10.8%   7.9  215s
 133269 68399 2041.01452   27   72 2070.74603 1847.40714  10.8%   7.9  220s
 133272 68401 1873.31905   40   75 2070.74603 1847.40714  10.8%   7.9  225s
 133277 68408 1847.40714   21   60 2070.74603 1847.40714  10.8%   7.9  231s
 133408 68501 1847.40714   29   30 2070.74603 1847.40714  10.8%   7.9  235s
 134513 68816 1979.73375   40   32 2070.74603 1847.40714  10.8%   8.0  240s
 136485 69400     cutoff   69      2070.74603 1847.40714  10.8%   8.0  245s
 138220 69833     cutoff   72      2070.74603 1847.40714  10.8%   8.0  250s
 141292 71018 infeasible   60      2070.74603 1847.40714  10.8%   8.0  255s
 144481 71867 1897.51077   42   43 2070.74603 1847.40714  10.8%   8.0  260s
 147034 72939 1847.40714   44   45 2070.74603 1847.40714  10.8%   8.0  265s
 150157 74031 1995.95053   71   39 2070.74603 1847.40714  10.8%   8.0  270s
 154648 75541 2040.94602   68   19 2070.74603 1847.40714  10.8%   8.0  276s
 157689 76383 2017.76381   39   15 2070.74603 1847.40714  10.8%   8.0  280s
 161173 77590 2017.66736   70   34 2070.74603 1847.40714  10.8%   8.0  285s
 165853 78751     cutoff   48      2070.74603 1847.40714  10.8%   8.1  290s
 169579 79569 1979.40280   46   24 2070.74603 1847.40714  10.8%   8.1  295s
H171406 76207                    2070.7449509 1847.40714  10.8%   8.1  297s
 173201 76702 infeasible   43      2070.74495 1847.40714  10.8%   8.1  301s
H174190 73255                    2070.7449266 1847.40714  10.8%   8.1  304s
 174402 73814 2048.81325   81   28 2070.74493 1847.40714  10.8%   8.1  305s
 178165 74447 2023.95708   53   12 2070.74493 1847.40714  10.8%   8.1  310s
 181909 75247 1930.25214   46   32 2070.74493 1847.40714  10.8%   8.1  315s
 186553 75912     cutoff   54      2070.74493 1847.40714  10.8%   8.1  321s
 189364 76227 1938.12006   54   36 2070.74493 1847.40714  10.8%   8.1  325s
 193174 77227 2056.31154   62   20 2070.74493 1847.40714  10.8%   8.1  331s
 196958 78134     cutoff   45      2070.74493 1847.40714  10.8%   8.1  335s
 200982 78465     cutoff   64      2070.74493 1847.40714  10.8%   8.1  340s
 205706 79270     cutoff   48      2070.74493 1847.59781  10.8%   8.2  346s
 209007 79901 2063.45544   71   13 2070.74493 1849.74503  10.7%   8.2  351s
 212696 80321     cutoff   78      2070.74493 1851.76465  10.6%   8.2  355s
 216153 80795     cutoff   73      2070.74493 1853.01086  10.5%   8.2  360s
 219714 80951 infeasible   52      2070.74493 1855.36802  10.4%   8.2  366s
 221236 81414     cutoff   52      2070.74493 1856.26070  10.4%   8.2  370s
 225119 81790     cutoff   60      2070.74493 1858.77942  10.2%   8.2  375s
 229344 82546 1996.67187   50   31 2070.74493 1860.98746  10.1%   8.2  381s
 232077 82964     cutoff   74      2070.74493 1862.45575  10.1%   8.2  385s
 236049 83317     cutoff   56      2070.74493 1864.52861  10.0%   8.2  391s
 238561 83694     cutoff   49      2070.74493 1865.52897  9.91%   8.2  395s
 242297 84282     cutoff   38      2070.74493 1867.41118  9.82%   8.2  400s
 245998 84569     cutoff   64      2070.74493 1869.10364  9.74%   8.3  405s
 249344 84769 infeasible   51      2070.74493 1870.61476  9.66%   8.3  410s
 252188 84813     cutoff   57      2070.74493 1871.87009  9.60%   8.3  415s
 255475 85306 1961.30290   68   34 2070.74493 1873.35568  9.53%   8.3  421s
 256660 84978     cutoff   63      2070.74493 1873.94963  9.50%   8.3  427s
 257792 85641 1963.88129   35   17 2070.74493 1874.32853  9.49%   8.3  431s
 260345 86047     cutoff   51      2070.74493 1875.39340  9.43%   8.3  435s
 262860 86253     cutoff   66      2070.74493 1876.42267  9.38%   8.3  440s
 265234 86513     cutoff   56      2070.74493 1877.43927  9.34%   8.3  445s
 268782 86512 infeasible   53      2070.74493 1878.85212  9.27%   8.3  451s
 270711 87019 infeasible   69      2070.74493 1879.49011  9.24%   8.3  455s
 274581 87249 2052.39331   45   19 2070.74493 1880.97322  9.16%   8.3  461s
 277106 87185     cutoff   72      2070.74493 1882.05316  9.11%   8.3  465s
 280273 87295 2029.58490   55   16 2070.74493 1883.20023  9.06%   8.4  470s
 281937 87634 2070.56189   55    6 2070.74493 1883.78140  9.03%   8.4  475s
 284304 87296 2013.51354   50   27 2070.74493 1884.45168  9.00%   8.4  480s
 286907 87778 1946.77729   46   35 2070.74493 1885.46413  8.95%   8.4  487s
H287413 84529                    2070.7429039 1885.48632  8.95%   8.4  487s
 288180 84745 infeasible   60      2070.74290 1885.88760  8.93%   8.4  490s
 290894 84971     cutoff   54      2070.74290 1886.67786  8.89%   8.4  495s
 294570 85151     cutoff   45      2070.74290 1888.00280  8.82%   8.4  501s
 297145 84891 2024.48660   37   15 2070.74290 1888.79905  8.79%   8.4  507s
 298718 85328 1956.21489   41   28 2070.74290 1889.31212  8.76%   8.4  512s
 300837 85566 1962.78434   40   17 2070.74290 1889.97235  8.73%   8.4  516s
 303568 85384     cutoff   50      2070.74290 1890.91362  8.68%   8.4  521s
 305866 85582     cutoff   59      2070.74290 1891.55231  8.65%   8.4  525s
 308145 85497     cutoff   44      2070.74290 1892.27488  8.62%   8.4  530s
 310747 86236 1985.23676   50   23 2070.74290 1893.05594  8.58%   8.4  535s
 314709 87517     cutoff   51      2070.74290 1894.18891  8.53%   8.4  542s
 317288 88295     cutoff   63      2070.74290 1895.10311  8.48%   8.5  546s
 319427 89109 2019.48271   51    9 2070.74290 1895.67171  8.45%   8.5  551s
 321752 89958     cutoff   51      2070.74290 1896.30774  8.42%   8.5  556s
 323969 90606 infeasible   59      2070.74290 1896.88529  8.40%   8.5  561s
 326076 91531 2022.53998   48   35 2070.74290 1897.42067  8.37%   8.5  566s
 328787 92490 infeasible   89      2070.74290 1898.27020  8.33%   8.5  571s
H329737 92504                    2070.7421852 1898.36626  8.32%   8.5  571s
 331167 93241 2069.52889   52   26 2070.74219 1898.86694  8.30%   8.5  575s
 333695 94203 1975.66085   61   35 2070.74219 1899.76046  8.26%   8.5  580s
 336779 95359 2007.32615   51   18 2070.74219 1900.56248  8.22%   8.5  586s
 338179 95445 2070.36209   60   32 2070.74219 1900.85304  8.20%   8.5  592s
 339637 96210 1964.22272   46   34 2070.74219 1901.20836  8.19%   8.5  596s
 342277 96893 1978.79678   52   14 2070.74219 1901.78580  8.16%   8.5  601s
 344612 97928     cutoff   64      2070.74219 1902.40812  8.13%   8.5  606s
 347153 98690 1954.78456   47   30 2070.74219 1903.01887  8.10%   8.5  612s
 348528 99137 1944.23581   52   30 2070.74219 1903.25263  8.09%   8.5  615s
 351621 100120     cutoff   51      2070.74219 1904.13686  8.05%   8.5  622s
 352879 100553 1913.14045   53   26 2070.74219 1904.45641  8.03%   8.5  625s
 355573 101407 1985.57204   52   27 2070.74219 1905.22414  7.99%   8.6  630s
 358141 102208     cutoff   45      2070.74219 1905.78839  7.97%   8.6  635s
 361589 103299     cutoff   58      2070.74219 1906.71310  7.92%   8.6  642s
 363635 103716 1988.93365   54   14 2070.74219 1907.08631  7.90%   8.6  645s
 365156 104500 2058.09175   61   35 2070.74219 1907.59267  7.88%   8.6  650s
 368806 105471 infeasible   56      2070.74219 1908.51858  7.83%   8.6  657s
 371213 106146 2012.57897   40   16 2070.74219 1908.98530  7.81%   8.6  662s
 373470 106891 2014.80981   48   27 2070.74219 1909.58122  7.78%   8.6  666s
 375762 107610 2045.52008   42   28 2070.74219 1910.20980  7.75%   8.6  671s
 378465 108407 2048.00595   47   42 2070.74219 1910.89386  7.72%   8.6  676s
 380381 109025 2055.81578   58   18 2070.74219 1911.30917  7.70%   8.6  680s
 383567 110017     cutoff   47      2070.74219 1912.04546  7.66%   8.6  687s
 386021 110592 2061.88358   50   18 2070.74219 1912.63719  7.64%   8.6  691s
 388302 111194     cutoff   42      2070.74219 1913.23317  7.61%   8.6  696s
 391113 112015 2068.24468   43   25 2070.74219 1913.83143  7.58%   8.6  702s
 392456 112204 1924.64827   45   30 2070.74219 1914.10747  7.56%   8.6  705s
 394268 112989     cutoff   51      2070.74219 1914.62433  7.54%   8.6  710s
 396985 113651     cutoff   90      2070.74219 1915.13976  7.51%   8.7  716s
 399454 114343     cutoff   54      2070.74219 1915.67319  7.49%   8.7  722s
 400736 114682 1996.30048   51    6 2070.74219 1915.93178  7.48%   8.7  725s
 403169 115386     cutoff   54      2070.74219 1916.48276  7.45%   8.7  731s
 405985 115889     cutoff   38      2070.74219 1917.00042  7.42%   8.7  738s
 406126 116100     cutoff   53      2070.74219 1917.00350  7.42%   8.7  741s
 408390 116740 infeasible   61      2070.74219 1917.53690  7.40%   8.7  746s
 410395 117359 2043.38566   53   23 2070.74219 1917.96126  7.38%   8.7  752s
 411746 117624 1969.86759   41   29 2070.74219 1918.16099  7.37%   8.7  755s
 414239 118541 2070.05047   48    6 2070.74219 1918.68616  7.34%   8.7  761s
 416674 119130 2057.28733   39   10 2070.74219 1919.22776  7.32%   8.7  767s
 418034 119490 2017.92062   52   19 2070.74219 1919.55540  7.30%   8.7  770s
 420432 119907 infeasible   56      2070.74219 1920.16417  7.27%   8.7  776s
 422367 120443     cutoff   46      2070.74219 1920.56006  7.25%   8.7  782s
 423381 120896     cutoff   75      2070.74219 1920.72366  7.24%   8.7  785s
 426304 121628     cutoff   48      2070.74219 1921.28872  7.22%   8.7  791s
 428736 122190     cutoff   54      2070.74219 1921.81752  7.19%   8.7  797s
 430041 122567 infeasible   46      2070.74219 1922.05039  7.18%   8.7  800s
 432576 123144 1973.03911   47   14 2070.74219 1922.61047  7.15%   8.7  805s
 434962 123956 infeasible   52      2070.74219 1923.03270  7.13%   8.7  811s
 437489 124561 2034.58463   65   49 2070.74219 1923.60461  7.11%   8.7  816s
 440155 125202 2047.25484   77   34 2070.74219 1924.18556  7.08%   8.7  822s
 442576 125775 infeasible   59      2070.74219 1924.58200  7.06%   8.8  827s
 444860 126377 2026.32990   57   40 2070.74219 1925.06555  7.03%   8.8  832s
 446215 126744 2059.56081   51   10 2070.74219 1925.32930  7.02%   8.8  835s
 449881 127318     cutoff   61      2070.74219 1925.97846  6.99%   8.8  844s
 450154 127700 1995.76054   62   32 2070.74219 1926.04070  6.99%   8.8  846s
 452882 128173 2069.20624   57    6 2070.74219 1926.74406  6.95%   8.8  852s
 455608 128896 2003.89338   64   34 2070.74219 1927.20358  6.93%   8.8  857s
 456743 129092 2024.98066   41   28 2070.74219 1927.39816  6.92%   8.8  860s
 459217 129863     cutoff   56      2070.74219 1927.94572  6.90%   8.8  865s
 462018 130549 2035.25900   45    8 2070.74219 1928.55396  6.87%   8.8  870s
 464478 131041 2065.57325   34   14 2070.74219 1929.07327  6.84%   8.8  875s
 465434 131080     cutoff   55      2070.74219 1929.25879  6.83%   8.8  880s
 466696 131684 2028.05416   67   17 2070.74219 1929.43220  6.82%   8.8  885s
 469523 132155 1967.30706   53   31 2070.74219 1929.99168  6.80%   8.8  891s
 472293 132726 infeasible   44      2070.74219 1930.46714  6.77%   8.8  897s
 474443 133163     cutoff   44      2070.74219 1930.93347  6.75%   8.8  902s
 476477 133731     cutoff   49      2070.74219 1931.30643  6.73%   8.8  907s
 477952 133902 infeasible   46      2070.74219 1931.55086  6.72%   8.8  910s
 480398 134462     cutoff   59      2070.74219 1931.98298  6.70%   8.8  917s
 481529 134748     cutoff   42      2070.74219 1932.19813  6.69%   8.8  920s
 484347 135217 2061.78363   49   28 2070.74219 1932.70607  6.67%   8.8  927s
 485522 135401 1969.48183   54   33 2070.74219 1932.87765  6.66%   8.8  930s
 487874 135944 2035.65228   62   31 2070.74219 1933.31211  6.64%   8.8  937s
 489022 136177 infeasible   44      2070.74219 1933.56340  6.62%   8.8  940s
 491578 136754 2057.34657   49   33 2070.74219 1934.03077  6.60%   8.9  947s
 492561 137000 infeasible   58      2070.74219 1934.17156  6.60%   8.9  951s
 493677 137365     cutoff   41      2070.74219 1934.37276  6.59%   8.9  955s
 496734 137866     cutoff   50      2070.74219 1934.84646  6.56%   8.9  963s
 497769 138132     cutoff   40      2070.74219 1935.03141  6.55%   8.9  967s
 499155 138434 2060.92768   50   19 2070.74219 1935.19371  6.55%   8.9  970s
 501705 138995 2016.10757   52   21 2070.74219 1935.66589  6.52%   8.9  977s
 503270 139219 infeasible   47      2070.74219 1935.86100  6.51%   8.9  980s
 505925 139876     cutoff   53      2070.74219 1936.36769  6.49%   8.9  987s
 506973 140136     cutoff   43      2070.74219 1936.51060  6.48%   8.9  991s
 509725 140710 infeasible   62      2070.74219 1937.01854  6.46%   8.9  997s
 510750 141003 infeasible   63      2070.74219 1937.15906  6.45%   8.9 1000s
 513561 141540     cutoff   47      2070.74219 1937.53400  6.43%   8.9 1007s
 514614 141836 infeasible   44      2070.74219 1937.70598  6.42%   8.9 1010s
 517297 142417 infeasible   48      2070.74219 1938.08914  6.41%   8.9 1017s
 518625 142572     cutoff   70      2070.74219 1938.33980  6.39%   8.9 1020s
 520573 143048 2055.84766   46   19 2070.74219 1938.64712  6.38%   8.9 1026s
 523395 143354 1987.76439   54   24 2070.74219 1939.16425  6.35%   8.9 1036s
 525120 143747 2008.51184   51   32 2070.74219 1939.46775  6.34%   8.9 1042s
 526206 143969 2007.57854   47    8 2070.74219 1939.60550  6.33%   8.9 1045s
 528950 144398     cutoff   72      2070.74219 1939.97590  6.31%   8.9 1052s
 529915 144644     cutoff   43      2070.74219 1940.24034  6.30%   8.9 1056s
 532722 145052 1987.78977   54   14 2070.74219 1940.66503  6.28%   8.9 1062s
 533826 145335     cutoff   62      2070.74219 1940.78315  6.28%   8.9 1065s
 536243 145756     cutoff   53      2070.74219 1941.21037  6.26%   8.9 1073s
 537628 145953 1981.24962   56   45 2070.74219 1941.46442  6.24%   8.9 1076s
 539770 146332 2032.63645   47   25 2070.74219 1941.73148  6.23%   8.9 1082s
 541192 146561 2023.16740   47    4 2070.74219 1941.95408  6.22%   8.9 1085s
 543469 147067 2032.34557   55   45 2070.74219 1942.30797  6.20%   8.9 1091s
 545012 147360 1987.07714   52   21 2070.74219 1942.55927  6.19%   8.9 1095s
 547629 147842 1987.67989   41   38 2070.74219 1942.93331  6.17%   8.9 1101s
 550536 148201 2037.19290   62   23 2070.74219 1943.37795  6.15%   9.0 1107s
 551610 148477 1991.14504   42   44 2070.74219 1943.49430  6.15%   9.0 1110s
 554190 149009 infeasible   52      2070.74219 1943.87559  6.13%   9.0 1118s
 555709 149196 infeasible   46      2070.74219 1944.04320  6.12%   9.0 1121s
 558012 149472     cutoff   66      2070.74219 1944.42258  6.10%   9.0 1127s
 559025 149694     cutoff   51      2070.74219 1944.55161  6.09%   9.0 1131s
 560323 149868 infeasible   44      2070.74219 1944.80496  6.08%   9.0 1135s
 563049 150243 2024.69614   44   17 2070.74219 1945.19109  6.06%   9.0 1141s
 564092 150413 2047.53781   54   22 2070.74219 1945.37972  6.05%   9.0 1145s
 566607 150834 1988.44758   54   19 2070.74219 1945.74701  6.04%   9.0 1153s
 567664 151078 2037.75319   38   30 2070.74219 1945.88527  6.03%   9.0 1156s
 570778 151573     cutoff   63      2070.74219 1946.41686  6.00%   9.0 1162s
 572169 151755     cutoff   42      2070.74219 1946.56745  6.00%   9.0 1165s
 574248 152086     cutoff   71      2070.74219 1946.85149  5.98%   9.0 1171s
 577120 152500     cutoff   43      2070.74219 1947.26831  5.96%   9.0 1177s
 578173 152691 infeasible   45      2070.74219 1947.44163  5.95%   9.0 1180s
 580583 153129 1956.20605   35   21 2070.74219 1947.80522  5.94%   9.0 1186s
 583276 153324 2020.68581   45   31 2070.74219 1948.15693  5.92%   9.0 1196s
 584638 153739 infeasible   71      2070.74219 1948.29954  5.91%   9.0 1202s
 586141 153969 2054.32631   45   27 2070.74219 1948.55459  5.90%   9.0 1205s
 589070 154297 2033.14678   50   12 2070.74219 1948.90407  5.88%   9.0 1211s
 591319 154638 2052.99357   54   25 2070.74219 1949.28737  5.87%   9.0 1217s
 592467 154838 2053.20606   53   13 2070.74219 1949.39019  5.86%   9.0 1220s
 595345 155183 1989.60325   56   16 2070.74219 1949.85095  5.84%   9.0 1226s
 597946 155414 2030.23878   46   32 2070.74219 1950.20131  5.82%   9.0 1232s
 598982 155543 1967.80441   36   12 2070.74219 1950.32680  5.82%   9.0 1235s
 601473 155949     cutoff   57      2070.74219 1950.73469  5.80%   9.0 1241s
 604143 156171 2011.00218   55   34 2070.74219 1951.11990  5.78%   9.0 1248s
 605228 156377 2022.01868   45   24 2070.74219 1951.27586  5.77%   9.1 1250s
 608067 156779     cutoff   49      2070.74219 1951.66789  5.75%   9.1 1257s
 609184 156936 infeasible   56      2070.74219 1951.85118  5.74%   9.1 1261s
 610662 157150     cutoff   45      2070.74219 1952.05954  5.73%   9.1 1265s
 613147 157524 2055.71382   72   25 2070.74219 1952.45578  5.71%   9.1 1271s
 614698 157696 2052.04376   43   35 2070.74219 1952.67174  5.70%   9.1 1275s
 617481 158065     cutoff   42      2070.74219 1953.03257  5.68%   9.1 1281s
 618833 158134 2065.90426   43   20 2070.74219 1953.21303  5.68%   9.1 1285s
 621087 158457 infeasible   43      2070.74219 1953.53559  5.66%   9.1 1292s
 622202 158587     cutoff   47      2070.74219 1953.63286  5.66%   9.1 1296s
 623745 158811     cutoff   40      2070.74219 1953.83461  5.65%   9.1 1300s
 625630 158956 2004.85451   59   42 2070.74219 1954.13421  5.63%   9.1 1308s
 626863 159116 infeasible   53      2070.74219 1954.28353  5.62%   9.1 1312s
 627990 159289 2028.22578   60   17 2070.74219 1954.44628  5.62%   9.1 1316s
 629532 159542 2009.12458   61   26 2070.74219 1954.66953  5.61%   9.1 1320s
 632461 159800 1972.34507   70   49 2070.74219 1955.11283  5.58%   9.1 1327s
 633626 159965     cutoff   48      2070.74219 1955.30066  5.57%   9.1 1332s
 635157 160133     cutoff   51      2070.74219 1955.51066  5.56%   9.1 1336s
 636629 160250     cutoff   39      2070.74219 1955.66974  5.56%   9.1 1340s
 639249 160560     cutoff   50      2070.74219 1955.99703  5.54%   9.1 1348s
 640667 160671     cutoff   50      2070.74219 1956.21224  5.53%   9.1 1351s
 641724 160883 2045.25613   51   26 2070.74219 1956.36510  5.52%   9.1 1355s
 644334 161179     cutoff   45      2070.74219 1956.66283  5.51%   9.1 1363s
 645783 161349 2037.41538   52   22 2070.74219 1956.87568  5.50%   9.1 1366s
 647278 161471 1999.44076   50   21 2070.74219 1957.07564  5.49%   9.1 1370s
 649616 161686 infeasible   54      2070.74219 1957.41165  5.47%   9.1 1378s
 650220 161787     cutoff   50      2070.74219 1957.45849  5.47%   9.1 1382s
 651386 161870 1985.20223   52   28 2070.74219 1957.63050  5.46%   9.1 1385s
 654136 162185 2070.71071   54   21 2070.74219 1958.02334  5.44%   9.1 1392s
 655394 162329 2027.16858   66   13 2070.74219 1958.20725  5.43%   9.1 1396s
 658090 162537     cutoff   41      2070.74219 1958.53062  5.42%   9.1 1402s
 659239 162677 2062.40350   56   10 2070.74219 1958.66220  5.41%   9.1 1406s
 660747 162776     cutoff   47      2070.74219 1958.91548  5.40%   9.1 1410s
 663351 162984 2015.89351   55   14 2070.74219 1959.20021  5.39%   9.1 1418s
 664949 163121 1980.52186   49   24 2070.74219 1959.39861  5.38%   9.1 1423s
 666370 163217 2028.83526   54   37 2070.74219 1959.57845  5.37%   9.2 1426s
 667602 163316 2055.76979   46   13 2070.74219 1959.72118  5.36%   9.2 1430s
 670348 163529     cutoff   37      2070.74219 1960.11688  5.34%   9.2 1438s
 671547 163744     cutoff   48      2070.74219 1960.29481  5.33%   9.2 1442s
 673068 163826     cutoff   72      2070.74219 1960.48634  5.32%   9.2 1445s
 675934 164000 2059.92907   44   12 2070.74219 1960.84092  5.31%   9.2 1452s
 676995 164117 2023.22942   42   20 2070.74219 1961.01360  5.30%   9.2 1456s
 679631 164253 2019.30380   52   22 2070.74219 1961.36938  5.28%   9.2 1463s
 681128 164402 2017.14504   46   18 2070.74219 1961.58653  5.27%   9.2 1466s
 682359 164494 1989.45389   32   31 2070.74219 1961.70939  5.27%   9.2 1470s
 684954 164646 2044.36267   47   44 2070.74219 1962.07393  5.25%   9.2 1476s
 686200 164765     cutoff   55      2070.74219 1962.24346  5.24%   9.2 1480s
 689021 165009 2053.07538   40   25 2070.74219 1962.63139  5.22%   9.2 1487s
 690591 165063     cutoff   51      2070.74219 1962.81356  5.21%   9.2 1490s
 692178 165143     cutoff   40      2070.74219 1963.07293  5.20%   9.2 1498s
 693676 165217 2029.04806   36   21 2070.74219 1963.26861  5.19%   9.2 1502s
 694931 165288 1992.55859   50   30 2070.74219 1963.41113  5.18%   9.2 1505s
 697767 165514 2007.96512   69   30 2070.74219 1963.74750  5.17%   9.2 1513s
 699015 165505 2063.68807   69   24 2070.74219 1963.88535  5.16%   9.2 1516s
 700547 165576 1990.88862   51   17 2070.74219 1964.12531  5.15%   9.2 1520s
 703249 165735     cutoff   57      2070.74219 1964.46371  5.13%   9.2 1528s
 704655 165810 1981.52767   45   48 2070.74219 1964.67632  5.12%   9.2 1531s
 705893 165879     cutoff   54      2070.74219 1964.82810  5.11%   9.2 1535s
 708441 166053 2036.13273   52   19 2070.74219 1965.06140  5.10%   9.2 1543s
 710027 166076 2056.67768   59   21 2070.74219 1965.28583  5.09%   9.2 1548s
 711349 166127     cutoff   47      2070.74219 1965.44436  5.09%   9.2 1552s
 712694 166193 2065.32337   49   11 2070.74219 1965.65423  5.07%   9.2 1556s
 713963 166262     cutoff   52      2070.74219 1965.80060  5.07%   9.2 1561s
 715291 166345     cutoff   45      2070.74219 1965.94737  5.06%   9.2 1565s
 716573 166462 1983.16567   46   13 2070.74219 1966.14699  5.05%   9.2 1570s
 719386 166492 infeasible   46      2070.74219 1966.48003  5.04%   9.2 1578s
 720656 166557     cutoff   52      2070.74219 1966.65411  5.03%   9.2 1582s
 722023 166670     cutoff   44      2070.74219 1966.83049  5.02%   9.2 1587s
 723388 166734 2048.97856   57   36 2070.74219 1967.02579  5.01%   9.2 1591s
 724972 166786 2028.31915   65   30 2070.74219 1967.19832  5.00%   9.2 1595s
 726174 166852 infeasible   66      2070.74219 1967.36872  4.99%   9.2 1600s
 728929 166871     cutoff   67      2070.74219 1967.68382  4.98%   9.3 1608s
 730181 166917 2043.89789   48   21 2070.74219 1967.87482  4.97%   9.3 1613s
 731762 166973     cutoff   44      2070.74219 1968.07720  4.96%   9.3 1617s
 732806 167052 2068.31305   53   23 2070.74219 1968.18019  4.95%   9.3 1621s
 734089 167115     cutoff   46      2070.74219 1968.34629  4.94%   9.3 1626s
 735657 167193 2028.80173   75   17 2070.74219 1968.57493  4.93%   9.3 1630s
 737074 167223     cutoff   84      2070.74219 1968.73013  4.93%   9.3 1637s
 737421 167285     cutoff   84      2070.74219 1968.75445  4.93%   9.3 1641s
 738674 167399     cutoff   48      2070.74219 1968.92654  4.92%   9.3 1646s
 740261 167491 2033.74450   57   26 2070.74219 1969.09910  4.91%   9.3 1651s
 741890 167510     cutoff   46      2070.74219 1969.30402  4.90%   9.3 1655s
 744444 167596 2020.21042   60   26 2070.74219 1969.64014  4.88%   9.3 1663s
 746101 167608     cutoff   52      2070.74219 1969.80737  4.87%   9.3 1667s
 747382 167700     cutoff   50      2070.74219 1969.98411  4.87%   9.3 1671s
 749014 167748 2042.13875   63   12 2070.74219 1970.17768  4.86%   9.3 1675s
 751842 167871 1990.94562   55   27 2070.74219 1970.47699  4.84%   9.3 1684s
 753117 167913 2009.67472   45   27 2070.74219 1970.60145  4.84%   9.3 1688s
 754608 168009     cutoff   41      2070.74219 1970.81423  4.83%   9.3 1693s
 755995 168086 1997.08788   48   42 2070.74219 1970.95281  4.82%   9.3 1697s
 757553 168107     cutoff   41      2070.74219 1971.11738  4.81%   9.3 1700s
 760028 168152 2048.75773   63   21 2070.74219 1971.42312  4.80%   9.3 1708s
 761508 168140 infeasible   61      2070.74219 1971.62723  4.79%   9.3 1711s
 762793 168166 2053.56311   39   22 2070.74219 1971.75667  4.78%   9.3 1715s
 765260 168237 1987.58538   41   32 2070.74219 1972.05903  4.77%   9.3 1723s
 766945 168259     cutoff   60      2070.74219 1972.28089  4.75%   9.3 1726s
 768220 168255     cutoff   64      2070.74219 1972.41383  4.75%   9.3 1730s
 769548 168294 2014.99793   54   42 2070.74219 1972.58435  4.74%   9.3 1735s
 772300 168300 2044.82818   46   18 2070.74219 1972.89574  4.73%   9.3 1744s
 773603 168299 1987.97737   60   36 2070.74219 1973.08087  4.72%   9.3 1748s
 774830 168287     cutoff   69      2070.74219 1973.20518  4.71%   9.3 1752s
 776177 168260 2044.46725   53   26 2070.74219 1973.39253  4.70%   9.3 1756s
 777494 168256 2063.59792   68   30 2070.74219 1973.56585  4.69%   9.3 1760s
 780388 168271 infeasible   55      2070.74219 1973.91502  4.68%   9.3 1769s
 781744 168343 2004.22881   59   43 2070.74219 1974.05979  4.67%   9.3 1774s
 783253 168347 2051.02969   44   10 2070.74219 1974.24342  4.66%   9.3 1779s
 784668 168423 2066.10571   45   18 2070.74219 1974.41109  4.65%   9.3 1784s
 786444 168445     cutoff   41      2070.74219 1974.62613  4.64%   9.3 1788s
 787673 168432 2054.97809   53   19 2070.74219 1974.77807  4.63%   9.3 1793s
 788042 168367 2049.90988   62   37 2070.74219 1974.78638  4.63%   9.3 1798s
 789431 168379 2001.46119   44   44 2070.74219 1974.95215  4.63%   9.3 1803s
 790798 168348     cutoff   82      2070.74219 1975.09914  4.62%   9.3 1807s
 792202 168380 2048.64842   52   16 2070.74219 1975.28416  4.61%   9.4 1813s
 792619 168378     cutoff   53      2070.74219 1975.29537  4.61%   9.4 1818s
 794139 168361 1995.82164   47   36 2070.74219 1975.44719  4.60%   9.4 1823s
 795751 168353     cutoff   55      2070.74219 1975.70305  4.59%   9.4 1827s
 797310 168348 2023.50182   48   34 2070.74219 1975.85793  4.58%   9.4 1831s
 799078 168372     cutoff   50      2070.74219 1976.03231  4.57%   9.4 1835s
 801719 168383 1988.25275   61   32 2070.74219 1976.34095  4.56%   9.4 1843s
 803110 168356 2034.15920   46   16 2070.74219 1976.46446  4.55%   9.4 1847s
 804783 168352     cutoff   48      2070.74219 1976.72600  4.54%   9.4 1851s
 807737 168320     cutoff   55      2070.74219 1977.06803  4.52%   9.4 1858s
 809088 168268 2048.50337   46   35 2070.74219 1977.20863  4.52%   9.4 1862s
 810343 168285 2041.49365   42   27 2070.74219 1977.36492  4.51%   9.4 1865s
 813019 168199     cutoff   41      2070.74219 1977.72255  4.49%   9.4 1874s
 814415 168241 2021.50949   43   12 2070.74219 1977.89396  4.48%   9.4 1878s
 815747 168238 2017.08091   51   25 2070.74219 1978.04169  4.48%   9.4 1883s
 817419 168192     cutoff   48      2070.74219 1978.26042  4.47%   9.4 1888s
 818737 168160 2035.75923   42   10 2070.74219 1978.42320  4.46%   9.4 1893s
 820145 168068 infeasible   49      2070.74219 1978.56484  4.45%   9.4 1898s
 821766 168061 2066.42353   51   30 2070.74219 1978.78192  4.44%   9.4 1903s
 823148 167990 infeasible   50      2070.74219 1978.93160  4.43%   9.4 1908s
 824539 167909 2038.54174   47   22 2070.74219 1979.12051  4.42%   9.4 1913s
 825974 167930 2011.47729   53   29 2070.74219 1979.27024  4.42%   9.4 1917s
 827280 167850 infeasible   37      2070.74219 1979.41336  4.41%   9.4 1923s
 829011 167784     cutoff   37      2070.74219 1979.60377  4.40%   9.4 1928s
 830697 167655     cutoff   69      2070.74219 1979.80264  4.39%   9.4 1933s
 832176 167615 2035.53634   65   12 2070.74219 1979.99126  4.38%   9.4 1938s
 833544 167508     cutoff   42      2070.74219 1980.10167  4.38%   9.4 1941s
 835067 167441 infeasible   47      2070.74219 1980.32292  4.37%   9.4 1945s
 837977 167309     cutoff   55      2070.74219 1980.70570  4.35%   9.4 1953s
 839217 167285     cutoff   61      2070.74219 1980.86856  4.34%   9.4 1957s
 840835 167269     cutoff   38      2070.74219 1981.03892  4.33%   9.4 1961s
 842133 167306 2021.02700   46   28 2070.74219 1981.17445  4.33%   9.4 1965s
 845133 167195 2031.50898   49   39 2070.74219 1981.49248  4.31%   9.4 1973s
 846390 167121 2051.45379   57   18 2070.74219 1981.68000  4.30%   9.4 1978s
 847727 167064     cutoff   73      2070.74219 1981.83269  4.29%   9.4 1982s
 849358 167005     cutoff   65      2070.74219 1982.01423  4.28%   9.4 1986s
 850716 167002     cutoff   60      2070.74219 1982.15070  4.28%   9.4 1993s
 851029 166937     cutoff   53      2070.74219 1982.16283  4.28%   9.4 1997s
 852404 166824 infeasible   47      2070.74219 1982.34928  4.27%   9.4 2001s
 853724 166722 2012.81802   49   16 2070.74219 1982.51520  4.26%   9.4 2006s
 855172 166581 infeasible   51      2070.74219 1982.71702  4.25%   9.5 2010s
 858002 166450 infeasible   80      2070.74219 1983.04460  4.24%   9.5 2018s
 859474 166399     cutoff   59      2070.74219 1983.20904  4.23%   9.5 2022s
 860910 166314     cutoff   71      2070.74219 1983.38107  4.22%   9.5 2027s
 862381 166251 2023.27004   60   17 2070.74219 1983.52484  4.21%   9.5 2031s
 863769 166155 2048.67513   50   22 2070.74219 1983.70045  4.20%   9.5 2036s
 865248 166035 2051.93168   53   14 2070.74219 1983.88345  4.19%   9.5 2041s
 866673 165976     cutoff   40      2070.74219 1984.04871  4.19%   9.5 2046s
 868149 165874 2058.13605   39   10 2070.74219 1984.21722  4.18%   9.5 2051s
 869576 165749     cutoff   49      2070.74219 1984.35668  4.17%   9.5 2056s
 870994 165655     cutoff   97      2070.74219 1984.56283  4.16%   9.5 2060s
 872473 165614 infeasible   72      2070.74219 1984.68497  4.16%   9.5 2065s
 875632 165472 1992.25476   50   30 2070.74219 1985.07550  4.14%   9.5 2073s
 877076 165344     cutoff   49      2070.74219 1985.21635  4.13%   9.5 2078s
 878716 165324 2024.13338   49   18 2070.74219 1985.45641  4.12%   9.5 2082s
 880119 165195 2031.76388   63   31 2070.74219 1985.59647  4.11%   9.5 2087s
 881551 165069 infeasible   43      2070.74219 1985.76054  4.10%   9.5 2091s
 882884 164926     cutoff   59      2070.74219 1985.93102  4.10%   9.5 2095s
 885714 164673     cutoff   60      2070.74219 1986.23944  4.08%   9.5 2103s
 887031 164549 2026.08341   69   12 2070.74219 1986.43480  4.07%   9.5 2107s
 888433 164407 2065.94500   45   41 2070.74219 1986.60326  4.06%   9.5 2112s
 889793 164307 2031.84748   61   28 2070.74219 1986.75166  4.06%   9.5 2117s
 891369 164208 2000.83220   46   39 2070.74219 1986.95252  4.05%   9.5 2122s
 892887 164047     cutoff   46      2070.74219 1987.13335  4.04%   9.5 2127s
 894408 163967 2060.66104   41   21 2070.74219 1987.32958  4.03%   9.5 2131s
 896208 163780 2057.20504   50   12 2070.74219 1987.52820  4.02%   9.5 2136s
 897571 163672     cutoff   46      2070.74219 1987.69360  4.01%   9.5 2140s
 898988 163556 2010.00916   62   21 2070.74219 1987.86037  4.00%   9.5 2145s
 901943 163333 2060.03001   59   24 2070.74219 1988.19345  3.99%   9.5 2153s
 903466 163242 2009.38776   46    4 2070.74219 1988.34146  3.98%   9.5 2158s
 905046 163165     cutoff   56      2070.74219 1988.50791  3.97%   9.5 2162s
 906594 162979 2054.41874   48   25 2070.74219 1988.67160  3.96%   9.5 2166s
 908110 162880     cutoff   58      2070.74219 1988.83327  3.96%   9.5 2171s
 909623 162823 2054.71671   71   44 2070.74219 1988.98414  3.95%   9.5 2176s
 910093 162685 2055.29157   72   39 2070.74219 1989.01002  3.95%   9.5 2181s
 911506 162568 2004.49427   45   18 2070.74219 1989.15922  3.94%   9.5 2185s
 914390 162363 2060.92840   55   22 2070.74219 1989.50340  3.92%   9.5 2193s
 915820 162194 infeasible   47      2070.74219 1989.67519  3.91%   9.5 2197s
 917280 162067 2016.11834   54   26 2070.74219 1989.82038  3.91%   9.5 2201s
 918758 161899 2022.35867   59   29 2070.74219 1990.02920  3.90%   9.6 2206s
 920557 161716 1998.42737   53   33 2070.74219 1990.24765  3.89%   9.6 2211s
 922084 161563 2039.89200   42   18 2070.74219 1990.40006  3.88%   9.6 2215s
 925000 161131 infeasible   45      2070.74219 1990.74237  3.86%   9.6 2224s
 926456 161047 2023.86901   53   33 2070.74219 1990.89994  3.86%   9.6 2228s
 927921 160919 2050.88254   49    9 2070.74219 1991.06292  3.85%   9.6 2232s
 929417 160680 2046.45500   41   21 2070.74219 1991.20568  3.84%   9.6 2236s
 931133 160529     cutoff   68      2070.74219 1991.43278  3.83%   9.6 2241s
 932620 160349 2053.97491   38   33 2070.74219 1991.58421  3.82%   9.6 2245s
 935573 159941 2031.29778   53   17 2070.74219 1991.96114  3.80%   9.6 2254s
 937114 159783 2064.30146   53   13 2070.74219 1992.10560  3.80%   9.6 2258s
 938564 159546     cutoff   51      2070.74219 1992.27477  3.79%   9.6 2262s
 939994 159407 infeasible   65      2070.74219 1992.45427  3.78%   9.6 2266s
 941424 159229 2025.02982   71   25 2070.74219 1992.57021  3.78%   9.6 2271s
 942800 159085     cutoff   51      2070.74219 1992.73408  3.77%   9.6 2275s
 945761 158716     cutoff   41      2070.74219 1993.10317  3.75%   9.6 2283s
 947381 158508 2046.65077   60   34 2070.74219 1993.27532  3.74%   9.6 2288s
 949155 158323 2012.41052   60   33 2070.74219 1993.46675  3.73%   9.6 2292s
 950600 158114 2050.77751   52   16 2070.74219 1993.62364  3.72%   9.6 2296s
 952044 157869     cutoff   47      2070.74219 1993.78839  3.72%   9.6 2301s
 953408 157649     cutoff   47      2070.74219 1993.96645  3.71%   9.6 2305s
 954899 157430 2019.22474   50   22 2070.74219 1994.14916  3.70%   9.6 2310s
 957824 157051     cutoff   57      2070.74219 1994.46804  3.68%   9.6 2318s
 959390 156822 2043.20032   38   12 2070.74219 1994.69580  3.67%   9.6 2323s
 960963 156658 1995.43009   70   31 2070.74219 1994.80137  3.67%   9.6 2327s
 962305 156447 2064.95725   53   18 2070.74219 1995.00907  3.66%   9.6 2331s
 963715 156199     cutoff   58      2070.74219 1995.23605  3.65%   9.6 2335s
 965266 156134     cutoff   37      2070.74219 1995.44029  3.64%   9.6 2345s
 965642 155964     cutoff   48      2070.74219 1995.46493  3.64%   9.6 2350s
 968653 155506 2029.45156   57   25 2070.74219 1995.84713  3.62%   9.6 2360s
 970229 155244     cutoff   60      2070.74219 1996.03194  3.61%   9.6 2366s
 971953 155021     cutoff   63      2070.74219 1996.19618  3.60%   9.6 2372s
 973482 154747     cutoff   53      2070.74219 1996.39658  3.59%   9.6 2378s
 975086 154473 2018.06330   54   17 2070.74219 1996.56176  3.58%   9.6 2384s
 976661 154248     cutoff   43      2070.74219 1996.77835  3.57%   9.6 2389s
 978187 153905 2067.74764   53   15 2070.74219 1996.91547  3.57%   9.7 2394s
 979669 153655 2056.15467   47   25 2070.74219 1997.15494  3.55%   9.7 2399s
 981283 153443 2028.24311   53   17 2070.74219 1997.28161  3.55%   9.7 2403s
 982663 153272     cutoff   47      2070.74219 1997.47361  3.54%   9.7 2408s
 984103 153186     cutoff   45      2070.74219 1997.63164  3.53%   9.7 2415s
 984635 152939     cutoff   61      2070.74219 1997.67731  3.53%   9.7 2420s
 986120 152615     cutoff   47      2070.74219 1997.88793  3.52%   9.7 2425s
 987830 152295 2008.58003   62   38 2070.74219 1998.09989  3.51%   9.7 2430s
 989482 151969 2014.54361   39   21 2070.74219 1998.29279  3.50%   9.7 2436s
 991110 151723 2067.95959   48   29 2070.74219 1998.44704  3.49%   9.7 2441s
 992719 151382 2011.81530   64   42 2070.74219 1998.66121  3.48%   9.7 2446s
 994410 151083     cutoff   67      2070.74219 1998.81765  3.47%   9.7 2451s
 995998 150758     cutoff   50      2070.74219 1999.04028  3.46%   9.7 2456s
 997591 150462 infeasible   64      2070.74219 1999.22901  3.45%   9.7 2461s
 999216 150225 2039.21437   61   15 2070.74219 1999.38746  3.45%   9.7 2466s
 1000745 149892     cutoff   49      2070.74219 1999.57704  3.44%   9.7 2470s
 1002293 149629     cutoff   47      2070.74219 1999.74758  3.43%   9.7 2475s
 1003773 149321     cutoff   51      2070.74219 1999.95337  3.42%   9.7 2480s
 1006803 148679     cutoff   42      2070.74219 2000.29660  3.40%   9.7 2488s
 1008302 148320 2017.97372   66   23 2070.74219 2000.50739  3.39%   9.7 2493s
 1009942 148040 infeasible   69      2070.74219 2000.70691  3.38%   9.7 2498s
 1011496 147678     cutoff   50      2070.74219 2000.87407  3.37%   9.7 2503s
 1012961 147379     cutoff   45      2070.74219 2001.05068  3.37%   9.7 2507s
 1014531 147146 2058.15715   52   42 2070.74219 2001.27672  3.35%   9.7 2512s
 1016169 146852 infeasible   54      2070.74219 2001.44682  3.35%   9.7 2517s
 1017737 146484 2051.70229   47   26 2070.74219 2001.63210  3.34%   9.7 2522s
 1019349 146169 infeasible   47      2070.74219 2001.82751  3.33%   9.7 2527s
 1020888 145860     cutoff   47      2070.74219 2001.99970  3.32%   9.7 2531s
 1022434 145566 infeasible   54      2070.74219 2002.17211  3.31%   9.7 2536s
 1023954 145235     cutoff   46      2070.74219 2002.38937  3.30%   9.7 2541s
 1025615 144839 2032.38223   44   37 2070.74219 2002.55320  3.29%   9.7 2547s
 1027198 144505 2052.29737   68    8 2070.74219 2002.75055  3.28%   9.7 2553s
 1028809 144177 2056.58909   49   23 2070.74219 2002.92480  3.28%   9.7 2559s
 1030323 143873     cutoff   49      2070.74219 2003.10717  3.27%   9.7 2565s
 1031937 143484 2055.57005   62   21 2070.74219 2003.29470  3.26%   9.7 2570s
 1033588 143177     cutoff   61      2070.74219 2003.48779  3.25%   9.7 2576s
 1035187 142767 infeasible   82      2070.74219 2003.66737  3.24%   9.7 2582s
 1036811 142392 infeasible   62      2070.74219 2003.86745  3.23%   9.7 2589s
 1038505 142261 2065.84929   54   24 2070.74219 2004.04077  3.22%   9.8 2596s
 1039161 141895     cutoff   52      2070.74219 2004.09292  3.22%   9.8 2602s
 1040821 141585     cutoff   79      2070.74219 2004.29492  3.21%   9.8 2608s
 1042403 141217 infeasible   45      2070.74219 2004.49301  3.20%   9.8 2613s
 1044076 140825     cutoff   47      2070.74219 2004.69392  3.19%   9.8 2618s
 1045737 140465 infeasible   50      2070.74219 2004.86219  3.18%   9.8 2623s
 1047330 140103 2068.90872   57   26 2070.74219 2005.05289  3.17%   9.8 2628s
 1048978 139754 2045.96389   52   34 2070.74219 2005.24056  3.16%   9.8 2633s
 1050492 139388 infeasible   63      2070.74219 2005.47130  3.15%   9.8 2637s
 1052135 138992     cutoff   48      2070.74219 2005.66706  3.14%   9.8 2642s
 1053748 138600 2044.32580   47   24 2070.74219 2005.82646  3.13%   9.8 2647s
 1055293 138165     cutoff   63      2070.74219 2006.03686  3.12%   9.8 2652s
 1056930 137815     cutoff   41      2070.74219 2006.21851  3.12%   9.8 2656s
 1058363 137438     cutoff   48      2070.74219 2006.43963  3.11%   9.8 2661s
 1059979 136961     cutoff   54      2070.74219 2006.60576  3.10%   9.8 2666s
 1061553 136634     cutoff   41      2070.74219 2006.80435  3.09%   9.8 2671s
 1063133 136296     cutoff   70      2070.74219 2007.00254  3.08%   9.8 2676s
 1064727 135894     cutoff   46      2070.74219 2007.16865  3.07%   9.8 2682s
 1066236 135436 2037.25492   54    8 2070.74219 2007.37668  3.06%   9.8 2688s
 1067906 134936     cutoff   53      2070.74219 2007.59642  3.05%   9.8 2694s
 1069575 134491 2068.79201   63   18 2070.74219 2007.80551  3.04%   9.8 2699s
 1071213 134028 2053.62845   42   22 2070.74219 2007.98091  3.03%   9.8 2704s
 1072773 133611 infeasible   48      2070.74219 2008.13876  3.02%   9.8 2709s
 1074220 133267 2059.11451   44   17 2070.74219 2008.39305  3.01%   9.8 2713s
 1075881 132851 2053.96608   53   21 2070.74219 2008.58444  3.00%   9.8 2718s
 1077480 132325 2064.15314   54   19 2070.74219 2008.78895  2.99%   9.8 2723s
 1079184 131847     cutoff   45      2070.74219 2008.96829  2.98%   9.8 2728s
 1080751 131387     cutoff   64      2070.74219 2009.18679  2.97%   9.8 2734s
 1082347 130956 2049.45223   50   18 2070.74219 2009.37019  2.96%   9.8 2739s
 1083989 130533 infeasible   71      2070.74219 2009.55625  2.95%   9.8 2744s
 1085563 130028     cutoff   56      2070.74219 2009.77939  2.94%   9.8 2750s
 1087164 129530 2065.09926   48   27 2070.74219 2010.00641  2.93%   9.8 2755s
 1088859 129373 2065.62470   62   25 2070.74219 2010.19798  2.92%   9.8 2762s
 1089365 128882     cutoff   64      2070.74219 2010.27094  2.92%   9.8 2767s
 1091045 128422 2059.22390   51   21 2070.74219 2010.49198  2.91%   9.8 2773s
 1092766 127981 2044.85826   75   12 2070.74219 2010.71354  2.90%   9.8 2780s
 1094425 127523 infeasible   44      2070.74219 2010.92084  2.89%   9.8 2786s
 1096065 127007     cutoff   47      2070.74219 2011.10413  2.88%   9.9 2792s
 1097657 126534 2050.24424   46   16 2070.74219 2011.31586  2.87%   9.9 2799s
 1099264 126056 2051.08083   46   13 2070.74219 2011.49829  2.86%   9.9 2805s
 1100785 125457 2020.11778   49   23 2070.74219 2011.72789  2.85%   9.9 2812s
 1102507 124923     cutoff   57      2070.74219 2011.95493  2.84%   9.9 2818s
 1104195 124510     cutoff   48      2070.74219 2012.16486  2.83%   9.9 2824s
 1105775 124039 2066.52067   69   30 2070.74219 2012.36037  2.82%   9.9 2831s
 1107374 123456     cutoff   44      2070.74219 2012.58543  2.81%   9.9 2837s
 1109098 122994     cutoff   56      2070.74219 2012.73947  2.80%   9.9 2843s
 1110537 122376 infeasible   45      2070.74219 2013.01485  2.79%   9.9 2849s
 1112162 121773 2039.90511   50   28 2070.74219 2013.23225  2.78%   9.9 2856s
 1113860 121287     cutoff   48      2070.74219 2013.44699  2.77%   9.9 2862s
 1115408 120767 2018.87679   61   37 2070.74219 2013.65061  2.76%   9.9 2868s
 1117042 120239 2046.88313   47   32 2070.74219 2013.86433  2.75%   9.9 2874s
 1118669 119700     cutoff   46      2070.74219 2014.11337  2.73%   9.9 2879s
 1120389 119136     cutoff   50      2070.74219 2014.31498  2.72%   9.9 2885s
 1121992 118587     cutoff   45      2070.74219 2014.49211  2.72%   9.9 2890s
 1123538 117982 2057.40983   49   37 2070.74219 2014.72893  2.70%   9.9 2896s
 1125174 117419 infeasible   45      2070.74219 2014.95516  2.69%   9.9 2901s
 1126752 116884 2069.69103   61   26 2070.74219 2015.19337  2.68%   9.9 2906s
 1128440 116348 2070.65537   50   16 2070.74219 2015.41192  2.67%   9.9 2912s
 1130147 115718     cutoff   54      2070.74219 2015.62699  2.66%   9.9 2917s
 1131802 115133 2051.05759   51   34 2070.74219 2015.85052  2.65%   9.9 2922s
 1133466 114517 2034.50807   48   13 2070.74219 2016.08581  2.64%   9.9 2927s
 1135144 113951 2040.10329   52   12 2070.74219 2016.28382  2.63%   9.9 2932s
 1136751 113329     cutoff   41      2070.74219 2016.52766  2.62%   9.9 2937s
 1138506 112769     cutoff   42      2070.74219 2016.71982  2.61%   9.9 2942s
 1140024 112068 2068.75804   54   28 2070.74219 2016.97337  2.60%   9.9 2949s
 1141748 111724     cutoff   39      2070.74219 2017.20511  2.59%   9.9 2959s
 1142845 111190 2069.59745   50   21 2070.74219 2017.31642  2.58%   9.9 2965s
 1144363 110580 2037.24713   51   21 2070.74219 2017.55805  2.57%   9.9 2971s
 1146032 109955 2055.37410   62   27 2070.74219 2017.78925  2.56%   9.9 2978s
 1147626 109322     cutoff   44      2070.74219 2018.01955  2.55%   9.9 2984s
 1149305 108693     cutoff   45      2070.74219 2018.29624  2.53%  10.0 2990s
 1151032 108003 infeasible   61      2070.74219 2018.53893  2.52%  10.0 2997s
 1152876 107377     cutoff   71      2070.74219 2018.73901  2.51%  10.0 3003s
 1154494 106723 infeasible   50      2070.74219 2018.98563  2.50%  10.0 3009s
 1156172 106109     cutoff   62      2070.74219 2019.21005  2.49%  10.0 3015s
 1157764 105420     cutoff   47      2070.74219 2019.46088  2.48%  10.0 3020s
 1159398 104771 2064.69015   55   29 2070.74219 2019.70714  2.46%  10.0 3026s
 1161047 104066 infeasible   60      2070.74219 2019.95017  2.45%  10.0 3032s
 1162765 103413     cutoff   54      2070.74219 2020.20507  2.44%  10.0 3038s
 1164451 102734     cutoff   55      2070.74219 2020.44413  2.43%  10.0 3044s
 1166095 102031 2068.07900   52    8 2070.74219 2020.68091  2.42%  10.0 3050s
 1167837 101343     cutoff   47      2070.74219 2020.92664  2.41%  10.0 3056s
 1169530 100740 infeasible   45      2070.74219 2021.14916  2.39%  10.0 3062s
 1171082 100022 2057.94269   50   17 2070.74219 2021.36025  2.38%  10.0 3068s
 1172691 99785     cutoff   42      2070.74219 2021.57713  2.37%  10.0 3076s
 1173238 99084 2046.77669   56   15 2070.74219 2021.66690  2.37%  10.0 3082s
 1174964 98428     cutoff   52      2070.74219 2021.93527  2.36%  10.0 3089s
 1176666 98125 2066.92988   53   25 2070.74219 2022.17054  2.35%  10.0 3097s
 1177348 97402 infeasible   56      2070.74219 2022.20883  2.34%  10.0 3103s
 1178851 96636 infeasible   58      2070.74219 2022.49341  2.33%  10.0 3110s
 1180684 95964     cutoff   45      2070.74219 2022.72862  2.32%  10.0 3115s
 1182350 95165     cutoff   46      2070.74219 2023.03233  2.30%  10.0 3122s
 1184103 94341     cutoff   58      2070.74219 2023.31229  2.29%  10.0 3128s
 1185936 93519     cutoff   46      2070.74219 2023.56644  2.28%  10.0 3134s
 1187670 92720 2024.90000   48   28 2070.74219 2023.85849  2.26%  10.0 3141s
 1189515 91934 infeasible   76      2070.74219 2024.10278  2.25%  10.0 3148s
 1191093 91206     cutoff   72      2070.74219 2024.36715  2.24%  10.0 3154s
 1192692 90431 2032.28475   70   33 2070.74219 2024.64163  2.23%  10.0 3160s
 1194387 89592 2060.31219   67   21 2070.74219 2024.90267  2.21%  10.0 3166s
 1196063 88752     cutoff   47      2070.74219 2025.20154  2.20%  10.0 3172s
 1197734 87925     cutoff   50      2070.74219 2025.45641  2.19%  10.0 3177s
 1199346 87061     cutoff   59      2070.74219 2025.74675  2.17%  10.1 3183s
 1201074 86227     cutoff   56      2070.74219 2026.02951  2.16%  10.1 3190s
 1202755 85484 2054.92272   42   17 2070.74219 2026.28026  2.15%  10.1 3196s
 1204279 84698 infeasible   51      2070.74219 2026.56936  2.13%  10.1 3203s
 1205914 83996 infeasible   64      2070.74219 2026.77522  2.12%  10.1 3209s
 1207373 83215     cutoff   58      2070.74219 2027.05346  2.11%  10.1 3215s
 1208984 82343     cutoff   54      2070.74219 2027.32995  2.10%  10.1 3222s
 1210630 81519     cutoff   57      2070.74219 2027.63491  2.08%  10.1 3228s
 1212284 80736 2060.35159   51   22 2070.74219 2027.88961  2.07%  10.1 3235s
 1213872 79830     cutoff   51      2070.74219 2028.20161  2.05%  10.1 3241s
 1215685 78940     cutoff   74      2070.74219 2028.49767  2.04%  10.1 3248s
 1217443 78103     cutoff   47      2070.74219 2028.76961  2.03%  10.1 3255s
 1219090 77302 2054.82872   51   11 2070.74219 2029.03950  2.01%  10.1 3261s
 1220591 76380 infeasible   52      2070.74219 2029.34035  2.00%  10.1 3267s
 1222285 75472 2058.15430   56   17 2070.74219 2029.66115  1.98%  10.1 3274s
 1223967 74565     cutoff   45      2070.74219 2029.96673  1.97%  10.1 3280s
 1225690 73698     cutoff   52      2070.74219 2030.22607  1.96%  10.1 3286s
 1227306 72718 infeasible   59      2070.74219 2030.56151  1.94%  10.1 3294s
 1228995 72366     cutoff   49      2070.74219 2030.86538  1.93%  10.1 3300s
 1229659 71409 2038.61321   41   26 2070.74219 2031.00168  1.92%  10.1 3306s
 1231376 70451     cutoff   47      2070.74219 2031.32649  1.90%  10.1 3312s
 1233051 69484 2046.11818   44   18 2070.74219 2031.65966  1.89%  10.1 3318s
 1234791 68488 2065.89032   84   35 2070.74219 2031.96646  1.87%  10.1 3323s
 1236517 67471     cutoff   48      2070.74219 2032.29232  1.86%  10.1 3329s
 1238224 66532     cutoff   43      2070.74219 2032.65263  1.84%  10.1 3335s
 1239849 65638 2045.22436   44    9 2070.74219 2032.93367  1.83%  10.1 3340s
 1241498 64655     cutoff   64      2070.74219 2033.27820  1.81%  10.1 3346s
 1243135 63698     cutoff   54      2070.74219 2033.60808  1.79%  10.1 3351s
 1244799 62661     cutoff   76      2070.74219 2033.95173  1.78%  10.1 3357s
 1246505 61682 2039.31990   43   32 2070.74219 2034.26687  1.76%  10.1 3362s
 1248080 60703     cutoff   58      2070.74219 2034.63037  1.74%  10.1 3367s
 1249757 59675 2062.71509   58   23 2070.74219 2034.95025  1.73%  10.2 3372s
 1251383 58859     cutoff   49      2070.74219 2035.23914  1.71%  10.2 3377s
 1252738 57840 2040.69693   56   16 2070.74219 2035.57846  1.70%  10.2 3382s
 1254323 56793     cutoff   66      2070.74219 2035.94008  1.68%  10.2 3388s
 1256009 55710     cutoff   63      2070.74219 2036.29106  1.66%  10.2 3393s
 1257650 54667     cutoff   66      2070.74219 2036.67158  1.65%  10.2 3398s
 1259253 53680     cutoff   48      2070.74219 2037.03720  1.63%  10.2 3404s
 1260894 52631     cutoff   44      2070.74219 2037.41284  1.61%  10.2 3409s
 1262572 51529 2065.56015   76   15 2070.74219 2037.78350  1.59%  10.2 3414s
 1264202 50583 2051.12050   50   20 2070.74219 2038.12799  1.58%  10.2 3420s
 1265670 49543 2061.18028   48   16 2070.74219 2038.48264  1.56%  10.2 3425s
 1267220 48453 infeasible   56      2070.74219 2038.87764  1.54%  10.2 3430s
 1268846 47358     cutoff   48      2070.74219 2039.26923  1.52%  10.2 3435s
 1270434 46242     cutoff   42      2070.74219 2039.63512  1.50%  10.2 3440s
 1272069 45912     cutoff   90      2070.74219 2040.03457  1.48%  10.2 3451s
H1272310 45912                    2070.7420881 2040.04622  1.48%  10.2 3451s
 1272544 44922 2070.02662   41   12 2070.74209 2040.08964  1.48%  10.2 3456s
 1274032 43744 infeasible   50      2070.74209 2040.55184  1.46%  10.2 3462s
 1275745 42622     cutoff   52      2070.74209 2040.94672  1.44%  10.2 3468s
 1277393 41494 infeasible   57      2070.74209 2041.37084  1.42%  10.2 3473s
 1278945 40360     cutoff   53      2070.74209 2041.85176  1.40%  10.2 3479s
 1280526 39220 2046.67278   79   23 2070.74209 2042.29060  1.37%  10.2 3484s
 1282104 38145     cutoff   77      2070.74209 2042.75777  1.35%  10.2 3490s
 1283666 37175 infeasible   69      2070.74209 2043.15151  1.33%  10.2 3495s
 1285072 36056     cutoff   43      2070.74209 2043.62376  1.31%  10.2 3500s
 1286599 35004     cutoff   39      2070.74209 2044.04341  1.29%  10.2 3505s
 1287980 33907     cutoff   56      2070.74209 2044.48188  1.27%  10.2 3510s
 1289464 32763     cutoff   44      2070.74209 2044.97500  1.24%  10.2 3515s
 1292580 30519     cutoff   49      2070.74209 2045.98883  1.20%  10.2 3524s
 1293988 29387 2051.70553   64   27 2070.74209 2046.48287  1.17%  10.2 3528s
 1295484 28216     cutoff   78      2070.74209 2047.04470  1.14%  10.2 3533s
 1297009 27048     cutoff   40      2070.74209 2047.61230  1.12%  10.2 3538s
 1298529 25840     cutoff   48      2070.74209 2048.12986  1.09%  10.2 3543s
 1300019 24710 infeasible   41      2070.74209 2048.75574  1.06%  10.2 3549s
 1301505 23615 2056.38778   44   22 2070.74209 2049.28282  1.04%  10.3 3554s
 1302891 22431     cutoff   45      2070.74209 2049.89465  1.01%  10.3 3560s
 1304405 21332     cutoff   50      2070.74209 2050.44771  0.98%  10.3 3566s
 1305765 20108     cutoff   75      2070.74209 2051.08887  0.95%  10.3 3572s
 1307256 18913     cutoff   64      2070.74209 2051.74799  0.92%  10.3 3578s
 1308674 17792     cutoff   64      2070.74209 2052.45483  0.88%  10.3 3584s
 1310024 16628     cutoff   66      2070.74209 2053.17363  0.85%  10.3 3590s
 1311394 15492     cutoff   63      2070.74209 2053.86544  0.82%  10.3 3596s
 1312725 14271     cutoff   49      2070.74209 2054.71646  0.77%  10.3 3602s
 1314111 13030     cutoff   54      2070.74209 2055.57676  0.73%  10.3 3608s
 1315520 11760 infeasible   54      2070.74209 2056.53112  0.69%  10.3 3614s
 1316949 10439     cutoff   53      2070.74209 2057.52528  0.64%  10.3 3619s
 1318393  9241 infeasible   56      2070.74209 2058.54847  0.59%  10.3 3624s
 1319712  7980 infeasible   51      2070.74209 2059.62952  0.54%  10.3 3629s
 1321063  6709     cutoff   59      2070.74209 2060.84266  0.48%  10.3 3633s
 1322418  5481     cutoff   63      2070.74209 2062.16974  0.41%  10.3 3637s
 1323699  4217     cutoff   50      2070.74209 2063.49612  0.35%  10.3 3641s
 1325010  2864     cutoff   66      2070.74209 2065.06164  0.27%  10.3 3645s
 1327719   873     cutoff   41      2070.74209 2067.42012  0.16%  10.3 3656s

Cutting planes:
  Gomory: 5
  MIR: 1
  Zero half: 13
  Lazy constraints: 3842

Explored 1329288 nodes (13653917 simplex iterations) in 3658.45 seconds
Thread count was 12 (of 12 available processors)

Solution count 4: 2070.74 2073.9 2091.07 2227.56 

Optimal solution found (tolerance 1.00e-04)
Best objective 2.070742088137e+03, best bound 2.070742088137e+03, gap 0.0000%

User-callback calls 3204721, time in user-callback 30.78 sec
/projects/academic/josewalt/caigao/RRARP_BD/BendersDecomp/ret/model_outs/n_24_m_2_algo_4.out
 =====>>>>> Solution is written to file in <../ret/model_outs> !!!
===>> All Done!
