NPROCS=0
This instance is clustered!
Gurobi Optimizer version 9.0.0 build v9.0.0rc2 (linux64)
Optimize a model with 40 rows, 401 columns and 800 nonzeros
Model fingerprint: 0x47189953
Variable types: 1 continuous, 400 integer (400 binary)
Coefficient statistics:
  Matrix range     [1e+00, 1e+00]
  Objective range  [1e+00, 3e+02]
  Bounds range     [1e+00, 1e+00]
  RHS range        [1e+00, 1e+00]
 done with super cut 0
Presolve removed 2 rows and 57 columns
Presolve time: 0.00s
Presolved: 38 rows, 344 columns, 686 nonzeros
Variable types: 1 continuous, 343 integer (343 binary)

Root relaxation: objective 5.488338e+02, 31 iterations, 0.00 seconds

    Nodes    |    Current Node    |     Objective Bounds      |     Work
 Expl Unexpl |  Obj  Depth IntInf | Incumbent    BestBd   Gap | It/Node Time

     0     0  690.72361    0   22          -  690.72361      -     -    0s
 done with super cut 1
 done with super cut 2
 done with super cut 3
H    0     0                    1508.4126119  690.72361  54.2%     -    1s
     0     0  754.67897    0   24 1508.41261  754.67897  50.0%     -    1s
     0     0  776.29000    0    8 1508.41261  776.29000  48.5%     -    1s
 done with super cut 4
 done with super cut 5
 done with super cut 6
 done with super cut 7
     0     0  787.80788    0    8 1508.41261  787.80788  47.8%     -    7s
 done with super cut 8
 done with super cut 9
 done with super cut 10
H    0     0                    1185.9130486  787.80788  33.6%     -   15s
H    0     0                    1178.8825445  787.80788  33.2%     -   15s
     0     2  792.03470    0   34 1178.88254  792.03470  32.8%     -   15s
 12445  6999 1057.20102   35   19 1178.88254  892.78087  24.3%   5.1   20s
 29081 19600 infeasible   51      1178.88254  911.76302  22.7%   4.8   25s
 37775 25984 1127.53947   67   13 1178.88254  918.25221  22.1%   4.8   30s
 47493 32833     cutoff   76      1178.88254  922.81320  21.7%   4.8   35s
 56162 39091 1056.73645   53   16 1178.88254  926.48215  21.4%   4.8   40s
 63123 43931 1071.41290   84   20 1178.88254  928.74897  21.2%   4.9   45s
 70466 49564     cutoff   53      1178.88254  931.57501  21.0%   4.9   50s
 77869 54818     cutoff   47      1178.88254  933.95070  20.8%   4.9   55s
 80843 56208  977.87878   47    8 1178.88254  934.86354  20.7%   4.9  119s
 80845 56209 1134.10696   54   48 1178.88254  934.86354  20.7%   4.9  123s
 80849 56212 1031.80200   48   52 1178.88254  934.86354  20.7%   4.9  125s
 80853 56215 1078.72067   77   54 1178.88254  934.86354  20.7%   4.9  130s
 80856 56217  979.54967   36   56 1178.88254  934.86354  20.7%   4.9  138s
 80859 56224  934.86354   30   46 1178.88254  934.86354  20.7%   4.9  140s
 81455 56554 1012.18567   53   18 1178.88254  934.86354  20.7%   5.0  145s
 84142 57816  996.29337   54   21 1178.88254  934.86354  20.7%   5.0  150s
 87770 59490 infeasible   58      1178.88254  934.86354  20.7%   5.0  155s
 91381 61173 1104.60335   63    4 1178.88254  934.86354  20.7%   5.1  160s
 94077 61814     cutoff   79      1178.88254  934.86354  20.7%   5.1  165s
 96450 63410     cutoff   56      1178.88254  934.86354  20.7%   5.1  170s
 101462 65413     cutoff   75      1178.88254  934.86354  20.7%   5.2  176s
 104946 67131     cutoff   78      1178.88254  934.86354  20.7%   5.2  180s
 109327 69098 1053.51455   65   26 1178.88254  934.86354  20.7%   5.2  186s
 113272 70553 1158.57707   54    - 1178.88254  934.86354  20.7%   5.2  190s
 116799 71915 infeasible   57      1178.88254  934.86354  20.7%   5.3  195s
 119771 73052     cutoff   66      1178.88254  934.86354  20.7%   5.3  201s
 123741 74505     cutoff   89      1178.88254  934.86354  20.7%   5.3  206s
 126265 75437 1063.27492   43    8 1178.88254  934.86354  20.7%   5.3  210s
 129631 76723     cutoff   82      1178.88254  934.86354  20.7%   5.3  215s
 133094 77825     cutoff   72      1178.88254  935.16596  20.7%   5.3  220s
 137228 79447 1005.89565   49   25 1178.88254  936.71796  20.5%   5.4  226s
 140962 80920 1169.63163   69   13 1178.88254  938.16926  20.4%   5.4  231s
 142944 81360     cutoff   64      1178.88254  938.76599  20.4%   5.4  235s
 146227 82715     cutoff   71      1178.88254  939.58306  20.3%   5.4  241s
 148637 83363 1109.72814   70    - 1178.88254  940.67732  20.2%   5.4  245s
 151954 84579 infeasible   94      1178.88254  941.63790  20.1%   5.4  250s
 155444 85817     cutoff   58      1178.88254  942.83016  20.0%   5.4  255s
 158990 86999     cutoff   79      1178.88254  943.96783  19.9%   5.5  261s
 161246 87700 infeasible   79      1178.88254  944.63952  19.9%   5.5  265s
 164554 88855 1178.28000   83    6 1178.88254  945.48706  19.8%   5.5  270s
 166795 89717 1153.40439   65   20 1178.88254  946.28006  19.7%   5.5  275s
 168757 90304 infeasible   75      1178.88254  946.86008  19.7%   5.5  281s
 171207 91221     cutoff   73      1178.88254  947.78411  19.6%   5.5  285s
 175001 92461 1104.25427   69   10 1178.88254  948.74467  19.5%   5.5  291s
 177331 93241     cutoff   66      1178.88254  949.30182  19.5%   5.5  296s
 179342 93856 1117.14550   61    6 1178.88254  949.86885  19.4%   5.5  301s
 181881 94830 infeasible   57      1178.88254  950.47533  19.4%   5.5  305s
 185419 95675 1112.76039   83   17 1178.88254  951.27865  19.3%   5.5  312s
 187587 96246 infeasible   78      1178.88254  951.74615  19.3%   5.5  316s
 189550 97052 1092.24589   55   19 1178.88254  952.16222  19.2%   5.6  321s
 191756 97834 1027.13448   56   22 1178.88254  952.63478  19.2%   5.6  326s
 193989 98682     cutoff   79      1178.88254  953.10396  19.2%   5.6  331s
 196596 99336     cutoff   69      1178.88254  953.79810  19.1%   5.6  336s
 198927 100458     cutoff   78      1178.88254  954.26616  19.1%   5.6  341s
 201473 101285     cutoff   48      1178.88254  954.85363  19.0%   5.6  346s
 203798 101799 1003.16984   56   14 1178.88254  955.26175  19.0%   5.6  350s
 205898 102383     cutoff   62      1178.88254  955.63428  18.9%   5.6  356s
 208165 102976     cutoff   54      1178.88254  956.17781  18.9%   5.6  361s
 210203 103515     cutoff   66      1178.88254  956.59428  18.9%   5.6  365s
 212284 104362  991.74260   71   12 1178.88254  957.08916  18.8%   5.6  371s
 214919 104371     cutoff   78      1178.88254  957.56089  18.8%   5.6  379s
 215023 105118 1059.71178   51   18 1178.88254  957.63003  18.8%   5.6  382s
 216194 105449 1069.07830   75   20 1178.88254  957.78553  18.8%   5.6  385s
 218301 105329     cutoff   71      1178.88254  958.13509  18.7%   5.6  396s
 218851 106273     cutoff   70      1178.88254  958.19867  18.7%   5.6  401s
 220060 106813 infeasible   50      1178.88254  958.49320  18.7%   5.6  405s
 222667 107542 infeasible   58      1178.88254  958.90658  18.7%   5.6  413s
 223844 107675     cutoff   79      1178.88254  959.11820  18.6%   5.7  417s
 224846 108109     cutoff   68      1178.88254  959.28928  18.6%   5.7  420s
 227284 108553 1148.89963   65    6 1178.88254  959.73925  18.6%   5.7  427s
 228165 109118 infeasible   60      1178.88254  959.85409  18.6%   5.7  432s
 229518 109481     cutoff   79      1178.88254  960.04050  18.6%   5.7  437s
 230767 109959     cutoff   69      1178.88254  960.31298  18.5%   5.7  441s
 232000 110228     cutoff   81      1178.88254  960.48854  18.5%   5.7  445s
 234502 110861 infeasible   89      1178.88254  961.00930  18.5%   5.7  451s
 236986 111720     cutoff   74      1178.88254  961.39938  18.4%   5.7  456s
 239462 112382     cutoff   84      1178.88254  961.81384  18.4%   5.7  462s
 240660 112795     cutoff   88      1178.88254  962.03465  18.4%   5.7  465s
 242983 113363     cutoff   58      1178.88254  962.38264  18.4%   5.7  471s
 245308 114088     cutoff   74      1178.88254  962.76074  18.3%   5.7  477s
 246457 114465     cutoff   96      1178.88254  962.98053  18.3%   5.7  480s
 248847 115154     cutoff   75      1178.88254  963.33678  18.3%   5.7  487s
 250297 115937     cutoff   68      1178.88254  963.52337  18.3%   5.7  492s
 251298 116659     cutoff   58      1178.88254  963.71274  18.3%   5.7  496s
 253730 118418     cutoff   66      1178.88254  964.01221  18.2%   5.7  503s
 255071 119132     cutoff   79      1178.88254  964.21216  18.2%   5.7  507s
 256111 119680 infeasible   64      1178.88254  964.36628  18.2%   5.7  511s
 257125 120513     cutoff   70      1178.88254  964.51880  18.2%   5.7  515s
 259714 122143     cutoff   83      1178.88254  964.90297  18.2%   5.7  523s
 260954 122683 1100.46296   52    8 1178.88254  965.09515  18.1%   5.8  527s
 261933 123213 1071.68714   60   13 1178.88254  965.20393  18.1%   5.8  530s
 264000 124836     cutoff   73      1178.88254  965.46762  18.1%   5.8  536s
 266604 126427     cutoff   61      1178.88254  965.91293  18.1%   5.8  542s
 267857 126806     cutoff   65      1178.88254  966.07814  18.1%   5.8  546s
 269769 128131     cutoff   80      1178.88254  966.36179  18.0%   5.8  553s
 270919 128968 infeasible   68      1178.88254  966.50429  18.0%   5.8  556s
 273300 130431     cutoff   71      1178.88254  966.79058  18.0%   5.8  563s
 274517 130749 1035.33077   67   16 1178.88254  966.87024  18.0%   5.8  566s
 276675 132359     cutoff   85      1178.88254  967.17205  18.0%   5.8  573s
 277753 133111 1030.56263   52   23 1178.88254  967.31665  17.9%   5.8  576s
 278893 133696     cutoff   73      1178.88254  967.41189  17.9%   5.8  588s
 279893 134401 1041.71412   65   27 1178.88254  967.62034  17.9%   5.8  592s
 281160 135270 infeasible   59      1178.88254  967.78926  17.9%   5.8  596s
 282500 136057 1151.91166   85   16 1178.88254  967.93537  17.9%   5.8  600s
 285118 137640 1151.17680   70    8 1178.88254  968.24179  17.9%   5.8  607s
 286239 138467 1102.06053   83   31 1178.88254  968.34016  17.9%   5.8  610s
 288887 140055     cutoff   64      1178.88254  968.73472  17.8%   5.8  617s
 290143 140816     cutoff   76      1178.88254  968.90957  17.8%   5.8  621s
 292443 141897 1161.57244   72   10 1178.88254  969.24321  17.8%   5.8  627s
 293106 142663 1064.13788   57   24 1178.88254  969.39973  17.8%   5.8  631s
 294312 143429 1168.12650   72   11 1178.88254  969.56745  17.8%   5.8  635s
 295528 144141 infeasible   74      1178.88254  969.69715  17.7%   5.8  640s
 298153 146051     cutoff   84      1178.88254  970.04403  17.7%   5.8  648s
 299567 146980     cutoff   69      1178.88254  970.20290  17.7%   5.8  652s
 300912 147775     cutoff  100      1178.88254  970.39045  17.7%   5.8  656s
 302066 148473 1153.44698   69   26 1178.88254  970.55599  17.7%   5.8  661s
 303154 149212     cutoff   60      1178.88254  970.66330  17.7%   5.8  666s
 304397 149936     cutoff   65      1178.88254  970.81085  17.6%   5.8  670s
 306949 151558 1141.67438   78   21 1178.88254  971.13477  17.6%   5.8  678s
 308167 152212     cutoff   90      1178.88254  971.29090  17.6%   5.8  682s
 309172 152768 1134.03552   62   19 1178.88254  971.38913  17.6%   5.8  685s
 310832 154144     cutoff   96      1178.88254  971.54718  17.6%   5.8  693s
 312119 155058     cutoff   81      1178.88254  971.70675  17.6%   5.8  696s
 313513 155672  994.69916   46   24 1178.88254  971.85566  17.6%   5.8  700s
 315963 157223 infeasible   87      1178.88254  972.13856  17.5%   5.8  707s
 317142 157925 1115.00261   73   19 1178.88254  972.27365  17.5%   5.8  711s
 318292 158639  992.71090   44   22 1178.88254  972.34954  17.5%   5.8  716s
 319419 159461     cutoff   68      1178.88254  972.44805  17.5%   5.9  720s
 321749 160855     cutoff   90      1178.88254  972.71326  17.5%   5.9  728s
 322849 161688     cutoff   63      1178.88254  972.81814  17.5%   5.9  731s
 324114 162576 1176.41933   60    8 1178.88254  972.94909  17.5%   5.9  735s
 326516 163899 1088.69165   62    8 1178.88254  973.21516  17.4%   5.9  743s
 327632 164498     cutoff   69      1178.88254  973.40651  17.4%   5.9  748s
 328624 165013 1027.46474   46   23 1178.88254  973.47508  17.4%   5.9  752s
 329654 165525     cutoff   60      1178.88254  973.60148  17.4%   5.9  756s
 331781 166980 1167.38641   75    - 1178.88254  973.81787  17.4%   5.9  763s
 333017 167552     cutoff   80      1178.88254  974.02441  17.4%   5.9  768s
 334068 168279     cutoff   78      1178.88254  974.09909  17.4%   5.9  772s
 335191 169174     cutoff   56      1178.88254  974.26388  17.4%   5.9  776s
 336521 169892 infeasible   86      1178.88254  974.39440  17.3%   5.9  781s
 337683 170548     cutoff   72      1178.88254  974.51703  17.3%   5.9  785s
 339867 171922     cutoff   64      1178.88254  974.77818  17.3%   5.9  795s
 342302 173184 1137.17152   73    8 1178.88254  975.03368  17.3%   5.9  803s
 343497 173904     cutoff   81      1178.88254  975.16580  17.3%   5.9  808s
 344606 174519 1116.27711   78   20 1178.88254  975.25286  17.3%   5.9  813s
 345645 175239     cutoff   78      1178.88254  975.33499  17.3%   5.9  818s
 346889 175824     cutoff   46      1178.88254  975.49152  17.3%   5.9  823s
 347969 176365 infeasible   86      1178.88254  975.57641  17.2%   5.9  827s
 348978 176775 1074.92581   62   18 1178.88254  975.70730  17.2%   5.9  830s
 350362 177960 1143.18920   78   29 1178.88254  975.85313  17.2%   5.9  838s
 351610 178879     cutoff   72      1178.88254  975.99463  17.2%   5.9  842s
 353067 179625 1048.88218   51   24 1178.88254  976.15276  17.2%   5.9  847s
 354249 179690 1070.95700   93   22 1178.88254  976.22022  17.2%   5.9  855s
 354338 180434     cutoff   93      1178.88254  976.29477  17.2%   5.9  861s
 355688 181111     cutoff  109      1178.88254  976.39189  17.2%   5.9  866s
 356936 181833 1072.73181   51   12 1178.88254  976.56037  17.2%   5.9  870s
 358212 182734 1159.59000   78   19 1178.88254  976.63843  17.2%   5.9  875s
 360899 184268 1094.90748   54   13 1178.88254  976.87287  17.1%   5.9  883s
 361898 185175 1161.56002   55   10 1178.88254  976.98626  17.1%   5.9  889s
 363330 185758 1078.83496   55   20 1178.88254  977.10642  17.1%   5.9  895s
 364496 186582     cutoff   72      1178.88254  977.18592  17.1%   5.9  900s
 365770 187401     cutoff   76      1178.88254  977.32406  17.1%   5.9  906s
 367123 188190 1105.00688   63   14 1178.88254  977.48504  17.1%   5.9  910s
 368422 188840 1114.86273   55   26 1178.88254  977.64139  17.1%   5.9  915s
 369475 189615     cutoff   68      1178.88254  977.71469  17.1%   6.0  920s
 372016 191269 1072.12104   50   16 1178.88254  977.99469  17.0%   6.0  929s
 373328 191873 1027.77552   62   32 1178.88254  978.09648  17.0%   6.0  933s
 374471 192466 1144.32069   60   22 1178.88254  978.20469  17.0%   6.0  938s
 375634 193191     cutoff   75      1178.88254  978.30555  17.0%   6.0  942s
 376912 193808 infeasible   73      1178.88254  978.41142  17.0%   6.0  947s
 377960 194499     cutoff   55      1178.88254  978.52636  17.0%   6.0  951s
 379109 195238     cutoff   69      1178.88254  978.62401  17.0%   6.0  957s
 380363 195903     cutoff   56      1178.88254  978.76725  17.0%   6.0  962s
 381453 196689     cutoff   58      1178.88254  978.86704  17.0%   6.0  968s
 382691 197250     cutoff   53      1178.88254  978.99961  17.0%   6.0  972s
 383846 198023 1148.05542   62    - 1178.88254  979.06509  16.9%   6.0  978s
 385176 198626     cutoff   65      1178.88254  979.20204  16.9%   6.0  983s
 386287 199300 1018.25289   50   23 1178.88254  979.33845  16.9%   6.0  988s
 387447 199937 1083.58777   53    6 1178.88254  979.44520  16.9%   6.0  992s
 388515 200623 1137.86206   70   25 1178.88254  979.51321  16.9%   6.0  996s
 389766 201112     cutoff   85      1178.88254  979.65686  16.9%   6.0 1004s
 390570 201834 1101.77136   64   24 1178.88254  979.72330  16.9%   6.0 1010s
 391753 202736 1135.31383   76   25 1178.88254  979.79546  16.9%   6.0 1015s
 394223 204270 1130.05753   56   15 1178.88254  980.04753  16.9%   6.0 1024s
 395557 205009     cutoff   60      1178.88254  980.15778  16.9%   6.0 1028s
 396777 205419     cutoff   59      1178.88254  980.28312  16.8%   6.0 1034s
 397614 206008     cutoff   73      1178.88254  980.37991  16.8%   6.0 1038s
 398785 206766 1019.81486   61   10 1178.88254  980.47034  16.8%   6.0 1042s
 400077 207365 1053.35873   49   15 1178.88254  980.60316  16.8%   6.0 1047s
 401254 208147 1158.38646   59   14 1178.88254  980.67656  16.8%   6.0 1051s
 402626 208783     cutoff   70      1178.88254  980.84123  16.8%   6.0 1055s
 403758 209375     cutoff   74      1178.88254  980.92805  16.8%   6.0 1060s
 405921 210631 infeasible   61      1178.88254  981.14525  16.8%   6.0 1069s
 407105 211207 1095.81244   53   25 1178.88254  981.25448  16.8%   6.0 1073s
 408249 211946     cutoff   64      1178.88254  981.31021  16.8%   6.0 1078s
 409549 212600     cutoff   63      1178.88254  981.45407  16.7%   6.0 1083s
 410647 213254     cutoff   76      1178.88254  981.54893  16.7%   6.0 1088s
 411911 213897 1168.48945   94   20 1178.88254  981.68908  16.7%   6.0 1093s
 412954 214554     cutoff   77      1178.88254  981.76726  16.7%   6.0 1099s
 414149 215220     cutoff   74      1178.88254  981.83993  16.7%   6.0 1106s
 415405 215995     cutoff   63      1178.88254  981.97410  16.7%   6.0 1111s
 416684 216600 1117.44648   70   31 1178.88254  982.11916  16.7%   6.0 1118s
 417640 217248     cutoff   63      1178.88254  982.18748  16.7%   6.0 1123s
 418791 217774 infeasible   63      1178.88254  982.29987  16.7%   6.0 1129s
 419763 217887     cutoff   60      1178.88254  982.37273  16.7%   6.0 1139s
 419927 218679 infeasible   53      1178.88254  982.37996  16.7%   6.0 1146s
 421368 219578     cutoff   57      1178.88254  982.48940  16.7%   6.0 1152s
 422822 220372     cutoff   75      1178.88254  982.58423  16.7%   6.0 1158s
 424107 221051 1021.13802   56   15 1178.88254  982.68718  16.6%   6.0 1164s
 425285 221608     cutoff   78      1178.88254  982.78535  16.6%   6.0 1170s
 426381 222322     cutoff   66      1178.88254  982.87136  16.6%   6.0 1176s
 427628 222956     cutoff   63      1178.88254  982.98204  16.6%   6.0 1184s
 428747 223781 infeasible   77      1178.88254  983.06150  16.6%   6.0 1190s
 430048 224405     cutoff   87      1178.88254  983.16011  16.6%   6.1 1197s
 431106 225058 1149.58840   58   17 1178.88254  983.24818  16.6%   6.1 1202s
 432333 225607     cutoff   87      1178.88254  983.34392  16.6%   6.1 1206s
 433277 226437 1137.61770   56   13 1178.88254  983.47223  16.6%   6.1 1211s
 434717 226606     cutoff   66      1178.88254  983.55631  16.6%   6.1 1223s
 434959 227211  992.76946   49   25 1178.88254  983.59329  16.6%   6.1 1229s
 436049 228029 1157.31540   62   14 1178.88254  983.66065  16.6%   6.1 1234s
 437420 228596 infeasible   56      1178.88254  983.76647  16.6%   6.1 1240s
 438659 229362 1165.82573   72   18 1178.88254  983.85614  16.5%   6.1 1246s
 439904 229959     cutoff   58      1178.88254  983.97983  16.5%   6.1 1251s
 441047 230745     cutoff   58      1178.88254  984.07421  16.5%   6.1 1257s
 442462 231532     cutoff   54      1178.88254  984.17587  16.5%   6.1 1262s
 443848 232346     cutoff   83      1178.88254  984.23450  16.5%   6.1 1267s
 445200 232888 infeasible   64      1178.88254  984.35902  16.5%   6.1 1273s
 446182 233277     cutoff   66      1178.88254  984.42241  16.5%   6.1 1277s
 446985 234104 1105.50633   57   27 1178.88254  984.47356  16.5%   6.1 1282s
 448442 234624     cutoff   72      1178.88254  984.61148  16.5%   6.1 1287s
 449466 235159 1013.90141   58   15 1178.88254  984.68062  16.5%   6.1 1291s
 450364 236054     cutoff   61      1178.88254  984.75970  16.5%   6.1 1296s
 451857 236731     cutoff   57      1178.88254  984.86088  16.5%   6.1 1302s
 453125 237351 1125.63320   93   27 1178.88254  984.94295  16.5%   6.1 1307s
 454378 238084     cutoff   93      1178.88254  985.04488  16.4%   6.1 1312s
 455706 239034     cutoff   87      1178.88254  985.14307  16.4%   6.1 1317s
 457149 239787     cutoff   75      1178.88254  985.27077  16.4%   6.1 1322s
 458441 240498 1174.08186   67   16 1178.88254  985.34193  16.4%   6.1 1328s
 459671 241149     cutoff   72      1178.88254  985.42263  16.4%   6.1 1333s
 460792 241709 1128.24514   54    8 1178.88254  985.49438  16.4%   6.1 1338s
 462108 242428     cutoff   59      1178.88254  985.61303  16.4%   6.1 1343s
 463283 243104 1046.21580   53   20 1178.88254  985.68818  16.4%   6.1 1348s
 464473 243690     cutoff   72      1178.88254  985.74423  16.4%   6.1 1353s
 465561 244113 1115.12097   52   19 1178.88254  985.86318  16.4%   6.1 1359s
 466428 244903     cutoff   62      1178.88254  985.90606  16.4%   6.1 1365s
 467802 245736 1027.59953   47   29 1178.88254  985.99162  16.4%   6.1 1370s
 469226 246516     cutoff   81      1178.88254  986.07026  16.4%   6.1 1375s
 470475 247282     cutoff   73      1178.88254  986.15749  16.3%   6.1 1380s
 471705 247864 1176.53127   88    8 1178.88254  986.23069  16.3%   6.1 1385s
 472830 248706 1030.55274   56   29 1178.88254  986.33284  16.3%   6.1 1390s
 474249 249512 1107.08151   80   15 1178.88254  986.45522  16.3%   6.1 1395s
 475549 250061     cutoff   90      1178.88254  986.55121  16.3%   6.1 1400s
 476527 250479     cutoff   56      1178.88254  986.63011  16.3%   6.1 1406s
 477447 250896     cutoff   53      1178.88254  986.64988  16.3%   6.1 1412s
 478310 251627     cutoff   67      1178.88254  986.73650  16.3%   6.1 1418s
 479682 252339     cutoff   80      1178.88254  986.83603  16.3%   6.1 1424s
 481025 253048     cutoff   68      1178.88254  986.93675  16.3%   6.1 1430s
 482300 253402     cutoff   66      1178.88254  987.04034  16.3%   6.1 1435s
 483224 253922     cutoff   65      1178.88254  987.06722  16.3%   6.1 1440s
 484124 254420 1162.64439   76    6 1178.88254  987.13273  16.3%   6.1 1446s
 485020 255263 1151.78585   76   19 1178.88254  987.17834  16.3%   6.1 1454s
 486386 255857 1117.20319   55   15 1178.88254  987.29069  16.3%   6.1 1462s
 487666 256589     cutoff   77      1178.88254  987.36796  16.2%   6.1 1471s
 489068 257247 1151.39648   86   26 1178.88254  987.46453  16.2%   6.1 1478s
 490207 258071 1136.30212   67   29 1178.88254  987.54634  16.2%   6.1 1483s
 491644 258922     cutoff   72      1178.88254  987.67136  16.2%   6.1 1489s
 493052 259749 infeasible   54      1178.88254  987.76747  16.2%   6.1 1496s
 494373 260399 1107.75254   71   20 1178.88254  987.84230  16.2%   6.1 1502s
 495615 260846     cutoff   70      1178.88254  987.91595  16.2%   6.1 1509s
 496555 261279     cutoff   56      1178.88254  987.95104  16.2%   6.1 1515s
 497845 261997 1171.08647   49   23 1178.88254  987.99906  16.2%   6.1 1521s
 499106 262642 1159.59265   72   16 1178.88254  988.10053  16.2%   6.1 1528s
 500313 263527     cutoff   74      1178.88254  988.18482  16.2%   6.2 1533s
 501716 264200 1040.56040   50   20 1178.88254  988.30682  16.2%   6.2 1540s
 502840 264759 1065.87318   66   29 1178.88254  988.39582  16.2%   6.2 1545s
 503855 265460     cutoff   77      1178.88254  988.44251  16.2%   6.2 1551s
 505121 266048     cutoff   78      1178.88254  988.53007  16.1%   6.2 1557s
 506255 266086     cutoff   54      1178.88254  988.60651  16.1%   6.2 1568s
 506330 266853 1142.19553   64   11 1178.88254  988.62157  16.1%   6.2 1574s
 507761 267473     cutoff  106      1178.88254  988.69254  16.1%   6.2 1581s
 508906 268098     cutoff   75      1178.88254  988.75791  16.1%   6.2 1587s
 509980 268805 1172.67568   61   16 1178.88254  988.80469  16.1%   6.2 1594s
 511308 269549     cutoff   66      1178.88254  988.90933  16.1%   6.2 1601s
 512603 270242     cutoff   80      1178.88254  988.98749  16.1%   6.2 1608s
 513788 270923 1161.76028   49    9 1178.88254  989.06132  16.1%   6.2 1614s
 514885 271826     cutoff   55      1178.88254  989.09975  16.1%   6.2 1621s
 516342 272441     cutoff   72      1178.88254  989.19976  16.1%   6.2 1630s
 517473 273246     cutoff   55      1178.88254  989.25376  16.1%   6.2 1638s
 518827 273862     cutoff   71      1178.88254  989.36050  16.1%   6.2 1646s
 519910 274651 infeasible   63      1178.88254  989.40401  16.1%   6.2 1655s
 521238 275307 infeasible   65      1178.88254  989.49148  16.1%   6.2 1664s
 522446 275873     cutoff   54      1178.88254  989.57235  16.1%   6.2 1673s
 523639 276465     cutoff   82      1178.88254  989.62439  16.1%   6.2 1679s
 524930 276886 1156.97118   49   17 1178.88254  989.72095  16.0%   6.2 1686s
 525874 277490 1029.92541   51   10 1178.88254  989.77817  16.0%   6.2 1692s
 526858 278233     cutoff   60      1178.88254  989.83458  16.0%   6.2 1698s
 528166 279078     cutoff   60      1178.88254  989.90867  16.0%   6.2 1704s
 529603 279835 1130.98278   56   17 1178.88254  989.98997  16.0%   6.2 1710s
 530950 280473     cutoff   73      1178.88254  990.05977  16.0%   6.2 1716s
 532041 281166 1070.54370   49   18 1178.88254  990.10081  16.0%   6.2 1722s
 533245 281985     cutoff   72      1178.88254  990.17582  16.0%   6.2 1728s
 534647 282778  993.81670   51   24 1178.88254  990.26851  16.0%   6.2 1735s
 535978 283529 1170.35036   55    6 1178.88254  990.34323  16.0%   6.2 1741s
 537260 284245     cutoff   60      1178.88254  990.42989  16.0%   6.2 1748s
 538444 284917 1062.25780   61   30 1178.88254  990.53532  16.0%   6.2 1754s
 539643 285681 1154.19262   64   19 1178.88254  990.57251  16.0%   6.2 1760s
 540920 286385 1125.78421   68   23 1178.88254  990.67196  16.0%   6.2 1767s
 542204 287215     cutoff   83      1178.88254  990.71644  16.0%   6.2 1773s
 543550 287943 1093.71805   43   13 1178.88254  990.81510  16.0%   6.2 1779s
 544871 288549 1149.78427   65   19 1178.88254  990.87910  15.9%   6.2 1788s
 545875 289108     cutoff   62      1178.88254  990.95398  15.9%   6.2 1796s
 546972 289659 1096.49380   50   22 1178.88254  990.99963  15.9%   6.2 1803s
 548171 290339 1088.74682   57   21 1178.88254  991.09260  15.9%   6.2 1810s
 549376 290960     cutoff   70      1178.88254  991.20397  15.9%   6.2 1817s
 550435 291658     cutoff   79      1178.88254  991.26541  15.9%   6.2 1825s
 551741 292432     cutoff   71      1178.88254  991.34392  15.9%   6.2 1832s
 553092 293012     cutoff   97      1178.88254  991.43352  15.9%   6.2 1840s
 554200 293477 1105.93633   72   28 1178.88254  991.49266  15.9%   6.2 1847s
 555262 294144     cutoff   59      1178.88254  991.55451  15.9%   6.2 1857s
 556505 294844     cutoff   68      1178.88254  991.65049  15.9%   6.2 1864s
 557683 295537     cutoff   60      1178.88254  991.70512  15.9%   6.2 1872s
 558963 296374     cutoff   71      1178.88254  991.79747  15.9%   6.2 1879s
 560052 296394     cutoff   83      1178.88254  991.80732  15.9%   6.2 1880s
 560414 297067     cutoff   68      1178.88254  991.85765  15.9%   6.2 1886s
 561676 297715 1139.30897   50   15 1178.88254  991.95579  15.9%   6.2 1894s
 562905 298383 1139.44054   60   10 1178.88254  991.99885  15.9%   6.2 1900s
 564290 298955     cutoff   75      1178.88254  992.08016  15.8%   6.2 1907s
 565278 299762 1159.80014   65    6 1178.88254  992.13400  15.8%   6.2 1914s
 566627 300443 infeasible   69      1178.88254  992.23300  15.8%   6.2 1921s
 567851 301169     cutoff   58      1178.88254  992.31220  15.8%   6.2 1928s
 569102 301825 1137.73889   70   24 1178.88254  992.37075  15.8%   6.2 1934s
 570272 302391 1033.94773   50   29 1178.88254  992.45515  15.8%   6.2 1941s
 571163 303258 1146.49819   71   16 1178.88254  992.50049  15.8%   6.2 1948s
 572658 303817     cutoff   78      1178.88254  992.59596  15.8%   6.2 1954s
 573934 304502 infeasible   92      1178.88254  992.68841  15.8%   6.2 1961s
 575117 305339     cutoff   65      1178.88254  992.75113  15.8%   6.2 1967s
 576590 306148 1085.88046   65   16 1178.88254  992.86340  15.8%   6.2 1973s
 577973 306727     cutoff   80      1178.88254  992.95695  15.8%   6.2 1979s
 579194 307199     cutoff   66      1178.88254  993.00756  15.8%   6.2 1988s
 580192 307754     cutoff   66      1178.88254  993.07356  15.8%   6.2 1994s
 581228 308517 1066.93696   52   24 1178.88254  993.17503  15.8%   6.2 2001s
 582619 309323     cutoff   79      1178.88254  993.25695  15.7%   6.2 2007s
 584001 309867 1107.97779   69   34 1178.88254  993.32291  15.7%   6.3 2013s
 584879 309998 1147.42565   71   15 1178.88254  993.36254  15.7%   6.3 2027s
 585115 310701 1116.30622   77   24 1178.88254  993.36895  15.7%   6.3 2035s
 586384 311283 1133.77537   52   18 1178.88254  993.44371  15.7%   6.3 2042s
 587679 312006     cutoff   67      1178.88254  993.51255  15.7%   6.3 2049s
 589047 312791 infeasible   60      1178.88254  993.58913  15.7%   6.3 2056s
 590423 313588 1051.77600   78   26 1178.88254  993.66247  15.7%   6.3 2062s
 591828 314426 1138.72309   89   12 1178.88254  993.73733  15.7%   6.3 2069s
 593196 315167     cutoff   73      1178.88254  993.80548  15.7%   6.3 2077s
 594322 315975 1147.80137   66    8 1178.88254  993.87121  15.7%   6.3 2084s
 595713 316689 1173.63762   65   18 1178.88254  993.92279  15.7%   6.3 2091s
 597008 317448 1176.24177   61    6 1178.88254  994.02333  15.7%   6.3 2099s
 598318 318172     cutoff   86      1178.88254  994.10575  15.7%   6.3 2106s
 599619 318782     cutoff   67      1178.88254  994.18571  15.7%   6.3 2112s
 600740 319528     cutoff   68      1178.88254  994.24139  15.7%   6.3 2119s
 601486 319537 infeasible   62      1178.88254  994.24674  15.7%   6.3 2120s
 602051 320082 1167.32143   54    8 1178.88254  994.30854  15.7%   6.3 2127s
 603041 320771 1145.63281   62   10 1178.88254  994.35767  15.7%   6.3 2134s
 604430 321326     cutoff   83      1178.88254  994.44905  15.6%   6.3 2142s
 605527 322028 1026.13252   82   21 1178.88254  994.51306  15.6%   6.3 2149s
 606845 322645     cutoff  101      1178.88254  994.58062  15.6%   6.3 2158s
 608022 323368 1002.03683   47   19 1178.88254  994.64583  15.6%   6.3 2165s
 609416 323940     cutoff   65      1178.88254  994.70578  15.6%   6.3 2173s
 610595 324370     cutoff   70      1178.88254  994.77129  15.6%   6.3 2180s
 611651 324999     cutoff   62      1178.88254  994.83981  15.6%   6.3 2186s
 612767 325773 1178.73079   73   10 1178.88254  994.91814  15.6%   6.3 2193s
 614066 326265     cutoff   55      1178.88254  994.98718  15.6%   6.3 2201s
 615168 326986     cutoff   59      1178.88254  995.05061  15.6%   6.3 2210s
 616509 327827     cutoff   77      1178.88254  995.14110  15.6%   6.3 2217s
 617909 328349     cutoff   83      1178.88254  995.20852  15.6%   6.3 2224s
 619011 329098 1064.41534   63   14 1178.88254  995.23657  15.6%   6.3 2235s
 620311 329688     cutoff   79      1178.88254  995.32835  15.6%   6.3 2242s
 621304 330225 1151.42886   76   13 1178.88254  995.35950  15.6%   6.3 2250s
 622429 330970     cutoff   55      1178.88254  995.44656  15.6%   6.3 2260s
 623789 331664 infeasible   74      1178.88254  995.53969  15.6%   6.3 2269s
 625236 332238     cutoff   82      1178.88254  995.60795  15.5%   6.3 2279s
 626364 332863     cutoff   53      1178.88254  995.68302  15.5%   6.3 2288s
 627528 333509 1070.55836   81   21 1178.88254  995.74602  15.5%   6.3 2297s
 628774 334271     cutoff   53      1178.88254  995.82542  15.5%   6.3 2305s
 630123 334978     cutoff   74      1178.88254  995.87635  15.5%   6.3 2312s
 631561 335595     cutoff   60      1178.88254  995.96179  15.5%   6.3 2319s
 632736 336355 infeasible   58      1178.88254  996.02030  15.5%   6.3 2326s
 634124 336419     cutoff   56      1178.88254  996.10795  15.5%   6.3 2340s
 634231 336986 1116.54304   54   26 1178.88254  996.10800  15.5%   6.3 2349s
 635296 337510     cutoff   66      1178.88254  996.15521  15.5%   6.3 2359s
 636530 338253 infeasible   77      1178.88254  996.21002  15.5%   6.3 2367s
 637837 339023 1147.52078   69    4 1178.88254  996.28420  15.5%   6.3 2375s
 639180 339819 infeasible   70      1178.88254  996.34657  15.5%   6.3 2383s
 640522 340417 1111.00836   59   14 1178.88254  996.43363  15.5%   6.3 2390s
 641670 341130     cutoff   90      1178.88254  996.46706  15.5%   6.3 2399s
 643016 341685 infeasible   82      1178.88254  996.52953  15.5%   6.3 2407s
 644010 342290     cutoff   52      1178.88254  996.58854  15.5%   6.3 2416s
 645192 342997     cutoff   56      1178.88254  996.63580  15.5%   6.3 2425s
 646454 343745 1068.25115   66   20 1178.88254  996.69506  15.5%   6.3 2433s
 647831 344465 1155.50119   63   18 1178.88254  996.77115  15.4%   6.3 2442s
 649113 344996 1146.13433   56   10 1178.88254  996.84917  15.4%   6.3 2451s
 650375 345707     cutoff   64      1178.88254  996.86058  15.4%   6.3 2458s
 651587 346367 1088.63894   67   15 1178.88254  996.95201  15.4%   6.3 2465s
 652852 347121     cutoff   65      1178.88254  997.01822  15.4%   6.3 2473s
 654228 347965     cutoff   71      1178.88254  997.09683  15.4%   6.3 2481s
 655646 348542     cutoff   75      1178.88254  997.15515  15.4%   6.3 2489s
 656938 349232 1060.42133   62   16 1178.88254  997.23222  15.4%   6.3 2497s
 658196 349807     cutoff   83      1178.88254  997.28972  15.4%   6.3 2506s
 659271 350386 1174.32594   82   23 1178.88254  997.33090  15.4%   6.3 2515s
 660555 350968     cutoff   70      1178.88254  997.40569  15.4%   6.3 2523s
 661837 351707     cutoff   67      1178.88254  997.49202  15.4%   6.3 2531s
 663208 352273     cutoff   55      1178.88254  997.56204  15.4%   6.3 2540s
 664298 352917     cutoff   81      1178.88254  997.62195  15.4%   6.3 2548s
 665346 353563 1129.44345   79   33 1178.88254  997.65063  15.4%   6.3 2556s
 666579 354235     cutoff   57      1178.88254  997.71736  15.4%   6.3 2563s
 667932 354833 1100.36414   61   30 1178.88254  997.76704  15.4%   6.3 2571s
 668932 355482     cutoff   66      1178.88254  997.82606  15.4%   6.3 2579s
 670292 356220 1156.92338   52   16 1178.88254  997.90013  15.4%   6.3 2586s
 671590 356727 1168.52938   85   18 1178.88254  997.94488  15.3%   6.3 2594s
 672766 357236 infeasible   77      1178.88254  997.99470  15.3%   6.3 2602s
 673863 357931     cutoff   77      1178.88254  998.05065  15.3%   6.3 2614s
 675193 358657     cutoff   60      1178.88254  998.11831  15.3%   6.3 2621s
 676576 359221 infeasible   81      1178.88254  998.17562  15.3%   6.3 2629s
 677780 359978     cutoff   64      1178.88254  998.23418  15.3%   6.3 2637s
 679165 360754     cutoff  107      1178.88254  998.27883  15.3%   6.3 2645s
 680583 361372     cutoff   81      1178.88254  998.34284  15.3%   6.3 2652s
 681953 361756     cutoff   62      1178.88254  998.44370  15.3%   6.3 2662s
 682824 361832 1137.02325   62   14 1178.88254  998.47168  15.3%   6.3 2676s
 682960 362533 1094.18339   63   19 1178.88254  998.47185  15.3%   6.3 2686s
 684394 363241     cutoff   73      1178.88254  998.55072  15.3%   6.3 2696s
 685672 363835 1156.06679  109   10 1178.88254  998.60980  15.3%   6.3 2704s
 686525 363848     cutoff   72      1178.88254  998.64418  15.3%   6.3 2705s
 686790 364686     cutoff  112      1178.88254  998.68126  15.3%   6.3 2712s
 688299 365365 1113.92645   76   30 1178.88254  998.76222  15.3%   6.3 2721s
 689579 366206     cutoff   95      1178.88254  998.82617  15.3%   6.3 2729s
 691024 366891 1005.40057   45   33 1178.88254  998.91376  15.3%   6.3 2737s
 692260 367586 infeasible   65      1178.88254  998.95742  15.3%   6.3 2744s
 693518 368385     cutoff   69      1178.88254  999.02110  15.3%   6.3 2752s
 694923 368990 1123.29770   57   28 1178.88254  999.07350  15.3%   6.3 2759s
 696135 369739 1086.72651   51   17 1178.88254  999.18608  15.2%   6.4 2767s
 697447 370271     cutoff   73      1178.88254  999.23779  15.2%   6.4 2775s
 698593 370972     cutoff   68      1178.88254  999.30238  15.2%   6.4 2783s
 699907 371564 1091.29396   58   20 1178.88254  999.35630  15.2%   6.4 2792s
 701132 372250 1161.32590   60   16 1178.88254  999.41247  15.2%   6.4 2801s
 702260 373060     cutoff   74      1178.88254  999.47248  15.2%   6.4 2809s
 703608 373729 1043.08982   69   26 1178.88254  999.53486  15.2%   6.4 2817s
 704843 374067 1051.36603   66   16 1178.88254  999.60711  15.2%   6.4 2828s
 705745 374597     cutoff   72      1178.88254  999.63397  15.2%   6.4 2837s
 706935 375336     cutoff   66      1178.88254  999.64089  15.2%   6.4 2846s
 708416 376023 1122.36616   60   16 1178.88254  999.70308  15.2%   6.4 2855s
 709726 376665 infeasible   75      1178.88254  999.75036  15.2%   6.4 2863s
 710734 377474 1157.74204   72    6 1178.88254  999.81679  15.2%   6.4 2871s
 712160 378147     cutoff   76      1178.88254  999.87955  15.2%   6.4 2882s
 713540 378735 1174.58130   59   14 1178.88254  999.94229  15.2%   6.4 2890s
 714745 379434     cutoff   69      1178.88254  999.99413  15.2%   6.4 2899s
 716055 380223 1088.25614   50   19 1178.88254 1000.05982  15.2%   6.4 2908s
 717341 380889 1146.23715   64   10 1178.88254 1000.07353  15.2%   6.4 2914s
 718732 381506     cutoff   65      1178.88254 1000.16352  15.2%   6.4 2922s
 719811 382108 1046.17465   53   19 1178.88254 1000.22734  15.2%   6.4 2930s
 720915 382874 1178.62560   55   19 1178.88254 1000.29620  15.1%   6.4 2937s
 722259 383492     cutoff   68      1178.88254 1000.35409  15.1%   6.4 2947s
 723535 384027     cutoff   60      1178.88254 1000.40465  15.1%   6.4 2955s
 724533 384669     cutoff   63      1178.88254 1000.44563  15.1%   6.4 2964s
 725822 385446     cutoff   78      1178.88254 1000.49922  15.1%   6.4 2973s
 727295 386200     cutoff   61      1178.88254 1000.57756  15.1%   6.4 2984s
 728705 386727     cutoff   72      1178.88254 1000.64704  15.1%   6.4 2993s
 729836 387379 1121.09112   70   23 1178.88254 1000.70519  15.1%   6.4 3004s
 731108 387971 1175.85808   70   27 1178.88254 1000.76021  15.1%   6.4 3013s
 732234 388648 1159.11083   63   14 1178.88254 1000.80162  15.1%   6.4 3023s
 733689 389355     cutoff   86      1178.88254 1000.85173  15.1%   6.4 3034s
 734950 389994 1173.20270   60   20 1178.88254 1000.91070  15.1%   6.4 3044s
 736175 390553 infeasible   65      1178.88254 1000.94529  15.1%   6.4 3056s
 737182 391129     cutoff   45      1178.88254 1001.01505  15.1%   6.4 3066s
 738390 391659 1136.74941   57   21 1178.88254 1001.04604  15.1%   6.4 3077s
 739664 392337     cutoff   76      1178.88254 1001.07193  15.1%   6.4 3087s
 740901 392914 infeasible   80      1178.88254 1001.14503  15.1%   6.4 3097s
 742065 393656 1143.85843   51    - 1178.88254 1001.19802  15.1%   6.4 3106s
 743492 394393 infeasible   69      1178.88254 1001.26832  15.1%   6.4 3116s
 744769 394848     cutoff   80      1178.88254 1001.31613  15.1%   6.4 3126s
 745804 395564 1127.73175   91   23 1178.88254 1001.34031  15.1%   6.4 3135s
 747120 396332 1075.97189   52   27 1178.88254 1001.40114  15.1%   6.4 3143s
 748591 397094 1126.29271   66    8 1178.88254 1001.48578  15.0%   6.4 3151s
 750002 397656 1160.48769   69   16 1178.88254 1001.54023  15.0%   6.4 3161s
 751248 398338     cutoff   83      1178.88254 1001.58268  15.0%   6.4 3171s
 752482 398842 1089.55015   45   24 1178.88254 1001.64132  15.0%   6.4 3179s
 753609 399383     cutoff   56      1178.88254 1001.68639  15.0%   6.4 3186s
 754670 399985 infeasible   67      1178.88254 1001.73233  15.0%   6.4 3202s
 755791 400802     cutoff   76      1178.88254 1001.77797  15.0%   6.4 3211s
H755920 400802                    1178.8824109 1001.77797  15.0%   6.4 3211s
 757195 400957 1035.78746   53   31 1178.88241 1001.84647  15.0%   6.4 3228s
H757202 400956                    1178.8823215 1001.84647  15.0%   6.4 3228s
 757404 401773 1036.71574   54   31 1178.88232 1001.85262  15.0%   6.4 3237s
 758838 402419     cutoff   73      1178.88232 1001.91675  15.0%   6.4 3244s
 760025 403241 1047.55041   46    8 1178.88232 1001.99008  15.0%   6.4 3253s
 761540 403924 infeasible   64      1178.88232 1002.05658  15.0%   6.4 3262s
 763010 404537     cutoff   84      1178.88232 1002.13872  15.0%   6.4 3271s
 764218 405188     cutoff   60      1178.88232 1002.20910  15.0%   6.4 3280s
 765574 405807     cutoff   54      1178.88232 1002.24391  15.0%   6.4 3290s
 766723 406430     cutoff   50      1178.88232 1002.29288  15.0%   6.4 3300s
 768013 407074 1153.94906   82   14 1178.88232 1002.36390  15.0%   6.4 3311s
 769412 407936 1056.63139   83   15 1178.88232 1002.42111  15.0%   6.4 3321s
 770883 408515 1049.19796   47   10 1178.88232 1002.47702  15.0%   6.4 3330s
 771989 409115 1177.45454   60   23 1178.88232 1002.54282  15.0%   6.4 3338s
 773247 409684 1044.49379   50   25 1178.88232 1002.60431  15.0%   6.4 3347s
 774519 410524     cutoff   72      1178.88232 1002.64997  14.9%   6.4 3356s
 775973 411087 infeasible   52      1178.88232 1002.72939  14.9%   6.4 3366s
 777277 411727 1073.63592   55   14 1178.88232 1002.78967  14.9%   6.4 3374s
 778586 412262     cutoff   69      1178.88232 1002.85876  14.9%   6.4 3389s
 779782 412856 1088.51699   71   10 1178.88232 1002.90112  14.9%   6.4 3398s
 780977 413438 1177.17243   63   25 1178.88232 1002.95021  14.9%   6.4 3408s
 782173 413990     cutoff   58      1178.88232 1002.99523  14.9%   6.4 3417s
 783350 414739 1091.58485   63   19 1178.88232 1003.05751  14.9%   6.4 3426s
 784672 415405     cutoff   67      1178.88232 1003.11096  14.9%   6.4 3436s
 786059 416193 1117.66202   70   17 1178.88232 1003.16542  14.9%   6.4 3445s
 787525 416877 1063.04112   53   20 1178.88232 1003.23022  14.9%   6.4 3456s
 788736 417390     cutoff   68      1178.88232 1003.28202  14.9%   6.4 3464s
 789753 418120 1160.82719   72   18 1178.88232 1003.32437  14.9%   6.4 3473s
 791161 418862 infeasible   79      1178.88232 1003.38751  14.9%   6.4 3481s
 792574 419275     cutoff   69      1178.88232 1003.45521  14.9%   6.4 3495s
 793556 419923 1045.18851   50   19 1178.88232 1003.50902  14.9%   6.4 3505s
 794748 420454     cutoff   56      1178.88232 1003.55748  14.9%   6.4 3516s
 795952 420978     cutoff   71      1178.88232 1003.60696  14.9%   6.4 3526s
 797264 421696     cutoff   64      1178.88232 1003.66535  14.9%   6.4 3538s
 798615 422452     cutoff   55      1178.88232 1003.72399  14.9%   6.4 3548s
 800173 423136     cutoff   62      1178.88232 1003.79972  14.9%   6.4 3556s
 801391 423908     cutoff   67      1178.88232 1003.85561  14.8%   6.4 3565s
 802812 424633     cutoff   76      1178.88232 1003.91731  14.8%   6.4 3575s
 804160 425294     cutoff   70      1178.88232 1003.96811  14.8%   6.4 3583s
 805545 425738 1166.51763   76   14 1178.88232 1004.02393  14.8%   6.5 3592s
 806482 426504 1177.37808   70   17 1178.88232 1004.06447  14.8%   6.5 3601s
 807997 427185     cutoff   72      1178.88232 1004.12946  14.8%   6.5 3611s
 809301 427911 1051.55368   57   22 1178.88232 1004.18552  14.8%   6.5 3620s
 810619 428512     cutoff   67      1178.88232 1004.25942  14.8%   6.5 3629s
 811849 429168     cutoff   74      1178.88232 1004.30848  14.8%   6.5 3637s
 813283 429691     cutoff   61      1178.88232 1004.36927  14.8%   6.5 3646s
 814501 430055     cutoff   70      1178.88232 1004.42049  14.8%   6.5 3657s
 815427 430847 1128.87911   58   11 1178.88232 1004.44761  14.8%   6.5 3666s
 816946 431344 1080.40529   67   12 1178.88232 1004.51436  14.8%   6.5 3675s
 817922 432040 1070.51776   44   27 1178.88232 1004.55090  14.8%   6.5 3684s
 819352 432732     cutoff   52      1178.88232 1004.59739  14.8%   6.5 3693s
 820748 433318 1071.71173   66   19 1178.88232 1004.65739  14.8%   6.5 3703s
 821917 433766     cutoff   60      1178.88232 1004.69567  14.8%   6.5 3711s
 822998 434429 1106.31452   74   23 1178.88232 1004.75100  14.8%   6.5 3721s
 824258 435010     cutoff   72      1178.88232 1004.79389  14.8%   6.5 3731s
 825400 435746     cutoff   76      1178.88232 1004.83922  14.8%   6.5 3740s
 826773 436532 1127.48801   51   20 1178.88232 1004.91954  14.8%   6.5 3751s
 828267 437192     cutoff   62      1178.88232 1004.99125  14.8%   6.5 3760s
 829578 437882 1092.73885   62   21 1178.88232 1005.04295  14.7%   6.5 3770s
 830845 438455     cutoff   72      1178.88232 1005.10310  14.7%   6.5 3779s
 831984 439160 1161.22667   72   25 1178.88232 1005.13910  14.7%   6.5 3789s
 833308 439854     cutoff   63      1178.88232 1005.18742  14.7%   6.5 3800s
 834615 440566 1052.34735   49   31 1178.88232 1005.26242  14.7%   6.5 3810s
 836012 441074 1083.05817   56   28 1178.88232 1005.31646  14.7%   6.5 3819s
 837030 441614     cutoff   70      1178.88232 1005.34549  14.7%   6.5 3827s
 838135 442396 1154.60474   84   17 1178.88232 1005.38691  14.7%   6.5 3836s
 839651 443090 1151.53319   84   35 1178.88232 1005.45076  14.7%   6.5 3845s
 840868 443912     cutoff   72      1178.88232 1005.48725  14.7%   6.5 3854s
 842372 444584 1016.86716   51   22 1178.88232 1005.56554  14.7%   6.5 3864s
 843650 445425 1115.88928   50   18 1178.88232 1005.62876  14.7%   6.5 3874s
 845159 445929 1088.45056   47   25 1178.88232 1005.67835  14.7%   6.5 3883s
 846238 446563 1173.42625   52   12 1178.88232 1005.72086  14.7%   6.5 3894s
 847461 447431     cutoff   76      1178.88232 1005.76866  14.7%   6.5 3904s
 849031 448050     cutoff   68      1178.88232 1005.81593  14.7%   6.5 3915s
 850333 448603     cutoff   85      1178.88232 1005.86522  14.7%   6.5 3926s
 851553 449306 1087.04294   60   25 1178.88232 1005.90559  14.7%   6.5 3935s
 852906 449796 1176.55884   56    - 1178.88232 1005.97842  14.7%   6.5 3944s
 853143 449801 1118.55018   71   13 1178.88232 1005.98388  14.7%   6.5 3945s
 853887 450474 1132.27970   67   22 1178.88232 1006.00548  14.7%   6.5 3956s
 855242 451051     cutoff   71      1178.88232 1006.06983  14.7%   6.5 3967s
 856419 451528 1037.24346   53   25 1178.88232 1006.10269  14.7%   6.5 3977s
 857448 452354 infeasible   47      1178.88232 1006.15324  14.7%   6.5 3986s
 858970 453042 1145.39163   63   21 1178.88232 1006.22024  14.6%   6.5 3995s
 860312 453669 1171.39546   69    6 1178.88232 1006.28376  14.6%   6.5 4005s
 861544 454509 1056.46558   54   29 1178.88232 1006.33741  14.6%   6.5 4015s
 863068 455048 1159.34469   59   10 1178.88232 1006.39411  14.6%   6.5 4034s
 864135 455813     cutoff   85      1178.88232 1006.43816  14.6%   6.5 4045s
 865542 456408     cutoff   79      1178.88232 1006.49283  14.6%   6.5 4054s
 866837 457229 1107.00338   66   24 1178.88232 1006.53259  14.6%   6.5 4064s
 868371 457765     cutoff   70      1178.88232 1006.60057  14.6%   6.5 4074s
H869445 457835                    1178.8822820 1006.61969  14.6%   6.5 4090s
 869599 458325 1066.81543   59   19 1178.88228 1006.63150  14.6%   6.5 4100s
 870731 458957     cutoff   54      1178.88228 1006.69225  14.6%   6.5 4110s
 871962 459686     cutoff   76      1178.88228 1006.74758  14.6%   6.5 4121s
 873427 460363 1161.69578   64   29 1178.88228 1006.79289  14.6%   6.5 4131s
 874853 461143     cutoff   84      1178.88228 1006.85745  14.6%   6.5 4140s
 876314 461900     cutoff   54      1178.88228 1006.92469  14.6%   6.5 4150s
 877841 462649 1141.33336   61   12 1178.88228 1006.98362  14.6%   6.5 4159s
 879305 463222     cutoff   63      1178.88228 1007.04666  14.6%   6.5 4168s
 880425 463844     cutoff   74      1178.88228 1007.09513  14.6%   6.5 4177s
 881837 464552     cutoff   65      1178.88228 1007.15288  14.6%   6.5 4186s
 883208 465062     cutoff   49      1178.88228 1007.21014  14.6%   6.5 4194s
 884338 465568 1145.64066   61    8 1178.88228 1007.24674  14.6%   6.5 4204s
 885354 466276     cutoff   82      1178.88228 1007.29964  14.6%   6.5 4214s
 886782 466900     cutoff   67      1178.88228 1007.34600  14.6%   6.5 4224s
 888237 467437 1147.42536   62    - 1178.88228 1007.41136  14.5%   6.5 4235s
 889369 468124 1155.19915  107   17 1178.88228 1007.44161  14.5%   6.5 4244s
 890459 468147     cutoff   77      1178.88228 1007.46052  14.5%   6.5 4245s
 890674 468634     cutoff  107      1178.88228 1007.49560  14.5%   6.5 4254s
 891980 469286 infeasible   59      1178.88228 1007.54342  14.5%   6.5 4264s
 893336 469965     cutoff   64      1178.88228 1007.59273  14.5%   6.5 4274s
 894817 470438 infeasible   54      1178.88228 1007.65157  14.5%   6.5 4283s
 895843 471009 1137.57673   62   16 1178.88228 1007.68853  14.5%   6.5 4293s
 896936 471663     cutoff   71      1178.88228 1007.73976  14.5%   6.5 4303s
 898265 472023 1165.32360   67    4 1178.88228 1007.78751  14.5%   6.5 4315s
 899335 472888     cutoff   56      1178.88228 1007.81081  14.5%   6.5 4324s
 900922 473372 1168.51880   68    4 1178.88228 1007.87301  14.5%   6.5 4334s
 902219 473891     cutoff   69      1178.88228 1007.93329  14.5%   6.5 4346s
 903491 474441 1094.59411   56   32 1178.88228 1007.97954  14.5%   6.5 4356s
 904753 475007     cutoff   75      1178.88228 1008.02385  14.5%   6.5 4366s
 905890 475583     cutoff   61      1178.88228 1008.06601  14.5%   6.5 4376s
 907081 476261 1077.64840   59   18 1178.88228 1008.10253  14.5%   6.5 4387s
 908488 476969     cutoff   67      1178.88228 1008.16739  14.5%   6.5 4397s
 909918 477661     cutoff   70      1178.88228 1008.21942  14.5%   6.5 4406s
 911428 478118     cutoff   60      1178.88228 1008.27910  14.5%   6.5 4417s
 912483 478649 1071.85043   64   22 1178.88228 1008.31409  14.5%   6.5 4427s
 913706 479097 1089.19315   74   27 1178.88228 1008.36512  14.5%   6.5 4436s
 914801 479845 1052.01737   55   24 1178.88228 1008.40607  14.5%   6.5 4447s
 916217 480448     cutoff   55      1178.88228 1008.47041  14.5%   6.5 4457s
 917323 481038 1060.08921   49   32 1178.88228 1008.51954  14.5%   6.5 4468s
 918713 481836     cutoff   69      1178.88228 1008.58109  14.4%   6.5 4477s
 920288 482444 1055.93309   74   29 1178.88228 1008.64862  14.4%   6.5 4487s
 921654 483087 1147.32516   53   11 1178.88228 1008.69223  14.4%   6.5 4498s
 922932 483541     cutoff   52      1178.88228 1008.73061  14.4%   6.5 4507s
 924126 484109 1165.29788   75   15 1178.88228 1008.75827  14.4%   6.5 4517s
 925461 484719 1034.65475   82   24 1178.88228 1008.80646  14.4%   6.5 4527s
 926858 485411     cutoff   76      1178.88228 1008.86128  14.4%   6.5 4537s
 928320 485918     cutoff   56      1178.88228 1008.92681  14.4%   6.5 4546s
 929457 486519 1113.83933   60   21 1178.88228 1008.97302  14.4%   6.5 4557s
 930718 487007     cutoff   75      1178.88228 1009.00797  14.4%   6.5 4567s
 931996 487680 1053.84254   50   17 1178.88228 1009.05184  14.4%   6.5 4578s
 933395 488405 1167.52075   63    9 1178.88228 1009.10480  14.4%   6.5 4587s
 934905 488963 1073.07433   56   22 1178.88228 1009.16097  14.4%   6.5 4596s
 936068 489551     cutoff   76      1178.88228 1009.20266  14.4%   6.5 4609s
 937440 490331 1172.57773   55   27 1178.88228 1009.24373  14.4%   6.5 4619s
 938849 490938 1160.53645   60   17 1178.88228 1009.30163  14.4%   6.5 4629s
 940113 491453     cutoff   78      1178.88228 1009.33560  14.4%   6.5 4640s
 941297 492027     cutoff   59      1178.88228 1009.38124  14.4%   6.5 4650s
 942530 492517 1162.26830   76   10 1178.88228 1009.43748  14.4%   6.5 4659s
 943686 492925 1164.65416   87   24 1178.88228 1009.47128  14.4%   6.5 4669s
 944895 493008 1161.63737   67   10 1178.88228 1009.51915  14.4%   6.5 4693s
 945090 493479 1144.36011   57   13 1178.88228 1009.52264  14.4%   6.5 4705s
 946115 494132     cutoff   71      1178.88228 1009.57975  14.4%   6.5 4718s
 947499 494930 infeasible   68      1178.88228 1009.62527  14.4%   6.5 4730s
 949093 495658 1085.14196   73   27 1178.88228 1009.70333  14.4%   6.5 4741s
 950645 496205     cutoff   66      1178.88228 1009.76169  14.3%   6.5 4752s
 951862 496898     cutoff   61      1178.88228 1009.80686  14.3%   6.5 4763s
 953223 497469 1108.82052   55   14 1178.88228 1009.85321  14.3%   6.5 4774s
 954371 498253 1125.66421   46    6 1178.88228 1009.90018  14.3%   6.5 4786s
 955877 498910     cutoff   68      1178.88228 1009.95736  14.3%   6.5 4797s
 957204 499621     cutoff   63      1178.88228 1010.01621  14.3%   6.5 4806s
 958617 500045 1105.07703   49   16 1178.88228 1010.06766  14.3%   6.5 4817s
 959668 500718     cutoff   53      1178.88228 1010.10229  14.3%   6.6 4828s
 961131 501311 infeasible   66      1178.88228 1010.14781  14.3%   6.6 4839s
 962231 502041 1128.60837   47    8 1178.88228 1010.19455  14.3%   6.6 4851s
 963768 502464 1145.36204   57   31 1178.88228 1010.25608  14.3%   6.6 4862s
 965014 502957 infeasible   61      1178.88228 1010.30419  14.3%   6.6 4876s
 966185 503447     cutoff   73      1178.88228 1010.34343  14.3%   6.6 4886s
 967229 504258     cutoff   70      1178.88228 1010.38762  14.3%   6.6 4896s
 968799 504891 1129.21261   51   17 1178.88228 1010.45638  14.3%   6.6 4908s
 970154 505347     cutoff   63      1178.88228 1010.49151  14.3%   6.6 4919s
 971187 506190 1148.46025   67   16 1178.88228 1010.52833  14.3%   6.6 4929s
 972808 506699     cutoff   69      1178.88228 1010.58282  14.3%   6.6 4940s
 973912 507262 1162.49314   63   28 1178.88228 1010.63300  14.3%   6.6 4951s
 975073 507980 1062.75620   67   25 1178.88228 1010.66809  14.3%   6.6 4964s
 976521 508609 infeasible   59      1178.88228 1010.70903  14.3%   6.6 4975s
 977873 509278 1167.17804   87   19 1178.88228 1010.76909  14.3%   6.6 4987s
 979296 510044 1050.40209   49   15 1178.88228 1010.83267  14.3%   6.6 4998s
 980793 510760     cutoff   72      1178.88228 1010.89060  14.3%   6.6 5009s
 982138 511375 1139.19516   58   21 1178.88228 1010.94556  14.2%   6.6 5019s
 983312 511959     cutoff   73      1178.88228 1010.99912  14.2%   6.6 5030s
 984671 512422     cutoff   72      1178.88228 1011.03250  14.2%   6.6 5041s
 985905 512907 1165.93790   54   20 1178.88228 1011.08026  14.2%   6.6 5056s
 986959 513485 1098.60558   61   37 1178.88228 1011.10847  14.2%   6.6 5071s
 988149 514270 1032.28282   54   15 1178.88228 1011.16010  14.2%   6.6 5084s
 989708 514904     cutoff   64      1178.88228 1011.21544  14.2%   6.6 5097s
 991092 515432 1162.61179   72   15 1178.88228 1011.26061  14.2%   6.6 5109s
 992195 515938     cutoff   75      1178.88228 1011.29480  14.2%   6.6 5121s
 993502 516663 1173.71926   56   15 1178.88228 1011.34851  14.2%   6.6 5134s
 994931 517207 1120.80528   53   17 1178.88228 1011.40404  14.2%   6.6 5148s
 996147 517768 1166.25212   63   27 1178.88228 1011.43479  14.2%   6.6 5161s
 997300 518440     cutoff   73      1178.88228 1011.45585  14.2%   6.6 5171s
 998768 519134 1109.94540   68   25 1178.88228 1011.53465  14.2%   6.6 5184s
 1000250 519956     cutoff   69      1178.88228 1011.60022  14.2%   6.6 5197s
 1001816 520534 1096.87821   73   24 1178.88228 1011.65812  14.2%   6.6 5208s
 1002949 521021     cutoff   91      1178.88228 1011.69548  14.2%   6.6 5221s
 1003963 521565 1116.10089   60   24 1178.88228 1011.72918  14.2%   6.6 5234s
 1005226 522051     cutoff   65      1178.88228 1011.78255  14.2%   6.6 5248s
 1006518 522645 infeasible   69      1178.88228 1011.82265  14.2%   6.6 5262s
 1007949 523278 1173.98929   65   25 1178.88228 1011.87776  14.2%   6.6 5275s
 1009371 523826     cutoff   71      1178.88228 1011.91440  14.2%   6.6 5289s
 1010490 524459 1157.38911   60    6 1178.88228 1011.95383  14.2%   6.6 5302s
 1011883 524922 infeasible   75      1178.88228 1011.98559  14.2%   6.6 5322s
 1013092 525698     cutoff   90      1178.88228 1012.03264  14.2%   6.6 5334s
 1014456 525722     cutoff   59      1178.88228 1012.06105  14.2%   6.6 5335s
 1014588 526370     cutoff   63      1178.88228 1012.06517  14.2%   6.6 5346s
 1016014 526811     cutoff   52      1178.88228 1012.12109  14.1%   6.6 5356s
 1017095 527398     cutoff   64      1178.88228 1012.14167  14.1%   6.6 5367s
 1018560 527981 1095.63799   58   19 1178.88228 1012.20770  14.1%   6.6 5378s
 1019967 528681 1169.48225   58   12 1178.88228 1012.25519  14.1%   6.6 5390s
 1021322 529249 1063.72988   58   13 1178.88228 1012.30562  14.1%   6.6 5403s
 1022508 529907     cutoff   71      1178.88228 1012.34456  14.1%   6.6 5416s
 1023890 530410     cutoff   73      1178.88228 1012.39072  14.1%   6.6 5428s
 1024951 531122 1167.32436   65   20 1178.88228 1012.42574  14.1%   6.6 5443s
 1026347 531755     cutoff   66      1178.88228 1012.48705  14.1%   6.6 5458s
 1027679 532456 1025.66442   62   22 1178.88228 1012.52243  14.1%   6.6 5473s
 1029151 533037 1151.60697   74   30 1178.88228 1012.56959  14.1%   6.6 5487s
 1030502 533538 1166.70860   70   19 1178.88228 1012.58608  14.1%   6.6 5502s
 1031645 534012 infeasible   59      1178.88228 1012.64504  14.1%   6.6 5514s
 1032786 534682     cutoff   60      1178.88228 1012.70074  14.1%   6.6 5530s
 1034120 535360 1147.35310   74    - 1178.88228 1012.75047  14.1%   6.6 5541s
 1035677 535792     cutoff   78      1178.88228 1012.79336  14.1%   6.6 5553s
 1036659 536429 1048.98884   53   17 1178.88228 1012.81175  14.1%   6.6 5565s
 1038096 537093 infeasible   68      1178.88228 1012.84602  14.1%   6.6 5577s
 1039480 537646     cutoff   64      1178.88228 1012.92005  14.1%   6.6 5589s
 1040713 538239 1052.05588   48   18 1178.88228 1012.96132  14.1%   6.6 5599s
 1041934 538811     cutoff   67      1178.88228 1013.00050  14.1%   6.6 5611s
 1043240 539512     cutoff   90      1178.88228 1013.04987  14.1%   6.6 5622s
 1044735 540017 1177.41768   61   14 1178.88228 1013.10403  14.1%   6.6 5634s
 1045978 540646 1122.15846   67   13 1178.88228 1013.15896  14.1%   6.6 5646s
 1047234 541480     cutoff   74      1178.88228 1013.19266  14.1%   6.6 5659s
 1048837 542066     cutoff   77      1178.88228 1013.24594  14.1%   6.6 5673s
H1049532 542071                    1178.8821309 1013.25123  14.0%   6.6 5673s
 1049941 542359 1158.14314   52   32 1178.88213 1013.27079  14.0%   6.6 5694s
 1050536 542977 1178.31555   53   20 1178.88213 1013.30241  14.0%   6.6 5705s
 1051775 543656     cutoff   72      1178.88213 1013.35478  14.0%   6.6 5716s
 1053311 544449     cutoff   67      1178.88213 1013.40553  14.0%   6.6 5727s
 1054891 545178 infeasible   65      1178.88213 1013.47297  14.0%   6.6 5741s
 1056365 545892     cutoff   68      1178.88213 1013.50685  14.0%   6.6 5755s
 1057775 546346 1154.95707   60   10 1178.88213 1013.52718  14.0%   6.6 5769s
 1058870 546932     cutoff   62      1178.88213 1013.57257  14.0%   6.6 5781s
 1060150 547547 infeasible   51      1178.88213 1013.62296  14.0%   6.6 5793s
 1061527 548185     cutoff   70      1178.88213 1013.66460  14.0%   6.6 5806s
 1062840 548892     cutoff   76      1178.88213 1013.70649  14.0%   6.6 5820s
 1064337 549408     cutoff   68      1178.88213 1013.76113  14.0%   6.6 5832s
 1065481 550005 1169.90425   66   22 1178.88213 1013.78244  14.0%   6.6 5843s
 1066925 550582     cutoff   54      1178.88213 1013.83890  14.0%   6.6 5854s
 1068321 551054     cutoff   64      1178.88213 1013.89109  14.0%   6.6 5865s
 1069470 551686 1136.93807   83   21 1178.88213 1013.92043  14.0%   6.6 5876s
 1070767 552389     cutoff   67      1178.88213 1013.96719  14.0%   6.6 5889s
 1072160 552931 1153.68315   78    8 1178.88213 1014.00091  14.0%   6.6 5900s
 1073557 553473     cutoff   75      1178.88213 1014.05806  14.0%   6.6 5911s
 1074869 554157     cutoff   55      1178.88213 1014.08853  14.0%   6.6 5924s
 1076232 554714 1140.20464   56   11 1178.88213 1014.13038  14.0%   6.6 5935s
 1077634 555229     cutoff   71      1178.88213 1014.16839  14.0%   6.6 5948s
 1078806 556019     cutoff   62      1178.88213 1014.20194  14.0%   6.6 5963s
 1080371 556703     cutoff   74      1178.88213 1014.24004  14.0%   6.6 5977s
 1081785 557239 1109.17411   70   21 1178.88213 1014.28967  14.0%   6.6 5993s
 1082913 557837     cutoff   77      1178.88213 1014.31509  14.0%   6.6 6007s
 1084333 558596 1060.56100   61   12 1178.88213 1014.37076  14.0%   6.6 6022s
 1085790 559321 1052.73810   51   29 1178.88213 1014.40579  14.0%   6.6 6034s
 1087217 559960     cutoff   78      1178.88213 1014.45912  13.9%   6.6 6046s
 1088478 560493     cutoff   63      1178.88213 1014.49418  13.9%   6.6 6060s
 1089786 560629 infeasible   72      1178.88213 1014.54118  13.9%   6.6 6082s
 1090089 561256 1127.63550   62   17 1178.88213 1014.55880  13.9%   6.6 6096s
 1091386 561996 infeasible   57      1178.88213 1014.60161  13.9%   6.6 6110s
 1092974 562650     cutoff   71      1178.88213 1014.64112  13.9%   6.6 6122s
 1094288 563286     cutoff   66      1178.88213 1014.68019  13.9%   6.6 6135s
 1095708 563707     cutoff   61      1178.88213 1014.73426  13.9%   6.6 6148s
 1096818 564390     cutoff   67      1178.88213 1014.76497  13.9%   6.6 6160s
 1098318 564945 1151.67641   60   11 1178.88213 1014.81006  13.9%   6.6 6174s
 1099653 565425     cutoff   63      1178.88213 1014.85829  13.9%   6.6 6188s
 1100774 566006 1134.94079   56   15 1178.88213 1014.88255  13.9%   6.6 6202s
 1102040 566634 1043.51174   60   13 1178.88213 1014.93013  13.9%   6.6 6215s
 1103525 567106 infeasible   69      1178.88213 1014.98644  13.9%   6.6 6230s
 1104762 567858     cutoff   74      1178.88213 1015.03130  13.9%   6.6 6242s
 1106316 568576     cutoff   68      1178.88213 1015.08617  13.9%   6.6 6255s
 1107792 569323     cutoff   69      1178.88213 1015.12573  13.9%   6.6 6268s
 1109375 569364     cutoff   80      1178.88213 1015.17549  13.9%   6.6 6289s
 1109473 569919 1022.21795   52   21 1178.88213 1015.18270  13.9%   6.6 6303s
 1110714 570454 1145.99545   45   10 1178.88213 1015.20360  13.9%   6.6 6317s
 1111934 571045 1148.54545   62   16 1178.88213 1015.24026  13.9%   6.6 6331s
 1113290 571584     cutoff   58      1178.88213 1015.28403  13.9%   6.6 6346s
 1114707 572027     cutoff   60      1178.88213 1015.32328  13.9%   6.7 6360s
 1115898 572840 1143.75770   63   29 1178.88213 1015.35710  13.9%   6.7 6373s
 1117559 573301 1171.68288   74   17 1178.88213 1015.41325  13.9%   6.7 6387s
 1118723 573787 infeasible   63      1178.88213 1015.43682  13.9%   6.7 6399s
 1119973 574354     cutoff   53      1178.88213 1015.48165  13.9%   6.7 6412s
 1121252 574984     cutoff   71      1178.88213 1015.52334  13.9%   6.7 6425s
H1121468 574985                    1178.8813995 1015.52474  13.9%   6.7 6425s
 1122675 575622 infeasible   71      1178.88140 1015.56189  13.9%   6.7 6438s
 1123958 576157 1080.48113   48   24 1178.88140 1015.59716  13.9%   6.7 6450s
 1125301 576693 1133.94815   44   15 1178.88140 1015.63344  13.8%   6.7 6463s
 1126668 577387     cutoff   57      1178.88140 1015.67968  13.8%   6.7 6476s
 1128161 577859 1148.03884   55   11 1178.88140 1015.73091  13.8%   6.7 6490s
 1129320 578476 1125.83048   50   27 1178.88140 1015.77698  13.8%   6.7 6502s
 1130798 579092 1178.46743   68   10 1178.88140 1015.83044  13.8%   6.7 6514s
 1130994 579095     cutoff   66      1178.88140 1015.83267  13.8%   6.7 6515s
 1132097 579722     cutoff   62      1178.88140 1015.87311  13.8%   6.7 6527s
 1133596 580447 1159.46953   74   13 1178.88140 1015.90678  13.8%   6.7 6540s
 1135116 581045 infeasible   73      1178.88140 1015.95129  13.8%   6.7 6553s
 1136494 581590 1103.27405   51   25 1178.88140 1015.98167  13.8%   6.7 6566s
 1137701 582228     cutoff   64      1178.88140 1016.03755  13.8%   6.7 6580s
 1139115 582916     cutoff   69      1178.88140 1016.06821  13.8%   6.7 6592s
 1140686 583700     cutoff   63      1178.88140 1016.10379  13.8%   6.7 6606s
 1142162 584227     cutoff   67      1178.88140 1016.14354  13.8%   6.7 6618s
 1143511 584815 1140.44559   61   17 1178.88140 1016.18036  13.8%   6.7 6631s
 1144706 585604     cutoff   67      1178.88140 1016.20797  13.8%   6.7 6643s
 1146265 586019     cutoff   62      1178.88140 1016.26351  13.8%   6.7 6655s
 1147455 586587     cutoff   64      1178.88140 1016.30541  13.8%   6.7 6670s
 1148734 587121     cutoff   67      1178.88140 1016.35242  13.8%   6.7 6684s
 1149948 587639 1113.79395   69   22 1178.88140 1016.38524  13.8%   6.7 6697s
 1151148 588157     cutoff   70      1178.88140 1016.42206  13.8%   6.7 6711s
 1152330 588940 1063.47495   61   18 1178.88140 1016.44515  13.8%   6.7 6725s
 1153906 589529     cutoff   67      1178.88140 1016.49183  13.8%   6.7 6738s
 1155102 590037     cutoff   59      1178.88140 1016.54419  13.8%   6.7 6753s
 1156309 590611     cutoff   55      1178.88140 1016.57641  13.8%   6.7 6764s
 1157676 591244     cutoff   96      1178.88140 1016.62593  13.8%   6.7 6778s
 1159133 591806 1119.49727   54   17 1178.88140 1016.67869  13.8%   6.7 6790s
 1160427 592356     cutoff   62      1178.88140 1016.71819  13.8%   6.7 6805s
 1161715 592831 infeasible   65      1178.88140 1016.75673  13.8%   6.7 6817s
 1162839 593539     cutoff   76      1178.88140 1016.79711  13.7%   6.7 6829s
 1164258 594086 1139.27261   69   19 1178.88140 1016.85031  13.7%   6.7 6841s
 1165661 594629     cutoff   68      1178.88140 1016.88228  13.7%   6.7 6854s
 1167200 595458     cutoff   52      1178.88140 1016.92741  13.7%   6.7 6866s
 1168738 595890     cutoff   62      1178.88140 1016.98361  13.7%   6.7 6877s
 1169867 596595     cutoff   62      1178.88140 1017.00449  13.7%   6.7 6890s
 1171349 597194 1091.95484   74   20 1178.88140 1017.04057  13.7%   6.7 6903s
 1172835 597726 1076.32227   55   27 1178.88140 1017.09700  13.7%   6.7 6914s
 1174025 598283 1153.25277   69   16 1178.88140 1017.13061  13.7%   6.7 6928s
 1175407 598823 1139.51452   72   19 1178.88140 1017.17380  13.7%   6.7 6941s
 1176701 599369     cutoff   55      1178.88140 1017.20215  13.7%   6.7 6953s
 1177943 599909 1171.76911   59   19 1178.88140 1017.24139  13.7%   6.7 6965s
 1179298 600549     cutoff   67      1178.88140 1017.28442  13.7%   6.7 6978s
 1180595 601169     cutoff   67      1178.88140 1017.32775  13.7%   6.7 6990s
 1181945 601601 1109.34508   75   27 1178.88140 1017.36579  13.7%   6.7 7007s
 1183052 602211 1176.19759   86   22 1178.88140 1017.38711  13.7%   6.7 7021s
 1184341 602804 1164.89083   68   17 1178.88140 1017.43353  13.7%   6.7 7038s
 1185755 603444 1104.24370   52   12 1178.88140 1017.46805  13.7%   6.7 7054s
 1187248 604117 1157.09449   67   10 1178.88140 1017.51027  13.7%   6.7 7069s
 1188713 604763 1059.03598   59   11 1178.88140 1017.56426  13.7%   6.7 7083s
 1190035 605371     cutoff   53      1178.88140 1017.59406  13.7%   6.7 7097s
 1191573 605900 1142.46647   56   11 1178.88140 1017.62804  13.7%   6.7 7110s
 1192889 606506     cutoff   60      1178.88140 1017.66888  13.7%   6.7 7124s
 1194201 607117     cutoff   76      1178.88140 1017.70490  13.7%   6.7 7138s
 1195697 607556 1137.95992   61   28 1178.88140 1017.73057  13.7%   6.7 7153s
 1196836 608072 infeasible   85      1178.88140 1017.78332  13.7%   6.7 7167s
 1198233 608613 1117.03923   59   27 1178.88140 1017.82769  13.7%   6.7 7180s
 1199527 609256 1163.66921   64   23 1178.88140 1017.85540  13.7%   6.7 7195s
 1200977 609499     cutoff   68      1178.88140 1017.89660  13.7%   6.7 7200s

Cutting planes:
  Gomory: 7
  Zero half: 7
  RLT: 4
  Lazy constraints: 18068

Explored 1201552 nodes (8058693 simplex iterations) in 7200.25 seconds
Thread count was 12 (of 12 available processors)

Solution count 3: 1178.88 1185.91 1508.41 

Time limit reached
Best objective 1.178881399466e+03, best bound 1.017908792413e+03, gap 13.6547%

User-callback calls 3457697, time in user-callback 18.95 sec
/projects/academic/josewalt/caigao/RRARP_BD/BendersDecomp/ret/model_outs/n_18_h_7_algo_4.out
 =====>>>>> Solution is written to file in <../ret/model_outs> !!!
===>> All Done!
