NPROCS=0
This instance is clustered!
Gurobi Optimizer version 9.0.0 build v9.0.0rc2 (linux64)
Optimize a model with 46 rows, 530 columns and 1058 nonzeros
Model fingerprint: 0x8b17c4d7
Variable types: 1 continuous, 529 integer (529 binary)
Coefficient statistics:
  Matrix range     [1e+00, 1e+00]
  Objective range  [1e+00, 5e+02]
  Bounds range     [1e+00, 1e+00]
  RHS range        [1e+00, 1e+00]
Presolve removed 2 rows and 66 columns
Presolve time: 0.01s
Presolved: 44 rows, 464 columns, 926 nonzeros
Variable types: 1 continuous, 463 integer (463 binary)

Root relaxation: objective 1.010462e+03, 33 iterations, 0.00 seconds

    Nodes    |    Current Node    |     Objective Bounds      |     Work
 Expl Unexpl |  Obj  Depth IntInf | Incumbent    BestBd   Gap | It/Node Time

     0     0 1335.65191    0   22          - 1335.65191      -     -    0s
 done with super cut 0
     0     0 1554.92692    0   47          - 1554.92692      -     -    0s
 done with super cut 1
 done with super cut 2
 done with super cut 3
 done with super cut 4
 done with super cut 5
 done with super cut 6
H    0     0                    2088.6032879 1554.92692  25.6%     -   10s
 done with super cut 7
 done with super cut 8
H    0     0                    2081.2999165 1564.55623  24.8%     -   18s
     0     2 1578.90651    0   43 2081.29992 1578.90651  24.1%     -   18s
 done with super cut 9
 done with super cut 10
    29    29 1654.96620    5   32 2081.29992 1611.69730  22.6%   8.6   27s
*  160   150              12    2040.5021898 1617.55987  20.7%   7.4   27s
*  246   204              12    1914.9806183 1617.55987  15.5%   7.7   27s
*  386   304              19    1902.4355859 1618.37809  14.9%   7.3   27s
*  401   307              22    1783.3041723 1618.37809  9.25%   7.2   27s
*  403   307              22    1768.1998177 1618.37809  8.47%   7.2   27s
*  404   307              22    1767.6454748 1618.37809  8.44%   7.2   27s
* 1817   731              14    1754.7156945 1677.04242  4.43%   7.7   28s
* 1990   664              16    1750.8580810 1677.81347  4.17%   7.8   28s
H 1994   664                    1748.5882682 1677.81347  4.05%   7.8   28s
* 2041   647               9    1712.2196923 1679.09696  1.93%   7.8   28s

Cutting planes:
  Lazy constraints: 218

Explored 2953 nodes (24228 simplex iterations) in 28.35 seconds
Thread count was 12 (of 12 available processors)

Solution count 10: 1712.22 1748.59 1750.86 ... 2040.5

Optimal solution found (tolerance 1.00e-04)
Best objective 1.712219692328e+03, best bound 1.712219692328e+03, gap 0.0000%

User-callback calls 6552, time in user-callback 27.79 sec
/projects/academic/josewalt/caigao/RRARP_BD/BendersDecomp/ret/model_outs/n_21_e_2_algo_4.out
 =====>>>>> Solution is written to file in <../ret/model_outs> !!!
===>> All Done!
