NPROCS=0
This instance is clustered!
Gurobi Optimizer version 9.0.0 build v9.0.0rc2 (linux64)
Optimize a model with 44 rows, 485 columns and 968 nonzeros
Model fingerprint: 0x5f8c6b17
Variable types: 1 continuous, 484 integer (484 binary)
Coefficient statistics:
  Matrix range     [1e+00, 1e+00]
  Objective range  [1e+00, 4e+02]
  Bounds range     [1e+00, 1e+00]
  RHS range        [1e+00, 1e+00]
Presolve removed 2 rows and 63 columns
Presolve time: 0.01s
Presolved: 42 rows, 422 columns, 842 nonzeros
Variable types: 1 continuous, 421 integer (421 binary)

Root relaxation: objective 6.319559e+02, 32 iterations, 0.00 seconds

    Nodes    |    Current Node    |     Objective Bounds      |     Work
 Expl Unexpl |  Obj  Depth IntInf | Incumbent    BestBd   Gap | It/Node Time

     0     0  644.56635    0   14          -  644.56635      -     -    0s
H    0     0                    1927.1456167  644.56635  66.6%     -    0s
     0     0  951.91234    0   16 1927.14562  951.91234  50.6%     -    0s
     0     2  951.91234    0   16 1927.14562  951.91234  50.6%     -    0s
H 2495  1788                    1864.7235512 1065.00861  42.9%   6.7    1s
H 2495  1699                    1523.5669012 1065.00861  30.1%   6.7    1s
H 2496  1614                    1459.6714732 1065.00861  27.0%   6.7    1s
H 2498  1535                    1435.9244344 1065.00861  25.8%   6.7    1s
H 2499  1458                    1417.4962092 1065.00861  24.9%   6.7    1s
H 2507  1391                    1387.9464829 1065.00861  23.3%   6.6    3s
H 2507  1321                    1367.3691337 1065.00861  22.1%   6.6    3s
  5458  2342 1346.29047   71   21 1367.36913 1105.72554  19.1%   7.6    5s
 20724 11337     cutoff   65      1367.36913 1170.11708  14.4%   8.1   10s
 32764 18019     cutoff   82      1367.36913 1185.78769  13.3%   8.6   15s
 40372 21762     cutoff   51      1367.36913 1193.29542  12.7%   8.8   20s
 49205 25874 1247.82090   34   28 1367.36913 1200.40032  12.2%   9.1   25s
 56090 28925     cutoff   45      1367.36913 1204.65830  11.9%   9.3   30s
 63367 32017 1313.09679   64    6 1367.36913 1209.12464  11.6%   9.5   35s
 68288 34034     cutoff   66      1367.36913 1211.66387  11.4%   9.7   40s
 73693 35837     cutoff   44      1367.36913 1214.67801  11.2%   9.8   46s
 77681 37869     cutoff   48      1367.36913 1216.78073  11.0%   9.9   51s
 82200 39327 infeasible   52      1367.36913 1218.88158  10.9%  10.0   55s
 87598 41156 1298.76442   35   31 1367.36913 1221.44731  10.7%  10.1   60s
 92914 42818 1284.83808   32   29 1367.36913 1224.24808  10.5%  10.2   65s
 98558 44553     cutoff   66      1367.36913 1227.02177  10.3%  10.4   71s
 103021 45572 infeasible   55      1367.36913 1229.04465  10.1%  10.5   77s
 105232 46531     cutoff   37      1367.36913 1230.09803  10.0%  10.5   80s
 109606 47695 1349.12073   28   18 1367.36913 1232.05926  9.90%  10.6   86s
 112703 48456 infeasible   37      1367.36913 1233.29996  9.80%  10.7   90s
H113225 48461                    1367.3690270 1233.37346  9.80%  10.7   90s
 113759 48702 1362.94268   57   28 1367.36903 1233.71608  9.77%  10.7   95s
 118548 50067     cutoff   50      1367.36903 1235.70297  9.63%  10.8  101s
 122095 50981     cutoff   44      1367.36903 1237.21646  9.52%  10.8  105s
 125540 51849     cutoff   31      1367.36903 1238.62653  9.42%  10.9  110s
 128927 52748 1330.90777   61   33 1367.36903 1239.84034  9.33%  11.0  115s
 133741 54108 1284.04028   30   38 1367.36903 1241.89066  9.18%  11.1  121s
 137333 54979     cutoff   47      1367.36903 1243.07273  9.09%  11.1  126s
 140608 55683 1306.16814   46   30 1367.36903 1244.19750  9.01%  11.2  131s
 144108 56422     cutoff   37      1367.36903 1245.53688  8.91%  11.2  135s
 147518 57191     cutoff   41      1367.36903 1246.86208  8.81%  11.3  140s
 150951 58049     cutoff   52      1367.36903 1248.06489  8.73%  11.3  145s
 154524 58764     cutoff   48      1367.36903 1249.28598  8.64%  11.4  150s
 157819 59461 1263.53791   23   40 1367.36903 1250.58235  8.54%  11.4  156s
 161281 60101 1345.96009   68    6 1367.36903 1251.83533  8.45%  11.5  161s
 164500 60715 1318.98361   39   41 1367.36903 1252.96637  8.37%  11.5  167s
 166809 61115 1361.95436   42   25 1367.36903 1253.64715  8.32%  11.5  170s
 170139 61758 1338.78748   44   24 1367.36903 1254.75767  8.24%  11.6  176s
 172498 62115     cutoff   48      1367.36903 1255.56076  8.18%  11.6  180s
H174916 62448                    1367.3690056 1256.26870  8.13%  11.7  183s
 175804 62445 1346.86911   38   27 1367.36901 1256.38652  8.12%  11.7  187s
 177169 62844 1292.20579   41   31 1367.36901 1257.05372  8.07%  11.7  191s
 179575 63219 1366.23980   51   24 1367.36901 1257.79250  8.01%  11.7  195s
 183170 63778     cutoff   55      1367.36901 1258.96644  7.93%  11.8  201s
 185496 64253 1315.34930   34   19 1367.36901 1259.77222  7.87%  11.8  205s
 189023 64636     cutoff   45      1367.36901 1260.83529  7.79%  11.8  210s
 191381 64954     cutoff   52      1367.36901 1261.62345  7.73%  11.9  215s
 194810 65424 1343.19140   36   27 1367.36901 1262.69698  7.65%  11.9  221s
 197217 65705 1352.66071   61   40 1367.36901 1263.45290  7.60%  11.9  225s
 199516 65943     cutoff   52      1367.36901 1264.24921  7.54%  12.0  230s
 201842 66202     cutoff   41      1367.36901 1264.94978  7.49%  12.0  235s
 204250 66566 1293.42142   37   39 1367.36901 1265.70920  7.43%  12.0  241s
 206632 66763     cutoff   46      1367.36901 1266.39849  7.38%  12.1  246s
 208995 67025     cutoff   46      1367.36901 1267.07802  7.33%  12.1  251s
 211387 67302     cutoff   45      1367.36901 1267.83632  7.28%  12.1  257s
 213818 67520 1324.56186   31   18 1367.36901 1268.44910  7.23%  12.1  262s
 215028 67638 1367.13910   76    6 1367.36901 1268.79307  7.21%  12.2  265s
 217385 67918 1331.19868   32   30 1367.36901 1269.43056  7.16%  12.2  270s
 219772 68219 infeasible   53      1367.36901 1270.04183  7.12%  12.2  275s
 223386 68661 1366.68100   40   15 1367.36901 1270.94156  7.05%  12.2  283s
 224601 68757 1311.41728   37   27 1367.36901 1271.25027  7.03%  12.2  285s
 226900 68959     cutoff   57      1367.36901 1271.90675  6.98%  12.3  290s
 229282 69105     cutoff   41      1367.36901 1272.61802  6.93%  12.3  295s
 231464 69281 1311.04991   37   20 1367.36901 1273.18087  6.89%  12.3  300s
 233885 69418     cutoff   56      1367.36901 1273.96033  6.83%  12.3  306s
 236303 69564     cutoff   62      1367.36901 1274.62142  6.78%  12.4  311s
 238586 69795 1290.67834   37   23 1367.36901 1275.17888  6.74%  12.4  316s
 240960 69858 1309.68701   39   18 1367.36901 1275.85815  6.69%  12.4  322s
 243339 69950     cutoff   61      1367.36901 1276.55554  6.64%  12.4  327s
 245572 70071 1363.23266   36   26 1367.36901 1277.18214  6.60%  12.5  331s
 248035 70264     cutoff   51      1367.36901 1277.80831  6.55%  12.5  336s
 250506 70440 1365.97495   42   26 1367.36901 1278.45348  6.50%  12.5  340s
 252825 70615 1293.97407   33   31 1367.36901 1279.03540  6.46%  12.5  346s
 255296 70728     cutoff   56      1367.36901 1279.73761  6.41%  12.6  352s
 256501 70773 1340.04899   53   20 1367.36901 1280.02631  6.39%  12.6  355s
 258772 70920     cutoff   41      1367.36901 1280.56195  6.35%  12.6  360s
 261175 70865     cutoff   46      1367.36901 1281.24304  6.30%  12.6  365s
 263569 70911 1355.04698   33   10 1367.36901 1281.95600  6.25%  12.6  371s
 264746 70911     cutoff   68      1367.36901 1282.24192  6.23%  12.7  376s
 266128 70954 1357.42079   44   20 1367.36901 1282.56113  6.20%  12.7  381s
 268653 70955 1320.63382   38   17 1367.36901 1283.17340  6.16%  12.7  386s
 271118 70923 1344.15108   38   24 1367.36901 1283.81329  6.11%  12.7  391s
 273551 70982 1353.00582   45   21 1367.36901 1284.50738  6.06%  12.7  396s
 276023 70888     cutoff   84      1367.36901 1285.16200  6.01%  12.8  401s
 278436 70818 1343.52507   43   29 1367.36901 1285.84302  5.96%  12.8  406s
 280880 70833     cutoff   45      1367.36901 1286.41118  5.92%  12.8  411s
 283375 70808     cutoff   45      1367.36901 1286.94970  5.88%  12.8  416s
 285782 70712     cutoff   42      1367.36901 1287.63826  5.83%  12.9  422s
 288203 70673 1354.90134   38   25 1367.36901 1288.27713  5.78%  12.9  427s
 289439 70605 1341.14468   61   30 1367.36901 1288.59280  5.76%  12.9  430s
H290630 70596                    1367.3689934 1288.93792  5.74%  12.9  435s
 292005 70555 1356.83843   50   26 1367.36899 1289.27127  5.71%  12.9  440s
 294455 70417 infeasible   45      1367.36899 1289.93069  5.66%  12.9  446s
 296842 70299 1337.74586   49   23 1367.36899 1290.50343  5.62%  13.0  451s
 299158 70190 1320.78243   46   38 1367.36899 1291.15920  5.57%  13.0  456s
 301616 70085     cutoff   52      1367.36899 1291.79331  5.53%  13.0  462s
 304055 69961 1328.08814   41   33 1367.36899 1292.36587  5.49%  13.0  467s
 305227 69875     cutoff   49      1367.36899 1292.65423  5.46%  13.0  470s
 307634 69621 1352.39764   53   25 1367.36899 1293.29470  5.42%  13.1  476s
 310125 69490     cutoff   52      1367.36899 1293.95087  5.37%  13.1  481s
 312449 69289 1329.84200   40   34 1367.36899 1294.49549  5.33%  13.1  487s
 313633 69174 1350.85943   47   25 1367.36899 1294.83305  5.30%  13.1  490s
 316151 68964 1356.40728   28    8 1367.36899 1295.50252  5.26%  13.1  497s
 317200 68842 1312.12172   34   20 1367.36899 1295.79865  5.23%  13.1  500s
 319723 68614 infeasible   42      1367.36899 1296.34031  5.19%  13.2  506s
 322233 68344     cutoff   28      1367.36899 1296.93497  5.15%  13.2  513s
 323409 68168     cutoff   44      1367.36899 1297.19956  5.13%  13.2  516s
 325868 67847 1357.55730   41   18 1367.36899 1297.95609  5.08%  13.2  522s
 327116 67689 1336.33647   41   30 1367.36899 1298.26588  5.05%  13.2  526s
 328327 67629     cutoff   56      1367.36899 1298.57987  5.03%  13.2  530s
 330705 67361 infeasible   50      1367.36899 1299.16601  4.99%  13.3  535s
 333212 67027     cutoff   36      1367.36899 1299.75181  4.95%  13.3  541s
 335596 66749 1311.93032   58   30 1367.36899 1300.46275  4.89%  13.3  547s
 336899 66579 1308.13171   34   16 1367.36899 1300.74073  4.87%  13.3  551s
 339353 66355 1333.17631   45   32 1367.36899 1301.28463  4.83%  13.3  559s
 339786 66160     cutoff   42      1367.36899 1301.33571  4.83%  13.3  562s
 341045 65978     cutoff   63      1367.36899 1301.79866  4.80%  13.3  565s
 343688 65622 1358.85455   55    - 1367.36899 1302.37094  4.75%  13.4  572s
 344910 65489     cutoff   55      1367.36899 1302.73835  4.73%  13.4  575s
 347500 65075 1363.70992   59   18 1367.36899 1303.31056  4.68%  13.4  581s
 348749 64876 1323.75682   34   23 1367.36899 1303.67076  4.66%  13.4  585s
 351319 64498 1351.17119   37   33 1367.36899 1304.34402  4.61%  13.4  591s
 353736 64121 infeasible   48      1367.36899 1304.89011  4.57%  13.4  597s
 354994 63966     cutoff   47      1367.36899 1305.14620  4.55%  13.5  600s
 357478 63566 infeasible   42      1367.36899 1305.73582  4.51%  13.5  606s
 358612 63318     cutoff   50      1367.36899 1306.10626  4.48%  13.5  610s
 361116 62869 1331.54260   31   23 1367.36899 1306.73976  4.43%  13.5  616s
 363610 62387     cutoff   66      1367.36899 1307.38338  4.39%  13.5  622s
 364865 62138     cutoff   41      1367.36899 1307.66389  4.37%  13.5  626s
 367312 61650 infeasible   43      1367.36899 1308.24296  4.32%  13.6  632s
 368595 61388 1343.48714   36   22 1367.36899 1308.53064  4.30%  13.6  635s
 370963 60893 1341.55746   41   27 1367.36899 1309.11846  4.26%  13.6  640s
 373454 60325     cutoff   46      1367.36899 1309.77067  4.21%  13.6  646s
 375958 59704 1350.83542   51   30 1367.36899 1310.43975  4.16%  13.7  653s
 377152 59417     cutoff   45      1367.36899 1310.58639  4.15%  13.7  656s
 379692 58819     cutoff   51      1367.36899 1311.42339  4.09%  13.7  662s
 380960 58505 1345.68312   58   15 1367.36899 1311.75872  4.07%  13.7  665s
 383323 57822     cutoff   76      1367.36899 1312.44712  4.02%  13.7  671s
 385782 57150 1356.86602   49   16 1367.36899 1313.13207  3.97%  13.7  677s
 387028 56898     cutoff   50      1367.36899 1313.42871  3.94%  13.8  680s
 389325 56253     cutoff   35      1367.36899 1314.08780  3.90%  13.8  687s
 390470 55921     cutoff   47      1367.36899 1314.34636  3.88%  13.8  690s
 393055 55215     cutoff   27      1367.36899 1315.05320  3.83%  13.8  696s
 395524 54609     cutoff   43      1367.36899 1315.75351  3.77%  13.8  702s
 396717 54201 1335.81729   34   20 1367.36899 1316.05539  3.75%  13.8  705s
 399250 53359     cutoff   38      1367.36899 1316.75270  3.70%  13.9  712s
 400439 52922 1359.20200   45   20 1367.36899 1317.15291  3.67%  13.9  715s
 401734 52875     cutoff   65      1367.36899 1317.51220  3.65%  13.9  721s
 403201 52042 1366.29662   42   11 1367.36899 1317.96643  3.61%  13.9  728s
 404558 51593     cutoff   33      1367.36899 1318.30617  3.59%  13.9  731s
 407131 50760 1365.89448   43   25 1367.36899 1319.03214  3.54%  13.9  737s
 408421 50291 1333.80256   42   11 1367.36899 1319.39713  3.51%  14.0  740s
 411002 49403 1352.46166   43   19 1367.36899 1320.11600  3.46%  14.0  746s
 413500 48566     cutoff   50      1367.36899 1320.87619  3.40%  14.0  752s
 414763 48141 infeasible   42      1367.36899 1321.26257  3.37%  14.0  755s
 417341 47178     cutoff   48      1367.36899 1321.99810  3.32%  14.0  762s
 418576 46813     cutoff   46      1367.36899 1322.37713  3.29%  14.0  765s
 420886 45829     cutoff   63      1367.36899 1323.07554  3.24%  14.1  772s
 422070 45320     cutoff   54      1367.36899 1323.44733  3.21%  14.1  775s
 424524 44322 1337.40910   35   36 1367.36899 1324.26716  3.15%  14.1  782s
 425862 43774     cutoff   40      1367.36899 1324.67723  3.12%  14.1  785s
 428304 42785 infeasible   31      1367.36899 1325.46032  3.06%  14.1  792s
 429603 42233 infeasible   55      1367.36899 1325.85584  3.04%  14.2  795s
 432189 41079     cutoff   60      1367.36899 1326.67164  2.98%  14.2  801s
 434607 40065     cutoff   56      1367.36899 1327.26795  2.93%  14.2  808s
 435841 39450 1346.85394   64   25 1367.36899 1327.79699  2.89%  14.2  811s
 438290 38265     cutoff   73      1367.36899 1328.71354  2.83%  14.2  817s
 439639 37691 infeasible   49      1367.36899 1329.12927  2.80%  14.2  820s
 442056 36459     cutoff   33      1367.36899 1330.02890  2.73%  14.3  826s
 443326 35901     cutoff   31      1367.36899 1330.47611  2.70%  14.3  830s
 445739 34566 1352.01331   51   21 1367.36899 1331.45364  2.63%  14.3  837s
 446910 33955     cutoff   52      1367.36899 1331.73733  2.61%  14.3  840s
 449410 32555     cutoff   34      1367.36899 1332.77987  2.53%  14.3  846s
 450606 31875     cutoff   58      1367.36899 1333.35026  2.49%  14.4  850s
 453022 30570     cutoff   30      1367.36899 1334.15909  2.43%  14.4  857s
 454271 29878 infeasible   36      1367.36899 1334.70542  2.39%  14.4  860s
 456794 28447 1340.06913   50   17 1367.36899 1335.73102  2.31%  14.4  867s
 458048 27729     cutoff   52      1367.36899 1336.31814  2.27%  14.4  870s
 460576 26189     cutoff   39      1367.36899 1337.37066  2.19%  14.5  876s
 461800 25434     cutoff   39      1367.36899 1338.01878  2.15%  14.5  880s
 464334 23888 infeasible   35      1367.36899 1339.16365  2.06%  14.5  887s
 465529 23091     cutoff   41      1367.36899 1339.76026  2.02%  14.5  890s
 467830 21512     cutoff   51      1367.36899 1340.94503  1.93%  14.5  896s
 470387 19841     cutoff   68      1367.36899 1342.16709  1.84%  14.5  902s
 471621 19067     cutoff   40      1367.36899 1342.84249  1.79%  14.6  905s
 474055 17413     cutoff   40      1367.36899 1344.13556  1.70%  14.6  911s
 475278 17301     cutoff   36      1367.36899 1344.90677  1.64%  14.6  921s
 476703 15425     cutoff   42      1367.36899 1345.88829  1.57%  14.6  927s
 477956 14411     cutoff   43      1367.36899 1346.72693  1.51%  14.6  930s
 480539 12540     cutoff   48      1367.36899 1348.31626  1.39%  14.6  936s
 483018 10461     cutoff   38      1367.36899 1350.48071  1.24%  14.7  942s
 484373  9417     cutoff   42      1367.36899 1351.53308  1.16%  14.7  945s
 486908  7258     cutoff   38      1367.36899 1354.03224  0.98%  14.7  951s
 489496  5148     cutoff   71      1367.36899 1356.95396  0.76%  14.7  956s
 491961  2605     cutoff   39      1367.36899 1360.30838  0.52%  14.7  962s
 494713     0     cutoff   45      1367.36899 1363.43170  0.29%  14.7  967s

Cutting planes:
  Gomory: 5
  Zero half: 2
  Lazy constraints: 4281

Explored 495988 nodes (7284090 simplex iterations) in 967.24 seconds
Thread count was 12 (of 12 available processors)

Solution count 8: 1367.37 1387.95 1417.5 ... 1927.15

Optimal solution found (tolerance 1.00e-04)
Best objective 1.367368993398e+03, best bound 1.367368993398e+03, gap 0.0000%

User-callback calls 1143195, time in user-callback 0.74 sec
/projects/academic/josewalt/caigao/RRARP_BD/BendersDecomp/ret/model_outs/n_20_h_10_algo_3.out
 =====>>>>> Solution is written to file in <../ret/model_outs> !!!
===>> All Done!
