NPROCS=0
This instance is clustered!
Gurobi Optimizer version 9.0.0 build v9.0.0rc2 (linux64)
Optimize a model with 48 rows, 577 columns and 1152 nonzeros
Model fingerprint: 0xf6a44297
Variable types: 1 continuous, 576 integer (576 binary)
Coefficient statistics:
  Matrix range     [1e+00, 1e+00]
  Objective range  [1e+00, 6e+02]
  Bounds range     [1e+00, 1e+00]
  RHS range        [1e+00, 1e+00]
Presolve removed 2 rows and 69 columns
Presolve time: 0.01s
Presolved: 46 rows, 508 columns, 1014 nonzeros
Variable types: 1 continuous, 507 integer (507 binary)

Root relaxation: objective 1.480993e+03, 46 iterations, 0.00 seconds

    Nodes    |    Current Node    |     Objective Bounds      |     Work
 Expl Unexpl |  Obj  Depth IntInf | Incumbent    BestBd   Gap | It/Node Time

     0     0 1525.57915    0   35          - 1525.57915      -     -    0s
     0     0 1564.32281    0   49          - 1564.32281      -     -    0s
H    0     0                    1773.9472598 1564.32281  11.8%     -    0s
     0     0 1566.65056    0   40 1773.94726 1566.65056  11.7%     -    0s
     0     0 1569.61522    0   12 1773.94726 1569.61522  11.5%     -    0s
     0     0 1569.88120    0   12 1773.94726 1569.88120  11.5%     -    0s
     0     0 1569.88120    0   12 1773.94726 1569.88120  11.5%     -    0s
     0     0 1579.09679    0   12 1773.94726 1579.09679  11.0%     -    0s
     0     0 1579.09679    0   12 1773.94726 1579.09679  11.0%     -    0s
     0     0 1579.09679    0   53 1773.94726 1579.09679  11.0%     -    0s
     0     0 1579.09679    0   50 1773.94726 1579.09679  11.0%     -    0s
     0     0 1579.09679    0   18 1773.94726 1579.09679  11.0%     -    0s
     0     0 1579.09679    0   51 1773.94726 1579.09679  11.0%     -    0s
     0     0 1579.09679    0   51 1773.94726 1579.09679  11.0%     -    0s
     0     0 1579.09679    0   51 1773.94726 1579.09679  11.0%     -    0s
     0     0 1579.09679    0   52 1773.94726 1579.09679  11.0%     -    0s
     0     0 1579.09679    0   51 1773.94726 1579.09679  11.0%     -    0s
     0     0 1579.09679    0   51 1773.94726 1579.09679  11.0%     -    0s
     0     2 1579.09679    0   51 1773.94726 1579.09679  11.0%     -    0s
  3652  2037 1630.02956   16   15 1773.94726 1630.02956  8.11%   4.3    5s
 14850  6378 infeasible   65      1773.94726 1654.10593  6.76%   4.1   10s
 23088 10581     cutoff   42      1773.94726 1666.09820  6.08%   4.1   15s
 29208 13259 1729.04902   45   12 1773.94726 1672.58663  5.71%   4.2   20s
 33517 14938     cutoff   39      1773.94726 1676.40768  5.50%   4.2   25s
 37270 16136     cutoff   45      1773.94726 1679.93474  5.30%   4.3   30s
 41287 17311 infeasible   53      1773.94726 1683.16081  5.12%   4.3   36s
 43587 17931 1766.06747   37   27 1773.94726 1684.87591  5.02%   4.4   40s
 46974 18892 1720.09851   39    6 1773.94726 1687.27850  4.89%   4.4   45s
 49449 19472     cutoff   39      1773.94726 1689.21072  4.78%   4.4   50s
 52859 20164     cutoff   49      1773.94726 1691.60717  4.64%   4.5   56s
 55353 20691     cutoff   45      1773.94726 1693.04390  4.56%   4.5   62s
 56869 21084 1730.75894   25   11 1773.94726 1694.26437  4.49%   4.5   65s
 59641 21710 1769.83115   48    - 1773.94726 1696.20182  4.38%   4.5   71s
 61418 21993     cutoff   56      1773.94726 1696.77590  4.35%   4.5   76s
 63213 22200 1759.92057   38    6 1773.94726 1698.41037  4.26%   4.5   80s
 65093 22530 1722.84126   41   49 1773.94726 1699.19928  4.21%   4.6   87s
 65100 22535 1752.52088   45   18 1773.94726 1699.19928  4.21%   4.6   91s
 65105 22543 1699.19928   25   12 1773.94726 1699.19928  4.21%   4.6   95s
 65181 22596 1699.19928   30   28 1773.94726 1699.19928  4.21%   4.6  100s
 65465 22670 1699.19928   41   24 1773.94726 1699.19928  4.21%   4.6  105s
 66025 22738 1699.19928   57   24 1773.94726 1699.19928  4.21%   4.6  110s
 66921 22917 1757.82156   42   14 1773.94726 1699.19928  4.21%   4.6  115s
 68113 23199     cutoff   50      1773.94726 1699.19928  4.21%   4.6  120s
 69695 23641 1699.19928   41   10 1773.94726 1699.19928  4.21%   4.6  125s
 71166 23942 1699.19928   72   33 1773.94726 1699.19928  4.21%   4.6  130s
 72126 24008     cutoff   58      1773.94726 1699.19928  4.21%   4.6  135s
 73826 24346 1722.48500   51   12 1773.94726 1699.19928  4.21%   4.6  141s
 75061 24535     cutoff   46      1773.94726 1699.19928  4.21%   4.6  145s
 77143 24930     cutoff   47      1773.94726 1699.19928  4.21%   4.6  151s
 78108 24825 1756.84741   53   11 1773.94726 1699.19928  4.21%   4.6  155s
 79294 25330 1710.26394   53   12 1773.94726 1699.19928  4.21%   4.6  161s
 81149 25420     cutoff   47      1773.94726 1699.19928  4.21%   4.5  166s
 82592 25502     cutoff   54      1773.94726 1699.19928  4.21%   4.5  170s
 84305 25828     cutoff   60      1773.94726 1699.19928  4.21%   4.5  177s
 85828 25965 1753.94078   46   10 1773.94726 1699.19928  4.21%   4.5  181s
 87569 26067     cutoff   53      1773.94726 1699.19928  4.21%   4.5  186s
 89297 26097     cutoff   54      1773.94726 1699.19928  4.21%   4.5  193s
 89959 26173 1745.52542   45   14 1773.94726 1699.19928  4.21%   4.5  197s
 90966 26238 1740.77939   47    6 1773.94726 1699.19928  4.21%   4.5  202s
 92080 26148     cutoff   51      1773.94726 1699.19928  4.21%   4.5  206s
 93070 26188     cutoff   54      1773.94726 1699.19928  4.21%   4.5  210s
 95042 26071     cutoff   56      1773.94726 1699.19928  4.21%   4.5  219s
 96053 25995 1738.06328   37    6 1773.94726 1699.19928  4.21%   4.5  223s
 96928 26105 1769.49144   38    6 1773.94726 1699.19928  4.21%   4.6  228s
 98191 26058     cutoff   48      1773.94726 1699.19928  4.21%   4.6  233s
 99511 25938 1773.52409   51   18 1773.94726 1699.19928  4.21%   4.6  238s
 100337 25924 1741.01541   55    9 1773.94726 1699.19928  4.21%   4.6  243s
 101556 25752     cutoff   57      1773.94726 1699.19928  4.21%   4.6  249s
 102799 25657     cutoff   53      1773.94726 1699.19928  4.21%   4.6  254s
 103876 25480 1757.95241   49    6 1773.94726 1699.19928  4.21%   4.6  258s
 104694 25506     cutoff   58      1773.94726 1699.19928  4.21%   4.6  263s
 105928 25445     cutoff   41      1773.94726 1699.19928  4.21%   4.6  267s
 107199 25328     cutoff   49      1773.94726 1699.19928  4.21%   4.6  271s
 108399 25082     cutoff   54      1773.94726 1699.19928  4.21%   4.6  275s
 109074 25076 1755.94998   58   12 1773.94726 1699.19928  4.21%   4.6  280s
 111219 24648     cutoff   48      1773.94726 1699.19928  4.21%   4.6  289s
 112192 24646     cutoff   67      1773.94726 1699.19928  4.21%   4.6  294s
 113429 24343     cutoff   45      1773.94726 1699.38669  4.20%   4.6  298s
 114282 24253 infeasible   54      1773.94726 1700.20043  4.16%   4.6  303s
 115340 24093 infeasible   65      1773.94726 1700.93045  4.12%   4.6  307s
 116147 24066     cutoff   44      1773.94726 1701.39361  4.09%   4.6  311s
 117423 23866 1768.87262   53    - 1773.94726 1702.38820  4.03%   4.6  316s
 118700 23584 1743.15922   34    9 1773.94726 1703.10090  3.99%   4.6  320s
 119607 23489     cutoff   61      1773.94726 1703.89166  3.95%   4.6  326s
 120871 23160 1732.26601   66   16 1773.94726 1704.54541  3.91%   4.6  332s
 121823 22942     cutoff   68      1773.94726 1705.13869  3.88%   4.6  339s
 123031 22708     cutoff   46      1773.94726 1706.06398  3.83%   4.6  344s
 123845 22539     cutoff   55      1773.94726 1706.59111  3.80%   4.6  349s
 125079 22247     cutoff   54      1773.94726 1707.44127  3.75%   4.6  355s
 126003 22082 1735.63698   52   11 1773.94726 1707.95661  3.72%   4.7  361s
 127256 21802     cutoff   55      1773.94726 1708.77113  3.67%   4.7  367s
 128224 21552 1768.39741   48    6 1773.94726 1709.38029  3.64%   4.7  373s
 129432 21218     cutoff   58      1773.94726 1710.07455  3.60%   4.7  379s
 130236 20985     cutoff   39      1773.94726 1710.63220  3.57%   4.7  386s
 131459 20703     cutoff   61      1773.94726 1711.44814  3.52%   4.7  393s
 132423 20403     cutoff   55      1773.94726 1712.16179  3.48%   4.7  398s
 133684 20335 infeasible   56      1773.94726 1713.01789  3.43%   4.7  404s
 134654 20360     cutoff   43      1773.94726 1713.96334  3.38%   4.7  409s
 135621 20398 infeasible   49      1773.94726 1714.55213  3.35%   4.7  415s
 136969 20415     cutoff   53      1773.94726 1715.43428  3.30%   4.7  421s
 137748 20396 infeasible   50      1773.94726 1715.92853  3.27%   4.7  427s
 139044 20408     cutoff   54      1773.94726 1716.72821  3.23%   4.7  433s
 140056 20342     cutoff   52      1773.94726 1717.20368  3.20%   4.7  439s
 140839 20261 infeasible   44      1773.94726 1717.49652  3.18%   4.7  445s
 141849 20220 1756.98791   50    6 1773.94726 1718.30044  3.14%   4.7  451s
 142855 20147 infeasible   41      1773.94726 1718.94933  3.10%   4.7  457s
 143970 20124 infeasible   57      1773.94726 1719.43899  3.07%   4.7  465s
 144749 20050 infeasible   64      1773.94726 1720.04331  3.04%   4.7  471s
 145816 19892 1769.36854   53   20 1773.94726 1720.97458  2.99%   4.7  479s
 146935 19788     cutoff   67      1773.94726 1721.77605  2.94%   4.7  486s
 148100 19654 1753.71756   44    6 1773.94726 1722.70707  2.89%   4.8  493s
 149149 19577     cutoff   53      1773.94726 1723.44653  2.85%   4.8  500s
 150229 19452 1753.30800   53    - 1773.94726 1724.05303  2.81%   4.8  507s
 151309 19280 infeasible   64      1773.94726 1724.90429  2.76%   4.8  515s
 152599 19148     cutoff   61      1773.94726 1725.62923  2.72%   4.8  527s
 153740 18969     cutoff   45      1773.94726 1726.36939  2.68%   4.8  537s
 154822 18770     cutoff   45      1773.94726 1727.07377  2.64%   4.8  546s
 155908 18655     cutoff   51      1773.94726 1727.76021  2.60%   4.8  554s
 156777 18481     cutoff   53      1773.94726 1728.06958  2.59%   4.8  562s
 157901 18283 1747.14032   53   12 1773.94726 1729.00082  2.53%   4.8  568s
 159085 18071 1771.56739   48    6 1773.94726 1729.70699  2.49%   4.8  575s
 160228 17847 1754.19304   63   10 1773.94726 1730.51220  2.45%   4.8  582s
 161437 17633 infeasible   64      1773.94726 1730.86538  2.43%   4.8  590s
 162524 17336     cutoff   60      1773.94726 1732.07055  2.36%   4.8  598s
 163638 17079 1770.15434   36    6 1773.94726 1732.82560  2.32%   4.8  605s
 164800 16822 infeasible   51      1773.94726 1733.63257  2.27%   4.8  613s
 165958 16566 infeasible   53      1773.94726 1734.58263  2.22%   4.8  621s
 166877 16214 infeasible   58      1773.94726 1735.05596  2.19%   4.8  630s
 168076 15865 infeasible   57      1773.94726 1736.26691  2.12%   4.8  637s
 169224 15498 1756.05141   54    6 1773.94726 1737.33540  2.06%   4.9  645s
 170377 15184 infeasible   55      1773.94726 1737.90990  2.03%   4.9  653s
 171486 14777 infeasible   56      1773.94726 1738.50873  2.00%   4.9  661s
 172607 14317 infeasible   48      1773.94726 1739.50152  1.94%   4.9  668s
 173756 13952     cutoff   46      1773.94726 1740.38872  1.89%   4.9  675s
 174921 13428 infeasible   47      1773.94726 1741.02344  1.86%   4.9  682s
 176097 13093 infeasible   59      1773.94726 1742.35658  1.78%   4.9  690s
 177030 12584     cutoff   50      1773.94726 1743.30597  1.73%   4.9  697s
 178214 12077     cutoff   49      1773.94726 1744.49884  1.66%   4.9  705s
 179415 11606 infeasible   47      1773.94726 1746.14268  1.57%   4.9  712s
 180611 11083     cutoff   44      1773.94726 1746.16384  1.57%   4.9  720s
 181769 10630     cutoff   45      1773.94726 1747.72028  1.48%   4.9  728s
 182747 10005 infeasible   55      1773.94726 1749.74843  1.36%   4.9  736s
 183940  9362     cutoff   49      1773.94726 1751.25898  1.28%   4.9  744s
 185118  8891     cutoff   51      1773.94726 1751.59734  1.26%   4.9  757s
H185745  8939                    1773.9462471 1752.87175  1.19%   4.9  757s
 185998  8190 infeasible   47      1773.94625 1753.06082  1.18%   4.9  765s
 187246  7444 infeasible   46      1773.94625 1754.36668  1.10%   4.9  772s
 188516  6678 infeasible   45      1773.94625 1756.22005  1.00%   4.9  780s
 189770  5910 infeasible   57      1773.94625 1757.81349  0.91%   4.9  788s
 190999  5235     cutoff   56      1773.94625 1760.46843  0.76%   4.9  796s
 192042  4290     cutoff   43      1773.94625 1761.56770  0.70%   4.9  804s
 193320  3271 infeasible   52      1773.94625 1763.35812  0.60%   4.9  811s
 194614  2201     cutoff   47      1773.94625 1765.55783  0.47%   4.9  818s
 195891  1045 1772.01322   45    6 1773.94625 1767.64719  0.36%   4.9  826s
 197206     0 1771.23752   38    6 1773.94625 1769.30351  0.26%   4.9  831s

Cutting planes:
  Gomory: 4
  Zero half: 1
  RLT: 3
  Lazy constraints: 10032

Explored 198345 nodes (968896 simplex iterations) in 832.32 seconds
Thread count was 12 (of 12 available processors)

Solution count 1: 1773.95 

Optimal solution found (tolerance 1.00e-04)
Best objective 1.773946247106e+03, best bound 1.773946247106e+03, gap 0.0000%

User-callback calls 540819, time in user-callback 2.56 sec
/projects/academic/josewalt/caigao/RRARP_BD/BendersDecomp/ret/model_outs/n_22_e_7_algo_2.out
 =====>>>>> Solution is written to file in <../ret/model_outs> !!!
===>> All Done!
