NPROCS=0
This instance is clustered!
Gurobi Optimizer version 9.0.0 build v9.0.0rc2 (linux64)
Optimize a model with 50 rows, 626 columns and 1250 nonzeros
Model fingerprint: 0x38d0d29b
Variable types: 1 continuous, 625 integer (625 binary)
Coefficient statistics:
  Matrix range     [1e+00, 1e+00]
  Objective range  [1e+00, 5e+02]
  Bounds range     [1e+00, 1e+00]
  RHS range        [1e+00, 1e+00]
Presolve removed 2 rows and 72 columns
Presolve time: 0.01s
Presolved: 48 rows, 554 columns, 1106 nonzeros
Variable types: 1 continuous, 553 integer (553 binary)

Root relaxation: objective 9.974603e+02, 43 iterations, 0.00 seconds

    Nodes    |    Current Node    |     Objective Bounds      |     Work
 Expl Unexpl |  Obj  Depth IntInf | Incumbent    BestBd   Gap | It/Node Time

     0     0  999.75491    0    8          -  999.75491      -     -    0s
     0     0 1275.31754    0    6          - 1275.31754      -     -    0s
H    0     0                    1728.4582511 1275.31754  26.2%     -    0s
H    0     0                    1726.4523401 1275.31754  26.1%     -    0s
     0     2 1284.39329    0   18 1726.45234 1284.39329  25.6%     -    0s
  8939  4985 1403.93641   62   10 1726.45234 1358.70920  21.3%   4.0    5s
 14915  9080     cutoff  109      1726.45234 1369.54772  20.7%   4.0   10s
 18944 12292 1579.23987   70   13 1726.45234 1376.97976  20.2%   4.1   15s
 22461 14560 1605.29684   67   10 1726.45234 1379.93674  20.1%   4.1   20s
 26023 16559 1448.55998   46    6 1726.45234 1382.69406  19.9%   4.3   99s
 26025 16560 1481.53791   87   12 1726.45234 1382.69406  19.9%   4.3  101s
 26028 16562 1436.43090   47   44 1726.45234 1382.69406  19.9%   4.3  105s
 26034 16566 1535.66229   33   58 1726.45234 1382.69406  19.9%   4.2  110s
 26038 16569 1608.42676  114   52 1726.45234 1382.69406  19.9%   4.2  115s
 26040 16570 1435.55944   33   51 1726.45234 1382.69406  19.9%   4.2  120s
 26042 16572 1545.84050   38   51 1726.45234 1382.69406  19.9%   4.2  152s
 26045 16579 1382.69406   27   28 1726.45234 1382.69406  19.9%   4.3  155s
 26446 16820 1430.11427   47   12 1726.45234 1382.69406  19.9%   4.3  160s
 27451 17177 1678.08121   99    6 1726.45234 1382.69406  19.9%   4.3  165s
 29657 18063 1426.00780   86   16 1726.45234 1382.69406  19.9%   4.3  170s
 31842 19058 1490.93534  161   10 1726.45234 1382.69406  19.9%   4.3  175s
 34298 20256 1706.41767  186   16 1726.45234 1382.69406  19.9%   4.2  180s
 37277 21800 1699.90147  199    - 1726.45234 1382.69406  19.9%   4.1  185s
 39026 22464 1549.21357  121   12 1726.45234 1382.69406  19.9%   4.1  190s
 41484 23767 1519.14321  144    - 1726.45234 1382.69406  19.9%   4.1  195s
 44448 25286 1431.76213  122   22 1726.45234 1382.69406  19.9%   4.1  201s
 46541 26498 1398.15133   64   20 1726.45234 1382.69406  19.9%   4.1  206s
 48098 26938 1612.93352  132   11 1726.45234 1383.06239  19.9%   4.1  211s
 49412 27106 1675.97665  136   15 1726.45234 1383.23782  19.9%   4.1  216s
 49787 27929 1487.91597   62    6 1726.45234 1383.98332  19.8%   4.1  220s
 51518 28541 1705.37311  165    - 1726.45234 1385.36459  19.8%   4.1  226s
 53334 29344 1416.47180  106   10 1726.45234 1386.46957  19.7%   4.1  231s
 55100 29761     cutoff  178      1726.45234 1388.00085  19.6%   4.1  237s
 55934 29957 infeasible  178      1726.45234 1388.06811  19.6%   4.1  240s
 57783 30992 infeasible  152      1726.45234 1389.19398  19.5%   4.2  247s
 58981 31465     cutoff  154      1726.45234 1389.98888  19.5%   4.2  251s
 60118 31813 1632.47356  115   16 1726.45234 1390.29572  19.5%   4.2  255s
 62112 32699 1432.13780  143    8 1726.45234 1391.44199  19.4%   4.2  263s
 63187 33106 1571.63040  177   15 1726.45234 1392.11209  19.4%   4.2  266s
 64151 33386     cutoff  183      1726.45234 1392.47926  19.3%   4.2  270s
 66141 34649     cutoff  124      1726.45234 1393.41095  19.3%   4.2  276s
 67420 34849     cutoff  109      1726.45234 1393.79975  19.3%   4.2  280s
 69508 35427 1530.61750  142    6 1726.45234 1394.85180  19.2%   4.2  286s
 69867 36271 1533.75888  143   16 1726.45234 1394.99942  19.2%   4.2  290s
 71096 36597     cutoff  149      1726.45234 1395.74888  19.2%   4.2  295s
 73184 37573     cutoff  158      1726.45234 1396.43343  19.1%   4.2  302s
 74317 38016 1517.22317  116   17 1726.45234 1396.77839  19.1%   4.1  305s
 76275 38868 1461.52541   48   13 1726.45234 1397.77731  19.0%   4.1  314s
 77255 39379 1600.94097   82   20 1726.45234 1398.03273  19.0%   4.1  319s
 78137 40060 1638.86482   44    9 1726.45234 1398.45352  19.0%   4.2  323s
 79035 40961     cutoff   84      1726.45234 1398.59161  19.0%   4.2  327s
 80144 41732 1452.75349   83   17 1726.45234 1398.93076  19.0%   4.2  332s
 81186 42543     cutoff  121      1726.45234 1399.18851  19.0%   4.2  337s
 82292 43302     cutoff  121      1726.45234 1399.55791  18.9%   4.1  341s
 83306 44118     cutoff  122      1726.45234 1399.88242  18.9%   4.1  345s
 84315 44901 1539.22130   79   13 1726.45234 1400.37746  18.9%   4.1  350s
 85327 45893 1714.92583  101    8 1726.45234 1400.63427  18.9%   4.1  355s
 86526 46296 1444.79898  119   20 1726.45234 1401.00797  18.9%   4.1  362s
 87327 46906     cutoff  139      1726.45234 1401.27850  18.8%   4.1  367s
 88211 47717 1673.90794   73    - 1726.45234 1401.41953  18.8%   4.2  371s
 89268 48537 1509.96456   48   17 1726.45234 1401.70726  18.8%   4.1  376s
 90324 49596 1527.16274   58    6 1726.45234 1402.12145  18.8%   4.1  381s
 91517 50329 1466.93914  125   18 1726.45234 1402.58481  18.8%   4.1  385s
 92495 51307 1534.06412  144    6 1726.45234 1402.75473  18.7%   4.1  390s
 93709 52124 1698.74558  145    6 1726.45234 1403.05908  18.7%   4.1  395s
 94777 52539 1554.97828  109   11 1726.45234 1403.39330  18.7%   4.1  401s
 95165 53403 1502.62809   47   27 1726.45234 1403.52635  18.7%   4.1  406s
 96318 54327 1441.69241   36    9 1726.45234 1403.80625  18.7%   4.1  411s
 97482 55166 1712.18911  126    6 1726.45234 1404.17095  18.7%   4.1  416s
 98623 56151 1548.59333   97    6 1726.45234 1404.41011  18.7%   4.1  422s
 99845 57023 1476.75344  130   12 1726.45234 1404.80587  18.6%   4.1  429s
 100979 58003     cutoff  133      1726.45234 1405.24879  18.6%   4.1  436s
 102159 58854     cutoff  133      1726.45234 1405.67663  18.6%   4.1  443s
 103260 59808     cutoff  106      1726.45234 1405.93851  18.6%   4.1  450s
 104421 60316     cutoff  111      1726.45234 1406.24356  18.5%   4.1  459s
 105211 61062     cutoff   55      1726.45234 1406.56872  18.5%   4.1  469s
 106169 61781     cutoff  118      1726.45234 1406.76696  18.5%   4.1  476s
 107166 62688 1702.70875  127    - 1726.45234 1406.97730  18.5%   4.1  485s
 108301 63365 1713.58151  127    - 1726.45234 1407.24411  18.5%   4.1  492s
 109245 64184     cutoff  127      1726.45234 1407.50842  18.5%   4.1  500s
 110347 65029 1465.67749   45    6 1726.45234 1407.93270  18.4%   4.1  507s
 111490 65680     cutoff   97      1726.45234 1408.16541  18.4%   4.1  516s
 112448 66495 1587.27551   74   17 1726.45234 1408.38902  18.4%   4.1  523s
 113502 67285 1506.68390   93    - 1726.45234 1408.71959  18.4%   4.1  530s
 114615 68304     cutoff   54      1726.45234 1408.98347  18.4%   4.1  537s
 115818 69234     cutoff  108      1726.45234 1409.37973  18.4%   4.1  544s
 116994 69524     cutoff  109      1726.45234 1409.53781  18.4%   4.1  551s
 117339 70433 1511.97462   80   22 1726.45234 1409.62234  18.4%   4.1  558s
 118533 71165 1474.09546  130   18 1726.45234 1409.83220  18.3%   4.1  567s
 119595 71682     cutoff  160      1726.45234 1410.04411  18.3%   4.1  577s
 120389 72794 1499.29452  100   12 1726.45234 1410.38600  18.3%   4.1  584s
 121679 73611 1606.02914  169   20 1726.45234 1410.58565  18.3%   4.1  592s
 122837 74174 infeasible  172      1726.45234 1410.80139  18.3%   4.1  603s
 123797 75060 1448.13303  107   24 1726.45234 1411.05300  18.3%   4.1  610s
 124824 75408 1711.15130  133    6 1726.45234 1411.30285  18.3%   4.1  623s
 125281 76043 infeasible  135      1726.45234 1411.42978  18.2%   4.1  632s
 126319 77200 1466.71266   80   29 1726.45234 1411.60629  18.2%   4.1  640s
 127707 78022 1579.36566  130   17 1726.45234 1412.07046  18.2%   4.1  650s
 128825 78874 1654.88947  159   14 1726.45234 1412.31935  18.2%   4.1  659s
 129941 79725 1684.27093   86    6 1726.45234 1412.44353  18.2%   4.1  668s
 131072 80607 1610.31972  105    9 1726.45234 1412.64081  18.2%   4.1  675s
 132209 81571     cutoff  121      1726.45234 1412.88467  18.2%   4.1  684s
 133520 82362 1497.24194   72   19 1726.45234 1413.16994  18.1%   4.1  695s
 134572 83047 1683.80192  106    - 1726.45234 1413.33644  18.1%   4.1  705s
 135686 84144     cutoff  112      1726.45234 1413.84228  18.1%   4.1  714s
 136988 84890     cutoff  100      1726.45234 1414.13474  18.1%   4.1  722s
 138023 85595 1557.52536   90   12 1726.45234 1414.38708  18.1%   4.1  734s
 139077 86538     cutoff  139      1726.45234 1414.59215  18.1%   4.1  744s
 140253 87205 1614.38925   50    6 1726.45234 1414.79884  18.1%   4.1  756s
 141303 88129     cutoff   79      1726.45234 1415.05504  18.0%   4.1  766s
 142480 88970 1674.92286  117   12 1726.45234 1415.27674  18.0%   4.1  776s
 143508 89754 1509.30929   45    - 1726.45234 1415.40850  18.0%   4.1  788s
 144612 90850 1695.99076   62    - 1726.45234 1415.56520  18.0%   4.1  797s
 145904 91699 1520.31893   88   26 1726.45234 1415.56520  18.0%   4.1  807s
 147066 92485 1557.39601  114   19 1726.45234 1415.92025  18.0%   4.1  819s
 148163 93194 1551.89459  141    8 1726.45234 1416.15692  18.0%   4.1  829s
 149139 94048 1636.88718  153   10 1726.45234 1416.40115  18.0%   4.1  839s
 150230 95009 1665.38536   96   12 1726.45234 1416.58150  17.9%   4.1  849s
 150541 95041     cutoff  100      1726.45234 1416.66989  17.9%   4.1  850s
 151445 95854 1619.65556  105   11 1726.45234 1416.85581  17.9%   4.1  861s
 152618 96706     cutoff  107      1726.45234 1416.97405  17.9%   4.1  870s
 153736 97586     cutoff  107      1726.45234 1417.18375  17.9%   4.1  880s
 154899 98346     cutoff  111      1726.45234 1417.46764  17.9%   4.1  893s
 155960 99023 infeasible  118      1726.45234 1417.58794  17.9%   4.1  904s
 156908 99263 1636.95362   41    6 1726.45234 1417.66675  17.9%   4.1  920s
 157111 100188 1581.33697   45   14 1726.45234 1417.72120  17.9%   4.1  929s
 158358 100868 1632.36509  107   13 1726.45234 1417.89209  17.9%   4.1  940s
 159450 101627 1554.12443  101    6 1726.45234 1418.07647  17.9%   4.1  953s
 160535 102798     cutoff  114      1726.45234 1418.39921  17.8%   4.1  964s
 161896 103387 1647.92328  127    6 1726.45234 1418.69960  17.8%   4.1  977s
 162854 104245     cutoff  128      1726.45234 1418.78523  17.8%   4.1  989s
 163970 105036 1554.32361  134   14 1726.45234 1418.90887  17.8%   4.1 1000s
 165006 105770 1628.80840   43    8 1726.45234 1419.13319  17.8%   4.1 1016s
 166103 106520 1690.73123   72   11 1726.45234 1419.25275  17.8%   4.1 1030s
 167195 107439 1575.83606   70   24 1726.45234 1419.48298  17.8%   4.1 1042s
 168397 108275     cutoff  101      1726.45234 1419.73961  17.8%   4.1 1055s
 169531 109034     cutoff   88      1726.45234 1419.96601  17.8%   4.1 1068s
 170709 109941 1497.76415   40   10 1726.45234 1420.01388  17.7%   4.1 1079s
 171153 109998 1621.75476  105    6 1726.45234 1420.01388  17.7%   4.1 1080s
 171912 110544 1527.78180   41   12 1726.45234 1420.25556  17.7%   4.1 1094s
 172884 111292     cutoff   92      1726.45234 1420.66033  17.7%   4.1 1106s
 173946 111930 1631.10416  119   25 1726.45234 1420.82102  17.7%   4.1 1117s
 174908 112947 1650.28867  122   10 1726.45234 1421.04112  17.7%   4.1 1128s
 176219 113845 1657.12663  123   28 1726.45234 1421.38496  17.7%   4.1 1140s
 177440 114645 1690.57105  133   13 1726.45234 1421.50682  17.7%   4.1 1155s
 178496 115209 1705.56613  135    6 1726.45234 1421.63315  17.7%   4.1 1173s
 179470 115823 infeasible  137      1726.45234 1421.77359  17.6%   4.1 1188s
 180430 116692 1609.36477  136    8 1726.45234 1421.80972  17.6%   4.1 1202s
 181647 117670 1633.47074  137   12 1726.45234 1422.00419  17.6%   4.1 1215s
 182904 118389     cutoff  139      1726.45234 1422.35528  17.6%   4.1 1231s
 183971 118989     cutoff   67      1726.45234 1422.46763  17.6%   4.1 1245s
 185026 119685     cutoff   70      1726.45234 1422.62899  17.6%   4.2 1260s
 186112 120542     cutoff   93      1726.45234 1422.75182  17.6%   4.2 1273s
 187271 121363 1493.93644   87   12 1726.45234 1422.86919  17.6%   4.2 1287s
 188456 122185 1624.51153  127    - 1726.45234 1423.04861  17.6%   4.2 1299s
 188817 122244 1458.40405   66   15 1726.45234 1423.14647  17.6%   4.2 1300s
 189616 122723 1579.25556   62    6 1726.45234 1423.26933  17.6%   4.2 1313s
 190585 123221 1678.88571   77   12 1726.45234 1423.44562  17.6%   4.2 1330s
 191463 123640     cutoff  107      1726.45234 1423.60008  17.5%   4.2 1345s
 192174 124672 1534.81723  124    6 1726.45234 1423.71019  17.5%   4.2 1357s
 193497 125461     cutoff  128      1726.45234 1423.88427  17.5%   4.2 1376s
 194676 126212 1603.77075   95   25 1726.45234 1424.15652  17.5%   4.2 1392s
 195788 127100 1527.15271  103   30 1726.45234 1424.22428  17.5%   4.2 1406s
 197020 127942 1561.32887  141    8 1726.45234 1424.30638  17.5%   4.2 1419s
 198131 128248     cutoff  143      1726.45234 1424.66147  17.5%   4.2 1440s
 198420 128973 1588.93344  143   12 1726.45234 1424.70252  17.5%   4.2 1456s
 199613 129732     cutoff  147      1726.45234 1424.75342  17.5%   4.2 1473s
 200781 130501 infeasible  147      1726.45234 1424.97782  17.5%   4.2 1489s
 201921 131577     cutoff   93      1726.45234 1425.08521  17.5%   4.2 1504s
 202595 131648 1633.07689  106    6 1726.45234 1425.18373  17.5%   4.2 1505s
 203265 132618 1697.98912  151   23 1726.45234 1425.23198  17.4%   4.2 1521s
 204588 133591 1512.33509  100   19 1726.45234 1425.42331  17.4%   4.2 1538s
 205910 134357 1721.84693  130    - 1726.45234 1425.53453  17.4%   4.2 1555s
 207050 135347     cutoff  130      1726.45234 1425.61361  17.4%   4.2 1572s
 208284 136357 1633.29484  117    6 1726.45234 1425.73283  17.4%   4.2 1585s
 209461 137238 1608.16022  138   10 1726.45234 1425.84689  17.4%   4.2 1602s
 210738 137630 1699.65883   75    6 1726.45234 1426.02647  17.4%   4.2 1624s
 211599 138234 1722.47859   95    9 1726.45234 1426.08507  17.4%   4.2 1646s
 212534 138996 1569.97225   73    - 1726.45234 1426.18748  17.4%   4.2 1668s
 213608 140026 1542.76569  100   13 1726.45234 1426.23059  17.4%   4.2 1687s
 214904 140875 1552.60802  126   10 1726.45234 1426.37736  17.4%   4.2 1705s
 216087 141160 1666.80379  128   16 1726.45234 1426.52314  17.4%   4.2 1719s
 216441 141609 1681.91810   45    6 1726.45234 1426.61261  17.4%   4.2 1746s
 217352 142340     cutoff   65      1726.45234 1426.79281  17.4%   4.2 1773s
 218403 143078     cutoff   94      1726.45234 1426.79281  17.4%   4.2 1791s
 219483 143851     cutoff  118      1726.45234 1426.79281  17.4%   4.2 1811s
 220649 144519     cutoff  146      1726.45234 1426.99277  17.3%   4.2 1831s
 221776 145336     cutoff  148      1726.45234 1427.21635  17.3%   4.2 1849s
 222981 146288     cutoff  119      1726.45234 1427.33592  17.3%   4.2 1864s
 224222 147452 1678.51249  117   14 1726.45234 1427.52634  17.3%   4.2 1882s
 225622 148276     cutoff  132      1726.45234 1427.63309  17.3%   4.2 1899s
 226779 149266 1459.18108  112   23 1726.45234 1427.76678  17.3%   4.2 1920s
 228108 150243     cutoff  142      1726.45234 1427.86363  17.3%   4.2 1934s
 229419 150858     cutoff  123      1726.45234 1428.03168  17.3%   4.2 1959s
 230396 151591     cutoff  121      1726.45234 1428.17390  17.3%   4.2 1978s
 231501 152442 1462.19031   96   14 1726.45234 1428.20344  17.3%   4.2 1996s
 232670 153166     cutoff  161      1726.45234 1428.42287  17.3%   4.2 2017s
 233804 154081     cutoff  121      1726.45234 1428.51143  17.3%   4.2 2036s
 235041 154860 1703.31402  120    8 1726.45234 1428.64761  17.2%   4.2 2058s
 236199 155256     cutoff  156      1726.45234 1428.78372  17.2%   4.2 2077s
 237190 155667 1636.99627   98   13 1726.45234 1428.91477  17.2%   4.2 2093s
 237577 156523 1609.56513  101    8 1726.45234 1429.01044  17.2%   4.2 2115s
 238909 157566 1514.35887   44   35 1726.45234 1429.12661  17.2%   4.2 2137s
 240236 158475 1531.33572  106   22 1726.45234 1429.22433  17.2%   4.2 2158s
 241321 159204     cutoff  113      1726.45234 1429.39217  17.2%   4.2 2176s
 242452 159832     cutoff  111      1726.45234 1429.50140  17.2%   4.2 2192s
 243341 160792 1710.65631  119    - 1726.45234 1429.57329  17.2%   4.2 2211s
 244665 161865     cutoff   52      1726.45234 1429.71970  17.2%   4.2 2227s
 246057 162746 1723.84794  101    6 1726.45234 1429.91518  17.2%   4.2 2246s
 247302 163926 infeasible  141      1726.45234 1430.04159  17.2%   4.2 2264s
 248706 164866     cutoff  161      1726.45234 1430.23939  17.2%   4.2 2281s
 250002 165514     cutoff  122      1726.45234 1430.37279  17.1%   4.2 2302s
 251059 166288 1487.87806  136   29 1726.45234 1430.42775  17.1%   4.2 2320s
 252157 167059 1633.63279  157    - 1726.45234 1430.54096  17.1%   4.2 2340s
 253184 167999 1688.24524  157   24 1726.45234 1430.66863  17.1%   4.2 2356s
 254523 168952     cutoff  135      1726.45234 1430.79192  17.1%   4.2 2378s
 255798 169947 1495.92014   48    6 1726.45234 1430.88208  17.1%   4.2 2399s
 257058 170887 1539.55010  120   13 1726.45234 1431.12746  17.1%   4.2 2419s
 258315 171805     cutoff  123      1726.45234 1431.29356  17.1%   4.2 2438s
 259585 172826 1531.83999  107   29 1726.45234 1431.40995  17.1%   4.2 2456s
 260896 173635 1671.10860  124   18 1726.45234 1431.60346  17.1%   4.2 2475s
 262069 174539 1448.66132   51    9 1726.45234 1431.69655  17.1%   4.2 2490s
 263176 175327     cutoff  112      1726.45234 1431.82915  17.1%   4.2 2515s
 264308 176121 1510.48685   89   11 1726.45234 1431.92036  17.1%   4.2 2538s
 265466 177084 1568.41284  116   23 1726.45234 1432.05346  17.1%   4.2 2555s
 266700 178028 1600.37082  129   25 1726.45234 1432.21084  17.0%   4.2 2575s
 267951 178725 1518.50517   52   10 1726.45234 1432.34967  17.0%   4.2 2599s
 268969 179592 infeasible  124      1726.45234 1432.45889  17.0%   4.2 2621s
 270099 180460     cutoff  123      1726.45234 1432.61595  17.0%   4.2 2642s
 271279 180675     cutoff  122      1726.45234 1432.76655  17.0%   4.2 2660s
 271451 181273 1587.18724   52   21 1726.45234 1432.81257  17.0%   4.2 2685s
 272559 181988 1686.69408   77    8 1726.45234 1432.86166  17.0%   4.2 2706s
 273572 182899     cutoff   93      1726.45234 1432.99041  17.0%   4.2 2726s
 274823 183679     cutoff   98      1726.45234 1433.09712  17.0%   4.2 2748s
 275966 184616 1487.16273   56    - 1726.45234 1433.22954  17.0%   4.2 2767s
 277246 185337     cutoff  121      1726.45234 1433.36874  17.0%   4.2 2794s
 278321 186042     cutoff  180      1726.45234 1433.47787  17.0%   4.2 2821s
 279404 186823 1642.11727   60   12 1726.45234 1433.51753  17.0%   4.2 2844s
 280522 187500 1553.28785  112   12 1726.45234 1433.60083  17.0%   4.2 2869s
 281568 188328     cutoff  118      1726.45234 1433.70182  17.0%   4.2 2891s
 282749 189322 1702.20078   95    - 1726.45234 1433.75670  17.0%   4.2 2914s
 284027 190113     cutoff  131      1726.45234 1433.92300  16.9%   4.2 2935s
 285133 190989 1562.74939   83    - 1726.45234 1434.03506  16.9%   4.2 2963s
 286272 191505 1477.78315  122   16 1726.45234 1434.16539  16.9%   4.2 2986s
 287335 192096 1696.20567  191   12 1726.45234 1434.19937  16.9%   4.2 3014s
 287650 192130 1477.25149  115    4 1726.45234 1434.25760  16.9%   4.2 3015s
 288353 192864 infeasible  102      1726.45234 1434.31711  16.9%   4.2 3038s
 289508 193788     cutoff   94      1726.45234 1434.41083  16.9%   4.2 3061s
 290762 194559 1504.11258   93   10 1726.45234 1434.47979  16.9%   4.2 3091s
 291976 195279 1676.55925  125   12 1726.45234 1434.63494  16.9%   4.2 3125s
 293032 196227     cutoff  139      1726.45234 1434.73654  16.9%   4.2 3153s
 294188 196966 1461.27760  100   14 1726.45234 1434.75769  16.9%   4.2 3176s
 295374 197716     cutoff  163      1726.45234 1434.85385  16.9%   4.2 3205s
 296560 198666 1652.81878   72    6 1726.45234 1434.95549  16.9%   4.3 3228s
 297713 199613 1564.95349  115   18 1726.45234 1435.12032  16.9%   4.2 3250s
 299026 199986 1603.16041  149    8 1726.45234 1435.19456  16.9%   4.3 3279s
 299982 200909     cutoff  163      1726.45234 1435.29112  16.9%   4.3 3303s
 301252 201622     cutoff  117      1726.45234 1435.31646  16.9%   4.3 3327s
 302424 202473 1506.53003  114   23 1726.45234 1435.47049  16.9%   4.3 3355s
 303648 203638     cutoff  158      1726.45234 1435.62821  16.8%   4.3 3376s
 305033 204411 1639.62725   92   10 1726.45234 1435.73098  16.8%   4.3 3408s
 306166 205334 1561.57551  109   25 1726.45234 1435.80036  16.8%   4.3 3434s
 307420 206350 1696.19749  130   12 1726.45234 1435.87250  16.8%   4.3 3457s
 308736 207474 1498.83572  118   26 1726.45234 1436.02771  16.8%   4.3 3480s
 310096 208505     cutoff  138      1726.45234 1436.15408  16.8%   4.3 3502s
 311428 209432 1464.20752  117   24 1726.45234 1436.24979  16.8%   4.3 3526s
 312619 210230     cutoff  139      1726.45234 1436.30791  16.8%   4.3 3551s
 313766 211156 1707.90867   99    - 1726.45234 1436.41450  16.8%   4.3 3576s
 315035 211429 1672.53485  119    6 1726.45234 1436.57487  16.8%   4.2 3606s
 315269 212155 1568.52574   86   16 1726.45234 1436.59023  16.8%   4.3 3634s
 316464 212999 1658.24197   75    8 1726.45234 1436.69640  16.8%   4.3 3662s
 317657 213846     cutoff  105      1726.45234 1436.79885  16.8%   4.3 3691s
 318834 214877 1476.91235   52   21 1726.45234 1436.92731  16.8%   4.3 3719s
 320125 215601     cutoff  114      1726.45234 1437.02496  16.8%   4.3 3744s
 321170 216601 1604.07266   75    6 1726.45234 1437.10106  16.8%   4.3 3766s
 322460 217367     cutoff  123      1726.45234 1437.18657  16.8%   4.2 3790s
 323589 218230     cutoff  133      1726.45234 1437.32279  16.7%   4.3 3819s
 324798 218869     cutoff  107      1726.45234 1437.44323  16.7%   4.3 3849s
 325833 219531 1640.71632   58    6 1726.45234 1437.44323  16.7%   4.3 3877s
 326941 220103 1506.67271  104    8 1726.45234 1437.61145  16.7%   4.3 3914s
 327784 220931 1682.20077  140   18 1726.45234 1437.73157  16.7%   4.3 3948s
 328970 221686     cutoff  147      1726.45234 1437.76527  16.7%   4.3 3977s
 330059 222334 1597.03384   95   14 1726.45234 1437.85250  16.7%   4.3 4006s
 331168 223333 1645.57128  107   13 1726.45234 1437.96382  16.7%   4.3 4030s
 332501 224096 infeasible  125      1726.45234 1438.10276  16.7%   4.3 4053s
 333619 225029 1642.66721  134    8 1726.45234 1438.22674  16.7%   4.3 4079s
 334911 225811     cutoff  140      1726.45234 1438.36560  16.7%   4.3 4110s
 336115 226480     cutoff  119      1726.45234 1438.42226  16.7%   4.3 4148s
 337199 227200 1590.44601   51   18 1726.45234 1438.56543  16.7%   4.3 4176s
 338375 227476     cutoff  101      1726.45234 1438.63046  16.7%   4.3 4203s
 338624 228089 1549.83882   47    6 1726.45234 1438.65284  16.7%   4.3 4229s
 339586 228928     cutoff  104      1726.45234 1438.75060  16.7%   4.3 4260s
 340767 229618 1563.40918   73   13 1726.45234 1438.87905  16.7%   4.3 4299s
 341931 230441     cutoff  100      1726.45234 1438.94536  16.7%   4.3 4332s
 343122 231165     cutoff  124      1726.45234 1438.99903  16.6%   4.3 4374s
 344333 232051 1598.71818   69   15 1726.45234 1439.07086  16.6%   4.3 4403s
 345565 232699     cutoff   96      1726.45234 1439.07086  16.6%   4.3 4454s
 346621 232875 1472.60973   62    6 1726.45234 1439.07086  16.6%   4.3 4530s
 346623 232876 1493.82385   50   12 1726.45234 1439.07086  16.6%   4.3 4545s
 346624 232877 1450.22189   68   44 1726.45234 1439.07086  16.6%   4.3 4560s
 346627 232879 1491.66869   64   50 1726.45234 1439.07086  16.6%   4.3 4574s
 346628 232880 1527.51128   65   47 1726.45234 1439.07086  16.6%   4.3 4606s
 346629 232880 1647.05482   59   47 1726.45234 1439.07086  16.6%   4.3 4617s
 346630 232881 1498.82536   87   47 1726.45234 1439.07086  16.6%   4.3 4638s
 346631 232885 1439.07086   38   49 1726.45234 1439.07086  16.6%   4.3 4674s
 346633 232888 1439.07086   39    6 1726.45234 1439.07086  16.6%   4.3 4680s
 346637 232895 1439.07086   40   44 1726.45234 1439.07086  16.6%   4.3 4689s
 346645 232904 1439.07086   41   24 1726.45234 1439.07086  16.6%   4.3 4697s
 346657 232912 1439.07086   42   23 1726.45234 1439.07086  16.6%   4.3 4703s
 346669 232920 1439.07086   42   14 1726.45234 1439.07086  16.6%   4.3 4708s
 346681 232928 1439.07086   43   25 1726.45234 1439.07086  16.6%   4.3 4713s
 346693 232937 1439.07086   43   26 1726.45234 1439.07086  16.6%   4.3 4718s
 346706 232948 1439.07086   44   20 1726.45234 1439.07086  16.6%   4.3 4722s
 346721 232958 1439.07086   44   20 1726.45234 1439.07086  16.6%   4.3 4725s
 346756 232979 1439.07086   45   26 1726.45234 1439.07086  16.6%   4.3 4733s
 346773 232989 1439.07086   46   15 1726.45234 1439.07086  16.6%   4.3 4737s
 346790 232999 1472.05655   46   20 1726.45234 1439.07086  16.6%   4.3 4742s
 346804 233015 1439.07086   47   14 1726.45234 1439.07086  16.6%   4.3 4745s
 346827 233022 1439.07086   47   18 1726.45234 1439.07086  16.6%   4.3 4750s
 346846 233038 1455.60535   48   14 1726.45234 1439.07086  16.6%   4.3 4755s
 346895 233064 1457.11959   50    6 1726.45234 1439.07086  16.6%   4.3 4763s
 346919 233077 1465.34577   51    6 1726.45234 1439.07086  16.6%   4.3 4768s
 346941 233095 1523.94449   52    6 1726.45234 1439.07086  16.6%   4.3 4773s
 346970 233112 1571.84585   53    6 1726.45234 1439.07086  16.6%   4.3 4778s
 346998 233126 1603.23346   54    - 1726.45234 1439.07086  16.6%   4.3 4783s
 347029 233132 1625.93546   56    - 1726.45234 1439.07086  16.6%   4.3 4789s
 347045 233154 1631.82359   57    - 1726.45234 1439.07086  16.6%   4.3 4794s
 347081 233172 1572.10356   59    - 1726.45234 1439.07086  16.6%   4.3 4799s
 347114 233187 1626.50503   60    8 1726.45234 1439.07086  16.6%   4.3 4804s
 347146 233197 1574.07277   62   10 1726.45234 1439.07086  16.6%   4.3 4809s
 347181 233215 1706.56162   63    - 1726.45234 1439.07086  16.6%   4.3 4815s
 347220 233217 1581.17547   66    6 1726.45234 1439.07086  16.6%   4.3 4821s
 347262 233230 1679.04907   67    6 1726.45234 1439.07086  16.6%   4.3 4827s
 347296 233246 1606.99806   69   11 1726.45234 1439.07086  16.6%   4.3 4832s
 347342 233259 1704.05911   71    6 1726.45234 1439.07086  16.6%   4.3 4838s
 347392 233272 1634.05279   74   16 1726.45234 1439.07086  16.6%   4.3 4844s
 347449 233285     cutoff   77      1726.45234 1439.07086  16.6%   4.3 4850s
 347508 233303 1713.66749   81    - 1726.45234 1439.07086  16.6%   4.3 4857s
 347570 233323     cutoff   81      1726.45234 1439.07086  16.6%   4.3 4863s
 347631 233342 1439.07086   48   48 1726.45234 1439.07086  16.6%   4.3 4870s
 347695 233372 1439.07086   55   32 1726.45234 1439.07086  16.6%   4.3 4877s
 347769 233404 1439.07086   60   29 1726.45234 1439.07086  16.6%   4.3 4883s
 347849 233440 1439.07086   65   18 1726.45234 1439.07086  16.6%   4.3 4890s
 347934 233462 1439.07086   71   26 1726.45234 1439.07086  16.6%   4.3 4898s
 348016 233489 1439.07086   78   24 1726.45234 1439.07086  16.6%   4.3 4904s
 348108 233533 1439.07086   83   25 1726.45234 1439.07086  16.6%   4.3 4911s
 348210 233609 1439.07086   88   16 1726.45234 1439.07086  16.6%   4.3 4917s
 348340 233651 1439.07086  101   14 1726.45234 1439.07086  16.6%   4.3 4924s
 348458 233704 1439.07086  108   19 1726.45234 1439.07086  16.6%   4.3 4931s
 348565 233699 1439.07086  111   25 1726.45234 1439.07086  16.6%   4.3 4939s
 348603 233757 1439.07086  112   18 1726.45234 1439.07086  16.6%   4.3 4946s
 348719 233797 1439.07086  117   27 1726.45234 1439.07086  16.6%   4.3 4953s
 348831 233822 1439.07086  123   13 1726.45234 1439.07086  16.6%   4.3 4961s
 348956 233870 1439.07086  129   35 1726.45234 1439.07086  16.6%   4.3 5087s
 349087 233934 1440.78515  132   23 1726.45234 1439.07086  16.6%   4.3 5097s
 349242 234022 1451.80595  137   30 1726.45234 1439.07086  16.6%   4.3 5105s
 349452 234093 1465.08892  145   36 1726.45234 1439.07086  16.6%   4.3 5113s
 349655 234150 1479.98221  154   30 1726.45234 1439.07086  16.6%   4.3 5122s
 349860 234253 1498.15466  159   29 1726.45234 1439.07086  16.6%   4.3 5131s
 350101 234333 1512.98876  166   27 1726.45234 1439.07086  16.6%   4.3 5141s
 350338 234480 1545.20424  175   27 1726.45234 1439.07086  16.6%   4.3 5151s
 350629 234554 1626.61454  186   10 1726.45234 1439.07086  16.6%   4.3 5162s
 350899 234722 1466.71685   61    6 1726.45234 1439.07086  16.6%   4.3 5174s
 351227 234846 1495.20176   88    8 1726.45234 1439.07086  16.6%   4.3 5190s
 351548 234912 1511.79338  117   15 1726.45234 1439.07086  16.6%   4.3 5206s
 351857 235098 1439.07086   54   14 1726.45234 1439.07086  16.6%   4.3 5219s
 352210 235277 1450.30402   82   19 1726.45234 1439.07086  16.6%   4.3 5230s
 352603 235372 1503.76836  125   14 1726.45234 1439.07086  16.6%   4.3 5242s
 353000 235390     cutoff  134      1726.45234 1439.07086  16.6%   4.3 5253s
 353273 235559 1592.09826   54    - 1726.45234 1439.07086  16.6%   4.3 5265s
 353706 235670     cutoff   68      1726.45234 1439.07086  16.6%   4.3 5280s
 354111 235770 1653.51874   84   10 1726.45234 1439.07086  16.6%   4.3 5297s
 354484 235820 1723.39786   86    8 1726.45234 1439.07086  16.6%   4.3 5319s
 354810 235931 1512.25150   61    6 1726.45234 1439.07086  16.6%   4.3 5338s
 355214 236238 1477.72537   74   18 1726.45234 1439.07086  16.6%   4.3 5356s
 355759 236509     cutoff   88      1726.45234 1439.07086  16.6%   4.3 5375s
 356329 236784     cutoff  101      1726.45234 1439.07086  16.6%   4.3 5391s
 356932 237044     cutoff  119      1726.45234 1439.07086  16.6%   4.3 5407s
 357501 237268 1505.84680   70   12 1726.45234 1439.07086  16.6%   4.3 5426s
 358126 237603 1529.34230   85   14 1726.45234 1439.07086  16.6%   4.3 5443s
 358823 237644 1716.82219  136    - 1726.45234 1439.07086  16.6%   4.3 5467s
 359226 237812 1491.95779   47    6 1726.45234 1439.07086  16.6%   4.3 5501s
 359738 237748 1496.63114   47   11 1726.45234 1439.07086  16.6%   4.3 5522s
 359817 238011 1510.12433   48    - 1726.45234 1439.07086  16.6%   4.3 5550s
 360442 238242     cutoff   64      1726.45234 1439.07086  16.6%   4.3 5572s
 361139 238574     cutoff   83      1726.45234 1439.07086  16.6%   4.3 5594s
 361961 238926 1640.83536   94   17 1726.45234 1439.07086  16.6%   4.3 5615s
 362841 239275 1663.69761  122    8 1726.45234 1439.07086  16.6%   4.3 5643s
 363733 239419 1582.60097  100   13 1726.45234 1439.07086  16.6%   4.3 5672s
 364383 239913 1643.44160  123   13 1726.45234 1439.07086  16.6%   4.3 5697s
 365328 239910     cutoff  124      1726.45234 1439.07086  16.6%   4.3 5735s
 365868 240232 1649.79834   56    - 1726.45234 1439.07086  16.6%   4.3 5763s
 366777 240733 1556.71656   96   17 1726.45234 1439.07086  16.6%   4.3 5790s
 367824 241327     cutoff  137      1726.45234 1439.07086  16.6%   4.3 5816s
 369006 241979 infeasible  137      1726.45234 1439.07086  16.6%   4.3 5846s
 370210 242197 1477.12007  143    8 1726.45234 1439.07086  16.6%   4.3 5886s
 371161 242755     cutoff  174      1726.45234 1439.07086  16.6%   4.3 5912s
 372310 242818 1537.52574   85    6 1726.45234 1439.07086  16.6%   4.3 5949s
 373186 243463 1479.63675   94   21 1726.45234 1439.07086  16.6%   4.3 5980s
 374376 243809 1439.07086   61   15 1726.45234 1439.07086  16.6%   4.3 6012s
 375228 244539 1529.65293   54    - 1726.45234 1439.07086  16.6%   4.3 6049s
 376521 245350     cutoff  103      1726.45234 1439.07086  16.6%   4.3 6090s
 378009 245975 1583.30058   98   27 1726.45234 1439.07086  16.6%   4.3 6121s
 379456 246683     cutoff  130      1726.45234 1439.07086  16.6%   4.3 6153s
 380902 246615 1675.41766  164   13 1726.45234 1439.07086  16.6%   4.3 6188s
 381871 246689 1701.88978  167    - 1726.45234 1439.07086  16.6%   4.3 6225s
 382287 247815     cutoff  167      1726.45234 1439.07086  16.6%   4.3 6264s
 383840 248187 1442.92425   68    6 1726.45234 1439.07086  16.6%   4.3 6313s
 384978 248682 1456.89923   52    6 1726.45234 1439.07086  16.6%   4.3 6348s
 386259 249348 infeasible   84      1726.45234 1439.07086  16.6%   4.3 6380s
 387656 250007     cutoff  124      1726.45234 1439.07086  16.6%   4.3 6410s
 388948 250637     cutoff  120      1726.45234 1439.07086  16.6%   4.3 6446s
 390340 251418     cutoff  142      1726.45234 1439.07086  16.6%   4.3 6479s
 391743 251818 1577.04922   58    6 1726.45234 1439.07086  16.6%   4.3 6516s
 392870 252358     cutoff  126      1726.45234 1439.07086  16.6%   4.3 6549s
 393862 252541 infeasible  132      1726.45234 1439.07086  16.6%   4.3 6591s
 394912 253085 1581.79102   63    8 1726.45234 1439.07086  16.6%   4.3 6625s
 396163 253681 1566.06037  108    8 1726.45234 1439.07086  16.6%   4.3 6656s
 397510 254293     cutoff  121      1726.45234 1439.07086  16.6%   4.3 6686s
 398849 254849 1550.70592  150   26 1726.45234 1439.07086  16.6%   4.3 6718s
 400100 254934 1481.25986   67    6 1726.45234 1439.07086  16.6%   4.3 6768s
 400953 255467 1675.26082  104    8 1726.45234 1439.07086  16.6%   4.3 6807s
 402045 255855 1643.51844  130   12 1726.45234 1439.07086  16.6%   4.3 6844s
 403167 255783 1516.84510   61   11 1726.45234 1439.07086  16.6%   4.3 6899s
 403868 256512 1693.70624   69   14 1726.45234 1439.07086  16.6%   4.3 6936s
 404971 257066 1600.25886  112    6 1726.45234 1439.07086  16.6%   4.3 6983s
 406158 257595 1577.85379   83    8 1726.45234 1439.07086  16.6%   4.3 7021s
 407517 257868 1714.31280  151    - 1726.45234 1439.07086  16.6%   4.3 7051s
 408327 258539     cutoff  151      1726.45234 1439.07086  16.6%   4.3 7084s
 409671 259182     cutoff   97      1726.45234 1439.07086  16.6%   4.3 7125s
 410986 260072     cutoff  129      1726.45234 1439.07086  16.6%   4.3 7162s
 412485 260835 1515.68589   58    9 1726.45234 1439.07086  16.6%   4.3 7200s

Cutting planes:
  Gomory: 3
  Flow cover: 2
  RLT: 1
  Lazy constraints: 6246

Explored 413953 nodes (1782131 simplex iterations) in 7200.58 seconds
Thread count was 12 (of 12 available processors)

Solution count 2: 1726.45 1728.46 

Time limit reached
Best objective 1.726452340074e+03, best bound 1.439070863292e+03, gap 16.6458%

User-callback calls 2583123, time in user-callback 7.28 sec
/projects/academic/josewalt/caigao/RRARP_BD/BendersDecomp/ret/model_outs/n_23_m_4_algo_2.out
 =====>>>>> Solution is written to file in <../ret/model_outs> !!!
===>> All Done!
