NPROCS=0
This instance is clustered!
Gurobi Optimizer version 9.0.0 build v9.0.0rc2 (linux64)
Optimize a model with 36 rows, 325 columns and 648 nonzeros
Model fingerprint: 0x82135fd4
Variable types: 1 continuous, 324 integer (324 binary)
Coefficient statistics:
  Matrix range     [1e+00, 1e+00]
  Objective range  [1e+00, 3e+02]
  Bounds range     [1e+00, 1e+00]
  RHS range        [1e+00, 1e+00]
Presolve removed 2 rows and 51 columns
Presolve time: 0.00s
Presolved: 34 rows, 274 columns, 546 nonzeros
Variable types: 1 continuous, 273 integer (273 binary)

Root relaxation: objective 4.332398e+02, 25 iterations, 0.00 seconds

    Nodes    |    Current Node    |     Objective Bounds      |     Work
 Expl Unexpl |  Obj  Depth IntInf | Incumbent    BestBd   Gap | It/Node Time

     0     0  579.82107    0   16          -  579.82107      -     -    0s
     0     0  632.56729    0   22          -  632.56729      -     -    0s
     0     0  655.91853    0    6          -  655.91853      -     -    0s
     0     0  655.91853    0    6          -  655.91853      -     -    0s
     0     2  655.91853    0    6          -  655.91853      -     -    0s
H  493   489                     992.8765967  663.49291  33.2%   3.4    0s
*  928   719              71     906.4289125  669.38227  26.2%   3.8    0s
H 2001  1321                     903.6779831  699.02765  22.6%   3.9    0s
  8112  2616     cutoff   40       903.67798  738.34995  18.3%   5.6    5s
 12210  4306  823.87964   30   13  903.67798  749.61313  17.0%   5.9   10s
 15074  5486     cutoff   27       903.67798  755.89810  16.4%   5.9   15s
 17599  6622  856.14367   28    9  903.67798  759.20691  16.0%   6.0   20s
 19231  7201  763.62170   40    6  903.67798  761.77359  15.7%   6.1   25s
 19239  7206  799.89710   33   57  903.67798  761.77359  15.7%   6.0   30s
 19246  7216  761.77359   29   37  903.67798  761.77359  15.7%   6.1   35s
 19681  7393  798.46752   47   14  903.67798  761.77359  15.7%   6.1   40s
 21086  7682  761.77359   38   12  903.67798  761.77359  15.7%   6.1   45s
 22793  8037  811.09141   42    6  903.67798  761.77359  15.7%   6.1   50s
 24580  8360  801.32633   40   13  903.67798  761.77359  15.7%   6.1   55s
 26236  8752  778.07040   41    6  903.67798  761.77359  15.7%   6.1   60s
 28249  9119     cutoff   50       903.67798  761.77359  15.7%   6.1   66s
 29763  9385  895.60703   52    -  903.67798  761.77359  15.7%   6.1   70s
 31449  9753  792.41160   43   34  903.67798  761.77359  15.7%   6.1   76s
 32848  9969  811.21445   49   16  903.67798  761.77359  15.7%   6.1   81s
 33788 10194  802.81924   49   28  903.67798  761.77359  15.7%   6.1   85s
 35333 10410  799.01786   41   15  903.67798  761.77359  15.7%   6.1   91s
 36498 10543  797.55462   43   15  903.67798  761.77359  15.7%   6.1   97s
 37068 10611  791.20401   39   15  903.67798  761.77359  15.7%   6.1  100s
 38318 10826  778.33740   38    7  903.67798  762.38670  15.6%   6.1  105s
 39571 11056     cutoff   50       903.67798  763.69503  15.5%   6.1  110s
 40842 11305  835.53234   49   10  903.67798  765.00236  15.3%   6.1  116s
 42311 12012     cutoff   53       903.67798  766.83869  15.1%   6.1  122s
 43035 12334  801.32536   42   21  903.67798  767.51715  15.1%   6.1  125s
 44397 13008     cutoff   41       903.67798  768.45031  15.0%   6.1  132s
 45187 13419  833.76698   45   33  903.67798  769.12000  14.9%   6.2  135s
 46855 14220  786.07782   73   22  903.67798  770.68536  14.7%   6.1  144s
 47756 14561  796.43007   38   20  903.67798  771.07923  14.7%   6.1  149s
 48585 14973     cutoff   51       903.67798  771.79342  14.6%   6.1  153s
 49516 15378  860.90065   47   38  903.67798  772.78440  14.5%   6.2  159s
 50422 15745  850.73642   42   21  903.67798  773.20045  14.4%   6.2  164s
 51224 16117     cutoff   53       903.67798  774.16514  14.3%   6.2  170s
 52158 16491     cutoff   49       903.67798  775.01418  14.2%   6.2  176s
 53102 16893  831.23638   44    -  903.67798  775.89028  14.1%   6.2  181s
 53967 17272  814.66257   44    9  903.67798  776.18770  14.1%   6.2  187s
 54846 17625  829.19947   45   27  903.67798  776.60262  14.1%   6.2  194s
 55768 18013     cutoff   45       903.67798  777.48192  14.0%   6.2  199s
 56636 18442     cutoff   52       903.67798  778.16130  13.9%   6.2  205s
 57544 18785  789.16815   52   23  903.67798  778.67226  13.8%   6.2  211s
 58449 19161  790.21781   41    6  903.67798  778.99380  13.8%   6.2  218s
 59376 19507  799.78334   42   16  903.67798  779.28475  13.8%   6.2  226s
 60257 19909  793.15589   50    6  903.67798  779.74959  13.7%   6.2  233s
 61174 20284  796.68228   50    6  903.67798  780.27330  13.7%   6.2  240s
 62029 20631  853.52438   43   10  903.67798  780.84189  13.6%   6.2  247s
 62843 20940     cutoff   60       903.67798  781.06905  13.6%   6.2  257s
 63785 21291  829.75734   47   13  903.67798  781.73925  13.5%   6.2  265s
 64630 21605  881.00204   51   11  903.67798  781.92496  13.5%   6.2  274s
 65538 21952     cutoff   51       903.67798  782.39111  13.4%   6.2  283s
 66490 22318     cutoff   44       903.67798  783.17491  13.3%   6.2  292s
 67470 22741     cutoff   51       903.67798  783.42761  13.3%   6.2  302s
 68407 23130  793.73965   39   14  903.67798  784.16481  13.2%   6.2  311s
 69389 23459     cutoff   47       903.67798  784.55517  13.2%   6.3  321s
 70322 23846  891.22491   38   20  903.67798  785.17539  13.1%   6.3  332s
 71303 24258  793.00711   39    7  903.67798  785.63675  13.1%   6.3  341s
 72314 24579     cutoff   47       903.67798  786.11075  13.0%   6.3  353s
 73258 24988     cutoff   51       903.67798  786.47948  13.0%   6.3  363s
 74061 25262     cutoff   47       903.67798  786.76648  12.9%   6.3  374s
 75018 25718  893.19740   44   10  903.67798  787.15023  12.9%   6.3  385s
 76018 25992     cutoff   51       903.67798  787.57555  12.8%   6.3  396s
 76988 26399  890.44087   50    -  903.67798  788.06742  12.8%   6.3  407s
 78006 26775  821.07909   48   16  903.67798  788.50285  12.7%   6.3  418s
 79002 27142  811.55971   44   13  903.67798  788.67862  12.7%   6.3  430s
 80044 27550     cutoff   53       903.67798  789.42996  12.6%   6.3  442s
 81036 27879  820.16733   42   11  903.67798  789.51248  12.6%   6.3  456s
 82032 28271  803.04147   39   30  903.67798  789.94925  12.6%   6.3  468s
 83015 28580  893.28498   47    -  903.67798  790.48654  12.5%   6.3  482s
 84047 28899  826.04889   42    9  903.67798  790.71667  12.5%   6.3  497s
 85025 29253  865.63295   54   25  903.67798  791.11200  12.5%   6.3  510s
 86035 29650     cutoff   47       903.67798  791.55604  12.4%   6.3  525s
 87085 30033     cutoff   52       903.67798  791.95185  12.4%   6.3  539s
 88081 30351  805.22866   55   14  903.67798  792.51580  12.3%   6.4  552s
 89084 30725  836.65542   57   16  903.67798  792.81468  12.3%   6.4  566s
 90093 31081  820.94831   51   14  903.67798  793.24338  12.2%   6.4  582s
 91090 31418     cutoff   62       903.67798  793.54960  12.2%   6.4  598s
 92125 31752  803.09284   45    6  903.67798  794.00032  12.1%   6.4  613s
 93149 32099     cutoff   53       903.67798  794.29120  12.1%   6.4  628s
 94163 32456  827.88752   46    -  903.67798  794.47799  12.1%   6.4  646s
 95210 32864  821.37582   43   17  903.67798  794.98252  12.0%   6.4  662s
 96294 33190  832.70922   40    9  903.67798  795.53139  12.0%   6.4  679s
 97312 33572  882.48673   48   13  903.67798  795.70302  11.9%   6.4  697s
 98381 33976     cutoff   55       903.67798  796.06864  11.9%   6.4  715s
 99410 34350  822.99238   44   29  903.67798  796.37734  11.9%   6.4  732s
 100440 34684     cutoff   51       903.67798  796.62304  11.8%   6.4  748s
 101468 35005  875.41063   49   12  903.67798  796.84354  11.8%   6.4  765s
 102505 35409     cutoff   59       903.67798  797.06226  11.8%   6.4  783s
 103561 35756     cutoff   56       903.67798  797.41553  11.8%   6.4  801s
 104633 36110  816.97061   43   12  903.67798  797.71778  11.7%   6.4  819s
 105664 36446  886.66148   45   37  903.67798  798.07633  11.7%   6.4  839s
 106681 36811     cutoff   49       903.67798  798.29685  11.7%   6.4  854s
 107618 37166  861.92268   46   29  903.67798  798.69616  11.6%   6.4  875s
 108676 37483     cutoff   48       903.67798  798.93053  11.6%   6.4  893s
 109776 37833  861.50821   50   10  903.67798  799.11889  11.6%   6.4  912s
 110852 38276     cutoff   63       903.67798  799.55610  11.5%   6.5  933s
 111982 38658     cutoff   50       903.67798  799.84370  11.5%   6.4  953s
 113022 38995     cutoff   50       903.67798  800.10063  11.5%   6.5  973s
 114116 39419  808.83489   43   33  903.67798  800.39727  11.4%   6.5  994s
 115215 39789     cutoff   45       903.67798  800.55608  11.4%   6.5 1015s
 116279 40152  817.50345   44   18  903.67798  800.75476  11.4%   6.5 1042s
 117345 40542  810.55005   42   17  903.67798  801.23385  11.3%   6.5 1071s
 118435 40933     cutoff   52       903.67798  801.52592  11.3%   6.5 1096s
 119484 41260  841.12568   48   15  903.67798  801.79359  11.3%   6.5 1122s
 120558 41620  845.99578   52    9  903.67798  801.90005  11.3%   6.5 1150s
 121672 41971     cutoff   47       903.67798  802.38030  11.2%   6.5 1180s
 122768 42400  877.64539   54   11  903.67798  802.48284  11.2%   6.5 1208s
 123902 42741  811.58566   59   13  903.67798  802.80497  11.2%   6.5 1230s
 124939 43149     cutoff   60       903.67798  803.27933  11.1%   6.5 1252s
 126001 43474  846.97206   47   27  903.67798  803.42198  11.1%   6.5 1280s
 127092 43886     cutoff   54       903.67798  803.72350  11.1%   6.5 1301s
 128151 44193     cutoff   52       903.67798  803.98985  11.0%   6.5 1325s
 129230 44507  850.84492   51   19  903.67798  804.24060  11.0%   6.5 1346s
 130209 44859  852.06256   44    9  903.67798  804.49640  11.0%   6.5 1371s
 131307 45256     cutoff   51       903.67798  804.69423  11.0%   6.5 1397s
 132379 45633  852.12396   58   18  903.67798  804.92057  10.9%   6.5 1421s
 133525 45981  870.32601   46   13  903.67798  805.09952  10.9%   6.5 1447s
 134554 46272  817.21389   43    6  903.67798  805.47321  10.9%   6.5 1473s
 135627 46613  808.15705   49   12  903.67798  805.56376  10.9%   6.5 1497s
 136709 46952  860.18833   43   11  903.67798  805.89865  10.8%   6.5 1519s
 137795 47305  861.54462   59   44  903.67798  806.09534  10.8%   6.5 1547s
 138891 47633     cutoff   53       903.67798  806.40813  10.8%   6.5 1577s
 140018 47989     cutoff   51       903.67798  806.64867  10.7%   6.5 1605s
 141178 48383  823.41527   47   42  903.67798  806.88929  10.7%   6.5 1632s
 142305 48712     cutoff   63       903.67798  807.08156  10.7%   6.5 1661s
 143400 49066     cutoff   50       903.67798  807.12331  10.7%   6.5 1688s
 144554 49466     cutoff   51       903.67798  807.55126  10.6%   6.5 1719s
 145640 49745  879.02723   55   10  903.67798  807.72062  10.6%   6.5 1751s
 146772 50076  856.33504   49    7  903.67798  807.82949  10.6%   6.5 1778s
 147904 50431  823.07298   49   12  903.67798  808.27725  10.6%   6.5 1808s
 148989 50781     cutoff   62       903.67798  808.49504  10.5%   6.5 1836s
 150032 51097  811.06776   40   39  903.67798  808.52973  10.5%   6.5 1865s
 151141 51444     cutoff   53       903.67798  808.88421  10.5%   6.5 1896s
 152253 51730     cutoff   48       903.67798  808.88597  10.5%   6.5 1930s
 153343 52110  846.43880   43   23  903.67798  809.05921  10.5%   6.5 1964s
 154482 52458  843.71729   40   13  903.67798  809.40765  10.4%   6.5 1993s
 155592 52834  840.94954   43   17  903.67798  809.63131  10.4%   6.5 2020s
 156736 53267  820.28447   48   17  903.67798  809.81705  10.4%   6.5 2047s
 157898 53594     cutoff   48       903.67798  810.09247  10.4%   6.5 2075s
 159043 53967  848.29622   48    9  903.67798  810.24707  10.3%   6.5 2103s
 160154 54348  874.41710   50   24  903.67798  810.43857  10.3%   6.5 2131s
 161298 54700     cutoff   47       903.67798  810.65716  10.3%   6.5 2159s
 162414 55056  870.69674   44   25  903.67798  810.94205  10.3%   6.5 2187s
 163510 55341     cutoff   59       903.67798  810.97445  10.3%   6.5 2221s
 164576 55702  833.51685   50    7  903.67798  811.20586  10.2%   6.5 2251s
 165729 56002     cutoff   50       903.67798  811.56029  10.2%   6.5 2277s
 166759 56340  827.04567   38   12  903.67798  811.68915  10.2%   6.6 2307s
 167899 56654  848.49501   43   15  903.67798  811.95630  10.1%   6.6 2343s
 169027 57028     cutoff   51       903.67798  812.04705  10.1%   6.6 2376s
 170138 57340     cutoff   45       903.67798  812.34496  10.1%   6.6 2408s
 171259 57677  872.08436   50    7  903.67798  812.52810  10.1%   6.6 2442s
 172436 58095  877.98860   53   11  903.67798  812.63446  10.1%   6.6 2479s
 173560 58398  898.21029   46   14  903.67798  812.81749  10.1%   6.6 2509s
 174680 58748     cutoff   49       903.67798  813.12270  10.0%   6.6 2542s
 175776 59094  854.08801   49    9  903.67798  813.35013  10.0%   6.6 2582s
 176963 59463  839.27961   55   17  903.67798  813.38754  10.0%   6.6 2613s
 178118 59739  834.95198   47   26  903.67798  813.56675  10.0%   6.6 2648s
 179265 60110  827.25135   47    7  903.67798  813.95868  9.93%   6.6 2682s
 180421 60435     cutoff   59       903.67798  814.09873  9.91%   6.6 2717s
 181509 60732  879.43150   43   31  903.67798  814.26956  9.89%   6.6 2749s
 182566 60926  861.88293   50    7  903.67798  814.45369  9.87%   6.6 2785s
 183649 61284  859.68075   46    -  903.67798  814.60800  9.86%   6.6 2817s
 184826 61655  845.27392   46    8  903.67798  814.74793  9.84%   6.6 2854s
 185949 62043     cutoff   53       903.67798  815.00751  9.81%   6.6 2886s
 187114 62315     cutoff   55       903.67798  815.14211  9.80%   6.6 2922s
 188259 62637  825.23545   50   24  903.67798  815.39654  9.77%   6.6 2956s
 189390 62968     cutoff   54       903.67798  815.56028  9.75%   6.6 2994s
 190346 63163  846.89270   48    8  903.67798  815.60280  9.75%   6.6 2995s
 190530 63273     cutoff   45       903.67798  815.64212  9.74%   6.6 3029s
 191676 63613  830.54128   54   18  903.67798  815.88370  9.72%   6.6 3065s
 192799 63976  828.03099   42   20  903.67798  816.03173  9.70%   6.6 3101s
 193958 64282  837.90920   47   41  903.67798  816.10815  9.69%   6.6 3135s
 195109 64555     cutoff   50       903.67798  816.35750  9.66%   6.6 3180s
 196152 64871     cutoff   49       903.67798  816.49826  9.65%   6.6 3219s
 197330 65187     cutoff   51       903.67798  816.57280  9.64%   6.6 3257s
 198463 65511  847.26726   49   34  903.67798  816.78030  9.62%   6.6 3298s
 199589 65854  856.15997   45    9  903.67798  817.02785  9.59%   6.6 3341s
 200752 66207     cutoff   55       903.67798  817.18157  9.57%   6.6 3376s
 201885 66530     cutoff   53       903.67798  817.21285  9.57%   6.6 3413s
 203034 66884     cutoff   44       903.67798  817.51377  9.53%   6.6 3455s
 204187 67231  827.33867   43    9  903.67798  817.67375  9.52%   6.6 3501s
 205334 67509  874.18370   47   16  903.67798  817.90303  9.49%   6.6 3542s
 206454 67808     cutoff   70       903.67798  818.02271  9.48%   6.6 3579s
 207586 68097  818.92885   43   14  903.67798  818.19199  9.46%   6.6 3617s
 208647 68332     cutoff   50       903.67798  818.28668  9.45%   6.6 3657s
 209791 68664     cutoff   54       903.67798  818.34937  9.44%   6.6 3694s
 210944 69011     cutoff   62       903.67798  818.61342  9.41%   6.6 3736s
 212101 69363     cutoff   47       903.67798  818.76627  9.40%   6.6 3774s
 213261 69680     cutoff   52       903.67798  818.93996  9.38%   6.6 3814s
 214431 70003  848.93822   51   15  903.67798  819.16470  9.35%   6.6 3855s
 215582 70353  855.28346   38   11  903.67798  819.32992  9.33%   6.6 3898s
 216769 70660     cutoff   57       903.67798  819.35371  9.33%   6.6 3947s
 217894 71001     cutoff   57       903.67798  819.60166  9.30%   6.6 3987s
 219069 71366     cutoff   48       903.67798  819.79880  9.28%   6.6 4028s
 220287 71747     cutoff   59       903.67798  819.92582  9.27%   6.6 4068s
 221424 72130  847.25689   45    9  903.67798  819.99794  9.26%   6.6 4107s
 222611 72464     cutoff   61       903.67798  820.12103  9.25%   6.6 4154s
 223768 72770  827.76555   44    6  903.67798  820.38406  9.22%   6.6 4199s
 223955 72824  830.32395   45   36  903.67798  820.38511  9.22%   6.6 4200s
 224866 73134  838.86868   45    6  903.67798  820.50990  9.20%   6.6 4240s
 226020 73476  858.10656   52    9  903.67798  820.66387  9.19%   6.6 4283s
 227197 73801  857.05902   44   19  903.67798  820.75868  9.18%   6.6 4328s
 228367 74141  878.20364   47   26  903.67798  820.90138  9.16%   6.6 4375s
 229522 74513  830.31207   44   11  903.67798  821.07307  9.14%   6.6 4423s
 230696 74795     cutoff   53       903.67798  821.15225  9.13%   6.6 4469s
 231852 75154     cutoff   50       903.67798  821.29422  9.12%   6.6 4513s
 233022 75459  843.48275   37   10  903.67798  821.52433  9.09%   6.6 4556s
 234175 75773  834.38782   48   32  903.67798  821.69431  9.07%   6.6 4600s
 235267 76045  829.58789   56    7  903.67798  821.82113  9.06%   6.6 4652s
 236417 76331     cutoff   52       903.67798  821.87224  9.05%   6.6 4696s
 237550 76696  860.90115   45   14  903.67798  821.97941  9.04%   6.6 4742s
 238686 77002     cutoff   54       903.67798  822.27064  9.01%   6.6 4796s
 239872 77297     cutoff   51       903.67798  822.40441  8.99%   6.6 4848s
 241031 77657     cutoff   55       903.67798  822.53772  8.98%   6.6 4898s
 242235 77949     cutoff   52       903.67798  822.59841  8.97%   6.6 4949s
 243359 78237     cutoff   53       903.67798  822.79681  8.95%   6.6 4996s
 244538 78642  883.78655   43   18  903.67798  822.83668  8.95%   6.6 5044s
 245697 78960     cutoff   48       903.67798  823.08068  8.92%   6.6 5100s
 246903 79183  885.19724   58    6  903.67798  823.15410  8.91%   6.6 5145s
 246905 79184  893.38591   47   51  903.67798  823.15410  8.91%   6.6 5163s
 246906 79185  898.02522   61   49  903.67798  823.15410  8.91%   6.6 5171s
 246909 79187  889.40880   55   61  903.67798  823.15410  8.91%   6.6 5181s
 246910 79188  833.96064   47   63  903.67798  823.15410  8.91%   6.6 5207s
 246911 79188  825.53850   49   63  903.67798  823.15410  8.91%   6.6 5217s
 246912 79189  855.86368   47   63  903.67798  823.15410  8.91%   6.6 5220s
 246913 79193  823.15410   40   60  903.67798  823.15410  8.91%   6.6 5250s
 246915 79196  823.15410   41   52  903.67798  823.15410  8.91%   6.6 5271s
 246919 79203  823.15410   42   69  903.67798  823.15410  8.91%   6.6 5298s
 246927 79212  823.15410   43   61  903.67798  823.15410  8.91%   6.6 5317s
 246939 79220  823.15410   44   58  903.67798  823.15410  8.91%   6.6 5330s
 246951 79228  823.15410   44   65  903.67798  823.15410  8.91%   6.6 5337s
 246963 79236  823.15410   45   52  903.67798  823.15410  8.91%   6.6 5345s
 246990 79258  823.15410   46   56  903.67798  823.15410  8.91%   6.6 5354s
 247006 79270  823.15410   46   65  903.67798  823.15410  8.91%   6.6 5358s
 247025 79284  823.15410   47   32  903.67798  823.15410  8.91%   6.6 5361s
 247046 79298  823.15410   48   47  903.67798  823.15410  8.91%   6.6 5365s
 247089 79328  823.15410   49   35  903.67798  823.15410  8.91%   6.6 5370s
 247115 79338  823.15410   51   17  903.67798  823.15410  8.91%   6.6 5375s
 247167 79359  823.15410   53   22  903.67798  823.15410  8.91%   6.6 5382s
 247195 79361  823.15410   54   29  903.67798  823.15410  8.91%   6.6 5386s
 247223 79363  823.15410   55    6  903.67798  823.15410  8.91%   6.6 5390s
 247280 79365  823.15410   57   31  903.67798  823.15410  8.91%   6.6 5398s
 247312 79371  853.62841   58    6  903.67798  823.15410  8.91%   6.6 5402s
 247345 79378  899.34479   59    -  903.67798  823.15410  8.91%   6.6 5406s
 247425 79420  823.15410   62   29  903.67798  823.15410  8.91%   6.6 5413s
 247473 79430  846.56909   63   11  903.67798  823.15410  8.91%   6.6 5417s
 247520 79434  894.32215   64   21  903.67798  823.15410  8.91%   6.6 5422s
 247571 79439  836.95926   66   17  903.67798  823.15410  8.91%   6.6 5428s
 247621 79443  823.15410   69   42  903.67798  823.15410  8.91%   6.6 5434s
 247672 79458  823.15410   71   27  903.67798  823.15410  8.91%   6.6 5438s
 247736 79450  864.72305   74    -  903.67798  823.15410  8.91%   6.6 5448s
 247783 79484  823.15410   46   48  903.67798  823.15410  8.91%   6.6 5455s
 247857 79510  823.15410   49   45  903.67798  823.15410  8.91%   6.6 5463s
 247924 79548  823.15410   50   35  903.67798  823.15410  8.91%   6.6 5471s
 248007 79551  823.15410   55   22  903.67798  823.15410  8.91%   6.6 5479s
 248049 79585  823.15410   57   23  903.67798  823.15410  8.91%   6.6 5486s
 248139 79608  829.58163   62   32  903.67798  823.15410  8.91%   6.6 5494s
 248234 79634  831.93306   77   30  903.67798  823.15410  8.91%   6.6 5500s
 248319 79662  835.47706   83   34  903.67798  823.15410  8.91%   6.6 5506s
 248424 79710  823.15410   58   38  903.67798  823.15410  8.91%   6.6 5512s
 248546 79744  823.15410   69   36  903.67798  823.15410  8.91%   6.6 5519s
 248677 79750     cutoff   75       903.67798  823.15410  8.91%   6.6 5526s
 248798 79792  823.15410   52   15  903.67798  823.15410  8.91%   6.6 5534s
 248920 79856  843.48975   54   20  903.67798  823.15410  8.91%   6.6 5541s
 249049 79928  898.34116   60   16  903.67798  823.15410  8.91%   6.6 5548s
 249213 79910  854.65324   71   25  903.67798  823.15410  8.91%   6.6 5555s
 249365 79963  823.15410   50   31  903.67798  823.15410  8.91%   6.6 5563s
 249524 80039  823.15410   53   28  903.67798  823.15410  8.91%   6.6 5572s
 249702 80087  823.15410   67   44  903.67798  823.15410  8.91%   6.6 5580s
 249881 80155     cutoff   77       903.67798  823.15410  8.91%   6.6 5590s
 250075 80237  823.15410   53   25  903.67798  823.15410  8.91%   6.6 5601s
 250267 80309  876.56364   56   14  903.67798  823.15410  8.91%   6.6 5611s
 250473 80345  877.80218   59   18  903.67798  823.15410  8.91%   6.6 5620s
 250674 80418  823.15410   54   16  903.67798  823.15410  8.91%   6.6 5632s
 250892 80473  853.26036   59    8  903.67798  823.15410  8.91%   6.6 5643s
 251114 80535  882.67902   69   26  903.67798  823.15410  8.91%   6.6 5653s
 251337 80619  823.15410   65   13  903.67798  823.15410  8.91%   6.6 5665s
 251593 80722  823.15410   52   26  903.67798  823.15410  8.91%   6.6 5680s
 251865 80806  826.11728   69   32  903.67798  823.15410  8.91%   6.6 5693s
 252121 80905  823.15410   61    9  903.67798  823.15410  8.91%   6.6 5707s
 252406 80989     cutoff   66       903.67798  823.15410  8.91%   6.6 5722s
 252710 81096  823.15410   54   36  903.67798  823.15410  8.91%   6.6 5736s
 253018 81201     cutoff   75       903.67798  823.15410  8.91%   6.6 5751s
 253325 81322  849.91014   53    6  903.67798  823.15410  8.91%   6.6 5764s
 253649 81315  853.10961   54   35  903.67798  823.15410  8.91%   6.6 5776s
 253845 81436  857.39877   83   41  903.67798  823.15410  8.91%   6.6 5793s
 254193 81543  823.15410   58   35  903.67798  823.15410  8.91%   6.6 5811s
 254526 81625     cutoff   58       903.67798  823.15410  8.91%   6.6 5828s
 254878 81783  823.15410   56   31  903.67798  823.15410  8.91%   6.6 5848s
 255284 81931  823.15410   57   27  903.67798  823.15410  8.91%   6.6 5868s
 255706 82046  823.15410   48   24  903.67798  823.15410  8.91%   6.6 5888s
 256131 82184  823.15410   61   46  903.67798  823.15410  8.91%   6.6 5906s
 256601 82351  823.15410   61   13  903.67798  823.15410  8.91%   6.6 5929s
 257073 82478  823.15410   51   16  903.67798  823.15410  8.91%   6.6 5951s
 257556 82647     cutoff   64       903.67798  823.15410  8.91%   6.6 5975s
 258079 82888  858.46323   86   17  903.67798  823.15410  8.91%   6.6 5996s
 258642 83064  823.15410   66   20  903.67798  823.15410  8.91%   6.6 6018s
 259197 83226  823.15410   53   27  903.67798  823.15410  8.91%   6.6 6042s
 259771 83386  823.15410   60   54  903.67798  823.15410  8.91%   6.5 6065s
 260310 83542  823.15410   61   27  903.67798  823.15410  8.91%   6.5 6088s
 260841 83660  893.56848   69   15  903.67798  823.15410  8.91%   6.5 6115s
 261460 83857     cutoff   56       903.67798  823.15410  8.91%   6.5 6141s
 262104 84069  841.00584   55    9  903.67798  823.15410  8.91%   6.5 6169s
 262788 84227     cutoff   67       903.67798  823.15410  8.91%   6.5 6196s
 263475 84443  876.45774   59   14  903.67798  823.15410  8.91%   6.5 6225s
 264208 84606  858.69480   54   19  903.67798  823.15410  8.91%   6.5 6253s
 264943 84791  834.48556   73    9  903.67798  823.15410  8.91%   6.5 6285s
 265712 85098  876.93844   79   19  903.67798  823.15410  8.91%   6.5 6318s
 266564 85337  823.15410   54   29  903.67798  823.15410  8.91%   6.5 6347s
 267436 85592  833.36273   62   12  903.67798  823.15410  8.91%   6.5 6381s
 268318 85844  854.33667   63   27  903.67798  823.15410  8.91%   6.5 6423s
 269205 86044     cutoff   74       903.67798  823.15410  8.91%   6.5 6454s
 270059 86367  890.31331   72   21  903.67798  823.15410  8.91%   6.5 6494s
 271060 86677     cutoff   74       903.67798  823.15410  8.91%   6.5 6534s
 272119 86948     cutoff   78       903.67798  823.15410  8.91%   6.5 6575s
 273194 87234     cutoff   69       903.67798  823.15410  8.91%   6.5 6617s
 274306 87491     cutoff   66       903.67798  823.15410  8.91%   6.5 6662s
 275358 87717  872.16642   63    -  903.67798  823.15410  8.91%   6.5 6708s
 276425 88053     cutoff   60       903.67798  823.15410  8.91%   6.5 6756s
 277652 88344  882.33122   83   12  903.67798  823.15410  8.91%   6.5 6801s
 278892 88625     cutoff   90       903.67798  823.15410  8.91%   6.5 6859s
 280130 88945  900.74119   52   32  903.67798  823.15410  8.91%   6.5 6910s
 281374 89172     cutoff   55       903.67798  823.15410  8.91%   6.5 6958s
 282485 89479     cutoff   57       903.67798  823.15410  8.91%   6.5 7005s
 283721 89693     cutoff   73       903.67798  823.15410  8.91%   6.5 7053s
 284950 89957  834.97391   82   23  903.67798  823.15410  8.91%   6.5 7096s
 286184 90167  854.71657   82   28  903.67798  823.15410  8.91%   6.5 7145s
 287404 90354     cutoff   72       903.67798  823.15410  8.91%   6.5 7194s
 288483 90133  888.50277   64   17  903.67798  823.15410  8.91%   6.5 7200s

Cutting planes:
  Gomory: 4
  Zero half: 1
  RLT: 1
  Lazy constraints: 2773

Explored 288579 nodes (1872686 simplex iterations) in 7200.56 seconds
Thread count was 12 (of 12 available processors)

Solution count 3: 903.678 906.429 992.877 

Time limit reached
Best objective 9.036779831248e+02, best bound 8.231540971942e+02, gap 8.9107%

User-callback calls 1473394, time in user-callback 4.66 sec
/projects/academic/josewalt/caigao/RRARP_BD/BendersDecomp/ret/model_outs/n_16_h_7_algo_2.out
 =====>>>>> Solution is written to file in <../ret/model_outs> !!!
===>> All Done!
