NPROCS=0
This instance is clustered!
Gurobi Optimizer version 9.0.0 build v9.0.0rc2 (linux64)
Optimize a model with 38 rows, 362 columns and 722 nonzeros
Model fingerprint: 0x85f32dc3
Variable types: 1 continuous, 361 integer (361 binary)
Coefficient statistics:
  Matrix range     [1e+00, 1e+00]
  Objective range  [1e+00, 3e+02]
  Bounds range     [1e+00, 1e+00]
  RHS range        [1e+00, 1e+00]
Presolve removed 2 rows and 54 columns
Presolve time: 0.00s
Presolved: 36 rows, 308 columns, 614 nonzeros
Variable types: 1 continuous, 307 integer (307 binary)

Root relaxation: objective 4.770249e+02, 33 iterations, 0.00 seconds

    Nodes    |    Current Node    |     Objective Bounds      |     Work
 Expl Unexpl |  Obj  Depth IntInf | Incumbent    BestBd   Gap | It/Node Time

     0     0  574.55349    0   18          -  574.55349      -     -    0s
     0     0  812.73502    0   38          -  812.73502      -     -    0s
H    0     0                    1003.1292350  812.73502  19.0%     -    0s
     0     0  813.17859    0   39 1003.12924  813.17859  18.9%     -    0s
     0     0  813.17859    0   24 1003.12924  813.17859  18.9%     -    0s
H    0     0                     973.0877224  813.17859  16.4%     -    0s
     0     2  813.17859    0   24  973.08772  813.17859  16.4%     -    0s
H 2069  1405                     971.7734692  822.49457  15.4%   3.5    0s
 11013  5350  923.74346   53    6  971.77347  845.34136  13.0%   3.7    5s
 16990  8655  956.88469   38    6  971.77347  853.11350  12.2%   3.8   10s
 22712 11546  937.07865   49   18  971.77347  858.73235  11.6%   3.9   16s
 26051 13322  948.14974   36   24  971.77347  861.18848  11.4%   3.9   21s
 26057 13326  898.33151   30   36  971.77347  861.18848  11.4%   3.9   25s
 26059 13327  870.32043   23   36  971.77347  861.18848  11.4%   3.9   48s
 26074 13350  861.18848   29   36  971.77347  861.18848  11.4%   3.9   50s
 27084 13669  894.89338   61    8  971.77347  861.18848  11.4%   3.9   55s
 29900 14632  955.95572   68    -  971.77347  861.18848  11.4%   3.9   60s
 32950 15904  870.61060   52   25  971.77347  861.18848  11.4%   3.8   65s
 37443 17318  926.26417   52   19  971.77347  861.18848  11.4%   3.8   70s
 39511 18366  925.84439   40    6  971.77347  861.18848  11.4%   3.8   75s
 44337 20224     cutoff   59       971.77347  861.18848  11.4%   3.7   81s
 47253 21000     cutoff   66       971.77347  861.18848  11.4%   3.7   85s
 50724 22101  944.94224   52    6  971.77347  861.18848  11.4%   3.7   91s
 53855 22595 infeasible   71       971.77347  861.18848  11.4%   3.8   96s
 55071 22809 infeasible   61       971.77347  861.18848  11.4%   3.8  100s
 57641 23503     cutoff   67       971.77347  862.34082  11.3%   3.8  105s
 61216 24412     cutoff   68       971.77347  864.20884  11.1%   3.8  111s
 63526 24773  925.63412   36    6  971.77347  865.00318  11.0%   3.8  115s
 65716 25270     cutoff   58       971.77347  865.62064  10.9%   3.8  120s
 69039 26989 infeasible   68       971.77347  867.56767  10.7%   3.8  127s
 70947 27760  908.35864   49    9  971.77347  868.24632  10.7%   3.8  131s
 72821 28870 infeasible   65       971.77347  868.92211  10.6%   3.8  136s
 74800 29810  909.03322   55   25  971.77347  869.63865  10.5%   3.8  141s
 76941 30802     cutoff   56       971.77347  870.65836  10.4%   3.8  148s
 77574 31242  968.52582   57    6  971.77347  870.85291  10.4%   3.8  151s
 79610 32216     cutoff   61       971.77347  871.54762  10.3%   3.8  156s
 81614 33407  943.18104   74    6  971.77347  872.30366  10.2%   3.9  162s
 82731 33765     cutoff   77       971.77347  872.65988  10.2%   3.9  165s
 84690 34804     cutoff   70       971.77347  873.42056  10.1%   3.9  171s
 86575 35598  955.37659   61    8  971.77347  874.12880  10.0%   3.9  177s
 87481 36291  969.34446   66    6  971.77347  874.39262  10.0%   3.9  180s
 89641 37192  931.69520   50   12  971.77347  875.13817  9.94%   3.9  185s
 91488 38014 infeasible   67       971.77347  875.85990  9.87%   3.9  192s
 92500 38471 infeasible   97       971.77347  876.28927  9.83%   3.9  195s
 94459 39352  962.74396   78    6  971.77347  876.79412  9.77%   3.9  201s
 95328 39661 infeasible   79       971.77347  876.97159  9.76%   3.9  205s
 97382 40664     cutoff   80       971.77347  877.77107  9.67%   3.9  212s
 98296 41032  954.13228   67   11  971.77347  877.87281  9.66%   3.9  215s
 100065 41902 infeasible   54       971.77347  878.39725  9.61%   3.9  223s
 101121 42285  913.17391   70    6  971.77347  878.49368  9.60%   3.9  227s
 102117 42752     cutoff   77       971.77347  879.13131  9.53%   3.9  232s
 103072 43338  897.18485   62   27  971.77347  879.39035  9.51%   3.9  236s
 104160 43722     cutoff   65       971.77347  879.84477  9.46%   3.9  241s
 105029 44224  938.20837   68   10  971.77347  880.04694  9.44%   3.9  246s
 106112 44658     cutoff   73       971.77347  880.31803  9.41%   3.9  250s
 108074 45254 infeasible   63       971.77347  880.93261  9.35%   3.9  258s
 108234 45595     cutoff   54       971.77347  881.03636  9.34%   3.9  262s
 109268 45953 infeasible   64       971.77347  881.19279  9.32%   3.9  267s
 110137 46360 infeasible   78       971.77347  881.47652  9.29%   3.9  271s
 111213 46826  934.46036   50   17  971.77347  881.90520  9.25%   3.9  278s
 112239 47299     cutoff   89       971.77347  882.14581  9.22%   3.9  283s
 113252 47663     cutoff   60       971.77347  882.45162  9.19%   3.9  289s
 114174 48083     cutoff   67       971.77347  882.50672  9.19%   3.9  294s
 115162 48473  954.43649   74    6  971.77347  882.94546  9.14%   3.9  299s
 116177 48909  961.93813   75    8  971.77347  883.14449  9.12%   3.9  304s
 117256 49357  969.83452   77    9  971.77347  883.47237  9.09%   3.9  310s
 118346 49888  950.24421   44   14  971.77347  883.68643  9.06%   4.0  316s
 119511 50268     cutoff   62       971.77347  883.96449  9.04%   4.0  322s
 120380 50674     cutoff   76       971.77347  884.32867  9.00%   4.0  328s
 121415 50885  958.95286   95    6  971.77347  884.32867  9.00%   4.0  336s
 121764 51152     cutoff   96       971.77347  884.58246  8.97%   4.0  341s
 122715 51619  915.81316   53   15  971.77347  884.80440  8.95%   4.0  347s
 123703 52170  920.76052   45    -  971.77347  884.95223  8.93%   4.0  353s
 124961 52607     cutoff   60       971.77347  885.39557  8.89%   4.0  359s
 125995 52975     cutoff   65       971.77347  885.51704  8.88%   4.0  365s
 127097 53622  935.62323   77    6  971.77347  885.91094  8.84%   4.0  371s
 128320 53973     cutoff   61       971.77347  886.26331  8.80%   4.0  376s
 129164 54343  939.45785   42    6  971.77347  886.47295  8.78%   4.0  383s
 130289 54800     cutoff   72       971.77347  886.70037  8.75%   4.0  388s
 131335 55150  951.87167   70    6  971.77347  886.97684  8.73%   4.0  395s
 132339 55624 infeasible   72       971.77347  887.08305  8.72%   4.0  402s
 133523 56096  915.01124   87   17  971.77347  887.29227  8.69%   4.0  409s
 134641 56549  936.92683   92   21  971.77347  887.69667  8.65%   4.0  415s
 135731 56973     cutoff   45       971.77347  887.90777  8.63%   4.0  421s
 136830 57360  890.43989   69   21  971.77347  888.22194  8.60%   4.0  429s
 137946 57531  970.49856   75    6  971.77347  888.22967  8.60%   4.0  438s
 138220 57833  889.82507   44    6  971.77347  888.38220  8.58%   4.0  445s
 139105 58185     cutoff   58       971.77347  888.50507  8.57%   4.0  452s
 140284 58608  898.08013   78   21  971.77347  888.83289  8.53%   4.0  459s
 141218 58766     cutoff   69       971.77347  888.88249  8.53%   4.0  460s
 141415 59172  955.64926   90   12  971.77347  889.02144  8.52%   4.0  466s
 142665 59638 infeasible   58       971.77347  889.13974  8.50%   4.0  473s
 143842 59969     cutoff   74       971.77347  889.48553  8.47%   4.0  480s
 144895 60443     cutoff   72       971.77347  889.70982  8.44%   4.0  487s
 146106 60847  921.62495   65   16  971.77347  889.84267  8.43%   4.0  494s
 147238 61281     cutoff   76       971.77347  890.18350  8.40%   4.0  500s
 148129 61706 infeasible   74       971.77347  890.29591  8.38%   4.0  508s
 149348 62137     cutoff   55       971.77347  890.45174  8.37%   4.0  516s
 150570 62467  918.73282   41    6  971.77347  890.62387  8.35%   4.0  523s
 151449 62816  965.64482   87    6  971.77347  890.95645  8.32%   4.0  531s
 152572 63223  960.99358   84   18  971.77347  891.11693  8.30%   4.0  539s
 153617 63570  913.56354   40    8  971.77347  891.42596  8.27%   4.0  547s
 154767 64042     cutoff   67       971.77347  891.54424  8.26%   4.0  554s
 155773 64320     cutoff   69       971.77347  891.71227  8.24%   4.0  562s
 156842 64810 infeasible   73       971.77347  891.99872  8.21%   4.0  571s
 158056 65097 infeasible   73       971.77347  892.29430  8.18%   4.0  580s
 158913 65370 infeasible   68       971.77347  892.40265  8.17%   4.0  589s
 160054 65797     cutoff   62       971.77347  892.56708  8.15%   4.0  598s
 161267 66152     cutoff   70       971.77347  892.87274  8.12%   4.0  608s
 162317 66506 infeasible   57       971.77347  893.07907  8.10%   4.0  616s
 163383 66835  946.38905   60   15  971.77347  893.33294  8.07%   4.0  625s
 164378 67170     cutoff   71       971.77347  893.50616  8.05%   4.0  633s
 165485 67481     cutoff   67       971.77347  893.77825  8.03%   4.0  642s
 166499 67771  931.92281   68    6  971.77347  893.89601  8.01%   4.0  651s
 167553 68159     cutoff   71       971.77347  893.99477  8.00%   4.0  659s
 168700 68528     cutoff   75       971.77347  894.20387  7.98%   4.0  670s
 169803 68733     cutoff   61       971.77347  894.41763  7.96%   4.0  683s
 170024 69034 infeasible   63       971.77347  894.53410  7.95%   4.0  692s
 170994 69358  947.39095   58    8  971.77347  894.67674  7.93%   4.0  701s
 172269 69766 infeasible   60       971.77347  894.75911  7.93%   4.0  710s
 173421 70103  939.50790   74    6  971.77347  895.09815  7.89%   4.0  720s
 174635 70478     cutoff   61       971.77347  895.30306  7.87%   4.0  729s
 175861 70860  961.11687   85    8  971.77347  895.42605  7.86%   4.0  738s
 176841 71202     cutoff   60       971.77347  895.66779  7.83%   4.1  747s
 178074 71519  937.33757   71   18  971.77347  895.89912  7.81%   4.1  756s
 179089 71839  904.04380   37   13  971.77347  895.97552  7.80%   4.1  765s
 180306 72264 infeasible   69       971.77347  896.09098  7.79%   4.1  774s
 181587 72615     cutoff   69       971.77347  896.29835  7.77%   4.1  783s
 182614 73132  932.79320   70   12  971.77347  896.51735  7.74%   4.1  791s
 183939 73426 infeasible   74       971.77347  896.63095  7.73%   4.1  800s
 184895 73903     cutoff   66       971.77347  896.86615  7.71%   4.1  809s
 186188 74224  913.52169   63   14  971.77347  897.17455  7.68%   4.1  818s
 187145 74551     cutoff   65       971.77347  897.33253  7.66%   4.1  829s
 188368 74903  933.03979   41    8  971.77347  897.53796  7.64%   4.1  842s
 189384 75246  928.60192   59   10  971.77347  897.76456  7.62%   4.1  854s
 190479 75592     cutoff   76       971.77347  897.92302  7.60%   4.1  865s
 191692 75996  966.15041   72   13  971.77347  898.07662  7.58%   4.1  876s
 192936 76319     cutoff   82       971.77347  898.31086  7.56%   4.1  886s
 193897 76621     cutoff   70       971.77347  898.52486  7.54%   4.1  897s
 195090 76927  956.08590   67   13  971.77347  898.60460  7.53%   4.1  908s
 196196 77199     cutoff   71       971.77347  898.82503  7.51%   4.1  918s
 197223 77562  956.65964   63    6  971.77347  899.02208  7.49%   4.1  929s
 198220 77685     cutoff   43       971.77347  899.12883  7.48%   4.1  930s
 198417 77758     cutoff   64       971.77347  899.26541  7.46%   4.1  940s
 199525 78194     cutoff   61       971.77347  899.37061  7.45%   4.1  950s
 200628 78474  961.13453   58   11  971.77347  899.52199  7.44%   4.1  960s
 201744 78869  970.21580   45    6  971.77347  899.73923  7.41%   4.1  970s
 202811 79303     cutoff   62       971.77347  899.95056  7.39%   4.1  980s
 204129 79656     cutoff   49       971.77347  900.01819  7.38%   4.1  990s
 205088 79995  928.84275   75    8  971.77347  900.22105  7.36%   4.1 1000s
 206360 80285 infeasible   88       971.77347  900.44216  7.34%   4.1 1012s
 207392 80505  926.02130   60   14  971.77347  900.60366  7.32%   4.1 1022s
 208480 80781  956.19169   51    9  971.77347  900.70935  7.31%   4.1 1032s
 209548 80986     cutoff   64       971.77347  900.84577  7.30%   4.1 1043s
 210597 81260  942.44079   45   14  971.77347  901.00469  7.28%   4.1 1053s
 211700 81442     cutoff   64       971.77347  901.11558  7.27%   4.1 1074s
 211935 81558  946.33259   61   10  971.77347  901.23140  7.26%   4.1 1085s
 212967 81828     cutoff   65       971.77347  901.36590  7.25%   4.1 1097s
 214193 82113     cutoff   56       971.77347  901.56287  7.22%   4.1 1110s
 215266 82453  964.84519   76    6  971.77347  901.73180  7.21%   4.1 1125s
 216518 82731     cutoff   83       971.77347  901.85434  7.20%   4.1 1137s
 217604 82975     cutoff   68       971.77347  902.07617  7.17%   4.1 1150s
 218884 83258  970.76210   65   11  971.77347  902.18737  7.16%   4.1 1163s
 219914 83622     cutoff   67       971.77347  902.41199  7.14%   4.1 1176s
 221086 83786     cutoff   62       971.77347  902.46885  7.13%   4.1 1195s
 221183 84008  950.67284   54   10  971.77347  902.52888  7.13%   4.1 1209s
 222425 84422 infeasible   54       971.77347  902.69818  7.11%   4.1 1223s
 223607 84702 infeasible   70       971.77347  902.79767  7.10%   4.1 1238s
 224811 84965 infeasible   69       971.77347  902.97550  7.08%   4.1 1252s
 226084 85269     cutoff   98       971.77347  903.19596  7.06%   4.1 1269s
 227215 85522     cutoff  107       971.77347  903.40248  7.04%   4.1 1282s
 228313 85886  930.05281   50   15  971.77347  903.53378  7.02%   4.1 1298s
 229588 86118     cutoff   64       971.77347  903.63274  7.01%   4.1 1312s
 230615 86439     cutoff   53       971.77347  903.85045  6.99%   4.1 1327s
 231797 86684  969.20571   66    6  971.77347  904.10111  6.96%   4.1 1340s
 232986 86914     cutoff   59       971.77347  904.15086  6.96%   4.1 1355s
 234222 87186     cutoff   80       971.77347  904.34268  6.94%   4.1 1371s
 235311 87412     cutoff   81       971.77347  904.57582  6.91%   4.1 1386s
 236491 87749     cutoff   72       971.77347  904.63486  6.91%   4.1 1401s
 237653 88017     cutoff   74       971.77347  904.91124  6.88%   4.1 1416s
 238838 88228     cutoff   65       971.77347  905.05200  6.87%   4.1 1429s
 239991 88507  926.62253   56    6  971.77347  905.23484  6.85%   4.1 1442s
 241179 88610  934.94374   80   11  971.77347  905.34683  6.84%   4.1 1457s
 242235 88873     cutoff   42       971.77347  905.51444  6.82%   4.1 1472s
 243354 89052 infeasible   66       971.77347  905.64626  6.80%   4.1 1487s
 244478 89229  935.86966   74   18  971.77347  905.85709  6.78%   4.1 1505s
 245656 89555  932.37044   50    6  971.77347  905.87183  6.78%   4.1 1520s
 246847 89849  916.86493   61   18  971.77347  906.10978  6.76%   4.1 1536s
 248119 90072  961.05201   48    8  971.77347  906.25375  6.74%   4.1 1551s
 249196 90304  951.97411   74   11  971.77347  906.34662  6.73%   4.1 1566s
 250320 90513 infeasible   64       971.77347  906.46224  6.72%   4.1 1581s
 251497 90816     cutoff   82       971.77347  906.65637  6.70%   4.1 1598s
 252700 91075     cutoff   57       971.77347  906.67168  6.70%   4.1 1612s
 253891 91296 infeasible   62       971.77347  906.92388  6.67%   4.1 1629s
 255027 91547  947.44889   62    6  971.77347  906.93485  6.67%   4.1 1647s
 256125 91748  954.89186   54    6  971.77347  907.15146  6.65%   4.1 1667s
 256451 91864 infeasible   55       971.77347  907.19688  6.65%   4.1 1682s
 257568 91932     cutoff   63       971.77347  907.30224  6.63%   4.1 1697s
 258594 92131     cutoff   59       971.77347  907.43638  6.62%   4.1 1718s
 259846 92329     cutoff   88       971.77347  907.48272  6.62%   4.1 1737s
 261081 92637 infeasible   61       971.77347  907.63217  6.60%   4.1 1753s
 262283 92819     cutoff   71       971.77347  907.90579  6.57%   4.1 1769s
 263435 93140 infeasible   68       971.77347  908.07053  6.56%   4.1 1784s
 264628 93075 infeasible   85       971.77347  908.10256  6.55%   4.1 1800s
 265733 93277  962.76932   69    8  971.77347  908.25751  6.54%   4.2 1817s
 266855 93544     cutoff   80       971.77347  908.47248  6.51%   4.2 1834s
 268106 93608     cutoff   36       971.77347  908.57833  6.50%   4.2 1851s
 269150 93769  960.79505   84    6  971.77347  908.73930  6.49%   4.2 1869s
 270281 94051     cutoff   64       971.77347  908.76914  6.48%   4.2 1885s
 271491 94241     cutoff   69       971.77347  909.03171  6.46%   4.2 1901s
 272748 94454  952.29085   75    -  971.77347  909.21188  6.44%   4.2 1916s
 273960 94635 infeasible   75       971.77347  909.33806  6.42%   4.2 1931s
 275164 94860     cutoff   64       971.77347  909.42055  6.42%   4.2 1948s
 276307 95070     cutoff   72       971.77347  909.61130  6.40%   4.2 1963s
 277484 95237  933.12926   69   19  971.77347  909.70352  6.39%   4.2 1979s
 278573 95403 infeasible   91       971.77347  909.85631  6.37%   4.2 1995s
 279758 95564     cutoff   73       971.77347  910.05170  6.35%   4.2 2011s
 280928 95808     cutoff  103       971.77347  910.16294  6.34%   4.2 2026s
 282120 96051  919.73344   54    9  971.77347  910.40630  6.31%   4.2 2045s
 283261 96240  966.42962   60    6  971.77347  910.53134  6.30%   4.2 2061s
 284535 96409     cutoff   86       971.77347  910.59344  6.30%   4.2 2078s
 285616 96554  965.88284   86    8  971.77347  910.84226  6.27%   4.2 2095s
 286863 96698 infeasible   87       971.77347  910.96568  6.26%   4.2 2112s
 288049 96890  944.07677   52    6  971.77347  911.12793  6.24%   4.2 2130s
 289261 97056  962.83025   41    6  971.77347  911.19807  6.23%   4.2 2147s
 290382 97289  945.19638   52    6  971.77347  911.30654  6.22%   4.2 2165s
 291597 97450  956.81766   68    -  971.77347  911.50251  6.20%   4.2 2193s
 291741 97515  958.04224   68   17  971.77347  911.54958  6.20%   4.2 2215s
 292929 97700  948.64446   62   24  971.77347  911.69007  6.18%   4.2 2251s
 292931 97701  919.50383   46   38  971.77347  911.69007  6.18%   4.2 2264s
 292932 97702  919.70966   66   39  971.77347  911.69007  6.18%   4.2 2271s
 292935 97704  951.30011   66   36  971.77347  911.69007  6.18%   4.2 2284s
 292936 97705  919.96653   44   36  971.77347  911.69007  6.18%   4.2 2292s
 292937 97705  931.71980   52   36  971.77347  911.69007  6.18%   4.2 2299s
 292938 97709  911.69007   41   27  971.77347  911.69007  6.18%   4.2 2316s
 292940 97712  911.69007   42   22  971.77347  911.69007  6.18%   4.2 2325s
 292944 97719  911.69007   43   26  971.77347  911.69007  6.18%   4.2 2332s
 292952 97727  911.69007   44   28  971.77347  911.69007  6.18%   4.2 2341s
 292964 97735  911.69007   45   19  971.77347  911.69007  6.18%   4.2 2351s
 292976 97743  911.69007   45   31  971.77347  911.69007  6.18%   4.2 2355s
 293000 97762  911.69007   46   14  971.77347  911.69007  6.18%   4.2 2361s
 293033 97784  911.69007   47   23  971.77347  911.69007  6.18%   4.2 2366s
 293050 97794  911.69007   48   35  971.77347  911.69007  6.18%   4.2 2370s
 293102 97810  911.69007   49   10  971.77347  911.69007  6.18%   4.2 2376s
 293115 97818  911.69007   50   18  971.77347  911.69007  6.18%   4.2 2380s
 293146 97840  911.69007   51    6  971.77347  911.69007  6.18%   4.2 2385s
 293202 97847  911.69007   53   11  971.77347  911.69007  6.18%   4.2 2391s
 293256 97858  911.69007   56   16  971.77347  911.69007  6.18%   4.2 2396s
 293310 97858  911.69007   58   11  971.77347  911.69007  6.18%   4.2 2423s
 293323 97866  911.69007   59   15  971.77347  911.69007  6.18%   4.2 2426s
 293390 97877  911.69007   62   18  971.77347  911.69007  6.18%   4.2 2433s
 293430 97889  911.69007   63   10  971.77347  911.69007  6.18%   4.2 2437s
 293465 97899  911.69007   64    6  971.77347  911.69007  6.18%   4.2 2441s
 293563 97913  911.69007   69   25  971.77347  911.69007  6.18%   4.2 2447s
 293614 97927  911.69007   71   18  971.77347  911.69007  6.18%   4.2 2450s
 293725 97965  949.18515   74    6  971.77347  911.69007  6.18%   4.2 2457s
 293789 97973  957.97778   76    -  971.77347  911.69007  6.18%   4.2 2460s
 293931 98022  911.69007   81   17  971.77347  911.69007  6.18%   4.2 2466s
 294006 98029  948.63928   83    6  971.77347  911.69007  6.18%   4.2 2470s
 294124 98065  911.69007   89   13  971.77347  911.69007  6.18%   4.2 2476s
 294203 98082     cutoff   95       971.77347  911.69007  6.18%   4.2 2480s
 294341 98080  911.69007   53    8  971.77347  911.69007  6.18%   4.2 2490s
 294394 98092  911.69007   54    9  971.77347  911.69007  6.18%   4.2 2496s
 294436 98136  911.69007   56   18  971.77347  911.69007  6.18%   4.2 2501s
 294545 98140  911.69007   58    6  971.77347  911.69007  6.18%   4.2 2507s
 294628 98173  929.87375   63   18  971.77347  911.69007  6.18%   4.2 2512s
 294757 98212     cutoff   71       971.77347  911.69007  6.18%   4.2 2516s
 294883 98227  948.54553   66   17  971.77347  911.69007  6.18%   4.2 2522s
 295018 98273  911.69007   60    8  971.77347  911.69007  6.18%   4.2 2526s
 295173 98342  971.14060   69    6  971.77347  911.69007  6.18%   4.2 2531s
 295333 98401  912.09554   63    6  971.77347  911.69007  6.18%   4.2 2536s
 295511 98491  930.85219   76   15  971.77347  911.69007  6.18%   4.2 2541s
 295717 98475  911.69007   56   14  971.77347  911.69007  6.18%   4.2 2546s
 295821 98591     cutoff   65       971.77347  911.69007  6.18%   4.2 2551s
 296035 98667  911.69007   80   16  971.77347  911.69007  6.18%   4.2 2556s
 296241 98749  911.69007  101   18  971.77347  911.69007  6.18%   4.2 2562s
 296466 98844  911.69007  116   27  971.77347  911.69007  6.18%   4.2 2567s
 296726 98930  911.69007   49   25  971.77347  911.69007  6.18%   4.2 2574s
 296965 98996  925.12315   69   22  971.77347  911.69007  6.18%   4.2 2580s
 297219 99048     cutoff   69       971.77347  911.69007  6.18%   4.2 2586s
 297489 99108     cutoff   78       971.77347  911.69007  6.18%   4.2 2593s
 297713 99170  911.69007   67   16  971.77347  911.69007  6.18%   4.2 2600s
 297944 99330  926.74203   64   17  971.77347  911.69007  6.18%   4.2 2607s
 298299 99347  911.69007   77   27  971.77347  911.69007  6.18%   4.2 2613s
 298598 99483  915.75604  109   12  971.77347  911.69007  6.18%   4.2 2621s
 298957 99639     cutoff  119       971.77347  911.69007  6.18%   4.2 2628s
 299333 99809  946.67486   78   28  971.77347  911.69007  6.18%   4.2 2636s
 299720 99976  968.23933   84   25  971.77347  911.69007  6.18%   4.2 2644s
 300116 100200  911.69007   66   19  971.77347  911.69007  6.18%   4.2 2651s
 300580 100337  911.69007   59   15  971.77347  911.69007  6.18%   4.2 2659s
 300972 100533  911.69007   49   12  971.77347  911.69007  6.18%   4.2 2667s
 301415 100628  911.69007   75   21  971.77347  911.69007  6.18%   4.2 2676s
 301768 100733  911.69007   59    8  971.77347  911.69007  6.18%   4.2 2687s
 302063 101010  911.69007   79    8  971.77347  911.69007  6.18%   4.2 2695s
 302598 101193  966.37897   59   15  971.77347  911.69007  6.18%   4.2 2705s
 303084 101255     cutoff   60       971.77347  911.69007  6.18%   4.2 2717s
 303538 101525  925.48717   66   26  971.77347  911.69007  6.18%   4.2 2727s
 304135 101658  967.36471   74    -  971.77347  911.69007  6.18%   4.2 2743s
 304634 101757  967.48603   74   14  971.77347  911.69007  6.18%   4.2 2757s
 305155 101820  928.10201   55    8  971.77347  911.69007  6.18%   4.2 2769s
 305698 102023  967.44321   56    6  971.77347  911.69007  6.18%   4.2 2781s
 306317 101857 infeasible   54       971.77347  911.69007  6.18%   4.2 2800s
 306338 102123     cutoff   57       971.77347  911.69007  6.18%   4.2 2812s
 306944 102305     cutoff   79       971.77347  911.69007  6.18%   4.2 2825s
 307614 102551  936.43088   94   15  971.77347  911.69007  6.18%   4.2 2840s
 308361 102771     cutoff   60       971.77347  911.69007  6.18%   4.2 2855s
 309108 103067  962.40381   67   17  971.77347  911.69007  6.18%   4.2 2871s
 309873 103097  928.80399   83   18  971.77347  911.69007  6.18%   4.2 2889s
 309963 103073  918.41051   71   12  971.77347  911.69007  6.18%   4.2 2890s
 310473 103406  911.69007   69   25  971.77347  911.69007  6.18%   4.2 2904s
 311300 103725     cutoff   76       971.77347  911.69007  6.18%   4.2 2919s
 312165 103850  958.39049   86   18  971.77347  911.69007  6.18%   4.2 2935s
 312987 103887  956.10871   53    -  971.77347  911.69007  6.18%   4.2 2955s
 313772 104176  949.38712   65    8  971.77347  911.69007  6.18%   4.2 2973s
 314639 104132  932.75494   80    8  971.77347  911.69007  6.18%   4.2 2995s
 315083 104156  915.26359   76   16  971.77347  911.69007  6.18%   4.2 3016s
 315580 104205  923.57096   66   13  971.77347  911.69007  6.18%   4.2 3040s
 316040 104479     cutoff   68       971.77347  911.69007  6.18%   4.2 3065s
 316929 104996  944.43331   78   15  971.77347  911.69007  6.18%   4.2 3088s
 318252 105230     cutoff   67       971.77347  911.69007  6.18%   4.2 3112s
 319440 105450  919.31194   76    8  971.77347  911.69007  6.18%   4.2 3134s
 320675 105765  925.58998   81   17  971.77347  911.69007  6.18%   4.2 3156s
 321948 105987     cutoff   77       971.77347  911.69007  6.18%   4.2 3183s
 323103 106278  923.88541   69   22  971.77347  911.69007  6.18%   4.2 3205s
 324448 106339     cutoff   83       971.77347  911.69007  6.18%   4.2 3232s
 325256 106710  940.77313   79   17  971.77347  911.69007  6.18%   4.2 3254s
 326548 107015  933.45052   71   13  971.77347  911.69007  6.18%   4.2 3277s
 327911 107213     cutoff   75       971.77347  911.69007  6.18%   4.2 3303s
H327912 102327                     971.7734691  911.69007  6.18%   4.2 3303s
 329238 102390     cutoff   73       971.77347  911.69007  6.18%   4.2 3341s
 330163 102770     cutoff   73       971.77347  911.69007  6.18%   4.2 3365s
 331447 103181     cutoff   81       971.77347  911.69007  6.18%   4.2 3388s
 332865 103135     cutoff   73       971.77347  911.69007  6.18%   4.2 3411s
 333777 103485  959.56477   66   12  971.77347  911.69007  6.18%   4.2 3436s
 335146 103688  913.90021   85   14  971.77347  911.69007  6.18%   4.2 3461s
 336457 103916  955.02068   76   14  971.77347  911.69007  6.18%   4.2 3484s
 337764 103802  956.11206   79   13  971.77347  911.69007  6.18%   4.2 3508s
 338514 104286  937.59382   63   15  971.77347  911.69007  6.18%   4.2 3531s
 339926 104458     cutoff   73       971.77347  911.69007  6.18%   4.2 3555s
 341142 104767     cutoff   73       971.77347  911.69007  6.18%   4.2 3577s
 342475 105070  911.69007   58   12  971.77347  911.69007  6.18%   4.2 3600s
 343884 105016     cutoff   73       971.77347  911.69007  6.18%   4.1 3624s
 344882 105118     cutoff   80       971.77347  911.69007  6.18%   4.2 3648s
 345669 105594     cutoff   78       971.77347  911.69007  6.18%   4.2 3675s
 347046 105760     cutoff   81       971.77347  911.69007  6.18%   4.1 3695s
 348319 105864     cutoff   77       971.77347  911.69007  6.18%   4.1 3715s
 349529 105891  938.51988   66   13  971.77347  911.69007  6.18%   4.1 3738s
 350330 106186  965.93346   70    6  971.77347  911.69007  6.18%   4.1 3761s
 351563 106248  931.38010   74    6  971.77347  911.69007  6.18%   4.1 3786s
 352715 106501  926.35264   62   19  971.77347  911.69007  6.18%   4.1 3805s
 354051 106574 infeasible   85       971.77347  911.69007  6.18%   4.1 3828s
 355188 106814  927.63801   72   12  971.77347  911.69007  6.18%   4.1 3848s
 356529 106629  933.83898   76   10  971.77347  911.69007  6.18%   4.1 3870s
 357307 106914 infeasible   75       971.77347  911.69007  6.18%   4.1 3893s
 358523 107200     cutoff   74       971.77347  911.69007  6.18%   4.1 3914s
 359871 107065  960.47741   86    8  971.77347  911.69007  6.18%   4.1 3940s
 360667 107323  923.92263   60    6  971.77347  911.69007  6.18%   4.1 3960s
 361977 107258  921.90649   76   16  971.77347  911.69007  6.18%   4.1 3984s
 362769 107273  958.07237   71   11  971.77347  911.69007  6.18%   4.1 4006s
H362971 102572                     971.7734690  911.69007  6.18%   4.1 4006s
 363406 102937 infeasible   68       971.77347  911.69007  6.18%   4.1 4031s
 364761 103034  932.95473   66   14  971.77347  911.69007  6.18%   4.1 4058s
 366004 102967     cutoff   64       971.77347  911.69007  6.18%   4.1 4089s
 366831 103166  940.70128   62   14  971.77347  911.69007  6.18%   4.1 4114s
 368091 103371     cutoff   87       971.77347  911.69007  6.18%   4.1 4140s
 369549 103393     cutoff   85       971.77347  911.69007  6.18%   4.1 4167s
 370822 103272 infeasible   84       971.77347  911.69007  6.18%   4.1 4193s
 371670 103475 infeasible   95       971.77347  911.69007  6.18%   4.1 4216s
 373038 103531     cutoff   76       971.77347  911.69007  6.18%   4.1 4242s
 374324 103457     cutoff   75       971.77347  911.69007  6.18%   4.1 4271s
 375171 103734  952.09672   73   15  971.77347  911.69007  6.18%   4.1 4297s
 376554 103837     cutoff   85       971.77347  911.69007  6.18%   4.1 4319s
 377452 103583  925.93564   89   26  971.77347  911.69007  6.18%   4.1 4320s
 377888 103825     cutoff   79       971.77347  911.69007  6.18%   4.1 4342s
 379130 103772  911.69007   67   16  971.77347  911.69007  6.18%   4.1 4366s
 380163 103846     cutoff   75       971.77347  911.69007  6.18%   4.1 4390s
 381109 104028     cutoff   62       971.77347  911.69007  6.18%   4.1 4413s
 382398 104060  959.75155   70   14  971.77347  911.69007  6.18%   4.1 4435s
 383745 104103  961.94609   74    6  971.77347  911.69007  6.18%   4.1 4463s
 384971 104017  959.56119   69   31  971.77347  911.69007  6.18%   4.1 4490s
 385784 104088  942.66065  105    6  971.77347  911.69007  6.18%   4.1 4519s
 387054 104204 infeasible  106       971.77347  911.69007  6.18%   4.1 4543s
 388429 103911  947.92745   78    6  971.77347  911.69007  6.18%   4.1 4567s
 388659 104278  966.01681   79   10  971.77347  911.69007  6.18%   4.1 4590s
 389992 104158     cutoff   77       971.77347  911.69007  6.18%   4.1 4616s
 390922 104356  955.48784   79   20  971.77347  911.69007  6.18%   4.1 4641s
 392230 104303  953.10533   61    6  971.77347  911.69007  6.18%   4.1 4665s
 393383 104312     cutoff   70       971.77347  911.69007  6.18%   4.1 4687s
 394667 104155     cutoff   62       971.77347  911.69007  6.18%   4.1 4715s
 395457 104251  969.75836   86    6  971.77347  911.69007  6.18%   4.1 4739s
 396736 104467  949.33740   71    -  971.77347  911.69007  6.18%   4.1 4767s
 398129 104475     cutoff   85       971.77347  911.69007  6.18%   4.1 4790s
 399467 104335     cutoff   81       971.77347  911.69007  6.18%   4.1 4818s
 400449 104497     cutoff   74       971.77347  911.69007  6.18%   4.1 4848s
 401795 104462  961.32365   70   11  971.77347  911.69007  6.18%   4.1 4875s
 403032 104356     cutoff   75       971.77347  911.69007  6.18%   4.1 4897s
 404044 104498     cutoff   84       971.77347  911.69007  6.18%   4.1 4920s
 405409 104280  958.82101   80   11  971.77347  911.69007  6.18%   4.1 4944s
 406192 104305  941.15889   67    6  971.77347  911.69007  6.18%   4.1 4973s
 407045 104448  921.70076   54    6  971.77347  911.69007  6.18%   4.1 5003s
 408395 104413     cutoff   79       971.77347  911.69007  6.18%   4.1 5029s
 409102 104233     cutoff   71       971.77347  911.69007  6.18%   4.1 5030s
 409828 104222  936.10622   73    6  971.77347  911.69007  6.18%   4.1 5061s
 410672 104318 infeasible   81       971.77347  911.69007  6.18%   4.1 5088s
 411939 104186  968.34181   65    9  971.77347  911.69007  6.18%   4.1 5119s
 412820 104285  917.86754   72   18  971.77347  911.69007  6.18%   4.2 5157s
 414106 104297 infeasible   86       971.77347  911.69007  6.18%   4.2 5186s
 415565 104063     cutoff   76       971.77347  911.69007  6.18%   4.2 5217s
 416445 104084     cutoff   80       971.77347  911.69007  6.18%   4.2 5249s
 417782 103997  943.39107   85    6  971.77347  911.69007  6.18%   4.2 5278s
 418615 104008     cutoff   86       971.77347  911.69007  6.18%   4.2 5306s
 419933 103923  970.71950   71   10  971.77347  911.69007  6.18%   4.2 5333s
 421305 103903  962.45640   71    8  971.77347  911.69007  6.18%   4.2 5358s
 422605 103869     cutoff   95       971.77347  911.69007  6.18%   4.2 5390s
 423483 103760  934.93640   77   12  971.77347  911.69007  6.18%   4.2 5423s
 423916 103812  944.85955   55    9  971.77347  911.69007  6.18%   4.2 5449s
 425251 103670     cutoff   75       971.77347  911.69007  6.18%   4.2 5475s
 426327 103649  943.91782   86   19  971.77347  911.69007  6.18%   4.2 5506s
 427785 103410     cutoff   67       971.77347  911.69007  6.18%   4.2 5535s
 428656 103532  940.01110   81    8  971.77347  911.69007  6.18%   4.2 5566s
 429994 103366  931.02524   58   11  971.77347  911.69007  6.18%   4.2 5601s
 430971 103328  932.84992   70    6  971.77347  911.69007  6.18%   4.2 5627s
 432339 103185     cutoff   68       971.77347  911.69007  6.18%   4.2 5661s
 433644 103027  923.15984   82   12  971.77347  911.69007  6.18%   4.2 5702s
 434446 103116     cutoff   69       971.77347  911.69007  6.18%   4.2 5734s
 435847 103109  924.28387   72    8  971.77347  911.69007  6.18%   4.2 5769s
 437304 102875  947.34243   85   14  971.77347  911.69007  6.18%   4.2 5800s
 438153 102912     cutoff   68       971.77347  911.69007  6.18%   4.2 5827s
 439344 102791  968.61057   79   20  971.77347  911.69007  6.18%   4.2 5858s
 440324 102828  966.77901   73    9  971.77347  911.69007  6.18%   4.2 5888s
 441725 102770  963.94848   88    6  971.77347  911.69007  6.18%   4.2 5915s
 443152 102710 infeasible   89       971.77347  911.69007  6.18%   4.2 5941s
 444587 102473     cutoff   90       971.77347  911.69007  6.18%   4.2 5971s
 445451 102498  957.65307   74   12  971.77347  911.69007  6.18%   4.2 6006s
 446722 102353  933.32055   95   16  971.77347  911.69007  6.18%   4.2 6036s
 447651 102383  959.88960   71   15  971.77347  911.69007  6.18%   4.2 6069s
 448938 102337     cutoff   73       971.77347  911.69007  6.18%   4.2 6101s
 450377 102145  960.96969   68   17  971.77347  911.69007  6.18%   4.2 6135s
 451344 102204  954.90337   74    8  971.77347  911.69007  6.18%   4.2 6163s
 452740 101921  966.80809   86   11  971.77347  911.69007  6.18%   4.2 6198s
 453612 101903  915.56652   53    9  971.77347  911.69007  6.18%   4.2 6230s
 454889 101687     cutoff   71       971.77347  911.69007  6.18%   4.2 6261s
 455558 101666  948.58191   84    6  971.77347  911.69007  6.18%   4.2 6294s
 456466 101574     cutoff   85       971.77347  911.69007  6.18%   4.2 6323s
 457035 101609  965.86300   71    6  971.77347  911.69007  6.18%   4.2 6355s
 458055 101530     cutoff   83       971.77347  911.69007  6.18%   4.2 6384s
 458549 101407     cutoff   89       971.77347  911.69007  6.18%   4.2 6385s
 459499 101320 infeasible   73       971.77347  911.69007  6.18%   4.2 6418s
 460455 101317  940.92083   74   17  971.77347  911.69007  6.18%   4.2 6447s
 461892 101262  945.04749   61    6  971.77347  911.69007  6.18%   4.2 6479s
 463280 101019  953.58871   79   22  971.77347  911.69007  6.18%   4.2 6516s
 464448 100899  953.71720   63   24  971.77347  911.69007  6.18%   4.2 6548s
 465434 100828  952.50632   73   10  971.77347  911.69007  6.18%   4.2 6578s
 466843 100655  955.21950  104    6  971.77347  911.69007  6.18%   4.2 6609s
 468187 100504  952.79137   60   10  971.77347  911.69007  6.18%   4.2 6641s
 469150 100406 infeasible   64       971.77347  911.69007  6.18%   4.2 6673s
 470346 100235  919.55890   56    9  971.77347  911.69007  6.18%   4.2 6707s
 471449 100115     cutoff   71       971.77347  911.69007  6.18%   4.2 6737s
 472867 99939     cutoff   72       971.77347  911.69007  6.18%   4.2 6773s
 474047 99855  918.31035   82    8  971.77347  911.69007  6.18%   4.2 6804s
 475297 99560  911.69007   80   10  971.77347  911.69007  6.18%   4.2 6805s
 475430 99623  951.78273   91   15  971.77347  911.69007  6.18%   4.2 6839s
 476306 99669     cutoff   76       971.77347  911.69007  6.18%   4.2 6876s
 477791 99358 infeasible   73       971.77347  911.69007  6.18%   4.2 6913s
 478710 99343 infeasible   72       971.77347  911.69007  6.18%   4.2 6952s
 479827 99209     cutoff   85       971.77347  911.69007  6.18%   4.2 6984s
 481235 98995     cutoff   78       971.77347  911.69007  6.18%   4.2 7027s
 482262 98917  950.73977   79    6  971.77347  911.69007  6.18%   4.2 7062s
 483646 98656     cutoff   82       971.77347  911.69007  6.18%   4.2 7099s
 484697 98446  935.91285   56    6  971.77347  911.69007  6.18%   4.2 7135s
 485258 98392  952.37647   61    -  971.77347  911.69007  6.18%   4.2 7178s
 486419 98177  959.31241   69    8  971.77347  911.69007  6.18%   4.2 7200s

Cutting planes:
  Gomory: 2
  Flow cover: 1
  RLT: 1
  Lazy constraints: 12883

Explored 487061 nodes (2032106 simplex iterations) in 7200.31 seconds
Thread count was 12 (of 12 available processors)

Solution count 3: 971.773 973.088 1003.13 

Time limit reached
Best objective 9.717734690103e+02, best bound 9.116900712466e+02, gap 6.1829%

User-callback calls 2061354, time in user-callback 5.24 sec
/projects/academic/josewalt/caigao/RRARP_BD/BendersDecomp/ret/model_outs/n_17_m_4_algo_2.out
 =====>>>>> Solution is written to file in <../ret/model_outs> !!!
===>> All Done!
