NPROCS=0
This instance is clustered!
Gurobi Optimizer version 9.0.0 build v9.0.0rc2 (linux64)
Optimize a model with 42 rows, 442 columns and 882 nonzeros
Model fingerprint: 0x5fbf696c
Variable types: 1 continuous, 441 integer (441 binary)
Coefficient statistics:
  Matrix range     [1e+00, 1e+00]
  Objective range  [1e+00, 4e+02]
  Bounds range     [1e+00, 1e+00]
  RHS range        [1e+00, 1e+00]
Presolve removed 2 rows and 60 columns
Presolve time: 0.01s
Presolved: 40 rows, 382 columns, 762 nonzeros
Variable types: 1 continuous, 381 integer (381 binary)

Root relaxation: objective 8.393973e+02, 35 iterations, 0.00 seconds

    Nodes    |    Current Node    |     Objective Bounds      |     Work
 Expl Unexpl |  Obj  Depth IntInf | Incumbent    BestBd   Gap | It/Node Time

     0     0 1278.95614    0   24          - 1278.95614      -     -    0s
H    0     0                    1767.3875492 1278.95614  27.6%     -    0s
H    0     0                    1752.2143856 1278.95614  27.0%     -    0s
     0     0 1280.49512    0   32 1752.21439 1280.49512  26.9%     -    0s
     0     0 1282.89921    0   18 1752.21439 1282.89921  26.8%     -    0s
H    0     0                    1418.1658742 1282.89921  9.54%     -    0s
     0     0 1283.85078    0   26 1418.16587 1283.85078  9.47%     -    0s
H    0     0                    1418.1039106 1283.85078  9.47%     -    0s
     0     0 1283.85078    0   20 1418.10391 1283.85078  9.47%     -    0s
     0     0 1283.86442    0   25 1418.10391 1283.86442  9.47%     -    0s
     0     0 1285.15297    0   42 1418.10391 1285.15297  9.38%     -    0s
     0     0 1285.15297    0   42 1418.10391 1285.15297  9.38%     -    0s
     0     2 1285.15297    0   42 1418.10391 1285.15297  9.38%     -    0s
  9707  2854 1374.33900   18   26 1418.10391 1358.99211  4.17%   4.4    7s
 10522  2992     cutoff   44      1418.10391 1358.99211  4.17%   4.5   10s
 16683  2926     cutoff   26      1418.10391 1358.99211  4.17%   4.5   15s
 21607  3041     cutoff   30      1418.10391 1371.04051  3.32%   4.6   20s
 25191  2832     cutoff   29      1418.10391 1382.57109  2.51%   4.6   25s
 29543  1804     cutoff   22      1418.10391 1396.04306  1.56%   4.6   30s
H30156  1790                    1418.1038765 1399.20900  1.33%   4.6   31s
 32477     0 infeasible   28      1418.10388 1409.71652  0.59%   4.6   35s

Cutting planes:
  Lazy constraints: 2918

Explored 33037 nodes (152115 simplex iterations) in 35.17 seconds
Thread count was 12 (of 12 available processors)

Solution count 4: 1418.1 1418.17 1752.21 1767.39 

Optimal solution found (tolerance 1.00e-04)
Best objective 1.418103876549e+03, best bound 1.418103876549e+03, gap 0.0000%

User-callback calls 78020, time in user-callback 0.56 sec
/projects/academic/josewalt/caigao/RRARP_BD/BendersDecomp/ret/model_outs/n_19_e_4_algo_2.out
 =====>>>>> Solution is written to file in <../ret/model_outs> !!!
===>> All Done!
