NPROCS=0
This instance is clustered!
Gurobi Optimizer version 9.0.0 build v9.0.0rc2 (linux64)
Optimize a model with 34 rows, 290 columns and 578 nonzeros
Model fingerprint: 0x4c52517a
Variable types: 1 continuous, 289 integer (289 binary)
Coefficient statistics:
  Matrix range     [1e+00, 1e+00]
  Objective range  [1e+00, 2e+02]
  Bounds range     [1e+00, 1e+00]
  RHS range        [1e+00, 1e+00]
Presolve removed 2 rows and 48 columns
Presolve time: 0.00s
Presolved: 32 rows, 242 columns, 482 nonzeros
Variable types: 1 continuous, 241 integer (241 binary)

Root relaxation: objective 4.236652e+02, 25 iterations, 0.00 seconds

    Nodes    |    Current Node    |     Objective Bounds      |     Work
 Expl Unexpl |  Obj  Depth IntInf | Incumbent    BestBd   Gap | It/Node Time

     0     0  546.33335    0   24          -  546.33335      -     -    0s
     0     0  563.31352    0   32          -  563.31352      -     -    0s
H    0     0                     779.4516838  563.31352  27.7%     -    0s
H    0     0                     716.4331754  563.31352  21.4%     -    0s
     0     0  563.59600    0   33  716.43318  563.59600  21.3%     -    0s
     0     2  563.66552    0   34  716.43318  563.66552  21.3%     -    0s
H 2645  1336                     711.9007580  626.42171  12.0%   5.0    0s
 24473  3248 infeasible   46       711.90076  680.04332  4.47%   6.4    5s
*29527  1478              24     705.5934026  692.34034  1.88%   6.8    6s

Cutting planes:
  Lazy constraints: 380

Explored 31408 nodes (218082 simplex iterations) in 6.66 seconds
Thread count was 12 (of 12 available processors)

Solution count 4: 705.593 711.901 716.433 779.452 

Optimal solution found (tolerance 1.00e-04)
Best objective 7.055934025611e+02, best bound 7.055934025611e+02, gap 0.0000%

User-callback calls 65933, time in user-callback 0.07 sec
/projects/academic/josewalt/caigao/RRARP_BD/BendersDecomp/ret/model_outs/n_15_m_2_algo_3.out
 =====>>>>> Solution is written to file in <../ret/model_outs> !!!
===>> All Done!
