NPROCS=0
This instance is clustered!
Gurobi Optimizer version 9.0.0 build v9.0.0rc2 (linux64)
Optimize a model with 50 rows, 626 columns and 1250 nonzeros
Model fingerprint: 0xcd30e96e
Variable types: 1 continuous, 625 integer (625 binary)
Coefficient statistics:
  Matrix range     [1e+00, 1e+00]
  Objective range  [1e+00, 6e+02]
  Bounds range     [1e+00, 1e+00]
  RHS range        [1e+00, 1e+00]
Presolve removed 2 rows and 72 columns
Presolve time: 0.01s
Presolved: 48 rows, 554 columns, 1106 nonzeros
Variable types: 1 continuous, 553 integer (553 binary)

Root relaxation: objective 7.985562e+02, 42 iterations, 0.00 seconds

    Nodes    |    Current Node    |     Objective Bounds      |     Work
 Expl Unexpl |  Obj  Depth IntInf | Incumbent    BestBd   Gap | It/Node Time

     0     0 1057.31959    0   16          - 1057.31959      -     -    0s
 done with super cut 0
     0     0 1199.26272    0   41          - 1199.26272      -     -    0s
     0     2 1199.26272    0   41          - 1199.26272      -     -    0s
 done with super cut 1
 done with super cut 2
 done with super cut 3
 done with super cut 4
 done with super cut 5
 done with super cut 6
 done with super cut 7
 done with super cut 8
 done with super cut 9
   111   130 1371.62391    9   19          - 1246.14522      -   7.7   19s
 done with super cut 10
   255   294 1347.75238   20   20          - 1246.14522      -   6.9   24s
* 1776  1768              43    1945.2293032 1255.45457  35.5%   5.8   24s
H 2100  1713                    1751.1279636 1255.45457  28.3%   6.0   24s
H 2106  1631                    1747.5899952 1260.08563  27.9%   5.9   25s
 15045  9275 1645.25697   65   17 1747.59000 1364.97245  21.9%   8.0   30s
 25593 17025 1746.51519   58   14 1747.59000 1377.92094  21.2%   8.2   35s
 32843 21900     cutoff   44      1747.59000 1384.65959  20.8%   8.2   40s
 39824 26603     cutoff   61      1747.59000 1390.45237  20.4%   8.4   45s
 48019 32312     cutoff   61      1747.59000 1395.34788  20.2%   8.3   50s
 54026 36573 1505.94534   58   43 1747.59000 1398.21265  20.0%   8.3   55s
 58501 39836 infeasible   58      1747.59000 1400.32289  19.9%   8.4   60s
 63792 43445 1694.10632   71    - 1747.59000 1402.39664  19.8%   8.4   65s
 67871 45902 1586.89876   72   41 1747.59000 1404.42115  19.6%   8.4  127s
H67872 43607                    1619.5626268 1404.42115  13.3%   8.4  130s
 67881 43613 1619.56263   75   57 1619.56263 1404.42115  13.3%   8.4  135s
 67885 43615 1569.94484   47   60 1619.56263 1404.42115  13.3%   8.4  140s
 67889 43618 1580.46863   34   61 1619.56263 1404.42115  13.3%   8.4  145s
 67906 43642 1404.42115   28   49 1619.56263 1404.42115  13.3%   8.4  150s
 68210 43778 1404.42115   40   35 1619.56263 1404.42115  13.3%   8.4  155s
 69456 44244 1404.42115   52   41 1619.56263 1404.42115  13.3%   8.4  160s
 72479 45656 1462.25823   64   40 1619.56263 1404.42115  13.3%   8.4  165s
 75810 47009 1437.28380   51   23 1619.56263 1404.42115  13.3%   8.4  170s
 78993 48406 1529.93702   84   40 1619.56263 1404.42115  13.3%   8.4  175s
 81477 48913 1560.21975   99   33 1619.56263 1404.42115  13.3%   8.4  180s
 83956 50247 1583.76219   73   11 1619.56263 1404.42115  13.3%   8.5  185s
 87091 51498 1440.65846   51   30 1619.56263 1404.42115  13.3%   8.5  190s
 90514 53224 1509.88819   41   27 1619.56263 1404.42115  13.3%   8.5  196s
 93660 54435 1563.64255   47   12 1619.56263 1404.42115  13.3%   8.5  200s
 97223 55935 1616.60056   55   22 1619.56263 1404.42115  13.3%   8.5  205s
 100742 57232 1541.21479   96   33 1619.56263 1404.42115  13.3%   8.5  210s
 104612 58504 1557.98325   78   42 1619.56263 1404.42115  13.3%   8.5  215s
 107833 59429 1554.28794   47   34 1619.56263 1404.42115  13.3%   8.5  220s
 110524 60370     cutoff   54      1619.56263 1404.42115  13.3%   8.5  225s
 113506 61590     cutoff   75      1619.56263 1406.10693  13.2%   8.6  230s
 117432 62845     cutoff   76      1619.56263 1408.29726  13.0%   8.6  236s
 119699 63799 1449.25811   45   37 1619.56263 1409.29097  13.0%   8.6  240s
 123446 64899 1541.91441   43   23 1619.56263 1411.27753  12.9%   8.6  246s
 126788 65779 1583.87628   58   16 1619.56263 1413.03204  12.8%   8.6  251s
 129303 66384     cutoff   60      1619.56263 1413.96219  12.7%   8.6  255s
 131822 67508 1494.10976   44   35 1619.56263 1414.50916  12.7%   8.6  261s
 134427 68280 1465.11896   45   32 1619.56263 1415.70529  12.6%   8.6  265s
 138018 69467 1608.47636   82   23 1619.56263 1417.25920  12.5%   8.7  270s
 141597 70621 1574.38150   40   22 1619.56263 1418.69709  12.4%   8.7  277s
 144045 71410 1479.80972   55   22 1619.56263 1419.65268  12.3%   8.7  281s
 146541 72159 1532.32143   68   24 1619.56263 1420.45064  12.3%   8.7  285s
 149908 72916     cutoff   83      1619.56263 1421.55093  12.2%   8.7  291s
 152333 73828 1492.95207   50   26 1619.56263 1422.33171  12.2%   8.7  295s
 154938 74654 1495.86326   40   13 1619.56263 1423.21393  12.1%   8.7  301s
 157408 75213 1615.34391   70   30 1619.56263 1423.96035  12.1%   8.7  306s
 159473 75881 1543.70130   63   17 1619.56263 1424.72591  12.0%   8.7  310s
 162097 76332 1602.09799   72   30 1619.56263 1425.71691  12.0%   8.8  316s
 164496 76829 1604.19918   67   10 1619.56263 1426.38235  11.9%   8.8  320s
 167701 77525 1501.04616   48   26 1619.56263 1427.38452  11.9%   8.8  326s
 170152 78309     cutoff   59      1619.56263 1428.21524  11.8%   8.8  330s
 173507 78857 1540.12324   55   22 1619.56263 1429.20284  11.8%   8.9  337s
 176024 79618     cutoff   72      1619.56263 1429.77122  11.7%   8.9  341s
 178432 80069     cutoff   73      1619.56263 1430.47713  11.7%   8.9  345s
 182059 81208 1588.91657   59   19 1619.56263 1431.49454  11.6%   8.9  350s
 185538 81916 1566.95194   53    9 1619.56263 1432.52878  11.5%   8.9  356s
 187939 82358     cutoff   58      1619.56263 1433.09239  11.5%   8.9  360s
 190699 83170     cutoff   74      1619.56263 1433.83594  11.5%   9.0  366s
 193257 83579     cutoff   74      1619.56263 1434.56154  11.4%   9.0  371s
 195639 83835 infeasible   54      1619.56263 1435.03131  11.4%   9.0  375s
 199122 84779     cutoff   52      1619.56263 1436.11339  11.3%   9.0  381s
 201502 86131     cutoff   68      1619.56263 1436.47779  11.3%   9.0  387s
 203879 87196 1571.01033   56   26 1619.56263 1437.05352  11.3%   9.0  391s
 206261 88786 1560.46878   57   14 1619.56263 1437.72014  11.2%   9.1  396s
 208072 89376     cutoff   58      1619.56263 1438.13518  11.2%   9.1  401s
 209612 90423 1490.58653   45   42 1619.56263 1438.57015  11.2%   9.1  405s
 213644 92593     cutoff   52      1619.56263 1439.54865  11.1%   9.1  411s
 215011 92754 1606.28019   57   27 1619.56263 1439.87145  11.1%   9.1  415s
 216499 93764 1488.64950   50   35 1619.56263 1440.20770  11.1%   9.1  420s
 218765 95252 1613.85522   55   39 1619.56263 1440.73721  11.0%   9.1  425s
 221161 96593     cutoff   51      1619.56263 1441.29596  11.0%   9.1  430s
 224979 98168 1504.63032   44   18 1619.56263 1442.21593  11.0%   9.2  436s
 227118 99591     cutoff   78      1619.56263 1442.63492  10.9%   9.2  442s
 228588 100344 1598.75993   61   27 1619.56263 1442.95772  10.9%   9.2  445s
 230944 101682     cutoff   45      1619.56263 1443.46095  10.9%   9.2  450s
 233118 102556 1595.68050   41   37 1619.56263 1443.95065  10.8%   9.2  455s
 235374 103980 1579.80542   59    6 1619.56263 1444.43899  10.8%   9.2  461s
 237618 104880 1568.43642   53   32 1619.56263 1444.99280  10.8%   9.2  466s
 240000 106262 infeasible   54      1619.56263 1445.47374  10.7%   9.2  472s
 241375 107019 1450.85185   49   12 1619.56263 1445.70279  10.7%   9.2  475s
 244060 108482 infeasible   54      1619.56263 1446.15174  10.7%   9.3  480s
 246567 109559 1498.22563   56   29 1619.56263 1446.65302  10.7%   9.3  485s
 249020 110666 1572.45148   45   28 1619.56263 1447.10533  10.6%   9.3  492s
 250082 111288 1477.55813   44   39 1619.56263 1447.43954  10.6%   9.3  495s
 252816 112695     cutoff   52      1619.56263 1447.95125  10.6%   9.3  501s
 255213 113372     cutoff   59      1619.56263 1448.37228  10.6%   9.3  506s
 257175 114684 1552.85793   60   19 1619.56263 1448.85463  10.5%   9.3  512s
 258465 115410 1592.00866   68   31 1619.56263 1449.05470  10.5%   9.3  515s
 261195 116427 1544.41521   48   33 1619.56263 1449.59586  10.5%   9.3  521s
 263147 117461 1550.59687   55   34 1619.56263 1449.90692  10.5%   9.4  526s
 265863 118616     cutoff   59      1619.56263 1450.39795  10.4%   9.4  531s
 268108 119819 1480.42239   45   50 1619.56263 1450.83746  10.4%   9.4  536s
 270678 121050     cutoff   57      1619.56263 1451.28455  10.4%   9.4  541s
 272951 122210     cutoff   60      1619.56263 1451.73433  10.4%   9.4  546s
 275236 122910 1565.44850   70   29 1619.56263 1452.07171  10.3%   9.4  553s
 275646 123552 1561.66106   58   21 1619.56263 1452.08133  10.3%   9.4  556s
 278466 125082     cutoff   66      1619.56263 1452.57157  10.3%   9.4  561s
 280766 126279 1579.77925   67   38 1619.56263 1453.03027  10.3%   9.4  566s
 283437 127433 1512.36917   48   43 1619.56263 1453.48590  10.3%   9.4  571s
 285862 128443     cutoff  101      1619.56263 1453.83342  10.2%   9.5  576s
 288528 129575     cutoff   51      1619.56263 1454.30106  10.2%   9.5  581s
 290659 130692 1586.89778   85   39 1619.56263 1454.63309  10.2%   9.5  586s
H292859 131217                    1619.5626166 1454.87553  10.2%   9.5  589s
 293034 131874 1525.26561   64   25 1619.56262 1455.01193  10.2%   9.5  591s
 295736 133084     cutoff   64      1619.56262 1455.39229  10.1%   9.5  596s
 298250 134160 1485.13856   52   34 1619.56262 1455.81495  10.1%   9.5  601s
 300238 135258 1562.46385   52   41 1619.56262 1456.09804  10.1%   9.5  606s
 302774 136430 1539.29497   52   32 1619.56262 1456.44126  10.1%   9.5  611s
 305112 137381 1578.00782   51   26 1619.56262 1456.69260  10.1%   9.5  616s
 307701 138538     cutoff   56      1619.56262 1457.09997  10.0%   9.6  621s
 309557 139358     cutoff   56      1619.56262 1457.39941  10.0%   9.6  626s
 312164 140685     cutoff   54      1619.56262 1457.77561  10.0%   9.6  631s
 314499 142104 1499.88343   47   22 1619.56262 1458.07496  10.0%   9.6  636s
 317311 143349     cutoff   63      1619.56262 1458.46844  9.95%   9.6  641s
 319426 144338     cutoff   70      1619.56262 1458.83224  9.92%   9.6  647s
 321927 145423 1589.83605   55   16 1619.56262 1459.24140  9.90%   9.6  652s
 323168 145841 infeasible   59      1619.56262 1459.36975  9.89%   9.6  655s
 325595 146646     cutoff  108      1619.56262 1459.66373  9.87%   9.6  660s
 327662 148010 1549.21323   61   32 1619.56262 1460.01499  9.85%   9.6  666s
 330287 148995     cutoff   61      1619.56262 1460.36117  9.83%   9.6  672s
 331561 149428     cutoff   60      1619.56262 1460.50439  9.82%   9.7  675s
 333951 150474 1521.15071   57   23 1619.56262 1460.81052  9.80%   9.7  681s
 335766 151574 1530.77198   59   38 1619.56262 1461.03535  9.79%   9.7  686s
 338565 152705 1536.39380   38   16 1619.56262 1461.44601  9.76%   9.7  692s
 339692 153247     cutoff   78      1619.56262 1461.56631  9.76%   9.7  695s
 342231 154467     cutoff   54      1619.56262 1461.88565  9.74%   9.7  700s
 344961 155175     cutoff  118      1619.56262 1462.29698  9.71%   9.7  707s
 345272 155785 1608.30916   50   28 1619.56262 1462.29977  9.71%   9.7  710s
 347506 156756 1558.89680   61   31 1619.56262 1462.64870  9.69%   9.7  716s
 350245 158005 1568.21383   78   24 1619.56262 1463.03891  9.66%   9.7  722s
 351534 158739     cutoff   49      1619.56262 1463.18615  9.66%   9.7  725s
 354255 159732     cutoff   58      1619.56262 1463.50552  9.64%   9.7  731s
 356756 160882 1609.29058   58   40 1619.56262 1463.82262  9.62%   9.7  737s
 358841 161964     cutoff   49      1619.56262 1464.08106  9.60%   9.7  742s
 360124 162414 1535.15472   53   34 1619.56262 1464.25061  9.59%   9.7  745s
 362829 163610 1581.56885   56   15 1619.56262 1464.54499  9.57%   9.8  751s
 364889 164477 1526.82001   53   17 1619.56262 1464.72209  9.56%   9.8  758s
 366139 165024 1593.42351   80   29 1619.56262 1464.96590  9.55%   9.8  761s
 367505 165528 1568.71078   64   19 1619.56262 1465.13397  9.54%   9.8  765s
 369779 166681 1581.04118   59   21 1619.56262 1465.46162  9.51%   9.8  771s
 372235 167780 1596.21650   56   22 1619.56262 1465.74498  9.50%   9.8  777s
 373608 168438     cutoff   66      1619.56262 1465.88785  9.49%   9.8  780s
 376085 169390 1524.04957   71   40 1619.56262 1466.15650  9.47%   9.8  786s
 377043 169982 1579.41661   78   27 1619.56262 1466.25619  9.47%   9.8  790s
 379627 171196     cutoff   69      1619.56262 1466.56892  9.45%   9.8  796s
 381068 171878     cutoff   68      1619.56262 1466.82728  9.43%   9.8  800s
 383888 173125 1593.99815   57   41 1619.56262 1467.18174  9.41%   9.8  807s
 385105 173518 1531.88325   48   35 1619.56262 1467.35177  9.40%   9.8  811s
 385980 174067     cutoff   56      1619.56262 1467.42609  9.39%   9.8  815s
 388543 174530 1604.11820   62   37 1619.56262 1467.68257  9.38%   9.8  824s
 388657 175029 1573.90949   62   33 1619.56262 1467.73234  9.37%   9.8  828s
 389892 175438     cutoff   56      1619.56262 1467.86385  9.37%   9.8  832s
 390884 175839 1619.27512   56   10 1619.56262 1467.97853  9.36%   9.8  835s
 392914 176803     cutoff   58      1619.56262 1468.24972  9.34%   9.8  842s
 395156 177815     cutoff   61      1619.56262 1468.48575  9.33%   9.9  847s
 396567 178461 1529.33940   59   46 1619.56262 1468.64381  9.32%   9.9  850s
 398982 179512 1589.97045   63   34 1619.56262 1468.85342  9.31%   9.9  856s
 400267 180086 infeasible   62      1619.56262 1468.97628  9.30%   9.9  860s
 402901 181155 1509.25281   77   39 1619.56262 1469.24801  9.28%   9.9  866s
 404203 181184 1586.66943   69   27 1619.56262 1469.33246  9.28%   9.9  873s
 404284 181539     cutoff   72      1619.56262 1469.34197  9.28%   9.9  876s
 406608 182765     cutoff   55      1619.56262 1469.65183  9.26%   9.9  881s
 409031 183637     cutoff   65      1619.56262 1469.94905  9.24%   9.9  887s
 410155 184144     cutoff   65      1619.56262 1470.06523  9.23%   9.9  890s
 412485 184883 1598.09056   43   10 1619.56262 1470.32195  9.21%   9.9  896s
 415164 185946 1529.16878   59   38 1619.56262 1470.58534  9.20%   9.9  902s
 416194 186433 1547.74300   52   18 1619.56262 1470.72128  9.19%   9.9  905s
 418986 187652     cutoff   69      1619.56262 1471.03435  9.17%   9.9  911s
 421724 188723 1503.13635   34   40 1619.56262 1471.27455  9.16%  10.0  917s
 423015 189104 1571.13799   58   31 1619.56262 1471.41285  9.15%  10.0  920s
 425306 190408 1518.61493   46   33 1619.56262 1471.67127  9.13%  10.0  926s
 428030 191494     cutoff   62      1619.56262 1471.88935  9.12%  10.0  932s
 429311 191875 infeasible   44      1619.56262 1472.03918  9.11%  10.0  936s
 430508 192260     cutoff   48      1619.56262 1472.09739  9.11%  10.0  940s
 432923 193320     cutoff   97      1619.56262 1472.36276  9.09%  10.0  947s
 434213 194007 1586.85917   46   10 1619.56262 1472.53960  9.08%  10.0  951s
 436836 194807     cutoff   53      1619.56262 1472.79085  9.06%  10.0  957s
 437871 195156     cutoff   57      1619.56262 1472.93112  9.05%  10.0  960s
 440157 196107 1610.01350   52    - 1619.56262 1473.12365  9.04%  10.0  967s
 441318 196460 1552.40166   76   27 1619.56262 1473.26381  9.03%  10.0  970s
H442841 196936                    1619.5624246 1473.38669  9.03%  10.0  974s
 443547 197615     cutoff   64      1619.56242 1473.48812  9.02%  10.0  977s
 445040 198228     cutoff   45      1619.56242 1473.64154  9.01%  10.0  980s
 447655 199105     cutoff   57      1619.56242 1473.90579  8.99%  10.0  988s
 448946 199618     cutoff   69      1619.56242 1473.99976  8.99%  10.0  991s
 449985 200062 1619.11880   64   24 1619.56242 1474.09251  8.98%  10.0  995s
 452779 201284     cutoff   58      1619.56242 1474.37553  8.96%  10.0 1002s
 454087 201770 1529.51538   47   43 1619.56242 1474.49574  8.96%  10.0 1006s
 456324 202514 1618.45584   77   27 1619.56242 1474.71344  8.94%  10.1 1013s
 457309 203015     cutoff   63      1619.56242 1474.79634  8.94%  10.1 1017s
 458632 203446 1493.30977   56   29 1619.56242 1474.92569  8.93%  10.1 1020s
 460779 204370     cutoff   69      1619.56242 1475.15689  8.92%  10.1 1027s
 462164 204731     cutoff   77      1619.56242 1475.30333  8.91%  10.1 1030s
 464395 205687 1534.59662   50   20 1619.56242 1475.57006  8.89%  10.1 1039s
 465694 206163 1521.75228   49   15 1619.56242 1475.70417  8.88%  10.1 1043s
 466851 206650     cutoff   61      1619.56242 1475.78965  8.88%  10.1 1046s
 468214 207153 1562.66769   47   22 1619.56242 1475.93221  8.87%  10.1 1050s
 470896 207974 1571.31406   58   32 1619.56242 1476.12185  8.86%  10.1 1057s
 471962 208343 1490.28162   41   25 1619.56242 1476.22459  8.85%  10.1 1061s
 474280 209322 1516.82142   51   22 1619.56242 1476.44768  8.84%  10.1 1067s
 475646 209713     cutoff   52      1619.56242 1476.57621  8.83%  10.1 1071s
 478004 210688 infeasible   52      1619.56242 1476.77134  8.82%  10.1 1078s
 479394 211298 1573.28380   60   14 1619.56242 1476.94936  8.81%  10.1 1081s
 480861 211818 1615.07232   76   18 1619.56242 1477.07966  8.80%  10.1 1085s
 483228 212669 1510.72210   45   35 1619.56242 1477.27446  8.79%  10.1 1092s
 484487 213050     cutoff   59      1619.56242 1477.40753  8.78%  10.1 1095s
 487215 214321 1492.89230   57   21 1619.56242 1477.61561  8.76%  10.1 1102s
 488614 214359     cutoff   41      1619.56242 1477.75558  8.76%  10.1 1111s
 490103 215382     cutoff   70      1619.56242 1477.86123  8.75%  10.2 1117s
 491283 215823 infeasible   63      1619.56242 1477.95424  8.74%  10.2 1120s
 493725 216924     cutoff   64      1619.56242 1478.18640  8.73%  10.2 1127s
 495148 217582 1599.06154   77   26 1619.56242 1478.34050  8.72%  10.2 1130s
 498059 218629 1527.54201   56   24 1619.56242 1478.61539  8.70%  10.2 1136s
 499434 219084 1571.67374   59   31 1619.56242 1478.71671  8.70%  10.2 1140s
 501667 219763 1594.65124   71   18 1619.56242 1478.94178  8.68%  10.2 1146s
 504224 220734 1531.34148   59   44 1619.56242 1479.11677  8.67%  10.2 1152s
 505613 221119 infeasible   91      1619.56242 1479.24266  8.66%  10.2 1155s
 507923 222128     cutoff   60      1619.56242 1479.42017  8.65%  10.2 1162s
 509349 222490 1608.77275   55   25 1619.56242 1479.53094  8.65%  10.2 1165s
 511651 223122     cutoff   68      1619.56242 1479.74822  8.63%  10.2 1171s
 512582 223416 infeasible   77      1619.56242 1479.77985  8.63%  10.2 1175s
 513567 224001 1483.47175   47   40 1619.56242 1479.88622  8.62%  10.2 1180s
 516102 224799 1495.59738   48   33 1619.56242 1480.11590  8.61%  10.2 1187s
 517126 225198     cutoff   49      1619.56242 1480.20482  8.60%  10.2 1191s
 518156 225846     cutoff   65      1619.56242 1480.28972  8.60%  10.2 1196s
 519734 226385     cutoff   54      1619.56242 1480.44662  8.59%  10.2 1200s
 522294 227290     cutoff   64      1619.56242 1480.67935  8.58%  10.2 1209s
 523839 227804     cutoff   51      1619.56242 1480.80349  8.57%  10.2 1213s
 525184 228279 1605.89503   64   12 1619.56242 1480.92309  8.56%  10.2 1218s
 526584 228790     cutoff   80      1619.56242 1481.01928  8.55%  10.2 1221s
 527793 229235     cutoff   54      1619.56242 1481.11626  8.55%  10.2 1225s
 529151 229797     cutoff   72      1619.56242 1481.23692  8.54%  10.2 1230s
 531818 230816 1606.78107   66   35 1619.56242 1481.45398  8.53%  10.3 1236s
 534676 232057 1535.83854   55   56 1619.56242 1481.70305  8.51%  10.3 1242s
 535899 232542     cutoff   62      1619.56242 1481.80524  8.51%  10.3 1246s
 538481 233382 1574.37898   47   16 1619.56242 1482.06102  8.49%  10.3 1252s
 539584 233803     cutoff   62      1619.56242 1482.12258  8.49%  10.3 1255s
 541976 234740 1592.13035   48   26 1619.56242 1482.33748  8.47%  10.3 1262s
 543342 235110 1595.87602   45   15 1619.56242 1482.46467  8.47%  10.3 1265s
 545405 235950 1552.39061   67   24 1619.56242 1482.61497  8.46%  10.3 1271s
 547839 236937     cutoff   54      1619.56242 1482.79965  8.44%  10.3 1278s
 549273 237403 infeasible   61      1619.56242 1482.88210  8.44%  10.3 1281s
 550567 237822     cutoff   54      1619.56242 1482.98833  8.43%  10.3 1285s
 553234 238796 1583.78055   75   12 1619.56242 1483.19265  8.42%  10.3 1291s
 554596 239252     cutoff   82      1619.56242 1483.31286  8.41%  10.3 1295s
 556888 239795 1499.46021   49   39 1619.56242 1483.47533  8.40%  10.3 1301s
 559094 240515 1555.02763   48   27 1619.56242 1483.67376  8.39%  10.3 1308s
 560143 241093     cutoff   76      1619.56242 1483.74130  8.39%  10.3 1311s
 561641 241727 infeasible   42      1619.56242 1483.85464  8.38%  10.3 1315s
 564278 242493     cutoff   73      1619.56242 1484.03593  8.37%  10.3 1322s
 565536 243218     cutoff   63      1619.56242 1484.13212  8.36%  10.3 1325s
 568559 244101 1612.33049   49   15 1619.56242 1484.36624  8.35%  10.3 1332s
 569574 244563 1520.21796   71   40 1619.56242 1484.43575  8.34%  10.3 1335s
 572435 245683     cutoff   68      1619.56242 1484.65353  8.33%  10.3 1342s
 573848 246105 1573.50145   75   43 1619.56242 1484.75187  8.32%  10.3 1345s
 576362 246915     cutoff   81      1619.56242 1484.89525  8.32%  10.3 1352s
 577287 247306     cutoff   75      1619.56242 1484.98524  8.31%  10.3 1356s
 578601 247829 1580.06140   62   25 1619.56242 1485.07216  8.30%  10.3 1360s
 581529 248728     cutoff   65      1619.56242 1485.25486  8.29%  10.4 1366s
 582614 248796 1615.87701   71   34 1619.56242 1485.34416  8.29%  10.4 1371s
 583899 249502 1609.09168   41   13 1619.56242 1485.48757  8.28%  10.4 1378s
 585015 250052     cutoff   68      1619.56242 1485.57801  8.27%  10.4 1381s
 586498 250551     cutoff   67      1619.56242 1485.70523  8.27%  10.4 1385s
 589204 251191     cutoff   79      1619.56242 1485.89208  8.25%  10.4 1393s
 590174 251667 1597.86341   59   40 1619.56242 1486.00032  8.25%  10.4 1397s
 591596 252053 1579.84337   61   36 1619.56242 1486.10467  8.24%  10.4 1402s
 592729 252394 1540.96345   59   18 1619.56242 1486.17269  8.24%  10.4 1405s
 593792 252974     cutoff   68      1619.56242 1486.22870  8.23%  10.4 1410s
 596773 254103 1551.09890   44   33 1619.56242 1486.42856  8.22%  10.4 1419s
 598270 254547     cutoff   56      1619.56242 1486.54489  8.21%  10.4 1423s
 599705 255034     cutoff   54      1619.56242 1486.65435  8.21%  10.4 1427s
 601157 255094 infeasible   50      1619.56242 1486.75159  8.20%  10.4 1433s
 601365 255490 1491.22943   48   21 1619.56242 1486.76557  8.20%  10.4 1437s
 602549 255943     cutoff   59      1619.56242 1486.82814  8.20%  10.4 1441s
 605244 256885     cutoff   50      1619.56242 1487.08968  8.18%  10.4 1448s
 606504 257451     cutoff   51      1619.56242 1487.15111  8.18%  10.4 1452s
 608017 257891 1580.82767   66   30 1619.56242 1487.25036  8.17%  10.4 1455s
 610589 258789     cutoff   59      1619.56242 1487.43937  8.16%  10.4 1462s
 611966 259142 1561.03609   51   39 1619.56242 1487.57137  8.15%  10.4 1465s
 614418 259931 1536.89956   61   28 1619.56242 1487.74728  8.14%  10.4 1473s
 615643 260438 1564.79300   52   33 1619.56242 1487.88006  8.13%  10.4 1477s
 617030 260818 1548.83171   54   18 1619.56242 1487.94305  8.13%  10.4 1480s
 618133 261195 1533.20723   54   25 1619.56242 1488.04346  8.12%  10.4 1486s
 619343 261609 1555.77826   61   35 1619.56242 1488.08901  8.12%  10.4 1490s
 620544 262174 1610.53430   45   27 1619.56242 1488.22712  8.11%  10.4 1495s
 623568 263069     cutoff   55      1619.56242 1488.42556  8.10%  10.4 1503s
 624788 263583     cutoff   65      1619.56242 1488.50390  8.09%  10.4 1507s
 626227 264036 1617.76892   55   26 1619.56242 1488.64835  8.08%  10.5 1511s
 627638 264520     cutoff   50      1619.56242 1488.73622  8.08%  10.5 1516s
 629134 264888 1600.76141   42   18 1619.56242 1488.83684  8.07%  10.5 1520s
H629919 264891                    1619.5619284 1488.86189  8.07%  10.5 1520s
 631426 265575 1585.04179   53   14 1619.56193 1489.02197  8.06%  10.5 1528s
 632839 266071 1572.73202   68   37 1619.56193 1489.09606  8.06%  10.5 1533s
 634317 266554     cutoff   66      1619.56193 1489.19666  8.05%  10.5 1537s
 635653 266814     cutoff   50      1619.56193 1489.30558  8.04%  10.5 1541s
 636612 267312 1602.56484   74   16 1619.56193 1489.35013  8.04%  10.5 1546s
 638055 267636     cutoff   57      1619.56193 1489.46100  8.03%  10.5 1551s
 639148 268117     cutoff   44      1619.56193 1489.51717  8.03%  10.5 1555s
 640615 268420     cutoff   79      1619.56193 1489.63642  8.02%  10.5 1560s
 641808 268777 1598.81109   55   16 1619.56193 1489.72349  8.02%  10.5 1565s
 644188 269745     cutoff   78      1619.56193 1489.91791  8.00%  10.5 1574s
 645638 270341 infeasible   75      1619.56193 1490.03952  8.00%  10.5 1580s
 647211 270712 1560.08008   50   19 1619.56193 1490.13828  7.99%  10.5 1585s
 649487 271537 infeasible   68      1619.56193 1490.31666  7.98%  10.5 1595s
 650937 271937 1585.31938   47   27 1619.56193 1490.41075  7.97%  10.5 1601s
 652333 272398 1614.28965   57   21 1619.56193 1490.51037  7.97%  10.5 1606s
 653718 272843 1544.12333   51   29 1619.56193 1490.59784  7.96%  10.5 1611s
 654931 273259 1528.04594   63   43 1619.56193 1490.71605  7.96%  10.5 1616s
 656188 273692 1579.02085   52   35 1619.56193 1490.78220  7.95%  10.5 1621s
 657588 274068 1552.74473   61   40 1619.56193 1490.89246  7.94%  10.5 1626s
 658674 274536 1581.96426   52   12 1619.56193 1490.95517  7.94%  10.5 1631s
 660172 274978 1503.72969   65   30 1619.56193 1491.05886  7.93%  10.5 1635s
 662599 275796 1587.14654   88   33 1619.56193 1491.22686  7.92%  10.5 1643s
 663943 276156 1610.93508   91   10 1619.56193 1491.32423  7.92%  10.5 1647s
 665080 276485 1613.93720   56   33 1619.56193 1491.40884  7.91%  10.5 1650s
 667862 277446 1570.32965   58   19 1619.56193 1491.55555  7.90%  10.5 1657s
 669232 277796     cutoff   65      1619.56193 1491.64134  7.90%  10.5 1662s
 670369 278307     cutoff   53      1619.56193 1491.70991  7.89%  10.5 1667s
 671812 278826 1607.85528   61   14 1619.56193 1491.81444  7.89%  10.5 1671s
 673345 279177 1598.67858   90   51 1619.56193 1491.92706  7.88%  10.5 1675s
 675772 279985 1615.68804   45   32 1619.56193 1492.07153  7.87%  10.5 1683s
 677002 280409     cutoff   58      1619.56193 1492.13477  7.87%  10.5 1687s
 678430 280863 1585.99351   69   15 1619.56193 1492.25891  7.86%  10.5 1691s
 679897 281094 1508.31750   43   33 1619.56193 1492.32763  7.86%  10.5 1695s
 680881 281603 1610.24771   65   30 1619.56193 1492.38090  7.85%  10.6 1700s
 683970 282471 infeasible   59      1619.56193 1492.55869  7.84%  10.6 1708s
 685083 282956 1545.66670   49   26 1619.56193 1492.63899  7.84%  10.6 1711s
 686517 283326     cutoff   56      1619.56193 1492.73449  7.83%  10.6 1715s
 687620 283731 1603.83434   54   28 1619.56193 1492.78854  7.83%  10.6 1720s
 688965 284147 1596.53123   52   20 1619.56193 1492.87167  7.82%  10.6 1725s
 691352 284891 1576.66865   67   38 1619.56193 1493.03591  7.81%  10.6 1734s
 692809 285322     cutoff   64      1619.56193 1493.15296  7.81%  10.6 1737s
 693991 285698     cutoff   45      1619.56193 1493.21669  7.80%  10.6 1741s
 695326 286150 1610.57302   71   37 1619.56193 1493.30410  7.80%  10.6 1746s
 696736 286652 1585.07287   41   28 1619.56193 1493.39943  7.79%  10.6 1750s
 699580 287620     cutoff   71      1619.56193 1493.57264  7.78%  10.6 1758s
 700961 287719 1560.23994   50   33 1619.56193 1493.61061  7.78%  10.6 1765s
 702670 288461 1524.63163   83   30 1619.56193 1493.76633  7.77%  10.6 1774s
 703775 288931 1591.61523   54   32 1619.56193 1493.84109  7.76%  10.6 1780s
 706628 289883 1576.35001   46   28 1619.56193 1494.07093  7.75%  10.6 1788s
 707751 290261 1590.14268   67   40 1619.56193 1494.14790  7.74%  10.6 1792s
 709169 290595 1599.11696   71   39 1619.56193 1494.20431  7.74%  10.6 1796s
 710543 291087     cutoff   60      1619.56193 1494.28893  7.73%  10.6 1800s
 713361 291943 1614.63873   80   32 1619.56193 1494.48311  7.72%  10.6 1807s
 714719 292328 infeasible   49      1619.56193 1494.54299  7.72%  10.6 1811s
 715877 292741     cutoff   57      1619.56193 1494.64496  7.71%  10.6 1815s
 718816 293648     cutoff   87      1619.56193 1494.79184  7.70%  10.6 1823s
 720335 293995 1611.96932   67   39 1619.56193 1494.86752  7.70%  10.6 1826s
 721401 294355 1582.79495   66   21 1619.56193 1494.90640  7.70%  10.6 1830s
 724085 295214 1550.21535   53   17 1619.56193 1495.08067  7.69%  10.6 1838s
 725625 295684     cutoff   65      1619.56193 1495.18359  7.68%  10.6 1842s
 727133 295983 1510.40302   48   46 1619.56193 1495.26738  7.67%  10.6 1846s
 728159 296348 1600.46978   64   32 1619.56193 1495.32421  7.67%  10.6 1850s
 730663 297161 1566.98615   64   22 1619.56193 1495.48440  7.66%  10.6 1857s
 732153 297554     cutoff   73      1619.56193 1495.57277  7.66%  10.6 1861s
 733544 297932 1571.87926   56   14 1619.56193 1495.65685  7.65%  10.6 1865s
 736088 298573 1533.79602   82   33 1619.56193 1495.80375  7.64%  10.6 1873s
 737478 298914 1596.09067   54   47 1619.56193 1495.90995  7.63%  10.7 1876s
 738637 299253     cutoff   65      1619.56193 1495.96965  7.63%  10.7 1880s
 741094 300049     cutoff   57      1619.56193 1496.12575  7.62%  10.7 1889s
 742498 300433     cutoff   54      1619.56193 1496.19930  7.62%  10.7 1893s
 743975 300797     cutoff   53      1619.56193 1496.29039  7.61%  10.7 1898s
 745100 301305 1526.74198   53   38 1619.56193 1496.35972  7.61%  10.7 1903s
 746591 301706 infeasible   61      1619.56193 1496.44560  7.60%  10.7 1909s
 747967 302020     cutoff   53      1619.56193 1496.52721  7.60%  10.7 1913s
 749033 302366     cutoff   43      1619.56193 1496.59417  7.59%  10.7 1918s
 750473 302801 1608.70380   50   14 1619.56193 1496.68603  7.59%  10.7 1923s
 751935 303201 1548.22643   68   37 1619.56193 1496.76272  7.58%  10.7 1927s
 753411 303680     cutoff   59      1619.56193 1496.85621  7.58%  10.7 1932s
 754955 303973 infeasible   52      1619.56193 1496.93430  7.57%  10.7 1936s
H755755 303975                    1619.5608841 1496.95491  7.57%  10.7 1936s
 756003 304331 1615.65224   53   18 1619.56088 1497.01915  7.57%  10.7 1940s
 758484 305062 1561.85027   61   21 1619.56088 1497.13670  7.56%  10.7 1947s
 760053 305131     cutoff   64      1619.56088 1497.23266  7.55%  10.7 1958s
H760057 305130                    1619.5604164 1497.23266  7.55%  10.7 1958s
 760265 305499 1557.76812   61   32 1619.56042 1497.24913  7.55%  10.7 1962s
 761357 305889 1522.71181   69   36 1619.56042 1497.30709  7.55%  10.7 1966s
 762732 306206 1534.86053   50   14 1619.56042 1497.41996  7.54%  10.7 1970s
 765434 307040 1576.36148   55   22 1619.56042 1497.56446  7.53%  10.7 1978s
 767072 307502     cutoff   51      1619.56042 1497.65469  7.53%  10.7 1982s
 768522 307815 1612.71075   49   25 1619.56042 1497.76592  7.52%  10.7 1986s
 769627 308247 infeasible   44      1619.56042 1497.79990  7.52%  10.7 1990s
 772335 309185 1544.69133   41   15 1619.56042 1497.98068  7.51%  10.7 1998s
 774099 309638 1545.44505   77   30 1619.56042 1498.08320  7.50%  10.7 2002s
 775377 309970 1588.65660   49   16 1619.56042 1498.14600  7.50%  10.7 2006s
 776746 310330 1535.90087   52   41 1619.56042 1498.22583  7.49%  10.7 2010s
 779050 311173     cutoff   59      1619.56042 1498.38245  7.48%  10.7 2017s
 780644 311607 1558.20905   46   34 1619.56042 1498.47027  7.48%  10.7 2021s
 782014 312033 1564.49188   56   15 1619.56042 1498.59006  7.47%  10.7 2026s
 784661 312642 1599.58107   50   17 1619.56042 1498.74383  7.46%  10.7 2033s
 785930 313102     cutoff   67      1619.56042 1498.80779  7.46%  10.7 2037s
 787495 313505 1586.46199   60   25 1619.56042 1498.88726  7.45%  10.7 2041s
 788938 313830 1592.24414   67   41 1619.56042 1498.96013  7.45%  10.7 2045s
 791674 314700 infeasible  105      1619.56042 1499.13576  7.44%  10.7 2053s
 792963 315154 1573.95477   50   29 1619.56042 1499.19970  7.43%  10.7 2057s
 794506 315481 1514.32960   68   30 1619.56042 1499.29100  7.43%  10.7 2061s
 795638 315956 1549.20362   42   25 1619.56042 1499.36019  7.42%  10.7 2065s
 798364 316753 1597.11809   60   18 1619.56042 1499.50762  7.41%  10.8 2074s
 799973 317140 1587.02989   71   26 1619.56042 1499.59646  7.41%  10.8 2078s
 801165 317434     cutoff   52      1619.56042 1499.66379  7.40%  10.8 2082s
 802314 317937     cutoff   61      1619.56042 1499.75558  7.40%  10.8 2087s
 803840 318317     cutoff   55      1619.56042 1499.82060  7.39%  10.8 2091s
 805033 318411 1596.90176   56   28 1619.56042 1499.89143  7.39%  10.8 2098s
 805424 318838     cutoff   55      1619.56042 1499.89652  7.39%  10.8 2103s
 807015 319143 1595.09917   67   44 1619.56042 1500.01607  7.38%  10.8 2107s
 808197 319586 1523.12058   54   41 1619.56042 1500.06975  7.38%  10.8 2112s
 809733 319981 1551.55848   62   36 1619.56042 1500.15582  7.37%  10.8 2117s
 811257 320387 1550.68000   54   35 1619.56042 1500.23716  7.37%  10.8 2121s
 812807 320636 1575.69145   59   19 1619.56042 1500.32805  7.36%  10.8 2125s
 815188 321262 1594.79118   68   17 1619.56042 1500.46026  7.35%  10.8 2134s
 816412 321563 1609.30818   69   20 1619.56042 1500.51980  7.35%  10.8 2138s
H817115 321563                    1619.5598248 1500.53860  7.35%  10.8 2138s
 817471 321871 1531.49129   50   26 1619.55982 1500.57186  7.35%  10.8 2142s
 818614 322259 1565.11014   57   36 1619.55982 1500.65581  7.34%  10.8 2147s
 819900 322773     cutoff   50      1619.55982 1500.72172  7.34%  10.8 2153s
 821546 323327 1539.16101   58   42 1619.55982 1500.81283  7.33%  10.8 2159s
 823269 323644 1563.79396   64   34 1619.55982 1500.90588  7.33%  10.8 2163s
 824293 323976 1561.00823   42   33 1619.55982 1500.96131  7.32%  10.8 2168s
 825766 324385     cutoff   61      1619.55982 1501.05176  7.32%  10.8 2174s
 827215 324773     cutoff   63      1619.55982 1501.12987  7.31%  10.8 2179s
 828561 325245     cutoff   58      1619.55982 1501.20554  7.31%  10.8 2184s
 830158 325533 1584.59662   62   41 1619.55982 1501.29112  7.30%  10.8 2189s
 831260 325824 1563.70973   57   19 1619.55982 1501.33542  7.30%  10.8 2193s
 832477 326272     cutoff   57      1619.55982 1501.39167  7.30%  10.8 2199s
 833933 326764 1607.28162   51   14 1619.55982 1501.49375  7.29%  10.8 2205s
 835645 327168 1509.99214   44   31 1619.55982 1501.56996  7.29%  10.8 2210s
 837101 327466 1544.40254   45   27 1619.55982 1501.64458  7.28%  10.8 2215s
 838109 327855     cutoff   66      1619.55982 1501.70297  7.28%  10.8 2221s
 839662 328166     cutoff   59      1619.55982 1501.79251  7.27%  10.8 2225s
 840897 328574 1520.84051   51   41 1619.55982 1501.85014  7.27%  10.8 2231s
 842425 328917     cutoff   71      1619.55982 1501.96588  7.26%  10.8 2236s
 843762 329234 1522.21676   48   37 1619.55982 1502.02288  7.26%  10.8 2240s
 844858 329601     cutoff   63      1619.55982 1502.08877  7.25%  10.8 2246s
 846343 329970 1532.82113   66   23 1619.55982 1502.16270  7.25%  10.8 2251s
 847819 330357 1579.04939   64   24 1619.55982 1502.27578  7.24%  10.8 2257s
 849125 330865 1573.18410   69   45 1619.55982 1502.35620  7.24%  10.8 2263s
 850755 331172     cutoff   56      1619.55982 1502.44042  7.23%  10.8 2268s
 851936 331516     cutoff   55      1619.55982 1502.49589  7.23%  10.8 2272s
 853385 331882 1572.38184   65   26 1619.55982 1502.57825  7.22%  10.8 2276s
 854651 332312     cutoff   79      1619.55982 1502.67401  7.22%  10.8 2280s
 857464 333114     cutoff   75      1619.55982 1502.82725  7.21%  10.8 2289s
 858910 333530 1613.98616   71   28 1619.55982 1502.88430  7.20%  10.8 2293s
 860458 333902 1595.02403   47   31 1619.55982 1502.97708  7.20%  10.8 2297s
 861674 334238 1525.91741   44   27 1619.55982 1503.05745  7.19%  10.8 2301s
 862803 334568 1559.77034   60   36 1619.55982 1503.12038  7.19%  10.8 2307s
 864329 334856 1544.08648   48   30 1619.55982 1503.19511  7.18%  10.8 2311s
 865436 335358     cutoff   80      1619.55982 1503.23816  7.18%  10.8 2317s
 867069 335763     cutoff   60      1619.55982 1503.32837  7.18%  10.9 2323s
 868639 336057 1576.02285   83   30 1619.55982 1503.40715  7.17%  10.9 2327s
 869826 336496 1579.05574   54   26 1619.55982 1503.47275  7.17%  10.9 2332s
 871357 336931     cutoff   55      1619.55982 1503.56517  7.16%  10.9 2338s
 872726 337329 infeasible   55      1619.55982 1503.63287  7.16%  10.9 2342s
 874037 337712 infeasible   56      1619.55982 1503.70635  7.15%  10.9 2347s
 875607 337996 1546.96249   66   30 1619.55982 1503.78249  7.15%  10.9 2352s
 876907 338345 1591.33765   62   46 1619.55982 1503.85229  7.14%  10.9 2357s
 878371 338515 infeasible   61      1619.55982 1503.94315  7.14%  10.9 2362s
 879483 339023 1571.70547   49   41 1619.55982 1504.01508  7.13%  10.9 2367s
 881024 339301 1610.70784   60   22 1619.55982 1504.06776  7.13%  10.9 2371s
 882211 339720 infeasible   80      1619.55982 1504.15238  7.13%  10.9 2375s
 883712 339895 1612.00756   50   27 1619.55982 1504.23445  7.12%  10.9 2380s
 886164 340545     cutoff   60      1619.55982 1504.37310  7.11%  10.9 2389s
 887565 340851 1616.40771   62   34 1619.55982 1504.44012  7.11%  10.9 2393s
 888795 341261     cutoff   86      1619.55982 1504.51890  7.10%  10.9 2397s
 890385 341649 1590.09727   70   27 1619.55982 1504.57327  7.10%  10.9 2401s
 891989 341910 1539.11716   47   32 1619.55982 1504.66867  7.09%  10.9 2405s
 894352 342605 1583.63542   75   25 1619.55982 1504.79289  7.09%  10.9 2413s
 895563 343107     cutoff   94      1619.55982 1504.84710  7.08%  10.9 2418s
 897180 343500 1611.21444   69   26 1619.55982 1504.94202  7.08%  10.9 2422s
 898698 343750 1584.33163   62   16 1619.55982 1505.00735  7.07%  10.9 2426s
 899915 344175     cutoff   55      1619.55982 1505.05293  7.07%  10.9 2431s
 901489 344631     cutoff   53      1619.55982 1505.13623  7.07%  10.9 2435s
 903028 344695     cutoff   63      1619.55982 1505.20622  7.06%  10.9 2444s
 903304 345104 1574.64415   75   37 1619.55982 1505.22032  7.06%  10.9 2448s
 904626 345505 1607.86894   80   23 1619.55982 1505.26491  7.06%  10.9 2453s
 906245 345969 1612.78428   47   18 1619.55982 1505.35179  7.05%  10.9 2460s
 907687 346258 1597.56302   61   42 1619.55982 1505.42377  7.05%  10.9 2465s
 909015 346660 1542.88049   57   29 1619.55982 1505.46343  7.04%  10.9 2470s
 910503 346953     cutoff   65      1619.55982 1505.58585  7.04%  10.9 2476s
 911823 347214 1601.37226   62   38 1619.55982 1505.64428  7.03%  10.9 2481s
 913137 347489 1592.51071   54   22 1619.55982 1505.70751  7.03%  10.9 2486s
 914393 347763     cutoff   47      1619.55982 1505.76097  7.03%  10.9 2490s
 915683 348098 1606.62200   58   22 1619.55982 1505.84028  7.02%  10.9 2495s
 916949 348418 1553.92572   48   33 1619.55982 1505.90681  7.02%  10.9 2500s
 918292 348811     cutoff   74      1619.55982 1505.94458  7.02%  10.9 2506s
 919876 349091 infeasible   58      1619.55982 1506.07401  7.01%  10.9 2511s
 921223 349487 1551.24950   45   41 1619.55982 1506.13883  7.00%  10.9 2516s
 922757 349822 1555.60581   50   47 1619.55982 1506.20474  7.00%  10.9 2520s
 925636 350620     cutoff   72      1619.55982 1506.37600  6.99%  10.9 2529s
 927234 351034 1581.17685   40   14 1619.55982 1506.44225  6.98%  10.9 2534s
 928757 351387     cutoff   51      1619.55982 1506.51992  6.98%  10.9 2539s
 930133 351713 1566.50667   42   22 1619.55982 1506.57902  6.98%  10.9 2544s
 931553 352071 1588.50944   63   18 1619.55982 1506.63719  6.97%  10.9 2549s
 932839 352503 1588.44855   66   24 1619.55982 1506.70274  6.97%  10.9 2553s
 934470 352908     cutoff   50      1619.55982 1506.78306  6.96%  10.9 2558s
 936030 353215 1532.91500   51   15 1619.55982 1506.87524  6.96%  10.9 2563s
 937346 353540 infeasible   52      1619.55982 1506.93087  6.95%  10.9 2568s
 938587 353862 1601.31295   46   31 1619.55982 1506.99932  6.95%  10.9 2573s
 939945 354259 1587.51527   66   41 1619.55982 1507.05614  6.95%  10.9 2578s
 941578 354562 1610.23143   75   31 1619.55982 1507.15144  6.94%  11.0 2583s
 942918 354874 1545.83838   57   32 1619.55982 1507.21133  6.94%  11.0 2588s
 944199 355212 1576.72284   66   32 1619.55982 1507.29251  6.93%  11.0 2593s
 945754 355526 1535.24010   69   31 1619.55982 1507.35187  6.93%  11.0 2598s
 947268 355830 1618.75133   63   22 1619.55982 1507.43971  6.92%  11.0 2602s
 948614 356105 1559.98504   47   38 1619.55982 1507.50451  6.92%  11.0 2607s
 949652 356555     cutoff   55      1619.55982 1507.53699  6.92%  11.0 2612s
 951355 356848 1612.95184   60   34 1619.55982 1507.63537  6.91%  11.0 2617s
 952876 357230 1540.62747   59   44 1619.55982 1507.69692  6.91%  11.0 2622s
 954132 357561 1593.13082   53   28 1619.55982 1507.75363  6.90%  11.0 2626s
 955703 357908 1575.17998   63   34 1619.55982 1507.84715  6.90%  11.0 2631s
 957250 358289     cutoff   62      1619.55982 1507.90191  6.89%  11.0 2636s
 958740 358473 1589.80178   78   39 1619.55982 1508.00620  6.89%  11.0 2640s
 961150 359173 1611.73889   69   33 1619.55982 1508.11472  6.88%  11.0 2648s
 962528 359436 1587.59267   61   28 1619.55982 1508.17003  6.88%  11.0 2653s
 963957 359958     cutoff   71      1619.55982 1508.21533  6.87%  11.0 2660s
 967045 360512 1603.31133   61   20 1619.55982 1508.37010  6.87%  11.0 2668s
 968251 360846 1592.84495   65   28 1619.55982 1508.42590  6.86%  11.0 2672s
 969855 361300 infeasible   60      1619.55982 1508.51806  6.86%  11.0 2678s
 971445 361674 1588.69484   54   24 1619.55982 1508.59707  6.85%  11.0 2683s
 973113 361916 1556.84065   95   39 1619.55982 1508.66299  6.85%  11.0 2688s
 974281 362217 1570.11777   54   33 1619.55982 1508.73493  6.84%  11.0 2694s
 975593 362648     cutoff   51      1619.55982 1508.78933  6.84%  11.0 2699s
 977261 362862 infeasible   64      1619.55982 1508.85680  6.84%  11.0 2704s
 978377 363210 1615.08775   65   19 1619.55982 1508.90431  6.83%  11.0 2710s
 980021 363585 1545.10977   44   25 1619.55982 1508.98517  6.83%  11.0 2715s
 981222 364037     cutoff   72      1619.55982 1509.04396  6.82%  11.0 2720s
 983011 364520 1607.34647   53   10 1619.55982 1509.11142  6.82%  11.0 2726s
 984526 364811 1601.29603   57   23 1619.55982 1509.18789  6.81%  11.0 2731s
 985795 365116 1592.90333   55   24 1619.55982 1509.25019  6.81%  11.0 2736s
 987119 365475 infeasible   62      1619.55982 1509.31034  6.81%  11.0 2742s
 988701 365697 1542.80016   53   45 1619.55982 1509.39296  6.80%  11.0 2747s
 989928 366064 1558.71215   58   37 1619.55982 1509.45427  6.80%  11.0 2753s
 991385 366352 1605.31051   56   27 1619.55982 1509.53903  6.79%  11.0 2759s
 992605 366637 1597.44307   59   15 1619.55982 1509.58828  6.79%  11.0 2764s
 994135 367024 infeasible   57      1619.55982 1509.66598  6.79%  11.0 2768s
 995744 367360     cutoff   65      1619.55982 1509.74854  6.78%  11.0 2773s
 997281 367588 1610.43012   52   17 1619.55982 1509.81597  6.78%  11.0 2778s
 998553 367699     cutoff   64      1619.55982 1509.87562  6.77%  11.0 2786s
 998949 368007 1583.76723   57   37 1619.55982 1509.89697  6.77%  11.0 2792s
 1000373 368377 1567.20298   58   35 1619.55982 1509.97695  6.77%  11.0 2797s
 1001900 368691 1559.48655   54   38 1619.55982 1510.04388  6.76%  11.0 2802s
 1003307 368975 1617.29437   60   21 1619.55982 1510.11447  6.76%  11.0 2807s
 1004732 369265     cutoff   54      1619.55982 1510.18140  6.75%  11.0 2812s
 1006085 369693 1551.13415   52   26 1619.55982 1510.24497  6.75%  11.0 2816s
 1007669 370105     cutoff   77      1619.55982 1510.31822  6.75%  11.0 2821s
 1009313 370553 1576.55321   57   36 1619.55982 1510.39475  6.74%  11.0 2826s
 1011078 370630 1558.19687   56   38 1619.55982 1510.47621  6.74%  11.0 2834s
 1011473 370966 1573.01820   57   24 1619.55982 1510.47997  6.74%  11.0 2838s
 1012777 371372 1547.00084   61   38 1619.55982 1510.53988  6.73%  11.0 2844s
 1014473 371715 1530.16173   49   35 1619.55982 1510.60716  6.73%  11.0 2850s
 1015803 372176     cutoff   54      1619.55982 1510.66949  6.72%  11.0 2855s
 1017560 372526     cutoff   55      1619.55982 1510.73670  6.72%  11.0 2860s
 1020518 373134 1565.33193   57   25 1619.55982 1510.87216  6.71%  11.0 2869s
 1022128 373430 1558.27038   60   54 1619.55982 1510.93388  6.71%  11.0 2873s
 1023361 373839     cutoff   58      1619.55982 1510.99052  6.70%  11.1 2878s
 1025032 374120 1561.55578   52   37 1619.55982 1511.07668  6.70%  11.1 2882s
 1026246 374515 infeasible   97      1619.55982 1511.11027  6.70%  11.1 2887s
 1027917 374760 1618.53862   63   35 1619.55982 1511.20516  6.69%  11.1 2891s
 1029241 375112     cutoff   62      1619.55982 1511.26529  6.69%  11.1 2896s
 1030762 375434     cutoff   56      1619.55982 1511.32711  6.68%  11.1 2900s
 1032046 375745 1580.40366   46   35 1619.55982 1511.39385  6.68%  11.1 2905s
 1033505 376118 1561.37150   62   32 1619.55982 1511.47140  6.67%  11.1 2910s
 1036523 376760 1605.68098   42   36 1619.55982 1511.61874  6.66%  11.1 2920s
 1039434 377369 1568.27973   43   18 1619.55982 1511.74204  6.66%  11.1 2929s
 1040939 377768 1586.76149   46   10 1619.55982 1511.80409  6.65%  11.1 2934s
 1042346 378136 1558.72608   73   38 1619.55982 1511.85095  6.65%  11.1 2938s
 1043949 378523 1586.99639   61   32 1619.55982 1511.93148  6.65%  11.1 2943s
 1045474 379006     cutoff   48      1619.55982 1511.98493  6.64%  11.1 2948s
 1047189 379224     cutoff   65      1619.55982 1512.06525  6.64%  11.1 2954s
 1048395 379433 infeasible   67      1619.55982 1512.11238  6.63%  11.1 2958s
 1049716 379712 1605.04418   60   32 1619.55982 1512.17510  6.63%  11.1 2963s
 1051233 380009     cutoff   64      1619.55982 1512.24609  6.63%  11.1 2967s
 1052560 380412     cutoff   75      1619.55982 1512.30349  6.62%  11.1 2972s
 1054278 380680 1556.68405   48   29 1619.55982 1512.38398  6.62%  11.1 2977s
 1055453 381039 1594.20885   58   33 1619.55982 1512.43870  6.61%  11.1 2982s
 1057090 381333 1598.23372   56   20 1619.55982 1512.51437  6.61%  11.1 2987s
 1058607 381640 1588.61182   66   35 1619.55982 1512.59334  6.60%  11.1 2991s
 1059949 381994 1591.18137   79   21 1619.55982 1512.64668  6.60%  11.1 2996s
 1061554 382294 infeasible   45      1619.55982 1512.72764  6.60%  11.1 3001s
 1062838 382727     cutoff   66      1619.55982 1512.79614  6.59%  11.1 3008s
 1064517 383073 1579.26018   75   39 1619.55982 1512.86335  6.59%  11.1 3012s
 1065911 383444     cutoff   50      1619.55982 1512.92260  6.58%  11.1 3018s
 1067509 383800 1530.80667   38   40 1619.55982 1512.99045  6.58%  11.1 3023s
 1069121 384075     cutoff   63      1619.55982 1513.07656  6.57%  11.1 3028s
 1070351 384394 1583.56069   64   25 1619.55982 1513.12420  6.57%  11.1 3033s
 1071893 384733 1611.09059   56   35 1619.55982 1513.19298  6.57%  11.1 3038s
 1073471 385125 1566.27463   86   37 1619.55982 1513.26521  6.56%  11.1 3043s
 1074958 385435 infeasible   63      1619.55982 1513.32471  6.56%  11.1 3047s
 1076468 385710 1579.84431   46   37 1619.55982 1513.40165  6.55%  11.1 3051s
 1077588 386089 1528.96719   58   45 1619.55982 1513.44802  6.55%  11.1 3056s
 1079261 386447 1592.57031   60   20 1619.55982 1513.53444  6.55%  11.1 3060s
 1080977 386503 1593.04756   64   39 1619.55982 1513.60056  6.54%  11.1 3068s
 1081288 386769     cutoff   66      1619.55982 1513.60633  6.54%  11.1 3073s
 1082652 387122 1543.42267   63   19 1619.55982 1513.66750  6.54%  11.1 3078s
 1084155 387398 infeasible   50      1619.55982 1513.72833  6.53%  11.1 3083s
 1085625 387744 1555.64879   58   21 1619.55982 1513.79058  6.53%  11.1 3089s
 1087125 388034 1581.53906   55   33 1619.55982 1513.86600  6.53%  11.1 3095s
 1088443 388325 1542.46155   57   39 1619.55982 1513.91930  6.52%  11.1 3101s
 1090020 388652     cutoff   66      1619.55982 1513.99526  6.52%  11.1 3106s
 1091559 388994 1588.73426   44   20 1619.55982 1514.06760  6.51%  11.1 3110s
 1092932 389302 1599.70696   67   34 1619.55982 1514.12984  6.51%  11.1 3115s
 1094592 389571 1580.96803   47   34 1619.55982 1514.20043  6.51%  11.1 3120s
 1097318 390148 1588.42076   51   20 1619.55982 1514.34189  6.50%  11.1 3129s
 1098627 390425 1566.70274   78   38 1619.55982 1514.39790  6.49%  11.1 3134s
 1099908 390817 1605.85107   53   19 1619.55982 1514.45243  6.49%  11.1 3139s
 1101720 391108 1557.46710   67   37 1619.55982 1514.52666  6.49%  11.1 3143s
 1103136 391409 1614.19282   56   17 1619.55982 1514.57751  6.48%  11.1 3148s
 1104465 391693     cutoff   59      1619.55982 1514.63646  6.48%  11.1 3153s
 1106006 391963 1544.03014   49   36 1619.55982 1514.70830  6.47%  11.1 3158s
 1107446 392280 1618.83611   56   21 1619.55982 1514.77836  6.47%  11.1 3164s
 1109096 392590 1539.79289   68   34 1619.55982 1514.84099  6.47%  11.1 3169s
 1110397 392881 1600.79649   45   23 1619.55982 1514.89535  6.46%  11.1 3175s
 1111849 393274     cutoff   52      1619.55982 1514.96721  6.46%  11.1 3182s
 1113536 393583     cutoff   41      1619.55982 1515.03046  6.45%  11.1 3187s
 1114873 393921     cutoff   52      1619.55982 1515.08939  6.45%  11.1 3193s
 1116360 394243     cutoff   72      1619.55982 1515.16935  6.45%  11.1 3199s
 1117995 394499 1568.95284   60   29 1619.55982 1515.22132  6.44%  11.2 3204s
 1119343 394939 1585.60592   64   31 1619.55982 1515.27482  6.44%  11.2 3210s
 1120932 395201 infeasible   48      1619.55982 1515.34725  6.43%  11.2 3216s
 1122482 395553 1556.99111   44   39 1619.55982 1515.42409  6.43%  11.2 3221s
 1123904 395867     cutoff   59      1619.55982 1515.48688  6.43%  11.2 3227s
 1125275 396097     cutoff   69      1619.55982 1515.53358  6.42%  11.2 3231s
 1126560 396330     cutoff   47      1619.55982 1515.60159  6.42%  11.2 3237s
 1127773 396656 infeasible   57      1619.55982 1515.63230  6.42%  11.2 3242s
 1129104 397053 1582.03373   92   30 1619.55982 1515.70619  6.41%  11.2 3249s
 1130882 397497     cutoff   59      1619.55982 1515.78801  6.41%  11.2 3256s
 1132761 397786 1582.03676   54   26 1619.55982 1515.85604  6.40%  11.2 3261s
 1134059 398058 1577.24440   50   29 1619.55982 1515.90570  6.40%  11.2 3267s
 1135370 398461 1606.71395   76   42 1619.55982 1515.94639  6.40%  11.2 3274s
 1137114 398759 1545.14842   54   31 1619.55982 1516.01849  6.39%  11.2 3279s
 1138540 399114 1599.71692   60   39 1619.55982 1516.07663  6.39%  11.2 3286s
 1140216 399405 1605.80834   43   30 1619.55982 1516.15346  6.38%  11.2 3293s
 1141466 399750 1605.65239   51   36 1619.55982 1516.17956  6.38%  11.2 3301s
 1143191 400047 infeasible   56      1619.55982 1516.25479  6.38%  11.2 3309s
 1144838 400360     cutoff   53      1619.55982 1516.32838  6.37%  11.2 3315s
 1146161 400629 1567.15390   54   25 1619.55982 1516.37894  6.37%  11.2 3323s
 1147791 400944 infeasible   54      1619.55982 1516.44956  6.37%  11.2 3329s
 1149302 401205 1604.37653   44   21 1619.55982 1516.50901  6.36%  11.2 3335s
 1150599 401538     cutoff   64      1619.55982 1516.55722  6.36%  11.2 3341s
 1152273 401822     cutoff   56      1619.55982 1516.63540  6.36%  11.2 3346s
 1153688 402118 1572.18944   73   24 1619.55982 1516.68002  6.35%  11.2 3352s
 1155331 402447 1592.67923   78   37 1619.55982 1516.76646  6.35%  11.2 3358s
 1156939 402718 1584.99900   50   32 1619.55982 1516.83214  6.34%  11.2 3365s
 1158410 402987     cutoff   60      1619.55982 1516.88874  6.34%  11.2 3372s
 1159755 403272     cutoff   56      1619.55982 1516.95443  6.34%  11.2 3378s
 1161105 403525 1554.51937   60   17 1619.55982 1516.99966  6.33%  11.2 3384s
 1162485 403790 1544.56932   49   41 1619.55982 1517.04239  6.33%  11.2 3391s
 1163886 404078     cutoff   57      1619.55982 1517.10955  6.33%  11.2 3396s
 1165366 404380 1544.62768   64   41 1619.55982 1517.17232  6.32%  11.2 3401s
 1167009 404644 1618.85297   43   36 1619.55982 1517.24935  6.32%  11.2 3406s
 1168409 404736 infeasible   61      1619.55982 1517.30356  6.31%  11.2 3414s
 1168911 404974     cutoff   61      1619.55982 1517.33793  6.31%  11.2 3420s
 1170297 405262 1568.76198   57   29 1619.55982 1517.38523  6.31%  11.2 3426s
 1171950 405596 1542.24204   58   32 1619.55982 1517.47149  6.30%  11.2 3432s
 1173404 405869 1583.91705   47   29 1619.55982 1517.52628  6.30%  11.2 3438s
 1174914 406096     cutoff   44      1619.55982 1517.58270  6.30%  11.2 3444s
 1176459 406476 1611.18212   52   19 1619.55982 1517.65364  6.29%  11.2 3451s
 1178261 406787 1543.20627   59   22 1619.55982 1517.71008  6.29%  11.2 3457s
 1179733 407174 1570.82410   60   16 1619.55982 1517.77489  6.28%  11.2 3463s
 1181572 407472     cutoff   60      1619.55982 1517.82813  6.28%  11.2 3468s
 1183115 407780     cutoff   49      1619.55982 1517.90672  6.28%  11.2 3474s
 1184814 408047 1607.38770   45   19 1619.55982 1517.97410  6.27%  11.2 3479s
 1186220 408333 1613.58708   63   18 1619.55982 1518.04382  6.27%  11.2 3485s
 1187960 408592 1592.65059   54   41 1619.55982 1518.11584  6.26%  11.2 3490s
 1189331 408902 1595.74341   61   30 1619.55982 1518.15213  6.26%  11.2 3496s
 1190851 409107     cutoff   98      1619.55982 1518.21995  6.26%  11.2 3501s
 1192245 409388 1611.17178   49   23 1619.55982 1518.27903  6.25%  11.2 3507s
 1193980 409666     cutoff   46      1619.55982 1518.34518  6.25%  11.2 3511s
 1195393 409903 1590.48120   54   30 1619.55982 1518.40337  6.25%  11.2 3517s
 1196685 410149 1547.87215   54   20 1619.55982 1518.46417  6.24%  11.2 3522s
 1198172 410465     cutoff   51      1619.55982 1518.51604  6.24%  11.2 3527s
 1199631 410874 1537.90664   47   31 1619.55982 1518.57682  6.24%  11.2 3533s
 1201399 410993 1594.38210   57   10 1619.55982 1518.65122  6.23%  11.2 3544s
 1201895 411222 1609.34213   60   35 1619.55982 1518.66987  6.23%  11.2 3549s
 1203356 411465 1606.73774   60   28 1619.55982 1518.73729  6.23%  11.2 3555s
 1204783 411685 1617.82641   53   24 1619.55982 1518.79579  6.22%  11.2 3562s
 1206221 411878     cutoff   91      1619.55982 1518.83954  6.22%  11.2 3567s
 1207679 412090     cutoff   57      1619.55982 1518.90763  6.21%  11.2 3573s
 1209261 412353 1569.99593   69   32 1619.55982 1518.98771  6.21%  11.2 3579s
 1210752 412625 infeasible   70      1619.55982 1519.03734  6.21%  11.2 3584s
 1212305 412979 1581.99052   65   17 1619.55982 1519.09857  6.20%  11.2 3591s
 1214004 413240     cutoff   60      1619.55982 1519.16066  6.20%  11.2 3598s
 1215580 413565 1534.32993   39   13 1619.55982 1519.22752  6.20%  11.3 3603s
 1216978 413827 1603.54049   52   31 1619.55982 1519.26118  6.19%  11.3 3609s
 1218727 414113 1573.90930   69   35 1619.55982 1519.38123  6.19%  11.3 3614s
 1220541 414367 1583.53963   57   24 1619.55982 1519.43912  6.18%  11.3 3619s
 1221971 414628     cutoff   47      1619.55982 1519.49324  6.18%  11.3 3624s
 1223650 414799 1587.29770   69   37 1619.55982 1519.56198  6.17%  11.3 3629s
 1225105 415080     cutoff   58      1619.55982 1519.63804  6.17%  11.3 3634s
 1226504 415305     cutoff   68      1619.55982 1519.68679  6.17%  11.3 3639s
 1228043 415576     cutoff   61      1619.55982 1519.73844  6.16%  11.3 3644s
H1228044 415576                    1619.5598247 1519.73844  6.16%  11.3 3644s
 1229397 415661 1593.55224   79   29 1619.55982 1519.82014  6.16%  11.3 3652s
 1229905 415911 1575.78433   73   32 1619.55982 1519.83333  6.16%  11.3 3657s
 1231521 416138     cutoff   53      1619.55982 1519.90543  6.15%  11.3 3663s
 1233125 416392 1562.83234   50   32 1619.55982 1519.97314  6.15%  11.3 3668s
 1234920 416657 1582.41530   56   38 1619.55982 1520.06156  6.14%  11.3 3674s
 1236300 416893     cutoff   47      1619.55982 1520.10187  6.14%  11.3 3679s
 1237838 417132     cutoff   50      1619.55982 1520.18240  6.14%  11.3 3684s
 1239341 417475 1619.43855   45   20 1619.55982 1520.23920  6.13%  11.3 3690s
 1241197 417794     cutoff   52      1619.55982 1520.31891  6.13%  11.3 3696s
 1242869 418106 1608.11106   93   34 1619.55982 1520.38671  6.12%  11.3 3701s
 1244513 418423     cutoff   55      1619.55982 1520.43533  6.12%  11.3 3706s
 1246147 418737 1609.09066   76   23 1619.55982 1520.49049  6.12%  11.3 3712s
 1247852 418957 1607.06971   43   26 1619.55982 1520.56293  6.11%  11.3 3717s
 1249311 419249 1587.17047   62   17 1619.55982 1520.61116  6.11%  11.3 3722s
 1250721 419525     cutoff   61      1619.55982 1520.66338  6.11%  11.3 3727s
 1252482 419736     cutoff   55      1619.55982 1520.73347  6.10%  11.3 3732s
 1254053 420003 1580.42118   45   11 1619.55982 1520.78219  6.10%  11.3 3737s
 1255693 420241 1535.98323   74   37 1619.55982 1520.85216  6.09%  11.3 3742s
 1257159 420505 1586.08158   47    8 1619.55982 1520.92298  6.09%  11.3 3748s
 1258771 420689     cutoff   68      1619.55982 1520.99055  6.09%  11.3 3753s
 1260330 420934 1606.50791   55   29 1619.55982 1521.05077  6.08%  11.3 3758s
 1261827 421230     cutoff   53      1619.55982 1521.09219  6.08%  11.3 3763s
 1263317 421480 1603.46944   59   29 1619.55982 1521.14270  6.08%  11.3 3768s
 1265051 421733 1603.87732   49   19 1619.55982 1521.21597  6.07%  11.3 3774s
 1266621 422018 1571.09824   68   45 1619.55982 1521.27709  6.07%  11.3 3779s
 1268480 422255 1579.91104   55   38 1619.55982 1521.33272  6.07%  11.3 3787s
 1269741 422513 1551.86568   49   38 1619.55982 1521.36954  6.06%  11.3 3794s
 1271347 422741 1597.78054   96   18 1619.55982 1521.43662  6.06%  11.3 3801s
 1273030 422994     cutoff   57      1619.55982 1521.48967  6.06%  11.3 3807s
 1274438 423301 1589.35790   64   41 1619.55982 1521.54890  6.05%  11.3 3814s
 1276204 423554     cutoff   48      1619.55982 1521.62007  6.05%  11.3 3820s
 1277727 423809 1542.77745   47   27 1619.55982 1521.67762  6.04%  11.3 3827s
 1279228 424079 1594.62941   52   27 1619.55982 1521.73291  6.04%  11.3 3834s
 1280970 424298 infeasible   63      1619.55982 1521.80243  6.04%  11.3 3840s
 1282450 424549 1538.68430   35   12 1619.55982 1521.85559  6.03%  11.3 3846s
 1283942 424742     cutoff   64      1619.55982 1521.90977  6.03%  11.3 3852s
 1285409 425084 1582.76165   52   24 1619.55982 1521.96366  6.03%  11.3 3858s
 1287202 425248     cutoff   49      1619.55982 1522.02838  6.02%  11.3 3863s
 1288593 425505 1573.41483   52   20 1619.55982 1522.08033  6.02%  11.3 3867s
 1290081 425639     cutoff   64      1619.55982 1522.14904  6.01%  11.3 3873s
 1291471 425878     cutoff   54      1619.55982 1522.19067  6.01%  11.3 3878s
 1292973 426048     cutoff   58      1619.55982 1522.27353  6.01%  11.3 3883s
 1294531 426237 1581.01791   69   18 1619.55982 1522.32899  6.00%  11.3 3889s
 1296050 426400 1581.58507   70   33 1619.55982 1522.39161  6.00%  11.3 3894s
 1297442 426639     cutoff   67      1619.55982 1522.44885  6.00%  11.3 3900s
 1299030 426845 1561.19826   60   35 1619.55982 1522.51704  5.99%  11.3 3906s
 1300559 426945 1532.84412   42   22 1619.55982 1522.57906  5.99%  11.3 3914s
 1301176 427136 1604.29051   70   35 1619.55982 1522.60875  5.99%  11.3 3921s
 1302722 427418 1618.21324   58   19 1619.55982 1522.66567  5.98%  11.3 3928s
 1304443 427563     cutoff   63      1619.55982 1522.72643  5.98%  11.3 3934s
 1306049 427746 1570.18491   68   40 1619.55982 1522.79765  5.97%  11.3 3941s
 1307639 427931     cutoff   58      1619.55982 1522.84258  5.97%  11.3 3947s
 1309198 428155     cutoff   75      1619.55982 1522.91746  5.97%  11.3 3953s
 1310835 428312     cutoff   54      1619.55982 1522.98139  5.96%  11.3 3959s
 1312457 428446 1573.32264   53   16 1619.55982 1523.04716  5.96%  11.4 3965s
 1314010 428669 1604.28743   62   29 1619.55982 1523.10222  5.96%  11.4 3971s
 1315705 428832 1602.65454   49   20 1619.55982 1523.15062  5.95%  11.4 3977s
 1317268 428989     cutoff   66      1619.55982 1523.19956  5.95%  11.4 3983s
 1318918 429201 1580.07655   60   27 1619.55982 1523.28823  5.94%  11.4 3989s
 1320501 429419     cutoff   72      1619.55982 1523.32668  5.94%  11.4 3995s
 1322095 429600 1615.58087   54   18 1619.55982 1523.39271  5.94%  11.4 4001s
 1323721 429786     cutoff   53      1619.55982 1523.47430  5.93%  11.4 4008s
 1325440 429955 1561.14780   53   40 1619.55982 1523.53140  5.93%  11.4 4013s
 1327063 430112 1579.41801   52   31 1619.55982 1523.59898  5.93%  11.4 4019s
 1328692 430254     cutoff   56      1619.55982 1523.66047  5.92%  11.4 4025s
 1330285 430404     cutoff   63      1619.55982 1523.72612  5.92%  11.4 4031s
 1331872 430593     cutoff   51      1619.55982 1523.79303  5.91%  11.4 4037s
 1333430 430752 1594.34882   52   26 1619.55982 1523.85158  5.91%  11.4 4043s
 1335066 430953 1582.39756   55   23 1619.55982 1523.90151  5.91%  11.4 4049s
 1336678 431075     cutoff   63      1619.55982 1523.97546  5.90%  11.4 4055s
 1338279 431285 1603.18431   66   31 1619.55982 1524.03381  5.90%  11.4 4061s
 1339927 431489 1597.85678   71   35 1619.55982 1524.09739  5.89%  11.4 4066s
 1341442 431668 1559.24284   46   30 1619.55982 1524.15510  5.89%  11.4 4073s
 1343048 431795 1607.90715   45   21 1619.55982 1524.22306  5.89%  11.4 4080s
 1344725 432015 1543.40886   45    6 1619.55982 1524.29141  5.88%  11.4 4088s
 1346324 432157 infeasible   50      1619.55982 1524.35242  5.88%  11.4 4095s
 1348008 432248 1555.75509   40   21 1619.55982 1524.41350  5.87%  11.4 4102s
 1349418 432374 1582.46882   43   33 1619.55982 1524.46091  5.87%  11.4 4109s
 1351012 432503     cutoff   63      1619.55982 1524.52555  5.87%  11.4 4116s
 1352595 432653 1561.53582   54   19 1619.55982 1524.59932  5.86%  11.4 4123s
 1354128 432814 1604.52698   57   27 1619.55982 1524.64021  5.86%  11.4 4130s
 1355780 432878 1569.83536   83   31 1619.55982 1524.71524  5.86%  11.4 4137s
 1357412 433041 1591.97546   73   18 1619.55982 1524.77840  5.85%  11.4 4144s
 1359081 433203 1601.62116   53   33 1619.55982 1524.84114  5.85%  11.4 4153s
 1360752 433332 infeasible   48      1619.55982 1524.90211  5.84%  11.4 4161s
 1362394 433416 1605.51565   50   37 1619.55982 1524.96297  5.84%  11.4 4167s
 1364055 433576 1554.72287   55   26 1619.55982 1525.03149  5.84%  11.4 4173s
 1365692 433627     cutoff   47      1619.55982 1525.09509  5.83%  11.4 4184s
 1366234 433782 1551.22149   43   26 1619.55982 1525.10962  5.83%  11.4 4190s
 1367952 433911 1586.86815   47   32 1619.55982 1525.17230  5.83%  11.4 4195s
 1369653 434063     cutoff   43      1619.55982 1525.23271  5.82%  11.4 4201s
 1371292 434173     cutoff   63      1619.55982 1525.29960  5.82%  11.4 4207s
 1372813 434295     cutoff   57      1619.55982 1525.38423  5.81%  11.4 4214s
 1374479 434439     cutoff   65      1619.55982 1525.44335  5.81%  11.4 4221s
 1376094 434625     cutoff   48      1619.55982 1525.50499  5.81%  11.4 4229s
 1377809 434757 1616.11964   62   42 1619.55982 1525.57445  5.80%  11.4 4237s
 1379357 434940 1608.78485   48   20 1619.55982 1525.62273  5.80%  11.4 4244s
 1381070 435077 1611.03671   66   29 1619.55982 1525.67725  5.80%  11.4 4251s
 1382729 435264 infeasible   53      1619.55982 1525.75215  5.79%  11.4 4258s
 1384177 435354 1587.22813   50   29 1619.55982 1525.80255  5.79%  11.5 4266s
 1385806 435498 1593.30963   45   11 1619.55982 1525.86686  5.79%  11.5 4273s
 1387407 435651     cutoff   49      1619.55982 1525.93280  5.78%  11.5 4280s
 1389144 435811 1603.35511   44   25 1619.55982 1526.00018  5.78%  11.5 4287s
 1390846 435924 1614.15648   56   28 1619.55982 1526.06199  5.77%  11.5 4293s
 1392503 435993 1607.62147   61   20 1619.55982 1526.12223  5.77%  11.5 4303s
 1393362 436093 1590.25302   79   37 1619.55982 1526.13588  5.77%  11.5 4309s
 1395014 436199     cutoff   67      1619.55982 1526.18603  5.77%  11.5 4317s
 1396735 436302     cutoff   66      1619.55982 1526.27876  5.76%  11.5 4326s
 1398458 436402 1561.01100   62   24 1619.55982 1526.33674  5.76%  11.5 4334s
 1400044 436523 1549.01227   47   35 1619.55982 1526.39648  5.75%  11.5 4343s
 1401739 436660 1604.89171   59   27 1619.55982 1526.46702  5.75%  11.5 4352s
 1403376 436811 1553.94495   47   42 1619.55982 1526.53121  5.74%  11.5 4361s
 1405084 436921 1566.34076   64   46 1619.55982 1526.59390  5.74%  11.5 4368s
 1406666 437040 1585.25692   63   27 1619.55982 1526.64796  5.74%  11.5 4376s
 1408251 437214 1600.42290   60   24 1619.55982 1526.71353  5.73%  11.5 4382s
 1409861 437346 1549.08765   56   35 1619.55982 1526.77961  5.73%  11.5 4388s
 1411527 437413 1556.43198   51   21 1619.55982 1526.84599  5.72%  11.5 4395s
 1413205 437542 1611.22257   66   20 1619.55982 1526.91796  5.72%  11.5 4402s
 1414992 437675     cutoff   72      1619.55982 1526.98281  5.72%  11.5 4409s
 1416587 437844 1615.95958   45   11 1619.55982 1527.03295  5.71%  11.5 4416s
 1418279 437943     cutoff   49      1619.55982 1527.08258  5.71%  11.5 4422s
 1419965 438028 1602.67709   45   29 1619.55982 1527.14933  5.71%  11.5 4430s
 1421749 438201 1580.47621   57   12 1619.55982 1527.21219  5.70%  11.5 4436s
 1423488 438277 1619.08506   56   30 1619.55982 1527.27421  5.70%  11.5 4443s
 1425233 438399 infeasible   57      1619.55982 1527.33888  5.69%  11.5 4450s
 1426920 438494 1570.06387   46   32 1619.55982 1527.38207  5.69%  11.5 4457s
 1428541 438598 1592.90507   92   49 1619.55982 1527.46341  5.69%  11.5 4463s
 1430207 438750 1595.20163   66   36 1619.55982 1527.52452  5.68%  11.5 4470s
 1431793 438904 1577.67392   50   36 1619.55982 1527.59113  5.68%  11.5 4479s
 1433406 439032 1543.83862   41   35 1619.55982 1527.64984  5.67%  11.5 4487s
 1435143 439067     cutoff   49      1619.55982 1527.71294  5.67%  11.5 4500s
 1435809 439182 1589.86656   58    8 1619.55982 1527.72305  5.67%  11.5 4507s
 1437532 439280 infeasible   50      1619.55982 1527.79981  5.67%  11.5 4515s
 1439249 439325 1561.58946   65   44 1619.55982 1527.86985  5.66%  11.5 4522s
 1440866 439426 1563.93272   37   31 1619.55982 1527.92036  5.66%  11.5 4529s
 1442477 439510     cutoff   60      1619.55982 1527.99367  5.65%  11.5 4536s
 1444153 439554 1576.68997   55   41 1619.55982 1528.07104  5.65%  11.5 4544s
 1445893 439612 infeasible   71      1619.55982 1528.13448  5.65%  11.5 4550s
 1447456 439721     cutoff   95      1619.55982 1528.19881  5.64%  11.5 4557s
 1449152 439800 1546.49994   52   47 1619.55982 1528.26551  5.64%  11.5 4563s
 1450707 439973 1589.61736   56   26 1619.55982 1528.30461  5.63%  11.5 4570s
 1452400 440050     cutoff   65      1619.55982 1528.38084  5.63%  11.5 4576s
 1454103 440136     cutoff   80      1619.55982 1528.43073  5.63%  11.5 4582s
 1455813 440260 1598.95181   72   28 1619.55982 1528.50861  5.62%  11.6 4588s
 1457510 440337 1588.09408   61   29 1619.55982 1528.57187  5.62%  11.6 4594s
 1459097 440401 1611.18729   64   29 1619.55982 1528.63114  5.61%  11.6 4600s
 1460690 440529 1585.76834   68   19 1619.55982 1528.70024  5.61%  11.6 4606s
 1462392 440636 1615.37397   62   35 1619.55982 1528.75731  5.61%  11.6 4612s
 1464137 440761 1574.90247   43   40 1619.55982 1528.82159  5.60%  11.6 4618s
 1465903 440850 1580.66613   58   27 1619.55982 1528.88799  5.60%  11.6 4625s
 1467504 440924     cutoff   47      1619.55982 1528.92991  5.60%  11.6 4631s
 1469095 441002 1585.91618   81   43 1619.55982 1529.00205  5.59%  11.6 4638s
 1470796 441089     cutoff   65      1619.55982 1529.07874  5.59%  11.6 4646s
 1472617 441181 1589.38062   53   31 1619.55982 1529.14160  5.58%  11.6 4653s
 1474270 441298 1587.14059   61   32 1619.55982 1529.19560  5.58%  11.6 4659s
 1476041 441375 1609.30042   50   38 1619.55982 1529.24757  5.58%  11.6 4666s
 1477855 441486 1582.80364   56   15 1619.55982 1529.30061  5.57%  11.6 4672s
 1479568 441652 infeasible   60      1619.55982 1529.35870  5.57%  11.6 4678s
 1481167 441802 1600.90313   95   24 1619.55982 1529.42890  5.57%  11.6 4684s
 1482828 441857 infeasible   49      1619.55982 1529.48962  5.56%  11.6 4691s
 1484345 441932 1588.25853   48   31 1619.55982 1529.52778  5.56%  11.6 4697s
 1486059 442051 1605.93306   59   20 1619.55982 1529.60817  5.55%  11.6 4703s
 1487711 442151 1582.46239   53   22 1619.55982 1529.66652  5.55%  11.6 4709s
 1489497 442203 1583.20730   68   31 1619.55982 1529.72636  5.55%  11.6 4716s
 1491195 442294 1594.88373   77   20 1619.55982 1529.79261  5.54%  11.6 4722s
 1492882 442321     cutoff   58      1619.55982 1529.85499  5.54%  11.6 4728s
 1494465 442469 1601.68518   86   35 1619.55982 1529.91676  5.54%  11.6 4734s
 1496095 442563 1603.01740   59   36 1619.55982 1529.99055  5.53%  11.6 4740s
 1497793 442692     cutoff   88      1619.55982 1530.05705  5.53%  11.6 4747s
 1499534 442761     cutoff   54      1619.55982 1530.11690  5.52%  11.6 4753s
 1501192 442808 1592.76061   44   29 1619.55982 1530.17809  5.52%  11.6 4760s
 1502898 442918 1611.39320   53   15 1619.55982 1530.22923  5.52%  11.6 4767s
 1504561 443072 1591.42961   65   51 1619.55982 1530.28917  5.51%  11.6 4776s
 1506267 443136     cutoff   57      1619.55982 1530.34687  5.51%  11.6 4784s
 1507969 443252 1568.48491   62   16 1619.55982 1530.39096  5.51%  11.6 4791s
 1509602 443281     cutoff   89      1619.55982 1530.45780  5.50%  11.6 4801s
 1510362 443394 1585.43497   63   44 1619.55982 1530.47207  5.50%  11.6 4809s
 1512016 443524 1592.08109   58   31 1619.55982 1530.54744  5.50%  11.6 4816s
 1513839 443574     cutoff   58      1619.55982 1530.60881  5.49%  11.6 4824s
 1515359 443697 1582.69512   53   37 1619.55982 1530.67434  5.49%  11.6 4832s
 1517173 443827     cutoff   61      1619.55982 1530.73151  5.48%  11.6 4841s
 1518948 443946 1578.18175   51   22 1619.55982 1530.80155  5.48%  11.6 4849s
 1520703 444042 1618.29179   55   28 1619.55982 1530.85676  5.48%  11.6 4857s
 1522420 444130 1609.54113   61   16 1619.55982 1530.92652  5.47%  11.6 4865s
 1524190 444198 1570.68908   45   40 1619.55982 1530.98329  5.47%  11.6 4872s
 1525967 444281 1559.01489   52   26 1619.55982 1531.04921  5.47%  11.6 4880s
 1527798 444358     cutoff   84      1619.55982 1531.10566  5.46%  11.6 4888s
 1529541 444385     cutoff   59      1619.55982 1531.15991  5.46%  11.6 4895s
 1531336 444476 1574.70794   55   35 1619.55982 1531.23076  5.45%  11.6 4901s
 1533006 444534     cutoff   72      1619.55982 1531.28695  5.45%  11.6 4907s
 1534803 444625 1582.50404   59   37 1619.55982 1531.34375  5.45%  11.6 4914s
 1536484 444693 1567.00788   53   32 1619.55982 1531.41104  5.44%  11.7 4921s
 1538233 444770 1558.20895   65   52 1619.55982 1531.46229  5.44%  11.7 4927s
 1539959 444848 infeasible   54      1619.55982 1531.52476  5.44%  11.7 4933s
 1541640 444924 1585.60797   59   36 1619.55982 1531.59650  5.43%  11.7 4940s
 1543300 445016 1558.30366   59   29 1619.55982 1531.64370  5.43%  11.7 4946s
 1545063 445100     cutoff   54      1619.55982 1531.70811  5.42%  11.7 4952s
 1546790 445136 1597.07231   61   39 1619.55982 1531.76087  5.42%  11.7 4960s
 1548402 445166     cutoff   63      1619.55982 1531.82879  5.42%  11.7 4967s
 1550076 445232 infeasible   66      1619.55982 1531.88627  5.41%  11.7 4974s
 1551825 445262 1598.81566   46   10 1619.55982 1531.94632  5.41%  11.7 4981s
 1553568 445372 1608.62626   79   33 1619.55982 1532.01788  5.41%  11.7 4987s
 1555282 445386     cutoff   51      1619.55982 1532.07963  5.40%  11.7 4997s
 1555913 445457     cutoff   52      1619.55982 1532.09490  5.40%  11.7 5004s
 1557516 445498 1609.31364   79   29 1619.55982 1532.15170  5.40%  11.7 5010s
 1559301 445561 1616.85670   64   34 1619.55982 1532.22091  5.39%  11.7 5017s
 1561020 445685     cutoff   47      1619.55982 1532.29865  5.39%  11.7 5025s
 1562770 445758 1609.05679   50   21 1619.55982 1532.35744  5.38%  11.7 5031s
 1564716 445820 1544.52544   59   37 1619.55982 1532.41736  5.38%  11.7 5038s
 1566570 445851     cutoff   56      1619.55982 1532.49189  5.38%  11.7 5049s
 1567402 445953 infeasible   61      1619.55982 1532.50083  5.38%  11.7 5056s
 1569278 445977     cutoff   56      1619.55982 1532.56696  5.37%  11.7 5064s
 1571059 446074 1583.72461   62   31 1619.55982 1532.63636  5.37%  11.7 5073s
 1572936 446169 1573.89282   48   29 1619.55982 1532.69697  5.36%  11.7 5081s
 1574810 446164 1540.25019   76   18 1619.55982 1532.75012  5.36%  11.7 5088s
 1576597 446244 infeasible   53      1619.55982 1532.82614  5.36%  11.7 5095s
 1578282 446237 1614.16057   54   28 1619.55982 1532.88530  5.35%  11.7 5101s
 1580072 446264 1607.93115   59   20 1619.55982 1532.95169  5.35%  11.7 5108s
 1581849 446351 1558.04587   52   19 1619.55982 1533.01964  5.34%  11.7 5114s
 1583747 446467 1567.03616   68   26 1619.55982 1533.07987  5.34%  11.7 5121s
 1585439 446524 infeasible   49      1619.55982 1533.13641  5.34%  11.7 5127s
 1587171 446598 1605.72058   55   12 1619.55982 1533.19565  5.33%  11.7 5134s
 1588915 446694 1576.09653   47   39 1619.55982 1533.26023  5.33%  11.7 5140s
 1590513 446759 1600.33747   57   34 1619.55982 1533.30411  5.33%  11.7 5146s
 1592212 446817 1598.82448   48   21 1619.55982 1533.35925  5.32%  11.7 5153s
 1593963 446836 1602.77540   77   34 1619.55982 1533.42861  5.32%  11.7 5159s
 1595822 446864     cutoff   56      1619.55982 1533.48240  5.31%  11.7 5166s
 1597568 446928     cutoff   57      1619.55982 1533.55731  5.31%  11.7 5173s
 1599255 446913 infeasible   65      1619.55982 1533.60809  5.31%  11.7 5179s
 1601008 446948     cutoff   52      1619.55982 1533.67792  5.30%  11.7 5185s
 1602764 447002 1557.61876   35   39 1619.55982 1533.73699  5.30%  11.7 5191s
 1604479 447005 1568.37924   59   32 1619.55982 1533.81420  5.29%  11.7 5198s
 1606145 447015 1581.75865   72   16 1619.55982 1533.87863  5.29%  11.7 5205s
 1607889 447125 infeasible   53      1619.55982 1533.94271  5.29%  11.7 5212s
 1609649 447215 1600.97318   48   12 1619.55982 1534.00007  5.28%  11.7 5218s
 1611402 447273     cutoff   63      1619.55982 1534.07003  5.28%  11.7 5225s
 1613095 447340 1547.28703   73   40 1619.55982 1534.12360  5.28%  11.7 5232s
 1614837 447351     cutoff   62      1619.55982 1534.18472  5.27%  11.7 5238s
 1616544 447386 1599.33259   76   21 1619.55982 1534.24516  5.27%  11.7 5244s
 1618333 447414 1583.67431   57   26 1619.55982 1534.32004  5.26%  11.8 5251s
 1620044 447558 1553.26833   48   17 1619.55982 1534.36418  5.26%  11.8 5257s
 1621682 447611     cutoff   67      1619.55982 1534.43463  5.26%  11.8 5263s
 1623476 447672     cutoff   62      1619.55982 1534.50594  5.25%  11.8 5270s
 1625108 447723     cutoff  100      1619.55982 1534.55752  5.25%  11.8 5277s
 1626774 447771     cutoff   57      1619.55982 1534.60312  5.25%  11.8 5283s
 1628548 447730 1572.40662   57   36 1619.55982 1534.67351  5.24%  11.8 5289s
 1630365 447835 1614.74540   52   17 1619.55982 1534.72511  5.24%  11.8 5296s
 1632170 447843 1601.25240   52   32 1619.55982 1534.78621  5.23%  11.8 5303s
 1633868 447852 1595.66184   55   26 1619.55982 1534.85802  5.23%  11.8 5310s
 1635683 447944 1614.43632   60   22 1619.55982 1534.90883  5.23%  11.8 5316s
 1637497 447963 1555.59069   53   41 1619.55982 1534.96560  5.22%  11.8 5328s
 1638195 447996     cutoff   65      1619.55982 1534.97879  5.22%  11.8 5334s
 1640111 448053     cutoff   55      1619.55982 1535.04796  5.22%  11.8 5341s
 1641944 448152     cutoff   68      1619.55982 1535.11419  5.21%  11.8 5348s
 1643869 448146     cutoff   65      1619.55982 1535.17919  5.21%  11.8 5356s
 1645764 448223 1602.76541   50   17 1619.55982 1535.24400  5.21%  11.8 5363s
 1647543 448242 1606.66385   54   22 1619.55982 1535.29358  5.20%  11.8 5369s
 1649271 448291 1611.74302   49   29 1619.55982 1535.35863  5.20%  11.8 5376s
 1651118 448370 1603.77356   41   31 1619.55982 1535.41969  5.20%  11.8 5382s
 1652965 448388 1575.51463   51   31 1619.55982 1535.47252  5.19%  11.8 5389s
 1654705 448208 1604.91442   60   40 1619.55982 1535.53490  5.19%  11.8 5396s
 1656393 448233 1585.61639   80   20 1619.55982 1535.59339  5.18%  11.8 5403s
 1658235 448312 1604.07368   63   20 1619.55982 1535.67083  5.18%  11.8 5409s
 1660053 448351     cutoff   55      1619.55982 1535.72922  5.18%  11.8 5416s
 1661694 448426     cutoff   76      1619.55982 1535.77750  5.17%  11.8 5422s
 1663416 448396 1617.71173   51   26 1619.55982 1535.82904  5.17%  11.8 5429s
 1665255 448459 1538.06133   57   23 1619.55982 1535.90037  5.17%  11.8 5436s
 1667069 448433     cutoff   52      1619.55982 1535.95000  5.16%  11.8 5442s
 1668913 448410     cutoff   51      1619.55982 1536.03269  5.16%  11.8 5449s
 1670646 448448 1615.49017   46   38 1619.55982 1536.08283  5.15%  11.8 5455s
 1672456 448485     cutoff   51      1619.55982 1536.14789  5.15%  11.8 5462s
 1674250 448456 1564.40717   62   14 1619.55982 1536.20704  5.15%  11.8 5469s
 1676011 448475     cutoff   58      1619.55982 1536.28043  5.14%  11.8 5476s
 1677730 448496 1607.07992   90   25 1619.55982 1536.33787  5.14%  11.8 5483s
 1679536 448525     cutoff   68      1619.55982 1536.40096  5.13%  11.8 5492s
 1681359 448598 1597.19735   65   11 1619.55982 1536.46024  5.13%  11.8 5501s
 1683184 448614 infeasible   46      1619.55982 1536.51794  5.13%  11.8 5509s
 1684954 448620 1561.70450   49   41 1619.55982 1536.57771  5.12%  11.8 5517s
 1686713 448673 1617.50856   60   24 1619.55982 1536.63699  5.12%  11.8 5525s
 1688555 448679     cutoff   49      1619.55982 1536.68684  5.12%  11.8 5533s
 1690113 448724     cutoff   93      1619.55982 1536.73909  5.11%  11.8 5541s
 1691778 448726 1573.97777   37   24 1619.55982 1536.79454  5.11%  11.8 5549s
 1693570 448752 1573.30890   43   20 1619.55982 1536.86015  5.11%  11.8 5557s
 1695399 448770 1582.26660   43   19 1619.55982 1536.92564  5.10%  11.8 5563s
 1697179 448797 1589.72544   60   38 1619.55982 1536.98202  5.10%  11.8 5571s
 1698935 448829     cutoff   54      1619.55982 1537.02875  5.10%  11.8 5577s
 1700829 448856 1601.58157   57   11 1619.55982 1537.09000  5.09%  11.8 5584s
 1702627 448868 1550.56107   47   32 1619.55982 1537.14604  5.09%  11.8 5590s
 1704425 448878     cutoff   51      1619.55982 1537.20394  5.09%  11.8 5597s
 1706153 448884 1558.93627   58   30 1619.55982 1537.25939  5.08%  11.9 5604s
 1707992 448865 1578.23373   52   26 1619.55982 1537.31755  5.08%  11.9 5611s
 1709821 448831 1602.61793   58   33 1619.55982 1537.37545  5.07%  11.9 5618s
 1711564 448836     cutoff   65      1619.55982 1537.44049  5.07%  11.9 5625s
 1713221 448869     cutoff   71      1619.55982 1537.49204  5.07%  11.9 5631s
 1715116 448831     cutoff   68      1619.55982 1537.55081  5.06%  11.9 5640s
 1716942 448840     cutoff   64      1619.55982 1537.60557  5.06%  11.9 5650s
 1717712 448826 1601.39862   56   12 1619.55982 1537.63657  5.06%  11.9 5659s
 1719563 448857 1600.74293   59   33 1619.55982 1537.69255  5.05%  11.9 5666s
 1721365 448890 1563.30282   68   34 1619.55982 1537.73723  5.05%  11.9 5673s
 1723255 448891 infeasible   57      1619.55982 1537.80641  5.05%  11.9 5681s
 1724950 448931     cutoff   70      1619.55982 1537.86650  5.04%  11.9 5688s
 1726908 448945     cutoff   50      1619.55982 1537.93597  5.04%  11.9 5695s
 1728735 448971 1563.41608   68   38 1619.55982 1537.99660  5.04%  11.9 5702s
 1730527 448943 1598.43137   53   40 1619.55982 1538.06007  5.03%  11.9 5709s
 1732362 448945     cutoff   46      1619.55982 1538.12171  5.03%  11.9 5715s
 1734242 448974     cutoff   51      1619.55982 1538.19418  5.02%  11.9 5723s
 1736026 449038 1577.25627   50   23 1619.55982 1538.26086  5.02%  11.9 5729s
 1737912 449008     cutoff   49      1619.55982 1538.30786  5.02%  11.9 5735s
 1739698 449048 1586.86913   45   13 1619.55982 1538.36403  5.01%  11.9 5742s
 1741489 449077     cutoff   70      1619.55982 1538.43588  5.01%  11.9 5749s
 1743273 449122     cutoff   70      1619.55982 1538.48203  5.01%  11.9 5756s
 1745058 449117     cutoff   62      1619.55982 1538.54700  5.00%  11.9 5765s
 1745816 449042 1598.73200   51   31 1619.55982 1538.57513  5.00%  11.9 5772s
 1747768 449056     cutoff   97      1619.55982 1538.62910  5.00%  11.9 5779s
 1749656 449034     cutoff   65      1619.55982 1538.70622  4.99%  11.9 5787s
 1751426 448955 1617.85702   77   21 1619.55982 1538.75972  4.99%  11.9 5797s
 1753309 449029 1593.38705   45   20 1619.55982 1538.83724  4.98%  11.9 5804s
 1755218 449038 1588.60307   42   35 1619.55982 1538.88587  4.98%  11.9 5811s
 1757033 449116     cutoff   50      1619.55982 1538.95247  4.98%  11.9 5818s
 1758819 449103     cutoff   65      1619.55982 1539.00137  4.97%  11.9 5825s
 1760747 449149 infeasible   64      1619.55982 1539.05876  4.97%  11.9 5832s
 1762461 449152 1594.46209   49   11 1619.55982 1539.10582  4.97%  11.9 5839s
 1764294 449134 1597.21100   53   24 1619.55982 1539.17482  4.96%  11.9 5846s
 1766033 449129 1593.25069   55   39 1619.55982 1539.23119  4.96%  11.9 5853s
 1767817 449119 infeasible   58      1619.55982 1539.28775  4.96%  11.9 5860s
 1769624 449143 1603.50042   54   40 1619.55982 1539.34300  4.95%  11.9 5868s
 1771468 449118 1594.88743   53   28 1619.55982 1539.39341  4.95%  11.9 5876s
 1773259 449167     cutoff   69      1619.55982 1539.46338  4.95%  11.9 5883s
 1775115 449204     cutoff   63      1619.55982 1539.52035  4.94%  11.9 5890s
 1776949 449210 1611.51417   47   34 1619.55982 1539.57952  4.94%  11.9 5896s
 1778696 449184 1558.91705   45   20 1619.55982 1539.63513  4.93%  11.9 5903s
 1780369 449181 1591.69077   73   42 1619.55982 1539.68608  4.93%  11.9 5909s
 1782191 449192 1611.72483   61   28 1619.55982 1539.74639  4.93%  11.9 5916s
 1783961 449226 infeasible   77      1619.55982 1539.79570  4.93%  11.9 5925s
 1784808 449171 1588.09303   58   25 1619.55982 1539.82584  4.92%  11.9 5933s
 1786777 449134 1592.67639   44   10 1619.55982 1539.89742  4.92%  11.9 5940s
 1788583 449133 1601.83829   57   16 1619.55982 1539.94433  4.92%  11.9 5948s
 1790396 449086     cutoff   65      1619.55982 1540.00655  4.91%  11.9 5955s
 1792276 449136 infeasible   58      1619.55982 1540.07084  4.91%  11.9 5962s
 1794232 449116 1606.43019   56   33 1619.55982 1540.13422  4.90%  11.9 5969s
 1795860 449101     cutoff   65      1619.55982 1540.18388  4.90%  11.9 5976s
 1797699 449098     cutoff   60      1619.55982 1540.23859  4.90%  11.9 5983s
 1799565 449019     cutoff   57      1619.55982 1540.30308  4.89%  12.0 5991s
 1801259 449004 1600.97960   46   23 1619.55982 1540.35541  4.89%  12.0 5998s
 1803031 448974 1579.92303   48   22 1619.55982 1540.41189  4.89%  12.0 6004s
 1804820 448976 1596.10782   65   35 1619.55982 1540.47666  4.88%  12.0 6011s
 1806667 448972 1568.46378   78   41 1619.55982 1540.53519  4.88%  12.0 6018s
 1808516 448933 1574.75660   66   19 1619.55982 1540.59911  4.88%  12.0 6028s
 1810202 448924 1607.37332   50   21 1619.55982 1540.64803  4.87%  12.0 6039s
 1812052 448880     cutoff   69      1619.55982 1540.70632  4.87%  12.0 6049s
 1813839 448866 1619.02412   64   18 1619.55982 1540.77256  4.86%  12.0 6057s
 1815670 448854 1599.63078   58   19 1619.55982 1540.84739  4.86%  12.0 6065s
 1817541 448800 1556.57951   48   30 1619.55982 1540.90982  4.86%  12.0 6073s
 1819391 448768 1582.22284   51   34 1619.55982 1540.95999  4.85%  12.0 6082s
 1821157 448800 1551.61211   40   27 1619.55982 1541.02753  4.85%  12.0 6089s
 1822992 448773     cutoff   65      1619.55982 1541.08511  4.85%  12.0 6097s
 1824677 448764 1561.00241   49   34 1619.55982 1541.13827  4.84%  12.0 6105s
 1826332 448742 1614.83409   72   30 1619.55982 1541.17226  4.84%  12.0 6113s
 1828158 448746     cutoff   48      1619.55982 1541.24720  4.84%  12.0 6120s
 1829968 448726     cutoff   66      1619.55982 1541.29943  4.83%  12.0 6128s
 1831720 448733 1591.37340   50   28 1619.55982 1541.35986  4.83%  12.0 6135s
 1833568 448673 infeasible   48      1619.55982 1541.41989  4.82%  12.0 6141s
 1835339 448618     cutoff   79      1619.55982 1541.48016  4.82%  12.0 6149s
 1837103 448584 infeasible   60      1619.55982 1541.53131  4.82%  12.0 6160s
 1837854 448500 1562.34054   66   25 1619.55982 1541.54720  4.82%  12.0 6168s
 1839776 448459 1613.07777   65   37 1619.55982 1541.61593  4.81%  12.0 6175s
 1841612 448457 1596.74392   39   37 1619.55982 1541.68502  4.81%  12.0 6182s
 1843488 448429 1556.11552   59   32 1619.55982 1541.75128  4.80%  12.0 6189s
 1845312 448437     cutoff   40      1619.55982 1541.80112  4.80%  12.0 6197s
 1847076 448393 1602.87636   99   35 1619.55982 1541.84799  4.80%  12.0 6204s
 1848961 448379     cutoff   58      1619.55982 1541.89480  4.80%  12.0 6212s
 1850872 448350 1588.95063   51   36 1619.55982 1541.96266  4.79%  12.0 6219s
 1852662 448302 1611.35992   63   14 1619.55982 1542.02593  4.79%  12.0 6228s
 1854523 448231 1612.67583   44   19 1619.55982 1542.08405  4.78%  12.0 6236s
 1856375 448294 1590.20351   61   29 1619.55982 1542.14994  4.78%  12.0 6244s
 1858099 448244     cutoff   60      1619.55982 1542.19546  4.78%  12.0 6252s
 1859847 448221     cutoff   50      1619.55982 1542.25838  4.77%  12.0 6260s
 1861669 448177     cutoff   57      1619.55982 1542.30290  4.77%  12.0 6268s
 1863283 448097 1601.33749   59   24 1619.55982 1542.35451  4.77%  12.0 6276s
 1865056 448087 1593.58036   51   23 1619.55982 1542.40760  4.76%  12.0 6284s
 1866812 448068     cutoff   85      1619.55982 1542.46127  4.76%  12.0 6292s
 1868712 448113     cutoff   61      1619.55982 1542.53235  4.76%  12.0 6299s
 1870511 448037 1587.45066   60   38 1619.55982 1542.58225  4.75%  12.0 6307s
 1872378 448040 1571.62900   53   44 1619.55982 1542.63534  4.75%  12.0 6315s
 1874030 448011     cutoff   50      1619.55982 1542.69811  4.75%  12.0 6322s
 1875897 448016     cutoff   50      1619.55982 1542.75040  4.74%  12.0 6329s
 1877694 447978 1576.92011   46   32 1619.55982 1542.80536  4.74%  12.0 6336s
 1879559 448028     cutoff  107      1619.55982 1542.86233  4.74%  12.0 6343s
 1881324 447980     cutoff   60      1619.55982 1542.92146  4.73%  12.0 6350s
 1883113 447946 1603.19934   55   17 1619.55982 1542.98191  4.73%  12.0 6356s
 1884930 447894     cutoff   66      1619.55982 1543.04112  4.72%  12.0 6363s
 1886755 447813 1570.95158   56   23 1619.55982 1543.07757  4.72%  12.0 6370s
 1888464 447813 infeasible   56      1619.55982 1543.14866  4.72%  12.0 6377s
 1890315 447768 1614.83415   91   25 1619.55982 1543.20714  4.71%  12.0 6383s
 1892148 447696 1589.53640   66   17 1619.55982 1543.26239  4.71%  12.0 6390s
 1893919 447636 infeasible   48      1619.55982 1543.32303  4.71%  12.0 6397s
 1895617 447628 1588.16685   51   26 1619.55982 1543.37200  4.70%  12.0 6404s
 1897462 447620 1590.14570   53   25 1619.55982 1543.42311  4.70%  12.1 6412s
 1899302 447572 1590.64599   56   20 1619.55982 1543.48642  4.70%  12.1 6421s
 1901088 447522     cutoff   60      1619.55982 1543.54160  4.69%  12.1 6430s
 1902685 447449 infeasible   50      1619.55982 1543.58753  4.69%  12.1 6438s
 1904497 447436 1598.23807   55   30 1619.55982 1543.65680  4.69%  12.1 6447s
 1906275 447419     cutoff   49      1619.55982 1543.70872  4.68%  12.1 6458s
 1906852 447398 1601.90911   49   26 1619.55982 1543.72252  4.68%  12.1 6467s
 1908816 447338 1599.64587   69   29 1619.55982 1543.78835  4.68%  12.1 6476s
 1910697 447286 infeasible   70      1619.55982 1543.83802  4.68%  12.1 6483s
 1912613 447255 1558.18592   45   16 1619.55982 1543.90134  4.67%  12.1 6490s
 1914513 447202 1597.86275   56   39 1619.55982 1543.95501  4.67%  12.1 6497s
 1916366 447139     cutoff   73      1619.55982 1544.00985  4.66%  12.1 6504s
 1918096 447043 1578.26734   75   23 1619.55982 1544.05906  4.66%  12.1 6511s
 1919897 446991 1589.16285   58   39 1619.55982 1544.11917  4.66%  12.1 6518s
 1921717 446902 1563.12258   58   38 1619.55982 1544.17154  4.65%  12.1 6525s
 1923552 446866     cutoff   54      1619.55982 1544.23325  4.65%  12.1 6534s
 1925277 446772 1560.51134   45   32 1619.55982 1544.28816  4.65%  12.1 6543s
 1927086 446733     cutoff   46      1619.55982 1544.34486  4.64%  12.1 6552s
 1928769 446681 1573.43798   67   30 1619.55982 1544.39135  4.64%  12.1 6562s
 1930603 446604 1590.47065   59   20 1619.55982 1544.45830  4.64%  12.1 6572s
 1932322 446507     cutoff   55      1619.55982 1544.50350  4.63%  12.1 6582s
 1933950 446423 1590.80591   67   20 1619.55982 1544.56874  4.63%  12.1 6590s
 1935789 446371     cutoff   68      1619.55982 1544.62577  4.63%  12.1 6597s
 1937624 446304 1599.39964   55   28 1619.55982 1544.67878  4.62%  12.1 6604s
 1939419 446234     cutoff   60      1619.55982 1544.73793  4.62%  12.1 6616s
 1940340 446163 1594.40498   58   32 1619.55982 1544.76073  4.62%  12.1 6623s
 1942347 446098 1560.90999   63   34 1619.55982 1544.83668  4.61%  12.1 6631s
 1944244 446014 1618.77212   65   28 1619.55982 1544.88446  4.61%  12.1 6641s
 1946122 445952 1612.79127   50   15 1619.55982 1544.94765  4.61%  12.1 6650s
 1947996 445895 infeasible   69      1619.55982 1545.00158  4.60%  12.1 6658s
 1949847 445830 1606.36915   52   15 1619.55982 1545.05686  4.60%  12.1 6667s
 1951706 445772 1590.38710   50   14 1619.55982 1545.11262  4.60%  12.1 6675s
 1953449 445669 1563.77642   51   34 1619.55982 1545.17075  4.59%  12.1 6682s
 1955242 445623 1570.97521   47   32 1619.55982 1545.22919  4.59%  12.1 6690s
 1957121 445602 1593.19992   47   31 1619.55982 1545.29188  4.59%  12.1 6698s
 1958941 445555 1606.32546   51   12 1619.55982 1545.33281  4.58%  12.1 6705s
 1960685 445534 1602.53622   66   33 1619.55982 1545.40878  4.58%  12.1 6712s
 1962546 445456 1604.55700   60   43 1619.55982 1545.46016  4.58%  12.1 6719s
 1964380 445435 infeasible   55      1619.55982 1545.51820  4.57%  12.1 6727s
 1966215 445315     cutoff   81      1619.55982 1545.57197  4.57%  12.1 6735s
 1967931 445310     cutoff   59      1619.55982 1545.61058  4.57%  12.1 6742s
 1969661 445286     cutoff   59      1619.55982 1545.66421  4.56%  12.1 6751s
 1971255 445173 1615.69377   63   36 1619.55982 1545.70965  4.56%  12.1 6760s
 1973077 445092 1608.89859   74   11 1619.55982 1545.75787  4.56%  12.1 6768s
 1974833 444983 1600.97145   62   30 1619.55982 1545.82432  4.55%  12.1 6776s
 1976710 444895 1577.18506   49   34 1619.55982 1545.88654  4.55%  12.1 6784s
 1978543 444839 1566.12328   48   17 1619.55982 1545.94343  4.55%  12.1 6791s
 1980402 444673 1571.97115   51   17 1619.55982 1546.00641  4.54%  12.1 6798s
 1982137 444572     cutoff   55      1619.55982 1546.05665  4.54%  12.1 6804s
 1983960 444486     cutoff   54      1619.55982 1546.11752  4.53%  12.1 6811s
 1985746 444412 infeasible   54      1619.55982 1546.18323  4.53%  12.1 6818s
 1987577 444297     cutoff   62      1619.55982 1546.25282  4.53%  12.1 6825s
 1989335 444221 infeasible   93      1619.55982 1546.30066  4.52%  12.1 6831s
 1991120 444204     cutoff   45      1619.55982 1546.36360  4.52%  12.1 6842s
 1991923 444063 1567.40030   70   28 1619.55982 1546.37741  4.52%  12.1 6849s
 1993816 443987 1571.80120   51   32 1619.55982 1546.45102  4.51%  12.1 6856s
 1995709 443873 1606.53134   76   32 1619.55982 1546.51269  4.51%  12.1 6863s
 1997536 443817 1562.13002   55   44 1619.55982 1546.58138  4.51%  12.1 6870s
 1999402 443747 1591.95055   68   32 1619.55982 1546.63051  4.50%  12.1 6877s
 2001291 443625 1597.07018   66   25 1619.55982 1546.68782  4.50%  12.2 6884s
 2003126 443548     cutoff   63      1619.55982 1546.75590  4.50%  12.2 6891s
 2004873 443452 1592.15789   62   19 1619.55982 1546.80293  4.49%  12.2 6900s
 2006696 443393     cutoff   58      1619.55982 1546.85818  4.49%  12.2 6908s
 2008380 443368 1600.60940   48   33 1619.55982 1546.90748  4.49%  12.2 6917s
 2010205 443278     cutoff   82      1619.55982 1546.96473  4.48%  12.2 6925s
 2012042 443094     cutoff   55      1619.55982 1547.02358  4.48%  12.2 6933s
 2013878 443015     cutoff   47      1619.55982 1547.08771  4.47%  12.2 6940s
 2015677 442900 1614.91003   50   26 1619.55982 1547.12940  4.47%  12.2 6947s
 2017463 442808     cutoff   54      1619.55982 1547.20757  4.47%  12.2 6955s
 2019232 442716     cutoff   64      1619.55982 1547.25861  4.46%  12.2 6962s
 2021012 442617 infeasible   62      1619.55982 1547.31438  4.46%  12.2 6970s
 2022815 442457 1614.24469   61   23 1619.55982 1547.36472  4.46%  12.2 6980s
 2024592 442405 infeasible   49      1619.55982 1547.43571  4.45%  12.2 6991s
 2026356 442293 1585.63500   48   27 1619.55982 1547.48923  4.45%  12.2 7002s
 2028136 442196     cutoff   56      1619.55982 1547.54344  4.45%  12.2 7012s
 2029956 442107 1618.70867   61   22 1619.55982 1547.59065  4.44%  12.2 7022s
 2031741 442032     cutoff   59      1619.55982 1547.63646  4.44%  12.2 7034s
 2033492 441919 1590.28942   90   32 1619.55982 1547.69547  4.44%  12.2 7042s
 2035302 441749 1604.32934   67   33 1619.55982 1547.75221  4.43%  12.2 7050s
 2037111 441652 1602.47790   73   31 1619.55982 1547.81253  4.43%  12.2 7057s
 2038950 441562 1583.77535   58   29 1619.55982 1547.86065  4.43%  12.2 7064s
 2040678 441469 1574.66295   55   33 1619.55982 1547.91747  4.42%  12.2 7070s
 2042488 441390 1593.19611   50   33 1619.55982 1547.96846  4.42%  12.2 7077s
 2044148 441316 1589.85288   55   17 1619.55982 1548.03029  4.42%  12.2 7084s
 2045988 441278 1607.42962   66   31 1619.55982 1548.08524  4.41%  12.2 7093s
 2046850 441182 1553.34277   47   35 1619.55982 1548.11319  4.41%  12.2 7100s
 2048740 441097 1568.63453   56   36 1619.55982 1548.16711  4.41%  12.2 7108s
 2050596 441016     cutoff   45      1619.55982 1548.22666  4.40%  12.2 7115s
 2052538 440935     cutoff   65      1619.55982 1548.27959  4.40%  12.2 7122s
 2054345 440868     cutoff   65      1619.55982 1548.32789  4.40%  12.2 7129s
 2056208 440777 1615.77031   62   36 1619.55982 1548.38371  4.39%  12.2 7135s
 2058048 440602     cutoff   56      1619.55982 1548.44136  4.39%  12.2 7143s
 2059875 440549 1612.99135   51   29 1619.55982 1548.50175  4.39%  12.2 7150s
 2061623 440374 1614.84291   53   14 1619.55982 1548.55018  4.38%  12.2 7157s
 2063466 440262     cutoff   52      1619.55982 1548.60856  4.38%  12.2 7164s
 2065279 440144 1584.78318   52   27 1619.55982 1548.66641  4.38%  12.2 7171s
 2067108 439990 1613.13963   96   34 1619.55982 1548.71883  4.37%  12.2 7178s
 2068855 439925     cutoff   60      1619.55982 1548.77028  4.37%  12.2 7185s
 2070658 439799     cutoff   64      1619.55982 1548.82328  4.37%  12.2 7192s
 2072436 439674     cutoff   60      1619.55982 1548.86737  4.36%  12.2 7199s
 2074244 439659     cutoff   49      1619.55982 1548.92442  4.36%  12.2 7200s

Cutting planes:
  Gomory: 6
  Zero half: 4
  Lazy constraints: 4045

Explored 2074275 nodes (25342806 simplex iterations) in 7200.05 seconds
Thread count was 12 (of 12 available processors)

Solution count 4: 1619.56 1747.59 1751.13 1945.23 

Time limit reached
Best objective 1.619559824660e+03, best bound 1.548924423566e+03, gap 4.3614%

User-callback calls 5337552, time in user-callback 25.65 sec
/projects/academic/josewalt/caigao/RRARP_BD/BendersDecomp/ret/model_outs/n_23_h_4_algo_4.out
 =====>>>>> Solution is written to file in <../ret/model_outs> !!!
===>> All Done!
