NPROCS=0
This instance is clustered!
Gurobi Optimizer version 9.0.0 build v9.0.0rc2 (linux64)
Optimize a model with 32 rows, 257 columns and 512 nonzeros
Model fingerprint: 0x715d7cb6
Variable types: 1 continuous, 256 integer (256 binary)
Coefficient statistics:
  Matrix range     [1e+00, 1e+00]
  Objective range  [1e+00, 2e+02]
  Bounds range     [1e+00, 1e+00]
  RHS range        [1e+00, 1e+00]
Presolve removed 2 rows and 45 columns
Presolve time: 0.00s
Presolved: 30 rows, 212 columns, 422 nonzeros
Variable types: 1 continuous, 211 integer (211 binary)

Root relaxation: objective 2.633038e+02, 29 iterations, 0.00 seconds
 done with super cut 0

    Nodes    |    Current Node    |     Objective Bounds      |     Work
 Expl Unexpl |  Obj  Depth IntInf | Incumbent    BestBd   Gap | It/Node Time

     0     0  340.85720    0   30          -  340.85720      -     -    0s
 done with super cut 1
 done with super cut 2
     0     0  346.11407    0   32          -  346.11407      -     -    0s
 done with super cut 3
 done with super cut 4
     0     0  347.46272    0   28          -  347.46272      -     -    1s
 done with super cut 5
     0     2  354.03924    0   28          -  354.03924      -     -    2s
 done with super cut 6
 done with super cut 7
 done with super cut 8
 done with super cut 9
 done with super cut 10
   170   173  443.76452   16   13          -  385.41051      -   6.3    9s
*  332   297              16     532.4562753  385.41051  27.6%   5.9    9s
*  333   297              16     501.7546966  385.41051  23.2%   5.9    9s
H  636   395                     493.5291911  399.82892  19.0%   5.5    9s
H  696   408                     493.5291761  399.82892  19.0%   5.6    9s

Cutting planes:
  Gomory: 1
  Lazy constraints: 245

Explored 7149 nodes (61691 simplex iterations) in 9.80 seconds
Thread count was 12 (of 12 available processors)

Solution count 3: 493.529 501.755 532.456 

Optimal solution found (tolerance 1.00e-04)
Best objective 4.935291761392e+02, best bound 4.935291761392e+02, gap 0.0000%

User-callback calls 14873, time in user-callback 9.20 sec
/projects/academic/josewalt/caigao/RRARP_BD/BendersDecomp/ret/model_outs/n_14_h_7_algo_4.out
 =====>>>>> Solution is written to file in <../ret/model_outs> !!!
===>> All Done!
