NPROCS=0
This instance is clustered!
Gurobi Optimizer version 9.0.0 build v9.0.0rc2 (linux64)
Optimize a model with 16 rows, 65 columns and 128 nonzeros
Model fingerprint: 0x2dc98208
Variable types: 1 continuous, 64 integer (64 binary)
Coefficient statistics:
  Matrix range     [1e+00, 1e+00]
  Objective range  [2e-01, 3e+01]
  Bounds range     [1e+00, 1e+00]
  RHS range        [1e+00, 1e+00]
Presolve removed 2 rows and 21 columns
Presolve time: 0.00s
Presolved: 14 rows, 44 columns, 86 nonzeros
Variable types: 1 continuous, 43 integer (43 binary)

Root relaxation: objective 3.353694e+01, 10 iterations, 0.00 seconds

    Nodes    |    Current Node    |     Objective Bounds      |     Work
 Expl Unexpl |  Obj  Depth IntInf | Incumbent    BestBd   Gap | It/Node Time

     0     0   51.71370    0    8          -   51.71370      -     -    0s
H    0     0                      61.4302701   51.71370  15.8%     -    0s
H    0     0                      60.6775718   51.71370  14.8%     -    0s
     0     0   52.79034    0   17   60.67757   52.79034  13.0%     -    0s
     0     0   52.99510    0   20   60.67757   52.99510  12.7%     -    0s
     0     2   53.96927    0   18   60.67757   53.96927  11.1%     -    0s
*   61     9               8      60.2838942   57.41955  4.75%   4.3    0s

Cutting planes:
  Gomory: 1
  Lazy constraints: 33

Explored 74 nodes (322 simplex iterations) in 0.04 seconds
Thread count was 12 (of 12 available processors)

Solution count 3: 60.2839 60.6776 61.4303 

Optimal solution found (tolerance 1.00e-04)
Best objective 6.028389424962e+01, best bound 6.028389424962e+01, gap 0.0000%

User-callback calls 253, time in user-callback 0.00 sec
/projects/academic/josewalt/caigao/RRARP_BD/BendersDecomp/ret/model_outs/n_6_h_10_algo_3.out
 =====>>>>> Solution is written to file in <../ret/model_outs> !!!
===>> All Done!
