NPROCS=0
This instance is clustered!
Gurobi Optimizer version 9.0.0 build v9.0.0rc2 (linux64)
Optimize a model with 38 rows, 362 columns and 722 nonzeros
Model fingerprint: 0x0700762b
Variable types: 1 continuous, 361 integer (361 binary)
Coefficient statistics:
  Matrix range     [1e+00, 1e+00]
  Objective range  [1e+00, 3e+02]
  Bounds range     [1e+00, 1e+00]
  RHS range        [1e+00, 1e+00]
Presolve removed 2 rows and 54 columns
Presolve time: 0.00s
Presolved: 36 rows, 308 columns, 614 nonzeros
Variable types: 1 continuous, 307 integer (307 binary)

Root relaxation: objective 5.320777e+02, 31 iterations, 0.00 seconds

    Nodes    |    Current Node    |     Objective Bounds      |     Work
 Expl Unexpl |  Obj  Depth IntInf | Incumbent    BestBd   Gap | It/Node Time

     0     0  702.49518    0   10          -  702.49518      -     -    0s
     0     0  714.03145    0   29          -  714.03145      -     -    0s
H    0     0                     909.2899113  714.03145  21.5%     -    0s
     0     0  714.47819    0   22  909.28991  714.47819  21.4%     -    0s
     0     2  715.14356    0   13  909.28991  715.14356  21.4%     -    0s
*  883   624              63     901.9820276  733.19051  18.7%   4.0    0s
  7810  3356 infeasible   40       901.98203  752.02070  16.6%   4.3    5s
 13973  6067  774.92712   37    9  901.98203  767.84080  14.9%   4.6   10s
 18074  8202  823.33059   24    6  901.98203  773.92574  14.2%   4.8   15s
 20911  9438     cutoff   33       901.98203  777.22448  13.8%   4.9   20s
 23648 10709  806.16625   25    9  901.98203  779.57092  13.6%   4.9   25s
 26049 11776  825.94817   26   16  901.98203  781.80723  13.3%   5.0   30s
 28087 12664     cutoff   42       901.98203  783.72871  13.1%   5.0   35s
 29784 13369  875.15168   41   17  901.98203  785.01485  13.0%   5.1   40s
 31598 14101  807.77204   23   18  901.98203  786.03081  12.9%   5.1   45s
 33378 14783 infeasible   36       901.98203  787.66380  12.7%   5.1   51s
 34742 15403  876.90311   33   12  901.98203  788.58128  12.6%   5.2   56s
 36092 15897  806.38693   33   33  901.98203  789.55533  12.5%   5.2   62s
 36804 16212  810.28732   29   13  901.98203  789.79355  12.4%   5.2   65s
 38179 16760  810.87666   29   14  901.98203  790.55805  12.4%   5.3   70s
 39465 17260  875.40312   27   17  901.98203  791.30628  12.3%   5.3   76s
 40210 17567  865.78360   35   16  901.98203  792.17488  12.2%   5.3   80s
 41653 17998  860.46141   31   22  901.98203  792.82792  12.1%   5.3   88s
 41657 18001  851.36204   33   45  901.98203  792.82792  12.1%   5.3   90s
 41672 18024  792.82792   31   26  901.98203  792.82792  12.1%   5.3   95s
 41864 18143  792.82792   39    6  901.98203  792.82792  12.1%   5.3  100s
 42153 18209  792.82792   47   19  901.98203  792.82792  12.1%   5.3  105s
 42723 18331  792.82792   39   21  901.98203  792.82792  12.1%   5.3  110s
 43345 18467  792.82792   39   10  901.98203  792.82792  12.1%   5.3  115s
 44089 18667  792.82792   36   14  901.98203  792.82792  12.1%   5.3  120s
 45162 19070  853.95990   79   22  901.98203  792.82792  12.1%   5.2  126s
 46076 19433     cutoff   48       901.98203  792.82792  12.1%   5.2  131s
 46853 19665  821.39144   39    7  901.98203  792.82792  12.1%   5.2  135s
 47770 20109     cutoff   76       901.98203  792.82792  12.1%   5.2  140s
 48787 20465  855.92922   43    6  901.98203  792.82792  12.1%   5.2  146s
 49849 20897  798.47584   41   13  901.98203  792.82792  12.1%   5.2  151s
 50622 21138  853.19783   42   22  901.98203  792.82792  12.1%   5.2  155s
 51472 21412  795.27759   54   25  901.98203  792.82792  12.1%   5.2  160s
 52829 21890  862.54266   50   17  901.98203  792.82792  12.1%   5.1  167s
 53353 22101     cutoff   54       901.98203  792.82792  12.1%   5.1  170s
 54473 22435  828.80189   46   21  901.98203  792.82792  12.1%   5.1  176s
 55535 22776  829.79331   46   12  901.98203  792.82792  12.1%   5.1  182s
 56660 23190  868.04662   46   23  901.98203  792.82792  12.1%   5.1  187s
 57365 23325  889.84279   48   23  901.98203  792.82792  12.1%   5.1  191s
 58656 23705  815.15079   43    -  901.98203  792.82792  12.1%   5.1  198s
 59323 23955  798.96143   39   13  901.98203  792.82792  12.1%   5.1  201s
 60043 24142  829.51569   45   15  901.98203  792.82792  12.1%   5.0  205s
 61559 24565  809.62498   64   11  901.98203  792.82792  12.1%   5.0  213s
 62321 24694     cutoff   67       901.98203  792.82792  12.1%   5.0  217s
 62981 24985  836.43969   46    7  901.98203  792.82792  12.1%   5.0  221s
 63827 25105  833.12974   46   22  901.98203  792.82792  12.1%   5.0  226s
 64650 25291  814.02538   42    7  901.98203  792.82792  12.1%   5.0  231s
 65485 25490 infeasible   65       901.98203  792.82792  12.1%   5.0  237s
 66328 25751  814.33358   46    9  901.98203  792.82792  12.1%   5.0  242s
 67218 26029  809.83873   40   11  901.98203  792.82792  12.1%   5.0  248s
 68180 26131  816.89437   47    6  901.98203  792.82792  12.1%   5.0  253s
 69000 26420  828.99780   42    -  901.98203  792.82792  12.1%   5.0  260s
 70020 26656  832.83649   42   17  901.98203  792.82792  12.1%   5.0  267s
 71048 26842  874.20925   64    -  901.98203  792.82792  12.1%   5.0  274s
 72086 27128     cutoff   64       901.98203  792.82792  12.1%   5.0  282s
 73188 27282  875.19952   46    8  901.98203  792.82792  12.1%   5.0  290s
 74225 27475     cutoff   61       901.98203  792.82792  12.1%   5.0  297s
 75190 27760  810.05514   47   23  901.98203  792.82792  12.1%   5.0  306s
 76338 28026  848.66596   48   13  901.98203  792.82792  12.1%   4.9  313s
 77464 28130  824.86311   39   41  901.98203  792.82792  12.1%   4.9  320s
 78508 28440  828.42495   43   19  901.98203  792.82792  12.1%   4.9  328s
 79629 28552  808.12254   48   17  901.98203  792.82792  12.1%   4.9  335s
 80623 28634  846.12021   50   20  901.98203  792.82792  12.1%   4.9  343s
 81647 28791  889.36952   68   10  901.98203  792.82792  12.1%   4.9  351s
 82557 29059  839.88036   42   12  901.98203  792.82792  12.1%   4.9  360s
 83633 29258  823.46944   48    9  901.98203  792.82792  12.1%   4.9  369s
 84712 29429  824.45169   46   11  901.98203  792.82792  12.1%   4.9  378s
 85779 29568  836.31245   47   13  901.98203  792.82792  12.1%   4.9  387s
 86830 29785  818.83498   46   13  901.98203  792.82792  12.1%   4.9  395s
 87857 30061  840.28048   41   24  901.98203  792.82792  12.1%   4.9  403s
 89004 30256  806.83565   45   14  901.98203  792.82792  12.1%   4.9  412s
 90138 30390     cutoff   60       901.98203  792.82792  12.1%   4.9  421s
 91150 30586  900.14972   50   10  901.98203  793.08710  12.1%   4.9  429s
 92162 30788  875.71516   42   30  901.98203  793.87191  12.0%   4.9  438s
 93268 30900  833.57160   44   11  901.98203  794.26183  11.9%   4.9  447s
 94370 30990  815.22467   50   14  901.98203  794.77085  11.9%   4.9  456s
 95426 31131     cutoff   49       901.98203  795.24194  11.8%   4.9  465s
 96434 31486  854.94414   45    8  901.98203  795.73616  11.8%   4.9  474s
 97509 31993     cutoff   59       901.98203  796.16928  11.7%   4.9  484s
 98587 32490  817.60088   40   15  901.98203  796.60040  11.7%   5.0  493s
 99590 32991  857.01188   41   12  901.98203  797.07946  11.6%   5.0  504s
 100724 33514  837.46667   44   33  901.98203  797.55225  11.6%   4.9  515s
 101811 33867  845.73232   52   16  901.98203  798.23522  11.5%   4.9  526s
 102845 34374     cutoff   50       901.98203  798.93350  11.4%   5.0  538s
 103912 34859     cutoff   67       901.98203  799.42712  11.4%   5.0  548s
 104897 35299  828.15553   51   22  901.98203  799.86744  11.3%   5.0  560s
 106013 35766  858.26207   48   24  901.98203  800.28067  11.3%   5.0  570s
 107009 36233  820.21903   47    6  901.98203  800.60981  11.2%   5.0  581s
 108106 36727 infeasible   54       901.98203  801.01098  11.2%   5.0  593s
 109213 37196  838.79255   46    9  901.98203  801.38920  11.2%   5.0  605s
 110308 37694  839.15812   40   12  901.98203  801.90317  11.1%   5.0  619s
 111337 38178     cutoff   51       901.98203  802.17234  11.1%   5.0  632s
 112488 38675  850.32554   44   10  901.98203  802.68761  11.0%   5.0  645s
 113643 39019  823.58871   41   12  901.98203  802.81132  11.0%   5.0  657s
 114285 39400  842.62754   45    6  901.98203  803.31080  10.9%   5.0  673s
 115425 39883  861.18273   47   25  901.98203  803.41161  10.9%   5.0  689s
 116578 40402  842.33633   46    -  901.98203  804.01956  10.9%   5.0  703s
 117714 40856  850.61734   46   17  901.98203  804.32385  10.8%   5.0  714s
 118063 40921  826.79162   47   18  901.98203  804.38953  10.8%   5.0  715s
 118814 41345  835.03508   56   14  901.98203  804.77563  10.8%   5.0  726s
 119908 41786     cutoff   57       901.98203  805.22526  10.7%   5.0  739s
 121039 42280     cutoff   53       901.98203  805.49407  10.7%   5.0  753s
 122101 42811  844.08744   46   15  901.98203  805.86565  10.7%   5.0  766s
 123233 43309     cutoff   49       901.98203  806.27482  10.6%   5.0  779s
 124358 43802  819.52885   44   14  901.98203  806.52960  10.6%   5.0  793s
 125453 44241  832.79410   40    7  901.98203  806.84667  10.5%   5.0  805s
 126611 44748     cutoff   60       901.98203  807.27470  10.5%   5.0  816s
 127651 45181  855.95453   50   10  901.98203  807.53880  10.5%   5.0  829s
 128817 45703     cutoff   51       901.98203  807.87121  10.4%   5.0  841s
 130013 46118     cutoff   49       901.98203  808.34533  10.4%   5.0  855s
 131108 46639  830.29848   43   11  901.98203  808.62299  10.4%   5.0  871s
 132203 47098     cutoff   60       901.98203  808.91644  10.3%   5.0  885s
 133346 47632  830.95517   53   10  901.98203  809.11129  10.3%   5.0  901s
 134420 47989  829.54406   53   26  901.98203  809.41082  10.3%   5.0  916s
 135517 48450  841.40654   47   11  901.98203  809.67401  10.2%   5.0  930s
 136641 48801 infeasible   56       901.98203  809.93335  10.2%   5.0  943s
 137686 49214  877.63395   47    8  901.98203  810.22714  10.2%   5.0  958s
 138784 49635     cutoff   55       901.98203  810.48036  10.1%   5.0  974s
 139855 49981 infeasible   74       901.98203  810.79803  10.1%   5.0  991s
 140989 50395  835.12645   48   14  901.98203  811.05831  10.1%   5.0 1007s
 142012 50842  851.32628   48    6  901.98203  811.35745  10.0%   5.0 1023s
 143143 51219  863.70213   44    9  901.98203  811.62798  10.0%   5.0 1041s
 144281 51702  846.75279   46    6  901.98203  812.00075  10.0%   5.0 1055s
 145323 52077  818.20118   56   23  901.98203  812.22619  10.0%   5.0 1070s
 146448 52547  868.28163   63   10  901.98203  812.26392  9.95%   5.0 1086s
 147596 52824  820.51015   47   15  901.98203  812.76797  9.89%   5.0 1102s
 148605 53374  852.85581   43    6  901.98203  813.12424  9.85%   5.0 1116s
 149806 53786  842.04089   42    9  901.98203  813.36787  9.82%   5.0 1132s
 150940 54140  817.04842   51   10  901.98203  813.54968  9.80%   5.0 1148s
 152018 54524  821.84470   42   14  901.98203  813.74340  9.78%   5.0 1164s
 153085 54900     cutoff   59       901.98203  814.03298  9.75%   5.0 1182s
 154229 55265  825.07489   42   15  901.98203  814.29600  9.72%   5.0 1201s
 155301 55764  850.36193   55    8  901.98203  814.61623  9.69%   5.0 1219s
 156489 56130  835.67149   55   22  901.98203  814.80895  9.66%   5.0 1237s
 157551 56524  818.18797   42   20  901.98203  814.99707  9.64%   5.0 1255s
 158722 56906     cutoff   49       901.98203  815.24407  9.62%   5.0 1273s
 159869 57304  842.30533   45    6  901.98203  815.43116  9.60%   5.0 1288s
 160971 57732  831.04677   50   15  901.98203  815.73799  9.56%   5.0 1304s
 162142 58152  873.60542   52    -  901.98203  815.89988  9.54%   5.0 1323s
 163310 58521  857.94490   48    6  901.98203  816.14704  9.52%   5.0 1339s
 164405 58932     cutoff   57       901.98203  816.34431  9.49%   5.0 1358s
 165514 59326  878.89974   44   26  901.98203  816.39214  9.49%   5.0 1377s
 166668 59673  846.60325   45   11  901.98203  816.68421  9.46%   5.0 1396s
 167586 60109  882.67829   39   23  901.98203  816.98969  9.42%   5.0 1413s
 168742 60451  851.16786   43    9  901.98203  817.24824  9.39%   5.0 1430s
 169863 60795  845.85148   40   11  901.98203  817.49770  9.37%   5.0 1449s
 170965 61174  877.98102   47    8  901.98203  817.72301  9.34%   5.0 1466s
 172060 61636  830.77337   44   21  901.98203  817.93266  9.32%   5.0 1485s
 173242 61975  827.32180   48   18  901.98203  818.21678  9.29%   5.0 1504s
 174339 62411  865.67290   43   18  901.98203  818.33549  9.27%   5.0 1523s
 175506 62840  858.58852   49   23  901.98203  818.52692  9.25%   5.0 1543s
 176676 63098     cutoff   54       901.98203  818.72808  9.23%   5.0 1567s
 177704 63491  829.03996   41   16  901.98203  818.96949  9.20%   5.0 1590s
 178845 63956  845.73904   45   11  901.98203  819.04807  9.19%   5.0 1610s
 180018 64283  857.53456   53   29  901.98203  819.25186  9.17%   5.0 1631s
 181158 64716  870.77802   49   15  901.98203  819.49585  9.14%   5.0 1652s
 182309 65004  826.61248   52   24  901.98203  819.72267  9.12%   5.0 1673s
 183425 65381     cutoff   57       901.98203  819.95400  9.09%   5.0 1694s
 184588 65857  836.48391   51   16  901.98203  820.15237  9.07%   5.0 1713s
 185753 66216     cutoff   52       901.98203  820.34723  9.05%   5.0 1736s
 186912 66566     cutoff   63       901.98203  820.50436  9.03%   5.0 1755s
 188035 66871  869.84217   50   12  901.98203  820.79723  9.00%   5.0 1776s
 189114 67234  901.14249   51   12  901.98203  821.01670  8.98%   5.0 1797s
 190244 67665     cutoff   51       901.98203  821.22955  8.95%   5.0 1818s
 191415 67983     cutoff   49       901.98203  821.45150  8.93%   5.0 1842s
 192453 68346  862.03106   43   18  901.98203  821.62254  8.91%   5.0 1866s
 193601 68804  867.00930   51   27  901.98203  821.82726  8.89%   5.0 1892s
 194793 69162  836.23210   47   17  901.98203  821.99696  8.87%   5.0 1918s
 195952 69546  829.19720   38   10  901.98203  822.23891  8.84%   5.0 1946s
 197127 69929  845.73121   39   13  901.98203  822.37075  8.83%   5.0 1971s
 198304 70229  882.53742   46   12  901.98203  822.51466  8.81%   5.0 1995s
 199367 70571     cutoff   49       901.98203  822.75400  8.78%   5.0 2020s
 200541 70918  832.96769   59    8  901.98203  822.93084  8.76%   5.0 2044s
 201683 71264     cutoff   71       901.98203  823.09107  8.75%   5.0 2065s
 202818 71585  861.13523   45   22  901.98203  823.26233  8.73%   5.0 2087s
 203834 71918  873.76865   44   15  901.98203  823.42595  8.71%   5.0 2109s
 204996 72194  859.80250   38   15  901.98203  823.59353  8.69%   5.0 2134s
 206183 72612     cutoff   52       901.98203  823.76724  8.67%   5.0 2159s
 207309 73035     cutoff   47       901.98203  824.00981  8.64%   5.0 2185s
 208411 73368  836.13930   50   24  901.98203  824.02669  8.64%   5.0 2210s
 209577 73753 infeasible   72       901.98203  824.26925  8.62%   5.0 2233s
 210778 74113  853.27132   42    8  901.98203  824.43095  8.60%   5.0 2257s
 211946 74431  851.93301   42   38  901.98203  824.70946  8.57%   5.0 2285s
 213103 74886     cutoff   47       901.98203  824.73216  8.56%   5.0 2309s
 214293 75200 infeasible   48       901.98203  825.13724  8.52%   5.0 2335s
 215349 75590  876.57644   45   12  901.98203  825.20637  8.51%   5.0 2357s
 216549 75892 infeasible   58       901.98203  825.44350  8.49%   5.0 2381s
 217700 76288     cutoff   65       901.98203  825.56647  8.47%   5.1 2405s
 218820 76624  852.30814   44   11  901.98203  825.90167  8.43%   5.1 2432s
 219987 76969  844.79845   44    6  901.98203  826.06153  8.42%   5.1 2459s
 221110 77356  855.84084   47   10  901.98203  826.19486  8.40%   5.1 2486s
 222280 77647  840.47432   43    8  901.98203  826.37428  8.38%   5.1 2513s
 223411 78044     cutoff   56       901.98203  826.56962  8.36%   5.1 2538s
 224669 78459  838.08520   59    9  901.98203  826.56962  8.36%   5.1 2564s
 225860 78772     cutoff   62       901.98203  826.91771  8.32%   5.1 2587s
 227011 79174  832.61013   41    6  901.98203  827.05914  8.31%   5.1 2613s
 228119 79566     cutoff   53       901.98203  827.11391  8.30%   5.1 2639s
 229313 79874  860.09934   45   20  901.98203  827.34250  8.28%   5.1 2664s
 230341 80006  871.01494   43    9  901.98203  827.56510  8.25%   5.1 2665s
 230434 80230  852.53497   50    7  901.98203  827.59152  8.25%   5.1 2689s
 231604 80592  852.92953   43   17  901.98203  827.74630  8.23%   5.1 2713s
 232722 80923  880.60404   56    8  901.98203  827.89756  8.21%   5.1 2738s
 233731 81223     cutoff   45       901.98203  828.08281  8.19%   5.1 2769s
 234868 81589  886.46521   52   15  901.98203  828.24260  8.18%   5.1 2799s
 236077 81901  861.71542   49    7  901.98203  828.35598  8.16%   5.1 2825s
 237234 82218  869.43289   50    8  901.98203  828.60527  8.14%   5.1 2852s
 238336 82564     cutoff   62       901.98203  828.77630  8.12%   5.1 2876s
 239538 82834  843.46275   46    9  901.98203  828.93772  8.10%   5.1 2902s
 240704 83135  850.23361   52    9  901.98203  829.11916  8.08%   5.1 2927s
 241836 83437     cutoff   66       901.98203  829.27011  8.06%   5.1 2953s
 243012 83729  892.77411   45    6  901.98203  829.44419  8.04%   5.1 2978s
 244145 84104  879.60331   44    8  901.98203  829.64033  8.02%   5.1 3004s
 245367 84409  832.93058   40   12  901.98203  829.80327  8.00%   5.1 3030s
 246449 84636     cutoff   55       901.98203  830.00019  7.98%   5.1 3056s
 247594 84993  856.92482   49   15  901.98203  830.14670  7.96%   5.1 3082s
 248746 85363     cutoff   58       901.98203  830.30044  7.95%   5.1 3107s
 249954 85708     cutoff   68       901.98203  830.39666  7.94%   5.1 3135s
 251090 86012  873.29846   53   18  901.98203  830.65550  7.91%   5.1 3167s
 252215 86318  886.88519   43    9  901.98203  830.76321  7.90%   5.1 3199s
 253315 86563  882.76728   44   15  901.98203  830.93116  7.88%   5.1 3226s
 254462 86910     cutoff   63       901.98203  831.01108  7.87%   5.1 3255s
 255654 87300  843.06757   50   21  901.98203  831.17281  7.85%   5.1 3284s
 256845 87557  879.62966   42    7  901.98203  831.34891  7.83%   5.1 3311s
 257939 87854  866.48487   45   16  901.98203  831.50194  7.81%   5.1 3340s
 259093 88139     cutoff   55       901.98203  831.68824  7.79%   5.1 3367s
 260125 88451     cutoff   62       901.98203  831.72206  7.79%   5.1 3399s
 261261 88718     cutoff   45       901.98203  831.93423  7.77%   5.1 3431s
 262409 89020  846.46199   50   23  901.98203  832.14230  7.74%   5.1 3465s
 263590 89373  894.85408   51   11  901.98203  832.18479  7.74%   5.1 3501s
 264812 89678  854.80022   43   21  901.98203  832.36380  7.72%   5.1 3537s
 265992 89975     cutoff   50       901.98203  832.51344  7.70%   5.1 3570s
 267176 90313  877.67988   47   24  901.98203  832.73645  7.68%   5.1 3604s
 268321 90642     cutoff   61       901.98203  832.81721  7.67%   5.1 3634s
 269556 90951     cutoff   43       901.98203  832.95038  7.65%   5.1 3662s
 270766 91249  857.76133   56   10  901.98203  833.13172  7.63%   5.1 3692s
 271930 91516  870.14367   55    9  901.98203  833.26957  7.62%   5.1 3722s
 273046 91776  898.32752   46   14  901.98203  833.45157  7.60%   5.1 3753s
 274215 92105     cutoff   56       901.98203  833.60351  7.58%   5.1 3783s
 275394 92397     cutoff   58       901.98203  833.73321  7.57%   5.1 3817s
 276548 92675     cutoff   48       901.98203  833.86432  7.55%   5.1 3850s
 277692 92921  880.76584   51   13  901.98203  834.01502  7.54%   5.1 3881s
 278842 93207  838.30461   48   15  901.98203  834.05736  7.53%   5.1 3912s
 279981 93480 infeasible   80       901.98203  834.25056  7.51%   5.1 3943s
 281149 93695  873.91458   54   16  901.98203  834.45191  7.49%   5.1 3987s
 282239 93983     cutoff   80       901.98203  834.58999  7.47%   5.1 4023s
 283428 94245  841.40349   45   27  901.98203  834.75019  7.45%   5.1 4058s
 284606 94469  897.15365   58   11  901.98203  834.75019  7.45%   5.1 4092s
 285766 94757  875.07691   48   11  901.98203  835.04954  7.42%   5.1 4125s
 286841 95048  880.49782   52   13  901.98203  835.18131  7.41%   5.1 4159s
 288025 95420     cutoff   54       901.98203  835.30062  7.39%   5.1 4191s
 289318 95706  879.08335   41   16  901.98203  835.49759  7.37%   5.1 4228s
 290531 96024  836.56893   40    9  901.98203  835.62434  7.36%   5.1 4261s
 291716 96281     cutoff   53       901.98203  835.72714  7.35%   5.1 4294s
 292835 96526  860.56169   53    7  901.98203  835.83861  7.33%   5.1 4326s
 294003 96830  869.23790   51   17  901.98203  836.02334  7.31%   5.1 4362s
 295195 97113  862.87827   50   16  901.98203  836.14890  7.30%   5.1 4397s
 296372 97383  892.17442   46   10  901.98203  836.31182  7.28%   5.1 4442s
 297539 97692     cutoff   51       901.98203  836.36491  7.27%   5.1 4492s
 298723 97884  895.59769   47   12  901.98203  836.60402  7.25%   5.1 4529s
 299941 98163  895.96355   39   12  901.98203  836.73070  7.23%   5.1 4562s
 301120 98513     cutoff   51       901.98203  836.86695  7.22%   5.1 4596s
 302364 98877     cutoff   57       901.98203  837.00170  7.20%   5.1 4631s
 303619 99172  867.70891   43    6  901.98203  837.12886  7.19%   5.1 4666s
 304794 99448  895.49594   65   10  901.98203  837.12886  7.19%   5.1 4697s
 305953 99681  856.43487   57   20  901.98203  837.35923  7.16%   5.1 4731s
 307082 99981  847.99657   45   33  901.98203  837.49502  7.15%   5.1 4764s
 308135 100248  876.75724   48   17  901.98203  837.56080  7.14%   5.1 4797s
 309353 100463     cutoff   59       901.98203  837.76158  7.12%   5.1 4831s
 310525 100613  864.67660   46    8  901.98203  837.79693  7.12%   5.1 4863s
 311664 100937     cutoff   58       901.98203  837.93776  7.10%   5.1 4899s
 312835 101156     cutoff   56       901.98203  838.13521  7.08%   5.1 4934s
 313990 101408  879.82749   51    9  901.98203  838.30589  7.06%   5.1 4977s
 315154 101629     cutoff   52       901.98203  838.42457  7.05%   5.1 5014s
 316368 101867     cutoff   58       901.98203  838.50638  7.04%   5.1 5048s
 317577 102198  884.55451   50    6  901.98203  838.71592  7.01%   5.1 5086s
 318810 102446     cutoff   49       901.98203  838.75413  7.01%   5.1 5121s
 319974 102709 infeasible   53       901.98203  838.96854  6.99%   5.1 5159s
 321172 103000  867.88939   48   22  901.98203  839.06771  6.98%   5.1 5193s
 322379 103252     cutoff   53       901.98203  839.21519  6.96%   5.1 5227s
 323588 103537  885.77136   44   16  901.98203  839.32745  6.95%   5.1 5263s
 324803 103805  895.17852   52    -  901.98203  839.36995  6.94%   5.1 5298s
 326021 104120     cutoff   52       901.98203  839.56641  6.92%   5.1 5334s
 326701 104198  856.95649   58   14  901.98203  839.59880  6.92%   5.1 5335s
 327191 104350     cutoff   60       901.98203  839.70593  6.90%   5.1 5372s
 328408 104640     cutoff   41       901.98203  839.82794  6.89%   5.1 5406s
 329533 105004     cutoff   53       901.98203  839.96418  6.88%   5.1 5444s
 330799 105289  864.32977   47   10  901.98203  840.07248  6.86%   5.1 5480s
 332002 105648  896.84742   58    -  901.98203  840.20755  6.85%   5.1 5525s
 333184 105880     cutoff   58       901.98203  840.32483  6.84%   5.1 5564s
 334406 106195  869.35263   51    9  901.98203  840.38932  6.83%   5.1 5600s
 335636 106410  869.00575   56   14  901.98203  840.47276  6.82%   5.1 5640s
 336763 106652  888.68621   57   11  901.98203  840.71172  6.79%   5.1 5685s
 337986 106814     cutoff   49       901.98203  840.79615  6.78%   5.1 5739s
 339139 107004  859.71779   46    7  901.98203  840.90068  6.77%   5.1 5784s
 340331 107343  890.58083   53   13  901.98203  841.08090  6.75%   5.1 5822s
 341558 107551     cutoff   44       901.98203  841.17530  6.74%   5.1 5866s
 342731 107731     cutoff   50       901.98203  841.31047  6.73%   5.1 5908s
 343862 107954  853.89333   45   13  901.98203  841.44168  6.71%   5.1 5948s
 345049 108164  881.10782   44   12  901.98203  841.57957  6.70%   5.1 5992s
 346283 108355     cutoff   61       901.98203  841.68438  6.69%   5.1 6032s
 347457 108642  898.25970   45    9  901.98203  841.77028  6.68%   5.1 6071s
 348674 108882  842.12027   50    -  901.98203  841.91514  6.66%   5.1 6112s
 349748 109016  855.69990   50    7  901.98203  842.04876  6.64%   5.1 6158s
 350919 109217     cutoff   48       901.98203  842.16089  6.63%   5.1 6205s
 352016 109448  866.91069   52   12  901.98203  842.28756  6.62%   5.1 6245s
 353239 109724     cutoff   53       901.98203  842.38604  6.61%   5.1 6284s
 354490 109989  865.43542   47    6  901.98203  842.56287  6.59%   5.1 6333s
 355711 110237  870.65495   45   32  901.98203  842.69040  6.57%   5.1 6373s
 356926 110503  865.76781   53    9  901.98203  842.80084  6.56%   5.1 6421s
 358090 110747  891.49029   47   12  901.98203  842.90241  6.55%   5.1 6462s
 359351 110948  880.04969   43   10  901.98203  843.04660  6.53%   5.1 6502s
 360590 111176     cutoff   50       901.98203  843.18602  6.52%   5.1 6546s
 361847 111450     cutoff   63       901.98203  843.23102  6.51%   5.1 6589s
 363017 111674     cutoff   46       901.98203  843.40889  6.49%   5.1 6638s
 364205 111880  879.49847   49    7  901.98203  843.52209  6.48%   5.1 6684s
 365413 112158  861.44284   49   11  901.98203  843.53417  6.48%   5.1 6732s
 366593 112389     cutoff   55       901.98203  843.70093  6.46%   5.1 6771s
 367668 112628     cutoff   49       901.98203  843.88158  6.44%   5.1 6816s
 368920 112854  890.22497   47   10  901.98203  843.99625  6.43%   5.1 6864s
 370166 113073  877.70175   46    8  901.98203  844.10393  6.42%   5.1 6905s
 371431 113372     cutoff   54       901.98203  844.19907  6.41%   5.1 6953s
 372638 113657  891.93780   57   36  901.98203  844.29486  6.40%   5.1 6992s
 373842 113869     cutoff   59       901.98203  844.45380  6.38%   5.1 7046s
 375005 114104  879.38099   47   13  901.98203  844.56409  6.37%   5.1 7089s
 376224 114310  893.55560   45    7  901.98203  844.64293  6.36%   5.1 7133s
 377412 114570     cutoff   44       901.98203  844.85440  6.33%   5.1 7180s
 378680 114751     cutoff   52       901.98203  844.86183  6.33%   5.1 7200s

Cutting planes:
  Lazy constraints: 43851

Explored 379118 nodes (1946671 simplex iterations) in 7200.87 seconds
Thread count was 12 (of 12 available processors)

Solution count 2: 901.982 909.29 

Time limit reached
Best objective 9.019820275633e+02, best bound 8.449991964837e+02, gap 6.3175%

User-callback calls 1737860, time in user-callback 4.98 sec
/projects/academic/josewalt/caigao/RRARP_BD/BendersDecomp/ret/model_outs/n_17_m_2_algo_2.out
 =====>>>>> Solution is written to file in <../ret/model_outs> !!!
===>> All Done!
