NPROCS=0
This instance is clustered!
Gurobi Optimizer version 9.0.0 build v9.0.0rc2 (linux64)
Optimize a model with 56 rows, 785 columns and 1568 nonzeros
Model fingerprint: 0xbc005bee
Variable types: 1 continuous, 784 integer (784 binary)
Coefficient statistics:
  Matrix range     [1e+00, 1e+00]
  Objective range  [1e+00, 7e+02]
  Bounds range     [1e+00, 1e+00]
  RHS range        [1e+00, 1e+00]
Presolve removed 2 rows and 81 columns
Presolve time: 0.01s
Presolved: 54 rows, 704 columns, 1406 nonzeros
Variable types: 1 continuous, 703 integer (703 binary)

Root relaxation: objective 1.705257e+03, 54 iterations, 0.00 seconds

    Nodes    |    Current Node    |     Objective Bounds      |     Work
 Expl Unexpl |  Obj  Depth IntInf | Incumbent    BestBd   Gap | It/Node Time

     0     0 1762.24370    0   18          - 1762.24370      -     -    0s
     0     0 1821.16544    0   32          - 1821.16544      -     -    0s
     0     2 1891.46860    0   24          - 1891.46860      -     -    0s
H 2097  1851                    2601.2013143 1984.88470  23.7%   3.4    0s
H 4338  2551                    2598.1188269 1993.98885  23.3%   4.4    2s
  8316  4330     cutoff  178      2598.11883 2049.24279  21.1%   4.5    5s
 13157  7623 2202.80992   55   22 2598.11883 2060.07982  20.7%   4.8   10s
 17241 10364 2457.34371   71   17 2598.11883 2067.18893  20.4%   4.9   15s
 19508 11895 2379.77907   72   32 2598.11883 2068.84526  20.4%   5.0   46s
 19511 11897 2075.70277   19   49 2598.11883 2068.84526  20.4%   5.0   50s
 19516 11900 2168.33900   58   54 2598.11883 2068.84526  20.4%   5.0   55s
 19517 11901 2184.39958   49   54 2598.11883 2068.84526  20.4%   5.0   74s
 19518 11905 2068.84526   25   44 2598.11883 2068.84526  20.4%   5.0   76s
 19689 12019 2068.84526   35   15 2598.11883 2068.84526  20.4%   5.0   80s
 20735 12396 2338.34527   76    - 2598.11883 2068.84526  20.4%   5.1   85s
 22388 12999 2499.49484  125    - 2598.11883 2068.84526  20.4%   5.2   90s
 24587 13879 2291.80054   47    - 2598.11883 2068.84526  20.4%   5.2   95s
 25969 14551 2369.54126   75    - 2598.11883 2068.84526  20.4%   5.2  100s
 28486 15793 2342.51256  121   45 2598.11883 2068.84526  20.4%   5.2  105s
 31500 17361 2114.66499   84   49 2598.11883 2068.84526  20.4%   5.1  110s
 33269 18102 2552.85184  257   13 2598.11883 2068.84526  20.4%   5.0  116s
 35596 19281 2197.81177  113   23 2598.11883 2068.84526  20.4%   5.0  121s
 37434 19810     cutoff  207      2598.11883 2077.49819  20.0%   5.1  125s
 39614 20513 2253.03104   48   13 2598.11883 2079.36447  20.0%   5.1  131s
 41839 21796 2112.25698   52   10 2598.11883 2081.32700  19.9%   5.1  136s
 43753 22682 2373.11708  257    - 2598.11883 2082.47186  19.8%   5.2  140s
 47052 24570     cutoff  291      2598.11883 2085.30839  19.7%   5.1  146s
 49668 25837 2481.48950   67    6 2598.11883 2087.02994  19.7%   5.0  152s
 52036 26901 2416.14149  193   15 2598.11883 2088.39067  19.6%   5.0  156s
 54426 28145     cutoff  171      2598.11883 2090.33175  19.5%   4.9  161s
 56823 29699 2151.35058  165    4 2598.11883 2091.36736  19.5%   4.9  166s
 59067 31640 2101.08913  162   28 2598.11883 2092.83529  19.4%   4.9  170s
 61166 33327 2563.31822  206   10 2598.11883 2093.90706  19.4%   4.9  176s
 62709 34837 2241.45124  139   13 2598.11883 2094.57826  19.4%   4.8  180s
 64895 36542 2555.80139  127    - 2598.11883 2095.86814  19.3%   4.8  187s
 66106 37034 2155.89516  129   23 2598.11883 2096.49453  19.3%   4.8  190s
 67829 38305 2482.80574  131   17 2598.11883 2097.19230  19.3%   4.8  196s
 69723 39899     cutoff  156      2598.11883 2098.22542  19.2%   4.8  202s
 70783 40499 2179.27425  175   20 2598.11883 2099.10591  19.2%   4.8  205s
 72655 41610 2195.76853  167   29 2598.11883 2100.23980  19.2%   4.9  216s
 73073 42360 2232.93708   70    6 2598.11883 2100.42200  19.2%   4.9  220s
 74966 43797 2542.00458  178    6 2598.11883 2101.32673  19.1%   4.9  227s
 76073 44785 infeasible  179      2598.11883 2101.66304  19.1%   4.9  230s
 78267 46417 2381.17255  242   13 2598.11883 2102.41056  19.1%   4.9  236s
 79414 47196 infeasible  245      2598.11883 2102.91994  19.1%   4.9  240s
 80454 48084 2282.88904  114    8 2598.11883 2103.45635  19.0%   4.9  245s
 82508 49529     cutoff  204      2598.11883 2104.45154  19.0%   4.9  252s
 83576 50410 infeasible  100      2598.11883 2105.14248  19.0%   4.9  255s
 85618 52085 2512.69104   54    - 2598.11883 2106.12650  18.9%   4.9  262s
 86780 53130 2399.37157  102   16 2598.11883 2106.37470  18.9%   4.8  265s
 89069 54778     cutoff   94      2598.11883 2107.10088  18.9%   4.8  273s
 90108 55402 2446.50295  142   20 2598.11883 2107.25306  18.9%   4.8  277s
 91013 55948 2177.12687  101   11 2598.11883 2107.42998  18.9%   4.8  281s
 91880 56650     cutoff  190      2598.11883 2107.75130  18.9%   4.9  286s
 92848 57580 2263.78667  155   25 2598.11883 2108.06110  18.9%   4.9  290s
 94335 58196 2242.85683  180    6 2598.11883 2108.48054  18.8%   4.8  295s
 95663 59727     cutoff  116      2598.11883 2108.74215  18.8%   4.9  303s
 96835 60726 infeasible   85      2598.11883 2109.16709  18.8%   4.8  307s
 97976 61520 2444.77014   99   44 2598.11883 2109.32523  18.8%   4.8  311s
 99063 62318 2526.14234  108   18 2598.11883 2109.59011  18.8%   4.8  316s
 100097 63150     cutoff  113      2598.11883 2109.94313  18.8%   4.8  321s
 101176 63837 2428.61167  101   41 2598.11883 2110.38758  18.8%   4.8  327s
 102132 64623 2574.18499  117    6 2598.11883 2110.57672  18.8%   4.8  332s
 103108 65485 2276.32383  139   16 2598.11883 2110.77573  18.8%   4.8  337s
 104251 66271 2466.59165  192    8 2598.11883 2110.99951  18.7%   4.8  341s
 105282 66821 2283.93933   81   26 2598.11883 2111.09016  18.7%   4.8  346s
 106084 67610 infeasible  152      2598.11883 2111.34696  18.7%   4.8  351s
 107082 68539 2400.66099   80    - 2598.11883 2111.50832  18.7%   4.8  357s
 108211 69512 2184.51456  162    - 2598.11883 2111.97447  18.7%   4.8  363s
 109362 70424     cutoff  163      2598.11883 2111.99945  18.7%   4.8  368s
 110513 71204 2194.37630  173    8 2598.11883 2112.26251  18.7%   4.8  374s
 111579 71833     cutoff  182      2598.11883 2112.52545  18.7%   4.8  379s
 112507 72635 infeasible   93      2598.11883 2112.77913  18.7%   4.8  384s
 113644 73439 2576.85677   92   14 2598.11883 2113.08744  18.7%   4.8  389s
 114740 74102 infeasible  106      2598.11883 2113.39373  18.7%   4.8  395s
 115623 74968 infeasible  104      2598.11883 2113.43614  18.7%   4.8  401s
 116777 75357 2573.16839  151   11 2598.11883 2114.01270  18.6%   4.8  407s
 117613 76009 2399.38913  101   19 2598.11883 2114.39213  18.6%   4.8  413s
 118530 76965 2551.78609  112   15 2598.11883 2114.65895  18.6%   4.8  419s
 119757 77578 2556.47919  114   19 2598.11883 2114.92695  18.6%   4.8  426s
 120764 78644 2463.92255   74    - 2598.11883 2115.28219  18.6%   4.8  432s
 121994 79162 2482.38656  144   21 2598.11883 2115.56102  18.6%   4.8  440s
 122877 79334 2590.19320   52    6 2598.11883 2115.73866  18.6%   4.8  453s
 122972 79871     cutoff   53      2598.11883 2115.84904  18.6%   4.8  459s
 123793 79975 2352.60503   61   12 2598.11883 2115.99157  18.6%   4.8  460s
 123934 80761 2199.12928  181   17 2598.11883 2116.05249  18.6%   4.8  466s
 125071 81326     cutoff  213      2598.11883 2116.38414  18.5%   4.8  473s
 125964 82354 2410.26289  101    - 2598.11883 2116.71091  18.5%   4.9  480s
 127227 83457     cutoff  113      2598.11883 2117.00581  18.5%   4.8  487s
 128488 84560 2483.83831  148   11 2598.11883 2117.31719  18.5%   4.8  495s
 129833 85586 2533.00896  146    9 2598.11883 2117.41988  18.5%   4.8  501s
 131101 85994 infeasible  149      2598.11883 2117.76709  18.5%   4.8  510s
 131795 86585     cutoff  108      2598.11883 2117.97430  18.5%   4.8  517s
 132633 87266 2467.33176  108    6 2598.11883 2118.00790  18.5%   4.8  525s
 133619 87906 2449.33630   66    - 2598.11883 2118.30008  18.5%   4.9  534s
 134579 88440 2226.60445   45    6 2598.11883 2118.51225  18.5%   4.9  541s
 135425 89544 2246.49197   43    6 2598.11883 2118.77714  18.4%   4.9  551s
 136741 89771 infeasible  122      2598.11883 2118.99326  18.4%   4.9  561s
 136928 90719 2230.90059   37   28 2598.11883 2119.09439  18.4%   4.9  569s
 138212 91679 2439.26838  125   11 2598.11883 2119.34764  18.4%   4.9  578s
 139472 92644     cutoff  143      2598.11883 2119.80414  18.4%   4.9  586s
 140675 93415     cutoff  121      2598.11883 2120.15393  18.4%   4.9  594s
 141768 93736 2240.18836  151   26 2598.11883 2120.40978  18.4%   4.9  605s
 142431 94399 2430.22171   51    6 2598.11883 2120.58807  18.4%   4.9  615s
 143463 95245     cutoff   71      2598.11883 2120.82327  18.4%   4.9  623s
 144564 95912 2168.95793   75   27 2598.11883 2120.95965  18.4%   4.9  632s
 145502 96668 2189.63103   42   50 2598.11883 2121.27902  18.4%   4.9  641s
 146621 97501 2582.47851   64    6 2598.11883 2121.39224  18.3%   4.9  650s
 147754 98004 2250.51606  153   17 2598.11883 2121.60405  18.3%   4.9  661s
 148753 98810     cutoff  160      2598.11883 2121.63327  18.3%   4.9  674s
 149815 99470 2451.69957  154   20 2598.11883 2121.66107  18.3%   4.9  686s
 150873 100418 2391.14875   48   11 2598.11883 2122.03528  18.3%   4.9  696s
 152092 101135     cutoff   86      2598.11883 2122.29358  18.3%   4.9  708s
 153194 101735 2362.37510  101    8 2598.11883 2122.51473  18.3%   4.9  719s
 154094 102439 2538.58123  118    - 2598.11883 2122.71931  18.3%   4.9  728s
 155047 103372     cutoff  118      2598.11883 2122.94405  18.3%   4.9  739s
 156346 104248 2246.39339  166    6 2598.11883 2123.30478  18.3%   4.9  752s
 157546 104963 2461.39603  181    6 2598.11883 2123.43859  18.3%   4.9  763s
 158684 105899 2282.24134   83    6 2598.11883 2123.69210  18.3%   4.9  774s
 159333 105967     cutoff  218      2598.11883 2123.69210  18.3%   4.9  775s
 159865 106734     cutoff  120      2598.11883 2123.83862  18.3%   4.9  784s
 160981 107720 infeasible  146      2598.11883 2124.17733  18.2%   4.9  795s
 162239 108741 2395.17687  177    9 2598.11883 2124.36175  18.2%   4.9  805s
 163579 109449     cutoff  179      2598.11883 2124.60053  18.2%   4.9  818s
 164653 110528 2191.02901  136   18 2598.11883 2124.91387  18.2%   4.9  827s
 165974 111456 2411.46975  194    - 2598.11883 2125.25497  18.2%   4.9  838s
 167201 112306 2218.76776   44    8 2598.11883 2125.44896  18.2%   4.9  850s
 168344 112779 infeasible  128      2598.11883 2125.78049  18.2%   4.9  863s
 169151 113583 2558.89581  109    - 2598.11883 2125.99267  18.2%   4.9  877s
 170235 114585 2247.64386  116   16 2598.11883 2126.13319  18.2%   4.9  889s
 170865 114628 2228.11551  178   35 2598.11883 2126.27578  18.2%   4.9  890s
 171470 115287     cutoff  153      2598.11883 2126.40521  18.2%   4.9  903s
 172544 115854 2246.68159   49    6 2598.11883 2126.59152  18.1%   4.9  918s
 173444 116489 2167.89902   52   17 2598.11883 2126.83006  18.1%   4.9  931s
 174401 117104 infeasible  116      2598.11883 2126.90199  18.1%   4.9  943s
 175429 117658     cutoff  114      2598.11883 2127.10620  18.1%   5.0  954s
 176327 118297 2486.35105   76    6 2598.11883 2127.24402  18.1%   5.0  966s
 177443 119095 2448.53824   94    - 2598.11883 2127.48059  18.1%   5.0  980s
 178541 119218 infeasible   94      2598.11883 2127.49476  18.1%   5.0  999s
 178608 120025 2259.16254   57    8 2598.11883 2127.61270  18.1%   5.0 1011s
 179949 120672 2305.62360  103   29 2598.11883 2127.89252  18.1%   5.0 1025s
 180934 121488 2469.69940   61    6 2598.11883 2128.07705  18.1%   5.0 1036s
 182006 122368 2186.06168   82   18 2598.11883 2128.26072  18.1%   5.0 1051s
 183277 122975 2417.72172  112   13 2598.11883 2128.45931  18.1%   5.0 1064s
 184365 124095 2355.44259  198   22 2598.11883 2128.68687  18.1%   5.0 1077s
 185696 125023     cutoff  165      2598.11883 2128.89583  18.1%   5.0 1088s
 186983 126201     cutoff  162      2598.11883 2129.17708  18.0%   5.0 1100s
 188433 127103 2379.46217  130    - 2598.11883 2129.45499  18.0%   5.0 1115s
 189607 128408 2197.02763   48    6 2598.11883 2129.70473  18.0%   5.0 1125s
 191096 129337 infeasible  144      2598.11883 2129.88761  18.0%   4.9 1137s
 192382 130407 2505.47022  146   18 2598.11883 2130.08471  18.0%   4.9 1152s
 193712 131109     cutoff  141      2598.11883 2130.25557  18.0%   4.9 1164s
 194604 131721 2468.79018  121    - 2598.11883 2130.43540  18.0%   4.9 1177s
 195629 132470 2486.91280   85    - 2598.11883 2130.44482  18.0%   4.9 1193s
 196700 133371     cutoff   85      2598.11883 2130.44482  18.0%   4.9 1204s
 197893 134281 2517.49236  138    - 2598.11883 2130.79860  18.0%   4.9 1216s
 199081 135099 2186.00331   38    9 2598.11883 2131.00022  18.0%   4.9 1232s
 200170 135907 2433.29086  115    8 2598.11883 2131.19751  18.0%   4.9 1246s
 201267 136811 2266.49631   65    6 2598.11883 2131.40299  18.0%   4.9 1259s
 202443 137653 2332.12090  116   22 2598.11883 2131.54308  18.0%   4.9 1270s
 203550 138511     cutoff  115      2598.11883 2131.74216  18.0%   4.9 1285s
 204694 139295     cutoff  154      2598.11883 2132.00804  17.9%   4.9 1298s
 205785 140327 2420.28315   95   42 2598.11883 2132.22447  17.9%   4.9 1311s
 207085 141519 2354.67195  123   10 2598.11883 2132.50073  17.9%   4.9 1325s
 208457 142436     cutoff  161      2598.11883 2132.68585  17.9%   4.9 1339s
 209639 143347 infeasible  163      2598.11883 2132.85421  17.9%   4.9 1354s
 210850 144248 infeasible  136      2598.11883 2133.19795  17.9%   4.9 1366s
 211895 145107 infeasible  142      2598.11883 2133.35390  17.9%   4.9 1379s
 213076 146001     cutoff  135      2598.11883 2133.48877  17.9%   4.9 1397s
 214183 146987 2274.89104   80    8 2598.11883 2133.59856  17.9%   4.9 1410s
 215362 147919 2513.43451  118   18 2598.11883 2133.72389  17.9%   4.9 1424s
 216576 148983 2235.01708   51    6 2598.11883 2133.89293  17.9%   4.9 1441s
 217806 149911 2258.71710   47    6 2598.11883 2134.00209  17.9%   4.9 1454s
 219020 150728 2435.43324  149    9 2598.11883 2134.21721  17.9%   4.9 1470s
 220163 151689     cutoff  150      2598.11883 2134.34479  17.9%   4.9 1486s
 221373 152756 2338.31677  158   12 2598.11883 2134.56640  17.8%   4.9 1501s
 222683 153657     cutoff  165      2598.11883 2134.71967  17.8%   4.9 1517s
 223860 154295 2305.85547  127   18 2598.11883 2134.90287  17.8%   4.9 1534s
 224022 154303 2403.42573   44    8 2598.11883 2134.94004  17.8%   4.9 1535s
 224719 155086     cutoff  146      2598.11883 2134.96737  17.8%   4.9 1547s
 225779 156032     cutoff  144      2598.11883 2135.11531  17.8%   4.9 1561s
 227013 157053 2488.43559  158    6 2598.11883 2135.30148  17.8%   4.9 1575s
 228274 157824     cutoff  170      2598.11883 2135.45894  17.8%   4.9 1591s
 229392 158632 2147.02665  111   14 2598.11883 2135.60583  17.8%   4.9 1615s
 230416 159332 2245.22909  158    - 2598.11883 2135.64473  17.8%   4.9 1630s
 231446 159992 2367.76893  158   13 2598.11883 2135.81533  17.8%   4.9 1647s
 232463 160964 2394.97238  161   13 2598.11883 2136.08806  17.8%   4.9 1660s
 233746 161794 infeasible  122      2598.11883 2136.14344  17.8%   4.9 1672s
 234831 162691 2262.71658  155   20 2598.11883 2136.35723  17.8%   4.9 1687s
 236063 163429     cutoff  157      2598.11883 2136.51257  17.8%   4.9 1704s
 236280 163475 infeasible  104      2598.11883 2136.53808  17.8%   4.9 1705s
 237137 164284 2314.86458   43    6 2598.11883 2136.66134  17.8%   4.9 1721s
 238205 165134     cutoff  104      2598.11883 2136.80967  17.8%   4.9 1736s
 239332 166027 infeasible  126      2598.11883 2137.11501  17.7%   4.9 1757s
 240549 167164 2307.28814  119   29 2598.11883 2137.27828  17.7%   4.9 1773s
 241895 167790     cutoff  183      2598.11883 2137.40868  17.7%   4.9 1789s
 242772 168299     cutoff  137      2598.11883 2137.57549  17.7%   4.9 1811s
 243674 169165     cutoff  137      2598.11883 2137.67648  17.7%   4.9 1826s
 244825 169873 2331.44884  141    6 2598.11883 2137.76119  17.7%   4.9 1846s
 245866 170832 2170.87174   43    - 2598.11883 2137.90746  17.7%   4.9 1866s
 247146 171778     cutoff  154      2598.11883 2138.06492  17.7%   4.9 1882s
 248298 172660     cutoff  152      2598.11883 2138.20358  17.7%   4.9 1898s
 249492 173628 2582.17143  125    8 2598.11883 2138.33200  17.7%   4.9 1915s
 250687 174281 2241.44499   48    6 2598.11883 2138.53723  17.7%   4.9 1935s
 251698 175083 2560.20581  108   12 2598.11883 2138.64762  17.7%   4.9 1951s
 252699 175769     cutoff  131      2598.11883 2138.69117  17.7%   4.9 1970s
 253795 176722 2322.21721   53   22 2598.11883 2138.87713  17.7%   4.9 1988s
 254996 177557 2394.74792  102   21 2598.11883 2139.03132  17.7%   4.9 2008s
 256124 178373 infeasible  119      2598.11883 2139.17304  17.7%   4.9 2027s
 257262 178552 2161.29082  133   20 2598.11883 2139.29382  17.7%   4.9 2055s
 257403 179425 2168.40492  162   12 2598.11883 2139.30243  17.7%   4.9 2070s
 258608 180436     cutoff  179      2598.11883 2139.44644  17.7%   4.9 2089s
 259949 181335 2484.78583  132   10 2598.11883 2139.62268  17.6%   4.9 2107s
 261198 182344 2363.48119   78    6 2598.11883 2139.78648  17.6%   4.9 2121s
 262352 183475 2242.98743   43   14 2598.11883 2139.95649  17.6%   4.9 2138s
 263773 184441 2357.58533  144   27 2598.11883 2140.13726  17.6%   4.9 2158s
 265080 185638     cutoff  156      2598.11883 2140.16332  17.6%   4.9 2175s
 266458 186595 2576.95169  153   11 2598.11883 2140.28646  17.6%   4.9 2193s
 267729 187350 2354.72599   51   13 2598.11883 2140.58556  17.6%   4.9 2214s
 268784 188130 infeasible   76      2598.11883 2140.66195  17.6%   4.9 2232s
 269866 188858 2527.36116  105   19 2598.11883 2140.84331  17.6%   4.9 2249s
 270934 189437 2558.43553  108   30 2598.11883 2140.84331  17.6%   4.9 2264s
 271737 190082     cutoff  114      2598.11883 2140.94248  17.6%   4.9 2285s
 272802 191019 2458.87298  141    6 2598.11883 2141.13893  17.6%   4.9 2302s
 273916 192094 2248.99076   43    6 2598.11883 2141.39040  17.6%   4.9 2321s
 275268 192740 2241.63540  116   17 2598.11883 2141.53371  17.6%   4.9 2346s
 276320 193676     cutoff  145      2598.11883 2141.72995  17.6%   4.9 2365s
 277625 194542 2398.58221   84    6 2598.11883 2141.87649  17.6%   4.9 2384s
 278880 195261 infeasible  138      2598.11883 2141.90825  17.6%   4.9 2408s
 279978 196071 2572.40682  147   17 2598.11883 2141.93186  17.6%   4.9 2426s
 281165 197035 2422.87932   56   10 2598.11883 2142.07334  17.6%   4.9 2447s
 282442 198059 2216.74267   55   24 2598.11883 2142.23828  17.5%   4.9 2468s
 283716 199055     cutoff  143      2598.11883 2142.37651  17.5%   4.9 2487s
 285028 199955 infeasible  142      2598.11883 2142.62266  17.5%   4.9 2504s
 286129 200606     cutoff  149      2598.11883 2142.65556  17.5%   4.9 2529s
 287164 201475     cutoff  126      2598.11883 2142.82712  17.5%   4.9 2548s
 288368 202571 2227.66279   38    - 2598.11883 2142.88782  17.5%   4.9 2565s
 289703 203013 2231.94033   54    9 2598.11883 2143.05429  17.5%   4.9 2590s
 290581 203771     cutoff  109      2598.11883 2143.14393  17.5%   4.9 2609s
 291636 204543     cutoff  136      2598.11883 2143.31052  17.5%   4.9 2629s
 292804 205320     cutoff  128      2598.11883 2143.36751  17.5%   4.9 2650s
 293988 206218     cutoff  131      2598.11883 2143.44849  17.5%   4.9 2672s
 295161 207196 2362.66536   74    6 2598.11883 2143.69470  17.5%   4.9 2691s
 296437 208147 2315.64301  151   20 2598.11883 2143.86857  17.5%   4.9 2711s
 297674 208823 2555.10524  153   18 2598.11883 2143.96024  17.5%   4.9 2739s
 298721 209656 2317.08478   70    - 2598.11883 2144.02412  17.5%   4.9 2765s
 299895 210445     cutoff   95      2598.11883 2144.02412  17.5%   4.9 2788s
 301046 210537 2400.59338   86   32 2598.11883 2144.02412  17.5%   4.9 3868s
 301048 210538 2268.39376   44   14 2598.11883 2144.02412  17.5%   4.9 3880s
 301049 210539 2316.10039  106   57 2598.11883 2144.02412  17.5%   4.9 3899s
 301050 210540 2388.43655   63   59 2598.11883 2144.02412  17.5%   4.9 3900s
 301052 210541 2297.99959   39   55 2598.11883 2144.02412  17.5%   4.9 3910s
 301053 210542 2398.23406  104   66 2598.11883 2144.02412  17.5%   4.9 3923s
 301054 210542 2237.79078  131   47 2598.11883 2144.02412  17.5%   4.9 3931s
 301055 210543 2578.10729   83   65 2598.11883 2144.02412  17.5%   4.9 4031s
 301056 210544 2196.95565  112   65 2598.11883 2144.02412  17.5%   4.9 4044s
 301057 210544 2363.04241  146   67 2598.11883 2144.02412  17.5%   4.9 4053s
 301058 210545 2307.39066  132   69 2598.11883 2144.02412  17.5%   4.9 4084s
 301059 210546 2221.03540   53   69 2598.11883 2144.02412  17.5%   4.9 4097s
 301060 210546 2228.54715   69   69 2598.11883 2144.02412  17.5%   4.9 4574s
 301061 210550 2144.02412   37   63 2598.11883 2144.02412  17.5%   4.9 4602s
 301063 210553 2144.02412   38   59 2598.11883 2144.02412  17.5%   4.9 4622s
 301067 210560 2144.02412   39   59 2598.11883 2144.02412  17.5%   4.9 4637s
 301075 210569 2144.02412   40   52 2598.11883 2144.02412  17.5%   4.9 4642s
 301087 210577 2144.02412   41   41 2598.11883 2144.02412  17.5%   4.9 4645s
 301111 210593 2144.02412   42   22 2598.11883 2144.02412  17.5%   4.9 4652s
 301123 210604 2144.02412   42   44 2598.11883 2144.02412  17.5%   4.9 4655s
 301169 210633 2144.02412   44   18 2598.11883 2144.02412  17.5%   4.9 4660s
 301198 210648 2144.02412   45   18 2598.11883 2144.02412  17.5%   4.9 4666s
 301226 210666 2144.02412   47   15 2598.11883 2144.02412  17.5%   4.9 4671s
 301242 210676 2144.02412   48   10 2598.11883 2144.02412  17.5%   4.9 4675s
 301277 210692 2144.02412   50   14 2598.11883 2144.02412  17.5%   4.9 4683s
 301294 210700 2144.02412   50   17 2598.11883 2144.02412  17.5%   4.9 4686s
 301332 210726 2177.62457   51   13 2598.11883 2144.02412  17.5%   4.9 4693s
 301361 210734 2144.02412   52   24 2598.11883 2144.02412  17.5%   4.9 4696s
 301383 210744 2144.02412   53   22 2598.11883 2144.02412  17.5%   4.9 4700s
 301436 210771 2144.02412   55   26 2598.11883 2144.02412  17.5%   4.9 4707s
 301460 210783 2144.02412   56   26 2598.11883 2144.02412  17.5%   4.9 4712s
 301484 210802 2144.02412   57   25 2598.11883 2144.02412  17.5%   4.9 4715s
 301518 210818 2144.02412   58   25 2598.11883 2144.02412  17.5%   4.9 4721s
 301550 210828 2252.27433   59    8 2598.11883 2144.02412  17.5%   4.9 4725s
 301579 210845 2144.02412   60   21 2598.11883 2144.02412  17.5%   4.9 4730s
 301640 210874 2201.68101   63   14 2598.11883 2144.02412  17.5%   4.9 4738s
 301674 210890 2144.02412   64   20 2598.11883 2144.02412  17.5%   4.9 4742s
 301710 210911 2251.48396   65   17 2598.11883 2144.02412  17.5%   4.9 4747s
 301751 210920 2346.04955   66   15 2598.11883 2144.02412  17.5%   4.9 4751s
 301790 210929 2279.11366   68   14 2598.11883 2144.02412  17.5%   4.9 4756s
 301831 210944 2304.75966   70    6 2598.11883 2144.02412  17.5%   4.9 4760s
 301872 210953 2144.02412   72   30 2598.11883 2144.02412  17.5%   4.9 4765s
 301968 210979 2144.02412   76   17 2598.11883 2144.02412  17.5%   4.9 4774s
 302031 210994 2144.02412   78   17 2598.11883 2144.02412  17.5%   4.9 4778s
 302090 211008 2306.81576   79    9 2598.11883 2144.02412  17.5%   4.9 4782s
 302157 211025 2152.56781   82   23 2598.11883 2144.02412  17.5%   4.9 4787s
 302224 211037 2362.84128   84    9 2598.11883 2144.02412  17.5%   4.9 4793s
 302302 211057 2562.69308   86    6 2598.11883 2144.02412  17.5%   4.9 4800s
 302380 211077 2160.27141   89   29 2598.11883 2144.02412  17.5%   4.9 4808s
 302465 211099 2162.41274   93   14 2598.11883 2144.02412  17.5%   4.9 4814s
 302540 211126 2165.51495   96   31 2598.11883 2144.02412  17.5%   4.9 4819s
 302635 211161 2580.97343   98    - 2598.11883 2144.02412  17.5%   4.9 4825s
 302753 211204 2294.70507  102   10 2598.11883 2144.02412  17.5%   4.9 4831s
 302880 211245 2175.79605  107   25 2598.11883 2144.02412  17.5%   4.9 4839s
 303015 211261 2585.48154  110    4 2598.11883 2144.02412  17.5%   4.9 4848s
 303129 211302 2179.50335  116   23 2598.11883 2144.02412  17.5%   4.9 4858s
 303275 211317 2189.03678  122   24 2598.11883 2144.02412  17.5%   4.9 4866s
 303416 211362     cutoff  128      2598.11883 2144.02412  17.5%   4.9 4872s
 303590 211375     cutoff  135      2598.11883 2144.02412  17.5%   4.9 4878s
 303739 211432 2218.78586  144   26 2598.11883 2144.02412  17.5%   4.9 4886s
 303939 211430 2229.25427  152   14 2598.11883 2144.02412  17.5%   4.9 4893s
 304058 211424 2463.31283  158    - 2598.11883 2144.02412  17.5%   4.9 4904s
 304120 211431 2278.59222  164   21 2598.11883 2144.02412  17.5%   4.9 4919s
 304174 211542 2569.06419  169    - 2598.11883 2144.02412  17.5%   4.9 4927s
 304402 211633 2144.02412   51   10 2598.11883 2144.02412  17.5%   4.9 4937s
 304639 211736 2144.02412   64   21 2598.11883 2144.02412  17.5%   4.9 4946s
 304906 211821 2151.04507   89   27 2598.11883 2144.02412  17.5%   4.9 4955s
 305165 211889 2185.15657  106   20 2598.11883 2144.02412  17.5%   4.9 4966s
 305431 211955 2254.02870  133   37 2598.11883 2144.02412  17.5%   4.9 4976s
 305720 211996 2273.20239  154   27 2598.11883 2144.02412  17.5%   4.9 4984s
 306031 212070 infeasible  167      2598.11883 2144.02412  17.5%   4.9 4993s
 306366 212190 2190.55294   68   33 2598.11883 2144.02412  17.5%   4.9 5004s
 306747 212257 2408.37124  103   25 2598.11883 2144.02412  17.5%   4.9 5020s
 307101 212339 2189.71302   49   14 2598.11883 2144.02412  17.5%   4.9 5035s
 307457 212393 2429.54481   61    - 2598.11883 2144.02412  17.5%   4.9 5049s
 307802 212463 2241.26722   51    - 2598.11883 2144.02412  17.5%   4.9 5064s
 308218 212565     cutoff   60      2598.11883 2144.02412  17.5%   4.9 5077s
 308641 212811 2383.36906   61    6 2598.11883 2144.02412  17.5%   4.9 5089s
 309191 212897 2402.96148   97   28 2598.11883 2144.02412  17.5%   4.9 5103s
 309633 212846 infeasible  109      2598.11883 2144.02412  17.5%   4.9 5117s
 309781 213005 2330.57238   57   10 2598.11883 2144.02412  17.5%   4.9 5138s
 310230 213153 2341.56780   72   18 2598.11883 2144.02412  17.5%   4.9 5156s
 310707 213229 2321.65964   89   17 2598.11883 2144.02412  17.5%   4.9 5176s
 311104 213478 2351.58934  104   22 2598.11883 2144.02412  17.5%   4.9 5195s
 311687 213774     cutoff  124      2598.11883 2144.02412  17.5%   4.9 5210s
 312317 214140     cutoff  127      2598.11883 2144.02412  17.5%   4.9 5224s
 313085 214587 2202.50089  129   45 2598.11883 2144.02412  17.5%   4.9 5239s
 313931 214966 2250.17034  181   32 2598.11883 2144.02412  17.5%   4.9 5255s
 314769 214724 2456.59192  225   19 2598.11883 2144.02412  17.5%   4.9 5274s
 314811 215213 2144.02412   54    9 2598.11883 2144.02412  17.5%   4.9 5296s
 315607 215492 2319.12964   72   18 2598.11883 2144.02412  17.5%   4.9 5313s
 316343 216074 2462.12135   75    6 2598.11883 2144.02412  17.5%   4.9 5329s
 317328 216466     cutoff  106      2598.11883 2144.02412  17.5%   4.9 5353s
 318252 216915 2453.24613   73    8 2598.11883 2144.02412  17.5%   4.9 5377s
 319203 217423 2301.29143   90   14 2598.11883 2144.02412  17.5%   4.9 5399s
 320202 217966 infeasible  135      2598.11883 2144.02412  17.5%   4.9 5420s
 321241 218559 2293.35233   54    6 2598.11883 2144.02412  17.5%   4.9 5440s
 322347 218831     cutoff  155      2598.11883 2144.02412  17.5%   4.9 5462s
 323251 219721 2561.65591   94    - 2598.11883 2144.02412  17.5%   4.9 5483s
 324513 220336 2300.46835  174   19 2598.11883 2144.02412  17.5%   4.9 5503s
 325678 221144 2518.01803  195    6 2598.11883 2144.02412  17.5%   4.9 5522s
 327050 221963     cutoff  196      2598.11883 2144.02412  17.5%   4.9 5543s
 328463 222606 2283.42634  173   10 2598.11883 2144.02412  17.5%   4.9 5574s
 329794 222694     cutoff  174      2598.11883 2144.02412  17.5%   4.9 5597s
 330579 223522 2569.09929   96   13 2598.11883 2144.02412  17.5%   4.9 5620s
 331881 224306 2198.16886  112   22 2598.11883 2144.02412  17.5%   4.9 5644s
 333323 224438 infeasible  235      2598.11883 2144.02412  17.5%   4.9 5682s
 334350 225296 2182.22374   53   12 2598.11883 2144.02412  17.5%   4.9 5707s
 335708 225775 2319.93689  161   13 2598.11883 2144.02412  17.5%   4.9 5729s
 336833 226279 infeasible  164      2598.11883 2144.02412  17.5%   4.9 5759s
 338059 226743 2297.41529   77   25 2598.11883 2144.02412  17.5%   4.9 5788s
 339228 226851 2355.98375  103   29 2598.11883 2144.02412  17.5%   4.9 5827s
 339956 227328     cutoff  125      2598.11883 2144.02412  17.5%   4.9 5864s
 340974 228120 2575.58990   89   36 2598.11883 2144.02412  17.5%   4.9 5895s
 342274 228619 2328.15883  142   13 2598.11883 2144.02412  17.5%   4.9 5923s
 343526 228517 2372.64758  146   27 2598.11883 2144.02412  17.5%   4.9 5947s
 343960 229420     cutoff   92      2598.11883 2144.02412  17.5%   4.9 5976s
 345314 230220 2236.80107  145   37 2598.11883 2144.02412  17.5%   4.9 6000s
 346760 230877 2209.67840  148    8 2598.11883 2144.02412  17.5%   4.9 6025s
 348142 231312     cutoff  218      2598.11883 2144.02412  17.5%   4.9 6057s
 349301 232371 2167.04208  115   19 2598.11883 2144.02412  17.5%   4.9 6081s
 350847 232659 2490.76416  205    6 2598.11883 2144.02412  17.5%   4.9 6109s
 352017 233333     cutoff  206      2598.11883 2144.02412  17.5%   4.9 6140s
 353292 233926 2365.91858  194   26 2598.11883 2144.02412  17.5%   4.9 6164s
 354554 234708 2569.26552  199    6 2598.11883 2144.02412  17.5%   4.9 6186s
 355959 235219 2368.84862  191   28 2598.11883 2144.02412  17.5%   4.9 6212s
 357235 235410     cutoff  202      2598.11883 2144.02412  17.5%   4.9 6243s
 358057 235453 2308.87451   87   35 2598.11883 2144.02412  17.5%   4.9 6277s
 358903 236296 2549.61216  105    8 2598.11883 2144.02412  17.5%   4.9 6303s
 360165 236755 2327.57346  165   28 2598.11883 2144.02412  17.5%   4.9 6326s
 361365 237279     cutoff  203      2598.11883 2144.02412  17.5%   4.9 6348s
 362596 238134 2228.69680  150   14 2598.11883 2144.02412  17.5%   4.9 6374s
 364011 238750 2256.14338  113   18 2598.11883 2144.02412  17.5%   4.9 6397s
 365326 239206 2560.21303  152   18 2598.11883 2144.02412  17.5%   4.9 6424s
 366410 239968 2146.79524   55   30 2598.11883 2144.02412  17.5%   4.8 6451s
 367717 240340 2249.55715  149   23 2598.11883 2144.02412  17.5%   4.8 6478s
 368859 241304 2387.47704  167   16 2598.11883 2144.02412  17.5%   4.8 6500s
 370293 242073 infeasible  168      2598.11883 2144.02412  17.5%   4.8 6522s
 371688 241960 2312.09034  159   24 2598.11883 2144.02412  17.5%   4.8 6549s
 372219 242517     cutoff  175      2598.11883 2144.02412  17.5%   4.8 6576s
 373292 242581 2412.67499   61   27 2598.11883 2144.02412  17.5%   4.8 6612s
 374110 243231 2520.29913   70    6 2598.11883 2144.02412  17.5%   4.8 6642s
 375249 243573 2176.75004   89   30 2598.11883 2144.02412  17.5%   4.8 6667s
 376324 244290 2498.41173  201    6 2598.11883 2144.02412  17.5%   4.8 6693s
 377635 244806     cutoff  202      2598.11883 2144.02412  17.5%   4.8 6719s
 377827 244765     cutoff  186      2598.11883 2144.02412  17.5%   4.8 6720s
 378818 245455 2406.10346  129    6 2598.11883 2144.02412  17.5%   4.8 6752s
 380113 246051 2305.69564  149    6 2598.11883 2144.02412  17.5%   4.8 6776s
 381400 246428     cutoff  161      2598.11883 2144.02412  17.5%   4.8 6802s
 382480 247101 2293.94690  136   27 2598.11883 2144.02412  17.5%   4.8 6829s
 383756 247753     cutoff  193      2598.11883 2144.02412  17.5%   4.8 6854s
 385066 247742     cutoff  175      2598.11883 2144.02412  17.5%   4.8 6897s
 385825 247946 2416.35069   68   18 2598.11883 2144.02412  17.5%   4.8 6935s
 386645 248396     cutoff   95      2598.11883 2144.02412  17.5%   4.9 6970s
 387691 248673 2396.78484  127   22 2598.11883 2144.02412  17.5%   4.9 7008s
 388673 249108 2264.84425  149   13 2598.11883 2144.02412  17.5%   4.9 7041s
 389702 249462 2186.39915   75   15 2598.11883 2144.02412  17.5%   4.9 7077s
 390826 249942 2469.61941   56    9 2598.11883 2144.02412  17.5%   4.9 7117s
 391990 249793 2561.30902   66   13 2598.11883 2144.02412  17.5%   4.9 7144s
 392213 250933     cutoff   79      2598.11883 2144.02412  17.5%   4.9 7171s
 393748 251653 2470.91029  153   33 2598.11883 2144.02412  17.5%   4.9 7199s

Cutting planes:
  Gomory: 4
  Flow cover: 1
  Zero half: 7
  Mod-K: 1
  Lazy constraints: 6444

Explored 395215 nodes (1920133 simplex iterations) in 7201.25 seconds
Thread count was 12 (of 12 available processors)

Solution count 2: 2598.12 2601.2 

Time limit reached
Best objective 2.598118826942e+03, best bound 2.144024119779e+03, gap 17.4778%

User-callback calls 2312458, time in user-callback 6.34 sec
/projects/academic/josewalt/caigao/RRARP_BD/BendersDecomp/ret/model_outs/n_26_m_4_algo_2.out
 =====>>>>> Solution is written to file in <../ret/model_outs> !!!
===>> All Done!
