NPROCS=0
This instance is clustered!
Gurobi Optimizer version 9.0.0 build v9.0.0rc2 (linux64)
Optimize a model with 30 rows, 226 columns and 450 nonzeros
Model fingerprint: 0x43f1c992
Variable types: 1 continuous, 225 integer (225 binary)
Coefficient statistics:
  Matrix range     [1e+00, 1e+00]
  Objective range  [1e+00, 2e+02]
  Bounds range     [1e+00, 1e+00]
  RHS range        [1e+00, 1e+00]
Presolve removed 2 rows and 42 columns
Presolve time: 0.00s
Presolved: 28 rows, 184 columns, 366 nonzeros
Variable types: 1 continuous, 183 integer (183 binary)

Root relaxation: objective 3.391651e+02, 27 iterations, 0.00 seconds

    Nodes    |    Current Node    |     Objective Bounds      |     Work
 Expl Unexpl |  Obj  Depth IntInf | Incumbent    BestBd   Gap | It/Node Time

     0     0  379.58980    0   22          -  379.58980      -     -    0s
H    0     0                     905.8244163  379.58980  58.1%     -    0s
     0     0  422.82026    0    6  905.82442  422.82026  53.3%     -    0s
H    0     0                     521.1238862  422.82026  18.9%     -    0s
     0     0  422.96792    0   12  521.12389  422.96792  18.8%     -    0s
     0     0  423.06631    0   12  521.12389  423.06631  18.8%     -    0s
     0     0  423.98764    0   24  521.12389  423.98764  18.6%     -    0s
     0     0  426.13719    0   12  521.12389  426.13719  18.2%     -    0s
     0     0  426.15526    0   24  521.12389  426.15526  18.2%     -    0s
     0     0  426.15526    0   24  521.12389  426.15526  18.2%     -    0s
     0     2  426.15526    0   24  521.12389  426.15526  18.2%     -    0s

Cutting planes:
  Gomory: 1
  MIR: 1
  Zero half: 1
  RLT: 1
  Lazy constraints: 2126

Explored 8821 nodes (33898 simplex iterations) in 3.28 seconds
Thread count was 12 (of 12 available processors)

Solution count 2: 521.124 905.824 

Optimal solution found (tolerance 1.00e-04)
Best objective 5.211238861923e+02, best bound 5.211238861923e+02, gap 0.0000%

User-callback calls 20808, time in user-callback 0.14 sec
/projects/academic/josewalt/caigao/RRARP_BD/BendersDecomp/ret/model_outs/n_13_m_10_algo_2.out
 =====>>>>> Solution is written to file in <../ret/model_outs> !!!
===>> All Done!
