NPROCS=0
This instance is clustered!
Gurobi Optimizer version 9.0.0 build v9.0.0rc2 (linux64)
Optimize a model with 50 rows, 626 columns and 1250 nonzeros
Model fingerprint: 0x61cc61df
Variable types: 1 continuous, 625 integer (625 binary)
Coefficient statistics:
  Matrix range     [1e+00, 1e+00]
  Objective range  [1e+00, 6e+02]
  Bounds range     [1e+00, 1e+00]
  RHS range        [1e+00, 1e+00]
Presolve removed 2 rows and 72 columns
Presolve time: 0.01s
Presolved: 48 rows, 554 columns, 1106 nonzeros
Variable types: 1 continuous, 553 integer (553 binary)

Root relaxation: objective 6.826553e+02, 32 iterations, 0.00 seconds

    Nodes    |    Current Node    |     Objective Bounds      |     Work
 Expl Unexpl |  Obj  Depth IntInf | Incumbent    BestBd   Gap | It/Node Time

     0     0  911.18593    0   14          -  911.18593      -     -    0s
     0     0 1169.16469    0   32          - 1169.16469      -     -    0s
     0     2 1261.27779    0   18          - 1261.27779      -     -    0s
H 1769  1374                    2467.1542544 1316.22881  46.6%   4.4    1s
H 1769  1305                    2145.6335074 1316.22881  38.7%   4.4    1s
H 1771  1241                    1863.8921050 1316.22881  29.4%   4.4    1s
  6029  2604 1574.41827   51   24 1863.89210 1332.22600  28.5%   4.7    5s
  9563  4552     cutoff   46      1863.89210 1377.60121  26.1%   5.0   10s
 11388  5518 1824.01236   40   24 1863.89210 1383.82085  25.8%   5.2   15s
 13651  6826     cutoff   43      1863.89210 1389.99746  25.4%   5.2   20s
 15256  7712 infeasible   52      1863.89210 1392.92538  25.3%   5.3   25s
 16878  8669 1768.91490   53    7 1863.89210 1396.08396  25.1%   5.3   30s
 18236  9509 1740.34621   70   34 1863.89210 1397.91304  25.0%   5.4   35s
 19680 10264     cutoff   63      1863.89210 1400.36437  24.9%   5.4   40s
 20052 10374 1612.35738   29   32 1863.89210 1401.09002  24.8%   5.4  267s
 20055 10376 1542.31364   24   48 1863.89210 1401.09002  24.8%   5.4  270s
 20060 10379 1534.93274   46   48 1863.89210 1401.09002  24.8%   5.4  276s
 20064 10385 1401.09002   24   93 1863.89210 1401.09002  24.8%   5.4  280s
 20114 10428 1401.09002   29   59 1863.89210 1401.09002  24.8%   5.5  285s
 20936 10749 1401.09002   34   25 1863.89210 1401.09002  24.8%   5.6  290s
 22515 11356 1490.85609   74   49 1863.89210 1401.09002  24.8%   5.7  295s
 24031 11951 1537.48687   35   12 1863.89210 1401.09002  24.8%   5.7  300s
 25390 12436     cutoff   71      1863.89210 1401.09002  24.8%   5.8  305s
 26724 12887 1508.77860   32   11 1863.89210 1401.09002  24.8%   5.9  310s
 28007 13378 1537.07361   56   55 1863.89210 1401.09002  24.8%   5.9  315s
 29423 13921 1764.84076   65   25 1863.89210 1401.09002  24.8%   5.9  320s
 30593 14313 1452.88197   44   10 1863.89210 1401.09002  24.8%   6.0  325s
 31879 14802 1493.59769   53    9 1863.89210 1401.09002  24.8%   6.0  330s
 33269 15350 1524.06793   42   15 1863.89210 1401.09002  24.8%   6.0  336s
 34081 15688 1497.09818   45   33 1863.89210 1401.09002  24.8%   6.1  341s
 35108 16072 1460.96304   43   11 1863.89210 1401.09002  24.8%   6.1  346s
 36043 16319 1455.82591   38   14 1863.89210 1401.09002  24.8%   6.1  351s
 37019 16656 1714.24020   65   11 1863.89210 1401.09002  24.8%   6.1  357s
 37538 16851 1499.07002   47   70 1863.89210 1401.09002  24.8%   6.1  360s
 38676 17198 1465.49774   34   19 1863.89210 1401.09002  24.8%   6.2  367s
 39241 17393 1468.52282   38   14 1863.89210 1401.09002  24.8%   6.2  370s
 40407 17882 1435.09891   40   16 1863.89210 1401.09002  24.8%   6.2  379s
 41044 18106 1459.59775   41   30 1863.89210 1401.09002  24.8%   6.2  382s
 41707 18267 1500.31564   43   31 1863.89210 1401.09002  24.8%   6.2  386s
 42326 18540 1508.38763   47    9 1863.89210 1401.09002  24.8%   6.2  390s
 43642 18942 1494.44766   48   11 1863.89210 1401.09002  24.8%   6.3  399s
 44210 19218 1484.99120   54   51 1863.89210 1401.09002  24.8%   6.3  403s
 44887 19513 1443.17425   37   19 1863.89210 1401.09002  24.8%   6.3  408s
 45646 19714 1481.79397   38   21 1863.89210 1401.09002  24.8%   6.3  414s
 46395 20019 1631.03326   55   16 1863.89210 1401.09002  24.8%   6.3  419s
 47195 20175 1468.54082   42    8 1863.89210 1401.09002  24.8%   6.3  424s
 47803 20495 1486.44414   39   15 1863.89210 1401.09002  24.8%   6.3  431s
 48613 20742 1516.09432   52   12 1863.89210 1401.09002  24.8%   6.3  438s
 49415 21034     cutoff   63      1863.89210 1401.09002  24.8%   6.4  445s
 50284 21274 1484.98630   42   11 1863.89210 1402.03476  24.8%   6.4  453s
 51056 21615 1502.53472   41    7 1863.89210 1402.62263  24.7%   6.4  460s
 51929 22178 1505.57042   54   28 1863.89210 1403.20699  24.7%   6.4  467s
 52819 22715 1533.67061   56    - 1863.89210 1404.07395  24.7%   6.4  475s
 53648 23326 1501.47272   37   21 1863.89210 1404.77880  24.6%   6.4  483s
 54549 23922     cutoff   60      1863.89210 1405.55045  24.6%   6.4  490s
 55424 24429 1824.69504   59   24 1863.89210 1406.20196  24.6%   6.4  499s
 56255 25024 1503.47421   45   18 1863.89210 1406.70727  24.5%   6.4  508s
 57122 25639 1498.82223   39    7 1863.89210 1406.86844  24.5%   6.4  517s
 58045 26168 1469.43483   53   13 1863.89210 1408.41052  24.4%   6.5  527s
 58851 26825 1493.27698   47   15 1863.89210 1409.13315  24.4%   6.5  537s
 59786 27504 1560.53476   43   32 1863.89210 1410.17279  24.3%   6.5  547s
 60777 27964 1426.74914   47   43 1863.89210 1410.82533  24.3%   6.5  556s
 61436 28406 1721.30455   57    9 1863.89210 1411.36018  24.3%   6.5  566s
 62246 28962 1513.22598   49   41 1863.89210 1412.48472  24.2%   6.5  577s
 63089 29569 1700.79443   59    - 1863.89210 1413.09748  24.2%   6.5  589s
 64012 30150     cutoff   77      1863.89210 1413.54598  24.2%   6.5  600s
 64947 30741 1484.84684   37   34 1863.89210 1414.31048  24.1%   6.5  611s
 65837 31269 1499.56180   40   37 1863.89210 1414.79305  24.1%   6.6  624s
 66759 31875 1708.51278   55   28 1863.89210 1415.31911  24.1%   6.6  637s
 67608 32418 1467.45431   38   10 1863.89210 1415.95181  24.0%   6.6  650s
 68542 33089 1489.80756   42   23 1863.89210 1416.35266  24.0%   6.6  666s
 69551 33576 1495.59538   42   30 1863.89210 1417.03141  24.0%   6.6  676s
 70174 34061 1473.35067   39   14 1863.89210 1417.71011  23.9%   6.6  693s
 71055 34640 1470.65433   44   11 1863.89210 1418.26829  23.9%   6.6  710s
 72045 35253 1507.39996   43   11 1863.89210 1418.95135  23.9%   6.6  726s
 73025 35878 1445.34296   57   66 1863.89210 1419.64882  23.8%   6.6  741s
 73985 36438 1575.49747   86   22 1863.89210 1420.64222  23.8%   6.6  757s
 74949 37030 1438.33629   38   58 1863.89210 1420.96430  23.8%   6.6  773s
 75816 37545 1492.94965   50   11 1863.89210 1421.41794  23.7%   6.7  792s
 76790 38211 1489.50299   40   58 1863.89210 1421.88637  23.7%   6.7  810s
 77755 38768 1468.12802   41   16 1863.89210 1422.66041  23.7%   6.7  826s
 78553 39380 1551.03273   56   11 1863.89210 1422.66041  23.7%   6.7  845s
 79555 39974 infeasible   77      1863.89210 1423.55368  23.6%   6.7  863s
 80594 40665 1484.60106   41   13 1863.89210 1424.16007  23.6%   6.7  881s
 81544 41240     cutoff   65      1863.89210 1424.55243  23.6%   6.7  901s
 82532 41790 1621.34336   41   42 1863.89210 1425.18517  23.5%   6.7  921s
 83509 42340 1655.05536   57    - 1863.89210 1425.68180  23.5%   6.7  943s
 84467 42923     cutoff   63      1863.89210 1426.69753  23.5%   6.7  967s
 85459 43548 1596.87887   52   20 1863.89210 1427.09158  23.4%   6.8  989s
 86494 44218 1478.58917   45   88 1863.89210 1427.32202  23.4%   6.8 1014s
 87501 44829 1526.76483   37   28 1863.89210 1428.10728  23.4%   6.8 1036s
 88515 45423 1606.96308   44   56 1863.89210 1428.78789  23.3%   6.8 1058s
 89517 46015 1503.79629   59    6 1863.89210 1429.18146  23.3%   6.8 1081s
 90514 46647 1507.07532   46   25 1863.89210 1429.81532  23.3%   6.8 1102s
 91578 47216 1503.98977   43   14 1863.89210 1430.39716  23.3%   6.8 1125s
 92630 47879 1547.47854   44   15 1863.89210 1430.78217  23.2%   6.8 1150s
 93638 48531 1523.34054   39   15 1863.89210 1431.28097  23.2%   6.8 1174s
 94621 49120 1481.08477   33   97 1863.89210 1431.57963  23.2%   6.8 1197s
 95623 49602 1485.14549   43   14 1863.89210 1431.93900  23.2%   6.8 1220s
 96407 50179     cutoff   73      1863.89210 1432.41264  23.1%   6.8 1246s
 97441 50725 1563.20269   53   51 1863.89210 1433.17642  23.1%   6.8 1273s
 98389 51361 1541.46249   39  105 1863.89210 1433.71387  23.1%   6.8 1298s
 99406 52033 1604.05636   47    9 1863.89210 1434.01723  23.1%   6.8 1331s
 100523 52716 1541.28531   41   10 1863.89210 1434.39126  23.0%   6.9 1360s
 101511 53356 1692.48309   77    7 1863.89210 1434.75847  23.0%   6.9 1390s
 102598 53955 1510.80932   43    7 1863.89210 1435.17044  23.0%   6.9 1419s
 103609 54667 1528.17815   40   11 1863.89210 1435.52235  23.0%   6.9 1450s
 104626 55335 1565.79168   46   55 1863.89210 1435.93162  23.0%   6.9 1483s
 105771 55941 1562.63387   41   43 1863.89210 1436.41457  22.9%   6.9 1516s
 106776 56694 1541.42634   48   49 1863.89210 1436.73819  22.9%   6.9 1549s
 107900 57277 1660.69112   62   34 1863.89210 1437.06491  22.9%   6.9 1583s
 108872 57922 1487.64229   42   42 1863.89210 1437.40909  22.9%   6.9 1614s
 109893 58520 1777.12843   53   23 1863.89210 1437.84242  22.9%   6.9 1651s
 110988 59217 1525.92235   48   26 1863.89210 1438.21421  22.8%   6.9 1686s
 112056 59843 1569.89555   55   57 1863.89210 1438.60011  22.8%   6.9 1718s
 112980 60462     cutoff   57      1863.89210 1438.84236  22.8%   6.9 1755s
 114010 61093 1491.58408   40   49 1863.89210 1439.15974  22.8%   6.9 1792s
 115069 61733 1498.43369   38   19 1863.89210 1439.46460  22.8%   6.9 1823s
 116052 62342 1547.95835   40   98 1863.89210 1439.74164  22.8%   6.9 1858s
 117110 62926 1485.05719   39   36 1863.89210 1440.03782  22.7%   6.9 1895s
 118126 63529 1550.89747   42   46 1863.89210 1440.35929  22.7%   6.9 1936s
 119177 64128 1545.72100   43   13 1863.89210 1440.62510  22.7%   6.9 1975s
 120257 64803     cutoff   66      1863.89210 1440.86905  22.7%   6.9 2016s
 121325 65397 1524.43574   57   29 1863.89210 1441.19859  22.7%   7.0 2054s
 122398 66071 1611.84873   51   21 1863.89210 1441.52603  22.7%   7.0 2095s
 123461 66763 1486.78475   42   24 1863.89210 1441.89093  22.6%   7.0 2144s
 124574 67343 infeasible   73      1863.89210 1442.22096  22.6%   7.0 2188s
 125564 67994 1467.83563   39   35 1863.89210 1442.50411  22.6%   7.0 2231s
 126689 68613     cutoff   79      1863.89210 1442.80212  22.6%   7.0 2273s
 127759 69276 1605.17293   38   64 1863.89210 1443.19230  22.6%   7.0 2315s
 128858 70008 1553.29477   50    9 1863.89210 1443.47109  22.6%   7.0 2356s
 129989 70668 1695.26291   56   38 1863.89210 1443.85100  22.5%   7.0 2402s
 131102 71360 1537.99235   41   31 1863.89210 1444.11541  22.5%   7.0 2450s
 132196 71926 1531.59269   39   30 1863.89210 1444.32475  22.5%   7.0 2495s
 133238 72672 1509.07208   47   27 1863.89210 1444.65078  22.5%   7.0 2540s
 134356 73212 1580.31348   56   23 1863.89210 1444.92198  22.5%   7.0 2580s
 135188 73847 1573.42629   47   11 1863.89210 1445.18074  22.5%   7.0 2623s
 136283 74485 1504.24758   36   80 1863.89210 1445.49299  22.4%   7.0 2670s
 137371 75094 1537.52940   35   10 1863.89210 1445.67869  22.4%   7.0 2727s
 138443 75833 1567.78610   43   22 1863.89210 1445.91389  22.4%   7.0 2774s
 139554 76385 1472.08068   35   49 1863.89210 1446.12792  22.4%   7.0 2827s
 140565 77147 1486.93657   54   21 1863.89210 1446.37707  22.4%   7.0 2875s
 141746 77763 1634.68718   67   34 1863.89210 1446.66399  22.4%   7.0 2921s
 142779 78361 1484.45324   36    8 1863.89210 1446.86914  22.4%   7.0 2971s
 143876 79033 1634.26102   38   10 1863.89210 1446.95445  22.4%   7.0 3026s
 144958 79710 1766.99548   64    - 1863.89210 1447.21647  22.4%   7.0 3080s
 146060 80349     cutoff   64      1863.89210 1447.69710  22.3%   7.0 3133s
 147187 81078 1612.36164   42    8 1863.89210 1447.98688  22.3%   7.0 3185s
 148320 81751     cutoff   66      1863.89210 1448.18568  22.3%   7.0 3239s
 149436 82342 1527.39431   46   39 1863.89210 1448.45426  22.3%   7.0 3297s
 150506 83095 1538.38258   47   14 1863.89210 1448.70835  22.3%   7.0 3360s
 151584 83710 1690.55913   63    7 1863.89210 1448.93319  22.3%   7.0 3419s
 152687 84390 1549.27977   56   11 1863.89210 1449.16291  22.3%   7.1 3478s
 153825 85076 1560.77860   49   34 1863.89210 1449.31534  22.2%   7.1 3540s
 154932 85716 1525.92863   46   83 1863.89210 1449.57461  22.2%   7.1 3597s
 156050 86392     cutoff   68      1863.89210 1449.83352  22.2%   7.1 3660s
 157193 87118 1496.88958   39   49 1863.89210 1450.07376  22.2%   7.1 3714s
 158310 87794 1499.71512   43   23 1863.89210 1450.41382  22.2%   7.1 3782s
 159401 88378     cutoff   62      1863.89210 1450.61643  22.2%   7.1 3853s
 160504 88968 1528.16479   51   27 1863.89210 1450.80644  22.2%   7.1 3919s
 161575 89670 1498.98302   36    8 1863.89210 1451.10624  22.1%   7.1 3979s
 162716 90272 1670.50931   60    7 1863.89210 1451.29423  22.1%   7.1 4034s
 163728 90925 1502.66124   38   14 1863.89210 1451.49701  22.1%   7.1 4096s
 164846 91585     cutoff   70      1863.89210 1451.68303  22.1%   7.1 4157s
 165982 92178 1499.43923   46   61 1863.89210 1451.89263  22.1%   7.1 4226s
 167089 92843 1495.28892   39   27 1863.89210 1452.15945  22.1%   7.1 4287s
 168194 93493 1599.51609   46   39 1863.89210 1452.35445  22.1%   7.1 4351s
 169316 94196 1594.79028   51   15 1863.89210 1452.61135  22.1%   7.1 4413s
 170473 94890 1519.07881   39   26 1863.89210 1452.78282  22.1%   7.1 4479s
 171647 95594 1613.44746   41   25 1863.89210 1452.99806  22.0%   7.1 4555s
 172759 96228 1557.28135   37   15 1863.89210 1453.17274  22.0%   7.1 4630s
 173828 96821 1517.64899   62   20 1863.89210 1453.28276  22.0%   7.1 4697s
 174934 97539 1562.60206   42   36 1863.89210 1453.50411  22.0%   7.1 4764s
 176036 98152 1473.04472   40   15 1863.89210 1453.75185  22.0%   7.1 4829s
 177154 98819 1598.45281   39   18 1863.89210 1453.99409  22.0%   7.1 4904s
 178275 99465 1498.78622   38   33 1863.89210 1454.17537  22.0%   7.1 4987s
 179364 100118 1540.37209   42   15 1863.89210 1454.34989  22.0%   7.1 5057s
 180492 100774 1508.07767   41   31 1863.89210 1454.53089  22.0%   7.1 5127s
 181617 101415 1586.69749   51   49 1863.89210 1454.66961  22.0%   7.1 5194s
 182628 102080 1499.02917   42   49 1863.89210 1454.89374  21.9%   7.1 5267s
 183785 102791 1593.42146   42   46 1863.89210 1455.00780  21.9%   7.1 5336s
 184929 103425 1515.62913   43   14 1863.89210 1455.21491  21.9%   7.1 5416s
 186053 104148 1533.97808   54   15 1863.89210 1455.46665  21.9%   7.1 5492s
 187186 104820 1506.37819   61    6 1863.89210 1455.65483  21.9%   7.1 5576s
 188330 105488 1498.78371   40   50 1863.89210 1455.90946  21.9%   7.1 5649s
 189471 106160 1552.49670   42   29 1863.89210 1456.13932  21.9%   7.1 5724s
 190578 106768 1666.41263   52    9 1863.89210 1456.30763  21.9%   7.1 5806s
 191679 107484 1501.39326   47   11 1863.89210 1456.51770  21.9%   7.1 5897s
 192854 108062 1515.97331   35   42 1863.89210 1456.61139  21.9%   7.1 5978s
 193934 108770 1555.08611   56    7 1863.89210 1456.94061  21.8%   7.1 6085s
 195057 109377     cutoff   61      1863.89210 1457.11437  21.8%   7.1 6161s
 196162 110048 1606.40448   57   34 1863.89210 1457.38051  21.8%   7.1 6238s
 197284 110709     cutoff   72      1863.89210 1457.56394  21.8%   7.1 6310s
 198308 111380 1607.79911   44   11 1863.89210 1457.70122  21.8%   7.1 6387s
 199444 112014     cutoff   68      1863.89210 1457.73288  21.8%   7.1 6463s
 200615 112800 1514.85123   41   11 1863.89210 1458.08840  21.8%   7.1 6563s
 201828 113383 1669.61318   61   14 1863.89210 1458.21262  21.8%   7.1 6643s
 202923 114058 1642.59090   49   49 1863.89210 1458.39699  21.8%   7.1 6723s
 204023 114762 1495.23631   35   13 1863.89210 1458.58149  21.7%   7.1 6802s
 205171 115414 1750.88198   62    8 1863.89210 1458.74656  21.7%   7.1 6886s
 206321 116095 1577.46641   50   57 1863.89210 1458.87811  21.7%   7.1 6979s
 207396 116678 1492.80498   57   13 1863.89210 1459.09884  21.7%   7.1 7072s
 208535 117365     cutoff   64      1863.89210 1459.26005  21.7%   7.1 7165s
 209668 117785 1533.84233   40   18 1863.89210 1459.44174  21.7%   7.1 7200s

Cutting planes:
  Gomory: 5
  Zero half: 3
  RLT: 3
  Lazy constraints: 46718

Explored 210104 nodes (1496047 simplex iterations) in 7201.71 seconds
Thread count was 12 (of 12 available processors)

Solution count 3: 1863.89 2145.63 2467.15 

Time limit reached
Best objective 1.863892104988e+03, best bound 1.459441737143e+03, gap 21.6992%

User-callback calls 1326944, time in user-callback 7.37 sec
/projects/academic/josewalt/caigao/RRARP_BD/BendersDecomp/ret/model_outs/n_23_h_3_algo_2.out
 =====>>>>> Solution is written to file in <../ret/model_outs> !!!
===>> All Done!
