NPROCS=0
This instance is clustered!
Gurobi Optimizer version 9.0.0 build v9.0.0rc2 (linux64)
Optimize a model with 50 rows, 626 columns and 1250 nonzeros
Model fingerprint: 0x38d0d29b
Variable types: 1 continuous, 625 integer (625 binary)
Coefficient statistics:
  Matrix range     [1e+00, 1e+00]
  Objective range  [1e+00, 5e+02]
  Bounds range     [1e+00, 1e+00]
  RHS range        [1e+00, 1e+00]
Presolve removed 2 rows and 72 columns
Presolve time: 0.01s
Presolved: 48 rows, 554 columns, 1106 nonzeros
Variable types: 1 continuous, 553 integer (553 binary)

Root relaxation: objective 9.974603e+02, 43 iterations, 0.00 seconds

    Nodes    |    Current Node    |     Objective Bounds      |     Work
 Expl Unexpl |  Obj  Depth IntInf | Incumbent    BestBd   Gap | It/Node Time

     0     0  999.75491    0    8          -  999.75491      -     -    0s
     0     0 1264.31565    0   26          - 1264.31565      -     -    0s
     0     2 1323.99058    0   53          - 1323.99058      -     -    0s
H 2072  1659                    4147.1466700 1351.12561  67.4%   6.3    0s
H 2072  1576                    2505.0372733 1351.12561  46.1%   6.3    0s
H 2075  1499                    1791.2014611 1351.12561  24.6%   6.3    0s
H 2099  1441                    1728.4582511 1365.70449  21.0%   6.4    2s
  8890  4799 1537.84714   53   29 1728.45825 1440.61539  16.7%   6.8    5s
 23679 16363     cutoff   74      1728.45825 1463.95266  15.3%   6.6   10s
 39051 27813     cutoff   67      1728.45825 1477.67490  14.5%   6.8   15s
 50296 35251     cutoff   63      1728.45825 1486.09381  14.0%   7.1   20s
 59943 41445     cutoff   70      1728.45825 1491.00680  13.7%   7.2   25s
 68389 46946     cutoff  110      1728.45825 1495.10467  13.5%   7.4   30s
H69629 47481                    1726.4523401 1495.63463  13.4%   7.4   30s
 72760 49904 1684.79416   91   47 1726.45234 1497.07366  13.3%   7.4   35s
 81820 55421 1669.26388   60   36 1726.45234 1500.67761  13.1%   7.4   40s
 89470 60589 1529.76704   37   38 1726.45234 1503.47198  12.9%   7.5   45s
 97145 65450 1703.45183   80   14 1726.45234 1506.02503  12.8%   7.6   50s
 103848 69663 1691.55208   78    9 1726.45234 1508.44982  12.6%   7.6   55s
 110470 73370 1693.07384   53    6 1726.45234 1510.94436  12.5%   7.7   60s
 115908 76549     cutoff   39      1726.45234 1512.72856  12.4%   7.7   65s
 121563 80134     cutoff   48      1726.45234 1514.28606  12.3%   7.8   70s
 127075 83732 1567.84974   48   41 1726.45234 1515.70331  12.2%   7.8   75s
 132672 86945 1687.60763   68   32 1726.45234 1517.00187  12.1%   7.9   80s
 138244 90128     cutoff   64      1726.45234 1518.79547  12.0%   7.9   85s
 142408 92587 1669.91623   46   29 1726.45234 1520.17759  11.9%   7.9   90s
 146420 94284     cutoff   33      1726.45234 1521.07035  11.9%   8.0   99s
 146444 94809 1682.71392   32   16 1726.45234 1521.17647  11.9%   8.0  100s
H149831 96826                    1726.4522618 1521.94154  11.8%   8.0  105s
 150827 96846 infeasible   70      1726.45226 1522.22488  11.8%   8.0  111s
 153038 98581 1663.39149   97   35 1726.45226 1522.65986  11.8%   8.0  115s
 157758 101429     cutoff   70      1726.45226 1523.60042  11.7%   8.0  120s
 162608 103983 1670.31372   59   34 1726.45226 1524.77141  11.7%   8.1  125s
 165054 104726 1591.92310   64   26 1726.45226 1525.21359  11.7%   8.1  311s
 165057 104728 1658.75390   68   59 1726.45226 1525.21359  11.7%   8.1  315s
 165071 104737 1660.06365   81   65 1726.45226 1525.21359  11.7%   8.1  321s
 165074 104739 1608.26434   55   68 1726.45226 1525.21359  11.7%   8.1  325s
 165077 104741 1668.69445   80   70 1726.45226 1525.21359  11.7%   8.1  330s
 165085 104756 1525.21359   28   63 1726.45226 1525.21359  11.7%   8.1  335s
 165475 104947 1607.83877   49   30 1726.45226 1525.21359  11.7%   8.1  340s
 165873 105038 1602.55263   34   24 1726.45226 1525.21359  11.7%   8.1  345s
 166869 105421 1529.60316   78   52 1726.45226 1525.21359  11.7%   8.1  350s
 168384 105749 1525.21359   56   55 1726.45226 1525.21359  11.7%   8.1  355s
 169062 106119 1643.35779  107   48 1726.45226 1525.21359  11.7%   8.1  369s
 169271 106271 1681.41373  121   39 1726.45226 1525.21359  11.7%   8.1  370s
 171625 107365 1556.39452   40   36 1726.45226 1525.21359  11.7%   8.1  375s
 174286 108441 1615.46321   56   36 1726.45226 1525.21359  11.7%   8.1  380s
 177269 109611 1719.73082   78   28 1726.45226 1525.21359  11.7%   8.1  386s
 178826 109787 1698.31692   78   26 1726.45226 1525.21359  11.7%   8.1  391s
 180393 110958 infeasible   63      1726.45226 1525.21359  11.7%   8.1  395s
 182894 111672     cutoff   75      1726.45226 1525.21359  11.7%   8.1  400s
 185570 112496 1532.95425   37   30 1726.45226 1525.21359  11.7%   8.1  405s
 188561 113764 1714.46878   70    8 1726.45226 1525.21359  11.7%   8.1  410s
 190482 114251     cutoff  117      1726.45226 1525.21359  11.7%   8.2  418s
 191469 114671 1635.33896   67   48 1726.45226 1525.21359  11.7%   8.2  420s
 193820 115601     cutoff   62      1726.45226 1525.21359  11.7%   8.2  425s
 196277 116602 1718.44604  132   19 1726.45226 1525.21359  11.7%   8.2  430s
 198822 117130 1639.91480   48   33 1726.45226 1525.21359  11.7%   8.2  435s
 201535 118051 infeasible   73      1726.45226 1525.21359  11.7%   8.2  440s
 203982 118868 infeasible   60      1726.45226 1525.21359  11.7%   8.2  445s
 207985 119971     cutoff  106      1726.45226 1525.21359  11.7%   8.2  450s
 211718 121153 1593.60650   81   48 1726.45226 1525.21359  11.7%   8.2  457s
 214028 121654 1582.16816   48   37 1726.45226 1525.21359  11.7%   8.2  461s
 217527 122676     cutoff  101      1726.45226 1525.21359  11.7%   8.3  466s
 220018 123179     cutoff  105      1726.45226 1525.21359  11.7%   8.3  470s
 222285 123532 1642.21643   56   34 1726.45226 1525.21359  11.7%   8.3  475s
 225967 124769     cutoff   88      1726.45226 1525.21359  11.7%   8.3  481s
 228195 124880 infeasible   56      1726.45226 1525.21359  11.7%   8.3  485s
 229858 125482 1617.60884   68   31 1726.45226 1525.21359  11.7%   8.3  490s
 232258 126303     cutoff   71      1726.45226 1525.21359  11.7%   8.3  495s
 235995 127271 1575.66245   79   45 1726.45226 1525.21359  11.7%   8.3  502s
 238285 128039     cutoff   82      1726.45226 1525.21359  11.7%   8.3  507s
 239629 128346     cutoff   81      1726.45226 1525.24627  11.7%   8.3  510s
 241954 128596 infeasible   71      1726.45226 1526.13859  11.6%   8.3  515s
 244413 129687 1664.10247   70    6 1726.45226 1527.10465  11.5%   8.3  522s
 247234 129775 1626.96852   55   18 1726.45226 1528.26967  11.5%   8.3  528s
 247344 130628 1660.56463   56   18 1726.45226 1528.39867  11.5%   8.3  530s
 250059 131161     cutoff   71      1726.45226 1529.50430  11.4%   8.3  535s
 253822 132225     cutoff   61      1726.45226 1530.95654  11.3%   8.4  541s
 256164 132698 1667.22510   39    8 1726.45226 1532.02638  11.3%   8.4  546s
 258577 133501 1663.87961   52   25 1726.45226 1532.72524  11.2%   8.4  550s
 260935 134187     cutoff   65      1726.45226 1533.35444  11.2%   8.4  555s
 263237 134714 1648.38842   79   28 1726.45226 1534.03371  11.1%   8.4  561s
 265670 135324 1621.02164   60   40 1726.45226 1534.77414  11.1%   8.4  565s
 267998 135867     cutoff   69      1726.45226 1535.56176  11.1%   8.4  570s
 270371 136690 1698.33926   67   18 1726.45226 1536.24918  11.0%   8.4  575s
 272940 137045 1652.39680   40   24 1726.45226 1537.21343  11.0%   8.4  580s
 275683 137694 1641.68585   37   26 1726.45226 1538.11635  10.9%   8.4  587s
 277885 138220 1686.34836   89    - 1726.45226 1538.83790  10.9%   8.4  591s
 280226 138623 1588.38059   54   41 1726.45226 1539.57610  10.8%   8.4  597s
 281210 138980 1569.55656   58   37 1726.45226 1539.71351  10.8%   8.4  600s
 283552 139487 1558.46690   56   41 1726.45226 1540.36326  10.8%   8.5  606s
 285961 140157     cutoff   70      1726.45226 1541.08626  10.7%   8.5  611s
 288077 140093     cutoff   56      1726.45226 1541.53626  10.7%   8.5  616s
 289366 140862 1588.15956   94   50 1726.45226 1541.80996  10.7%   8.5  621s
 292043 141394     cutoff   65      1726.45226 1542.43361  10.7%   8.5  627s
 293235 141502 1696.94205   59   10 1726.45226 1542.63802  10.6%   8.5  630s
 295443 142359 1712.25548   51   29 1726.45226 1543.15418  10.6%   8.5  636s
 298223 142833 infeasible   55      1726.45226 1543.85566  10.6%   8.5  641s
 300793 143433 1721.44037   80   31 1726.45226 1544.36060  10.5%   8.5  647s
 302051 143702 infeasible   83      1726.45226 1544.74543  10.5%   8.5  650s
 304643 144402     cutoff  121      1726.45226 1545.14126  10.5%   8.5  656s
 306937 144728     cutoff   53      1726.45226 1545.71332  10.5%   8.5  661s
 309026 145067 1573.04940   44   34 1726.45226 1546.15734  10.4%   8.6  667s
 310013 145617     cutoff   79      1726.45226 1546.31362  10.4%   8.6  670s
 312642 146054 1714.68744   66   21 1726.45226 1546.85142  10.4%   8.6  676s
 314916 146375     cutoff  135      1726.45226 1547.21649  10.4%   8.6  681s
 315991 146688     cutoff   89      1726.45226 1547.66659  10.4%   8.6  685s
 318490 146989     cutoff   67      1726.45226 1548.13040  10.3%   8.6  694s
 319361 147452     cutoff   63      1726.45226 1548.26615  10.3%   8.6  697s
 320610 147880 1667.47091   81   22 1726.45226 1548.62296  10.3%   8.6  700s
 323138 148519     cutoff   61      1726.45226 1549.08127  10.3%   8.6  707s
 325722 148873 1613.70069   67   37 1726.45226 1549.82402  10.2%   8.6  712s
 326950 148809 1668.32807   47   18 1726.45226 1550.17278  10.2%   8.6  715s
 329199 149477 infeasible   75      1726.45226 1550.67373  10.2%   8.6  721s
 331548 150128 1696.92620   79   35 1726.45226 1551.14635  10.2%   8.6  727s
 332862 150294 1717.93634   70   19 1726.45226 1551.38974  10.1%   8.6  730s
 335158 150740 1695.27254   73   30 1726.45226 1551.93941  10.1%   8.7  736s
 337716 151015     cutoff   71      1726.45226 1552.54557  10.1%   8.7  742s
 338781 151142 1703.61304   56   30 1726.45226 1552.76182  10.1%   8.7  745s
 340684 152022 1678.67833  116   35 1726.45226 1553.04974  10.0%   8.7  751s
 343344 152551 1661.14138   50   39 1726.45226 1553.53906  10.0%   8.7  757s
 344609 152253 1707.35340   56   10 1726.45226 1553.76588  10.0%   8.7  763s
H344718 146981                    1726.4521870 1553.79964  10.0%   8.7  763s
 344808 147019     cutoff   92      1726.45219 1553.79964  10.0%   8.7  773s
 344910 147507 1619.22796   94   35 1726.45219 1553.81060  10.0%   8.7  776s
 346018 147826 1694.69745   66   26 1726.45219 1553.99519  10.0%   8.7  780s
 348533 148542     cutoff   68      1726.45219 1554.49209  10.0%   8.7  786s
 350053 148808     cutoff   64      1726.45219 1554.84152  9.94%   8.7  790s
 352597 149238 1722.37006   71   23 1726.45219 1555.24502  9.92%   8.7  797s
 353837 149580     cutoff   87      1726.45219 1555.50864  9.90%   8.7  800s
 356233 149705 1648.31571   58   28 1726.45219 1555.92477  9.88%   8.7  805s
 358006 150480     cutoff   88      1726.45219 1556.21650  9.86%   8.7  812s
 359436 150518 1664.64388   56   29 1726.45219 1556.52624  9.84%   8.7  816s
 361846 151061     cutoff   62      1726.45219 1556.97658  9.82%   8.7  822s
 362980 151337 1726.43419   80   17 1726.45219 1557.19632  9.80%   8.7  825s
 365640 151677     cutoff   67      1726.45219 1557.76423  9.77%   8.7  831s
 367843 152203     cutoff   54      1726.45219 1558.16001  9.75%   8.8  837s
 369053 152268 1717.95199   60   18 1726.45219 1558.27944  9.74%   8.8  840s
 371257 152616 1604.51476   70   38 1726.45219 1558.69543  9.72%   8.8  847s
 372445 152758 1617.41974   83   37 1726.45219 1558.84470  9.71%   8.8  850s
 374954 153379 1665.18647   47   14 1726.45219 1559.22841  9.69%   8.8  856s
 377581 153674     cutoff   47      1726.45219 1559.74118  9.66%   8.8  862s
 378756 153922 1653.06179   78   21 1726.45219 1559.98764  9.64%   8.8  865s
 380877 154309 1698.80321   46   26 1726.45219 1560.29820  9.62%   8.8  873s
 382212 154443     cutoff   70      1726.45219 1560.66550  9.60%   8.8  877s
 383381 154783 1576.13689   61   52 1726.45219 1560.89738  9.59%   8.8  881s
 385968 155159 1615.34594   59   47 1726.45219 1561.25529  9.57%   8.8  888s
 387126 155534 1616.46937   68   40 1726.45219 1561.47419  9.56%   8.8  892s
 388518 155662 1611.92845   73   36 1726.45219 1561.77792  9.54%   8.8  895s
 390454 155893     cutoff   65      1726.45219 1562.02005  9.52%   8.8  901s
 391658 156182     cutoff   53      1726.45219 1562.12234  9.52%   8.8  905s
 393780 156267 1668.17602   71   39 1726.45219 1562.49366  9.50%   8.8  911s
 394282 156898     cutoff   88      1726.45219 1562.53877  9.49%   8.8  915s
 397159 157414 infeasible   66      1726.45219 1562.97926  9.47%   8.8  922s
 398432 157668     cutoff   94      1726.45219 1563.22390  9.45%   8.9  926s
 399712 157735 1715.63007   74   15 1726.45219 1563.45202  9.44%   8.9  930s
 402094 158245 1717.05588   53   23 1726.45219 1563.77652  9.42%   8.9  936s
 404334 158740 1656.03410   48   15 1726.45219 1564.13396  9.40%   8.9  943s
 405628 158817 1700.72368   66   32 1726.45219 1564.38114  9.39%   8.9  946s
 406796 158941     cutoff   66      1726.45219 1564.51175  9.38%   8.9  950s
 409117 159434 1683.59924  100   36 1726.45219 1564.83151  9.36%   8.9  957s
 410498 159426 1689.24561   51   19 1726.45219 1565.02992  9.35%   8.9  961s
 411656 159680 1594.67455   49   14 1726.45219 1565.20277  9.34%   8.9  965s
 413942 159894 1648.27454   48   17 1726.45219 1565.43883  9.33%   8.9  971s
 416325 160330 1615.77705   67   32 1726.45219 1565.73683  9.31%   8.9  977s
 417361 160521     cutoff   93      1726.45219 1565.92247  9.30%   8.9  980s
 419842 160879     cutoff   66      1726.45219 1566.24802  9.28%   8.9  987s
 420990 160959 1603.67621   64   37 1726.45219 1566.42970  9.27%   8.9  990s
 422648 161414     cutoff   91      1726.45219 1566.63837  9.26%   8.9  997s
 423881 161663 1678.82180   71   43 1726.45219 1566.79228  9.25%   8.9 1000s
 426527 161855 1628.10323   88   32 1726.45219 1567.14938  9.23%   8.9 1008s
 427717 162329 1677.90825   36   13 1726.45219 1567.27952  9.22%   8.9 1011s
 429223 162407 1616.80686   84   31 1726.45219 1567.44461  9.21%   8.9 1015s
 431751 162403     cutoff   84      1726.45219 1567.76887  9.19%   8.9 1027s
 431996 162985 1682.89917   58   33 1726.45219 1567.83269  9.19%   8.9 1031s
 434590 163162     cutoff   62      1726.45219 1568.19618  9.17%   9.0 1038s
 435637 163590 1718.78661   62   20 1726.45219 1568.33311  9.16%   9.0 1042s
 437063 163581 1666.54614   66   35 1726.45219 1568.48559  9.15%   9.0 1047s
 438247 163594 1649.22197   59   45 1726.45219 1568.66748  9.14%   9.0 1051s
 440235 163698     cutoff   61      1726.45219 1568.94419  9.12%   9.0 1057s
 441094 163950     cutoff   89      1726.45219 1569.02565  9.12%   9.0 1061s
 442358 164214 1686.52117   89   23 1726.45219 1569.23840  9.11%   9.0 1065s
 445220 164648 infeasible   49      1726.45219 1569.52916  9.09%   9.0 1072s
 446543 164996 1676.59936   81   34 1726.45219 1569.74370  9.08%   9.0 1076s
 449354 165076     cutoff   71      1726.45219 1570.09468  9.06%   9.0 1084s
 450445 165318     cutoff   62      1726.45219 1570.20251  9.05%   9.0 1088s
 451731 165383 1725.55668   67   20 1726.45219 1570.37698  9.04%   9.0 1092s
 452750 165760 1693.85431   87   22 1726.45219 1570.45196  9.04%   9.0 1096s
 454108 165998     cutoff   77      1726.45219 1570.67477  9.02%   9.0 1100s
 455446 166313 1694.93274  110   24 1726.45219 1570.82897  9.01%   9.0 1105s
 458200 166751 1637.47357   49   44 1726.45219 1571.24617  8.99%   9.0 1113s
 459540 166827 infeasible   89      1726.45219 1571.41922  8.98%   9.0 1118s
 460602 166907 1699.28998   99   37 1726.45219 1571.54165  8.97%   9.0 1122s
 461699 167292 1705.71827   68   28 1726.45219 1571.65671  8.97%   9.0 1126s
 463068 167527 1698.84069   58   23 1726.45219 1571.82311  8.96%   9.0 1130s
 465499 168204 1686.87417   61   31 1726.45219 1572.07971  8.94%   9.0 1137s
 466391 168738 1700.37176   81   24 1726.45219 1572.23954  8.93%   9.0 1140s
 467637 169212 1621.21401   66   26 1726.45219 1572.42920  8.92%   9.0 1145s
 470170 170460     cutoff   70      1726.45219 1572.78962  8.90%   9.1 1153s
 471400 170957 1699.84794   67   21 1726.45219 1572.90975  8.89%   9.1 1157s
 472423 171319     cutoff   79      1726.45219 1573.03310  8.89%   9.1 1161s
 473248 171924 1606.15007   44   45 1726.45219 1573.13373  8.88%   9.1 1165s
 475824 173025 1625.64557   71   40 1726.45219 1573.35519  8.87%   9.1 1173s
 476764 173517     cutoff   68      1726.45219 1573.46937  8.86%   9.1 1177s
 477999 174120 1669.61903   79   33 1726.45219 1573.57619  8.85%   9.1 1181s
 479256 174690 1675.27546   53   38 1726.45219 1573.71494  8.85%   9.1 1186s
 480508 175205 1597.77608   71   51 1726.45219 1573.89019  8.84%   9.1 1190s
 483195 176619 1695.84033   83   34 1726.45219 1574.10389  8.82%   9.1 1198s
 484434 177280     cutoff   93      1726.45219 1574.26096  8.82%   9.1 1203s
 485729 177728     cutoff   79      1726.45219 1574.40277  8.81%   9.1 1206s
 486678 178333 1720.96810   60   26 1726.45219 1574.54916  8.80%   9.1 1210s
 489370 179839 1694.20584   82   35 1726.45219 1574.80316  8.78%   9.1 1219s
 490746 180429 1687.27805   61   28 1726.45219 1574.97434  8.77%   9.1 1223s
 492004 180897 1685.77627   59   31 1726.45219 1575.06268  8.77%   9.1 1227s
 493238 181309     cutoff   52      1726.45219 1575.21764  8.76%   9.1 1231s
 494419 181773     cutoff   76      1726.45219 1575.33325  8.75%   9.1 1235s
 496510 182930 1651.94943   66   29 1726.45219 1575.52521  8.74%   9.1 1243s
 497877 183444 1694.48073   73   30 1726.45219 1575.68326  8.73%   9.1 1248s
 498983 184016 1696.07057   65   29 1726.45219 1575.76884  8.73%   9.1 1252s
 500254 184477 infeasible   56      1726.45219 1575.89923  8.72%   9.1 1256s
 501185 185127 1660.51768   64   14 1726.45219 1576.01731  8.71%   9.1 1260s
 503822 186255     cutoff   90      1726.45219 1576.33890  8.69%   9.1 1268s
 505170 186947     cutoff   61      1726.45219 1576.49594  8.69%   9.1 1272s
 506585 187738 1698.09172   63   28 1726.45219 1576.65062  8.68%   9.1 1277s
 508029 188333 1693.68873   77   41 1726.45219 1576.81647  8.67%   9.1 1280s
 509371 188764 1725.12250   43    - 1726.45219 1576.98891  8.66%   9.1 1285s
 511239 189749 1670.55623   55   30 1726.45219 1577.17684  8.65%   9.2 1292s
 512546 190197 infeasible   72      1726.45219 1577.33821  8.64%   9.2 1296s
 513580 190880 1712.89675   78   26 1726.45219 1577.42278  8.63%   9.2 1300s
 516170 192097     cutoff   74      1726.45219 1577.70612  8.62%   9.2 1308s
 517535 192554 1629.29349   65   27 1726.45219 1577.82830  8.61%   9.2 1312s
 518494 193120     cutoff   57      1726.45219 1577.97718  8.60%   9.2 1316s
 519715 193663 1625.36743   92   42 1726.45219 1578.10937  8.59%   9.2 1320s
 522347 195010 1696.21578   99   36 1726.45219 1578.40239  8.58%   9.2 1328s
 523623 195687     cutoff   99      1726.45219 1578.51737  8.57%   9.2 1333s
 524950 196306     cutoff  106      1726.45219 1578.65536  8.56%   9.2 1337s
 526253 196907 infeasible   59      1726.45219 1578.79886  8.55%   9.2 1342s
 527547 197394 1652.16140   45   30 1726.45219 1578.94295  8.54%   9.2 1346s
 528804 197747 1680.07646   82   22 1726.45219 1579.06730  8.54%   9.2 1350s
 529593 198362     cutoff   59      1726.45219 1579.15255  8.53%   9.2 1355s
 530920 198422     cutoff   86      1726.45219 1579.23722  8.53%   9.2 1362s
 531050 198819     cutoff   93      1726.45219 1579.26203  8.53%   9.2 1366s
 531990 199345 1616.88495   71   45 1726.45219 1579.34173  8.52%   9.2 1371s
 533222 199977 1718.37433   74   18 1726.45219 1579.50609  8.51%   9.2 1376s
 534633 200526 1633.00620   98   43 1726.45219 1579.61465  8.51%   9.2 1381s
 535965 200640 infeasible   57      1726.45219 1579.73959  8.50%   9.2 1391s
 536194 201087 1717.51223   83   36 1726.45219 1579.77562  8.50%   9.2 1396s
 537407 201810 1665.34357   89   40 1726.45219 1579.86247  8.49%   9.2 1402s
 538872 202304 1680.64836   68   51 1726.45219 1580.03752  8.48%   9.2 1406s
 540034 202967 infeasible   97      1726.45219 1580.13663  8.47%   9.2 1411s
 541437 203412 1711.57308   94   37 1726.45219 1580.28050  8.47%   9.2 1415s
 542332 203983 1689.45288   42   19 1726.45219 1580.38334  8.46%   9.2 1420s
 543523 204676 1629.36885   79   27 1726.45219 1580.51965  8.45%   9.2 1425s
 545046 205314 1687.00474   95   30 1726.45219 1580.62901  8.45%   9.2 1430s
 546397 205916     cutoff   56      1726.45219 1580.77710  8.44%   9.2 1435s
 549139 207264 1677.94355   87   33 1726.45219 1581.03195  8.42%   9.2 1444s
 550564 207977 1705.81205   84   24 1726.45219 1581.22981  8.41%   9.2 1448s
 551962 208428     cutoff   42      1726.45219 1581.36670  8.40%   9.2 1452s
 552902 208825 1633.36248   64   32 1726.45219 1581.47957  8.40%   9.2 1457s
 554146 209386 1717.89828   75   29 1726.45219 1581.55311  8.39%   9.2 1463s
 555370 209926 1611.50513   62   43 1726.45219 1581.62962  8.39%   9.2 1467s
 556711 210586     cutoff   44      1726.45219 1581.82268  8.38%   9.3 1472s
 557972 211035 infeasible  101      1726.45219 1581.92303  8.37%   9.3 1477s
 559029 211638 1695.03994   58   32 1726.45219 1582.03886  8.36%   9.3 1482s
 560400 212165 1624.28113   49   23 1726.45219 1582.11509  8.36%   9.3 1487s
 561493 212765 1672.35311   65   28 1726.45219 1582.23326  8.35%   9.3 1493s
 562849 213465     cutoff   53      1726.45219 1582.34917  8.35%   9.3 1498s
 564271 213882 1685.94230   66   26 1726.45219 1582.47465  8.34%   9.3 1503s
 565184 214645 1673.95978   73   41 1726.45219 1582.56995  8.33%   9.3 1509s
 566680 215201     cutoff   76      1726.45219 1582.71414  8.33%   9.3 1514s
 568018 215859 1682.72626   61   38 1726.45219 1582.80108  8.32%   9.3 1519s
 569364 216382     cutoff   59      1726.45219 1582.93526  8.31%   9.3 1523s
 570639 216772 1687.63407   44   20 1726.45219 1583.05595  8.31%   9.3 1528s
 571609 217440 1696.55199   55   22 1726.45219 1583.14183  8.30%   9.3 1532s
 572949 217865 infeasible   53      1726.45219 1583.23299  8.30%   9.3 1536s
 574047 218382 1653.30832   73   33 1726.45219 1583.32475  8.29%   9.3 1541s
 575255 218750 1699.82184   51   23 1726.45219 1583.47312  8.28%   9.3 1545s
 577596 220044     cutoff   43      1726.45219 1583.66129  8.27%   9.3 1553s
 579095 220578     cutoff   62      1726.45219 1583.77953  8.26%   9.3 1558s
 580282 220872     cutoff   73      1726.45219 1583.91485  8.26%   9.3 1561s
 581227 221492 1667.72464   49   23 1726.45219 1584.01164  8.25%   9.3 1567s
 582455 222149 1645.06498   45   22 1726.45219 1584.10317  8.25%   9.3 1573s
 583833 222718     cutoff   56      1726.45219 1584.21687  8.24%   9.3 1578s
 584956 223343 1631.34145   48   34 1726.45219 1584.32724  8.23%   9.3 1584s
 586287 223714 1714.51905   77   21 1726.45219 1584.43295  8.23%   9.3 1589s
 587470 223966 1683.41851   58   34 1726.45219 1584.51069  8.22%   9.3 1594s
 588406 224375     cutoff   63      1726.45219 1584.60047  8.22%   9.3 1600s
 589304 224893 1688.05594   74   44 1726.45219 1584.70788  8.21%   9.3 1606s
 590626 225365 1623.75083   67   30 1726.45219 1584.76843  8.21%   9.3 1613s
 591918 226021     cutoff   78      1726.45219 1584.92553  8.20%   9.3 1620s
 593484 226462     cutoff   69      1726.45219 1585.02986  8.19%   9.3 1626s
 594647 226875 1715.56895   63   33 1726.45219 1585.14007  8.19%   9.3 1632s
 595879 227263 1695.99822   44   37 1726.45219 1585.24197  8.18%   9.3 1638s
 596856 227878     cutoff   68      1726.45219 1585.34779  8.17%   9.3 1644s
 598250 228429     cutoff   48      1726.45219 1585.47411  8.17%   9.3 1650s
 599638 228905 1626.88118   45   28 1726.45219 1585.55912  8.16%   9.4 1657s
 600851 229374 1685.85439   79   32 1726.45219 1585.69526  8.15%   9.4 1662s
 601962 229907     cutoff   70      1726.45219 1585.80295  8.15%   9.4 1667s
 603391 230460 1696.30736   52   14 1726.45219 1585.93861  8.14%   9.4 1673s
 604779 230621 infeasible   71      1726.45219 1586.04063  8.13%   9.4 1681s
 605089 231162 1666.22242   67   23 1726.45219 1586.05772  8.13%   9.4 1687s
 606398 231570     cutoff   62      1726.45219 1586.17206  8.13%   9.4 1691s
 607300 232199 1654.25336   86   32 1726.45219 1586.27105  8.12%   9.4 1696s
 608768 232762     cutoff  103      1726.45219 1586.39798  8.11%   9.4 1700s
 610201 233356 1678.28017   86   41 1726.45219 1586.56094  8.10%   9.4 1705s
 611531 234082 1723.45898   48   25 1726.45219 1586.67411  8.10%   9.4 1710s
 613073 234639 1702.11102   56   26 1726.45219 1586.78858  8.09%   9.4 1715s
 614290 235105 1710.00485   58   12 1726.45219 1586.87491  8.08%   9.4 1720s
 616858 236354 1696.58675   77   21 1726.45219 1587.12942  8.07%   9.4 1730s
 618233 236838 1720.84934   56   13 1726.45219 1587.27500  8.06%   9.4 1735s
 619564 237311 1688.69571   47   13 1726.45219 1587.36431  8.06%   9.4 1740s
 620679 237961 1618.88472   68   50 1726.45219 1587.41204  8.05%   9.4 1745s
 622115 238539 1711.16398   73   22 1726.45219 1587.56333  8.04%   9.4 1751s
 623425 239146     cutoff   57      1726.45219 1587.64765  8.04%   9.4 1756s
 624894 239552 1649.89574   47   24 1726.45219 1587.79700  8.03%   9.4 1760s
 625967 240013 1650.00739   54   27 1726.45219 1587.87149  8.03%   9.4 1765s
 628568 241132 1691.80504   64    6 1726.45219 1588.06781  8.02%   9.4 1774s
 629905 241574     cutoff   94      1726.45219 1588.19157  8.01%   9.4 1779s
 631072 241952 1636.38422   79   29 1726.45219 1588.28663  8.00%   9.4 1783s
 631805 242507 1725.39345   71   32 1726.45219 1588.36415  8.00%   9.4 1788s
 633285 243227     cutoff   77      1726.45219 1588.43172  7.99%   9.4 1793s
 634704 243620 1612.86797   53   11 1726.45219 1588.58015  7.99%   9.4 1797s
 635661 244243 1651.74906   59   37 1726.45219 1588.64770  7.98%   9.4 1803s
 637124 244912     cutoff   74      1726.45219 1588.76646  7.98%   9.4 1808s
 638529 245407 infeasible   71      1726.45219 1588.87130  7.97%   9.4 1814s
 639866 246017     cutoff   59      1726.45219 1589.00233  7.96%   9.4 1819s
 641151 246348 1657.82599   89   30 1726.45219 1589.10045  7.96%   9.4 1824s
 642166 246827     cutoff   70      1726.45219 1589.18382  7.95%   9.4 1829s
 643260 247439 1667.13177   86   29 1726.45219 1589.28447  7.95%   9.4 1833s
 644630 248132 1699.56451   65   27 1726.45219 1589.39310  7.94%   9.4 1838s
 646082 248490     cutoff   75      1726.45219 1589.55948  7.93%   9.4 1843s
H646289 248493                    1726.4516694 1589.56474  7.93%   9.4 1843s
 646901 249055     cutoff   67      1726.45167 1589.64798  7.92%   9.4 1848s
 648285 249687     cutoff   83      1726.45167 1589.71154  7.92%   9.4 1853s
 649707 250261 infeasible   76      1726.45167 1589.87174  7.91%   9.4 1858s
 651053 250775 1688.41685   78   44 1726.45167 1589.94817  7.91%   9.4 1863s
 652111 251298 1715.20932   56   30 1726.45167 1590.02712  7.90%   9.4 1868s
 653442 251847     cutoff   76      1726.45167 1590.12319  7.90%   9.4 1874s
 654747 252461 1706.39986   75   15 1726.45167 1590.19902  7.89%   9.5 1880s
 657497 253442 1676.14352   75   37 1726.45167 1590.45608  7.88%   9.5 1889s
 658513 253869 1723.63669   56   23 1726.45167 1590.53756  7.87%   9.5 1895s
 659700 254367 1713.94287   44   10 1726.45167 1590.60140  7.87%   9.5 1901s
 661000 254827     cutoff   71      1726.45167 1590.70237  7.86%   9.5 1909s
 662271 255360 1655.29922   52   42 1726.45167 1590.80132  7.86%   9.5 1914s
 663678 255883 1676.97821   91   24 1726.45167 1590.92903  7.85%   9.5 1918s
 664787 256383 1686.75787   76   24 1726.45167 1591.00717  7.85%   9.5 1923s
 666142 256938 1688.24266   70   39 1726.45167 1591.10518  7.84%   9.5 1929s
 667543 257504 1690.55134   85   33 1726.45167 1591.18957  7.83%   9.5 1934s
 668928 258121 1636.32836   63   30 1726.45167 1591.24985  7.83%   9.5 1938s
 670310 258514     cutoff   66      1726.45167 1591.37416  7.82%   9.5 1943s
 671258 259093 1610.90555   53   17 1726.45167 1591.47202  7.82%   9.5 1948s
 672614 259710     cutoff   76      1726.45167 1591.55384  7.81%   9.5 1954s
 674085 260361 1659.06764  114   42 1726.45167 1591.67001  7.81%   9.5 1959s
 675492 260941 1644.17570   43   27 1726.45167 1591.78285  7.80%   9.5 1964s
 676844 261451 1663.89100   64   40 1726.45167 1591.88472  7.79%   9.5 1968s
 678165 261950     cutoff   64      1726.45167 1591.98698  7.79%   9.5 1973s
H678682 261954                    1726.4515307 1592.00420  7.79%   9.5 1973s
 679412 261959     cutoff   56      1726.45153 1592.09229  7.78%   9.5 1981s
 679448 262332 1654.34085   43   43 1726.45153 1592.09370  7.78%   9.5 1985s
 680413 262853 1694.12660   52   16 1726.45153 1592.17806  7.78%   9.5 1990s
 681813 263431 1597.62514   43   27 1726.45153 1592.28369  7.77%   9.5 1995s
 683243 263888 1692.91369   67   28 1726.45153 1592.38738  7.77%   9.5 2000s
 684549 264302 1674.06290   50   25 1726.45153 1592.51259  7.76%   9.5 2005s
 685624 264904 1666.69417   72   49 1726.45153 1592.58606  7.75%   9.5 2010s
 686983 265436 1696.87830   72   35 1726.45153 1592.68635  7.75%   9.5 2015s
 688431 265975 1644.58398  110   33 1726.45153 1592.81496  7.74%   9.5 2020s
 689753 266340 1717.58004   57   24 1726.45153 1592.91280  7.73%   9.5 2025s
 690680 266994     cutoff   65      1726.45153 1592.98833  7.73%   9.5 2030s
 692218 267487 infeasible   63      1726.45153 1593.11941  7.72%   9.5 2035s
 693563 267932 1647.83283   71   31 1726.45153 1593.21787  7.72%   9.5 2040s
 694884 268363 1684.52256   62   33 1726.45153 1593.31122  7.71%   9.5 2046s
 696077 268990 1707.39321   52   33 1726.45153 1593.40259  7.71%   9.5 2051s
 697486 269362     cutoff   67      1726.45153 1593.46963  7.70%   9.5 2056s
 698411 269945 1656.64291   90   29 1726.45153 1593.55932  7.70%   9.5 2061s
 699820 270441     cutoff   78      1726.45153 1593.67722  7.69%   9.5 2068s
 701141 271091     cutoff   59      1726.45153 1593.73902  7.69%   9.5 2073s
 702577 271698 1708.88507   63   24 1726.45153 1593.85804  7.68%   9.5 2078s
 704078 272107 1698.39731   66   22 1726.45153 1593.96918  7.67%   9.5 2083s
 705038 272680     cutoff   69      1726.45153 1594.03963  7.67%   9.5 2088s
 706462 273291 1703.00308   91   17 1726.45153 1594.14829  7.66%   9.5 2093s
 707855 273792 1676.37188   63   15 1726.45153 1594.23154  7.66%   9.5 2098s
 709119 274147 1648.50297   48   16 1726.45153 1594.33709  7.65%   9.5 2103s
 710137 274719     cutoff   53      1726.45153 1594.40478  7.65%   9.6 2108s
 711588 275046 1705.42605   63   31 1726.45153 1594.52364  7.64%   9.6 2113s
 712684 275412 1668.72406   63   40 1726.45153 1594.61026  7.64%   9.6 2117s
 713579 275901 infeasible   82      1726.45153 1594.66312  7.63%   9.6 2124s
 714928 276479     cutoff   69      1726.45153 1594.74383  7.63%   9.6 2130s
 716461 276976 1642.13124   71   38 1726.45153 1594.87164  7.62%   9.6 2136s
 717821 277445 1664.71250   49   12 1726.45153 1594.94498  7.62%   9.6 2142s
 719058 277940     cutoff   45      1726.45153 1595.02503  7.61%   9.6 2148s
 720476 278380 1717.58665   75   31 1726.45153 1595.14387  7.61%   9.6 2154s
 721585 278979 1676.03250   44   26 1726.45153 1595.21441  7.60%   9.6 2160s
 723038 279424     cutoff   65      1726.45153 1595.33213  7.59%   9.6 2166s
 724221 279782     cutoff   59      1726.45153 1595.42000  7.59%   9.6 2172s
 725356 280198     cutoff   74      1726.45153 1595.47570  7.59%   9.6 2177s
 726430 280553     cutoff   91      1726.45153 1595.58286  7.58%   9.6 2184s
 727558 281338 1622.56717   51   35 1726.45153 1595.67266  7.58%   9.6 2190s
 729181 281791 1638.94583   52   27 1726.45153 1595.77576  7.57%   9.6 2198s
 730565 282247 1683.32567   80   36 1726.45153 1595.84134  7.57%   9.6 2204s
 731584 282809 1676.70333   93   26 1726.45153 1595.94246  7.56%   9.6 2210s
 733079 283351 1636.82690   50   24 1726.45153 1596.07032  7.55%   9.6 2215s
 734579 283960     cutoff   74      1726.45153 1596.14878  7.55%   9.6 2222s
 735931 284471     cutoff   57      1726.45153 1596.25270  7.54%   9.6 2230s
 737228 285083 1711.68231   53   25 1726.45153 1596.33353  7.54%   9.6 2237s
 738783 285705 1689.53021   81   34 1726.45153 1596.43402  7.53%   9.6 2243s
 740187 286208 infeasible   82      1726.45153 1596.51853  7.53%   9.6 2249s
 741537 286514 1666.59918   64   44 1726.45153 1596.63333  7.52%   9.6 2256s
 742480 286593     cutoff   69      1726.45153 1596.68143  7.52%   9.6 2267s
 742623 287153 1670.29597   79   39 1726.45153 1596.68479  7.52%   9.6 2273s
 744073 287620     cutoff   92      1726.45153 1596.79343  7.51%   9.6 2278s
 745368 288010     cutoff   91      1726.45153 1596.85765  7.51%   9.6 2284s
 746334 288610     cutoff   63      1726.45153 1596.94313  7.50%   9.6 2290s
 747792 289070 1708.13542   96   35 1726.45153 1596.97820  7.50%   9.6 2295s
H748416 289071                    1726.4514934 1597.03927  7.50%   9.6 2295s
 749004 289138 1705.38201   63    9 1726.45149 1597.12029  7.49%   9.6 2313s
 749173 289494 1675.87189   84   27 1726.45149 1597.13437  7.49%   9.6 2317s
 750227 290191 1717.22656   58   19 1726.45149 1597.20089  7.49%   9.6 2323s
 751823 290779     cutoff   63      1726.45149 1597.33606  7.48%   9.6 2329s
 753310 291249 1667.78190   95   34 1726.45149 1597.46262  7.47%   9.6 2334s
 754570 291747     cutoff   69      1726.45149 1597.54230  7.47%   9.6 2340s
 756033 292326 1711.93358   57   38 1726.45149 1597.63848  7.46%   9.6 2346s
 757456 292917 1724.65830   73   30 1726.45149 1597.73742  7.46%   9.6 2354s
 759035 293320 1679.39416   87   46 1726.45149 1597.85504  7.45%   9.6 2359s
 760042 293964 1644.25450   64   28 1726.45149 1597.90126  7.45%   9.6 2367s
 761602 294518 1650.18132   58   41 1726.45149 1597.97919  7.44%   9.6 2374s
 762952 295063     cutoff   70      1726.45149 1598.07010  7.44%   9.6 2380s
 764340 295428 1665.26690   48   35 1726.45149 1598.15248  7.43%   9.6 2386s
 765456 296035 1665.02595   74   27 1726.45149 1598.23816  7.43%   9.6 2392s
 766960 296650 1638.32739   66   49 1726.45149 1598.30656  7.42%   9.7 2399s
 768392 297109     cutoff   51      1726.45149 1598.41891  7.42%   9.7 2404s
 769413 297620 1638.79423   79   40 1726.45149 1598.46266  7.41%   9.7 2411s
 770815 298015 1716.09774   94   41 1726.45149 1598.52888  7.41%   9.7 2417s
 772066 298638     cutoff   66      1726.45149 1598.60541  7.41%   9.7 2423s
 773484 299151     cutoff   70      1726.45149 1598.74310  7.40%   9.7 2428s
 774854 299671 1642.46420   62   32 1726.45149 1598.81701  7.39%   9.7 2435s
 776320 299999     cutoff   83      1726.45149 1598.90593  7.39%   9.7 2441s
 777362 300519 1671.71355   92   30 1726.45149 1598.95845  7.38%   9.7 2448s
 778735 301294 infeasible   66      1726.45149 1599.04915  7.38%   9.7 2455s
 780389 301713 infeasible   64      1726.45149 1599.14217  7.37%   9.7 2461s
 781387 302298 1714.30956   95   30 1726.45149 1599.22088  7.37%   9.7 2468s
 782840 302801 1689.99368   82   20 1726.45149 1599.31922  7.36%   9.7 2474s
 784093 303219 infeasible   80      1726.45149 1599.41588  7.36%   9.7 2481s
 785473 303581     cutoff   63      1726.45149 1599.48803  7.35%   9.7 2487s
 786674 303930     cutoff   76      1726.45149 1599.55786  7.35%   9.7 2494s
 787993 304420 1708.24096   97   23 1726.45149 1599.63448  7.35%   9.7 2500s
 789335 304822     cutoff   50      1726.45149 1599.75442  7.34%   9.7 2505s
 790344 305475 1649.49442   73   49 1726.45149 1599.81490  7.34%   9.7 2511s
 791735 306055     cutoff   57      1726.45149 1599.89523  7.33%   9.7 2518s
 793284 306549     cutoff   50      1726.45149 1599.98845  7.33%   9.7 2526s
 794788 307092     cutoff   62      1726.45149 1600.06666  7.32%   9.7 2532s
 796244 307435     cutoff   81      1726.45149 1600.14500  7.32%   9.7 2540s
 797285 307798 1623.82573   70   46 1726.45149 1600.19595  7.31%   9.7 2547s
 798488 308280 1628.07108   63   41 1726.45149 1600.29239  7.31%   9.7 2554s
 799830 308744     cutoff   61      1726.45149 1600.39239  7.30%   9.7 2560s
 801152 309326 1724.58269   55   13 1726.45149 1600.48060  7.30%   9.7 2565s
 802645 309961 1693.47075   70   38 1726.45149 1600.58815  7.29%   9.7 2572s
 804170 310397 1699.04818   47   26 1726.45149 1600.67212  7.29%   9.7 2578s
 805578 310722 1604.60051   48   16 1726.45149 1600.75728  7.28%   9.7 2583s
 806474 311238 1634.97031   52   28 1726.45149 1600.84215  7.28%   9.7 2590s
 807906 311598 1671.33901   84   21 1726.45149 1600.93310  7.27%   9.7 2596s
 809062 312210 1647.50931   74   48 1726.45149 1600.99496  7.27%   9.7 2603s
 810564 312736 1698.99401   78   30 1726.45149 1601.07917  7.26%   9.7 2608s
 811986 313247 1682.11590   54   27 1726.45149 1601.20550  7.25%   9.7 2614s
 813416 313760 1696.33166   97   19 1726.45149 1601.27665  7.25%   9.7 2620s
 815828 314623     cutoff   65      1726.45149 1601.43349  7.24%   9.7 2630s
 817171 314984     cutoff   75      1726.45149 1601.51603  7.24%   9.7 2635s
 818173 315470 1716.68610   97   20 1726.45149 1601.59620  7.23%   9.7 2641s
 819569 315951 1637.75515   68   40 1726.45149 1601.67732  7.23%   9.7 2647s
 821022 316406 1650.60516   60   34 1726.45149 1601.75707  7.22%   9.7 2653s
 822391 316786 1718.31532   53   30 1726.45149 1601.84372  7.22%   9.7 2658s
 823453 317242 1693.32778   77   27 1726.45149 1601.90857  7.21%   9.7 2666s
 824728 317734 1706.52404   47   33 1726.45149 1601.98669  7.21%   9.7 2674s
 826232 318217 1697.18204   86   38 1726.45149 1602.06533  7.20%   9.7 2679s
 827252 318817     cutoff  107      1726.45149 1602.09374  7.20%   9.7 2684s
 828744 319437 1666.89274   48   11 1726.45149 1602.21867  7.20%   9.8 2690s
 830324 319972     cutoff   58      1726.45149 1602.30406  7.19%   9.8 2696s
 831705 320286     cutoff  104      1726.45149 1602.38342  7.19%   9.8 2701s
 832832 320736 1665.87943   49   22 1726.45149 1602.46285  7.18%   9.8 2707s
 834285 321124 1640.27156   74   40 1726.45149 1602.53702  7.18%   9.8 2712s
 835335 321506 1642.54225   62   43 1726.45149 1602.59866  7.17%   9.8 2718s
 836681 321911 1691.77208   58   13 1726.45149 1602.66366  7.17%   9.8 2724s
 838072 322377 infeasible   66      1726.45149 1602.75479  7.16%   9.8 2730s
 839523 322888     cutoff   88      1726.45149 1602.85473  7.16%   9.8 2736s
 840896 323555     cutoff   69      1726.45149 1602.92879  7.15%   9.8 2742s
 842543 323909 1640.14029   46   35 1726.45149 1603.03264  7.15%   9.8 2748s
 843619 324296 1693.53700   62   27 1726.45149 1603.10600  7.14%   9.8 2753s
 844862 324798     cutoff   53      1726.45149 1603.14005  7.14%   9.8 2759s
 846256 325303 infeasible   55      1726.45149 1603.26912  7.14%   9.8 2765s
 847730 325762 1708.34746  105   29 1726.45149 1603.33087  7.13%   9.8 2771s
 849120 326181 1704.96110   45   22 1726.45149 1603.41552  7.13%   9.8 2777s
 850239 326581 1671.24069   65   30 1726.45149 1603.48380  7.12%   9.8 2783s
 851501 327154     cutoff   98      1726.45149 1603.54923  7.12%   9.8 2789s
 853046 327462     cutoff   85      1726.45149 1603.61578  7.11%   9.8 2797s
 854166 327922 1671.68718   71   34 1726.45149 1603.70015  7.11%   9.8 2804s
 855622 328330 1711.78265   73   21 1726.45149 1603.78283  7.11%   9.8 2812s
 857041 328377 1688.03606   69   24 1726.45149 1603.82423  7.10%   9.8 2829s
 857210 328729     cutoff   70      1726.45149 1603.84047  7.10%   9.8 2836s
 858296 329367 1671.06557   63   30 1726.45149 1603.95380  7.10%   9.8 2845s
 859917 329946 1673.63537   93   30 1726.45149 1604.04641  7.09%   9.8 2854s
 861503 330258     cutoff   51      1726.45149 1604.14099  7.08%   9.8 2861s
 862677 330727 1647.74803   69   38 1726.45149 1604.21023  7.08%   9.8 2870s
 864186 331123 1683.57038   76   24 1726.45149 1604.30505  7.08%   9.8 2878s
 865360 331473 infeasible   66      1726.45149 1604.36296  7.07%   9.8 2885s
 866340 332041 1688.43377   79   28 1726.45149 1604.41373  7.07%   9.8 2893s
 867944 332526 infeasible   60      1726.45149 1604.51708  7.06%   9.8 2899s
 869495 332881     cutoff   98      1726.45149 1604.64003  7.06%   9.8 2905s
 870635 333266 1692.40890   62   25 1726.45149 1604.70724  7.05%   9.8 2912s
 872143 333724 1658.05895   92   24 1726.45149 1604.75664  7.05%   9.8 2918s
 873552 334162     cutoff   61      1726.45149 1604.84246  7.04%   9.8 2924s
 874888 334749     cutoff   59      1726.45149 1604.92708  7.04%   9.8 2930s
 876539 335153     cutoff   82      1726.45149 1605.01811  7.03%   9.8 2936s
 877641 335705 1673.40731   68   34 1726.45149 1605.08367  7.03%   9.8 2942s
 879126 336164 1720.10502   69   12 1726.45149 1605.17953  7.02%   9.8 2948s
 880514 336711 1644.41597   85   31 1726.45149 1605.27300  7.02%   9.8 2954s
 882003 337229     cutoff  100      1726.45149 1605.35292  7.01%   9.8 2960s
 883463 337630 1638.93377   78   31 1726.45149 1605.42550  7.01%   9.8 2965s
 884544 338157 1690.42127   60   28 1726.45149 1605.49433  7.01%   9.8 2971s
 886025 338713     cutoff   82      1726.45149 1605.57705  7.00%   9.8 2977s
H886370 338713                    1726.4514143 1605.58378  7.00%   9.8 2977s
 887472 339120 1681.46329   64   36 1726.45141 1605.65228  7.00%   9.8 2982s
 888543 339434     cutoff   49      1726.45141 1605.73296  6.99%   9.8 2989s
 889931 339743 1721.46694   65   15 1726.45141 1605.80308  6.99%   9.8 2994s
 890984 340236 1702.78027   77   28 1726.45141 1605.88864  6.98%   9.9 3000s
 892501 340687 1638.40988   70   17 1726.45141 1605.96677  6.98%   9.9 3007s
 893808 341278 1667.43057   67   26 1726.45141 1606.03575  6.97%   9.9 3013s
 895560 341668     cutoff   60      1726.45141 1606.13171  6.97%   9.9 3019s
 896595 342274 1680.33459   77   33 1726.45141 1606.17699  6.97%   9.9 3025s
 898175 342656     cutoff   62      1726.45141 1606.25987  6.96%   9.9 3031s
 899642 342977 1675.58683   54   25 1726.45141 1606.34657  6.96%   9.9 3037s
 900701 343480 1697.24794   81   29 1726.45141 1606.38768  6.95%   9.9 3043s
 902172 343930 infeasible   82      1726.45141 1606.49437  6.95%   9.9 3049s
 903281 344475 1663.10001   61   25 1726.45141 1606.55244  6.94%   9.9 3056s
 904601 344985     cutoff   84      1726.45141 1606.60584  6.94%   9.9 3062s
 906127 345368 1640.31743   78   37 1726.45141 1606.66895  6.94%   9.9 3068s
 907319 345811 1687.29374   58   18 1726.45141 1606.73138  6.93%   9.9 3075s
 908861 346211     cutoff   81      1726.45141 1606.79509  6.93%   9.9 3081s
 910183 346696 1690.06508   45   16 1726.45141 1606.87026  6.93%   9.9 3088s
 911623 347127 1686.25858   57   18 1726.45141 1606.94646  6.92%   9.9 3094s
 913134 347417 infeasible   49      1726.45141 1607.01294  6.92%   9.9 3100s
 914172 347820 1699.24011   89   21 1726.45141 1607.05758  6.92%   9.9 3107s
 915533 348144 1689.29667   59   19 1726.45141 1607.11431  6.91%   9.9 3112s
 916642 348695 1682.94141   45   36 1726.45141 1607.20195  6.91%   9.9 3118s
 918347 349132 1669.33983   55   28 1726.45141 1607.30116  6.90%   9.9 3126s
 919851 349449 1662.75676   57   38 1726.45141 1607.38146  6.90%   9.9 3133s
 920898 349769     cutoff   37      1726.45141 1607.42919  6.89%   9.9 3140s
 922139 350180     cutoff   64      1726.45141 1607.50851  6.89%   9.9 3148s
 923241 350718 1675.24566   60   48 1726.45141 1607.58474  6.89%   9.9 3155s
 924881 351140 1693.62678   53   16 1726.45141 1607.69059  6.88%   9.9 3163s
 926380 351683 1675.10619   89   29 1726.45141 1607.76665  6.87%   9.9 3171s
 927946 352055     cutoff   72      1726.45141 1607.85274  6.87%   9.9 3178s
 929172 352468 1626.62258   87   17 1726.45141 1607.91873  6.87%   9.9 3187s
 930578 352871 1716.50941   87   29 1726.45141 1607.98018  6.86%   9.9 3194s
 931821 353404     cutoff   95      1726.45141 1608.04863  6.86%   9.9 3202s
 933451 353905 1679.93219   78   35 1726.45141 1608.13933  6.85%   9.9 3209s
 934906 354381 1673.15560   82   30 1726.45141 1608.21456  6.85%   9.9 3217s
 936529 354787 1638.14242   59   47 1726.45141 1608.26283  6.85%   9.9 3225s
 937700 355263 1672.50390   84   28 1726.45141 1608.32539  6.84%   9.9 3232s
 939263 355619 1719.67841   82   29 1726.45141 1608.40127  6.84%   9.9 3237s
 940417 356193 infeasible   56      1726.45141 1608.46606  6.83%   9.9 3244s
 941914 356711 1636.19973   65   38 1726.45141 1608.54156  6.83%   9.9 3252s
 943500 357041 1654.61641   70   32 1726.45141 1608.63113  6.82%   9.9 3260s
 944667 357555 1672.19044   46   20 1726.45141 1608.68137  6.82%   9.9 3268s
 946219 357902 1707.77653   91   26 1726.45141 1608.76382  6.82%   9.9 3275s
 947360 358333     cutoff   48      1726.45141 1608.82573  6.81%   9.9 3282s
 948781 358768 1713.53798   55   24 1726.45141 1608.90828  6.81%   9.9 3291s
 950269 359124 1674.49995   69   39 1726.45141 1608.97863  6.80%   9.9 3298s
 951497 359614 1639.16515   59   41 1726.45141 1609.05086  6.80%   9.9 3307s
 953138 360032 1666.71895   47   16 1726.45141 1609.12781  6.80%   9.9 3315s
 954674 360091     cutoff   57      1726.45141 1609.20687  6.79%   9.9 3329s
 954932 360437 1656.44815   53   26 1726.45141 1609.21217  6.79%   9.9 3335s
 956135 361065 1631.64575   90   28 1726.45141 1609.26775  6.79%  10.0 3342s
 957803 361492 1700.56775   66   34 1726.45141 1609.34615  6.78%  10.0 3350s
 959312 361938 1710.95861   81   15 1726.45141 1609.42704  6.78%  10.0 3358s
 960814 362267     cutoff   72      1726.45141 1609.51142  6.77%  10.0 3368s
H961653 362266                    1726.4506294 1609.52305  6.77%  10.0 3368s
 961913 362814     cutoff   52      1726.45063 1609.55053  6.77%  10.0 3378s
 963502 363266 1661.17062   51   34 1726.45063 1609.64272  6.77%  10.0 3387s
 964991 363715     cutoff  100      1726.45063 1609.70330  6.76%  10.0 3396s
 966385 364098 1689.42065   69   24 1726.45063 1609.78669  6.76%  10.0 3405s
 967856 364436 1721.26044   66    8 1726.45063 1609.84902  6.75%  10.0 3413s
 968972 364866 1712.35560   79   29 1726.45063 1609.91787  6.75%  10.0 3421s
 970446 365342 1689.74501   55   27 1726.45063 1610.01527  6.74%  10.0 3429s
 972015 365801     cutoff   77      1726.45063 1610.10335  6.74%  10.0 3436s
 973384 366110 1682.70730   78   28 1726.45063 1610.18742  6.73%  10.0 3443s
 974521 366592     cutoff   87      1726.45063 1610.22846  6.73%  10.0 3450s
 975994 366660 1706.98464   57   34 1726.45063 1610.30707  6.73%  10.0 3462s
H976127 366660                    1726.4502469 1610.30707  6.73%  10.0 3462s
 976253 367016 1657.65999   57   38 1726.45025 1610.32167  6.73%  10.0 3469s
 977699 367480     cutoff   54      1726.45025 1610.39033  6.72%  10.0 3477s
 979293 367774 1711.53681   99   27 1726.45025 1610.48381  6.72%  10.0 3486s
 980460 368169 infeasible   73      1726.45025 1610.54087  6.71%  10.0 3495s
 981683 368578 1666.97777   60   24 1726.45025 1610.60304  6.71%  10.0 3503s
 983212 369025 1709.72874   42   31 1726.45025 1610.68145  6.71%  10.0 3511s
 984745 369561 1664.20583   66   34 1726.45025 1610.76163  6.70%  10.0 3518s
 986418 369913 infeasible   58      1726.45025 1610.82629  6.70%  10.0 3524s
 987704 370276 1679.89904   79   34 1726.45025 1610.88479  6.69%  10.0 3530s
 988925 370689     cutoff   49      1726.45025 1610.96223  6.69%  10.0 3538s
 990252 371186     cutoff   83      1726.45025 1611.02484  6.69%  10.0 3545s
 991719 371733 1716.23434   53   31 1726.45025 1611.11444  6.68%  10.0 3552s
 993311 372095 infeasible   55      1726.45025 1611.19286  6.68%  10.0 3559s
 994516 372529     cutoff   90      1726.45025 1611.25730  6.67%  10.0 3565s
 996047 373073 1620.75041   60   31 1726.45025 1611.34249  6.67%  10.0 3573s
 997620 373578     cutoff   61      1726.45025 1611.42302  6.66%  10.0 3580s
 999219 374018 infeasible   52      1726.45025 1611.49685  6.66%  10.0 3586s
 1000522 374517 1677.29109   41   17 1726.45025 1611.58083  6.65%  10.0 3593s
 1002085 374943 1668.30725   62   22 1726.45025 1611.66003  6.65%  10.0 3600s
 1003562 375225 1665.53029   94   21 1726.45025 1611.75568  6.64%  10.0 3606s
 1004676 375660     cutoff   71      1726.45025 1611.81532  6.64%  10.0 3613s
 1006196 376084 1697.85620   72   29 1726.45025 1611.89826  6.64%  10.0 3621s
 1007733 376633 1651.71478   59   28 1726.45025 1611.96940  6.63%  10.0 3627s
 1009335 377002 1635.33203   75   47 1726.45025 1612.02996  6.63%  10.0 3634s
 1010467 377376 1673.28578   67   16 1726.45025 1612.09309  6.62%  10.0 3640s
 1011699 377734     cutoff   70      1726.45025 1612.16276  6.62%  10.0 3647s
 1013029 378204     cutoff   57      1726.45025 1612.23036  6.62%  10.0 3654s
 1014587 378628 1714.04682   55   21 1726.45025 1612.30842  6.61%  10.0 3660s
 1015849 379150     cutoff   55      1726.45025 1612.37785  6.61%  10.0 3668s
 1017428 379479 1706.47140   45   15 1726.45025 1612.43872  6.60%  10.0 3674s
 1018519 380023 1705.91947   82   25 1726.45025 1612.48843  6.60%  10.0 3681s
 1020207 380526 1699.52196   61   34 1726.45025 1612.58724  6.60%  10.0 3688s
 1021596 381136 infeasible   51      1726.45025 1612.65829  6.59%  10.0 3695s
 1023243 381545 1693.22958   44   33 1726.45025 1612.73084  6.59%  10.0 3702s
 1024576 381822     cutoff   58      1726.45025 1612.78882  6.58%  10.0 3708s
 1025742 382363 1673.02945   62   13 1726.45025 1612.84043  6.58%  10.0 3715s
 1027388 382723     cutoff   66      1726.45025 1612.91908  6.58%  10.0 3723s
 1028696 383319 infeasible   68      1726.45025 1612.96063  6.57%  10.1 3731s
 1030349 383640 1683.83405   50   27 1726.45025 1613.05711  6.57%  10.1 3739s
 1031670 384026 infeasible   52      1726.45025 1613.11488  6.56%  10.1 3747s
 1032763 384476 1700.01742   67   24 1726.45025 1613.16431  6.56%  10.1 3756s
 1034287 384929 1674.79959   50   20 1726.45025 1613.24797  6.56%  10.1 3765s
 1035829 385326     cutoff   72      1726.45025 1613.30307  6.55%  10.1 3773s
 1037268 385749     cutoff   78      1726.45025 1613.38603  6.55%  10.1 3781s
 1038475 386172     cutoff   63      1726.45025 1613.43386  6.55%  10.1 3790s
 1040026 386657 1657.68243   65   38 1726.45025 1613.50584  6.54%  10.1 3799s
 1041560 386741 1682.15533   53   26 1726.45025 1613.56558  6.54%  10.1 3813s
 1041802 387057 1690.82404   78   21 1726.45025 1613.56772  6.54%  10.1 3821s
 1043006 387471 1694.85224   55    8 1726.45025 1613.63010  6.53%  10.1 3828s
 1044193 387900 1675.30060   76   29 1726.45025 1613.68004  6.53%  10.1 3836s
 1045802 388244     cutoff  119      1726.45025 1613.78439  6.53%  10.1 3845s
 1047251 388806 1660.41781   87   37 1726.45025 1613.84728  6.52%  10.1 3853s
 1048941 389223 1669.69116   83   31 1726.45025 1613.91921  6.52%  10.1 3862s
 1050597 389679     cutoff   61      1726.45025 1614.00415  6.51%  10.1 3870s
 1052122 390030 infeasible   55      1726.45025 1614.07700  6.51%  10.1 3878s
 1053241 390399     cutoff   62      1726.45025 1614.12054  6.51%  10.1 3886s
 1054841 390870 1706.56923   70   27 1726.45025 1614.19200  6.50%  10.1 3895s
 1056425 391311     cutoff   62      1726.45025 1614.28756  6.50%  10.1 3903s
 1057747 391762 1719.97725   72   27 1726.45025 1614.34487  6.49%  10.1 3912s
 1059207 392230 1664.83301   44   46 1726.45025 1614.40377  6.49%  10.1 3923s
 1060818 392543     cutoff   47      1726.45025 1614.48155  6.49%  10.1 3932s
 1062054 392990     cutoff   66      1726.45025 1614.54015  6.48%  10.1 3942s
 1063633 393372 1674.31944   49   30 1726.45025 1614.61893  6.48%  10.1 3951s
 1064809 393977 1702.15442   65   33 1726.45025 1614.67356  6.47%  10.1 3961s
 1066482 394546 1691.00250   49   34 1726.45025 1614.73323  6.47%  10.1 3971s
 1068174 394954     cutoff   49      1726.45025 1614.81213  6.47%  10.1 3981s
 1069655 395242 1673.89911   60   31 1726.45025 1614.90644  6.46%  10.1 3989s
 1070871 395662     cutoff   53      1726.45025 1614.95267  6.46%  10.1 3998s
 1072427 395981     cutoff   54      1726.45025 1615.03112  6.45%  10.1 4005s
 1073583 396521 1681.00661   46   15 1726.45025 1615.10686  6.45%  10.1 4014s
 1075286 396972 1659.13529   49   29 1726.45025 1615.18199  6.44%  10.1 4022s
 1076891 397394 1710.26863   69   30 1726.45025 1615.25009  6.44%  10.1 4029s
 1078270 397828 1704.83219   67   26 1726.45025 1615.29349  6.44%  10.1 4037s
 1079682 398170 1701.20018   86   36 1726.45025 1615.34332  6.44%  10.1 4045s
 1081128 398524 1656.37779   41   19 1726.45025 1615.41412  6.43%  10.1 4053s
 1082427 398915 1717.18370   83   22 1726.45025 1615.46140  6.43%  10.1 4060s
 1083984 399337 1714.11435   58   24 1726.45025 1615.51629  6.43%  10.1 4068s
 1085378 399706     cutoff   52      1726.45025 1615.61624  6.42%  10.1 4075s
 1086771 400211 1658.24823   64   32 1726.45025 1615.68883  6.42%  10.1 4084s
H1086882 400211                    1726.4502467 1615.68883  6.42%  10.1 4084s
 1088304 400597 1664.93418   71   24 1726.45025 1615.75472  6.41%  10.1 4093s
 1089544 401040 1663.14862   71   49 1726.45025 1615.81150  6.41%  10.1 4101s
 1091194 401457     cutoff   86      1726.45025 1615.88366  6.40%  10.1 4111s
 1092472 401802 1688.58555   83   22 1726.45025 1615.94553  6.40%  10.1 4120s
 1094084 401883 1680.76037   37   32 1726.45025 1616.01961  6.40%  10.1 4131s
H1094271 401884                    1726.4497751 1616.01961  6.40%  10.1 4131s
 1094311 402334 1684.25034   38   30 1726.44978 1616.02010  6.40%  10.1 4139s
 1095943 402631 1630.91436   43   47 1726.44978 1616.10282  6.39%  10.1 4148s
 1097228 403052 1696.04653   74    9 1726.44978 1616.14849  6.39%  10.1 4156s
 1098858 403406 1683.03781   82   16 1726.44978 1616.24024  6.38%  10.1 4163s
 1100085 403900 1706.06758   91   26 1726.44978 1616.30092  6.38%  10.1 4171s
 1101732 404256 1665.16263   71   42 1726.44978 1616.36584  6.38%  10.1 4181s
 1103042 404770 1710.56246   56   33 1726.44978 1616.42888  6.37%  10.1 4191s
 1104807 405202     cutoff   64      1726.44978 1616.47958  6.37%  10.1 4200s
 1106528 405635     cutoff   95      1726.44978 1616.54978  6.37%  10.1 4208s
 1108076 406166     cutoff   82      1726.44978 1616.61977  6.36%  10.1 4217s
 1109601 406462 1699.13774   54   33 1726.44978 1616.68489  6.36%  10.1 4226s
 1110719 406827 1636.58251   46   21 1726.44978 1616.74928  6.35%  10.1 4236s
 1112010 407326 1663.86492   87   28 1726.44978 1616.79342  6.35%  10.1 4245s
 1113713 407652 1690.84767   63   38 1726.44978 1616.87434  6.35%  10.1 4254s
 1114958 408008 1677.39005   45   14 1726.44978 1616.93312  6.34%  10.1 4263s
 1116419 408486 1695.13463   65   19 1726.44978 1616.99555  6.34%  10.2 4273s
 1118078 408864     cutoff   56      1726.44978 1617.07586  6.34%  10.2 4282s
 1119349 409321 1663.43868   95   34 1726.44978 1617.13754  6.33%  10.2 4292s
 1120928 409730 1626.94180   48   21 1726.44978 1617.19827  6.33%  10.2 4301s
 1122513 410087 1719.99332   46   10 1726.44978 1617.26968  6.32%  10.2 4309s
 1123793 410464     cutoff   75      1726.44978 1617.33829  6.32%  10.2 4317s
 1125353 410830 1626.86817   54   37 1726.44978 1617.39439  6.32%  10.2 4325s
 1126612 411243 1669.61338   75   26 1726.44978 1617.45854  6.31%  10.2 4333s
 1128201 411784     cutoff   91      1726.44978 1617.50876  6.31%  10.2 4341s
 1129935 412075 1711.08588  110   23 1726.44978 1617.60469  6.30%  10.2 4349s
 1131013 412505 1642.76568   62   30 1726.44978 1617.65882  6.30%  10.2 4357s
 1132695 412893     cutoff   52      1726.44978 1617.73991  6.30%  10.2 4365s
 1134118 413168 1715.91051   75   26 1726.44978 1617.79036  6.29%  10.2 4373s
 1135345 413593     cutoff   60      1726.44978 1617.84825  6.29%  10.2 4382s
 1137014 413891 1664.24195   61   35 1726.44978 1617.89772  6.29%  10.2 4390s
 1138234 414300     cutoff   74      1726.44978 1617.97067  6.28%  10.2 4398s
 1139827 414685 1668.46251   52   24 1726.44978 1618.02872  6.28%  10.2 4406s
 1141277 415221 1633.94361   49   29 1726.44978 1618.09344  6.28%  10.2 4417s
 1142918 415535     cutoff  101      1726.44978 1618.16174  6.27%  10.2 4425s
 1144229 416084     cutoff   44      1726.44978 1618.20193  6.27%  10.2 4435s
 1145929 416477 1632.84094   54   23 1726.44978 1618.27625  6.27%  10.2 4443s
 1147167 416906 1698.47346   59   39 1726.44978 1618.32698  6.26%  10.2 4453s
 1148820 417292 1635.39255   53   41 1726.44978 1618.39787  6.26%  10.2 4462s
 1150502 417591 1691.32357   66   36 1726.44978 1618.45634  6.26%  10.2 4471s
 1151700 418063 1691.11710   74   29 1726.44978 1618.51764  6.25%  10.2 4479s
H1152675 418068                    1726.4494784 1618.52298  6.25%  10.2 4479s
 1153385 418394 1658.91729   54   18 1726.44948 1618.56665  6.25%  10.2 4486s
 1154622 418864 1724.63986   60    8 1726.44948 1618.64118  6.24%  10.2 4493s
 1156276 419329 1676.93191   69   30 1726.44948 1618.70455  6.24%  10.2 4501s
 1157788 419595 1659.87091   84   40 1726.44948 1618.76267  6.24%  10.2 4507s
 1159038 420043 1679.26646   47   16 1726.44948 1618.82963  6.23%  10.2 4516s
 1160563 420534 1698.81587   74   28 1726.44948 1618.90552  6.23%  10.2 4524s
 1162211 420901 infeasible   96      1726.44948 1618.96859  6.23%  10.2 4531s
 1163470 421264 1669.60726   54   34 1726.44948 1619.03364  6.22%  10.2 4540s
 1165008 421765 1628.51147   89   26 1726.44948 1619.09244  6.22%  10.2 4548s
 1166666 422147 infeasible   67      1726.44948 1619.16742  6.21%  10.2 4555s
 1167820 422612 1718.98282   46   19 1726.44948 1619.20329  6.21%  10.2 4564s
 1169517 422970 1644.07698   65   42 1726.44948 1619.27341  6.21%  10.2 4572s
 1171039 423323 1675.89458  101   45 1726.44948 1619.35786  6.20%  10.2 4579s
 1172711 423671 infeasible   70      1726.44948 1619.42415  6.20%  10.2 4588s
 1174134 424090 1640.28916   69   32 1726.44948 1619.48078  6.20%  10.2 4596s
 1175718 424436     cutoff   88      1726.44948 1619.57232  6.19%  10.2 4604s
 1177032 424889 1718.71784   75   27 1726.44948 1619.61484  6.19%  10.2 4613s
 1178686 425288 infeasible   65      1726.44948 1619.68661  6.18%  10.2 4622s
 1179973 425606 1690.89570   72   38 1726.44948 1619.74197  6.18%  10.2 4631s
 1181484 425997 1689.85363   47   14 1726.44948 1619.79859  6.18%  10.2 4640s
 1183081 426511 1684.70410   57   32 1726.44948 1619.86910  6.17%  10.2 4650s
 1184755 426864     cutoff   65      1726.44948 1619.94739  6.17%  10.2 4661s
 1186112 427180 1693.90785   56   24 1726.44948 1620.01067  6.17%  10.2 4671s
 1187464 427519 1673.66875   52   23 1726.44948 1620.07245  6.16%  10.2 4680s
 1188756 427977 1702.28613   80   28 1726.44948 1620.12275  6.16%  10.2 4689s
 1190500 428321 1700.77094   65   39 1726.44948 1620.20786  6.15%  10.2 4698s
 1191847 428690     cutoff   56      1726.44948 1620.25501  6.15%  10.2 4708s
 1193481 429038 1679.26892   42   15 1726.44948 1620.33320  6.15%  10.2 4717s
 1194800 429115 infeasible   64      1726.44948 1620.38416  6.14%  10.2 4732s
 1195109 429449 infeasible   48      1726.44948 1620.39260  6.14%  10.2 4743s
 1196569 429712     cutoff   74      1726.44948 1620.45350  6.14%  10.2 4754s
 1197928 430120 1710.68334   66   37 1726.44948 1620.51633  6.14%  10.2 4764s
 1199729 430445     cutoff  109      1726.44948 1620.57747  6.13%  10.2 4774s
 1201460 430767 1677.09901   52   38 1726.44948 1620.64247  6.13%  10.2 4782s
 1202797 430857 1699.47146   67   16 1726.44948 1620.70374  6.13%  10.2 4797s
 1203183 431243 1672.44180   47   17 1726.44948 1620.71318  6.12%  10.2 4805s
 1204590 431521 1708.12698   78   35 1726.44948 1620.76098  6.12%  10.2 4814s
 1206081 432011 1704.33801   59   25 1726.44948 1620.82366  6.12%  10.3 4825s
 1207918 432341 1655.67538   66   19 1726.44948 1620.87931  6.11%  10.3 4834s
 1209159 432898 infeasible   61      1726.44948 1620.92936  6.11%  10.3 4845s
 1210969 433321     cutoff   48      1726.44948 1621.02185  6.11%  10.3 4852s
 1212379 433834 1697.79391   91   31 1726.44948 1621.06420  6.10%  10.3 4861s
 1214203 434322     cutoff   92      1726.44948 1621.14135  6.10%  10.3 4869s
 1215924 434854     cutoff   69      1726.44948 1621.20662  6.10%  10.3 4877s
 1217743 435143 1674.66840   68   37 1726.44948 1621.28364  6.09%  10.3 4884s
 1219070 435603 1626.16838   45   33 1726.44948 1621.33977  6.09%  10.3 4893s
 1220785 435973 1677.63072   49   26 1726.44948 1621.39503  6.09%  10.3 4900s
 1222253 436282     cutoff   58      1726.44948 1621.45843  6.08%  10.3 4910s
 1223561 436794 1703.92648   64   28 1726.44948 1621.51018  6.08%  10.3 4921s
 1225329 437196 1710.68185  108   39 1726.44948 1621.57602  6.07%  10.3 4928s
 1226643 437641 1664.98910   69   28 1726.44948 1621.63089  6.07%  10.3 4937s
 1228346 438168 1694.56978   61   27 1726.44948 1621.69932  6.07%  10.3 4945s
 1229917 438647 1721.79067   48   22 1726.44948 1621.75452  6.06%  10.3 4953s
 1231581 438976 1704.57903   51   33 1726.44948 1621.82953  6.06%  10.3 4961s
 1233036 439425 1705.62277   70   25 1726.44948 1621.88634  6.06%  10.3 4971s
 1234690 439762 infeasible   56      1726.44948 1621.95115  6.05%  10.3 4980s
 1236103 440058 1694.16175   65   29 1726.44948 1622.01750  6.05%  10.3 4988s
 1237411 440559 1672.22696   57   29 1726.44948 1622.07356  6.05%  10.3 4998s
 1239080 440793     cutoff   68      1726.44948 1622.13637  6.04%  10.3 5005s
 1240324 441144     cutoff   52      1726.44948 1622.19318  6.04%  10.3 5015s
 1241786 441537 1705.57932   66   30 1726.44948 1622.24513  6.04%  10.3 5024s
 1243441 441855     cutoff   75      1726.44948 1622.30698  6.03%  10.3 5032s
 1244743 442324 1684.32619   64   34 1726.44948 1622.35232  6.03%  10.3 5041s
 1246540 442800 infeasible   52      1726.44948 1622.42461  6.03%  10.3 5049s
 1248280 443156     cutoff   64      1726.44948 1622.50772  6.02%  10.3 5058s
 1249932 443466 1712.48201   70   36 1726.44948 1622.55252  6.02%  10.3 5066s
 1251173 443868 1660.32139   83   45 1726.44948 1622.60244  6.02%  10.3 5075s
 1252804 444337 1683.78894   61   17 1726.44948 1622.67261  6.01%  10.3 5083s
 1254373 444700     cutoff   65      1726.44948 1622.72026  6.01%  10.3 5091s
 1255971 444996     cutoff   76      1726.44948 1622.75609  6.01%  10.3 5098s
 1257366 445302 1647.87587   62   17 1726.44948 1622.82919  6.00%  10.3 5105s
 1258675 445734     cutoff   62      1726.44948 1622.88950  6.00%  10.3 5113s
 1260339 446147     cutoff   54      1726.44948 1622.96536  5.99%  10.3 5120s
 1261765 446480     cutoff   61      1726.44948 1623.00806  5.99%  10.3 5127s
 1263368 446904 1663.66524   76   34 1726.44948 1623.05581  5.99%  10.3 5135s
 1264997 447253 1705.13083   85   17 1726.44948 1623.12625  5.98%  10.3 5142s
 1266345 447593 1627.56737   65   34 1726.44948 1623.19171  5.98%  10.3 5151s
 1267988 448040     cutoff   59      1726.44948 1623.23902  5.98%  10.3 5158s
 1269654 448090 1660.54335   49   14 1726.44948 1623.29365  5.98%  10.3 5176s
 1269791 448433 1625.01799   59   37 1726.44948 1623.29730  5.97%  10.3 5183s
 1271060 448819     cutoff   56      1726.44948 1623.36435  5.97%  10.3 5191s
 1272532 449259 1659.30487   59   22 1726.44948 1623.40941  5.97%  10.3 5202s
 1274215 449657 1719.48483   59    8 1726.44948 1623.46914  5.96%  10.3 5213s
 1275673 450136     cutoff   64      1726.44948 1623.53203  5.96%  10.3 5225s
 1277412 450581     cutoff   71      1726.44948 1623.60405  5.96%  10.3 5237s
 1279179 450909 1674.92594   52   13 1726.44948 1623.67401  5.95%  10.3 5248s
 1280462 451285     cutoff   60      1726.44948 1623.70762  5.95%  10.3 5260s
 1282202 451763 1724.23559   67   19 1726.44948 1623.77129  5.95%  10.3 5271s
 1283990 452103 1652.62710   59   23 1726.44948 1623.84565  5.94%  10.3 5281s
 1285335 452314     cutoff   63      1726.44948 1623.90451  5.94%  10.3 5291s
 1286566 452670     cutoff   69      1726.44948 1623.94412  5.94%  10.3 5300s
 1287959 453129 1685.63740   69   40 1726.44948 1623.99105  5.93%  10.3 5310s
 1289743 453426 1677.61723   61   31 1726.44948 1624.05732  5.93%  10.3 5319s
 1291081 453808 1710.60292   74   27 1726.44948 1624.11882  5.93%  10.3 5330s
 1292847 454050     cutoff   76      1726.44948 1624.16059  5.92%  10.3 5339s
 1294096 454319 1714.66865  109   28 1726.44948 1624.22055  5.92%  10.3 5347s
 1295397 454630     cutoff   58      1726.44948 1624.28067  5.92%  10.3 5357s
 1297130 454978     cutoff   89      1726.44948 1624.36047  5.91%  10.3 5365s
 1298733 455346 1645.64793  108   36 1726.44948 1624.41603  5.91%  10.3 5373s
 1300187 455740     cutoff   77      1726.44948 1624.46178  5.91%  10.3 5382s
 1301921 456185     cutoff   76      1726.44948 1624.53179  5.90%  10.3 5393s
 1303719 456484 infeasible   55      1726.44948 1624.59801  5.90%  10.3 5404s
 1305039 456891 1698.86322   51   28 1726.44948 1624.62926  5.90%  10.3 5415s
 1306661 457300     cutoff   90      1726.44948 1624.69178  5.89%  10.3 5426s
 1308504 457629 1653.97926   82   17 1726.44948 1624.76441  5.89%  10.3 5436s
 1309810 457989 1645.81840   75   43 1726.44948 1624.80575  5.89%  10.3 5447s
 1311554 458454 1721.27735   82   35 1726.44948 1624.89528  5.88%  10.4 5455s
 1313313 458855 infeasible   60      1726.44948 1624.94819  5.88%  10.4 5464s
 1314874 459218 1688.23799   69   33 1726.44948 1625.01451  5.88%  10.4 5473s
 1316160 459531 1691.33622   85   45 1726.44948 1625.06297  5.87%  10.4 5484s
 1317822 459928     cutoff   71      1726.44948 1625.13418  5.87%  10.4 5494s
 1319624 460275     cutoff   75      1726.44948 1625.21461  5.86%  10.4 5505s
 1320985 460734 infeasible   85      1726.44948 1625.25878  5.86%  10.4 5517s
 1322725 461151 1675.50259   65   14 1726.44948 1625.31963  5.86%  10.4 5525s
 1324494 461542     cutoff   56      1726.44948 1625.38731  5.85%  10.4 5535s
 1325874 462039     cutoff   74      1726.44948 1625.43841  5.85%  10.4 5545s
 1327709 462358     cutoff   53      1726.44948 1625.49195  5.85%  10.4 5553s
 1329269 462681 1658.60590   75   49 1726.44948 1625.54760  5.84%  10.4 5562s
 1330624 463138 1659.47747   41   25 1726.44948 1625.59445  5.84%  10.4 5570s
 1332408 463492     cutoff   48      1726.44948 1625.65961  5.84%  10.4 5581s
 1333816 463998 1658.82529   58   20 1726.44948 1625.71370  5.83%  10.4 5593s
 1335562 464398     cutoff   51      1726.44948 1625.76645  5.83%  10.4 5603s
 1336880 464849     cutoff   60      1726.44948 1625.82005  5.83%  10.4 5613s
 1338636 465332 infeasible   48      1726.44948 1625.87685  5.83%  10.4 5622s
 1340302 465672 1701.80286   63   33 1726.44948 1625.93096  5.82%  10.4 5631s
 1341689 466097     cutoff   83      1726.44948 1625.97284  5.82%  10.4 5639s
 1343418 466387 infeasible   58      1726.44948 1626.04564  5.82%  10.4 5647s
 1345035 466666 1636.79602   66   33 1726.44948 1626.11417  5.81%  10.4 5656s
 1346393 467050 1671.77169   55   24 1726.44948 1626.15688  5.81%  10.4 5663s
 1347749 467420 1696.32319   69   38 1726.44948 1626.21322  5.81%  10.4 5672s
 1349480 467778 infeasible  112      1726.44948 1626.28156  5.80%  10.4 5682s
 1351128 468075     cutoff   57      1726.44948 1626.32842  5.80%  10.4 5691s
 1352487 468388 1700.90829   49   30 1726.44948 1626.38826  5.80%  10.4 5700s
 1354001 468695 1708.88094  104   24 1726.44948 1626.46553  5.79%  10.4 5709s
 1355412 469055 1723.89185   76   28 1726.44948 1626.50590  5.79%  10.4 5719s
 1357145 469273 1724.21858   42    9 1726.44948 1626.57431  5.79%  10.4 5728s
 1358488 469628 1637.94232   76   40 1726.44948 1626.62213  5.78%  10.4 5739s
 1360140 470080 infeasible   88      1726.44948 1626.67195  5.78%  10.4 5748s
 1361981 470414 infeasible   58      1726.44948 1626.74170  5.78%  10.4 5757s
 1363362 470848 1686.78843  109   27 1726.44948 1626.78554  5.77%  10.4 5767s
 1365148 471092     cutoff   69      1726.44948 1626.85225  5.77%  10.4 5777s
 1366613 471382 infeasible   56      1726.44948 1626.89227  5.77%  10.4 5785s
 1368007 471750 1707.82982   78   20 1726.44948 1626.98060  5.76%  10.4 5794s
 1369820 471858 1668.37738   94   28 1726.44948 1627.03455  5.76%  10.4 5810s
 1370303 472184 1671.40134   49   24 1726.44948 1627.04857  5.76%  10.4 5817s
 1371726 472647 1639.46078   98   30 1726.44948 1627.10285  5.75%  10.4 5832s
 1373511 472884     cutoff   60      1726.44948 1627.16726  5.75%  10.4 5843s
 1375011 473310 1707.18467   80   19 1726.44948 1627.22776  5.75%  10.4 5855s
 1376855 473554     cutoff   69      1726.44948 1627.29270  5.74%  10.4 5867s
 1378269 473891 1661.82709   57   26 1726.44948 1627.34476  5.74%  10.4 5880s
 1380163 474215 1695.06491   65   18 1726.44948 1627.40421  5.74%  10.4 5891s
 1381684 474659     cutoff   91      1726.44948 1627.46904  5.73%  10.4 5903s
 1383227 475080     cutoff   82      1726.44948 1627.51414  5.73%  10.4 5915s
 1385057 475387 1682.05135   54   17 1726.44948 1627.58530  5.73%  10.4 5926s
 1386446 475764     cutoff   49      1726.44948 1627.62176  5.72%  10.4 5936s
 1387935 476144 1663.01499   68   45 1726.44948 1627.68369  5.72%  10.4 5947s
 1389689 476453 infeasible   75      1726.44948 1627.73737  5.72%  10.4 5958s
 1391300 476745 1686.80861   52   34 1726.44948 1627.82037  5.71%  10.4 5967s
 1392758 477039     cutoff   51      1726.44948 1627.86060  5.71%  10.4 5977s
 1394462 477349 1677.61611   66   13 1726.44948 1627.91183  5.71%  10.4 5987s
 1395822 477751     cutoff   50      1726.44948 1627.98323  5.70%  10.4 5998s
 1397649 478022     cutoff   65      1726.44948 1628.04838  5.70%  10.4 6007s
 1399075 478332 1669.62165   43   36 1726.44948 1628.11334  5.70%  10.4 6016s
 1400398 478723 1671.63780   71   50 1726.44948 1628.15486  5.69%  10.4 6027s
 1402260 479044 1641.36800   67   37 1726.44948 1628.23028  5.69%  10.4 6037s
 1403754 479445     cutoff   53      1726.44948 1628.26039  5.69%  10.4 6047s
 1405485 479755 1696.54332   61   16 1726.44948 1628.33001  5.68%  10.4 6058s
 1407096 480026     cutoff   56      1726.44948 1628.39743  5.68%  10.4 6068s
 1408678 480310 infeasible   64      1726.44948 1628.44128  5.68%  10.4 6079s
 1410406 480625     cutoff   93      1726.44948 1628.49932  5.67%  10.4 6089s
 1411852 481088 1690.63760   74   24 1726.44948 1628.54734  5.67%  10.4 6099s
 1413705 481364 1700.86111   83   28 1726.44948 1628.61060  5.67%  10.4 6110s
 1415311 481633     cutoff   52      1726.44948 1628.66641  5.66%  10.4 6120s
 1416773 481989 1693.52205   89   32 1726.44948 1628.70781  5.66%  10.4 6130s
 1418248 482405     cutoff   95      1726.44948 1628.75556  5.66%  10.4 6139s
 1420145 482729 1662.85580  101   30 1726.44948 1628.82263  5.65%  10.4 6149s
 1421563 483088 1705.69546   43   15 1726.44948 1628.87592  5.65%  10.4 6159s
 1423434 483546 infeasible   65      1726.44948 1628.93683  5.65%  10.5 6169s
 1425308 483912     cutoff   80      1726.44948 1628.99356  5.64%  10.5 6178s
 1426822 484162 1688.14720   56   23 1726.44948 1629.05516  5.64%  10.5 6188s
 1428348 484527 1673.33036   75   40 1726.44948 1629.11220  5.64%  10.5 6197s
 1430130 484855 1673.08911  109   42 1726.44948 1629.16853  5.63%  10.5 6207s
 1431654 485142 1699.16294   65   44 1726.44948 1629.21853  5.63%  10.5 6219s
 1433065 485389     cutoff   65      1726.44948 1629.25871  5.63%  10.5 6242s
 1434304 485718     cutoff  111      1726.44948 1629.31689  5.63%  10.5 6255s
 1435839 486077 infeasible   65      1726.44948 1629.36229  5.62%  10.5 6268s
 1437469 486430     cutoff   78      1726.44948 1629.42117  5.62%  10.5 6280s
 1439500 486713 1698.90509   90   22 1726.44948 1629.48412  5.62%  10.5 6292s
 1441040 487163     cutoff   54      1726.44948 1629.54510  5.61%  10.5 6303s
 1442994 487429 infeasible   54      1726.44948 1629.59496  5.61%  10.5 6313s
 1444570 487786     cutoff   69      1726.44948 1629.64930  5.61%  10.5 6324s
 1446390 488251 1684.76391   82   36 1726.44948 1629.70854  5.60%  10.5 6335s
 1448300 488538     cutoff   51      1726.44948 1629.75330  5.60%  10.5 6344s
 1449716 488893     cutoff   88      1726.44948 1629.81440  5.60%  10.5 6354s
 1451583 489232 1699.56051   67   21 1726.44948 1629.87629  5.59%  10.5 6363s
 1453191 489313 1698.44323   67   29 1726.44948 1629.92709  5.59%  10.5 6376s
 1453585 489563 1702.41452   50   28 1726.44948 1629.94023  5.59%  10.5 6386s
 1455051 489957 1656.62784   99   31 1726.44948 1629.99628  5.59%  10.5 6398s
 1456652 490337     cutoff  104      1726.44948 1630.05758  5.58%  10.5 6410s
 1458659 490638 1687.67491   61   19 1726.44948 1630.12750  5.58%  10.5 6422s
 1460228 490976 1702.49451   75   46 1726.44948 1630.18521  5.58%  10.5 6434s
 1461933 491324 infeasible   65      1726.44948 1630.23634  5.57%  10.5 6447s
 1463618 491638     cutoff  113      1726.44948 1630.29225  5.57%  10.5 6459s
 1465101 491973 infeasible  105      1726.44948 1630.34023  5.57%  10.5 6470s
 1467002 492199     cutoff   87      1726.44948 1630.39667  5.56%  10.5 6480s
 1468447 492573 1682.44685   57   46 1726.44948 1630.44658  5.56%  10.5 6490s
 1470185 492951     cutoff  100      1726.44948 1630.53080  5.56%  10.5 6500s
 1471771 493304 1714.54336   61   29 1726.44948 1630.58071  5.55%  10.5 6511s
 1473650 493637 1691.29076   85   33 1726.44948 1630.64910  5.55%  10.5 6522s
 1475250 494023 1667.92248  112   24 1726.44948 1630.69934  5.55%  10.5 6533s
 1477023 494373 infeasible   50      1726.44948 1630.75523  5.54%  10.5 6545s
 1478503 494841     cutoff   64      1726.44948 1630.81626  5.54%  10.5 6559s
 1480432 495133 1638.43757   45   18 1726.44948 1630.86833  5.54%  10.5 6570s
 1481909 495552     cutoff   92      1726.44948 1630.91815  5.53%  10.5 6580s
H1483131 495553                    1726.4490652 1630.92895  5.53%  10.5 6580s
 1483722 495955 infeasible  125      1726.44907 1630.98123  5.53%  10.5 6591s
 1485527 496219 1680.51177   71   27 1726.44907 1631.04086  5.53%  10.5 6607s
 1486900 496469 1666.04417   55   26 1726.44907 1631.09676  5.52%  10.5 6622s
 1488425 496816     cutoff  106      1726.44907 1631.15801  5.52%  10.5 6636s
 1489963 497108     cutoff   82      1726.44907 1631.20115  5.52%  10.5 6648s
 1491503 497510 1671.61023   80   35 1726.44907 1631.25553  5.51%  10.5 6659s
 1493402 497860     cutoff   60      1726.44907 1631.30678  5.51%  10.5 6672s
 1494865 498221 1651.77487   84   26 1726.44907 1631.36017  5.51%  10.5 6682s
 1496762 498597     cutoff   57      1726.44907 1631.42261  5.50%  10.5 6692s
 1498615 498910     cutoff   59      1726.44907 1631.46435  5.50%  10.5 6702s
 1500136 499299     cutoff   72      1726.44907 1631.52999  5.50%  10.5 6715s
 1502121 499674 1665.32110   86   36 1726.44907 1631.57719  5.50%  10.5 6727s
 1503599 500054 1701.80584   66   39 1726.44907 1631.63652  5.49%  10.5 6738s
 1505404 500479 1691.18860   57   18 1726.44907 1631.69395  5.49%  10.5 6748s
 1507219 500795     cutoff  103      1726.44907 1631.75852  5.48%  10.5 6759s
 1508792 501086 1719.74871  124   16 1726.44907 1631.79992  5.48%  10.5 6768s
 1510533 501374 1712.52624   87   45 1726.44907 1631.86892  5.48%  10.5 6778s
 1511999 501787 1685.12476   78   39 1726.44907 1631.91397  5.48%  10.5 6788s
 1513785 502037 1712.63364   56   31 1726.44907 1631.97837  5.47%  10.5 6798s
 1515327 502415     cutoff   59      1726.44907 1632.02847  5.47%  10.5 6809s
 1517159 502531 infeasible   56      1726.44907 1632.09224  5.47%  10.5 6822s
 1517735 502876 1705.55404   59   19 1726.44907 1632.10540  5.46%  10.5 6836s
 1519290 503228 1710.27759   60   23 1726.44907 1632.15999  5.46%  10.5 6850s
 1521149 503519     cutoff   66      1726.44907 1632.22952  5.46%  10.5 6864s
 1522693 503867 1694.26487   66   11 1726.44907 1632.27095  5.46%  10.5 6878s
 1524610 504220 1723.70326   57   14 1726.44907 1632.32095  5.45%  10.5 6890s
 1526135 504538 1697.49016   53   35 1726.44907 1632.38198  5.45%  10.5 6901s
 1528057 504888 1676.02647   55   16 1726.44907 1632.43882  5.45%  10.5 6910s
 1529889 505197 1704.77374   78   43 1726.44907 1632.50424  5.44%  10.5 6922s
 1531413 505439     cutoff   73      1726.44907 1632.55917  5.44%  10.5 6936s
 1533124 505699 1683.07853   81   26 1726.44907 1632.61921  5.43%  10.5 6950s
 1534685 506078 1678.54525   55   22 1726.44907 1632.66346  5.43%  10.5 6965s
 1536600 506319 infeasible   63      1726.44907 1632.72111  5.43%  10.5 6976s
 1538024 506682     cutoff   71      1726.44907 1632.76905  5.43%  10.6 6988s
 1539872 506993 1708.98098   78   38 1726.44907 1632.85368  5.42%  10.6 7001s
 1541462 507311     cutoff   67      1726.44907 1632.90631  5.42%  10.6 7013s
 1543247 507555 infeasible   49      1726.44907 1632.95880  5.42%  10.6 7026s
 1544702 507870     cutoff  101      1726.44907 1633.01837  5.41%  10.6 7038s
 1546320 508275     cutoff   79      1726.44907 1633.06816  5.41%  10.6 7052s
 1548134 508568 infeasible   65      1726.44907 1633.12656  5.41%  10.6 7064s
 1550033 508833 infeasible   88      1726.44907 1633.18950  5.40%  10.6 7076s
 1551505 509027 infeasible   82      1726.44907 1633.23529  5.40%  10.6 7086s
 1552956 509262 1676.55821   73   32 1726.44907 1633.29764  5.40%  10.6 7097s
 1554508 509642 1681.50139   66   23 1726.44907 1633.33897  5.39%  10.6 7109s
 1556377 509850 1676.12252   78   36 1726.44907 1633.40777  5.39%  10.6 7119s
 1557841 510152 1708.47743   40   11 1726.44907 1633.47243  5.39%  10.6 7131s
 1559518 510479 1698.72015   68   22 1726.44907 1633.53389  5.38%  10.6 7142s
 1561449 510749 1711.92754   52   12 1726.44907 1633.59017  5.38%  10.6 7152s
 1563121 511002 1660.60119   48   24 1726.44907 1633.66052  5.37%  10.6 7161s
 1564650 511350 1724.09237   54    - 1726.44907 1633.70815  5.37%  10.6 7171s
 1566564 511730 infeasible   67      1726.44907 1633.76130  5.37%  10.6 7180s
 1568078 512002 infeasible   61      1726.44907 1633.80231  5.37%  10.6 7190s
 1569896 512426 1714.38660   82   35 1726.44907 1633.86606  5.36%  10.6 7200s

Cutting planes:
  Gomory: 11
  MIR: 1
  Zero half: 7
  RLT: 1
  Lazy constraints: 7147

Explored 1571701 nodes (16623296 simplex iterations) in 7200.13 seconds
Thread count was 12 (of 12 available processors)

Solution count 5: 1726.45 1728.46 1791.2 ... 4147.15

Time limit reached
Best objective 1.726449065183e+03, best bound 1.633914339512e+03, gap 5.3598%

User-callback calls 4364885, time in user-callback 2.27 sec
/projects/academic/josewalt/caigao/RRARP_BD/BendersDecomp/ret/model_outs/n_23_m_4_algo_3.out
 =====>>>>> Solution is written to file in <../ret/model_outs> !!!
===>> All Done!
