NPROCS=0
This instance is clustered!
Gurobi Optimizer version 9.0.0 build v9.0.0rc2 (linux64)
Optimize a model with 24 rows, 145 columns and 288 nonzeros
Model fingerprint: 0x85cb7837
Variable types: 1 continuous, 144 integer (144 binary)
Coefficient statistics:
  Matrix range     [1e+00, 1e+00]
  Objective range  [1e+00, 9e+01]
  Bounds range     [1e+00, 1e+00]
  RHS range        [1e+00, 1e+00]
Presolve removed 2 rows and 33 columns
Presolve time: 0.00s
Presolved: 22 rows, 112 columns, 222 nonzeros
Variable types: 1 continuous, 111 integer (111 binary)

Root relaxation: objective 2.226205e+02, 23 iterations, 0.00 seconds

    Nodes    |    Current Node    |     Objective Bounds      |     Work
 Expl Unexpl |  Obj  Depth IntInf | Incumbent    BestBd   Gap | It/Node Time

     0     0  224.52607    0    8          -  224.52607      -     -    0s
 done with super cut 0
 done with super cut 1
H    0     0                     309.1445194  224.52607  27.4%     -    0s
 done with super cut 2
 done with super cut 3
H    0     0                     292.3415567  224.52607  23.2%     -    0s
     0     0  237.23219    0   22  292.34156  237.23219  18.9%     -    0s
 done with super cut 4
     0     0  239.48294    0   19  292.34156  239.48294  18.1%     -    0s
 done with super cut 5
 done with super cut 6
 done with super cut 7
H    0     0                     277.7455659  239.48294  13.8%     -    0s
     0     0  246.47071    0   24  277.74557  246.47071  11.3%     -    0s
     0     0  246.47071    0   22  277.74557  246.47071  11.3%     -    0s
     0     0  246.47071    0   24  277.74557  246.47071  11.3%     -    0s
     0     0  246.47071    0   31  277.74557  246.47071  11.3%     -    0s
 done with super cut 8
 done with super cut 9
 done with super cut 10
H    0     0                     277.0371903  246.47071  11.0%     -    1s
     0     0  246.95378    0   31  277.03719  246.95378  10.9%     -    1s
     0     0  247.11902    0   30  277.03719  247.11902  10.8%     -    1s
     0     0  247.14482    0   30  277.03719  247.14482  10.8%     -    1s
     0     0  247.24531    0   30  277.03719  247.24531  10.8%     -    1s
     0     0  247.24531    0   30  277.03719  247.24531  10.8%     -    1s
     0     2  252.51428    0   30  277.03719  252.51428  8.85%     -    1s

Cutting planes:
  Gomory: 2
  MIR: 4
  Zero half: 5
  Lazy constraints: 25

Explored 133 nodes (851 simplex iterations) in 1.24 seconds
Thread count was 12 (of 12 available processors)

Solution count 4: 277.037 277.746 292.342 309.145 

Optimal solution found (tolerance 1.00e-04)
Best objective 2.770371902570e+02, best bound 2.770371902570e+02, gap 0.0000%

User-callback calls 451, time in user-callback 1.18 sec
/projects/academic/josewalt/caigao/RRARP_BD/BendersDecomp/ret/model_outs/n_10_e_7_algo_4.out
 =====>>>>> Solution is written to file in <../ret/model_outs> !!!
===>> All Done!
