NPROCS=0
This instance is clustered!
Gurobi Optimizer version 9.0.0 build v9.0.0rc2 (linux64)
Optimize a model with 26 rows, 170 columns and 338 nonzeros
Model fingerprint: 0xbf9e199c
Variable types: 1 continuous, 169 integer (169 binary)
Coefficient statistics:
  Matrix range     [1e+00, 1e+00]
  Objective range  [1e+00, 1e+02]
  Bounds range     [1e+00, 1e+00]
  RHS range        [1e+00, 1e+00]
 done with super cut 0
Presolve removed 2 rows and 36 columns
Presolve time: 0.00s
Presolved: 24 rows, 134 columns, 266 nonzeros
Variable types: 1 continuous, 133 integer (133 binary)

Root relaxation: objective 1.798289e+02, 17 iterations, 0.00 seconds

    Nodes    |    Current Node    |     Objective Bounds      |     Work
 Expl Unexpl |  Obj  Depth IntInf | Incumbent    BestBd   Gap | It/Node Time

     0     0  232.70826    0   10          -  232.70826      -     -    0s
 done with super cut 1
     0     0  282.57301    0   24          -  282.57301      -     -    0s
 done with super cut 2
 done with super cut 3
H    0     0                     504.9907449  282.57301  44.0%     -    0s
 done with super cut 4
 done with super cut 5
H    0     0                     465.1221288  282.57301  39.2%     -    1s
     0     0  282.57301    0   24  465.12213  282.57301  39.2%     -    1s
 done with super cut 6
 done with super cut 7
H    0     0                     340.7469545  282.57301  17.1%     -    1s
     0     2  283.12178    0   26  340.74695  283.12178  16.9%     -    1s
 done with super cut 8
 done with super cut 9
 done with super cut 10

Cutting planes:
  Gomory: 1
  Lazy constraints: 42

Explored 141 nodes (704 simplex iterations) in 3.60 seconds
Thread count was 12 (of 12 available processors)

Solution count 3: 340.747 465.122 504.991 

Optimal solution found (tolerance 1.00e-04)
Best objective 3.407469545355e+02, best bound 3.407469545355e+02, gap 0.0000%

User-callback calls 414, time in user-callback 3.55 sec
/projects/academic/josewalt/caigao/RRARP_BD/BendersDecomp/ret/model_outs/n_11_m_7_algo_4.out
 =====>>>>> Solution is written to file in <../ret/model_outs> !!!
===>> All Done!
