NPROCS=0
This instance is clustered!
Gurobi Optimizer version 9.0.0 build v9.0.0rc2 (linux64)
Optimize a model with 54 rows, 730 columns and 1458 nonzeros
Model fingerprint: 0xccd6f2b7
Variable types: 1 continuous, 729 integer (729 binary)
Coefficient statistics:
  Matrix range     [1e+00, 1e+00]
  Objective range  [1e+00, 7e+02]
  Bounds range     [1e+00, 1e+00]
  RHS range        [1e+00, 1e+00]
Presolve removed 2 rows and 78 columns
Presolve time: 0.01s
Presolved: 52 rows, 652 columns, 1302 nonzeros
Variable types: 1 continuous, 651 integer (651 binary)

Root relaxation: objective 1.347119e+03, 44 iterations, 0.00 seconds

    Nodes    |    Current Node    |     Objective Bounds      |     Work
 Expl Unexpl |  Obj  Depth IntInf | Incumbent    BestBd   Gap | It/Node Time

     0     0 1360.49237    0    8          - 1360.49237      -     -    0s
 done with super cut 0
     0     0 2118.48054    0   51          - 2118.48054      -     -    1s
 done with super cut 1
 done with super cut 2
 done with super cut 3
H    0     0                    2597.0697176 2118.48054  18.4%     -   15s
 done with super cut 4
 done with super cut 5
 done with super cut 6
H    0     0                    2412.7811020 2127.62128  11.8%     -   49s
     0     0 2127.62128    0   50 2412.78110 2127.62128  11.8%     -   49s
 done with super cut 7
     0     0 2138.06012    0   52 2412.78110 2138.06012  11.4%     -   60s
     0     0 2142.04330    0   56 2412.78110 2142.04330  11.2%     -   60s
 done with super cut 8
 done with super cut 9
 done with super cut 10
     0     0 2142.04330    0   56 2412.78110 2142.04330  11.2%     -   99s
     0     0 2147.57711    0   62 2412.78110 2147.57711  11.0%     -   99s
     0     0 2147.57711    0   62 2412.78110 2147.57711  11.0%     -   99s
H    0     0                    2385.5287896 2147.57711  10.0%     -   99s
H    0     0                    2348.1012171 2147.57711  8.54%     -   99s
     0     0 2147.57711    0   54 2348.10122 2147.57711  8.54%     -   99s
     0     0 2147.57711    0   53 2348.10122 2147.57711  8.54%     -   99s
     0     0 2148.35962    0   63 2348.10122 2148.35962  8.51%     -   99s
     0     0 2149.84286    0   64 2348.10122 2149.84286  8.44%     -   99s
     0     0 2149.94802    0   64 2348.10122 2149.94802  8.44%     -   99s
     0     0 2150.02341    0   65 2348.10122 2150.02341  8.44%     -   99s
     0     0 2150.02341    0   65 2348.10122 2150.02341  8.44%     -   99s
H    0     0                    2329.1768926 2150.02341  7.69%     -   99s
     0     2 2164.45443    0   65 2329.17689 2164.45443  7.07%     -   99s

Cutting planes:
  Gomory: 2
  Cover: 2
  MIR: 2
  Inf proof: 1
  Zero half: 1
  RLT: 3
  Lazy constraints: 99

Explored 5828 nodes (59869 simplex iterations) in 99.93 seconds
Thread count was 12 (of 12 available processors)

Solution count 5: 2329.18 2348.1 2385.53 ... 2597.07

Optimal solution found (tolerance 1.00e-04)
Best objective 2.329176892570e+03, best bound 2.329176892570e+03, gap 0.0000%

User-callback calls 12447, time in user-callback 98.92 sec
/projects/academic/josewalt/caigao/RRARP_BD/BendersDecomp/ret/model_outs/n_25_e_5_algo_4.out
 =====>>>>> Solution is written to file in <../ret/model_outs> !!!
===>> All Done!
