NPROCS=0
This instance is clustered!
Gurobi Optimizer version 9.0.0 build v9.0.0rc2 (linux64)
Optimize a model with 36 rows, 325 columns and 648 nonzeros
Model fingerprint: 0xac02e226
Variable types: 1 continuous, 324 integer (324 binary)
Coefficient statistics:
  Matrix range     [1e+00, 1e+00]
  Objective range  [1e+00, 3e+02]
  Bounds range     [1e+00, 1e+00]
  RHS range        [1e+00, 1e+00]
Presolve removed 2 rows and 51 columns
Presolve time: 0.00s
Presolved: 34 rows, 274 columns, 546 nonzeros
Variable types: 1 continuous, 273 integer (273 binary)

Root relaxation: objective 6.348714e+02, 32 iterations, 0.00 seconds

    Nodes    |    Current Node    |     Objective Bounds      |     Work
 Expl Unexpl |  Obj  Depth IntInf | Incumbent    BestBd   Gap | It/Node Time

     0     0  847.98604    0   36          -  847.98604      -     -    0s
H    0     0                    2302.5872608  847.98604  63.2%     -    0s
H    0     0                    1095.2536442  847.98604  22.6%     -    0s
     0     0  853.56554    0   35 1095.25364  853.56554  22.1%     -    0s
     0     0  854.36804    0   32 1095.25364  854.36804  22.0%     -    0s
H    0     0                    1004.0972876  854.36804  14.9%     -    0s
H    0     0                     987.7584075  854.36804  13.5%     -    0s
     0     0  854.53665    0   42  987.75841  854.53665  13.5%     -    0s
     0     2  864.69076    0   42  987.75841  864.69076  12.5%     -    0s
H   34    38                     959.9613400  869.06069  9.47%   7.6    0s
* 3712   207              20     955.8457371  933.76191  2.31%   6.6    0s
* 4150     2              16     955.5541943  941.60077  1.46%   6.7    0s

Cutting planes:
  Gomory: 2
  Inf proof: 1
  Lazy constraints: 159

Explored 4255 nodes (28685 simplex iterations) in 0.65 seconds
Thread count was 12 (of 12 available processors)

Solution count 7: 955.554 955.846 959.961 ... 2302.59

Optimal solution found (tolerance 1.00e-04)
Best objective 9.555541943459e+02, best bound 9.555541943459e+02, gap 0.0000%

User-callback calls 9170, time in user-callback 0.02 sec
/projects/academic/josewalt/caigao/RRARP_BD/BendersDecomp/ret/model_outs/n_16_e_5_algo_3.out
 =====>>>>> Solution is written to file in <../ret/model_outs> !!!
===>> All Done!
