NPROCS=0
This instance is clustered!
Gurobi Optimizer version 9.0.0 build v9.0.0rc2 (linux64)
Optimize a model with 46 rows, 530 columns and 1058 nonzeros
Model fingerprint: 0xb165d3a5
Variable types: 1 continuous, 529 integer (529 binary)
Coefficient statistics:
  Matrix range     [1e+00, 1e+00]
  Objective range  [1e+00, 5e+02]
  Bounds range     [1e+00, 1e+00]
  RHS range        [1e+00, 1e+00]
Presolve removed 2 rows and 66 columns
Presolve time: 0.01s
Presolved: 44 rows, 464 columns, 926 nonzeros
Variable types: 1 continuous, 463 integer (463 binary)

Root relaxation: objective 1.165920e+03, 44 iterations, 0.00 seconds

    Nodes    |    Current Node    |     Objective Bounds      |     Work
 Expl Unexpl |  Obj  Depth IntInf | Incumbent    BestBd   Gap | It/Node Time

     0     0 1461.52391    0   24          - 1461.52391      -     -    0s
H    0     0                    1989.5033414 1461.52391  26.5%     -    0s
H    0     0                    1877.6486921 1461.52391  22.2%     -    0s
     0     0 1466.10551    0   18 1877.64869 1466.10551  21.9%     -    0s
     0     2 1484.16233    0   24 1877.64869 1484.16233  21.0%     -    0s
* 1574   972              19    1814.4424704 1576.85442  13.1%   6.3    0s
* 1692   933              39    1798.3490861 1576.85442  12.3%   6.2    0s
* 3050  1446              28    1775.3597891 1595.27130  10.1%   6.2    0s
* 3051  1369              28    1760.8247226 1595.27130  9.40%   6.2    0s
* 3434  1423              23    1749.3821953 1605.48938  8.23%   6.3    0s
H 3969  1511                    1749.0448780 1610.92415  7.90%   6.3    1s
H 3977  1440                    1747.1264972 1610.92415  7.80%   6.3    2s
* 4631  1518              60    1744.5251185 1610.92415  7.66%   6.7    3s
* 7067  1575              52    1744.1878012 1629.17887  6.59%   6.7    4s
* 7068  1504              52    1742.2694204 1629.17887  6.49%   6.7    4s
  8221  1703 1654.71726   24   15 1742.26942 1637.47412  6.01%   6.8    5s
 23711  3341 1723.86823   33   12 1742.26942 1692.24200  2.87%   7.5   10s

Cutting planes:
  Gomory: 4
  Zero half: 7
  Lazy constraints: 827

Explored 33186 nodes (258029 simplex iterations) in 13.24 seconds
Thread count was 12 (of 12 available processors)

Solution count 10: 1742.27 1744.19 1744.53 ... 1814.44

Optimal solution found (tolerance 1.00e-04)
Best objective 1.742269420420e+03, best bound 1.742269420420e+03, gap 0.0000%

User-callback calls 72118, time in user-callback 0.16 sec
/projects/academic/josewalt/caigao/RRARP_BD/BendersDecomp/ret/model_outs/n_21_e_1_algo_3.out
 =====>>>>> Solution is written to file in <../ret/model_outs> !!!
===>> All Done!
