NPROCS=0
This instance is clustered!
Gurobi Optimizer version 9.0.0 build v9.0.0rc2 (linux64)
Optimize a model with 28 rows, 197 columns and 392 nonzeros
Model fingerprint: 0x32efeffa
Variable types: 1 continuous, 196 integer (196 binary)
Coefficient statistics:
  Matrix range     [1e+00, 1e+00]
  Objective range  [1e+00, 1e+02]
  Bounds range     [1e+00, 1e+00]
  RHS range        [1e+00, 1e+00]
Presolve removed 2 rows and 39 columns
Presolve time: 0.00s
Presolved: 26 rows, 158 columns, 314 nonzeros
Variable types: 1 continuous, 157 integer (157 binary)

Root relaxation: objective 1.636945e+02, 20 iterations, 0.00 seconds

    Nodes    |    Current Node    |     Objective Bounds      |     Work
 Expl Unexpl |  Obj  Depth IntInf | Incumbent    BestBd   Gap | It/Node Time

     0     0  203.74788    0    8          -  203.74788      -     -    0s
H    0     0                     695.6470450  203.74788  70.7%     -    0s
H    0     0                     596.8959867  203.74788  65.9%     -    0s
     0     0  304.24283    0   16  596.89599  304.24283  49.0%     -    0s
H    0     0                     398.4220104  304.24283  23.6%     -    0s
     0     0  304.24283    0   16  398.42201  304.24283  23.6%     -    0s
     0     2  307.69655    0   16  398.42201  307.69655  22.8%     -    0s
  8679  2988  356.20036   18   17  398.42201  351.60058  11.8%   3.7    5s
 13139  3917  378.42463   23   14  398.42201  358.62436  10.0%   3.7   10s
 15476  4337     cutoff   11       398.42201  362.18719  9.09%   3.7   16s
 17363  4578  395.36248   30    9  398.42201  364.99333  8.39%   3.7   20s
 21284  4869  394.51893   24   10  398.42201  370.25607  7.07%   3.7   26s
 23154  4904  395.77662   27   15  398.42201  372.38802  6.53%   3.7   30s
 25861  4739  393.47289   33   16  398.42201  375.49008  5.76%   3.7   35s
 27079  4628  396.35207   36   19  398.42201  377.14236  5.34%   3.7   40s
 29788  4104  386.30140   29    6  398.42201  380.79773  4.42%   3.7   45s
 31337  3763     cutoff   33       398.42201  382.87085  3.90%   3.7   50s
 33652  3058 infeasible   31       398.42201  386.44155  3.01%   3.6   56s
 35198  2331 infeasible   36       398.42201  388.81529  2.41%   3.6   60s
 37572   782 infeasible   26       398.42201  392.76439  1.42%   3.6   66s

Cutting planes:
  Gomory: 1
  Lazy constraints: 9300

Explored 39207 nodes (140679 simplex iterations) in 68.27 seconds
Thread count was 12 (of 12 available processors)

Solution count 3: 398.422 596.896 695.647 

Optimal solution found (tolerance 1.00e-04)
Best objective 3.984220104192e+02, best bound 3.984220104192e+02, gap 0.0000%

User-callback calls 112924, time in user-callback 0.60 sec
/projects/academic/josewalt/caigao/RRARP_BD/BendersDecomp/ret/model_outs/n_12_h_10_algo_2.out
 =====>>>>> Solution is written to file in <../ret/model_outs> !!!
===>> All Done!
