NPROCS=0
This instance is clustered!
Gurobi Optimizer version 9.0.0 build v9.0.0rc2 (linux64)
Optimize a model with 40 rows, 401 columns and 800 nonzeros
Model fingerprint: 0xf4a7faf9
Variable types: 1 continuous, 400 integer (400 binary)
Coefficient statistics:
  Matrix range     [1e+00, 1e+00]
  Objective range  [1e+00, 4e+02]
  Bounds range     [1e+00, 1e+00]
  RHS range        [1e+00, 1e+00]
Presolve removed 2 rows and 57 columns
Presolve time: 0.00s
Presolved: 38 rows, 344 columns, 686 nonzeros
Variable types: 1 continuous, 343 integer (343 binary)

Root relaxation: objective 6.798931e+02, 34 iterations, 0.00 seconds

    Nodes    |    Current Node    |     Objective Bounds      |     Work
 Expl Unexpl |  Obj  Depth IntInf | Incumbent    BestBd   Gap | It/Node Time

     0     0  878.98840    0    8          -  878.98840      -     -    0s
     0     0  899.20963    0   12          -  899.20963      -     -    0s
     0     0  965.88988    0   11          -  965.88988      -     -    0s
H    0     0                    1083.9657692  965.88988  10.9%     -    0s
     0     0  965.88988    0   11 1083.96577  965.88988  10.9%     -    0s
     0     0  967.60226    0   36 1083.96577  967.60226  10.7%     -    0s
     0     0  967.60226    0   11 1083.96577  967.60226  10.7%     -    0s
H    0     0                    1083.9657380  967.60226  10.7%     -    0s
H    0     0                    1083.9656999  967.60226  10.7%     -    0s
     0     0  967.60226    0   44 1083.96570  967.60226  10.7%     -    0s
     0     0  967.69523    0   44 1083.96570  967.69523  10.7%     -    0s
     0     0  967.69523    0   29 1083.96570  967.69523  10.7%     -    0s
     0     2  967.69523    0   29 1083.96570  967.69523  10.7%     -    0s
 12349   957     cutoff   25      1083.96570 1066.87123  1.58%   4.8    5s

Cutting planes:
  Gomory: 3
  MIR: 1
  Zero half: 1
  RLT: 1
  Lazy constraints: 2297

Explored 14200 nodes (67429 simplex iterations) in 6.15 seconds
Thread count was 12 (of 12 available processors)

Solution count 1: 1083.97 

Optimal solution found (tolerance 1.00e-04)
Best objective 1.083965699948e+03, best bound 1.083965699948e+03, gap 0.0000%

User-callback calls 31829, time in user-callback 0.24 sec
/projects/academic/josewalt/caigao/RRARP_BD/BendersDecomp/ret/model_outs/n_18_e_10_algo_2.out
 =====>>>>> Solution is written to file in <../ret/model_outs> !!!
===>> All Done!
