NPROCS=0
This instance is clustered!
Gurobi Optimizer version 9.0.0 build v9.0.0rc2 (linux64)
Optimize a model with 36 rows, 325 columns and 648 nonzeros
Model fingerprint: 0x5edd89f0
Variable types: 1 continuous, 324 integer (324 binary)
Coefficient statistics:
  Matrix range     [1e+00, 1e+00]
  Objective range  [1e+00, 2e+02]
  Bounds range     [1e+00, 1e+00]
  RHS range        [1e+00, 1e+00]
Presolve removed 2 rows and 51 columns
Presolve time: 0.00s
Presolved: 34 rows, 274 columns, 546 nonzeros
Variable types: 1 continuous, 273 integer (273 binary)

Root relaxation: objective 5.264712e+02, 29 iterations, 0.00 seconds

    Nodes    |    Current Node    |     Objective Bounds      |     Work
 Expl Unexpl |  Obj  Depth IntInf | Incumbent    BestBd   Gap | It/Node Time

     0     0  559.99654    0    8          -  559.99654      -     -    0s
     0     0  624.07024    0    8          -  624.07024      -     -    0s
H    0     0                     768.9946633  624.07024  18.8%     -    0s
     0     0  626.58501    0    6  768.99466  626.58501  18.5%     -    0s
     0     2  626.61557    0   17  768.99466  626.61557  18.5%     -    0s
* 3852  1974              34     767.2317265  670.30432  12.6%   3.9    1s
  5975  2761  698.75677   17    6  767.23173  676.91634  11.8%   3.9    9s
  5979  2764  740.93706   14   53  767.23173  676.91634  11.8%   3.9   10s
  9295  3693  676.91634   36   38  767.23173  676.91634  11.8%   4.2   15s
 16052  5244  702.68326   29    -  767.23173  682.38643  11.1%   4.4   20s
 20130  7053     cutoff   39       767.23173  687.88439  10.3%   4.4   25s
 23458  8326  725.11185   28    7  767.23173  691.55007  9.86%   4.5   30s
 26126  9337  701.62167   30   22  767.23173  693.72760  9.58%   4.5   35s
 28679 10378  737.67310   31    6  767.23173  695.83426  9.31%   4.6   40s
 31058 11210     cutoff   34       767.23173  697.46847  9.09%   4.6   46s
 32848 11797  751.25116   29    -  767.23173  699.10275  8.88%   4.6   50s
 34907 12568  720.30616   26   12  767.23173  700.29626  8.72%   4.6   56s
 36388 13112  716.62764   26   11  767.23173  701.32661  8.59%   4.6   60s
 37930 13603  738.72449   34   10  767.23173  702.28579  8.46%   4.6   65s
 39458 14050  725.95047   35    6  767.23173  702.96832  8.38%   4.6   70s
 40850 14496  728.79194   33    -  767.23173  704.13891  8.22%   4.6   76s
 42396 15022  727.71876   31   19  767.23173  704.71737  8.15%   4.7   82s
 43197 15290  760.96413   43   13  767.23173  705.30459  8.07%   4.7   86s
 44757 15797     cutoff   39       767.23173  706.06989  7.97%   4.7   92s
 45565 16068  732.41531   30   24  767.23173  706.54233  7.91%   4.7   95s
 47012 16508     cutoff   37       767.23173  707.48504  7.79%   4.7  102s
 47827 16719  722.72708   33   10  767.23173  707.95427  7.73%   4.7  106s
 48601 16922  759.11057   39   27  767.23173  708.20093  7.69%   4.7  110s
 50213 17408  752.30419   43    6  767.23173  709.01381  7.59%   4.7  118s
 51040 17683  723.27907   25   16  767.23173  709.13927  7.57%   4.7  123s
 51865 17938     cutoff   37       767.23173  709.75651  7.49%   4.7  127s
 52686 18226  730.09501   39   10  767.23173  710.27396  7.42%   4.7  132s
 53577 18452     cutoff   43       767.23173  710.61878  7.38%   4.7  137s
 54413 18690  756.18896   30    9  767.23173  711.12138  7.31%   4.7  141s
 55205 18926     cutoff   31       767.23173  711.33318  7.29%   4.7  146s
 56043 19152     cutoff   47       767.23173  711.68791  7.24%   4.7  152s
 56890 19409     cutoff   47       767.23173  712.09905  7.19%   4.7  157s
 57745 19639  732.49498   27   18  767.23173  712.17786  7.18%   4.7  162s
 58590 19836     cutoff   30       767.23173  712.72819  7.10%   4.7  168s
 59420 20064     cutoff   33       767.23173  713.16822  7.05%   4.7  174s
 60274 20356     cutoff   39       767.23173  713.49217  7.00%   4.7  180s
 61161 20603  744.79924   49    7  767.23173  713.60545  6.99%   4.7  187s
 62044 20891     cutoff   48       767.23173  714.03993  6.93%   4.7  193s
 62901 21146  752.17802   24   22  767.23173  714.24065  6.91%   4.7  199s
 63781 21384     cutoff   30       767.23173  714.39872  6.89%   4.7  206s
 64639 21597  730.73391   35   18  767.23173  714.79486  6.83%   4.7  213s
 65528 21824     cutoff   37       767.23173  715.02299  6.80%   4.7  220s
 66431 22064  746.20799   33   18  767.23173  715.35225  6.76%   4.7  227s
 67357 22358  731.40992   28   16  767.23173  715.80464  6.70%   4.7  233s
 68292 22567  762.50918   32   25  767.23173  716.04939  6.67%   4.7  241s
 69198 22802  746.64066   39   25  767.23173  716.32694  6.63%   4.7  248s
 70122 23032  747.65615   35   11  767.23173  716.46443  6.62%   4.7  255s
 71093 23343     cutoff   46       767.23173  717.01781  6.54%   4.7  263s
 72049 23541  732.85778   44   23  767.23173  717.35386  6.50%   4.7  270s
 72984 23798  723.89523   35    6  767.23173  717.41417  6.49%   4.7  278s
 73958 24013  739.61261   36    -  767.23173  717.73071  6.45%   4.7  285s
 74884 24287  741.72191   36   33  767.23173  718.04300  6.41%   4.7  293s
 75877 24475  752.24886   30   15  767.23173  718.50332  6.35%   4.7  302s
 76843 24673  734.63554   42    6  767.23173  718.62433  6.34%   4.7  312s
 76845 24674  720.44199   24   21  767.23173  718.62433  6.34%   4.7  317s
 76847 24676  742.35294   48   46  767.23173  718.62433  6.34%   4.7  321s
 76848 24676  723.41841   48   49  767.23173  718.62433  6.34%   4.7  325s
 76850 24678  738.40746   25   24  767.23173  718.62433  6.34%   4.7  330s
 76852 24682  718.62433   25   48  767.23173  718.62433  6.34%   4.7  335s
 76858 24690  718.62433   27   35  767.23173  718.62433  6.34%   4.7  342s
 76878 24706  718.62433   29   13  767.23173  718.62433  6.34%   4.7  345s
 76929 24745  718.62433   31   29  767.23173  718.62433  6.34%   4.7  350s
 77030 24804  718.62433   36   45  767.23173  718.62433  6.34%   4.7  355s
 77172 24822  718.62433   40   36  767.23173  718.62433  6.34%   4.7  360s
 77407 24890  752.81001   49   17  767.23173  718.62433  6.34%   4.7  365s
 77634 24917  718.62433   42   32  767.23173  718.62433  6.34%   4.7  370s
 77890 24947     cutoff   51       767.23173  718.62433  6.34%   4.7  375s
 78137 25030  718.62433   48   22  767.23173  718.62433  6.34%   4.7  380s
 78516 25112  718.62433   48   32  767.23173  718.62433  6.34%   4.7  385s
 78855 25192  766.42688   54    -  767.23173  718.62433  6.34%   4.7  390s
 79254 25327  733.56386   35   24  767.23173  718.62433  6.34%   4.7  396s
 79563 25397  718.62433   37   20  767.23173  718.62433  6.34%   4.7  400s
 80053 25534  718.62433   39   16  767.23173  718.62433  6.34%   4.7  406s
 80441 25622  718.62433   35   17  767.23173  718.62433  6.34%   4.7  411s
 80839 25704  750.76246   41   11  767.23173  718.62433  6.34%   4.8  416s
 81280 25801  718.62433   40   23  767.23173  718.62433  6.34%   4.8  421s
 81751 25931  718.62433   40   23  767.23173  718.62433  6.34%   4.8  426s
 82018 25988     cutoff   56       767.23173  718.62433  6.34%   4.8  430s
 82572 26135     cutoff   55       767.23173  718.62433  6.34%   4.8  436s
 83150 26242     cutoff   43       767.23173  718.62433  6.34%   4.8  442s
 83471 26308  735.85652   39    9  767.23173  718.62433  6.34%   4.8  446s
 84159 26441  739.54793   46   10  767.23173  718.62433  6.34%   4.8  453s
 84536 26475  761.79585   39    9  767.23173  718.62433  6.34%   4.8  457s
 84903 26572  731.17103   46   13  767.23173  718.62433  6.34%   4.8  461s
 85292 26612  743.35829   48   17  767.23173  718.62433  6.34%   4.8  465s
 86086 26767     cutoff   60       767.23173  718.62433  6.34%   4.8  473s
 86519 26788  727.64561   38    7  767.23173  718.62433  6.34%   4.8  477s
 86816 26908  755.43909   44    -  767.23173  718.62433  6.34%   4.8  482s
 87276 27027  719.46796   43   13  767.23173  718.62433  6.34%   4.8  487s
 87767 27129     cutoff   47       767.23173  718.62433  6.34%   4.8  492s
 88267 27168     cutoff   49       767.23173  718.62433  6.34%   4.8  497s
 88775 27265  766.72243   40    7  767.23173  718.62433  6.34%   4.8  503s
 89302 27350  718.62433   45   23  767.23173  718.62433  6.34%   4.8  508s
 89829 27439     cutoff   45       767.23173  718.62433  6.34%   4.8  513s
 90390 27542     cutoff   47       767.23173  718.62433  6.34%   4.9  520s
 90982 27581  718.62433   36    8  767.23173  718.62433  6.34%   4.9  526s
 91620 27627     cutoff   47       767.23173  718.62433  6.34%   4.9  533s
 92183 27764  757.14197   55   12  767.23173  718.62433  6.34%   4.9  539s
 92866 27820  738.18883   46    6  767.23173  718.62433  6.34%   4.9  547s
 93539 27929  749.04304   46   32  767.23173  718.62433  6.34%   4.9  554s
 94263 28000     cutoff   46       767.23173  718.62433  6.34%   4.9  562s
 95019 28034  738.28386   36   14  767.23173  718.62433  6.34%   4.9  570s
 95776 28144     cutoff   51       767.23173  718.62433  6.34%   4.9  578s
 96538 28166     cutoff   45       767.23173  718.62433  6.34%   4.9  587s
 97336 28193     cutoff   60       767.23173  718.62433  6.34%   4.9  596s
 98151 28244  729.87282   36    7  767.23173  718.62433  6.34%   4.9  605s
 98964 28301     cutoff   40       767.23173  718.62433  6.34%   4.9  615s
 99912 28278     cutoff   46       767.23173  718.62433  6.34%   4.9  625s
 100806 28327     cutoff   47       767.23173  718.62433  6.34%   4.9  636s
 101817 28326  754.64073   50   15  767.23173  718.62433  6.34%   4.9  647s
 102873 28319  755.45779   47    8  767.23173  718.62433  6.34%   4.9  658s
 103802 28400  766.79536   41   14  767.23173  718.62433  6.34%   4.9  671s
 104911 28390     cutoff   49       767.23173  718.62433  6.34%   4.9  685s
 106050 28434  746.43730   47   15  767.23173  718.62433  6.34%   4.9  699s
 107207 28426     cutoff   47       767.23173  718.62433  6.34%   5.0  713s
 108373 28446     cutoff   50       767.23173  718.62433  6.34%   5.0  727s
 109599 28398     cutoff   46       767.23173  718.62433  6.34%   5.0  740s
 110648 28455  764.19439   57    7  767.23173  718.62433  6.34%   5.0  754s
 111872 28404  730.76320   48    7  767.23173  718.62433  6.34%   5.0  767s
 113075 28318  766.07061   49    8  767.23173  718.62433  6.34%   5.0  780s
 114219 28256  754.77359   41    6  767.23173  718.62433  6.34%   5.0  792s
 115404 28209  729.79690   45    7  767.23173  718.62433  6.34%   5.0  806s
 116562 28169  752.14132   46   29  767.23173  718.62433  6.34%   5.0  820s
 117565 28124  725.29454   52    9  767.23173  718.62433  6.34%   5.0  833s
 118745 28036     cutoff   53       767.23173  718.62433  6.34%   5.0  847s
 119902 27881  737.58760   36   29  767.23173  718.62433  6.34%   5.0  861s
 121035 27808  730.86154   45   22  767.23173  718.62433  6.34%   5.0  875s
 122190 27692  763.69691   47   26  767.23173  718.62433  6.34%   5.0  888s
 123228 27687     cutoff   54       767.23173  718.62433  6.34%   5.0  903s
 124384 27648     cutoff   54       767.23173  718.62433  6.34%   5.0  919s
 125559 27568     cutoff   46       767.23173  718.63633  6.33%   5.0  933s
 126649 27505     cutoff   42       767.23173  719.22582  6.26%   5.0  946s
 127693 27435     cutoff   54       767.23173  719.66366  6.20%   5.0  960s
 128871 27326  736.38084   39   32  767.23173  720.39707  6.10%   5.0  973s
 130007 27227     cutoff   49       767.23173  720.82535  6.05%   5.0  988s
 131144 27134     cutoff   55       767.23173  721.26131  5.99%   5.0 1001s
 132262 26986  754.53315   50    6  767.23173  721.70725  5.93%   5.0 1016s
 133323 26949  743.69545   47   12  767.23173  722.35956  5.85%   5.0 1031s
 134534 26805  739.29094   41    6  767.23173  722.86843  5.78%   5.0 1046s
 135670 26669  742.29581   45   29  767.23173  723.17532  5.74%   5.0 1061s
 136669 26521  756.23642   47   31  767.23173  723.65851  5.68%   5.0 1077s
 137810 26381     cutoff   50       767.23173  724.17741  5.61%   5.0 1093s
 138995 26248     cutoff   43       767.23173  724.60750  5.56%   5.0 1106s
 139841 26161  736.64661   43    7  767.23173  724.94447  5.51%   5.0 1122s
 141025 26052 infeasible   48       767.23173  725.11927  5.49%   5.0 1144s
 142164 25908     cutoff   50       767.23173  725.77151  5.40%   5.0 1163s
 143329 25731  742.36532   46    7  767.23173  725.86032  5.39%   5.0 1180s
 144416 25611  758.50925   41   14  767.23173  726.26174  5.34%   5.0 1200s
 145584 25429  735.59489   44   16  767.23173  727.00895  5.24%   5.0 1215s
 146768 25291     cutoff   52       767.23173  727.55056  5.17%   5.0 1233s
 147963 25087  752.24449   51    7  767.23173  727.69705  5.15%   5.0 1250s
 149036 24897  741.33172   51    -  767.23173  728.34761  5.07%   5.0 1267s
 150194 24810     cutoff   51       767.23173  728.66589  5.03%   5.0 1283s
 151336 24851     cutoff   48       767.23173  729.10638  4.97%   5.0 1300s
 152524 25080  767.09369   35   31  767.23173  729.44588  4.92%   5.0 1318s
 153686 25273     cutoff   42       767.23173  729.70230  4.89%   5.0 1335s
 154772 25493  742.79066   44    -  767.23173  730.01832  4.85%   5.0 1351s
 155961 25694  764.81417   41    -  767.23173  730.56804  4.78%   5.0 1369s
 157019 25876     cutoff   41       767.23173  730.81431  4.75%   5.0 1387s
 158202 26132     cutoff   45       767.23173  731.16811  4.70%   5.0 1405s
 159374 26366     cutoff   44       767.23173  731.36872  4.67%   5.0 1423s
 160513 26568  735.13685   49    6  767.23173  731.69772  4.63%   5.0 1442s
 161675 26744  756.46938   50   37  767.23173  732.17677  4.57%   5.0 1460s
 162833 26955  761.12884   50   20  767.23173  732.52028  4.52%   5.0 1478s
 163959 27133     cutoff   54       767.23173  732.76742  4.49%   5.0 1497s
 165112 27335     cutoff   49       767.23173  733.10905  4.45%   5.0 1516s
 166177 27514  760.10993   44    8  767.23173  733.56934  4.39%   5.0 1534s
 167371 27681  753.92865   39    8  767.23173  733.76024  4.36%   5.0 1553s
 168507 27838     cutoff   51       767.23173  733.99133  4.33%   5.0 1572s
 169653 28039  762.84028   47    8  767.23173  734.32162  4.29%   5.0 1593s
 170772 28230     cutoff   45       767.23173  734.55798  4.26%   5.0 1613s
 171879 28359     cutoff   47       767.23173  734.98357  4.20%   5.0 1630s
 173017 28547     cutoff   45       767.23173  735.20819  4.17%   5.0 1649s
 174091 28681     cutoff   51       767.23173  735.60904  4.12%   5.0 1668s
 175247 28826     cutoff   51       767.23173  735.63719  4.12%   5.0 1686s
 176339 28959  750.28774   47    -  767.23173  736.02743  4.07%   5.0 1714s
 177502 29102  757.95326   47   19  767.23173  736.45738  4.01%   5.0 1733s
 178579 29262     cutoff   47       767.23173  736.72732  3.98%   5.0 1752s
 179747 29343  759.68511   41    8  767.23173  736.98095  3.94%   5.0 1777s
 180869 29560  746.79428   47   15  767.23173  737.15473  3.92%   5.0 1796s
 182063 29640     cutoff   47       767.23173  737.58690  3.86%   5.0 1815s
 183121 29775  758.35962   43   15  767.23173  737.66923  3.85%   5.0 1836s
 184314 29913     cutoff   47       767.23173  738.06192  3.80%   5.0 1858s
 185499 30071     cutoff   41       767.23173  738.19770  3.78%   5.0 1878s
 186597 30150     cutoff   46       767.23173  738.36276  3.76%   5.0 1899s
 187736 30269  761.19209   46    8  767.23173  738.70831  3.72%   5.0 1919s
 188891 30374  759.14851   43    -  767.23173  739.05623  3.67%   5.0 1941s
 190012 30510  763.34015   43   19  767.23173  739.17562  3.66%   5.0 1961s
 191187 30676     cutoff   45       767.23173  739.32839  3.64%   5.0 1982s
 192109 30761  746.40859   51   13  767.23173  739.68706  3.59%   5.0 2002s
 193244 30881     cutoff   41       767.23173  739.76926  3.58%   5.0 2025s
 194405 31027     cutoff   61       767.23173  740.16869  3.53%   5.0 2049s
 194947 31131  758.79508   48    8  767.23173  740.20493  3.52%   5.0 2050s
 195491 31138  753.75649   42   16  767.23173  740.34627  3.50%   5.0 2074s
 196680 31276  754.24814   40   30  767.23173  740.57059  3.47%   5.0 2099s
 197899 31350     cutoff   45       767.23173  740.62951  3.47%   5.0 2124s
 198981 31441     cutoff   57       767.23173  741.02494  3.42%   5.0 2148s
 200155 31455     cutoff   46       767.23173  741.12975  3.40%   5.0 2173s
 201316 31579     cutoff   49       767.23173  741.37149  3.37%   5.0 2199s
 202434 31665  765.78727   52    -  767.23173  741.71987  3.33%   5.0 2227s
 203676 31720     cutoff   51       767.23173  741.94658  3.30%   5.0 2252s
 204822 31841  764.80291   46   14  767.23173  742.12347  3.27%   5.0 2276s
 205915 31913  767.09094   38    7  767.23173  742.48014  3.23%   5.0 2303s
 207109 32032     cutoff   42       767.23173  742.70868  3.20%   5.0 2329s
 208348 32061  757.33116   47    6  767.23173  742.77656  3.19%   5.0 2355s
 209449 32113     cutoff   51       767.23173  742.94317  3.17%   5.0 2381s
 210606 32142     cutoff   53       767.23173  743.23616  3.13%   5.0 2407s
 211679 32138  759.64432   55    6  767.23173  743.45348  3.10%   5.0 2432s
 212826 32209     cutoff   55       767.23173  743.76295  3.06%   5.0 2458s
 213934 32196     cutoff   45       767.23173  743.92926  3.04%   5.0 2485s
 215092 32251  760.46719   41   13  767.23173  744.10876  3.01%   5.0 2512s
 216202 32209     cutoff   42       767.23173  744.43816  2.97%   5.0 2538s
 217357 32309     cutoff   46       767.23173  744.73946  2.93%   5.0 2566s
 218482 32250  762.79459   37    9  767.23173  744.90116  2.91%   5.0 2592s
 219633 32250     cutoff   58       767.23173  745.14721  2.88%   5.0 2617s
 220788 32282  757.86786   47    7  767.23173  745.35005  2.85%   5.0 2644s
 221920 32245     cutoff   42       767.23173  745.65314  2.81%   5.0 2671s
 223127 32315     cutoff   50       767.23173  745.74154  2.80%   5.0 2697s
 224268 32286  753.36000   53    -  767.23173  746.02529  2.76%   5.0 2727s
 225420 32270     cutoff   53       767.23173  746.23634  2.74%   5.0 2757s
 226555 32307  765.72532   44    6  767.23173  746.53131  2.70%   5.0 2783s
 227725 32274     cutoff   47       767.23173  746.66449  2.68%   5.0 2812s
 228842 32253  758.63268   52    6  767.23173  746.83520  2.66%   5.0 2841s
 229841 32166  762.85428   39    7  767.23173  746.98728  2.64%   5.0 2868s
 231056 32084     cutoff   49       767.23173  747.17477  2.61%   5.0 2896s
 232196 32034     cutoff   56       767.23173  747.51495  2.57%   5.0 2924s
 233384 31958     cutoff   57       767.23173  747.75845  2.54%   5.0 2953s
 234533 31882     cutoff   52       767.23173  747.95030  2.51%   5.0 2983s
 235683 31888  749.32690   48    9  767.23173  748.16380  2.49%   5.0 3015s
 236843 31787  754.29406   43   16  767.23173  748.23111  2.48%   5.0 3046s
 237968 31691  757.46095   51    8  767.23173  748.53152  2.44%   5.0 3076s
 239096 31586     cutoff   54       767.23173  748.73144  2.41%   5.0 3105s
 240294 31526     cutoff   42       767.23173  749.02878  2.37%   5.0 3132s
 241436 31389     cutoff   45       767.23173  749.35951  2.33%   5.0 3161s
 242629 31325     cutoff   53       767.23173  749.65082  2.29%   5.0 3190s
 243813 31255  761.99263   49    8  767.23173  749.77290  2.28%   5.0 3219s
 244950 31122  761.52811   48    8  767.23173  749.88960  2.26%   5.0 3249s
 246115 31013     cutoff   47       767.23173  750.15288  2.23%   5.0 3275s
 247277 30966     cutoff   46       767.23173  750.38524  2.20%   5.0 3304s
 248418 30893     cutoff   49       767.23173  750.56449  2.17%   5.0 3332s
 249599 30736  764.26483   48    7  767.23173  750.64681  2.16%   5.0 3360s
 250735 30575     cutoff   47       767.23173  751.00759  2.11%   5.0 3389s
 251866 30485     cutoff   38       767.23173  751.18880  2.09%   5.0 3417s
 252994 30343     cutoff   45       767.23173  751.39945  2.06%   5.0 3446s
 254208 30186     cutoff   51       767.23173  751.57814  2.04%   5.0 3479s
 255290 29946     cutoff   47       767.23173  751.85422  2.00%   5.0 3509s
 256466 29821     cutoff   43       767.23173  752.02108  1.98%   5.0 3537s
 257448 29567     cutoff   47       767.23173  752.31828  1.94%   5.0 3566s
 258583 29385     cutoff   51       767.23173  752.44956  1.93%   5.0 3598s
 259748 29211     cutoff   54       767.23173  752.78948  1.88%   5.0 3629s
 260936 29013     cutoff   47       767.23173  752.87389  1.87%   5.0 3659s
 262101 28778     cutoff   55       767.23173  753.18059  1.83%   5.0 3691s
 263254 28519     cutoff   53       767.23173  753.34029  1.81%   5.0 3720s
 264424 28320  762.81365   45   15  767.23173  753.66646  1.77%   5.0 3751s
 265569 28093     cutoff   50       767.23173  753.83087  1.75%   5.0 3779s
 266775 27896     cutoff   57       767.23173  754.18328  1.70%   5.0 3812s
 267903 27634     cutoff   51       767.23173  754.34834  1.68%   5.0 3842s
 269053 27349     cutoff   46       767.23173  754.48387  1.66%   5.0 3878s
 270204 27092     cutoff   44       767.23173  754.68822  1.63%   5.0 3912s
 271345 26831     cutoff   40       767.23173  754.95602  1.60%   5.0 3945s
 272520 26570     cutoff   45       767.23173  755.22542  1.56%   5.0 3982s
 273683 26252     cutoff   49       767.23173  755.37654  1.55%   5.0 4014s
 274859 25900     cutoff   44       767.23173  755.61504  1.51%   5.0 4049s
 276004 25619  761.77028   48   37  767.23173  755.86934  1.48%   5.0 4082s
 277145 25342  764.69352   38    7  767.23173  756.10848  1.45%   5.0 4114s
 278301 24983     cutoff   55       767.23173  756.37953  1.41%   5.0 4148s
 279454 24641  759.40678   43    6  767.23173  756.57079  1.39%   5.0 4181s
 280591 24306     cutoff   44       767.23173  756.83065  1.36%   5.0 4216s
 281725 23920     cutoff   51       767.23173  756.96964  1.34%   5.0 4253s
 282895 23557     cutoff   52       767.23173  757.28551  1.30%   5.0 4289s
 284012 23175  766.75786   53   10  767.23173  757.49059  1.27%   5.0 4323s
 285154 22801     cutoff   45       767.23173  757.80373  1.23%   5.0 4355s
 286160 22424     cutoff   53       767.23173  757.91228  1.21%   5.0 4389s
 287329 21998     cutoff   47       767.23173  758.13612  1.19%   5.0 4430s
 288484 21569     cutoff   39       767.23173  758.52745  1.13%   5.0 4471s
 289630 21105     cutoff   55       767.23173  758.73106  1.11%   5.0 4512s
 290760 20655     cutoff   50       767.23173  758.91252  1.08%   5.0 4547s
 291923 20173     cutoff   42       767.23173  759.11081  1.06%   5.0 4581s
 293076 19664     cutoff   54       767.23173  759.45859  1.01%   5.0 4616s
 294202 19135     cutoff   49       767.23173  759.60005  0.99%   5.0 4651s
 295364 18593     cutoff   45       767.23173  759.67491  0.98%   5.0 4689s
 296520 18092     cutoff   46       767.23173  760.10979  0.93%   5.0 4730s
 297674 17536     cutoff   51       767.23173  760.40201  0.89%   5.0 4766s
 298817 16983     cutoff   48       767.23173  760.46401  0.88%   5.0 4808s
 299970 16354     cutoff   44       767.23173  760.87360  0.83%   5.0 4849s
 301083 15713  767.00413   43    6  767.23173  761.09843  0.80%   5.0 4889s
 302217 15087  764.34663   44   15  767.23173  761.39417  0.76%   5.0 4931s
 303350 14425     cutoff   61       767.23173  761.68099  0.72%   5.0 4970s
 304521 13711  763.74501   61   11  767.23173  761.87909  0.70%   5.0 5006s
 305661 13020     cutoff   42       767.23173  762.28071  0.65%   5.0 5049s
 306790 12271     cutoff   48       767.23173  762.50639  0.62%   5.0 5089s
 307923 11509  765.19616   46    6  767.23173  762.75774  0.58%   5.0 5130s
 309080 10830     cutoff   47       767.23173  763.04964  0.55%   5.0 5166s
 310094 10026     cutoff   47       767.23173  763.36052  0.50%   5.0 5207s
 311255  9238     cutoff   41       767.23173  763.59662  0.47%   5.0 5246s
 312399  8386     cutoff   60       767.23173  763.70715  0.46%   5.0 5289s
 313535  7523     cutoff   50       767.23173  764.15135  0.40%   5.0 5329s
 314698  6659     cutoff   51       767.23173  764.44514  0.36%   5.0 5368s
 315810  5762     cutoff   42       767.23173  764.71220  0.33%   5.0 5410s
 316967  4840     cutoff   45       767.23173  765.08933  0.28%   5.0 5455s
 318108  3840     cutoff   42       767.23173  765.41583  0.24%   5.0 5502s
 319261  2831     cutoff   54       767.23173  765.70493  0.20%   5.0 5553s
 320394  1782     cutoff   63       767.23173  766.03621  0.16%   5.0 5599s
 321529   714     cutoff   46       767.23173  766.37387  0.11%   5.0 5644s
 322667     0     cutoff   48       767.23173  766.68982  0.07%   5.0 5673s

Cutting planes:
  Gomory: 2
  Zero half: 1
  RLT: 1
  Lazy constraints: 31363

Explored 323427 nodes (1620961 simplex iterations) in 5674.81 seconds
Thread count was 12 (of 12 available processors)

Solution count 2: 767.232 768.995 

Optimal solution found (tolerance 1.00e-04)
Best objective 7.672317265129e+02, best bound 7.672317265129e+02, gap 0.0000%

User-callback calls 1267413, time in user-callback 3.93 sec
/projects/academic/josewalt/caigao/RRARP_BD/BendersDecomp/ret/model_outs/n_16_m_5_algo_2.out
 =====>>>>> Solution is written to file in <../ret/model_outs> !!!
===>> All Done!
