NPROCS=0
This instance is clustered!
Gurobi Optimizer version 9.0.0 build v9.0.0rc2 (linux64)
Optimize a model with 38 rows, 362 columns and 722 nonzeros
Model fingerprint: 0x34698a04
Variable types: 1 continuous, 361 integer (361 binary)
Coefficient statistics:
  Matrix range     [1e+00, 1e+00]
  Objective range  [1e+00, 3e+02]
  Bounds range     [1e+00, 1e+00]
  RHS range        [1e+00, 1e+00]
Presolve removed 2 rows and 54 columns
Presolve time: 0.00s
Presolved: 36 rows, 308 columns, 614 nonzeros
Variable types: 1 continuous, 307 integer (307 binary)

Root relaxation: objective 6.777491e+02, 33 iterations, 0.00 seconds

    Nodes    |    Current Node    |     Objective Bounds      |     Work
 Expl Unexpl |  Obj  Depth IntInf | Incumbent    BestBd   Gap | It/Node Time

     0     0  777.74491    0   14          -  777.74491      -     -    0s
     0     0  793.28904    0   12          -  793.28904      -     -    0s
H    0     0                    1055.3888959  793.28904  24.8%     -    0s
     0     0  810.34884    0   22 1055.38890  810.34884  23.2%     -    0s
     0     0  810.34884    0   22 1055.38890  810.34884  23.2%     -    0s
     0     2  818.45616    0   29 1055.38890  818.45616  22.4%     -    0s
*  133   101               6    1009.9258087  843.87453  16.4%   6.7    0s
*  205   143              12     987.9446441  843.87453  14.6%   5.9    0s
* 2513  1284              15     975.0183621  890.27497  8.69%   5.6    0s
H 5501  2118                     958.8929310  910.40629  5.06%   6.2    1s
H 5559  2024                     958.8928879  910.40629  5.06%   6.2    2s

Cutting planes:
  Lazy constraints: 73

Explored 9725 nodes (66121 simplex iterations) in 3.03 seconds
Thread count was 12 (of 12 available processors)

Solution count 5: 958.893 975.018 987.945 ... 1055.39

Optimal solution found (tolerance 1.00e-04)
Best objective 9.588928879494e+02, best bound 9.588928879494e+02, gap 0.0000%

User-callback calls 21017, time in user-callback 0.04 sec
/projects/academic/josewalt/caigao/RRARP_BD/BendersDecomp/ret/model_outs/n_17_e_3_algo_3.out
 =====>>>>> Solution is written to file in <../ret/model_outs> !!!
===>> All Done!
