NPROCS=0
This instance is clustered!
Gurobi Optimizer version 9.0.0 build v9.0.0rc2 (linux64)
Optimize a model with 54 rows, 730 columns and 1458 nonzeros
Model fingerprint: 0xe8aee97e
Variable types: 1 continuous, 729 integer (729 binary)
Coefficient statistics:
  Matrix range     [1e+00, 1e+00]
  Objective range  [1e+00, 7e+02]
  Bounds range     [1e+00, 1e+00]
  RHS range        [1e+00, 1e+00]
Presolve removed 2 rows and 78 columns
Presolve time: 0.01s
Presolved: 52 rows, 652 columns, 1302 nonzeros
Variable types: 1 continuous, 651 integer (651 binary)

Root relaxation: objective 1.194760e+03, 40 iterations, 0.00 seconds

    Nodes    |    Current Node    |     Objective Bounds      |     Work
 Expl Unexpl |  Obj  Depth IntInf | Incumbent    BestBd   Gap | It/Node Time

     0     0 1838.61813    0   20          - 1838.61813      -     -    0s
     0     0 1940.13281    0   54          - 1940.13281      -     -    0s
H    0     0                    2300.0208082 1940.13281  15.6%     -    0s
     0     0 1947.75627    0   54 2300.02081 1947.75627  15.3%     -    0s
     0     0 1947.75627    0   56 2300.02081 1947.75627  15.3%     -    0s
     0     0 1947.75627    0   49 2300.02081 1947.75627  15.3%     -    0s
     0     0 1947.75627    0   18 2300.02081 1947.75627  15.3%     -    0s
     0     0 1947.75627    0   63 2300.02081 1947.75627  15.3%     -    0s
     0     0 1947.75627    0   62 2300.02081 1947.75627  15.3%     -    0s
     0     0 1947.75627    0   62 2300.02081 1947.75627  15.3%     -    0s
     0     2 1947.75627    0   18 2300.02081 1947.75627  15.3%     -    0s
  3100  1949 2252.24817   49   37 2300.02081 1986.04112  13.7%   4.2    5s
  9392  4963 1986.04112   22   10 2300.02081 1986.04112  13.7%   4.5   10s
 19581 13465 2086.39171   22   10 2300.02081 2007.76252  12.7%   4.1   15s
 27217 19517 2240.20805   88   12 2300.02081 2014.31133  12.4%   4.0   20s
 31878 23505 2055.36167   24    7 2300.02081 2018.56903  12.2%   4.1   25s
 36369 27009 2049.89022   44   48 2300.02081 2021.58558  12.1%   4.1   30s
 40927 30514 2047.30942   35   23 2300.02081 2024.84980  12.0%   4.1   36s
 43062 32118 2064.19418   26   13 2300.02081 2025.75777  11.9%   4.1   40s
 46213 34500 2112.93106   31   25 2300.02081 2027.20908  11.9%   4.2   45s
 49537 37180 2054.19026   70   26 2300.02081 2029.12027  11.8%   4.2   51s
 52214 39162 2119.28397   27    7 2300.02081 2030.50955  11.7%   4.2   56s
 54879 41123 2077.89860   24   11 2300.02081 2031.82975  11.7%   4.2   61s
 56188 41964 2079.54750   27   23 2300.02081 2032.18021  11.6%   4.3   65s
 58622 43654 2094.92834   29   11 2300.02081 2033.74624  11.6%   4.3   71s
 60202 44845 2066.71488   20    6 2300.02081 2034.67100  11.5%   4.3   76s
 61865 45923 2161.60240   48   31 2300.02081 2035.16765  11.5%   4.3   80s
 63435 47097 2166.65713   31   11 2300.02081 2036.18187  11.5%   4.4   86s
 65067 48242 2158.14937   39   14 2300.02081 2036.90310  11.4%   4.4   91s
 66742 49417 2077.68533   26    8 2300.02081 2037.48253  11.4%   4.4   97s
 67562 49949 2097.17000   25   11 2300.02081 2037.88094  11.4%   4.4  100s
 69190 51267 2233.77975   46   14 2300.02081 2038.37362  11.4%   4.4  105s
 70728 52203 2180.27717   27   11 2300.02081 2038.84038  11.4%   4.5  111s
 72390 53387 2093.94920   30   10 2300.02081 2039.22957  11.3%   4.5  117s
 73181 54070 2190.19250   32   20 2300.02081 2039.62228  11.3%   4.5  120s
 74942 55342 2252.60093   43   12 2300.02081 2040.23825  11.3%   4.5  127s
 75815 55843 2209.04254   41    6 2300.02081 2040.45477  11.3%   4.5  131s
 77374 57053 2087.06689   29   24 2300.02081 2041.02078  11.3%   4.5  137s
 78302 57612 2185.38579   43   14 2300.02081 2041.26157  11.3%   4.5  142s
 79153 58071 2105.90542   25   19 2300.02081 2041.50828  11.2%   4.5  146s
 79932 58202 2241.28898   82   54 2300.02081 2041.78998  11.2%   4.6  157s
 79934 58203 2296.60738   73   18 2300.02081 2041.78998  11.2%   4.6  162s
 79937 58205 2168.38021   53   40 2300.02081 2041.78998  11.2%   4.6  165s
 79942 58214 2041.78998   22   15 2300.02081 2041.78998  11.2%   4.6  170s
 79966 58236 2041.78998   25   21 2300.02081 2041.78998  11.2%   4.6  175s
 80134 58347 2041.78998   32   16 2300.02081 2041.78998  11.2%   4.6  180s
 80331 58441 2119.94639   40    6 2300.02081 2041.78998  11.2%   4.6  185s
 80562 58491 2055.59388   50   29 2300.02081 2041.78998  11.2%   4.6  190s
 80850 58573 2268.04808   64    6 2300.02081 2041.78998  11.2%   4.6  195s
 81317 58688 2209.25863   49    8 2300.02081 2041.78998  11.2%   4.6  200s
 81810 58848 2180.75804   37    8 2300.02081 2041.78998  11.2%   4.6  205s
 82541 59090     cutoff   62      2300.02081 2041.78998  11.2%   4.6  210s
 83271 59354 2117.91927   31    6 2300.02081 2041.78998  11.2%   4.6  215s
 83879 59632 2044.55757   36    6 2300.02081 2041.78998  11.2%   4.6  220s
 84699 59981 2105.35781   41   20 2300.02081 2041.78998  11.2%   4.6  225s
 85589 60307 2062.46046   31   23 2300.02081 2041.78998  11.2%   4.6  230s
 86632 60718 2259.06188   52    7 2300.02081 2041.78998  11.2%   4.6  237s
 87359 61041 2160.92272   39    7 2300.02081 2041.78998  11.2%   4.6  240s
 88164 61377 2161.85629   38    6 2300.02081 2041.78998  11.2%   4.6  245s
 89077 61824 2124.82248   49   15 2300.02081 2041.78998  11.2%   4.6  250s
 90646 62501 2116.81856   38   11 2300.02081 2041.78998  11.2%   4.6  257s
 91182 62698 2174.18783   71   12 2300.02081 2041.78998  11.2%   4.6  260s
 92288 63193 2121.12207   47   25 2300.02081 2041.78998  11.2%   4.6  266s
 93498 63690 2184.33016   54   18 2300.02081 2041.78998  11.2%   4.6  272s
 93995 64010 2077.96833   36   20 2300.02081 2041.78998  11.2%   4.6  275s
 95383 64696 2072.68633   34    6 2300.02081 2041.78998  11.2%   4.6  283s
 96191 64983 2140.07520   37   12 2300.02081 2041.78998  11.2%   4.6  287s
 96931 65236 2197.10861   39   12 2300.02081 2041.78998  11.2%   4.6  291s
 97668 65563 2160.46877   35   11 2300.02081 2041.78998  11.2%   4.6  296s
 98438 65869 2107.38407   35   11 2300.02081 2041.78998  11.2%   4.6  301s
 99234 66276 2083.01225   32   18 2300.02081 2041.78998  11.2%   4.6  305s
 100963 66967 2073.04279   33   15 2300.02081 2041.78998  11.2%   4.6  314s
 101845 67277 2101.20218   33    6 2300.02081 2041.78998  11.2%   4.6  319s
 102620 67688 2225.73980   60   57 2300.02081 2041.78998  11.2%   4.6  324s
 103559 68212 2046.60274   36   12 2300.02081 2041.78998  11.2%   4.6  330s
 104620 68640 2169.87565   45   18 2300.02081 2041.78998  11.2%   4.6  335s
 105695 69086 2177.01898   71   15 2300.02081 2041.78998  11.2%   4.6  341s
 106791 69459 2100.67419   35   19 2300.02081 2041.78998  11.2%   4.6  347s
 107795 69942 2102.70525   38   13 2300.02081 2041.78998  11.2%   4.6  353s
 108939 70309 2090.66537   43   13 2300.02081 2041.78998  11.2%   4.6  360s
 110003 70893 2150.87021   42   24 2300.02081 2041.78998  11.2%   4.6  366s
 111282 71284 2090.29416   54   10 2300.02081 2041.78998  11.2%   4.6  372s
 112456 71726     cutoff   77      2300.02081 2041.78998  11.2%   4.6  380s
 113662 72122 2062.14124   39   18 2300.02081 2041.78998  11.2%   4.6  388s
 114812 72400 2107.70800   41    9 2300.02081 2041.78998  11.2%   4.6  394s
 115751 72922 2077.84197   41   12 2300.02081 2041.78998  11.2%   4.6  401s
 116928 73330 2083.71967   36   15 2300.02081 2041.78998  11.2%   4.6  408s
 118070 73798 2069.82647   36   19 2300.02081 2041.78998  11.2%   4.6  414s
 119178 74310 2111.48268   36   14 2300.02081 2041.78998  11.2%   4.6  421s
 120389 74698 2072.12186   33   21 2300.02081 2041.78998  11.2%   4.6  429s
 121543 75152 2096.06486   32   10 2300.02081 2041.78998  11.2%   4.6  436s
 122646 75737 2094.32717   33   17 2300.02081 2041.78998  11.2%   4.6  444s
 123891 76247 2054.86276   35   13 2300.02081 2041.78998  11.2%   4.6  451s
 125086 76705 2071.21310   33   23 2300.02081 2041.78998  11.2%   4.6  458s
 126281 77071 2118.42746   38   18 2300.02081 2041.78998  11.2%   4.6  466s
 127370 77450 2094.38159   44    8 2300.02081 2041.78998  11.2%   4.6  474s
 128418 77939 2085.33132   40   22 2300.02081 2041.78998  11.2%   4.6  481s
 129554 78384 2111.81351   39   20 2300.02081 2041.78998  11.2%   4.6  489s
 130698 78824 2113.49965   41   13 2300.02081 2041.78998  11.2%   4.6  499s
 131832 79103 2121.15993   37   19 2300.02081 2041.78998  11.2%   4.6  507s
 132837 79601 2067.94589   37   19 2300.02081 2041.78998  11.2%   4.6  516s
 133970 80072 2094.00148   33   25 2300.02081 2041.78998  11.2%   4.6  524s
 135135 80370 2170.54053   45    6 2300.02081 2041.78998  11.2%   4.6  533s
 136117 80855 2101.16556   36   44 2300.02081 2041.78998  11.2%   4.6  542s
 137249 81274 2162.83826   48    6 2300.02081 2041.78998  11.2%   4.6  551s
 138384 81695 2088.18567   32   10 2300.02081 2041.78998  11.2%   4.6  561s
 139509 82029 2101.31082   32   10 2300.02081 2041.78998  11.2%   4.6  570s
 140480 82566 2077.08709   33   22 2300.02081 2041.78998  11.2%   4.6  579s
 141669 83066 2127.02174   35   10 2300.02081 2041.96281  11.2%   4.6  587s
 142875 83586 2074.59584   34   19 2300.02081 2042.54316  11.2%   4.6  596s
 144081 83968 2147.06503   32    8 2300.02081 2043.13014  11.2%   4.6  605s
 145238 84519 2127.04480   42   12 2300.02081 2043.42304  11.2%   4.6  614s
 146447 84914 2087.23720   42   15 2300.02081 2043.93837  11.1%   4.6  624s
 147579 85315 2201.15665   38    6 2300.02081 2044.28812  11.1%   4.6  633s
 148601 85748 2133.04100   34   12 2300.02081 2044.58737  11.1%   4.6  643s
 149731 86178 2171.87659   48   31 2300.02081 2045.04626  11.1%   4.6  653s
 150850 86664 2190.01124   39   25 2300.02081 2045.55482  11.1%   4.6  662s
 151968 87072 2167.80631   42    - 2300.02081 2045.74927  11.1%   4.6  672s
 153140 87573 2123.50580   36   19 2300.02081 2046.34011  11.0%   4.6  682s
 154242 87904     cutoff   72      2300.02081 2046.57507  11.0%   4.6  692s
 155323 88386 2082.47550   35   16 2300.02081 2047.00627  11.0%   4.6  703s
 156460 88833 2113.65204   38   11 2300.02081 2047.19936  11.0%   4.6  713s
 157612 89171     cutoff   67      2300.02081 2047.54379  11.0%   4.6  722s
 158613 89743 2067.51637   38   13 2300.02081 2047.81744  11.0%   4.6  731s
 159807 90146 2101.43678   35    8 2300.02081 2048.06523  11.0%   4.6  742s
 160958 90581 2091.19000   38   24 2300.02081 2048.53042  10.9%   4.6  753s
 162113 90854 2185.91655   43    8 2300.02081 2048.71829  10.9%   4.6  764s
 163077 91456     cutoff   64      2300.02081 2049.22097  10.9%   4.6  774s
 164268 91964     cutoff   53      2300.02081 2049.76248  10.9%   4.6  786s
 165493 91861 2097.35704   48   16 2300.02081 2050.12903  10.9%   4.6  794s
 165871 92509 2136.94693   58    - 2300.02081 2050.14238  10.9%   4.6  806s
 167074 92978 2090.89660   36   10 2300.02081 2050.67372  10.8%   4.6  817s
 168187 93418 2117.88610   41   13 2300.02081 2050.93288  10.8%   4.6  829s
 169374 93850 2106.45383   48    9 2300.02081 2051.24054  10.8%   4.6  842s
 170548 94344 2124.47413   37    6 2300.02081 2051.56195  10.8%   4.6  854s
 171756 94769 2143.35009   43   13 2300.02081 2051.83921  10.8%   4.6  865s
 172910 95088 2086.68375   36    6 2300.02081 2052.13856  10.8%   4.6  877s
 173942 95548 2124.13942   39   18 2300.02081 2052.42492  10.8%   4.6  891s
 175124 95867 2083.84242   35   10 2300.02081 2052.73517  10.8%   4.6  904s
 176180 96401 2095.94381   36   15 2300.02081 2052.97650  10.7%   4.6  917s
 177371 96782 2275.08380   55   27 2300.02081 2053.21419  10.7%   4.6  929s
 178450 97169 2098.84266   47   10 2300.02081 2053.62515  10.7%   4.6  943s
 179587 97605 2153.07424   68   24 2300.02081 2053.89927  10.7%   4.6  956s
 180726 98106 2131.19092   41   22 2300.02081 2054.41187  10.7%   4.6  970s
 181934 98618 2085.82556   48   21 2300.02081 2054.53903  10.7%   4.6  983s
 183121 98937 2068.01043   46    8 2300.02081 2055.06424  10.7%   4.6  997s
 184200 99282     cutoff   61      2300.02081 2055.42096  10.6%   4.6 1009s
 185316 99764 2122.11577   34    6 2300.02081 2055.65242  10.6%   4.6 1023s
 186435 100086 2072.66024   33    6 2300.02081 2055.94651  10.6%   4.6 1037s
 187526 100485 2104.77205   34   10 2300.02081 2056.24058  10.6%   4.6 1051s
 188659 100924 2097.14851   35    6 2300.02081 2056.58818  10.6%   4.6 1065s
 189840 101277     cutoff   47      2300.02081 2056.91246  10.6%   4.6 1079s
 190934 101680 2075.95421   36   16 2300.02081 2057.10222  10.6%   4.6 1093s
 192053 102033     cutoff   65      2300.02081 2057.24037  10.6%   4.6 1107s
 193154 102477 2105.26146   37    6 2300.02081 2057.63124  10.5%   4.6 1120s
 194238 102878 2107.28494   37   10 2300.02081 2057.93096  10.5%   4.6 1133s
 195390 103364 2112.60242   48   11 2300.02081 2058.11971  10.5%   4.6 1146s
 196573 103791 2102.18854   33   10 2300.02081 2058.44477  10.5%   4.6 1160s
 197774 104053 2102.35002   35   11 2300.02081 2058.74112  10.5%   4.6 1173s
 198774 104524 2118.38819   47   22 2300.02081 2058.89906  10.5%   4.6 1188s
 199938 104981 2105.77978   34   22 2300.02081 2059.17244  10.5%   4.6 1203s
 201112 105454 2128.48620   41   14 2300.02081 2059.41089  10.5%   4.6 1218s
 202285 105732 2112.28432   35    8 2300.02081 2059.73823  10.4%   4.6 1232s
 203295 106254 2215.59978   46    8 2300.02081 2059.89948  10.4%   4.6 1247s
 204484 106625     cutoff   52      2300.02081 2060.08291  10.4%   4.6 1263s
 205636 107031     cutoff   57      2300.02081 2060.29241  10.4%   4.6 1280s
 206766 107434 2107.04209   39   12 2300.02081 2060.56809  10.4%   4.6 1295s
 207855 107914 2172.01850   45    6 2300.02081 2060.75291  10.4%   4.6 1310s
 209028 108286 2154.41984   32   19 2300.02081 2060.98316  10.4%   4.6 1325s
 210179 108729 2091.25041   54   12 2300.02081 2061.19577  10.4%   4.6 1340s
 211357 109040     cutoff   78      2300.02081 2061.49138  10.4%   4.6 1357s
 212329 109456 2114.14107   45    7 2300.02081 2061.58273  10.4%   4.6 1372s
 213501 109835 2107.73476   37   15 2300.02081 2061.86361  10.4%   4.6 1388s
 214686 110219 2113.48562   40    6 2300.02081 2062.05783  10.3%   4.6 1404s
 215826 110693 2100.66205   37   14 2300.02081 2062.36329  10.3%   4.6 1420s
 217021 111007 2124.59516   36   17 2300.02081 2062.59479  10.3%   4.6 1436s
 218135 111418 2109.64880   37   26 2300.02081 2062.77811  10.3%   4.6 1453s
 219224 111899 2191.16272   43   17 2300.02081 2063.03927  10.3%   4.6 1470s
 220425 112328 2114.05900   32    8 2300.02081 2063.17678  10.3%   4.6 1487s
 221604 112784 2150.94524   37    6 2300.02081 2063.34301  10.3%   4.6 1503s
 222787 113094 2138.39025   40   12 2300.02081 2063.55577  10.3%   4.6 1520s
 223856 113465 2091.21697   72   19 2300.02081 2063.76288  10.3%   4.6 1537s
 225003 113889 2165.10683   39    6 2300.02081 2063.97268  10.3%   4.6 1554s
 226129 114262 2156.45378   34    6 2300.02081 2064.19561  10.3%   4.6 1573s
 227288 114665 2092.93224   36   12 2300.02081 2064.44184  10.2%   4.6 1594s
 228472 114923 2122.71457   40   18 2300.02081 2064.60410  10.2%   4.6 1611s
 229499 115393 2110.20665   41   21 2300.02081 2064.90413  10.2%   4.6 1628s
 230709 115843 2108.96678   41   10 2300.02081 2065.01100  10.2%   4.6 1646s
 231902 116266 2127.62200   31   10 2300.02081 2065.17516  10.2%   4.6 1665s
 233067 116677 2155.21420   40   10 2300.02081 2065.53216  10.2%   4.6 1683s
 234199 117124 2162.83370   43    6 2300.02081 2065.67684  10.2%   4.6 1703s
 235370 117421 2097.87761   82    - 2300.02081 2065.86230  10.2%   4.6 1722s
 236411 117812 2257.67172   82   20 2300.02081 2066.03005  10.2%   4.6 1742s
 237570 118198 2131.07371   44    6 2300.02081 2066.28374  10.2%   4.6 1761s
 238708 118597 2138.21191   37    6 2300.02081 2066.48840  10.2%   4.6 1783s
 239796 118909 2104.02368   44    9 2300.02081 2066.60875  10.1%   4.6 1803s
 240952 119427 2134.71158   36   11 2300.02081 2066.84403  10.1%   4.6 1821s
 242203 119759 2099.19378   34    6 2300.02081 2066.94943  10.1%   4.6 1840s
 243388 120207 2103.82141   37   15 2300.02081 2067.11352  10.1%   4.6 1858s
 244504 120587 infeasible   86      2300.02081 2067.31810  10.1%   4.6 1879s
 245675 121050 2134.95850   33   20 2300.02081 2067.46837  10.1%   4.6 1898s
 246912 121340 2103.17534   35   10 2300.02081 2067.56336  10.1%   4.6 1918s
 248015 121790 2142.01274   36   10 2300.02081 2067.67355  10.1%   4.6 1937s
 249213 122278 2148.19555   34   15 2300.02081 2067.93906  10.1%   4.6 1955s
 250445 122582     cutoff   97      2300.02081 2068.04543  10.1%   4.6 1976s
 251507 123068 2128.87710   36    8 2300.02081 2068.28251  10.1%   4.6 2000s
 252720 123429 2116.31144   39   10 2300.02081 2068.39499  10.1%   4.6 2022s
 253871 123781 2154.79404   36   19 2300.02081 2068.53858  10.1%   4.6 2041s
 254941 124359 2150.50900   37   10 2300.02081 2068.73030  10.1%   4.6 2061s
 256111 125100     cutoff   63      2300.02081 2068.91180  10.0%   4.6 2080s
 257271 125972 2141.71904   48   16 2300.02081 2069.16121  10.0%   4.6 2101s
 258480 126802 2186.20849   54   11 2300.02081 2069.31630  10.0%   4.6 2119s
 259407 126879 2091.80628   57   50 2300.02081 2069.39813  10.0%   4.6 2120s
 259602 127598 2117.42804   39    9 2300.02081 2069.49817  10.0%   4.6 2142s
 260831 128563 2185.70513   64   14 2300.02081 2069.66834  10.0%   4.6 2160s
 262092 129284 2165.50388   39    8 2300.02081 2069.79212  10.0%   4.6 2182s
 263159 129985 2158.38336   38    7 2300.02081 2069.93533  10.0%   4.6 2204s
 264303 130841     cutoff   80      2300.02081 2070.13783  10.0%   4.7 2227s
 265485 131680 2149.60303   49   33 2300.02081 2070.31652  10.0%   4.7 2248s
 266671 132504 2143.18026   34   16 2300.02081 2070.46014  10.0%   4.7 2270s
 267876 133264 2106.39682   34    6 2300.02081 2070.46014  10.0%   4.7 2293s
 268962 134058 2119.61146   42   10 2300.02081 2070.74489  10.0%   4.7 2317s
 270150 134864 2119.77674   32   19 2300.02081 2070.87469  10.0%   4.7 2342s
 271264 135420 2110.82451   38    6 2300.02081 2071.09432  10.0%   4.7 2360s
 271994 136309 2128.86316   41   15 2300.02081 2071.18410  9.95%   4.7 2382s
 273276 137142 2116.02473   52   20 2300.02081 2071.33729  9.94%   4.7 2405s
 274453 137978 2110.18374   76   21 2300.02081 2071.45441  9.94%   4.7 2436s
 275686 138799 2118.84121   34   10 2300.02081 2071.65657  9.93%   4.7 2462s
 276907 139522 2179.01181   36    8 2300.02081 2071.79309  9.92%   4.7 2486s
 278021 140215 2081.20548   45   14 2300.02081 2071.90455  9.92%   4.7 2510s
 279135 140995 2104.52887   37   10 2300.02081 2072.04857  9.91%   4.7 2535s
 280202 141817 2149.76209   45   12 2300.02081 2072.17657  9.91%   4.7 2560s
 281450 142590 2132.01142   37    6 2300.02081 2072.34420  9.90%   4.7 2587s
 282645 143416 2208.77707   41   18 2300.02081 2072.45727  9.89%   4.7 2615s
 283822 144058 2157.24756   39   12 2300.02081 2072.63264  9.89%   4.7 2641s
 284934 144822 2157.49053   49   23 2300.02081 2072.80814  9.88%   4.7 2663s
 286028 145580 2118.91932   55   12 2300.02081 2072.93013  9.87%   4.7 2688s
 287228 146396 2105.11048   38   10 2300.02081 2073.07968  9.87%   4.7 2713s
 288421 147278 2156.20349   42    8 2300.02081 2073.22488  9.86%   4.7 2737s
 289628 148152     cutoff   68      2300.02081 2073.35552  9.85%   4.7 2762s
 290889 148869 2101.53595   53   14 2300.02081 2073.44932  9.85%   4.7 2786s
 291992 149656     cutoff   81      2300.02081 2073.57734  9.85%   4.7 2811s
 293149 150493 2122.33988   38   10 2300.02081 2073.75284  9.84%   4.7 2836s
 294389 151267 2169.07846   39    6 2300.02081 2073.84266  9.83%   4.7 2861s
 295529 152063 2121.60472   37   20 2300.02081 2073.99275  9.83%   4.7 2887s
 296714 152819 2128.33054   42    9 2300.02081 2074.12386  9.82%   4.7 2914s
 297836 153727 2106.93157   42   20 2300.02081 2074.27488  9.81%   4.7 2941s
 299113 154492 2155.13417   43   12 2300.02081 2074.42276  9.81%   4.7 2970s
 300315 155215 2142.30376   48   25 2300.02081 2074.56554  9.80%   4.7 2999s
 301538 156006 2105.92782   32    6 2300.02081 2074.68267  9.80%   4.7 3025s
 302664 156994 2108.93162   29   14 2300.02081 2074.83897  9.79%   4.7 3052s
 303982 157755 2171.93040   44   15 2300.02081 2074.94427  9.79%   4.7 3084s
 304455 157812 2124.45336   38   23 2300.02081 2074.97976  9.78%   4.7 3085s
 305137 158567 2101.29392   37   14 2300.02081 2075.14092  9.78%   4.7 3116s
 306415 159533 2120.93926   38    6 2300.02081 2075.21538  9.77%   4.7 3143s
 307661 160228 2186.07185   44    6 2300.02081 2075.32293  9.77%   4.7 3177s
 308828 161047 2194.04821   48   21 2300.02081 2075.45429  9.76%   4.7 3204s
 310016 161888 2216.89901   41   12 2300.02081 2075.60756  9.76%   4.7 3235s
 311197 162740 2173.28781   34   10 2300.02081 2075.74538  9.75%   4.7 3267s
 312438 163541 2123.81539   34   17 2300.02081 2075.81761  9.75%   4.7 3295s
 313612 164347 2158.70633   35   12 2300.02081 2075.97352  9.74%   4.7 3324s
 314823 165230 2153.80396   38    8 2300.02081 2076.12788  9.73%   4.7 3355s
 316069 166040 2139.20445   37    6 2300.02081 2076.30386  9.73%   4.7 3384s
 317262 166762 2099.96113   37    6 2300.02081 2076.40388  9.72%   4.7 3410s
 318372 167594 2121.57288   32    6 2300.02081 2076.53019  9.72%   4.7 3436s
 319605 168445 2156.08141   52   45 2300.02081 2076.64820  9.71%   4.7 3464s
 320805 169282 2108.57634   37    9 2300.02081 2076.75438  9.71%   4.7 3491s
 322093 170190 2102.38730   61   13 2300.02081 2076.85621  9.70%   4.7 3521s
 323382 171006 2161.02625   40   15 2300.02081 2076.98343  9.70%   4.7 3548s
 324585 171914 2099.95783   43    6 2300.02081 2077.07098  9.69%   4.7 3577s
 325843 172753 2133.36821   44    8 2300.02081 2077.13283  9.69%   4.7 3606s
 327033 173503 2144.23320   37   19 2300.02081 2077.28202  9.68%   4.7 3635s
 328233 174314 2155.85752   34    6 2300.02081 2077.39125  9.68%   4.7 3666s
 329457 175173 2099.55903   51   16 2300.02081 2077.52099  9.67%   4.7 3693s
 330645 175995 2161.50130   56    9 2300.02081 2077.60108  9.67%   4.7 3723s
 331886 176800 2188.88372   35   14 2300.02081 2077.70229  9.67%   4.7 3752s
 333044 177640 2122.21420   50   10 2300.02081 2077.85592  9.66%   4.7 3779s
 334278 178408     cutoff   55      2300.02081 2077.99504  9.65%   4.7 3810s
 335467 179269 2195.19792   38    6 2300.02081 2078.09819  9.65%   4.7 3838s
 336672 180133 2187.14580   47    9 2300.02081 2078.22381  9.64%   4.7 3868s
 337934 180862 2084.20753   34   23 2300.02081 2078.25146  9.64%   4.7 3902s
 338970 181652 2083.89759   30   22 2300.02081 2078.35357  9.64%   4.7 3933s
 340171 182463     cutoff   52      2300.02081 2078.49481  9.63%   4.7 3969s
 341396 183304 2187.76436   42    6 2300.02081 2078.59358  9.63%   4.7 4001s
 342645 184191 2118.66531   34    7 2300.02081 2078.71168  9.62%   4.7 4030s
 343932 184895 2164.83185   35    6 2300.02081 2078.77983  9.62%   4.7 4063s
 345007 185691 2155.99192   39   15 2300.02081 2078.93409  9.61%   4.7 4095s
 346248 186334 2174.03149   51    9 2300.02081 2079.04393  9.61%   4.7 4120s
 347156 187311 2230.57161   43   14 2300.02081 2079.13194  9.60%   4.7 4150s
 348510 188148 2149.81195   37   20 2300.02081 2079.24515  9.60%   4.7 4184s
 349738 188960 2223.51765   56   16 2300.02081 2079.32554  9.60%   4.7 4220s
 351028 189693 2154.03980   42   15 2300.02081 2079.42879  9.59%   4.7 4258s
 352192 190688 2154.21946   53   12 2300.02081 2079.55469  9.59%   4.7 4292s
 353544 191479 2190.83254   47    6 2300.02081 2079.63928  9.58%   4.7 4330s
 354748 192344     cutoff   68      2300.02081 2079.75022  9.58%   4.7 4366s
 356037 193199 2105.64831   36    6 2300.02081 2079.85502  9.57%   4.7 4399s
 357239 194051 2135.68053   37   16 2300.02081 2079.93580  9.57%   4.7 4440s
 358515 194837 2123.56811   41    8 2300.02081 2080.09327  9.56%   4.7 4474s
 359675 195531 2151.26435   45    8 2300.02081 2080.19017  9.56%   4.7 4506s
 360883 196366 2152.78782   37   13 2300.02081 2080.33958  9.55%   4.7 4544s
 361981 197189 2160.84279   39   14 2300.02081 2080.42883  9.55%   4.7 4579s
 363274 197951 2260.46046   51   15 2300.02081 2080.52133  9.54%   4.7 4619s
 364525 198861 2106.20591   57   25 2300.02081 2080.61155  9.54%   4.7 4654s
 365768 199690     cutoff   82      2300.02081 2080.71600  9.53%   4.7 4689s
 367033 200570 2130.60078   35   23 2300.02081 2080.83769  9.53%   4.7 4721s
 368269 201329 2138.87765   69   32 2300.02081 2080.98640  9.52%   4.7 4758s
 369428 202241 2086.06625   40   16 2300.02081 2081.07243  9.52%   4.7 4793s
 370711 203056 2160.61695   40    6 2300.02081 2081.19371  9.51%   4.7 4831s
 371943 203911 2170.23615   48   15 2300.02081 2081.28713  9.51%   4.7 4870s
 373202 204806     cutoff   51      2300.02081 2081.40783  9.50%   4.7 4903s
 374502 205615 2113.17290   40    6 2300.02081 2081.53254  9.50%   4.7 4954s
 375684 206375 2111.33748   38   23 2300.02081 2081.64223  9.49%   4.7 4996s
 376875 207244     cutoff   72      2300.02081 2081.73028  9.49%   4.7 5033s
 378120 208014 2131.12905   40    6 2300.02081 2081.82629  9.49%   4.7 5069s
 379280 208897 2142.27503   46   14 2300.02081 2081.96561  9.48%   4.7 5110s
 380538 209640 2133.05221   41   10 2300.02081 2082.07522  9.48%   4.7 5153s
 381712 210545 2159.20091   36   12 2300.02081 2082.18918  9.47%   4.7 5193s
 383031 211360 2196.49764   44   39 2300.02081 2082.26690  9.47%   4.7 5230s
 384223 212234 2106.81679   49   22 2300.02081 2082.36243  9.46%   4.7 5269s
 385489 213005     cutoff   74      2300.02081 2082.46107  9.46%   4.7 5304s
 386699 213852 2147.24652   41   23 2300.02081 2082.55539  9.45%   4.7 5345s
 387953 214699 2137.39360   41   12 2300.02081 2082.68283  9.45%   4.7 5383s
 389215 215603 2127.77542   37   12 2300.02081 2082.78280  9.45%   4.7 5420s
 390519 216438 2113.98125   63    6 2300.02081 2082.88216  9.44%   4.7 5459s
 391712 217287     cutoff   88      2300.02081 2082.96865  9.44%   4.7 5494s
 392983 218098 2179.47971   35    6 2300.02081 2083.08308  9.43%   4.7 5531s
 394240 218834 2117.94542   34   10 2300.02081 2083.18589  9.43%   4.7 5571s
 395424 219625 2144.25214   34    6 2300.02081 2083.22034  9.43%   4.7 5608s
 396687 220472 2108.44057   35   21 2300.02081 2083.30428  9.42%   4.7 5645s
 397894 221267 2129.15156   37   12 2300.02081 2083.40852  9.42%   4.7 5681s
 399114 222097 2178.03882   32   17 2300.02081 2083.52802  9.41%   4.7 5720s
 400395 222863 2157.25688   38   21 2300.02081 2083.63214  9.41%   4.7 5760s
 401540 223649 2129.31240   43   10 2300.02081 2083.75224  9.40%   4.7 5800s
 402788 224217 2160.54129   45   21 2300.02081 2083.83972  9.40%   4.7 5845s
 403618 225075 2260.72059   40    8 2300.02081 2083.90772  9.40%   4.7 5886s
 404951 225872 2149.84901   34    8 2300.02081 2083.99008  9.39%   4.7 5926s
 406240 226855 2191.71125   41   17 2300.02081 2084.10155  9.39%   4.7 5962s
 407592 227738 2099.68533   62   13 2300.02081 2084.22555  9.38%   4.7 6005s
 408976 228486 2173.87869   76    8 2300.02081 2084.31840  9.38%   4.7 6049s
 410199 229343 2180.58613   45   25 2300.02081 2084.40089  9.37%   4.7 6097s
 411378 230217 2130.93995   37   14 2300.02081 2084.51136  9.37%   4.7 6136s
 412691 230949 2134.67296   41   11 2300.02081 2084.61069  9.37%   4.7 6177s
 413813 231864 2133.55081   34   10 2300.02081 2084.71891  9.36%   4.7 6222s
 415153 232829 2134.71143   53    8 2300.02081 2084.78352  9.36%   4.7 6261s
 416499 233653     cutoff   68      2300.02081 2084.88239  9.35%   4.7 6303s
 417785 234469 2130.97314   37   23 2300.02081 2084.96114  9.35%   4.7 6346s
 419021 235339 2129.60050   40    9 2300.02081 2085.06853  9.35%   4.7 6391s
 420370 236220 2190.34257   43   11 2300.02081 2085.08536  9.34%   4.7 6433s
 421632 237056 2171.91264   36    9 2300.02081 2085.20148  9.34%   4.7 6474s
 422889 237934 2179.61001   38    7 2300.02081 2085.28104  9.34%   4.7 6515s
 424143 238940 2273.42909   78   25 2300.02081 2085.38127  9.33%   4.7 6563s
 425530 239724 2136.26936   44    9 2300.02081 2085.44651  9.33%   4.7 6614s
 426709 240545 2171.47753   44    8 2300.02081 2085.55975  9.32%   4.7 6655s
 427966 241313 2098.25424   34   19 2300.02081 2085.69164  9.32%   4.7 6696s
 429188 242100 2133.08937   40   11 2300.02081 2085.78789  9.31%   4.7 6741s
 430409 242812 2122.01378   38    6 2300.02081 2085.86329  9.31%   4.7 6783s
 431602 243648 2203.86092   45   25 2300.02081 2085.96744  9.31%   4.7 6823s
 432901 244543 2191.25648   37    6 2300.02081 2086.06908  9.30%   4.7 6867s
 434164 245359 2147.00200   38   15 2300.02081 2086.17609  9.30%   4.7 6914s
 435447 246047 2134.64957   36   21 2300.02081 2086.17652  9.30%   4.7 6954s
 436588 246840 2117.02788   42    8 2300.02081 2086.33094  9.29%   4.7 7015s
 437763 247514 2133.62731   36   10 2300.02081 2086.43491  9.29%   4.7 7070s
 438963 248358 2132.24785   33   13 2300.02081 2086.56178  9.28%   4.7 7115s
 440242 249254 2191.15867   39    9 2300.02081 2086.63358  9.28%   4.7 7166s
 441591 249878 2155.50115   33   10 2300.02081 2086.70571  9.27%   4.7 7200s

Cutting planes:
  Gomory: 3
  Zero half: 1
  Lazy constraints: 34718

Explored 442483 nodes (2099658 simplex iterations) in 7201.38 seconds
Thread count was 12 (of 12 available processors)

Solution count 1: 2300.02 

Time limit reached
Best objective 2.300020808221e+03, best bound 2.086796994397e+03, gap 9.2705%

User-callback calls 1822268, time in user-callback 6.96 sec
/projects/academic/josewalt/caigao/RRARP_BD/BendersDecomp/ret/model_outs/n_25_m_1_algo_2.out
 =====>>>>> Solution is written to file in <../ret/model_outs> !!!
===>> All Done!
