NPROCS=0
This instance is clustered!
Gurobi Optimizer version 9.0.0 build v9.0.0rc2 (linux64)
Optimize a model with 44 rows, 485 columns and 968 nonzeros
Model fingerprint: 0x63b15d9d
Variable types: 1 continuous, 484 integer (484 binary)
Coefficient statistics:
  Matrix range     [1e+00, 1e+00]
  Objective range  [1e+00, 4e+02]
  Bounds range     [1e+00, 1e+00]
  RHS range        [1e+00, 1e+00]
Presolve removed 2 rows and 63 columns
Presolve time: 0.01s
Presolved: 42 rows, 422 columns, 842 nonzeros
Variable types: 1 continuous, 421 integer (421 binary)

Root relaxation: objective 9.689119e+02, 45 iterations, 0.00 seconds

    Nodes    |    Current Node    |     Objective Bounds      |     Work
 Expl Unexpl |  Obj  Depth IntInf | Incumbent    BestBd   Gap | It/Node Time

     0     0 1205.60237    0    8          - 1205.60237      -     -    0s
H    0     0                    1357.9832090 1205.60237  11.2%     -    0s
     0     0 1205.60237    0    8 1357.98321 1205.60237  11.2%     -    0s
     0     0 1206.52898    0   48 1357.98321 1206.52898  11.2%     -    0s
     0     0 1208.95826    0   48 1357.98321 1208.95826  11.0%     -    0s
     0     0 1209.20993    0   27 1357.98321 1209.20993  11.0%     -    0s
     0     0 1209.28145    0   48 1357.98321 1209.28145  11.0%     -    0s
     0     0 1209.80828    0   15 1357.98321 1209.80828  10.9%     -    0s
     0     0 1209.85043    0   37 1357.98321 1209.85043  10.9%     -    0s
     0     0 1209.87426    0   37 1357.98321 1209.87426  10.9%     -    0s
     0     0 1209.87426    0   37 1357.98321 1209.87426  10.9%     -    0s
     0     2 1209.87426    0   37 1357.98321 1209.87426  10.9%     -    0s
*  411   337              35    1349.3873879 1221.96508  9.44%   3.8    0s
  6824  3116 1293.25554   16    8 1349.38739 1259.20376  6.68%   5.0    8s
  9253  3714 1273.58038   30   17 1349.38739 1259.20376  6.68%   5.2   10s
 17142  5179 1305.35984   31    - 1349.38739 1269.79815  5.90%   5.3   15s
 22075  7179     cutoff   33      1349.38739 1277.21164  5.35%   5.4   20s
 26210  8830 1327.61685   30    6 1349.38739 1282.17514  4.98%   5.4   25s
 29002  9870 1327.02409   31   13 1349.38739 1284.77385  4.79%   5.4   30s
 32235 11074     cutoff   29      1349.38739 1287.97588  4.55%   5.4   35s
 35063 11963 1305.52746   28   23 1349.38739 1290.10672  4.39%   5.4   41s
 37314 12646     cutoff   38      1349.38739 1291.48498  4.29%   5.4   46s
 38942 13096     cutoff   34      1349.38739 1292.62156  4.21%   5.4   50s
 41381 13847     cutoff   42      1349.38739 1294.32779  4.08%   5.4   56s
 42913 14206     cutoff   33      1349.38739 1295.34620  4.00%   5.4   60s
 44538 14717 1332.56143   26    7 1349.38739 1296.64562  3.91%   5.4   65s
 47062 15449 1348.96595   32    9 1349.38739 1297.97397  3.81%   5.4   72s
 48691 15805 1319.10961   31   10 1349.38739 1299.28597  3.71%   5.4   76s
 50250 16189     cutoff   41      1349.38739 1300.30557  3.64%   5.4   82s
 51135 16400 1311.04000   24   10 1349.38739 1300.66878  3.61%   5.4   85s
 52804 16733 1319.11737   38    6 1349.38739 1301.65520  3.54%   5.4   90s
 54480 17124     cutoff   28      1349.38739 1302.78176  3.45%   5.4   96s
 56217 17477 1324.29738   28    6 1349.38739 1303.40289  3.41%   5.4  102s
 57072 17673     cutoff   35      1349.38739 1303.99975  3.36%   5.4  105s
 58805 17995 1319.97066   31    7 1349.38739 1304.72316  3.31%   5.4  113s
 59688 18218 1309.73787   33   12 1349.38739 1305.25034  3.27%   5.4  116s
 60592 18420 1337.18640   34   16 1349.38739 1305.38154  3.26%   5.4  120s
 62381 18710 1314.22253   27    6 1349.38739 1306.56319  3.17%   5.4  128s
 63293 18894 1319.82374   23    6 1349.38739 1306.73232  3.16%   5.4  132s
 64214 19058 1339.20248   30   17 1349.38739 1307.23391  3.12%   5.4  136s
 65053 19245     cutoff   44      1349.38739 1307.54731  3.10%   5.4  140s
 66950 19593     cutoff   49      1349.38739 1308.43078  3.04%   5.4  147s
 67896 19770 1318.76649   23    6 1349.38739 1308.84530  3.00%   5.4  152s
 68841 19902 1343.23041   27   15 1349.38739 1309.19190  2.98%   5.4  156s
 69791 20048     cutoff   29      1349.38739 1309.62310  2.95%   5.4  160s
 70687 20162     cutoff   34      1349.38739 1310.12606  2.91%   5.4  165s
 71608 20290 1333.25868   21    7 1349.38739 1310.18548  2.91%   5.4  170s
 72563 20432     cutoff   34      1349.38739 1310.88664  2.85%   5.5  175s
 73525 20472     cutoff   34      1349.38739 1311.25853  2.83%   5.4  180s
 74442 20611     cutoff   34      1349.38739 1311.59513  2.80%   5.5  185s
 75410 20712     cutoff   43      1349.38739 1311.83666  2.78%   5.5  190s
 76353 20789     cutoff   40      1349.38739 1312.43424  2.74%   5.5  195s
 77328 20970 1314.54604   24    8 1349.38739 1312.92835  2.70%   5.5  200s
 78387 21048 1322.71120   26    6 1349.38739 1313.32898  2.67%   5.4  205s
 79375 21105     cutoff   38      1349.38739 1313.50231  2.66%   5.5  210s
 80343 21196 1331.36140   32    6 1349.38739 1313.76141  2.64%   5.5  216s
 81339 21308     cutoff   37      1349.38739 1314.49179  2.59%   5.5  221s
 82337 21416 1333.56223   29   12 1349.38739 1314.78885  2.56%   5.5  227s
 83355 21516 1320.86569   26   18 1349.38739 1315.25011  2.53%   5.5  232s
 84302 21629     cutoff   27      1349.38739 1315.60875  2.50%   5.5  238s
 85322 21669     cutoff   42      1349.38739 1316.05271  2.47%   5.5  244s
 86333 21769 1338.61590   36   12 1349.38739 1316.21126  2.46%   5.5  250s
 87340 21869     cutoff   44      1349.38739 1316.71231  2.42%   5.5  257s
 88373 21870     cutoff   49      1349.38739 1317.17618  2.39%   5.5  264s
 89440 21937     cutoff   42      1349.38739 1317.21121  2.38%   5.5  270s
 90505 21952 1335.25859   27    9 1349.38739 1317.60731  2.36%   5.5  277s
 91500 21986 1324.54820   40   13 1349.38739 1318.33600  2.30%   5.5  284s
 92566 22049     cutoff   43      1349.38739 1318.55847  2.28%   5.5  291s
 93580 22025     cutoff   32      1349.38739 1318.93776  2.26%   5.5  298s
 94638 22117     cutoff   34      1349.38739 1318.95581  2.26%   5.5  306s
 95679 22105     cutoff   53      1349.38739 1319.48619  2.22%   5.5  313s
 96700 22122 1345.03253   30    9 1349.38739 1320.04924  2.17%   5.5  321s
 97739 22173 1347.68263   38    6 1349.38739 1320.41053  2.15%   5.5  329s
 98829 22164 1330.67211   36    6 1349.38739 1320.81922  2.12%   5.5  337s
 99888 22176 1321.26990   24    9 1349.38739 1320.89091  2.11%   5.5  345s
 100997 22151     cutoff   32      1349.38739 1321.50210  2.07%   5.5  353s
 102066 22132     cutoff   46      1349.38739 1321.77812  2.05%   5.5  361s
 103098 22150     cutoff   33      1349.38739 1322.30442  2.01%   5.5  369s
 104208 22137     cutoff   46      1349.38739 1322.63595  1.98%   5.5  377s
 105262 22041     cutoff   35      1349.38739 1323.01057  1.95%   5.5  384s
 106341 22025 1344.56116   37    9 1349.38739 1323.66453  1.91%   5.5  392s
 107430 21999 1345.47410   27   10 1349.38739 1323.81767  1.89%   5.5  402s
 108513 21962     cutoff   34      1349.38739 1324.37994  1.85%   5.5  411s
 109593 21930     cutoff   32      1349.38739 1324.54411  1.84%   5.5  421s
 110677 21788 1349.02127   31    - 1349.38739 1325.08116  1.80%   5.5  430s
 111732 21686     cutoff   31      1349.38739 1325.31041  1.78%   5.5  438s
 112771 21503     cutoff   47      1349.38739 1325.68388  1.76%   5.5  447s
 113859 21441 1328.28561   34   10 1349.38739 1326.14927  1.72%   5.5  456s
 114987 21316     cutoff   39      1349.38739 1326.59882  1.69%   5.5  465s
 116083 21214     cutoff   51      1349.38739 1326.98071  1.66%   5.5  474s
 117177 21129     cutoff   46      1349.38739 1327.38328  1.63%   5.5  483s
 118287 20975     cutoff   33      1349.38739 1327.84383  1.60%   5.5  492s
 119416 20845 1344.62344   37   23 1349.38739 1327.96507  1.59%   5.5  501s
 120523 20729     cutoff   42      1349.38739 1328.49260  1.55%   5.5  510s
 121646 20581     cutoff   37      1349.38739 1328.73543  1.53%   5.5  519s
 122584 20652 1329.27918   34    6 1349.38739 1329.09949  1.50%   5.5  520s
 122764 20364     cutoff   41      1349.38739 1329.24572  1.49%   5.5  529s
 123811 20196 1343.30259   41   12 1349.38739 1329.46589  1.48%   5.5  539s
 124909 20021     cutoff   45      1349.38739 1330.16527  1.42%   5.5  548s
 126054 19847 1331.51234   39   12 1349.38739 1330.25121  1.42%   5.5  558s
 127157 19568     cutoff   43      1349.38739 1330.92595  1.37%   5.5  568s
 128258 19270     cutoff   39      1349.38739 1331.02451  1.36%   5.5  577s
 129287 19054 1332.80916   31   13 1349.38739 1331.54828  1.32%   5.5  588s
 130378 18833     cutoff   43      1349.38739 1331.91230  1.30%   5.5  598s
 131510 18618     cutoff   47      1349.38739 1332.05450  1.28%   5.5  609s
 132643 18360 1334.57004   37   16 1349.38739 1332.40084  1.26%   5.5  619s
 133746 18078     cutoff   50      1349.38739 1332.90042  1.22%   5.5  630s
 134869 17853     cutoff   39      1349.38739 1333.26088  1.20%   5.5  641s
 136041 17567     cutoff   35      1349.38739 1333.65337  1.17%   5.5  652s
 137179 17280 1339.47366   31    6 1349.38739 1334.13101  1.13%   5.5  663s
 138293 17003     cutoff   45      1349.38739 1334.31127  1.12%   5.5  674s
 139390 16711     cutoff   34      1349.38739 1335.07428  1.06%   5.5  686s
 140553 16444 1340.38780   27   29 1349.38739 1335.17706  1.05%   5.5  697s
 141671 16122 1337.35614   43    7 1349.38739 1335.84675  1.00%   5.5  708s
 142874 15846     cutoff   45      1349.38739 1336.02832  0.99%   5.5  719s
 143965 15501 1337.68824   34   13 1349.38739 1336.47051  0.96%   5.6  731s
 145080 15185 1346.27271   27    6 1349.38739 1337.07078  0.91%   5.6  743s
 146219 14836     cutoff   35      1349.38739 1337.22791  0.90%   5.6  755s
 147364 14464     cutoff   33      1349.38739 1337.76074  0.86%   5.6  766s
 148448 14035 1342.10236   33   30 1349.38739 1338.12056  0.83%   5.6  778s
 149553 13608     cutoff   28      1349.38739 1338.49967  0.81%   5.6  790s
 150646 13134     cutoff   35      1349.38739 1338.87687  0.78%   5.6  801s
 151741 12738     cutoff   37      1349.38739 1339.50117  0.73%   5.6  814s
 152832 12236     cutoff   43      1349.38739 1340.14223  0.69%   5.6  828s
 153999 11684 1341.76442   34    8 1349.38739 1340.26683  0.68%   5.6  842s
 155120 11181     cutoff   40      1349.38739 1340.67691  0.65%   5.6  856s
 156238 10621 1346.66411   29    7 1349.38739 1341.47503  0.59%   5.6  869s
 157333 10059     cutoff   33      1349.38739 1341.63676  0.57%   5.6  882s
 158321  9421     cutoff   40      1349.38739 1342.27042  0.53%   5.6  896s
 159427  8762     cutoff   30      1349.38739 1342.54035  0.51%   5.6  908s
 160531  8101     cutoff   36      1349.38739 1342.90498  0.48%   5.6  920s
 161605  7396     cutoff   43      1349.38739 1343.43027  0.44%   5.6  934s
 162711  6701 1348.53373   46   11 1349.38739 1344.15343  0.39%   5.6  948s
 163803  6010     cutoff   40      1349.38739 1344.81845  0.34%   5.6  961s
 164852  5262     cutoff   39      1349.38739 1345.10357  0.32%   5.6  976s
 165971  4489     cutoff   33      1349.38739 1345.65057  0.28%   5.6  992s
 167092  3596     cutoff   37      1349.38739 1346.37152  0.22%   5.6 1005s
 168194  2698     cutoff   37      1349.38739 1346.53516  0.21%   5.6 1020s
 169286  1735 1347.93198   36    6 1349.38739 1347.15979  0.17%   5.7 1036s
 170393   787     cutoff   37      1349.38739 1347.72005  0.12%   5.7 1052s
 171418     0     cutoff   27      1349.38739 1348.19472  0.09%   5.7 1064s

Cutting planes:
  Lazy constraints: 16847

Explored 172237 nodes (976902 simplex iterations) in 1064.59 seconds
Thread count was 12 (of 12 available processors)

Solution count 2: 1349.39 1357.98 

Optimal solution found (tolerance 1.00e-04)
Best objective 1.349387387874e+03, best bound 1.349387387874e+03, gap 0.0000%

User-callback calls 447479, time in user-callback 2.24 sec
/projects/academic/josewalt/caigao/RRARP_BD/BendersDecomp/ret/model_outs/n_20_e_9_algo_2.out
 =====>>>>> Solution is written to file in <../ret/model_outs> !!!
===>> All Done!
