NPROCS=0
This instance is clustered!
Gurobi Optimizer version 9.0.0 build v9.0.0rc2 (linux64)
Optimize a model with 46 rows, 530 columns and 1058 nonzeros
Model fingerprint: 0xb0c5df7f
Variable types: 1 continuous, 529 integer (529 binary)
Coefficient statistics:
  Matrix range     [1e+00, 1e+00]
  Objective range  [1e+00, 5e+02]
  Bounds range     [1e+00, 1e+00]
  RHS range        [1e+00, 1e+00]
Presolve removed 2 rows and 66 columns
Presolve time: 0.01s
Presolved: 44 rows, 464 columns, 926 nonzeros
Variable types: 1 continuous, 463 integer (463 binary)

Root relaxation: objective 9.551641e+02, 37 iterations, 0.00 seconds

    Nodes    |    Current Node    |     Objective Bounds      |     Work
 Expl Unexpl |  Obj  Depth IntInf | Incumbent    BestBd   Gap | It/Node Time

     0     0 1027.23385    0   12          - 1027.23385      -     -    0s
     0     0 1313.84692    0   24          - 1313.84692      -     -    0s
H    0     0                    3684.6215936 1313.84692  64.3%     -    0s
H    0     0                    1959.3934959 1313.84692  32.9%     -    0s
     0     2 1323.40401    0   14 1959.39350 1323.40401  32.5%     -    0s
H    7    12                    1533.4421887 1324.05915  13.7%   6.4    0s
*  589   394              44    1520.9081013 1329.37951  12.6%   3.7    0s
  3984  2264     cutoff   35      1520.90810 1378.63141  9.35%   4.2    5s
 14686  6388     cutoff   55      1520.90810 1400.70221  7.90%   4.4   10s
 20159  9011     cutoff   44      1520.90810 1411.41522  7.20%   4.5   15s
 24514 10710     cutoff   64      1520.90810 1418.13422  6.76%   4.6   20s
 28311 12051 1442.96699   45    6 1520.90810 1422.90066  6.44%   4.7   25s
 31436 13026     cutoff   48      1520.90810 1426.86697  6.18%   4.8   30s
 34413 14053     cutoff   36      1520.90810 1429.94136  5.98%   4.9   35s
 37261 14876     cutoff   43      1520.90810 1432.05275  5.84%   4.9   40s
 39700 15574     cutoff   49      1520.90810 1433.80089  5.73%   5.0   45s
 42842 16443     cutoff   42      1520.90810 1436.83323  5.53%   5.0   51s
 44620 16731 1504.45099   49   11 1520.90810 1438.28418  5.43%   5.1   55s
 47054 17364 1510.98513   60    6 1520.90810 1440.59388  5.28%   5.1   61s
 48759 17555     cutoff   43      1520.90810 1441.99579  5.19%   5.1   65s
 50596 17898     cutoff   61      1520.90810 1443.51240  5.09%   5.1   71s
 52303 18210 1477.16062   45   24 1520.90810 1445.00440  4.99%   5.2   79s
 52305 18211 1452.27971   32   14 1520.90810 1445.00440  4.99%   5.2   81s
 52311 18215 1507.70586   26   49 1520.90810 1445.00440  4.99%   5.2   85s
 52314 18217 1520.87705   33   51 1520.90810 1445.00440  4.99%   5.2   90s
 52321 18229 1445.00440   28   31 1520.90810 1445.00440  4.99%   5.2   95s
 52389 18272 1445.00440   32   30 1520.90810 1445.00440  4.99%   5.2  100s
 52660 18365 1457.27438   42   17 1520.90810 1445.00440  4.99%   5.2  105s
 53056 18406 1445.00440   60   10 1520.90810 1445.00440  4.99%   5.2  110s
 53545 18466     cutoff   80      1520.90810 1445.00440  4.99%   5.2  115s
 54243 18654 infeasible   68      1520.90810 1445.00440  4.99%   5.2  120s
 55051 18812 1445.00440   60   19 1520.90810 1445.00440  4.99%   5.2  141s
 55378 18918 1445.00440   90   29 1520.90810 1445.00440  4.99%   5.2  145s
 56404 19336 1445.00440   78   14 1520.90810 1445.00440  4.99%   5.1  150s
 57928 19737 1445.00440   77   10 1520.90810 1445.00440  4.99%   5.1  155s
 59265 19925 1445.00440   41   16 1520.90810 1445.00440  4.99%   5.1  162s
 60214 20325 1445.00440   38   12 1520.90810 1445.00440  4.99%   5.1  166s
 61222 20628 1481.52591   82   28 1520.90810 1445.00440  4.99%   5.1  170s
 62775 21093 infeasible   74      1520.90810 1445.00440  4.99%   5.1  176s
 63858 21360 1507.72573   49   10 1520.90810 1445.00440  4.99%   5.1  180s
 65591 21330 1489.71926   73   14 1520.90810 1445.00440  4.99%   5.1  186s
 66275 21886 1480.02434   61   11 1520.90810 1445.00440  4.99%   5.1  190s
 67669 22092 1493.85285   47   31 1520.90810 1445.00440  4.99%   5.1  195s
 69790 22437     cutoff   68      1520.90810 1445.00440  4.99%   5.1  202s
 70522 22583     cutoff   76      1520.90810 1445.00440  4.99%   5.1  205s
 72069 22721 1466.54693   63   20 1520.90810 1445.00440  4.99%   5.1  210s
 73681 22880 1445.00440   39   10 1520.90810 1445.00440  4.99%   5.1  215s
H74850 21780                    1520.9080582 1445.00440  4.99%   5.1  218s
 74973 21809 infeasible   40      1520.90806 1445.00440  4.99%   5.1  223s
 75196 21934 1489.09141   98   30 1520.90806 1445.00440  4.99%   5.1  226s
 76020 22186 1482.85118   53   12 1520.90806 1445.00440  4.99%   5.1  233s
 76870 22216 1445.00440   47    9 1520.90806 1445.00440  4.99%   5.1  236s
 77438 22616     cutoff   70      1520.90806 1445.00440  4.99%   5.1  240s
 79782 22571     cutoff   51      1520.90806 1445.00440  4.99%   5.1  249s
 80840 22704     cutoff   93      1520.90806 1445.00440  4.99%   5.1  254s
 82112 22622     cutoff   76      1520.90806 1445.00440  4.99%   5.1  259s
 83240 22714 1517.89830   83    6 1520.90806 1445.00440  4.99%   5.1  264s
 84493 22734 infeasible   84      1520.90806 1445.00440  4.99%   5.1  268s
 85659 22643 1484.78783   57    6 1520.90806 1445.00440  4.99%   5.1  272s
 86435 22730     cutoff   59      1520.90806 1445.00440  4.99%   5.1  277s
 87552 22711     cutoff   66      1520.90806 1445.00440  4.99%   5.1  281s
 88737 22594 infeasible   89      1520.90806 1445.00440  4.99%   5.1  285s
 89540 22587     cutoff  103      1520.90806 1445.00440  4.99%   5.1  290s
 91949 22496 1503.28600   69   10 1520.90806 1445.00440  4.99%   5.1  299s
 92858 22535     cutoff   91      1520.90806 1445.00440  4.99%   5.1  303s
 94080 22432 1490.60799   53   19 1520.90806 1445.00440  4.99%   5.1  308s
 95206 22183     cutoff   91      1520.90806 1445.00440  4.99%   5.1  313s
 95582 22214 1511.69200   46   10 1520.90806 1445.00440  4.99%   5.2  317s
 96375 22131 1453.24741   60   13 1520.90806 1445.00440  4.99%   5.2  322s
 97173 22022 1483.15258   74   12 1520.90806 1445.00440  4.99%   5.2  326s
 98092 21999 1464.96481   51   10 1520.90806 1445.00440  4.99%   5.2  332s
 99325 21975 1492.08280   60   16 1520.90806 1445.00440  4.99%   5.2  338s
 100657 21690     cutoff   45      1520.90806 1445.00440  4.99%   5.2  343s
 101463 21660     cutoff   75      1520.90806 1445.00440  4.99%   5.2  348s
 102694 21480     cutoff   50      1520.90806 1445.00440  4.99%   5.2  352s
 103495 21452     cutoff   72      1520.90806 1445.00440  4.99%   5.2  358s
 104789 21374     cutoff   54      1520.90806 1445.00440  4.99%   5.2  363s
 105942 21633     cutoff   56      1520.90806 1445.00440  4.99%   5.2  368s
 106891 21735 1463.14587   73   34 1520.90806 1445.00440  4.99%   5.2  374s
 108056 21918     cutoff   65      1520.90806 1445.64015  4.95%   5.2  379s
 108885 22153 1477.65399   54   26 1520.90806 1446.78067  4.87%   5.2  384s
 110178 22282     cutoff   96      1520.90806 1447.63705  4.82%   5.2  389s
 110990 22454     cutoff   62      1520.90806 1448.54475  4.76%   5.2  396s
 112174 22571     cutoff   67      1520.90806 1449.57363  4.69%   5.3  402s
 112479 22693 1466.71490   46   25 1520.90806 1449.74781  4.68%   5.3  408s
 113351 22829 1512.50527   53   24 1520.90806 1450.52317  4.63%   5.3  416s
 114604 22945     cutoff   97      1520.90806 1451.27562  4.58%   5.3  423s
 115555 23147     cutoff   73      1520.90806 1452.17775  4.52%   5.3  431s
 116787 23319 1515.75609   59    6 1520.90806 1452.88958  4.47%   5.3  438s
 118031 23514 1520.19243   65    9 1520.90806 1453.75096  4.42%   5.3  444s
 118982 23536 1500.65154   55    8 1520.90806 1454.52969  4.36%   5.3  451s
 120176 23550 1520.45843   56    6 1520.90806 1455.52357  4.30%   5.3  458s
 121303 23552     cutoff   52      1520.90806 1456.25393  4.25%   5.3  465s
 122183 23574     cutoff   60      1520.90806 1456.76402  4.22%   5.3  472s
 123401 23574     cutoff   69      1520.90806 1457.79403  4.15%   5.3  479s
 123488 23587     cutoff   61      1520.90806 1457.79403  4.15%   5.3  480s
 124329 23612 1515.77214   74   12 1520.90806 1458.32414  4.11%   5.3  487s
 125238 23628     cutoff   64      1520.90806 1459.00327  4.07%   5.4  493s
 126209 23668     cutoff   48      1520.90806 1459.64617  4.03%   5.4  501s
 127474 23733     cutoff   54      1520.90806 1460.73421  3.96%   5.4  508s
 128701 23795     cutoff   81      1520.90806 1461.57018  3.90%   5.4  515s
 129139 23698     cutoff   67      1520.90806 1461.68469  3.89%   5.4  521s
 130150 23664     cutoff   69      1520.90806 1462.39707  3.85%   5.4  528s
 131136 23514     cutoff   58      1520.90806 1463.22755  3.79%   5.4  536s
 132152 23433     cutoff   69      1520.90806 1463.88449  3.75%   5.4  543s
 133110 23422     cutoff   55      1520.90806 1464.46761  3.71%   5.4  551s
 134167 23363 infeasible   66      1520.90806 1464.71830  3.69%   5.4  558s
 135216 23444     cutoff   47      1520.90806 1465.88480  3.62%   5.4  566s
 135739 23265 1472.12082   88   12 1520.90806 1466.19772  3.60%   5.4  574s
 136510 23362     cutoff   55      1520.90806 1466.31848  3.59%   5.4  575s
 136884 23192     cutoff   67      1520.90806 1466.72950  3.56%   5.4  582s
 137995 23078     cutoff   90      1520.90806 1467.71405  3.50%   5.4  590s
 139042 22954     cutoff   61      1520.90806 1468.30416  3.46%   5.5  598s
 140160 22855     cutoff   76      1520.90806 1468.92922  3.42%   5.5  606s
 141282 22741 1509.89862   67   18 1520.90806 1469.80304  3.36%   5.5  614s
 141549 22772 1503.92902   51   27 1520.90806 1469.84100  3.36%   5.5  615s
 142386 22617     cutoff   68      1520.90806 1470.52005  3.31%   5.5  623s
 143520 22448 infeasible   45      1520.90806 1471.42735  3.25%   5.5  631s
 144646 22310     cutoff   52      1520.90806 1471.62067  3.24%   5.5  640s
 145764 22048 1513.81955   45    6 1520.90806 1472.65370  3.17%   5.5  649s
 146901 21857     cutoff   63      1520.90806 1473.47978  3.12%   5.5  659s
 148037 21674 1495.27598   56    6 1520.90806 1474.39798  3.06%   5.5  669s
 149153 21413     cutoff   41      1520.90806 1475.05230  3.02%   5.5  680s
 150281 21178 1484.31901   73   13 1520.90806 1475.76682  2.97%   5.5  689s
 151399 20894     cutoff   78      1520.90806 1476.69314  2.91%   5.5  698s
 152537 20626     cutoff   63      1520.90806 1477.61775  2.85%   5.6  706s
 153651 20284 infeasible   57      1520.90806 1478.17137  2.81%   5.6  715s
 154745 20183     cutoff   67      1520.90806 1479.06136  2.75%   5.6  724s
 155373 19849 infeasible   64      1520.90806 1479.18469  2.74%   5.6  734s
 156500 19508 1513.88460   61    6 1520.90806 1480.23511  2.67%   5.6  744s
 156904 19549 infeasible   68      1520.90806 1480.29234  2.67%   5.6  745s
 157668 19153     cutoff   53      1520.90806 1481.09767  2.62%   5.6  754s
 158845 18812     cutoff   56      1520.90806 1481.84797  2.57%   5.6  763s
 160048 18438     cutoff   45      1520.90806 1482.48945  2.53%   5.6  774s
 161233 18108 infeasible   56      1520.90806 1483.45685  2.46%   5.6  783s
 162418 17735     cutoff   61      1520.90806 1484.44396  2.40%   5.6  793s
 163615 17338     cutoff   52      1520.90806 1484.75844  2.38%   5.6  805s
 164789 16928     cutoff   54      1520.90806 1486.03231  2.29%   5.6  816s
 165928 16476 infeasible   48      1520.90806 1486.51537  2.26%   5.6  826s
 167056 16029     cutoff   66      1520.90806 1487.25519  2.21%   5.6  837s
 168207 15540 1512.44487   69    9 1520.90806 1488.67093  2.12%   5.6  846s
 169328 15054     cutoff   62      1520.90806 1489.10237  2.09%   5.6  856s
 170481 14561     cutoff   54      1520.90806 1490.34527  2.01%   5.7  865s
 171654 14040 1514.55946   60    6 1520.90806 1490.90874  1.97%   5.7  875s
 172847 13606 infeasible   61      1520.90806 1492.40562  1.87%   5.7  884s
 174008 13005 infeasible   61      1520.90806 1493.28074  1.82%   5.7  895s
 175137 12841     cutoff   65      1520.90806 1494.38095  1.74%   5.7  908s
 175679 12155     cutoff   57      1520.90806 1495.15299  1.69%   5.7  917s
 176895 11550 infeasible   55      1520.90806 1495.78909  1.65%   5.7  927s
 178145 10919 infeasible   65      1520.90806 1496.86433  1.58%   5.7  936s
 179351 10233     cutoff   66      1520.90806 1499.29077  1.42%   5.7  946s
 180553  9512 infeasible   73      1520.90806 1499.62474  1.40%   5.7  956s
 181795  8771 1509.42622   56    6 1520.90806 1500.51240  1.34%   5.7  965s
 183016  8026 infeasible   57      1520.90806 1503.10737  1.17%   5.7  975s
 184209  7266     cutoff   51      1520.90806 1504.31538  1.09%   5.7  984s
 185397  6373     cutoff   57      1520.90806 1505.74634  1.00%   5.7  993s
 186636  5441 infeasible   59      1520.90806 1507.34428  0.89%   5.7 1003s
 187851  4440     cutoff   45      1520.90806 1509.14735  0.77%   5.7 1012s
 189076  3404 infeasible   65      1520.90806 1510.62995  0.68%   5.7 1022s
 190311  2320 infeasible   47      1520.90806 1512.72778  0.54%   5.7 1033s
 191557  1161     cutoff   53      1520.90806 1514.79147  0.40%   5.7 1042s
 192819     6 infeasible   53      1520.90806 1517.04148  0.25%   5.7 1051s

Cutting planes:
  Gomory: 6
  Zero half: 2
  Lazy constraints: 11563

Explored 194047 nodes (1095575 simplex iterations) in 1051.98 seconds
Thread count was 12 (of 12 available processors)

Solution count 4: 1520.91 1533.44 1959.39 3684.62 

Optimal solution found (tolerance 1.00e-04)
Best objective 1.520908058240e+03, best bound 1.520908058240e+03, gap 0.0000%

User-callback calls 553306, time in user-callback 2.63 sec
/projects/academic/josewalt/caigao/RRARP_BD/BendersDecomp/ret/model_outs/n_21_e_3_algo_2.out
 =====>>>>> Solution is written to file in <../ret/model_outs> !!!
===>> All Done!
