NPROCS=0
This instance is clustered!
Gurobi Optimizer version 9.0.0 build v9.0.0rc2 (linux64)
Optimize a model with 20 rows, 101 columns and 200 nonzeros
Model fingerprint: 0x6c4e736f
Variable types: 1 continuous, 100 integer (100 binary)
Coefficient statistics:
  Matrix range     [1e+00, 1e+00]
  Objective range  [9e-01, 2e+01]
  Bounds range     [1e+00, 1e+00]
  RHS range        [1e+00, 1e+00]
Presolve removed 2 rows and 27 columns
Presolve time: 0.00s
Presolved: 18 rows, 74 columns, 146 nonzeros
Variable types: 1 continuous, 73 integer (73 binary)

Root relaxation: objective 3.412861e+01, 16 iterations, 0.00 seconds

    Nodes    |    Current Node    |     Objective Bounds      |     Work
 Expl Unexpl |  Obj  Depth IntInf | Incumbent    BestBd   Gap | It/Node Time

     0     0   45.69128    0   14          -   45.69128      -     -    0s
H    0     0                      66.7781834   45.69128  31.6%     -    0s
     0     0   46.25782    0   12   66.77818   46.25782  30.7%     -    0s
H    0     0                      61.6211425   46.25782  24.9%     -    0s
     0     0   46.25782    0   12   61.62114   46.25782  24.9%     -    0s
     0     2   46.56935    0   12   61.62114   46.56935  24.4%     -    0s
   260   129   55.11584   20    8   61.62114   48.14245  21.9%   2.8   23s
   572   185   56.72484   14    6   61.62114   49.09873  20.3%   2.8   45s
  1004   213     cutoff   17        61.62114   53.59241  13.0%   2.8   71s
  1460   223   61.19516   18    6   61.62114   54.63562  11.3%   2.8  111s
  1600   107 infeasible   19        61.62114   55.80618  9.44%   2.8  120s
  1922     6   61.59770   18    6   61.62114   57.36190  6.91%   2.8  144s
  2168     0     cutoff   11        61.62114   58.51830  5.04%   2.7  154s

Cutting planes:
  Gomory: 1
  Lazy constraints: 602

Explored 2219 nodes (6056 simplex iterations) in 156.06 seconds
Thread count was 12 (of 12 available processors)

Solution count 2: 61.6211 66.7782 

Optimal solution found (tolerance 1.00e-04)
Best objective 6.162114249554e+01, best bound 6.162114249554e+01, gap 0.0000%

User-callback calls 5196, time in user-callback 155.85 sec
---> instance_name: n_8_e_10.dat
---> algo_index: 1
---> obj_value: 61.6211
---> total_time: 156.154
---> total_time_gurobi: 156.056
---> total_nb_benders_cuts: 571
---> total_nb_subtour_cuts: 33
---> total_nb_user_cuts: 0
---> GRB_IntAttr_Status: 2
---> optimality_gap: 0
---> node_count: 2219
 =====>>>>> Solution is written to file in <../ret/model_outs> !!!
===>> All Done!
