NPROCS=0
This instance is clustered!
Gurobi Optimizer version 9.0.0 build v9.0.0rc2 (linux64)
Optimize a model with 28 rows, 197 columns and 392 nonzeros
Model fingerprint: 0x7129212a
Variable types: 1 continuous, 196 integer (196 binary)
Coefficient statistics:
  Matrix range     [1e+00, 1e+00]
  Objective range  [1e+00, 2e+02]
  Bounds range     [1e+00, 1e+00]
  RHS range        [1e+00, 1e+00]
Presolve removed 2 rows and 39 columns
Presolve time: 0.00s
Presolved: 26 rows, 158 columns, 314 nonzeros
Variable types: 1 continuous, 157 integer (157 binary)

Root relaxation: objective 2.145099e+02, 20 iterations, 0.00 seconds

    Nodes    |    Current Node    |     Objective Bounds      |     Work
 Expl Unexpl |  Obj  Depth IntInf | Incumbent    BestBd   Gap | It/Node Time

     0     0  318.23671    0   12          -  318.23671      -     -    0s
H    0     0                     601.9978876  318.23671  47.1%     -    0s
     0     0  356.96613    0   14  601.99789  356.96613  40.7%     -    0s
     0     0  361.29792    0   18  601.99789  361.29792  40.0%     -    0s
H    0     0                     393.3644222  361.29792  8.15%     -    0s
     0     0  361.98469    0   29  393.36442  361.98469  7.98%     -    0s
H    0     0                     390.3917268  361.98469  7.28%     -    0s
     0     0  364.27191    0   27  390.39173  364.27191  6.69%     -    0s
     0     0  364.83016    0   33  390.39173  364.83016  6.55%     -    0s
     0     0  365.39947    0   32  390.39173  365.39947  6.40%     -    0s
     0     0  366.93582    0   30  390.39173  366.93582  6.01%     -    0s
     0     0  367.43311    0   38  390.39173  367.43311  5.88%     -    0s
     0     0  367.58255    0   36  390.39173  367.58255  5.84%     -    0s
     0     0  367.61497    0   38  390.39173  367.61497  5.83%     -    0s
     0     0  367.61497    0   38  390.39173  367.61497  5.83%     -    0s
     0     2  367.66207    0   36  390.39173  367.66207  5.82%     -    0s
H  179    22                     390.3917258  376.82115  3.48%   5.9    0s

Cutting planes:
  Gomory: 4
  Clique: 1
  MIR: 1
  Zero half: 3
  RLT: 1
  Lazy constraints: 35

Explored 266 nodes (1706 simplex iterations) in 0.19 seconds
Thread count was 12 (of 12 available processors)

Solution count 3: 390.392 393.364 601.998 

Optimal solution found (tolerance 1.00e-04)
Best objective 3.903917258135e+02, best bound 3.903917258135e+02, gap 0.0000%

User-callback calls 817, time in user-callback 0.00 sec
/projects/academic/josewalt/caigao/RRARP_BD/BendersDecomp/ret/model_outs/n_12_e_8_algo_3.out
 =====>>>>> Solution is written to file in <../ret/model_outs> !!!
===>> All Done!
