NPROCS=0
This instance is clustered!
Gurobi Optimizer version 9.0.0 build v9.0.0rc2 (linux64)
Optimize a model with 34 rows, 290 columns and 578 nonzeros
Model fingerprint: 0xe0289bcc
Variable types: 1 continuous, 289 integer (289 binary)
Coefficient statistics:
  Matrix range     [1e+00, 1e+00]
  Objective range  [1e+00, 2e+02]
  Bounds range     [1e+00, 1e+00]
  RHS range        [1e+00, 1e+00]
Presolve removed 2 rows and 48 columns
Presolve time: 0.00s
Presolved: 32 rows, 242 columns, 482 nonzeros
Variable types: 1 continuous, 241 integer (241 binary)

Root relaxation: objective 3.422400e+02, 24 iterations, 0.00 seconds

    Nodes    |    Current Node    |     Objective Bounds      |     Work
 Expl Unexpl |  Obj  Depth IntInf | Incumbent    BestBd   Gap | It/Node Time

     0     0  472.48607    0   20          -  472.48607      -     -    0s
 done with super cut 0
 done with super cut 1
H    0     0                     736.0534827  472.48607  35.8%     -    0s
     0     0  490.47519    0   24  736.05348  490.47519  33.4%     -    0s
 done with super cut 2
 done with super cut 3
H    0     0                     616.5540797  490.47519  20.4%     -    1s
     0     0  501.69058    0   23  616.55408  501.69058  18.6%     -    1s
     0     0  519.19133    0   29  616.55408  519.19133  15.8%     -    1s
 done with super cut 4
 done with super cut 5
 done with super cut 6
H    0     0                     584.4360656  519.19133  11.2%     -    6s
     0     0  527.62203    0   25  584.43607  527.62203  9.72%     -    6s
     0     0  527.62203    0   35  584.43607  527.62203  9.72%     -    6s
 done with super cut 7
     0     0  535.88597    0   38  584.43607  535.88597  8.31%     -    8s
 done with super cut 8
     0     0  542.91690    0   37  584.43607  542.91690  7.10%     -   10s
 done with super cut 9
     0     0  543.20076    0   41  584.43607  543.20076  7.06%     -   13s
     0     0  543.20353    0   42  584.43607  543.20353  7.06%     -   13s
     0     0  544.44140    0   38  584.43607  544.44140  6.84%     -   13s
     0     0  544.72759    0   41  584.43607  544.72759  6.79%     -   13s
     0     0  544.85497    0   43  584.43607  544.85497  6.77%     -   13s
     0     0  545.24900    0   43  584.43607  545.24900  6.71%     -   13s
     0     0  545.24900    0   43  584.43607  545.24900  6.71%     -   13s
 done with super cut 10
     0     2  545.24945    0   43  584.43607  545.24945  6.71%     -   14s

Cutting planes:
  Gomory: 2
  Zero half: 2
  Mod-K: 2
  RLT: 1
  Lazy constraints: 19

Explored 79 nodes (833 simplex iterations) in 14.55 seconds
Thread count was 12 (of 12 available processors)

Solution count 3: 584.436 616.554 736.053 

Optimal solution found (tolerance 1.00e-04)
Best objective 5.844360656454e+02, best bound 5.844360656454e+02, gap 0.0000%

User-callback calls 377, time in user-callback 14.44 sec
/projects/academic/josewalt/caigao/RRARP_BD/BendersDecomp/ret/model_outs/n_15_e_6_algo_4.out
 =====>>>>> Solution is written to file in <../ret/model_outs> !!!
===>> All Done!
