NPROCS=0
This instance is clustered!
Gurobi Optimizer version 9.0.0 build v9.0.0rc2 (linux64)
Optimize a model with 36 rows, 325 columns and 648 nonzeros
Model fingerprint: 0x0623b39a
Variable types: 1 continuous, 324 integer (324 binary)
Coefficient statistics:
  Matrix range     [1e+00, 1e+00]
  Objective range  [1e+00, 3e+02]
  Bounds range     [1e+00, 1e+00]
  RHS range        [1e+00, 1e+00]
Presolve removed 2 rows and 51 columns
Presolve time: 0.00s
Presolved: 34 rows, 274 columns, 546 nonzeros
Variable types: 1 continuous, 273 integer (273 binary)

Root relaxation: objective 7.225479e+02, 35 iterations, 0.00 seconds

    Nodes    |    Current Node    |     Objective Bounds      |     Work
 Expl Unexpl |  Obj  Depth IntInf | Incumbent    BestBd   Gap | It/Node Time

     0     0  839.00389    0   32          -  839.00389      -     -    0s
H    0     0                     936.9912791  839.00389  10.5%     -    0s
     0     0  842.16164    0   14  936.99128  842.16164  10.1%     -    0s
     0     0  842.16164    0   32  936.99128  842.16164  10.1%     -    0s
     0     0  843.46795    0   12  936.99128  843.46795  10.0%     -    0s
     0     0  843.46795    0   12  936.99128  843.46795  10.0%     -    0s
     0     2  843.46795    0   12  936.99128  843.46795  10.0%     -    0s
 10884  1266  923.40041   27    8  936.99128  918.58972  1.96%   3.2    5s

Cutting planes:
  Gomory: 1
  Mod-K: 1
  RLT: 1
  Lazy constraints: 3495

Explored 13928 nodes (44564 simplex iterations) in 7.48 seconds
Thread count was 12 (of 12 available processors)

Solution count 1: 936.991 

Optimal solution found (tolerance 1.00e-04)
Best objective 9.369912790984e+02, best bound 9.369912790984e+02, gap 0.0000%

User-callback calls 33370, time in user-callback 0.30 sec
/projects/academic/josewalt/caigao/RRARP_BD/BendersDecomp/ret/model_outs/n_16_e_6_algo_2.out
 =====>>>>> Solution is written to file in <../ret/model_outs> !!!
===>> All Done!
