NPROCS=0
This instance is clustered!
Gurobi Optimizer version 9.0.0 build v9.0.0rc2 (linux64)
Optimize a model with 46 rows, 530 columns and 1058 nonzeros
Model fingerprint: 0xa7b6a2d3
Variable types: 1 continuous, 529 integer (529 binary)
Coefficient statistics:
  Matrix range     [1e+00, 1e+00]
  Objective range  [1e+00, 4e+02]
  Bounds range     [1e+00, 1e+00]
  RHS range        [1e+00, 1e+00]
Presolve removed 2 rows and 66 columns
Presolve time: 0.00s
Presolved: 44 rows, 464 columns, 926 nonzeros
Variable types: 1 continuous, 463 integer (463 binary)

Root relaxation: objective 1.008632e+03, 36 iterations, 0.00 seconds

    Nodes    |    Current Node    |     Objective Bounds      |     Work
 Expl Unexpl |  Obj  Depth IntInf | Incumbent    BestBd   Gap | It/Node Time

     0     0 1115.36930    0    8          - 1115.36930      -     -    0s
     0     0 1276.14388    0   16          - 1276.14388      -     -    0s
     0     2 1315.11280    0    8          - 1315.11280      -     -    0s
H    4     6                    1703.4545391 1318.73681  22.6%   1.8    0s
* 1339  1038              84    1696.9636638 1335.99517  21.3%   3.6    0s
* 1384  1044              93    1695.3999414 1339.73957  21.0%   3.6    0s
H 2253  1500                    1694.8224904 1339.73957  21.0%   3.9    4s
  2562  1631 1489.62588   33    9 1694.82249 1339.73957  21.0%   4.0    5s
 11146  6387 1535.96686  132    - 1694.82249 1370.92205  19.1%   3.9   10s
 15707  9518 1532.74164   87   17 1694.82249 1380.88635  18.5%   4.0   15s
 20811 13341 1658.16111  100   10 1694.82249 1387.27216  18.1%   3.9   20s
 24744 16104     cutoff   90      1694.82249 1391.47485  17.9%   3.9   25s
 28649 18963 1477.29101   59   13 1694.82249 1395.38058  17.7%   3.8   31s
 31618 21018 1673.05308  119    6 1694.82249 1397.55039  17.5%   3.9   36s
 33936 22686 1648.72018   81   22 1694.82249 1398.78637  17.5%   3.9   40s
 36795 24917 1659.06959   75    6 1694.82249 1400.23299  17.4%   3.8   46s
 38763 25764 1485.06309   34    6 1694.82249 1401.38857  17.3%   3.8   52s
 39557 26622     cutoff   83      1694.82249 1402.16220  17.3%   3.9   56s
 40991 27684     cutoff  105      1694.82249 1402.82830  17.2%   3.9   60s
 41919 27776 1681.47755   87   16 1694.82249 1403.03663  17.2%   3.9   66s
 41921 27777 1539.29907   34   32 1694.82249 1403.03663  17.2%   3.9   70s
 41928 27782 1571.30599   35   49 1694.82249 1403.03663  17.2%   3.9   75s
 41930 27783 1522.44046   89   50 1694.82249 1403.03663  17.2%   3.9   80s
 41932 27785 1471.10050   59   50 1694.82249 1403.03663  17.2%   3.9  140s
 41947 27807 1403.03663   29   20 1694.82249 1403.03663  17.2%   3.9  145s
 42065 27882 1403.03663   34    6 1694.82249 1403.03663  17.2%   3.9  150s
 42480 28066 1403.03663   48   33 1694.82249 1403.03663  17.2%   3.9  155s
 43041 28240     cutoff   70      1694.82249 1403.03663  17.2%   3.9  160s
 44139 28539 1580.28186   77   33 1694.82249 1403.03663  17.2%   3.9  165s
 45341 29064 1436.84760   41   12 1694.82249 1403.03663  17.2%   3.9  170s
 46230 29384 1426.95597   64   29 1694.82249 1403.03663  17.2%   3.9  175s
 47480 30025 1476.23012   96   22 1694.82249 1403.03663  17.2%   3.9  180s
 49127 30919 1482.51580  114   10 1694.82249 1403.03663  17.2%   3.9  186s
 50819 31814 1429.10018   43   41 1694.82249 1403.03663  17.2%   3.9  191s
 52415 32572 1588.94171   60   11 1694.82249 1403.03663  17.2%   3.9  196s
 54228 33448 1464.47130   39    6 1694.82249 1403.03663  17.2%   3.9  200s
 55427 33654 1482.49818   49   11 1694.82249 1403.03663  17.2%   3.9  205s
 56651 34524     cutoff  113      1694.82249 1403.03663  17.2%   3.9  212s
 57938 34981 1558.66945  117   17 1694.82249 1403.03663  17.2%   3.9  216s
 58983 35182 1541.59556   57   20 1694.82249 1403.03663  17.2%   3.9  221s
 60142 35294     cutoff   64      1694.82249 1403.03663  17.2%   3.9  225s
 61071 35629 1657.79054  105   14 1694.82249 1403.03663  17.2%   3.9  232s
 61640 35614     cutoff  107      1694.82249 1403.03663  17.2%   3.9  236s
 62997 36142     cutoff   82      1694.82249 1403.03663  17.2%   4.0  242s
 64611 37039 1554.31555   92   26 1694.82249 1403.03663  17.2%   4.0  248s
 65558 37352 1584.04529   69   11 1694.82249 1403.03663  17.2%   4.0  252s
 66459 38017 1650.56584   75    9 1694.82249 1403.03663  17.2%   4.0  255s
 68657 38904 1512.72705   78   23 1694.82249 1403.03663  17.2%   3.9  261s
 69688 38913 1685.00096  100    6 1694.82249 1403.03663  17.2%   3.9  265s
 71354 40345 1559.63678  153   14 1694.82249 1403.03663  17.2%   3.9  272s
 72587 41133     cutoff  172      1694.82249 1403.03663  17.2%   3.9  275s
 75139 41971 1483.88703   40    6 1694.82249 1403.03663  17.2%   3.9  284s
 76207 42601 1632.28297   93    - 1694.82249 1403.03663  17.2%   3.9  287s
 77419 43070     cutoff  110      1694.82249 1403.03663  17.2%   3.9  291s
 78534 43681     cutoff  147      1694.82249 1403.03663  17.2%   3.9  295s
 80992 45057 1686.13670  152    6 1694.82249 1403.03663  17.2%   3.8  302s
 82235 45693 1435.14861   50   12 1694.82249 1403.03663  17.2%   3.8  306s
 83458 45739 1587.44114  150    - 1694.82249 1403.03663  17.2%   3.8  310s
 85372 46524 1527.31236  109   26 1694.82249 1403.03663  17.2%   3.8  318s
 86253 47239 1510.15918   89   16 1694.82249 1403.03663  17.2%   3.8  322s
 87470 47855 1611.85633  110   12 1694.82249 1403.03663  17.2%   3.8  326s
 89828 48860 1526.80607   45   21 1694.82249 1403.03663  17.2%   3.8  333s
 90869 49416 1679.78810   95   25 1694.82249 1403.03663  17.2%   3.8  336s
 91995 50088 1545.65154  118   21 1694.82249 1403.03663  17.2%   3.8  341s
 93220 50626 infeasible  121      1694.82249 1403.03663  17.2%   3.8  345s
 94360 51047 1694.37264  131    6 1694.82249 1403.03663  17.2%   3.8  350s
 95409 51422 1560.72786  106   22 1694.82249 1403.03663  17.2%   3.8  355s
 96415 51714 1624.44881   70    - 1694.82249 1403.03663  17.2%   3.8  360s
 98339 52560 1627.33427  126    6 1694.82249 1403.03663  17.2%   3.8  368s
 99366 53107 1556.19941  139    9 1694.82249 1403.03663  17.2%   3.8  373s
 100524 53484 1610.36859  104   15 1694.82249 1403.03663  17.2%   3.8  377s
 101571 53975     cutoff  115      1694.82249 1403.03663  17.2%   3.8  382s
 102614 54329 1512.62511   90   10 1694.82249 1403.03663  17.2%   3.8  386s
 103631 54166     cutoff  142      1694.82249 1403.03663  17.2%   3.8  396s
 103759 54772 1492.49500   53    8 1694.82249 1403.03663  17.2%   3.8  401s
 104820 55331 1444.11796  106   21 1694.82249 1403.03663  17.2%   3.8  406s
 105957 55598 1671.39333  130   13 1694.82249 1403.03663  17.2%   3.8  412s
 106889 56287 1662.81676  130    6 1694.82249 1403.03663  17.2%   3.8  417s
 108096 56788     cutoff  142      1694.82249 1403.38164  17.2%   3.8  424s
 109267 57208 1607.00727  159   29 1694.82249 1403.94225  17.2%   3.8  429s
 110341 57656 1607.50801   78   35 1694.82249 1404.30224  17.1%   3.8  436s
 111405 57987     cutoff  118      1694.82249 1404.54447  17.1%   3.8  443s
 112409 58270 1628.74304   66   17 1694.82249 1405.11991  17.1%   3.8  451s
 113305 58500     cutoff  116      1694.82249 1405.29272  17.1%   3.8  458s
 114217 58841     cutoff  107      1694.82249 1405.71291  17.1%   3.8  463s
 115193 59082 1480.97881   67   28 1694.82249 1405.91919  17.0%   3.8  469s
 116102 59663 1520.05347   95   20 1694.82249 1406.56860  17.0%   3.8  474s
 117153 60230     cutoff  142      1694.82249 1407.08965  17.0%   3.8  480s
 118341 60466 1639.92787  151    8 1694.82249 1407.45031  17.0%   3.8  487s
 119330 60635 infeasible   64      1694.82249 1407.51984  17.0%   3.8  495s
 120193 61026     cutoff   79      1694.82249 1407.51984  17.0%   3.9  503s
 121201 61518 1678.72948  112    6 1694.82249 1407.92872  16.9%   3.9  510s
 122340 62009 1575.82756  131   16 1694.82249 1408.35300  16.9%   3.9  516s
 123525 62417 1614.62130  138   10 1694.82249 1408.96190  16.9%   3.9  523s
 124689 62942 1434.23942   38    6 1694.82249 1409.42277  16.8%   3.9  532s
 125856 63560 1472.17136   46    6 1694.82249 1409.76260  16.8%   3.9  539s
 126807 63664 1552.71083   87   34 1694.82249 1409.90921  16.8%   3.9  540s
 126979 64516 1677.43240  142    - 1694.82249 1409.96605  16.8%   3.9  546s
 128195 65447 1485.02083   55    6 1694.82249 1410.38978  16.8%   3.9  552s
 129347 66461     cutoff  106      1694.82249 1410.76229  16.8%   3.9  559s
 130609 67289 1597.83078  109   16 1694.82249 1411.14652  16.7%   3.9  565s
 131755 68369 1612.69918  116   14 1694.82249 1411.38771  16.7%   3.9  571s
 133029 69407     cutoff  123      1694.82249 1411.76350  16.7%   3.8  578s
 134282 70256     cutoff  162      1694.82249 1412.07731  16.7%   3.8  585s
 135442 71073 1529.99844  123   27 1694.82249 1412.25779  16.7%   3.8  592s
 136529 71680 1559.89505  149   30 1694.82249 1412.40970  16.7%   3.8  601s
 137522 72406     cutoff  150      1694.82249 1412.99309  16.6%   3.8  608s
 138499 73075 1481.79313   75    6 1694.82249 1413.48200  16.6%   3.8  616s
 139532 73660 1554.05503  124   38 1694.82249 1413.63526  16.6%   3.8  625s
 140453 74461 1601.61708  164   28 1694.82249 1414.12812  16.6%   3.8  632s
 141548 75115 1608.16893   98   17 1694.82249 1414.24579  16.6%   3.8  639s
 142595 76003 1590.27790  116    8 1694.82249 1414.62146  16.5%   3.8  648s
 143750 76582     cutoff   95      1694.82249 1415.16223  16.5%   3.8  659s
 144636 76917 1661.72898  127    - 1694.82249 1415.42306  16.5%   3.9  666s
 144924 77578 1688.14335  127    8 1694.82249 1415.42306  16.5%   3.9  676s
 146055 78298 1546.92106  101   23 1694.82249 1415.46721  16.5%   3.9  684s
 146449 78330     cutoff  119      1694.82249 1415.66569  16.5%   3.9  685s
 147153 79178 1650.43962  119    - 1694.82249 1415.74512  16.5%   3.9  693s
 148350 80307     cutoff  119      1694.82249 1416.15553  16.4%   3.9  700s
 149664 80829 1533.81377   52   14 1694.82249 1416.46732  16.4%   3.9  710s
 150494 81167 1603.37290   94    - 1694.82249 1416.82194  16.4%   3.9  718s
 151031 82063 1453.08706   36    6 1694.82249 1416.87080  16.4%   3.9  726s
 152243 83102 1576.11986   97    8 1694.82249 1417.07088  16.4%   3.9  734s
 153046 83159 1574.45388  101   16 1694.82249 1417.39636  16.4%   3.9  735s
 153540 83969     cutoff  114      1694.82249 1417.59630  16.4%   3.9  743s
 154689 84880 1511.45042  128   12 1694.82249 1417.75076  16.3%   3.8  751s
 155897 86008     cutoff  135      1694.82249 1417.98125  16.3%   3.8  758s
 157277 86509 1689.57260  120    - 1694.82249 1418.26697  16.3%   3.8  768s
 158270 87382     cutoff  120      1694.82249 1418.43554  16.3%   3.9  776s
 159474 88036 1447.37358  120   10 1694.82249 1418.62428  16.3%   3.9  786s
 160466 88867     cutoff  127      1694.82249 1418.78171  16.3%   3.9  794s
 161646 89664 1569.06652   53    6 1694.82249 1418.95727  16.3%   3.9  803s
 162811 90508     cutoff   95      1694.82249 1419.29625  16.3%   3.9  811s
 163990 91447 1510.80174   75   11 1694.82249 1419.53445  16.2%   3.9  820s
 165203 92233 1476.31251  109   16 1694.82249 1419.78567  16.2%   3.9  830s
 166292 93026 1441.11195   49   18 1694.82249 1420.10385  16.2%   3.9  839s
 167389 93341 1535.71307  147   13 1694.82249 1420.20026  16.2%   3.9  847s
 167795 94063     cutoff  148      1694.82249 1420.35135  16.2%   3.9  859s
 168920 94714 1616.84482   91    8 1694.82249 1420.51315  16.2%   3.9  871s
 169995 95870 1644.41687  109    - 1694.82249 1420.84620  16.2%   3.9  882s
 171333 96597 1476.49204   46   16 1694.82249 1421.20156  16.1%   3.9  893s
 172428 97136     cutoff  116      1694.82249 1421.41558  16.1%   3.9  904s
 173340 98007     cutoff  101      1694.82249 1421.50932  16.1%   3.9  913s
 174473 98885     cutoff  115      1694.82249 1421.87953  16.1%   3.9  923s
 175716 99533     cutoff   76      1694.82249 1422.03834  16.1%   3.9  936s
 176723 100399 1656.76917   78   13 1694.82249 1422.25816  16.1%   3.9  947s
 177886 100737 1460.72451   41    6 1694.82249 1422.25816  16.1%   3.9  962s
 178203 101714 1490.92704   42    9 1694.82249 1422.25816  16.1%   3.9  972s
 179537 102559     cutoff  112      1694.82249 1422.52431  16.1%   3.9  982s
 180754 103621 1531.93315   93   14 1694.82249 1422.79584  16.1%   3.9  991s
 182090 104286 infeasible  110      1694.82249 1423.11560  16.0%   3.9 1003s
 183195 105033 1690.24426   96    6 1694.82249 1423.22400  16.0%   3.9 1014s
 183723 105079 1561.52518  104   32 1694.82249 1423.22400  16.0%   3.9 1015s
 184292 105715 1644.74717  128    6 1694.82249 1423.44094  16.0%   3.9 1026s
 185333 106268     cutoff  126      1694.82249 1423.60153  16.0%   3.9 1039s
 186394 107035 1597.47055  131   37 1694.82249 1423.81510  16.0%   3.9 1052s
 187394 107556 1455.17622   56    6 1694.82249 1423.83579  16.0%   3.9 1063s
 188463 108532     cutoff  141      1694.82249 1424.04217  16.0%   3.9 1074s
 189570 108618     cutoff  132      1694.82249 1424.22839  16.0%   3.9 1075s
 189766 109448 1505.88994   96   24 1694.82249 1424.36977  16.0%   3.9 1086s
 191023 110456 1669.35509   64    - 1694.82249 1424.50705  15.9%   3.9 1097s
 192336 111307 1666.84588   93    - 1694.82249 1424.83873  15.9%   3.9 1108s
 193558 112246     cutoff   93      1694.82249 1424.93025  15.9%   3.9 1119s
 194837 113111 1653.27237  137   12 1694.82249 1425.24464  15.9%   3.9 1131s
 196040 114008     cutoff  138      1694.82249 1425.40266  15.9%   3.9 1143s
 197222 115060 1603.02406  113   14 1694.82249 1425.84563  15.9%   3.9 1154s
 198529 115845     cutoff  107      1694.82249 1426.01599  15.9%   3.9 1166s
 199560 116728 1586.96495   99   17 1694.82249 1426.23510  15.8%   3.9 1179s
 200775 117496     cutoff   98      1694.82249 1426.30753  15.8%   3.9 1192s
 201896 118249 1477.49409   89   21 1694.82249 1426.58254  15.8%   3.9 1205s
 202989 118957 infeasible  137      1694.82249 1426.70196  15.8%   3.9 1218s
 204066 119869 1537.04532   88    6 1694.82249 1426.91422  15.8%   3.9 1230s
 205248 120581     cutoff  100      1694.82249 1427.07696  15.8%   3.9 1243s
 206372 121199 1492.34597  104   10 1694.82249 1427.24623  15.8%   3.9 1260s
 207276 121962     cutoff  139      1694.82249 1427.59060  15.8%   3.9 1275s
 208409 122678 1498.70175   70   21 1694.82249 1427.61962  15.8%   3.9 1290s
 209411 123511 1631.36635   97    - 1694.82249 1427.73165  15.8%   3.9 1305s
 210568 124337 1629.06403  119   17 1694.82249 1427.96103  15.7%   3.9 1317s
 211732 125021 1469.73271   44    6 1694.82249 1428.16470  15.7%   3.9 1330s
 212789 125882 1548.07251   56    6 1694.82249 1428.37830  15.7%   3.9 1344s
 213800 125980 1694.23598   70    6 1694.82249 1428.37830  15.7%   3.9 1345s
 213983 126869 1521.10033  107   17 1694.82249 1428.45745  15.7%   3.9 1356s
 215253 127679 1570.74523  124   21 1694.82249 1428.64833  15.7%   3.9 1370s
 216399 128414 1619.51609   55   13 1694.82249 1428.82672  15.7%   3.9 1384s
 217511 129159 1495.00872   53    9 1694.82249 1429.06087  15.7%   3.9 1396s
 218593 129885 1599.34115  106   28 1694.82249 1429.20713  15.7%   3.9 1412s
 219658 130674 1687.72018  124   10 1694.82249 1429.34157  15.7%   3.9 1425s
 220728 131429 1582.43801   98    - 1694.82249 1429.50470  15.7%   3.9 1440s
 221895 132023     cutoff  114      1694.82249 1429.67526  15.6%   3.9 1458s
 222890 132705 1485.62213   47    6 1694.82249 1429.82829  15.6%   3.9 1475s
 223899 132895 infeasible  118      1694.82249 1429.95398  15.6%   3.9 1488s
 224204 133478 1478.04282   50    8 1694.82249 1429.98954  15.6%   3.9 1502s
 225269 134084 1483.31438   73    6 1694.82249 1430.05830  15.6%   3.9 1519s
 226344 134907 infeasible  135      1694.82249 1430.27049  15.6%   3.9 1536s
 227587 135751     cutoff  111      1694.82249 1430.44364  15.6%   3.9 1551s
 228785 136284 1680.48163  122    6 1694.82249 1430.61192  15.6%   3.9 1563s
 229471 137112     cutoff  123      1694.82249 1430.67868  15.6%   3.9 1578s
 230676 137839 infeasible  100      1694.82249 1430.86566  15.6%   3.9 1592s
 231887 138843 1438.26525   39   17 1694.82249 1431.02634  15.6%   3.9 1609s
 233223 139771     cutoff  101      1694.82249 1431.12728  15.6%   3.9 1627s
 234448 140525 infeasible  147      1694.82249 1431.34222  15.5%   3.9 1647s
 235616 141450 1491.29460   42    8 1694.82249 1431.40426  15.5%   4.0 1661s
 236875 142417 1446.41318  111   18 1694.82249 1431.54224  15.5%   4.0 1677s
 238180 143179     cutoff  129      1694.82249 1431.70536  15.5%   4.0 1697s
 239358 144236 1531.10554   74   26 1694.82249 1431.89333  15.5%   4.0 1711s
 240710 144739     cutoff   99      1694.82249 1431.98463  15.5%   3.9 1733s
 241650 145496 1539.28493   78   35 1694.82249 1432.16601  15.5%   4.0 1748s
 242770 146233 1556.22201   97   13 1694.82249 1432.17760  15.5%   4.0 1763s
 243876 146977     cutoff  140      1694.82249 1432.43459  15.5%   4.0 1780s
 245006 147648 1600.64885  129   16 1694.82249 1432.58457  15.5%   4.0 1796s
 246113 148499 1583.99825   86   24 1694.82249 1432.72903  15.5%   4.0 1812s
 247292 149395 1528.28516   42    - 1694.82249 1432.87994  15.5%   4.0 1827s
 248538 149936 1580.34452   98    - 1694.82249 1433.07043  15.4%   4.0 1845s
 249479 150542 1620.52836   98    9 1694.82249 1433.30484  15.4%   4.0 1862s
 250518 151356 1467.39989   43    6 1694.82249 1433.31750  15.4%   4.0 1878s
 251731 152070 1461.34541   59   20 1694.82249 1433.39464  15.4%   4.0 1895s
 252912 152779 1689.33926   68    8 1694.82249 1433.51962  15.4%   4.0 1912s
 254066 153752     cutoff  104      1694.82249 1433.78708  15.4%   4.0 1927s
 255335 154315 1471.17905   41    6 1694.82249 1433.88505  15.4%   4.0 1948s
 256367 155002     cutoff  118      1694.82249 1434.03349  15.4%   4.0 1967s
 257403 155239 1484.06341  103   21 1694.82249 1434.08764  15.4%   4.0 1986s
 257660 156024     cutoff  113      1694.82249 1434.15553  15.4%   4.0 2003s
 258967 156925 1624.61038   83   11 1694.82249 1434.36410  15.4%   4.0 2021s
 260265 157694 1511.82506   42    6 1694.82249 1434.49933  15.4%   4.0 2037s
 261412 158583 1468.04166   92   16 1694.82249 1434.65655  15.4%   4.0 2052s
 262684 159402 1532.65223  113   29 1694.82249 1434.83430  15.3%   4.0 2069s
 263941 160185     cutoff  129      1694.82249 1434.98125  15.3%   4.0 2087s
 265171 161234     cutoff   72      1694.82249 1435.04443  15.3%   4.0 2107s
 266438 162097 1633.86336  121    6 1694.82249 1435.32904  15.3%   4.0 2126s
 267733 163002 1686.96748   85   17 1694.82249 1435.51481  15.3%   4.0 2143s
 269000 163608 1548.19146  102   13 1694.82249 1435.61685  15.3%   4.0 2162s
 270089 164442 infeasible   77      1694.82249 1435.71722  15.3%   4.0 2180s
 271176 164586 1600.43028  120   14 1694.82249 1435.82584  15.3%   4.0 2196s
 271387 164886 1504.08888   44    9 1694.82249 1435.92076  15.3%   4.0 2222s
 272338 165701 1551.77588   67    - 1694.82249 1435.92947  15.3%   4.0 2240s
 273554 166589 1523.80145  113   11 1694.82249 1436.08841  15.3%   4.0 2259s
 274835 167591 1579.31395  125    6 1694.82249 1436.24341  15.3%   4.0 2279s
 276202 168538     cutoff  132      1694.82249 1436.38628  15.2%   4.0 2300s
 277445 169286     cutoff  120      1694.82249 1436.58320  15.2%   4.0 2326s
 278546 170143     cutoff  109      1694.82249 1436.62876  15.2%   4.0 2348s
 279723 170934 1537.57788  100   24 1694.82249 1436.66902  15.2%   4.0 2365s
 280915 171912 1622.55583  108   11 1694.82249 1436.82254  15.2%   4.0 2384s
 282223 172879 1650.70739  110    9 1694.82249 1437.00453  15.2%   4.0 2402s
 283446 173452 1568.22959   53   26 1694.82249 1437.08871  15.2%   4.0 2425s
 284444 174264     cutoff  103      1694.82249 1437.15328  15.2%   4.0 2447s
 285585 174867 1583.63851  117    8 1694.82249 1437.20287  15.2%   4.0 2474s
 286668 175614 1614.84411  125    6 1694.82249 1437.34678  15.2%   4.0 2496s
 287745 176387     cutoff  128      1694.82249 1437.42593  15.2%   4.0 2514s
 287973 176395 1693.14271   98    - 1694.82249 1437.44971  15.2%   4.0 2515s
 288907 177415 1694.54023   85    8 1694.82249 1437.49761  15.2%   4.0 2535s
 290318 178357 1515.94442  113    8 1694.82249 1437.58964  15.2%   4.0 2553s
 291569 179222 1495.17575   44    8 1694.82249 1437.65169  15.2%   4.0 2574s
 292761 180032 1587.16548   46    6 1694.82249 1437.66585  15.2%   4.0 2596s
 293825 180920 1544.82554   64   16 1694.82249 1437.91496  15.2%   4.0 2618s
 295082 181726 1687.74740  114   11 1694.82249 1438.04325  15.2%   4.0 2639s
 296257 182514 1677.35630  119    - 1694.82249 1438.20635  15.1%   4.0 2662s
 297446 183467 infeasible  120      1694.82249 1438.28523  15.1%   4.0 2681s
 298710 184394     cutoff  122      1694.82249 1438.42818  15.1%   4.0 2700s
 300018 185291 1640.81454  107   14 1694.82249 1438.60157  15.1%   4.0 2720s
 301126 185841 infeasible  112      1694.82249 1438.75208  15.1%   4.0 2746s
 302164 186597 1646.63109   64   27 1694.82249 1438.84758  15.1%   4.0 2767s
 303214 187398 1516.96876   92   10 1694.82249 1438.87408  15.1%   4.0 2796s
 304310 188262     cutoff  109      1694.82249 1438.94206  15.1%   4.0 2816s
 305648 189249 infeasible  117      1694.82249 1439.11724  15.1%   4.0 2834s
 306206 189306 1526.77081   88   16 1694.82249 1439.15608  15.1%   4.0 2835s
 306973 190054     cutoff  131      1694.82249 1439.30236  15.1%   4.0 2856s
 308172 190612 1593.25810   71   23 1694.82249 1439.43835  15.1%   4.0 2881s
 309325 191496 1458.01408   46   10 1694.82249 1439.52089  15.1%   4.0 2905s
 310542 192413 1634.40970   66   16 1694.82249 1439.59354  15.1%   4.0 2926s
 311825 193093 1679.97062  102    - 1694.82249 1439.70554  15.1%   4.0 2951s
 312905 193618     cutoff  102      1694.82249 1439.70554  15.1%   4.0 2975s
 313960 194545     cutoff   76      1694.82249 1439.98361  15.0%   4.0 2998s
 315188 195505     cutoff  102      1694.82249 1440.03843  15.0%   4.0 3020s
 316537 196473 1608.80719  109   16 1694.82249 1440.27277  15.0%   4.0 3044s
 317824 197245 infeasible  113      1694.82249 1440.36673  15.0%   4.0 3068s
 319040 197967     cutoff  114      1694.82249 1440.49175  15.0%   4.0 3094s
 320117 198871 1589.45256  106   30 1694.82249 1440.58240  15.0%   4.0 3115s
 321377 199204     cutoff  115      1694.82249 1440.74209  15.0%   4.0 3140s
 322268 199860 1678.25283   95    6 1694.82249 1440.79682  15.0%   4.0 3164s
 323136 199940 1597.99369   71   11 1694.82249 1440.84475  15.0%   4.0 3165s
 323248 200501     cutoff  139      1694.82249 1440.86066  15.0%   4.0 3188s
 324325 201248 1557.40435  132   14 1694.82249 1440.90487  15.0%   4.0 3211s
 325506 202054     cutoff  146      1694.82249 1441.07652  15.0%   4.0 3236s
 326701 202775     cutoff   95      1694.82249 1441.20691  15.0%   4.0 3265s
 327853 203628     cutoff  121      1694.82249 1441.30729  15.0%   4.0 3292s
 329042 204293 1601.48923  106    9 1694.82249 1441.38585  15.0%   4.0 3313s
 329969 205127 1692.26179  112   15 1694.82249 1441.58329  14.9%   4.0 3341s
 331172 205986     cutoff  115      1694.82249 1441.65892  14.9%   4.0 3362s
 332389 207065 1475.42401   99   13 1694.82249 1441.82188  14.9%   4.0 3384s
 333854 207899     cutoff  119      1694.82249 1441.94256  14.9%   4.0 3411s
 335109 208833     cutoff  130      1694.82249 1442.05892  14.9%   4.0 3437s
 336389 209620 1605.95066   57    9 1694.82249 1442.21252  14.9%   4.0 3463s
 337586 210388 1549.69494  135   11 1694.82249 1442.29127  14.9%   4.0 3494s
 338323 210485 1538.94001   81   10 1694.82249 1442.33233  14.9%   4.0 3495s
 338694 211107     cutoff  139      1694.82249 1442.34081  14.9%   4.0 3522s
 339817 212182 1560.54383   96   12 1694.82249 1442.48770  14.9%   4.0 3548s
 341177 213018 1499.58255  115   30 1694.82249 1442.50114  14.9%   4.0 3576s
 342398 213671     cutoff  160      1694.82249 1442.77544  14.9%   4.0 3602s
 343447 214631 1643.76540   84    6 1694.82249 1442.85131  14.9%   4.0 3623s
 344725 215436     cutoff  116      1694.82249 1442.95632  14.9%   4.0 3645s
 345949 216315     cutoff   86      1694.82249 1443.05628  14.9%   4.0 3670s
 347105 216631     cutoff  106      1694.82249 1443.11257  14.9%   4.0 3705s
 347592 217803     cutoff   83      1694.82249 1443.19335  14.8%   4.0 3728s
 349126 218502 1538.00577  125   28 1694.82249 1443.32188  14.8%   4.0 3759s
 349834 218627 1615.22311   93    6 1694.82249 1443.39033  14.8%   4.0 3760s
 350260 219395 1653.50198   73    8 1694.82249 1443.46582  14.8%   4.0 3786s
 351467 219997 1536.48762   44    8 1694.82249 1443.47787  14.8%   4.0 3814s
 352418 220648     cutoff   63      1694.82249 1443.47787  14.8%   4.0 3842s
 353464 221212 1683.64957   80    6 1694.82249 1443.51750  14.8%   4.0 3869s
 354286 221299 1541.48890   73   22 1694.82249 1443.66928  14.8%   4.0 3870s
 354448 221839     cutoff  116      1694.82249 1443.76292  14.8%   4.0 3896s
 355580 222771 1486.63117   94   24 1694.82249 1443.79909  14.8%   4.0 3918s
 356877 223540 1584.31606  132    8 1694.82249 1443.97862  14.8%   4.0 3950s
 358083 224239 1485.96347   50   13 1694.82249 1444.15116  14.8%   4.0 3975s
 359109 224999     cutoff  103      1694.82249 1444.23817  14.8%   4.0 3998s
 360144 225946     cutoff  116      1694.82249 1444.32264  14.8%   4.0 4024s
 361501 226764     cutoff  120      1694.82249 1444.45460  14.8%   4.0 4055s
 362763 227810     cutoff  139      1694.82249 1444.58576  14.8%   4.0 4085s
 364118 228530 1526.92925   95   25 1694.82249 1444.73806  14.8%   4.0 4120s
 365336 229291 1532.07868  139   27 1694.82249 1444.75623  14.8%   4.0 4153s
 366487 230179 infeasible  151      1694.82249 1444.75623  14.8%   4.0 4184s
 367804 230958 1661.26321  111    - 1694.82249 1444.97268  14.7%   4.0 4219s
 368874 231849     cutoff  111      1694.82249 1445.02948  14.7%   4.0 4248s
 370152 232635 1614.00003   88   11 1694.82249 1445.15894  14.7%   4.0 4280s
 371377 233391     cutoff  115      1694.82249 1445.27818  14.7%   4.0 4309s
 371502 233403 1551.09945   51   21 1694.82249 1445.27818  14.7%   4.0 4310s
 372570 234520 1489.63708  110   23 1694.82249 1445.38656  14.7%   4.0 4336s
 373967 235224     cutoff  116      1694.82249 1445.48367  14.7%   4.0 4364s
 375039 235367 1646.64917  131    9 1694.82249 1445.56454  14.7%   4.0 4365s
 375159 236199     cutoff  104      1694.82249 1445.57292  14.7%   4.0 4389s
 376482 236795 1470.39257  115   25 1694.82249 1445.65286  14.7%   4.0 4418s
 377575 237804 1535.06572  133   17 1694.82249 1445.73943  14.7%   4.0 4446s
 378913 238822 1550.60458  134   18 1694.82249 1445.84021  14.7%   4.0 4480s
 380287 239778     cutoff  136      1694.82249 1445.92992  14.7%   4.0 4512s
 381558 240517     cutoff  136      1694.82249 1446.04680  14.7%   4.0 4539s
 382638 240795     cutoff  136      1694.82249 1446.15049  14.7%   4.0 4561s
 382959 241411 1540.39454   43   10 1694.82249 1446.19181  14.7%   4.0 4593s
 384124 242139 infeasible  125      1694.82249 1446.25502  14.7%   4.0 4622s
 385303 242708 1499.42077   44   10 1694.82249 1446.35025  14.7%   4.0 4657s
 386373 243527 1629.91815   98   35 1694.82249 1446.50311  14.7%   4.0 4691s
 387589 244299 1654.22711  103   17 1694.82249 1446.59165  14.6%   4.0 4724s
 388836 245006 1479.22323  114   16 1694.82249 1446.74633  14.6%   4.0 4762s
 389978 246068     cutoff  123      1694.82249 1446.82042  14.6%   4.0 4790s
 391380 246827     cutoff  113      1694.82249 1446.96681  14.6%   4.0 4817s
 392526 247793 1549.59459   97   27 1694.82249 1447.01257  14.6%   4.0 4845s
 393850 248664 1559.52021  109   14 1694.82249 1447.10761  14.6%   4.0 4871s
 395100 249215     cutoff  127      1694.82249 1447.21004  14.6%   4.0 4903s
 396129 249730     cutoff   65      1694.82249 1447.31684  14.6%   4.0 4929s
 397155 250357     cutoff   89      1694.82249 1447.32232  14.6%   4.1 4965s
 398249 251180     cutoff  100      1694.82249 1447.45513  14.6%   4.1 5000s
 399458 251714 1490.90034   54   14 1694.82249 1447.45538  14.6%   4.1 5033s
 400540 252566     cutoff   63      1694.82249 1447.58525  14.6%   4.1 5061s
 401714 253450 infeasible  109      1694.82249 1447.77590  14.6%   4.1 5099s
 402933 254462     cutoff   99      1694.82249 1447.93576  14.6%   4.1 5128s
 404324 255384 1519.81184  131    6 1694.82249 1448.00874  14.6%   4.1 5159s
 405631 255889 1586.52709  132    6 1694.82249 1448.17948  14.6%   4.1 5191s
 406633 256545 1607.64421  133    8 1694.82249 1448.25758  14.5%   4.1 5221s
 407777 257387     cutoff  134      1694.82249 1448.32249  14.5%   4.1 5248s
 408995 258411     cutoff   94      1694.82249 1448.47589  14.5%   4.1 5273s
 410352 259268 1454.79456  103   16 1694.82249 1448.61685  14.5%   4.1 5300s
 411644 260070 1619.34895  129    6 1694.82249 1448.72860  14.5%   4.1 5332s
 412844 260951 1691.75604  126    - 1694.82249 1448.84542  14.5%   4.1 5362s
 414112 261629     cutoff  126      1694.82249 1448.92342  14.5%   4.1 5389s
 415190 262351 1684.19525  126   10 1694.82249 1448.98351  14.5%   4.1 5423s
 416373 263196 infeasible  143      1694.82249 1449.05962  14.5%   4.1 5456s
 417598 263814 1625.69719  127    - 1694.82249 1449.12035  14.5%   4.1 5488s
 418679 264256     cutoff  127      1694.82249 1449.22226  14.5%   4.1 5535s
 419094 265083 1553.02184   70   15 1694.82249 1449.27218  14.5%   4.1 5569s
 420243 265174 1511.67535   56    9 1694.82249 1449.32713  14.5%   4.1 5570s
 420430 265384     cutoff  111      1694.82249 1449.34710  14.5%   4.1 5600s
 420800 266068 1538.39986   89    6 1694.82249 1449.37155  14.5%   4.1 5638s
 422110 266954 1643.93134   98   24 1694.82249 1449.51401  14.5%   4.1 5670s
 423416 267821 1618.18343  113   18 1694.82249 1449.61737  14.5%   4.1 5704s
 424771 268563 1615.29134  123    6 1694.82249 1449.63224  14.5%   4.1 5737s
 426016 269517 1690.24488   94    6 1694.82249 1449.81916  14.5%   4.1 5773s
 427311 270198     cutoff  107      1694.82249 1449.91583  14.5%   4.1 5807s
 428562 271256 1647.80074  123    9 1694.82249 1449.93785  14.4%   4.1 5840s
 429945 271898 1687.47252   62    - 1694.82249 1450.09695  14.4%   4.1 5880s
 431056 272675 1612.96982  103   10 1694.82249 1450.20704  14.4%   4.1 5913s
 432165 273522     cutoff  105      1694.82249 1450.24180  14.4%   4.1 5943s
 433442 274548 1564.60983  119   26 1694.82249 1450.36594  14.4%   4.1 5975s
 434834 275451 1502.15569   40    6 1694.82249 1450.51246  14.4%   4.1 6010s
 436124 276457     cutoff   90      1694.82249 1450.60641  14.4%   4.1 6044s
 437490 277426     cutoff   83      1694.82249 1450.70080  14.4%   4.1 6076s
 438855 277981 1627.99356   89   17 1694.82249 1450.81279  14.4%   4.1 6119s
 439961 278582     cutoff   81      1694.82249 1450.88098  14.4%   4.1 6158s
 441002 279395     cutoff   88      1694.82249 1450.88098  14.4%   4.1 6195s
 442178 280329 1588.47722   87   18 1694.82249 1451.00500  14.4%   4.1 6224s
 443136 280420     cutoff   96      1694.82249 1451.08678  14.4%   4.1 6225s
 443468 280999 infeasible  104      1694.82249 1451.12804  14.4%   4.1 6261s
 444559 281780 1674.04284   88    6 1694.82249 1451.21046  14.4%   4.1 6296s
 445784 282765     cutoff  115      1694.82249 1451.30129  14.4%   4.1 6330s
 447137 283636 1558.52630  148    6 1694.82249 1451.38077  14.4%   4.1 6380s
 448371 284539     cutoff  149      1694.82249 1451.47163  14.4%   4.1 6411s
 449611 285367 infeasible  130      1694.82249 1451.54215  14.4%   4.1 6449s
 450861 286048 1592.74165   90   27 1694.82249 1451.65955  14.3%   4.1 6485s
 452017 286826 1601.60772   98   27 1694.82249 1451.68188  14.3%   4.1 6521s
 453200 287362 1490.37120   60   12 1694.82249 1451.68188  14.3%   4.1 6563s
 454255 288012 1542.21264   64   32 1694.82249 1451.81950  14.3%   4.1 6599s
 454744 288065     cutoff  106      1694.82249 1451.85765  14.3%   4.1 6600s
 455360 289038 1634.05632  101    8 1694.82249 1451.89902  14.3%   4.1 6637s
 456708 289689     cutoff  113      1694.82249 1451.95307  14.3%   4.1 6673s
 457791 290145 1490.96814   43    6 1694.82249 1452.12444  14.3%   4.1 6710s
 458253 291061 1479.99213   43   21 1694.82249 1452.15067  14.3%   4.1 6746s
 459712 291880 infeasible  172      1694.82249 1452.24212  14.3%   4.1 6781s
 460991 292604 1645.89555   84    6 1694.82249 1452.33810  14.3%   4.1 6824s
 462175 293341 1636.85809  123    8 1694.82249 1452.43692  14.3%   4.1 6860s
 463471 294147     cutoff   92      1694.82249 1452.47952  14.3%   4.1 6901s
 464646 294983 1594.73123   51   17 1694.82249 1452.63832  14.3%   4.1 6936s
 465906 295759 1494.13415   41    9 1694.82249 1452.69413  14.3%   4.1 6973s
 466883 296231 1527.82281   78   34 1694.82249 1452.79213  14.3%   4.1 7015s
 467774 297110     cutoff  103      1694.82249 1452.88677  14.3%   4.1 7058s
 469123 297795 1642.74243  101    8 1694.82249 1452.94790  14.3%   4.1 7102s
 470257 298474     cutoff  103      1694.82249 1453.01111  14.3%   4.1 7143s
 471455 299337     cutoff  118      1694.82249 1453.06593  14.3%   4.1 7181s
 472795 299883     cutoff  115      1694.82249 1453.16960  14.3%   4.1 7200s

Cutting planes:
  Gomory: 4
  Zero half: 6
  Lazy constraints: 46934

Explored 473527 nodes (1930369 simplex iterations) in 7201.64 seconds
Thread count was 12 (of 12 available processors)

Solution count 4: 1694.82 1695.4 1696.96 1703.45 

Time limit reached
Best objective 1.694822490382e+03, best bound 1.453215324591e+03, gap 14.2556%

User-callback calls 2452373, time in user-callback 7.36 sec
/projects/academic/josewalt/caigao/RRARP_BD/BendersDecomp/ret/model_outs/n_21_m_2_algo_2.out
 =====>>>>> Solution is written to file in <../ret/model_outs> !!!
===>> All Done!
