NPROCS=0
This instance is clustered!
Gurobi Optimizer version 9.0.0 build v9.0.0rc2 (linux64)
Optimize a model with 42 rows, 442 columns and 882 nonzeros
Model fingerprint: 0x09cc567d
Variable types: 1 continuous, 441 integer (441 binary)
Coefficient statistics:
  Matrix range     [1e+00, 1e+00]
  Objective range  [1e+00, 3e+02]
  Bounds range     [1e+00, 1e+00]
  RHS range        [1e+00, 1e+00]
Presolve removed 2 rows and 60 columns
Presolve time: 0.00s
Presolved: 40 rows, 382 columns, 762 nonzeros
Variable types: 1 continuous, 381 integer (381 binary)

Root relaxation: objective 6.219044e+02, 40 iterations, 0.00 seconds

    Nodes    |    Current Node    |     Objective Bounds      |     Work
 Expl Unexpl |  Obj  Depth IntInf | Incumbent    BestBd   Gap | It/Node Time

     0     0  621.90440    0   14          -  621.90440      -     -    0s
     0     0  723.60139    0   12          -  723.60139      -     -    0s
H    0     0                    1411.4962844  723.60139  48.7%     -    0s
     0     0  732.29635    0   37 1411.49628  732.29635  48.1%     -    0s
H    0     0                    1399.0073565  732.29635  47.7%     -    0s
     0     0  732.29635    0   37 1399.00736  732.29635  47.7%     -    0s
     0     2  733.00930    0   38 1399.00736  733.00930  47.6%     -    0s
*  255   261              17    1255.1796897  791.88381  36.9%   6.5    0s
*  517   464              40    1189.1682579  791.88381  33.4%   5.8    0s
H 2054  1416                    1147.3559604  842.54706  26.6%   5.9    0s
H 2055  1345                    1077.2928992  842.54706  21.8%   5.9    0s
 12975  6752 1022.74522   55   12 1077.29290  900.06751  16.5%   6.6    5s
 28846 15536     cutoff   55      1077.29290  924.00628  14.2%   6.8   10s
 43112 22181 1019.02371   56   29 1077.29290  935.03028  13.2%   7.0   15s
 53777 26945     cutoff   31      1077.29290  942.45850  12.5%   7.2   20s
 62907 30768 1052.00964   61   39 1077.29290  948.08960  12.0%   7.3   25s
 68465 32788 1072.49662   61    - 1077.29290  950.70018  11.8%   7.4   30s
 76239 35919 1029.82602   39   41 1077.29290  954.37172  11.4%   7.5   35s
 84967 38934 infeasible   40      1077.29290  958.17490  11.1%   7.6   40s
 91675 40906     cutoff   57      1077.29290  961.44421  10.8%   7.7   45s
 99345 43197     cutoff   59      1077.29290  964.84829  10.4%   7.8   50s
 106081 45280     cutoff   39      1077.29290  967.49756  10.2%   7.9   55s
 113182 47039     cutoff   28      1077.29290  970.09019  10.0%   8.0   60s
 119918 48806     cutoff   49      1077.29290  972.33235  9.74%   8.0   65s
H124137 49664                    1077.2928953  973.41221  9.64%   8.1   68s
H124206 49667                    1077.2928880  973.53005  9.63%   8.1   71s
 127404 50674 infeasible   45      1077.29289  974.70370  9.52%   8.1   75s
 133342 52059  990.86170   37   13 1077.29289  976.63758  9.34%   8.2   80s
 137888 52741 1005.51789   35   26 1077.29289  978.06153  9.21%   8.2   86s
 141432 53701     cutoff   59      1077.29289  979.42002  9.09%   8.3   90s
 147293 55002 infeasible   52      1077.29289  981.21596  8.92%   8.3   95s
 153221 56241 1046.00275   43   17 1077.29289  982.89770  8.76%   8.4  101s
 157892 57263 infeasible   43      1077.29289  984.14098  8.65%   8.4  105s
 162570 58064 infeasible   62      1077.29289  985.34756  8.53%   8.4  110s
 168405 58948     cutoff   43      1077.29289  986.96049  8.39%   8.5  116s
 173134 59702 1066.03091   41   18 1077.29289  988.22233  8.27%   8.5  120s
 177883 60448 1058.90978   42   23 1077.29289  989.48326  8.15%   8.5  125s
 183720 61303 infeasible   43      1077.29289  990.98240  8.01%   8.6  130s
 189367 61989     cutoff   39      1077.29289  992.36541  7.88%   8.6  135s
 194108 62651 infeasible   46      1077.29289  993.54289  7.77%   8.6  140s
 198644 63117 1019.77914   47   31 1077.29289  994.82463  7.66%   8.7  145s
 203329 63644 1072.24444   35   27 1077.29289  995.96926  7.55%   8.7  150s
 208157 64230     cutoff   52      1077.29289  997.14505  7.44%   8.7  155s
H210386 64340                    1077.2928673  997.49206  7.41%   8.8  156s
 210582 64346 1063.12136   40   27 1077.29287  997.68750  7.39%   8.8  161s
 214231 64734 1067.98596   51   21 1077.29287  998.57847  7.31%   8.8  166s
 219083 65169 1028.05839   35   37 1077.29287  999.66470  7.21%   8.8  388s
 219086 65171 1061.67708   39   53 1077.29287  999.66470  7.21%   8.8  390s
 219095 65177 1005.79655   43   50 1077.29287  999.66470  7.21%   8.8  395s
 219100 65180 1026.76622   40   47 1077.29287  999.66470  7.21%   8.8  400s
H219102 61922                    1069.2888506  999.66470  6.51%   8.8  402s
 219118 61945  999.66470   33   23 1069.28885  999.66470  6.51%   8.8  405s
 219194 61988  999.66470   37   22 1069.28885  999.66470  6.51%   8.8  410s
 220471 62313 1064.20421   58   21 1069.28885  999.66470  6.51%   8.8  415s
 223140 62800  999.66470   56   30 1069.28885  999.66470  6.51%   8.8  420s
 227295 63539     cutoff   76      1069.28885  999.66470  6.51%   8.8  425s
 230484 64014 1068.86901   54   16 1069.28885  999.66470  6.51%   8.9  430s
 232433 64370  999.66470   48   35 1069.28885  999.66470  6.51%   8.9  435s
 236251 65011  999.66470   39   33 1069.28885  999.66470  6.51%   8.9  441s
 239608 65514 1050.02918   72   35 1069.28885  999.66470  6.51%   8.9  445s
 243635 65866 1012.17063   67   26 1069.28885  999.66470  6.51%   8.9  450s
 248134 66026 1012.95250   47   21 1069.28885  999.66470  6.51%   8.9  455s
H250981 62865                    1069.2888183  999.66470  6.51%   8.9  458s
 251755 63068 1035.71542   54   34 1069.28882  999.66470  6.51%   8.9  460s
 254516 63108     cutoff   52      1069.28882  999.66470  6.51%   8.9  465s
 258198 63057 infeasible   50      1069.28882  999.66470  6.51%   8.9  470s
 262017 62842 infeasible   58      1069.28882  999.66470  6.51%   8.9  475s
 265741 62596 1037.36028   53   14 1069.28882  999.66470  6.51%   9.0  480s
 270469 62147 1006.44485   57   13 1069.28882  999.66470  6.51%   9.0  486s
 274189 61720 1067.27082   59   15 1069.28882  999.66470  6.51%   9.0  490s
 277609 61335 1066.85000   62   37 1069.28882  999.66470  6.51%   9.0  495s
 281295 60738     cutoff   57      1069.28882  999.66470  6.51%   9.0  500s
 284937 60199 1056.44336   59   15 1069.28882  999.66470  6.51%   9.0  506s
 288622 59522 1047.23710   45   37 1069.28882  999.66470  6.51%   9.1  511s
 291242 59129     cutoff   56      1069.28882  999.66470  6.51%   9.1  516s
 293838 58536 1066.97322   55   33 1069.28882  999.66470  6.51%   9.1  520s
 297392 57804 infeasible   45      1069.28882  999.66470  6.51%   9.1  525s
 299941 57302     cutoff   59      1069.28882  999.66470  6.51%   9.1  530s
 303709 56372     cutoff   49      1069.28882  999.66470  6.51%   9.1  535s
 307314 55431     cutoff   43      1069.28882  999.66470  6.51%   9.2  540s
 311197 54488 1067.85783   59   36 1069.28882  999.93287  6.49%   9.2  545s
H314079 50726                    1069.2888104 1001.08255  6.38%   9.2  548s
 314385 50640     cutoff   51      1069.28881 1001.41066  6.35%   9.2  551s
 317334 49875     cutoff   52      1069.28881 1002.91024  6.21%   9.2  556s
 319410 49321 1038.59159   50   27 1069.28881 1003.77892  6.13%   9.2  560s
 323307 48104 1064.27258   53   25 1069.28881 1005.58400  5.96%   9.2  565s
 326526 47119 1028.71591   55   31 1069.28881 1007.04498  5.82%   9.2  570s
 329720 46090 1034.70507   62   23 1069.28881 1008.31494  5.70%   9.3  575s
 333292 44880     cutoff   52      1069.28881 1009.88834  5.56%   9.3  581s
 335400 44095 1045.19630   45   23 1069.28881 1010.83046  5.47%   9.3  585s
 338302 43004     cutoff   48      1069.28881 1012.03286  5.35%   9.3  590s
 341728 41778 1052.76423   60   20 1069.28881 1013.44812  5.22%   9.3  595s
 344180 40798 1023.38701   55   32 1069.28881 1014.39678  5.13%   9.3  600s
 347665 39392     cutoff   60      1069.28881 1015.81698  5.00%   9.4  605s
 349373 38660 1018.28955   54   23 1069.28881 1016.34459  4.95%   9.4  610s
 352944 37093 1058.45816   58   22 1069.28881 1018.17069  4.78%   9.4  615s
 356840 35391 infeasible   55      1069.28881 1019.65757  4.64%   9.4  621s
 358992 34343     cutoff   54      1069.28881 1020.50208  4.56%   9.4  625s
 361602 33247     cutoff   59      1069.28881 1021.64207  4.46%   9.4  630s
 364397 31752 1050.96552   52   16 1069.28881 1022.86729  4.34%   9.4  636s
 366777 30569 1033.38963   52   35 1069.28881 1023.78295  4.26%   9.5  640s
 370371 28587     cutoff   51      1069.28881 1025.31388  4.11%   9.5  646s
 372628 27415 1065.32270   57   29 1069.28881 1026.23092  4.03%   9.5  650s
 376279 25318     cutoff   50      1069.28881 1027.86946  3.87%   9.5  656s
 378741 24090     cutoff   51      1069.28881 1028.94149  3.77%   9.5  660s
 380551 22906 1053.46481   64   13 1069.28881 1029.72525  3.70%   9.6  665s
 384290 20637 1068.80108   47   20 1069.28881 1031.47964  3.54%   9.6  670s
 387984 18790 1051.17668   45   26 1069.28881 1033.22455  3.37%   9.6  676s
 390412 17941     cutoff   57      1069.28881 1034.31332  3.27%   9.6  680s
 394096 16599     cutoff   50      1069.28881 1036.25099  3.09%   9.7  685s
 397718 15256 1049.32898   51   28 1069.28881 1038.11104  2.92%   9.7  691s
 401278 13769 1040.84141   49   15 1069.28881 1040.04790  2.73%   9.7  696s
 403602 12626 1047.38183   49   22 1069.28881 1041.54524  2.59%   9.7  700s
 407236 10887 1064.86922   58   32 1069.28881 1043.81246  2.38%   9.8  705s
 409182  9801     cutoff   64      1069.28881 1045.02723  2.27%   9.8  710s
 412976  7583 infeasible   52      1069.28881 1047.95446  2.00%   9.8  715s
 416576  5044     cutoff   46      1069.28881 1051.78022  1.64%   9.9  721s
 418948  3095     cutoff   75      1069.28881 1055.03010  1.33%   9.9  725s
 422639     0     cutoff   62      1069.28881 1063.53903  0.54%   9.9  730s

Cutting planes:
  Gomory: 4
  Zero half: 8
  RLT: 1
  Lazy constraints: 312

Explored 423590 nodes (4201928 simplex iterations) in 730.34 seconds
Thread count was 12 (of 12 available processors)

Solution count 7: 1069.29 1077.29 1147.36 ... 1411.5

Optimal solution found (tolerance 1.00e-04)
Best objective 1.069288810406e+03, best bound 1.069288810406e+03, gap 0.0000%

User-callback calls 968077, time in user-callback 0.48 sec
/projects/academic/josewalt/caigao/RRARP_BD/BendersDecomp/ret/model_outs/n_19_h_3_algo_3.out
 =====>>>>> Solution is written to file in <../ret/model_outs> !!!
===>> All Done!
