NPROCS=0
This instance is clustered!
Gurobi Optimizer version 9.0.0 build v9.0.0rc2 (linux64)
Optimize a model with 48 rows, 577 columns and 1152 nonzeros
Model fingerprint: 0x42143347
Variable types: 1 continuous, 576 integer (576 binary)
Coefficient statistics:
  Matrix range     [1e+00, 1e+00]
  Objective range  [1e+00, 5e+02]
  Bounds range     [1e+00, 1e+00]
  RHS range        [1e+00, 1e+00]
Presolve removed 2 rows and 69 columns
Presolve time: 0.00s
Presolved: 46 rows, 508 columns, 1014 nonzeros
Variable types: 1 continuous, 507 integer (507 binary)

Root relaxation: objective 7.206590e+02, 36 iterations, 0.00 seconds

    Nodes    |    Current Node    |     Objective Bounds      |     Work
 Expl Unexpl |  Obj  Depth IntInf | Incumbent    BestBd   Gap | It/Node Time

     0     0  741.22266    0   10          -  741.22266      -     -    0s
     0     0  935.16884    0   22          -  935.16884      -     -    0s
     0     2 1021.73630    0   26          - 1021.73630      -     -    0s
* 1535  1373             100    1832.0571878 1110.11547  39.4%   3.7    0s
* 1562  1363              88    1720.0470995 1110.11547  35.5%   3.7    0s
H 1798  1385                    1629.2786890 1110.11547  31.9%   3.8    0s
  7458  4065 1578.46659   61   14 1629.27869 1135.00146  30.3%   4.1    5s
 12522  7437 1207.83308   53    9 1629.27869 1155.72412  29.1%   4.5   10s
 16203 10135 1235.68216   66   28 1629.27869 1160.18846  28.8%   4.4   15s
 20009 12831 infeasible  123      1629.27869 1164.68982  28.5%   4.4   20s
 23508 15425 1582.16211   59   12 1629.27869 1167.99616  28.3%   4.5   25s
 27132 18309 1324.30093  125    - 1629.27869 1169.69258  28.2%   4.4   30s
 28264 18673 1402.52414   25   22 1629.27869 1170.67090  28.1%   4.4  149s
 28266 18674 1342.71619  101   70 1629.27869 1170.67090  28.1%   4.4  151s
H28268 17742                    1629.2784306 1170.67090  28.1%   4.4  154s
 28269 17742 1276.58220   54   44 1629.27843 1170.67090  28.1%   4.4  155s
 28278 17757 1170.67090   28   87 1629.27843 1170.67090  28.1%   4.5  160s
 28868 17987 1351.18458   49   39 1629.27843 1170.67090  28.1%   4.5  165s
 30677 18581 1555.41742   77   20 1629.27843 1170.67090  28.1%   4.6  170s
H31026 17718                    1629.2740965 1170.67090  28.1%   4.6  170s
 32530 18253 1248.82866   38   12 1629.27410 1170.67090  28.1%   4.6  175s
 34812 19307 1312.14178   66   97 1629.27410 1170.67090  28.1%   4.7  180s
 36881 19928 1394.27343   80   27 1629.27410 1170.67090  28.1%   4.7  185s
 38206 20349     cutoff   74      1629.27410 1170.67090  28.1%   4.8  190s
 40032 21187 1172.10365   60   82 1629.27410 1170.67090  28.1%   4.8  195s
 42168 21943 1278.99622   72   20 1629.27410 1170.67090  28.1%   4.9  201s
 43830 22436     cutoff   62      1629.27410 1170.99085  28.1%   4.9  206s
 44420 22506     cutoff   57      1629.27410 1171.26609  28.1%   4.9  210s
 45394 22911 infeasible   60      1629.27410 1172.41852  28.0%   5.0  215s
 46783 23507 1510.31192   52   37 1629.27410 1174.50600  27.9%   5.0  222s
 48153 23923 infeasible   80      1629.27410 1175.90673  27.8%   5.0  226s
 48828 24039 1474.23238   73    - 1629.27410 1176.76035  27.8%   5.1  230s
 50104 24449 1605.22845   58   46 1629.27410 1178.13399  27.7%   5.1  237s
 50797 24367 infeasible   63      1629.27410 1179.30338  27.6%   5.1  247s
 50820 24578 1258.04730   41   28 1629.27410 1179.34772  27.6%   5.1  250s
 51980 25048 1293.35470   57   29 1629.27410 1180.80695  27.5%   5.2  256s
 52688 25223     cutoff   61      1629.27410 1181.81529  27.5%   5.2  260s
 54179 25700 1379.24897   56    - 1629.27410 1183.20410  27.4%   5.2  267s
 55012 25898     cutoff   64      1629.27410 1184.04150  27.3%   5.3  272s
 55784 26054 1324.20910   45    9 1629.27410 1184.16814  27.3%   5.3  276s
 56441 26232 1323.45278   48   95 1629.27410 1184.60124  27.3%   5.3  281s
 57945 26754 1496.98849   66  125 1629.27410 1186.16955  27.2%   5.4  289s
 58816 26947     cutoff   82      1629.27410 1187.17075  27.1%   5.4  293s
 59564 27120 infeasible   75      1629.27410 1187.71182  27.1%   5.4  298s
 60364 27350 1263.08728   46   39 1629.27410 1188.55715  27.0%   5.4  303s
 61199 27452 1373.62957   58   72 1629.27410 1189.47068  27.0%   5.5  309s
 61996 27658 1539.46846   61   35 1629.27410 1190.25338  26.9%   5.5  314s
 62729 27878 1421.05129   57   11 1629.27410 1190.73477  26.9%   5.5  320s
 63508 28126 1518.19439   60   13 1629.27410 1191.58428  26.9%   5.6  326s
 64407 28269     cutoff   62      1629.27410 1192.33107  26.8%   5.6  332s
 65161 28520     cutoff   71      1629.27410 1193.13647  26.8%   5.6  339s
 66006 28701 infeasible   72      1629.27410 1193.87658  26.7%   5.6  346s
 66775 28819 1507.93005   58   82 1629.27410 1194.29837  26.7%   5.7  353s
 67628 28923 infeasible   59      1629.27410 1194.91398  26.7%   5.7  361s
 68339 29143 infeasible   59      1629.27410 1195.47923  26.6%   5.7  368s
 69174 29319 1578.74341   64   51 1629.27410 1196.11221  26.6%   5.8  376s
 69960 29494     cutoff   66      1629.27410 1196.56020  26.6%   5.8  384s
 70817 29646 1600.38661   69    7 1629.27410 1197.20209  26.5%   5.8  391s
 71456 29797 infeasible   70      1629.27410 1197.88575  26.5%   5.8  400s
 72284 29997 infeasible   59      1629.27410 1198.53164  26.4%   5.8  409s
 73098 30177     cutoff   60      1629.27410 1198.99851  26.4%   5.9  417s
 73842 30363     cutoff   60      1629.27410 1199.40399  26.4%   5.9  428s
 74684 30469 1460.71735   60    - 1629.27410 1199.89034  26.4%   5.9  438s
 75419 30631 1501.63589   61   19 1629.27410 1200.24786  26.3%   5.9  448s
 76253 30919 infeasible   63      1629.27410 1200.78072  26.3%   6.0  458s
 77200 31099 1567.08625   60   20 1629.27410 1201.36075  26.3%   6.0  468s
 78012 31301 1406.19951   41   28 1629.27410 1201.77029  26.2%   6.0  478s
 78896 31518 1422.88275   46   25 1629.27410 1202.02913  26.2%   6.0  488s
 79727 31942 1343.86659   49    - 1629.27410 1202.73266  26.2%   6.1  498s
 80412 32355     cutoff   55      1629.27410 1203.09345  26.2%   6.1  509s
 80549 32392 infeasible   57      1629.27410 1203.17975  26.2%   6.1  510s
 81204 32829 1578.81713   55   45 1629.27410 1203.48772  26.1%   6.1  521s
 82175 33314 1307.77069   43   15 1629.27410 1204.22156  26.1%   6.1  533s
 82948 33808     cutoff   66      1629.27410 1204.49817  26.1%   6.1  545s
 83954 34371 1258.92059   50   57 1629.27410 1204.96384  26.0%   6.2  557s
 84864 34918     cutoff   60      1629.27410 1205.48530  26.0%   6.2  570s
 85827 35367 infeasible   61      1629.27410 1205.92335  26.0%   6.2  584s
 86697 35616 1524.58595   53   29 1629.27410 1206.34716  26.0%   6.2  597s
 86745 35905 1562.28958   55    - 1629.27410 1206.35483  26.0%   6.2  612s
 87640 36399     cutoff   55      1629.27410 1206.70964  25.9%   6.2  629s
 88527 36943 1623.89563   62   58 1629.27410 1207.16731  25.9%   6.2  645s
 89571 37499 infeasible   63      1629.27410 1207.23151  25.9%   6.3  660s
 90490 38035 1495.50686   65   26 1629.27410 1208.03095  25.9%   6.3  679s
 91520 38541 1464.10172   50   32 1629.27410 1208.56162  25.8%   6.3  699s
 92394 39107 1537.25170   58    - 1629.27410 1208.88100  25.8%   6.3  716s
 93435 39637     cutoff   59      1629.27410 1209.40538  25.8%   6.3  735s
 94341 40100 1295.66481   47   18 1629.27410 1209.76085  25.7%   6.4  752s
 95221 40348     cutoff   57      1629.27410 1209.97732  25.7%   6.4  790s
 95256 40594 1240.19205   43   43 1629.27410 1210.05207  25.7%   6.4  808s
 96180 41179 1581.24530   57   44 1629.27410 1210.28742  25.7%   6.4  827s
 97118 41685 infeasible   66      1629.27410 1210.98855  25.7%   6.4  846s
 98075 42193 infeasible   57      1629.27410 1211.36748  25.6%   6.4  870s
 99071 42700 1312.24717   47   26 1629.27410 1211.72700  25.6%   6.5  888s
 100029 43324 1421.13575   66    - 1629.27410 1211.99994  25.6%   6.5  908s
 101086 43837 infeasible   68      1629.27410 1212.41090  25.6%   6.5  932s
 102063 44388 infeasible   68      1629.27410 1212.67989  25.6%   6.5  954s
 103097 44858 1602.71808   68    - 1629.27410 1213.06159  25.5%   6.5  975s
 104045 45366     cutoff   68      1629.27410 1213.53930  25.5%   6.5  999s
 105082 45952 infeasible   68      1629.27410 1213.97869  25.5%   6.6 1021s
 106013 46462 1551.68899   57   31 1629.27410 1214.37630  25.5%   6.6 1043s
 107058 46990     cutoff   60      1629.27410 1214.62222  25.5%   6.6 1062s
 107776 47446 1317.77695   52   14 1629.27410 1214.94265  25.4%   6.6 1092s
 108729 47975 infeasible   66      1629.27410 1215.23148  25.4%   6.6 1116s
 109822 48552 infeasible   74      1629.27410 1215.72225  25.4%   6.6 1141s
 110763 49127 infeasible   73      1629.27410 1216.12565  25.4%   6.7 1165s
 111767 49717 1301.35154   59   16 1629.27410 1216.52435  25.3%   6.7 1190s
 112856 50298 1291.20774   42   58 1629.27410 1216.88961  25.3%   6.7 1215s
 113875 50854     cutoff   71      1629.27410 1217.29230  25.3%   6.7 1244s
 114855 51405 1288.04361   54   15 1629.27410 1217.58305  25.3%   6.7 1269s
 115941 52026     cutoff   60      1629.27410 1218.01219  25.2%   6.7 1292s
 116980 52635 1505.25198   60    - 1629.27410 1218.39004  25.2%   6.7 1318s
 118088 53208 1394.73613   61   22 1629.27410 1218.68076  25.2%   6.8 1343s
 119118 53804 1579.42932   69   51 1629.27410 1219.07475  25.2%   6.8 1373s
 120168 54352 1264.69441   46   66 1629.27410 1219.39080  25.2%   6.8 1408s
 121155 54861 infeasible   67      1629.27410 1219.59582  25.1%   6.8 1438s
 122128 55469     cutoff   67      1629.27410 1219.76823  25.1%   6.8 1466s
 123212 56079     cutoff   67      1629.27410 1220.21313  25.1%   6.8 1493s
 124233 56583 infeasible   63      1629.27410 1220.45694  25.1%   6.8 1529s
 125315 57201 1572.54606   66    7 1629.27410 1220.63258  25.1%   6.8 1561s
 126361 57789     cutoff   69      1629.27410 1220.88551  25.1%   6.9 1590s
 127327 58288 infeasible   69      1629.27410 1221.31348  25.0%   6.9 1623s
 128436 58895 1495.60419   66   38 1629.27410 1221.84921  25.0%   6.9 1653s
 129498 59476 1487.73069   74   60 1629.27410 1222.19232  25.0%   6.9 1684s
 130455 60005 1297.78185   49   33 1629.27410 1222.44009  25.0%   6.9 1718s
 131460 60560 infeasible   62      1629.27410 1222.67673  25.0%   6.9 1755s
 132560 61216 1289.41172   42  105 1629.27410 1223.07534  24.9%   6.9 1788s
 133618 61679 1312.96777   59   66 1629.27410 1223.40432  24.9%   6.9 1823s
 134629 62316 infeasible   68      1629.27410 1223.58989  24.9%   6.9 1861s
 135829 63011     cutoff   77      1629.27410 1223.78756  24.9%   6.9 1896s
 136945 63561 infeasible   58      1629.27410 1223.98880  24.9%   7.0 1935s
 138022 64051 1479.99981   62    6 1629.27410 1224.36911  24.9%   7.0 1972s
 138992 64584     cutoff   63      1629.27410 1224.67221  24.8%   7.0 2009s
 140045 65226 infeasible   63      1629.27410 1224.76278  24.8%   7.0 2049s
 141202 65822 1336.73878   51    - 1629.27410 1225.23615  24.8%   7.0 2086s
 142240 66358 1568.13056   66   18 1629.27410 1225.46140  24.8%   7.0 2122s
 143259 66960 1452.03347   47    7 1629.27410 1225.71434  24.8%   7.0 2168s
 144448 67565     cutoff   64      1629.27410 1226.00469  24.8%   7.0 2211s
 145480 68113 infeasible   83      1629.27410 1226.16585  24.7%   7.0 2258s
 146517 68678 1479.99189   57   10 1629.27410 1226.34726  24.7%   7.1 2306s
 147623 69313 1263.55953   51   10 1629.27410 1226.84465  24.7%   7.1 2352s
 148754 69881     cutoff   63      1629.27410 1226.90111  24.7%   7.1 2393s
 149787 70458 1392.91116   45   32 1629.27410 1227.42702  24.7%   7.1 2442s
 150896 71034 1625.62638   56   20 1629.27410 1227.77199  24.6%   7.1 2485s
 151973 71622     cutoff   65      1629.27410 1228.00557  24.6%   7.1 2530s
 153025 72150 1577.82737   70   62 1629.27410 1228.26542  24.6%   7.1 2584s
 154108 72749 1436.71376   52   56 1629.27410 1228.41966  24.6%   7.1 2628s
 155178 73432     cutoff   49      1629.27410 1228.61231  24.6%   7.1 2671s
 156372 74010 1386.79863   50   20 1629.27410 1229.01039  24.6%   7.1 2711s
 157335 74527 1466.94223   48   30 1629.27410 1229.29512  24.5%   7.1 2763s
 158346 75105 1398.89992   52   22 1629.27410 1229.35105  24.5%   7.1 2806s
 159364 75379 1337.19879   46   24 1629.27410 1229.59669  24.5%   7.2 2869s
 159394 75689 infeasible   47      1629.27410 1229.64732  24.5%   7.2 2917s
 160462 76277 1536.11842   53   18 1629.27410 1229.91123  24.5%   7.2 2974s
 161495 76767 infeasible   68      1629.27410 1230.05383  24.5%   7.2 3030s
 162434 77366 infeasible   68      1629.27410 1230.27545  24.5%   7.2 3083s
 163511 77945 infeasible   76      1629.27410 1230.46250  24.5%   7.2 3133s
 164689 78609 1279.70948   39    7 1629.27410 1230.88458  24.5%   7.2 3187s
 165798 79176 1429.89604   57   22 1629.27410 1231.15367  24.4%   7.2 3243s
 166838 79808     cutoff   64      1629.27410 1231.41411  24.4%   7.2 3292s
 168041 80500 1521.73660   64    - 1629.27410 1231.47848  24.4%   7.2 3340s
 169182 80985 1570.81387   71   32 1629.27410 1231.89303  24.4%   7.2 3396s
 170269 81587 infeasible   60      1629.27410 1232.07352  24.4%   7.2 3447s
 171400 82131 1367.87453   62   80 1629.27410 1232.27088  24.4%   7.2 3507s
 172423 82680     cutoff   63      1629.27410 1232.46803  24.4%   7.2 3565s
 173565 83380 1621.04571   59   17 1629.27410 1232.66497  24.3%   7.3 3620s
 174725 83949 infeasible   57      1629.27410 1232.94237  24.3%   7.3 3675s
 175921 84564 infeasible   67      1629.27410 1233.15930  24.3%   7.3 3727s
 176989 85224 1526.82076   55   12 1629.27410 1233.20815  24.3%   7.3 3778s
 178153 85811 1415.73582   63   86 1629.27410 1233.54013  24.3%   7.3 3835s
 179270 86438 1472.13951   60   15 1629.27410 1233.85017  24.3%   7.3 3889s
 180408 87023 1614.37732   64   30 1629.27410 1234.07610  24.3%   7.3 3953s
 181480 87630 infeasible   66      1629.27410 1234.31407  24.2%   7.3 4015s
 182650 88267 infeasible   58      1629.27410 1234.52544  24.2%   7.3 4068s
 183755 88841     cutoff   74      1629.27410 1234.75947  24.2%   7.3 4127s
 184846 89426     cutoff   74      1629.27410 1234.92584  24.2%   7.3 4182s
 186033 90052 infeasible   74      1629.27410 1235.17008  24.2%   7.3 4239s
 187140 90389 1496.61880   56   22 1629.27410 1235.36175  24.2%   7.3 4308s
 187142 90390 1254.43667   50   70 1629.27410 1235.36175  24.2%   7.3 4339s
 187143 90391 1287.20304   47   44 1629.27410 1235.36175  24.2%   7.3 4361s
 187145 90392 1565.65756   65   44 1629.27410 1235.36175  24.2%   7.3 4379s
 187146 90393 1299.08823   49   44 1629.27410 1235.36175  24.2%   7.3 4390s
 187148 90397 1235.36175   38   93 1629.27410 1235.36175  24.2%   7.3 4431s
 187150 90401 1235.36175   39   44 1629.27410 1235.36175  24.2%   7.3 4456s
 187154 90407 1235.36175   40  114 1629.27410 1235.36175  24.2%   7.3 4495s
 187162 90417 1235.36175   41  119 1629.27410 1235.36175  24.2%   7.3 4523s
 187174 90425 1235.36175   42   93 1629.27410 1235.36175  24.2%   7.3 4534s
 187186 90433 1235.36175   42  127 1629.27410 1235.36175  24.2%   7.3 4545s
 187210 90449 1235.36175   43   88 1629.27410 1235.36175  24.2%   7.3 4560s
 187222 90463 1235.36175   44   34 1629.27410 1235.36175  24.2%   7.3 4566s
 187240 90477 1235.36175   44   59 1629.27410 1235.36175  24.2%   7.3 4573s
 187262 90490 1235.36175   45    6 1629.27410 1235.36175  24.2%   7.3 4580s
 187282 90504 1235.36175   46  117 1629.27410 1235.36175  24.2%   7.3 4586s
 187302 90519 1235.36175   47   60 1629.27410 1235.36175  24.2%   7.3 4593s
 187326 90536 1235.36175   47  115 1629.27410 1235.36175  24.2%   7.3 4599s
 187355 90556 1280.26112   48   10 1629.27410 1235.36175  24.2%   7.3 4606s
 187387 90564 1311.91126   49    - 1629.27410 1235.36175  24.2%   7.3 4614s
 187398 90565 1315.80791   50   63 1629.27410 1235.36175  24.2%   7.3 4615s
 187424 90578 1301.89531   50   43 1629.27410 1235.36175  24.2%   7.3 4622s
 187461 90580 1306.92801   52   15 1629.27410 1235.36175  24.2%   7.3 4630s
 187494 90593 1344.00035   53   15 1629.27410 1235.36175  24.2%   7.3 4637s
 187538 90593 1351.76427   54   26 1629.27410 1235.36175  24.2%   7.3 4643s
 187571 90599 1328.74096   55   18 1629.27410 1235.36175  24.2%   7.3 4650s
 187621 90599 1405.85895   56   17 1629.27410 1235.36175  24.2%   7.3 4675s
 187641 90599 1382.47280   57   18 1629.27410 1235.36175  24.2%   7.3 4683s
 187687 90599 1477.52112   58   58 1629.27410 1235.36175  24.2%   7.3 4693s
 187742 90593 1559.74187   59    - 1629.27410 1235.36175  24.2%   7.3 4701s
 187788 90608 1456.07344   62   61 1629.27410 1235.36175  24.2%   7.3 4708s
 187839 90642 1524.25894   63   60 1629.27410 1235.36175  24.2%   7.3 4716s
 187922 90663 1608.81706   65   31 1629.27410 1235.36175  24.2%   7.3 4722s
 188002 90677 1616.82676   67   40 1629.27410 1235.36175  24.2%   7.3 4729s
 188075 90694     cutoff   68      1629.27410 1235.36175  24.2%   7.3 4738s
 188154 90719 1256.97204   50   26 1629.27410 1235.36175  24.2%   7.3 4746s
 188243 90745 1275.54674   56    9 1629.27410 1235.36175  24.2%   7.3 4754s
 188338 90770 1283.37004   59   84 1629.27410 1235.36175  24.2%   7.3 4762s
 188438 90802 1334.67953   64    - 1629.27410 1235.36175  24.2%   7.3 4770s
 188545 90812 1308.29446   66   80 1629.27410 1235.36175  24.2%   7.3 4777s
 188644 90842 1410.94308   69   61 1629.27410 1235.36175  24.2%   7.3 4789s
 188755 90857 1533.75992   70   16 1629.27410 1235.36175  24.2%   7.3 4799s
 188855 90871 infeasible   74      1629.27410 1235.36175  24.2%   7.3 4811s
 188992 90920 1341.06857   56   92 1629.27410 1235.36175  24.2%   7.3 4821s
 189123 90934 1366.14420   67   96 1629.27410 1235.36175  24.2%   7.3 4832s
 189245 90974 1372.52139   72  111 1629.27410 1235.36175  24.2%   7.3 4845s
 189375 91002 1453.02347   81    - 1629.27410 1235.36175  24.2%   7.3 4858s
 189510 91041 infeasible   81      1629.27410 1235.36175  24.2%   7.3 4871s
 189656 91080 1301.45524   52    8 1629.27410 1235.36175  24.2%   7.3 4887s
 189810 91127 1309.70914   53   24 1629.27410 1235.36175  24.2%   7.3 4902s
 189973 91114 1439.69297   59   65 1629.27410 1235.36175  24.2%   7.3 4917s
 190113 91182 1507.36004   62   20 1629.27410 1235.36175  24.2%   7.3 4931s
 190292 91213 1534.03038   63    8 1629.27410 1235.36175  24.2%   7.3 4943s
 190479 91220     cutoff   64      1629.27410 1235.36175  24.2%   7.3 4956s
 190637 91308 1235.36175   47   39 1629.27410 1235.36175  24.2%   7.3 4969s
 190873 91372 1297.57401   66   31 1629.27410 1235.36175  24.2%   7.3 4982s
 191098 91437     cutoff   78      1629.27410 1235.36175  24.2%   7.3 4995s
 191343 91515     cutoff   77      1629.27410 1235.36175  24.2%   7.3 5014s
 191583 91623 1320.05922   62   90 1629.27410 1235.36175  24.2%   7.3 5034s
 191858 91699     cutoff   68      1629.27410 1235.36175  24.2%   7.3 5050s
 192143 91751 infeasible   69      1629.27410 1235.36175  24.2%   7.3 5063s
 192347 91872     cutoff   69      1629.27410 1235.36175  24.2%   7.3 5079s
 192669 91999 infeasible   68      1629.27410 1235.36175  24.2%   7.3 5095s
 193021 92132 1498.69701   74   88 1629.27410 1235.36175  24.2%   7.3 5114s
 193387 92186     cutoff   77      1629.27410 1235.36175  24.2%   7.3 5135s
 193715 92341     cutoff   79      1629.27410 1235.36175  24.2%   7.3 5158s
 194093 92439 1324.37914   72   52 1629.27410 1235.36175  24.2%   7.3 5179s
 194473 92529     cutoff   75      1629.27410 1235.36175  24.2%   7.3 5204s
 194849 92667 1323.76819   75   36 1629.27410 1235.36175  24.2%   7.3 5224s
 195187 92790 1575.62544   89   16 1629.27410 1235.36175  24.2%   7.3 5244s
 195628 92844 infeasible   90      1629.27410 1235.36175  24.2%   7.3 5277s
 195903 93002 1501.22784   72   43 1629.27410 1235.36175  24.2%   7.3 5300s
 196358 93112 infeasible   82      1629.27410 1235.36175  24.2%   7.3 5324s
 196838 93314 infeasible   82      1629.27410 1235.36175  24.2%   7.3 5346s
 197352 93474 1378.04933   69   45 1629.27410 1235.36175  24.2%   7.3 5370s
 197907 93574 1556.46610   70   25 1629.27410 1235.36175  24.2%   7.3 5400s
 198498 93770 1336.77869   57    7 1629.27410 1235.36175  24.2%   7.3 5431s
 199055 93945 1600.49102   74   24 1629.27410 1235.36175  24.2%   7.3 5458s
 199678 94216 1605.04967   75   21 1629.27410 1235.36175  24.2%   7.3 5486s
 200329 94094 1304.95227   97  105 1629.27410 1235.36175  24.2%   7.3 5526s
 200393 94199 1307.47866   99   87 1629.27410 1235.36175  24.2%   7.3 5558s
 200583 94347 infeasible  110      1629.27410 1235.36175  24.2%   7.3 5603s
 201167 94670 infeasible  110      1629.27410 1235.36175  24.2%   7.3 5639s
 201869 94779 infeasible   82      1629.27410 1235.36175  24.2%   7.3 5688s
 202532 94966 1534.14506   82   28 1629.27410 1235.36175  24.2%   7.3 5734s
 203215 95261     cutoff   83      1629.27410 1235.36175  24.2%   7.3 5777s
 203968 95504 1357.39081   58  103 1629.27410 1235.36175  24.2%   7.3 5824s
 204784 95803     cutoff   65      1629.27410 1235.36175  24.2%   7.3 5870s
 205609 95700 1488.57835   69    9 1629.27410 1235.36175  24.2%   7.3 5950s
 205748 96192 infeasible   70      1629.27410 1235.36175  24.2%   7.3 5988s
 206682 96532 1592.24795   72    8 1629.27410 1235.36175  24.2%   7.3 6037s
 207739 96814     cutoff   78      1629.27410 1235.36175  24.2%   7.3 6087s
 208675 96883 1527.45870   87   74 1629.27410 1235.36175  24.2%   7.3 6164s
 209512 97235 infeasible   90      1629.27410 1235.36175  24.2%   7.3 6227s
 210440 97638 1540.30951   90   56 1629.27410 1235.36175  24.2%   7.3 6279s
 211490 98072     cutoff   69      1629.27410 1235.36175  24.2%   7.3 6335s
 212593 98311 infeasible   89      1629.27410 1235.36175  24.2%   7.3 6393s
 213562 98771 infeasible   73      1629.27410 1235.36175  24.2%   7.3 6451s
 214775 99147 1567.65560   95  106 1629.27410 1235.36175  24.2%   7.3 6509s
 216053 99474 1312.02563   77   11 1629.27410 1235.36175  24.2%   7.3 6566s
 217270 99965 1288.70305   63  114 1629.27410 1235.36175  24.2%   7.3 6641s
 218643 100386 1607.74358   82   31 1629.27410 1235.36175  24.2%   7.3 6707s
 219916 100656     cutoff   88      1629.27410 1235.36175  24.2%   7.3 6779s
 221008 101096 1332.44724   57   10 1629.27410 1235.36175  24.2%   7.3 6842s
 222256 101441 1624.38201   72   15 1629.27410 1235.36175  24.2%   7.3 6909s
 223560 101662 1517.69482   81   69 1629.27410 1235.36175  24.2%   7.3 6965s
 224570 102119 1458.11608   84  107 1629.27410 1235.36175  24.2%   7.3 7026s
 225798 102367 1549.46806   86   82 1629.27410 1235.36175  24.2%   7.3 7095s
 227057 102849 1552.56039   77    6 1629.27410 1235.36175  24.2%   7.3 7157s
 228275 102984 1272.05190   49   23 1629.27410 1235.36175  24.2%   7.3 7200s

Cutting planes:
  Gomory: 3
  Flow cover: 3
  Zero half: 6
  Lazy constraints: 7485

Explored 229000 nodes (1679409 simplex iterations) in 7201.06 seconds
Thread count was 12 (of 12 available processors)

Solution count 3: 1629.27 1720.05 1832.06 

Time limit reached
Best objective 1.629274096481e+03, best bound 1.235361747031e+03, gap 24.1772%

User-callback calls 1686454, time in user-callback 7.12 sec
/projects/academic/josewalt/caigao/RRARP_BD/BendersDecomp/ret/model_outs/n_22_h_8_algo_2.out
 =====>>>>> Solution is written to file in <../ret/model_outs> !!!
===>> All Done!
