NPROCS=0
This instance is clustered!
Gurobi Optimizer version 9.0.0 build v9.0.0rc2 (linux64)
Optimize a model with 40 rows, 401 columns and 800 nonzeros
Model fingerprint: 0x68724a4c
Variable types: 1 continuous, 400 integer (400 binary)
Coefficient statistics:
  Matrix range     [1e+00, 1e+00]
  Objective range  [1e+00, 4e+02]
  Bounds range     [1e+00, 1e+00]
  RHS range        [1e+00, 1e+00]
 done with super cut 0
Presolve removed 2 rows and 57 columns
Presolve time: 0.00s
Presolved: 38 rows, 344 columns, 686 nonzeros
Variable types: 1 continuous, 343 integer (343 binary)

Root relaxation: objective 7.942786e+02, 29 iterations, 0.00 seconds

    Nodes    |    Current Node    |     Objective Bounds      |     Work
 Expl Unexpl |  Obj  Depth IntInf | Incumbent    BestBd   Gap | It/Node Time

     0     0  871.81938    0   12          -  871.81938      -     -    0s
 done with super cut 1
 done with super cut 2
H    0     0                    1602.7918620  871.81938  45.6%     -    1s
 done with super cut 3
 done with super cut 4
H    0     0                    1477.2574199  871.81938  41.0%     -    3s
     0     0  933.30089    0    8 1477.25742  933.30089  36.8%     -    3s
     0     0  933.30089    0    8 1477.25742  933.30089  36.8%     -    3s
     0     2  933.30089    0    8 1477.25742  933.30089  36.8%     -    3s
 done with super cut 5
 done with super cut 6
 done with super cut 7
 done with super cut 8
    36    37 1089.53115    5   42 1477.25742 1072.79802  27.4%   7.9   12s
 done with super cut 9
 done with super cut 10
    84    89 1133.68141    8   12 1477.25742 1072.79802  27.4%   7.4   16s
*  232   191              16    1331.8507897 1072.79802  19.5%   6.9   16s
*  599   411              15    1325.2363210 1082.18977  18.3%   6.2   16s
*  606   412              12    1256.7268695 1082.18977  13.9%   6.2   16s
*  735   470              11    1246.2171694 1105.93122  11.3%   6.4   16s
*  820   537              29    1237.2531478 1105.93122  10.6%   6.3   16s
* 1161   652              17    1221.8627454 1113.03537  8.91%   6.4   16s
* 1411   768              17    1210.9221676 1124.33621  7.15%   6.3   16s
* 3450  1114              16    1198.3101742 1149.41370  4.08%   7.0   16s
* 3451   927              15    1187.8942220 1149.41370  3.24%   7.0   16s
* 5266    27              21    1186.8352465 1182.31996  0.38%   8.4   17s

Cutting planes:
  Gomory: 1
  Lazy constraints: 221

Explored 5364 nodes (45268 simplex iterations) in 17.13 seconds
Thread count was 12 (of 12 available processors)

Solution count 10: 1186.84 1187.89 1198.31 ... 1331.85

Optimal solution found (tolerance 1.00e-04)
Best objective 1.186835246470e+03, best bound 1.186835246470e+03, gap 0.0000%

User-callback calls 11271, time in user-callback 16.57 sec
/projects/academic/josewalt/caigao/RRARP_BD/BendersDecomp/ret/model_outs/n_18_e_7_algo_4.out
 =====>>>>> Solution is written to file in <../ret/model_outs> !!!
===>> All Done!
