NPROCS=0
This instance is clustered!
Gurobi Optimizer version 9.0.0 build v9.0.0rc2 (linux64)
Optimize a model with 48 rows, 577 columns and 1152 nonzeros
Model fingerprint: 0xf6a44297
Variable types: 1 continuous, 576 integer (576 binary)
Coefficient statistics:
  Matrix range     [1e+00, 1e+00]
  Objective range  [1e+00, 6e+02]
  Bounds range     [1e+00, 1e+00]
  RHS range        [1e+00, 1e+00]
Presolve removed 2 rows and 69 columns
Presolve time: 0.00s
Presolved: 46 rows, 508 columns, 1014 nonzeros
Variable types: 1 continuous, 507 integer (507 binary)

Root relaxation: objective 1.480993e+03, 46 iterations, 0.00 seconds

    Nodes    |    Current Node    |     Objective Bounds      |     Work
 Expl Unexpl |  Obj  Depth IntInf | Incumbent    BestBd   Gap | It/Node Time

     0     0 1525.57915    0   35          - 1525.57915      -     -    0s
H    0     0                    2000.6212556 1525.57915  23.7%     -    0s
     0     0 1545.97723    0   11 2000.62126 1545.97723  22.7%     -    0s
H    0     0                    1773.9472598 1552.34350  12.5%     -    0s
     0     0 1579.41662    0   51 1773.94726 1579.41662  11.0%     -    0s
     0     0 1598.62820    0   37 1773.94726 1598.62820  9.88%     -    0s
     0     0 1603.48697    0   56 1773.94726 1603.48697  9.61%     -    0s
     0     0 1604.14902    0   50 1773.94726 1604.14902  9.57%     -    0s
     0     0 1604.59632    0   52 1773.94726 1604.59632  9.55%     -    0s
     0     0 1605.12039    0   55 1773.94726 1605.12039  9.52%     -    0s
     0     0 1605.15988    0   55 1773.94726 1605.15988  9.51%     -    0s
     0     0 1605.15988    0   55 1773.94726 1605.15988  9.51%     -    0s
     0     0 1605.15988    0   51 1773.94726 1605.15988  9.51%     -    0s
     0     0 1607.39277    0   51 1773.94726 1607.39277  9.39%     -    0s
     0     0 1607.60771    0   51 1773.94726 1607.60771  9.38%     -    0s
     0     0 1608.68504    0   53 1773.94726 1608.68504  9.32%     -    0s
     0     0 1611.53810    0   56 1773.94726 1611.53810  9.16%     -    0s
     0     0 1611.54486    0   51 1773.94726 1611.54486  9.15%     -    0s
     0     0 1612.34247    0   60 1773.94726 1612.34247  9.11%     -    0s
     0     0 1612.65123    0   61 1773.94726 1612.65123  9.09%     -    0s
     0     0 1618.14537    0   48 1773.94726 1618.14537  8.78%     -    0s
     0     0 1620.57677    0   56 1773.94726 1620.57677  8.65%     -    0s
     0     0 1620.80012    0   56 1773.94726 1620.80012  8.63%     -    0s
     0     0 1620.81893    0   56 1773.94726 1620.81893  8.63%     -    0s
     0     0 1620.94989    0   56 1773.94726 1620.94989  8.62%     -    0s
     0     0 1620.94989    0   56 1773.94726 1620.94989  8.62%     -    0s
     0     2 1633.06591    0   56 1773.94726 1633.06591  7.94%     -    0s
H   94    57                    1773.9472313 1654.37820  6.74%  10.9    0s

Cutting planes:
  Gomory: 1
  MIR: 4
  Zero half: 10
  RLT: 1
  Lazy constraints: 53

Explored 883 nodes (7755 simplex iterations) in 0.33 seconds
Thread count was 12 (of 12 available processors)

Solution count 2: 1773.95 2000.62 

Optimal solution found (tolerance 1.00e-04)
Best objective 1.773947231268e+03, best bound 1.773947231268e+03, gap 0.0000%

User-callback calls 2190, time in user-callback 0.01 sec
/projects/academic/josewalt/caigao/RRARP_BD/BendersDecomp/ret/model_outs/n_22_e_7_algo_3.out
 =====>>>>> Solution is written to file in <../ret/model_outs> !!!
===>> All Done!
