NPROCS=0
This instance is clustered!
Gurobi Optimizer version 9.0.0 build v9.0.0rc2 (linux64)
Optimize a model with 56 rows, 785 columns and 1568 nonzeros
Model fingerprint: 0x9e7ca358
Variable types: 1 continuous, 784 integer (784 binary)
Coefficient statistics:
  Matrix range     [1e+00, 1e+00]
  Objective range  [1e+00, 7e+02]
  Bounds range     [1e+00, 1e+00]
  RHS range        [1e+00, 1e+00]
Presolve removed 2 rows and 81 columns
Presolve time: 0.01s
Presolved: 54 rows, 704 columns, 1406 nonzeros
Variable types: 1 continuous, 703 integer (703 binary)

Root relaxation: objective 1.746351e+03, 58 iterations, 0.00 seconds

    Nodes    |    Current Node    |     Objective Bounds      |     Work
 Expl Unexpl |  Obj  Depth IntInf | Incumbent    BestBd   Gap | It/Node Time

     0     0 1828.59795    0   10          - 1828.59795      -     -    0s
     0     0 2114.26244    0   14          - 2114.26244      -     -    0s
     0     2 2129.17782    0   35          - 2129.17782      -     -    0s
* 1618  1245              91    2565.3702964 2182.60045  14.9%   4.5    0s
* 1806  1327              98    2545.9097740 2182.60045  14.3%   4.4    0s
H 1829  1257                    2503.7381936 2182.60045  12.8%   4.4    2s
H 1832  1196                    2501.0033621 2182.60045  12.7%   4.4    3s
H 1838  1140                    2500.4654866 2182.60045  12.7%   4.4    3s
  3244  1602 2377.34690   64    9 2500.46549 2186.31061  12.6%   5.1    5s
  8856  4358     cutoff  101      2500.46549 2238.52803  10.5%   5.1   11s
 10807  5590 2275.74366   44    9 2500.46549 2243.39619  10.3%   5.1   15s
 13953  7484 2312.17336   27    9 2500.46549 2250.91388  10.0%   5.2   20s
 16727  9251 2441.31244   75   41 2500.46549 2254.78531  9.83%   5.3   25s
 19114 10935 2358.50486   92    - 2500.46549 2257.58089  9.71%   5.2   30s
 21786 12654 2458.87933   56   15 2500.46549 2261.63447  9.55%   5.2   35s
 23410 13809 2361.88108   64   24 2500.46549 2262.71467  9.51%   5.2   40s
 25905 15569     cutoff   54      2500.46549 2264.59990  9.43%   5.1   45s
 27909 16614 2392.31614   58   33 2500.46549 2266.56930  9.35%   5.1   51s
 29453 17834 2427.14982   67   15 2500.46549 2267.49279  9.32%   5.2   56s
 30514 18444 2357.39939   41    6 2500.46549 2268.24245  9.29%   5.2   60s
 31171 18570 2302.67324   36   14 2500.46549 2268.72562  9.27%   5.2  467s
 31174 18572 2271.28128   19   27 2500.46549 2268.72562  9.27%   5.2  471s
 31178 18575 2345.91507   45   58 2500.46549 2268.72562  9.27%   5.2  477s
 31179 18575 2305.02423   31   67 2500.46549 2268.72562  9.27%   5.2  481s
 31181 18577 2313.39333   46   66 2500.46549 2268.72562  9.27%   5.2  487s
 31183 18578 2388.24346   41   33 2500.46549 2268.72562  9.27%   5.2  490s
 31185 18579 2347.00397   75   42 2500.46549 2268.72562  9.27%   5.2  495s
 31190 18586 2268.72562   26   30 2500.46549 2268.72562  9.27%   5.2  500s
 31265 18641 2268.72562   31   71 2500.46549 2268.72562  9.27%   5.2  505s
 31890 18873 2268.72562   48   25 2500.46549 2268.72562  9.27%   5.2  510s
 32669 19041     cutoff   86      2500.46549 2268.72562  9.27%   5.3  515s
 33698 19365 2268.72562   32   20 2500.46549 2268.72562  9.27%   5.3  520s
 35450 20084     cutoff  113      2500.46549 2268.72562  9.27%   5.3  525s
 37125 20755 2315.34961   92   38 2500.46549 2268.72562  9.27%   5.3  530s
 38940 21502 2331.93819   41    6 2500.46549 2268.72562  9.27%   5.3  536s
 40713 22293 2483.16745   57   28 2500.46549 2268.72562  9.27%   5.3  540s
 42433 22908 2425.76303   69   28 2500.46549 2268.72562  9.27%   5.4  546s
 44032 23626 2408.82188   48   61 2500.46549 2268.72562  9.27%   5.4  551s
 45686 24315     cutoff   92      2500.46549 2268.72562  9.27%   5.4  555s
 47498 24996 2417.56784   46   17 2500.46549 2268.72562  9.27%   5.4  561s
 48550 25443 2324.98166   44   40 2500.46549 2268.72562  9.27%   5.4  565s
 49771 25820 2331.86201   53   69 2500.46549 2268.72562  9.27%   5.4  570s
 50968 26290 2336.72587   55   34 2500.46549 2268.72562  9.27%   5.5  575s
 52350 26904 2349.74120   44    - 2500.46549 2268.72562  9.27%   5.5  580s
 53818 27398 2318.94363   41   40 2500.46549 2268.72562  9.27%   5.5  586s
 55270 27904 2313.79627   39    7 2500.46549 2268.72562  9.27%   5.5  592s
 56047 28360 2301.33283   42    - 2500.46549 2268.72562  9.27%   5.5  595s
 57868 28894 2398.31144   47   51 2500.46549 2268.72562  9.27%   5.5  602s
 58705 29356 2346.89095   42    9 2500.46549 2268.72562  9.27%   5.5  606s
 59631 29502 2418.41420   68   50 2500.46549 2268.72562  9.27%   5.5  610s
 61344 30173 2371.74321   49    9 2500.46549 2268.72562  9.27%   5.6  618s
 62233 30414     cutoff   94      2500.46549 2268.72562  9.27%   5.6  623s
 63129 30676 2397.93041   49   36 2500.46549 2268.72562  9.27%   5.6  627s
 63997 31053 2346.45509   57   57 2500.46549 2268.72562  9.27%   5.6  631s
 64965 31207 2357.66401   45    9 2500.46549 2268.72562  9.27%   5.6  636s
 65755 31661 2363.55369   47   18 2500.46549 2268.72562  9.27%   5.6  640s
 66746 31891 2296.53632   34   17 2500.46549 2268.72562  9.27%   5.6  646s
 67668 32353 2313.69940   39   13 2500.46549 2268.72562  9.27%   5.6  651s
 68654 32787 2301.59537   43   15 2500.46549 2268.72562  9.27%   5.6  657s
 69716 33166 2341.15666   52   13 2500.46549 2268.72562  9.27%   5.6  663s
 70720 33416 2313.01429   42   11 2500.46549 2268.72562  9.27%   5.6  669s
 71589 33745 2311.07558   43    6 2500.46549 2268.72562  9.27%   5.6  674s
 72529 34208 2327.67065   39    6 2500.46549 2268.72562  9.27%   5.6  681s
 73576 34462 2333.82774  100   33 2500.46549 2268.72562  9.27%   5.6  686s
 74429 34873 2308.52615   38   12 2500.46549 2268.72562  9.27%   5.6  692s
 75419 35224 2340.66170   38    9 2500.46549 2268.72562  9.27%   5.6  699s
 76402 35489 2376.44932   40   19 2500.46549 2268.72562  9.27%   5.6  706s
 77385 35888 2416.26565   40    8 2500.46549 2268.72562  9.27%   5.7  713s
 78369 36002 2411.88219   47   11 2500.46549 2268.72562  9.27%   5.7  722s
 79110 36527 2442.15480   65    - 2500.46549 2268.72562  9.27%   5.7  730s
 80177 36806 2364.60989   53    8 2500.46549 2268.96578  9.26%   5.7  737s
 81130 37225 2342.03958   43   29 2500.46549 2269.37261  9.24%   5.7  746s
 82141 37525 2352.72272   41   46 2500.46549 2269.78870  9.23%   5.7  753s
 83061 37808 2344.70230   41    8 2500.46549 2270.26491  9.21%   5.7  761s
 84054 38174 2343.19236   44    6 2500.46549 2270.67964  9.19%   5.7  769s
 85070 38495 2337.77574   50    8 2500.46549 2271.08772  9.17%   5.7  778s
 86095 38812 2317.18951   54   17 2500.46549 2271.71428  9.15%   5.7  786s
 87028 39204 2344.88881   53   11 2500.46549 2272.20845  9.13%   5.7  796s
 88061 39803 2347.18950   45    8 2500.46549 2272.73877  9.11%   5.7  802s
 88726 40498 2408.97926   49   11 2500.46549 2273.17246  9.09%   5.7  810s
 89818 41364     cutoff   81      2500.46549 2273.83947  9.06%   5.7  819s
 90936 42170 2389.96735   46   19 2500.46549 2274.24611  9.05%   5.7  827s
 92092 42929     cutoff   86      2500.46549 2274.88442  9.02%   5.7  839s
 93219 43554 2483.41245   85   13 2500.46549 2275.33711  9.00%   5.7  849s
 94207 44226 2366.77097   43   51 2500.46549 2276.06320  8.97%   5.7  858s
 95240 44790 2319.03763   47    7 2500.46549 2276.50068  8.96%   5.7  870s
 96036 45492 2316.55453   67   30 2500.46549 2276.74867  8.95%   5.7  881s
 97104 46253 2316.46187   50    8 2500.46549 2277.03934  8.94%   5.7  891s
 98181 46974 2474.86818   72   16 2500.46549 2277.33677  8.92%   5.7  901s
 99237 47583 2455.05235   55    7 2500.46549 2278.01953  8.90%   5.7  912s
 100254 48250 2361.03333   48   19 2500.46549 2278.33218  8.88%   5.7  923s
 101199 48881 2324.67337   56   24 2500.46549 2278.80967  8.86%   5.7  935s
 102221 49519 2326.02393   35   29 2500.46549 2279.16866  8.85%   5.7  948s
 103269 50197 2389.50453   36    6 2500.46549 2279.62787  8.83%   5.7  960s
 104243 51035 2312.74995   44   58 2500.46549 2279.95509  8.82%   5.7  971s
 105390 51768 2330.12410   42    8 2500.46549 2280.24763  8.81%   5.7  983s
 106526 52491     cutoff   85      2500.46549 2280.53345  8.80%   5.7  996s
 107566 53162 2386.62650   44   32 2500.46549 2280.84589  8.78%   5.7 1009s
 108622 53976 2355.88307   49   10 2500.46549 2281.26015  8.77%   5.7 1023s
 109663 54754 2332.49857   43   30 2500.46549 2281.55915  8.75%   5.7 1035s
 110840 55452 2411.57816   48   51 2500.46549 2282.13725  8.73%   5.7 1048s
 111914 55988 2342.31154   41    9 2500.46549 2282.52677  8.72%   5.7 1061s
 112858 56494 2436.83320   53   58 2500.46549 2282.87694  8.70%   5.7 1076s
 113836 57040 2364.01869   58   16 2500.46549 2283.17151  8.69%   5.7 1089s
 114662 57587 2389.99928   52   28 2500.46549 2283.40465  8.68%   5.7 1106s
 115673 58291 2322.04834   56   17 2500.46549 2283.90667  8.66%   5.7 1121s
 116700 58813 2407.51312   51   13 2500.46549 2284.15943  8.65%   5.7 1136s
 117667 59516 2299.49763   46   26 2500.46549 2284.67957  8.63%   5.7 1152s
 118721 59995     cutoff   77      2500.46549 2284.84361  8.62%   5.7 1168s
 119632 60552 2346.73771   46    8 2500.46549 2285.42521  8.60%   5.7 1187s
 120617 61254 2448.32212   69   39 2500.46549 2285.66077  8.59%   5.8 1206s
 121581 61787 2321.00723   48   22 2500.46549 2286.07019  8.57%   5.8 1225s
 122579 62404 2328.24854   53    8 2500.46549 2286.29682  8.57%   5.8 1245s
 123606 63166 2423.61885   56   26 2500.46549 2286.75509  8.55%   5.8 1261s
 124718 63700 2320.77345   41   29 2500.46549 2287.15528  8.53%   5.8 1278s
 125727 64375 2340.67792   47   29 2500.46549 2287.41149  8.52%   5.8 1296s
 126807 65122 2368.38187   53    6 2500.46549 2287.89702  8.50%   5.8 1314s
 127905 65722 2393.56727   54   12 2500.46549 2288.24966  8.49%   5.8 1332s
 128959 66359 2370.75114   44   16 2500.46549 2288.66032  8.47%   5.8 1348s
 129932 66906 2418.48008   49   12 2500.46549 2288.82903  8.46%   5.8 1372s
 130974 67530 2314.29361   35   11 2500.46549 2289.16745  8.45%   5.8 1391s
 131961 68276 2328.85766   40    6 2500.46549 2289.59151  8.43%   5.8 1411s
 133080 68983 2345.72348   56   23 2500.46549 2289.88970  8.42%   5.8 1430s
 134120 69729 2365.68645   61   13 2500.46549 2290.13106  8.41%   5.8 1449s
 135238 70367 2345.35390   44    9 2500.46549 2290.58255  8.39%   5.8 1469s
 136310 70971 2442.55757   79   52 2500.46549 2290.86790  8.38%   5.8 1492s
 137369 71610 2379.89899   41    - 2500.46549 2291.07661  8.37%   5.8 1514s
 138425 72229 2380.05905   41   35 2500.46549 2291.27230  8.37%   5.8 1538s
 139466 72800 2348.60289   51   60 2500.46549 2291.63048  8.35%   5.9 1562s
 140474 73422 2299.04937   71    - 2500.46549 2292.09271  8.33%   5.9 1586s
 141538 74112     cutoff   71      2500.46549 2292.41224  8.32%   5.9 1612s
 142542 74586 2329.54230   53    8 2500.46549 2292.76844  8.31%   5.9 1630s
 143355 75139 2325.57136   47    9 2500.46549 2292.93828  8.30%   5.9 1658s
 144445 75802 2368.99411   52    8 2500.46549 2293.24092  8.29%   5.9 1682s
 145533 76412 2336.34954   79   16 2500.46549 2293.53460  8.28%   5.9 1709s
 146290 76572 2310.69775   37   36 2500.46549 2293.73507  8.27%   5.9 1710s
 146561 77158     cutoff   82      2500.46549 2294.08860  8.25%   5.9 1732s
 147741 77757 2424.17420   64   10 2500.46549 2294.38943  8.24%   5.9 1755s
 148796 78311     cutoff   68      2500.46549 2294.81291  8.22%   5.9 1780s
 149796 79000 2336.58183   38   51 2500.46549 2295.10396  8.21%   5.9 1806s
 150884 79680 2428.11648   68   50 2500.46549 2295.35545  8.20%   5.9 1832s
 151983 80317 2381.34885   47    9 2500.46549 2295.59210  8.19%   5.9 1859s
 153104 80924 2322.65220   40    6 2500.46549 2295.94955  8.18%   5.9 1889s
 154177 81558 2356.35289   54    8 2500.46549 2296.04056  8.18%   5.9 1917s
 155242 82178 2382.47387   48   15 2500.46549 2296.30457  8.16%   5.9 1945s
 156378 82839 2344.45573   35   10 2500.46549 2296.61447  8.15%   5.9 1974s
 157468 83374 2359.30276   52    7 2500.46549 2296.99324  8.14%   5.9 2005s
 158485 84102 2406.23327   53   10 2500.46549 2297.00618  8.14%   5.9 2034s
 159641 84835 2365.84601   47    8 2500.46549 2297.63209  8.11%   6.0 2062s
 160789 85480 2304.70377   58   10 2500.46549 2297.90691  8.10%   6.0 2093s
 161922 86172 2374.70437   52   19 2500.46549 2298.12227  8.09%   6.0 2124s
 163026 86935 2385.47718   50    6 2500.46549 2298.44829  8.08%   6.0 2151s
 164203 87718 2364.63202   48    6 2500.46549 2298.74332  8.07%   6.0 2178s
 165402 88373 2373.79132   51   34 2500.46549 2299.03939  8.06%   6.0 2211s
 166531 89082 2363.37164   55   10 2500.46549 2299.30474  8.04%   6.0 2242s
 167640 89723 2402.42756   55   33 2500.46549 2299.56957  8.03%   6.0 2275s
 168729 90377 2473.43177   50   14 2500.46549 2299.76512  8.03%   6.0 2303s
 169829 91100 2406.23610   37   19 2500.46549 2300.07128  8.01%   6.0 2332s
 170956 91609 2418.27195   52   16 2500.46549 2300.39605  8.00%   6.0 2364s
 171206 91665 2336.43384   50    9 2500.46549 2300.46651  8.00%   6.0 2365s
 171990 92328 2371.28377   41    8 2500.46549 2300.67512  7.99%   6.0 2395s
 173113 93046 2420.22507   49    - 2500.46549 2300.85207  7.98%   6.0 2423s
 174241 93690     cutoff   82      2500.46549 2301.17829  7.97%   6.0 2458s
 175317 94288 2466.97088   62    6 2500.46549 2301.33392  7.96%   6.0 2489s
 176413 94931 2376.08590   43    6 2500.46549 2301.52223  7.96%   6.0 2521s
 177467 95709 2340.50038   52   11 2500.46549 2301.61052  7.95%   6.0 2551s
 178657 96249 2348.89373   63   21 2500.46549 2301.92089  7.94%   6.0 2580s
 179642 96998     cutoff   67      2500.46549 2302.17470  7.93%   6.0 2611s
 180786 97700 2387.61732   44    8 2500.46549 2302.37988  7.92%   6.0 2641s
 181971 98396 2438.91367   73    7 2500.46549 2302.70707  7.91%   6.0 2674s
 183111 99070 2348.52369   50   22 2500.46549 2302.88191  7.90%   6.0 2708s
 184218 99589 2378.64336   65   45 2500.46549 2303.11713  7.89%   6.0 2742s
 185256 100342 2337.79386   37    8 2500.46549 2303.30852  7.88%   6.0 2776s
 186408 101042 2349.69339   49    9 2500.46549 2303.46399  7.88%   6.0 2810s
 187611 101816 2321.42072   57   11 2500.46549 2303.72751  7.87%   6.0 2848s
 188813 102554 2424.20466   52    - 2500.46549 2303.84813  7.86%   6.0 2887s
 189950 103252 2444.11695   52   14 2500.46549 2304.03055  7.86%   6.0 2922s
 191117 104026 2353.13615   47   44 2500.46549 2304.28955  7.85%   6.0 2956s
 192282 104684 2360.01961  102    - 2500.46549 2304.49491  7.84%   6.0 2993s
 193415 105444 2425.27640   53    7 2500.46549 2304.63164  7.83%   6.0 3025s
 194619 106153 2440.73734   55   24 2500.46549 2304.88203  7.82%   6.0 3060s
 195717 106813 2384.21539   39   23 2500.46549 2305.09442  7.81%   6.0 3094s
 196838 107398 2353.20513   45    7 2500.46549 2305.22879  7.81%   6.0 3131s
 197966 107981 2375.82857   42    9 2500.46549 2305.34962  7.80%   6.0 3168s
 199033 108595 2365.85481   47   18 2500.46549 2305.53843  7.80%   6.0 3203s
 200146 109180 2446.04091   57   30 2500.46549 2305.80302  7.79%   6.0 3241s
 201227 109928 2340.62693   40    9 2500.46549 2306.05670  7.77%   6.1 3279s
 202391 110508 2384.63189   45   33 2500.46549 2306.24625  7.77%   6.1 3321s
 203462 111186 2361.10404   51   10 2500.46549 2306.37647  7.76%   6.1 3358s
 204668 111894     cutoff   76      2500.46549 2306.62729  7.75%   6.1 3398s
 205839 112490 2359.10100   46   11 2500.46549 2306.82266  7.74%   6.1 3435s
 206867 113166 2427.51112   48    7 2500.46549 2306.88819  7.74%   6.1 3472s
 207977 113843 2408.36750   50    6 2500.46549 2307.16726  7.73%   6.1 3515s
 209159 114579 2351.43961   51   11 2500.46549 2307.40176  7.72%   6.1 3554s
 210317 115257 2339.09315   39   29 2500.46549 2307.54288  7.72%   6.1 3596s
 211489 115889 2357.44425   47   15 2500.46549 2307.64707  7.71%   6.1 3640s
 212606 116588 2386.54277   43    8 2500.46549 2307.80276  7.71%   6.1 3680s
 213792 117249     cutoff   64      2500.46549 2307.98311  7.70%   6.1 3721s
 214924 117976 2343.98665   52   10 2500.46549 2308.26607  7.69%   6.1 3766s
 216069 118545 2403.75734   58    8 2500.46549 2308.40897  7.68%   6.1 3810s
 217175 119254 2368.46648   45    8 2500.46549 2308.58458  7.67%   6.1 3852s
 218339 119941 2358.23561   45    7 2500.46549 2308.76759  7.67%   6.1 3893s
 219495 120544 2370.96890   48    9 2500.46549 2308.97313  7.66%   6.1 3943s
 220573 121128     cutoff   73      2500.46549 2309.20239  7.65%   6.1 3991s
 221674 121871 2439.19130   49   16 2500.46549 2309.41052  7.64%   6.1 4039s
 222908 122376     cutoff   85      2500.46549 2309.59505  7.63%   6.1 4084s
 223983 122986 2345.90315   47    9 2500.46549 2309.63121  7.63%   6.1 4129s
 225111 123649 2339.24605   58   37 2500.46549 2310.02526  7.62%   6.1 4172s
 226238 124315 2392.74151   47   12 2500.46549 2310.20861  7.61%   6.1 4218s
 227350 124898 2367.09924   40    8 2500.46549 2310.43658  7.60%   6.1 4265s
 228505 125662 2346.58561   45    9 2500.46549 2310.67831  7.59%   6.1 4315s
 229751 126398 2342.19421   48   35 2500.46549 2310.87862  7.58%   6.1 4370s
 230833 127036 2455.42257   47   16 2500.46549 2311.04144  7.58%   6.1 4417s
 232014 127710 2356.42707   44    8 2500.46549 2311.16789  7.57%   6.1 4469s
 233206 128335 2394.01815   45    8 2500.46549 2311.29967  7.57%   6.1 4519s
 234420 129009 2342.68861   43    6 2500.46549 2311.45757  7.56%   6.1 4568s
 235603 129562 2322.16107   35    - 2500.46549 2311.68346  7.55%   6.1 4621s
 236751 130335 2325.80144   35   26 2500.46549 2311.81645  7.54%   6.1 4674s
 237945 131142 2440.05191   67   14 2500.46549 2311.99954  7.54%   6.1 4725s
 239164 131728 2326.81867   43   36 2500.46549 2312.12146  7.53%   6.1 4781s
 240338 132477 2408.06934   63   36 2500.46549 2312.30815  7.52%   6.1 4834s
 241547 133055 2442.58802   49   10 2500.46549 2312.43611  7.52%   6.1 4888s
 242681 133720 2337.58964   54   56 2500.46549 2312.56908  7.51%   6.1 4942s
 243857 134318 2341.87292   37   15 2500.46549 2312.66383  7.51%   6.2 4994s
 244992 134992 2450.55853   54   27 2500.46549 2312.82869  7.50%   6.2 5049s
 246249 135593 2370.40401   51   10 2500.46549 2312.93618  7.50%   6.2 5109s
 247351 136276 2372.80714   48    8 2500.46549 2313.11202  7.49%   6.2 5161s
 248549 136899 2376.31400   51   19 2500.46549 2313.24822  7.49%   6.2 5211s
 249751 137507 2417.20600   47    6 2500.46549 2313.50120  7.48%   6.2 5274s
 250925 138169 2449.16091   67   15 2500.46549 2313.59431  7.47%   6.2 5326s
 252065 138764     cutoff   86      2500.46549 2313.78079  7.47%   6.2 5378s
 253248 139383 2344.46605   51   23 2500.46549 2314.01001  7.46%   6.2 5429s
 254360 140052 2468.68438   57    6 2500.46549 2314.09497  7.45%   6.2 5484s
 255567 140612 2421.56139   56    6 2500.46549 2314.25902  7.45%   6.2 5540s
 256746 141397 2369.11388   43    7 2500.46549 2314.37735  7.44%   6.2 5595s
 258043 142092 2388.39913   72    8 2500.46549 2314.50249  7.44%   6.2 5657s
 259297 142753 2389.75822   47    7 2500.46549 2314.66245  7.43%   6.2 5720s
 260518 143373 2335.31692   56    7 2500.46549 2314.77075  7.43%   6.2 5792s
 261714 144014     cutoff   77      2500.46549 2314.88119  7.42%   6.2 5855s
 262903 144678     cutoff   51      2500.46549 2315.03929  7.42%   6.2 5912s
 264056 145303     cutoff   87      2500.46549 2315.27715  7.41%   6.2 5976s
 265207 145865     cutoff   71      2500.46549 2315.40469  7.40%   6.2 6043s
 266327 146639 2357.24818   39    8 2500.46549 2315.51335  7.40%   6.2 6097s
 267587 147418 2423.33737   56   14 2500.46549 2315.70440  7.39%   6.2 6154s
 268820 148162 2385.65987   49   23 2500.46549 2315.92182  7.38%   6.2 6211s
 270084 148878 2348.04867   49    9 2500.46549 2316.09202  7.37%   6.2 6273s
 271348 149596 2371.14377   53    7 2500.46549 2316.19577  7.37%   6.2 6326s
 272594 150245 2438.57834   52    7 2500.46549 2316.35486  7.36%   6.2 6386s
 273797 150908 2341.41523   51   25 2500.46549 2316.51052  7.36%   6.2 6443s
 274939 151641 2442.92212   66   14 2500.46549 2316.64155  7.35%   6.2 6507s
 276171 152182 2348.04414   63   21 2500.46549 2316.73128  7.35%   6.2 6573s
 277247 152850 2389.70135   63   10 2500.46549 2316.87564  7.34%   6.2 6634s
 278481 153460 2400.58834   47   18 2500.46549 2317.07999  7.33%   6.2 6699s
 279677 154158 2390.58345   50   12 2500.46549 2317.23912  7.33%   6.2 6762s
 280933 154816 2356.05340   62   18 2500.46549 2317.38555  7.32%   6.2 6831s
 282118 155530     cutoff   72      2500.46549 2317.53032  7.32%   6.2 6903s
 283340 156187 2338.44769   80   14 2500.46549 2317.69729  7.31%   6.2 6965s
 284591 156834 2390.18846   45   40 2500.46549 2317.82211  7.30%   6.2 7028s
 285819 157482 2401.92163   47    7 2500.46549 2317.97851  7.30%   6.2 7093s
 287019 158194 2365.90845   49   10 2500.46549 2318.08258  7.29%   6.2 7153s
 288225 158833 2372.02260   38    9 2500.46549 2318.14249  7.29%   6.2 7200s

Cutting planes:
  Gomory: 3
  MIR: 1
  Zero half: 9
  Lazy constraints: 37860

Explored 289286 nodes (1805713 simplex iterations) in 7201.61 seconds
Thread count was 12 (of 12 available processors)

Solution count 5: 2500.47 2501 2503.74 ... 2565.37

Time limit reached
Best objective 2.500465486591e+03, best bound 2.318314312971e+03, gap 7.2847%

User-callback calls 1632253, time in user-callback 7.84 sec
/projects/academic/josewalt/caigao/RRARP_BD/BendersDecomp/ret/model_outs/n_26_e_3_algo_2.out
 =====>>>>> Solution is written to file in <../ret/model_outs> !!!
===>> All Done!
