NPROCS=0
This instance is clustered!
Gurobi Optimizer version 9.0.0 build v9.0.0rc2 (linux64)
Optimize a model with 16 rows, 65 columns and 128 nonzeros
Model fingerprint: 0xdf88ac76
Variable types: 1 continuous, 64 integer (64 binary)
Coefficient statistics:
  Matrix range     [1e+00, 1e+00]
  Objective range  [1e+00, 3e+01]
  Bounds range     [1e+00, 1e+00]
  RHS range        [1e+00, 1e+00]
Presolve removed 2 rows and 21 columns
Presolve time: 0.00s
Presolved: 14 rows, 44 columns, 86 nonzeros
Variable types: 1 continuous, 43 integer (43 binary)

Root relaxation: objective 5.891400e+01, 12 iterations, 0.00 seconds

    Nodes    |    Current Node    |     Objective Bounds      |     Work
 Expl Unexpl |  Obj  Depth IntInf | Incumbent    BestBd   Gap | It/Node Time

     0     0   72.33519    0   12          -   72.33519      -     -    0s
H    0     0                      84.0407945   72.33519  13.9%     -    0s
H    0     0                      83.7492003   72.33519  13.6%     -    0s
     0     0   73.95482    0    6   83.74920   73.95482  11.7%     -    0s
     0     0   75.73312    0   15   83.74920   75.73312  9.57%     -    0s
     0     0   75.73312    0   15   83.74920   75.73312  9.57%     -    0s
     0     0   75.73312    0   12   83.74920   75.73312  9.57%     -    0s
     0     0   75.73312    0   12   83.74920   75.73312  9.57%     -    0s
     0     0   75.73312    0   15   83.74920   75.73312  9.57%     -    0s
     0     0   76.02854    0   14   83.74920   76.02854  9.22%     -    0s
     0     0   76.02854    0   14   83.74920   76.02854  9.22%     -    0s
     0     2   76.02854    0   14   83.74920   76.02854  9.22%     -    0s

Cutting planes:
  Gomory: 2
  Zero half: 1
  RLT: 1
  Lazy constraints: 4

Explored 13 nodes (87 simplex iterations) in 0.04 seconds
Thread count was 12 (of 12 available processors)

Solution count 2: 83.7492 84.0408 

Optimal solution found (tolerance 1.00e-04)
Best objective 8.374920029710e+01, best bound 8.374920029710e+01, gap 0.0000%

User-callback calls 143, time in user-callback 0.00 sec
/projects/academic/josewalt/caigao/RRARP_BD/BendersDecomp/ret/model_outs/n_6_m_8_algo_2.out
 =====>>>>> Solution is written to file in <../ret/model_outs> !!!
===>> All Done!
