NPROCS=0
This instance is clustered!
Gurobi Optimizer version 9.0.0 build v9.0.0rc2 (linux64)
Optimize a model with 38 rows, 362 columns and 722 nonzeros
Model fingerprint: 0xd9546bc7
Variable types: 1 continuous, 361 integer (361 binary)
Coefficient statistics:
  Matrix range     [1e+00, 1e+00]
  Objective range  [1e+00, 3e+02]
  Bounds range     [1e+00, 1e+00]
  RHS range        [1e+00, 1e+00]
Presolve removed 2 rows and 54 columns
Presolve time: 0.00s
Presolved: 36 rows, 308 columns, 614 nonzeros
Variable types: 1 continuous, 307 integer (307 binary)

Root relaxation: objective 4.626029e+02, 34 iterations, 0.00 seconds

    Nodes    |    Current Node    |     Objective Bounds      |     Work
 Expl Unexpl |  Obj  Depth IntInf | Incumbent    BestBd   Gap | It/Node Time

     0     0  466.37566    0   10          -  466.37566      -     -    0s
     0     0  648.38549    0   12          -  648.38549      -     -    0s
 done with super cut 0
     0     0  711.52008    0   34          -  711.52008      -     -    0s
 done with super cut 1
 done with super cut 2
H    0     0                    1004.4920079  711.52008  29.2%     -    0s
     0     0  711.62444    0   43 1004.49201  711.62444  29.2%     -    0s
 done with super cut 3
 done with super cut 4
H    0     0                     919.7026721  711.62444  22.6%     -    1s
 done with super cut 5
 done with super cut 6
 done with super cut 7
H    0     0                     880.0408926  711.62444  19.1%     -    4s
 done with super cut 8
 done with super cut 9
H    0     0                     876.7632783  711.62444  18.8%     -    7s
 done with super cut 10
H    0     2                     872.5855866  711.62444  18.4%     -   10s
     0     2  712.84260    0   43  872.58559  712.84260  18.3%     -   10s
H 6204  2047                     872.1712599  807.43893  7.42%   7.3   12s

Cutting planes:
  Gomory: 3
  Zero half: 3
  Lazy constraints: 154

Explored 14896 nodes (133136 simplex iterations) in 13.95 seconds
Thread count was 12 (of 12 available processors)

Solution count 6: 872.171 872.586 876.763 ... 1004.49

Optimal solution found (tolerance 1.00e-04)
Best objective 8.721712598557e+02, best bound 8.721712598557e+02, gap 0.0000%

User-callback calls 31694, time in user-callback 10.17 sec
/projects/academic/josewalt/caigao/RRARP_BD/BendersDecomp/ret/model_outs/n_17_m_7_algo_4.out
 =====>>>>> Solution is written to file in <../ret/model_outs> !!!
===>> All Done!
