NPROCS=0
This instance is clustered!
Gurobi Optimizer version 9.0.0 build v9.0.0rc2 (linux64)
Optimize a model with 48 rows, 577 columns and 1152 nonzeros
Model fingerprint: 0xecf4491a
Variable types: 1 continuous, 576 integer (576 binary)
Coefficient statistics:
  Matrix range     [1e+00, 1e+00]
  Objective range  [1e+00, 5e+02]
  Bounds range     [1e+00, 1e+00]
  RHS range        [1e+00, 1e+00]
Presolve removed 2 rows and 69 columns
Presolve time: 0.01s
Presolved: 46 rows, 508 columns, 1014 nonzeros
Variable types: 1 continuous, 507 integer (507 binary)

Root relaxation: objective 8.812192e+02, 40 iterations, 0.00 seconds

    Nodes    |    Current Node    |     Objective Bounds      |     Work
 Expl Unexpl |  Obj  Depth IntInf | Incumbent    BestBd   Gap | It/Node Time

     0     0  882.45474    0   12          -  882.45474      -     -    0s
     0     0 1112.65067    0   12          - 1112.65067      -     -    0s
     0     2 1114.81670    0   12          - 1114.81670      -     -    0s
* 1602  1387              91    1621.4330842 1243.28318  23.3%   3.8    0s
* 1850  1409              89    1604.7183128 1243.28318  22.5%   3.8    0s
H 1861  1335                    1556.7087582 1243.28318  20.1%   3.8    1s
H 1866  1272                    1551.5227472 1243.28318  19.9%   3.8    2s
H 1905  1236                    1543.1279059 1243.28318  19.4%   3.9    2s
  6533  3026 1434.95594   75    - 1543.12791 1277.72445  17.2%   4.0    5s
 13709  7562 1537.01590   47    9 1543.12791 1303.96740  15.5%   4.0   10s
 17577  9919 1363.97195   33   12 1543.12791 1311.13513  15.0%   4.0   15s
 21025 11781 1330.46277   30    8 1543.12791 1315.23780  14.8%   4.1   20s
 24211 13643     cutoff   65      1543.12791 1318.91313  14.5%   4.2   25s
 26417 14912     cutoff   54      1543.12791 1320.87201  14.4%   4.2   30s
 27735 15483 1324.00280   28   12 1543.12791 1322.13154  14.3%   4.2  196s
 27740 15486 1408.22660   57   27 1543.12791 1322.13154  14.3%   4.2  201s
 27746 15495 1322.13154   28   58 1543.12791 1322.13154  14.3%   4.3  205s
 28474 15762 1414.89524   67   12 1543.12791 1322.13154  14.3%   4.3  210s
 31275 16915 1322.13154   58   30 1543.12791 1322.13154  14.3%   4.3  215s
 35041 18612 1322.13154   48   41 1543.12791 1322.13154  14.3%   4.3  220s
 38483 20132 1416.76795   52    8 1543.12791 1322.13154  14.3%   4.3  225s
 41628 21569 1348.62033   44   25 1543.12791 1322.13154  14.3%   4.3  230s
 44649 22812 1383.16063   35    8 1543.12791 1322.13154  14.3%   4.3  235s
 47472 24001     cutoff  119      1543.12791 1322.13154  14.3%   4.3  240s
 49727 24874 1432.93905   46   22 1543.12791 1322.13154  14.3%   4.3  245s
 52329 25975 1400.34539   40   11 1543.12791 1322.13154  14.3%   4.3  250s
 55028 26978 1392.88985   61   14 1543.12791 1322.13154  14.3%   4.3  256s
 57435 27888 1433.04609   41    - 1543.12791 1322.13154  14.3%   4.3  262s
 59437 28827 1374.08738   37   20 1543.12791 1322.13154  14.3%   4.3  266s
 61591 29575 1378.79018   41   33 1543.12791 1322.13154  14.3%   4.3  270s
 63572 30253 1415.17977   37   41 1543.12791 1322.13154  14.3%   4.3  275s
 66328 31331 1358.16904   73   38 1543.12791 1322.35040  14.3%   4.4  282s
 67332 31468 infeasible   82      1543.12791 1322.89735  14.3%   4.4  285s
 69139 32221     cutoff   71      1543.12791 1324.20678  14.2%   4.4  290s
 70981 32791 1480.44220   46   10 1543.12791 1325.59718  14.1%   4.4  295s
 72702 33369 1511.88903   48    8 1543.12791 1326.87412  14.0%   4.4  301s
 74449 34013 1532.36010   73   31 1543.12791 1327.89979  13.9%   4.4  307s
 76415 35409 1393.61590   46   22 1543.12791 1329.03272  13.9%   4.4  312s
 77295 35970 1420.02300   42   29 1543.12791 1329.56432  13.8%   4.4  315s
 79124 37238 1394.53046   59   26 1543.12791 1330.73321  13.8%   4.4  322s
 80093 37704 1403.08351   37   27 1543.12791 1331.86839  13.7%   4.4  326s
 81763 39057 1434.90031   41   14 1543.12791 1332.79120  13.6%   4.4  333s
 82781 39652 1427.65229   43   10 1543.12791 1333.25687  13.6%   4.4  338s
 83731 40231 1375.12076   39    9 1543.12791 1333.50991  13.6%   4.4  342s
 84607 40792 1467.15029   44   12 1543.12791 1333.52451  13.6%   4.4  347s
 85513 41348 1432.05084   43   22 1543.12791 1334.53080  13.5%   4.5  351s
 87267 42570 1336.11739   44   25 1543.12791 1335.75724  13.4%   4.5  358s
 88320 43127 1425.34792   47   16 1543.12791 1336.30581  13.4%   4.5  363s
 89195 43790 1403.87378   51   14 1543.12791 1336.90704  13.4%   4.5  366s
 90211 44472 1369.39237   41   24 1543.12791 1337.44900  13.3%   4.5  372s
 91246 45095 1388.77658   45   24 1543.12791 1337.86023  13.3%   4.5  376s
 92142 45771 1429.39454   52   19 1543.12791 1338.56037  13.3%   4.5  381s
 93158 46373 1365.30732   65   32 1543.12791 1338.84052  13.2%   4.5  386s
 94043 46993     cutoff   69      1543.12791 1339.35703  13.2%   4.5  391s
 94984 47633     cutoff   74      1543.12791 1339.89900  13.2%   4.5  396s
 96004 48251 1503.10478   46   12 1543.12791 1340.40039  13.1%   4.5  401s
 96956 48836 1439.27054   40   33 1543.12791 1340.80020  13.1%   4.5  406s
 97874 49497 1464.57872   46   24 1543.12791 1341.26767  13.1%   4.5  413s
 98939 50216 1420.50358   45   29 1543.12791 1341.66980  13.1%   4.5  418s
 100013 50820 1399.74811   47   27 1543.12791 1342.05038  13.0%   4.5  424s
 101034 51484     cutoff   77      1543.12791 1342.54655  13.0%   4.5  430s
 102057 52035 1413.47552   36   21 1543.12791 1343.04480  13.0%   4.5  436s
 103042 52758 1379.49060   74   35 1543.12791 1343.43667  12.9%   4.5  443s
 104131 53315     cutoff   81      1543.12791 1343.99450  12.9%   4.5  449s
 105067 53914 1397.51575   47    9 1543.12791 1344.23432  12.9%   4.5  456s
 106085 54580     cutoff   75      1543.12791 1344.82583  12.9%   4.6  462s
 107136 55221 1424.75950   38   18 1543.12791 1345.27297  12.8%   4.6  469s
 108131 55627 1470.96853   52   13 1543.12791 1345.62917  12.8%   4.6  475s
 108926 56110 1476.04124   53   16 1543.12791 1345.88887  12.8%   4.6  482s
 109886 56671 1387.96097   43   58 1543.12791 1346.63465  12.7%   4.6  490s
 110866 57218 1372.86421   83   11 1543.12791 1347.25345  12.7%   4.6  497s
 111778 57736 infeasible   85      1543.12791 1347.66585  12.7%   4.6  505s
 112769 58349     cutoff   59      1543.12791 1348.08765  12.6%   4.6  513s
 113762 58993 1426.24526   43    8 1543.12791 1348.48258  12.6%   4.6  521s
 114841 59620     cutoff   66      1543.12791 1349.02941  12.6%   4.6  529s
 115904 60176 1459.86975   67   24 1543.12791 1349.56562  12.5%   4.6  538s
 116849 60727 1410.27981   37    9 1543.12791 1349.70469  12.5%   4.7  546s
 117857 61198 1413.33953   46   12 1543.12791 1350.16981  12.5%   4.7  557s
 118809 61765 1400.10630   39    - 1543.12791 1350.49053  12.5%   4.7  568s
 119812 62288 1389.83730   45   21 1543.12791 1350.93170  12.5%   4.7  578s
 120809 62863 1488.70667   53   25 1543.12791 1351.31807  12.4%   4.7  587s
 121790 63405 1404.76421   78   17 1543.12791 1351.63186  12.4%   4.7  597s
 122846 64047     cutoff   98      1543.12791 1352.05836  12.4%   4.7  606s
 123955 64647 1404.96297   61   25 1543.12791 1352.31424  12.4%   4.7  616s
 124943 65348 1383.25687   40   17 1543.12791 1352.83560  12.3%   4.7  626s
 126132 65949 1534.07155   53   14 1543.12791 1353.10182  12.3%   4.7  635s
 127172 66628 1410.27167   46   15 1543.12791 1353.32396  12.3%   4.7  646s
 128296 67175 1424.00918   49   10 1543.12791 1353.96282  12.3%   4.7  656s
 129275 67767 1435.69925   44   30 1543.12791 1354.16061  12.2%   4.7  665s
 130235 68284 1516.72646   59   12 1543.12791 1354.49820  12.2%   4.7  677s
 131282 68810 1480.42878   50   19 1543.12791 1354.75296  12.2%   4.7  688s
 132330 69457 1415.22392   37    9 1543.12791 1355.14256  12.2%   4.7  700s
 133405 70092 1539.60714   54   25 1543.12791 1355.47102  12.2%   4.8  712s
 134544 70668 1403.95321   41   12 1543.12791 1355.84496  12.1%   4.8  723s
 135641 71210 1384.50301   46   21 1543.12791 1356.23694  12.1%   4.8  735s
 136625 71746 1452.88812   65   18 1543.12791 1356.60591  12.1%   4.8  747s
 137686 72274     cutoff   65      1543.12791 1356.99907  12.1%   4.8  759s
 138695 72796 1420.04044   44   22 1543.12791 1357.45058  12.0%   4.8  771s
 139750 73264 1448.28664   42    9 1543.12791 1357.93432  12.0%   4.8  783s
 140709 73761 1483.63803   43   14 1543.12791 1358.17495  12.0%   4.8  796s
 141710 74407 1368.17047   45   51 1543.12791 1358.45149  12.0%   4.8  809s
 142827 75059 1444.16046   37    - 1543.12791 1358.85283  11.9%   4.8  821s
 143948 75668 1448.41634   37   19 1543.12791 1359.19118  11.9%   4.8  832s
 145075 76267 1376.91953   41    9 1543.12791 1359.58180  11.9%   4.8  844s
 146152 76898 1523.24911   49   15 1543.12791 1359.95630  11.9%   4.8  857s
 147273 77447 1498.47429   51   16 1543.12791 1360.27404  11.8%   4.8  870s
 148350 78149 1421.11005   48   24 1543.12791 1360.66538  11.8%   4.8  884s
 149470 78741 1503.00919   69   17 1543.12791 1360.91134  11.8%   4.8  899s
 150496 79357 1462.69011   46   19 1543.12791 1361.36184  11.8%   4.9  914s
 151631 79951 1507.31396   68   12 1543.12791 1361.75854  11.8%   4.9  927s
 152737 80550 1424.44818   40   10 1543.12791 1362.03714  11.7%   4.9  941s
 153835 81162 1391.47354   86   27 1543.12791 1362.30070  11.7%   4.9  954s
 154939 81736 1385.76358   60   23 1543.12791 1362.50600  11.7%   4.9  969s
 156042 82346 1418.02833   48   15 1543.12791 1363.00267  11.7%   4.9  984s
 157126 82860 1439.18173   40   14 1543.12791 1363.25787  11.7%   4.9  998s
 158180 83444 1429.69006   40   15 1543.12791 1363.67146  11.6%   4.9 1014s
 159270 84090 1483.75768   50   22 1543.12791 1363.95811  11.6%   4.9 1028s
 160407 84734 1385.91486   45   33 1543.12791 1364.25534  11.6%   4.9 1042s
 161495 85311 1376.83946   38   12 1543.12791 1364.52779  11.6%   4.9 1057s
 162450 85845 1427.08867   38   17 1543.12791 1364.68859  11.6%   4.9 1070s
 163574 86311 1441.91842   37   32 1543.12791 1365.10577  11.5%   4.9 1084s
 164683 87044 1481.08110   55   25 1543.12791 1365.31807  11.5%   4.9 1099s
 165881 87655 1518.94942   71    8 1543.12791 1365.57957  11.5%   4.9 1114s
 166963 88197 1421.15939   48   26 1543.12791 1365.94323  11.5%   4.9 1131s
 168019 88821 1449.39844   53   15 1543.12791 1366.16461  11.5%   4.9 1146s
 169144 89561     cutoff   54      1543.12791 1366.40794  11.5%   4.9 1161s
 170362 90035 1506.18292   51   15 1543.12791 1366.79271  11.4%   4.9 1178s
 171452 90746 1424.12120   44   15 1543.12791 1367.03864  11.4%   4.9 1197s
 172549 91414     cutoff   74      1543.12791 1367.29498  11.4%   4.9 1213s
 173750 92080     cutoff   68      1543.12791 1367.53409  11.4%   4.9 1228s
 174953 92725 1426.59986   46   19 1543.12791 1367.79589  11.4%   4.9 1243s
 176104 93422     cutoff   59      1543.12791 1368.04531  11.3%   4.9 1258s
 177286 94020     cutoff   93      1543.12791 1368.22088  11.3%   4.9 1275s
 178377 94822 1450.57723   53   13 1543.12791 1368.49679  11.3%   4.9 1290s
 179625 95423 1414.59119   65   29 1543.12791 1368.75131  11.3%   4.9 1306s
 180738 96095 1464.39128   70    8 1543.12791 1369.00079  11.3%   4.9 1323s
 181905 96681 1435.84792   52   30 1543.12791 1369.28837  11.3%   4.9 1338s
 182974 97184     cutoff   85      1543.12791 1369.45000  11.3%   4.9 1355s
 184006 97827     cutoff   70      1543.12791 1369.67178  11.2%   4.9 1371s
 185135 98476 1515.38636   49   59 1543.12791 1369.85577  11.2%   4.9 1389s
 186238 99042 1541.14757   67   13 1543.12791 1370.10655  11.2%   5.0 1405s
 187270 99666 1425.88354   36   21 1543.12791 1370.36866  11.2%   5.0 1424s
 188429 100248 1433.93333   48   12 1543.12791 1370.47773  11.2%   5.0 1444s
 189426 100797 1515.46824   55   17 1543.12791 1370.67860  11.2%   5.0 1464s
 190545 101358 1475.33069   52   15 1543.12791 1370.89115  11.2%   5.0 1482s
 191649 101973 1462.04076   50   18 1543.12791 1371.15558  11.1%   5.0 1501s
 192782 102593 1489.73767   49   25 1543.12791 1371.52418  11.1%   5.0 1519s
 193891 103209 1425.33783   45   31 1543.12791 1371.73309  11.1%   5.0 1536s
 195016 103757 1534.48725   60   16 1543.12791 1371.85318  11.1%   5.0 1554s
 196121 104331 1438.35939   46    - 1543.12791 1372.07101  11.1%   5.0 1573s
 197258 104959 1398.47488   43   13 1543.12791 1372.37593  11.1%   5.0 1592s
 198421 105656     cutoff   80      1543.12791 1372.58129  11.1%   5.0 1610s
 199580 106341     cutoff   61      1543.12791 1372.83225  11.0%   5.0 1629s
 200726 106987 1433.53628   43    6 1543.12791 1373.03058  11.0%   5.0 1649s
 201909 107535 1485.92255   56   19 1543.12791 1373.26862  11.0%   5.0 1668s
 202994 108137 1399.09283   49   25 1543.12791 1373.47574  11.0%   5.0 1688s
 204088 108725 1480.26385   48    9 1543.12791 1373.63026  11.0%   5.0 1711s
 205226 109199     cutoff   84      1543.12791 1373.90362  11.0%   5.0 1733s
 206266 109713 1448.71686   52   12 1543.12791 1374.15993  10.9%   5.0 1755s
 207318 110200 1449.02639   48   20 1543.12791 1374.37726  10.9%   5.0 1776s
 208304 110791 1433.42414   39   12 1543.12791 1374.57953  10.9%   5.0 1797s
 209444 111415 1455.09014   45   16 1543.12791 1374.75271  10.9%   5.0 1821s
 210592 112023 1523.60660   47   19 1543.12791 1374.97882  10.9%   5.0 1840s
 211678 112465 1400.84722   50   13 1543.12791 1375.20812  10.9%   5.0 1862s
 212730 113085 1505.42760   63   11 1543.12791 1375.48427  10.9%   5.0 1883s
 213836 113627 1406.42069   38   29 1543.12791 1375.66621  10.9%   5.0 1911s
 214945 114239 1416.81087   55   17 1543.12791 1375.84260  10.8%   5.0 1935s
 216055 114765 1484.46187   56    8 1543.12791 1376.08311  10.8%   5.0 1958s
 217180 115344 1443.44603   38   22 1543.12791 1376.29698  10.8%   5.1 1981s
 218233 115838 1402.56610   72   50 1543.12791 1376.38339  10.8%   5.1 2005s
 219332 116329 1402.85398   44   11 1543.12791 1376.70037  10.8%   5.1 2033s
 220386 116915 1406.45373   45   15 1543.12791 1376.94691  10.8%   5.1 2056s
 221555 117533 1496.87109   39   15 1543.12791 1377.14781  10.8%   5.1 2077s
 222710 118161 1453.45326   48    8 1543.12791 1377.43706  10.7%   5.1 2100s
 223855 118701     cutoff   53      1543.12791 1377.59530  10.7%   5.1 2124s
 225017 119180 1485.81586   60   12 1543.12791 1377.95031  10.7%   5.1 2149s
 226082 119724 1522.59184   46   13 1543.12791 1378.10247  10.7%   5.1 2173s
 227188 120337 1535.57536   70   14 1543.12791 1378.44274  10.7%   5.1 2197s
 228352 120932     cutoff   53      1543.12791 1378.63048  10.7%   5.1 2219s
 229420 121459     cutoff   82      1543.12791 1378.74889  10.7%   5.1 2243s
 230522 122056 1486.61894   47   10 1543.12791 1378.94214  10.6%   5.1 2270s
 231679 122649 1447.66093   48   14 1543.12791 1379.21987  10.6%   5.1 2293s
 232818 123171     cutoff   63      1543.12791 1379.44119  10.6%   5.1 2320s
 233968 123751 1450.51649   43   32 1543.12791 1379.55603  10.6%   5.1 2348s
 235106 124289 1411.07843   43    6 1543.12791 1379.82170  10.6%   5.1 2374s
 236231 124825 1442.52214   44   13 1543.12791 1379.93778  10.6%   5.1 2402s
 237341 125445 1455.65121   43    8 1543.12791 1379.98475  10.6%   5.1 2429s
 238534 125985     cutoff   51      1543.12791 1380.34516  10.5%   5.1 2456s
 239689 126479 1452.65003   42   16 1543.12791 1380.59604  10.5%   5.1 2482s
 240843 126995     cutoff   92      1543.12791 1380.78590  10.5%   5.1 2507s
 241926 127525 1446.84479   46   30 1543.12791 1380.99613  10.5%   5.1 2534s
 242998 128139 1439.01212   42    - 1543.12791 1381.17108  10.5%   5.1 2565s
 244170 128839 1441.12209   42   25 1543.12791 1381.42044  10.5%   5.1 2595s
 245343 129333 1442.61445   51    7 1543.12791 1381.47356  10.5%   5.2 2623s
 246486 129943 1514.10611   49   23 1543.12791 1381.81747  10.5%   5.2 2647s
 247637 130455     cutoff   89      1543.12791 1381.97127  10.4%   5.2 2675s
 248767 130998 1521.97976   46   22 1543.12791 1382.16155  10.4%   5.2 2703s
 249923 131493 1415.23045   42   13 1543.12791 1382.41544  10.4%   5.2 2730s
 251008 132031     cutoff   64      1543.12791 1382.60734  10.4%   5.2 2757s
 252132 132493 1410.33815   41   12 1543.12791 1382.76619  10.4%   5.2 2786s
 253263 133046 1469.48037   38   14 1543.12791 1382.87657  10.4%   5.2 2815s
 254387 133567     cutoff   71      1543.12791 1383.12749  10.4%   5.2 2846s
 255535 134145 1531.42663   46   33 1543.12791 1383.32111  10.4%   5.2 2874s
 256704 134725 1460.50710   51   28 1543.12791 1383.52978  10.3%   5.2 2904s
 257890 135293 1422.45405   45   24 1543.12791 1383.68460  10.3%   5.2 2940s
 259050 135746 1516.42480   45   15 1543.12791 1383.90016  10.3%   5.2 2969s
 260157 136257 1512.67543   46   20 1543.12791 1384.06147  10.3%   5.2 3000s
 261190 136902 1492.38707   47   33 1543.12791 1384.11556  10.3%   5.2 3031s
 262428 137481 1473.96325   47   27 1543.12791 1384.42987  10.3%   5.2 3058s
 263589 138013     cutoff   49      1543.12791 1384.59408  10.3%   5.2 3091s
 264732 138549 1441.07785   50   15 1543.12791 1384.79010  10.3%   5.2 3123s
 265868 139064 1452.82542   45   30 1543.12791 1385.01648  10.2%   5.2 3153s
 267047 139694 1515.84648   77   31 1543.12791 1385.19828  10.2%   5.2 3182s
 268296 140198 1406.63194   39   17 1543.12791 1385.35818  10.2%   5.2 3213s
 269445 140779 1450.49334   41   22 1543.12791 1385.48610  10.2%   5.2 3246s
 270634 141236     cutoff   49      1543.12791 1385.63519  10.2%   5.2 3281s
 271731 141878 1498.09768   46   11 1543.12791 1385.80001  10.2%   5.2 3313s
 272918 142392 1476.42485   61   10 1543.12791 1385.92475  10.2%   5.2 3342s
 274017 142922     cutoff   70      1543.12791 1386.08694  10.2%   5.2 3373s
 275191 143449 1438.99943   41   10 1543.12791 1386.25388  10.2%   5.2 3407s
 276322 143997     cutoff   66      1543.12791 1386.40275  10.2%   5.2 3443s
 277488 144633 1452.60115   46   15 1543.12791 1386.68064  10.1%   5.3 3474s
 278227 144713 1429.47681   43   22 1543.12791 1386.74078  10.1%   5.3 3475s
 278715 145158 1468.63284   53   28 1543.12791 1386.91368  10.1%   5.3 3506s
 279882 145560 1411.25802   39   23 1543.12791 1387.13012  10.1%   5.3 3541s
 280989 146167 1443.59108   47   22 1543.12791 1387.21774  10.1%   5.3 3574s
 282185 146754     cutoff   85      1543.12791 1387.43527  10.1%   5.3 3608s
 283413 147301 1440.71014   43   12 1543.12791 1387.56137  10.1%   5.3 3640s
 284555 147819 1459.51036   48   11 1543.12791 1387.69235  10.1%   5.3 3673s
 285698 148391 1450.42283   44   10 1543.12791 1387.95345  10.1%   5.3 3705s
 286804 148861 1433.21042   42   28 1543.12791 1388.06440  10.0%   5.3 3746s
 287922 149266 1539.71810   44   22 1543.12791 1388.22819  10.0%   5.3 3782s
 288964 149762 1408.85323   43   25 1543.12791 1388.37537  10.0%   5.3 3820s
 290106 150171 1430.14278   40   13 1543.12791 1388.55811  10.0%   5.3 3864s
 291171 150772     cutoff   67      1543.12791 1388.69595  10.0%   5.3 3901s
 292446 151400 1471.20627   43   32 1543.12791 1388.95591  10.0%   5.3 3935s
 293703 151998 1428.30241   41   21 1543.12791 1389.03930  10.0%   5.3 3968s
 294883 152567     cutoff   65      1543.12791 1389.22382  10.0%   5.3 4003s
 296078 153208 1432.08082   47   15 1543.12791 1389.34381  10.0%   5.3 4037s
 297269 153727     cutoff   71      1543.12791 1389.52323  10.0%   5.3 4072s
 298484 154204 1462.97487   44   11 1543.12791 1389.68082  9.94%   5.3 4109s
 299598 154653 1425.92061   43   22 1543.12791 1389.84299  9.93%   5.3 4144s
 300637 155182 1403.37665   42   13 1543.12791 1390.00656  9.92%   5.3 4185s
 301847 155748 1531.26164   62   24 1543.12791 1390.00656  9.92%   5.3 4225s
 303012 156257 1494.71175   65   17 1543.12791 1390.31984  9.90%   5.3 4266s
 304113 156736     cutoff   45      1543.12791 1390.56903  9.89%   5.3 4302s
 305294 157286 1540.78814   48   11 1543.12791 1390.71115  9.88%   5.3 4340s
 306474 157880 1458.05372   62   13 1543.12791 1390.91331  9.86%   5.3 4377s
 307683 158323 1488.72376   62    8 1543.12791 1391.02650  9.86%   5.3 4416s
 308789 158955 1455.37759   47    9 1543.12791 1391.20109  9.85%   5.3 4452s
 310046 159522     cutoff   65      1543.12791 1391.24413  9.84%   5.3 4497s
 311197 159996     cutoff   99      1543.12791 1391.52803  9.82%   5.3 4539s
 312362 160684 1443.23857   37   26 1543.12791 1391.66643  9.82%   5.3 4578s
 313673 161162     cutoff   71      1543.12791 1391.75169  9.81%   5.3 4617s
 314845 161698 1483.69749   51   16 1543.12791 1391.93807  9.80%   5.3 4653s
 316031 162284 1541.15491   45   15 1543.12791 1392.11066  9.79%   5.3 4695s
 317204 162808 1461.43110   42   12 1543.12791 1392.20671  9.78%   5.3 4733s
 318431 163340 1501.28628   47   24 1543.12791 1392.35024  9.77%   5.3 4781s
 319646 163905 1494.80732   46   25 1543.12791 1392.51448  9.76%   5.3 4820s
 320891 164464     cutoff   50      1543.12791 1392.63968  9.75%   5.3 4860s
 322062 164986 1463.51406   40   15 1543.12791 1392.86700  9.74%   5.3 4897s
 323171 165578 1437.40392   52   24 1543.12791 1393.00454  9.73%   5.4 4937s
 324335 166056 1479.75428   57    - 1543.12791 1393.25856  9.71%   5.4 4976s
 325486 166549 1480.98908   57   22 1543.12791 1393.37251  9.70%   5.4 5016s
 326643 167050 1462.18995   46   32 1543.12791 1393.51568  9.70%   5.4 5055s
 327767 167524 1511.13743   51   12 1543.12791 1393.65908  9.69%   5.4 5100s
 328926 168109 1527.07486   56   28 1543.12791 1393.75626  9.68%   5.4 5148s
 330090 168706 1432.81696   50   17 1543.12791 1393.93974  9.67%   5.4 5188s
 331318 169296     cutoff   73      1543.12791 1394.09348  9.66%   5.4 5230s
 332552 169823 1530.51488   43   11 1543.12791 1394.26020  9.65%   5.4 5273s
 333774 170340 infeasible   87      1543.12791 1394.38461  9.64%   5.4 5317s
 334943 170763     cutoff   51      1543.12791 1394.58048  9.63%   5.4 5366s
 335973 171444     cutoff   56      1543.12791 1394.70804  9.62%   5.4 5406s
 337275 172069     cutoff   77      1543.12791 1394.79809  9.61%   5.4 5455s
 338460 172536 1476.42474   49   46 1543.12791 1394.93556  9.60%   5.4 5500s
 339611 173211     cutoff   50      1543.12791 1395.13388  9.59%   5.4 5547s
 340870 173795     cutoff   63      1543.12791 1395.26269  9.58%   5.4 5597s
 342092 174467 1441.81051   40   14 1543.12791 1395.39255  9.57%   5.4 5640s
 343365 174947 infeasible   87      1543.12791 1395.50673  9.57%   5.4 5680s
 344537 175498     cutoff   52      1543.12791 1395.61315  9.56%   5.4 5724s
 345424 175598 1514.29186   53   15 1543.12791 1395.71008  9.55%   5.4 5725s
 345727 175946 1437.50068   49   12 1543.12791 1395.80466  9.55%   5.4 5775s
 346894 176459 1474.33366   52   13 1543.12791 1395.95006  9.54%   5.4 5825s
 348031 176994 1527.93707   46   36 1543.12791 1396.09388  9.53%   5.4 5870s
 349283 177594 1447.10720   49   25 1543.12791 1396.27984  9.52%   5.4 5915s
 350519 178046 1494.36743   43   13 1543.12791 1396.41790  9.51%   5.4 5963s
 351702 178552 1448.70894   39   23 1543.12791 1396.53205  9.50%   5.4 6005s
 352858 179023     cutoff   52      1543.12791 1396.63335  9.49%   5.4 6051s
 353965 179500 1466.48114   48   17 1543.12791 1396.75212  9.49%   5.4 6096s
 355193 180066     cutoff   68      1543.12791 1396.90256  9.48%   5.4 6138s
 356342 180626 1445.33447   45   12 1543.12791 1397.04017  9.47%   5.4 6187s
 357606 181193 1434.47719   55   12 1543.12791 1397.14713  9.46%   5.4 6237s
 358855 181649 1526.11433   51   12 1543.12791 1397.27769  9.45%   5.4 6289s
 359960 182169     cutoff   83      1543.12791 1397.40040  9.44%   5.4 6338s
 361107 182671 1522.29359   44   18 1543.12791 1397.55617  9.43%   5.4 6391s
 362251 183178 1445.94205   48   12 1543.12791 1397.70221  9.42%   5.4 6442s
 363443 183762 1484.39379   49   16 1543.12791 1397.84024  9.42%   5.4 6490s
 364705 184279 1441.52123   52   36 1543.12791 1397.95671  9.41%   5.4 6543s
 365921 184788     cutoff   73      1543.12791 1398.05317  9.40%   5.4 6596s
 367115 185318 1400.22043   53   13 1543.12791 1398.19776  9.39%   5.4 6641s
 368366 185823 1512.09871   48    9 1543.12791 1398.36265  9.38%   5.4 6693s
 369601 186299 1497.91412   45    8 1543.12791 1398.41263  9.38%   5.4 6739s
 370740 186918 1439.97933   53   19 1543.12791 1398.67585  9.36%   5.4 6800s
 371972 187554 1436.61946   44   13 1543.12791 1398.78604  9.35%   5.4 6857s
 373206 188126     cutoff   62      1543.12791 1398.91887  9.35%   5.4 6918s
 374428 188616 1528.48726   48   15 1543.12791 1399.04160  9.34%   5.4 6967s
 375622 189099 1404.94752   63   61 1543.12791 1399.17506  9.33%   5.4 7022s
 376799 189627 1453.34142   50   20 1543.12791 1399.30596  9.32%   5.4 7074s
 378020 189776 1432.13998   53   12 1543.12791 1399.43884  9.31%   5.4 7173s
 378022 189777 1472.13460   95   12 1543.12791 1399.43884  9.31%   5.4 7195s

Cutting planes:
  Gomory: 1
  MIR: 1
  Flow cover: 1
  Zero half: 2
  Relax-and-lift: 2

Explored 378022 nodes (2057335 simplex iterations) in 7200.29 seconds
Thread count was 12 (of 12 available processors)

Solution count 5: 1543.13 1551.52 1556.71 ... 1621.43

Time limit reached
Best objective 1.543127905892e+03, best bound 1.399438836418e+03, gap 9.3115%

User-callback calls 1765681, time in user-callback 6.38 sec
/projects/academic/josewalt/caigao/RRARP_BD/BendersDecomp/ret/model_outs/n_22_m_8_algo_2.out
 =====>>>>> Solution is written to file in <../ret/model_outs> !!!
===>> All Done!
