NPROCS=0
This instance is clustered!
Gurobi Optimizer version 9.0.0 build v9.0.0rc2 (linux64)
Optimize a model with 64 rows, 1025 columns and 2048 nonzeros
Model fingerprint: 0x44da1ba0
Coefficient statistics:
  Matrix range     [1e+00, 1e+00]
  Objective range  [1e+00, 1e+03]
  Bounds range     [1e+00, 1e+00]
  RHS range        [1e+00, 1e+00]
Presolve removed 2 rows and 93 columns
Presolve time: 0.00s
Presolved: 62 rows, 932 columns, 1862 nonzeros

Iteration    Objective       Primal Inf.    Dual Inf.      Time
       0    1.6066554e+03   1.600000e+01   0.000000e+00      0s
      15    2.0308802e+03   0.000000e+00   0.000000e+00      0s

Solved in 15 iterations and 0.00 seconds
Optimal objective  2.030880156e+03
Gurobi Optimizer version 9.0.0 build v9.0.0rc2 (linux64)
Optimize a model with 79 rows, 1025 columns and 2086 nonzeros
Coefficient statistics:
  Matrix range     [1e+00, 1e+00]
  Objective range  [1e+00, 1e+03]
  Bounds range     [1e+00, 1e+00]
  RHS range        [1e+00, 2e+00]
Iteration    Objective       Primal Inf.    Dual Inf.      Time
       0    2.0308802e+03   1.500000e+01   0.000000e+00      0s
      49    2.8418473e+03   0.000000e+00   0.000000e+00      0s

Solved in 49 iterations and 0.00 seconds
Optimal objective  2.841847257e+03
Gurobi Optimizer version 9.0.0 build v9.0.0rc2 (linux64)
Optimize a model with 85 rows, 1025 columns and 2390 nonzeros
Coefficient statistics:
  Matrix range     [1e+00, 1e+00]
  Objective range  [1e+00, 1e+03]
  Bounds range     [1e+00, 1e+00]
  RHS range        [1e+00, 2e+01]
Iteration    Objective       Primal Inf.    Dual Inf.      Time
       0    2.8418473e+03   6.000000e+00   0.000000e+00      0s
      13    2.8776674e+03   0.000000e+00   0.000000e+00      0s

Solved in 13 iterations and 0.00 seconds
Optimal objective  2.877667422e+03
Gurobi Optimizer version 9.0.0 build v9.0.0rc2 (linux64)
Optimize a model with 88 rows, 1025 columns and 2838 nonzeros
Coefficient statistics:
  Matrix range     [1e+00, 1e+00]
  Objective range  [1e+00, 1e+03]
  Bounds range     [1e+00, 1e+00]
  RHS range        [1e+00, 2e+01]
Iteration    Objective       Primal Inf.    Dual Inf.      Time
       0    2.8776674e+03   3.000000e+00   0.000000e+00      0s
       5    2.9340894e+03   0.000000e+00   0.000000e+00      0s

Solved in 5 iterations and 0.00 seconds
Optimal objective  2.934089414e+03
Gurobi Optimizer version 9.0.0 build v9.0.0rc2 (linux64)
Optimize a model with 90 rows, 1025 columns and 3292 nonzeros
Coefficient statistics:
  Matrix range     [7e-03, 4e+03]
  Objective range  [1e+00, 1e+03]
  Bounds range     [1e+00, 1e+00]
  RHS range        [1e+00, 1e+02]
Iteration    Objective       Primal Inf.    Dual Inf.      Time
       0    2.9340894e+03   1.322734e+00   0.000000e+00      0s
       1    2.9340894e+03   0.000000e+00   0.000000e+00      0s

Solved in 1 iterations and 0.00 seconds
Optimal objective  2.934089414e+03
Gurobi Optimizer version 9.0.0 build v9.0.0rc2 (linux64)
Optimize a model with 92 rows, 1025 columns and 3758 nonzeros
Coefficient statistics:
  Matrix range     [7e-03, 4e+03]
  Objective range  [1e+00, 1e+03]
  Bounds range     [1e+00, 1e+00]
  RHS range        [1e+00, 1e+02]
Iteration    Objective       Primal Inf.    Dual Inf.      Time
       0    2.9340894e+03   1.589401e+00   0.000000e+00      0s
      18    2.9341017e+03   0.000000e+00   0.000000e+00      0s

Solved in 18 iterations and 0.00 seconds
Optimal objective  2.934101693e+03
Gurobi Optimizer version 9.0.0 build v9.0.0rc2 (linux64)
Optimize a model with 94 rows, 1025 columns and 4185 nonzeros
Coefficient statistics:
  Matrix range     [7e-03, 6e+03]
  Objective range  [1e+00, 1e+03]
  Bounds range     [1e+00, 1e+00]
  RHS range        [1e+00, 1e+02]
Iteration    Objective       Primal Inf.    Dual Inf.      Time
       0    2.9341017e+03   2.097117e+00   0.000000e+00      0s
      15    2.9367071e+03   0.000000e+00   0.000000e+00      0s

Solved in 15 iterations and 0.00 seconds
Optimal objective  2.936707058e+03
Gurobi Optimizer version 9.0.0 build v9.0.0rc2 (linux64)
Optimize a model with 96 rows, 1025 columns and 4636 nonzeros
Coefficient statistics:
  Matrix range     [7e-03, 6e+03]
  Objective range  [1e+00, 1e+03]
  Bounds range     [1e+00, 1e+00]
  RHS range        [1e+00, 1e+02]
Iteration    Objective       Primal Inf.    Dual Inf.      Time
       0    2.9367071e+03   8.962291e-01   0.000000e+00      0s
       9    2.9375044e+03   0.000000e+00   0.000000e+00      0s

Solved in 9 iterations and 0.00 seconds
Optimal objective  2.937504407e+03
Gurobi Optimizer version 9.0.0 build v9.0.0rc2 (linux64)
Optimize a model with 98 rows, 1025 columns and 5038 nonzeros
Coefficient statistics:
  Matrix range     [4e-03, 6e+03]
  Objective range  [1e+00, 1e+03]
  Bounds range     [1e+00, 1e+00]
  RHS range        [1e+00, 1e+02]
Iteration    Objective       Primal Inf.    Dual Inf.      Time
       0    2.9375044e+03   1.858018e+00   0.000000e+00      0s
       6    2.9387900e+03   0.000000e+00   0.000000e+00      0s

Solved in 6 iterations and 0.00 seconds
Optimal objective  2.938789974e+03
Gurobi Optimizer version 9.0.0 build v9.0.0rc2 (linux64)
Optimize a model with 100 rows, 1025 columns and 5437 nonzeros
Coefficient statistics:
  Matrix range     [4e-03, 6e+03]
  Objective range  [1e+00, 1e+03]
  Bounds range     [1e+00, 1e+00]
  RHS range        [1e+00, 1e+02]
Iteration    Objective       Primal Inf.    Dual Inf.      Time
       0    2.9387900e+03   2.116214e+00   0.000000e+00      0s
       3    2.9388818e+03   0.000000e+00   0.000000e+00      0s

Solved in 3 iterations and 0.00 seconds
Optimal objective  2.938881810e+03
Gurobi Optimizer version 9.0.0 build v9.0.0rc2 (linux64)
Optimize a model with 102 rows, 1025 columns and 5837 nonzeros
Coefficient statistics:
  Matrix range     [4e-03, 6e+03]
  Objective range  [1e+00, 1e+03]
  Bounds range     [1e+00, 1e+00]
  RHS range        [1e+00, 1e+02]
Iteration    Objective       Primal Inf.    Dual Inf.      Time
       0    2.9388818e+03   3.352549e-01   0.000000e+00      0s
      10    2.9397814e+03   0.000000e+00   0.000000e+00      0s

Solved in 10 iterations and 0.00 seconds
Optimal objective  2.939781357e+03
Gurobi Optimizer version 9.0.0 build v9.0.0rc2 (linux64)
Optimize a model with 104 rows, 1025 columns and 6249 nonzeros
Coefficient statistics:
  Matrix range     [2e-03, 6e+03]
  Objective range  [1e+00, 1e+03]
  Bounds range     [1e+00, 1e+00]
  RHS range        [1e+00, 1e+02]
Iteration    Objective       Primal Inf.    Dual Inf.      Time
       0    2.9397814e+03   2.954401e-01   0.000000e+00      0s
       8    2.9437585e+03   0.000000e+00   0.000000e+00      0s

Solved in 8 iterations and 0.00 seconds
Optimal objective  2.943758526e+03
Gurobi Optimizer version 9.0.0 build v9.0.0rc2 (linux64)
Optimize a model with 106 rows, 1025 columns and 6653 nonzeros
Coefficient statistics:
  Matrix range     [2e-03, 6e+03]
  Objective range  [1e+00, 1e+03]
  Bounds range     [1e+00, 1e+00]
  RHS range        [1e+00, 1e+02]
Iteration    Objective       Primal Inf.    Dual Inf.      Time
       0    2.9437585e+03   3.036135e-01   0.000000e+00      0s
       9    2.9514044e+03   0.000000e+00   0.000000e+00      0s

Solved in 9 iterations and 0.00 seconds
Optimal objective  2.951404397e+03
Gurobi Optimizer version 9.0.0 build v9.0.0rc2 (linux64)
Optimize a model with 108 rows, 1025 columns and 7056 nonzeros
Coefficient statistics:
  Matrix range     [2e-03, 6e+03]
  Objective range  [1e+00, 1e+03]
  Bounds range     [1e+00, 1e+00]
  RHS range        [1e+00, 1e+02]
Iteration    Objective       Primal Inf.    Dual Inf.      Time
       0    2.9514044e+03   2.821914e-01   0.000000e+00      0s
       6    2.9515795e+03   0.000000e+00   0.000000e+00      0s

Solved in 6 iterations and 0.00 seconds
Optimal objective  2.951579511e+03
Gurobi Optimizer version 9.0.0 build v9.0.0rc2 (linux64)
Optimize a model with 110 rows, 1025 columns and 7459 nonzeros
Coefficient statistics:
  Matrix range     [2e-03, 6e+03]
  Objective range  [1e+00, 1e+03]
  Bounds range     [1e+00, 1e+00]
  RHS range        [1e+00, 1e+02]
Iteration    Objective       Primal Inf.    Dual Inf.      Time
       0    2.9515795e+03   5.552412e-01   0.000000e+00      0s
       9    2.9564466e+03   0.000000e+00   0.000000e+00      0s

Solved in 9 iterations and 0.00 seconds
Optimal objective  2.956446627e+03
Gurobi Optimizer version 9.0.0 build v9.0.0rc2 (linux64)
Optimize a model with 112 rows, 1025 columns and 7841 nonzeros
Coefficient statistics:
  Matrix range     [2e-03, 6e+03]
  Objective range  [1e+00, 1e+03]
  Bounds range     [1e+00, 1e+00]
  RHS range        [1e+00, 1e+02]
Iteration    Objective       Primal Inf.    Dual Inf.      Time
       0    2.9564466e+03   5.352158e-01   0.000000e+00      0s
      15    2.9584383e+03   0.000000e+00   0.000000e+00      0s

Solved in 15 iterations and 0.00 seconds
Optimal objective  2.958438344e+03
Gurobi Optimizer version 9.0.0 build v9.0.0rc2 (linux64)
Optimize a model with 114 rows, 1025 columns and 8197 nonzeros
Coefficient statistics:
  Matrix range     [2e-03, 6e+03]
  Objective range  [1e+00, 1e+03]
  Bounds range     [1e+00, 1e+00]
  RHS range        [1e+00, 1e+02]
Iteration    Objective       Primal Inf.    Dual Inf.      Time
       0    2.9584383e+03   5.003566e-01   0.000000e+00      0s
       8    2.9681202e+03   0.000000e+00   0.000000e+00      0s

Solved in 8 iterations and 0.00 seconds
Optimal objective  2.968120198e+03
Gurobi Optimizer version 9.0.0 build v9.0.0rc2 (linux64)
Optimize a model with 116 rows, 1025 columns and 8534 nonzeros
Coefficient statistics:
  Matrix range     [2e-03, 6e+03]
  Objective range  [1e+00, 1e+03]
  Bounds range     [1e+00, 1e+00]
  RHS range        [1e+00, 1e+02]
Iteration    Objective       Primal Inf.    Dual Inf.      Time
       0    2.9681202e+03   3.977439e-01   0.000000e+00      0s
       5    2.9743084e+03   0.000000e+00   0.000000e+00      0s

Solved in 5 iterations and 0.00 seconds
Optimal objective  2.974308362e+03
Gurobi Optimizer version 9.0.0 build v9.0.0rc2 (linux64)
Optimize a model with 118 rows, 1025 columns and 8908 nonzeros
Coefficient statistics:
  Matrix range     [2e-03, 6e+03]
  Objective range  [1e+00, 1e+03]
  Bounds range     [1e+00, 1e+00]
  RHS range        [1e+00, 1e+02]
Iteration    Objective       Primal Inf.    Dual Inf.      Time
       0    2.9743084e+03   2.383914e-01   0.000000e+00      0s
       2    2.9743951e+03   0.000000e+00   0.000000e+00      0s

Solved in 2 iterations and 0.00 seconds
Optimal objective  2.974395076e+03
Gurobi Optimizer version 9.0.0 build v9.0.0rc2 (linux64)
Optimize a model with 120 rows, 1025 columns and 9256 nonzeros
Coefficient statistics:
  Matrix range     [2e-03, 6e+03]
  Objective range  [1e+00, 1e+03]
  Bounds range     [1e+00, 1e+00]
  RHS range        [1e+00, 1e+02]
Iteration    Objective       Primal Inf.    Dual Inf.      Time
       0    2.9743951e+03   4.030258e-02   0.000000e+00      0s
       5    2.9745858e+03   0.000000e+00   0.000000e+00      0s

Solved in 5 iterations and 0.00 seconds
Optimal objective  2.974585797e+03
Gurobi Optimizer version 9.0.0 build v9.0.0rc2 (linux64)
Optimize a model with 122 rows, 1025 columns and 9574 nonzeros
Coefficient statistics:
  Matrix range     [2e-03, 6e+03]
  Objective range  [1e+00, 1e+03]
  Bounds range     [1e+00, 1e+00]
  RHS range        [1e+00, 1e+02]
Iteration    Objective       Primal Inf.    Dual Inf.      Time
       0    2.9745858e+03   4.669050e-02   0.000000e+00      0s
       6    2.9747459e+03   0.000000e+00   0.000000e+00      0s

Solved in 6 iterations and 0.00 seconds
Optimal objective  2.974745861e+03
Gurobi Optimizer version 9.0.0 build v9.0.0rc2 (linux64)
Optimize a model with 124 rows, 1025 columns and 9858 nonzeros
Coefficient statistics:
  Matrix range     [2e-03, 6e+03]
  Objective range  [1e+00, 1e+03]
  Bounds range     [1e+00, 1e+00]
  RHS range        [1e+00, 1e+02]
Iteration    Objective       Primal Inf.    Dual Inf.      Time
       0    2.9747459e+03   4.203338e-02   0.000000e+00      0s
       3    2.9748306e+03   0.000000e+00   0.000000e+00      0s

Solved in 3 iterations and 0.00 seconds
Optimal objective  2.974830617e+03
Gurobi Optimizer version 9.0.0 build v9.0.0rc2 (linux64)
Optimize a model with 126 rows, 1025 columns and 10159 nonzeros
Coefficient statistics:
  Matrix range     [2e-03, 6e+03]
  Objective range  [1e+00, 1e+03]
  Bounds range     [1e+00, 1e+00]
  RHS range        [1e+00, 1e+02]
Iteration    Objective       Primal Inf.    Dual Inf.      Time
       0    2.9748306e+03   5.749100e-02   0.000000e+00      0s
       9    2.9752596e+03   0.000000e+00   0.000000e+00      0s

Solved in 9 iterations and 0.00 seconds
Optimal objective  2.975259608e+03
Gurobi Optimizer version 9.0.0 build v9.0.0rc2 (linux64)
Optimize a model with 128 rows, 1025 columns and 10431 nonzeros
Coefficient statistics:
  Matrix range     [2e-03, 6e+03]
  Objective range  [1e+00, 1e+03]
  Bounds range     [1e+00, 1e+00]
  RHS range        [1e+00, 1e+02]
Iteration    Objective       Primal Inf.    Dual Inf.      Time
       0    2.9752596e+03   1.503903e-02   0.000000e+00      0s
       4    2.9753291e+03   0.000000e+00   0.000000e+00      0s

Solved in 4 iterations and 0.00 seconds
Optimal objective  2.975329113e+03
Gurobi Optimizer version 9.0.0 build v9.0.0rc2 (linux64)
Optimize a model with 130 rows, 1025 columns and 10720 nonzeros
Coefficient statistics:
  Matrix range     [2e-03, 6e+03]
  Objective range  [1e+00, 1e+03]
  Bounds range     [1e+00, 1e+00]
  RHS range        [1e+00, 1e+02]
Iteration    Objective       Primal Inf.    Dual Inf.      Time
       0    2.9753291e+03   7.703631e-03   0.000000e+00      0s
       7    2.9754061e+03   0.000000e+00   0.000000e+00      0s

Solved in 7 iterations and 0.00 seconds
Optimal objective  2.975406064e+03
Gurobi Optimizer version 9.0.0 build v9.0.0rc2 (linux64)
Optimize a model with 132 rows, 1025 columns and 10997 nonzeros
Coefficient statistics:
  Matrix range     [2e-03, 6e+03]
  Objective range  [1e+00, 1e+03]
  Bounds range     [1e+00, 1e+00]
  RHS range        [1e+00, 1e+02]
Iteration    Objective       Primal Inf.    Dual Inf.      Time
       0    2.9754061e+03   3.171037e-03   0.000000e+00      0s
       5    2.9754356e+03   0.000000e+00   0.000000e+00      0s

Solved in 5 iterations and 0.00 seconds
Optimal objective  2.975435559e+03
Gurobi Optimizer version 9.0.0 build v9.0.0rc2 (linux64)
Optimize a model with 134 rows, 1025 columns and 11214 nonzeros
Coefficient statistics:
  Matrix range     [2e-03, 6e+03]
  Objective range  [1e+00, 1e+03]
  Bounds range     [1e+00, 1e+00]
  RHS range        [1e+00, 1e+02]
Iteration    Objective       Primal Inf.    Dual Inf.      Time
       0    2.9754356e+03   5.480404e-03   0.000000e+00      0s
       2    2.9754455e+03   0.000000e+00   0.000000e+00      0s

Solved in 2 iterations and 0.00 seconds
Optimal objective  2.975445502e+03
Gurobi Optimizer version 9.0.0 build v9.0.0rc2 (linux64)
Optimize a model with 136 rows, 1025 columns and 11408 nonzeros
Coefficient statistics:
  Matrix range     [2e-03, 6e+03]
  Objective range  [1e+00, 1e+03]
  Bounds range     [1e+00, 1e+00]
  RHS range        [1e+00, 1e+02]
Iteration    Objective       Primal Inf.    Dual Inf.      Time
       0    2.9754455e+03   5.264975e-03   0.000000e+00      0s
       5    2.9754642e+03   0.000000e+00   0.000000e+00      0s

Solved in 5 iterations and 0.00 seconds
Optimal objective  2.975464174e+03
Gurobi Optimizer version 9.0.0 build v9.0.0rc2 (linux64)
Optimize a model with 138 rows, 1025 columns and 11590 nonzeros
Coefficient statistics:
  Matrix range     [2e-03, 6e+03]
  Objective range  [1e+00, 1e+03]
  Bounds range     [1e+00, 1e+00]
  RHS range        [1e+00, 1e+02]
Iteration    Objective       Primal Inf.    Dual Inf.      Time
       0    2.9754642e+03   1.374496e-03   0.000000e+00      0s
       1    2.9754644e+03   0.000000e+00   0.000000e+00      0s

Solved in 1 iterations and 0.00 seconds
Optimal objective  2.975464361e+03
Gurobi Optimizer version 9.0.0 build v9.0.0rc2 (linux64)
Optimize a model with 140 rows, 1025 columns and 11782 nonzeros
Coefficient statistics:
  Matrix range     [2e-03, 6e+03]
  Objective range  [1e+00, 1e+03]
  Bounds range     [1e+00, 1e+00]
  RHS range        [1e+00, 1e+02]
Iteration    Objective       Primal Inf.    Dual Inf.      Time
       0    2.9754644e+03   1.569227e-03   0.000000e+00      0s
       2    2.9754644e+03   0.000000e+00   0.000000e+00      0s

Solved in 2 iterations and 0.00 seconds
Optimal objective  2.975464361e+03
Gurobi Optimizer version 9.0.0 build v9.0.0rc2 (linux64)
Optimize a model with 142 rows, 1025 columns and 11943 nonzeros
Coefficient statistics:
  Matrix range     [2e-03, 6e+03]
  Objective range  [1e+00, 1e+03]
  Bounds range     [1e+00, 1e+00]
  RHS range        [1e+00, 1e+02]
Iteration    Objective       Primal Inf.    Dual Inf.      Time
       0    2.9754644e+03   1.961624e-03   0.000000e+00      0s
       6    2.9754766e+03   0.000000e+00   0.000000e+00      0s

Solved in 6 iterations and 0.00 seconds
Optimal objective  2.975476606e+03
Gurobi Optimizer version 9.0.0 build v9.0.0rc2 (linux64)
Optimize a model with 144 rows, 1025 columns and 12087 nonzeros
Coefficient statistics:
  Matrix range     [2e-03, 6e+03]
  Objective range  [1e+00, 1e+03]
  Bounds range     [1e+00, 1e+00]
  RHS range        [1e+00, 1e+02]
Iteration    Objective       Primal Inf.    Dual Inf.      Time
       0    2.9754766e+03   1.216980e-03   0.000000e+00      0s
       3    2.9754857e+03   0.000000e+00   0.000000e+00      0s

Solved in 3 iterations and 0.00 seconds
Optimal objective  2.975485666e+03
Gurobi Optimizer version 9.0.0 build v9.0.0rc2 (linux64)
Optimize a model with 146 rows, 1025 columns and 12231 nonzeros
Coefficient statistics:
  Matrix range     [2e-03, 6e+03]
  Objective range  [1e+00, 1e+03]
  Bounds range     [1e+00, 1e+00]
  RHS range        [1e+00, 1e+02]
Iteration    Objective       Primal Inf.    Dual Inf.      Time
       0    2.9754857e+03   9.027578e-04   0.000000e+00      0s
       4    2.9754894e+03   0.000000e+00   0.000000e+00      0s

Solved in 4 iterations and 0.00 seconds
Optimal objective  2.975489367e+03
Gurobi Optimizer version 9.0.0 build v9.0.0rc2 (linux64)
Optimize a model with 148 rows, 1025 columns and 12375 nonzeros
Coefficient statistics:
  Matrix range     [2e-03, 6e+03]
  Objective range  [1e+00, 1e+03]
  Bounds range     [1e+00, 1e+00]
  RHS range        [1e+00, 1e+02]
Iteration    Objective       Primal Inf.    Dual Inf.      Time
       0    2.9754894e+03   1.195725e-04   0.000000e+00      0s
       1    2.9754901e+03   0.000000e+00   0.000000e+00      0s

Solved in 1 iterations and 0.00 seconds
Optimal objective  2.975490129e+03
Gurobi Optimizer version 9.0.0 build v9.0.0rc2 (linux64)
Optimize a model with 150 rows, 1025 columns and 12519 nonzeros
Coefficient statistics:
  Matrix range     [2e-03, 6e+03]
  Objective range  [1e+00, 1e+03]
  Bounds range     [1e+00, 1e+00]
  RHS range        [1e+00, 1e+02]
Iteration    Objective       Primal Inf.    Dual Inf.      Time
       0    2.9754901e+03   0.000000e+00   0.000000e+00      0s

Solved in 0 iterations and 0.00 seconds
Optimal objective  2.975490129e+03
Gurobi Optimizer version 9.0.0 build v9.0.0rc2 (linux64)
Optimize a model with 152 rows, 1025 columns and 12662 nonzeros
Coefficient statistics:
  Matrix range     [2e-03, 6e+03]
  Objective range  [1e+00, 1e+03]
  Bounds range     [1e+00, 1e+00]
  RHS range        [1e+00, 1e+02]
Iteration    Objective       Primal Inf.    Dual Inf.      Time
       0    2.9754901e+03   0.000000e+00   0.000000e+00      0s

Solved in 0 iterations and 0.00 seconds
Optimal objective  2.975490129e+03
Gurobi Optimizer version 9.0.0 build v9.0.0rc2 (linux64)
Optimize a model with 154 rows, 1025 columns and 12805 nonzeros
Coefficient statistics:
  Matrix range     [2e-03, 6e+03]
  Objective range  [1e+00, 1e+03]
  Bounds range     [1e+00, 1e+00]
  RHS range        [1e+00, 1e+02]
Iteration    Objective       Primal Inf.    Dual Inf.      Time
       0    2.9754901e+03   0.000000e+00   0.000000e+00      0s

Solved in 0 iterations and 0.00 seconds
Optimal objective  2.975490129e+03
====>>> FISCHETTI GIVES: 
====>>> total time of solving dual problem: 60.491
====>>> nb of subtour cuts added: 57
====>>> nb of user cuts added: 33
====>>> optimal: 2975.49
====>>> Total time of Fischetti_method: 60.5197
Gurobi Optimizer version 9.0.0 build v9.0.0rc2 (linux64)
Optimize a model with 154 rows, 1025 columns and 12805 nonzeros
Model fingerprint: 0xee71a4d7
Variable types: 1 continuous, 1024 integer (0 binary)
Coefficient statistics:
  Matrix range     [2e-03, 6e+03]
  Objective range  [1e+00, 1e+03]
  Bounds range     [1e+00, 1e+00]
  RHS range        [1e+00, 1e+02]
Presolve removed 35 rows and 93 columns
Presolve time: 0.03s
Presolved: 119 rows, 932 columns, 12045 nonzeros
Variable types: 1 continuous, 931 integer (930 binary)

Root relaxation: objective 2.993469e+03, 135 iterations, 0.00 seconds

    Nodes    |    Current Node    |     Objective Bounds      |     Work
 Expl Unexpl |  Obj  Depth IntInf | Incumbent    BestBd   Gap | It/Node Time

     0     0 2993.46938    0   63          - 2993.46938      -     -    0s
     0     0 3007.20928    0   66          - 3007.20928      -     -    0s
     0     0 3007.88062    0   66          - 3007.88062      -     -    0s
     0     0 3008.39859    0   66          - 3008.39859      -     -    0s
     0     0 3008.44972    0   66          - 3008.44972      -     -    0s
     0     0 3010.96461    0   75          - 3010.96461      -     -    0s
     0     0 3011.09146    0   74          - 3011.09146      -     -    0s
     0     0 3015.66509    0   73          - 3015.66509      -     -    0s
     0     0 3015.73477    0   73          - 3015.73477      -     -    0s
     0     0 3015.99797    0   74          - 3015.99797      -     -    0s
     0     0 3016.05589    0   73          - 3016.05589      -     -    0s
     0     0 3016.06591    0   74          - 3016.06591      -     -    0s
     0     0 3016.10157    0   71          - 3016.10157      -     -    0s
     0     0 3016.10157    0   62          - 3016.10157      -     -    0s
     0     2 3028.31889    0   76          - 3028.31889      -     -    0s
* 1894  1714             130    4139.8053545 3028.38208  26.8%   7.5    0s
H 1970  1617                    3911.7554504 3028.38208  22.6%   7.7    1s
  6797  4015 3233.05381  105   61 3911.75545 3061.03682  21.7%   8.3    5s
 17336 12533     cutoff   51      3911.75545 3133.26247  19.9%   7.9   10s
 25243 18226 3792.46766  118    5 3911.75545 3142.49491  19.7%   8.2   15s
 33408 24968 3272.62409   34   29 3911.75545 3151.08109  19.4%   8.0   20s
 41622 31921 3904.94997   89    9 3911.75545 3159.37830  19.2%   7.9   25s
 46576 35182     cutoff  113      3911.75545 3161.91831  19.2%   7.8   31s
 49160 38269 3452.34212   34   41 3911.75545 3163.57853  19.1%   7.8   35s
 54295 42360 3829.65891   56   13 3911.75545 3166.72179  19.0%   7.8   40s
 59820 46321 3904.60255  124    - 3911.75545 3171.03709  18.9%   7.8   46s
 63529 48988     cutoff   50      3911.75545 3173.07502  18.9%   7.8   51s
 67260 52277 3591.54021  124    9 3911.75545 3174.44406  18.8%   7.8   56s
 69048 52779 3489.72517   42   62 3911.75545 3175.10622  18.8%   7.9  141s
 69050 52780 3432.11100   76   77 3911.75545 3175.10622  18.8%   7.9  148s
 69051 52781 3392.72771   45   78 3911.75545 3175.10622  18.8%   7.9  150s
 69058 52786 3856.56476   45   79 3911.75545 3175.10622  18.8%   7.9  157s
 69060 52787 3642.74882   54   79 3911.75545 3175.10622  18.8%   7.9  160s
 69061 52788 3611.73543   65   79 3911.75545 3175.10622  18.8%   7.9  229s
 69062 52791 3175.10622   29   61 3911.75545 3175.10622  18.8%   7.9  232s
 69068 52801 3175.10622   31   75 3911.75545 3175.10622  18.8%   7.9  235s
 69194 52893 3175.10622   36   55 3911.75545 3175.10622  18.8%   7.9  240s
 69828 53254 3762.68236   63   29 3911.75545 3175.10622  18.8%   7.9  245s
 70947 53828 3234.90339   42   27 3911.75545 3175.10622  18.8%   7.9  250s
 72437 54455 3418.59367  156   19 3911.75545 3175.10622  18.8%   8.0  255s
 73926 55236 3839.72012  112   36 3911.75545 3175.10622  18.8%   8.0  260s
 76347 56574 3587.70532   72   27 3911.75545 3175.10622  18.8%   8.0  265s
 79183 58020 3706.84965   93   27 3911.75545 3175.10622  18.8%   8.0  270s
 82205 59099 3510.23434  279   16 3911.75545 3175.10622  18.8%   7.9  277s
 82853 60172 3381.47088   64   45 3911.75545 3175.10622  18.8%   7.9  280s
 85323 61232     cutoff  170      3911.75545 3175.10622  18.8%   7.9  286s
 86505 61943 3388.75290   62   31 3911.75545 3175.10622  18.8%   7.9  290s
 88554 62939 3727.06234  112   17 3911.75545 3175.10622  18.8%   7.9  296s
 90615 63936     cutoff  117      3911.75545 3175.10622  18.8%   7.9  300s
 91512 64712 3445.26282   87   30 3911.75545 3175.10622  18.8%   7.9  305s
 95175 66530 3197.88685   38   32 3911.75545 3175.10622  18.8%   7.9  311s
 97570 68004 3869.81643   69   15 3911.75545 3175.10622  18.8%   7.8  315s
 99623 68584 3355.39418   65   30 3911.75545 3175.10622  18.8%   7.9  321s
 101530 69507     cutoff   97      3911.75545 3175.10622  18.8%   7.9  326s
 103928 70978 3461.41784   89   55 3911.75545 3175.10622  18.8%   7.9  330s
 107811 72973 3821.72954  152   24 3911.75545 3175.10622  18.8%   7.9  337s
 109215 73185     cutoff  168      3911.75545 3175.10622  18.8%   7.9  340s
 110860 73942     cutoff   60      3911.75545 3175.10622  18.8%   7.9  345s
 113133 75297 3695.78731  126   21 3911.75545 3175.10622  18.8%   7.9  350s
 115881 76898 3575.29458  165   37 3911.75545 3175.10622  18.8%   7.9  355s
 118477 77666     cutoff  207      3911.75545 3175.10622  18.8%   7.9  360s
 120174 78632     cutoff   95      3911.75545 3175.10622  18.8%   7.9  366s
 122531 79926 3673.31423  219   11 3911.75545 3175.10622  18.8%   7.9  371s
 125007 81200     cutoff  138      3911.75545 3177.44562  18.8%   7.9  375s
 127720 82750     cutoff  226      3911.75545 3178.50312  18.7%   7.9  380s
 131744 84693     cutoff  192      3911.75545 3181.01318  18.7%   7.8  386s
 134338 86155 3707.49677  130   34 3911.75545 3182.36151  18.6%   7.8  390s
 136898 87645 3524.80736  138   46 3911.75545 3183.52128  18.6%   7.7  395s
 140464 89503 infeasible  145      3911.75545 3184.87268  18.6%   7.7  401s
 142743 90524 3596.82637  134   39 3911.75545 3185.56471  18.6%   7.7  406s
 144835 91190     cutoff  264      3911.75545 3186.56689  18.5%   7.7  412s
 145688 91603 3614.25481   66    4 3911.75545 3187.27249  18.5%   7.7  415s
 149112 93613 3773.31790  118   38 3911.75545 3188.72376  18.5%   7.7  422s
 151596 94322 3743.89372  160   40 3911.75545 3189.63085  18.5%   7.6  428s
 152200 94819 3578.85003   44   12 3911.75545 3190.76437  18.4%   7.7  431s
 153097 95474 3754.71954   69    8 3911.75545 3190.76437  18.4%   7.7  435s
 156407 97172     cutoff  132      3911.75545 3192.05156  18.4%   7.7  442s
 158671 98319     cutoff  215      3911.75545 3192.66615  18.4%   7.7  447s
 161315 99680 infeasible  190      3911.75545 3194.22316  18.3%   7.6  452s
 162467 100589     cutoff  109      3911.75545 3194.50482  18.3%   7.6  455s
 166107 102308 3608.54388  181   32 3911.75545 3195.82611  18.3%   7.6  461s
 168568 103554 3824.53450  125   10 3911.75545 3196.82006  18.3%   7.6  467s
 170770 104774 3426.03258  138   37 3911.75545 3197.43644  18.3%   7.6  472s
 173134 106091     cutoff  241      3911.75545 3198.24817  18.2%   7.6  477s
 174453 105672 3624.43747  131   21 3911.75545 3198.26537  18.2%   7.6  482s
 174471 106617 3635.84282  132   20 3911.75545 3198.52308  18.2%   7.6  485s
 178161 108615     cutoff  180      3911.75545 3199.76617  18.2%   7.6  492s
 179350 109353 3703.17806  136   31 3911.75545 3200.01689  18.2%   7.5  495s
 182797 110975     cutoff  108      3911.75545 3201.46466  18.2%   7.5  502s
 183925 111053 3546.34599  129   53 3911.75545 3201.50143  18.2%   7.5  505s
 186105 112119     cutoff  110      3911.75545 3202.19556  18.1%   7.5  511s
 188015 112806     cutoff   65      3911.75545 3202.61807  18.1%   7.5  518s
 188576 113274 3346.47699   58   27 3911.75545 3203.09789  18.1%   7.6  522s
 189317 113670 3375.15941   75   33 3911.75545 3203.09789  18.1%   7.6  526s
 190180 114283 3854.16871   99   19 3911.75545 3203.11611  18.1%   7.6  530s
 192152 114566 infeasible  138      3911.75545 3203.97307  18.1%   7.6  538s
 192855 114754 3885.82187   73    8 3911.75545 3204.14829  18.1%   7.6  542s
 193644 115165 3671.55727  104   29 3911.75545 3204.14829  18.1%   7.6  545s
 194682 116012     cutoff  133      3911.75545 3204.18467  18.1%   7.6  550s
 197344 117311     cutoff  123      3911.75545 3205.36050  18.1%   7.6  556s
 200006 118738 3613.18363  135    6 3911.75545 3206.47476  18.0%   7.6  563s
 201403 119413 3850.44155  142   14 3911.75545 3207.03271  18.0%   7.6  566s
 204111 120200     cutoff  132      3911.75545 3207.72318  18.0%   7.6  572s
 205136 121000 3677.54447   95   51 3911.75545 3208.10868  18.0%   7.6  576s
 207772 121944 3447.82455  146   20 3911.75545 3208.89227  18.0%   7.6  583s
 208670 122468 3730.08332  179   21 3911.75545 3209.40299  18.0%   7.6  588s
 209720 123209 3741.59324  115    4 3911.75545 3209.72840  17.9%   7.6  591s
 212102 124135 3274.35323   40   32 3911.75545 3210.26508  17.9%   7.6  598s
 213114 124479 3734.34427   71   27 3911.75545 3210.51905  17.9%   7.6  602s
 214021 124931 3847.10899   88   17 3911.75545 3211.15631  17.9%   7.6  606s
 215069 125507 3355.41344   47   37 3911.75545 3211.41308  17.9%   7.6  610s
 217367 126241     cutoff  104      3911.75545 3212.02299  17.9%   7.6  617s
 218280 126395 3726.89150   84   11 3911.75545 3212.66828  17.9%   7.6  622s
 218939 126779     cutoff  103      3911.75545 3213.05736  17.9%   7.6  628s
 219776 127289     cutoff  146      3911.75545 3213.12988  17.9%   7.7  634s
 220847 127862 3782.77789  134   29 3911.75545 3213.32186  17.9%   7.7  638s
 221976 128210 3712.87749  169   33 3911.75545 3213.66450  17.8%   7.7  643s
 223007 128898     cutoff  201      3911.75545 3213.94763  17.8%   7.7  647s
 224312 129688 3875.14954   73   26 3911.75545 3214.42620  17.8%   7.7  652s
 225752 130050 3633.38167   79   12 3911.75545 3214.81807  17.8%   7.7  657s
 226917 130163 3759.37186   81   25 3911.75545 3215.06320  17.8%   7.7  663s
 227550 130580 3868.94393   66    4 3911.75545 3215.34635  17.8%   7.7  668s
 228456 131207 3658.25605   93   25 3911.75545 3215.34635  17.8%   7.7  673s
 229469 132150 3728.88463  121   30 3911.75545 3215.39348  17.8%   7.7  679s
 230705 133349 3470.36378   77   48 3911.75545 3215.78610  17.8%   7.7  683s
 232141 134097     cutoff  176      3911.75545 3216.09015  17.8%   7.7  687s
 233238 135066     cutoff   72      3911.75545 3216.55054  17.8%   7.7  691s
 234414 136388     cutoff  102      3911.75545 3216.89936  17.8%   7.7  696s
 235943 137520     cutoff  112      3911.75545 3217.40698  17.8%   7.7  700s
 238356 139462     cutoff   97      3911.75545 3218.18048  17.7%   7.7  707s
 239732 140455     cutoff  137      3911.75545 3218.56106  17.7%   7.7  711s
 240906 141608 3786.00083  152   30 3911.75545 3218.74103  17.7%   7.7  716s
 243375 143198 3586.44249  125   30 3911.75545 3219.28631  17.7%   7.7  724s
 244354 144383 3777.53110   70   27 3911.75545 3219.51053  17.7%   7.7  729s
 245694 145429 3800.27547  104   36 3911.75545 3219.74990  17.7%   7.7  736s
 246918 145453 3879.80427  155   10 3911.75545 3219.93599  17.7%   7.7  747s
 246954 146445 3883.36107  156   12 3911.75545 3219.98976  17.7%   7.7  752s
 248133 147281     cutoff  159      3911.75545 3220.15462  17.7%   7.7  757s
 249273 148233 3902.62584  153    8 3911.75545 3220.41459  17.7%   7.7  761s
 250433 149310     cutoff  157      3911.75545 3220.79374  17.7%   7.7  765s
 251732 150235 3253.41089   43   21 3911.75545 3220.90595  17.7%   7.7  770s
 254258 152524     cutoff  102      3911.75545 3221.74620  17.6%   7.6  778s
 255595 153402 3627.87333  134   41 3911.75545 3221.94385  17.6%   7.6  782s
 256710 154005     cutoff  206      3911.75545 3222.31971  17.6%   7.6  786s
 257658 154598 3786.07988   89   30 3911.75545 3222.63116  17.6%   7.6  791s
 258476 154639 3822.97461   94   23 3911.75545 3222.98112  17.6%   7.6  800s
 258500 155351     cutoff   95      3911.75545 3223.02704  17.6%   7.6  806s
 259461 156302 3734.53569  127   27 3911.75545 3223.16474  17.6%   7.7  810s
 260629 157082     cutoff  111      3911.75545 3223.49042  17.6%   7.7  815s
 262937 159156 infeasible  162      3911.75545 3223.92029  17.6%   7.6  824s
 264047 160248     cutoff   58      3911.75545 3224.10858  17.6%   7.7  828s
 265317 161274 3736.91392  124   56 3911.75545 3224.12595  17.6%   7.6  833s
 266545 162219 3429.43429   58    6 3911.75545 3224.36755  17.6%   7.6  839s
 267642 162640     cutoff  115      3911.75545 3224.38147  17.6%   7.6  844s
 268457 163671     cutoff   78      3911.75545 3224.63047  17.6%   7.7  848s
 269665 164748 3902.53810  105    4 3911.75545 3224.89533  17.6%   7.7  852s
 271006 165610 3723.05921  125   23 3911.75545 3225.13071  17.6%   7.7  857s
 272108 166723 3872.33718  129    6 3911.75545 3225.30153  17.5%   7.7  862s
 273364 167741 3897.10743  134    - 3911.75545 3225.63224  17.5%   7.7  868s
 274647 168757 3665.87152   94   10 3911.75545 3225.86330  17.5%   7.7  873s
 275820 169354 3662.64683  122   30 3911.75545 3225.99414  17.5%   7.6  877s
 276794 169739     cutoff  136      3911.75545 3226.31994  17.5%   7.6  880s
 277253 170931 3361.31761   60   57 3911.75545 3226.38861  17.5%   7.6  885s
 278591 171796 3485.69475   77   38 3911.75545 3226.73337  17.5%   7.6  892s
 279636 172674     cutoff  162      3911.75545 3226.79042  17.5%   7.7  898s
 280703 173466 3322.41872   49   51 3911.75545 3226.81233  17.5%   7.7  903s
 281834 174475 3318.48709   39   36 3911.75545 3227.15673  17.5%   7.7  908s
 283030 175573 3358.68579   45   39 3911.75545 3227.36998  17.5%   7.7  912s
 284341 176718     cutoff  104      3911.75545 3227.57508  17.5%   7.7  917s
 285656 177808     cutoff  117      3911.75545 3227.83703  17.5%   7.7  923s
 287026 178319     cutoff  105      3911.75545 3227.99193  17.5%   7.6  929s
 287922 179404 3808.09215   70   11 3911.75545 3228.22647  17.5%   7.6  934s
 289195 180563     cutoff  109      3911.75545 3228.46966  17.5%   7.6  939s
 290476 181677     cutoff  122      3911.75545 3228.66910  17.5%   7.6  943s
 291762 182800 3741.08641  139   57 3911.75545 3228.85159  17.5%   7.6  948s
 293014 183832 3687.32293  144   12 3911.75545 3229.00630  17.5%   7.6  952s
 294290 184859     cutoff  166      3911.75545 3229.31143  17.4%   7.6  956s
 295529 185851 3606.40608  103   32 3911.75545 3229.59325  17.4%   7.6  961s
 296731 186856     cutoff  137      3911.75545 3229.77026  17.4%   7.6  967s
 297891 187903     cutoff   84      3911.75545 3229.95734  17.4%   7.6  973s
 299073 188545 3838.54647  182   21 3911.75545 3230.10458  17.4%   7.6  979s
 300182 189660 3548.40044   67   31 3911.75545 3230.17644  17.4%   7.6  983s
 301478 190826 3875.76749  112   19 3911.75545 3230.61817  17.4%   7.6  988s
 302762 191909 3551.89638  132   54 3911.75545 3230.65008  17.4%   7.6  993s
 304006 192843     cutoff  200      3911.75545 3230.85171  17.4%   7.6  998s
 305245 193892 3540.14995  121   40 3911.75545 3231.17831  17.4%   7.6 1002s
 306442 194858 3546.45576   73   17 3911.75545 3231.31228  17.4%   7.6 1007s
 307576 195906 3439.43720   56   16 3911.75545 3231.44036  17.4%   7.6 1011s
 308799 196988 3855.43597  107   16 3911.75545 3231.70128  17.4%   7.6 1015s
 310012 197495     cutoff  159      3911.75545 3231.82582  17.4%   7.6 1021s
 310774 198295 3818.14069   78   23 3911.75545 3232.08646  17.4%   7.6 1025s
 311867 199292 3875.44158  116    - 3911.75545 3232.21073  17.4%   7.6 1030s
 313030 199832     cutoff  116      3911.75545 3232.35649  17.4%   7.6 1036s
 313917 199962     cutoff   85      3911.75545 3232.49072  17.4%   7.6 1052s
 313995 200609 3795.17597   84   34 3911.75545 3232.53867  17.4%   7.6 1058s
 314894 201724 3488.17477   95   41 3911.75545 3232.74276  17.4%   7.6 1064s
 316273 202887     cutoff   60      3911.75545 3232.99008  17.4%   7.6 1069s
 317648 203838 3588.37632  149    6 3911.75545 3233.32733  17.3%   7.6 1074s
 318848 205025     cutoff  150      3911.75545 3233.55579  17.3%   7.6 1081s
 320128 206089     cutoff  165      3911.75545 3233.67602  17.3%   7.6 1087s
 321435 206596     cutoff   87      3911.75545 3233.85830  17.3%   7.6 1093s
 322271 207728 3407.05629   57   46 3911.75545 3234.06302  17.3%   7.6 1099s
 323550 208500 3382.34620   48   35 3911.75545 3234.16345  17.3%   7.6 1105s
 324535 209438     cutoff  135      3911.75545 3234.27540  17.3%   7.6 1112s
 325562 210410     cutoff  110      3911.75545 3234.31839  17.3%   7.6 1118s
 326744 211297 3679.46823   91   12 3911.75545 3234.49461  17.3%   7.6 1124s
 327954 212234 3727.49675  137   23 3911.75545 3234.57313  17.3%   7.6 1131s
 329045 213363     cutoff  165      3911.75545 3234.85204  17.3%   7.6 1136s
 330375 213873     cutoff   68      3911.75545 3235.00879  17.3%   7.6 1145s
 331030 214413     cutoff   65      3911.75545 3235.18306  17.3%   7.6 1153s
 331944 215200 3623.53850   90   11 3911.75545 3235.18306  17.3%   7.6 1161s
 333066 215950 3554.36718  118   34 3911.75545 3235.18306  17.3%   7.6 1169s
 333961 216882 3629.69190  142   50 3911.75545 3235.41788  17.3%   7.6 1178s
 335180 217927     cutoff  156      3911.75545 3235.65400  17.3%   7.6 1186s
 336433 219137     cutoff  119      3911.75545 3235.92080  17.3%   7.6 1192s
 337928 220186 3886.54460  118   21 3911.75545 3236.05268  17.3%   7.6 1199s
 339121 221282 infeasible  134      3911.75545 3236.23429  17.3%   7.6 1205s
 340479 222473 3905.24689  103   29 3911.75545 3236.57067  17.3%   7.6 1212s
 341896 223536 3845.39991  105   10 3911.75545 3236.69851  17.3%   7.6 1218s
 343208 224124 3905.37351  128   10 3911.75545 3237.00441  17.2%   7.6 1226s
 344012 224789     cutoff   93      3911.75545 3237.14614  17.2%   7.6 1233s
 344942 225652 3660.93981  111    9 3911.75545 3237.14959  17.2%   7.6 1239s
 346067 226409     cutoff  150      3911.75545 3237.26982  17.2%   7.6 1246s
 347126 227574 3536.54422   82   31 3911.75545 3237.46230  17.2%   7.6 1251s
 348469 228760     cutoff  151      3911.75545 3237.61923  17.2%   7.6 1256s
 349892 229970     cutoff  121      3911.75545 3237.73263  17.2%   7.6 1260s
 351293 230726 3788.55636  137   44 3911.75545 3237.96549  17.2%   7.6 1266s
 352354 231583 3857.54444   61    8 3911.75545 3238.22539  17.2%   7.6 1271s
 353496 232805     cutoff  129      3911.75545 3238.35223  17.2%   7.6 1276s
 354859 233698     cutoff  126      3911.75545 3238.52266  17.2%   7.6 1281s
 355939 234973 3533.46037   82   44 3911.75545 3238.75249  17.2%   7.6 1286s
 357400 236076     cutoff  203      3911.75545 3238.89620  17.2%   7.6 1293s
 358675 237198     cutoff  136      3911.75545 3239.00994  17.2%   7.6 1298s
 360039 238118     cutoff  135      3911.75545 3239.20751  17.2%   7.6 1303s
 361152 239200 3456.55598   55   41 3911.75545 3239.49668  17.2%   7.6 1309s
 362354 240216     cutoff  166      3911.75545 3239.53937  17.2%   7.6 1314s
 363612 240917 3319.67864   49   40 3911.75545 3239.67386  17.2%   7.6 1321s
 364480 241798     cutoff  150      3911.75545 3239.70119  17.2%   7.6 1329s
 365545 242841     cutoff  107      3911.75545 3239.81316  17.2%   7.6 1336s
 366765 243599 3783.32885  176    4 3911.75545 3239.88947  17.2%   7.6 1343s
 367790 244208 3905.36437   51   20 3911.75545 3239.96386  17.2%   7.6 1350s
 368707 245539 3586.47792   62   14 3911.75545 3240.12946  17.2%   7.6 1356s
 370181 246527 3889.80290  116    - 3911.75545 3240.15915  17.2%   7.6 1362s
 371411 247594 3852.22599  134   23 3911.75545 3240.39201  17.2%   7.6 1370s
 372592 248604 3829.70885  105   13 3911.75545 3240.49294  17.2%   7.6 1377s
 373837 249362     cutoff  152      3911.75545 3240.52018  17.2%   7.6 1383s
 374898 250329 3894.34054   60   13 3911.75545 3240.72066  17.2%   7.6 1390s
 375995 251549 3682.49695   58   14 3911.75545 3240.90461  17.1%   7.6 1397s
 377409 252739 3740.06145   73   15 3911.75545 3241.01259  17.1%   7.6 1404s
 378785 253549 3517.68340   48   17 3911.75545 3241.24677  17.1%   7.6 1411s
 379779 254338 3277.50068   54   41 3911.75545 3241.31517  17.1%   7.6 1419s
 380831 255575 3896.40936   82    - 3911.75545 3241.46154  17.1%   7.6 1424s
 382252 256731 3617.46425  130   56 3911.75545 3241.63229  17.1%   7.6 1431s
 383559 257704     cutoff  234      3911.75545 3241.82657  17.1%   7.6 1438s
 384733 258420     cutoff  142      3911.75545 3241.97355  17.1%   7.6 1444s
 385689 259512 3880.00728  143   59 3911.75545 3242.07591  17.1%   7.6 1449s
 386596 259535 3894.47676   82    6 3911.75545 3242.14340  17.1%   7.6 1450s
 387014 260823     cutoff  104      3911.75545 3242.21888  17.1%   7.6 1455s
 388445 261769 3368.33055   67   33 3911.75545 3242.30059  17.1%   7.6 1461s
 389573 262689 3663.15196   86   32 3911.75545 3242.42807  17.1%   7.6 1467s
 390735 263173     cutoff  106      3911.75545 3242.54008  17.1%   7.6 1474s
 391583 263239 3787.86436   59   10 3911.75545 3242.64744  17.1%   7.6 1494s
 391602 264191 3832.21882   60   11 3911.75545 3242.65610  17.1%   7.6 1500s
 392871 265247 3614.19340   95   28 3911.75545 3242.77796  17.1%   7.6 1505s
 394126 266364 3645.38160  141   39 3911.75545 3242.95579  17.1%   7.6 1511s
 395415 267488     cutoff  201      3911.75545 3243.11244  17.1%   7.6 1516s
 396704 268570 3768.74432  123   46 3911.75545 3243.25110  17.1%   7.6 1521s
 398036 269183 infeasible   88      3911.75545 3243.48073  17.1%   7.6 1528s
 398988 270119 3905.87280   96    - 3911.75545 3243.68077  17.1%   7.6 1534s
 400201 270861 3667.90232  102   27 3911.75545 3243.84504  17.1%   7.6 1541s
 401140 271969 3903.35729  121   25 3911.75545 3243.94827  17.1%   7.6 1549s
 402459 272941     cutoff  162      3911.75545 3244.09522  17.1%   7.6 1555s
 403616 274028     cutoff  142      3911.75545 3244.23061  17.1%   7.6 1560s
 404950 274804     cutoff  129      3911.75545 3244.37704  17.1%   7.6 1567s
 406017 275412     cutoff  119      3911.75545 3244.60144  17.1%   7.6 1574s
 406993 276344 3477.80009   73   27 3911.75545 3244.70473  17.1%   7.6 1582s
 408076 277472 3338.23787   66   48 3911.75545 3244.89819  17.0%   7.6 1590s
 409326 278420 3753.56669  142   15 3911.75545 3245.01380  17.0%   7.6 1597s
 410487 279616     cutoff  139      3911.75545 3245.24906  17.0%   7.6 1603s
 411881 280771 3476.25398   81   28 3911.75545 3245.40540  17.0%   7.6 1610s
 413224 281103 3849.38830  120   28 3911.75545 3245.52812  17.0%   7.6 1616s
 413631 281887 3811.04072   91   33 3911.75545 3245.58603  17.0%   7.6 1623s
 414837 282920     cutoff  128      3911.75545 3245.79228  17.0%   7.6 1632s
 416025 284038     cutoff  153      3911.75545 3245.98182  17.0%   7.6 1639s
 417322 285450 3871.96532  133   32 3911.75545 3246.12332  17.0%   7.6 1646s
 418869 286400     cutoff  164      3911.75545 3246.29651  17.0%   7.6 1654s
 420063 287420 3866.02510  103   21 3911.75545 3246.49281  17.0%   7.6 1661s
 421300 288553 3352.84009   46   25 3911.75545 3246.71239  17.0%   7.6 1668s
 422568 289569     cutoff  103      3911.75545 3246.84076  17.0%   7.6 1674s
 423752 290528 3681.79849   93   24 3911.75545 3246.94081  17.0%   7.6 1681s
 424859 291734 3534.76957   67    8 3911.75545 3247.12525  17.0%   7.6 1688s
 426216 292795 3840.32829  140    9 3911.75545 3247.15665  17.0%   7.6 1694s
 427498 293421 infeasible  147      3911.75545 3247.35106  17.0%   7.6 1701s
 428410 294417 3567.88310   69   35 3911.75545 3247.45432  17.0%   7.6 1707s
 429667 295335     cutoff  113      3911.75545 3247.58576  17.0%   7.6 1713s
 430783 296298 3700.76836  145   55 3911.75545 3247.68471  17.0%   7.6 1720s
 431942 297385     cutoff  179      3911.75545 3247.86450  17.0%   7.6 1729s
 433165 298480     cutoff  165      3911.75545 3247.91522  17.0%   7.6 1736s
 434462 299583 3603.54842   49   16 3911.75545 3248.10201  17.0%   7.6 1743s
 435773 300528     cutoff  111      3911.75545 3248.21421  17.0%   7.6 1750s
 437011 301011     cutoff   70      3911.75545 3248.36620  17.0%   7.6 1759s
 437765 301711 3562.79125   85   29 3911.75545 3248.36620  17.0%   7.6 1767s
 438705 302906     cutoff  106      3911.75545 3248.36620  17.0%   7.6 1775s
 440109 303885 3748.39613  133   13 3911.75545 3248.36620  17.0%   7.6 1784s
 441259 304858 3784.29985  158   19 3911.75545 3248.75554  16.9%   7.6 1792s
 442499 305844     cutoff  173      3911.75545 3248.89200  16.9%   7.6 1800s
 443584 307054 3726.43243  116    4 3911.75545 3248.99753  16.9%   7.6 1806s
 444996 308142     cutoff  122      3911.75545 3249.12927  16.9%   7.6 1814s
H445034 308142                    3911.7554414 3249.12927  16.9%   7.6 1814s
 446254 309301 3906.72814  164   10 3911.75544 3249.30015  16.9%   7.6 1821s
 447606 309933 3907.84191  165   10 3911.75544 3249.39553  16.9%   7.6 1828s
 448588 310878     cutoff  166      3911.75544 3249.57039  16.9%   7.6 1835s
 449736 311890     cutoff  162      3911.75544 3249.71712  16.9%   7.6 1844s
 450974 313039 3633.81727   83   46 3911.75544 3249.86614  16.9%   7.6 1850s
 452361 313627 3755.97297  119   44 3911.75544 3249.95482  16.9%   7.6 1858s
H452570 313641                    3911.7554047 3249.96684  16.9%   7.6 1858s
 453237 314670 3689.62357   58   36 3911.75540 3250.09257  16.9%   7.6 1864s
 454523 315785 3499.00582   85   40 3911.75540 3250.20057  16.9%   7.6 1872s
 455794 316608     cutoff  142      3911.75540 3250.24040  16.9%   7.6 1880s
 456858 317562     cutoff   99      3911.75540 3250.34787  16.9%   7.6 1886s
 458035 318809 3904.10808   88    - 3911.75540 3250.54344  16.9%   7.6 1893s
 459506 319362     cutoff   89      3911.75540 3250.67969  16.9%   7.6 1901s
 460408 319907 3656.21943   92   35 3911.75540 3250.78022  16.9%   7.6 1911s
 461167 320724 3555.25508   57   19 3911.75540 3250.84810  16.9%   7.6 1920s
 462229 321715     cutoff   86      3911.75540 3250.85051  16.9%   7.6 1927s
 463450 322547 3562.59552   97   30 3911.75540 3250.89510  16.9%   7.6 1935s
 464616 323662     cutoff  170      3911.75540 3251.13894  16.9%   7.6 1941s
 466007 324533     cutoff  139      3911.75540 3251.40943  16.9%   7.6 1950s
 467184 325822     cutoff  126      3911.75540 3251.51595  16.9%   7.6 1958s
 468626 326925     cutoff   82      3911.75540 3251.64708  16.9%   7.6 1966s
 469888 327973     cutoff   80      3911.75540 3251.75223  16.9%   7.6 1973s
 471207 329073 3840.42600  163   31 3911.75540 3251.81231  16.9%   7.6 1979s
 472537 330190     cutoff   95      3911.75540 3251.95304  16.9%   7.6 1985s
 473834 331356     cutoff  148      3911.75540 3252.07699  16.9%   7.6 1993s
 475117 332564 3698.90375  179   21 3911.75540 3252.21189  16.9%   7.6 1999s
 476515 333691 3826.14579  114   58 3911.75540 3252.31320  16.9%   7.6 2005s
 477821 334772     cutoff  147      3911.75540 3252.37925  16.9%   7.6 2012s
 479147 335734     cutoff  101      3911.75540 3252.51148  16.9%   7.5 2018s
 480232 336800 3795.45128  144   15 3911.75540 3252.53780  16.9%   7.5 2026s
 481527 337689     cutoff  108      3911.75540 3252.65230  16.8%   7.5 2033s
 482633 338853 3570.09140   62    8 3911.75540 3252.87629  16.8%   7.5 2042s
 483912 339926 3696.78734   60   13 3911.75540 3252.91316  16.8%   7.5 2050s
 485148 340810 infeasible  113      3911.75540 3252.98680  16.8%   7.5 2059s
 486222 341798 3578.40448   99   20 3911.75540 3253.09365  16.8%   7.5 2067s
 487429 342428 infeasible  146      3911.75540 3253.20357  16.8%   7.5 2078s
 488195 343045 3501.27451   71   29 3911.75540 3253.22856  16.8%   7.5 2089s
 489142 343962     cutoff  101      3911.75540 3253.33399  16.8%   7.6 2098s
 490326 344890     cutoff  118      3911.75540 3253.35069  16.8%   7.6 2105s
 491523 346043 3679.95287  123   28 3911.75540 3253.55985  16.8%   7.6 2111s
 492894 347055     cutoff  185      3911.75540 3253.72657  16.8%   7.6 2119s
 494085 348151 3715.07812   50   25 3911.75540 3253.83520  16.8%   7.5 2126s
 495430 348990 3432.10282   65   22 3911.75540 3254.03155  16.8%   7.5 2136s
 496481 349992     cutoff  152      3911.75540 3254.12673  16.8%   7.6 2149s
 497642 350032 3669.38607  113   39 3911.75540 3254.12673  16.8%   7.6 2164s
 497678 350032 3599.22038  109   35 3911.75540 3254.12673  16.8%   7.6 2165s
 497684 350618 3670.21867  114   37 3911.75540 3254.24613  16.8%   7.6 2175s
 498602 351542 3778.84912  148   38 3911.75540 3254.36568  16.8%   7.6 2185s
 499690 352228 3569.48832  106   28 3911.75540 3254.43893  16.8%   7.6 2195s
 500717 353256 3536.52182   72   36 3911.75540 3254.53150  16.8%   7.6 2205s
 501992 354564     cutoff   95      3911.75540 3254.70614  16.8%   7.6 2213s
 503512 355694 3410.54545   43   40 3911.75540 3254.81318  16.8%   7.6 2222s
 504789 356779 3399.98016   58   32 3911.75540 3254.95292  16.8%   7.6 2231s
 506047 357873     cutoff  134      3911.75540 3255.05884  16.8%   7.6 2241s
 507315 358406 3883.23077   82   12 3911.75540 3255.18402  16.8%   7.6 2250s
 508172 358888     cutoff   98      3911.75540 3255.30213  16.8%   7.6 2261s
 508801 359578 3554.70371   70   36 3911.75540 3255.39524  16.8%   7.6 2272s
 509750 360375 3535.17259   91   32 3911.75540 3255.39524  16.8%   7.6 2281s
 510878 361376 3890.51919  117    - 3911.75540 3255.50276  16.8%   7.6 2290s
 512200 362460 3459.81721   63   15 3911.75540 3255.70806  16.8%   7.6 2299s
 513530 363549     cutoff  125      3911.75540 3255.79107  16.8%   7.6 2307s
 514862 364742 3562.49366  114   38 3911.75540 3255.95057  16.8%   7.6 2315s
 516271 366131     cutoff  192      3911.75540 3256.04172  16.8%   7.6 2322s
 517888 367240     cutoff  112      3911.75540 3256.10421  16.8%   7.6 2330s
 519201 368270 3855.06388  102    9 3911.75540 3256.26834  16.8%   7.6 2338s
 520504 369403 3909.24788  112   10 3911.75540 3256.44231  16.8%   7.6 2349s
 521813 370206 3904.61432   72    4 3911.75540 3256.49581  16.8%   7.6 2356s
 522937 371364 3848.28780  102   34 3911.75540 3256.61949  16.7%   7.6 2363s
 524252 372482 3350.32108   50   25 3911.75540 3256.74277  16.7%   7.6 2374s
 525552 373556 3885.20476  124    6 3911.75540 3256.83325  16.7%   7.6 2385s
 526806 373583 3841.25400   67    - 3911.75540 3256.83325  16.7%   7.6 2404s
 526826 374614 3854.76795   67   23 3911.75540 3256.83325  16.7%   7.6 2414s
 528087 375572     cutoff   79      3911.75540 3256.93806  16.7%   7.6 2421s
 529232 376734     cutoff  190      3911.75540 3257.13787  16.7%   7.6 2428s
 530547 377804     cutoff  139      3911.75540 3257.24656  16.7%   7.6 2436s
 531882 378424     cutoff  125      3911.75540 3257.40298  16.7%   7.6 2449s
 532618 378987 3446.08334   75   20 3911.75540 3257.44957  16.7%   7.6 2462s
 533532 379499 3862.14943  101    - 3911.75540 3257.44957  16.7%   7.6 2472s
 534407 380314 3730.77962  132   22 3911.75540 3257.47596  16.7%   7.6 2481s
 535508 381555 3782.37321   83    - 3911.75540 3257.69299  16.7%   7.6 2489s
 536931 382735     cutoff  109      3911.75540 3257.79885  16.7%   7.6 2498s
 538348 384034     cutoff  115      3911.75540 3257.89406  16.7%   7.6 2508s
 539858 385090 3505.82879   53   40 3911.75540 3257.95707  16.7%   7.6 2517s
 541108 386256     cutoff   96      3911.75540 3258.10839  16.7%   7.6 2525s
 542488 387296 3676.72834  144   48 3911.75540 3258.23579  16.7%   7.6 2533s
 543748 388507 infeasible   70      3911.75540 3258.40763  16.7%   7.6 2542s
 545144 389397 3891.76918   57   20 3911.75540 3258.48178  16.7%   7.6 2550s
 546301 389977 infeasible   74      3911.75540 3258.61377  16.7%   7.6 2559s
 547237 391093     cutoff   76      3911.75540 3258.77554  16.7%   7.6 2568s
 548611 392137 3778.21500   99   22 3911.75540 3258.90299  16.7%   7.6 2577s
 549856 393291 3699.06325   94   24 3911.75540 3259.01036  16.7%   7.6 2585s
 551162 394307 3743.28440  154   38 3911.75540 3259.07949  16.7%   7.6 2595s
 552392 395562 3591.27066   70   44 3911.75540 3259.18963  16.7%   7.6 2603s
 553783 396848 3790.70760  115   13 3911.75540 3259.27853  16.7%   7.6 2610s
 555255 397693     cutoff  149      3911.75540 3259.35253  16.7%   7.5 2619s
 556344 398204 infeasible  121      3911.75540 3259.51499  16.7%   7.5 2632s
 557143 398771 3678.64756   69    4 3911.75540 3259.57628  16.7%   7.6 2642s
 558172 399697     cutoff   77      3911.75540 3259.57628  16.7%   7.6 2653s
 559302 400567 3816.43378   85   37 3911.75540 3259.69749  16.7%   7.6 2664s
 560381 401702 3578.23107  104   52 3911.75540 3259.73085  16.7%   7.6 2673s
 561754 402698     cutoff  175      3911.75540 3259.89552  16.7%   7.6 2683s
 562904 403860 3691.90223  136   15 3911.75540 3259.97704  16.7%   7.6 2693s
 564271 404680 3881.47894  141   15 3911.75540 3260.11431  16.7%   7.6 2704s
 565306 405480 3403.08693   61   18 3911.75540 3260.31484  16.7%   7.6 2716s
 566324 406078 3447.08653   85   34 3911.75540 3260.31484  16.7%   7.6 2724s
 567041 406636     cutoff   95      3911.75540 3260.31484  16.7%   7.6 2735s
 567945 407693     cutoff  119      3911.75540 3260.31484  16.7%   7.6 2747s
 569176 408789     cutoff  147      3911.75540 3260.59595  16.6%   7.6 2757s
 570473 410051     cutoff  168      3911.75540 3260.68527  16.6%   7.6 2766s
 571976 411282     cutoff  160      3911.75540 3260.77781  16.6%   7.6 2776s
 573444 412567 3747.49109   62    6 3911.75540 3260.94310  16.6%   7.6 2784s
 574526 412597     cutoff  187      3911.75540 3261.04131  16.6%   7.6 2785s
 574955 413485 3643.55822   95   29 3911.75540 3261.07031  16.6%   7.6 2798s
 576076 414535 3416.20326   63   28 3911.75540 3261.16954  16.6%   7.6 2809s
 577297 415624 3602.16886   97   25 3911.75540 3261.23990  16.6%   7.6 2820s
 578563 416597 3647.65366   65    4 3911.75540 3261.23990  16.6%   7.6 2830s
 579699 417782 3903.19628  120   11 3911.75540 3261.30365  16.6%   7.6 2838s
 581113 418945     cutoff  162      3911.75540 3261.43474  16.6%   7.6 2847s
 582453 419919     cutoff  128      3911.75540 3261.50965  16.6%   7.6 2855s
 583687 420604 3889.36231  102   12 3911.75540 3261.65425  16.6%   7.6 2868s
 584733 421690 3709.39339  122   34 3911.75540 3261.75880  16.6%   7.6 2880s
 585966 422784 3843.36647  159   42 3911.75540 3261.85843  16.6%   7.6 2891s
 587234 423728     cutoff  162      3911.75540 3261.93830  16.6%   7.5 2903s
 588411 424754 3907.32016  164    - 3911.75540 3262.00856  16.6%   7.6 2915s
 589598 425989 3910.26052  164    6 3911.75540 3262.10881  16.6%   7.5 2925s
 591031 427218 3294.87022   47   43 3911.75540 3262.24587  16.6%   7.5 2934s
 592438 428428     cutoff  136      3911.75540 3262.34831  16.6%   7.5 2944s
 593779 428443     cutoff  175      3911.75540 3262.45519  16.6%   7.5 2964s
 593808 429527 3455.51696   63   18 3911.75540 3262.49009  16.6%   7.5 2974s
 595089 430453 3848.66552  107   24 3911.75540 3262.54924  16.6%   7.5 2985s
 596264 431633 3544.64400   72   24 3911.75540 3262.70063  16.6%   7.5 2995s
 597614 432884     cutoff  118      3911.75540 3262.75264  16.6%   7.5 3004s
 599073 433486     cutoff  204      3911.75540 3262.88435  16.6%   7.5 3017s
 600007 434408 infeasible   76      3911.75540 3262.99056  16.6%   7.5 3030s
 601056 435626     cutoff  101      3911.75540 3263.05936  16.6%   7.5 3039s
 602497 436523     cutoff  145      3911.75540 3263.13071  16.6%   7.5 3052s
 603617 437446 3752.58495   87   38 3911.75540 3263.21024  16.6%   7.5 3064s
 604824 438366 3452.67595   54   28 3911.75540 3263.21283  16.6%   7.5 3073s
 606032 439404 3880.71379   61    9 3911.75540 3263.33344  16.6%   7.5 3082s
 607243 440320     cutoff  100      3911.75540 3263.50055  16.6%   7.5 3092s
 608449 441694     cutoff  117      3911.75540 3263.58745  16.6%   7.5 3101s
 609948 442883 3794.40078  230   31 3911.75540 3263.66433  16.6%   7.5 3109s
 611334 443943 3879.70372  236    8 3911.75540 3263.74870  16.6%   7.5 3120s
 612594 444822 3293.96415   51   35 3911.75540 3263.85945  16.6%   7.5 3130s
 613759 445853 3825.09786   60   29 3911.75540 3263.87970  16.6%   7.5 3140s
 614930 447002 3898.51800  117   22 3911.75540 3264.01684  16.6%   7.5 3150s
 616187 448106 3710.58224  121   37 3911.75540 3264.10105  16.6%   7.5 3158s
 617473 449304     cutoff   86      3911.75540 3264.17823  16.6%   7.5 3168s
 618840 450245 3379.33639   67   46 3911.75540 3264.25667  16.6%   7.5 3179s
 619945 451257 3564.63480   94   28 3911.75540 3264.36511  16.5%   7.5 3188s
 621157 451979     cutoff  132      3911.75540 3264.42225  16.5%   7.5 3198s
 622083 453127 3376.77129   65   42 3911.75540 3264.52229  16.5%   7.5 3211s
 623365 454030 3688.91500   85   30 3911.75540 3264.52229  16.5%   7.5 3221s
 624488 454815 3649.77643  110   14 3911.75540 3264.63467  16.5%   7.5 3230s
 625568 455903     cutoff  126      3911.75540 3264.78106  16.5%   7.5 3242s
 626822 456993 3783.39005  144   52 3911.75540 3264.80356  16.5%   7.5 3250s
 628167 458001 3701.10624  117   10 3911.75540 3264.92204  16.5%   7.5 3260s
 629400 459306     cutoff  145      3911.75540 3265.05222  16.5%   7.5 3270s
 630834 460146 3442.89695   61   27 3911.75540 3265.13523  16.5%   7.5 3282s
 631822 461089 3635.72279   84   19 3911.75540 3265.18935  16.5%   7.5 3290s
 633078 462288     cutoff  120      3911.75540 3265.29758  16.5%   7.5 3299s
 634428 463405 3329.46107   51   35 3911.75540 3265.41787  16.5%   7.5 3309s
 635767 464381     cutoff  109      3911.75540 3265.51459  16.5%   7.5 3322s
 637035 465485 3846.94999  130   16 3911.75540 3265.63691  16.5%   7.5 3333s
 638244 466669 3456.48827   49   12 3911.75540 3265.66262  16.5%   7.5 3344s
 639605 467897 3642.40672   55    - 3911.75540 3265.68048  16.5%   7.5 3354s
 640968 468724 3573.56520  153   41 3911.75540 3265.81057  16.5%   7.5 3366s
 641981 469434     cutoff  244      3911.75540 3265.87643  16.5%   7.5 3381s
 642872 470354     cutoff   89      3911.75540 3265.91087  16.5%   7.5 3392s
 644050 470828     cutoff  166      3911.75540 3265.94679  16.5%   7.5 3409s
 644724 471699     cutoff   94      3911.75540 3265.99959  16.5%   7.5 3423s
 645907 472648     cutoff  115      3911.75540 3266.00026  16.5%   7.5 3436s
 647123 473852     cutoff   66      3911.75540 3266.01917  16.5%   7.5 3447s
 648527 474785 3550.08763  111    6 3911.75540 3266.22554  16.5%   7.5 3458s
 649747 475680     cutoff  158      3911.75540 3266.31505  16.5%   7.5 3471s
 650826 476995 3536.90857   69   29 3911.75540 3266.44074  16.5%   7.5 3480s
 652307 478154     cutoff  128      3911.75540 3266.51494  16.5%   7.5 3491s
 653616 479279 3499.19360   87   10 3911.75540 3266.57886  16.5%   7.5 3501s
 654894 480316 3869.14777  117   14 3911.75540 3266.62161  16.5%   7.5 3510s
 656203 481273 3513.62730  100   24 3911.75540 3266.73093  16.5%   7.5 3521s
 657313 482226 3543.34412   76   32 3911.75540 3266.84409  16.5%   7.5 3534s
 658488 483255     cutoff  192      3911.75540 3266.84580  16.5%   7.5 3545s
 659751 483778 infeasible  110      3911.75540 3267.04729  16.5%   7.5 3560s
 660520 484468 infeasible  123      3911.75540 3267.10953  16.5%   7.5 3573s
 661535 485360     cutoff  116      3911.75540 3267.12818  16.5%   7.5 3585s
 662724 486463 3634.20168   76   21 3911.75540 3267.19651  16.5%   7.5 3596s
 664029 486950     cutoff  127      3911.75540 3267.31709  16.5%   7.5 3610s
 664587 487525 3468.41148   57   32 3911.75540 3267.33575  16.5%   7.5 3624s
 665472 488210 3599.57266   85   22 3911.75540 3267.33575  16.5%   7.5 3637s
 666545 488918 3800.61345  115   23 3911.75540 3267.40472  16.5%   7.5 3652s
 667660 489936 3784.29054   61   20 3911.75540 3267.50349  16.5%   7.5 3665s
 668947 490823     cutoff  106      3911.75540 3267.58447  16.5%   7.5 3677s
 670238 492083     cutoff  101      3911.75540 3267.65259  16.5%   7.5 3688s
 671724 493397     cutoff  132      3911.75540 3267.79230  16.5%   7.5 3701s
 673229 494043 3691.27838  126   40 3911.75540 3267.90034  16.5%   7.5 3718s
 674290 495000     cutoff  129      3911.75540 3267.94579  16.5%   7.5 3732s
 675437 496273     cutoff  130      3911.75540 3268.02759  16.5%   7.5 3747s
 676933 497495     cutoff  125      3911.75540 3268.12043  16.5%   7.5 3760s
 678326 498383     cutoff  215      3911.75540 3268.20022  16.5%   7.5 3776s
 679551 499300 3831.02751   82   19 3911.75540 3268.21750  16.5%   7.5 3791s
 680751 500268 3838.06844  153    4 3911.75540 3268.30030  16.4%   7.5 3805s
 682037 501522 3617.99460  170   23 3911.75540 3268.36116  16.4%   7.5 3817s
 683440 502134 3585.12924  154   28 3911.75540 3268.46338  16.4%   7.5 3831s
 684520 503292 3770.47913   71   20 3911.75540 3268.54356  16.4%   7.5 3843s
 685857 504636     cutoff  144      3911.75540 3268.64445  16.4%   7.5 3856s
 687383 505736     cutoff  113      3911.75540 3268.74209  16.4%   7.5 3867s
 688716 506918     cutoff  125      3911.75540 3268.80760  16.4%   7.5 3878s
 690103 508042     cutoff  148      3911.75540 3268.86787  16.4%   7.5 3889s
 691448 508822     cutoff  127      3911.75540 3269.00305  16.4%   7.5 3903s
 692482 509563 3606.91231  104   14 3911.75540 3269.07459  16.4%   7.5 3915s
 693520 509609 infeasible  137      3911.75540 3269.10692  16.4%   7.5 3933s
 693563 510709 3318.60518   57   39 3911.75540 3269.10792  16.4%   7.5 3944s
 694921 511467 3767.53820  121   39 3911.75540 3269.18348  16.4%   7.5 3954s
 696128 512835     cutoff  134      3911.75540 3269.29031  16.4%   7.5 3964s
 697689 514107 3650.54950   84   51 3911.75540 3269.38497  16.4%   7.5 3975s
 699103 515141     cutoff  127      3911.75540 3269.43644  16.4%   7.5 3985s
 700384 516089 3750.23200  130   12 3911.75540 3269.50134  16.4%   7.5 3995s
 701684 516737 infeasible  120      3911.75540 3269.55092  16.4%   7.5 4007s
 702775 517686 infeasible  106      3911.75540 3269.62086  16.4%   7.5 4021s
 704000 518784 3589.35976  132   35 3911.75540 3269.69362  16.4%   7.5 4033s
 705254 519928 3493.49819   87   24 3911.75540 3269.77722  16.4%   7.5 4044s
 706662 521177     cutoff  155      3911.75540 3269.84946  16.4%   7.5 4054s
 708099 522256     cutoff  177      3911.75540 3269.96728  16.4%   7.5 4068s
 709290 523438     cutoff  100      3911.75540 3270.05717  16.4%   7.5 4078s
 710669 523950 infeasible  161      3911.75540 3270.08517  16.4%   7.5 4094s
 711334 524567 3579.72401   64   22 3911.75540 3270.17680  16.4%   7.5 4108s
 712269 525175     cutoff   90      3911.75540 3270.20460  16.4%   7.5 4119s
 713238 526319     cutoff   97      3911.75540 3270.23120  16.4%   7.5 4130s
 714664 526913 3701.97730  173   34 3911.75540 3270.34030  16.4%   7.5 4143s
 715663 527923 3894.32846   85   32 3911.75540 3270.44912  16.4%   7.5 4156s
 716904 528954     cutoff  123      3911.75540 3270.50356  16.4%   7.5 4167s
 718282 529962     cutoff  116      3911.75540 3270.56943  16.4%   7.5 4179s
 719514 530974     cutoff  114      3911.75540 3270.70879  16.4%   7.5 4190s
 720811 532197     cutoff   95      3911.75540 3270.85630  16.4%   7.5 4203s
 722228 533412     cutoff  135      3911.75540 3270.91949  16.4%   7.5 4215s
 723647 534707 3649.09513   97   22 3911.75540 3270.95162  16.4%   7.5 4227s
 725115 535927     cutoff  137      3911.75540 3271.00615  16.4%   7.5 4237s
 726499 537193     cutoff  132      3911.75540 3271.07736  16.4%   7.5 4249s
 728009 538063 3686.38970   61   21 3911.75540 3271.13817  16.4%   7.5 4260s
 729147 539224     cutoff   92      3911.75540 3271.21977  16.4%   7.5 4271s
 730447 540200 3703.61419   74   37 3911.75540 3271.33489  16.4%   7.5 4283s
 731650 541324     cutoff  111      3911.75540 3271.38397  16.4%   7.5 4293s
 732910 542345     cutoff  157      3911.75540 3271.44421  16.4%   7.5 4308s
 734080 543351 3865.96064  150    - 3911.75540 3271.53801  16.4%   7.5 4319s
 735326 544484 3722.08961  165    6 3911.75540 3271.60510  16.4%   7.5 4330s
 736683 545503     cutoff  168      3911.75540 3271.73443  16.4%   7.5 4340s
 737953 546227 3622.27475  117   46 3911.75540 3271.81718  16.4%   7.5 4351s
 739055 546869 3664.36084   50   25 3911.75540 3271.90180  16.4%   7.5 4369s
 739924 547620     cutoff   70      3911.75540 3271.97854  16.4%   7.5 4386s
 740948 548144     cutoff  129      3911.75540 3271.98953  16.4%   7.5 4402s
 741913 548999 infeasible   92      3911.75540 3272.01399  16.4%   7.5 4418s
 742926 550045     cutoff  185      3911.75540 3272.16660  16.4%   7.5 4433s
 744209 550580 3733.28025   92   23 3911.75540 3272.18070  16.4%   7.5 4449s
 745134 551822     cutoff  116      3911.75540 3272.32454  16.3%   7.5 4460s
 746553 553103 3777.99335  172   30 3911.75540 3272.39160  16.3%   7.5 4471s
 748076 553722 3879.98397   81   12 3911.75540 3272.46458  16.3%   7.5 4487s
 749132 554829     cutoff   83      3911.75540 3272.59715  16.3%   7.5 4499s
 750483 556019 3705.65706  104   31 3911.75540 3272.62317  16.3%   7.5 4511s
 751893 557382     cutoff  187      3911.75540 3272.74301  16.3%   7.5 4524s
 753450 558575 3770.95020  115   24 3911.75540 3272.82409  16.3%   7.5 4535s
 754812 559857 3702.53390  143   24 3911.75540 3272.88502  16.3%   7.5 4546s
 756253 560858     cutoff  164      3911.75540 3272.94686  16.3%   7.5 4558s
 757444 561763 3772.56419  109   54 3911.75540 3273.02466  16.3%   7.5 4571s
 758503 562869     cutoff  115      3911.75540 3273.08407  16.3%   7.5 4583s
 759776 563930 infeasible   90      3911.75540 3273.16566  16.3%   7.5 4594s
 761126 564968     cutoff  138      3911.75540 3273.28971  16.3%   7.5 4606s
 762418 565489     cutoff  127      3911.75540 3273.34075  16.3%   7.5 4615s
 763092 566714 3604.45156   91   33 3911.75540 3273.45875  16.3%   7.5 4627s
 764505 567609 3602.49436  133   32 3911.75540 3273.52097  16.3%   7.5 4639s
 765604 568714     cutoff  176      3911.75540 3273.63076  16.3%   7.5 4653s
 766893 569839 3701.55752   61   36 3911.75540 3273.71110  16.3%   7.5 4665s
 768293 570936 3623.47124  104   37 3911.75540 3273.80953  16.3%   7.5 4677s
 769612 571501 3673.01310  115   13 3911.75540 3273.90783  16.3%   7.5 4690s
 770510 572362     cutoff   61      3911.75540 3273.99521  16.3%   7.5 4704s
 771559 573102     cutoff  132      3911.75540 3274.07520  16.3%   7.5 4723s
 772561 574004 3482.75431  102   27 3911.75540 3274.07631  16.3%   7.5 4739s
 773790 574959     cutoff  131      3911.75540 3274.14508  16.3%   7.5 4752s
 774948 575916 3877.30444  116   24 3911.75540 3274.24263  16.3%   7.5 4765s
 776238 577310 3668.12897   92   39 3911.75540 3274.26446  16.3%   7.5 4775s
 777772 578236 3657.38694  147   32 3911.75540 3274.46049  16.3%   7.5 4787s
 779034 579569 infeasible  163      3911.75540 3274.53984  16.3%   7.5 4799s
 780523 580621     cutoff  149      3911.75540 3274.59585  16.3%   7.5 4810s
 781858 581711 3693.32119   57   19 3911.75540 3274.69369  16.3%   7.5 4822s
 783205 582838 3559.75112  101   37 3911.75540 3274.75713  16.3%   7.5 4835s
 784561 583703     cutoff  163      3911.75540 3274.81773  16.3%   7.5 4848s
H785406 583707                    3911.7552680 3274.86924  16.3%   7.5 4848s
 785571 584546 3625.76329  101   37 3911.75527 3274.92555  16.3%   7.5 4863s
 786704 584627 3786.82644   52    6 3911.75527 3274.99023  16.3%   7.5 4887s
 786754 585619 3627.24421   53   20 3911.75527 3274.99447  16.3%   7.5 4901s
 787965 586871 3660.45142   94    8 3911.75527 3275.06441  16.3%   7.5 4913s
 789390 588212     cutoff  164      3911.75527 3275.10956  16.3%   7.5 4924s
 790918 589276     cutoff  113      3911.75527 3275.16038  16.3%   7.5 4939s
 792120 590013     cutoff  125      3911.75527 3275.27385  16.3%   7.5 4956s
 793147 590698     cutoff   69      3911.75527 3275.36598  16.3%   7.5 4970s
 794175 591156 3840.80626   69   20 3911.75527 3275.43453  16.3%   7.5 4989s
 794873 591878 3661.31979   75    4 3911.75527 3275.48851  16.3%   7.5 5008s
 795837 592818 3339.60581   62   59 3911.75527 3275.49323  16.3%   7.5 5027s
 797047 593698 3793.24030  113   18 3911.75527 3275.50548  16.3%   7.5 5045s
 798266 594670 3620.46005   53   34 3911.75527 3275.56981  16.3%   7.5 5062s
 799547 595421 3885.47218   80    6 3911.75527 3275.63139  16.3%   7.5 5081s
 800696 596675 infeasible   81      3911.75527 3275.70944  16.3%   7.5 5095s
 802158 598035     cutoff  155      3911.75527 3275.80887  16.3%   7.5 5109s
 803367 598046 3878.38697   96   20 3911.75527 3275.84892  16.3%   7.5 5110s
 803759 599360 3728.38094  117   10 3911.75527 3275.88928  16.3%   7.5 5122s
 805255 600496     cutoff  179      3911.75527 3275.95419  16.3%   7.5 5133s
 806566 601643 infeasible  101      3911.75527 3276.04928  16.3%   7.5 5145s
 807979 602879 3422.27543   77   45 3911.75527 3276.17146  16.2%   7.5 5156s
 809367 603872 3885.85479  191   47 3911.75527 3276.21726  16.2%   7.5 5168s
 810694 605178 3710.24389  119   45 3911.75527 3276.32391  16.2%   7.5 5182s
 812212 606283 3660.58104   77   12 3911.75527 3276.39167  16.2%   7.5 5193s
 813538 607416     cutoff  126      3911.75527 3276.42531  16.2%   7.5 5207s
 814849 608278 3723.05834  124   31 3911.75527 3276.52207  16.2%   7.5 5221s
 815883 609225 infeasible  163      3911.75527 3276.58729  16.2%   7.5 5236s
 817117 610388 3649.34763   97   59 3911.75527 3276.65113  16.2%   7.5 5247s
 818436 611603 3811.05241   87   24 3911.75527 3276.71954  16.2%   7.5 5258s
 819885 612708 3896.57891   97   35 3911.75527 3276.81143  16.2%   7.5 5270s
 821201 613856 3457.16643   51   33 3911.75527 3276.88322  16.2%   7.5 5286s
 822538 614940 3791.46621   53   23 3911.75527 3276.93514  16.2%   7.5 5300s
 823769 616170     cutoff   91      3911.75527 3276.97489  16.2%   7.5 5311s
 825190 617393 infeasible  102      3911.75527 3277.03681  16.2%   7.5 5323s
 826647 618503 3464.80589   51   35 3911.75527 3277.11105  16.2%   7.5 5338s
 827864 618876 3644.97285  153   43 3911.75527 3277.15056  16.2%   7.5 5352s
 828586 619906 3747.65113   61   22 3911.75527 3277.23682  16.2%   7.5 5364s
 829876 620782 3785.31215  106   43 3911.75527 3277.28745  16.2%   7.5 5378s
 831012 621888 3668.92877   63   22 3911.75527 3277.41095  16.2%   7.5 5392s
 832335 623057 3386.32522   92   25 3911.75527 3277.47228  16.2%   7.5 5407s
 833613 624042     cutoff  171      3911.75527 3277.50654  16.2%   7.5 5422s
 834747 624887     cutoff  163      3911.75527 3277.55562  16.2%   7.5 5435s
 836057 625831 3566.22449  111   45 3911.75527 3277.63280  16.2%   7.5 5448s
 837203 627007     cutoff  160      3911.75527 3277.73047  16.2%   7.5 5462s
 838586 628011 3338.15571   72   31 3911.75527 3277.76672  16.2%   7.5 5478s
 839763 629108 3370.92381   83   41 3911.75527 3277.83497  16.2%   7.5 5491s
 841058 629613 3646.04107  201    4 3911.75527 3277.89998  16.2%   7.5 5510s
 841779 630453 3774.76874  206   20 3911.75527 3277.94381  16.2%   7.5 5529s
 842820 631344 3875.60889  207   16 3911.75527 3277.95412  16.2%   7.5 5544s
 844030 632619 3663.82889  107   53 3911.75527 3278.02097  16.2%   7.5 5555s
 845531 633580 infeasible  113      3911.75527 3278.08242  16.2%   7.5 5572s
 846661 634615 3908.94221   65    - 3911.75527 3278.14392  16.2%   7.5 5586s
 847988 636081     cutoff   99      3911.75527 3278.22978  16.2%   7.5 5598s
 849606 636758 3802.43504  111   19 3911.75527 3278.26001  16.2%   7.5 5613s
 850658 637422 3838.57162  127   23 3911.75527 3278.37026  16.2%   7.5 5628s
 851700 638323 3860.25184   92   17 3911.75527 3278.40982  16.2%   7.5 5642s
 852921 639528 3687.77593  109   46 3911.75527 3278.50278  16.2%   7.5 5656s
 854305 640806 3905.51228  129    - 3911.75527 3278.55585  16.2%   7.5 5668s
 855773 641898     cutoff  134      3911.75527 3278.60978  16.2%   7.5 5682s
 857143 642955     cutoff  100      3911.75527 3278.67864  16.2%   7.5 5694s
 858504 643018     cutoff  132      3911.75527 3278.74775  16.2%   7.5 5725s
 858559 644185 3377.09743   53   28 3911.75527 3278.78693  16.2%   7.5 5743s
 859899 645125     cutoff  123      3911.75527 3278.82688  16.2%   7.5 5758s
 861068 646275     cutoff   98      3911.75527 3278.90922  16.2%   7.5 5772s
 862398 647247 3653.58641  131   53 3911.75527 3278.95138  16.2%   7.5 5791s
 863483 647949 3485.72265   80   53 3911.75527 3279.00113  16.2%   7.5 5802s
 864354 649065 3862.55641  141   52 3911.75527 3279.04234  16.2%   7.5 5820s
 865694 650113 3773.03921   81    6 3911.75527 3279.09930  16.2%   7.5 5835s
 867039 651149 3337.03810   46   37 3911.75527 3279.18181  16.2%   7.5 5849s
 868294 652461 3493.64614   97   57 3911.75527 3279.24483  16.2%   7.5 5867s
 869792 653328 3500.95705  125   30 3911.75527 3279.31059  16.2%   7.5 5885s
 870888 654482     cutoff   71      3911.75527 3279.34052  16.2%   7.5 5899s
 872303 655822     cutoff   94      3911.75527 3279.40714  16.2%   7.5 5911s
 873856 656889     cutoff  132      3911.75527 3279.50197  16.2%   7.5 5926s
 875121 658172 3891.63492  115   32 3911.75527 3279.58922  16.2%   7.5 5939s
 876598 659302     cutoff   98      3911.75527 3279.63428  16.2%   7.5 5951s
 877928 660457 3864.41575   78    - 3911.75527 3279.69300  16.2%   7.5 5962s
 879315 661386 3695.07687  122   21 3911.75527 3279.75984  16.2%   7.5 5977s
 880427 661961     cutoff  166      3911.75527 3279.85716  16.2%   7.5 5997s
 881208 662565 3477.46536   75   29 3911.75527 3279.86747  16.2%   7.5 6015s
 882137 663494 3544.46778  100   41 3911.75527 3279.86747  16.2%   7.5 6031s
 883332 664703 3596.39982  127   33 3911.75527 3279.87797  16.2%   7.5 6044s
 884717 665773 3784.82493  141   40 3911.75527 3279.95669  16.2%   7.5 6058s
 886087 666989 3827.16556  170   31 3911.75527 3280.04414  16.1%   7.5 6074s
 887477 667574     cutoff  178      3911.75527 3280.11500  16.1%   7.5 6093s
 888536 668810     cutoff  115      3911.75527 3280.18459  16.1%   7.5 6107s
 890018 669831 3626.02147   68   34 3911.75527 3280.24513  16.1%   7.5 6121s
 891311 670469     cutoff  125      3911.75527 3280.33601  16.1%   7.5 6141s
 892218 670979 3689.94600   91   13 3911.75527 3280.37525  16.1%   7.5 6158s
 893165 672076 3314.94415   59   25 3911.75527 3280.39791  16.1%   7.5 6173s
 894435 673031 3811.79716   98   52 3911.75527 3280.46685  16.1%   7.5 6192s
 895720 674314 infeasible  182      3911.75527 3280.52263  16.1%   7.5 6205s
 897228 675389     cutoff   94      3911.75527 3280.57454  16.1%   7.5 6219s
 898591 676566     cutoff  122      3911.75527 3280.67841  16.1%   7.5 6237s
 899914 677723     cutoff  118      3911.75527 3280.72999  16.1%   7.5 6252s
 901367 678924 infeasible  135      3911.75527 3280.82562  16.1%   7.5 6266s
 902790 680132 3906.27143  131    4 3911.75527 3280.87808  16.1%   7.5 6279s
 904204 681179     cutoff  104      3911.75527 3280.93691  16.1%   7.5 6300s
 905396 682392 3419.84940   57   36 3911.75527 3281.01964  16.1%   7.5 6314s
 906840 683484     cutoff  132      3911.75527 3281.07260  16.1%   7.5 6330s
 908125 684617     cutoff  153      3911.75527 3281.13924  16.1%   7.5 6348s
 909479 685901 3513.09722  105   24 3911.75527 3281.16778  16.1%   7.5 6362s
 910978 687119     cutoff  176      3911.75527 3281.24905  16.1%   7.5 6378s
 912371 688241 3764.34616   67   26 3911.75527 3281.29874  16.1%   7.5 6392s
 913752 689248 3767.81466   74   10 3911.75527 3281.39069  16.1%   7.5 6405s
 914964 690295 3882.39383  128   11 3911.75527 3281.44129  16.1%   7.5 6424s
 916153 691319 3651.70818   98   27 3911.75527 3281.47135  16.1%   7.5 6442s
 917396 692382     cutoff  103      3911.75527 3281.51132  16.1%   7.5 6461s
 918663 693475 3664.96456  102   47 3911.75527 3281.58955  16.1%   7.5 6478s
 919972 693896 3731.79684   71   27 3911.75527 3281.67229  16.1%   7.5 6495s
 920814 694752 3897.08947   93    6 3911.75527 3281.72028  16.1%   7.5 6509s
 921920 695361 3632.21359  129   30 3911.75527 3281.80069  16.1%   7.5 6531s
 922777 695832 3813.01414   60   15 3911.75527 3281.85655  16.1%   7.5 6551s
 923832 695896     cutoff   69      3911.75527 3281.86882  16.1%   7.5 6582s
 923875 697028 3330.29844   53   27 3911.75527 3281.87942  16.1%   7.5 6596s
 925241 698124     cutoff  174      3911.75527 3281.93877  16.1%   7.5 6611s
 926619 699447     cutoff  151      3911.75527 3281.98603  16.1%   7.5 6626s
 928178 700458 infeasible  144      3911.75527 3282.04787  16.1%   7.5 6645s
 929433 701687 3857.09302  127   11 3911.75527 3282.12403  16.1%   7.5 6663s
 930935 702926 3767.24200  136   38 3911.75527 3282.19617  16.1%   7.5 6683s
 932339 703648 3577.38993   69   41 3911.75527 3282.23647  16.1%   7.5 6707s
 933279 704188     cutoff  114      3911.75527 3282.27092  16.1%   7.5 6728s
 934148 704935     cutoff  184      3911.75527 3282.30297  16.1%   7.5 6747s
 935189 705700 3703.82432   53    6 3911.75527 3282.31330  16.1%   7.5 6765s
 936326 706738 3894.69781  100   16 3911.75527 3282.36747  16.1%   7.5 6785s
 937621 707293 3298.73757   62   46 3911.75527 3282.41740  16.1%   7.5 6809s
 938459 707997 3401.19922   67   18 3911.75527 3282.45145  16.1%   7.5 6831s
 939499 708624     cutoff   97      3911.75527 3282.46675  16.1%   7.5 6853s
 940556 709959 infeasible   84      3911.75527 3282.55650  16.1%   7.5 6873s
 942187 711113 3876.01644  114   10 3911.75527 3282.58031  16.1%   7.5 6889s
 943569 712326 3881.33093  179   34 3911.75527 3282.65576  16.1%   7.5 6909s
 944942 713559     cutoff  184      3911.75527 3282.70158  16.1%   7.5 6925s
 946459 714920 3561.08483  164   31 3911.75527 3282.79188  16.1%   7.5 6944s
 948071 715997 3761.35574  214   38 3911.75527 3282.84168  16.1%   7.5 6960s
 949399 716613     cutoff   67      3911.75527 3282.94100  16.1%   7.5 6986s
 950187 717265 3515.98806   85   21 3911.75527 3282.99054  16.1%   7.5 7010s
 951126 717633 3621.98652  121   21 3911.75527 3282.99256  16.1%   7.5 7031s
 951659 718258     cutoff  146      3911.75527 3283.00342  16.1%   7.5 7059s
 952627 719173     cutoff   71      3911.75527 3283.03659  16.1%   7.5 7082s
 953896 720059     cutoff  155      3911.75527 3283.05364  16.1%   7.5 7108s
 955252 721281     cutoff  108      3911.75527 3283.16747  16.1%   7.5 7127s
 956717 722645 3705.64266  151   25 3911.75527 3283.30705  16.1%   7.5 7146s
 958351 724043     cutoff  165      3911.75527 3283.38506  16.1%   7.5 7162s
 959962 724846 3574.79405   88   39 3911.75527 3283.46415  16.1%   7.5 7184s
 961127 725275 3519.37771   53   10 3911.75527 3283.56025  16.1%   7.5 7200s

Cutting planes:
  Gomory: 2
  MIR: 3
  Flow cover: 3
  Zero half: 7
  Lazy constraints: 15679

Explored 961967 nodes (7262645 simplex iterations) in 7200.78 seconds
Thread count was 12 (of 12 available processors)

Solution count 2: 3911.76 4139.81 

Time limit reached
Best objective 3.911755268028e+03, best bound 3.283560247512e+03, gap 16.0592%

User-callback calls 3358169, time in user-callback 5.85 sec
---> instance_name: n_30_m_6.dat
---> algo_index: 3
---> obj_value: 3911.76
---> total_time: 7266.22
---> total_time_gurobi: 7200.78
---> total_nb_benders_cuts: 12540
---> total_nb_subtour_cuts: 5662
---> total_nb_user_cuts: 33
---> GRB_IntAttr_Status: 9
---> optimality_gap: 0.160592
---> node_count: 961967
 =====>>>>> Solution is written to file in <../ret/model_outs> !!!
===>> All Done!
