NPROCS=0
This instance is clustered!
Gurobi Optimizer version 9.0.0 build v9.0.0rc2 (linux64)
Optimize a model with 50 rows, 626 columns and 1250 nonzeros
Model fingerprint: 0x6ab10f66
Variable types: 1 continuous, 625 integer (625 binary)
Coefficient statistics:
  Matrix range     [1e+00, 1e+00]
  Objective range  [1e+00, 6e+02]
  Bounds range     [1e+00, 1e+00]
  RHS range        [1e+00, 1e+00]
Presolve removed 2 rows and 72 columns
Presolve time: 0.01s
Presolved: 48 rows, 554 columns, 1106 nonzeros
Variable types: 1 continuous, 553 integer (553 binary)

Root relaxation: objective 8.698812e+02, 38 iterations, 0.00 seconds

    Nodes    |    Current Node    |     Objective Bounds      |     Work
 Expl Unexpl |  Obj  Depth IntInf | Incumbent    BestBd   Gap | It/Node Time

     0     0  923.12337    0   18          -  923.12337      -     -    0s
     0     0 1034.22982    0    8          - 1034.22982      -     -    0s
     0     2 1049.14932    0    8          - 1049.14932      -     -    0s
 done with super cut 0
 done with super cut 1
 done with super cut 2
 done with super cut 3
 done with super cut 4
 done with super cut 5
 done with super cut 6
   170   180 1329.97245   10   15          - 1161.54973      -   6.9    8s
 done with super cut 7
   386   440 1412.31975   23   17          - 1161.54973      -   5.0   11s
 done with super cut 8
 done with super cut 9
 done with super cut 10
   686   780 1434.35612   47   10          - 1161.54973      -   4.5   15s
* 4571  3065             136    2427.5725145 1186.02462  51.1%   6.1   16s
*10908  6832              61    2358.5103058 1256.67035  46.7%   6.0   19s
*12178  7644              98    2335.7576136 1261.44797  46.0%   6.0   19s
 13185  8539     cutoff   92      2335.75761 1266.94259  45.8%   5.9   20s
*18347 12502             114    2260.9191240 1279.83740  43.4%   5.8   22s
*20779 13952             102    2209.3757651 1284.10422  41.9%   5.7   23s
 24391 17241 1839.03428   87   13 2209.37577 1289.53309  41.6%   5.7   25s
 26833 18580 2186.36857   79    8 2209.37577 1292.40590  41.5%   5.7   45s
H26834 17651                    2208.7902863 1292.40590  41.5%   5.7   46s
 26842 17656 1868.01086   65   70 2208.79029 1292.40590  41.5%   5.7   50s
H26842 16773                    1819.2391731 1292.40590  29.0%   5.7   51s
 26847 16776 1450.25473   47   72 1819.23917 1292.40590  29.0%   5.7   55s
 26849 16778 1819.23917  107   72 1819.23917 1292.40590  29.0%   5.7   84s
 26850 16781 1292.40590   30   68 1819.23917 1292.40590  29.0%   5.7   85s
 27012 16896 1340.32236   38   37 1819.23917 1292.40590  29.0%   5.7   90s
 29908 18208 1292.40590   40   33 1819.23917 1292.40590  29.0%   5.9   95s
 35318 20920 1605.92926   80    - 1819.23917 1301.52784  28.5%   5.9  100s
 40269 23281 1318.48232   45   34 1819.23917 1313.16215  27.8%   5.9  105s
 44458 25090 1722.44419  105    - 1819.23917 1318.79495  27.5%   6.0  110s
 50121 28121 1654.01335  151   32 1819.23917 1326.59812  27.1%   6.0  115s
H51855 27484                    1811.0929848 1328.56998  26.6%   6.0  116s
 53304 28689     cutoff   93      1811.09298 1330.59724  26.5%   6.0  120s
 58695 30935 1743.67746   68   12 1811.09298 1336.60206  26.2%   6.0  125s
 62727 32307 1784.14858  126    - 1811.09298 1340.03156  26.0%   6.1  130s
 67610 34598 infeasible  107      1811.09298 1343.60607  25.8%   6.0  135s
 72452 36681     cutoff   87      1811.09298 1347.16097  25.6%   6.0  140s
 77357 39853 1700.54461  101    9 1811.09298 1349.69220  25.5%   6.0  145s
 81749 43240     cutoff  117      1811.09298 1352.19561  25.3%   6.0  150s
 86228 46722 1474.83409   53   38 1811.09298 1354.25153  25.2%   6.0  156s
 89898 49452 1638.03797   70    8 1811.09298 1355.90602  25.1%   6.0  160s
 93000 52012 1761.00499  129   15 1811.09298 1356.99807  25.1%   6.0  165s
 97532 55499 1662.58267   63    - 1811.09298 1359.29940  24.9%   6.0  171s
 99860 57160 1503.88485   95   46 1811.09298 1360.23747  24.9%   6.0  175s
 103461 59982 1383.79491   95   37 1811.09298 1361.46388  24.8%   6.0  180s
 108364 63238     cutoff   56      1811.09298 1363.55952  24.7%   5.9  186s
 111475 65504 1791.80019   92    8 1811.09298 1364.67506  24.6%   6.0  191s
 114507 67959     cutoff   87      1811.09298 1365.70659  24.6%   6.0  195s
 116947 68904 1513.88291   85   27 1811.09298 1366.47899  24.5%   6.0  203s
 117022 69457 1533.36431   86   27 1811.09298 1366.61556  24.5%   6.0  205s
 120398 72369 1800.95790  106   24 1811.09298 1367.70007  24.5%   6.0  210s
 123987 74738 1660.18428   75   14 1811.09298 1368.88450  24.4%   6.0  216s
 126114 76694     cutoff  113      1811.09298 1369.60648  24.4%   6.0  220s
 129870 79499     cutoff   97      1811.09298 1370.81591  24.3%   6.0  226s
 131942 80892 1787.96789   69   15 1811.09298 1371.49213  24.3%   6.0  230s
 134207 83066     cutoff   96      1811.09298 1372.11176  24.2%   6.0  235s
 137913 85830     cutoff  101      1811.09298 1373.21159  24.2%   6.0  241s
 140154 87270     cutoff   99      1811.09298 1373.95116  24.1%   6.0  246s
 142235 89091 1642.68774   90   18 1811.09298 1374.46876  24.1%   6.0  250s
 144526 91026 1719.70299   44    4 1811.09298 1374.80350  24.1%   6.0  255s
 148270 93694 infeasible   87      1811.09298 1375.76460  24.0%   6.0  262s
 150290 95464 1763.64890   88    6 1811.09298 1376.43602  24.0%   6.0  266s
 152448 96974 1638.09370   81   20 1811.09298 1376.94676  24.0%   6.0  271s
 154982 98780 1750.71696   86   15 1811.09298 1377.73962  23.9%   6.0  275s
 157332 100743 1806.25105  106    - 1811.09298 1378.32287  23.9%   6.0  280s
 159885 102415 1732.17193  144    9 1811.09298 1378.87661  23.9%   5.9  285s
 161914 104071 1772.57706   81   21 1811.09298 1379.44278  23.8%   6.0  290s
 164173 105832 1746.23187  102    4 1811.09298 1380.01660  23.8%   6.0  295s
 167774 107957     cutoff   73      1811.09298 1380.82454  23.8%   6.0  304s
 168003 108617 1681.21670  121   40 1811.09298 1380.89724  23.8%   6.0  306s
 170027 110055 1596.43844   51   21 1811.09298 1381.31130  23.7%   6.0  312s
 170996 110688     cutoff   76      1811.09298 1381.54422  23.7%   6.0  315s
 173077 112378     cutoff   75      1811.09298 1381.76514  23.7%   6.0  320s
 175353 113777 1791.08283   66   23 1811.09298 1382.49912  23.7%   6.0  326s
 177887 115512 1772.06822  114   32 1811.09298 1383.23433  23.6%   6.0  332s
 180340 117318     cutoff  107      1811.09298 1383.73426  23.6%   6.0  337s
 181362 118276 1575.50264  102   16 1811.09298 1383.86543  23.6%   6.0  340s
 183830 120088 1754.45468  118   20 1811.09298 1384.38020  23.6%   6.0  346s
 185966 121354     cutoff   83      1811.09298 1384.85859  23.5%   6.0  353s
 186983 121792 1807.99756  102    6 1811.09298 1385.05570  23.5%   6.0  357s
 187651 122538     cutoff   77      1811.09298 1385.22166  23.5%   6.1  360s
 190062 124717     cutoff  106      1811.09298 1385.69418  23.5%   6.1  366s
 192788 125852     cutoff   78      1811.09298 1386.20721  23.5%   6.1  377s
 193904 127451 infeasible   99      1811.09298 1386.50847  23.4%   6.1  382s
 196550 129370     cutoff  120      1811.09298 1387.18691  23.4%   6.1  387s
 197680 130407 1743.30728   73   43 1811.09298 1387.54283  23.4%   6.1  390s
 200120 132098     cutoff   94      1811.09298 1388.28549  23.3%   6.1  396s
 202507 134220 1666.59610   81   38 1811.09298 1388.70865  23.3%   6.1  401s
 205110 135548 1607.06464   90    9 1811.09298 1389.14030  23.3%   6.0  407s
 205828 135898     cutoff  103      1811.09298 1389.25971  23.3%   6.1  410s
 207517 137477     cutoff   91      1811.09298 1389.54090  23.3%   6.1  417s
 208584 138361     cutoff   96      1811.09298 1389.73559  23.3%   6.1  420s
 211004 139632     cutoff  127      1811.09298 1390.09520  23.2%   6.1  426s
 213084 141535     cutoff   84      1811.09298 1390.38069  23.2%   6.1  432s
 214364 142469 1757.41406   91   31 1811.09298 1390.79451  23.2%   6.1  435s
 216683 144439     cutoff  120      1811.09298 1391.33424  23.2%   6.1  442s
 218113 145538     cutoff  119      1811.09298 1391.47195  23.2%   6.1  446s
 220576 147261 infeasible   74      1811.09298 1391.87060  23.1%   6.1  453s
 221614 148298 1534.33531  100   47 1811.09298 1392.07254  23.1%   6.1  456s
 224121 149989 1753.39682   97   39 1811.09298 1392.42094  23.1%   6.1  463s
 225136 150742     cutoff  109      1811.09298 1392.53412  23.1%   6.1  466s
 226130 151701     cutoff  118      1811.09298 1392.68258  23.1%   6.1  470s
 228606 153427 1519.66234   56   16 1811.09298 1393.13845  23.1%   6.1  477s
 229722 154275 1671.45635   76   27 1811.09298 1393.35654  23.1%   6.1  480s
 231661 155453 1605.44564   48   18 1811.09298 1393.74600  23.0%   6.1  488s
 232717 156511 1785.19407   73   22 1811.09298 1393.92745  23.0%   6.1  491s
 233982 157544 1642.13036  102   28 1811.09298 1394.10187  23.0%   6.1  495s
 236637 159370     cutoff   84      1811.09298 1394.52424  23.0%   6.1  503s
 237754 160412     cutoff   78      1811.09298 1394.71308  23.0%   6.1  507s
 239071 161201     cutoff  106      1811.09298 1394.84013  23.0%   6.1  510s
 241120 162378 1755.47204   70   15 1811.09298 1395.25335  23.0%   6.1  516s
 243124 163928 1713.26547   54   12 1811.09298 1395.49678  22.9%   6.1  524s
 244189 164743 1552.48852   63   29 1811.09298 1395.49678  22.9%   6.1  529s
 245236 165688 1658.37037   71   23 1811.09298 1395.49678  22.9%   6.1  532s
 246498 166753 1805.28171   72    - 1811.09298 1395.94460  22.9%   6.1  536s
 248936 168394 1670.90879   95    6 1811.09298 1396.32311  22.9%   6.1  542s
 250136 169328     cutoff  109      1811.09298 1396.49798  22.9%   6.1  546s
 251353 169714 1797.06900   80   23 1811.09298 1396.67812  22.9%   6.1  550s
 252811 170763 1567.45689   72   19 1811.09298 1396.96088  22.9%   6.1  558s
 253892 171713 1737.97805   74   19 1811.09298 1397.11628  22.9%   6.1  561s
 255120 172862 1791.23176  119    9 1811.09298 1397.30125  22.8%   6.1  565s
 257640 174068 infeasible  115      1811.09298 1397.62686  22.8%   6.1  573s
 258701 174992 1575.22257   72   38 1811.09298 1397.84184  22.8%   6.1  577s
 259927 175774 1609.13471   74   22 1811.09298 1397.97704  22.8%   6.1  581s
 260976 176782 1630.41514   74   14 1811.09298 1398.08855  22.8%   6.2  585s
 262270 177685 1764.66009  122   18 1811.09298 1398.28125  22.8%   6.2  590s
 263504 178353 infeasible  131      1811.09298 1398.49593  22.8%   6.2  595s
 264563 179189     cutoff  103      1811.09298 1398.68249  22.8%   6.2  600s
 267110 181304 1560.73152   57   24 1811.09298 1399.09492  22.7%   6.2  608s
 268395 182266 1776.55107   89    8 1811.09298 1399.34047  22.7%   6.1  612s
 269637 183274 infeasible   92      1811.09298 1399.50549  22.7%   6.1  616s
 272218 185159 infeasible  121      1811.09298 1399.95058  22.7%   6.1  623s
 273473 185923     cutoff  135      1811.09298 1400.19316  22.7%   6.1  627s
 274607 186464     cutoff   60      1811.09298 1400.27620  22.7%   6.1  631s
 275464 187387 1765.96704   66    6 1811.09298 1400.40812  22.7%   6.1  635s
 277826 188349 1781.42863  120   17 1811.09298 1400.80893  22.7%   6.1  650s
 279123 190085     cutoff  125      1811.09298 1400.96045  22.6%   6.1  658s
 280132 190809 1757.17192  113    8 1811.09298 1401.11355  22.6%   6.1  662s
 281163 191616     cutoff  132      1811.09298 1401.28929  22.6%   6.1  666s
 282311 192734     cutoff  102      1811.09298 1401.47441  22.6%   6.1  670s
 284852 194592     cutoff   85      1811.09298 1401.84207  22.6%   6.1  678s
 286126 195594     cutoff  127      1811.09298 1401.98180  22.6%   6.1  682s
 287419 196499     cutoff   67      1811.09298 1402.13400  22.6%   6.1  686s
 288637 197320 1795.84741   73   13 1811.09298 1402.32286  22.6%   6.1  691s
 290845 199027     cutoff  122      1811.09298 1402.58610  22.6%   6.1  698s
 291985 199958 1590.30879   57   12 1811.09298 1402.74512  22.5%   6.2  702s
 293268 200826     cutoff  132      1811.09298 1402.92657  22.5%   6.1  706s
 294388 201371     cutoff   49      1811.09298 1403.07602  22.5%   6.1  710s
 296498 203120 1589.45073   54   10 1811.09298 1403.37644  22.5%   6.2  718s
 297634 204038     cutoff   92      1811.09298 1403.54929  22.5%   6.2  722s
 298805 204815 1564.09867   57   17 1811.09298 1403.71793  22.5%   6.2  725s
 299790 205527 1726.58148  120    6 1811.09298 1403.81660  22.5%   6.2  730s
 301940 207072     cutoff   90      1811.09298 1404.12999  22.5%   6.2  739s
 302916 207922 1617.61720   65   18 1811.09298 1404.19960  22.5%   6.2  744s
 304079 208712 infeasible   94      1811.09298 1404.25965  22.5%   6.2  748s
 305113 209685     cutoff   80      1811.09298 1404.48219  22.5%   6.2  753s
 306386 210604 1752.03768  117   15 1811.09298 1404.62476  22.4%   6.2  757s
 307681 211523     cutoff   69      1811.09298 1404.86846  22.4%   6.2  764s
 308892 212474     cutoff   82      1811.09298 1404.97863  22.4%   6.2  770s
 310076 213557 1745.29491  142   23 1811.09298 1405.09671  22.4%   6.2  775s
 311515 214462     cutoff  126      1811.09298 1405.20891  22.4%   6.2  781s
 312741 215134     cutoff   91      1811.09298 1405.40836  22.4%   6.2  787s
 313717 215608     cutoff   71      1811.09298 1405.54139  22.4%   6.2  793s
 314578 216224 1686.14956   82   17 1811.09298 1405.56386  22.4%   6.2  799s
 315530 216818 1585.09627   66   19 1811.09298 1405.73241  22.4%   6.2  805s
 316531 217710     cutoff  105      1811.09298 1405.85005  22.4%   6.2  812s
 317696 218646 infeasible  128      1811.09298 1406.01122  22.4%   6.2  819s
 318916 219655     cutoff   84      1811.09298 1406.22577  22.4%   6.2  826s
 320266 220507 1615.29981  102   14 1811.09298 1406.35966  22.3%   6.2  834s
 321440 221364     cutoff  113      1811.09298 1406.54501  22.3%   6.2  840s
 322612 222200     cutoff   88      1811.09298 1406.74091  22.3%   6.2  846s
 323748 223174 infeasible   87      1811.09298 1406.86612  22.3%   6.2  852s
 324984 223983 1784.59734   70    9 1811.09298 1406.99427  22.3%   6.2  859s
 326064 224823     cutoff  116      1811.09298 1407.16772  22.3%   6.2  865s
 327234 225590 1656.06776   54   16 1811.09298 1407.47804  22.3%   6.2  871s
 328295 225939     cutoff  141      1811.09298 1407.60379  22.3%   6.2  877s
 329078 226727     cutoff   98      1811.09298 1407.73008  22.3%   6.2  882s
 330198 227615 infeasible  120      1811.09298 1407.81760  22.3%   6.2  886s
 331458 228609     cutoff   65      1811.09298 1408.00745  22.3%   6.2  891s
 332735 229500 1682.27706  104    4 1811.09298 1408.18504  22.2%   6.2  896s
 333911 230150 1729.44456  109    - 1811.09298 1408.33303  22.2%   6.2  902s
 334959 230196 1805.27780  109    6 1811.09298 1408.44238  22.2%   6.2  916s
 334982 230894 infeasible  110      1811.09298 1408.45611  22.2%   6.2  921s
 335953 231492     cutoff   92      1811.09298 1408.52792  22.2%   6.2  928s
 336979 232451     cutoff  104      1811.09298 1408.64582  22.2%   6.2  934s
 338283 233332 infeasible  121      1811.09298 1408.77117  22.2%   6.2  942s
 339491 234069 1583.33209   72   13 1811.09298 1408.90385  22.2%   6.2  948s
 340535 234725     cutoff   94      1811.09298 1409.06179  22.2%   6.2  953s
 341696 235750     cutoff   80      1811.09298 1409.24191  22.2%   6.2  957s
 342945 236598     cutoff   92      1811.09298 1409.40004  22.2%   6.2  963s
 344097 237141 1690.94785   75    8 1811.09298 1409.51718  22.2%   6.2  970s
 344993 238145     cutoff   79      1811.09298 1409.58094  22.2%   6.2  975s
 346413 239217     cutoff  104      1811.09298 1409.75279  22.2%   6.2  980s
 347739 239980 1793.28325  113   23 1811.09298 1409.90165  22.2%   6.2  986s
 348840 240999 1636.33673   52   31 1811.09298 1410.05087  22.1%   6.2  993s
 350218 241599     cutoff   81      1811.09298 1410.16775  22.1%   6.2  999s
 351209 242522     cutoff   80      1811.09298 1410.30735  22.1%   6.2 1004s
 352461 243516     cutoff   83      1811.09298 1410.45281  22.1%   6.2 1009s
 353727 244502 1747.38830   81   27 1811.09298 1410.59351  22.1%   6.2 1014s
 355093 245521 1504.90454   38   26 1811.09298 1410.78114  22.1%   6.2 1020s
 357233 246725 1683.83144  107   26 1811.09298 1410.96077  22.1%   6.2 1028s
 358140 247696 infeasible  146      1811.09298 1411.03717  22.1%   6.2 1033s
 359442 248643     cutoff  128      1811.09298 1411.19325  22.1%   6.2 1038s
 360644 249622     cutoff   94      1811.09298 1411.25439  22.1%   6.2 1043s
 361925 250641 infeasible  109      1811.09298 1411.54772  22.1%   6.2 1048s
 363241 251659 1740.34706  124    8 1811.09298 1411.64381  22.1%   6.2 1052s
 364594 252543     cutoff  128      1811.09298 1411.80964  22.0%   6.2 1057s
 365822 253469     cutoff   89      1811.09298 1411.93491  22.0%   6.2 1064s
 367047 254044 1782.02512  112    6 1811.09298 1412.01909  22.0%   6.2 1069s
 368056 254100     cutoff  113      1811.09298 1412.07931  22.0%   6.3 1084s
 368083 254917 1439.29680   64   43 1811.09298 1412.11862  22.0%   6.3 1089s
 369262 255945     cutoff  102      1811.09298 1412.24545  22.0%   6.3 1095s
 370625 256996     cutoff  126      1811.09298 1412.44536  22.0%   6.2 1100s
 373370 259070 1797.57286  109   24 1811.09298 1412.70146  22.0%   6.2 1110s
 375753 261116     cutoff   96      1811.09298 1412.91519  22.0%   6.2 1119s
 377073 261955 infeasible  104      1811.09298 1413.04567  22.0%   6.2 1124s
 378235 262937 1554.73366   56   22 1811.09298 1413.13421  22.0%   6.2 1129s
 379441 263692     cutoff   95      1811.09298 1413.24693  22.0%   6.2 1134s
 380561 264564 1721.77066   79   31 1811.09298 1413.34820  22.0%   6.2 1140s
 381760 265449     cutoff   87      1811.09298 1413.48972  22.0%   6.2 1145s
 382920 266406     cutoff   98      1811.09298 1413.61267  21.9%   6.2 1150s
 384187 267058     cutoff  116      1811.09298 1413.71783  21.9%   6.2 1155s
 385334 267876 1608.82908  103   47 1811.09298 1413.86274  21.9%   6.2 1161s
 386424 268741 1766.39193  131   18 1811.09298 1413.95274  21.9%   6.2 1167s
 387618 269558 1761.26587   58   23 1811.09298 1414.06889  21.9%   6.2 1171s
 388743 270244     cutoff  100      1811.09298 1414.18216  21.9%   6.2 1177s
 389721 271230 1722.99980  104   34 1811.09298 1414.29500  21.9%   6.2 1182s
 391051 272154 1795.37169  106   17 1811.09298 1414.42443  21.9%   6.2 1187s
 392346 273127     cutoff  106      1811.09298 1414.55471  21.9%   6.3 1192s
 393594 274214 1519.12412   54   17 1811.09298 1414.70475  21.9%   6.2 1197s
 394913 275003     cutoff  124      1811.09298 1414.81652  21.9%   6.2 1202s
 396081 275930 1668.01916   53   12 1811.09298 1414.92645  21.9%   6.2 1207s
 397356 276790 1687.97205   69   18 1811.09298 1415.03040  21.9%   6.2 1213s
 398598 277479     cutoff  130      1811.09298 1415.11662  21.9%   6.2 1219s
 399633 278351 1807.34066   55    6 1811.09298 1415.25474  21.9%   6.2 1224s
 400806 279285     cutoff  118      1811.09298 1415.36137  21.9%   6.2 1229s
 402055 280168 infeasible   58      1811.09298 1415.46048  21.8%   6.2 1234s
 403254 280920     cutoff  102      1811.09298 1415.57415  21.8%   6.3 1240s
 404303 281839 1527.69194   62   33 1811.09298 1415.72911  21.8%   6.2 1246s
 405563 282645     cutoff  116      1811.09298 1415.85561  21.8%   6.2 1251s
 406623 283325 1611.39546   84    8 1811.09298 1415.98167  21.8%   6.3 1257s
 407652 284183 1698.21434  105   14 1811.09298 1416.03417  21.8%   6.3 1263s
 408911 285054     cutoff  108      1811.09298 1416.24069  21.8%   6.3 1270s
 410096 285920 1656.85201  113   31 1811.09298 1416.33382  21.8%   6.3 1275s
 411348 286864     cutoff  130      1811.09298 1416.55159  21.8%   6.3 1280s
 412550 287668 infeasible  147      1811.09298 1416.67150  21.8%   6.2 1287s
 413653 288414     cutoff   96      1811.09298 1416.77622  21.8%   6.3 1293s
 414799 289232     cutoff   84      1811.09298 1416.87460  21.8%   6.3 1300s
 415943 290047     cutoff   87      1811.09298 1417.01601  21.8%   6.3 1306s
 417084 290798 infeasible  106      1811.09298 1417.14569  21.8%   6.3 1313s
 418111 291806     cutoff   86      1811.09298 1417.30412  21.7%   6.3 1318s
 419417 292657     cutoff   88      1811.09298 1417.42501  21.7%   6.3 1324s
 420559 293401     cutoff   88      1811.09298 1417.57524  21.7%   6.3 1330s
 421634 294235 1713.91303   92    - 1811.09298 1417.75506  21.7%   6.3 1336s
 422867 295269     cutoff   92      1811.09298 1417.82560  21.7%   6.3 1341s
 424255 296079     cutoff   96      1811.09298 1417.91852  21.7%   6.3 1347s
 425353 296941 1528.43145   51   11 1811.09298 1418.08606  21.7%   6.3 1353s
 426543 297779 1780.01291   79   17 1811.09298 1418.16928  21.7%   6.3 1361s
 427629 298635     cutoff  107      1811.09298 1418.26103  21.7%   6.3 1367s
 428762 299285 1723.84512   83   33 1811.09298 1418.35883  21.7%   6.3 1373s
 429797 300371 1559.39381   54   29 1811.09298 1418.44715  21.7%   6.3 1378s
 431203 301386 1786.25693  125   40 1811.09298 1418.53082  21.7%   6.3 1384s
 432552 302189 1761.60743   81   10 1811.09298 1418.72300  21.7%   6.3 1389s
 433624 302934 infeasible   87      1811.09298 1418.83835  21.7%   6.3 1395s
 434690 303650     cutoff   84      1811.09298 1418.99410  21.6%   6.3 1403s
 435670 304538 1526.74745   78   44 1811.09298 1419.04695  21.6%   6.3 1410s
 436972 305409     cutoff  145      1811.09298 1419.19430  21.6%   6.3 1417s
 438081 306326     cutoff   72      1811.09298 1419.33827  21.6%   6.3 1423s
 439419 307238     cutoff   90      1811.09298 1419.47423  21.6%   6.3 1429s
 440639 308281 1749.23266   95   12 1811.09298 1419.58357  21.6%   6.3 1435s
 442028 308653 1765.37151   87   39 1811.09298 1419.68846  21.6%   6.3 1443s
 442913 309588 infeasible   82      1811.09298 1419.76151  21.6%   6.3 1449s
 444210 310496     cutoff   96      1811.09298 1419.87246  21.6%   6.3 1456s
 445451 311107     cutoff  119      1811.09298 1419.99216  21.6%   6.3 1465s
 446408 311976 1483.94849   59   16 1811.09298 1420.11411  21.6%   6.3 1471s
 447575 312508 1771.68421   93   25 1811.09298 1420.18864  21.6%   6.3 1478s
 448534 313418 1776.03769   78   31 1811.09298 1420.30588  21.6%   6.3 1484s
 449747 314327     cutoff  101      1811.09298 1420.40070  21.6%   6.3 1491s
 451023 314971 1649.76967  108   32 1811.09298 1420.46851  21.6%   6.3 1499s
 452020 315931     cutoff  139      1811.09298 1420.60113  21.6%   6.3 1506s
 453319 316871     cutoff   84      1811.09298 1420.66589  21.6%   6.3 1512s
 454614 317559     cutoff  137      1811.09298 1420.81786  21.5%   6.3 1520s
 455584 318585     cutoff  107      1811.09298 1420.88642  21.5%   6.3 1526s
 456994 319387     cutoff   96      1811.09298 1421.03108  21.5%   6.3 1532s
 458184 320204     cutoff   61      1811.09298 1421.13544  21.5%   6.3 1538s
 459388 321145     cutoff  111      1811.09298 1421.21435  21.5%   6.3 1544s
 460694 322070 1756.80247   95   21 1811.09298 1421.35797  21.5%   6.3 1550s
 461950 322945 infeasible  101      1811.09298 1421.48865  21.5%   6.3 1557s
 463153 323623     cutoff  100      1811.09298 1421.60530  21.5%   6.3 1565s
 464136 324634 1745.75052  120   32 1811.09298 1421.68417  21.5%   6.3 1571s
 465415 325537     cutoff  103      1811.09298 1421.74790  21.5%   6.3 1579s
 466697 326524     cutoff   83      1811.09298 1421.90348  21.5%   6.3 1586s
 468019 327261 infeasible  110      1811.09298 1422.03941  21.5%   6.3 1593s
 468987 327962     cutoff   90      1811.09298 1422.12989  21.5%   6.3 1601s
 470059 328854 1538.43898  105   19 1811.09298 1422.22200  21.5%   6.3 1609s
 471287 329819     cutoff  152      1811.09298 1422.28902  21.5%   6.3 1616s
 472548 330548 1606.72436   61   29 1811.09298 1422.43643  21.5%   6.3 1624s
 473602 331621 1701.66511   66   10 1811.09298 1422.54586  21.5%   6.3 1630s
 475018 331674 1697.41950  112    4 1811.09298 1422.65333  21.4%   6.3 1656s
 475040 332110 1697.71961  113   10 1811.09298 1422.66756  21.4%   6.3 1664s
 476000 332933     cutoff  120      1811.09298 1422.77708  21.4%   6.3 1671s
 477128 333868     cutoff   77      1811.09298 1422.89345  21.4%   6.3 1678s
 478310 334696     cutoff  104      1811.09298 1422.95510  21.4%   6.3 1686s
 479539 335559 1775.91104   79   14 1811.09298 1423.04651  21.4%   6.3 1695s
 480747 336797     cutoff  107      1811.09298 1423.12643  21.4%   6.3 1701s
 482283 337451 infeasible   68      1811.09298 1423.23179  21.4%   6.3 1710s
 483246 338429     cutoff   82      1811.09298 1423.32577  21.4%   6.3 1718s
 484648 339071 1776.64197  124   21 1811.09298 1423.43843  21.4%   6.3 1727s
 485668 340079     cutoff  127      1811.09298 1423.57489  21.4%   6.3 1736s
 486934 341031 1753.51772   83   11 1811.09298 1423.68268  21.4%   6.3 1744s
 488245 341995     cutoff  152      1811.09298 1423.78240  21.4%   6.3 1751s
 489472 342849     cutoff   86      1811.09298 1423.87300  21.4%   6.3 1759s
 490792 343676     cutoff   93      1811.09298 1424.00661  21.4%   6.3 1768s
 491957 344491 1738.49869  108   10 1811.09298 1424.10664  21.4%   6.3 1777s
 493048 345205     cutoff  115      1811.09298 1424.24182  21.4%   6.3 1786s
 494201 346152 1711.72057   71    6 1811.09298 1424.32579  21.4%   6.3 1795s
 495529 347132     cutoff  100      1811.09298 1424.46244  21.3%   6.3 1803s
 496815 347962     cutoff   99      1811.09298 1424.56819  21.3%   6.3 1811s
 497959 348597 1612.65882  160   18 1811.09298 1424.67389  21.3%   6.3 1818s
 498890 349663     cutoff  185      1811.09298 1424.77684  21.3%   6.3 1826s
 500238 350572     cutoff   92      1811.09298 1424.85308  21.3%   6.3 1834s
 501533 351221     cutoff   86      1811.09298 1424.96557  21.3%   6.3 1843s
 502511 352081     cutoff  100      1811.09298 1424.99551  21.3%   6.3 1851s
 503719 352727     cutoff   61      1811.09298 1425.13331  21.3%   6.3 1859s
 504897 353651 1614.58627   78   12 1811.09298 1425.18396  21.3%   6.3 1866s
 506154 354298     cutoff  110      1811.09298 1425.27185  21.3%   6.3 1875s
 507262 355343 1599.90579  117   24 1811.09298 1425.42826  21.3%   6.3 1883s
 508610 356356 infeasible  138      1811.09298 1425.48508  21.3%   6.3 1889s
 509923 357088 infeasible   79      1811.09298 1425.56834  21.3%   6.3 1898s
 511054 358008     cutoff  112      1811.09298 1425.74460  21.3%   6.3 1904s
 512372 358883 1671.45144   56   12 1811.09298 1425.82157  21.3%   6.3 1913s
 513574 359839     cutoff   68      1811.09298 1425.90528  21.3%   6.3 1919s
 514811 360662 1788.80020   86   12 1811.09298 1425.97697  21.3%   6.3 1927s
 516025 361508     cutoff   89      1811.09298 1426.11656  21.3%   6.3 1935s
 517210 362626     cutoff   63      1811.09298 1426.16626  21.3%   6.3 1941s
 518647 363583 1768.70096  107   20 1811.09298 1426.26176  21.2%   6.3 1949s
 519910 364002 1523.50339   44   21 1811.09298 1426.39423  21.2%   6.3 1958s
 520749 364687 infeasible   62      1811.09298 1426.42493  21.2%   6.3 1966s
 521870 365651 1765.58719   65   11 1811.09298 1426.54590  21.2%   6.3 1973s
 523162 366638 1693.54742   70   46 1811.09298 1426.66412  21.2%   6.3 1981s
 524457 367621 1611.54364   67   33 1811.09298 1426.75238  21.2%   6.3 1989s
 525711 368644     cutoff  110      1811.09298 1426.83265  21.2%   6.3 1996s
 527082 369685     cutoff  103      1811.09298 1426.90973  21.2%   6.3 2003s
 528444 370543     cutoff  130      1811.09298 1427.01355  21.2%   6.3 2011s
 529593 370951 1761.23020   90   19 1811.09298 1427.06618  21.2%   6.3 2020s
 530497 371974     cutoff   65      1811.09298 1427.17240  21.2%   6.3 2029s
 531830 373006 1503.07646   72   47 1811.09298 1427.26220  21.2%   6.3 2038s
 533099 373685 1571.91949   50   17 1811.09298 1427.36323  21.2%   6.3 2047s
 534089 374671     cutoff   76      1811.09298 1427.41963  21.2%   6.3 2054s
 535413 375569     cutoff   90      1811.09298 1427.54978  21.2%   6.3 2064s
 536650 376533     cutoff   75      1811.09298 1427.67989  21.2%   6.3 2073s
 537989 377390     cutoff  118      1811.09298 1427.71049  21.2%   6.3 2083s
 539081 378129 1618.45404   64   30 1811.09298 1427.80078  21.2%   6.3 2091s
 540199 379057 1788.60060  109   43 1811.09298 1427.84767  21.2%   6.3 2098s
 541497 379895     cutoff   83      1811.09298 1427.90633  21.2%   6.3 2105s
 542485 380681 1701.90271   70   25 1811.09298 1427.96663  21.2%   6.3 2112s
 543688 381603 1799.76020  141    6 1811.09298 1428.03356  21.2%   6.3 2120s
 544907 382659     cutoff  140      1811.09298 1428.16747  21.1%   6.3 2126s
 546241 383592     cutoff  106      1811.09298 1428.24545  21.1%   6.3 2133s
 547532 384554     cutoff  136      1811.09298 1428.38464  21.1%   6.3 2140s
 548765 385469     cutoff   89      1811.09298 1428.47494  21.1%   6.3 2147s
 549970 386435     cutoff   98      1811.09298 1428.53916  21.1%   6.3 2155s
 551208 387367 1546.44520  105   21 1811.09298 1428.65999  21.1%   6.3 2161s
 552411 388296     cutoff  121      1811.09298 1428.73162  21.1%   6.3 2170s
 553641 389165     cutoff   73      1811.09298 1428.80752  21.1%   6.3 2177s
 554821 389955 1564.57995   74   27 1811.09298 1428.86117  21.1%   6.3 2183s
 555984 390418     cutoff  135      1811.09298 1428.99055  21.1%   6.3 2193s
 556794 391173 1607.22910   62   10 1811.09298 1429.06998  21.1%   6.3 2202s
 557930 391914 1692.53927   89   11 1811.09298 1429.16919  21.1%   6.3 2211s
 559048 392841     cutoff   96      1811.09298 1429.28194  21.1%   6.3 2222s
 560281 393519 1491.46334   50   14 1811.09298 1429.37951  21.1%   6.3 2232s
 561346 394450 infeasible   75      1811.09298 1429.47322  21.1%   6.3 2238s
 562593 395354 1705.43316   73   15 1811.09298 1429.58754  21.1%   6.3 2246s
 563820 396464     cutoff   86      1811.09298 1429.71372  21.1%   6.3 2253s
 565266 397500 infeasible   74      1811.09298 1429.79350  21.1%   6.3 2261s
 566641 398478 1612.82131   82   19 1811.09298 1429.91399  21.0%   6.3 2268s
 568014 399259 infeasible  102      1811.09298 1430.01337  21.0%   6.3 2274s
 569067 400137 1730.14461   69   32 1811.09298 1430.12236  21.0%   6.3 2283s
 570343 401079     cutoff  129      1811.09298 1430.18588  21.0%   6.3 2291s
 571612 401557 1770.78219   80    8 1811.09298 1430.30820  21.0%   6.3 2302s
 572433 402196 1659.61879   86   34 1811.09298 1430.35455  21.0%   6.3 2311s
 573473 402912 1720.87143  111   19 1811.09298 1430.39579  21.0%   6.3 2319s
 574590 403786     cutoff  119      1811.09298 1430.50586  21.0%   6.3 2329s
 575713 404814 1526.78304   80   50 1811.09298 1430.59875  21.0%   6.4 2336s
 577002 405783     cutoff  133      1811.09298 1430.68511  21.0%   6.4 2343s
 578395 406765 infeasible   91      1811.09298 1430.77232  21.0%   6.4 2351s
 579664 407363     cutoff  120      1811.09298 1430.83267  21.0%   6.4 2361s
 580546 408308     cutoff   94      1811.09298 1430.89637  21.0%   6.4 2371s
 581748 409178     cutoff  106      1811.09298 1430.94208  21.0%   6.4 2382s
 583000 410175 1809.55045  100   14 1811.09298 1431.04547  21.0%   6.4 2392s
 584349 411222     cutoff  127      1811.09298 1431.18297  21.0%   6.4 2402s
 585730 412187 1576.13442   75   45 1811.09298 1431.27689  21.0%   6.4 2412s
 586948 413089 1700.95950   82   31 1811.09298 1431.35601  21.0%   6.4 2422s
 588213 413636 1774.99689  111   18 1811.09298 1431.44349  21.0%   6.4 2433s
 589184 414464 1752.42869   89   25 1811.09298 1431.51142  21.0%   6.4 2443s
 590302 415327 1661.70057   82   44 1811.09298 1431.62603  21.0%   6.4 2451s
 591551 416337     cutoff  125      1811.09298 1431.68440  20.9%   6.4 2459s
 592936 416951 1793.64840   95   24 1811.09298 1431.82050  20.9%   6.4 2470s
 593937 417483     cutoff   99      1811.09298 1431.90190  20.9%   6.4 2476s
 594710 418111 1785.98158   95   16 1811.09298 1431.95045  20.9%   6.4 2483s
 595566 418956 1595.18715   66   43 1811.09298 1432.01631  20.9%   6.4 2493s
 596839 419932     cutoff  116      1811.09298 1432.10367  20.9%   6.4 2501s
 598121 420810     cutoff   96      1811.09298 1432.20831  20.9%   6.4 2511s
 599342 421451     cutoff   67      1811.09298 1432.33118  20.9%   6.4 2521s
 600458 421483 infeasible   65      1811.09298 1432.39507  20.9%   6.4 2539s
 600491 422344 1682.15926   72   14 1811.09298 1432.43325  20.9%   6.4 2549s
 601778 423406     cutoff   87      1811.09298 1432.50201  20.9%   6.4 2558s
 603160 424327     cutoff   89      1811.09298 1432.59126  20.9%   6.4 2568s
 604474 425430 1624.91984   97   37 1811.09298 1432.66151  20.9%   6.4 2577s
 605945 426127 1641.19641   75    6 1811.09298 1432.79309  20.9%   6.4 2587s
 607129 426932 1631.43758   95   48 1811.09298 1432.86204  20.9%   6.4 2598s
 608290 427966 1780.69562  132    4 1811.09298 1432.92550  20.9%   6.4 2609s
 609697 428962     cutoff   88      1811.09298 1433.06745  20.9%   6.4 2618s
 611097 430061 1612.46557   93   16 1811.09298 1433.19588  20.9%   6.4 2627s
 612563 431034     cutoff  127      1811.09298 1433.27389  20.9%   6.4 2636s
 613829 432137     cutoff  131      1811.09298 1433.36209  20.9%   6.4 2645s
 615255 433122 1799.35358   79   19 1811.09298 1433.44175  20.9%   6.4 2654s
 616570 433652 infeasible   82      1811.09298 1433.51252  20.8%   6.4 2665s
 617454 434158 1759.77433  101   30 1811.09298 1433.56213  20.8%   6.4 2675s
 618370 434808     cutoff  107      1811.09298 1433.61380  20.8%   6.4 2684s
 619403 435735 1688.36395   69   12 1811.09298 1433.72960  20.8%   6.4 2694s
 620730 436614     cutoff  156      1811.09298 1433.78367  20.8%   6.4 2702s
 621915 437472     cutoff   83      1811.09298 1433.87461  20.8%   6.4 2710s
 623224 438311     cutoff   76      1811.09298 1434.01327  20.8%   6.4 2719s
 624371 438751 infeasible   97      1811.09298 1434.10426  20.8%   6.4 2730s
 625227 439621 1666.60897   99    - 1811.09298 1434.15811  20.8%   6.4 2738s
 626393 440517     cutoff  102      1811.09298 1434.20500  20.8%   6.4 2746s
 627635 441507     cutoff  154      1811.09298 1434.30853  20.8%   6.4 2754s
 629010 442098 1659.28601   77   14 1811.09298 1434.44062  20.8%   6.4 2762s
 630026 442970     cutoff  104      1811.09298 1434.53587  20.8%   6.4 2769s
 631163 443697     cutoff   89      1811.09298 1434.62125  20.8%   6.4 2778s
 632332 444101 1795.69374   79    - 1811.09298 1434.71415  20.8%   6.4 2787s
 633259 444762     cutoff   79      1811.09298 1434.74901  20.8%   6.4 2795s
 634443 445554     cutoff   91      1811.09298 1434.75101  20.8%   6.4 2804s
 635728 446514 1674.77150   64   46 1811.09298 1434.89905  20.8%   6.4 2814s
 637050 447458 1578.61811   79   23 1811.09298 1434.96115  20.8%   6.4 2823s
 638339 448398     cutoff   98      1811.09298 1435.04078  20.8%   6.4 2831s
 639656 449203 1744.68702   72   39 1811.09298 1435.14965  20.8%   6.4 2841s
 640838 450233     cutoff   56      1811.09298 1435.23689  20.8%   6.4 2849s
 642261 451157     cutoff  101      1811.09298 1435.34643  20.7%   6.4 2858s
 643487 451192 1657.38223   61   11 1811.09298 1435.44670  20.7%   6.4 2878s
 643512 452122 1601.72772   62   16 1811.09298 1435.47189  20.7%   6.4 2886s
 644844 452968     cutoff  105      1811.09298 1435.52599  20.7%   6.4 2895s
 645986 453771     cutoff   75      1811.09298 1435.58423  20.7%   6.4 2903s
 647233 454690     cutoff   79      1811.09298 1435.71645  20.7%   6.4 2912s
 648521 455665     cutoff   76      1811.09298 1435.78786  20.7%   6.4 2923s
 649858 456591 1501.69284   97   45 1811.09298 1435.87358  20.7%   6.4 2933s
 651092 457327 1746.88835  142   18 1811.09298 1435.94868  20.7%   6.4 2946s
 652280 458221 1784.15506   82   19 1811.09298 1436.01563  20.7%   6.4 2957s
 653496 458822     cutoff   69      1811.09298 1436.10292  20.7%   6.4 2968s
 654444 459777 1640.44999  149   47 1811.09298 1436.13213  20.7%   6.4 2980s
 655749 460436     cutoff  166      1811.09298 1436.19008  20.7%   6.4 2989s
 656750 460927 1568.30382   87   50 1811.09298 1436.26702  20.7%   6.4 2998s
 657676 461917 1574.70324  135   35 1811.09298 1436.36423  20.7%   6.4 3007s
 659084 462825     cutoff  149      1811.09298 1436.42396  20.7%   6.4 3015s
 660339 463749 1758.26916   53   14 1811.09298 1436.58172  20.7%   6.4 3024s
 661687 464435 1767.38842  112   29 1811.09298 1436.68441  20.7%   6.4 3037s
 662741 465048 1747.79365   76   12 1811.09298 1436.74705  20.7%   6.4 3048s
 663735 466147 1705.00754   79    4 1811.09298 1436.81396  20.7%   6.4 3060s
 665178 467256     cutoff   96      1811.09298 1436.91452  20.7%   6.4 3069s
 665767 467276     cutoff  136      1811.09298 1436.93509  20.7%   6.4 3070s
 666599 468226 infeasible   92      1811.09298 1436.98740  20.7%   6.4 3080s
 667992 469067 1648.38274  107   26 1811.09298 1437.11190  20.6%   6.4 3091s
 669101 470022 1635.85145   78    8 1811.09298 1437.18044  20.6%   6.4 3099s
 670431 470956 1688.65040  140   32 1811.09298 1437.24970  20.6%   6.4 3108s
 671618 471908 1634.07470   98   17 1811.09298 1437.34125  20.6%   6.4 3116s
 673003 472817     cutoff   84      1811.09298 1437.42519  20.6%   6.4 3125s
 674241 473645 infeasible  119      1811.09298 1437.49816  20.6%   6.4 3135s
 675391 474329     cutoff   93      1811.09298 1437.58239  20.6%   6.4 3145s
 676403 475407 1796.02641   80    - 1811.09298 1437.65512  20.6%   6.4 3154s
 677540 475430 1583.54125   65   23 1811.09298 1437.72308  20.6%   6.4 3155s
 677761 476296     cutoff  122      1811.09298 1437.75722  20.6%   6.4 3162s
 679140 477157     cutoff  115      1811.09298 1437.83231  20.6%   6.4 3171s
 680323 478077 1783.56990  120   30 1811.09298 1437.86878  20.6%   6.4 3179s
 681619 478868 1646.09830   58   14 1811.09298 1437.99066  20.6%   6.4 3188s
 682710 479714 1702.60480   74   40 1811.09298 1438.06132  20.6%   6.4 3196s
 683849 480459     cutoff  107      1811.09298 1438.14954  20.6%   6.4 3203s
 684797 481483 1801.74663  113   25 1811.09298 1438.19182  20.6%   6.4 3212s
 686239 482432 1714.20271   97   14 1811.09298 1438.28761  20.6%   6.4 3220s
 687518 483317     cutoff  117      1811.09298 1438.38227  20.6%   6.4 3228s
 688771 484281 1700.45476   76   17 1811.09298 1438.45557  20.6%   6.4 3236s
 690079 485342     cutoff  130      1811.09298 1438.55906  20.6%   6.4 3244s
 691467 486170     cutoff  132      1811.09298 1438.63780  20.6%   6.4 3253s
 692630 487149 1679.05480  120   33 1811.09298 1438.72526  20.6%   6.4 3262s
 693947 487614     cutoff  119      1811.09298 1438.77866  20.6%   6.4 3272s
 694836 488132     cutoff   77      1811.09298 1438.82560  20.6%   6.4 3283s
 695784 488875     cutoff   88      1811.09298 1438.91451  20.5%   6.4 3292s
 696921 489792 1578.45825   54   14 1811.09298 1438.99860  20.5%   6.4 3301s
 698280 490724 1787.85568  100   32 1811.09298 1439.04549  20.5%   6.4 3310s
 699515 491590     cutoff   91      1811.09298 1439.14617  20.5%   6.4 3320s
 700714 492404 infeasible   93      1811.09298 1439.21305  20.5%   6.4 3330s
 701957 493103     cutoff   80      1811.09298 1439.30780  20.5%   6.4 3342s
 702984 494083 1732.17890  132   45 1811.09298 1439.34495  20.5%   6.4 3351s
 704338 495005     cutoff  156      1811.09298 1439.41771  20.5%   6.4 3359s
 705512 495895     cutoff   96      1811.09298 1439.51368  20.5%   6.4 3370s
 706780 496838     cutoff   84      1811.09298 1439.58527  20.5%   6.4 3379s
 708037 497556 1735.42580  111   54 1811.09298 1439.65887  20.5%   6.4 3388s
 709194 498482 1594.33587   67   20 1811.09298 1439.71370  20.5%   6.4 3398s
 710484 499470     cutoff  129      1811.09298 1439.79037  20.5%   6.4 3408s
 711833 500272     cutoff   85      1811.09298 1439.85573  20.5%   6.4 3421s
 712963 501336     cutoff   83      1811.09298 1439.92343  20.5%   6.4 3433s
 714373 501925 infeasible   90      1811.09298 1440.03201  20.5%   6.4 3444s
 715276 502827     cutoff   89      1811.09298 1440.11028  20.5%   6.4 3453s
 716643 503439     cutoff   82      1811.09298 1440.18149  20.5%   6.4 3465s
 717621 504214 1788.82438   69   19 1811.09298 1440.26484  20.5%   6.4 3478s
 718817 504932 1720.16113   84   21 1811.09298 1440.30529  20.5%   6.4 3491s
 719814 505968     cutoff   87      1811.09298 1440.37685  20.5%   6.4 3500s
 721277 506614 1785.42233   72   17 1811.09298 1440.48248  20.5%   6.4 3511s
 722301 507595     cutoff  103      1811.09298 1440.56615  20.5%   6.4 3521s
 723723 508532 1726.33593   96   29 1811.09298 1440.62251  20.5%   6.4 3530s
 725124 508966     cutoff   85      1811.09298 1440.72262  20.5%   6.4 3541s
 725904 509705     cutoff   78      1811.09298 1440.75394  20.4%   6.4 3552s
 726998 509734     cutoff   74      1811.09298 1440.85455  20.4%   6.4 3572s
 727029 510651 1513.48529   62   28 1811.09298 1440.87436  20.4%   6.4 3581s
 728345 511591     cutoff  103      1811.09298 1440.94022  20.4%   6.4 3593s
 729648 512293 1490.49035   84   52 1811.09298 1441.03006  20.4%   6.4 3603s
 730782 513055     cutoff  140      1811.09298 1441.09032  20.4%   6.4 3616s
 731859 513788     cutoff   96      1811.09298 1441.14260  20.4%   6.4 3627s
 733132 515012     cutoff  106      1811.09298 1441.23195  20.4%   6.4 3636s
 734770 515930 1739.06215   72   47 1811.09298 1441.30270  20.4%   6.4 3648s
 736070 516707 1646.14008  119   47 1811.09298 1441.36288  20.4%   6.4 3662s
 737298 517571 1795.80922   85   18 1811.09298 1441.41711  20.4%   6.4 3675s
 738538 518475 1800.85644   86   10 1811.09298 1441.49639  20.4%   6.4 3686s
 739903 519493 1799.64779   91    6 1811.09298 1441.56213  20.4%   6.4 3696s
 741278 520300 1752.51762  109   38 1811.09298 1441.62655  20.4%   6.4 3709s
 742585 520923     cutoff  116      1811.09298 1441.73040  20.4%   6.4 3723s
 743583 521799 1585.75428   61   17 1811.09298 1441.81029  20.4%   6.4 3736s
 744737 522849 1753.85457  112   20 1811.09298 1441.84679  20.4%   6.4 3752s
 746120 523939     cutoff  115      1811.09298 1441.97151  20.4%   6.4 3764s
 747572 524782     cutoff   95      1811.09298 1442.07712  20.4%   6.4 3772s
 748780 525784     cutoff  111      1811.09298 1442.16315  20.4%   6.4 3781s
 750150 526738     cutoff  106      1811.09298 1442.23353  20.4%   6.4 3790s
 751441 527317     cutoff  115      1811.09298 1442.29448  20.4%   6.4 3800s
 752441 528012     cutoff  112      1811.09298 1442.38830  20.4%   6.4 3809s
 753456 528597     cutoff   83      1811.09298 1442.47636  20.4%   6.4 3820s
 754294 529598     cutoff   73      1811.09298 1442.55527  20.3%   6.4 3829s
 755784 530419 1721.17029  100    4 1811.09298 1442.59492  20.3%   6.4 3840s
 756951 531406     cutoff  112      1811.09298 1442.66796  20.3%   6.4 3850s
 758262 532273     cutoff   86      1811.09298 1442.75614  20.3%   6.4 3861s
 759508 533161 1798.14171  104   22 1811.09298 1442.82630  20.3%   6.4 3872s
 760790 534203 1582.19210   75   17 1811.09298 1442.89323  20.3%   6.4 3885s
 762211 535168     cutoff  125      1811.09298 1442.98151  20.3%   6.4 3893s
 763492 536034 1684.49277   78   39 1811.09298 1443.02394  20.3%   6.4 3903s
 764592 537011 1803.45683  129   16 1811.09298 1443.07542  20.3%   6.4 3913s
 765946 537986     cutoff  130      1811.09298 1443.16419  20.3%   6.4 3923s
 767315 539042 infeasible   88      1811.09298 1443.21006  20.3%   6.4 3932s
 768670 539757 1809.54789  120   30 1811.09298 1443.28067  20.3%   6.4 3943s
 769651 540631 1659.90809   96   38 1811.09298 1443.33159  20.3%   6.4 3953s
 770798 541159 1669.82218  132   47 1811.09298 1443.36202  20.3%   6.4 3964s
 771825 541879     cutoff  159      1811.09298 1443.43282  20.3%   6.4 3974s
 772973 542581     cutoff  115      1811.09298 1443.49241  20.3%   6.5 3986s
 774165 543450 1540.60521   64   30 1811.09298 1443.57904  20.3%   6.5 3997s
 775424 544567 1720.11543   58   20 1811.09298 1443.65397  20.3%   6.5 4009s
 776899 545051 1584.98047   84   37 1811.09298 1443.76448  20.3%   6.5 4022s
 777720 545509     cutoff  135      1811.09298 1443.79711  20.3%   6.5 4033s
 778665 546651 1595.24261   61   25 1811.09298 1443.86556  20.3%   6.5 4044s
 780135 547558     cutoff   78      1811.09298 1443.93409  20.3%   6.5 4055s
 781542 548344     cutoff   74      1811.09298 1444.02178  20.3%   6.5 4066s
 782644 549248     cutoff  100      1811.09298 1444.07034  20.3%   6.5 4077s
 783860 550142 1786.43687   66   26 1811.09298 1444.14271  20.3%   6.5 4087s
 785176 550930     cutoff   79      1811.09298 1444.22840  20.3%   6.5 4099s
 786333 551958 infeasible   71      1811.09298 1444.31899  20.3%   6.5 4108s
 787659 553023     cutoff   78      1811.09298 1444.38348  20.2%   6.5 4118s
 789069 553899 1574.09298   51   29 1811.09298 1444.43844  20.2%   6.5 4129s
 790294 554867     cutoff   60      1811.09298 1444.49530  20.2%   6.5 4138s
 791616 555661 1508.10964   56   26 1811.09298 1444.60301  20.2%   6.5 4149s
 792732 556728 1808.54335   74   28 1811.09298 1444.68044  20.2%   6.5 4159s
 794206 557807     cutoff   56      1811.09298 1444.75727  20.2%   6.5 4168s
 795642 558572     cutoff  101      1811.09298 1444.80522  20.2%   6.5 4176s
 796772 559544 1583.62133  103   37 1811.09298 1444.85561  20.2%   6.5 4187s
 798094 560397     cutoff   82      1811.09298 1444.93160  20.2%   6.5 4198s
 799360 561319 1568.89561   58   22 1811.09298 1445.00646  20.2%   6.5 4208s
 800654 562121     cutoff   75      1811.09298 1445.07180  20.2%   6.5 4220s
 801784 562693     cutoff   64      1811.09298 1445.15506  20.2%   6.5 4232s
 802682 563506 1683.20441   93   17 1811.09298 1445.17354  20.2%   6.5 4242s
 803929 564461 1608.21805   67   23 1811.09298 1445.27335  20.2%   6.5 4253s
 805151 565369     cutoff   95      1811.09298 1445.34937  20.2%   6.5 4264s
 806525 566027     cutoff  107      1811.09298 1445.44756  20.2%   6.5 4275s
 807564 566828 1741.54474   68   34 1811.09298 1445.48704  20.2%   6.5 4285s
 808757 567771     cutoff   84      1811.09298 1445.55820  20.2%   6.5 4295s
 809991 568712     cutoff   86      1811.09298 1445.60651  20.2%   6.5 4305s
 811323 569648     cutoff   87      1811.09298 1445.68542  20.2%   6.5 4316s
 812618 570500 infeasible   85      1811.09298 1445.75495  20.2%   6.5 4327s
 813742 571548 1584.87858   68   24 1811.09298 1445.82906  20.2%   6.5 4337s
 815120 572276     cutoff   86      1811.09298 1445.91198  20.2%   6.5 4346s
 816171 572968 1658.76386   60   11 1811.09298 1445.99200  20.2%   6.5 4356s
 817298 573818 infeasible   74      1811.09298 1446.07390  20.2%   6.5 4368s
 818539 574668 1764.09968  115   35 1811.09298 1446.14658  20.2%   6.5 4380s
 819714 575252 1789.49097   66   14 1811.09298 1446.19810  20.1%   6.5 4391s
 820629 576003 1749.73883  102   38 1811.09298 1446.27531  20.1%   6.5 4402s
 821693 576939 1623.65199   69   22 1811.09298 1446.32486  20.1%   6.5 4413s
 822979 577493     cutoff   89      1811.09298 1446.33772  20.1%   6.5 4425s
 823999 578494 1777.70934   60   19 1811.09298 1446.45223  20.1%   6.5 4438s
 825363 579533 1648.16060   81   19 1811.09298 1446.50229  20.1%   6.5 4447s
 826785 580326 1715.15235  140   46 1811.09298 1446.57134  20.1%   6.5 4459s
 828030 581179     cutoff  151      1811.09298 1446.64397  20.1%   6.5 4470s
 829369 582328 1807.34322   56   28 1811.09298 1446.74324  20.1%   6.5 4481s
 830852 583049     cutoff   79      1811.09298 1446.81394  20.1%   6.5 4494s
 831902 583948 infeasible   79      1811.09298 1446.85791  20.1%   6.5 4505s
 833230 584779 1737.37154  103   26 1811.09298 1446.93844  20.1%   6.5 4517s
 834505 585369     cutoff   79      1811.09298 1447.00498  20.1%   6.5 4531s
 835521 586442 1794.53616  111   15 1811.09298 1447.06495  20.1%   6.5 4545s
 836928 587325 1581.07760   93    6 1811.09298 1447.13854  20.1%   6.5 4558s
 838204 588317 1690.85959  105   40 1811.09298 1447.17561  20.1%   6.5 4568s
 839597 589048     cutoff   92      1811.09298 1447.27052  20.1%   6.5 4581s
 840792 589813     cutoff   89      1811.09298 1447.34726  20.1%   6.5 4594s
 841981 590440 1706.48666   57   20 1811.09298 1447.39363  20.1%   6.5 4609s
 843032 591015 1623.79723   52   33 1811.09298 1447.44806  20.1%   6.5 4623s
 844147 591687 1736.49121   78   26 1811.09298 1447.51203  20.1%   6.5 4635s
 845392 592456 1774.83703  126   13 1811.09298 1447.58886  20.1%   6.5 4649s
 846511 593161 1710.44411   86   26 1811.09298 1447.65002  20.1%   6.5 4660s
 847537 594228 1787.42933  116    4 1811.09298 1447.72823  20.1%   6.5 4672s
 848966 594944     cutoff  125      1811.09298 1447.77378  20.1%   6.5 4685s
 850103 596025 1724.11539  116   40 1811.09298 1447.82169  20.1%   6.5 4696s
 851572 596810 1766.11892   81    6 1811.09298 1447.90494  20.1%   6.5 4707s
 852777 597644     cutoff  114      1811.09298 1447.99471  20.0%   6.5 4720s
 854010 598621     cutoff   97      1811.09298 1448.04911  20.0%   6.5 4733s
 855297 599650 infeasible   92      1811.09298 1448.09856  20.0%   6.5 4745s
 856690 600228     cutoff   88      1811.09298 1448.17500  20.0%   6.5 4761s
 857678 601025     cutoff  115      1811.09298 1448.25746  20.0%   6.5 4773s
 858896 602075 1582.91225   84   33 1811.09298 1448.29398  20.0%   6.5 4784s
 860307 603024 1562.51890   68   28 1811.09298 1448.38788  20.0%   6.5 4796s
 861652 603585 infeasible   96      1811.09298 1448.44127  20.0%   6.5 4812s
 862684 604424     cutoff   74      1811.09298 1448.48095  20.0%   6.5 4823s
 864027 605336 1651.83603   70   43 1811.09298 1448.53394  20.0%   6.5 4838s
 865219 606179 infeasible   98      1811.09298 1448.60645  20.0%   6.5 4852s
 866569 606870     cutoff   76      1811.09298 1448.67766  20.0%   6.5 4866s
 867693 607593     cutoff   93      1811.09298 1448.77637  20.0%   6.5 4879s
 868779 608657     cutoff   63      1811.09298 1448.84308  20.0%   6.5 4891s
 870287 609468     cutoff  150      1811.09298 1448.93135  20.0%   6.5 4904s
 871448 610272 infeasible   57      1811.09298 1449.01346  20.0%   6.5 4916s
 872745 611158     cutoff   80      1811.09298 1449.07187  20.0%   6.5 4928s
 873933 612195 1717.88098  121   39 1811.09298 1449.11748  20.0%   6.5 4941s
 875352 613156 1627.70585   56   25 1811.09298 1449.20027  20.0%   6.5 4958s
 876708 613946     cutoff   74      1811.09298 1449.27016  20.0%   6.5 4972s
 877863 614844 infeasible   92      1811.09298 1449.33017  20.0%   6.5 4986s
 879115 614884 infeasible  101      1811.09298 1449.38164  20.0%   6.5 5018s
 879150 615681 1734.62898   63   13 1811.09298 1449.38373  20.0%   6.5 5029s
 880343 616175 1629.58751   74   32 1811.09298 1449.42871  20.0%   6.5 5042s
 881239 617132 infeasible   87      1811.09298 1449.49353  20.0%   6.5 5053s
 882643 618149 1720.22955  105   28 1811.09298 1449.55968  20.0%   6.5 5064s
 884057 619235     cutoff   83      1811.09298 1449.63075  20.0%   6.5 5075s
 885587 620252     cutoff  113      1811.09298 1449.69375  20.0%   6.5 5086s
 887007 621221     cutoff   83      1811.09298 1449.76393  20.0%   6.5 5099s
 888305 622034     cutoff   85      1811.09298 1449.82729  19.9%   6.5 5112s
 889503 623122 1474.45941   55   23 1811.09298 1449.86950  19.9%   6.5 5124s
 890912 624069 1582.20769   72   35 1811.09298 1449.94191  19.9%   6.5 5136s
 892162 624769     cutoff  111      1811.09298 1449.99341  19.9%   6.5 5146s
 893187 625767     cutoff   95      1811.09298 1450.06273  19.9%   6.5 5158s
 894574 626381     cutoff   83      1811.09298 1450.09975  19.9%   6.5 5170s
 895767 626986     cutoff   92      1811.09298 1450.16968  19.9%   6.5 5184s
 896747 627403 1788.26301   76   18 1811.09298 1450.23734  19.9%   6.5 5197s
 897643 628040     cutoff   54      1811.09298 1450.26306  19.9%   6.5 5209s
 898864 629000 1788.55917   72    - 1811.09298 1450.30286  19.9%   6.5 5221s
 900199 629923 infeasible   74      1811.09298 1450.38015  19.9%   6.5 5235s
 901443 630958     cutoff   80      1811.09298 1450.44512  19.9%   6.5 5246s
 902896 632029 1602.44365   57   28 1811.09298 1450.51909  19.9%   6.5 5256s
 904367 633067 1575.36441   73   19 1811.09298 1450.58805  19.9%   6.5 5267s
 905784 633583     cutoff   97      1811.09298 1450.64738  19.9%   6.5 5283s
 906786 634542     cutoff   61      1811.09298 1450.68502  19.9%   6.5 5296s
 908119 635443 1779.14972   87   35 1811.09298 1450.75915  19.9%   6.5 5310s
 909424 636184     cutoff  106      1811.09298 1450.80652  19.9%   6.5 5324s
 910615 636889 1712.57941   91   20 1811.09298 1450.89341  19.9%   6.5 5340s
 911714 637760 1773.39277   73    6 1811.09298 1450.95175  19.9%   6.5 5352s
 913022 638516     cutoff   87      1811.09298 1451.02158  19.9%   6.5 5364s
 914262 639567     cutoff   87      1811.09298 1451.08485  19.9%   6.5 5376s
 915592 640301 1754.13745   81   16 1811.09298 1451.13375  19.9%   6.5 5388s
 916629 641354     cutoff   83      1811.09298 1451.19219  19.9%   6.5 5400s
 917992 642376     cutoff  159      1811.09298 1451.24308  19.9%   6.5 5413s
 919374 643268 1722.78938  114   35 1811.09298 1451.31017  19.9%   6.5 5429s
 920045 643291     cutoff   85      1811.09298 1451.32732  19.9%   6.5 5430s
 920650 644277     cutoff   78      1811.09298 1451.37806  19.9%   6.5 5445s
 922098 645211 infeasible   96      1811.09298 1451.43858  19.9%   6.5 5462s
 923279 646167 1730.05992   75   19 1811.09298 1451.48831  19.9%   6.5 5475s
 924636 646939 infeasible  140      1811.09298 1451.52993  19.9%   6.5 5491s
 925741 647788     cutoff   82      1811.09298 1451.58154  19.9%   6.5 5507s
 926980 648460     cutoff   90      1811.09298 1451.63606  19.8%   6.5 5526s
 927969 649218     cutoff   61      1811.09298 1451.69573  19.8%   6.5 5542s
 929143 649957     cutoff  142      1811.09298 1451.74130  19.8%   6.5 5558s
 930164 650928 1805.83401  107   16 1811.09298 1451.80892  19.8%   6.5 5569s
 931623 651758 1795.76349   51   10 1811.09298 1451.89094  19.8%   6.5 5583s
 932838 652711     cutoff  100      1811.09298 1451.95246  19.8%   6.5 5596s
 934130 653717     cutoff   95      1811.09298 1452.00726  19.8%   6.5 5608s
 935467 654538 1607.55200   72   26 1811.09298 1452.09304  19.8%   6.5 5620s
 936639 655448 1769.74731  122   19 1811.09298 1452.13157  19.8%   6.5 5631s
 937955 656211 infeasible  131      1811.09298 1452.20445  19.8%   6.5 5641s
 939075 657096 1808.03435   59   25 1811.09298 1452.24853  19.8%   6.5 5654s
 940298 657711 1666.63606   72   32 1811.09298 1452.29863  19.8%   6.5 5670s
 941318 658588 infeasible   98      1811.09298 1452.35181  19.8%   6.5 5682s
 942682 659440     cutoff   85      1811.09298 1452.42872  19.8%   6.5 5694s
 943878 660345     cutoff  107      1811.09298 1452.48802  19.8%   6.5 5708s
 945182 661285 1696.83872  121   42 1811.09298 1452.55799  19.8%   6.5 5723s
 946549 662316 infeasible  143      1811.09298 1452.64428  19.8%   6.5 5736s
 947951 663387 1686.30160   62   23 1811.09298 1452.71921  19.8%   6.5 5751s
 949353 664053 1788.54521   99   38 1811.09298 1452.77115  19.8%   6.5 5765s
 950473 664685     cutoff   68      1811.09298 1452.79911  19.8%   6.5 5778s
 951602 665774 1656.55603   71   12 1811.09298 1452.87460  19.8%   6.5 5790s
 952987 666616 1510.13857   57   25 1811.09298 1452.92706  19.8%   6.5 5803s
 954165 667604     cutoff   99      1811.09298 1452.97952  19.8%   6.5 5815s
 955569 668345     cutoff  110      1811.09298 1453.02108  19.8%   6.5 5831s
 956579 669232     cutoff   76      1811.09298 1453.09402  19.8%   6.5 5845s
 957844 669700 1590.02783   67   24 1811.09298 1453.12228  19.8%   6.5 5860s
 958788 670467 1624.42195   45   12 1811.09298 1453.19673  19.8%   6.5 5873s
 960012 671178 1695.35886   72   29 1811.09298 1453.26276  19.8%   6.5 5888s
 960994 672177 1680.12054   90   22 1811.09298 1453.30822  19.8%   6.5 5902s
 962463 672890     cutoff  125      1811.09298 1453.39725  19.8%   6.5 5919s
 963419 673877 1685.42021   61   11 1811.09298 1453.47064  19.7%   6.5 5932s
 964804 674902 1754.91562   84   48 1811.09298 1453.52388  19.7%   6.5 5947s
 966211 675575 infeasible   78      1811.09298 1453.58978  19.7%   6.5 5963s
 967404 676555 1635.41045   66   26 1811.09298 1453.66593  19.7%   6.5 5977s
 968654 677502 1695.55667   80   26 1811.09298 1453.70171  19.7%   6.5 5991s
 969961 678647     cutoff   81      1811.09298 1453.75946  19.7%   6.5 6004s
 971475 679385     cutoff   98      1811.09298 1453.81511  19.7%   6.5 6019s
 972667 680458 1689.76508   93   27 1811.09298 1453.88849  19.7%   6.5 6032s
 974068 681331     cutoff  109      1811.09298 1453.95032  19.7%   6.5 6049s
 975286 682062 1650.58485   47   16 1811.09298 1454.00431  19.7%   6.5 6064s
 976397 682996 1641.95224   73    6 1811.09298 1454.04905  19.7%   6.5 6078s
 977757 683934     cutoff   87      1811.09298 1454.11066  19.7%   6.5 6093s
 979064 684642 1677.12755  153   12 1811.09298 1454.19105  19.7%   6.5 6108s
 980216 685669     cutoff  168      1811.09298 1454.25799  19.7%   6.5 6122s
 981643 686466     cutoff  134      1811.09298 1454.31372  19.7%   6.5 6136s
 982880 687220     cutoff   71      1811.09298 1454.38190  19.7%   6.5 6148s
 984196 687698     cutoff   82      1811.09298 1454.43798  19.7%   6.5 6164s
 985199 688660     cutoff   78      1811.09298 1454.46648  19.7%   6.5 6179s
 986550 689581 1667.08165   87   43 1811.09298 1454.52337  19.7%   6.5 6194s
 987925 690418     cutoff   87      1811.09298 1454.58453  19.7%   6.5 6212s
 989043 691480     cutoff   85      1811.09298 1454.60288  19.7%   6.5 6226s
 990457 692314 1692.82759  145   27 1811.09298 1454.67060  19.7%   6.5 6239s
 991688 693225     cutoff  175      1811.09298 1454.71936  19.7%   6.5 6253s
 993157 693882     cutoff   96      1811.09298 1454.78959  19.7%   6.5 6267s
 994386 694828 1614.33077   78   30 1811.09298 1454.83522  19.7%   6.5 6280s
 995747 695706     cutoff  128      1811.09298 1454.91582  19.7%   6.5 6294s
 997090 696512     cutoff  132      1811.09298 1454.97698  19.7%   6.5 6308s
 998308 697242     cutoff   97      1811.09298 1455.03114  19.7%   6.5 6323s
 999568 698123 1615.05760  104   43 1811.09298 1455.10577  19.7%   6.5 6340s
 1000830 698732     cutoff  121      1811.09298 1455.15006  19.7%   6.5 6356s
 1001740 699417     cutoff   89      1811.09298 1455.21245  19.7%   6.6 6370s
 1002834 700432 1699.27646   52   14 1811.09298 1455.23442  19.6%   6.6 6385s
 1004211 700455     cutoff  106      1811.09298 1455.30215  19.6%   6.6 6423s
 1004240 701441 1558.33969   59   39 1811.09298 1455.31048  19.6%   6.6 6436s
 1005607 702342     cutoff   86      1811.09298 1455.37707  19.6%   6.6 6449s
 1006974 703170     cutoff   85      1811.09298 1455.45550  19.6%   6.6 6465s
 1008167 704158 1650.41278  130   48 1811.09298 1455.50921  19.6%   6.6 6477s
 1009633 705141 infeasible   96      1811.09298 1455.57917  19.6%   6.6 6490s
 1010988 706118     cutoff  121      1811.09298 1455.62567  19.6%   6.6 6505s
 1012386 707194     cutoff  102      1811.09298 1455.70653  19.6%   6.6 6518s
 1013904 708111 1664.40115  104   35 1811.09298 1455.76320  19.6%   6.5 6533s
 1015106 708886     cutoff  135      1811.09298 1455.80241  19.6%   6.5 6548s
 1016291 709906     cutoff  113      1811.09298 1455.86887  19.6%   6.6 6560s
 1017677 710325     cutoff   81      1811.09298 1455.93331  19.6%   6.6 6579s
 1018590 711133     cutoff   68      1811.09298 1455.97264  19.6%   6.6 6592s
 1019809 712056 1610.59067   68    7 1811.09298 1456.01309  19.6%   6.6 6607s

Cutting planes:
  Gomory: 6
  Zero half: 7
  RLT: 1
  Lazy constraints: 19796

Explored 1021115 nodes (6692017 simplex iterations) in 7201.00 seconds
Thread count was 12 (of 12 available processors)

Solution count 8: 1811.09 1819.24 2208.79 ... 2427.57

Time limit reached
Best objective 1.811092984837e+03, best bound 1.456064328630e+03, gap 19.6030%

User-callback calls 3186405, time in user-callback 19.54 sec
/projects/academic/josewalt/caigao/RRARP_BD/BendersDecomp/ret/model_outs/n_23_h_5_algo_4.out
 =====>>>>> Solution is written to file in <../ret/model_outs> !!!
===>> All Done!
