NPROCS=0
This instance is clustered!
Gurobi Optimizer version 9.0.0 build v9.0.0rc2 (linux64)
Optimize a model with 16 rows, 65 columns and 128 nonzeros
Model fingerprint: 0x838b0bce
Variable types: 1 continuous, 64 integer (64 binary)
Coefficient statistics:
  Matrix range     [1e+00, 1e+00]
  Objective range  [1e+00, 3e+01]
  Bounds range     [1e+00, 1e+00]
  RHS range        [1e+00, 1e+00]
Presolve removed 2 rows and 21 columns
Presolve time: 0.00s
Presolved: 14 rows, 44 columns, 86 nonzeros
Variable types: 1 continuous, 43 integer (43 binary)

Root relaxation: objective 4.694415e+01, 12 iterations, 0.00 seconds

    Nodes    |    Current Node    |     Objective Bounds      |     Work
 Expl Unexpl |  Obj  Depth IntInf | Incumbent    BestBd   Gap | It/Node Time

     0     0   51.93705    0    8          -   51.93705      -     -    0s
H    0     0                      71.9229084   51.93705  27.8%     -    0s
H    0     0                      66.6926782   51.93705  22.1%     -    0s
     0     0   57.63565    0   16   66.69268   57.63565  13.6%     -    0s
     0     0   57.63565    0   16   66.69268   57.63565  13.6%     -    0s
     0     0   57.63565    0    6   66.69268   57.63565  13.6%     -    0s
     0     0   57.63565    0   14   66.69268   57.63565  13.6%     -    0s
     0     0   59.08447    0   13   66.69268   59.08447  11.4%     -    0s
     0     0   59.95771    0   14   66.69268   59.95771  10.1%     -    0s
     0     0   60.08988    0   15   66.69268   60.08988  9.90%     -    0s
     0     0   60.26638    0   13   66.69268   60.26638  9.64%     -    0s
     0     2   60.26638    0   11   66.69268   60.26638  9.64%     -    0s

Cutting planes:
  Gomory: 2
  MIR: 1
  RLT: 1
  Lazy constraints: 4

Explored 9 nodes (67 simplex iterations) in 0.04 seconds
Thread count was 12 (of 12 available processors)

Solution count 2: 66.6927 71.9229 

Optimal solution found (tolerance 1.00e-04)
Best objective 6.669267820319e+01, best bound 6.669267820319e+01, gap 0.0000%

User-callback calls 134, time in user-callback 0.00 sec
/projects/academic/josewalt/caigao/RRARP_BD/BendersDecomp/ret/model_outs/n_6_m_3_algo_2.out
 =====>>>>> Solution is written to file in <../ret/model_outs> !!!
===>> All Done!
