NPROCS=0
This instance is clustered!
Gurobi Optimizer version 9.0.0 build v9.0.0rc2 (linux64)
Optimize a model with 18 rows, 82 columns and 162 nonzeros
Model fingerprint: 0x964f085a
Variable types: 1 continuous, 81 integer (81 binary)
Coefficient statistics:
  Matrix range     [1e+00, 1e+00]
  Objective range  [7e-01, 7e+00]
  Bounds range     [1e+00, 1e+00]
  RHS range        [1e+00, 1e+00]
Presolve removed 2 rows and 24 columns
Presolve time: 0.00s
Presolved: 16 rows, 58 columns, 114 nonzeros
Variable types: 1 continuous, 57 integer (57 binary)

Root relaxation: objective 1.018915e+01, 15 iterations, 0.00 seconds

    Nodes    |    Current Node    |     Objective Bounds      |     Work
 Expl Unexpl |  Obj  Depth IntInf | Incumbent    BestBd   Gap | It/Node Time

     0     0   11.20912    0   16          -   11.20912      -     -    0s
H    0     0                      26.2875623   11.20912  57.4%     -    0s
H    0     0                      25.6071692   11.20912  56.2%     -    0s
     0     0   11.46054    0   13   25.60717   11.46054  55.2%     -    0s
     0     0   11.46054    0   13   25.60717   11.46054  55.2%     -    0s
     0     2   11.46054    0   13   25.60717   11.46054  55.2%     -    0s
   395   169   20.75141   20    9   25.60717   13.20147  48.4%   2.3   24s
   503   200   21.72180    8    -   25.60717   14.11184  44.9%   2.2   30s
   839   301   21.52001   14    -   25.60717   15.32902  40.1%   2.2   48s
  1211   396 infeasible   16        25.60717   15.91590  37.8%   2.1   67s
  1463   479   24.25275   16    -   25.60717   16.19855  36.7%   2.1   82s
  1763   542   22.45665   17    6   25.60717   16.38905  36.0%   2.1   98s
  2110   644 infeasible   19        25.60717   16.99944  33.6%   2.1  120s
  2395   739   20.13682   10   11   25.60717   17.69672  30.9%   2.1  136s
  2463   714   21.25439   11    9   25.60717   17.78403  30.6%   2.1  140s
  2696   741 infeasible   10        25.60717   17.84550  30.3%   2.1  154s
  2921   778 infeasible   18        25.60717   18.33179  28.4%   2.1  169s
  3130   817     cutoff   16        25.60717   18.45353  27.9%   2.1  183s
  3332   837 infeasible   15        25.60717   18.77797  26.7%   2.1  195s
  3513   875   21.97574   13    8   25.60717   18.96375  25.9%   2.1  206s
  3680   884   22.54012   17    -   25.60717   19.18753  25.1%   2.1  214s
  3837   895 infeasible   17        25.60717   19.34884  24.4%   2.1  223s
  4001   920   22.06638   11    6   25.60717   19.49054  23.9%   2.1  233s
  4154   927 infeasible   17        25.60717   19.56681  23.6%   2.1  242s
  4308   951 infeasible   17        25.60717   19.73383  22.9%   2.1  250s
  4454   962 infeasible   17        25.60717   19.92690  22.2%   2.1  257s
  4587   958     cutoff   17        25.60717   20.08008  21.6%   2.1  263s
  4721   962 infeasible   12        25.60717   20.20634  21.1%   2.1  270s
  4861   976   23.99880   16    9   25.60717   20.23266  21.0%   2.1  278s
  4993  1008 infeasible   18        25.60717   20.46792  20.1%   2.1  286s
  5142   972   22.67331   14    6   25.60717   20.49081  20.0%   2.1  293s
  5259   969   22.03115   16    6   25.60717   20.58189  19.6%   2.1  301s
  5377   960   23.27744   17    6   25.60717   20.69884  19.2%   2.1  308s
  5495   975 infeasible   18        25.60717   20.79540  18.8%   2.0  315s
  5618   969 infeasible   14        25.60717   20.92324  18.3%   2.0  320s
  5731   967   22.77789   19   10   25.60717   21.02298  17.9%   2.0  327s
  5846   958   23.66293   20   11   25.60717   21.09259  17.6%   2.0  335s
  5952   966   23.77837   13    6   25.60717   21.19374  17.2%   2.0  342s
  6067   950 infeasible   14        25.60717   21.29569  16.8%   2.0  348s
  6182   947   23.11695   11    6   25.60717   21.35155  16.6%   2.0  355s
  6301   932   22.58672   20    -   25.60717   21.38221  16.5%   2.0  362s
  6412   943 infeasible   20        25.60717   21.56447  15.8%   2.0  369s
  6530   921 infeasible   14        25.60717   21.73392  15.1%   2.0  374s
  6650   905 infeasible   14        25.60717   21.77554  15.0%   2.0  380s
  6774   878 infeasible   15        25.60717   21.87411  14.6%   2.0  386s
  6898   864 infeasible   15        25.60717   22.05803  13.9%   2.0  393s
  7036   835   25.22375   14    8   25.60717   22.23538  13.2%   2.0  399s
  7172   814 infeasible   16        25.60717   22.28258  13.0%   2.0  408s
  7300   779 infeasible   16        25.60717   22.47915  12.2%   2.0  414s
  7442   719 infeasible   16        25.60717   22.61290  11.7%   2.0  419s
  7593   686     cutoff   17        25.60717   22.76230  11.1%   2.0  427s
  7738   630 infeasible   15        25.60717   23.01848  10.1%   2.0  435s
  7890   557   25.52690   16    6   25.60717   23.22525  9.30%   1.9  442s
  8040   491 infeasible   22        25.60717   23.40662  8.59%   1.9  448s
  8197   421 infeasible   18        25.60717   23.78875  7.10%   1.9  456s
  8358   302 infeasible   17        25.60717   24.15931  5.65%   1.9  462s
  8532   192 infeasible   15        25.60717   24.23950  5.34%   1.9  467s
  8702    42   25.44054   16    -   25.60717   24.45795  4.49%   1.9  473s
  8886     0 infeasible   16        25.60717   24.86988  2.88%   1.9  476s

Cutting planes:
  Gomory: 1
  Lazy constraints: 2931

Explored 8951 nodes (16623 simplex iterations) in 477.43 seconds
Thread count was 12 (of 12 available processors)

Solution count 2: 25.6072 26.2876 

Optimal solution found (tolerance 1.00e-04)
Best objective 2.560716924365e+01, best bound 2.560716924365e+01, gap 0.0000%

User-callback calls 21410, time in user-callback 475.10 sec
---> instance_name: n_7_h_6.dat
---> algo_index: 1
---> obj_value: 25.6072
---> total_time: 477.51
---> total_time_gurobi: 477.431
---> total_nb_benders_cuts: 2814
---> total_nb_subtour_cuts: 120
---> total_nb_user_cuts: 0
---> GRB_IntAttr_Status: 2
---> optimality_gap: 0
---> node_count: 8951
 =====>>>>> Solution is written to file in <../ret/model_outs> !!!
===>> All Done!
