NPROCS=0
This instance is clustered!
Gurobi Optimizer version 9.0.0 build v9.0.0rc2 (linux64)
Optimize a model with 56 rows, 785 columns and 1568 nonzeros
Model fingerprint: 0x0a07008a
Variable types: 1 continuous, 784 integer (784 binary)
Coefficient statistics:
  Matrix range     [1e+00, 1e+00]
  Objective range  [1e+00, 7e+02]
  Bounds range     [1e+00, 1e+00]
  RHS range        [1e+00, 1e+00]
Presolve removed 2 rows and 81 columns
Presolve time: 0.01s
Presolved: 54 rows, 704 columns, 1406 nonzeros
Variable types: 1 continuous, 703 integer (703 binary)

Root relaxation: objective 1.183875e+03, 41 iterations, 0.00 seconds

    Nodes    |    Current Node    |     Objective Bounds      |     Work
 Expl Unexpl |  Obj  Depth IntInf | Incumbent    BestBd   Gap | It/Node Time

     0     0 1453.93263    0   22          - 1453.93263      -     -    0s
     0     0 1486.80880    0   36          - 1486.80880      -     -    0s
     0     2 1496.61270    0   38          - 1496.61270      -     -    0s
H 1802  1434                    2572.5684607 1691.09968  34.3%   4.3    1s
H 1802  1362                    2568.1213814 1691.09968  34.2%   4.3    1s
  5058  2816 1841.20816  108    8 2568.12138 1695.75622  34.0%   5.1    5s
  9613  6042 1836.48947   24    6 2568.12138 1708.03746  33.5%   5.9   10s
 14820  9908 2013.80187   36   12 2568.12138 1754.70553  31.7%   5.6   15s
 17590 12222 2226.43981   39    6 2568.12138 1760.44368  31.5%   5.6   20s
 21187 15096 2084.98181   53    8 2568.12138 1762.68278  31.4%   5.6   25s
 24143 17736 1813.74306   54    9 2568.12138 1768.99298  31.1%   5.5   31s
 26621 19580 1888.46198   35   10 2568.12138 1773.13436  31.0%   5.4   35s
 28347 20628     cutoff  146      2568.12138 1774.63962  30.9%   5.3   43s
 28581 20986 1813.07490   22   35 2568.12138 1774.64546  30.9%   5.3   45s
 30807 22454 2274.17718   62   14 2568.12138 1776.09243  30.8%   5.3   50s
 32204 23870 2521.25736   98   21 2568.12138 1778.98985  30.7%   5.3   55s
 33624 24554 2072.60635  106   36 2568.12138 1779.54266  30.7%   5.3  176s
 33628 24557 1838.49747   22   64 2568.12138 1779.54266  30.7%   5.3  180s
 33633 24560 2085.66273  141   61 2568.12138 1779.54266  30.7%   5.3  224s
 33634 24564 1779.54266   24   40 2568.12138 1779.54266  30.7%   5.3  226s
 33660 24590 1779.54266   28   37 2568.12138 1779.54266  30.7%   5.3  230s
 33828 24677 1779.54266   34   18 2568.12138 1779.54266  30.7%   5.3  235s
 34293 24867 1805.86017   49   10 2568.12138 1779.54266  30.7%   5.3  240s
 34799 25033 2116.10364   65   12 2568.12138 1779.54266  30.7%   5.3  245s
 35601 25239 2329.41803   93    - 2568.12138 1779.54266  30.7%   5.3  250s
 36226 25468     cutoff  115      2568.12138 1779.54266  30.7%   5.3  255s
 37037 25736     cutoff  141      2568.12138 1779.54266  30.7%   5.3  261s
 37747 26068     cutoff  161      2568.12138 1779.54266  30.7%   5.3  265s
 38922 26672 2139.92790  132    9 2568.12138 1779.54266  30.7%   5.3  270s
 40357 27309 2541.92228   50    6 2568.12138 1779.54266  30.7%   5.3  275s
 41563 27554 2158.61603   64   26 2568.12138 1779.54266  30.7%   5.3  281s
 42456 27923 1957.93649  158   27 2568.12138 1779.54266  30.7%   5.3  285s
 43656 28633 1943.50920   79   30 2568.12138 1779.54266  30.7%   5.3  291s
 44625 29203 2450.92678  212    - 2568.12138 1779.54266  30.7%   5.3  296s
 45761 29502 1918.71620   64   19 2568.12138 1779.54266  30.7%   5.3  301s
 46223 29717 2050.26065  145   29 2568.12138 1779.54266  30.7%   5.3  305s
 46754 29659 2396.76046   74   23 2568.12138 1779.54266  30.7%   5.3  310s
 47426 30331 2210.61769  200   24 2568.12138 1779.54266  30.7%   5.3  315s
 48710 31075 2146.70424  154   13 2568.12138 1779.54266  30.7%   5.3  320s
 49984 31477 infeasible  178      2568.12138 1779.54266  30.7%   5.3  328s
 50639 31739 1897.32693   51    8 2568.12138 1779.54266  30.7%   5.3  332s
 51365 32202 2357.24002   70   13 2568.12138 1779.54266  30.7%   5.3  336s
 52143 32055 1888.80630   38   20 2568.12138 1779.54266  30.7%   5.3  341s
 52218 32718 1894.21365   39   14 2568.12138 1779.54266  30.7%   5.3  345s
 53978 33750 2282.02949   86   11 2568.12138 1779.54266  30.7%   5.3  353s
 54972 34189     cutoff  104      2568.12138 1779.54266  30.7%   5.2  357s
 55936 34510 2105.16483  114   16 2568.12138 1779.54266  30.7%   5.2  361s
 56719 34824 2160.22966   65   18 2568.12138 1779.54266  30.7%   5.2  365s
 58436 35741 1974.62020   57   12 2568.12138 1779.54266  30.7%   5.2  373s
 59445 36335 1842.43066  119   23 2568.12138 1780.49854  30.7%   5.2  377s
 60558 37077     cutoff  175      2568.12138 1782.02902  30.6%   5.2  381s
 61810 37315     cutoff   79      2568.12138 1782.08455  30.6%   5.1  385s
 62798 37897 1996.15453  102   20 2568.12138 1784.58925  30.5%   5.1  390s
 63885 38207 2501.76374  110    8 2568.12138 1785.45078  30.5%   5.1  396s
 64888 38412 2536.98754  111    6 2568.12138 1786.80187  30.4%   5.1  402s
 65745 38909 1905.42288   45   16 2568.12138 1787.71192  30.4%   5.1  408s
 66700 39087 2520.14083   81    - 2568.12138 1787.84538  30.4%   5.1  415s
 67503 39477 infeasible   96      2568.12138 1788.12677  30.4%   5.2  420s
 68426 39734 1871.86871  139    8 2568.12138 1788.82890  30.3%   5.2  426s
 69346 39938     cutoff  161      2568.12138 1790.03740  30.3%   5.2  432s
 70114 40538 1878.60270   75   26 2568.12138 1790.47551  30.3%   5.2  438s
 71240 40500 2098.61260  124   36 2568.12138 1792.00038  30.2%   5.2  444s
 72037 40951 2368.26112  181   34 2568.12138 1792.11493  30.2%   5.2  452s
 72967 41769 2550.16027  202    8 2568.12138 1793.25602  30.2%   5.2  458s
 74177 42107     cutoff  203      2568.12138 1793.46357  30.2%   5.2  466s
 75175 42481 2188.41019   51   17 2568.12138 1793.73359  30.2%   5.2  473s
 76219 43113 2491.71023   63   13 2568.12138 1794.70050  30.1%   5.2  478s
 77281 43444 1935.54633   91   32 2568.12138 1794.75788  30.1%   5.2  482s
 78056 44210 2100.00408  158   35 2568.12138 1795.43198  30.1%   5.2  489s
 79330 44973 1897.07250  120   28 2568.12138 1796.25862  30.1%   5.2  495s
 80655 45438 infeasible  157      2568.12138 1796.72827  30.0%   5.1  502s
 81803 45955 2507.49961   64   30 2568.12138 1796.94300  30.0%   5.1  509s
 82941 46113 1959.06846  120   40 2568.12138 1797.82432  30.0%   5.1  519s
 83834 46608     cutoff  229      2568.12138 1798.48332  30.0%   5.1  527s
 84708 46983 1923.15368   74   13 2568.12138 1798.82739  30.0%   5.1  536s
 85702 47758 2162.01555   66   22 2568.12138 1799.51337  29.9%   5.1  542s
 86895 48170 2000.01626   88   11 2568.12138 1799.82531  29.9%   5.1  549s
 87962 48903 2196.20272  148    - 2568.12138 1800.12752  29.9%   5.1  557s
 89185 49319 2282.47140  200   12 2568.12138 1800.42502  29.9%   5.1  565s
 90266 49621 2452.07838  201    6 2568.12138 1800.76361  29.9%   5.1  573s
 91281 50354 2055.56998   96   12 2568.12138 1801.27563  29.9%   5.1  580s
 92457 50895     cutoff  163      2568.12138 1801.66111  29.8%   5.1  588s
 93627 51697 2489.43125   90    6 2568.12138 1802.40186  29.8%   5.1  594s
 94952 52281     cutoff   94      2568.12138 1803.28052  29.8%   5.1  602s
 96194 52695 1987.56198  140   21 2568.12138 1803.58101  29.8%   5.0  612s
 97243 53258 2532.54299  156   10 2568.12138 1803.95191  29.8%   5.0  620s
 98349 53205 2280.04367   86   16 2568.12138 1803.95191  29.8%   5.0  633s
 98783 53888     cutoff   96      2568.12138 1804.13769  29.7%   5.0  644s
 99852 54341     cutoff  109      2568.12138 1804.47930  29.7%   5.0  652s
 100898 54742 1861.49763  162   25 2568.12138 1804.79843  29.7%   5.0  663s
 101827 55258     cutoff  190      2568.12138 1804.86466  29.7%   5.0  673s
 102806 55338 1995.56685  184   25 2568.12138 1805.10918  29.7%   5.0  683s
 103533 55620 2075.33094  206    - 2568.12138 1805.10918  29.7%   5.1  695s
 104419 56081 2386.82646  206    8 2568.12138 1805.32219  29.7%   5.1  705s
 105425 56746     cutoff  207      2568.12138 1806.05245  29.7%   5.1  713s
 106615 57221 2038.86171  192   11 2568.12138 1806.61287  29.7%   5.1  725s
 107751 57722     cutoff  194      2568.12138 1807.07071  29.6%   5.1  737s
 108805 58951 1957.74834   75   15 2568.12138 1807.07071  29.6%   5.1  747s
 110103 59400     cutoff  201      2568.12138 1807.43178  29.6%   5.1  760s
 110919 60202 1958.63503   69    6 2568.12138 1807.68768  29.6%   5.1  771s
 111950 60895 2306.53175   91    - 2568.12138 1807.68768  29.6%   5.1  782s
 112943 61860 2004.29587  117   34 2568.12138 1807.68768  29.6%   5.1  792s
 114090 62629 2027.83494  140   35 2568.12138 1807.68768  29.6%   5.1  800s
 115049 63653     cutoff  164      2568.12138 1808.11394  29.6%   5.1  810s
 116332 64692     cutoff  167      2568.12138 1809.51938  29.5%   5.1  820s
 117650 65735 infeasible  155      2568.12138 1809.95904  29.5%   5.1  832s
 118856 66992 2207.18212  178   11 2568.12138 1810.55026  29.5%   5.1  841s
 120282 67920 2013.14611  109   11 2568.12138 1810.56160  29.5%   5.0  852s
 121488 68897 1954.95987   46   31 2568.12138 1810.56160  29.5%   5.0  862s
 122693 69868 2029.10699   50    6 2568.12138 1810.88370  29.5%   5.0  873s
 123881 70674 2479.06918  112    6 2568.12138 1811.58869  29.5%   5.0  885s
 125006 71420 infeasible  114      2568.12138 1812.11372  29.4%   5.0  900s
 126036 72109 2443.58812   56   14 2568.12138 1812.52544  29.4%   5.0  914s
 126992 72880     cutoff   70      2568.12138 1812.91567  29.4%   5.0  929s
 128033 73697 2134.27819   91    8 2568.12138 1813.04614  29.4%   5.0  940s
 129113 74714 2447.47937  129    6 2568.12138 1813.25815  29.4%   5.0  954s
 130318 75647     cutoff  153      2568.12138 1813.25815  29.4%   5.0  964s
 131533 76204 2432.94346  180   13 2568.12138 1813.93188  29.4%   5.0  981s
 132382 76959 2120.86288   55    8 2568.12138 1814.25533  29.4%   5.0  997s
 133404 77626 2247.89524   77    - 2568.12138 1814.25533  29.4%   5.0 1009s
 134351 78206 2494.38515   97    - 2568.12138 1814.25533  29.4%   5.0 1021s
 135170 78986 2040.46179  118   18 2568.12138 1814.25533  29.4%   5.0 1035s
 136270 79680     cutoff  140      2568.12138 1814.25533  29.4%   5.0 1049s
 137296 80292 2208.77575  162   20 2568.12138 1814.25533  29.4%   5.0 1064s
 138288 80665 2296.32322  185   23 2568.12138 1814.25533  29.4%   5.1 1078s
 138649 81339     cutoff  187      2568.12138 1815.51099  29.3%   5.1 1099s
 139752 82133 1914.74579   40   16 2568.12138 1816.17838  29.3%   5.1 1116s
 140852 83131     cutoff  146      2568.12138 1816.19629  29.3%   5.1 1131s
 142071 84183 1905.86053  132   21 2568.12138 1816.30644  29.3%   5.1 1144s
 143359 85000     cutoff  184      2568.12138 1816.32804  29.3%   5.1 1161s
 144520 85846 2529.76987  100   15 2568.12138 1816.89189  29.3%   5.1 1179s
 145657 86810     cutoff  132      2568.12138 1817.54572  29.2%   5.1 1198s
 146973 87729 1913.06687  119   20 2568.12138 1818.00083  29.2%   5.1 1213s
 148014 88081 2357.52779  200   23 2568.12138 1818.31368  29.2%   5.1 1228s
 148513 89072 2093.11254   83   18 2568.12138 1818.77461  29.2%   5.1 1247s
 149753 90003 2084.64159   87    8 2568.12138 1819.08135  29.2%   5.1 1265s
 151053 91037 2554.15929  130    - 2568.12138 1819.40272  29.2%   5.0 1282s
 152328 91775     cutoff  175      2568.12138 1819.91004  29.1%   5.0 1302s
 153426 92648 2359.84579   91    6 2568.12138 1819.95576  29.1%   5.1 1321s
 154569 93561 2532.06884   94    8 2568.12138 1819.95576  29.1%   5.1 1336s
 155741 94293 2540.35972  123   16 2568.12138 1820.18487  29.1%   5.1 1355s
 156827 94651     cutoff  169      2568.12138 1820.76422  29.1%   5.1 1372s
 157058 95616 1821.79180   41    8 2568.12138 1820.94847  29.1%   5.1 1393s
 158302 96428 2166.70476   68    6 2568.12138 1820.94847  29.1%   5.1 1413s
 159346 97494 2485.24527   93    8 2568.12138 1820.94847  29.1%   5.1 1433s
 160624 98483 2339.59397  117    6 2568.12138 1820.94847  29.1%   5.1 1449s
 161779 99416 1975.74857  141   31 2568.12138 1820.94847  29.1%   5.1 1470s
 163005 99918 1990.32067  167   25 2568.12138 1821.68555  29.1%   5.0 1495s
 163968 100466 2001.82613   47   15 2568.12138 1821.82119  29.1%   5.1 1522s
 164879 101282 2368.95667   59   11 2568.12138 1821.82119  29.1%   5.1 1538s
 165900 102049 2504.66289   72    9 2568.12138 1821.82119  29.1%   5.1 1553s
 166883 102674 2518.91253  111   11 2568.12138 1821.82119  29.1%   5.1 1575s
 168007 103374 2371.01154  154   28 2568.12138 1822.80434  29.0%   5.1 1596s
 169105 104387 2474.97577   69   10 2568.12138 1823.04228  29.0%   5.1 1615s
 170331 105412 2442.88818  138   16 2568.12138 1823.13705  29.0%   5.1 1633s
 171668 106382 infeasible  144      2568.12138 1823.47275  29.0%   5.1 1655s
 172915 106904 1965.26752   51   10 2568.12138 1823.75065  29.0%   5.1 1682s
 173715 107670 2272.79085   67    6 2568.12138 1823.96081  29.0%   5.1 1705s
 174648 108504 2547.23351   94    - 2568.12138 1823.96081  29.0%   5.1 1727s
 175699 108724     cutoff  123      2568.12138 1823.96081  29.0%   5.1 1742s
 175942 109294     cutoff  124      2568.12138 1823.96081  29.0%   5.1 1763s
 176952 110368     cutoff  154      2568.12138 1823.99702  29.0%   5.1 1781s
 178243 111169 2545.62255  158   15 2568.12138 1824.40578  29.0%   5.1 1807s
 179344 111700 1844.11312   48   12 2568.12138 1824.47480  29.0%   5.1 1842s
 180190 112277 1877.36069   50   21 2568.12138 1824.47480  29.0%   5.1 1875s
 181038 112830 1972.24302  219   15 2568.12138 1824.86013  28.9%   5.2 1901s
 181887 113364 2348.51075  225   12 2568.12138 1824.99596  28.9%   5.2 1928s
 182703 113945 2040.77564  101   16 2568.12138 1825.05190  28.9%   5.2 1956s
 183713 114692 2152.00339   63    8 2568.12138 1825.12688  28.9%   5.2 1990s
 184836 115600 2367.89420  109   22 2568.12138 1825.23163  28.9%   5.2 2017s
 186078 116304 2077.38342  116   23 2568.12138 1825.41535  28.9%   5.2 2046s
 187244 117315 2318.47824  164   13 2568.12138 1826.12109  28.9%   5.2 2075s
 188567 118079 2017.06381   58    6 2568.12138 1826.30336  28.9%   5.2 2103s
 189761 119005 1971.70897   99   14 2568.12138 1826.62970  28.9%   5.2 2128s
 191046 120066 2011.08741  164    8 2568.12138 1827.03463  28.9%   5.2 2159s
 192419 121165     cutoff  193      2568.12138 1827.09306  28.9%   5.2 2194s
 193736 122062     cutoff  101      2568.12138 1827.78521  28.8%   5.2 2217s
 194883 123203 2476.92937  102    6 2568.12138 1828.00437  28.8%   5.2 2244s
 196340 124378 2444.38075  178    8 2568.12138 1828.22395  28.8%   5.2 2264s
 197770 125687 2153.47044  173   16 2568.12138 1828.51245  28.8%   5.2 2286s
 199246 126597     cutoff  180      2568.12138 1828.84792  28.8%   5.2 2309s
 199424 126647 2213.72906  130   25 2568.12138 1828.92644  28.8%   5.2 2310s
 200512 127425 2201.63907   70   16 2568.12138 1829.02624  28.8%   5.2 2337s
 201599 128238 1965.22401   50    6 2568.12138 1829.11211  28.8%   5.2 2362s
 202732 128825     cutoff  149      2568.12138 1829.30008  28.8%   5.2 2391s
 203657 129307 2313.55475   65    - 2568.12138 1829.67296  28.8%   5.2 2420s
 204572 130325 2383.71555   90    - 2568.12138 1829.67296  28.8%   5.2 2445s
 205767 131417 2117.67990  113   27 2568.12138 1829.67296  28.8%   5.2 2470s
 207041 132341     cutoff  135      2568.12138 1829.67296  28.8%   5.2 2494s
 208235 132984 2529.39579  159    - 2568.12138 1829.68252  28.8%   5.2 2524s
 209325 133795     cutoff  159      2568.12138 1829.68252  28.8%   5.2 2552s
 210345 134932     cutoff   82      2568.12138 1830.89143  28.7%   5.2 2577s
 211686 135692 1898.17676  199   12 2568.12138 1831.27702  28.7%   5.2 2615s
 212718 135916 2564.94112  200    - 2568.12138 1831.35560  28.7%   5.2 2636s
 212895 136672     cutoff  200      2568.12138 1831.57995  28.7%   5.2 2664s
 214062 137435 2541.52903  131   11 2568.12138 1831.73622  28.7%   5.2 2695s
 215135 138601 2352.10026   73    6 2568.12138 1832.04581  28.7%   5.2 2719s
 216512 139423     cutoff  100      2568.12138 1832.04581  28.7%   5.2 2741s
 217541 140488 1991.58645  126   21 2568.12138 1832.04581  28.7%   5.2 2768s
 218839 141427     cutoff  153      2568.12138 1832.59380  28.6%   5.2 2799s
 219593 141519 2103.88712   55    8 2568.12138 1832.72541  28.6%   5.2 2800s
 220088 142687     cutoff  155      2568.12138 1832.80536  28.6%   5.2 2824s
 221478 143509     cutoff  193      2568.12138 1832.90456  28.6%   5.2 2852s
 222690 144294 1937.47751   56    6 2568.12138 1833.33974  28.6%   5.2 2891s
 223717 145279 2320.45527   78    6 2568.12138 1833.57099  28.6%   5.2 2919s
 224541 145340     cutoff  137      2568.12138 1833.68010  28.6%   5.2 2920s
 224892 146057 2498.60295  106   10 2568.12138 1833.71101  28.6%   5.2 2948s
 226003 147069 2146.85312  138    6 2568.12138 1833.85005  28.6%   5.2 2976s
 227235 147910 2503.31962  145    6 2568.12138 1834.05200  28.6%   5.2 3004s
 228428 148903 2522.54857  146    6 2568.12138 1834.45155  28.6%   5.2 3033s
 229596 150008 infeasible  147      2568.12138 1834.69719  28.6%   5.2 3062s
 230912 151114 1990.71021   49    9 2568.12138 1834.82066  28.6%   5.2 3089s
 232271 152012     cutoff  161      2568.12138 1835.05654  28.5%   5.2 3122s
 233359 152923     cutoff  161      2568.12138 1835.15962  28.5%   5.2 3150s
 234562 153844 2018.35239  158   18 2568.12138 1835.23353  28.5%   5.2 3175s
 235790 154442     cutoff  182      2568.12138 1835.47636  28.5%   5.2 3195s
 236576 155345 2306.11757   86   29 2568.12138 1835.79567  28.5%   5.2 3221s
 237787 156126 2014.46599   82    6 2568.12138 1835.93481  28.5%   5.2 3247s
 238755 156792 2528.13792   92   21 2568.12138 1836.10659  28.5%   5.2 3281s
 239768 157912 2535.70612   95    8 2568.12138 1836.43984  28.5%   5.2 3312s
 241015 158747 2013.96728  181   10 2568.12138 1836.51318  28.5%   5.2 3343s
 242191 159537     cutoff  197      2568.12138 1836.79418  28.5%   5.2 3381s
 243245 160495 2153.04827   81    6 2568.12138 1836.98797  28.5%   5.2 3411s
 244472 161309 2290.18572  148    6 2568.12138 1837.29239  28.5%   5.2 3440s
 245675 162350     cutoff  151      2568.12138 1837.55111  28.4%   5.2 3471s
 246934 163404 2508.25841   95    8 2568.12138 1837.94282  28.4%   5.2 3500s
 248205 164355 2348.43054  175   32 2568.12138 1838.14219  28.4%   5.2 3530s
 249397 165230 1927.75565   46   13 2568.12138 1838.20746  28.4%   5.2 3562s
 250574 166572     cutoff  150      2568.12138 1838.37602  28.4%   5.1 3587s
 252022 167599 2037.78775   85    6 2568.12138 1838.60392  28.4%   5.1 3613s
 253296 168370 1951.04185   45   12 2568.12138 1838.76596  28.4%   5.1 3643s
 254361 169203 2030.74031   64    8 2568.12138 1838.81836  28.4%   5.1 3674s
 255442 169754 2549.23416   97    - 2568.12138 1839.14009  28.4%   5.1 3705s
 256269 170005 1922.06095   57   18 2568.12138 1839.35120  28.4%   5.1 3734s
 256474 170412 2356.32208   94    6 2568.12138 1839.43802  28.4%   5.1 3775s
 257352 171057     cutoff  104      2568.12138 1839.52322  28.4%   5.1 3812s
 258352 171545 2135.67331   77    - 2568.12138 1839.57291  28.4%   5.1 3852s
 259236 172355 2195.95371   77    6 2568.12138 1839.68548  28.4%   5.2 3885s
 260365 172993     cutoff  128      2568.12138 1839.96277  28.4%   5.2 3934s
 261426 173997 2034.66906   43    6 2568.12138 1840.03280  28.4%   5.2 3976s
 262648 174788 2142.28037   49    9 2568.12138 1840.15713  28.3%   5.2 4017s
 263782 175451 1965.49963  134   12 2568.12138 1840.21866  28.3%   5.2 4056s
 264822 176357     cutoff  187      2568.12138 1840.42620  28.3%   5.2 4091s
 266012 177184 2193.86475  147   15 2568.12138 1840.60376  28.3%   5.2 4129s
 267204 177936     cutoff  164      2568.12138 1840.76695  28.3%   5.2 4174s
 268132 178625 2266.78849  124   10 2568.12138 1840.96110  28.3%   5.2 4221s
 269112 179624 2548.88162  128    8 2568.12138 1840.98522  28.3%   5.2 4261s
 270383 180228     cutoff  143      2568.12138 1841.14923  28.3%   5.2 4304s
 271409 180987 2315.39955   84    6 2568.12138 1841.30439  28.3%   5.2 4343s
 272524 181604 2440.52983   91   11 2568.12138 1841.49749  28.3%   5.2 4390s
 273572 182753     cutoff   98      2568.12138 1841.84384  28.3%   5.2 4424s
 274963 183747     cutoff  109      2568.12138 1841.96640  28.3%   5.2 4456s
 276266 184842 1933.53978  145   23 2568.12138 1842.18260  28.3%   5.2 4487s
 277636 186061     cutoff  161      2568.12138 1842.38456  28.3%   5.2 4523s
 279096 186914 infeasible  111      2568.12138 1842.66924  28.2%   5.2 4568s
 280268 188027     cutoff  108      2568.12138 1842.78015  28.2%   5.2 4605s
 281601 189307 2145.05265  174    8 2568.12138 1842.97664  28.2%   5.2 4633s
 283070 190197     cutoff  227      2568.12138 1843.13293  28.2%   5.2 4668s
 284269 191044 2128.75073   63    8 2568.12138 1843.41692  28.2%   5.2 4704s
 285331 192026 1958.41339  112   11 2568.12138 1843.52875  28.2%   5.2 4737s
 286607 192899     cutoff  166      2568.12138 1843.75038  28.2%   5.2 4771s
 287749 193838 2392.26290   89   15 2568.12138 1843.94641  28.2%   5.2 4811s
 288984 194813     cutoff  119      2568.12138 1844.25074  28.2%   5.2 4851s
 290213 195605     cutoff  137      2568.12138 1844.36326  28.2%   5.2 4895s
 291331 196503 2051.25920   59   11 2568.12138 1844.60169  28.2%   5.2 4941s
 292465 197526 2023.70418   68   21 2568.12138 1844.71681  28.2%   5.2 4980s
 293678 198513     cutoff  164      2568.12138 1844.75714  28.2%   5.1 5017s
 294879 199173 2166.68599  153   27 2568.12138 1844.88790  28.2%   5.1 5050s
 295721 199762 2113.60594   85    6 2568.12138 1844.99206  28.2%   5.1 5088s
 296687 200850 2536.93051  100   12 2568.12138 1845.18039  28.2%   5.1 5135s
 297976 201812 1997.55393  149    6 2568.12138 1845.36876  28.1%   5.1 5186s
 299180 202187 1955.30773   40   17 2568.12138 1845.36876  28.1%   5.1 5222s
 299515 202692 2089.25298  110   12 2568.12138 1845.44576  28.1%   5.1 5269s
 300497 203596     cutoff  142      2568.12138 1845.54797  28.1%   5.1 5308s
 301676 204300 2300.57344  171    6 2568.12138 1845.63766  28.1%   5.1 5354s
 302800 205485     cutoff  172      2568.12138 1845.97698  28.1%   5.1 5391s
 304206 206329 2142.45525   84    8 2568.12138 1846.14264  28.1%   5.1 5425s
 305241 207347 2408.34433  121   11 2568.12138 1846.31897  28.1%   5.1 5465s
 306561 208349     cutoff  131      2568.12138 1846.45769  28.1%   5.1 5508s
 307836 209297 2081.32075  187   26 2568.12138 1846.60884  28.1%   5.1 5559s
 309126 209997     cutoff  202      2568.12138 1846.75888  28.1%   5.1 5604s
 310183 210979 2551.08319  148    - 2568.12138 1846.89043  28.1%   5.1 5644s
 311434 211863     cutoff  148      2568.12138 1847.15156  28.1%   5.1 5687s
 312668 212829 1975.42461   59    6 2568.12138 1847.50832  28.1%   5.1 5728s
 313909 214031 2170.67865   74    6 2568.12138 1847.67019  28.1%   5.1 5763s
 315283 214968 infeasible  110      2568.12138 1847.67019  28.1%   5.1 5802s
 316543 216072     cutoff  143      2568.12138 1847.89329  28.0%   5.1 5838s
 317840 217002     cutoff  146      2568.12138 1848.03158  28.0%   5.1 5879s
 319067 217948 2520.38098   91   10 2568.12138 1848.15428  28.0%   5.1 5918s
 320250 218662 2378.72424  161    - 2568.12138 1848.33947  28.0%   5.1 5965s
 321269 219781     cutoff  161      2568.12138 1848.59586  28.0%   5.1 6007s
 322581 220764 2187.16764   90   33 2568.12138 1848.75360  28.0%   5.1 6049s
 323299 220826 2206.27053   92   13 2568.12138 1848.75360  28.0%   5.1 6050s
 323761 221940 2128.63616   60   17 2568.12138 1848.76578  28.0%   5.1 6089s
 325107 223056     cutoff  145      2568.12138 1848.96570  28.0%   5.1 6129s
 326408 223934 2018.85349   54   18 2568.12138 1849.13979  28.0%   5.1 6168s
 327553 224974 2218.40942   85   22 2568.12138 1849.29180  28.0%   5.1 6209s
 328818 225788 2505.14593   92    - 2568.12138 1849.52795  28.0%   5.1 6256s
 329950 226766 1910.72577   41    6 2568.12138 1849.62021  28.0%   5.1 6289s
 330150 226780     cutoff  187      2568.12138 1849.62021  28.0%   5.1 6290s
 331151 227525 1919.99132   42    6 2568.12138 1849.80152  28.0%   5.1 6334s
 332167 228069 2273.95441  176   31 2568.12138 1849.83772  28.0%   5.1 6382s
 333014 229058     cutoff  186      2568.12138 1850.07516  28.0%   5.1 6419s
 334215 229313 1886.49529   56    6 2568.12138 1850.17371  28.0%   5.1 6475s
 334397 230356 1944.35033   57    6 2568.12138 1850.17817  28.0%   5.1 6512s
 335752 231219     cutoff  151      2568.12138 1850.28355  28.0%   5.1 6560s
 336931 231945 2116.88555   89   11 2568.12138 1850.41455  27.9%   5.1 6622s
 337850 232679 2362.64926  157   30 2568.12138 1850.48324  27.9%   5.1 6674s
 338043 232711 2072.30963  110    8 2568.12138 1850.62580  27.9%   5.1 6675s
 338956 233570 1890.65557   47    6 2568.12138 1850.62580  27.9%   5.1 6722s
 340078 234554 1912.96439   50   10 2568.12138 1850.83390  27.9%   5.1 6759s
 341371 235653 2459.59867  139    6 2568.12138 1851.00093  27.9%   5.1 6809s
 342688 236292 2244.08507   89   37 2568.12138 1851.12272  27.9%   5.1 6849s
 343530 237368 2297.38868   95   33 2568.12138 1851.15253  27.9%   5.1 6889s
 344875 238239 2352.48114  103   27 2568.12138 1851.34508  27.9%   5.1 6936s
 346015 239304 2361.15516  105   26 2568.12138 1851.52601  27.9%   5.1 6988s
 347358 240420 2099.92865  151   14 2568.12138 1851.67232  27.9%   5.1 7030s
 348607 241345 2026.92516  108   40 2568.12138 1851.73243  27.9%   5.1 7073s
 349826 241538 2233.70968  186   20 2568.12138 1851.81029  27.9%   5.1 7166s
 349946 242112 2062.65305   61    - 2568.12138 1851.88193  27.9%   5.1 7200s

Cutting planes:
  Gomory: 3
  Lazy constraints: 38621

Explored 350702 nodes (1774841 simplex iterations) in 7202.24 seconds
Thread count was 12 (of 12 available processors)

Solution count 2: 2568.12 2572.57 

Time limit reached
Best objective 2.568121381353e+03, best bound 1.851881929278e+03, gap 27.8896%

User-callback calls 2487806, time in user-callback 8.14 sec
/projects/academic/josewalt/caigao/RRARP_BD/BendersDecomp/ret/model_outs/n_26_h_3_algo_2.out
 =====>>>>> Solution is written to file in <../ret/model_outs> !!!
===>> All Done!
