NPROCS=0
This instance is clustered!
Gurobi Optimizer version 9.0.0 build v9.0.0rc2 (linux64)
Optimize a model with 20 rows, 101 columns and 200 nonzeros
Model fingerprint: 0xd1794c76
Variable types: 1 continuous, 100 integer (100 binary)
Coefficient statistics:
  Matrix range     [1e+00, 1e+00]
  Objective range  [6e-01, 1e+01]
  Bounds range     [1e+00, 1e+00]
  RHS range        [1e+00, 1e+00]
Presolve removed 2 rows and 27 columns
Presolve time: 0.00s
Presolved: 18 rows, 74 columns, 146 nonzeros
Variable types: 1 continuous, 73 integer (73 binary)

Root relaxation: objective 1.997378e+01, 17 iterations, 0.00 seconds

    Nodes    |    Current Node    |     Objective Bounds      |     Work
 Expl Unexpl |  Obj  Depth IntInf | Incumbent    BestBd   Gap | It/Node Time

     0     0   21.35137    0    8          -   21.35137      -     -    0s
H    0     0                      39.6240566   21.35137  46.1%     -    0s
     0     0   21.54447    0    6   39.62406   21.54447  45.6%     -    0s
H    0     0                      39.1259406   21.54447  44.9%     -    1s
     0     0   21.54447    0    6   39.12594   21.54447  44.9%     -    1s
     0     2   21.54447    0    6   39.12594   21.54447  44.9%     -    1s
   385   203     cutoff   23        39.12594   23.40820  40.2%   2.2   38s
   685   308     cutoff   12        39.12594   23.86188  39.0%   2.3   67s
   843   352 infeasible   14        39.12594   24.87774  36.4%   2.3   82s
   976   388   27.92349    6   15   39.12594   25.40917  35.1%   2.3   96s
  1220   462   31.12801    9    8   39.12594   26.10186  33.3%   2.3  121s
  1420   539   34.16758   16    6   39.12594   26.16948  33.1%   2.3  140s
  1708   637 infeasible   17        39.12594   27.00062  31.0%   2.3  167s
  2040   756 infeasible   17        39.12594   27.39659  30.0%   2.3  197s
  2322   819   30.98108   11   11   39.12594   27.83865  28.8%   2.3  223s
  2557   886   38.48002   16    -   39.12594   28.23468  27.8%   2.3  246s
  2801   972 infeasible   18        39.12594   28.51053  27.1%   2.3  270s
  3003  1019   38.95672   24    -   39.12594   28.51879  27.1%   2.3  288s
  3170  1066     cutoff   24        39.12594   28.76177  26.5%   2.3  304s
  3216  1083     cutoff   17        39.12594   28.76177  26.5%   2.3  311s
  3430  1128   33.03832   20    -   39.12594   29.07353  25.7%   2.3  332s
  3595  1177   37.06077   13    6   39.12594   29.35837  25.0%   2.3  351s
  3758  1219   32.06405   16    6   39.12594   29.41490  24.8%   2.3  369s
  3920  1270   35.11955   21    8   39.12594   29.55919  24.5%   2.3  384s
  4075  1317   37.24409   11    6   39.12594   29.60101  24.3%   2.3  397s
  4200  1334   34.36917   13   11   39.12594   29.72097  24.0%   2.3  408s
  4337  1355   37.38277   16    6   39.12594   29.80525  23.8%   2.3  420s
  4483  1409   32.22096   19    6   39.12594   29.80927  23.8%   2.3  439s
  4595  1425   37.22657   25    8   39.12594   29.93005  23.5%   2.3  446s
  4734  1459 infeasible   26        39.12594   30.06617  23.2%   2.3  458s
  4865  1490   38.90771   14    6   39.12594   30.14885  22.9%   2.3  470s
  4890  1495   36.19926   13    6   39.12594   30.19755  22.8%   2.3  475s
  5019  1496     cutoff   19        39.12594   30.24001  22.7%   2.3  485s
  5137  1525   35.48837   13    -   39.12594   30.28179  22.6%   2.3  497s
  5247  1539 infeasible   13        39.12594   30.31946  22.5%   2.3  506s
  5365  1538   37.91467   18    -   39.12594   30.35553  22.4%   2.3  515s
  5482  1560     cutoff   18        39.12594   30.36445  22.4%   2.3  526s
  5596  1558   34.97485   13    -   39.12594   30.45506  22.2%   2.3  537s
  5710  1583 infeasible   14        39.12594   30.48649  22.1%   2.3  548s
  5824  1606   33.05662   15    8   39.12594   30.59353  21.8%   2.3  558s
  5918  1619   35.92178   16    -   39.12594   30.64254  21.7%   2.3  567s
  6020  1651   38.31883   19    8   39.12594   30.69724  21.5%   2.3  575s
  6131  1648     cutoff   20        39.12594   30.70804  21.5%   2.3  582s
  6237  1683     cutoff   12        39.12594   30.76499  21.4%   2.3  594s
  6356  1694   32.92439   15    8   39.12594   30.80747  21.3%   2.3  604s
  6470  1717 infeasible   18        39.12594   30.82021  21.2%   2.3  614s
  6578  1745 infeasible   21        39.12594   30.91302  21.0%   2.3  624s
  6700  1757   33.41426   15    6   39.12594   30.94706  20.9%   2.3  634s
  6815  1764 infeasible   16        39.12594   30.99204  20.8%   2.3  645s
  6939  1772   33.92061   13    6   39.12594   31.11003  20.5%   2.3  658s
  7070  1800     cutoff   17        39.12594   31.17777  20.3%   2.3  671s
  7197  1833   36.53848   17    9   39.12594   31.23143  20.2%   2.3  683s
  7321  1852 infeasible   20        39.12594   31.28433  20.0%   2.3  694s
  7453  1871   37.40188   14    8   39.12594   31.35980  19.8%   2.3  704s
