NPROCS=0
This instance is clustered!
Gurobi Optimizer version 9.0.0 build v9.0.0rc2 (linux64)
Optimize a model with 48 rows, 577 columns and 1152 nonzeros
Model fingerprint: 0xa93115f6
Variable types: 1 continuous, 576 integer (576 binary)
Coefficient statistics:
  Matrix range     [1e+00, 1e+00]
  Objective range  [1e+00, 5e+02]
  Bounds range     [1e+00, 1e+00]
  RHS range        [1e+00, 1e+00]
Presolve removed 2 rows and 69 columns
Presolve time: 0.01s
Presolved: 46 rows, 508 columns, 1014 nonzeros
Variable types: 1 continuous, 507 integer (507 binary)

Root relaxation: objective 7.205973e+02, 38 iterations, 0.00 seconds
 done with super cut 0

    Nodes    |    Current Node    |     Objective Bounds      |     Work
 Expl Unexpl |  Obj  Depth IntInf | Incumbent    BestBd   Gap | It/Node Time

     0     0 1095.33896    0   49          - 1095.33896      -     -    0s
 done with super cut 1
 done with super cut 2
 done with super cut 3
 done with super cut 4
 done with super cut 5
H    0     0                    1975.5900093 1095.33896  44.6%     -    6s
 done with super cut 6
 done with super cut 7
     0     0 1095.33896    0   49 1975.59001 1095.33896  44.6%     -    9s
 done with super cut 8
H    0     0                    1495.2279095 1095.33896  26.7%     -   14s
 done with super cut 9
 done with super cut 10
     0     2 1111.57031    0   45 1495.22791 1111.57031  25.7%     -   17s
H 7009  3469                    1494.2007539 1246.49412  16.6%   7.6   19s
 11183  6132 1355.35620   57   39 1494.20075 1260.13080  15.7%   8.1   20s
 30661 18041     cutoff   56      1494.20075 1293.66152  13.4%   8.2   25s
 44795 25531 1481.48622   50   14 1494.20075 1307.80722  12.5%   8.7   30s
 59664 33124 1451.91562   57   18 1494.20075 1318.95287  11.7%   8.8   35s
H66014 35934                    1493.3823319 1322.95780  11.4%   8.9   37s
 69056 37341     cutoff   63      1493.38233 1324.41802  11.3%   9.0   40s
 81643 42949     cutoff   53      1493.38233 1331.49717  10.8%   9.2   45s
 92974 47862 1459.49473   60   23 1493.38233 1337.26508  10.5%   9.3   50s
 101834 51372 1466.71540   31   15 1493.38233 1341.60853  10.2%   9.4   55s
 112032 55254 1471.13195   55   28 1493.38233 1345.50714  9.90%   9.5   60s
 119950 57901 1419.49780   29   35 1493.38233 1348.66689  9.69%   9.6   65s
 126685 60189 infeasible   66      1493.38233 1351.40940  9.51%   9.6   70s
 133534 62576 1456.16776   42   31 1493.38233 1353.97702  9.33%   9.7   75s
 141304 64827 1450.14755   39   20 1493.38233 1356.54169  9.16%   9.8   80s
 148264 66903 1410.51288   44   36 1493.38233 1358.94379  9.00%   9.8   85s
 155205 69028 1456.20306   30    - 1493.38233 1361.00206  8.86%   9.9   90s
 163287 71294     cutoff   72      1493.38233 1363.65004  8.69%   9.9   95s
 170089 73039     cutoff   33      1493.38233 1365.69243  8.55%  10.0  100s
 177121 74753 1468.49153   58   43 1493.38233 1367.98437  8.40%  10.1  105s
 183978 76403 1475.64228   33   20 1493.38233 1369.81943  8.27%  10.1  110s
 190986 78089 1449.65212   30   36 1493.38233 1371.87183  8.14%  10.2  115s
 194356 78586 1430.06290   43   49 1493.38233 1372.85614  8.07%  10.2  220s
 194364 78591 1426.19241   29   61 1493.38233 1372.85614  8.07%  10.2  225s
 194377 78608 1372.85614   28   64 1493.38233 1372.85614  8.07%  10.2  230s
 195227 78837 1469.35248   57   25 1493.38233 1372.85614  8.07%  10.2  236s
H195238 74903                    1493.3823038 1372.85614  8.07%  10.2  236s
 197582 75872 1372.85614   63   57 1493.38230 1372.85614  8.07%  10.2  247s
 200242 76833 1429.51736   46   36 1493.38230 1372.85614  8.07%  10.2  250s
 204866 78301 1372.85614   38   37 1493.38230 1372.85614  8.07%  10.2  255s
 208507 78879 1394.12910   48   32 1493.38230 1372.85614  8.07%  10.2  260s
 212576 80347 1408.69393   54   33 1493.38230 1372.85614  8.07%  10.2  265s
 218366 81439 1456.31507   49   30 1493.38230 1372.85614  8.07%  10.2  270s
 223798 82521     cutoff   68      1493.38230 1372.85614  8.07%  10.2  275s
 228913 83178     cutoff   93      1493.38230 1372.85614  8.07%  10.2  280s
 234601 83783 1468.43079   48   15 1493.38230 1372.85614  8.07%  10.2  285s
 239569 84382 1465.42083   88   29 1493.38230 1372.85614  8.07%  10.2  290s
 245568 84965 1440.46473   51   18 1493.38230 1372.85614  8.07%  10.2  295s
 250564 85471     cutoff   62      1493.38230 1372.85614  8.07%  10.2  300s
 255478 85846 1399.43251   45   43 1493.38230 1372.85614  8.07%  10.2  305s
H257979 82245                    1493.3821662 1372.85614  8.07%  10.2  308s
 260204 82595 1442.96305   46   18 1493.38217 1372.85614  8.07%  10.2  311s
 263933 82433 1476.61073   65   11 1493.38217 1372.85614  8.07%  10.3  315s
 269773 82915 1418.00051   63   29 1493.38217 1372.85614  8.07%  10.3  321s
 274856 83374 1450.05805   56   17 1493.38217 1372.85614  8.07%  10.3  325s
 279764 83639     cutoff   46      1493.38217 1372.85614  8.07%  10.3  330s
 285185 83398 1460.62713   40    6 1493.38217 1372.85614  8.07%  10.3  337s
 287848 83806     cutoff   69      1493.38217 1372.85614  8.07%  10.3  340s
 292493 83912     cutoff   59      1493.38217 1372.85614  8.07%  10.3  345s
 297357 83911 1463.57912   48   16 1493.38217 1372.85614  8.07%  10.3  350s
 302233 83723     cutoff   44      1493.38217 1372.85614  8.07%  10.3  355s
 306956 83715 infeasible   48      1493.38217 1372.85614  8.07%  10.3  360s
 311802 83374 1490.31985   59   27 1493.38217 1372.89655  8.07%  10.3  365s
 316281 83381 1438.62468   59   15 1493.38217 1374.55926  7.96%  10.3  370s
 321131 83032     cutoff   60      1493.38217 1376.16162  7.85%  10.4  375s
 325793 82792     cutoff   53      1493.38217 1377.94087  7.73%  10.4  380s
 330404 82631     cutoff   71      1493.38217 1379.52740  7.62%  10.4  385s
 335372 82262 1453.45134   45   26 1493.38217 1381.10609  7.52%  10.4  390s
H335825 78564                    1493.3812727 1381.15358  7.52%  10.4  390s
 340323 78475 1439.54553   63   20 1493.38127 1382.87450  7.40%  10.4  395s
 344992 78022 1470.14903   46   22 1493.38127 1384.26288  7.31%  10.4  401s
 348876 77474     cutoff   70      1493.38127 1385.48243  7.23%  10.4  405s
 352949 77187 1461.74965   46   17 1493.38127 1386.74745  7.14%  10.4  411s
 356734 76836 infeasible   65      1493.38127 1387.86654  7.07%  10.5  415s
H361175 72715                    1493.3809336 1388.95665  6.99%  10.5  419s
 361475 72628     cutoff   54      1493.38093 1389.10143  6.98%  10.5  424s
H361513 69414                    1493.3808167 1389.10143  6.98%  10.5  424s
 361589 69737     cutoff   55      1493.38082 1389.20991  6.98%  10.5  425s
 366595 69214     cutoff   82      1493.38082 1390.68602  6.88%  10.5  430s
 371675 68654 1458.58136   64   40 1493.38082 1392.17371  6.78%  10.5  435s
 376228 68033     cutoff   42      1493.38082 1393.32963  6.70%  10.5  440s
 379752 68657 1443.24188   46   25 1493.38082 1394.38136  6.63%  10.5  446s
 383896 69325     cutoff   60      1493.38082 1395.52173  6.55%  10.5  450s
 388129 70102 1481.02695   89   15 1493.38082 1396.66584  6.48%  10.5  455s
 393345 71147 1444.14939   64   32 1493.38082 1397.82027  6.40%  10.6  461s
 397310 71804     cutoff   72      1493.38082 1398.83181  6.33%  10.6  465s
 401987 72520 1483.75313   67   19 1493.38082 1400.15548  6.24%  10.6  470s
 405512 73156 1442.65145   55   34 1493.38082 1401.09398  6.18%  10.6  475s
 410177 73766     cutoff   72      1493.38082 1402.21804  6.10%  10.6  480s
 413362 74254 1464.79853   66   21 1493.38082 1402.96109  6.05%  10.6  485s
 418274 74878     cutoff   79      1493.38082 1404.18272  5.97%  10.6  491s
 422164 75255     cutoff   79      1493.38082 1405.15496  5.91%  10.6  496s
 425647 75582     cutoff   75      1493.38082 1406.00558  5.85%  10.7  500s
 429314 75946     cutoff   87      1493.38082 1406.88680  5.79%  10.7  505s
 432839 76387 1486.94463   49   22 1493.38082 1407.72456  5.74%  10.7  510s
 436365 76793     cutoff   55      1493.38082 1408.57466  5.68%  10.7  515s
 440134 77123     cutoff   65      1493.38082 1409.40638  5.62%  10.7  520s
 443984 77328 1475.16646   80   30 1493.38082 1410.30301  5.56%  10.7  528s
 444135 77437 1486.38355   81   11 1493.38082 1410.31781  5.56%  10.7  530s
 447774 77830     cutoff   38      1493.38082 1411.12583  5.51%  10.7  535s
 451532 78071 1465.87778   75   29 1493.38082 1411.96435  5.45%  10.7  541s
 455436 78312 1491.68154   55   31 1493.38082 1412.84795  5.39%  10.7  546s
 459019 78527     cutoff   55      1493.38082 1413.65350  5.34%  10.8  551s
 462549 78700 1467.75992   47   13 1493.38082 1414.38039  5.29%  10.8  556s
 465626 78932 infeasible   55      1493.38082 1414.97024  5.25%  10.8  561s
 468341 79063     cutoff   77      1493.38082 1415.57678  5.21%  10.8  565s
 471938 79171 1480.44571   54   32 1493.38082 1416.37065  5.16%  10.8  570s
 475628 79355 1484.50906   54   22 1493.38082 1417.09338  5.11%  10.8  575s
 480571 79597 1445.04615   63   34 1493.38082 1418.04295  5.04%  10.8  581s
 484190 79687 1449.20863   49   27 1493.38082 1418.72690  5.00%  10.8  586s
 486545 79734 1486.07103   68   40 1493.38082 1419.22845  4.97%  10.8  590s
 490114 79761 1451.55688   58   23 1493.38082 1419.99827  4.91%  10.9  595s
 494134 79716 1471.39325   69   24 1493.38082 1420.86853  4.86%  10.9  601s
 496315 79723     cutoff   76      1493.38082 1421.32998  4.82%  10.9  605s
 501388 79604 1490.31551   61   24 1493.38082 1422.41392  4.75%  10.9  611s
 504830 79465 1474.98282   53   24 1493.38082 1423.16157  4.70%  10.9  616s
 508730 79428 1491.37170   63   26 1493.38082 1423.87642  4.65%  10.9  621s
 512078 79278 1474.81865   53   12 1493.38082 1424.63513  4.60%  10.9  625s
 515730 79302     cutoff   57      1493.38082 1425.41858  4.55%  11.0  630s
 519817 79014     cutoff   64      1493.38082 1426.27442  4.49%  11.0  635s
 523587 78820     cutoff   74      1493.38082 1427.04894  4.44%  11.0  643s
H523695 78820                    1493.3797151 1427.07411  4.44%  11.0  643s
 523887 78780 1471.59883   60   43 1493.37972 1427.09883  4.44%  11.0  646s
 526769 78523     cutoff   63      1493.37972 1427.71746  4.40%  11.0  651s
 528925 78320 1472.90010   48   16 1493.37972 1428.15668  4.37%  11.0  655s
 533065 77960 1461.85688   66   16 1493.37972 1429.04004  4.31%  11.0  661s
 535609 77703 1463.89073   78   43 1493.37972 1429.53129  4.28%  11.0  665s
 539519 77462 1466.73489   55   30 1493.37972 1430.34793  4.22%  11.1  671s
 542408 77129     cutoff   59      1493.37972 1430.97328  4.18%  11.1  675s
 546046 76826 1458.73742   88   16 1493.37972 1431.69056  4.13%  11.1  680s
 550071 76301 1469.54000   46   14 1493.37972 1432.49817  4.08%  11.1  686s
 552799 76052 1458.37580   72   10 1493.37972 1433.07125  4.04%  11.1  690s
 556479 75460     cutoff   71      1493.37972 1433.82619  3.99%  11.1  696s
 560072 74954     cutoff   44      1493.37972 1434.56183  3.94%  11.1  701s
 562620 74643 1462.79769   62   30 1493.37972 1434.99255  3.91%  11.2  705s
 566332 73917     cutoff   52      1493.37972 1435.80080  3.86%  11.2  710s
 570315 73453     cutoff   57      1493.37972 1436.62695  3.80%  11.2  716s
 572758 72968 1483.92647   74   23 1493.37972 1437.10868  3.77%  11.2  720s
 576616 72286     cutoff   57      1493.37972 1437.89918  3.72%  11.2  725s
 580082 71488     cutoff   61      1493.37972 1438.60623  3.67%  11.2  731s
 583828 70740 1467.20094   45   25 1493.37972 1439.42185  3.61%  11.3  736s
 586520 70270 1467.11724   70   19 1493.37972 1440.00882  3.57%  11.3  740s
 589685 69610 1473.20532   54   19 1493.37972 1440.63306  3.53%  11.3  745s
 593486 68715 1473.12052   70   22 1493.37972 1441.41969  3.48%  11.3  751s
 596276 68140 1473.14215   46   28 1493.37972 1441.96831  3.44%  11.3  756s
 598914 67406     cutoff   80      1493.37972 1442.45586  3.41%  11.3  760s
 602987 66422     cutoff   65      1493.37972 1443.31775  3.35%  11.3  767s
 605604 65721 1463.89770   60   16 1493.37972 1443.86002  3.32%  11.4  771s
 606773 65586     cutoff   43      1493.37972 1444.14333  3.30%  11.4  775s
 609692 64434 1462.98115   48   19 1493.37972 1444.76988  3.26%  11.4  781s
 612105 63721 1482.21643   59   20 1493.37972 1445.34883  3.22%  11.4  786s
 614585 63008     cutoff   54      1493.37972 1445.78025  3.19%  11.4  790s
 617030 62165 1487.80852   55   16 1493.37972 1446.41363  3.14%  11.4  795s
 620666 60929 1461.22177   50   35 1493.37972 1447.20297  3.09%  11.4  802s
 623241 60008 1478.65713   68   37 1493.37972 1447.76861  3.05%  11.5  807s
 625864 59107     cutoff   63      1493.37972 1448.40375  3.01%  11.5  812s
 628397 58218     cutoff   59      1493.37972 1448.90815  2.98%  11.5  817s
 631072 57240     cutoff   90      1493.37972 1449.54621  2.94%  11.5  822s
 633569 56215 1491.17988   54   47 1493.37972 1450.11447  2.90%  11.5  827s
 636305 55039     cutoff  109      1493.37972 1450.74037  2.86%  11.5  832s
 637893 54524 1485.97935   84   20 1493.37972 1451.14218  2.83%  11.5  835s
 640393 53613     cutoff   82      1493.37972 1451.72581  2.79%  11.6  840s
 643248 52446     cutoff   54      1493.37972 1452.40149  2.74%  11.6  845s
 646030 51319     cutoff   54      1493.37972 1453.02988  2.70%  11.6  851s
H646196 51319                    1493.3793206 1453.03983  2.70%  11.6  851s
 648454 50454     cutoff   46      1493.37932 1453.66496  2.66%  11.6  857s
 650371 49295 1492.83437   63   16 1493.37932 1454.02957  2.63%  11.6  862s
 651661 48650     cutoff   71      1493.37932 1454.42854  2.61%  11.6  865s
 654261 47461     cutoff   78      1493.37932 1455.09820  2.56%  11.6  870s
 656878 46303 infeasible   51      1493.37932 1455.71478  2.52%  11.7  875s
 659405 45126     cutoff   58      1493.37932 1456.43946  2.47%  11.7  880s
 661969 43790     cutoff   87      1493.37932 1457.05615  2.43%  11.7  886s
 664595 42462 infeasible   46      1493.37932 1457.81413  2.38%  11.7  892s
 665879 41820     cutoff   75      1493.37932 1458.17860  2.36%  11.7  895s
 668561 40343     cutoff   52      1493.37932 1458.87349  2.31%  11.7  901s
 671135 38935     cutoff   49      1493.37932 1459.62169  2.26%  11.7  906s
 673627 37476     cutoff   44      1493.37932 1460.32094  2.21%  11.8  911s
 676335 35940     cutoff   66      1493.37932 1461.13821  2.16%  11.8  917s
 677640 35174 infeasible   55      1493.37932 1461.59765  2.13%  11.8  920s
 680206 33649 1476.23272   85   27 1493.37932 1462.39161  2.08%  11.8  925s
 682709 32089     cutoff   48      1493.37932 1463.27790  2.02%  11.8  930s
 685231 30490     cutoff   58      1493.37932 1464.12439  1.96%  11.8  935s
 687905 29306 1485.89878   57   19 1493.37932 1465.04296  1.90%  11.9  942s
 689818 27566     cutoff   72      1493.37932 1465.63573  1.86%  11.9  947s
 691108 26635     cutoff   85      1493.37932 1466.23875  1.82%  11.9  950s
 693744 24827     cutoff   71      1493.37932 1467.21468  1.75%  11.9  955s
 697755 22098     cutoff   71      1493.37932 1468.76776  1.65%  11.9  962s
 700297 20235     cutoff   57      1493.37932 1469.83892  1.58%  11.9  966s
 702862 18305     cutoff   55      1493.37932 1471.04423  1.50%  12.0  971s
 705588 16340 infeasible   52      1493.37932 1472.30733  1.41%  12.0  977s
 708169 14424     cutoff   66      1493.37932 1473.62448  1.32%  12.0  981s
 710699 12329     cutoff   63      1493.37932 1475.10126  1.22%  12.0  986s
 713193 10247     cutoff   77      1493.37932 1476.67527  1.12%  12.0  990s
 715843  7977     cutoff   67      1493.37932 1478.76025  0.98%  12.0  995s
 717141  7254 1482.78086   56   11 1493.37932 1479.78131  0.91%  12.0 1000s
 719297  4936     cutoff   54      1493.37932 1481.84355  0.77%  12.1 1005s
 723246  1147     cutoff   41      1493.37932 1487.33520  0.40%  12.1 1011s

Cutting planes:
  Gomory: 4
  Cover: 1
  Zero half: 11
  Lazy constraints: 901

Explored 725791 nodes (8764790 simplex iterations) in 1013.26 seconds
Thread count was 12 (of 12 available processors)

Solution count 4: 1493.38 1494.2 1495.23 1975.59 

Optimal solution found (tolerance 1.00e-04)
Best objective 1.493379320563e+03, best bound 1.493379320563e+03, gap 0.0000%

User-callback calls 1655195, time in user-callback 17.96 sec
/projects/academic/josewalt/caigao/RRARP_BD/BendersDecomp/ret/model_outs/n_22_h_10_algo_4.out
 =====>>>>> Solution is written to file in <../ret/model_outs> !!!
===>> All Done!
