NPROCS=0
This instance is clustered!
Gurobi Optimizer version 9.0.0 build v9.0.0rc2 (linux64)
Optimize a model with 38 rows, 362 columns and 722 nonzeros
Model fingerprint: 0xf49daf9e
Variable types: 1 continuous, 361 integer (361 binary)
Coefficient statistics:
  Matrix range     [1e+00, 1e+00]
  Objective range  [1e+00, 3e+02]
  Bounds range     [1e+00, 1e+00]
  RHS range        [1e+00, 1e+00]
Presolve removed 2 rows and 54 columns
Presolve time: 0.00s
Presolved: 36 rows, 308 columns, 614 nonzeros
Variable types: 1 continuous, 307 integer (307 binary)

Root relaxation: objective 4.700323e+02, 36 iterations, 0.00 seconds

    Nodes    |    Current Node    |     Objective Bounds      |     Work
 Expl Unexpl |  Obj  Depth IntInf | Incumbent    BestBd   Gap | It/Node Time

     0     0  585.56627    0    9          -  585.56627      -     -    0s
H    0     0                     880.0208707  585.56627  33.5%     -    0s
H    0     0                     875.5075385  585.56627  33.1%     -    0s
H    0     0                     863.3298012  585.56627  32.2%     -    0s
     0     0  585.84259    0   21  863.32980  585.84259  32.1%     -    0s
     0     0  585.95094    0   32  863.32980  585.95094  32.1%     -    0s
     0     2  586.13860    0   15  863.32980  586.13860  32.1%     -    0s
 10081  4477  688.49565   30    9  863.32980  659.62180  23.6%   4.3    5s
 14341  6651  729.70374   24   12  863.32980  670.63503  22.3%   4.5   10s
 17421  8192  744.84501   25   32  863.32980  675.79070  21.7%   4.6   16s
 17639  8349  675.79070   36   14  863.32980  675.79070  21.7%   4.6   20s
 19461  8884  675.79070   35   21  863.32980  675.79070  21.7%   4.6   25s
 22314  9952  738.90141   34   16  863.32980  675.79070  21.7%   4.6   30s
 25291 10955  698.00927   33   32  863.32980  675.79070  21.7%   4.5   35s
 27885 11903 infeasible   80       863.32980  675.79070  21.7%   4.5   40s
 30701 12901     cutoff   48       863.32980  675.79070  21.7%   4.5   45s
 33324 13651  780.94312   40   15  863.32980  675.79070  21.7%   4.5   50s
 35610 14287  734.09997   38   10  863.32980  675.79070  21.7%   4.5   55s
 37409 14878     cutoff   65       863.32980  677.34838  21.5%   4.5   60s
 39513 15395 infeasible   61       863.32980  679.59430  21.3%   4.5   65s
 41648 15992  719.43717   36   10  863.32980  682.36387  21.0%   4.5   71s
 43276 16773  733.38761   48   28  863.32980  684.13865  20.8%   4.5   75s
 44871 17599  705.16812   44    9  863.32980  685.49606  20.6%   4.5   80s
 46361 18591  737.83840   38   27  863.32980  687.27571  20.4%   4.5   85s
 48182 19693  690.44772   40   17  863.32980  689.22181  20.2%   4.5   91s
 49998 20659  730.10427   37   23  863.32980  690.57687  20.0%   4.5   97s
 50774 21107  697.32004   37   31  863.32980  691.24853  19.9%   4.5  101s
 52567 22145     cutoff   57       863.32980  692.65388  19.8%   4.6  108s
 53498 22647  772.03087   42   27  863.32980  693.35645  19.7%   4.6  112s
 54333 23106  705.29659   41   28  863.32980  693.79913  19.6%   4.5  115s
 56081 24107  757.92922   42    8  863.32980  695.66400  19.4%   4.6  123s
 56989 24673  714.65597   36   10  863.32980  696.41981  19.3%   4.6  127s
 57859 25159  756.81797   38   10  863.32980  697.10400  19.3%   4.6  131s
 58776 25574  727.60841   47   12  863.32980  697.19842  19.2%   4.6  135s
 59560 26101  742.25530   43   30  863.32980  698.06271  19.1%   4.6  140s
 61507 27307  724.64844   42   24  863.32980  699.37660  19.0%   4.6  148s
 62442 27816  735.45824   42   23  863.32980  700.08893  18.9%   4.6  152s
 63339 28306  738.36505   35   21  863.32980  700.12337  18.9%   4.6  157s
 64235 28769  752.73635   39   21  863.32980  701.33065  18.8%   4.6  162s
 65147 29237  765.54773   54    -  863.32980  701.87715  18.7%   4.6  167s
 66001 29719  797.41611   47    9  863.32980  702.50836  18.6%   4.6  172s
 66909 30126  798.27722   38   20  863.32980  702.79812  18.6%   4.6  178s
 67808 30580  712.11431   45    8  863.32980  703.21986  18.5%   4.6  183s
 68662 31012 infeasible   50       863.32980  703.65480  18.5%   4.6  188s
 69536 31587  803.93875   39   12  863.32980  704.28742  18.4%   4.6  194s
 70504 32072  743.85336   42   10  863.32980  704.79896  18.4%   4.6  200s
 71409 32504  751.86393   46   24  863.32980  705.04387  18.3%   4.6  207s
 72307 32997  753.66526   42   18  863.32980  705.61556  18.3%   4.6  214s
 73203 33504  730.58415   39   19  863.32980  706.00974  18.2%   4.6  220s
 74184 34029 infeasible   61       863.32980  706.28940  18.2%   4.6  227s
 75154 34537  757.47184   37   10  863.32980  707.03798  18.1%   4.6  234s
 76100 35078  738.32547   44    9  863.32980  707.56087  18.0%   4.6  242s
 77134 35531  774.50120   51   12  863.32980  707.72397  18.0%   4.6  249s
 77909 36016  779.93638   38   28  863.32980  708.43460  17.9%   4.6  257s
 78886 36531     cutoff   49       863.32980  708.49368  17.9%   4.6  265s
 79882 37090  775.35872   37   15  863.32980  709.40861  17.8%   4.6  274s
 80853 37602  733.89983   44   19  863.32980  709.77579  17.8%   4.6  282s
 81903 38027 infeasible   65       863.32980  710.16482  17.7%   4.6  291s
 82879 38613  767.75707   35    8  863.32980  710.63453  17.7%   4.6  301s
 83884 39170  752.67455   46   19  863.32980  711.05668  17.6%   4.6  311s
 84951 39703  804.65232   42   30  863.32980  711.33307  17.6%   4.6  321s
 85953 40222  720.77439   46    8  863.32980  712.03298  17.5%   4.6  330s
 87011 40773 infeasible   65       863.32980  712.63191  17.5%   4.6  341s
 88041 41351  734.83131   40   31  863.32980  712.98099  17.4%   4.6  350s
 89083 41915  779.60208   43   26  863.32980  712.98099  17.4%   4.6  360s
 90139 42417  759.92950   40    6  863.32980  713.90892  17.3%   4.6  370s
 91132 42846     cutoff   64       863.32980  714.23054  17.3%   4.6  379s
 92142 43378  719.32036   42   27  863.32980  714.71198  17.2%   4.6  390s
 93135 43988  731.71247   46   43  863.32980  714.91535  17.2%   4.6  399s
 94211 44571  743.55054   41   13  863.32980  715.67128  17.1%   4.6  409s
 95278 44984  722.32567   39    -  863.32980  715.90355  17.1%   4.6  418s
 96261 45509  728.49960   39   33  863.32980  716.11562  17.1%   4.7  429s
 97312 46022  853.77398   55   20  863.32980  716.56170  17.0%   4.7  440s
 98317 46508 infeasible   61       863.32980  717.50051  16.9%   4.7  451s
 99337 47126  758.95356   50    6  863.32980  717.74460  16.9%   4.7  462s
 100448 47574 infeasible   59       863.32980  718.24787  16.8%   4.7  473s
 101442 48158  757.01842   48   31  863.32980  718.65327  16.8%   4.7  483s
 102537 48734     cutoff   65       863.32980  719.18662  16.7%   4.7  494s
 103631 49273  783.62530   42   22  863.32980  719.59776  16.6%   4.7  506s
 104612 49783  796.06594   39   20  863.32980  719.95706  16.6%   4.7  518s
 105709 50254  777.85525   48   23  863.32980  720.39499  16.6%   4.7  530s
 106748 50733  734.13448   39   29  863.32980  720.71559  16.5%   4.7  541s
 107769 51292  758.62815   37   35  863.32980  721.19685  16.5%   4.7  552s
 108849 51778  730.33449   41    -  863.32980  721.50103  16.4%   4.7  564s
 109887 52264  736.50603   41   33  863.32980  721.80566  16.4%   4.7  576s
 110946 52815  862.48983   66   26  863.32980  722.00040  16.4%   4.7  588s
 111992 53284  848.58715   61   12  863.32980  722.59492  16.3%   4.7  601s
 113057 53759  808.96313   52   24  863.32980  723.01413  16.3%   4.7  613s
 114020 54222  762.40825   37   10  863.32980  723.31397  16.2%   4.7  625s
 115081 54752  730.93557   37   14  863.32980  723.73659  16.2%   4.7  637s
 116117 55233  737.60272   34   18  863.32980  724.18236  16.1%   4.7  650s
 117250 55644  757.67825   48   11  863.32980  724.47802  16.1%   4.7  663s
 118267 56170  753.05601   47   32  863.32980  724.71234  16.1%   4.7  676s
 119322 56710  794.81154   51   21  863.32980  725.04739  16.0%   4.7  689s
 120435 57296  813.67375   40   16  863.32980  725.43280  16.0%   4.7  703s
 121557 57874  760.58730   43   28  863.32980  725.62841  16.0%   4.7  719s
 122612 58426  829.49140   47   10  863.32980  726.16745  15.9%   4.7  734s
 123744 58974  758.85349   37    7  863.32980  726.38199  15.9%   4.7  749s
 124882 59530 infeasible   62       863.32980  726.67061  15.8%   4.7  763s
 125978 60004  804.38876   45   38  863.32980  727.03433  15.8%   4.7  777s
 127076 60520  858.95344   47   16  863.32980  727.04132  15.8%   4.7  791s
 128177 60957  748.07983   38   33  863.32980  727.64670  15.7%   4.7  804s
 129230 61390  819.44040   55   29  863.32980  727.90955  15.7%   4.7  817s
 130260 61845  782.96827   40   10  863.32980  728.23474  15.6%   4.7  833s
 131286 62332     cutoff   57       863.32980  728.62939  15.6%   4.7  848s
 132387 62879  834.45112   36   12  863.32980  728.98222  15.6%   4.7  865s
 133451 63349  763.61512   45    8  863.32980  729.22973  15.5%   4.7  880s
 134542 63770  830.74837   57   12  863.32980  729.47281  15.5%   4.7  895s
 135492 64214  830.78865   50    9  863.32980  729.84601  15.5%   4.7  910s
 136587 64704  779.33973   39   14  863.32980  730.09561  15.4%   4.7  927s
 137623 65244  775.54342   47   36  863.32980  730.32377  15.4%   4.7  942s
 138800 65752  767.02872   41   17  863.32980  730.37844  15.4%   4.7  957s
 139928 66276  754.39681   37    8  863.32980  730.72715  15.4%   4.7  975s
 141042 66786  741.44538   43   23  863.32980  730.89486  15.3%   4.7  993s
 142128 67272     cutoff   50       863.32980  731.19355  15.3%   4.7 1010s
 143251 67777  786.59694   51   28  863.32980  731.62593  15.3%   4.7 1030s
 144361 68198  738.32107   52   21  863.32980  731.89146  15.2%   4.7 1048s
 145413 68732     cutoff   58       863.32980  732.12589  15.2%   4.7 1065s
 146553 69228  792.79140   38    9  863.32980  732.27827  15.2%   4.7 1084s
 147698 69764  743.77456   46    6  863.32980  732.73068  15.1%   4.8 1101s
 148821 70242  804.37245   47   11  863.32980  733.07528  15.1%   4.8 1119s
 149904 70722  775.95337   44   20  863.32980  733.25247  15.1%   4.8 1136s
 150972 71283  789.88416   42   23  863.32980  733.66845  15.0%   4.8 1153s
 152137 71821  763.17120   42   35  863.32980  733.89826  15.0%   4.8 1172s
 153277 72400 infeasible   60       863.32980  734.19059  15.0%   4.8 1191s
 154394 72816  786.61668   47   10  863.32980  734.47208  14.9%   4.8 1209s
 155363 73332  855.23335   45   18  863.32980  734.58719  14.9%   4.8 1230s
 156490 73886  794.26526   48   22  863.32980  734.86536  14.9%   4.8 1247s
 157542 74344  775.57163   53    -  863.32980  735.14383  14.8%   4.8 1266s
 158672 74888  776.76811   53   15  863.32980  735.39357  14.8%   4.8 1284s
 159832 75338  762.55861   49   28  863.32980  735.62278  14.8%   4.8 1302s
 160926 75854  802.36286   44   15  863.32980  735.84654  14.8%   4.8 1320s
 162052 76279 infeasible   50       863.32980  736.17801  14.7%   4.8 1337s
 163147 76821  824.55006   47   15  863.32980  736.43785  14.7%   4.8 1355s
 164268 77211  835.65513   56   34  863.32980  736.68720  14.7%   4.8 1376s
 165372 77706  792.62476   41   10  863.32980  736.94354  14.6%   4.8 1398s
 166431 78151  823.22836   40   12  863.32980  737.03388  14.6%   4.8 1415s
 167547 78692  852.75963   48   19  863.32980  737.31193  14.6%   4.8 1433s
 168712 79159  791.31878   49    8  863.32980  737.61312  14.6%   4.8 1453s
 169814 79680  761.08850   54   35  863.32980  737.68396  14.6%   4.8 1473s
 170958 80149  797.11787   46   10  863.32980  738.10022  14.5%   4.8 1493s
 172048 80721     cutoff   47       863.32980  738.31274  14.5%   4.8 1512s
 173213 81182 infeasible   53       863.32980  738.53091  14.5%   4.8 1531s
 174246 81527  766.25154   42   33  863.32980  738.73753  14.4%   4.8 1551s
 175304 82043  832.81057   49   21  863.32980  738.80215  14.4%   4.8 1573s
 176413 82493     cutoff   50       863.32980  739.00339  14.4%   4.8 1595s
 177521 83070  801.76623   40   14  863.32980  739.36751  14.4%   4.8 1615s
 178751 83610  765.04732   45   31  863.32980  739.51950  14.3%   4.8 1641s
 179921 84115  756.15275   44   20  863.32980  739.78178  14.3%   4.8 1661s
 181039 84659 infeasible   53       863.32980  739.92750  14.3%   4.8 1685s
 182196 85072  847.12795   74   36  863.32980  740.21452  14.3%   4.8 1707s
 183320 85579  782.75765   66   10  863.32980  740.26656  14.3%   4.8 1733s
 184453 86043  783.99676   51   28  863.32980  740.54947  14.2%   4.8 1759s
 185556 86498  751.96974   39   27  863.32980  740.88261  14.2%   4.8 1783s
 186665 87030  804.62633   46    -  863.32980  740.98435  14.2%   4.8 1807s
 187838 87455  846.65286   46   12  863.32980  741.40480  14.1%   4.8 1831s
 188939 87990  768.82184   49   27  863.32980  741.63675  14.1%   4.8 1858s
 190111 88450  811.44449   50   10  863.32980  741.88469  14.1%   4.8 1879s
 191239 88874  765.77762   50   22  863.32980  741.94314  14.1%   4.8 1904s
 192328 89450     cutoff   59       863.32980  742.25411  14.0%   4.8 1928s
 193487 89880  845.16410   53   23  863.32980  742.42384  14.0%   4.8 1951s
 194542 90144  778.30484   53   11  863.32980  742.55743  14.0%   4.8 1973s
 195603 90618 infeasible   59       863.32980  742.84097  14.0%   4.8 1999s
 196789 91053  772.96413   51    8  863.32980  743.02761  13.9%   4.8 2025s
 197929 91576  858.78934   53    9  863.32980  743.30142  13.9%   4.8 2055s
 199068 92039     cutoff   77       863.32980  743.31844  13.9%   4.8 2083s
 200228 92567  769.56976   40   20  863.32980  743.62178  13.9%   4.8 2109s
 201389 93013  772.60599   43   28  863.32980  743.82737  13.8%   4.8 2136s
 202449 93608     cutoff   51       863.32980  743.98192  13.8%   4.8 2161s
 203700 94076  748.12185   51   27  863.32980  744.23158  13.8%   4.8 2190s
 204891 94514  811.67571   49   13  863.32980  744.33427  13.8%   4.8 2217s
 206023 94736  790.09998   52   10  863.32980  744.49507  13.8%   4.8 2243s
 207005 95235     cutoff   72       863.32980  744.79507  13.7%   4.8 2275s
 208215 95732  755.42588   39   22  863.32980  744.88787  13.7%   4.8 2300s
 209272 96138  780.34675   50   25  863.32980  745.09631  13.7%   4.8 2330s
 210403 96567 infeasible   53       863.32980  745.22707  13.7%   4.8 2357s
 211549 97035  808.93284   57    -  863.32980  745.40840  13.7%   4.8 2386s
 212688 97440  851.42612   57   12  863.32980  745.44799  13.7%   4.8 2414s
 213831 98003  802.18669   51    8  863.32980  745.82186  13.6%   4.8 2441s
 215025 98407  783.87362   53   31  863.32980  746.05195  13.6%   4.8 2470s
 216136 98960     cutoff   64       863.32980  746.06575  13.6%   4.8 2498s
 217316 99373 infeasible   73       863.32980  746.36284  13.5%   4.8 2523s
 218420 99945     cutoff   59       863.32980  746.59924  13.5%   4.8 2548s
 219660 100379     cutoff   45       863.32980  746.83824  13.5%   4.8 2574s
 220812 100785  797.91283   42   25  863.32980  746.93408  13.5%   4.8 2600s
 221876 101359  768.02267   38    -  863.32980  747.21195  13.4%   4.8 2626s
 223073 101671  768.94336   38   26  863.32980  747.30865  13.4%   4.8 2652s
 224106 102065  810.96332   59    -  863.32980  747.58123  13.4%   4.8 2681s
 225307 102466  853.98708   59   12  863.32980  747.69081  13.4%   4.8 2716s
 226424 102937  773.37448   51   26  863.32980  747.89032  13.4%   4.8 2743s
 227704 103402  774.40964   47   27  863.32980  748.00068  13.4%   4.8 2768s
 228918 103927  811.33014   51   29  863.32980  748.24089  13.3%   4.8 2794s
 230089 104419  769.09051   52    6  863.32980  748.31455  13.3%   4.8 2825s
 231274 104937  816.82265   39    8  863.32980  748.57384  13.3%   4.8 2853s
 232485 105425  773.35849   39   10  863.32980  748.82388  13.3%   4.8 2879s
 233598 105789  774.96523   46   25  863.32980  748.88591  13.3%   4.8 2910s
 234688 106283  835.15414   45    6  863.32980  749.06831  13.2%   4.8 2937s
 235822 106787  765.58539   39   24  863.32980  749.36336  13.2%   4.8 2966s
 237034 107262  785.29772   42    -  863.32980  749.46133  13.2%   4.8 2995s
 238233 107731  785.94156   42   14  863.32980  749.68188  13.2%   4.8 3029s
 239348 108328  757.00439   43   31  863.32980  749.68815  13.2%   4.8 3059s
 240602 108725     cutoff   40       863.32980  750.02665  13.1%   4.8 3093s
 241752 109181  809.40815   45   34  863.32980  750.22920  13.1%   4.8 3124s
 242910 109629     cutoff   66       863.32980  750.41205  13.1%   4.8 3153s
 244053 109913  807.95224   51   13  863.32980  750.59151  13.1%   4.9 3182s
 245126 110360  796.61905   45   23  863.32980  750.74925  13.0%   4.9 3213s
 246307 110556  774.87506   41   32  863.32980  750.80618  13.0%   4.9 3250s
 246309 110557  760.70953   46   14  863.32980  750.80618  13.0%   4.9 3258s
 246311 110559  833.45130   41   14  863.32980  750.80618  13.0%   4.9 3261s
 246312 110562  750.80618   36   16  863.32980  750.80618  13.0%   4.9 3267s
 246314 110566  750.80618   37   20  863.32980  750.80618  13.0%   4.9 3274s
 246318 110572  750.80618   38   14  863.32980  750.80618  13.0%   4.9 3282s
 246326 110582  750.80618   39   38  863.32980  750.80618  13.0%   4.9 3292s
 246338 110590  750.80618   40   31  863.32980  750.80618  13.0%   4.9 3299s
 246350 110598  750.80618   40   25  863.32980  750.80618  13.0%   4.9 3304s
 246362 110606  750.80618   41   14  863.32980  750.80618  13.0%   4.9 3306s
 246386 110625  750.80618   42   18  863.32980  750.80618  13.0%   4.9 3312s
 246418 110649  750.80618   43   16  863.32980  750.80618  13.0%   4.9 3317s
 246457 110676  750.80618   44   21  863.32980  750.80618  13.0%   4.9 3322s
 246476 110688  750.80618   45   27  863.32980  750.80618  13.0%   4.9 3326s
 246494 110704  750.80618   46   37  863.32980  750.80618  13.0%   4.9 3330s
 246542 110727  750.80618   47   27  863.32980  750.80618  13.0%   4.9 3335s
 246581 110761  750.80618   48   27  863.32980  750.80618  13.0%   4.9 3341s
 246637 110787  750.80618   51   19  863.32980  750.80618  13.0%   4.9 3347s
 246700 110797  750.80618   55   20  863.32980  750.80618  13.0%   4.9 3352s
 246730 110808  761.32510   56    -  863.32980  750.80618  13.0%   4.9 3355s
 246794 110826  800.14637   58    -  863.32980  750.80618  13.0%   4.9 3362s
 246829 110828  825.01090   59   30  863.32980  750.80618  13.0%   4.9 3366s
 246867 110828  861.42942   61    8  863.32980  750.80618  13.0%   4.9 3370s
 246957 110845  761.82733   66   25  863.32980  750.80618  13.0%   4.9 3377s
 247013 110854  766.28556   68   24  863.32980  750.80618  13.0%   4.9 3381s
 247074 110876  776.50016   72   22  863.32980  750.80618  13.0%   4.9 3385s
 247202 110921  750.80618   42   28  863.32980  750.80618  13.0%   4.9 3393s
 247261 110938  750.80618   45   23  863.32980  750.80618  13.0%   4.9 3397s
 247323 110961  750.80618   51   35  863.32980  750.80618  13.0%   4.9 3401s
 247393 110985  750.80618   55   34  863.32980  750.80618  13.0%   4.9 3406s
 247476 110988  750.80618   57   43  863.32980  750.80618  13.0%   4.9 3410s
 247548 110995  750.80618   59   38  863.32980  750.80618  13.0%   4.9 3415s
 247625 111025  750.80618   61   23  863.32980  750.80618  13.0%   4.9 3421s
 247722 111071  750.80618   66   39  863.32980  750.80618  13.0%   4.9 3426s
 247823 111105  750.80618   71   41  863.32980  750.80618  13.0%   4.9 3431s
 247932 111156  750.80618   76   36  863.32980  750.80618  13.0%   4.9 3435s
 248057 111194  750.80618   85   43  863.32980  750.80618  13.0%   4.9 3440s
 248182 111223  750.80618   93   32  863.32980  750.80618  13.0%   4.9 3445s
 248312 111241  750.80618   98   34  863.32980  750.80618  13.0%   4.9 3452s
 248418 111287  785.13946  106   24  863.32980  750.80618  13.0%   4.9 3457s
 248583 111377  750.80618   43   19  863.32980  750.80618  13.0%   4.9 3463s
 248768 111491  750.80618   63   33  863.32980  750.80618  13.0%   4.9 3468s
 248985 111585  750.80618   84   27  863.32980  750.80618  13.0%   4.9 3474s
 249194 111645  825.74379   92    6  863.32980  750.80618  13.0%   4.8 3481s
 249408 111773  750.80618   49   19  863.32980  750.80618  13.0%   4.8 3487s
 249644 111866  760.24305   61   12  863.32980  750.80618  13.0%   4.8 3494s
 249875 112002  834.80076   66   22  863.32980  750.80618  13.0%   4.8 3500s
 250149 112080  825.98992   97   15  863.32980  750.80618  13.0%   4.8 3506s
 250400 112214  750.80618   56   16  863.32980  750.80618  13.0%   4.8 3513s
 250676 112356  800.65816   62    7  863.32980  750.80618  13.0%   4.8 3519s
 250959 112504     cutoff   63       863.32980  750.80618  13.0%   4.8 3527s
 251261 112659  750.80618   57   51  863.32980  750.80618  13.0%   4.8 3533s
 251595 112730  750.80618   79   38  863.32980  750.80618  13.0%   4.8 3541s
 251870 112871     cutoff  102       863.32980  750.80618  13.0%   4.8 3550s
 252159 112998  766.22876   57   32  863.32980  750.80618  13.0%   4.8 3556s
 252485 113145  799.63689   63   11  863.32980  750.80618  13.0%   4.8 3565s
 252813 113313  765.49898   64   21  863.32980  750.80618  13.0%   4.8 3574s
 253167 113506  750.80618   57   33  863.32980  750.80618  13.0%   4.8 3582s
 253556 113681  804.29855   61   18  863.32980  750.80618  13.0%   4.8 3590s
 253971 113859  750.80618   50   29  863.32980  750.80618  13.0%   4.8 3599s
 254385 114049     cutoff   90       863.32980  750.80618  13.0%   4.8 3608s
 254820 114212  760.09591   72   35  863.32980  750.80618  13.0%   4.8 3618s
 255241 114443  750.80618   59   41  863.32980  750.80618  13.0%   4.8 3628s
 255712 114622  750.80618   57   22  863.32980  750.80618  13.0%   4.8 3638s
 256179 114827  750.80618   56   20  863.32980  750.80618  13.0%   4.8 3648s
 256675 115027     cutoff   69       863.32980  750.80618  13.0%   4.8 3659s
 257164 115254  750.80618   70   24  863.32980  750.80618  13.0%   4.8 3671s
 257702 115535  804.05305   56    9  863.32980  750.80618  13.0%   4.8 3682s
 258305 115603     cutoff   57       863.32980  750.80618  13.0%   4.8 3694s
 258650 115888  750.80618   62   20  863.32980  750.80618  13.0%   4.8 3708s
 259172 116116  803.57353   50    9  863.32980  750.80618  13.0%   4.8 3723s
 259785 116367  759.38584   67   21  863.32980  750.80618  13.0%   4.8 3738s
 260403 116649  845.92678   78   12  863.32980  750.80618  13.0%   4.8 3752s
 261072 116888  750.80618   63    9  863.32980  750.80618  13.0%   4.8 3769s
 261734 117244  750.80618   46   19  863.32980  750.80618  13.0%   4.8 3784s
 262475 117524  850.49587   59   23  863.32980  750.80618  13.0%   4.8 3801s
 263185 117851     cutoff   90       863.32980  750.80618  13.0%   4.8 3818s
 263954 118196  775.00569   64   18  863.32980  750.80618  13.0%   4.8 3836s
 264776 118533     cutoff   68       863.32980  750.80618  13.0%   4.8 3853s
 265596 118792  844.64712   54   16  863.32980  750.80618  13.0%   4.8 3871s
 266413 119133  847.25818   60    6  863.32980  750.80618  13.0%   4.8 3888s
 267283 119466  750.80618   50   34  863.32980  750.80618  13.0%   4.8 3906s
 268158 119837  750.80618   48   32  863.32980  750.80618  13.0%   4.8 3926s
 269110 120083  832.80104   51    8  863.32980  750.80618  13.0%   4.8 3945s
 269933 120385     cutoff   58       863.32980  750.80618  13.0%   4.8 3970s
 270856 120779  776.11848   52    9  863.32980  750.80618  13.0%   4.8 3995s
 271905 121167  750.80618   47   39  863.32980  750.80618  13.0%   4.8 4023s
 272919 121702  796.84198   53   14  863.32980  750.80618  13.0%   4.8 4049s
 274128 122091     cutoff   65       863.32980  750.80618  13.0%   4.8 4072s
 275309 122553     cutoff   63       863.32980  750.80618  13.0%   4.8 4095s
 276583 123035  750.80618   48   13  863.32980  750.80618  13.0%   4.8 4118s
 277866 123549  750.80618   55   19  863.32980  750.80618  13.0%   4.8 4141s
 279176 123955  808.34037   51   21  863.32980  750.80618  13.0%   4.8 4164s
 280260 124451  750.80618   47   11  863.32980  750.80618  13.0%   4.8 4189s
 281522 124904     cutoff   76       863.32980  750.80618  13.0%   4.8 4212s
 282788 125373  833.81515   58   20  863.32980  750.80618  13.0%   4.8 4238s
 284054 125780  754.75284   74   36  863.32980  750.80618  13.0%   4.7 4263s
 285251 126160     cutoff   87       863.32980  750.80618  13.0%   4.7 4288s
 286439 126660  861.70214   60    -  863.32980  750.80618  13.0%   4.7 4314s
 287676 127008     cutoff   60       863.32980  750.80618  13.0%   4.7 4340s
 288883 127335  817.32996   66    -  863.32980  750.80618  13.0%   4.7 4365s
 290014 127728  785.44426   59   15  863.32980  750.80618  13.0%   4.7 4396s
 291246 128015  829.13451   61   17  863.32980  750.80618  13.0%   4.7 4424s
 292289 128473  750.80618   53   38  863.32980  750.80618  13.0%   4.7 4452s
 293515 128833  793.35491   62    6  863.32980  750.80618  13.0%   4.7 4480s
 294703 129177  838.31625   58   13  863.32980  750.80618  13.0%   4.7 4505s
 295872 129562     cutoff   82       863.32980  750.80618  13.0%   4.7 4528s
 297066 129997  836.18744   64    6  863.32980  750.80618  13.0%   4.7 4552s
 298260 130361  817.80195   70    -  863.32980  750.80618  13.0%   4.7 4581s
 299458 130807  750.80618   47   16  863.32980  750.80618  13.0%   4.7 4607s
 300703 131032  810.17431   51   12  863.32980  750.80618  13.0%   4.7 4638s
 301780 131474  801.39759   57   12  863.32980  750.80618  13.0%   4.7 4663s
 302986 131761  781.38704   55   17  863.32980  750.80618  13.0%   4.7 4691s
 304076 131963  808.82632   83   38  863.32980  750.80618  13.0%   4.7 4721s
 305025 132418  835.26305   52   13  863.32980  750.80618  13.0%   4.7 4747s
 306298 132728  826.73020   64   43  863.32980  750.80618  13.0%   4.7 4775s
 307501 133070  805.29173   54   30  863.32980  750.80618  13.0%   4.7 4808s
 308714 133415     cutoff   63       863.32980  750.80618  13.0%   4.7 4836s
 309912 133808  795.55788   46   21  863.32980  750.80618  13.0%   4.7 4864s
 311154 134182  750.80618   46    8  863.32980  750.80618  13.0%   4.7 4891s
 312346 134397  805.54281   51   15  863.32980  750.80618  13.0%   4.7 4919s
 313509 134728  768.72134   50   21  863.32980  750.80618  13.0%   4.7 4944s
 314692 135078  774.44362   51   11  863.32980  750.80618  13.0%   4.7 4971s
 315896 135310  819.73486   58   12  863.32980  750.80618  13.0%   4.7 4996s
 316928 135744  783.58799   52   24  863.32980  750.80618  13.0%   4.7 5021s
 318186 136048     cutoff   90       863.32980  750.80618  13.0%   4.7 5046s
 319420 136359  771.84874   49   26  863.32980  750.80618  13.0%   4.7 5072s
 320611 136684     cutoff   85       863.32980  750.80618  13.0%   4.7 5097s
 321807 136967  854.11589   67    -  863.32980  750.80618  13.0%   4.7 5128s
 322993 137308  750.80618   54   19  863.32980  750.80618  13.0%   4.7 5153s
 324213 137566     cutoff   66       863.32980  750.80618  13.0%   4.7 5182s
 325403 137761  834.04843   59   15  863.32980  750.80618  13.0%   4.7 5210s
 326377 138122  810.21552   62   16  863.32980  750.80618  13.0%   4.7 5238s
 327605 138385     cutoff   62       863.32980  750.80618  13.0%   4.7 5265s
 328796 138584  815.82627   52   18  863.32980  750.80618  13.0%   4.7 5294s
 329928 138855  815.10000   62    6  863.32980  750.80618  13.0%   4.7 5320s
 331098 139081  794.05657   48   23  863.32980  750.80618  13.0%   4.7 5347s
 332219 139382  750.80618   54   15  863.32980  750.80618  13.0%   4.7 5373s
 333405 139593  776.81542   51   28  863.32980  750.80618  13.0%   4.7 5399s
 334442 139902  850.72375   75    -  863.32980  750.80618  13.0%   4.7 5426s
 335656 140123  804.82239   68   21  863.32980  750.80618  13.0%   4.7 5453s
 336848 140386  781.61976   51   20  863.32980  750.80618  13.0%   4.7 5481s
 338033 140652  842.06078   57   26  863.32980  750.80618  13.0%   4.7 5508s
 339248 140923  826.56028   58   27  863.32980  750.80618  13.0%   4.7 5535s
 340478 141126  835.08848   56   11  863.32980  750.80618  13.0%   4.7 5566s
 341681 141306     cutoff   96       863.32980  750.80618  13.0%   4.7 5595s
 342734 141568  790.98973   49   13  863.32980  750.80618  13.0%   4.7 5625s
 343932 141910  807.87337   53    9  863.32980  750.80618  13.0%   4.7 5654s
 345181 142186  785.01659   59   10  863.32980  750.80618  13.0%   4.7 5683s
 346378 142213  789.27707   58   24  863.32980  750.80618  13.0%   4.7 5707s
 347054 142533  787.39191   54   20  863.32980  750.80618  13.0%   4.7 5737s
 348128 142882  798.89777   62   15  863.32980  750.80618  13.0%   4.7 5770s
 349392 143130  786.86032   68   35  863.32980  750.80618  13.0%   4.7 5802s
 350632 143420  793.36075   55   10  863.32980  750.80618  13.0%   4.7 5831s
 351881 143599  845.49163   62   40  863.32980  750.80618  13.0%   4.7 5862s
 353054 143853     cutoff   72       863.32980  750.80618  13.0%   4.7 5893s
 354270 144030  793.63928   54   10  863.32980  750.80618  13.0%   4.7 5924s
 355346 144166     cutoff   76       863.32980  750.80618  13.0%   4.7 5958s
 356507 144343  852.73800   59    9  863.32980  750.80618  13.0%   4.7 5992s
 357677 144480 infeasible   66       863.32980  750.80618  13.0%   4.7 6024s
 358797 144666  837.00302   56   12  863.32980  750.80618  13.0%   4.7 6055s
 359963 144860  797.60453   51   15  863.32980  750.80618  13.0%   4.7 6088s
 361127 144937  773.75027   55   10  863.32980  750.80618  13.0%   4.7 6119s
 362171 145145  834.00885   60   21  863.32980  750.80618  13.0%   4.7 6153s
 363411 145326  815.41254   64    -  863.32980  750.80618  13.0%   4.7 6185s
 364620 145587  779.39329   54   12  863.32980  750.80618  13.0%   4.7 6221s
 365828 145833     cutoff   56       863.32980  750.80618  13.0%   4.7 6261s
 367043 145934     cutoff   61       863.32980  750.80618  13.0%   4.7 6301s
 368250 146191  843.89204   52   22  863.32980  750.80618  13.0%   4.7 6332s
 369495 146351  795.25693   51   20  863.32980  750.80618  13.0%   4.7 6366s
 370677 146599  853.39042   76   13  863.32980  750.80618  13.0%   4.7 6400s
 371928 146717     cutoff   60       863.32980  750.80618  13.0%   4.7 6431s
 373002 146972  750.80618   55   14  863.32980  750.80618  13.0%   4.7 6463s
 374213 147116  782.53327   57   22  863.32980  750.80618  13.0%   4.7 6497s
 375415 147346  795.51750   50   18  863.32980  750.80618  13.0%   4.7 6529s
 376625 147494     cutoff   72       863.32980  750.80618  13.0%   4.7 6563s
 377805 147605  775.77450   60   29  863.32980  750.80618  13.0%   4.7 6599s
 378808 147774     cutoff   60       863.32980  750.80618  13.0%   4.7 6638s
 380011 147941  856.83069   55   16  863.32980  750.80618  13.0%   4.7 6677s
 381231 148165  808.92887   52   14  863.32980  750.80618  13.0%   4.7 6719s
 382453 148359  815.22656   58   23  863.32980  750.80618  13.0%   4.7 6756s
 383675 148448  781.49096   58    9  863.32980  750.80618  13.0%   4.7 6795s
 384813 148584     cutoff   67       863.32980  750.80618  13.0%   4.7 6833s
 385971 148752  801.29672   55   16  863.32980  750.80618  13.0%   4.7 6869s
 387084 149029  795.93065   55    7  863.32980  750.80618  13.0%   4.7 6909s
 388320 149232  860.44311   60   15  863.32980  750.80618  13.0%   4.7 6944s
 389562 149372  818.23574   54    6  863.32980  750.80618  13.0%   4.7 6979s
 390735 149674  810.83452   57   20  863.32980  750.80618  13.0%   4.7 7013s
 391990 149711  861.21991   69   12  863.32980  750.80618  13.0%   4.7 7048s
 393073 149802  801.53163   55   17  863.32980  750.80618  13.0%   4.7 7083s
 394227 150034  795.81293   65   16  863.32980  750.80618  13.0%   4.7 7119s
 395459 150161  810.52934   56   18  863.32980  750.80618  13.0%   4.7 7153s
 396641 150229  817.80061   57   15  863.32980  750.80618  13.0%   4.7 7189s
 397790 150090  797.31625   69   16  863.32980  750.80618  13.0%   4.7 7200s

Cutting planes:
  Lazy constraints: 10578

Explored 398048 nodes (1865356 simplex iterations) in 7200.82 seconds
Thread count was 12 (of 12 available processors)

Solution count 3: 863.33 875.508 880.021 

Time limit reached
Best objective 8.633298011824e+02, best bound 7.508061817681e+02, gap 13.0337%

User-callback calls 1890163, time in user-callback 4.83 sec
/projects/academic/josewalt/caigao/RRARP_BD/BendersDecomp/ret/model_outs/n_17_h_7_algo_2.out
 =====>>>>> Solution is written to file in <../ret/model_outs> !!!
===>> All Done!
