NPROCS=0
This instance is clustered!
Gurobi Optimizer version 9.0.0 build v9.0.0rc2 (linux64)
Optimize a model with 52 rows, 677 columns and 1352 nonzeros
Model fingerprint: 0x1c556a83
Variable types: 1 continuous, 676 integer (676 binary)
Coefficient statistics:
  Matrix range     [1e+00, 1e+00]
  Objective range  [1e+00, 6e+02]
  Bounds range     [1e+00, 1e+00]
  RHS range        [1e+00, 1e+00]
Presolve removed 2 rows and 75 columns
Presolve time: 0.01s
Presolved: 50 rows, 602 columns, 1202 nonzeros
Variable types: 1 continuous, 601 integer (601 binary)

Root relaxation: objective 1.534447e+03, 45 iterations, 0.00 seconds

    Nodes    |    Current Node    |     Objective Bounds      |     Work
 Expl Unexpl |  Obj  Depth IntInf | Incumbent    BestBd   Gap | It/Node Time

     0     0 1630.86619    0   12          - 1630.86619      -     -    0s
H    0     0                    3279.7458735 1630.86619  50.3%     -    0s
     0     0 1715.89558    0   28 3279.74587 1715.89558  47.7%     -    0s
     0     2 1739.83041    0   49 3279.74587 1739.83041  47.0%     -    0s
* 1700   853              39    2075.0543057 1787.59257  13.9%   6.2    0s
H 1931   664                    1997.1967030 1787.59257  10.5%   6.1    1s
  8734  2394     cutoff   29      1997.19670 1912.13396  4.26%   9.3    5s
H15033  2137                    1997.1966932 1952.13334  2.26%  10.6    7s

Cutting planes:
  Gomory: 8
  MIR: 5
  Zero half: 28
  Mod-K: 1
  RLT: 2
  Lazy constraints: 341

Explored 18771 nodes (217625 simplex iterations) in 9.09 seconds
Thread count was 12 (of 12 available processors)

Solution count 3: 1997.2 2075.05 3279.75 

Optimal solution found (tolerance 1.00e-04)
Best objective 1.997196693185e+03, best bound 1.997196693185e+03, gap 0.0000%

User-callback calls 41684, time in user-callback 0.12 sec
/projects/academic/josewalt/caigao/RRARP_BD/BendersDecomp/ret/model_outs/n_24_e_3_algo_3.out
 =====>>>>> Solution is written to file in <../ret/model_outs> !!!
===>> All Done!
