NPROCS=0
This instance is clustered!
Gurobi Optimizer version 9.0.0 build v9.0.0rc2 (linux64)
Optimize a model with 50 rows, 626 columns and 1250 nonzeros
Model fingerprint: 0x61cc61df
Variable types: 1 continuous, 625 integer (625 binary)
Coefficient statistics:
  Matrix range     [1e+00, 1e+00]
  Objective range  [1e+00, 6e+02]
  Bounds range     [1e+00, 1e+00]
  RHS range        [1e+00, 1e+00]
Presolve removed 2 rows and 72 columns
Presolve time: 0.00s
Presolved: 48 rows, 554 columns, 1106 nonzeros
Variable types: 1 continuous, 553 integer (553 binary)

Root relaxation: objective 6.826553e+02, 32 iterations, 0.00 seconds

    Nodes    |    Current Node    |     Objective Bounds      |     Work
 Expl Unexpl |  Obj  Depth IntInf | Incumbent    BestBd   Gap | It/Node Time

     0     0  911.18593    0   14          -  911.18593      -     -    0s
     0     0 1169.16469    0   32          - 1169.16469      -     -    0s
     0     2 1261.27779    0   18          - 1261.27779      -     -    0s
* 1244  1158              59    2200.7008696 1335.79443  39.3%   7.2    0s
* 1478  1154              65    2064.9673945 1349.24042  34.7%   7.2    0s
H 1878  1323                    2058.4757777 1349.24042  34.5%   7.1    0s
H 1882  1258                    1863.8921050 1349.24042  27.6%   7.1    0s
H 1924  1232                    1863.8920188 1370.50449  26.5%   7.4    1s
H 3089  1639                    1863.8920142 1373.61723  26.3%   8.0    2s
 12592  7659 1759.79757   52   46 1863.89201 1459.09750  21.7%   7.2    5s
H16088 10181                    1863.8919813 1469.89624  21.1%   7.1    7s
 24905 16921 1763.83042   54   20 1863.89198 1489.87784  20.1%   7.1   10s
 38819 26932     cutoff   50      1863.89198 1505.81593  19.2%   7.1   15s
 47918 32999     cutoff   58      1863.89198 1514.21488  18.8%   7.2   20s
 56391 38685     cutoff   51      1863.89198 1519.56089  18.5%   7.3   25s
 62442 41911 1780.10932   68   34 1863.89198 1523.08606  18.3%   7.4   31s
 66937 45662     cutoff   58      1863.89198 1525.91077  18.1%   7.4   35s
 73254 50074     cutoff   63      1863.89198 1529.07691  18.0%   7.4   40s
 78771 54041     cutoff   64      1863.89198 1531.78593  17.8%   7.4   45s
 84093 57373     cutoff   59      1863.89198 1534.45409  17.7%   7.4   50s
 88944 60618     cutoff   51      1863.89198 1536.23942  17.6%   7.5   55s
 94168 63963 1668.54127   37   49 1863.89198 1538.32661  17.5%   7.5   60s
 100081 67634 1774.73227   46   31 1863.89198 1540.55513  17.3%   7.5   65s
 104707 70767     cutoff   76      1863.89198 1542.33920  17.3%   7.5   70s
 109078 72525 1740.29984   45   32 1863.89198 1543.82093  17.2%   7.6  181s
 109080 72526 1594.01561   20   53 1863.89198 1543.82093  17.2%   7.6  185s
 109086 72530 1737.16662   39   66 1863.89198 1543.82093  17.2%   7.6  190s
 109090 72533 1822.62090   51   66 1863.89198 1543.82093  17.2%   7.6  195s
 109093 72535 1758.29512   42   69 1863.89198 1543.82093  17.2%   7.6  201s
 109098 72543 1543.82093   25   60 1863.89198 1543.82093  17.2%   7.6  206s
 109227 72636 1543.82093   31   52 1863.89198 1543.82093  17.2%   7.6  210s
 109770 72790 1607.42440   46   45 1863.89198 1543.82093  17.2%   7.6  215s
 110097 72919 1612.63952   56   23 1863.89198 1543.82093  17.2%   7.6  228s
 110337 73010 1695.37050   61   32 1863.89198 1543.82093  17.2%   7.6  230s
 111933 73640     cutoff  100      1863.89198 1543.82093  17.2%   7.6  235s
 114524 74888 infeasible  105      1863.89198 1543.82093  17.2%   7.7  240s
 117000 75752 1742.43794  107   20 1863.89198 1543.82093  17.2%   7.7  245s
 120162 77208 1822.51807   53   25 1863.89198 1543.82093  17.2%   7.7  250s
 122154 77696 1834.94565   91   19 1863.89198 1543.82093  17.2%   7.7  257s
 123596 78678 1620.16737   56   21 1863.89198 1543.82093  17.2%   7.7  260s
 126471 79822 1693.86502   85   26 1863.89198 1543.82093  17.2%   7.7  266s
 128222 80212 1764.45486   53   38 1863.89198 1543.82093  17.2%   7.7  270s
 130482 80568 1717.72690   60    4 1863.89198 1543.82093  17.2%   7.8  278s
 130568 81247     cutoff   75      1863.89198 1543.82093  17.2%   7.8  280s
 132574 82181 1801.98199   68   23 1863.89198 1543.82093  17.2%   7.8  285s
 134854 82811     cutoff   71      1863.89198 1543.82093  17.2%   7.8  290s
 136993 83721 1781.23159   89   10 1863.89198 1543.82093  17.2%   7.8  295s
 140339 84923     cutoff   85      1863.89198 1544.22484  17.2%   7.8  302s
 142749 85661 1784.75164   39   16 1863.89198 1547.29126  17.0%   7.8  306s
 145294 86340 1726.25419  117   33 1863.89198 1550.03025  16.8%   7.8  310s
 147631 87278     cutoff   55      1863.89198 1552.93512  16.7%   7.8  315s
 151336 88553 1609.98346   42   15 1863.89198 1556.47308  16.5%   7.8  321s
 153552 89405     cutoff   65      1863.89198 1558.25162  16.4%   7.9  326s
 156111 90063     cutoff   44      1863.89198 1560.16260  16.3%   7.9  331s
 158353 90629     cutoff   81      1863.89198 1561.66727  16.2%   7.9  335s
 160526 91519     cutoff  111      1863.89198 1563.02469  16.1%   7.9  340s
 162847 92333 1700.01318   41   31 1863.89198 1565.10400  16.0%   7.9  345s
 166408 93501     cutoff   97      1863.89198 1567.50945  15.9%   7.9  351s
 168782 94043     cutoff   48      1863.89198 1568.63810  15.8%   7.9  356s
 171068 94996     cutoff   69      1863.89198 1570.07325  15.8%   7.9  360s
 173231 95420     cutoff   50      1863.89198 1571.58214  15.7%   7.9  365s
 176638 96449 1808.99247   44   33 1863.89198 1573.78182  15.6%   7.9  371s
 178980 97345 1664.04398   40   17 1863.89198 1574.88553  15.5%   7.9  375s
 182427 98178     cutoff   70      1863.89198 1576.77152  15.4%   7.9  381s
 184263 98867     cutoff   58      1863.89198 1577.81381  15.3%   7.9  386s
 185442 98556     cutoff   63      1863.89198 1578.54488  15.3%   8.0  393s
 185515 99285 1788.33342   52   31 1863.89198 1578.65404  15.3%   8.0  396s
 188071 100167 1802.95940   77    8 1863.89198 1579.75930  15.2%   8.0  400s
 190695 100557 1854.92443   60    - 1863.89198 1580.94075  15.2%   8.0  406s
 192837 101259 1822.81184   70   26 1863.89198 1581.72234  15.1%   8.0  410s
 195225 101950 infeasible   69      1863.89198 1582.83661  15.1%   8.0  415s
 197727 102810     cutoff   78      1863.89198 1584.06840  15.0%   8.0  420s
 200310 103334 1708.84531   47   13 1863.89198 1585.34505  14.9%   8.0  425s
 202490 103792     cutoff   68      1863.89198 1586.31481  14.9%   8.0  431s
 204767 104651     cutoff   90      1863.89198 1587.12438  14.8%   8.1  437s
 207226 105295     cutoff   80      1863.89198 1588.34629  14.8%   8.1  442s
 208433 105775     cutoff   77      1863.89198 1588.69161  14.8%   8.1  445s
 210614 106228     cutoff   70      1863.89198 1589.33340  14.7%   8.1  450s
 213031 106807 1794.91671   57   17 1863.89198 1590.40453  14.7%   8.1  456s
 215461 107550     cutoff   60      1863.89198 1591.18814  14.6%   8.1  462s
 216537 107936 1845.69421   49    6 1863.89198 1591.56591  14.6%   8.1  465s
 219113 108620     cutoff   89      1863.89198 1592.38420  14.6%   8.1  471s
 221431 109143     cutoff   87      1863.89198 1593.13432  14.5%   8.1  477s
 222348 109504 1811.59698   66   30 1863.89198 1593.64883  14.5%   8.1  480s
 224781 110298     cutoff   71      1863.89198 1594.28305  14.5%   8.1  485s
 227150 110703 1797.17430   66   23 1863.89198 1595.16910  14.4%   8.2  491s
 229616 111461 1768.49272   69   43 1863.89198 1595.83116  14.4%   8.2  497s
 230711 111873 1749.04600   71   28 1863.89198 1596.17946  14.4%   8.2  500s
 233257 112525 1748.49158   46   25 1863.89198 1597.06635  14.3%   8.2  506s
 235608 113081 1837.14470   65   22 1863.89198 1597.77942  14.3%   8.2  513s
 236662 113357     cutoff   71      1863.89198 1598.16499  14.3%   8.2  516s
 237778 113816     cutoff   70      1863.89198 1598.59366  14.2%   8.2  520s
 240259 114093 1768.26605   60   32 1863.89198 1599.22167  14.2%   8.2  528s
 241160 114441 1743.09420   47   19 1863.89198 1599.40467  14.2%   8.2  532s
 242280 114673 infeasible   55      1863.89198 1599.64554  14.2%   8.2  536s
 244714 115576 1808.15774   61   30 1863.89198 1600.39598  14.1%   8.2  543s
 245952 115985     cutoff   69      1863.89198 1600.72960  14.1%   8.2  547s
 247232 116388     cutoff   65      1863.89198 1601.04042  14.1%   8.2  551s
 248528 116712     cutoff  110      1863.89198 1601.47869  14.1%   8.2  555s
 250745 117316     cutoff   75      1863.89198 1602.02408  14.0%   8.2  562s
 251941 117536     cutoff   65      1863.89198 1602.30860  14.0%   8.2  566s
 252993 117952     cutoff   54      1863.89198 1602.63611  14.0%   8.2  571s
 254234 117559     cutoff   77      1863.89198 1602.90072  14.0%   8.2  581s
 254268 118090 1705.99568   57   46 1863.89198 1603.03577  14.0%   8.2  586s
 255219 118370     cutoff   62      1863.89198 1603.24279  14.0%   8.2  590s
 257649 119323     cutoff   65      1863.89198 1603.92960  13.9%   8.2  599s
 259034 119637     cutoff   87      1863.89198 1604.40911  13.9%   8.2  603s
 260315 119694 1801.62158   53   38 1863.89198 1604.81249  13.9%   8.2  607s
 261321 120207     cutoff   58      1863.89198 1605.02086  13.9%   8.2  611s
 262628 120358 1845.28198   75   31 1863.89198 1605.32434  13.9%   8.2  615s
 264951 121006     cutoff   52      1863.89198 1605.97234  13.8%   8.2  623s
 266103 121127     cutoff   96      1863.89198 1606.26638  13.8%   8.2  627s
 267124 121483     cutoff   96      1863.89198 1606.53088  13.8%   8.2  631s
 269279 121824     cutoff   77      1863.89198 1606.96888  13.8%   8.2  638s
 270345 122128 infeasible   57      1863.89198 1607.36173  13.8%   8.2  642s
 271530 122430 infeasible   51      1863.89198 1607.65994  13.7%   8.3  646s
 273694 122549     cutoff   96      1863.89198 1608.27765  13.7%   8.3  652s
 274227 123015     cutoff   78      1863.89198 1608.38982  13.7%   8.3  657s
 275416 123422 1739.79420   42   44 1863.89198 1608.52652  13.7%   8.3  660s
 276768 123705     cutoff   74      1863.89198 1608.96656  13.7%   8.3  665s
 279089 124341 1769.20524   62   31 1863.89198 1609.56438  13.6%   8.3  672s
 280293 124848 1691.95855   75   29 1863.89198 1609.80057  13.6%   8.3  676s
 281585 125189 1849.27039  102   28 1863.89198 1609.88546  13.6%   8.3  680s
 284089 125772 1766.37037   98   12 1863.89198 1610.53109  13.6%   8.3  688s
 285398 125984     cutoff  102      1863.89198 1611.01503  13.6%   8.3  691s
 286528 126360     cutoff   62      1863.89198 1611.20496  13.6%   8.3  695s
 289150 126759     cutoff   70      1863.89198 1611.85858  13.5%   8.3  702s
 290060 127112     cutoff   53      1863.89198 1612.03120  13.5%   8.3  707s
 291170 127474     cutoff   60      1863.89198 1612.21228  13.5%   8.3  711s
 292359 127911     cutoff   64      1863.89198 1612.48315  13.5%   8.3  715s
 293719 127999     cutoff   71      1863.89198 1612.86778  13.5%   8.3  720s
 295956 128674     cutoff   61      1863.89198 1613.43477  13.4%   8.3  728s
 297251 128984 1826.91704   83   20 1863.89198 1613.75186  13.4%   8.3  732s
 298433 128876 1774.16440   60   21 1863.89198 1614.02977  13.4%   8.3  736s
 299539 129125 1739.54719   53   37 1863.89198 1614.24756  13.4%   8.3  743s
 300107 129345 1830.17824   43   13 1863.89198 1614.34811  13.4%   8.3  746s
 300862 129972 1810.50656   43   20 1863.89198 1614.49286  13.4%   8.3  751s
 302336 130108     cutoff   97      1863.89198 1614.82588  13.4%   8.3  756s
 303485 130497     cutoff   59      1863.89198 1615.06300  13.3%   8.3  761s
 304805 130775     cutoff   84      1863.89198 1615.38242  13.3%   8.3  765s
 306032 130981 1687.45947   45   29 1863.89198 1615.71556  13.3%   8.3  770s
 307178 131316 1844.87581   77    - 1863.89198 1615.95258  13.3%   8.3  775s
 308485 130901     cutoff   78      1863.89198 1616.28118  13.3%   8.3  789s
 308510 131666 1761.05403   54   24 1863.89198 1616.34583  13.3%   8.3  794s
 309838 131695 infeasible   68      1863.89198 1616.60133  13.3%   8.3  798s
 310813 131896 1744.29286   66   31 1863.89198 1616.76256  13.3%   8.4  803s
 311967 132231     cutoff   78      1863.89198 1617.14457  13.2%   8.4  807s
 313254 132520 1636.65662   78   30 1863.89198 1617.38380  13.2%   8.4  811s
 315237 132470     cutoff   60      1863.89198 1617.73711  13.2%   8.4  815s
 317025 133224 1823.64751   68   33 1863.89198 1618.18192  13.2%   8.4  821s
 318518 133805 1855.72121   59    6 1863.89198 1618.51446  13.2%   8.4  828s
 319847 134028 infeasible   72      1863.89198 1618.77426  13.2%   8.4  832s
 321192 134452 1764.29022   41    6 1863.89198 1619.16959  13.1%   8.4  835s
 322640 134009     cutoff   76      1863.89198 1619.44373  13.1%   8.4  851s
 323949 134920 1843.22375   56   29 1863.89198 1619.78204  13.1%   8.4  859s
 325132 135172 1812.87583   57   33 1863.89198 1620.05314  13.1%   8.4  862s
 326339 135492     cutoff   68      1863.89198 1620.22966  13.1%   8.4  867s
 327671 135949 1856.45447   75   27 1863.89198 1620.52746  13.1%   8.4  872s
 328818 136714 1770.48089   73   16 1863.89198 1620.72024  13.0%   8.4  877s
 330129 137364 1813.53938   81   33 1863.89198 1621.01096  13.0%   8.4  881s
 331331 137930     cutoff   82      1863.89198 1621.22022  13.0%   8.4  885s
 333757 139247     cutoff   57      1863.89198 1621.64240  13.0%   8.4  892s
 334859 139931     cutoff   69      1863.89198 1621.92518  13.0%   8.4  895s
 337350 141155     cutoff   84      1863.89198 1622.37352  13.0%   8.4  902s
 338365 141541     cutoff   67      1863.89198 1622.53694  12.9%   8.4  906s
 340336 142936     cutoff   55      1863.89198 1622.85688  12.9%   8.4  913s
 341550 143720     cutoff   73      1863.89198 1623.04266  12.9%   8.4  917s
 342965 144389 1665.29980   57   49 1863.89198 1623.23890  12.9%   8.4  921s
 345486 145749     cutoff   81      1863.89198 1623.65589  12.9%   8.4  929s
 346632 146369 infeasible   57      1863.89198 1623.81935  12.9%   8.4  932s
 347816 146941     cutoff   53      1863.89198 1624.22708  12.9%   8.4  936s
 348978 147559 1674.35980   49   16 1863.89198 1624.43099  12.8%   8.4  941s
 350091 148187 1742.33614   51   36 1863.89198 1624.62932  12.8%   8.4  945s
 352358 149020 1835.91510   52   20 1863.89198 1625.02990  12.8%   8.5  954s
 353360 149547     cutoff   77      1863.89198 1625.10262  12.8%   8.5  958s
 354454 150225     cutoff   81      1863.89198 1625.31625  12.8%   8.5  962s
 355765 150844 1824.43722   40   15 1863.89198 1625.50531  12.8%   8.5  966s
 357037 151345     cutoff   82      1863.89198 1625.75464  12.8%   8.5  970s
 359308 152345     cutoff   52      1863.89198 1626.18148  12.8%   8.5  978s
 360275 152702 infeasible   80      1863.89198 1626.24623  12.7%   8.5  982s
 361048 153167     cutoff   61      1863.89198 1626.42893  12.7%   8.5  986s
 362217 153908     cutoff   62      1863.89198 1626.63418  12.7%   8.5  990s
 363546 154422     cutoff   85      1863.89198 1626.80359  12.7%   8.5  997s
 364666 155144     cutoff   48      1863.89198 1626.91129  12.7%   8.5 1002s
 365975 155766 1843.26414   68   30 1863.89198 1627.10958  12.7%   8.5 1008s
 367159 156594 1810.27827   72   49 1863.89198 1627.27175  12.7%   8.5 1014s
 368613 157211     cutoff   69      1863.89198 1627.57226  12.7%   8.5 1019s
 369760 157782     cutoff  100      1863.89198 1627.76795  12.7%   8.5 1025s
 370907 158624 1698.37784   68   34 1863.89198 1627.93352  12.7%   8.5 1032s
 372310 159140     cutoff   82      1863.89198 1628.11525  12.6%   8.5 1038s
 373324 159778 1798.25836   56   32 1863.89198 1628.25887  12.6%   8.5 1044s
 374571 160628 1768.50217   54   45 1863.89198 1628.52658  12.6%   8.5 1050s
 376024 161339 infeasible  102      1863.89198 1628.78435  12.6%   8.5 1056s
 377279 161773 1712.00685   43   33 1863.89198 1628.91064  12.6%   8.5 1061s
 378114 162151     cutoff   66      1863.89198 1629.06015  12.6%   8.5 1066s
 378771 162564 1758.07710   53   12 1863.89198 1629.18895  12.6%   8.5 1072s
 379804 163356 1780.23737   68   17 1863.89198 1629.30918  12.6%   8.5 1077s
 381113 164177 infeasible   80      1863.89198 1629.54107  12.6%   8.5 1082s
 382509 164778 1759.21017   90   41 1863.89198 1629.77838  12.6%   8.5 1088s
 383759 165434     cutoff   98      1863.89198 1629.90854  12.6%   8.5 1093s
 384978 165977     cutoff   74      1863.89198 1630.10188  12.5%   8.5 1097s
 385920 166597 1816.48711   83   41 1863.89198 1630.32990  12.5%   8.5 1101s
 387252 167340 1770.43942   62   37 1863.89198 1630.49267  12.5%   8.5 1106s
 388582 167990     cutoff   80      1863.89198 1630.63194  12.5%   8.5 1110s
 391134 169118     cutoff   72      1863.89198 1630.96865  12.5%   8.6 1118s
 392067 169538     cutoff   72      1863.89198 1631.17173  12.5%   8.6 1122s
 392799 170135 1848.85205   92   21 1863.89198 1631.28057  12.5%   8.6 1128s
 394121 170805     cutoff   93      1863.89198 1631.43094  12.5%   8.6 1133s
 395367 171577 1654.73871   62   54 1863.89198 1631.58737  12.5%   8.6 1138s
 396783 172244     cutoff   66      1863.89198 1631.81576  12.5%   8.6 1142s
 398023 172973 1827.36057   81   28 1863.89198 1631.98799  12.4%   8.6 1147s
 399353 173590     cutoff   58      1863.89198 1632.21278  12.4%   8.6 1152s
 400665 174175     cutoff   57      1863.89198 1632.42717  12.4%   8.6 1156s
 401816 174801     cutoff   70      1863.89198 1632.62441  12.4%   8.6 1161s
 403066 174868 1854.18030   54   10 1863.89198 1632.80093  12.4%   8.6 1172s
 403171 175444 infeasible   56      1863.89198 1632.80453  12.4%   8.6 1177s
 404397 176053     cutoff   50      1863.89198 1632.94464  12.4%   8.6 1182s
 405558 176538     cutoff   61      1863.89198 1633.12987  12.4%   8.6 1188s
 406735 177129 1650.24500   45   25 1863.89198 1633.27897  12.4%   8.6 1193s
 407911 177672     cutoff   60      1863.89198 1633.44783  12.4%   8.6 1199s
 409182 178456     cutoff   84      1863.89198 1633.61989  12.4%   8.6 1205s
 410533 178967     cutoff   70      1863.89198 1633.86284  12.3%   8.6 1211s
 411660 179635     cutoff   94      1863.89198 1633.99172  12.3%   8.6 1216s
 412796 180306 1795.11962   78    9 1863.89198 1634.15110  12.3%   8.6 1223s
 414038 180968 infeasible   81      1863.89198 1634.33747  12.3%   8.6 1229s
 415352 181726     cutoff   48      1863.89198 1634.53776  12.3%   8.6 1234s
 416680 182403     cutoff   68      1863.89198 1634.74001  12.3%   8.6 1238s
 418022 183036     cutoff   56      1863.89198 1634.86462  12.3%   8.6 1243s
 419225 183777 1692.96088   48   39 1863.89198 1635.04172  12.3%   8.6 1248s
 420584 184424 1798.38339   74   36 1863.89198 1635.25976  12.3%   8.6 1253s
 421715 184913 1786.59843   53   23 1863.89198 1635.41246  12.3%   8.6 1258s
 422846 185464 1649.16593   66   17 1863.89198 1635.60637  12.2%   8.6 1263s
 423928 186214     cutoff   89      1863.89198 1635.67756  12.2%   8.6 1267s
 425242 186758     cutoff   77      1863.89198 1635.93814  12.2%   8.6 1272s
 426351 187389     cutoff   70      1863.89198 1636.10266  12.2%   8.6 1276s
 427588 188088     cutoff   52      1863.89198 1636.23202  12.2%   8.6 1281s
 428820 188754     cutoff   75      1863.89198 1636.42536  12.2%   8.6 1285s
 431128 190020     cutoff   73      1863.89198 1636.76411  12.2%   8.6 1294s
 432416 190783     cutoff   58      1863.89198 1637.00142  12.2%   8.6 1298s
 433762 191256 1681.64692   86   27 1863.89198 1637.18198  12.2%   8.6 1303s
 434838 191852     cutoff  110      1863.89198 1637.27866  12.2%   8.6 1307s
 436011 192523     cutoff   76      1863.89198 1637.46615  12.1%   8.6 1312s
 437296 193326     cutoff   66      1863.89198 1637.62750  12.1%   8.6 1317s
 438677 193891 1682.67903   45   27 1863.89198 1637.75782  12.1%   8.6 1322s
 439706 194564     cutoff   47      1863.89198 1637.84509  12.1%   8.6 1326s
 440923 195311     cutoff   92      1863.89198 1638.08427  12.1%   8.6 1330s
 442252 195999 1745.36536   44   38 1863.89198 1638.21007  12.1%   8.6 1335s
 444915 197344     cutoff   97      1863.89198 1638.56148  12.1%   8.6 1343s
 446046 197804     cutoff   81      1863.89198 1638.67208  12.1%   8.6 1348s
 447027 198426     cutoff   60      1863.89198 1638.75417  12.1%   8.6 1353s
 448218 199135 1823.94782   58    6 1863.89198 1638.90244  12.1%   8.6 1358s
 449489 199650     cutoff   64      1863.89198 1639.07820  12.1%   8.6 1363s
 450630 200342 1764.38324   52   25 1863.89198 1639.27510  12.1%   8.7 1369s
 451836 200877 1761.37579   86   26 1863.89198 1639.42817  12.0%   8.7 1374s
 453056 201424 1753.18829   49   14 1863.89198 1639.55192  12.0%   8.7 1379s
 454252 201831 1694.99821   54   23 1863.89198 1639.74214  12.0%   8.7 1383s
 455089 202181     cutoff   42      1863.89198 1639.86405  12.0%   8.7 1387s
 455808 202557 1741.28845   53   15 1863.89198 1639.93879  12.0%   8.7 1392s
 456629 202934     cutoff   63      1863.89198 1640.01883  12.0%   8.7 1396s
 457324 203572 1793.97014   56   18 1863.89198 1640.15635  12.0%   8.7 1401s
 458664 204369     cutoff   73      1863.89198 1640.33198  12.0%   8.7 1406s
 460195 204871     cutoff   60      1863.89198 1640.51709  12.0%   8.7 1411s
 461354 205544 1851.67126   50   23 1863.89198 1640.64756  12.0%   8.7 1416s
 462665 206120 1763.42930   73   22 1863.89198 1640.79849  12.0%   8.7 1421s
 463916 206597     cutoff   73      1863.89198 1640.97542  12.0%   8.7 1427s
 465065 206957     cutoff   58      1863.89198 1641.09401  12.0%   8.7 1432s
 465959 207538 1740.66362   58    9 1863.89198 1641.17600  11.9%   8.7 1438s
 467102 208031     cutoff   66      1863.89198 1641.35000  11.9%   8.7 1443s
 468397 208478     cutoff   88      1863.89198 1641.52168  11.9%   8.7 1449s
 469543 209193     cutoff   70      1863.89198 1641.61295  11.9%   8.7 1455s
 470883 209768     cutoff   67      1863.89198 1641.84207  11.9%   8.7 1460s
 472144 210530     cutoff   62      1863.89198 1642.03541  11.9%   8.7 1465s
 473571 211189 infeasible   52      1863.89198 1642.24620  11.9%   8.7 1470s
 474736 211770     cutoff   68      1863.89198 1642.36776  11.9%   8.7 1475s
 475886 212438 1863.12242   50   18 1863.89198 1642.51312  11.9%   8.7 1480s
 477327 213100 1701.42012   49   33 1863.89198 1642.63691  11.9%   8.7 1485s
 478539 213753     cutoff   88      1863.89198 1642.75874  11.9%   8.7 1491s
 479828 214380     cutoff   62      1863.89198 1642.90670  11.9%   8.7 1495s
 480962 214461     cutoff   56      1863.89198 1643.04259  11.8%   8.7 1506s
 481104 215074     cutoff   64      1863.89198 1643.09001  11.8%   8.7 1512s
 482268 215770 1696.36905   41   31 1863.89198 1643.23265  11.8%   8.7 1518s
 483715 216501 1825.91558   54   29 1863.89198 1643.38820  11.8%   8.7 1524s
 485078 217148 1803.61614   47   17 1863.89198 1643.56029  11.8%   8.7 1529s
 486530 217667 1817.46148   54   29 1863.89198 1643.75548  11.8%   8.7 1534s
 487751 218222 1720.52376   41   43 1863.89198 1643.91959  11.8%   8.7 1539s
 488969 218903     cutoff   63      1863.89198 1644.04314  11.8%   8.7 1544s
 490306 219422     cutoff   58      1863.89198 1644.18451  11.8%   8.7 1549s
 491538 219985 1832.62609   57   24 1863.89198 1644.32996  11.8%   8.7 1554s
 492745 220476     cutoff   75      1863.89198 1644.46333  11.8%   8.7 1559s
 493862 221094     cutoff   60      1863.89198 1644.56258  11.8%   8.7 1564s
 495105 221512 1670.57215   82   44 1863.89198 1644.76871  11.8%   8.7 1568s
 496036 221958 1856.43650   66   17 1863.89198 1644.84699  11.8%   8.7 1574s
 497202 222554 1851.45524   57   23 1863.89198 1644.97159  11.7%   8.7 1579s
 498520 223029 1818.25285   56   23 1863.89198 1645.16273  11.7%   8.7 1584s
 499724 223709     cutoff   61      1863.89198 1645.29519  11.7%   8.7 1590s
 501101 224217     cutoff   54      1863.89198 1645.41402  11.7%   8.8 1595s
 502259 224729     cutoff   73      1863.89198 1645.57243  11.7%   8.8 1600s
 503407 225113     cutoff   85      1863.89198 1645.59879  11.7%   8.8 1606s
 504442 225658     cutoff   65      1863.89198 1645.73867  11.7%   8.8 1612s
 505655 226465 1801.27528   57   31 1863.89198 1645.90931  11.7%   8.8 1618s
 507098 226993     cutoff   68      1863.89198 1646.08750  11.7%   8.8 1624s
 508149 227405 1844.26901   51   14 1863.89198 1646.20532  11.7%   8.8 1629s
 509149 227835     cutoff   51      1863.89198 1646.28515  11.7%   8.8 1634s
 510022 228473     cutoff   56      1863.89198 1646.41078  11.7%   8.8 1640s
 511449 228893 1727.88624   46   35 1863.89198 1646.59041  11.7%   8.8 1648s
 512680 229636     cutoff   68      1863.89198 1646.74684  11.7%   8.8 1654s
 514111 230213     cutoff   74      1863.89198 1646.92446  11.6%   8.8 1661s
 515367 230818     cutoff   86      1863.89198 1647.07187  11.6%   8.8 1669s
 516612 231320     cutoff   75      1863.89198 1647.23678  11.6%   8.8 1676s
 517743 231811 1714.28335   52   37 1863.89198 1647.32670  11.6%   8.8 1683s
 518817 232498     cutoff   61      1863.89198 1647.43694  11.6%   8.8 1689s
 520148 233153     cutoff   64      1863.89198 1647.62620  11.6%   8.8 1696s
 521499 233798 1855.47557   69   37 1863.89198 1647.76280  11.6%   8.8 1702s
 522819 234439 1710.64324   46   23 1863.89198 1647.87384  11.6%   8.8 1708s
 524073 235133 1855.69325   48   19 1863.89198 1647.98388  11.6%   8.8 1714s
 525442 235599 1789.91681   52   29 1863.89198 1648.15393  11.6%   8.8 1719s
 526528 236174 1733.18098   69   31 1863.89198 1648.32826  11.6%   8.8 1724s
 527841 236800     cutoff   65      1863.89198 1648.45275  11.6%   8.8 1731s
 529093 237394 1684.30576   62   20 1863.89198 1648.59165  11.6%   8.8 1736s
 530394 237695 1791.70996   86   26 1863.89198 1648.67426  11.5%   8.8 1743s
 531317 238193 1827.46399   55   14 1863.89198 1648.74780  11.5%   8.8 1749s
 532350 238825     cutoff  101      1863.89198 1648.85510  11.5%   8.8 1755s
 533698 239477 1801.22534   54   32 1863.89198 1648.99813  11.5%   8.8 1761s
 534993 240244     cutoff   60      1863.89198 1649.10853  11.5%   8.8 1767s
 536438 240635     cutoff   72      1863.89198 1649.24095  11.5%   8.8 1773s
 537499 241309 1810.85565   53   13 1863.89198 1649.34858  11.5%   8.8 1780s
 538909 241775 1773.47723   70   39 1863.89198 1649.45304  11.5%   8.8 1786s
 539906 242127 1828.17098   55   29 1863.89198 1649.54271  11.5%   8.8 1791s
 540729 242523     cutoff   81      1863.89198 1649.62046  11.5%   8.8 1797s
 541974 243071 1691.32179   48   39 1863.89198 1649.82559  11.5%   8.8 1803s
 543271 243130 infeasible   78      1863.89198 1649.98173  11.5%   8.8 1828s
 543363 243441 1830.84267   70    6 1863.89198 1650.00605  11.5%   8.8 1833s
 544146 244052     cutoff   56      1863.89198 1650.05695  11.5%   8.8 1839s
 545418 244547 1756.58874   70   24 1863.89198 1650.20897  11.5%   8.8 1845s
 546708 245239     cutoff   55      1863.89198 1650.35421  11.5%   8.9 1851s
 548198 245621 1768.77027   56   34 1863.89198 1650.52923  11.4%   8.9 1859s
 549362 246190 1793.97563   61   11 1863.89198 1650.61808  11.4%   8.9 1865s
 550621 246835     cutoff   60      1863.89198 1650.74738  11.4%   8.9 1871s
 551861 247536 1770.43715   78   13 1863.89198 1650.85428  11.4%   8.9 1876s
 553296 248153 1809.09061   59   18 1863.89198 1650.99388  11.4%   8.9 1883s
 554652 248747     cutoff   64      1863.89198 1651.11147  11.4%   8.9 1889s
 555994 249432     cutoff   65      1863.89198 1651.22427  11.4%   8.9 1894s
 557397 250164 1739.86617   45   20 1863.89198 1651.39579  11.4%   8.9 1899s
 558764 250835 1754.31022   58   28 1863.89198 1651.54568  11.4%   8.9 1905s
 560206 251535 1693.82278   51   28 1863.89198 1651.69031  11.4%   8.9 1911s
 561547 252110 1835.22256   68   30 1863.89198 1651.82693  11.4%   8.9 1916s
 562764 252627     cutoff   61      1863.89198 1651.93103  11.4%   8.9 1920s
 563758 253188     cutoff   55      1863.89198 1652.06017  11.4%   8.9 1926s
 565020 253806 1817.62398   47   28 1863.89198 1652.17240  11.4%   8.9 1931s
 566413 254386 1740.25477   42   36 1863.89198 1652.27823  11.4%   8.9 1937s
 567634 254948 1843.74938   80   31 1863.89198 1652.40666  11.3%   8.9 1943s
 568982 255570 infeasible   96      1863.89198 1652.53344  11.3%   8.9 1948s
 570257 256124 1783.72121   84   38 1863.89198 1652.69194  11.3%   8.9 1954s
 571535 256874     cutoff   54      1863.89198 1652.79903  11.3%   8.9 1959s
 572903 257300     cutoff   65      1863.89198 1652.95302  11.3%   8.9 1964s
 574117 257668 1723.47913   53   20 1863.89198 1653.03739  11.3%   8.9 1970s
 575142 258279     cutoff   66      1863.89198 1653.15228  11.3%   8.9 1976s
 576442 258756 1823.88034   53   32 1863.89198 1653.26452  11.3%   8.9 1981s
 577397 259298 1854.62441   47   23 1863.89198 1653.36813  11.3%   8.9 1987s
 578679 259686 1723.34069   39   42 1863.89198 1653.45517  11.3%   8.9 1992s
 579854 260246     cutoff   56      1863.89198 1653.54314  11.3%   8.9 2000s
 581031 260963     cutoff   67      1863.89198 1653.67685  11.3%   8.9 2006s
 582426 261606 1766.44387   52   32 1863.89198 1653.80926  11.3%   8.9 2013s
 583733 262136     cutoff   80      1863.89198 1653.90759  11.3%   8.9 2021s
 584897 262840     cutoff   73      1863.89198 1654.00591  11.3%   8.9 2028s
 586219 263199 1830.39689   44   37 1863.89198 1654.14244  11.3%   8.9 2035s
 587014 263638     cutoff   58      1863.89198 1654.20943  11.2%   8.9 2042s
 587962 264140 1686.46716   43   38 1863.89198 1654.29669  11.2%   8.9 2049s
 589289 264720     cutoff   82      1863.89198 1654.42633  11.2%   8.9 2055s
 590600 265335     cutoff   69      1863.89198 1654.57256  11.2%   8.9 2061s
 591994 265919 1736.15914   78   30 1863.89198 1654.71866  11.2%   8.9 2067s
 593226 266505 1849.80584   49   30 1863.89198 1654.86731  11.2%   8.9 2073s
 594570 267062 1687.07624   59   16 1863.89198 1654.97793  11.2%   8.9 2080s
 595765 267562     cutoff   48      1863.89198 1655.10709  11.2%   8.9 2086s
 596986 268165 1848.20870   79   17 1863.89198 1655.21569  11.2%   8.9 2091s
 598316 268746 1761.90175   53   24 1863.89198 1655.33747  11.2%   8.9 2097s
 599502 269227 1817.40358   56   36 1863.89198 1655.46457  11.2%   8.9 2102s
 600382 269312 1711.47822   52   23 1863.89198 1655.56139  11.2%   8.9 2121s
 600556 269943     cutoff   53      1863.89198 1655.57456  11.2%   8.9 2128s
 601944 270600 1760.03907   50   12 1863.89198 1655.68694  11.2%   8.9 2134s
 603286 271338     cutoff   85      1863.89198 1655.80340  11.2%   8.9 2140s
 604753 271922     cutoff   61      1863.89198 1655.92344  11.2%   8.9 2146s
 606059 272442 infeasible   66      1863.89198 1656.05688  11.2%   8.9 2153s
 607312 273067 1763.36368   80   38 1863.89198 1656.17681  11.1%   8.9 2159s
 608710 273759 1769.04250   48   34 1863.89198 1656.27147  11.1%   8.9 2165s
 610073 274335     cutoff   62      1863.89198 1656.38373  11.1%   8.9 2172s
 611379 274862 1810.32906   63   22 1863.89198 1656.50707  11.1%   8.9 2180s
 612634 275435 1789.28105   72    6 1863.89198 1656.61982  11.1%   9.0 2186s
 613684 276043 1820.80504   70   28 1863.89198 1656.72745  11.1%   9.0 2193s
 614967 276607 1850.20097   60    8 1863.89198 1656.86127  11.1%   9.0 2201s
 616320 277342     cutoff   74      1863.89198 1656.96482  11.1%   9.0 2208s
 617765 277864     cutoff   57      1863.89198 1657.07733  11.1%   9.0 2216s
 618985 278465 infeasible   69      1863.89198 1657.17954  11.1%   9.0 2224s
 620386 278903     cutoff   73      1863.89198 1657.30679  11.1%   9.0 2232s
 621417 279464 1797.02177   56   39 1863.89198 1657.40559  11.1%   9.0 2240s
 622800 279978     cutoff   70      1863.89198 1657.51515  11.1%   9.0 2247s
 624047 280578     cutoff  105      1863.89198 1657.64714  11.1%   9.0 2255s
 625250 281201 1840.45918   69   35 1863.89198 1657.74320  11.1%   9.0 2263s
 626507 281289     cutoff   71      1863.89198 1657.83435  11.1%   9.0 2287s
 626689 281731 1661.33693   62   24 1863.89198 1657.85147  11.1%   9.0 2293s
 627664 282366 1719.30451   41   19 1863.89198 1657.88114  11.1%   9.0 2299s
 628964 283207     cutoff   95      1863.89198 1658.02631  11.0%   9.0 2306s
 630512 283876 1833.97908   56   46 1863.89198 1658.16368  11.0%   9.0 2312s
 631892 284615 1833.59957   58    6 1863.89198 1658.26698  11.0%   9.0 2319s
 633411 285193     cutoff   59      1863.89198 1658.35309  11.0%   9.0 2325s
 634857 285729 1733.47057   64   45 1863.89198 1658.45577  11.0%   9.0 2331s
 636060 286158     cutoff   71      1863.89198 1658.55335  11.0%   9.0 2338s
 637194 286851 1801.96565   58   38 1863.89198 1658.68125  11.0%   9.0 2345s
 638544 287328 1762.38623   74   16 1863.89198 1658.81529  11.0%   9.0 2351s
 639652 287997     cutoff   80      1863.89198 1658.88342  11.0%   9.0 2357s
 641097 288577 1809.78812   45   27 1863.89198 1659.06197  11.0%   9.0 2363s
 642307 289147 1699.53158   36   39 1863.89198 1659.16715  11.0%   9.0 2369s
 643606 289567     cutoff   49      1863.89198 1659.28903  11.0%   9.0 2376s
 644591 290108     cutoff   84      1863.89198 1659.34021  11.0%   9.0 2382s
 645876 290872     cutoff   64      1863.89198 1659.48753  11.0%   9.0 2389s
 647292 291534     cutoff   53      1863.89198 1659.59383  11.0%   9.0 2395s
 648745 292113 infeasible   56      1863.89198 1659.71924  11.0%   9.0 2402s
 649880 292753 1761.71971   41   47 1863.89198 1659.78455  11.0%   9.0 2408s
 651144 293404 1709.83462   45   47 1863.89198 1659.88955  10.9%   9.0 2414s
 652516 294012 1822.24718   98   41 1863.89198 1660.01023  10.9%   9.0 2420s
 653794 294369 1747.26244   39   43 1863.89198 1660.13714  10.9%   9.0 2427s
 654944 294849 1800.53540   55   28 1863.89198 1660.20984  10.9%   9.0 2433s
 655997 295483 1730.58648   66   31 1863.89198 1660.33726  10.9%   9.0 2439s
 657360 296143 1761.70667   52   42 1863.89198 1660.48802  10.9%   9.0 2445s
 658620 296719     cutoff   64      1863.89198 1660.57745  10.9%   9.0 2452s
 659987 297133     cutoff   64      1863.89198 1660.69919  10.9%   9.0 2458s
 661102 297588     cutoff   83      1863.89198 1660.81804  10.9%   9.0 2464s
 662265 298086 1826.54408   51   22 1863.89198 1660.91619  10.9%   9.0 2471s
 663446 298740     cutoff  125      1863.89198 1660.99055  10.9%   9.0 2479s
 664786 299368     cutoff   49      1863.89198 1661.10004  10.9%   9.0 2486s
 666188 299848 1856.68783   57   22 1863.89198 1661.24488  10.9%   9.0 2493s
 667186 300344 1804.22886   63   44 1863.89198 1661.31391  10.9%   9.0 2500s
 668554 300842 1739.04897   71   22 1863.89198 1661.41293  10.9%   9.0 2507s
 669670 301333     cutoff   54      1863.89198 1661.49187  10.9%   9.0 2513s
 670617 301932 1737.45729   68   35 1863.89198 1661.56639  10.9%   9.0 2520s
 671945 302455     cutoff   63      1863.89198 1661.63835  10.9%   9.0 2527s
 673175 303043 1811.08516   55   22 1863.89198 1661.77006  10.8%   9.0 2534s
 674504 303726 1706.97445   80   45 1863.89198 1661.88459  10.8%   9.0 2541s
 675915 304278 1813.24907   59   50 1863.89198 1661.95476  10.8%   9.0 2548s
 677182 304860     cutoff   57      1863.89198 1662.11367  10.8%   9.0 2556s
 678587 305511     cutoff   88      1863.89198 1662.18708  10.8%   9.0 2562s
 679819 306140     cutoff   73      1863.89198 1662.28815  10.8%   9.0 2568s
 681267 306617 1846.00378   46   22 1863.89198 1662.41737  10.8%   9.0 2575s
 682427 307259 1808.86364   60   52 1863.89198 1662.50445  10.8%   9.0 2582s
 683852 307632 1807.36772   65   22 1863.89198 1662.62537  10.8%   9.0 2588s
 684808 308031 1777.75271   63   21 1863.89198 1662.73171  10.8%   9.0 2595s
 685902 308468     cutoff   70      1863.89198 1662.80804  10.8%   9.1 2601s
 686784 309063 1663.40462   58   34 1863.89198 1662.88709  10.8%   9.1 2609s
 688160 309764     cutoff   87      1863.89198 1662.98840  10.8%   9.1 2617s
 689598 310478 infeasible   63      1863.89198 1663.08024  10.8%   9.1 2623s
 691001 311231 1796.42805   56   37 1863.89198 1663.23375  10.8%   9.1 2630s
 692506 311823     cutoff   76      1863.89198 1663.33931  10.8%   9.1 2637s
 693853 312350 1822.07328   48   30 1863.89198 1663.46652  10.8%   9.1 2643s
 695035 313001     cutoff   69      1863.89198 1663.59216  10.7%   9.1 2650s
 696421 313636     cutoff   87      1863.89198 1663.68981  10.7%   9.1 2657s
 697695 314039     cutoff   67      1863.89198 1663.78438  10.7%   9.1 2663s
 698670 314534 1796.11584   75   24 1863.89198 1663.87992  10.7%   9.1 2681s
 699697 315128 infeasible   73      1863.89198 1663.95463  10.7%   9.1 2689s
 701057 315589 infeasible   47      1863.89198 1664.09159  10.7%   9.1 2696s
 702347 316115     cutoff   73      1863.89198 1664.18340  10.7%   9.1 2703s
 703653 316787     cutoff   76      1863.89198 1664.31954  10.7%   9.1 2710s
 705190 317177     cutoff   48      1863.89198 1664.44731  10.7%   9.1 2716s
 706199 317817 1764.65953   38   41 1863.89198 1664.54171  10.7%   9.1 2724s
 707622 318320 1795.60399   44   19 1863.89198 1664.64503  10.7%   9.1 2731s
H708468 318328                    1863.8915755 1664.66907  10.7%   9.1 2731s
 708921 318834 1819.61431   65   43 1863.89158 1664.72450  10.7%   9.1 2737s
 710307 319090 1830.97933   58   42 1863.89158 1664.86754  10.7%   9.1 2744s
 711265 319858     cutoff   56      1863.89158 1664.93815  10.7%   9.1 2753s
 712774 320344     cutoff   85      1863.89158 1665.05118  10.7%   9.1 2760s
 713790 321007     cutoff   79      1863.89158 1665.11532  10.7%   9.1 2768s
 715084 321590 1821.05431   66   25 1863.89158 1665.23370  10.7%   9.1 2776s
 716577 322073     cutoff   63      1863.89158 1665.31346  10.7%   9.1 2783s
 717823 322629     cutoff   58      1863.89158 1665.40307  10.6%   9.1 2793s
 719142 323130     cutoff   68      1863.89158 1665.51200  10.6%   9.1 2800s
 720196 323730     cutoff   66      1863.89158 1665.56308  10.6%   9.1 2809s
 721453 324148 1773.90046   67   23 1863.89158 1665.68276  10.6%   9.1 2817s
 722661 324512 infeasible   86      1863.89158 1665.78322  10.6%   9.1 2826s
 723681 324888 1712.84714   77   35 1863.89158 1665.86161  10.6%   9.1 2835s
 724734 325507     cutoff   90      1863.89158 1665.88245  10.6%   9.1 2844s
 726098 326253 1842.29821   63   20 1863.89158 1666.00920  10.6%   9.1 2853s
 727722 326644     cutoff   67      1863.89158 1666.16883  10.6%   9.1 2863s
 728721 327285     cutoff   69      1863.89158 1666.25634  10.6%   9.1 2871s
 730188 327871     cutoff   62      1863.89158 1666.37736  10.6%   9.1 2881s
 731528 328560     cutoff   46      1863.89158 1666.46386  10.6%   9.1 2890s
 732954 329159     cutoff   69      1863.89158 1666.58853  10.6%   9.1 2899s
 734375 329637 1804.87028   54   36 1863.89158 1666.70151  10.6%   9.1 2907s
 735559 330167 1752.15205   73   26 1863.89158 1666.78791  10.6%   9.1 2917s
 736904 330658     cutoff   85      1863.89158 1666.93571  10.6%   9.1 2928s
 738323 331230 1759.95571   45   30 1863.89158 1667.03667  10.6%   9.1 2939s
 739684 331855 1848.71633   58   38 1863.89158 1667.12816  10.6%   9.1 2950s
 741061 332247 1823.94186   67   28 1863.89158 1667.23330  10.6%   9.1 2960s
 742226 332812 infeasible   75      1863.89158 1667.35966  10.5%   9.1 2969s
 743621 333201 infeasible   77      1863.89158 1667.43333  10.5%   9.1 2976s
 744742 333661 1819.50026   65   31 1863.89158 1667.51785  10.5%   9.1 2985s
 745945 334141     cutoff   49      1863.89158 1667.58234  10.5%   9.1 2991s
 747055 334619     cutoff   57      1863.89158 1667.69706  10.5%   9.1 3001s
 748142 335128     cutoff   61      1863.89158 1667.76944  10.5%   9.1 3010s
 749487 335733     cutoff   78      1863.89158 1667.84440  10.5%   9.1 3019s
 751004 336293     cutoff   67      1863.89158 1667.97779  10.5%   9.2 3027s
 752247 337109 infeasible   70      1863.89158 1668.06865  10.5%   9.2 3036s
 753835 337791 1823.37495   74   31 1863.89158 1668.20819  10.5%   9.2 3044s
 755301 338310     cutoff   82      1863.89158 1668.31229  10.5%   9.2 3052s
 756382 338784     cutoff   90      1863.89158 1668.38229  10.5%   9.2 3060s
 757651 339182     cutoff   66      1863.89158 1668.49191  10.5%   9.2 3070s
 758841 339787 1799.80543   52   37 1863.89158 1668.58150  10.5%   9.2 3080s
 760200 340368 1748.39736   39   18 1863.89158 1668.64101  10.5%   9.2 3089s
 761565 340791 1696.58922   69   26 1863.89158 1668.77173  10.5%   9.2 3097s
 762568 341317 1863.09970   45   29 1863.89158 1668.85338  10.5%   9.2 3106s
 763936 341840     cutoff   55      1863.89158 1668.96911  10.5%   9.2 3115s
 765177 342464     cutoff   70      1863.89158 1669.04920  10.5%   9.2 3123s
 766617 342550 infeasible   61      1863.89158 1669.16151  10.4%   9.2 3147s
 766761 343019 1748.22968   37   45 1863.89158 1669.17423  10.4%   9.2 3155s
 767853 343666 1852.39801   64   30 1863.89158 1669.23532  10.4%   9.2 3163s
 769331 344287     cutoff   66      1863.89158 1669.34422  10.4%   9.2 3170s
 770586 344924 1821.40234   85   30 1863.89158 1669.41852  10.4%   9.2 3178s
 772017 345480 1773.09807   57   34 1863.89158 1669.55203  10.4%   9.2 3186s
 773358 346087 1856.61156   81   14 1863.89158 1669.62658  10.4%   9.2 3194s
 774796 346571     cutoff   65      1863.89158 1669.69611  10.4%   9.2 3202s
 775872 347031     cutoff   49      1863.89158 1669.79661  10.4%   9.2 3211s
 777247 347400 1862.20601   76   42 1863.89158 1669.89318  10.4%   9.2 3219s
 778563 347950     cutoff   68      1863.89158 1669.97177  10.4%   9.2 3228s
 779987 348681     cutoff   62      1863.89158 1670.09681  10.4%   9.2 3236s
 781488 349296     cutoff   84      1863.89158 1670.22566  10.4%   9.2 3243s
 782878 349933 infeasible   64      1863.89158 1670.29808  10.4%   9.2 3250s
 784172 350354 1786.31545   63   34 1863.89158 1670.44882  10.4%   9.2 3257s
 785294 350953 infeasible   79      1863.89158 1670.53462  10.4%   9.2 3266s
 786647 351606 1858.42675   63   35 1863.89158 1670.65014  10.4%   9.2 3274s
 788104 352008     cutoff   60      1863.89158 1670.74790  10.4%   9.2 3282s
 789176 352566     cutoff   56      1863.89158 1670.81271  10.4%   9.2 3290s
 790576 353055 1843.84943   42   16 1863.89158 1670.92309  10.4%   9.2 3298s
 791638 353610 1845.12293   61   22 1863.89158 1670.98479  10.3%   9.2 3307s
 793094 354158 1738.69928   69   40 1863.89158 1671.02403  10.3%   9.2 3315s
 794384 354679 1838.85146   44   19 1863.89158 1671.16974  10.3%   9.2 3323s
 795800 355161     cutoff   61      1863.89158 1671.27381  10.3%   9.2 3330s
 796859 355627 1815.55407   72   31 1863.89158 1671.34798  10.3%   9.2 3337s
 798187 356231     cutoff   63      1863.89158 1671.45455  10.3%   9.2 3345s
 799684 356675     cutoff   81      1863.89158 1671.56868  10.3%   9.2 3352s
 800919 357292 1786.49382   74   33 1863.89158 1671.63978  10.3%   9.2 3359s
 802358 357663 1850.65720  101   14 1863.89158 1671.74701  10.3%   9.2 3367s
 803331 358164 1770.80829   48   29 1863.89158 1671.79821  10.3%   9.2 3375s
 804613 358716 1787.05255   64   22 1863.89158 1671.85284  10.3%   9.2 3382s
 805993 359315 infeasible   90      1863.89158 1671.96593  10.3%   9.2 3389s
 807433 359818 infeasible   70      1863.89158 1672.05432  10.3%   9.2 3396s
 808548 360226     cutoff   70      1863.89158 1672.13783  10.3%   9.2 3404s
 808883 360227     cutoff   90      1863.89158 1672.14900  10.3%   9.2 3405s
 809616 360908 1813.36583   92   12 1863.89158 1672.19790  10.3%   9.2 3412s
 811097 361604 infeasible   96      1863.89158 1672.30805  10.3%   9.2 3420s
 812583 362025     cutoff   69      1863.89158 1672.41614  10.3%   9.2 3428s
 813802 362521 1782.18782   44   24 1863.89158 1672.50119  10.3%   9.2 3435s
 814859 362893 1791.10353   66   43 1863.89158 1672.59594  10.3%   9.2 3443s
 816095 363482     cutoff   46      1863.89158 1672.65377  10.3%   9.2 3451s
 817545 363908     cutoff   70      1863.89158 1672.70354  10.3%   9.2 3459s
 818675 364548 1698.65853   45   37 1863.89158 1672.80551  10.3%   9.2 3466s
 820229 365040 1788.21095   61   38 1863.89158 1672.88999  10.2%   9.2 3474s
 821336 365601     cutoff   60      1863.89158 1672.97583  10.2%   9.2 3481s
 822635 366063 1809.13220   64   14 1863.89158 1673.07979  10.2%   9.2 3489s
 823920 366584 1825.81271   62   22 1863.89158 1673.15676  10.2%   9.2 3497s
 825272 367194 infeasible   64      1863.89158 1673.28255  10.2%   9.2 3510s
 826676 367560 1789.62077   55   32 1863.89158 1673.35854  10.2%   9.3 3520s
 827832 368138     cutoff   63      1863.89158 1673.41553  10.2%   9.3 3530s
 829253 368554 1690.89670   51   24 1863.89158 1673.51505  10.2%   9.3 3540s
 830497 368984 1846.33848   56   32 1863.89158 1673.61443  10.2%   9.3 3551s
 831737 369335 1805.21061   49   22 1863.89158 1673.67811  10.2%   9.3 3561s
 832773 369759 1842.58584   70   28 1863.89158 1673.78763  10.2%   9.3 3569s
 833851 370364 1738.11451   53   26 1863.89158 1673.84371  10.2%   9.3 3577s
 835369 370953 1792.09026   64   26 1863.89158 1673.93694  10.2%   9.3 3585s
 836766 371380 1834.14773   65   11 1863.89158 1674.05673  10.2%   9.3 3593s
 837978 371802 1797.01044   70   34 1863.89158 1674.14760  10.2%   9.3 3602s
 839026 372481 1709.93570   52   30 1863.89158 1674.21628  10.2%   9.3 3611s
 840508 372974 1854.52131   73   17 1863.89158 1674.32205  10.2%   9.3 3621s
 841648 373521 1825.00240   79   36 1863.89158 1674.39630  10.2%   9.3 3630s
 843028 374183 1758.25897   55   37 1863.89158 1674.51785  10.2%   9.3 3642s
 844600 374685     cutoff   76      1863.89158 1674.61471  10.2%   9.3 3652s
 845912 374715 1837.14459   55   12 1863.89158 1674.69847  10.2%   9.3 3670s
 845982 375199     cutoff   57      1863.89158 1674.70081  10.2%   9.3 3680s
 847062 375934 1722.58355   53   29 1863.89158 1674.75913  10.1%   9.3 3689s
 848606 376577     cutoff   43      1863.89158 1674.86627  10.1%   9.3 3698s
 850047 377156 1764.39074   61   18 1863.89158 1674.95256  10.1%   9.3 3706s
 851507 377649 1792.20471   51   39 1863.89158 1675.08718  10.1%   9.3 3714s
 852815 378049 1854.28834   76   20 1863.89158 1675.13994  10.1%   9.3 3722s
 854061 378458     cutoff   99      1863.89158 1675.24215  10.1%   9.3 3729s
 855255 379158     cutoff   62      1863.89158 1675.31821  10.1%   9.3 3737s
 856778 379852     cutoff   69      1863.89158 1675.40494  10.1%   9.3 3745s
 858336 380339     cutoff   80      1863.89158 1675.52263  10.1%   9.3 3754s
 859584 380726 1847.41422   80   11 1863.89158 1675.58356  10.1%   9.3 3762s
 860657 381303     cutoff   84      1863.89158 1675.64680  10.1%   9.3 3769s
 862072 381878 1790.82417   52   46 1863.89158 1675.75768  10.1%   9.3 3778s
 863511 382316 1827.88741   53   10 1863.89158 1675.83401  10.1%   9.3 3785s
 864494 383018 1857.20933   62   21 1863.89158 1675.90599  10.1%   9.3 3793s
 866079 383531 1837.93200   66   20 1863.89158 1676.02646  10.1%   9.3 3801s
 867478 384075 1805.62925   57   16 1863.89158 1676.12644  10.1%   9.3 3808s
 868936 384625     cutoff   60      1863.89158 1676.23698  10.1%   9.3 3816s
 870315 385099     cutoff   71      1863.89158 1676.30754  10.1%   9.3 3825s
 871533 385674     cutoff   61      1863.89158 1676.39589  10.1%   9.3 3832s
 872841 386334 1782.73860   45   38 1863.89158 1676.49740  10.1%   9.3 3840s
 874288 387079     cutoff   61      1863.89158 1676.60515  10.0%   9.3 3848s
 875762 387563 1850.73783   69   24 1863.89158 1676.67758  10.0%   9.3 3855s
 876817 388095 1811.72095   67   34 1863.89158 1676.72954  10.0%   9.3 3864s
 878193 388694 1791.71917   66   37 1863.89158 1676.81704  10.0%   9.3 3871s
 879546 389278 1771.79667   79   22 1863.89158 1676.88164  10.0%   9.3 3879s
 881014 389703     cutoff  109      1863.89158 1677.00205  10.0%   9.3 3886s
 882154 390162 1861.88236   59   22 1863.89158 1677.06556  10.0%   9.3 3896s
 883266 390727     cutoff   51      1863.89158 1677.15925  10.0%   9.3 3906s
 884548 391241     cutoff   55      1863.89158 1677.24407  10.0%   9.3 3915s
 885915 391805 infeasible   48      1863.89158 1677.31701  10.0%   9.3 3925s
 887388 392462     cutoff   57      1863.89158 1677.41520  10.0%   9.3 3934s
 888983 392919 1831.69472   87   36 1863.89158 1677.46892  10.0%   9.3 3943s
 889974 393425 1720.19077   58   29 1863.89158 1677.54167  10.0%   9.3 3953s
 891308 393901 1858.02834   43   42 1863.89158 1677.61383  10.0%   9.3 3964s
 892586 394537 1822.72173   64   12 1863.89158 1677.70364  10.0%   9.3 3973s
 894056 394963     cutoff   60      1863.89158 1677.78818  10.0%   9.3 3981s
 895230 395456 1837.14558   69   31 1863.89158 1677.82365  10.0%   9.3 3989s
 896496 395534     cutoff   68      1863.89158 1677.92292  10.0%   9.3 4005s
 896683 396147 1776.75148   67   41 1863.89158 1677.92394  10.0%   9.3 4013s
 898182 396659 1793.45790   48   27 1863.89158 1678.05318  10.0%   9.3 4022s
 899617 397171 1846.64730   66   34 1863.89158 1678.11492  10.0%   9.3 4030s
 900708 397747     cutoff   54      1863.89158 1678.20530  10.0%   9.3 4038s
 902202 398334 1863.47320   61   31 1863.89158 1678.31450  10.0%   9.3 4046s
 903612 398909 infeasible   92      1863.89158 1678.41264  10.0%   9.3 4055s
 905072 399385     cutoff   83      1863.89158 1678.48597  9.95%   9.3 4065s
 906362 399802 1831.74220   63   28 1863.89158 1678.57030  9.94%   9.3 4075s
 907452 400345 1753.03266   51   30 1863.89158 1678.64560  9.94%   9.3 4085s
 908957 400733 1714.81781   53   42 1863.89158 1678.70626  9.94%   9.4 4095s
 910122 401168 1785.34846   67   42 1863.89158 1678.76941  9.93%   9.4 4106s
 911434 401714 1803.70396   56   22 1863.89158 1678.84147  9.93%   9.4 4114s
 912634 402249     cutoff   59      1863.89158 1678.94421  9.92%   9.4 4124s
 914127 402862 1863.03549   70   20 1863.89158 1679.04365  9.92%   9.4 4134s
 915587 403307 1837.87934   49   20 1863.89158 1679.10973  9.91%   9.4 4143s
 916800 403686 infeasible   49      1863.89158 1679.16937  9.91%   9.4 4152s
 917994 404331     cutoff   41      1863.89158 1679.25893  9.91%   9.4 4162s
 919512 404840 1764.49120   52   26 1863.89158 1679.35727  9.90%   9.4 4172s
 920995 405212     cutoff   64      1863.89158 1679.43161  9.90%   9.4 4180s
 922034 405841 1860.84830   70    - 1863.89158 1679.50973  9.89%   9.4 4190s
 923437 406505 infeasible   70      1863.89158 1679.57974  9.89%   9.4 4199s
 924954 407017 1857.56252   72   12 1863.89158 1679.70533  9.88%   9.4 4207s
 926288 407442 infeasible  106      1863.89158 1679.77745  9.88%   9.4 4215s
 927438 407526 1782.07583   45   26 1863.89158 1679.81812  9.88%   9.4 4237s
 927631 407925 1827.48127   48   33 1863.89158 1679.81925  9.88%   9.4 4247s
 928900 408333     cutoff   77      1863.89158 1679.93597  9.87%   9.4 4257s
 929976 408889     cutoff   66      1863.89158 1679.98160  9.87%   9.4 4268s
 931409 409440 1819.02377   59   31 1863.89158 1680.07291  9.86%   9.4 4280s
 932972 409824 1741.31179   47   38 1863.89158 1680.17346  9.86%   9.4 4289s
 934121 410339     cutoff   57      1863.89158 1680.24312  9.85%   9.4 4301s
 935527 410866     cutoff   44      1863.89158 1680.30295  9.85%   9.4 4314s
 937027 411516 1777.86258   59   50 1863.89158 1680.41920  9.84%   9.4 4324s
 938600 411991     cutoff   91      1863.89158 1680.46773  9.84%   9.4 4333s
 940022 412549 infeasible   39      1863.89158 1680.53311  9.84%   9.4 4342s
 941489 412926 1734.93048   45   36 1863.89158 1680.65247  9.83%   9.4 4351s
 942554 413583 1768.45182   53   26 1863.89158 1680.72497  9.83%   9.4 4360s
 944119 414087 1769.56909   45   26 1863.89158 1680.83186  9.82%   9.4 4369s
 945386 414721 1811.80680   64   33 1863.89158 1680.88442  9.82%   9.4 4378s
 946874 415184 1805.95374   67   38 1863.89158 1680.99963  9.81%   9.4 4387s
 948082 415545 1818.39106   49   10 1863.89158 1681.05807  9.81%   9.4 4396s
 949168 416009 1842.83888   58   30 1863.89158 1681.11288  9.81%   9.4 4405s
 950253 416543     cutoff   64      1863.89158 1681.19532  9.80%   9.4 4415s
 951677 417117     cutoff   51      1863.89158 1681.29380  9.80%   9.4 4425s
 953235 417561     cutoff   60      1863.89158 1681.39283  9.79%   9.4 4434s
 954656 418002 1853.81833   69   16 1863.89158 1681.47957  9.79%   9.4 4446s
 956092 418522     cutoff   59      1863.89158 1681.56099  9.78%   9.4 4457s
 957396 418871     cutoff   61      1863.89158 1681.65191  9.78%   9.4 4465s
 958485 419376     cutoff   57      1863.89158 1681.69992  9.77%   9.4 4476s
 959926 419951     cutoff   52      1863.89158 1681.78603  9.77%   9.4 4486s
 961446 420628 1689.20287   65   49 1863.89158 1681.90696  9.76%   9.4 4497s
 963023 421197     cutoff   52      1863.89158 1681.97376  9.76%   9.4 4507s
 964381 421669 1855.66384   67   18 1863.89158 1682.05579  9.76%   9.4 4516s
 965575 422224     cutoff   67      1863.89158 1682.13028  9.75%   9.4 4525s
 966972 422676 1751.96224   44   17 1863.89158 1682.20368  9.75%   9.4 4534s
 968086 423295 1794.73517   46   35 1863.89158 1682.29212  9.74%   9.4 4544s
 969602 423873 1729.25791   48   42 1863.89158 1682.35112  9.74%   9.4 4553s
 971074 424377 1763.95698   60   40 1863.89158 1682.42012  9.74%   9.4 4562s
 972372 424910 1718.63347   42   33 1863.89158 1682.51237  9.73%   9.4 4570s
 973564 425447 1768.04706   63   19 1863.89158 1682.59153  9.73%   9.4 4578s
 974989 426042 1707.86352   65   12 1863.89158 1682.66587  9.72%   9.4 4589s
 976538 426404 1856.20578   65    6 1863.89158 1682.76195  9.72%   9.4 4599s
 977828 426875     cutoff   92      1863.89158 1682.83084  9.71%   9.4 4609s
 979197 427455     cutoff   64      1863.89158 1682.91044  9.71%   9.4 4620s
 980677 428077 1809.48576   57   35 1863.89158 1682.99672  9.71%   9.4 4630s
 982153 428490 1761.09321   50   13 1863.89158 1683.08019  9.70%   9.4 4639s
 983533 428913 1804.49229   87   28 1863.89158 1683.15496  9.70%   9.4 4647s
 984569 429475     cutoff   61      1863.89158 1683.22003  9.69%   9.4 4655s
 986016 430009 infeasible   74      1863.89158 1683.29891  9.69%   9.4 4665s
 987428 430565 1726.70942   55   40 1863.89158 1683.37715  9.68%   9.4 4672s
 988864 431165     cutoff   94      1863.89158 1683.44916  9.68%   9.5 4683s
 990367 431662     cutoff   46      1863.89158 1683.55101  9.68%   9.5 4694s
 991713 432094 1778.38761   61   12 1863.89158 1683.61244  9.67%   9.5 4703s
 992855 432665     cutoff   65      1863.89158 1683.65768  9.67%   9.5 4712s
 994256 433098     cutoff   84      1863.89158 1683.74207  9.67%   9.5 4721s
 995640 433602 1838.62295   56   43 1863.89158 1683.81540  9.66%   9.5 4730s
 997003 433931 infeasible   52      1863.89158 1683.91022  9.66%   9.5 4739s
 997999 434266     cutoff   73      1863.89158 1683.97545  9.65%   9.5 4749s
 999082 434696 1740.13480   55   28 1863.89158 1684.03998  9.65%   9.5 4758s
 1000382 435395 1844.85156   66   22 1863.89158 1684.10226  9.65%   9.5 4767s
 1001849 436015     cutoff   44      1863.89158 1684.18331  9.64%   9.5 4776s
 1003422 436491 1822.11078   72   23 1863.89158 1684.27171  9.64%   9.5 4785s
 1004627 437037 1836.22216   56   43 1863.89158 1684.33121  9.63%   9.5 4795s
 1006073 437432     cutoff   71      1863.89158 1684.39515  9.63%   9.5 4804s
 1007180 437527     cutoff   50      1863.89158 1684.44485  9.63%   9.5 4830s
 1007427 438125 1757.20053   77   26 1863.89158 1684.46300  9.63%   9.5 4840s
 1008992 438595 1767.11482   63   31 1863.89158 1684.56515  9.62%   9.5 4850s
 1010181 439267 1751.50095   56   43 1863.89158 1684.63417  9.62%   9.5 4860s
 1011758 439766 1729.35785   58   32 1863.89158 1684.71653  9.61%   9.5 4869s
 1013205 440263 1839.34750   86   41 1863.89158 1684.78166  9.61%   9.5 4879s
 1014715 440729     cutoff   47      1863.89158 1684.87760  9.60%   9.5 4890s
 1015889 441274     cutoff   45      1863.89158 1684.96548  9.60%   9.5 4902s
 1017343 441881 1791.34267   60   33 1863.89158 1685.02991  9.60%   9.5 4913s
 1018982 442385 1717.30406   45   31 1863.89158 1685.10847  9.59%   9.5 4924s
 1020160 442989     cutoff   83      1863.89158 1685.18719  9.59%   9.5 4936s
 1021687 443493     cutoff   90      1863.89158 1685.27196  9.58%   9.5 4947s
 1023164 443901 1806.75304   50   30 1863.89158 1685.34554  9.58%   9.5 4959s
 1024578 444284     cutoff   67      1863.89158 1685.42432  9.57%   9.5 4972s
H1024805 444286                    1863.8914992 1685.42613  9.57%   9.5 4972s
 1025809 444844 1752.63466   61   33 1863.89150 1685.50941  9.57%   9.5 4983s
 1027043 445496 1809.97204   46   21 1863.89150 1685.56954  9.57%   9.5 4993s
 1028610 446059 1822.34566   62   31 1863.89150 1685.65621  9.56%   9.5 5002s
 1030104 446640 1798.90965   40   25 1863.89150 1685.70602  9.56%   9.5 5010s
 1031666 447033 1812.78480   55   22 1863.89150 1685.81236  9.55%   9.5 5018s
 1032824 447563 1797.79520   53   32 1863.89150 1685.88600  9.55%   9.5 5028s
 1034142 448203     cutoff   83      1863.89150 1685.96429  9.55%   9.5 5039s
 1035732 448639 1846.81376   58   25 1863.89150 1686.03505  9.54%   9.5 5049s
 1036861 449115 1778.19588   48   21 1863.89150 1686.11967  9.54%   9.5 5061s
 1038228 449643     cutoff   56      1863.89150 1686.19838  9.53%   9.5 5072s
 1039648 450181     cutoff   62      1863.89150 1686.26390  9.53%   9.5 5083s
 1041049 450655 1827.20460   39   38 1863.89150 1686.32426  9.53%   9.5 5094s
 1042514 451168 1804.58518   43   32 1863.89150 1686.40553  9.52%   9.5 5104s
 1043907 451663     cutoff   60      1863.89150 1686.46925  9.52%   9.5 5113s
 1045225 452213 infeasible   49      1863.89150 1686.54239  9.51%   9.5 5122s
 1046419 452775     cutoff   53      1863.89150 1686.60469  9.51%   9.5 5131s
 1047985 453260     cutoff   65      1863.89150 1686.67679  9.51%   9.5 5141s
 1049301 453676     cutoff   49      1863.89150 1686.72855  9.51%   9.5 5149s
 1050528 454113 1839.36499   56   15 1863.89150 1686.77593  9.50%   9.5 5157s
 1051687 454652 1807.37309   43   35 1863.89150 1686.85741  9.50%   9.5 5167s
 1053053 455303     cutoff   61      1863.89150 1686.93767  9.49%   9.5 5178s
 1054625 455804 1833.37180   43   31 1863.89150 1687.03112  9.49%   9.5 5189s
 1056030 456257 1797.34354   62   17 1863.89150 1687.10338  9.48%   9.5 5198s
 1057245 456725 1846.35956   82   40 1863.89150 1687.14215  9.48%   9.5 5207s
 1058618 457259 1798.99781   47   22 1863.89150 1687.22894  9.48%   9.5 5217s
 1060070 457776 1777.38135   66   19 1863.89150 1687.29533  9.47%   9.5 5226s
 1061444 458301 1852.92180   53   20 1863.89150 1687.35359  9.47%   9.5 5236s
 1062919 458765 1830.11296   70   37 1863.89150 1687.42489  9.47%   9.5 5245s
 1064038 459308 1828.64852   69   30 1863.89150 1687.49681  9.46%   9.5 5255s
 1065414 459697 1742.54110   73   19 1863.89150 1687.53590  9.46%   9.5 5266s
 1066770 460076 1855.31869   71   23 1863.89150 1687.63008  9.46%   9.5 5277s
 1068086 460508 1767.68435   65    9 1863.89150 1687.70176  9.45%   9.5 5287s
 1069417 460998 1701.93465   44   33 1863.89150 1687.76842  9.45%   9.5 5298s
 1070665 461586 1744.59200   55   17 1863.89150 1687.82553  9.45%   9.5 5310s
 1072111 462150 1799.14023   49   41 1863.89150 1687.88720  9.44%   9.5 5323s
 1073676 462746 1814.65922   47   20 1863.89150 1687.95564  9.44%   9.5 5336s
 1075209 463022 1758.39090   62   28 1863.89150 1688.02943  9.44%   9.5 5349s
 1076347 463482 1809.06738   63   27 1863.89150 1688.05044  9.43%   9.5 5361s
 1077459 463990 infeasible   59      1863.89150 1688.11994  9.43%   9.5 5373s
 1079058 464400 1790.48336   52   28 1863.89150 1688.18273  9.43%   9.5 5384s
 1080145 464918     cutoff   63      1863.89150 1688.25905  9.42%   9.5 5396s
 1081572 465400 1839.45807   93   26 1863.89150 1688.32948  9.42%   9.6 5405s
 1082879 465972 1729.82277   48   32 1863.89150 1688.41447  9.41%   9.6 5416s
 1084449 466445     cutoff   68      1863.89150 1688.48005  9.41%   9.6 5426s
 1085798 467087     cutoff   70      1863.89150 1688.55034  9.41%   9.6 5437s
 1087339 467587     cutoff   76      1863.89150 1688.62040  9.40%   9.6 5448s
 1088876 468122 1778.31599   51   30 1863.89150 1688.69536  9.40%   9.6 5458s
 1090294 468194 1838.56056   67   20 1863.89150 1688.74348  9.40%   9.6 5480s
 1090476 468677     cutoff   67      1863.89150 1688.74835  9.40%   9.6 5490s
 1091705 469337     cutoff   49      1863.89150 1688.83277  9.39%   9.6 5503s
 1093307 469943 1727.13719   67   39 1863.89150 1688.91844  9.39%   9.6 5515s
 1094846 470466     cutoff   67      1863.89150 1689.01683  9.38%   9.6 5527s
 1096336 470885 1699.10435   42   38 1863.89150 1689.07988  9.38%   9.6 5538s
 1097565 471362 1810.35569   68   37 1863.89150 1689.15669  9.37%   9.6 5549s
 1098749 471879     cutoff   81      1863.89150 1689.23538  9.37%   9.6 5561s
 1100235 472400     cutoff   82      1863.89150 1689.32374  9.37%   9.6 5573s
 1101588 472827 1753.50299   62   30 1863.89150 1689.37534  9.36%   9.6 5584s
 1102938 473252     cutoff   57      1863.89150 1689.46398  9.36%   9.6 5597s
 1104388 473872     cutoff   62      1863.89150 1689.54367  9.35%   9.6 5612s
 1105820 474348 1790.00950   54   29 1863.89150 1689.61901  9.35%   9.6 5626s
 1107305 474761 infeasible   82      1863.89150 1689.70575  9.35%   9.6 5638s
 1108430 475096 1820.45752   76    6 1863.89150 1689.77439  9.34%   9.6 5651s
 1109607 475567     cutoff   77      1863.89150 1689.81532  9.34%   9.6 5664s
 1111028 476088     cutoff   73      1863.89150 1689.88905  9.34%   9.6 5677s
 1112533 476514 1728.07774   51   37 1863.89150 1689.97801  9.33%   9.6 5688s
 1113829 476984 1827.66078   53   41 1863.89150 1690.04665  9.33%   9.6 5699s
 1115033 477602 1861.18867   76   25 1863.89150 1690.12138  9.32%   9.6 5712s
 1116597 478137 1808.66015   55   32 1863.89150 1690.18588  9.32%   9.6 5727s
 1118094 478472 1842.43413   64   35 1863.89150 1690.28988  9.31%   9.6 5741s
 1119319 478886 1857.90721   81    8 1863.89150 1690.35309  9.31%   9.6 5754s
 1120554 479409 1845.21478   78   17 1863.89150 1690.41996  9.31%   9.6 5769s
 1121993 479989     cutoff   58      1863.89150 1690.48381  9.30%   9.6 5783s
 1123606 480434     cutoff   56      1863.89150 1690.58293  9.30%   9.6 5796s
 1124876 481000 1771.33143   60   50 1863.89150 1690.65326  9.29%   9.6 5812s
 1126479 481523 1839.52996   59    8 1863.89150 1690.73611  9.29%   9.6 5827s
 1128075 481965 1817.30196   51   26 1863.89150 1690.80108  9.29%   9.6 5840s
 1129248 482007 1844.38956   69   13 1863.89150 1690.87953  9.28%   9.6 5859s
H1129371 482007                    1863.8906911 1690.87953  9.28%   9.6 5859s
 1129373 482612     cutoff   71      1863.89069 1690.88103  9.28%   9.6 5871s
 1130873 483026 1841.11368   54   26 1863.89069 1690.96365  9.28%   9.6 5881s
 1132165 483492     cutoff   66      1863.89069 1691.03710  9.27%   9.6 5891s
 1133751 483935 1803.19702   57    8 1863.89069 1691.08478  9.27%   9.6 5901s
 1135041 484499     cutoff   65      1863.89069 1691.17017  9.27%   9.6 5911s
 1136585 485062     cutoff   71      1863.89069 1691.24315  9.26%   9.6 5921s
 1137949 485540     cutoff   61      1863.89069 1691.31052  9.26%   9.6 5931s
 1139400 486046     cutoff   47      1863.89069 1691.38572  9.26%   9.6 5941s
 1140942 486612     cutoff   68      1863.89069 1691.46227  9.25%   9.6 5951s
 1142621 486899     cutoff   52      1863.89069 1691.52826  9.25%   9.6 5962s
 1143698 487370 1861.12666   60   33 1863.89069 1691.57736  9.24%   9.6 5975s
 1145162 487773     cutoff   69      1863.89069 1691.64840  9.24%   9.6 5986s
 1146377 488173 infeasible   53      1863.89069 1691.70413  9.24%   9.6 5999s
 1147797 488632 1727.75700   48   37 1863.89069 1691.75188  9.24%   9.6 6011s
 1149054 489238 1780.14850   57   45 1863.89069 1691.83992  9.23%   9.6 6023s
 1150658 489755 1794.75573   49   30 1863.89069 1691.93411  9.23%   9.6 6035s
 1152199 490177 1747.56521   46   24 1863.89069 1692.01229  9.22%   9.6 6046s
 1153426 490719 1838.65743   62   18 1863.89069 1692.07251  9.22%   9.6 6058s
 1155012 491316 1838.68281   51   27 1863.89069 1692.14603  9.21%   9.6 6068s
 1156588 491716     cutoff   81      1863.89069 1692.21770  9.21%   9.6 6079s
H1156875 491717                    1863.8902390 1692.22449  9.21%   9.6 6079s
 1157799 491825 1802.94445   80    6 1863.89024 1692.27257  9.21%   9.6 6100s
 1158014 492321 1851.72009   51   38 1863.89024 1692.28145  9.21%   9.6 6115s
 1159524 492823 1822.01748   63   18 1863.89024 1692.35943  9.20%   9.6 6126s
 1160976 493311 1763.81144   69   31 1863.89024 1692.42591  9.20%   9.6 6136s
 1162328 493968 infeasible   57      1863.89024 1692.48764  9.20%   9.6 6149s
 1163934 494547 1841.89665   61   39 1863.89024 1692.55204  9.19%   9.6 6161s
 1165443 495039     cutoff   71      1863.89024 1692.62626  9.19%   9.6 6174s
 1166848 495497 1819.78791   88   15 1863.89024 1692.69077  9.19%   9.6 6185s
 1168225 496053 1706.65415   38   30 1863.89024 1692.76943  9.18%   9.6 6195s
 1169610 496662     cutoff   70      1863.89024 1692.81877  9.18%   9.6 6205s
 1171141 497168 1829.10628   72   41 1863.89024 1692.90361  9.17%   9.6 6216s
 1172464 497525 1745.18610   47   37 1863.89024 1692.95727  9.17%   9.6 6227s
 1173815 498011 1746.95841   52   42 1863.89024 1693.01508  9.17%   9.6 6237s
 1175210 498415 1760.46353   54   16 1863.89024 1693.09823  9.16%   9.6 6248s
 1176497 499079     cutoff   65      1863.89024 1693.13912  9.16%   9.6 6259s
 1178079 499639 1735.54395   52   28 1863.89024 1693.23442  9.16%   9.6 6270s
 1179666 499920 1839.54493   66   33 1863.89024 1693.30367  9.15%   9.6 6281s
 1180975 500312 infeasible   78      1863.89024 1693.33757  9.15%   9.6 6291s
 1182107 500846 1774.87263   56   32 1863.89024 1693.40162  9.15%   9.6 6301s
 1183741 501255 1774.51284   65   20 1863.89024 1693.48693  9.14%   9.6 6312s
 1185148 501771 infeasible   81      1863.89024 1693.54433  9.14%   9.7 6323s
 1186489 502084     cutoff   74      1863.89024 1693.63005  9.13%   9.7 6333s
 1187768 502578 1793.47836   63   24 1863.89024 1693.69241  9.13%   9.7 6344s
 1189226 503051 1787.52005   57   37 1863.89024 1693.75048  9.13%   9.7 6353s
 1190449 503498 1798.49642   45   33 1863.89024 1693.82502  9.12%   9.7 6365s
 1191876 503830 1791.96607   39   37 1863.89024 1693.86037  9.12%   9.7 6374s
 1192963 504253     cutoff   96      1863.89024 1693.91806  9.12%   9.7 6385s
 1194183 504892 infeasible   66      1863.89024 1693.98258  9.12%   9.7 6397s
 1195862 505423 1845.19467   61   28 1863.89024 1694.07900  9.11%   9.7 6408s
 1197420 505883 infeasible   67      1863.89024 1694.13627  9.11%   9.7 6418s
 1198894 506301     cutoff   58      1863.89024 1694.20236  9.10%   9.7 6428s
 1200145 506731 1767.36467   71   26 1863.89024 1694.26747  9.10%   9.7 6438s
 1201334 507198 infeasible   48      1863.89024 1694.31943  9.10%   9.7 6450s
 1202769 507721     cutoff   69      1863.89024 1694.39336  9.09%   9.7 6461s
 1204378 508244     cutoff   42      1863.89024 1694.47740  9.09%   9.7 6473s
 1205811 508657     cutoff   45      1863.89024 1694.55247  9.09%   9.7 6484s
 1207040 509250 1764.55384   50   25 1863.89024 1694.59412  9.08%   9.7 6496s
 1208648 509603 1828.15661   70   38 1863.89024 1694.65816  9.08%   9.7 6506s
 1209850 510161 1809.57783   52   28 1863.89024 1694.72038  9.08%   9.7 6517s
 1211451 510613     cutoff   75      1863.89024 1694.81151  9.07%   9.7 6527s
 1212806 511180 1832.72576   51   39 1863.89024 1694.86686  9.07%   9.7 6538s
H1212932 511181                    1863.8899755 1694.86794  9.07%   9.7 6538s
 1214352 511829     cutoff   58      1863.88998 1694.93298  9.06%   9.7 6549s
 1215964 512363     cutoff   63      1863.88998 1695.01077  9.06%   9.7 6560s
 1217361 512797     cutoff   67      1863.88998 1695.07551  9.06%   9.7 6572s
 1218596 513334     cutoff   59      1863.88998 1695.11451  9.06%   9.7 6585s
 1220138 513436 1730.81630   39   24 1863.88998 1695.21414  9.05%   9.7 6625s
 1220409 513934 1752.83978   40   33 1863.88998 1695.21470  9.05%   9.7 6637s
 1221716 514408 1822.11409   55   21 1863.88998 1695.30408  9.04%   9.7 6649s
 1223233 514913     cutoff   59      1863.88998 1695.38265  9.04%   9.7 6662s
 1224804 515434 1842.51615   63   11 1863.88998 1695.46732  9.04%   9.7 6674s
 1226466 515848 1831.69004   67   42 1863.88998 1695.53994  9.03%   9.7 6687s
 1227959 516268 1723.70438   63   30 1863.88998 1695.62030  9.03%   9.7 6700s
 1229209 516805     cutoff   66      1863.88998 1695.67018  9.03%   9.7 6713s
 1230663 517341 1726.89316   67   36 1863.88998 1695.74785  9.02%   9.7 6725s
 1232073 517878     cutoff   79      1863.88998 1695.81520  9.02%   9.7 6737s
 1233657 518313     cutoff   87      1863.88998 1695.87298  9.01%   9.7 6747s
 1234914 518830 1755.10422   42   34 1863.88998 1695.94154  9.01%   9.7 6758s
 1236456 519318 1764.11643   47   29 1863.88998 1696.02129  9.01%   9.7 6770s
 1237944 519703 1851.59420   55   14 1863.88998 1696.08982  9.00%   9.7 6781s
 1239170 520159 1793.67626   48   35 1863.88998 1696.12998  9.00%   9.7 6793s
 1240628 520646 1861.96209   65   19 1863.88998 1696.21348  9.00%   9.7 6805s
 1242156 521104 1851.96463   53   29 1863.88998 1696.29243  8.99%   9.7 6815s
 1243335 521705     cutoff   69      1863.88998 1696.33500  8.99%   9.7 6826s
 1244963 522291     cutoff   55      1863.88998 1696.41117  8.99%   9.7 6837s
 1246620 522705 1754.80512   47   20 1863.88998 1696.47841  8.98%   9.7 6848s
 1248122 523184 infeasible   64      1863.88998 1696.54329  8.98%   9.7 6861s
 1249323 523752 1805.72243   54   32 1863.88998 1696.59791  8.98%   9.7 6871s
 1250880 524319 1858.45051   54    6 1863.88998 1696.67088  8.97%   9.7 6882s
 1252536 524730 1705.35486   49   29 1863.88998 1696.75928  8.97%   9.7 6892s
 1254031 525215 1850.54853   54   14 1863.88998 1696.83524  8.96%   9.7 6909s
 1255562 525519 1811.06157   52   18 1863.88998 1696.90666  8.96%   9.7 6923s
 1256796 525941 infeasible   57      1863.88998 1696.95080  8.96%   9.7 6935s
 1258250 526222 1844.79984   53   25 1863.88998 1697.04593  8.95%   9.7 6946s
 1259359 526657     cutoff   63      1863.88998 1697.07714  8.95%   9.7 6956s
 1260738 527200 1861.77245   45   38 1863.88998 1697.14612  8.95%   9.7 6970s
 1262306 527657     cutoff   57      1863.88998 1697.23253  8.94%   9.7 6983s
 1263650 528048 1769.98334   60   33 1863.88998 1697.27751  8.94%   9.7 6996s
 1265139 528438 1754.87584   50   23 1863.88998 1697.34695  8.94%   9.7 7008s
 1266431 528854 1862.90308   63   16 1863.88998 1697.37994  8.93%   9.7 7020s
 1267714 529336 1848.65096   54   21 1863.88998 1697.41918  8.93%   9.7 7032s
 1269207 529651     cutoff   63      1863.88998 1697.49830  8.93%   9.7 7042s
 1270353 530152     cutoff   64      1863.88998 1697.54345  8.92%   9.7 7054s
 1271745 530502     cutoff   65      1863.88998 1697.62810  8.92%   9.7 7065s
 1273121 531012     cutoff   56      1863.88998 1697.68003  8.92%   9.7 7079s
 1274615 531590 1848.39460   53   21 1863.88998 1697.77046  8.91%   9.7 7092s
 1276127 531970 1837.74355   65    6 1863.88998 1697.81672  8.91%   9.7 7106s
 1277528 532503 1853.78141   53   31 1863.88998 1697.87757  8.91%   9.7 7118s
 1279140 533018     cutoff   79      1863.88998 1697.95920  8.90%   9.7 7131s
 1280668 533421     cutoff   73      1863.88998 1698.03504  8.90%   9.7 7142s
 1281939 533907 1759.02201   60   43 1863.88998 1698.08810  8.90%   9.7 7153s
 1283242 534620 1803.03951   59   32 1863.88998 1698.14605  8.89%   9.8 7164s
 1285076 535121     cutoff   64      1863.88998 1698.22609  8.89%   9.8 7176s
 1286620 535606 1845.30024   76   16 1863.88998 1698.28064  8.89%   9.8 7187s
 1287928 536005 1739.55412   72   21 1863.88998 1698.33509  8.88%   9.8 7199s
 1289390 536016 1834.29184   52   23 1863.88998 1698.40095  8.88%   9.8 7200s

Cutting planes:
  Gomory: 5
  MIR: 4
  Zero half: 9
  Mod-K: 1
  Lazy constraints: 9349

Explored 1289432 nodes (12578395 simplex iterations) in 7200.06 seconds
Thread count was 12 (of 12 available processors)

Solution count 4: 1863.89 2058.48 2064.97 2200.7 

Time limit reached
Best objective 1.863889975497e+03, best bound 1.698400951068e+03, gap 8.8787%

User-callback calls 3777510, time in user-callback 2.97 sec
/projects/academic/josewalt/caigao/RRARP_BD/BendersDecomp/ret/model_outs/n_23_h_3_algo_3.out
 =====>>>>> Solution is written to file in <../ret/model_outs> !!!
===>> All Done!
