NPROCS=0
This instance is clustered!
Gurobi Optimizer version 9.0.0 build v9.0.0rc2 (linux64)
Optimize a model with 46 rows, 530 columns and 1058 nonzeros
Model fingerprint: 0xa617de90
Variable types: 1 continuous, 529 integer (529 binary)
Coefficient statistics:
  Matrix range     [1e+00, 1e+00]
  Objective range  [1e+00, 5e+02]
  Bounds range     [1e+00, 1e+00]
  RHS range        [1e+00, 1e+00]
Presolve removed 2 rows and 66 columns
Presolve time: 0.01s
Presolved: 44 rows, 464 columns, 926 nonzeros
Variable types: 1 continuous, 463 integer (463 binary)

Root relaxation: objective 9.779195e+02, 37 iterations, 0.00 seconds

    Nodes    |    Current Node    |     Objective Bounds      |     Work
 Expl Unexpl |  Obj  Depth IntInf | Incumbent    BestBd   Gap | It/Node Time

     0     0 1090.88323    0    8          - 1090.88323      -     -    0s
     0     0 1151.70204    0   12          - 1151.70204      -     -    0s
     0     2 1151.70204    0   12          - 1151.70204      -     -    0s
H  758   576                    1751.9412797 1224.61710  30.1%   5.0    0s
H  958   692                    1738.8981386 1231.88314  29.2%   4.9    0s
* 2108  1378              82    1687.2063275 1251.78049  25.8%   4.7    0s
* 2240  1393              60    1659.4845710 1251.78049  24.6%   4.7    0s
* 2472  1543              74    1637.0398310 1266.01318  22.7%   4.7    0s
H 3585  2149                    1595.4744316 1271.14803  20.3%   4.6    1s
  3586  2148 1513.03281   56   12 1595.47443 1271.14803  20.3%   4.6    5s
  7439  3508 1319.75034   26    - 1595.47443 1271.14803  20.3%   4.9   10s
 13394  6934 1311.12773   18   16 1595.47443 1282.31906  19.6%   4.9   15s
 16782  9152 1483.77494   35   28 1595.47443 1289.93915  19.2%   5.1   20s
 19333 10737 1380.10299   24   12 1595.47443 1294.58499  18.9%   5.2   25s
 21516 12169 1376.71752   28   25 1595.47443 1299.79675  18.5%   5.3   30s
 23269 13234 1320.30532   19    7 1595.47443 1302.10702  18.4%   5.4   35s
 25275 14527 1401.27377   29   45 1595.47443 1304.60327  18.2%   5.4   40s
 27324 15864 1391.01968   29   23 1595.47443 1307.49501  18.0%   5.5   46s
 28987 16938 1322.78626   26   22 1595.47443 1309.91369  17.9%   5.5   51s
 30261 17738 1331.80130   16   10 1595.47443 1311.00909  17.8%   5.5   55s
 32088 18804 1359.01293   28   13 1595.47443 1313.34983  17.7%   5.6   62s
 33358 19762 1423.69510   23   13 1595.47443 1314.23827  17.6%   5.6   67s
 34890 20568 1424.77895   33   19 1595.47443 1315.91663  17.5%   5.6   73s
 35524 20870 1387.75973   31   21 1595.47443 1316.40264  17.5%   5.6   75s
 36656 21556 1393.44065   28    9 1595.47443 1317.82494  17.4%   5.7   82s
 37340 21961 1341.83122   20   10 1595.47443 1318.46795  17.4%   5.7   85s
 38620 22632 1511.62507   42    9 1595.47443 1319.58876  17.3%   5.7   93s
 39286 22967 1324.91071   25   34 1595.47443 1320.22726  17.3%   5.7   96s
 39846 23296 1392.33565   28    - 1595.47443 1320.78895  17.2%   5.8  101s
 40486 23652 1476.69657   34   19 1595.47443 1321.42756  17.2%   5.8  105s
 41829 24396 1382.01713   35   33 1595.47443 1322.49882  17.1%   5.8  114s
 42427 24765 1392.60406   37    - 1595.47443 1322.99275  17.1%   5.9  118s
 43087 25175 infeasible   36      1595.47443 1323.63398  17.0%   5.9  123s
 43799 25530 1366.00356   27   15 1595.47443 1324.47864  17.0%   5.9  128s
 44484 25923 1411.79521   27   16 1595.47443 1325.18394  16.9%   5.9  132s
 45146 26324 1433.00923   34   22 1595.47443 1325.62487  16.9%   5.9  138s
 45849 26664     cutoff   34      1595.47443 1325.84827  16.9%   6.0  144s
 46341 26981 1450.18184   30   30 1595.47443 1326.22183  16.9%   6.0  150s
 47071 27395 1413.03566   25   13 1595.47443 1326.52216  16.9%   6.0  156s
 47764 27756 1408.06223   33   18 1595.47443 1326.90151  16.8%   6.0  163s
 48462 28184 1393.93258   30   13 1595.47443 1327.35705  16.8%   6.0  169s
 49191 28561 1370.49010   37   10 1595.47443 1328.16790  16.8%   6.0  176s
 49953 28766 1470.89421   52   12 1595.47443 1328.41196  16.7%   6.1  188s
 49955 28767 1340.96742   22   55 1595.47443 1328.41196  16.7%   6.1  194s
 49956 28768 1482.20848   40   72 1595.47443 1328.41196  16.7%   6.1  196s
 49958 28769 1429.31998   35   42 1595.47443 1328.41196  16.7%   6.1  200s
 49960 28771 1434.68567   30   40 1595.47443 1328.41196  16.7%   6.1  206s
 49963 28776 1328.41196   22   16 1595.47443 1328.41196  16.7%   6.1  212s
 49965 28779 1328.41196   23   87 1595.47443 1328.41196  16.7%   6.1  217s
 49969 28786 1328.41196   24   78 1595.47443 1328.41196  16.7%   6.1  222s
 49977 28795 1328.41196   25   77 1595.47443 1328.41196  16.7%   6.1  227s
 49989 28803 1328.41196   26   71 1595.47443 1328.41196  16.7%   6.1  230s
 50079 28867 1328.41196   29   57 1595.47443 1328.41196  16.7%   6.1  235s
 50212 28938 1366.35562   33    - 1595.47443 1328.41196  16.7%   6.1  240s
 50413 29043 1467.88050   41   12 1595.47443 1328.41196  16.7%   6.1  245s
 50703 29133 1504.46254   54   23 1595.47443 1328.41196  16.7%   6.1  250s
 50993 29180 1513.63726   71   47 1595.47443 1328.41196  16.7%   6.1  256s
 51283 29268 1336.75116   33   74 1595.47443 1328.41196  16.7%   6.1  260s
 51654 29378 1384.65438   42   12 1595.47443 1328.41196  16.7%   6.1  266s
 52025 29561     cutoff   55      1595.47443 1328.41196  16.7%   6.1  271s
 52467 29741 1330.05206   38   32 1595.47443 1328.41196  16.7%   6.1  276s
 52844 29869 1369.64731   66   29 1595.47443 1328.41196  16.7%   6.1  280s
 53424 30095 1328.41196   32   23 1595.47443 1328.41196  16.7%   6.1  286s
 53861 30222 1409.12025   41   15 1595.47443 1328.41196  16.7%   6.1  290s
 54322 30356 1583.95079   57   35 1595.47443 1328.41196  16.7%   6.1  295s
 54812 30496     cutoff   71      1595.47443 1328.41196  16.7%   6.1  301s
 55338 30722 1411.92797   50   19 1595.47443 1328.41196  16.7%   6.1  307s
 55636 30808 1506.32108   52   23 1595.47443 1328.41196  16.7%   6.1  311s
 56237 31057 1480.20376   98   48 1595.47443 1328.41196  16.7%   6.2  317s
 56554 31153 1496.82764  109   55 1595.47443 1328.41196  16.7%   6.2  320s
 57236 31372 1424.39572   46   15 1595.47443 1328.41196  16.7%   6.2  328s
 57574 31472 1459.25695   52   10 1595.47443 1328.41196  16.7%   6.2  331s
 57918 31637 1355.03946   42   15 1595.47443 1328.41196  16.7%   6.2  335s
 58308 31784 1427.93603   45    8 1595.47443 1328.41196  16.7%   6.2  340s
 58713 31980 1340.14208   38    8 1595.47443 1328.41196  16.7%   6.2  345s
 59195 32111 1350.22868   39   20 1595.47443 1328.41196  16.7%   6.2  351s
 59626 32232 1328.41196   37   38 1595.47443 1328.41196  16.7%   6.2  357s
 60004 32429 1328.41196   47   48 1595.47443 1328.41196  16.7%   6.2  362s
 60480 32613 1358.99077   42    - 1595.47443 1328.41196  16.7%   6.2  368s
 60973 32777 1359.80941   42   10 1595.47443 1328.41196  16.7%   6.2  373s
 61486 32999 1407.14419   44   13 1595.47443 1328.41196  16.7%   6.2  379s
 62016 33120 1383.97393   39   28 1595.47443 1328.41196  16.7%   6.2  384s
 62473 33337 1489.33647   47   28 1595.47443 1328.41196  16.7%   6.2  390s
 63032 33528 1418.81565   36   10 1595.47443 1328.41196  16.7%   6.2  397s
 63624 33767     cutoff   68      1595.47443 1328.41196  16.7%   6.2  403s
 64216 34001 1455.45170   40   13 1595.47443 1328.41196  16.7%   6.2  411s
 64802 34196 1366.37988   43   38 1595.47443 1328.41196  16.7%   6.2  417s
 65459 34344 1357.84292   47   38 1595.47443 1328.41196  16.7%   6.2  424s
 65988 34602 1426.97993   51    9 1595.47443 1328.41196  16.7%   6.2  431s
 66701 34906 1537.73980   49   57 1595.47443 1328.41196  16.7%   6.2  440s
 67438 35154 1479.00399   53    - 1595.47443 1328.41196  16.7%   6.2  449s
 68179 35431     cutoff   52      1595.47443 1328.41196  16.7%   6.3  457s
 68922 35604 1357.35293   32   13 1595.47443 1328.41196  16.7%   6.3  466s
 69646 35928 1376.72147   40   18 1595.47443 1328.41196  16.7%   6.3  476s
 70436 36249 1537.21646   47   26 1595.47443 1328.41196  16.7%   6.3  486s
 71288 36499     cutoff   55      1595.47443 1328.41196  16.7%   6.3  496s
 72139 36754 1336.91454   38   37 1595.47443 1328.41196  16.7%   6.3  506s
 72887 37063 1400.52147   38   16 1595.47443 1328.41196  16.7%   6.3  519s
 73788 37363 1445.07538   37   10 1595.47443 1328.41196  16.7%   6.3  531s
 74692 37658 1440.14263   47   16 1595.47443 1328.41196  16.7%   6.3  543s
 75641 38041 1344.27856   39   16 1595.47443 1328.41196  16.7%   6.3  557s
 76631 38332 1443.32936   45   13 1595.47443 1328.41196  16.7%   6.3  570s
 77664 38642 1459.94096   48   14 1595.47443 1328.41196  16.7%   6.3  585s
 78687 38880 1399.13183   42   27 1595.47443 1328.41196  16.7%   6.3  598s
 79596 39232 1381.71100   45    6 1595.47443 1328.41196  16.7%   6.3  614s
 80671 39693 1421.95295   46   38 1595.47443 1328.41196  16.7%   6.3  629s
 81850 39870 1454.84331   44   16 1595.47443 1328.41196  16.7%   6.3  644s
 82775 40323 1410.74062   44    9 1595.47443 1328.41196  16.7%   6.3  659s
 83930 40685 1416.44632   44    9 1595.47443 1328.41196  16.7%   6.3  673s
 85087 41033 1419.68676   43   27 1595.47443 1328.41196  16.7%   6.3  691s
 86220 41305     cutoff   57      1595.47443 1328.41196  16.7%   6.4  710s
 87318 41676 1403.96423   37   15 1595.47443 1328.41196  16.7%   6.4  728s
 88395 41862 1425.04404   42    - 1595.47443 1328.41196  16.7%   6.4  744s
 89311 42223 1419.73622   40   10 1595.47443 1328.41196  16.7%   6.4  762s
 90382 42470 1430.55124   36   13 1595.47443 1328.41196  16.7%   6.4  784s
 91414 42788 1400.18079   39   15 1595.47443 1328.41196  16.7%   6.4  804s
 92514 43162 1402.03205   41    8 1595.47443 1328.41196  16.7%   6.4  825s
 93594 43476 1407.71777   41   15 1595.47443 1328.41196  16.7%   6.4  842s
 94576 43737 1373.72775   32    7 1595.47443 1328.41196  16.7%   6.4  862s
 95621 44058 1397.82546   33   15 1595.47443 1328.41196  16.7%   6.4  881s
 96665 44373 1459.58051   39   13 1595.47443 1328.41196  16.7%   6.4  904s
 97765 44620 1429.00287   55   16 1595.47443 1328.41196  16.7%   6.4  925s
 98781 44924 1454.14878   43    9 1595.47443 1329.15538  16.7%   6.4  944s
 99856 45181 1446.35778   47   37 1595.47443 1329.70552  16.7%   6.4  967s
 100786 45543 1426.66698   42   47 1595.47443 1330.36165  16.6%   6.5  990s
 101920 45845     cutoff   63      1595.47443 1330.88183  16.6%   6.5 1010s
 103067 46210 1374.91993   42    7 1595.47443 1331.33671  16.6%   6.5 1032s
 104201 46546 1393.61677   43   13 1595.47443 1331.80315  16.5%   6.5 1055s
 105343 46882 1377.79887   39    8 1595.47443 1332.61365  16.5%   6.5 1076s
 106406 47201     cutoff   54      1595.47443 1333.14902  16.4%   6.5 1100s
 107548 47463 1418.58119   37   13 1595.47443 1333.62761  16.4%   6.5 1123s
 108519 47861 1405.86118   36   10 1595.47443 1334.12803  16.4%   6.5 1145s
 109627 48046 1385.90248   32   15 1595.47443 1334.56437  16.4%   6.5 1170s
 110712 48371 1413.16661   35   12 1595.47443 1334.91003  16.3%   6.5 1195s
 111739 48616 1452.52421   49    - 1595.47443 1335.35992  16.3%   6.5 1218s
 112728 48948 1364.79269   33   21 1595.47443 1335.83369  16.3%   6.5 1244s
 113834 49280 1430.97510   41   19 1595.47443 1336.21595  16.2%   6.5 1273s
 114992 49582 1427.31463   40   26 1595.47443 1336.70757  16.2%   6.5 1303s
 116093 49816 infeasible   72      1595.47443 1337.23170  16.2%   6.5 1331s
 117111 50131 1424.42855   44    9 1595.47443 1337.68936  16.2%   6.5 1363s
 118211 50426 1396.86100   49   22 1595.47443 1338.09592  16.1%   6.5 1390s
 119218 50810 1435.13733   44    7 1595.47443 1338.48136  16.1%   6.5 1415s
 120353 51066 1432.28976   44   13 1595.47443 1339.03176  16.1%   6.5 1441s
 121452 51362 1390.49422   34   28 1595.47443 1339.40245  16.0%   6.5 1466s
 122579 51539 1408.91888   38   13 1595.47443 1339.79439  16.0%   6.5 1492s
 123482 51934 1380.21850   40    8 1595.47443 1340.20272  16.0%   6.5 1520s
 124611 51972 1401.82964   43   10 1595.47443 1340.67963  16.0%   6.5 1540s
 125063 52288 1381.82377   35   13 1595.47443 1340.75609  16.0%   6.5 1571s
 126087 52554 1411.11951   36   18 1595.47443 1341.08439  15.9%   6.5 1604s
 127221 52862 1426.23816   46   17 1595.47443 1341.44362  15.9%   6.6 1638s
 128378 53125 1396.63628   39   17 1595.47443 1341.94865  15.9%   6.6 1666s
 129496 53392 1433.12699   42    8 1595.47443 1342.30200  15.9%   6.6 1697s
 130665 53722 1401.68177   43   14 1595.47443 1342.68833  15.8%   6.6 1726s
 131825 54017     cutoff   61      1595.47443 1343.11457  15.8%   6.6 1758s
 132957 54231 1356.42293   37   11 1595.47443 1343.49083  15.8%   6.6 1789s
 134002 54618 1395.10039   44   14 1595.47443 1343.67577  15.8%   6.6 1820s
 135165 54822 1423.22554   41   18 1595.47443 1344.11111  15.8%   6.6 1850s
 136226 55104 1427.46943   43   11 1595.47443 1344.49038  15.7%   6.6 1882s
 137323 55679 1493.71791   44    8 1595.47443 1344.95906  15.7%   6.6 1916s
 138443 56281     cutoff   52      1595.47443 1345.11784  15.7%   6.6 1947s
 139442 56895 1404.39117   42   14 1595.47443 1345.46598  15.7%   6.6 1977s
 140547 57495 1403.04647   41   10 1595.47443 1345.64051  15.7%   6.6 2009s
 141692 58091 1376.08344   40    9 1595.47443 1346.04692  15.6%   6.6 2044s
 142682 58712 1393.96929   41   31 1595.47443 1346.23114  15.6%   6.6 2078s
 143788 59294 1426.92229   36   12 1595.47443 1346.67847  15.6%   6.6 2114s
 144916 59915 1415.64570   41   36 1595.47443 1346.93828  15.6%   6.6 2150s
 146046 60590 1379.03087   31   10 1595.47443 1347.26752  15.6%   6.6 2187s
 147088 61157     cutoff   62      1595.47443 1347.60490  15.5%   6.6 2229s
 148200 61838 infeasible   55      1595.47443 1348.02037  15.5%   6.6 2264s
 149309 62397 1556.31773   53   43 1595.47443 1348.39090  15.5%   6.7 2299s
 150389 62969     cutoff   60      1595.47443 1348.65785  15.5%   6.7 2342s
 151458 63663 1448.44328   51   57 1595.47443 1349.00639  15.4%   6.7 2386s
 152619 64231     cutoff   68      1595.47443 1349.33371  15.4%   6.7 2424s
 153651 64781 1390.18155   46   14 1595.47443 1349.65229  15.4%   6.7 2461s
 154771 65513 1414.04313   37   58 1595.47443 1349.94778  15.4%   6.7 2500s
 155944 66151 1398.02671   41   11 1595.47443 1350.14907  15.4%   6.7 2538s
 156955 66749 1432.61863   36   16 1595.47443 1350.41801  15.4%   6.7 2577s
 158107 67437 1423.65451   43   12 1595.47443 1350.73919  15.3%   6.7 2617s
 159263 68059 1529.08902   80   45 1595.47443 1350.96959  15.3%   6.7 2656s
 160342 68683 1420.97365   42   32 1595.47443 1351.19148  15.3%   6.7 2695s
 161467 69239 1394.47108   37   13 1595.47443 1351.53258  15.3%   6.7 2738s
 162427 69874 1379.32998   43   10 1595.47443 1351.88734  15.3%   6.7 2784s
 163608 70477 1446.21674   35   21 1595.47443 1352.13478  15.3%   6.7 2825s
 164735 71058 1516.34921   79   20 1595.47443 1352.24537  15.2%   6.7 2881s
 165793 71677 1374.00972   44   17 1595.47443 1352.79157  15.2%   6.7 2925s
 166931 72294 1420.20806   46   25 1595.47443 1353.16369  15.2%   6.7 2970s
 167992 72924 1417.22366   43   66 1595.47443 1353.24940  15.2%   6.7 3019s
 168935 73155 1385.25290   37   21 1595.47443 1353.31666  15.2%   6.7 3020s
 169121 73558 1459.44735   41    6 1595.47443 1353.37915  15.2%   6.7 3067s
 170221 74211 1422.92483   49    9 1595.47443 1353.78132  15.1%   6.7 3109s
 171297 74829 1465.44892   45    8 1595.47443 1354.06664  15.1%   6.7 3167s
 172431 75468 1527.27798   54   40 1595.47443 1354.34235  15.1%   6.7 3210s
 173600 76056 1483.83787   48   11 1595.47443 1354.54310  15.1%   6.7 3261s
 174603 76728 1451.43677   44   27 1595.47443 1354.72359  15.1%   6.8 3309s
 175769 77361 1381.19461   49   20 1595.47443 1354.98381  15.1%   6.8 3360s
 176893 77978 1440.42667   43   26 1595.47443 1355.21430  15.1%   6.8 3406s
 178065 78565 1401.11174   46   11 1595.47443 1355.50929  15.0%   6.8 3455s
 179151 79192 1417.45248   47   29 1595.47443 1355.74697  15.0%   6.8 3501s
 180271 79784 1523.28912   50   27 1595.47443 1356.02604  15.0%   6.8 3548s
 181349 80360 1388.97990   37   23 1595.47443 1356.23423  15.0%   6.8 3597s
 182468 81030 1475.25890   48   52 1595.47443 1356.40432  15.0%   6.8 3642s
 183597 81630 1408.17426   41    6 1595.47443 1356.67702  15.0%   6.8 3692s
 184775 82253 1396.80860   38   20 1595.47443 1356.96468  14.9%   6.8 3740s
 185861 82872 1377.61507   38    8 1595.47443 1357.21080  14.9%   6.8 3797s
 186992 83484 1400.35804   39   36 1595.47443 1357.40362  14.9%   6.8 3845s
 188114 84095 1453.71593   42   12 1595.47443 1357.66006  14.9%   6.8 3892s
 189183 84672 1421.69394   35   21 1595.47443 1357.90862  14.9%   6.8 3942s
 190331 85328 1419.90881   36   41 1595.47443 1358.18243  14.9%   6.8 3993s
 191493 85967 1429.85543   35   30 1595.47443 1358.37598  14.9%   6.8 4045s
 192591 86580 1525.45476   45   16 1595.47443 1358.55818  14.8%   6.8 4100s
 193741 87276     cutoff   51      1595.47443 1358.78932  14.8%   6.8 4152s
 194854 87853 1396.22250   34   12 1595.47443 1358.98150  14.8%   6.8 4203s
 196009 88551 1419.75046   35   28 1595.47443 1359.25123  14.8%   6.8 4251s
 197170 89098 1457.25690   50   11 1595.47443 1359.45986  14.8%   6.8 4306s
 198285 89645 1413.90607   51   27 1595.47443 1359.65253  14.8%   6.8 4360s
 199376 90257 1376.59009   37   22 1595.47443 1359.89666  14.8%   6.8 4417s
 200531 90848 1457.31278   45   15 1595.47443 1360.07537  14.8%   6.8 4470s
 201615 91491 1511.44625   43   16 1595.47443 1360.23900  14.7%   6.8 4528s
 202798 92167 1418.23079   42   11 1595.47443 1360.44983  14.7%   6.8 4583s
 203942 92796 1433.04415   39   24 1595.47443 1360.56054  14.7%   6.8 4638s
 205123 93342 1425.55423   44    - 1595.47443 1360.72813  14.7%   6.8 4693s
 206209 93946 1421.95706   55   27 1595.47443 1360.97926  14.7%   6.8 4751s
 207341 94549 1498.26368   49   50 1595.47443 1361.16309  14.7%   6.8 4810s
 208393 95209 1414.38691   38   33 1595.47443 1361.24658  14.7%   6.8 4867s
 209578 95889 1437.80271   34   29 1595.47443 1361.52311  14.7%   6.8 4932s
 210771 96400 1479.64047   34   33 1595.47443 1361.75201  14.6%   6.8 4987s
 211575 97036 infeasible   64      1595.47443 1361.85866  14.6%   6.8 5049s
 212802 97703 1457.54205   44   30 1595.47443 1362.06150  14.6%   6.8 5104s
 213991 98317 1408.60281   37   45 1595.47443 1362.21565  14.6%   6.8 5166s
 215176 98994     cutoff   75      1595.47443 1362.22165  14.6%   6.8 5231s
 216348 99672 1424.15694   41   14 1595.47443 1362.43309  14.6%   6.8 5291s
 217556 100271     cutoff   46      1595.47443 1362.75241  14.6%   6.8 5353s
 218672 100862 1591.21708   50   19 1595.47443 1362.93377  14.6%   6.8 5415s
 219829 101478 1379.46812   37    9 1595.47443 1363.03059  14.6%   6.8 5479s
 220968 102153 1434.86054   40    - 1595.47443 1363.23097  14.6%   6.8 5542s
 222139 102782 1417.03402   43   12 1595.47443 1363.46072  14.5%   6.8 5606s
 223294 103441 1472.92675   44    9 1595.47443 1363.59202  14.5%   6.8 5667s
 224477 104085 1442.73625   56   46 1595.47443 1363.76871  14.5%   6.8 5728s
 225609 104792 1432.13655   38   10 1595.47443 1363.96265  14.5%   6.8 5794s
 226831 105364     cutoff   55      1595.47443 1364.10163  14.5%   6.8 5856s
 227948 106021 1381.14397   45   10 1595.47443 1364.25279  14.5%   6.8 5919s
 229080 106749 1399.91797   46   66 1595.47443 1364.37834  14.5%   6.8 5990s
 230279 107426 1437.22102   40   11 1595.47443 1364.53581  14.5%   6.8 6055s
 231390 108080 1413.54260   62   14 1595.47443 1364.71522  14.5%   6.8 6119s
 232590 108644 1544.78813   43    7 1595.47443 1364.76106  14.5%   6.8 6188s
 233718 109276 1393.42434   32   12 1595.47443 1365.03916  14.4%   6.9 6258s
 234873 109938 1405.25229   45   21 1595.47443 1365.15350  14.4%   6.9 6319s
 236007 110601 1481.53895   44   10 1595.47443 1365.31388  14.4%   6.9 6382s
 237171 111204 1430.84139   37    - 1595.47443 1365.45661  14.4%   6.9 6449s
 238318 111952 1445.72212   37   34 1595.47443 1365.63760  14.4%   6.9 6512s
 239490 112608 1461.23857   52   10 1595.47443 1365.81041  14.4%   6.9 6576s
 240671 113170 1424.48583   46   39 1595.47443 1365.96099  14.4%   6.9 6646s
 241788 113836 1512.71650   44    8 1595.47443 1366.07962  14.4%   6.9 6712s
 242972 114431 1386.77494   37    8 1595.47443 1366.24401  14.4%   6.9 6784s
 244109 115084 1458.52573   47   29 1595.47443 1366.36189  14.4%   6.9 6867s
 245283 115827 1513.22109   46   21 1595.47443 1366.47558  14.4%   6.9 6933s
 246505 116469     cutoff   65      1595.47443 1366.64275  14.3%   6.9 7005s
 247650 117068 1389.19068   36   19 1595.47443 1366.76977  14.3%   6.9 7080s
 248810 117750 1481.35974   50   24 1595.47443 1366.88469  14.3%   6.9 7162s
 249997 118294     cutoff   49      1595.47443 1366.99925  14.3%   6.9 7200s

Cutting planes:
  Gomory: 3
  Zero half: 6
  RLT: 1
  Relax-and-lift: 1
  Lazy constraints: 40623

Explored 250696 nodes (1718624 simplex iterations) in 7201.28 seconds
Thread count was 12 (of 12 available processors)

Solution count 6: 1595.47 1637.04 1659.48 ... 1751.94

Time limit reached
Best objective 1.595474431599e+03, best bound 1.367099979336e+03, gap 14.3139%

User-callback calls 1467327, time in user-callback 6.26 sec
/projects/academic/josewalt/caigao/RRARP_BD/BendersDecomp/ret/model_outs/n_21_m_4_algo_2.out
 =====>>>>> Solution is written to file in <../ret/model_outs> !!!
===>> All Done!
