NPROCS=0
This instance is clustered!
Gurobi Optimizer version 9.0.0 build v9.0.0rc2 (linux64)
Optimize a model with 44 rows, 485 columns and 968 nonzeros
Model fingerprint: 0x9918c497
Variable types: 1 continuous, 484 integer (484 binary)
Coefficient statistics:
  Matrix range     [1e+00, 1e+00]
  Objective range  [1e+00, 4e+02]
  Bounds range     [1e+00, 1e+00]
  RHS range        [1e+00, 1e+00]
Presolve removed 2 rows and 63 columns
Presolve time: 0.01s
Presolved: 42 rows, 422 columns, 842 nonzeros
Variable types: 1 continuous, 421 integer (421 binary)

Root relaxation: objective 9.943690e+02, 49 iterations, 0.00 seconds

    Nodes    |    Current Node    |     Objective Bounds      |     Work
 Expl Unexpl |  Obj  Depth IntInf | Incumbent    BestBd   Gap | It/Node Time

     0     0 1124.56573    0   13          - 1124.56573      -     -    0s
H    0     0                    1407.0317851 1124.56573  20.1%     -    0s
     0     0 1126.83852    0   18 1407.03179 1126.83852  19.9%     -    0s
     0     2 1126.83852    0   18 1407.03179 1126.83852  19.9%     -    0s
 10861  6166 1194.28911   21   10 1407.03179 1185.85588  15.7%   4.0    5s
 14842  8456 1255.63071   45    6 1407.03179 1193.12711  15.2%   4.5   10s
 17737 10073 1241.06706   25   12 1407.03179 1196.58417  15.0%   4.7   15s
 20303 11567 1340.73557   24    6 1407.03179 1199.40064  14.8%   4.8   20s
 21742 12355 1386.95705   39   18 1407.03179 1201.04973  14.6%   4.8  126s
 21824 12426 1201.04973   26   20 1407.03179 1201.04973  14.6%   4.9  130s
 24374 13339 1250.02383   54   19 1407.03179 1201.04973  14.6%   4.9  135s
 28199 14933 1233.57787   59    - 1407.03179 1201.04973  14.6%   4.9  140s
 32560 17035     cutoff  100      1407.03179 1201.04973  14.6%   4.8  145s
 35691 18341 1267.53808   31    9 1407.03179 1201.04973  14.6%   4.7  150s
 38592 19663 1294.80102   37    9 1407.03179 1201.04973  14.6%   4.7  155s
 42226 21423 1213.04015   41   17 1407.03179 1201.04973  14.6%   4.6  160s
 45414 22847 1324.90352   45   16 1407.03179 1201.04973  14.6%   4.5  166s
 48078 23939 1244.90259   32   15 1407.03179 1202.72773  14.5%   4.5  171s
 50802 25105     cutoff   80      1407.03179 1204.80767  14.4%   4.5  177s
 52847 26138 1266.13210   34   11 1407.03179 1206.21033  14.3%   4.5  181s
 54901 27046 1246.02561   37   11 1407.03179 1207.86492  14.2%   4.4  185s
 56892 27874 1258.16141   41    7 1407.03179 1209.14078  14.1%   4.4  190s
 59792 29184 1232.82053   59   39 1407.03179 1210.75443  13.9%   4.4  197s
 61460 30530 1235.41649   36   36 1407.03179 1211.74397  13.9%   4.4  201s
 63342 31972 1308.93768   38    9 1407.03179 1212.64508  13.8%   4.4  206s
 65270 33405 1270.50978   38   23 1407.03179 1213.60013  13.7%   4.4  211s
 67216 34871 1244.58264   42   20 1407.03179 1214.60196  13.7%   4.3  216s
 69115 36314     cutoff   90      1407.03179 1215.63143  13.6%   4.3  222s
 70067 37035 1241.59808   50   34 1407.03179 1215.99441  13.6%   4.3  225s
 71898 38388 1259.60654   36    6 1407.03179 1216.66935  13.5%   4.3  231s
 73793 39899 1288.16239   33    6 1407.03179 1217.55397  13.5%   4.3  237s
 74768 40387 1292.37333   31   17 1407.03179 1218.02617  13.4%   4.3  241s
 76307 41567 1315.00747   41    9 1407.03179 1218.54625  13.4%   4.3  248s
 77148 42046 1289.75966   31   26 1407.03179 1218.78299  13.4%   4.3  251s
 77950 42577 1259.22504   33    9 1407.03179 1219.08196  13.4%   4.3  255s
 79645 43815 1337.57095   37   19 1407.03179 1219.69518  13.3%   4.3  263s
 80523 44167 1230.76130   31   14 1407.03179 1220.06299  13.3%   4.3  267s
 81077 44666 1314.88384   35   25 1407.03179 1220.20225  13.3%   4.3  271s
 81885 45202 1279.49651   39    7 1407.03179 1220.34675  13.3%   4.3  276s
 82755 45799 1270.35845   47   14 1407.03179 1220.94384  13.2%   4.3  281s
 83606 46399 1263.16530   30   23 1407.03179 1221.50707  13.2%   4.3  286s
 84507 46920 1251.52026   46    9 1407.03179 1221.70254  13.2%   4.3  291s
 85361 47459 1294.90638   35   18 1407.03179 1222.25742  13.1%   4.4  296s
 86183 48037 1267.56165   82   36 1407.03179 1222.55973  13.1%   4.4  301s
 87045 48546 1259.25369   37    8 1407.03179 1223.03116  13.1%   4.4  307s
 87887 49171 1248.13417   43   15 1407.03179 1223.50154  13.0%   4.4  312s
 88779 49721 1251.08088   41   15 1407.03179 1223.76300  13.0%   4.4  318s
 89691 50263 1279.00003   43    7 1407.03179 1224.02642  13.0%   4.4  323s
 90532 50870 1281.62432   32    6 1407.03179 1224.51154  13.0%   4.4  329s
 91472 51456 1247.68307   32   29 1407.03179 1224.87011  12.9%   4.4  336s
 92377 52086 1304.20468   41    7 1407.03179 1224.87011  12.9%   4.4  342s
 93347 52559 1233.41174   47   16 1407.03179 1225.63070  12.9%   4.4  349s
 94182 53123 infeasible   59      1407.03179 1225.98339  12.9%   4.4  355s
 95068 53720 1304.47530   41   26 1407.03179 1226.17607  12.9%   4.4  361s
 96038 54271 1336.73475   56   33 1407.03179 1226.70561  12.8%   4.4  368s
 96963 54792 1259.74104   29   26 1407.03179 1226.98392  12.8%   4.4  376s
 97824 55367 1233.76901   36   40 1407.03179 1227.28848  12.8%   4.4  383s
 98787 55880 1257.79956   36    7 1407.03179 1227.65508  12.7%   4.4  391s
 99597 56423 1285.80486   36   35 1407.03179 1228.07071  12.7%   4.4  400s
 100538 56958 1261.65293   41   15 1407.03179 1228.32178  12.7%   4.4  409s
 101422 57597 1318.63318   39    8 1407.03179 1228.70046  12.7%   4.5  417s
 102397 58113 1310.97444   40   17 1407.03179 1229.06161  12.6%   4.5  426s
 103307 58751 1269.57843   45   20 1407.03179 1229.26615  12.6%   4.5  435s
 104331 59349 1262.14626   50   38 1407.03179 1229.48633  12.6%   4.5  444s
 105318 59984 1259.93114   37    7 1407.03179 1229.79124  12.6%   4.5  453s
 106336 60621     cutoff   61      1407.03179 1230.14730  12.6%   4.5  462s
 107284 61137 1365.20178   71   12 1407.03179 1230.38270  12.6%   4.5  473s
 108217 61740 1339.27904   46   24 1407.03179 1230.62054  12.5%   4.5  482s
 109212 62208 1263.08654   33   33 1407.03179 1230.96832  12.5%   4.5  493s
 110136 62965 1282.67803   35    7 1407.03179 1231.28547  12.5%   4.5  503s
 111234 63485 1258.43506   33    7 1407.03179 1231.40524  12.5%   4.5  513s
 112181 64098 1248.38160   56    7 1407.03179 1231.77057  12.5%   4.5  525s
 113196 64746     cutoff   90      1407.03179 1232.02352  12.4%   4.5  537s
 114152 65425 1248.40776   40    9 1407.03179 1232.38332  12.4%   4.5  547s
 115180 65987     cutoff   49      1407.03179 1232.58657  12.4%   4.5  560s
 116218 66655 1253.55614   31    9 1407.03179 1232.82710  12.4%   4.5  571s
 117168 67153 1295.15095   33   11 1407.03179 1233.11693  12.4%   4.5  584s
 118128 67859 1325.47851   46   10 1407.03179 1233.43003  12.3%   4.5  597s
 119186 68584 1274.28090   33   21 1407.03179 1233.49405  12.3%   4.5  610s
 120253 69159 1329.95125   36   15 1407.03179 1233.83429  12.3%   4.5  622s
 121293 69704     cutoff   59      1407.03179 1234.03075  12.3%   4.5  635s
 122264 70317 1321.42091   37   19 1407.03179 1234.35754  12.3%   4.6  648s
 123309 70976 1266.06214   36   19 1407.03179 1234.54354  12.3%   4.6  661s
 124333 71560     cutoff   75      1407.03179 1234.87052  12.2%   4.6  674s
 125335 72376 1294.19762   34    7 1407.03179 1235.04048  12.2%   4.6  688s
 126515 72903     cutoff   59      1407.03179 1235.34506  12.2%   4.6  703s
 127487 73601 1263.96945   33   26 1407.03179 1235.54792  12.2%   4.6  715s
 128562 74235 1289.02854   38   21 1407.03179 1235.54792  12.2%   4.6  729s
 129577 75000 1389.29033   49    - 1407.03179 1236.02280  12.2%   4.6  742s
 130754 75626     cutoff   49      1407.03179 1236.19751  12.1%   4.6  757s
 131822 76355 1264.37246   36   45 1407.03179 1236.35673  12.1%   4.6  772s
 132917 76988 1281.11072   37   34 1407.03179 1236.50361  12.1%   4.6  787s
 133960 77680     cutoff   61      1407.03179 1236.77406  12.1%   4.6  800s
 135008 78260 1335.14814   37    8 1407.03179 1236.96451  12.1%   4.6  815s
 136039 78887 1318.80107   49   18 1407.03179 1237.22891  12.1%   4.6  832s
 136985 79451 1331.71435   45    - 1407.03179 1237.43475  12.1%   4.6  849s
 137989 79973 1331.39244   60   54 1407.03179 1237.59953  12.0%   4.6  866s
 138988 80767 1289.26187   43   17 1407.03179 1237.69714  12.0%   4.6  881s
 140110 81340     cutoff   74      1407.03179 1238.14958  12.0%   4.6  898s
 141174 81990 1317.74435   43    7 1407.03179 1238.42231  12.0%   4.6  915s
 142277 82767     cutoff   39      1407.03179 1238.53402  12.0%   4.6  930s
 143408 83540 1293.93994   36   24 1407.03179 1238.82984  12.0%   4.6  946s
 144613 84239 1374.24425   42   43 1407.03179 1239.04262  11.9%   4.6  964s
 145716 84793 1293.87333   47   16 1407.03179 1239.18619  11.9%   4.6  982s
 146725 85461 1320.98782   44   30 1407.03179 1239.37688  11.9%   4.6 1000s
 147831 86010 1305.36279   39   46 1407.03179 1239.55729  11.9%   4.6 1019s
 148671 86192 1311.27031   40   23 1407.03179 1239.61773  11.9%   4.6 1020s
 148862 86664 1263.28932   31    9 1407.03179 1239.61773  11.9%   4.6 1038s
 149915 87366 1284.60429   36   11 1407.03179 1239.99697  11.9%   4.6 1055s
 151015 87943 1325.31573   44    9 1407.03179 1240.12988  11.9%   4.6 1075s
 152069 88553 1309.86874   41    9 1407.03179 1240.41252  11.8%   4.6 1097s
 153114 89139 1278.57356   34   31 1407.03179 1240.60537  11.8%   4.6 1115s
 154098 89755 1262.32577   32   11 1407.03179 1240.81894  11.8%   4.6 1134s
 155218 90457 1278.31349   31    9 1407.03179 1241.10995  11.8%   4.6 1152s
 156317 91119 1298.12299   39   12 1407.03179 1241.25910  11.8%   4.6 1170s
 157403 91870 1271.64261   34   38 1407.03179 1241.45090  11.8%   4.6 1189s
 158534 92475 1280.01655   35    7 1407.03179 1241.68590  11.8%   4.6 1209s
 159619 93153 1343.31841   36   20 1407.03179 1241.80217  11.7%   4.6 1229s
 160701 93768 1254.39605   33   13 1407.03179 1242.02053  11.7%   4.6 1249s
 161763 94482 1268.86526   41    7 1407.03179 1242.13273  11.7%   4.7 1268s
 162904 95277     cutoff   61      1407.03179 1242.29177  11.7%   4.7 1286s
 164149 96070 1311.79624   41    6 1407.03179 1242.43774  11.7%   4.6 1308s
 165311 96720     cutoff   77      1407.03179 1242.60932  11.7%   4.6 1327s
 166414 97358 1282.06969   36    6 1407.03179 1242.81064  11.7%   4.6 1347s
 167481 97996     cutoff   53      1407.03179 1242.93344  11.7%   4.6 1370s
 168578 98709 1263.55628   34    9 1407.03179 1243.07674  11.7%   4.7 1389s
 169665 99402 1279.90344   50   31 1407.03179 1243.24155  11.6%   4.7 1409s
 170800 100150 1272.20205   40   15 1407.03179 1243.45002  11.6%   4.7 1428s
 171963 100936 1312.86924   38    6 1407.03179 1243.65666  11.6%   4.7 1450s
 173136 101700 1317.49307   38    6 1407.03179 1243.77224  11.6%   4.7 1471s
 174338 102294 1310.05953   39    9 1407.03179 1243.91674  11.6%   4.7 1495s
 175412 102886 1281.31177   34    7 1407.03179 1244.05288  11.6%   4.7 1520s
 176453 103574 1314.79988   35    - 1407.03179 1244.14261  11.6%   4.7 1545s
 177599 104212 1341.98787   45   11 1407.03179 1244.30301  11.6%   4.7 1570s
 178710 104740 1310.84206   41   17 1407.03179 1244.45709  11.6%   4.7 1595s
 179732 105388 1320.78362   43    7 1407.03179 1244.60077  11.5%   4.7 1621s
 180816 106121 1305.17821   45   14 1407.03179 1244.73868  11.5%   4.7 1643s
 181877 106813 1305.36109   40    7 1407.03179 1244.95230  11.5%   4.7 1665s
 182989 107522 1252.44463   37   20 1407.03179 1245.09620  11.5%   4.7 1687s
 184126 108151 1261.08408   40    9 1407.03179 1245.27815  11.5%   4.7 1715s
 185296 108812 1290.27144   34    8 1407.03179 1245.32722  11.5%   4.7 1738s
 186390 109399 1270.04007   32    6 1407.03179 1245.44901  11.5%   4.7 1766s
 187387 110062 1274.48753   40   19 1407.03179 1245.68690  11.5%   4.7 1791s
 188528 110790 1276.74596   61   50 1407.03179 1245.84747  11.5%   4.7 1813s
 189737 111515 1327.37223   34   14 1407.03179 1246.04798  11.4%   4.7 1835s
 190909 112218 1295.42241   42   34 1407.03179 1246.19805  11.4%   4.7 1858s
 192062 112957 1284.15105   31    7 1407.03179 1246.39883  11.4%   4.7 1882s
 193210 113614 1322.76027   32   14 1407.03179 1246.45184  11.4%   4.7 1908s
 194326 114234     cutoff   69      1407.03179 1246.63264  11.4%   4.7 1932s
 195398 114892 1289.88417   34    7 1407.03179 1246.76784  11.4%   4.7 1954s
 196477 115504 1314.22033   43   12 1407.03179 1247.00120  11.4%   4.7 1977s
 197567 116150 1304.27550   39    9 1407.03179 1247.16048  11.4%   4.7 2003s
 198694 116834 1358.44945   61   25 1407.03179 1247.28086  11.4%   4.7 2031s
 199841 117457     cutoff   82      1407.03179 1247.41450  11.3%   4.7 2058s
 200916 118109     cutoff   57      1407.03179 1247.56658  11.3%   4.7 2085s
 202048 118858 1271.49877   51    7 1407.03179 1247.77854  11.3%   4.7 2113s
 203223 119510 1329.04130   38   35 1407.03179 1247.96031  11.3%   4.7 2142s
 204355 120078     cutoff   57      1407.03179 1248.09858  11.3%   4.7 2171s
 205371 120770 1314.88751   79   17 1407.03179 1248.22659  11.3%   4.7 2199s
 206534 121424 1305.09386   51   14 1407.03179 1248.34226  11.3%   4.7 2224s
 207679 122099 1344.18895   47   21 1407.03179 1248.43516  11.3%   4.7 2254s
 208790 122685 1298.82117   37    9 1407.03179 1248.56759  11.3%   4.7 2283s
 209836 123264 1336.92845   44    - 1407.03179 1248.77594  11.2%   4.7 2314s
 210930 123940 1337.17758   44   22 1407.03179 1248.91729  11.2%   4.7 2344s
 212066 124663 1402.83994   48   28 1407.03179 1249.04853  11.2%   4.7 2384s
 212974 124820 1302.45669   43    9 1407.03179 1249.10327  11.2%   4.7 2385s
 213284 125415 1284.72532   45    9 1407.03179 1249.16603  11.2%   4.7 2413s
 214438 126040 1373.67705   61   23 1407.03179 1249.32988  11.2%   4.7 2442s
 215566 126824 1288.58732   39   36 1407.03179 1249.45789  11.2%   4.7 2470s
 216829 127467     cutoff   65      1407.03179 1249.58687  11.2%   4.7 2500s
 217981 128193 1300.73087   33   14 1407.03179 1249.70914  11.2%   4.7 2527s
 219097 128888 1318.91562   37    6 1407.03179 1249.84130  11.2%   4.7 2553s
 220276 129569 1314.23236   42   24 1407.03179 1249.95092  11.2%   4.7 2583s
 221393 130192 1264.26336   41   44 1407.03179 1250.05280  11.2%   4.7 2615s
 222522 130814     cutoff   74      1407.03179 1250.20505  11.1%   4.7 2649s
 223662 131475 1310.92829   45   21 1407.03179 1250.32389  11.1%   4.7 2680s
 224791 132099 1322.81460   35   36 1407.03179 1250.49703  11.1%   4.7 2709s
 225920 132671 1367.11141   39   21 1407.03179 1250.62195  11.1%   4.7 2741s
 227013 133404 1309.72302   44    6 1407.03179 1250.73354  11.1%   4.7 2770s
 228209 134173 1317.25496   44   18 1407.03179 1250.82583  11.1%   4.7 2799s
 229466 134770 1270.10015   45   40 1407.03179 1251.02762  11.1%   4.7 2832s
 230585 135459 1371.60076   38   16 1407.03179 1251.13388  11.1%   4.7 2863s
 231736 136181 1277.04094   60   34 1407.03179 1251.30909  11.1%   4.7 2897s
 232890 136741     cutoff   66      1407.03179 1251.40544  11.1%   4.7 2928s
 233977 137332 1269.29094   50   28 1407.03179 1251.51413  11.1%   4.7 2961s
 235039 138040 1373.71842   66   45 1407.03179 1251.67554  11.0%   4.7 2990s
 236249 138660 1308.12074   43    6 1407.03179 1251.81176  11.0%   4.7 3022s
 237365 139413 1291.76358   32   18 1407.03179 1251.91599  11.0%   4.7 3058s
 238624 140094 1254.14261   35   17 1407.03179 1252.07989  11.0%   4.7 3096s
 239737 140788 1296.28108   49   12 1407.03179 1252.12718  11.0%   4.7 3133s
 240885 141457     cutoff   56      1407.03179 1252.15498  11.0%   4.7 3168s
 242045 142196 1317.64467   35    6 1407.03179 1252.44157  11.0%   4.7 3199s
 243244 142830 1344.38814   41    6 1407.03179 1252.55631  11.0%   4.7 3236s
 244359 143556 1257.29527   49   26 1407.03179 1252.67319  11.0%   4.7 3268s
 245511 144335 1279.77342   55   45 1407.03179 1252.77469  11.0%   4.7 3298s
 246786 145069     cutoff   64      1407.03179 1252.91790  11.0%   4.7 3333s
 247983 145806 1272.90722   39   50 1407.03179 1253.03191  10.9%   4.7 3370s
 249193 146495 1298.76445   35   10 1407.03179 1253.15908  10.9%   4.7 3407s
 250312 147266 1337.10213   38   16 1407.03179 1253.27455  10.9%   4.7 3444s
 251541 147906 1309.63581   36    7 1407.03179 1253.39936  10.9%   4.7 3484s
 252713 148674 1301.67482   32   14 1407.03179 1253.51478  10.9%   4.7 3522s
 253947 149418 1384.01891   44   22 1407.03179 1253.53151  10.9%   4.7 3562s
 255143 150147     cutoff   69      1407.03179 1253.68907  10.9%   4.7 3600s
 256321 150965 1278.35916   35   15 1407.03179 1253.77406  10.9%   4.7 3638s
 257560 151588 1382.60124   57   16 1407.03179 1253.91308  10.9%   4.7 3675s
 258711 152166 1366.54180   40   31 1407.03179 1254.01815  10.9%   4.7 3715s
 259877 152940 1399.44714   66   33 1407.03179 1254.12287  10.9%   4.7 3750s
 261121 153615 1359.06924   50    7 1407.03179 1254.22498  10.9%   4.7 3791s
 262267 154238     cutoff   66      1407.03179 1254.31736  10.9%   4.7 3827s
 263416 154898 1299.16120   38   27 1407.03179 1254.43308  10.8%   4.7 3864s
 264483 155560 1298.49321   43   10 1407.03179 1254.56172  10.8%   4.7 3902s
 265668 156239 1324.35966   48   33 1407.03179 1254.57995  10.8%   4.7 3941s
 266841 156863 1310.56386   37   15 1407.03179 1254.74380  10.8%   4.7 3978s
 267984 157562 1322.76910   34    7 1407.03179 1254.87543  10.8%   4.7 4016s
 269189 158176 1326.77666   37   31 1407.03179 1254.95736  10.8%   4.7 4056s
 270310 158749 1314.43689   42    9 1407.03179 1255.10883  10.8%   4.7 4098s
 271463 159525     cutoff   50      1407.03179 1255.19777  10.8%   4.7 4135s
 272676 160123 1323.56494   47   29 1407.03179 1255.37668  10.8%   4.7 4179s
 273827 160848 1354.80612   44    9 1407.03179 1255.48483  10.8%   4.7 4221s
 275030 161649     cutoff   71      1407.03179 1255.56142  10.8%   4.7 4258s
 276266 162359 1290.86509   41   16 1407.03179 1255.67134  10.8%   4.7 4296s
 277505 163078 1318.57766   37   18 1407.03179 1255.75281  10.8%   4.7 4337s
 278680 163667 1313.72952   35    6 1407.03179 1255.85394  10.7%   4.7 4380s
 279798 164349 1277.13686   41   22 1407.03179 1255.85394  10.7%   4.7 4418s
 280929 165032 1293.72884   40   31 1407.03179 1256.06878  10.7%   4.7 4457s
 282144 165599 1268.39671   46   30 1407.03179 1256.17660  10.7%   4.7 4505s
 283215 166379 1312.81883   35   24 1407.03179 1256.32472  10.7%   4.7 4549s
 284510 166551 1277.70107   35   18 1407.03179 1256.40579  10.7%   4.7 4606s
 284512 166552 1293.07149   55   33 1407.03179 1256.40579  10.7%   4.7 4619s
 284513 166553 1282.30322   47   37 1407.03179 1256.40579  10.7%   4.7 4630s
 284516 166558 1256.40579   33   32 1407.03179 1256.40579  10.7%   4.7 4646s
 284518 166561 1256.40579   34   30 1407.03179 1256.40579  10.7%   4.7 4651s
 284522 166568 1256.40579   35   30 1407.03179 1256.40579  10.7%   4.7 4664s
 284530 166577 1256.40579   36   32 1407.03179 1256.40579  10.7%   4.7 4675s
 284542 166585 1256.40579   37   27 1407.03179 1256.40579  10.7%   4.7 4684s
 284554 166593 1256.40579   37   19 1407.03179 1256.40579  10.7%   4.7 4693s
 284566 166601 1256.40579   38   22 1407.03179 1256.40579  10.7%   4.7 4701s
 284578 166612 1256.40579   38    9 1407.03179 1256.40579  10.7%   4.7 4706s
 284593 166624 1256.40579   39   27 1407.03179 1256.40579  10.7%   4.7 4710s
 284630 166650 1256.40579   41   18 1407.03179 1256.40579  10.7%   4.7 4716s
 284668 166677 1256.40579   43   13 1407.03179 1256.40579  10.7%   4.7 4722s
 284688 166691 1256.40579   43   35 1407.03179 1256.40579  10.7%   4.7 4725s
 284735 166732 1256.40579   45   10 1407.03179 1256.40579  10.7%   4.7 4732s
 284766 166745 1282.37842   46   46 1407.03179 1256.40579  10.7%   4.7 4736s
 284793 166766 1256.40579   47   20 1407.03179 1256.40579  10.7%   4.7 4740s
 284825 166777 1281.21150   48   17 1407.03179 1256.40579  10.7%   4.7 4745s
 284889 166795 1357.60911   51   29 1407.03179 1256.40579  10.7%   4.7 4758s
 284903 166825 1256.40579   52   23 1407.03179 1256.40579  10.7%   4.7 4763s
 284945 166833 1256.40579   54   27 1407.03179 1256.40579  10.7%   4.7 4768s
 284982 166854 1256.40579   56   33 1407.03179 1256.40579  10.7%   4.7 4773s
 285019 166865 1273.81399   57   13 1407.03179 1256.40579  10.7%   4.7 4779s
 285060 166872 1273.37712   60   18 1407.03179 1256.40579  10.7%   4.7 4783s
 285104 166883 1287.18193   63   32 1407.03179 1256.40579  10.7%   4.7 4788s
 285151 166885 1256.40579   39   27 1407.03179 1256.40579  10.7%   4.7 4794s
 285198 166897 1256.40579   42   37 1407.03179 1256.40579  10.7%   4.7 4800s
 285259 166902 1259.33674   43   10 1407.03179 1256.40579  10.7%   4.7 4805s
 285313 166896 1256.40579   46   12 1407.03179 1256.40579  10.7%   4.7 4811s
 285343 166928 1256.40579   46   24 1407.03179 1256.40579  10.7%   4.7 4817s
 285406 166931 1256.40579   51   11 1407.03179 1256.40579  10.7%   4.7 4824s
 285466 166939 1256.40579   56   42 1407.03179 1256.40579  10.7%   4.7 4830s
 285527 166956 1277.34976   59   32 1407.03179 1256.40579  10.7%   4.7 4837s
 285597 166978 1285.09160   64   33 1407.03179 1256.40579  10.7%   4.7 4845s
 285667 166981 1286.68950   68   29 1407.03179 1256.40579  10.7%   4.7 4852s
 285730 167023 1287.49226   71   57 1407.03179 1256.40579  10.7%   4.7 4860s
 285814 167045 1288.17579   75   51 1407.03179 1256.40579  10.7%   4.7 4869s
 285896 167070 1288.45783   79   39 1407.03179 1256.40579  10.7%   4.7 4877s
 285984 167111 1291.02832   85   23 1407.03179 1256.40579  10.7%   4.7 4885s
 286085 167121 1295.48868   89   38 1407.03179 1256.40579  10.7%   4.7 4893s
 286177 167131 1300.92637   92   68 1407.03179 1256.40579  10.7%   4.7 4901s
 286280 167162 1311.65881   94   44 1407.03179 1256.40579  10.7%   4.7 4910s
 286408 167188 1256.40579   42   21 1407.03179 1256.40579  10.7%   4.7 4919s
 286540 167243 1256.40579   45   41 1407.03179 1256.40579  10.7%   4.7 4930s
 286681 167337 1256.40579   43   31 1407.03179 1256.40579  10.7%   4.7 4942s
 286847 167376 1256.40579   48   19 1407.03179 1256.40579  10.7%   4.7 4952s
 286996 167406 1256.40579   52   19 1407.03179 1256.40579  10.7%   4.7 4962s
 287159 167442 1256.40579   65   46 1407.03179 1256.40579  10.7%   4.7 4973s
 287323 167464 1256.40579   77   46 1407.03179 1256.40579  10.7%   4.7 4982s
 287486 167539 1380.91747   76   23 1407.03179 1256.40579  10.7%   4.7 4994s
 287680 167601 1256.40579   43   40 1407.03179 1256.40579  10.7%   4.7 5006s
 287891 167730 1256.40579   55   16 1407.03179 1256.40579  10.7%   4.7 5019s
 288121 167793 1256.40579   60   40 1407.03179 1256.40579  10.7%   4.7 5030s
 288345 167879 1256.40579   77   74 1407.03179 1256.40579  10.7%   4.7 5043s
 288581 167977 1256.40579   88   44 1407.03179 1256.40579  10.7%   4.7 5057s
 288856 168091 1286.50743  110   30 1407.03179 1256.40579  10.7%   4.7 5073s
 289130 168217 1256.40579   42   37 1407.03179 1256.40579  10.7%   4.7 5091s
 289438 168314 1321.98268   51   37 1407.03179 1256.40579  10.7%   4.7 5106s
 289735 168465 1309.75350   53   34 1407.03179 1256.40579  10.7%   4.7 5122s
 290065 168590 1256.40579   45   16 1407.03179 1256.40579  10.7%   4.7 5138s
 290401 168719 1275.59644   59   24 1407.03179 1256.40579  10.7%   4.7 5156s
 290726 168897 1287.72498   81   59 1407.03179 1256.40579  10.7%   4.7 5176s
 291114 169065 1325.49662  118   29 1407.03179 1256.40579  10.7%   4.7 5196s
 291495 169271 1354.73441   53   29 1407.03179 1256.40579  10.7%   4.7 5212s
 291931 169418 1256.40579   48   14 1407.03179 1256.40579  10.7%   4.7 5231s
 292351 169612 1256.40579   44   15 1407.03179 1256.40579  10.7%   4.7 5251s
 292788 169800 1257.41108   70   60 1407.03179 1256.40579  10.7%   4.7 5271s
 293230 169961 infeasible   99      1407.03179 1256.40579  10.7%   4.7 5291s
 293678 170246 1333.18985   50   22 1407.03179 1256.40579  10.7%   4.7 5316s
 294226 170454 1256.40579   49   50 1407.03179 1256.40579  10.7%   4.7 5341s
 294721 170762 1291.54795   59   29 1407.03179 1256.40579  10.7%   4.7 5365s
 295307 170975 1256.40579   53   24 1407.03179 1256.40579  10.7%   4.7 5388s
 295868 171215 1297.40791  106   59 1407.03179 1256.40579  10.7%   4.7 5418s
 296430 171275 1375.29365   62    - 1407.03179 1256.40579  10.7%   4.7 5439s
 296739 171608 1256.40579   41   10 1407.03179 1256.40579  10.7%   4.7 5474s
 297369 171989 1299.98913   46   32 1407.03179 1256.40579  10.7%   4.7 5500s
 298084 172256 1300.83721   51   21 1407.03179 1256.40579  10.7%   4.7 5527s
 298776 172544 1292.30829   54   24 1407.03179 1256.40579  10.7%   4.7 5556s
 299484 172881 1297.13571   49   14 1407.03179 1256.40579  10.7%   4.7 5587s
 300264 173203 1256.40579   46   17 1407.03179 1256.40579  10.7%   4.7 5622s
 300990 173514 1318.23113   55   32 1407.03179 1256.40579  10.7%   4.7 5655s
 301742 173903 1256.40579   42   10 1407.03179 1256.40579  10.7%   4.7 5688s
 302577 174202 1313.44339   48   19 1407.03179 1256.40579  10.7%   4.7 5725s
 303373 174576 1300.76950   50   41 1407.03179 1256.40579  10.7%   4.7 5763s
 304210 174964 1311.24041   46   24 1407.03179 1256.40579  10.7%   4.7 5804s
 305102 175369 1273.48661   54   34 1407.03179 1256.40579  10.7%   4.7 5845s
 306013 175835 1296.93374   60   17 1407.03179 1256.40579  10.7%   4.7 5883s
 307035 176239 1286.11184   50    7 1407.03179 1256.40579  10.7%   4.7 5919s
 308075 176558 1297.33542   52   29 1407.03179 1256.40579  10.7%   4.7 5963s
 308985 176929 1298.34158   48   19 1407.03179 1256.40579  10.7%   4.7 6004s
 309992 177458 1256.40579   59    9 1407.03179 1256.40579  10.7%   4.7 6043s
 311145 177686 1283.52030   51    9 1407.03179 1256.40579  10.7%   4.7 6082s
 312019 178218     cutoff   76      1407.03179 1256.40579  10.7%   4.7 6134s
 313191 178433 1284.56694   45    9 1407.03179 1256.40579  10.7%   4.7 6186s
 314250 178966 1280.77036   53   21 1407.03179 1256.40579  10.7%   4.7 6236s
 315500 179544     cutoff   64      1407.03179 1256.40579  10.7%   4.7 6290s
 316770 179959 1256.40579   61   37 1407.03179 1256.40579  10.7%   4.7 6338s
 317967 180421 1343.78931   65   41 1407.03179 1256.40579  10.7%   4.7 6392s
 319191 180885 1302.83291   61   12 1407.03179 1256.40579  10.7%   4.7 6447s
 320438 181393 1300.57609   60   16 1407.03179 1256.40579  10.7%   4.7 6502s
 321661 181779 1256.40579   51    6 1407.03179 1256.40579  10.7%   4.7 6555s
 322749 182210 1318.12239   62   77 1407.03179 1256.40579  10.7%   4.7 6603s
 323891 182701 1277.12299   77   29 1407.03179 1256.40579  10.7%   4.7 6655s
 325146 183186 1387.27791   62    7 1407.03179 1256.40579  10.7%   4.7 6706s
 326409 183533 1287.47271   50   27 1407.03179 1256.40579  10.7%   4.7 6756s
 327599 183927 1321.29331   56    8 1407.03179 1256.40579  10.7%   4.7 6809s
 328781 184399 infeasible   64      1407.03179 1256.40579  10.7%   4.7 6859s
 330021 184781 1384.20923   67   11 1407.03179 1256.40579  10.7%   4.7 6908s
 331223 185102 1328.09505   50   14 1407.03179 1256.40579  10.7%   4.7 6958s
 332222 185498 1275.65119   44   61 1407.03179 1256.40579  10.7%   4.7 7012s
 333422 185854 1302.06303   50    7 1407.03179 1256.40579  10.7%   4.7 7064s
 334604 186332 1305.35594   49   18 1407.03179 1256.40579  10.7%   4.7 7113s
 335823 186709 1297.25404   71   13 1407.03179 1256.40579  10.7%   4.7 7169s
 336989 186949 1282.22175   46    7 1407.03179 1256.40579  10.7%   4.7 7200s

Cutting planes:
  Gomory: 1
  MIR: 1
  Flow cover: 1
  Lazy constraints: 5310

Explored 337799 nodes (1603516 simplex iterations) in 7200.89 seconds
Thread count was 12 (of 12 available processors)

Solution count 1: 1407.03 

Time limit reached
Best objective 1.407031785085e+03, best bound 1.256405793145e+03, gap 10.7052%

User-callback calls 1835933, time in user-callback 5.95 sec
/projects/academic/josewalt/caigao/RRARP_BD/BendersDecomp/ret/model_outs/n_20_m_4_algo_2.out
 =====>>>>> Solution is written to file in <../ret/model_outs> !!!
===>> All Done!
