NPROCS=0
This instance is clustered!
Gurobi Optimizer version 9.0.0 build v9.0.0rc2 (linux64)
Optimize a model with 40 rows, 401 columns and 800 nonzeros
Model fingerprint: 0xe2b6eb83
Variable types: 1 continuous, 400 integer (400 binary)
Coefficient statistics:
  Matrix range     [1e+00, 1e+00]
  Objective range  [1e+00, 4e+02]
  Bounds range     [1e+00, 1e+00]
  RHS range        [1e+00, 1e+00]
Presolve removed 2 rows and 57 columns
Presolve time: 0.00s
Presolved: 38 rows, 344 columns, 686 nonzeros
Variable types: 1 continuous, 343 integer (343 binary)

Root relaxation: objective 7.670552e+02, 34 iterations, 0.00 seconds

    Nodes    |    Current Node    |     Objective Bounds      |     Work
 Expl Unexpl |  Obj  Depth IntInf | Incumbent    BestBd   Gap | It/Node Time

     0     0  880.24866    0    8          -  880.24866      -     -    0s
H    0     0                    1399.2307986  880.24866  37.1%     -    0s
     0     0  935.36487    0   18 1399.23080  935.36487  33.2%     -    0s
H    0     0                    1397.2219628  935.36487  33.1%     -    0s
     0     0  958.44088    0    9 1397.22196  958.44088  31.4%     -    0s
H    0     0                    1064.9944741  958.44088  10.0%     -    0s
     0     0  958.44088    0    9 1064.99447  958.44088  10.0%     -    0s
     0     0  959.14671    0   14 1064.99447  959.14671  9.94%     -    0s
     0     0  959.14671    0    9 1064.99447  959.14671  9.94%     -    0s
     0     0  959.14671    0    8 1064.99447  959.14671  9.94%     -    0s
     0     0  959.14671    0    8 1064.99447  959.14671  9.94%     -    0s
     0     2  959.14671    0    8 1064.99447  959.14671  9.94%     -    0s
 13817  2415     cutoff   20      1064.99447 1035.51537  2.77%   4.1    5s

Cutting planes:
  Gomory: 1
  MIR: 1
  Zero half: 2
  RLT: 1
  Lazy constraints: 2740

Explored 19393 nodes (80262 simplex iterations) in 8.55 seconds
Thread count was 12 (of 12 available processors)

Solution count 3: 1064.99 1397.22 1399.23 

Optimal solution found (tolerance 1.00e-04)
Best objective 1.064994474118e+03, best bound 1.064994474118e+03, gap 0.0000%

User-callback calls 43775, time in user-callback 0.29 sec
/projects/academic/josewalt/caigao/RRARP_BD/BendersDecomp/ret/model_outs/n_18_e_2_algo_2.out
 =====>>>>> Solution is written to file in <../ret/model_outs> !!!
===>> All Done!
