NPROCS=0
This instance is clustered!
Gurobi Optimizer version 9.0.0 build v9.0.0rc2 (linux64)
Optimize a model with 50 rows, 626 columns and 1250 nonzeros
Model fingerprint: 0x6ab10f66
Variable types: 1 continuous, 625 integer (625 binary)
Coefficient statistics:
  Matrix range     [1e+00, 1e+00]
  Objective range  [1e+00, 6e+02]
  Bounds range     [1e+00, 1e+00]
  RHS range        [1e+00, 1e+00]
Presolve removed 2 rows and 72 columns
Presolve time: 0.01s
Presolved: 48 rows, 554 columns, 1106 nonzeros
Variable types: 1 continuous, 553 integer (553 binary)

Root relaxation: objective 8.698812e+02, 38 iterations, 0.00 seconds

    Nodes    |    Current Node    |     Objective Bounds      |     Work
 Expl Unexpl |  Obj  Depth IntInf | Incumbent    BestBd   Gap | It/Node Time

     0     0  923.12337    0   18          -  923.12337      -     -    0s
     0     0 1034.22982    0    8          - 1034.22982      -     -    0s
     0     2 1049.14932    0    8          - 1049.14932      -     -    0s
H 1926  1523                    2400.6795034 1162.97087  51.6%   3.5    1s
H 1930  1449                    1800.6830076 1162.97087  35.4%   3.5    1s
H 5272  2706                    1800.6830038 1165.06993  35.3%   4.0    4s
  5925  2790 1622.68915   56   12 1800.68300 1168.74246  35.1%   4.0    5s
 12227  7690     cutoff  102      1800.68300 1209.19275  32.8%   3.7   10s
 16826 11053 1456.45815   60   27 1800.68300 1219.82847  32.3%   3.7   15s
 20184 13563 1309.71019   71    8 1800.68300 1224.39128  32.0%   3.7   20s
 23812 16668 1474.83023  116    6 1800.68300 1228.53367  31.8%   3.7   25s
 26995 18978 1787.22199   54    6 1800.68300 1230.34862  31.7%   3.7   30s
 30099 21353 1329.48716   25    6 1800.68300 1232.43013  31.6%   3.7   35s
 32542 23173 1306.30566   84   15 1800.68300 1234.88943  31.4%   3.7   40s
 33370 23792     cutoff  120      1800.68300 1235.39444  31.4%   3.7   45s
 34979 24567 1291.54145   38    8 1800.68300 1236.06616  31.4%   3.7  188s
 34982 24569 1532.61221   87   46 1800.68300 1236.06616  31.4%   3.7  193s
 34985 24571 1572.25428   80   48 1800.68300 1236.06616  31.4%   3.7  195s
 34989 24574 1335.84262   45   29 1800.68300 1236.06616  31.4%   3.7  202s
 34991 24575 1398.47946   85   29 1800.68300 1236.06616  31.4%   3.7  205s
 34992 24576 1260.29019   79   29 1800.68300 1236.06616  31.4%   3.7  245s
 35019 24605 1236.06616   27   45 1800.68300 1236.06616  31.4%   3.7  251s
 35290 24753 1264.66339   38   31 1800.68300 1236.06616  31.4%   3.7  255s
 35829 24974 1242.60389   58   28 1800.68300 1236.06616  31.4%   3.7  260s
 36427 25165 1494.14524   75   10 1800.68300 1236.06616  31.4%   3.7  265s
 37553 25713 1729.09116   98    8 1800.68300 1236.06616  31.4%   3.8  270s
 38756 26193 1610.04387  121    - 1800.68300 1236.06616  31.4%   3.8  275s
 40638 27279 1774.37157  162    8 1800.68300 1236.06616  31.4%   3.8  280s
 42362 27935 1598.31190   44   16 1800.68300 1236.06616  31.4%   3.8  285s
 44618 29178 1548.91350  170   10 1800.68300 1236.06616  31.4%   3.7  291s
 45895 29984 1455.76690   56   17 1800.68300 1236.06616  31.4%   3.7  296s
 47582 30914     cutoff  104      1800.68300 1236.06616  31.4%   3.7  300s
 49649 31942 1691.27897  171   13 1800.68300 1236.06616  31.4%   3.7  307s
 50991 32648 1568.47691  100   13 1800.68300 1236.06616  31.4%   3.7  311s
 52345 33201 1279.64899  149   13 1800.68300 1236.06616  31.4%   3.7  315s
 54531 34232     cutoff  175      1800.68300 1236.06616  31.4%   3.7  321s
 55778 34922 1638.66282   57    6 1800.68300 1236.06616  31.4%   3.7  326s
 57387 35323     cutoff  148      1800.68300 1236.06616  31.4%   3.7  331s
 58432 35662 1302.03554   80    8 1800.68300 1236.06616  31.4%   3.7  338s
 59056 35739 1324.19637  143   20 1800.68300 1236.06616  31.4%   3.7  341s
 60114 36452 1473.25161  127   12 1800.68300 1236.06616  31.4%   3.8  347s
 60928 37225 1344.35999  102   25 1800.68300 1236.06616  31.4%   3.8  350s
 63217 38299 1541.72060  212    - 1800.68300 1236.06616  31.4%   3.7  356s
 64358 38450     cutoff  212      1800.68300 1236.06616  31.4%   3.7  360s
 66389 39561 1379.16996  124   11 1800.68300 1236.06616  31.4%   3.8  367s
 67449 40139 1321.35274   41    6 1800.68300 1236.06616  31.4%   3.8  371s
 69714 41234     cutoff  186      1800.68300 1236.06616  31.4%   3.7  379s
 70707 41771     cutoff  189      1800.68300 1236.06616  31.4%   3.7  384s
 71762 42196     cutoff  187      1800.68300 1236.06616  31.4%   3.7  389s
 72765 42656 1422.66683  132    9 1800.68300 1236.06616  31.4%   3.7  393s
 73762 42933 1435.24875  133    6 1800.68300 1236.06616  31.4%   3.7  398s
 74617 43465 infeasible  134      1800.68300 1236.81315  31.3%   3.8  402s
 75632 44077 1343.60579   42    6 1800.68300 1237.28864  31.3%   3.8  407s
 76703 44443 1268.07816  145   16 1800.68300 1237.58191  31.3%   3.8  411s
 77666 45040     cutoff  157      1800.68300 1237.96151  31.3%   3.8  416s
 78759 45505 1766.57071  142    6 1800.68300 1238.38741  31.2%   3.8  420s
 80764 46565 1323.24227   50    6 1800.68300 1239.44562  31.2%   3.8  429s
 81943 46760 1444.40386   89   28 1800.68300 1240.09267  31.1%   3.7  433s
 82556 47320 1777.99189  102   14 1800.68300 1240.35701  31.1%   3.7  439s
 83603 47994 1304.52853   47    6 1800.68300 1240.35701  31.1%   3.7  444s
 84796 48523 1341.81728   48    6 1800.68300 1240.35701  31.1%   3.7  451s
 85883 49041 1430.28757   49    6 1800.68300 1240.91393  31.1%   3.7  456s
 86930 49554 1610.82967  129   10 1800.68300 1241.44068  31.1%   3.7  461s
 88052 50160 1316.39394  143   13 1800.68300 1241.69096  31.0%   3.7  466s
 89241 50694 infeasible  158      1800.68300 1242.26611  31.0%   3.7  470s
 90400 51154 infeasible  158      1800.68300 1242.79827  31.0%   3.7  476s
 91528 51774     cutoff  155      1800.68300 1243.31690  31.0%   3.7  480s
 92643 52230 1677.85489  130    - 1800.68300 1243.81986  30.9%   3.7  486s
 93756 52691 1520.72604  146    8 1800.68300 1244.12399  30.9%   3.7  492s
 94843 52956     cutoff  174      1800.68300 1244.60999  30.9%   3.7  498s
 95818 53620 1720.11908  141   14 1800.68300 1245.10612  30.9%   3.7  503s
 96993 54036     cutoff  138      1800.68300 1245.85997  30.8%   3.7  509s
 98071 54470 1622.19619   90   22 1800.68300 1245.90388  30.8%   3.7  515s
 99069 55327 1743.58647  116   18 1800.68300 1246.35813  30.8%   3.7  521s
 100349 55428 1388.10408  163   12 1800.68300 1246.54705  30.8%   3.7  527s
 101221 56289 infeasible  164      1800.68300 1246.95493  30.8%   3.7  533s
 102479 56923     cutoff  148      1800.68300 1247.34908  30.7%   3.7  539s
 103732 57731 1405.63256  109   25 1800.68300 1247.80171  30.7%   3.7  543s
 105042 57698     cutoff  156      1800.68300 1248.26958  30.7%   3.7  547s
 105497 58601 1355.79284   87   13 1800.68300 1248.38957  30.7%   3.7  553s
 106784 59059 1362.24752   50    6 1800.68300 1248.51381  30.7%   3.7  561s
 107907 59686 1560.93934   54    - 1800.68300 1248.84009  30.6%   3.7  568s
 109075 60231 1371.35167  120   23 1800.68300 1249.12972  30.6%   3.7  575s
 110134 60693 1793.40746  135    - 1800.68300 1249.47396  30.6%   3.7  583s
 110925 61247     cutoff  135      1800.68300 1249.56144  30.6%   3.7  590s
 111768 62525 1453.31895  124   18 1800.68300 1249.83151  30.6%   3.7  595s
 113120 63438 1301.43293   52   12 1800.68300 1250.33983  30.6%   3.7  602s
 114292 64428 1650.25538  148    6 1800.68300 1250.55006  30.6%   3.7  609s
 115481 65253     cutoff  141      1800.68300 1250.98031  30.5%   3.7  616s
 116571 66205 1309.35455   41    6 1800.68300 1251.12099  30.5%   3.7  625s
 117738 67135 1382.17916   47    6 1800.68300 1251.12099  30.5%   3.7  632s
 118811 68032 1741.04299   85    - 1800.68300 1251.74260  30.5%   3.7  637s
 119934 69166     cutoff  108      1800.68300 1251.85418  30.5%   3.7  643s
 121226 69581     cutoff  161      1800.68300 1252.22778  30.5%   3.7  654s
 122035 70559 1293.27067  101   18 1800.68300 1252.45314  30.4%   3.7  663s
 123162 71261 1413.81336  141    6 1800.68300 1252.54998  30.4%   3.7  672s
 124141 71862 infeasible  142      1800.68300 1252.54998  30.4%   3.7  679s
 124757 72827 1376.22773  124    6 1800.68300 1252.96461  30.4%   3.7  687s
 125959 73799     cutoff  147      1800.68300 1253.26230  30.4%   3.7  695s
 127159 74669 1728.55057  146    - 1800.68300 1253.71693  30.4%   3.7  704s
 128268 75438 1735.75813  146    8 1800.68300 1253.86476  30.4%   3.7  712s
 129211 76175     cutoff  147      1800.68300 1253.86476  30.4%   3.7  722s
 130198 76991 1345.29495   84   22 1800.68300 1254.13438  30.4%   3.7  733s
 131237 77301 1564.94346  104    8 1800.68300 1254.36337  30.3%   3.7  740s
 131593 78126     cutoff  110      1800.68300 1254.46366  30.3%   3.7  749s
 132744 79057     cutoff  122      1800.68300 1254.68738  30.3%   3.7  757s
 133952 79474 1459.01389  138    8 1800.68300 1254.86471  30.3%   3.7  764s
 134333 80669 1299.75631   50   15 1800.68300 1254.95330  30.3%   3.7  775s
 135716 81626     cutoff  179      1800.68300 1255.03927  30.3%   3.7  785s
 136951 82320     cutoff  134      1800.68300 1255.33770  30.3%   3.7  796s
 137931 82840 1387.07831   48    6 1800.68300 1255.64687  30.3%   3.7  809s
 138824 83781 1450.02140   78   25 1800.68300 1255.77785  30.3%   3.7  820s
 140024 84985 1774.32670   94   13 1800.68300 1256.01681  30.2%   3.7  829s
 141354 86165 1515.85637   77   17 1800.68300 1256.39376  30.2%   3.7  839s
 142693 86916 1400.95352  106   32 1800.68300 1256.60898  30.2%   3.7  850s
 143799 87641 1518.23793  166    8 1800.68300 1256.91414  30.2%   3.7  859s
 144862 88732 1771.33985   75    - 1800.68300 1257.20417  30.2%   3.7  868s
 146111 89861     cutoff  105      1800.68300 1257.46873  30.2%   3.7  875s
 147338 91000     cutoff  118      1800.68300 1257.89706  30.1%   3.7  883s
 148692 92099     cutoff  167      1800.68300 1258.20363  30.1%   3.7  893s
 149928 93164 1468.27156  140   26 1800.68300 1258.39310  30.1%   3.7  901s
 151228 94028 1782.23586  146   12 1800.68300 1258.72105  30.1%   3.7  911s
 152344 95190 1675.63971   90   18 1800.68300 1259.01828  30.1%   3.7  921s
 153636 96084     cutoff  138      1800.68300 1259.20266  30.1%   3.7  932s
 154727 97000 1634.80593   86   29 1800.68300 1259.27840  30.1%   3.7  943s
 155837 97905 1392.20068  119   10 1800.68300 1259.36611  30.1%   3.7  952s
 156936 98460     cutoff  201      1800.68300 1259.42700  30.1%   3.7  965s
 157851 99412 1362.75042   48    8 1800.68300 1259.48074  30.1%   3.7  976s
 158987 100226 1799.79677   86    - 1800.68300 1259.48074  30.1%   3.7  990s
 160073 101049     cutoff   86      1800.68300 1259.48074  30.1%   3.7 1001s
 161128 101906 1645.54702  126   11 1800.68300 1260.27812  30.0%   3.7 1012s
 162182 102244 1460.77500  125   12 1800.68300 1260.42627  30.0%   3.7 1026s
 162561 103058 1466.71001  126   20 1800.68300 1260.70780  30.0%   3.7 1039s
 163384 103121 1366.59691   95   35 1800.68300 1260.84280  30.0%   3.7 1040s
 163673 104087 1671.13191  129    - 1800.68300 1260.86638  30.0%   3.7 1050s
 164886 104683 1368.71447  155    6 1800.68300 1261.24260  30.0%   3.7 1065s
 165835 105628 1551.73854  169    6 1800.68300 1261.43694  29.9%   3.7 1078s
 166957 106317     cutoff  170      1800.68300 1261.52698  29.9%   3.7 1092s
 167977 106897     cutoff  115      1800.68300 1261.76836  29.9%   3.7 1105s
 168907 107420     cutoff  155      1800.68300 1261.84869  29.9%   3.7 1118s
 169794 108316 1447.91716  122   30 1800.68300 1261.85063  29.9%   3.7 1131s
 170938 109347 1786.99564  135    6 1800.68300 1261.86679  29.9%   3.7 1143s
 172198 110267     cutoff  154      1800.68300 1262.29733  29.9%   3.7 1155s
 173408 111261 1330.98767  124   19 1800.68300 1262.57946  29.9%   3.7 1169s
 174609 112304     cutoff  164      1800.68300 1262.71765  29.9%   3.7 1184s
 175912 113425 1789.68434   72   18 1800.68300 1262.90346  29.9%   3.7 1198s
 177217 114537 1611.18194  125   10 1800.68300 1263.24305  29.8%   3.7 1211s
 178541 115369 1365.20076  140   16 1800.68300 1263.41519  29.8%   3.7 1227s
 179655 115912 1358.12731   53    - 1800.68300 1263.63478  29.8%   3.7 1241s
 180613 116725 1360.47486   72   24 1800.68300 1263.67289  29.8%   3.7 1254s
 181674 117834 1776.15209  116    6 1800.68300 1263.69154  29.8%   3.7 1265s
 182961 118958 1706.03126  115    - 1800.68300 1264.10386  29.8%   3.7 1276s
 184315 119910 1760.68916  142    - 1800.68300 1264.33755  29.8%   3.7 1288s
 185503 121134 infeasible  142      1800.68300 1264.55766  29.8%   3.7 1298s
 186877 121637 1423.15056  142    6 1800.68300 1264.88804  29.8%   3.7 1313s
 187658 122619     cutoff  143      1800.68300 1265.09447  29.7%   3.7 1323s
 188810 123554 1652.67319  101   13 1800.68300 1265.17123  29.7%   3.7 1334s
 190036 124094 infeasible  153      1800.68300 1265.40644  29.7%   3.7 1350s
 190968 124943 1619.88351   53   13 1800.68300 1265.55183  29.7%   3.7 1363s
 192000 125614     cutoff   91      1800.68300 1265.55317  29.7%   3.7 1376s
 193037 126495     cutoff   99      1800.68300 1265.77951  29.7%   3.7 1393s
 194120 127385 1752.18413  141    - 1800.68300 1265.85480  29.7%   3.7 1409s
 195196 127981 1329.30333   49    6 1800.68300 1265.87598  29.7%   3.7 1428s
 196156 128797 1317.42297   52   11 1800.68300 1266.08227  29.7%   3.7 1444s
 197228 129132 1644.12840  103    6 1800.68300 1266.11377  29.7%   3.7 1455s
 197654 130075     cutoff  111      1800.68300 1266.12722  29.7%   3.7 1469s
 198944 131267 1428.59385  119   14 1800.68300 1266.26652  29.7%   3.7 1481s
 200337 132075 1598.55845  153   15 1800.68300 1266.51947  29.7%   3.7 1500s
 201416 133001 1349.32218  110   26 1800.68300 1266.72718  29.7%   3.7 1516s
 202649 133960     cutoff  141      1800.68300 1266.81153  29.6%   3.7 1531s
 203812 134404     cutoff  115      1800.68300 1267.03095  29.6%   3.7 1543s
 204264 135498 1471.73725  116   28 1800.68300 1267.12604  29.6%   3.7 1557s
 205618 136045 1474.11692  136   11 1800.68300 1267.30962  29.6%   3.7 1581s
 206533 136841     cutoff  144      1800.68300 1267.47138  29.6%   3.7 1604s
 207557 137610 1656.37343   70   15 1800.68300 1267.52878  29.6%   3.7 1624s
 208599 138598 1436.91000  131   22 1800.68300 1267.62126  29.6%   3.7 1641s
 209813 139289 1342.44882  146   10 1800.68300 1267.85743  29.6%   3.7 1655s
 210907 140436     cutoff  154      1800.68300 1268.09506  29.6%   3.7 1669s
 212271 141422     cutoff  141      1800.68300 1268.36139  29.6%   3.7 1683s
 213441 142454 1359.16671   99   27 1800.68300 1268.49230  29.6%   3.7 1704s
 214737 143612     cutoff  187      1800.68300 1268.63855  29.5%   3.7 1723s
 216100 144360     cutoff  167      1800.68300 1268.76526  29.5%   3.7 1744s
 216911 144445 1284.95372  191    8 1800.68300 1268.89544  29.5%   3.7 1745s
 217111 145253 1383.94482   42    8 1800.68300 1268.89544  29.5%   3.7 1762s
 218263 145910 1411.91995   43    6 1800.68300 1268.92980  29.5%   3.7 1781s
 219249 146854 1697.10522   60   12 1800.68300 1269.05186  29.5%   3.7 1797s
 220426 147969 1726.66047  111    - 1800.68300 1269.05186  29.5%   3.7 1813s
 221790 148673 1654.83532  196    6 1800.68300 1269.31329  29.5%   3.7 1833s
 222796 149775 1324.74168   48    9 1800.68300 1269.53889  29.5%   3.7 1848s
 224072 150134 1794.03966  153    8 1800.68300 1269.66206  29.5%   3.7 1867s
 224499 150911 1532.72141   76    6 1800.68300 1269.66657  29.5%   3.7 1886s
 225660 151822 1699.58584   99    6 1800.68300 1269.96437  29.5%   3.7 1908s
 226890 152873     cutoff  133      1800.68300 1270.02749  29.5%   3.7 1925s
 228201 153896 1717.19748   61    6 1800.68300 1270.15146  29.5%   3.7 1941s
 229463 154679 1634.78317  165    6 1800.68300 1270.42255  29.4%   3.7 1958s
 230585 155752 infeasible  167      1800.68300 1270.55989  29.4%   3.7 1974s
 231890 157005 1597.73839   81    6 1800.68300 1270.72364  29.4%   3.7 1988s
 233276 158073 1274.52555  101   24 1800.68300 1270.90293  29.4%   3.7 2002s
 234590 159137 1578.51787  176   14 1800.68300 1271.01164  29.4%   3.7 2015s
 235840 160199 1497.36033   82    6 1800.68300 1271.19507  29.4%   3.7 2029s
 237143 161314 1493.15820   88   23 1800.68300 1271.36388  29.4%   3.7 2044s
 238419 162291     cutoff  140      1800.68300 1271.51705  29.4%   3.7 2059s
 239605 163220 1354.71503  120   12 1800.68300 1271.59132  29.4%   3.7 2076s
 240790 164331 1446.32648  139   13 1800.68300 1271.70913  29.4%   3.7 2089s
 241983 165240     cutoff  142      1800.68300 1271.80320  29.4%   3.7 2104s
 243150 166112 1452.33320  124   15 1800.68300 1272.01564  29.4%   3.7 2117s
 244067 167230 infeasible  154      1800.68300 1272.10962  29.4%   3.7 2131s
 245416 167931 1568.75851  129    6 1800.68300 1272.22797  29.3%   3.7 2149s
 246473 169040     cutoff  153      1800.68300 1272.32858  29.3%   3.7 2173s
 247697 169697 1439.09648  118   25 1800.68300 1272.51429  29.3%   3.7 2193s
 248748 170703 1341.57434   37    6 1800.68300 1272.65425  29.3%   3.7 2213s
 249926 171413 infeasible  147      1800.68300 1272.68640  29.3%   3.7 2232s
 250950 172248     cutoff  136      1800.68300 1272.77494  29.3%   3.7 2249s
 252060 173026 1289.92351   50    6 1800.68300 1272.84061  29.3%   3.7 2267s
 253051 173911 1313.72008   51    6 1800.68300 1272.91600  29.3%   3.7 2290s
 254212 174525 1308.11111   41    6 1800.68300 1273.15951  29.3%   3.7 2313s
 255211 175372 1425.49804  140   17 1800.68300 1273.29970  29.3%   3.7 2335s
 256269 176422 infeasible  158      1800.68300 1273.44115  29.3%   3.7 2352s
 257532 177535     cutoff  140      1800.68300 1273.54834  29.3%   3.7 2367s
 258860 177926 1293.41493  100   10 1800.68300 1273.68995  29.3%   3.7 2387s
 259268 179021 1701.33328   61    6 1800.68300 1273.84165  29.3%   3.7 2407s
 260587 180014 1496.74633   76    9 1800.68300 1273.92033  29.3%   3.7 2429s
 261770 180746 1418.72401  102   25 1800.68300 1273.92033  29.3%   3.7 2454s
 262832 181551     cutoff  126      1800.68300 1274.18158  29.2%   3.7 2474s
 263938 182658     cutoff  150      1800.68300 1274.31155  29.2%   3.7 2491s
 265259 183752 1476.54232   83    8 1800.68300 1274.46133  29.2%   3.7 2509s
 266591 184698 1377.65481  137   28 1800.68300 1274.60078  29.2%   3.7 2528s
 267734 185612     cutoff  155      1800.68300 1274.65534  29.2%   3.7 2552s
 268913 186477 infeasible  120      1800.68300 1274.86892  29.2%   3.7 2574s
 270052 187532 1391.94399  102   11 1800.68300 1275.01393  29.2%   3.7 2592s
 271338 188663 1378.57540   66    8 1800.68300 1275.20028  29.2%   3.7 2608s
 272644 189149 infeasible  147      1800.68300 1275.32272  29.2%   3.7 2636s
 273434 189806 1549.22615   73   13 1800.68300 1275.54399  29.2%   3.7 2660s
 274353 190447 1387.83670   95   31 1800.68300 1275.54399  29.2%   3.7 2681s
 275296 191342 1400.47991  116   36 1800.68300 1275.54399  29.2%   3.7 2699s
 276427 192331 1439.10152  139    8 1800.68300 1275.64523  29.2%   3.7 2720s
 277699 193289 1321.94906   45    6 1800.68300 1275.86012  29.1%   3.7 2741s
 278861 194276     cutoff  114      1800.68300 1276.01145  29.1%   3.7 2762s
 280144 194987     cutoff  108      1800.68300 1276.16302  29.1%   3.7 2786s
 281262 196023 1352.37817   38    6 1800.68300 1276.20892  29.1%   3.7 2807s
 282536 196965     cutoff  104      1800.68300 1276.38761  29.1%   3.7 2830s
 283731 197950 1380.99795  140   23 1800.68300 1276.57469  29.1%   3.7 2850s
 284996 199013     cutoff  184      1800.68300 1276.67935  29.1%   3.7 2866s
 286255 200027 1649.15842  134   11 1800.68300 1276.85238  29.1%   3.7 2885s
 287518 201130 1434.12318  141    8 1800.68300 1277.04613  29.1%   3.7 2904s
 288783 201899     cutoff  148      1800.68300 1277.18758  29.1%   3.7 2929s
 289772 202037 1456.24805  123    9 1800.68300 1277.31968  29.1%   3.7 2930s
 289891 202965     cutoff  126      1800.68300 1277.34074  29.1%   3.7 2951s
 291158 203566 1361.81976  107   23 1800.68300 1277.37500  29.1%   3.7 2975s
 292089 204603     cutoff  143      1800.68300 1277.52445  29.1%   3.7 3000s
 293265 205670 1329.55398   42    6 1800.68300 1277.58276  29.1%   3.7 3020s
 294567 206750 1382.69620   43   23 1800.68300 1277.68774  29.0%   3.7 3039s
 295418 206811 1783.93401  119   13 1800.68300 1277.87785  29.0%   3.7 3040s
 295878 207837     cutoff   69      1800.68300 1277.92713  29.0%   3.7 3057s
 297168 208789 1522.73946  116   12 1800.68300 1278.06355  29.0%   3.7 3076s
 298372 209926     cutoff  125      1800.68300 1278.15798  29.0%   3.7 3097s
 299622 210776 1440.26433  153   20 1800.68300 1278.31767  29.0%   3.7 3118s
 300683 210902 infeasible  170      1800.68300 1278.38450  29.0%   3.7 3142s
 300791 211765 1301.30580   44   11 1800.68300 1278.42721  29.0%   3.7 3167s
 301956 212876 1367.03622  164   19 1800.68300 1278.49513  29.0%   3.7 3184s
 303219 213834     cutoff  171      1800.68300 1278.57240  29.0%   3.7 3207s
 304430 214606 1453.27912  156   18 1800.68300 1278.72750  29.0%   3.7 3230s
 305511 215610 1381.17880   40   15 1800.68300 1278.88743  29.0%   3.7 3249s
 306036 215652 1553.70758  110    6 1800.68300 1278.95580  29.0%   3.7 3250s
 306691 216455     cutoff  108      1800.68300 1279.00619  29.0%   3.7 3268s
 307854 216950     cutoff  140      1800.68300 1279.13659  29.0%   3.7 3302s
 308726 217750 1335.63332   78   26 1800.68300 1279.23247  29.0%   3.7 3328s
 309725 218444     cutoff   99      1800.68300 1279.23247  29.0%   3.7 3352s
 310758 219351 1787.42899  120   12 1800.68300 1279.23247  29.0%   3.7 3373s
 311894 220024 1364.67251  143   20 1800.68300 1279.45625  28.9%   3.7 3394s
 312932 220531     cutoff  163      1800.68300 1279.61120  28.9%   3.7 3430s
 313880 221532 1412.36916   45    6 1800.68300 1279.68767  28.9%   3.7 3455s
 315079 222160 1618.32546   70    - 1800.68300 1279.70904  28.9%   3.7 3483s
 316039 223068 1451.61688   58    9 1800.68300 1279.70993  28.9%   3.7 3517s
 317217 223806 1781.64768   96    8 1800.68300 1279.81700  28.9%   3.7 3550s
 318284 224614     cutoff  121      1800.68300 1280.01278  28.9%   3.7 3576s
 319382 225216     cutoff  134      1800.68300 1280.02617  28.9%   3.7 3604s
 320413 226157 1781.48305   55    6 1800.68300 1280.20405  28.9%   3.7 3625s
 321660 227242 1773.89665   96    6 1800.68300 1280.30317  28.9%   3.7 3649s
 323020 227817     cutoff  125      1800.68300 1280.60342  28.9%   3.7 3679s
 324020 228796 1626.29026  109    6 1800.68300 1280.71646  28.9%   3.7 3709s
 325181 229611 1454.92323  144   15 1800.68300 1280.82638  28.9%   3.7 3743s
 326318 230557     cutoff  172      1800.68300 1280.95049  28.9%   3.8 3767s
 327563 231662 1365.34967  132    9 1800.68300 1281.09498  28.9%   3.8 3790s
 328902 232890 1314.15668  153   28 1800.68300 1281.27189  28.8%   3.7 3814s
 330359 233934     cutoff  166      1800.68300 1281.39831  28.8%   3.7 3838s
 331648 234712     cutoff  166      1800.68300 1281.56246  28.8%   3.7 3865s
 332775 235463 1563.91614   87    6 1800.68300 1281.61915  28.8%   3.7 3888s
 333840 235877     cutoff  160      1800.68300 1281.67748  28.8%   3.7 3926s
 334270 236734 1485.46544   52    9 1800.68300 1281.73255  28.8%   3.7 3951s
 335455 237613 1292.65432  104   14 1800.68300 1281.82935  28.8%   3.7 3985s
 336649 238657     cutoff  148      1800.68300 1281.92864  28.8%   3.7 4013s
 337875 239344     cutoff  133      1800.68300 1282.03126  28.8%   3.7 4039s
 337966 239360     cutoff  145      1800.68300 1282.07665  28.8%   3.7 4040s
 338952 240482 1569.47509   79   25 1800.68300 1282.18903  28.8%   3.8 4067s
 340260 241192 1482.14174  151   22 1800.68300 1282.22667  28.8%   3.8 4097s
 341397 242152 1455.48687   56    6 1800.68300 1282.27625  28.8%   3.8 4125s
 342644 242924 1779.91891   95    - 1800.68300 1282.34971  28.8%   3.8 4149s
 343607 243415 1708.87727  107    8 1800.68300 1282.46058  28.8%   3.8 4176s
 344286 244487 1769.21515  109    8 1800.68300 1282.54075  28.8%   3.8 4198s
 345614 245379     cutoff  161      1800.68300 1282.69044  28.8%   3.8 4236s
 346776 246152 1433.65273   78   15 1800.68300 1282.82313  28.8%   3.8 4272s
 347893 246831 infeasible  128      1800.68300 1282.82313  28.8%   3.8 4308s
 348875 247765 1375.87849   53    6 1800.68300 1282.83697  28.8%   3.8 4333s
 350111 248400 1588.43653   57   10 1800.68300 1282.83697  28.8%   3.8 4362s
 351155 249358     cutoff  114      1800.68300 1282.86637  28.8%   3.8 4385s
 352404 250413     cutoff  119      1800.68300 1283.18925  28.7%   3.8 4412s
 353778 251293 infeasible   92      1800.68300 1283.26368  28.7%   3.8 4444s
 353888 251300 1649.06354   96    6 1800.68300 1283.26375  28.7%   3.8 4445s
 355000 252264 1415.21129  131    6 1800.68300 1283.32138  28.7%   3.8 4473s
 356266 253158     cutoff  166      1800.68300 1283.42554  28.7%   3.8 4498s
 357405 254179 1383.77637  134   15 1800.68300 1283.50838  28.7%   3.8 4528s
 358777 254824 1628.28465  159    6 1800.68300 1283.67704  28.7%   3.8 4558s
 359841 255509 1736.64382  146   14 1800.68300 1283.76741  28.7%   3.8 4594s
 360843 256087 1708.90457   82    - 1800.68300 1283.76741  28.7%   3.8 4633s
 361838 256852 1776.09209  101    8 1800.68300 1283.76741  28.7%   3.8 4665s
 362915 257687 1772.11851  114    8 1800.68300 1283.90211  28.7%   3.8 4692s
 364116 258441     cutoff  141      1800.68300 1283.94421  28.7%   3.8 4733s
 365239 259503 1347.99823   48   12 1800.68300 1284.21695  28.7%   3.8 4768s
 366561 260241     cutoff  113      1800.68300 1284.37170  28.7%   3.8 4805s
 367677 261308 1473.69291   69    6 1800.68300 1284.41204  28.7%   3.8 4837s
 368881 261881     cutoff  119      1800.68300 1284.49812  28.7%   3.8 4861s
 369594 262786 1372.83070   44    8 1800.68300 1284.53660  28.7%   3.8 4897s
 370865 263901     cutoff  135      1800.68300 1284.66634  28.7%   3.8 4931s
 372189 265043 1719.03287  137    - 1800.68300 1284.80901  28.6%   3.8 4956s
 373627 266204     cutoff  137      1800.68300 1284.96560  28.6%   3.8 4986s
 375049 266983 1574.16827   93    6 1800.68300 1285.04527  28.6%   3.8 5018s
 376187 267657 1582.89586  106    - 1800.68300 1285.21859  28.6%   3.8 5054s
 377316 268595 1592.83071  106    6 1800.68300 1285.29480  28.6%   3.8 5082s
 378518 269532 1402.02168  143   20 1800.68300 1285.35841  28.6%   3.8 5112s
 379729 270444 1330.79587   45   15 1800.68300 1285.51410  28.6%   3.8 5146s
 380907 271203     cutoff  139      1800.68300 1285.56308  28.6%   3.8 5180s
 382027 271923 1428.66408  110   28 1800.68300 1285.73939  28.6%   3.8 5216s
 383017 272731     cutoff  159      1800.68300 1285.81423  28.6%   3.8 5254s
 384025 272851 1686.10427  115    9 1800.68300 1285.85343  28.6%   3.8 5255s
 384161 273464 1365.46517  120    8 1800.68300 1285.89845  28.6%   3.8 5290s
 385256 274349     cutoff  148      1800.68300 1285.97831  28.6%   3.8 5335s
 386376 275353 1783.74949  129    6 1800.68300 1286.00247  28.6%   3.8 5376s
 387650 276317 1333.10288   45    9 1800.68300 1286.07927  28.6%   3.8 5411s
 388863 277237 1399.82956   47    6 1800.68300 1286.22672  28.6%   3.8 5443s
 390082 278033 infeasible  164      1800.68300 1286.28592  28.6%   3.8 5494s
 391154 278645     cutoff  139      1800.68300 1286.37429  28.6%   3.8 5547s
 392124 279529 1615.40700   65    6 1800.68300 1286.45920  28.6%   3.8 5581s
 393284 279937 1786.41376   88    6 1800.68300 1286.45920  28.6%   3.8 5610s
 393748 280576     cutoff   97      1800.68300 1286.45920  28.6%   3.8 5659s
 394803 281587 1357.04911  122   19 1800.68300 1286.65106  28.5%   3.8 5700s
 396122 282131 1749.32069  135    8 1800.68300 1286.73876  28.5%   3.8 5738s
 397155 283154 1480.17034   52   10 1800.68300 1286.84080  28.5%   3.8 5774s
 398289 283289     cutoff  109      1800.68300 1286.94608  28.5%   3.8 5775s
 398454 283984 1724.78544   87    8 1800.68300 1286.95710  28.5%   3.8 5805s
 399577 285035 1779.39855   90    8 1800.68300 1286.99301  28.5%   3.8 5836s
 400935 285982     cutoff   93      1800.68300 1287.11766  28.5%   3.8 5868s
 402194 286899     cutoff  100      1800.68300 1287.21791  28.5%   3.8 5907s
 403416 287800 1446.78214   65    8 1800.68300 1287.32614  28.5%   3.8 5943s
 404634 288718     cutoff   95      1800.68300 1287.45002  28.5%   3.8 5982s
 405884 289587 1640.17530  126    6 1800.68300 1287.62282  28.5%   3.8 6020s
 407112 290603 1716.83087  131   21 1800.68300 1287.78160  28.5%   3.8 6054s
 408399 291791 1796.56258  135    8 1800.68300 1287.87051  28.5%   3.8 6081s
 409701 292782     cutoff  146      1800.68300 1287.92962  28.5%   3.8 6116s
 410980 293605 1442.07710   69   10 1800.68300 1288.04426  28.5%   3.8 6152s
 412050 294796 1736.02301   97    8 1800.68300 1288.15573  28.5%   3.8 6183s
 413503 295873     cutoff  150      1800.68300 1288.29320  28.5%   3.8 6213s
 414808 296922     cutoff  131      1800.68300 1288.38606  28.5%   3.8 6248s
 416103 297914 infeasible  131      1800.68300 1288.51511  28.4%   3.8 6281s
 417367 298643     cutoff  122      1800.68300 1288.58852  28.4%   3.8 6318s
 418385 299469 1401.32694   57    8 1800.68300 1288.65169  28.4%   3.8 6350s
 419454 300067 1376.71772   95   10 1800.68300 1288.71250  28.4%   3.8 6384s
 420453 301148     cutoff  146      1800.68300 1288.75432  28.4%   3.8 6418s
 421750 302178     cutoff  137      1800.68300 1288.89453  28.4%   3.8 6449s
 422642 302232 1435.24364   69    6 1800.68300 1288.95820  28.4%   3.8 6450s
 422937 303287     cutoff  106      1800.68300 1288.99976  28.4%   3.8 6480s
 424295 303804 1372.26987  116   22 1800.68300 1289.07523  28.4%   3.8 6504s
 424689 303840 1500.37091   68    6 1800.68300 1289.07587  28.4%   3.8 6505s
 424868 304835 1428.71369  147    9 1800.68300 1289.07587  28.4%   3.8 6533s
 426225 306038     cutoff  149      1800.68300 1289.16474  28.4%   3.8 6559s
 427631 306592 1684.63243  158   15 1800.68300 1289.25754  28.4%   3.8 6598s
 428576 307381 1415.72768   71    6 1800.68300 1289.32957  28.4%   3.8 6633s
 429697 308071 1505.38972   72   11 1800.68300 1289.34868  28.4%   3.8 6676s
 430804 309218 1778.96233  161   10 1800.68300 1289.42619  28.4%   3.8 6705s
 432209 310046 infeasible  161      1800.68300 1289.47216  28.4%   3.8 6740s
 433361 310740 1296.49902   67   10 1800.68300 1289.55976  28.4%   3.8 6787s
 434378 311836     cutoff  144      1800.68300 1289.59025  28.4%   3.8 6819s
 435695 312797 1333.25515   50   11 1800.68300 1289.68029  28.4%   3.8 6861s
 436885 313552     cutoff  157      1800.68300 1289.79723  28.4%   3.8 6907s
 437984 314422     cutoff  130      1800.68300 1289.83512  28.4%   3.8 6938s
 439152 315188 infeasible  167      1800.68300 1289.91089  28.4%   3.8 6980s
 440260 316084 1738.14436   74   10 1800.68300 1290.02554  28.4%   3.8 7016s
 441480 316839 1745.66784   89   16 1800.68300 1290.06766  28.4%   3.8 7055s
 442594 317791 1503.24794   85    8 1800.68300 1290.13763  28.4%   3.8 7094s
 443177 317847     cutoff  133      1800.68300 1290.13763  28.4%   3.8 7095s
 443736 318645 1591.40399   95    6 1800.68300 1290.22028  28.3%   3.8 7128s
 444869 319467 1784.35033  135    6 1800.68300 1290.34654  28.3%   3.8 7157s
 445906 320473 1358.22905  111   13 1800.68300 1290.41683  28.3%   3.8 7191s
 447237 320660     cutoff  142      1800.68300 1290.52602  28.3%   3.8 7200s

Cutting planes:
  Gomory: 5
  MIR: 1
  Zero half: 6
  Lazy constraints: 41416

Explored 447425 nodes (1704006 simplex iterations) in 7201.54 seconds
Thread count was 12 (of 12 available processors)

Solution count 2: 1800.68 2400.68 

Time limit reached
Best objective 1.800683003835e+03, best bound 1.290526020517e+03, gap 28.3313%

User-callback calls 2735422, time in user-callback 7.07 sec
/projects/academic/josewalt/caigao/RRARP_BD/BendersDecomp/ret/model_outs/n_23_h_5_algo_2.out
 =====>>>>> Solution is written to file in <../ret/model_outs> !!!
===>> All Done!
