NPROCS=0
This instance is clustered!
Gurobi Optimizer version 9.0.0 build v9.0.0rc2 (linux64)
Optimize a model with 32 rows, 257 columns and 512 nonzeros
Model fingerprint: 0x2198070c
Variable types: 1 continuous, 256 integer (256 binary)
Coefficient statistics:
  Matrix range     [1e+00, 1e+00]
  Objective range  [1e+00, 2e+02]
  Bounds range     [1e+00, 1e+00]
  RHS range        [1e+00, 1e+00]
Presolve removed 2 rows and 45 columns
Presolve time: 0.00s
Presolved: 30 rows, 212 columns, 422 nonzeros
Variable types: 1 continuous, 211 integer (211 binary)

Root relaxation: objective 3.178275e+02, 21 iterations, 0.00 seconds

    Nodes    |    Current Node    |     Objective Bounds      |     Work
 Expl Unexpl |  Obj  Depth IntInf | Incumbent    BestBd   Gap | It/Node Time

     0     0  399.04620    0   16          -  399.04620      -     -    0s
     0     0  432.03000    0   10          -  432.03000      -     -    0s
     0     0  460.58054    0   33          -  460.58054      -     -    0s
H    0     0                     579.4715238  460.58054  20.5%     -    0s
     0     2  460.58054    0   33  579.47152  460.58054  20.5%     -    0s
  9271  3144  530.17605   24   12  579.47152  505.41477  12.8%   3.7    5s
 17438  6021  535.15515   25   28  579.47152  521.88462  9.94%   3.9   10s
 22582  7554  542.68760   30   16  579.47152  528.76530  8.75%   4.0   15s
 26292  8467  550.22828   22    7  579.47152  533.09816  8.00%   4.1   20s
 29075  9194     cutoff   30       579.47152  535.36233  7.61%   4.1   25s
 32269  9894     cutoff   28       579.47152  537.72208  7.20%   4.1   31s
 34597 10380     cutoff   21       579.47152  540.07256  6.80%   4.1   35s
 36926 10738     cutoff   41       579.47152  541.40938  6.57%   4.2   40s
 39273 11144  571.40381   35    9  579.47152  543.17637  6.26%   4.2   46s
 40905 11361  568.99142   34    9  579.47152  544.19423  6.09%   4.2   50s
 42588 11520  560.28807   26   15  579.47152  545.36188  5.89%   4.2   55s
 44299 11742  557.66747   22   11  579.47152  546.17365  5.75%   4.2   60s
 45998 11913  560.41850   31   18  579.47152  547.22098  5.57%   4.2   65s
 47714 12006     cutoff   35       579.47152  548.62975  5.32%   4.2   70s
 49386 12165     cutoff   29       579.47152  549.39972  5.19%   4.2   76s
 51080 12235     cutoff   38       579.47152  550.14895  5.06%   4.2   81s
 52781 12307     cutoff   41       579.47152  551.58872  4.81%   4.2   87s
 54485 12355     cutoff   43       579.47152  552.62030  4.63%   4.2   93s
 55363 12390  556.47676   39   11  579.47152  552.88314  4.59%   4.2   96s
 57122 12402     cutoff   24       579.47152  553.83608  4.42%   4.2  103s
 58017 12365     cutoff   32       579.47152  554.20434  4.36%   4.2  106s
 58911 12324  574.47634   33   18  579.47152  554.55032  4.30%   4.2  110s
 60656 12188  562.95033   25   19  579.47152  555.55216  4.13%   4.2  117s
 61510 12141     cutoff   38       579.47152  555.67865  4.11%   4.2  120s
 63366 12076  567.58723   32    8  579.47152  557.54654  3.78%   4.2  127s
 64257 12022     cutoff   35       579.47152  557.91709  3.72%   4.3  130s
 66059 11847     cutoff   34       579.47152  558.94700  3.54%   4.3  139s
 66944 11706  561.65271   27    6  579.47152  559.40758  3.46%   4.3  143s
 67884 11596  572.56963   29   26  579.47152  559.80867  3.39%   4.3  147s
 68788 11483  575.13815   25   20  579.47152  560.52321  3.27%   4.3  151s
 69689 11318     cutoff   36       579.47152  560.94460  3.20%   4.3  156s
 70598 11157     cutoff   38       579.47152  561.19382  3.15%   4.3  160s
 72460 10854     cutoff   30       579.47152  562.33862  2.96%   4.3  169s
 73411 10646  575.76191   28   14  579.47152  562.92955  2.85%   4.3  173s
 74352 10427     cutoff   33       579.47152  563.45131  2.76%   4.3  178s
 75256 10188  577.54252   29   16  579.47152  563.91537  2.68%   4.3  182s
 76208  9982     cutoff   27       579.47152  564.59421  2.57%   4.3  187s
 77166  9801     cutoff   31       579.47152  565.19517  2.46%   4.3  193s
 78139  9528  574.04711   32   15  579.47152  565.64911  2.39%   4.3  198s
 79066  9267  578.31373   33   24  579.47152  566.26729  2.28%   4.3  204s
 80062  8965     cutoff   26       579.47152  566.55072  2.23%   4.3  210s
 81044  8678     cutoff   29       579.47152  567.32692  2.10%   4.3  215s
 82001  8333  579.24654   23    8  579.47152  567.95826  1.99%   4.3  221s
 82972  8011     cutoff   28       579.47152  568.34985  1.92%   4.3  227s
 83901  7630     cutoff   27       579.47152  569.04484  1.80%   4.3  233s
 84878  7208     cutoff   29       579.47152  569.61731  1.70%   4.3  239s
 85833  6765     cutoff   34       579.47152  570.11628  1.61%   4.3  244s
 86647  6845     cutoff   33       579.47152  570.25246  1.59%   4.3  245s
 86812  6332     cutoff   31       579.47152  570.76654  1.50%   4.3  251s
 87809  5819  577.35550   35   18  579.47152  571.60864  1.36%   4.3  257s
 88813  5285     cutoff   27       579.47152  572.35416  1.23%   4.3  263s
 89808  4765  576.51846   28   22  579.47152  572.94029  1.13%   4.3  269s
 90832  4196     cutoff   26       579.47152  573.42884  1.04%   4.3  275s
 91838  3567     cutoff   26       579.47152  574.20445  0.91%   4.3  282s
 92830  2883     cutoff   25       579.47152  574.79339  0.81%   4.3  288s
 93838  2194     cutoff   28       579.47152  575.82456  0.63%   4.3  295s
 94758  1401     cutoff   26       579.47152  576.62782  0.49%   4.4  302s
 95689   543     cutoff   26       579.47152  577.38306  0.36%   4.4  308s
 96646     0     cutoff   39       579.47152  577.96390  0.26%   4.4  313s

Cutting planes:
  Gomory: 4
  Zero half: 4
  Lazy constraints: 13439

Explored 97249 nodes (424980 simplex iterations) in 313.82 seconds
Thread count was 12 (of 12 available processors)

Solution count 1: 579.472 

Optimal solution found (tolerance 1.00e-04)
Best objective 5.794715237666e+02, best bound 5.794715237666e+02, gap 0.0000%

User-callback calls 252286, time in user-callback 1.06 sec
/projects/academic/josewalt/caigao/RRARP_BD/BendersDecomp/ret/model_outs/n_14_m_4_algo_2.out
 =====>>>>> Solution is written to file in <../ret/model_outs> !!!
===>> All Done!
