NPROCS=0
This instance is clustered!
Gurobi Optimizer version 9.0.0 build v9.0.0rc2 (linux64)
Optimize a model with 52 rows, 677 columns and 1352 nonzeros
Model fingerprint: 0x8b8677f9
Variable types: 1 continuous, 676 integer (676 binary)
Coefficient statistics:
  Matrix range     [1e+00, 1e+00]
  Objective range  [1e+00, 7e+02]
  Bounds range     [1e+00, 1e+00]
  RHS range        [1e+00, 1e+00]
Presolve removed 2 rows and 75 columns
Presolve time: 0.01s
Presolved: 50 rows, 602 columns, 1202 nonzeros
Variable types: 1 continuous, 601 integer (601 binary)

Root relaxation: objective 1.437203e+03, 50 iterations, 0.00 seconds

    Nodes    |    Current Node    |     Objective Bounds      |     Work
 Expl Unexpl |  Obj  Depth IntInf | Incumbent    BestBd   Gap | It/Node Time

     0     0 1752.28332    0   26          - 1752.28332      -     -    0s
     0     0 1810.88827    0   24          - 1810.88827      -     -    0s
     0     2 1820.70015    0   46          - 1820.70015      -     -    0s
H 1842  1526                    3344.5966256 1830.80500  45.3%   5.7    0s
H 1842  1450                    3060.2742065 1830.80500  40.2%   5.7    0s
H 1843  1377                    2453.2148094 1833.19332  25.3%   5.7    0s
H 1893  1343                    2410.6591495 1867.87998  22.5%   6.0    1s
 10809  6600 2350.37737  104   13 2410.65915 1962.49674  18.6%   6.9    5s
 24260 16967     cutoff   61      2410.65915 1987.30292  17.6%   6.7   10s
 38056 27532 2071.63528   28   44 2410.65915 2002.33020  16.9%   6.6   15s
 47801 34331 2371.07428   82   20 2410.65915 2010.46392  16.6%   6.6   20s
 55527 39632     cutoff   41      2410.65915 2015.65556  16.4%   6.6   25s
 62860 44681 2111.03802   25   28 2410.65915 2020.22339  16.2%   6.6   30s
 69915 49904 2326.71190   61   31 2410.65915 2024.55903  16.0%   6.6   35s
H75393 53095                    2400.3500230 2027.78060  15.5%   6.6   39s
 76271 53118 2102.45025   61   24 2400.35002 2028.02186  15.5%   6.6   94s
H76272 50463                    2389.8108733 2028.02186  15.1%   6.6   95s
 76279 50467 2223.00380   36   65 2389.81087 2028.02186  15.1%   6.6  100s
 76282 50469 2188.28005   45   65 2389.81087 2028.02186  15.1%   6.6  105s
 76284 50471 2214.44977   47   65 2389.81087 2028.02186  15.1%   6.6  177s
 76285 50474 2028.02186   21   60 2389.81087 2028.02186  15.1%   6.6  180s
 76364 50536 2028.02186   27   27 2389.81087 2028.02186  15.1%   6.7  185s
 77375 50987 2205.92936   72   47 2389.81087 2028.02186  15.1%   6.7  190s
 79622 51996 2046.60658   45   44 2389.81087 2028.02186  15.1%   6.8  195s
 83049 53456 2242.87551  114   46 2389.81087 2028.02186  15.1%   6.8  200s
 87580 55506 2324.49066   71   51 2389.81087 2028.02186  15.1%   6.8  205s
 89729 56523 2028.02186   38   15 2389.81087 2028.02186  15.1%   6.8  210s
 94448 58809     cutoff   83      2389.81087 2028.02186  15.1%   6.8  215s
 99748 60742 2215.13908   84   14 2389.81087 2028.02186  15.1%   6.8  220s
 101908 61645 2039.17271   38   29 2389.81087 2028.02186  15.1%   6.8  225s
 106583 63755 2242.97184   45   14 2389.81087 2028.02186  15.1%   6.8  230s
 112704 66147 infeasible   75      2389.81087 2028.02186  15.1%   6.8  236s
 117279 67723     cutoff   53      2389.81087 2028.02186  15.1%   6.8  241s
 120718 68957     cutoff   77      2389.81087 2028.02186  15.1%   6.8  245s
 125485 70870     cutoff   69      2389.81087 2028.02186  15.1%   6.8  250s
 129580 72222 2306.22450   60   39 2389.81087 2028.02186  15.1%   6.9  256s
 132989 73624 2330.58318   74   13 2389.81087 2028.83271  15.1%   6.9  260s
 136142 74139 2230.65774   78   29 2389.81087 2030.66575  15.0%   6.9  265s
 140127 76138 2360.54985   63   15 2389.81087 2033.44154  14.9%   6.9  271s
 144098 77435 infeasible   67      2389.81087 2035.74862  14.8%   6.9  276s
 147626 78470     cutoff   51      2389.81087 2037.65173  14.7%   6.9  281s
 151540 79807 2381.98131   71    9 2389.81087 2039.44155  14.7%   6.9  286s
 154838 80848     cutoff   56      2389.81087 2041.17849  14.6%   6.9  291s
 158544 82086     cutoff   89      2389.81087 2043.26851  14.5%   6.9  296s
 161602 83333 2194.23186   60   19 2389.81087 2044.76260  14.4%   6.9  300s
 165245 84448 2200.35038   54    9 2389.81087 2046.12491  14.4%   7.0  306s
 167414 85533     cutoff   78      2389.81087 2046.90468  14.3%   7.0  310s
 171309 86496     cutoff  104      2389.81087 2048.87032  14.3%   7.0  315s
 173228 87105 2380.08436   77   26 2389.81087 2049.30954  14.2%   7.0  320s
 176334 88134 2147.98282   32   35 2389.81087 2051.17370  14.2%   7.0  325s
 179778 89548 2251.77152   54   23 2389.81087 2052.56342  14.1%   7.0  331s
 182232 90204 2258.66274   47   13 2389.81087 2053.32665  14.1%   7.0  336s
 183418 89878     cutoff   58      2389.81087 2054.00362  14.1%   7.0  341s
 184529 90477 2279.11684   57   38 2389.81087 2054.41009  14.0%   7.0  346s
 186346 91402     cutoff   38      2389.81087 2055.01676  14.0%   7.0  350s
 188974 92205     cutoff   68      2389.81087 2055.91481  14.0%   7.0  355s
 191443 93015     cutoff   48      2389.81087 2056.88130  13.9%   7.0  360s
 195049 94311 2190.81386   61   29 2389.81087 2057.95031  13.9%   7.0  366s
 197483 94764 2332.75261   54   16 2389.81087 2058.62868  13.9%   7.1  371s
 199902 95551 2333.49785   78   37 2389.81087 2059.67699  13.8%   7.1  375s
 202386 96255     cutoff   59      2389.81087 2060.55381  13.8%   7.1  380s
 204878 96675 2319.19331   37   17 2389.81087 2061.41087  13.7%   7.1  385s
 206689 97632     cutoff  106      2389.81087 2061.76143  13.7%   7.1  390s
 209283 98525     cutoff   50      2389.81087 2062.73620  13.7%   7.1  395s
 211616 99096     cutoff   61      2389.81087 2063.39947  13.7%   7.1  400s
 213766 99914 2185.68962   38   10 2389.81087 2064.07531  13.6%   7.1  405s
 216297 100828     cutoff   74      2389.81087 2064.84217  13.6%   7.1  410s
 218853 101737     cutoff   86      2389.81087 2065.51427  13.6%   7.1  415s
 222527 103017     cutoff   72      2389.81087 2066.70207  13.5%   7.1  422s
 224749 103577     cutoff   63      2389.81087 2067.31077  13.5%   7.1  427s
 225594 104200     cutoff   50      2389.81087 2067.48495  13.5%   7.1  430s
 227921 104931 2173.60895   47   37 2389.81087 2068.35412  13.5%   7.1  435s
 230869 106710 2255.75032   63   39 2389.81087 2069.22518  13.4%   7.1  442s
 232088 107440 2332.06748   79   33 2389.81087 2069.45847  13.4%   7.1  445s
 234524 108950     cutoff   79      2389.81087 2070.06247  13.4%   7.1  451s
 236845 110504     cutoff   79      2389.81087 2070.68323  13.4%   7.1  456s
 239162 111858 2388.83874   62   44 2389.81087 2071.42052  13.3%   7.1  461s
 241377 113386 2349.29346   68   12 2389.81087 2072.04564  13.3%   7.2  467s
 242510 113979 infeasible   65      2389.81087 2072.38255  13.3%   7.2  470s
 244904 115320     cutoff   62      2389.81087 2072.90737  13.3%   7.2  475s
 246638 116172 infeasible   65      2389.81087 2073.28248  13.2%   7.2  480s
 248636 117947 2186.21831   35   34 2389.81087 2073.78155  13.2%   7.2  487s
 250034 118684 2208.41140   52   22 2389.81087 2074.21295  13.2%   7.2  490s
 252346 120135 2298.24898   43   27 2389.81087 2074.65750  13.2%   7.2  497s
 253643 120797     cutoff   67      2389.81087 2075.09205  13.2%   7.2  500s
 255998 122234 2261.90420   69    4 2389.81087 2075.64951  13.1%   7.2  506s
 257274 122840     cutoff   76      2389.81087 2075.88911  13.1%   7.2  510s
 259516 124087 infeasible   51      2389.81087 2076.73842  13.1%   7.2  516s
 261884 125580     cutoff   70      2389.81087 2077.29643  13.1%   7.2  523s
 262980 126389 infeasible   72      2389.81087 2077.49508  13.1%   7.2  526s
 265259 127952 infeasible   77      2389.81087 2078.04563  13.0%   7.2  532s
 266613 128472 2317.15596   63   24 2389.81087 2078.34328  13.0%   7.2  535s
 268703 129499     cutoff   70      2389.81087 2078.69802  13.0%   7.2  541s
 269647 129528 2273.72626   54   29 2389.81087 2078.85194  13.0%   7.2  550s
 270325 129932 2363.31831   48   41 2389.81087 2079.00939  13.0%   7.2  565s
 271023 131115 2332.39504   70   14 2389.81087 2079.27902  13.0%   7.2  573s
 272277 131945     cutoff   74      2389.81087 2079.53780  13.0%   7.3  576s
 273666 132704     cutoff   68      2389.81087 2080.04498  13.0%   7.3  580s
 276402 134518     cutoff   56      2389.81087 2080.55865  12.9%   7.3  586s
 278932 135830 2327.45457   73    6 2389.81087 2081.09131  12.9%   7.3  592s
 280257 136397 infeasible   60      2389.81087 2081.31712  12.9%   7.3  595s
 282706 137719 2215.57385   53   31 2389.81087 2081.69847  12.9%   7.3  601s
 283667 138385 infeasible   57      2389.81087 2082.08001  12.9%   7.3  605s
 286037 139963 2191.09262   59   34 2389.81087 2082.58081  12.9%   7.3  611s
 288517 141175 2365.29020   74   19 2389.81087 2082.94097  12.8%   7.3  617s
 289634 141699 infeasible   64      2389.81087 2083.25555  12.8%   7.3  620s
 291969 143093     cutoff   44      2389.81087 2083.75858  12.8%   7.3  627s
 293204 143741 2363.09750   77   15 2389.81087 2083.94004  12.8%   7.3  630s
 295633 144956 2316.90533   77    - 2389.81087 2084.55798  12.8%   7.3  637s
 296593 145393 2278.72701   55   17 2389.81087 2084.74570  12.8%   7.3  640s
 298820 146746 2386.19470   55   13 2389.81087 2085.07642  12.8%   7.3  646s
 300040 147574 2224.62956   50   29 2389.81087 2085.43838  12.7%   7.3  650s
 302561 149153 infeasible   77      2389.81087 2085.85375  12.7%   7.3  657s
 303761 150092     cutoff   53      2389.81087 2086.11389  12.7%   7.3  661s
 305249 150624 2339.59188   55    - 2389.81087 2086.35647  12.7%   7.3  665s
 307441 152139     cutoff   67      2389.81087 2086.78270  12.7%   7.3  673s
 308790 152937 2327.56483   71   10 2389.81087 2086.95626  12.7%   7.3  676s
 310048 153624 2162.82356   60   42 2389.81087 2087.30998  12.7%   7.3  680s
 312423 154915     cutoff   60      2389.81087 2087.72647  12.6%   7.4  687s
 313523 155503     cutoff   66      2389.81087 2087.95337  12.6%   7.4  692s
 314634 156158     cutoff   65      2389.81087 2088.15181  12.6%   7.4  696s
 315788 156951 2289.11362   46   25 2389.81087 2088.29493  12.6%   7.4  700s
 318224 158410     cutoff   78      2389.81087 2088.73270  12.6%   7.4  707s
 319569 159154 2161.36880   44   29 2389.81087 2088.93128  12.6%   7.4  711s
 322081 160511     cutoff   98      2389.81087 2089.45071  12.6%   7.4  718s
 323017 161143 infeasible  104      2389.81087 2089.61702  12.6%   7.4  722s
 324032 161688     cutoff   61      2389.81087 2089.82709  12.6%   7.4  726s
 325066 162501 infeasible   66      2389.81087 2089.95611  12.5%   7.4  730s
 327328 163813 2352.64671   51   14 2389.81087 2090.44152  12.5%   7.4  738s
 328459 164406 2274.47786   57   28 2389.81087 2090.60825  12.5%   7.4  741s
 329612 165194     cutoff   73      2389.81087 2090.78178  12.5%   7.4  746s
 330929 165932     cutoff   67      2389.81087 2091.13653  12.5%   7.4  750s
 333183 167370 2174.47379   55   15 2389.81087 2091.49979  12.5%   7.4  758s
 334485 168014     cutoff   65      2389.81087 2091.73554  12.5%   7.4  762s
 335583 168531 2347.10775   65   37 2389.81087 2091.89735  12.5%   7.4  766s
 336625 168962 2281.49663   64   21 2389.81087 2092.05705  12.5%   7.4  771s
 337512 169728     cutoff   48      2389.81087 2092.17998  12.5%   7.4  777s
 338805 170413 2288.35514   61    6 2389.81087 2092.46153  12.4%   7.4  782s
 340067 171255     cutoff   68      2389.81087 2092.71647  12.4%   7.4  786s
 342230 172524     cutoff   56      2389.81087 2093.09525  12.4%   7.4  793s
 343587 173202 2239.60639   78   36 2389.81087 2093.37850  12.4%   7.4  797s
 344835 173917 2212.81007   46   17 2389.81087 2093.62573  12.4%   7.4  801s
 346143 174648     cutoff   65      2389.81087 2093.78286  12.4%   7.4  805s
 348593 175917 2268.76994   45   19 2389.81087 2094.34364  12.4%   7.4  812s
 349554 176798     cutoff   64      2389.81087 2094.47332  12.4%   7.4  816s
 350967 177571 2363.68621   69   26 2389.81087 2094.76715  12.3%   7.4  820s
 352229 178205 2351.95757   64    - 2389.81087 2094.95128  12.3%   7.4  825s
 354550 179519 2375.22945   62   38 2389.81087 2095.45396  12.3%   7.4  833s
 355790 180313     cutoff   47      2389.81087 2095.71090  12.3%   7.4  837s
 357023 181061     cutoff   59      2389.81087 2095.91296  12.3%   7.4  840s
 359328 182059     cutoff   46      2389.81087 2096.36305  12.3%   7.5  849s
 360212 182713 2337.43030   66   23 2389.81087 2096.40669  12.3%   7.5  854s
 361303 183514     cutoff   79      2389.81087 2096.52545  12.3%   7.5  858s
 362656 184159 2194.12851   71   52 2389.81087 2096.79370  12.3%   7.5  862s
 363954 184855 infeasible   51      2389.81087 2096.98151  12.3%   7.5  866s
 365169 185499 2271.14371   60   28 2389.81087 2097.28956  12.2%   7.5  871s
 366405 185559     cutoff   54      2389.81087 2097.40942  12.2%   7.5  886s
 367237 186548 2317.30675   59   22 2389.81087 2097.52987  12.2%   7.5  893s
 368421 187251 infeasible   51      2389.81087 2097.70141  12.2%   7.5  897s
 369638 187893 infeasible   68      2389.81087 2097.95210  12.2%   7.5  903s
 370861 188546 2341.83475   51   26 2389.81087 2098.10914  12.2%   7.5  908s
 372078 189141     cutoff   81      2389.81087 2098.28959  12.2%   7.5  913s
 373365 189866     cutoff   64      2389.81087 2098.53130  12.2%   7.5  919s
 374502 190552 2318.96053   71   48 2389.81087 2098.77963  12.2%   7.5  925s
 375724 191153 2274.28696   56   17 2389.81087 2098.96927  12.2%   7.5  930s
 377124 191820 2268.60834   50   10 2389.81087 2099.16051  12.2%   7.5  936s
 378243 192268 2226.77019   57   36 2389.81087 2099.35405  12.2%   7.5  940s
 379067 193093 2317.15492   55   38 2389.81087 2099.43104  12.2%   7.5  946s
 380428 193894 2113.30800   57   41 2389.81087 2099.74108  12.1%   7.5  951s
 381838 194537 2295.13100   42   18 2389.81087 2099.95209  12.1%   7.5  956s
 383004 195215     cutoff   56      2389.81087 2100.08835  12.1%   7.5  961s
 384286 195927     cutoff   57      2389.81087 2100.28085  12.1%   7.5  965s
 385507 196601 2282.63744   72   38 2389.81087 2100.46963  12.1%   7.5  970s
 386717 197254     cutoff   46      2389.81087 2100.78215  12.1%   7.5  975s
 389010 198585     cutoff   93      2389.81087 2101.06086  12.1%   7.5  983s
 390276 199212 2179.57881   49   21 2389.81087 2101.24844  12.1%   7.5  987s
 391614 199985 2372.66860   62   24 2389.81087 2101.40407  12.1%   7.5  992s
 392878 200835 2193.64022   54   18 2389.81087 2101.72777  12.1%   7.5  996s
 394255 201452 infeasible   70      2389.81087 2101.90223  12.0%   7.5 1000s
 396361 202443 2355.84348   56   28 2389.81087 2102.26451  12.0%   7.5 1007s
 397147 203254     cutoff   57      2389.81087 2102.40507  12.0%   7.5 1012s
 398601 204020 2383.88915   58   17 2389.81087 2102.53799  12.0%   7.5 1016s
 399840 204656     cutoff   65      2389.81087 2102.74593  12.0%   7.5 1021s
 401132 205391 infeasible   56      2389.81087 2102.89267  12.0%   7.5 1025s
 402406 206097     cutoff   51      2389.81087 2103.06828  12.0%   7.5 1030s
 404999 207601 2346.66919   52   32 2389.81087 2103.42662  12.0%   7.5 1039s
 406358 208370 infeasible   58      2389.81087 2103.66102  12.0%   7.5 1043s
 407631 208912 2358.88119   56   39 2389.81087 2103.92223  12.0%   7.5 1047s
 408562 209756     cutoff   78      2389.81087 2104.00194  12.0%   7.5 1051s
 409935 210624 2293.81790   55   29 2389.81087 2104.21102  12.0%   7.5 1056s
 411293 211401     cutoff   68      2389.81087 2104.32588  11.9%   7.5 1061s
 412585 212072     cutoff   80      2389.81087 2104.50361  11.9%   7.5 1066s
 413763 212517     cutoff   64      2389.81087 2104.69021  11.9%   7.5 1072s
 414882 212988 2306.33820   59   18 2389.81087 2104.80378  11.9%   7.6 1076s
 415821 213561 2312.06135   75   37 2389.81087 2104.94688  11.9%   7.6 1082s
 416984 214414 2260.83665   41   19 2389.81087 2105.14928  11.9%   7.6 1087s
 418373 215137 2232.43720   58   23 2389.81087 2105.34854  11.9%   7.6 1093s
 419547 215656     cutoff   53      2389.81087 2105.54265  11.9%   7.6 1097s
 420540 216332     cutoff   64      2389.81087 2105.64699  11.9%   7.6 1103s
 421764 217025 2219.76047   44   43 2389.81087 2105.88326  11.9%   7.6 1108s
 422898 217708 2320.67812   63   31 2389.81087 2106.06312  11.9%   7.6 1114s
 424188 218511 2323.05386   58    8 2389.81087 2106.29346  11.9%   7.6 1119s
 425518 219179     cutoff   53      2389.81087 2106.48123  11.9%   7.6 1124s
 426707 219775     cutoff   74      2389.81087 2106.61724  11.9%   7.6 1128s
 427920 220150 2322.42419   62   27 2389.81087 2106.83600  11.8%   7.6 1133s
 428680 220800 infeasible   47      2389.81087 2106.88114  11.8%   7.6 1138s
 429786 221356 infeasible   82      2389.81087 2107.07300  11.8%   7.6 1145s
 430932 222117 infeasible   61      2389.81087 2107.21645  11.8%   7.6 1151s
 432215 223048     cutoff   73      2389.81087 2107.34204  11.8%   7.6 1155s
 433787 223757 infeasible   70      2389.81087 2107.60415  11.8%   7.6 1160s
 435136 224262 infeasible   60      2389.81087 2107.78525  11.8%   7.6 1165s
 436064 224970 2251.61796   58   18 2389.81087 2107.91030  11.8%   7.6 1170s
 437356 225591     cutoff   51      2389.81087 2108.13709  11.8%   7.6 1176s
 438621 226185 2120.85612   43    8 2389.81087 2108.22346  11.8%   7.6 1181s
 439680 226581 2355.91349   75   27 2389.81087 2108.33228  11.8%   7.6 1187s
 440507 226950 2331.14892   58   43 2389.81087 2108.46987  11.8%   7.6 1191s
H440767 226953                    2389.8108337 2108.49281  11.8%   7.6 1191s
 441329 227393     cutoff   66      2389.81083 2108.57789  11.8%   7.6 1196s
 442239 227760 2249.11654   44   15 2389.81083 2108.66212  11.8%   7.6 1201s
 443281 228209 2321.04992   47   42 2389.81083 2108.83898  11.8%   7.6 1205s
 444236 228231 2325.91658   59    6 2389.81083 2108.96990  11.8%   7.6 1215s
 444286 228731 2342.06626   60    6 2389.81083 2108.98877  11.8%   7.6 1220s
 445230 229199 2378.61689   60   21 2389.81083 2109.08812  11.7%   7.6 1225s
 446253 229689     cutoff   72      2389.81083 2109.21163  11.7%   7.6 1230s
 447267 230546     cutoff   62      2389.81083 2109.32578  11.7%   7.6 1236s
 448769 231445     cutoff   62      2389.81083 2109.49547  11.7%   7.6 1242s
 450314 232239 2256.55839   48   17 2389.81083 2109.71968  11.7%   7.6 1249s
 451770 233106 infeasible   56      2389.81083 2109.81729  11.7%   7.6 1255s
 453249 233675 2347.65659   72   49 2389.81083 2110.07310  11.7%   7.6 1261s
 454308 234559 2191.29532   57   45 2389.81083 2110.22990  11.7%   7.6 1267s
 455885 235152     cutoff   60      2389.81083 2110.45124  11.7%   7.6 1274s
 457178 235907     cutoff   68      2389.81083 2110.64745  11.7%   7.6 1280s
 458541 236380 2298.51429   43   30 2389.81083 2110.79083  11.7%   7.6 1287s
 459609 237221     cutoff   70      2389.81083 2110.88673  11.7%   7.6 1293s
 461088 237991     cutoff   53      2389.81083 2111.11008  11.7%   7.6 1299s
 462469 238837     cutoff   76      2389.81083 2111.29465  11.7%   7.6 1305s
 463893 239587 2118.43178   45   37 2389.81083 2111.49738  11.6%   7.6 1311s
 465175 239947 2316.56477   54    9 2389.81083 2111.65509  11.6%   7.6 1316s
 466065 240883 infeasible   57      2389.81083 2111.76324  11.6%   7.6 1322s
 467623 241624 2185.09240   41   10 2389.81083 2111.93275  11.6%   7.6 1327s
 468910 242136 infeasible   56      2389.81083 2112.06884  11.6%   7.6 1333s
 470006 242672 2387.71011   62   29 2389.81083 2112.16104  11.6%   7.6 1338s
 470994 243403     cutoff   54      2389.81083 2112.28239  11.6%   7.6 1344s
 472316 244076     cutoff   57      2389.81083 2112.41376  11.6%   7.6 1350s
 473478 244672 2293.35673   61   38 2389.81083 2112.55741  11.6%   7.6 1356s
 474618 245181 2357.05652   59   34 2389.81083 2112.71174  11.6%   7.6 1361s
 475568 245595 2372.06418   74   48 2389.81083 2112.85527  11.6%   7.6 1367s
 476399 246147 2350.33778   65    - 2389.81083 2112.90766  11.6%   7.7 1372s
 477444 246847     cutoff   65      2389.81083 2113.06302  11.6%   7.7 1379s
 478848 247614     cutoff   77      2389.81083 2113.22040  11.6%   7.7 1385s
 480220 248254 2330.83392   38   30 2389.81083 2113.39588  11.6%   7.7 1391s
 481375 248624     cutoff   59      2389.81083 2113.60074  11.6%   7.7 1398s
 482402 249218     cutoff   57      2389.81083 2113.66457  11.6%   7.7 1404s
 483600 249757     cutoff   79      2389.81083 2113.85137  11.5%   7.7 1410s
 484595 250480 infeasible   59      2389.81083 2113.96544  11.5%   7.7 1417s
 485912 251252     cutoff   76      2389.81083 2114.10148  11.5%   7.7 1425s
 487294 252002     cutoff   49      2389.81083 2114.27969  11.5%   7.7 1433s
 488660 252744 2331.83035   73   34 2389.81083 2114.38696  11.5%   7.7 1441s
 490126 253553     cutoff   63      2389.81083 2114.57175  11.5%   7.7 1448s
 491508 254005     cutoff   87      2389.81083 2114.68466  11.5%   7.7 1456s
 492474 254631 2326.54121   69   22 2389.81083 2114.78832  11.5%   7.7 1463s
 493609 255321 2364.86457   58   11 2389.81083 2114.95688  11.5%   7.7 1469s
 495016 256092     cutoff   68      2389.81083 2115.07984  11.5%   7.7 1473s
 496415 256648 2317.75043   63   39 2389.81083 2115.27751  11.5%   7.7 1479s
 497579 257194     cutoff   65      2389.81083 2115.38365  11.5%   7.7 1484s
 498552 257707     cutoff   46      2389.81083 2115.48278  11.5%   7.7 1489s
 499678 258557     cutoff   67      2389.81083 2115.57443  11.5%   7.7 1494s
 501121 259257     cutoff   51      2389.81083 2115.75820  11.5%   7.7 1500s
 503550 260410     cutoff   74      2389.81083 2116.04276  11.5%   7.7 1510s
 504749 260895 2333.63373   50    6 2389.81083 2116.12861  11.5%   7.7 1515s
 506904 262259 2247.10092   58   46 2389.81083 2116.38129  11.4%   7.7 1526s
 508376 262843     cutoff   47      2389.81083 2116.47435  11.4%   7.7 1533s
 509547 263406 2225.89685   59   20 2389.81083 2116.62426  11.4%   7.7 1538s
 510525 264058 infeasible   85      2389.81083 2116.76776  11.4%   7.7 1545s
 511761 264768     cutoff   69      2389.81083 2116.89293  11.4%   7.7 1553s
 513113 265673     cutoff   91      2389.81083 2117.03059  11.4%   7.7 1560s
 514608 266123 2312.72917   54   25 2389.81083 2117.18613  11.4%   7.7 1568s
 515828 266937     cutoff   54      2389.81083 2117.31567  11.4%   7.7 1575s
 517192 267490     cutoff   51      2389.81083 2117.48242  11.4%   7.7 1582s
 518470 268138     cutoff   68      2389.81083 2117.62297  11.4%   7.7 1590s
 519708 268636 2348.78650  105   30 2389.81083 2117.80495  11.4%   7.7 1595s
 520696 269199 2312.18223   53   25 2389.81083 2117.88428  11.4%   7.7 1602s
 521983 270066     cutoff   67      2389.81083 2118.03546  11.4%   7.7 1608s
 523424 270480 2375.73451   63   27 2389.81083 2118.23527  11.4%   7.7 1615s
 524266 271126 2279.91157   56   36 2389.81083 2118.31441  11.4%   7.7 1622s
 525676 271885     cutoff   57      2389.81083 2118.42137  11.4%   7.7 1628s
 527055 272454 2344.78864   61    4 2389.81083 2118.64174  11.3%   7.7 1634s
 528108 272987 infeasible   62      2389.81083 2118.77946  11.3%   7.7 1641s
 529264 273753 2350.30101   63   24 2389.81083 2118.86640  11.3%   7.7 1647s
 530528 274332     cutoff   58      2389.81083 2118.99911  11.3%   7.7 1652s
 531504 275134 2293.56167   60   21 2389.81083 2119.09600  11.3%   7.7 1659s
 532906 275882 2369.09237   60   16 2389.81083 2119.28988  11.3%   7.7 1666s
 534273 276718 2324.82398   52   32 2389.81083 2119.46369  11.3%   7.7 1672s
 535744 277271 2350.88453   55   12 2389.81083 2119.63561  11.3%   7.7 1680s
 536961 277318 2250.27555   52   38 2389.81083 2119.70076  11.3%   7.7 1697s
 537025 277828 2263.35487   53   25 2389.81083 2119.70994  11.3%   7.7 1703s
 537922 278571     cutoff   79      2389.81083 2119.79819  11.3%   7.7 1710s
 539242 279298     cutoff   55      2389.81083 2119.90199  11.3%   7.8 1717s
 540604 280081     cutoff   66      2389.81083 2120.10664  11.3%   7.8 1723s
 542074 280773 infeasible   74      2389.81083 2120.22970  11.3%   7.8 1730s
 543277 281220 2382.77901   91   16 2389.81083 2120.38346  11.3%   7.8 1737s
 544270 281856 infeasible   54      2389.81083 2120.49115  11.3%   7.8 1746s
 545506 282649 2228.27443   52   18 2389.81083 2120.60431  11.3%   7.8 1752s
 546960 282662     cutoff   62      2389.81083 2120.74004  11.3%   7.8 1764s
 547002 283180     cutoff   62      2389.81083 2120.75284  11.3%   7.8 1769s
 548011 283896 infeasible   54      2389.81083 2120.85089  11.3%   7.8 1775s
 549376 284611 2372.06982   53   28 2389.81083 2120.98379  11.2%   7.8 1781s
 550815 285164 2156.90497   43   21 2389.81083 2121.11646  11.2%   7.8 1786s
 551792 285917 2362.87428   52   24 2389.81083 2121.16287  11.2%   7.8 1792s
 553198 286617 2341.26981   72   29 2389.81083 2121.31531  11.2%   7.8 1798s
 554629 287423     cutoff   66      2389.81083 2121.46618  11.2%   7.8 1807s
 556071 287974 2226.20549   58   32 2389.81083 2121.62133  11.2%   7.8 1814s
 557272 288481 2350.51037   73   24 2389.81083 2121.74347  11.2%   7.8 1822s
 558187 289110 2339.48002   39    8 2389.81083 2121.88242  11.2%   7.8 1831s
 559570 289716 2378.87840   90   33 2389.81083 2121.94388  11.2%   7.8 1838s
 560839 290404 2340.62711   58   30 2389.81083 2122.11727  11.2%   7.8 1846s
 562133 290924     cutoff   42      2389.81083 2122.23234  11.2%   7.8 1852s
 563123 291673 infeasible   59      2389.81083 2122.30889  11.2%   7.8 1860s
 564473 292502     cutoff   54      2389.81083 2122.44802  11.2%   7.8 1866s
 565994 293306 2234.68395   47   17 2389.81083 2122.60999  11.2%   7.8 1873s
 567417 293762     cutoff   52      2389.81083 2122.78665  11.2%   7.8 1879s
 568376 294163     cutoff   58      2389.81083 2122.85326  11.2%   7.8 1886s
 569363 294764 2308.13202   50   37 2389.81083 2122.88858  11.2%   7.8 1892s
 570620 295440 infeasible   78      2389.81083 2123.01862  11.2%   7.8 1900s
 571886 296100 2319.91782   71   27 2389.81083 2123.15996  11.2%   7.8 1906s
 573048 296788 2146.04345   56   13 2389.81083 2123.25010  11.2%   7.8 1912s
 574433 297448 infeasible   74      2389.81083 2123.41291  11.1%   7.8 1918s
 575761 298235 infeasible   48      2389.81083 2123.53351  11.1%   7.8 1924s
 577180 298671 2204.69798   52   34 2389.81083 2123.74729  11.1%   7.8 1930s
 578170 299427 2308.93644   48   14 2389.81083 2123.81680  11.1%   7.8 1936s
 579659 299918     cutoff   55      2389.81083 2123.93474  11.1%   7.8 1944s
 580834 300538     cutoff   92      2389.81083 2124.01062  11.1%   7.8 1951s
 582089 301152 2142.16820   54   48 2389.81083 2124.21734  11.1%   7.8 1958s
 583351 301608     cutoff   59      2389.81083 2124.35288  11.1%   7.8 1965s
 584363 302152 2216.62933   39   35 2389.81083 2124.47372  11.1%   7.8 1972s
 585614 302932 infeasible   49      2389.81083 2124.56040  11.1%   7.8 1980s
 587010 303539 infeasible   49      2389.81083 2124.72421  11.1%   7.8 1986s
 588336 304067     cutoff   64      2389.81083 2124.83200  11.1%   7.8 1992s
 589338 304830 2292.94298   55   32 2389.81083 2124.92807  11.1%   7.8 1999s
 590758 305438 2282.26934   49   15 2389.81083 2125.07320  11.1%   7.8 2006s
 591966 306254 infeasible   55      2389.81083 2125.20078  11.1%   7.8 2011s
 593429 306665 2213.41314   57   47 2389.81083 2125.36391  11.1%   7.8 2017s
 594193 307264 2357.31654   47   14 2389.81083 2125.41232  11.1%   7.8 2023s
 595445 307944 2368.31882   60   24 2389.81083 2125.56114  11.1%   7.8 2029s
 596937 308617     cutoff   67      2389.81083 2125.69779  11.1%   7.8 2034s
 598113 309338     cutoff   59      2389.81083 2125.79674  11.0%   7.8 2041s
 599493 309894     cutoff   53      2389.81083 2125.95942  11.0%   7.8 2048s
 600608 310475     cutoff   60      2389.81083 2126.06570  11.0%   7.8 2053s
 601733 310938 2293.59877   50   17 2389.81083 2126.15175  11.0%   7.8 2058s
 603063 311704     cutoff   86      2389.81083 2126.28849  11.0%   7.8 2064s
 604436 312371 2312.41303   51   41 2389.81083 2126.40190  11.0%   7.8 2070s
 605776 313016 2171.03143   66   39 2389.81083 2126.51594  11.0%   7.8 2077s
 606928 313647     cutoff   46      2389.81083 2126.58442  11.0%   7.8 2085s
 608126 314236 2229.00271   62   26 2389.81083 2126.69979  11.0%   7.8 2093s
 609398 314782 infeasible   73      2389.81083 2126.77682  11.0%   7.8 2100s
 610507 315576 2282.33955   49   16 2389.81083 2126.87919  11.0%   7.8 2107s
 611986 316331 infeasible   73      2389.81083 2127.01182  11.0%   7.8 2114s
 613355 316960 2319.84021   77   43 2389.81083 2127.15084  11.0%   7.8 2121s
 614600 317449     cutoff   70      2389.81083 2127.25104  11.0%   7.8 2127s
 615703 318159 2294.06280   43   29 2389.81083 2127.34623  11.0%   7.8 2134s
 617048 318787 2308.03369   36   30 2389.81083 2127.45533  11.0%   7.8 2141s
 618277 319416 2236.58191   53   15 2389.81083 2127.61639  11.0%   7.8 2147s
 619461 320000 2374.06954   61   23 2389.81083 2127.68205  11.0%   7.8 2152s
 620495 320843     cutoff   59      2389.81083 2127.79510  11.0%   7.8 2163s
 621990 321572 2278.05973   45   16 2389.81083 2127.94368  11.0%   7.8 2170s
 623541 322105     cutoff   55      2389.81083 2128.05492  11.0%   7.8 2176s
 624883 322905 2233.63319   39   18 2389.81083 2128.17859  10.9%   7.8 2182s
 626224 323361 2322.62433   58   38 2389.81083 2128.31705  10.9%   7.9 2188s
 627276 323814 2310.63290   39   16 2389.81083 2128.41570  10.9%   7.9 2193s
 628353 324388     cutoff   47      2389.81083 2128.51241  10.9%   7.9 2199s
 629658 324943 2352.41831   54   41 2389.81083 2128.63814  10.9%   7.9 2205s
 630852 325655     cutoff   59      2389.81083 2128.73530  10.9%   7.9 2211s
 632278 326354     cutoff   74      2389.81083 2128.88314  10.9%   7.9 2217s
 633528 327050     cutoff   62      2389.81083 2128.97414  10.9%   7.9 2224s
 634898 327781 2386.37904   45   17 2389.81083 2129.10561  10.9%   7.9 2231s
 636384 328283     cutoff   72      2389.81083 2129.26050  10.9%   7.9 2236s
 637319 328928 2258.34912   84   33 2389.81083 2129.34631  10.9%   7.9 2243s
 638674 329460 2254.40446   46   25 2389.81083 2129.45942  10.9%   7.9 2250s
 639879 330106 2280.57781   61   42 2389.81083 2129.56937  10.9%   7.9 2256s
 641189 330511 2360.28852   85   37 2389.81083 2129.69296  10.9%   7.9 2263s
 642165 331023 infeasible   49      2389.81083 2129.74638  10.9%   7.9 2269s
 643346 331520     cutoff   63      2389.81083 2129.83272  10.9%   7.9 2276s
 644464 332154 2213.23072   50   23 2389.81083 2129.93191  10.9%   7.9 2282s
 645832 332955 2274.36041   58    8 2389.81083 2130.05906  10.9%   7.9 2289s
 647338 333797     cutoff   63      2389.81083 2130.17452  10.9%   7.9 2295s
 648800 334403 2333.92530   52   17 2389.81083 2130.26462  10.9%   7.9 2302s
 650035 334811     cutoff   48      2389.81083 2130.32255  10.9%   7.9 2308s
 650960 335319 2287.22814   63   33 2389.81083 2130.45133  10.9%   7.9 2314s
 651991 336164 2372.29031   59   22 2389.81083 2130.51420  10.9%   7.9 2320s
 653502 336647 2358.72787   44   20 2389.81083 2130.67451  10.8%   7.9 2327s
 654827 337295     cutoff   45      2389.81083 2130.79237  10.8%   7.9 2333s
 656147 338001 2376.86389   67   12 2389.81083 2130.89475  10.8%   7.9 2341s
 657644 338031 2332.86550   55   28 2389.81083 2130.99815  10.8%   7.9 2361s
 657673 338505     cutoff   56      2389.81083 2131.02615  10.8%   7.9 2367s
 658736 339167     cutoff   67      2389.81083 2131.10048  10.8%   7.9 2373s
 660128 339889     cutoff   57      2389.81083 2131.23557  10.8%   7.9 2380s
 661538 340508 2289.65040   50   24 2389.81083 2131.32363  10.8%   7.9 2387s
 662935 341035     cutoff   48      2389.81083 2131.40697  10.8%   7.9 2394s
 664194 341640 2336.79702   76   10 2389.81083 2131.53437  10.8%   7.9 2400s
 665382 342186 2288.37620   53   30 2389.81083 2131.64968  10.8%   7.9 2408s
 666396 342678 2319.70969   50   15 2389.81083 2131.74894  10.8%   7.9 2416s
 667555 343199     cutoff   63      2389.81083 2131.82476  10.8%   7.9 2426s
 668730 343858 2238.65428   45   17 2389.81083 2131.92872  10.8%   7.9 2434s
 670113 344498     cutoff   62      2389.81083 2132.04309  10.8%   7.9 2440s
 671346 345066     cutoff   74      2389.81083 2132.16862  10.8%   7.9 2448s
 672720 345645 2319.63066   60   25 2389.81083 2132.30092  10.8%   7.9 2455s
 674038 346337 2365.59246   64   41 2389.81083 2132.41480  10.8%   7.9 2462s
 675411 347200     cutoff   64      2389.81083 2132.56916  10.8%   7.9 2470s
 676900 347706 2332.83547   60   51 2389.81083 2132.69082  10.8%   7.9 2477s
 677994 348256 2379.89163   78   24 2389.81083 2132.77528  10.8%   7.9 2483s
 679112 348967 2185.32641   45   16 2389.81083 2132.85089  10.8%   7.9 2490s
 680533 349841 2256.95696   67   40 2389.81083 2132.96569  10.7%   7.9 2497s
 682131 350605     cutoff   56      2389.81083 2133.12489  10.7%   7.9 2504s
 683517 351019     cutoff   55      2389.81083 2133.20327  10.7%   7.9 2511s
 684714 351445 2387.36538   49   20 2389.81083 2133.33220  10.7%   7.9 2517s
 685874 352283 2255.83806   52   23 2389.81083 2133.42154  10.7%   7.9 2525s
 687289 352860 2356.89582   62    6 2389.81083 2133.50486  10.7%   7.9 2531s
 688412 353574 2192.44315   51   19 2389.81083 2133.57661  10.7%   7.9 2538s
 689784 354161 2202.12834   37   18 2389.81083 2133.64444  10.7%   7.9 2545s
 691048 354778     cutoff   55      2389.81083 2133.76780  10.7%   7.9 2551s
 692350 355440 2353.38374   46   24 2389.81083 2133.86116  10.7%   7.9 2558s
 693662 356030 2137.18195   38   26 2389.81083 2133.98985  10.7%   7.9 2565s
 694884 356737 2340.20004   52   23 2389.81083 2134.09430  10.7%   7.9 2572s
 696200 357242 2255.48201   43   22 2389.81083 2134.17245  10.7%   7.9 2578s
 697207 357923     cutoff   54      2389.81083 2134.28435  10.7%   7.9 2585s
 698541 358674 2336.63060   57   33 2389.81083 2134.39293  10.7%   7.9 2594s
 700086 359290     cutoff   65      2389.81083 2134.49008  10.7%   7.9 2602s
 701270 359937 2317.48857   54   22 2389.81083 2134.58722  10.7%   7.9 2610s
 702587 360395     cutoff   65      2389.81083 2134.70865  10.7%   7.9 2618s
 703689 361122 2237.94021   64   40 2389.81083 2134.79606  10.7%   7.9 2626s
 705095 361693 2171.14742   37   27 2389.81083 2134.85259  10.7%   7.9 2634s
 706331 362180     cutoff   74      2389.81083 2134.98019  10.7%   7.9 2642s
 707487 362649 infeasible   55      2389.81083 2135.07935  10.7%   7.9 2651s
 708478 363233     cutoff   60      2389.81083 2135.18007  10.7%   7.9 2658s
 709858 364101     cutoff   45      2389.81083 2135.29061  10.7%   7.9 2666s
 711469 364827 2268.17356   61   10 2389.81083 2135.39665  10.6%   7.9 2674s
 712829 365427 2244.56845   67   37 2389.81083 2135.53614  10.6%   7.9 2683s
 714171 365959 2344.54160   69   37 2389.81083 2135.63133  10.6%   7.9 2691s
 715191 366595 2177.45291   42   28 2389.81083 2135.70057  10.6%   7.9 2701s
 716634 367231 2321.87667   56   10 2389.81083 2135.73748  10.6%   7.9 2710s
 718014 367927 infeasible   63      2389.81083 2135.86750  10.6%   7.9 2716s
 719510 368463     cutoff   70      2389.81083 2136.03818  10.6%   7.9 2724s
 720696 369071     cutoff   50      2389.81083 2136.11432  10.6%   7.9 2730s
 721757 369651 2368.28637   52   18 2389.81083 2136.19223  10.6%   7.9 2741s
 723086 370333 2269.98276   63   35 2389.81083 2136.33199  10.6%   7.9 2752s
 724463 370999     cutoff   42      2389.81083 2136.42181  10.6%   7.9 2761s
 725946 371437     cutoff   44      2389.81083 2136.54169  10.6%   7.9 2769s
 726999 371946 infeasible   70      2389.81083 2136.59278  10.6%   7.9 2778s
 728149 372660 infeasible   68      2389.81083 2136.70037  10.6%   7.9 2788s
 729573 373130     cutoff   39      2389.81083 2136.80065  10.6%   8.0 2798s
 730630 373764     cutoff   55      2389.81083 2136.87546  10.6%   8.0 2807s
 731995 374525 2264.01214   57   30 2389.81083 2136.95679  10.6%   8.0 2816s
 733524 375124 2374.72563   46   28 2389.81083 2137.06652  10.6%   8.0 2825s
 734693 375685     cutoff   73      2389.81083 2137.16064  10.6%   8.0 2833s
 735961 376297     cutoff   82      2389.81083 2137.27654  10.6%   8.0 2841s
 737254 376968 infeasible   70      2389.81083 2137.37482  10.6%   8.0 2849s
 738703 377368     cutoff   56      2389.81083 2137.48342  10.6%   8.0 2858s
 739720 378008 2359.73806   77   31 2389.81083 2137.56207  10.6%   8.0 2866s
 741110 378496 2333.22086   45   10 2389.81083 2137.64453  10.6%   8.0 2875s
 742297 379130 2331.20845   59   49 2389.81083 2137.69648  10.5%   8.0 2884s
 743719 379670 2257.04847   48   23 2389.81083 2137.79496  10.5%   8.0 2892s
 744787 380338 2273.60550   62   15 2389.81083 2137.88808  10.5%   8.0 2900s
 746241 381077 2281.54884   42   26 2389.81083 2137.99915  10.5%   8.0 2908s
 747651 381623 2380.72702   67   33 2389.81083 2138.07396  10.5%   8.0 2916s
 748897 382317     cutoff   80      2389.81083 2138.15786  10.5%   8.0 2924s
 750296 382776 2324.38692   77   31 2389.81083 2138.29723  10.5%   8.0 2932s
 751429 383394     cutoff   71      2389.81083 2138.34528  10.5%   8.0 2940s
 752810 383981 infeasible   46      2389.81083 2138.46370  10.5%   8.0 2949s
 754117 384477 2319.35089   61   29 2389.81083 2138.52024  10.5%   8.0 2956s
 755190 385102 2232.42414   54   23 2389.81083 2138.62164  10.5%   8.0 2963s
 756685 385605 2365.57334   51    8 2389.81083 2138.70766  10.5%   8.0 2971s
 757679 386184     cutoff   62      2389.81083 2138.79435  10.5%   8.0 2978s
 759053 386662 2354.12053   57   33 2389.81083 2138.88496  10.5%   8.0 2985s
 760093 387203 2269.49261   37   17 2389.81083 2138.95161  10.5%   8.0 2993s
 761531 387915 2368.51621   46   10 2389.81083 2139.04655  10.5%   8.0 3001s
 762982 388493 2375.35101   52   26 2389.81083 2139.15864  10.5%   8.0 3007s
 764221 389168     cutoff   53      2389.81083 2139.26408  10.5%   8.0 3014s
 765689 389694 2325.13999   56   31 2389.81083 2139.37631  10.5%   8.0 3022s
 766863 390421     cutoff   73      2389.81083 2139.48963  10.5%   8.0 3030s
 768277 391035 infeasible   50      2389.81083 2139.57936  10.5%   8.0 3036s
 769495 391774 infeasible   55      2389.81083 2139.67068  10.5%   8.0 3044s
 770948 392435 2167.39131   40   20 2389.81083 2139.74763  10.5%   8.0 3053s
 772326 393037     cutoff   59      2389.81083 2139.84091  10.5%   8.0 3060s
 773604 393716 2161.91305   45   45 2389.81083 2139.93862  10.5%   8.0 3069s
 774985 394180 2193.84251   45   22 2389.81083 2140.04926  10.5%   8.0 3077s
 776016 394849     cutoff   66      2389.81083 2140.15172  10.4%   8.0 3086s
 777461 394889     cutoff   65      2389.81083 2140.22700  10.4%   8.0 3105s
 777514 395424 2239.96235   66   48 2389.81083 2140.25131  10.4%   8.0 3113s
 778604 395990 2189.60209   46   47 2389.81083 2140.32698  10.4%   8.0 3123s
 779896 396905 2193.48275   42   18 2389.81083 2140.40217  10.4%   8.0 3131s
 781469 397417 2346.56656   85   22 2389.81083 2140.54367  10.4%   8.0 3139s
 782696 398034     cutoff   45      2389.81083 2140.60998  10.4%   8.0 3146s
 784049 398642 2280.92061   55   21 2389.81083 2140.71634  10.4%   8.0 3155s
 785472 399118 2308.06502   53   29 2389.81083 2140.82351  10.4%   8.0 3163s
 786481 399820 infeasible   46      2389.81083 2140.91817  10.4%   8.0 3171s
 787876 400455     cutoff   74      2389.81083 2141.02930  10.4%   8.0 3180s
 789272 401232 2373.94635   57   35 2389.81083 2141.13993  10.4%   8.0 3189s
 790816 401690 infeasible   63      2389.81083 2141.25336  10.4%   8.0 3196s
 791895 402473 2225.75164   54    6 2389.81083 2141.32347  10.4%   8.0 3204s
 792398 402477     cutoff   55      2389.81083 2141.33618  10.4%   8.0 3205s
 793381 403225     cutoff   53      2389.81083 2141.43569  10.4%   8.0 3212s
 794915 403818     cutoff   71      2389.81083 2141.52717  10.4%   8.0 3220s
 796086 404444 2272.73756   63   39 2389.81083 2141.61397  10.4%   8.0 3227s
 797500 405001     cutoff   61      2389.81083 2141.70008  10.4%   8.0 3235s
 798747 405555     cutoff   47      2389.81083 2141.80880  10.4%   8.0 3242s
 799876 406299     cutoff   59      2389.81083 2141.86313  10.4%   8.0 3250s
 801403 406834 2332.34197   58   15 2389.81083 2141.97473  10.4%   8.0 3257s
 802696 407568 infeasible   62      2389.81083 2142.07215  10.4%   8.0 3264s
 804147 408143 2276.56931   52   10 2389.81083 2142.17997  10.4%   8.0 3271s
 805335 408850     cutoff   71      2389.81083 2142.28654  10.4%   8.0 3279s
 806815 409570 2311.05786   62   31 2389.81083 2142.38436  10.4%   8.0 3287s
 808196 410022 infeasible   62      2389.81083 2142.48794  10.3%   8.0 3295s
 809187 410674 2343.16157   57   22 2389.81083 2142.53883  10.3%   8.0 3304s
 810593 411147     cutoff   64      2389.81083 2142.66891  10.3%   8.0 3313s
 811949 411626     cutoff   45      2389.81083 2142.75056  10.3%   8.0 3323s
 813064 412144 2247.93843   45   13 2389.81083 2142.79947  10.3%   8.0 3332s
 814390 412184 infeasible   61      2389.81083 2142.86938  10.3%   8.0 3349s
 814485 412661 2222.91155   49   15 2389.81083 2142.87780  10.3%   8.0 3357s
 815487 413413 2385.15680   42   23 2389.81083 2142.97887  10.3%   8.0 3365s
 817059 414095     cutoff   46      2389.81083 2143.06531  10.3%   8.0 3373s
 818506 414660 2383.55261   60   18 2389.81083 2143.18906  10.3%   8.0 3381s
 819766 415152 infeasible   52      2389.81083 2143.27989  10.3%   8.0 3389s
 820776 415948 2225.22217   55   16 2389.81083 2143.34548  10.3%   8.0 3396s
 822326 416756 2376.73939   67   27 2389.81083 2143.40142  10.3%   8.0 3404s
 823872 417196 2315.49618   56   40 2389.81083 2143.54706  10.3%   8.0 3411s
 824946 417881 2178.43965   47   14 2389.81083 2143.61217  10.3%   8.0 3421s
 826461 418458     cutoff   78      2389.81083 2143.70232  10.3%   8.0 3430s
 827542 419305 infeasible   72      2389.81083 2143.77646  10.3%   8.0 3439s
 829205 420022     cutoff   56      2389.81083 2143.88048  10.3%   8.0 3448s
 830696 420499 infeasible   56      2389.81083 2143.97659  10.3%   8.0 3455s
 831839 421044 2372.43906   60   27 2389.81083 2144.08101  10.3%   8.0 3463s
 833130 421493 infeasible   38      2389.81083 2144.13711  10.3%   8.0 3472s
 834061 422269 2385.75652   41   12 2389.81083 2144.16728  10.3%   8.0 3480s
 835560 422971     cutoff   60      2389.81083 2144.28821  10.3%   8.0 3488s
 837005 423523 infeasible   58      2389.81083 2144.35981  10.3%   8.0 3495s
 838144 424175     cutoff   53      2389.81083 2144.44416  10.3%   8.0 3503s
 839596 424696 2253.75359   54   25 2389.81083 2144.55527  10.3%   8.0 3511s
H839841 424698                    2389.8107284 2144.56399  10.3%   8.0 3511s
 840870 425369 2199.96316   49   13 2389.81073 2144.64031  10.3%   8.0 3521s
 842304 425975     cutoff   63      2389.81073 2144.70565  10.3%   8.0 3530s
 843787 426577     cutoff   81      2389.81073 2144.80226  10.3%   8.0 3538s
 844926 427294     cutoff   85      2389.81073 2144.88389  10.2%   8.0 3547s
 846436 427702 infeasible   64      2389.81073 2144.99176  10.2%   8.0 3556s
H846785 427703                    2389.8106632 2145.00447  10.2%   8.0 3556s
 847441 428505 2348.64985   52   22 2389.81066 2145.04277  10.2%   8.0 3564s
 848979 429040 2217.20225   55   12 2389.81066 2145.14846  10.2%   8.0 3571s
 850179 429827     cutoff   65      2389.81066 2145.23499  10.2%   8.0 3581s
 851681 430228 2215.29975   47   19 2389.81066 2145.32123  10.2%   8.0 3589s
 852866 430733 2356.32563   56    6 2389.81066 2145.36885  10.2%   8.0 3596s
 853969 431403 2358.45862   85   24 2389.81066 2145.43897  10.2%   8.0 3605s
 855537 431957 2248.66435   49   19 2389.81066 2145.54123  10.2%   8.0 3614s
 856851 432497 infeasible   52      2389.81066 2145.63384  10.2%   8.0 3623s
 857956 433122     cutoff   48      2389.81066 2145.71139  10.2%   8.0 3633s
 859532 433753 2341.84349   70   45 2389.81066 2145.78220  10.2%   8.1 3642s
 860889 434490 2353.66250   56   12 2389.81066 2145.86069  10.2%   8.1 3651s
 862373 434878     cutoff   80      2389.81066 2145.91623  10.2%   8.1 3660s
 863316 435376 2261.22326   40   11 2389.81066 2146.00630  10.2%   8.1 3668s
 864587 436219 2339.55044   58   26 2389.81066 2146.07013  10.2%   8.1 3677s
 866225 436957     cutoff   72      2389.81066 2146.18112  10.2%   8.1 3685s
 867631 437463     cutoff   57      2389.81066 2146.26884  10.2%   8.1 3693s
 868771 438138     cutoff   67      2389.81066 2146.32656  10.2%   8.1 3701s
 870195 438644 2190.43665   40   49 2389.81066 2146.44692  10.2%   8.1 3709s
 871463 439216 2341.76738   47   26 2389.81066 2146.54624  10.2%   8.1 3717s
 872650 439937 2376.19114   50    6 2389.81066 2146.64340  10.2%   8.1 3725s
 874091 440607 2237.55520   71   30 2389.81066 2146.69616  10.2%   8.1 3735s
 875506 441145 infeasible   65      2389.81066 2146.82336  10.2%   8.1 3743s
 876722 441801 2364.82879   63   13 2389.81066 2146.89945  10.2%   8.1 3754s
 878174 442474 infeasible   57      2389.81066 2146.96649  10.2%   8.1 3763s
 879710 443090 2301.10064   50   21 2389.81066 2147.09281  10.2%   8.1 3773s
 880997 443686 infeasible   60      2389.81066 2147.16228  10.2%   8.1 3782s
 882165 444124     cutoff   70      2389.81066 2147.25666  10.1%   8.1 3790s
 883455 444758 2334.60675   51   41 2389.81066 2147.32278  10.1%   8.1 3798s
 884818 445486     cutoff   87      2389.81066 2147.42046  10.1%   8.1 3808s
 886380 446069 2264.87409   52   12 2389.81066 2147.50774  10.1%   8.1 3815s
 887504 446796     cutoff   69      2389.81066 2147.58374  10.1%   8.1 3824s
 889018 447412 2335.39667   99   43 2389.81066 2147.69193  10.1%   8.1 3833s
 890330 448083 2373.39041   62   13 2389.81066 2147.75677  10.1%   8.1 3841s
 891741 448676 infeasible   63      2389.81066 2147.84598  10.1%   8.1 3851s
 893034 449261 2388.08714   46    6 2389.81066 2147.91965  10.1%   8.1 3858s
 894106 450016 2336.57685   71   27 2389.81066 2148.00618  10.1%   8.1 3866s
 895606 450619 2336.82717   42   27 2389.81066 2148.11000  10.1%   8.1 3876s
 896960 451098     cutoff   47      2389.81066 2148.18168  10.1%   8.1 3884s
 898040 451905 2313.07687   63   34 2389.81066 2148.25123  10.1%   8.1 3892s
 899696 452458 2334.68021   68   32 2389.81066 2148.35327  10.1%   8.1 3900s
 900966 453076 2317.97041   53   19 2389.81066 2148.42147  10.1%   8.1 3908s
 902255 453648 2275.90442   60    9 2389.81066 2148.52572  10.1%   8.1 3917s
 903622 454211     cutoff   52      2389.81066 2148.61257  10.1%   8.1 3926s
 904726 454798 2228.10844   55   30 2389.81066 2148.67217  10.1%   8.1 3935s
 906251 455409 2220.34502   50   59 2389.81066 2148.75537  10.1%   8.1 3945s
 907563 456032     cutoff   70      2389.81066 2148.78818  10.1%   8.1 3953s
 908919 456702 2322.34433   71   41 2389.81066 2148.90167  10.1%   8.1 3961s
 910289 457410     cutoff   91      2389.81066 2148.97260  10.1%   8.1 3969s
 911822 458101 2355.59722   64   19 2389.81066 2149.09549  10.1%   8.1 3978s
 913338 458505 2369.31523   57   23 2389.81066 2149.17616  10.1%   8.1 3986s
 914358 459088 infeasible   52      2389.81066 2149.23958  10.1%   8.1 3994s
 915755 459620     cutoff   59      2389.81066 2149.32657  10.1%   8.1 4002s
 916886 460155     cutoff   61      2389.81066 2149.41553  10.1%   8.1 4011s
 918068 460176 2267.27632   60   19 2389.81066 2149.49381  10.1%   8.1 4030s
 918111 460780 2289.47333   61   23 2389.81066 2149.50574  10.1%   8.1 4039s
 919294 461315     cutoff   88      2389.81066 2149.58479  10.1%   8.1 4050s
 920710 461967     cutoff   81      2389.81066 2149.66313  10.0%   8.1 4061s
 922256 462538 2301.79482   57   34 2389.81066 2149.77547  10.0%   8.1 4072s
 923609 463092 2363.20128   67   21 2389.81066 2149.85336  10.0%   8.1 4081s
 924796 463849 2281.62971   44   26 2389.81066 2149.91835  10.0%   8.1 4090s
 926290 464582 2266.71122   44    8 2389.81066 2150.01530  10.0%   8.1 4100s
 927833 465035     cutoff   68      2389.81066 2150.07402  10.0%   8.1 4109s
 929059 465526 2264.86689   55   34 2389.81066 2150.15674  10.0%   8.1 4117s
 930199 466168 2345.53298   50   14 2389.81066 2150.24617  10.0%   8.1 4127s
 931530 466669     cutoff   62      2389.81066 2150.32878  10.0%   8.1 4136s
 932617 467407     cutoff   66      2389.81066 2150.39449  10.0%   8.1 4144s
 934279 468003 2294.04272   47   31 2389.81066 2150.48384  10.0%   8.1 4153s
 935535 468771 2370.88696   73   37 2389.81066 2150.55216  10.0%   8.1 4162s
 937073 469286 2243.31121   58   41 2389.81066 2150.66486  10.0%   8.1 4170s
 938315 470053 infeasible   60      2389.81066 2150.73070  10.0%   8.1 4180s
 939711 470582     cutoff   97      2389.81066 2150.80638  10.0%   8.1 4189s
 941033 471121     cutoff   67      2389.81066 2150.89699  10.0%   8.1 4198s
 942228 471505 2314.69006   46   46 2389.81066 2150.97721  10.0%   8.1 4207s
 943337 472155 2310.50670   46    8 2389.81066 2151.01283  10.0%   8.1 4215s
 944918 472612 infeasible   77      2389.81066 2151.10433  10.0%   8.1 4224s
 946125 473070 2339.61918   41   39 2389.81066 2151.16325  10.0%   8.1 4234s
 947229 473681     cutoff   64      2389.81066 2151.23676  10.0%   8.1 4243s
 948482 474409 2322.24924   59   22 2389.81066 2151.29940  10.0%   8.1 4255s
 950047 474860 infeasible   60      2389.81066 2151.38960  10.0%   8.1 4267s
 951461 475479     cutoff   53      2389.81066 2151.43751  10.0%   8.1 4277s
 952760 476102 infeasible   51      2389.81066 2151.52826  10.0%   8.1 4290s
 954363 476827     cutoff   57      2389.81066 2151.58987  10.0%   8.1 4302s
 955880 477349 2382.46469   92   14 2389.81066 2151.69039  10.0%   8.1 4312s
 957086 477921 2188.22220   68   37 2389.81066 2151.79858  10.0%   8.1 4322s
 958240 478451 2294.43891   62   31 2389.81066 2151.83927  10.0%   8.1 4333s
 959577 478975 infeasible   57      2389.81066 2151.92715  10.0%   8.1 4341s
 960792 479723 infeasible   68      2389.81066 2151.98244  10.0%   8.1 4351s
 962389 480390 2374.63088   64   15 2389.81066 2152.10052  9.95%   8.1 4360s
 963843 480952 2287.96968   54   11 2389.81066 2152.18272  9.94%   8.1 4372s
 965095 481688     cutoff   84      2389.81066 2152.23602  9.94%   8.1 4382s
 966678 482477 2301.68288   83   30 2389.81066 2152.34251  9.94%   8.1 4393s
 968319 482999 2312.52824   58   26 2389.81066 2152.41689  9.93%   8.1 4404s
 969492 483652     cutoff   54      2389.81066 2152.47520  9.93%   8.1 4412s
 970908 484416 2383.73234   48   23 2389.81066 2152.56758  9.93%   8.1 4423s
 972495 485036 2338.42861   65   40 2389.81066 2152.63303  9.92%   8.1 4434s
 973738 485506     cutoff   65      2389.81066 2152.69590  9.92%   8.1 4445s
 974806 486114 2302.91242   84   35 2389.81066 2152.77542  9.92%   8.1 4457s
 976267 486786     cutoff   48      2389.81066 2152.87489  9.91%   8.1 4466s
 977550 487387     cutoff   51      2389.81066 2152.94367  9.91%   8.1 4475s
 978974 488163     cutoff   63      2389.81066 2153.02798  9.91%   8.1 4485s
 980388 488807     cutoff   64      2389.81066 2153.11228  9.90%   8.1 4494s
 981671 489562 infeasible   62      2389.81066 2153.18585  9.90%   8.1 4504s
 983242 490073     cutoff   82      2389.81066 2153.22971  9.90%   8.1 4513s
 984650 490652 2295.93446   53   32 2389.81066 2153.29631  9.90%   8.1 4523s
 986050 491110 infeasible   57      2389.81066 2153.36679  9.89%   8.1 4532s
 987079 491692 2239.87346   49   46 2389.81066 2153.41494  9.89%   8.1 4542s
 988571 492355 2315.35416   60   15 2389.81066 2153.47724  9.89%   8.1 4551s
 990085 492952 infeasible   63      2389.81066 2153.53857  9.89%   8.1 4559s
 990494 492956     cutoff   51      2389.81066 2153.55240  9.89%   8.1 4560s
 991256 493738 2209.01456   50   42 2389.81066 2153.61779  9.88%   8.1 4569s
 992808 494358     cutoff   49      2389.81066 2153.68339  9.88%   8.1 4579s
 994202 494801 2369.87752   60   39 2389.81066 2153.79942  9.88%   8.1 4587s
 995448 495520     cutoff   73      2389.81066 2153.86357  9.87%   8.1 4597s
 996894 495954 2323.72714   41   18 2389.81066 2153.92945  9.87%   8.1 4606s
 998017 496705 infeasible   67      2389.81066 2153.98898  9.87%   8.1 4615s
 999635 497354     cutoff   71      2389.81066 2154.07179  9.86%   8.1 4624s
 1000855 497948 infeasible   79      2389.81066 2154.14833  9.86%   8.1 4634s
 1002273 498588 2329.83019   43   30 2389.81066 2154.21226  9.86%   8.1 4643s
 1003813 499142 2211.52188   50   18 2389.81066 2154.30676  9.85%   8.1 4653s
 1005076 499787 2378.18472   48    8 2389.81066 2154.36016  9.85%   8.1 4661s
 1006407 500403     cutoff   66      2389.81066 2154.43445  9.85%   8.1 4671s
 1007712 500917     cutoff   58      2389.81066 2154.49514  9.85%   8.1 4680s
 1008978 501693     cutoff   69      2389.81066 2154.58063  9.84%   8.1 4689s
 1010509 502466 2301.60887   40   17 2389.81066 2154.65932  9.84%   8.1 4698s
 1012133 502956     cutoff   88      2389.81066 2154.76579  9.84%   8.2 4707s
 1013235 503566 2317.70897   60   29 2389.81066 2154.81804  9.83%   8.2 4718s
 1014641 504146     cutoff   59      2389.81066 2154.85354  9.83%   8.2 4726s
 1016102 504739     cutoff   55      2389.81066 2154.97001  9.83%   8.2 4735s
 1017292 505379     cutoff   69      2389.81066 2155.04086  9.82%   8.2 4745s
 1018808 506097 infeasible   81      2389.81066 2155.12970  9.82%   8.2 4755s
 1020271 506631     cutoff   61      2389.81066 2155.22154  9.82%   8.2 4763s
 1021451 507135 2231.36498   45   31 2389.81066 2155.27601  9.81%   8.2 4772s
 1022815 507674 2344.59812   54   24 2389.81066 2155.35279  9.81%   8.2 4782s
 1024132 508155     cutoff   64      2389.81066 2155.44534  9.81%   8.2 4791s
 1025564 508631 2301.15257   65   39 2389.81066 2155.53846  9.80%   8.2 4800s
 1026739 509143 2373.55215   56   18 2389.81066 2155.60852  9.80%   8.2 4811s
 1027853 509768 2190.26226   44   39 2389.81066 2155.67383  9.80%   8.2 4823s
 1029282 510454 2274.57114   56   12 2389.81066 2155.76367  9.79%   8.2 4836s
 1030794 511313     cutoff   63      2389.81066 2155.82154  9.79%   8.2 4847s
 1032543 511731 2274.36420   66   18 2389.81066 2155.92900  9.79%   8.2 4857s
 1033681 512258 2356.02211   75   25 2389.81066 2155.98496  9.78%   8.2 4870s
 1035027 512864 infeasible   56      2389.81066 2156.06491  9.78%   8.2 4883s
 1036506 513338 2322.82199   45   38 2389.81066 2156.15253  9.78%   8.2 4894s
 1036808 513344     cutoff   64      2389.81066 2156.15567  9.78%   8.2 4895s
 1037687 514009 2256.53563   55   32 2389.81066 2156.20630  9.78%   8.2 4908s
 1039239 514444     cutoff   85      2389.81066 2156.29277  9.77%   8.2 4919s
 1040489 515137 2362.80497   74   31 2389.81066 2156.35237  9.77%   8.2 4931s
 1041859 515691 2266.48193   49   21 2389.81066 2156.41619  9.77%   8.2 4943s
 1043050 516169     cutoff   67      2389.81066 2156.46977  9.76%   8.2 4954s
 1044273 516627 2297.54035   54   22 2389.81066 2156.51964  9.76%   8.2 4964s
 1045493 517275 2249.79855   67   32 2389.81066 2156.60397  9.76%   8.2 4974s
 1047118 517966 2204.69399   67   34 2389.81066 2156.65375  9.76%   8.2 4984s
 1048497 518682 infeasible   70      2389.81066 2156.74538  9.75%   8.2 4994s
 1050026 519119 2233.91325   51   34 2389.81066 2156.80730  9.75%   8.2 5003s
 1051217 519630 2324.52477   50   21 2389.81066 2156.84865  9.75%   8.2 5014s
 1052451 520086 2335.46314   52   33 2389.81066 2156.94411  9.74%   8.2 5026s
 1053672 520151     cutoff   61      2389.81066 2156.98897  9.74%   8.2 5053s
H1053798 520152                    2389.8104795 2156.98897  9.74%   8.2 5053s
 1053835 520676     cutoff   66      2389.81048 2156.99235  9.74%   8.2 5066s
 1055170 521294 2229.81248   59   31 2389.81048 2157.06704  9.74%   8.2 5080s
 1056510 522025     cutoff   57      2389.81048 2157.17725  9.73%   8.2 5092s
 1058188 522550     cutoff   67      2389.81048 2157.26986  9.73%   8.2 5103s
 1059478 522969 2273.93474   51   25 2389.81048 2157.35807  9.73%   8.2 5115s
 1060662 523634 2371.60860   62   46 2389.81048 2157.40372  9.72%   8.2 5127s
 1062276 524366 2241.08496   53   24 2389.81048 2157.50650  9.72%   8.2 5139s
 1063925 524894 infeasible   50      2389.81048 2157.58289  9.72%   8.2 5150s
 1065185 525577 2289.98060   50   27 2389.81048 2157.66930  9.71%   8.2 5160s
 1066836 525985     cutoff   64      2389.81048 2157.72409  9.71%   8.2 5170s
 1068054 526716 2350.34726   61   18 2389.81048 2157.82316  9.71%   8.2 5180s
 1069594 527270 2386.70598   63    6 2389.81048 2157.88331  9.70%   8.2 5191s
 1070966 528087     cutoff   69      2389.81048 2157.95953  9.70%   8.2 5201s
 1072588 528128 infeasible   61      2389.81048 2158.04240  9.70%   8.2 5221s
 1072660 528628 2241.91843   50   42 2389.81048 2158.04773  9.70%   8.2 5231s
 1073944 529155 2379.76137   55   18 2389.81048 2158.13120  9.69%   8.2 5243s
 1075124 529786 2303.73599   59   23 2389.81048 2158.18561  9.69%   8.2 5256s
 1076519 530325 infeasible   74      2389.81048 2158.26668  9.69%   8.2 5269s
 1078004 530828 infeasible  111      2389.81048 2158.34428  9.69%   8.2 5281s
 1079373 531550     cutoff   68      2389.81048 2158.40537  9.68%   8.2 5291s
 1081041 532034     cutoff   57      2389.81048 2158.47003  9.68%   8.2 5302s
 1082219 532724 2348.27072   65    6 2389.81048 2158.51253  9.68%   8.2 5313s
 1083761 533270     cutoff   66      2389.81048 2158.59985  9.67%   8.2 5323s
