NPROCS=0
This instance is clustered!
Gurobi Optimizer version 9.0.0 build v9.0.0rc2 (linux64)
Optimize a model with 48 rows, 577 columns and 1152 nonzeros
Model fingerprint: 0xeedca47c
Variable types: 1 continuous, 576 integer (576 binary)
Coefficient statistics:
  Matrix range     [1e+00, 1e+00]
  Objective range  [1e+00, 6e+02]
  Bounds range     [1e+00, 1e+00]
  RHS range        [1e+00, 1e+00]
Presolve removed 2 rows and 69 columns
Presolve time: 0.00s
Presolved: 46 rows, 508 columns, 1014 nonzeros
Variable types: 1 continuous, 507 integer (507 binary)

Root relaxation: objective 1.375611e+03, 46 iterations, 0.00 seconds

    Nodes    |    Current Node    |     Objective Bounds      |     Work
 Expl Unexpl |  Obj  Depth IntInf | Incumbent    BestBd   Gap | It/Node Time

     0     0 1424.15536    0   12          - 1424.15536      -     -    0s
     0     0 1609.00236    0   12          - 1609.00236      -     -    0s
     0     2 1637.56752    0    8          - 1637.56752      -     -    0s
* 1190   985              67    2083.9414944 1738.51274  16.6%   3.8    0s
* 1432  1012              98    2043.8259674 1738.51274  14.9%   3.8    0s
* 1457   998              88    2025.6947636 1738.51274  14.2%   3.8    0s
* 1553  1048              90    1993.3972905 1738.51274  12.8%   3.8    0s
* 1755  1112              78    1972.1243448 1745.75403  11.5%   3.8    0s
H 2395  1427                    1971.1484247 1747.38025  11.4%   3.9    3s
H 2397  1358                    1970.5103292 1747.38025  11.3%   3.9    3s
  2401  1360 1845.12161   35   21 1970.51033 1747.38025  11.3%   3.9    5s
H 3900  1725                    1967.6591012 1747.38025  11.2%   4.3    6s
 10224  4977 1920.46056   47   17 1967.65910 1775.36317  9.77%   4.2   10s
 15664  8341 1836.09020   28   24 1967.65910 1784.38309  9.31%   4.2   15s
 18989 10593 infeasible   73      1967.65910 1788.06919  9.13%   4.2   20s
 22402 12706 infeasible   64      1967.65910 1790.97558  8.98%   4.3   25s
 25476 14539 1855.71162   51   13 1967.65910 1794.36907  8.81%   4.3   30s
 27462 15655 1909.30954   38   27 1967.65910 1795.57628  8.75%   4.3   36s
 30226 17307 1934.52458   55   29 1967.65910 1798.06251  8.62%   4.3   41s
 32286 18558 infeasible   65      1967.65910 1799.58843  8.54%   4.3   46s
 34132 19842 1919.73213   61   16 1967.65910 1800.57902  8.49%   4.3   51s
 35758 20900 1878.01534   64   16 1967.65910 1801.66934  8.44%   4.3   55s
 37275 21811 1869.07660   44   17 1967.65910 1802.68500  8.38%   4.3   60s
 39654 23268 infeasible   60      1967.65910 1803.73362  8.33%   4.3   66s
 41231 23845 1849.81085   74   12 1967.65910 1804.58027  8.29%   4.3   74s
 41233 23846 1868.49729   33   18 1967.65910 1804.58027  8.29%   4.3   77s
 41234 23847 1887.10576   39   32 1967.65910 1804.58027  8.29%   4.3   80s
 41238 23850 1837.70259   53   16 1967.65910 1804.58027  8.29%   4.3   88s
 41239 23850 1867.73010   58   16 1967.65910 1804.58027  8.29%   4.3   90s
 41267 23882 1804.58027   35   61 1967.65910 1804.58027  8.29%   4.3   95s
 41423 23971 1804.58027   42   15 1967.65910 1804.58027  8.29%   4.3  100s
 41715 24110 1903.12907   53    - 1967.65910 1804.58027  8.29%   4.3  105s
 42185 24245 1913.11425   77   15 1967.65910 1804.58027  8.29%   4.3  110s
 42777 24387 1804.58027   51   46 1967.65910 1804.58027  8.29%   4.3  115s
 43474 24634 1804.58027   38   29 1967.65910 1804.58027  8.29%   4.3  120s
 44341 24902 1804.58027   53   22 1967.65910 1804.58027  8.29%   4.3  126s
 45148 25365 1804.58027   54   18 1967.65910 1804.58027  8.29%   4.3  130s
 45955 25680 1925.62135   61   18 1967.65910 1804.58027  8.29%   4.3  135s
 46786 26018 1860.61708   56   24 1967.65910 1804.58027  8.29%   4.3  140s
 48200 26519 1895.19271   88   19 1967.65910 1804.58027  8.29%   4.3  146s
 49058 27007 1804.58027   46   15 1967.65910 1804.58027  8.29%   4.3  150s
 50283 27467     cutoff  124      1967.65910 1804.58027  8.29%   4.3  155s
 51724 27938 1967.23131   61    - 1967.65910 1804.58027  8.29%   4.3  161s
 53488 28717 1892.24451   57   20 1967.65910 1804.58027  8.29%   4.2  167s
 54755 28860     cutoff   74      1967.65910 1804.58027  8.29%   4.2  172s
 54807 29074 1883.79747   76   21 1967.65910 1804.58027  8.29%   4.2  175s
 55769 29407 1895.01888   55    - 1967.65910 1804.58027  8.29%   4.2  181s
 57043 29736 infeasible   67      1967.65910 1804.58027  8.29%   4.2  187s
 57523 29797 1897.66335   60    - 1967.65910 1804.58027  8.29%   4.2  190s
 58637 30276 infeasible   91      1967.65910 1804.58027  8.29%   4.3  197s
 59281 30579 1927.18510   83   15 1967.65910 1804.58027  8.29%   4.3  200s
 60962 31183 infeasible   73      1967.65910 1804.58027  8.29%   4.3  206s
 61552 31502 1916.00261   95    - 1967.65910 1804.58027  8.29%   4.2  210s
 63270 32194 infeasible   81      1967.65910 1804.58027  8.29%   4.2  218s
 64172 32615 infeasible   80      1967.65910 1804.58027  8.29%   4.2  221s
 65199 32678 1932.01538   68   28 1967.65910 1804.58027  8.29%   4.2  226s
 66081 33033     cutoff   76      1967.65910 1804.58027  8.29%   4.2  230s
 67063 33121     cutoff   75      1967.65910 1804.58027  8.29%   4.2  235s
 68652 34073     cutoff   78      1967.65910 1804.58027  8.29%   4.3  244s
 69807 34508 infeasible   79      1967.65910 1804.58027  8.29%   4.2  249s
 71036 34721 1882.49624   93   24 1967.65910 1804.58027  8.29%   4.2  254s
 72013 35354 1958.76257   77   14 1967.65910 1804.58027  8.29%   4.2  259s
 73334 35568 1889.32355   60   11 1967.65910 1804.58027  8.29%   4.2  264s
 74184 35347 1888.55264   54   13 1967.65910 1804.58027  8.29%   4.2  265s
 74185 35717 1881.36683   50    6 1967.65910 1804.58027  8.29%   4.2  271s
 75172 36201 1865.07833   63   30 1967.65910 1804.58027  8.29%   4.2  276s
 76238 36188 infeasible   85      1967.65910 1804.58027  8.29%   4.2  283s
 77142 36550     cutoff   71      1967.65910 1804.58027  8.29%   4.3  289s
 78171 37081     cutoff   96      1967.65910 1804.58027  8.29%   4.3  295s
 79479 37515 1958.08256   83   32 1967.65910 1804.58027  8.29%   4.3  301s
 80691 37754     cutoff   68      1967.65910 1804.58027  8.29%   4.2  307s
 81861 38057 infeasible   71      1967.65910 1804.58027  8.29%   4.2  313s
 82980 38416 1931.12680   66   18 1967.65910 1804.58027  8.29%   4.2  320s
 84044 38497     cutoff   67      1967.65910 1804.58027  8.29%   4.2  325s
 84638 38763 1865.58136   59   21 1967.65910 1804.58027  8.29%   4.2  331s
 85675 39099     cutoff   83      1967.65910 1804.58027  8.29%   4.3  338s
 86834 39160 1881.43865   64   12 1967.65910 1804.58027  8.29%   4.3  345s
 87714 39485     cutoff   82      1967.65910 1804.58027  8.29%   4.3  352s
 88688 40038 infeasible   97      1967.65910 1804.58027  8.29%   4.3  359s
 89897 40485 infeasible   71      1967.65910 1804.58027  8.29%   4.3  365s
 91178 40879 infeasible   73      1967.65910 1804.58027  8.29%   4.3  371s
 92398 41134 1907.43742   77   15 1967.65910 1804.83611  8.27%   4.3  379s
 93505 41690 1897.07446   87    7 1967.65910 1805.39685  8.25%   4.3  385s
 94786 41859 infeasible   88      1967.65910 1806.21327  8.20%   4.3  392s
 95689 42136 infeasible   65      1967.65910 1806.62253  8.18%   4.2  398s
 96513 42402 infeasible   69      1967.65910 1807.01221  8.16%   4.2  406s
 97534 42765 infeasible   71      1967.65910 1807.56067  8.14%   4.3  414s
 98715 43030     cutoff   84      1967.65910 1807.92086  8.12%   4.3  421s
 99862 43326 1826.88022   48    6 1967.65910 1808.59584  8.08%   4.3  429s
 100927 43610 1944.37704   86   15 1967.65910 1808.91077  8.07%   4.3  436s
 102091 43785 infeasible   94      1967.65910 1809.44690  8.04%   4.3  445s
 102973 44129 1906.71118   69   26 1967.65910 1809.68910  8.03%   4.3  453s
 104122 44263 1905.82400   84   18 1967.65910 1810.40603  7.99%   4.3  462s
 104764 44585 1944.02909   91   19 1967.65910 1810.45088  7.99%   4.3  471s
 105923 44899 1879.16875   70   11 1967.65910 1811.47972  7.94%   4.3  481s
 106976 45112 1900.20894   80   35 1967.65910 1811.93280  7.91%   4.3  490s
 108018 45370     cutoff   71      1967.65910 1812.57661  7.88%   4.3  499s
 109131 45739 infeasible   84      1967.65910 1813.05119  7.86%   4.3  507s
 110371 46033 1831.79848   46   10 1967.65910 1813.39429  7.84%   4.3  516s
 111455 46400     cutoff   68      1967.65910 1813.93948  7.81%   4.3  524s
 112686 46733     cutoff   80      1967.65910 1814.38641  7.79%   4.3  533s
 113909 47441 1853.11549   88   27 1967.65910 1814.74256  7.77%   4.3  542s
 114973 48023     cutoff  113      1967.65910 1815.13993  7.75%   4.3  552s
 116073 48761 infeasible   79      1967.65910 1815.40202  7.74%   4.3  562s
 117206 49471 1817.22257   44   24 1967.65910 1815.87291  7.71%   4.3  572s
 118333 50090 1921.18660   78   14 1967.65910 1816.06713  7.70%   4.2  582s
 119359 50518     cutoff  103      1967.65910 1816.69625  7.67%   4.2  592s
 120272 51300 1886.74641   70   15 1967.65910 1816.98939  7.66%   4.3  600s
 121432 51947 infeasible   99      1967.65910 1817.31948  7.64%   4.3  611s
 122534 52650 1876.16608   70   30 1967.65910 1817.68885  7.62%   4.3  620s
 123776 53060 infeasible   85      1967.65910 1817.93078  7.61%   4.2  629s
 124431 53175     cutoff   78      1967.65910 1818.14006  7.60%   4.3  630s
 124434 53527 1913.39068   68   29 1967.65910 1818.28414  7.59%   4.3  639s
 125467 54309 1833.19997   63    8 1967.65910 1818.59036  7.58%   4.3  649s
 126633 55002 1931.26210   50   10 1967.65910 1819.05500  7.55%   4.3  658s
 127733 55552 1902.91362   73   16 1967.65910 1819.39579  7.54%   4.3  669s
 128791 55838 1901.84042   97   16 1967.65910 1819.68070  7.52%   4.3  679s
 129372 56453 1907.42827   98   11 1967.65910 1819.92964  7.51%   4.3  691s
 130542 57195     cutoff   78      1967.65910 1820.23558  7.49%   4.3  703s
 131745 57893     cutoff   98      1967.65910 1820.59734  7.47%   4.3  715s
 132896 58327     cutoff   86      1967.65910 1820.96657  7.46%   4.3  730s
 133950 59094     cutoff   78      1967.65910 1821.27006  7.44%   4.3  743s
 135210 59699 infeasible   74      1967.65910 1821.71900  7.42%   4.3  753s
 136242 60288 1935.58597   48    6 1967.65910 1821.86312  7.41%   4.3  763s
 137337 60886     cutoff   75      1967.65910 1822.27918  7.39%   4.3  774s
 138435 61250 1930.09221   62   10 1967.65910 1822.64375  7.37%   4.3  786s
 139040 61667     cutoff   71      1967.65910 1822.89880  7.36%   4.3  798s
 140020 62241 infeasible   78      1967.65910 1823.01408  7.35%   4.3  810s
 141084 62884 1863.55427   50    7 1967.65910 1823.50723  7.33%   4.3  822s
 142169 63573 1966.60569   90   17 1967.65910 1823.72506  7.31%   4.3  834s
 143434 64273 infeasible   88      1967.65910 1823.94645  7.30%   4.3  846s
 144624 64951     cutoff   93      1967.65910 1824.29341  7.29%   4.3  857s
 145803 65454 1965.83198   69    - 1967.65910 1824.73119  7.26%   4.3  870s
 146817 65888     cutoff   75      1967.65910 1824.97771  7.25%   4.3  881s
 147591 66426     cutoff   57      1967.65910 1825.31846  7.23%   4.3  892s
 148506 66937 1873.16650   55    8 1967.65910 1825.55896  7.22%   4.3  907s
 149628 67573 1892.70042   77   18 1967.65910 1825.92799  7.20%   4.3  921s
 150862 68183     cutoff   88      1967.65910 1826.06672  7.20%   4.3  934s
 152062 68807 1832.20021   73    7 1967.65910 1826.36382  7.18%   4.3  947s
 153047 69302 infeasible   81      1967.65910 1826.68531  7.16%   4.3  964s
 154166 69992 1839.59131   49   10 1967.65910 1826.94996  7.15%   4.3  979s
 155378 70728 1946.17902   93    - 1967.65910 1827.19184  7.14%   4.3  995s
 156601 71382     cutoff   93      1967.65910 1827.69812  7.11%   4.3 1009s
 157874 71902 1944.22492   92   10 1967.65910 1827.98405  7.10%   4.3 1023s
 159010 72267 infeasible   82      1967.65910 1828.12146  7.09%   4.3 1036s
 159538 72765 infeasible   87      1967.65910 1828.34952  7.08%   4.3 1051s
 160511 73385 infeasible   76      1967.65910 1828.38162  7.08%   4.3 1065s
 161747 73691 1927.88121   55   15 1967.65910 1828.90127  7.05%   4.3 1081s
 162545 74388 1948.94822   66    7 1967.65910 1829.05032  7.04%   4.3 1096s
 163714 75099     cutoff   66      1967.65910 1829.39491  7.03%   4.3 1115s
 165078 75735 1860.62902   74    9 1967.65910 1829.70244  7.01%   4.3 1136s
 166193 76351 infeasible   78      1967.65910 1830.01435  7.00%   4.3 1153s
 167453 76904     cutoff   68      1967.65910 1830.24147  6.98%   4.3 1170s
 168528 77492 infeasible   70      1967.65910 1830.53155  6.97%   4.3 1188s
 169552 77885     cutoff   69      1967.65910 1830.72363  6.96%   4.3 1205s
 170479 78470     cutoff   64      1967.65910 1830.81618  6.95%   4.3 1222s
 171591 79210 1846.60505   50    7 1967.65910 1831.17228  6.94%   4.3 1239s
 172974 79866     cutoff   67      1967.65910 1831.49306  6.92%   4.3 1253s
 174148 80579 1966.44629   80   25 1967.65910 1831.72986  6.91%   4.3 1268s
 175438 80841     cutoff  104      1967.65910 1832.01000  6.89%   4.3 1284s
 175810 81317 1832.97220   40   10 1967.65910 1832.03501  6.89%   4.3 1300s
 176996 81865 1943.29272   90    - 1967.65910 1832.43963  6.87%   4.3 1316s
 178041 82341 1956.41940   90    9 1967.65910 1832.49175  6.87%   4.3 1332s
 179085 82994 1907.66647   45   12 1967.65910 1832.72416  6.86%   4.3 1348s
 180380 83570 1858.66738   48   13 1967.65910 1833.13514  6.84%   4.3 1366s
 181493 84143 infeasible   74      1967.65910 1833.46050  6.82%   4.3 1387s
 182549 84791 infeasible   82      1967.65910 1833.64828  6.81%   4.3 1405s
 183773 85559 infeasible   77      1967.65910 1833.93292  6.80%   4.3 1424s
 185049 86172 infeasible   75      1967.65910 1834.21563  6.78%   4.3 1443s
 186268 86734 1899.77325   71   25 1967.65910 1834.60830  6.76%   4.3 1462s
 187379 87349 1925.23213   89   16 1967.65910 1834.77217  6.75%   4.3 1479s
 188357 87901 1839.81510   49    9 1967.65910 1835.02681  6.74%   4.3 1501s
 189453 88633     cutoff   74      1967.65910 1835.21961  6.73%   4.3 1521s
 190847 89256 1873.63091   91    9 1967.65910 1835.33063  6.73%   4.3 1538s
 191999 89799 1882.60570   60   32 1967.65910 1835.57143  6.71%   4.3 1555s
 193225 90232 1901.53202   50   23 1967.65910 1835.83789  6.70%   4.3 1572s
 194260 90730 infeasible   67      1967.65910 1836.01047  6.69%   4.3 1590s
 195197 91167 1962.43963   87   13 1967.65910 1836.28051  6.68%   4.3 1609s
 195792 91272 infeasible   73      1967.65910 1836.28051  6.68%   4.3 1610s
 195915 91644 1926.73973   85   15 1967.65910 1836.36680  6.67%   4.3 1629s
 197062 92133 infeasible   86      1967.65910 1836.54963  6.66%   4.3 1650s
 198161 92768 1956.83787   84   15 1967.65910 1836.88740  6.65%   4.3 1671s
 199557 93540 1954.93310   89   15 1967.65910 1836.89248  6.65%   4.3 1693s
 200714 93925 1912.54026   45   13 1967.65910 1837.23089  6.63%   4.3 1718s
 201851 94508     cutoff   68      1967.65910 1837.33625  6.62%   4.4 1743s
 202921 94845 1958.70221   92    7 1967.65910 1837.49538  6.62%   4.4 1775s
 203618 95285 infeasible   77      1967.65910 1837.50863  6.61%   4.4 1798s
 204788 95824 1932.56483   80    7 1967.65910 1837.73456  6.60%   4.4 1820s
 205733 96384 1924.06722   84   14 1967.65910 1837.87585  6.60%   4.4 1852s
 207048 97110 infeasible   73      1967.65910 1838.14446  6.58%   4.4 1879s
 208333 97790     cutoff   68      1967.65910 1838.36022  6.57%   4.4 1909s
 209563 98410 1892.27816   65   16 1967.65910 1838.56675  6.56%   4.4 1936s
 210818 99140     cutoff   75      1967.65910 1838.80355  6.55%   4.4 1959s
 212229 99605     cutoff   90      1967.65910 1839.08710  6.53%   4.4 1979s
 213200 99995     cutoff   63      1967.65910 1839.21380  6.53%   4.4 2001s
 214073 100378     cutoff   56      1967.65910 1839.41367  6.52%   4.4 2025s
 215035 100766 1933.42209   99   12 1967.65910 1839.63293  6.51%   4.4 2046s
 215963 101298     cutoff  100      1967.65910 1839.81954  6.50%   4.4 2069s
 217257 101992     cutoff   80      1967.65910 1840.09422  6.48%   4.4 2093s
 218537 102654 1956.07807   70   10 1967.65910 1840.20458  6.48%   4.4 2113s
 219852 103318 infeasible   76      1967.65910 1840.52587  6.46%   4.4 2136s
 221103 103882     cutoff   84      1967.65910 1840.81389  6.45%   4.4 2156s
 222156 104196 1884.23203   67   20 1967.65910 1840.98534  6.44%   4.4 2180s
 223210 104732     cutoff   82      1967.65910 1841.07591  6.43%   4.4 2202s
 224475 105519     cutoff   65      1967.65910 1841.23833  6.42%   4.4 2226s
 225828 106209 1938.05176   62   10 1967.65910 1841.49254  6.41%   4.4 2249s
 227103 106630 1959.00956   79    9 1967.65910 1841.71015  6.40%   4.4 2268s
 227877 107021 infeasible   80      1967.65910 1841.80997  6.40%   4.4 2292s
 228995 107557 1927.75096   65    8 1967.65910 1841.98407  6.39%   4.4 2314s
 230074 108152     cutoff   73      1967.65910 1842.11501  6.38%   4.4 2337s
 231303 108704     cutoff   80      1967.65910 1842.38171  6.37%   4.4 2362s
 232609 109277     cutoff   51      1967.65910 1842.61034  6.36%   4.4 2390s
 233562 109756 infeasible   73      1967.65910 1842.76098  6.35%   4.4 2419s
 234789 110249 1872.10939   52    9 1967.65910 1842.99414  6.34%   4.4 2452s
 235959 110840 1908.77919   65   26 1967.65910 1843.14847  6.33%   4.4 2493s
 237306 111494 1888.66882   51    6 1967.65910 1843.31030  6.32%   4.4 2519s
 238516 111954 1944.69341   52   11 1967.65910 1843.52781  6.31%   4.4 2544s
 239491 112659 1915.17229   76   18 1967.65910 1843.67932  6.30%   4.4 2574s
 240776 113136     cutoff   81      1967.65910 1843.94581  6.29%   4.4 2601s
 242067 113698     cutoff   78      1967.65910 1844.15146  6.28%   4.4 2626s
 243202 114252 infeasible   71      1967.65910 1844.40150  6.26%   4.4 2657s
 244442 114704 1899.47631   67   17 1967.65910 1844.52142  6.26%   4.4 2685s
 245325 115174 1908.17679   75   24 1967.65910 1844.58481  6.25%   4.4 2713s
 246485 115708 1871.58323   72   10 1967.65910 1844.79904  6.24%   4.4 2741s
 247560 116295 1941.47001  100    9 1967.65910 1844.96900  6.24%   4.4 2776s
 249004 116934 1964.82730   56   15 1967.65910 1845.03254  6.23%   4.4 2806s
 250230 117440 infeasible   75      1967.65910 1845.27888  6.22%   4.4 2833s
 251525 118049 infeasible   85      1967.65910 1845.51066  6.21%   4.4 2871s
H251634 118059                    1967.6589863 1845.51066  6.21%   4.4 2871s
 252873 118381 1914.37817   69    7 1967.65899 1845.58553  6.20%   4.4 2899s
 253523 118707 1881.82534   78   19 1967.65899 1845.63786  6.20%   4.4 2924s
 254510 119275 infeasible   80      1967.65899 1845.85165  6.19%   4.4 2958s
 255826 119755 1966.01924   63   14 1967.65899 1846.12488  6.18%   4.4 2987s
 257010 120242 1941.46303   68    7 1967.65899 1846.35003  6.17%   4.4 3016s
 258290 120755 infeasible   69      1967.65899 1846.51619  6.16%   4.4 3059s
 259571 121253 infeasible   77      1967.65899 1846.62960  6.15%   4.4 3093s
 260544 121768     cutoff   65      1967.65899 1846.88872  6.14%   4.4 3125s
 261875 122238 infeasible   72      1967.65899 1846.89723  6.14%   4.4 3157s
 262982 122814     cutoff   74      1967.65899 1847.34243  6.11%   4.4 3189s
 264306 123332 infeasible   77      1967.65899 1847.45611  6.11%   4.4 3220s
 265506 123669     cutoff   58      1967.65899 1847.62082  6.10%   4.5 3247s
 266081 124017 infeasible   62      1967.65899 1847.73866  6.09%   4.5 3281s
 267185 124612     cutoff   67      1967.65899 1847.85452  6.09%   4.5 3321s
 268422 125155 1904.87107   48   13 1967.65899 1848.06628  6.08%   4.5 3356s
 269860 125841 infeasible   64      1967.65899 1848.31659  6.07%   4.5 3390s
 271278 126263 1942.00145   54   11 1967.65899 1848.47299  6.06%   4.5 3431s
 272243 126710 1878.65592   47    9 1967.65899 1848.55609  6.05%   4.5 3466s
 273312 127255 1958.24738   79    6 1967.65899 1848.69702  6.05%   4.5 3508s
 274693 127830 1966.05484   73   14 1967.65899 1848.88689  6.04%   4.5 3545s
 275958 128376     cutoff   81      1967.65899 1849.12318  6.02%   4.5 3580s
 277073 129083 infeasible  100      1967.65899 1849.24670  6.02%   4.5 3616s
 278442 129637 infeasible   64      1967.65899 1849.46121  6.01%   4.5 3652s
 279773 130157 1875.57697   52    9 1967.65899 1849.63583  6.00%   4.5 3687s
 280937 130778 infeasible   72      1967.65899 1849.70658  5.99%   4.5 3720s
 282239 131295     cutoff   79      1967.65899 1849.94753  5.98%   4.5 3754s
 283605 131764 infeasible   86      1967.65899 1850.10030  5.97%   4.5 3790s
 284605 132271 1946.79552   69   19 1967.65899 1850.27827  5.97%   4.5 3827s
 285841 132719 1940.69894   61    7 1967.65899 1850.35487  5.96%   4.5 3864s
 287000 133072 infeasible   84      1967.65899 1850.64305  5.95%   4.5 3907s
 288390 133555 1934.18940   85   19 1967.65899 1850.77010  5.94%   4.5 3946s
 289113 133924 infeasible   87      1967.65899 1850.81290  5.94%   4.5 3987s
 290119 134641 1924.04682   50    7 1967.65899 1850.97414  5.93%   4.5 4025s
 291688 135131 1903.70108   53   15 1967.65899 1851.18462  5.92%   4.5 4063s
 292794 135627 1957.69237   87   22 1967.65899 1851.28576  5.91%   4.5 4100s
 294051 136227     cutoff   66      1967.65899 1851.49010  5.90%   4.5 4144s
 295478 136599 1952.91616   75    7 1967.65899 1851.59659  5.90%   4.5 4182s
 296487 136939 infeasible   71      1967.65899 1851.78769  5.89%   4.5 4218s
 297556 137306 infeasible   75      1967.65899 1851.98282  5.88%   4.5 4258s
 298751 137711 1955.42132   58    8 1967.65899 1852.07855  5.87%   4.5 4296s
 299897 138019 1947.92149   64    - 1967.65899 1852.12428  5.87%   4.5 4332s
 300897 138444     cutoff   82      1967.65899 1852.37548  5.86%   4.5 4370s
 302043 138786 1927.18161   79   14 1967.65899 1852.52253  5.85%   4.5 4425s
 303412 139228 1967.45262   84    9 1967.65899 1852.66726  5.84%   4.5 4466s
 304569 139743 infeasible   62      1967.65899 1852.75941  5.84%   4.5 4509s
 305877 140395 1924.20194   59   12 1967.65899 1852.99013  5.83%   4.5 4550s
 307423 140814 infeasible   81      1967.65899 1853.03113  5.83%   4.5 4588s
 308131 141315     cutoff   75      1967.65899 1853.24643  5.81%   4.5 4628s
 309489 141813     cutoff   71      1967.65899 1853.31662  5.81%   4.5 4670s
 310645 142190 infeasible   68      1967.65899 1853.62659  5.80%   4.5 4720s
 311976 142763     cutoff   77      1967.65899 1853.82317  5.79%   4.5 4765s
 313179 143333 1908.52671   68   30 1967.65899 1853.84158  5.78%   4.5 4816s
 314591 143806     cutoff   75      1967.65899 1854.08240  5.77%   4.5 4862s
 315884 144225 infeasible   82      1967.65899 1854.24890  5.76%   4.5 4903s
 316956 144806 infeasible   83      1967.65899 1854.50125  5.75%   4.5 4951s
 318385 145265 1937.38781   93    - 1967.65899 1854.61756  5.74%   4.5 4994s
 319519 145827 1943.22813   93    - 1967.65899 1854.78560  5.74%   4.5 5047s
 320902 146447 1965.01728   93   24 1967.65899 1854.96024  5.73%   4.5 5091s
 322294 147028 1948.36539   78   11 1967.65899 1855.11349  5.72%   4.5 5131s
 323466 147432 1960.72839  103    6 1967.65899 1855.28075  5.71%   4.5 5186s
 324775 147931 1933.40832   78    9 1967.65899 1855.29516  5.71%   4.5 5228s
 325810 148290 infeasible   81      1967.65899 1855.49617  5.70%   4.5 5274s
 326501 148403     cutoff   69      1967.65899 1855.63690  5.69%   4.5 5275s
 326562 148696 1916.21613   67    7 1967.65899 1855.66575  5.69%   4.5 5321s
 327703 149220 1936.60090   68   17 1967.65899 1855.85418  5.68%   4.5 5373s
 329199 149701 1935.81897   76   18 1967.65899 1856.03279  5.67%   4.5 5423s
 330534 150144 1923.91481   49   10 1967.65899 1856.20670  5.66%   4.5 5476s
 331675 150599 infeasible   75      1967.65899 1856.34303  5.66%   4.5 5519s
 332954 150830     cutoff   84      1967.65899 1856.48393  5.65%   4.5 5520s
 333069 151060 infeasible   77      1967.65899 1856.49434  5.65%   4.5 5567s
 334223 151564 infeasible   75      1967.65899 1856.64330  5.64%   4.5 5621s
 335602 152097 infeasible   64      1967.65899 1856.78712  5.63%   4.5 5667s
 336737 152563     cutoff   74      1967.65899 1856.95510  5.63%   4.5 5712s
 338065 153099 infeasible   83      1967.65899 1857.10882  5.62%   4.5 5757s
 339270 153555 1941.30758   72   13 1967.65899 1857.24849  5.61%   4.5 5802s
 340611 154026 infeasible   86      1967.65899 1857.38406  5.60%   4.5 5847s
 341867 154384 1869.83594   59   48 1967.65899 1857.57001  5.59%   4.6 5891s
 342808 154605     cutoff   71      1967.65899 1857.62994  5.59%   4.6 5944s
 343920 155008 1955.50222   95    9 1967.65899 1857.79802  5.58%   4.6 6016s
 345342 155605 1943.26611   76    6 1967.65899 1857.95874  5.58%   4.6 6085s
 346659 156146 1963.74339   77   13 1967.65899 1858.08473  5.57%   4.6 6137s
 348223 156693 1938.85284   76    9 1967.65899 1858.19636  5.56%   4.6 6182s
 349454 157206 infeasible   77      1967.65899 1858.33613  5.56%   4.6 6235s
 350908 157662 infeasible   71      1967.65899 1858.49224  5.55%   4.6 6294s
 351007 157692 1873.69379   51    8 1967.65899 1858.49224  5.55%   4.6 6295s
 352025 158181     cutoff   76      1967.65899 1858.58801  5.54%   4.6 6350s
 353385 158641 infeasible   69      1967.65899 1858.69517  5.54%   4.6 6410s
 354272 159057 1955.30733   94   12 1967.65899 1858.80176  5.53%   4.6 6465s
 355624 159583 infeasible   95      1967.65899 1858.96534  5.52%   4.6 6513s
 356785 160148     cutoff   74      1967.65899 1859.12375  5.52%   4.6 6570s
 358276 160527     cutoff   71      1967.65899 1859.32060  5.51%   4.6 6625s
 359068 160965     cutoff   88      1967.65899 1859.40261  5.50%   4.6 6686s
 360395 161403 1954.89486   65   13 1967.65899 1859.54085  5.49%   4.6 6734s
 361736 161904 1892.59003   64   13 1967.65899 1859.66960  5.49%   4.6 6787s
 362897 162307 1962.27910   75   17 1967.65899 1859.85683  5.48%   4.6 6850s
 364136 162870 1892.05504   84    6 1967.65899 1859.99212  5.47%   4.6 6897s
 365451 163568 infeasible   89      1967.65899 1860.15511  5.46%   4.6 6957s
 367097 164086 infeasible   71      1967.65899 1860.32357  5.45%   4.6 7018s
 368344 164565     cutoff   79      1967.65899 1860.39556  5.45%   4.6 7073s
 369397 164927 infeasible   84      1967.65899 1860.51150  5.45%   4.6 7138s
 370597 165463     cutoff   83      1967.65899 1860.74649  5.43%   4.6 7200s

Cutting planes:
  Gomory: 4
  Zero half: 1
  RLT: 1
  Lazy constraints: 50597

Explored 372036 nodes (1702808 simplex iterations) in 7201.50 seconds
Thread count was 12 (of 12 available processors)

Solution count 8: 1967.66 1970.51 1971.15 ... 2083.94

Time limit reached
Best objective 1.967658986331e+03, best bound 1.860878340144e+03, gap 5.4268%

User-callback calls 1874232, time in user-callback 7.81 sec
/projects/academic/josewalt/caigao/RRARP_BD/BendersDecomp/ret/model_outs/n_22_e_1_algo_2.out
 =====>>>>> Solution is written to file in <../ret/model_outs> !!!
===>> All Done!
