NPROCS=0
This instance is clustered!
Gurobi Optimizer version 9.0.0 build v9.0.0rc2 (linux64)
Optimize a model with 32 rows, 257 columns and 512 nonzeros
Model fingerprint: 0x658f522d
Variable types: 1 continuous, 256 integer (256 binary)
Coefficient statistics:
  Matrix range     [1e+00, 1e+00]
  Objective range  [1e+00, 2e+02]
  Bounds range     [1e+00, 1e+00]
  RHS range        [1e+00, 1e+00]
Presolve removed 2 rows and 45 columns
Presolve time: 0.00s
Presolved: 30 rows, 212 columns, 422 nonzeros
Variable types: 1 continuous, 211 integer (211 binary)

Root relaxation: objective 2.313594e+02, 24 iterations, 0.00 seconds

    Nodes    |    Current Node    |     Objective Bounds      |     Work
 Expl Unexpl |  Obj  Depth IntInf | Incumbent    BestBd   Gap | It/Node Time

     0     0  242.45376    0   10          -  242.45376      -     -    0s
 done with super cut 0
 done with super cut 1
 done with super cut 2
H    0     0                     984.3223721  242.45376  75.4%     -    0s
 done with super cut 3
 done with super cut 4
H    0     0                     800.2238037  242.45376  69.7%     -    0s
     0     0  335.61833    0    8  800.22380  335.61833  58.1%     -    0s
 done with super cut 5
 done with super cut 6
H    0     0                     658.3523381  335.61833  49.0%     -    0s
 done with super cut 7
 done with super cut 8
     0     0  335.61833    0    8  658.35234  335.61833  49.0%     -    1s
 done with super cut 9
 done with super cut 10
H    0     0                     598.9856232  335.61833  44.0%     -    2s
     0     2  366.14581    0    8  598.98562  366.14581  38.9%     -    2s
H 2126  1358                     592.8112137  433.05225  26.9%   4.9    3s
* 6602  2628              36     584.6430377  457.28215  21.8%   5.3    4s
 11952  5743  520.86863   40   20  584.64304  468.49819  19.9%   5.4    5s
 26730 12775     cutoff   44       584.64304  483.54028  17.3%   5.6   10s
H37279 15808                     571.1198574  490.41583  14.1%   5.8   13s
 37395 15767     cutoff   49       571.11986  490.57707  14.1%   5.8   15s
 47907 19534  532.33040   29   13  571.11986  496.52855  13.1%   5.9   20s
 56734 21650  532.53225   31   13  571.11986  500.98806  12.3%   6.1   25s
 66277 23605  552.31827   35   15  571.11986  505.93026  11.4%   6.3   30s
 74786 24960     cutoff   45       571.11986  509.94829  10.7%   6.4   35s
 82522 25855  545.94154   28   21  571.11986  513.40620  10.1%   6.5   40s
 90170 26572  565.35022   35   13  571.11986  516.58126  9.55%   6.6   45s
 98229 27120     cutoff   33       571.11986  519.48310  9.04%   6.7   50s
 101739 27333  528.27612   40   22  571.11986  520.85989  8.80%   6.7   55s
 108674 27474     cutoff   46       571.11986  523.47031  8.34%   6.7   60s
 115615 27420  550.35609   38    8  571.11986  526.06719  7.89%   6.8  133s
 115619 27423  549.37770   42   36  571.11986  526.06719  7.89%   6.8  135s
 115629 27429  544.98505   42   41  571.11986  526.06719  7.89%   6.8  140s
 115639 27445  526.06719   27   31  571.11986  526.06719  7.89%   6.8  145s
 117169 27936  526.06719   34   33  571.11986  526.06719  7.89%   6.8  150s
 120160 28761     cutoff   44       571.11986  526.06719  7.89%   6.8  155s
 124633 29885  526.06719   30   27  571.11986  526.06719  7.89%   6.8  160s
 128880 30335  530.23741   46   16  571.11986  526.06719  7.89%   6.8  167s
 130673 30938  526.93393   73   23  571.11986  526.06719  7.89%   6.8  170s
 135564 31387     cutoff   47       571.11986  526.06719  7.89%   6.8  175s
 140047 31611  541.53539   39   27  571.11986  526.06719  7.89%   6.9  180s
 144588 31268  568.56610   58   22  571.11986  526.06719  7.89%   6.9  185s
 148752 31531     cutoff   46       571.11986  526.06719  7.89%   6.9  190s
 154328 30809     cutoff   47       571.11986  526.06719  7.89%   6.9  195s
 159062 30234  561.96226   45   16  571.11986  526.06719  7.89%   6.9  200s
 164008 29797  526.06719   34   22  571.11986  526.06719  7.89%   6.9  205s
 169362 28861     cutoff   63       571.11986  526.06719  7.89%   6.9  210s
 175468 27780  559.97434   41   11  571.11986  526.06719  7.89%   6.9  215s
 181131 26490  558.21964   39   12  571.11986  526.06719  7.89%   7.0  221s
 185463 25321  558.83883   44   12  571.11986  526.06719  7.89%   7.0  225s
 189858 24174     cutoff   75       571.11986  526.06719  7.89%   7.0  230s
 196055 22410  547.34369   62   18  571.11986  526.06719  7.89%   7.0  236s
H196449 21786                     571.1198308  526.06719  7.89%   7.0  236s
 200302 21915  551.39105   51   13  571.11983  526.06719  7.89%   7.0  243s
 201659 21932     cutoff   83       571.11983  526.06719  7.89%   7.0  245s
 205988 21870     cutoff   52       571.11983  526.06719  7.89%   7.0  250s
 211392 21807     cutoff   66       571.11983  528.00788  7.55%   7.1  255s
 216319 21610     cutoff   52       571.11983  529.85223  7.23%   7.1  260s
 221115 21256  566.54364   56    9  571.11983  531.91500  6.86%   7.1  265s
 225567 20741  544.68053   59   19  571.11983  533.65164  6.56%   7.1  270s
 230679 19857     cutoff   62       571.11983  535.74624  6.19%   7.1  276s
 234497 19317 infeasible   52       571.11983  537.25468  5.93%   7.1  280s
 238851 18427     cutoff   50       571.11983  538.98611  5.63%   7.2  285s
 243763 17380  548.10082   51   13  571.11983  540.95743  5.28%   7.2  291s
 247184 16443  561.51164   46   20  571.11983  542.46120  5.02%   7.2  295s
 251690 15103     cutoff   51       571.11983  544.42532  4.67%   7.2  301s
 255238 13815     cutoff   40       571.11983  546.14446  4.37%   7.2  305s
 259932 11900     cutoff   50       571.11983  548.31226  3.99%   7.3  310s
 264811  9600     cutoff   59       571.11983  551.26577  3.48%   7.3  316s
 268564  7469     cutoff   79       571.11983  553.93256  3.01%   7.3  320s
 273401  4261     cutoff   51       571.11983  558.15463  2.27%   7.4  325s
 275953  3252     cutoff   50       571.11983  561.01230  1.77%   7.4  330s

Cutting planes:
  Gomory: 5
  Zero half: 11
  Lazy constraints: 369

Explored 279811 nodes (2067140 simplex iterations) in 334.43 seconds
Thread count was 12 (of 12 available processors)

Solution count 7: 571.12 584.643 592.811 ... 984.322

Optimal solution found (tolerance 1.00e-04)
Best objective 5.711198307562e+02, best bound 5.711198307562e+02, gap 0.0000%

User-callback calls 636300, time in user-callback 2.64 sec
/projects/academic/josewalt/caigao/RRARP_BD/BendersDecomp/ret/model_outs/n_14_h_8_algo_4.out
 =====>>>>> Solution is written to file in <../ret/model_outs> !!!
===>> All Done!
