NPROCS=0
This instance is clustered!
Gurobi Optimizer version 9.0.0 build v9.0.0rc2 (linux64)
Optimize a model with 36 rows, 325 columns and 648 nonzeros
Model fingerprint: 0x05b9d63c
Variable types: 1 continuous, 324 integer (324 binary)
Coefficient statistics:
  Matrix range     [1e+00, 1e+00]
  Objective range  [1e+00, 3e+02]
  Bounds range     [1e+00, 1e+00]
  RHS range        [1e+00, 1e+00]
Presolve removed 2 rows and 51 columns
Presolve time: 0.00s
Presolved: 34 rows, 274 columns, 546 nonzeros
Variable types: 1 continuous, 273 integer (273 binary)

Root relaxation: objective 5.386508e+02, 32 iterations, 0.00 seconds

    Nodes    |    Current Node    |     Objective Bounds      |     Work
 Expl Unexpl |  Obj  Depth IntInf | Incumbent    BestBd   Gap | It/Node Time

     0     0  646.83708    0   20          -  646.83708      -     -    0s
     0     0  682.66368    0   13          -  682.66368      -     -    0s
H    0     0                     779.2948207  682.66368  12.4%     -    0s
     0     0  682.66368    0   13  779.29482  682.66368  12.4%     -    0s
     0     0  684.15074    0   13  779.29482  684.15074  12.2%     -    0s
     0     0  684.15074    0   16  779.29482  684.15074  12.2%     -    0s
H    0     0                     775.2417075  684.15074  11.8%     -    0s
     0     0  684.24776    0   18  775.24171  684.24776  11.7%     -    0s
     0     0  684.24904    0   18  775.24171  684.24904  11.7%     -    0s
     0     0  684.24904    0   18  775.24171  684.24904  11.7%     -    0s
     0     2  685.95156    0   18  775.24171  685.95156  11.5%     -    0s
 13889  4204     cutoff   33       775.24171  726.28700  6.31%   4.0    5s
 21522  6135 infeasible   54       775.24171  734.77179  5.22%   4.0   10s
 25608  6660  745.15077   39    6  775.24171  738.38650  4.75%   4.1   15s
 30814  7119 infeasible   44       775.24171  742.83839  4.18%   4.1   20s
 35464  7141     cutoff   47       775.24171  746.07897  3.76%   4.1   25s
 38782  6899     cutoff   46       775.24171  750.07175  3.25%   4.2   30s
 42236  6517  768.95353   42   13  775.24171  752.79191  2.90%   4.2   35s
 45750  5796     cutoff   44       775.24171  756.37755  2.43%   4.2   41s
 48450  4944 infeasible   39       775.24171  758.66804  2.14%   4.2   45s
 51223  3813  771.34839   47   13  775.24171  762.59991  1.63%   4.2   50s
 54133  2796 infeasible   55       775.24171  766.62453  1.11%   4.1   55s
 56374   491  774.83450   36    8  775.24171  770.05962  0.67%   4.1   60s

Cutting planes:
  Gomory: 2
  Flow cover: 1
  Zero half: 2
  RLT: 1
  Lazy constraints: 7409

Explored 58017 nodes (236990 simplex iterations) in 61.29 seconds
Thread count was 12 (of 12 available processors)

Solution count 2: 775.242 779.295 

Optimal solution found (tolerance 1.00e-04)
Best objective 7.752417074941e+02, best bound 7.752417074941e+02, gap 0.0000%

User-callback calls 137861, time in user-callback 0.71 sec
/projects/academic/josewalt/caigao/RRARP_BD/BendersDecomp/ret/model_outs/n_16_e_9_algo_2.out
 =====>>>>> Solution is written to file in <../ret/model_outs> !!!
===>> All Done!
