NPROCS=0
This instance is clustered!
Gurobi Optimizer version 9.0.0 build v9.0.0rc2 (linux64)
Optimize a model with 24 rows, 145 columns and 288 nonzeros
Model fingerprint: 0xb74b27b4
Variable types: 1 continuous, 144 integer (144 binary)
Coefficient statistics:
  Matrix range     [1e+00, 1e+00]
  Objective range  [1e+00, 1e+02]
  Bounds range     [1e+00, 1e+00]
  RHS range        [1e+00, 1e+00]
Presolve removed 2 rows and 33 columns
Presolve time: 0.00s
Presolved: 22 rows, 112 columns, 222 nonzeros
Variable types: 1 continuous, 111 integer (111 binary)

Root relaxation: objective 2.034199e+02, 19 iterations, 0.00 seconds

    Nodes    |    Current Node    |     Objective Bounds      |     Work
 Expl Unexpl |  Obj  Depth IntInf | Incumbent    BestBd   Gap | It/Node Time

     0     0  218.09596    0    8          -  218.09596      -     -    0s
H    0     0                     484.5751796  218.09596  55.0%     -    0s
H    0     0                     365.6718827  218.09596  40.4%     -    0s
     0     0  266.21787    0   26  365.67188  266.21787  27.2%     -    0s
H    0     0                     312.7380574  266.21787  14.9%     -    0s
     0     0  275.30054    0   23  312.73806  275.30054  12.0%     -    0s
     0     0  275.30054    0   23  312.73806  275.30054  12.0%     -    0s
H    0     0                     288.6583507  275.30054  4.63%     -    0s
H    0     0                     278.2241093  278.22411  0.00%     -    0s
     0     0  278.22411    0   23  278.22411  278.22411  0.00%     -    0s

Cutting planes:
  Gomory: 1
  Lazy constraints: 20

Explored 1 nodes (50 simplex iterations) in 0.03 seconds
Thread count was 12 (of 12 available processors)

Solution count 5: 278.224 288.658 312.738 ... 484.575

Optimal solution found (tolerance 1.00e-04)
Best objective 2.782241092894e+02, best bound 2.782241092894e+02, gap 0.0000%

User-callback calls 99, time in user-callback 0.00 sec
/projects/academic/josewalt/caigao/RRARP_BD/BendersDecomp/ret/model_outs/n_10_e_2_algo_3.out
 =====>>>>> Solution is written to file in <../ret/model_outs> !!!
===>> All Done!
