NPROCS=0
This instance is clustered!
Gurobi Optimizer version 9.0.0 build v9.0.0rc2 (linux64)
Optimize a model with 16 rows, 65 columns and 128 nonzeros
Model fingerprint: 0xf89f3244
Variable types: 1 continuous, 64 integer (64 binary)
Coefficient statistics:
  Matrix range     [1e+00, 1e+00]
  Objective range  [1e+00, 3e+01]
  Bounds range     [1e+00, 1e+00]
  RHS range        [1e+00, 1e+00]
Presolve removed 2 rows and 21 columns
Presolve time: 0.00s
Presolved: 14 rows, 44 columns, 86 nonzeros
Variable types: 1 continuous, 43 integer (43 binary)

Root relaxation: objective 4.820582e+01, 10 iterations, 0.00 seconds

    Nodes    |    Current Node    |     Objective Bounds      |     Work
 Expl Unexpl |  Obj  Depth IntInf | Incumbent    BestBd   Gap | It/Node Time

     0     0   59.72826    0   12          -   59.72826      -     -    0s
H    0     0                     108.3195924   59.72826  44.9%     -    0s
H    0     0                      76.6986225   59.72826  22.1%     -    0s
     0     0   62.77124    0   17   76.69862   62.77124  18.2%     -    0s
H    0     0                      71.6150739   62.77124  12.3%     -    0s
     0     0   63.34775    0   17   71.61507   63.34775  11.5%     -    0s
     0     2   63.34775    0   17   71.61507   63.34775  11.5%     -    0s
*    2     2               1      70.0185958   65.93278  5.84%   4.0    0s

Cutting planes:
  Gomory: 1
  Lazy constraints: 12

Explored 4 nodes (51 simplex iterations) in 0.02 seconds
Thread count was 12 (of 12 available processors)

Solution count 4: 70.0186 71.6151 76.6986 108.32 

Optimal solution found (tolerance 1.00e-04)
Best objective 7.001859577084e+01, best bound 7.001859577084e+01, gap 0.0000%

User-callback calls 89, time in user-callback 0.00 sec
/projects/academic/josewalt/caigao/RRARP_BD/BendersDecomp/ret/model_outs/n_6_e_5_algo_3.out
 =====>>>>> Solution is written to file in <../ret/model_outs> !!!
===>> All Done!
