NPROCS=0
This instance is clustered!
Gurobi Optimizer version 9.0.0 build v9.0.0rc2 (linux64)
Optimize a model with 42 rows, 442 columns and 882 nonzeros
Model fingerprint: 0x7b55568b
Variable types: 1 continuous, 441 integer (441 binary)
Coefficient statistics:
  Matrix range     [1e+00, 1e+00]
  Objective range  [1e+00, 4e+02]
  Bounds range     [1e+00, 1e+00]
  RHS range        [1e+00, 1e+00]
Presolve removed 2 rows and 60 columns
Presolve time: 0.01s
Presolved: 40 rows, 382 columns, 762 nonzeros
Variable types: 1 continuous, 381 integer (381 binary)

Root relaxation: objective 5.875587e+02, 35 iterations, 0.00 seconds

    Nodes    |    Current Node    |     Objective Bounds      |     Work
 Expl Unexpl |  Obj  Depth IntInf | Incumbent    BestBd   Gap | It/Node Time

     0     0  785.82190    0   26          -  785.82190      -     -    0s
H    0     0                    2440.1959378  785.82190  67.8%     -    0s
     0     0  791.93820    0   43 2440.19594  791.93820  67.5%     -    0s
H    0     0                    1107.0060534  791.93820  28.5%     -    0s
     0     0  791.93820    0   43 1107.00605  791.93820  28.5%     -    0s
     0     2  791.93820    0   43 1107.00605  791.93820  28.5%     -    0s
  9108  4510  985.75574   46   18 1107.00605  855.62743  22.7%   4.1    5s
 15269  8574 1053.64896   43    8 1107.00605  862.26442  22.1%   4.0   10s
 19781 11252 1015.66940   47   21 1107.00605  866.66090  21.7%   4.2   15s
 23759 13541     cutoff   49      1107.00605  869.71875  21.4%   4.2   20s
 26913 15994     cutoff   56      1107.00605  872.10506  21.2%   4.2   25s
 30920 18876     cutoff   61      1107.00605  873.94106  21.1%   4.1   30s
 32608 19490  918.11116   37   41 1107.00605  874.64479  21.0%   4.1   35s
 32610 19492  878.39772   29   41 1107.00605  874.64479  21.0%   4.1   72s
 32637 19523  874.64479   32   33 1107.00605  874.64479  21.0%   4.1   75s
 32985 19668  924.52536   43    - 1107.00605  874.64479  21.0%   4.2   80s
 33793 19849  907.93628   73   19 1107.00605  874.64479  21.0%   4.2   85s
 35695 20453  874.64479   38   16 1107.00605  874.64479  21.0%   4.2   90s
 37264 20994  874.64479   42   31 1107.00605  874.64479  21.0%   4.2   95s
 39413 21890  896.89862   70    9 1107.00605  874.64479  21.0%   4.3  100s
 41399 22785 1017.70082   75   27 1107.00605  874.64479  21.0%   4.3  105s
 43825 24059  998.46429  117   29 1107.00605  874.64479  21.0%   4.2  110s
 45801 24998  953.28033   45    - 1107.00605  874.64479  21.0%   4.2  115s
 48363 25685  938.32590   74   10 1107.00605  874.64479  21.0%   4.2  120s
 50286 26828 1100.60195  114    8 1107.00605  874.64479  21.0%   4.2  125s
 52702 27524 1008.32751  125   26 1107.00605  874.64479  21.0%   4.2  130s
 55008 28887     cutoff   75      1107.00605  874.64479  21.0%   4.2  135s
 57174 29956 1010.95755   92   28 1107.00605  874.64479  21.0%   4.2  140s
 60444 31370  975.83949  139   22 1107.00605  874.64479  21.0%   4.1  149s
 61468 32023  927.50954   55    6 1107.00605  874.64479  21.0%   4.1  152s
 62655 31986 1102.00036  116   29 1107.00605  874.64479  21.0%   4.1  155s
 64091 32827 1068.87957   56    - 1107.00605  874.64479  21.0%   4.1  161s
 66323 34062     cutoff   89      1107.00605  874.64479  21.0%   4.1  166s
 68757 35089 1038.56793   79   15 1107.00605  874.64479  21.0%   4.1  172s
 69923 35644  934.13157   68   12 1107.00605  874.64479  21.0%   4.1  175s
 72176 36437     cutoff  111      1107.00605  874.64479  21.0%   4.1  181s
 73963 36615 1098.44832   96   10 1107.00605  874.64479  21.0%   4.1  186s
 75515 37878     cutoff   87      1107.00605  874.85273  21.0%   4.1  193s
 76671 38407 1067.83105  118    9 1107.00605  875.15258  20.9%   4.1  196s
 79046 38986 1034.19900  112   15 1107.00605  876.30591  20.8%   4.1  203s
 79763 39451  969.06808   99    8 1107.00605  876.62770  20.8%   4.1  207s
 80741 39952 1066.24099  124   18 1107.00605  876.63456  20.8%   4.1  210s
 82871 40451     cutoff   94      1107.00605  877.63487  20.7%   4.1  217s
 83705 40743 1016.05027   55    8 1107.00605  877.94705  20.7%   4.1  220s
 85724 41795  997.26537  109   10 1107.00605  878.25126  20.7%   4.1  226s
 88082 42448  948.13140  111   13 1107.00605  879.35322  20.6%   4.1  232s
 88836 42736     cutoff  119      1107.00605  879.56738  20.5%   4.1  236s
 91006 43839     cutoff  101      1107.00605  880.16796  20.5%   4.1  243s
 92252 44371  990.47801  118   24 1107.00605  880.36873  20.5%   4.1  246s
 93223 45083     cutoff   59      1107.00605  880.49511  20.5%   4.1  250s
 95292 46715     cutoff   90      1107.00605  880.85993  20.4%   4.1  258s
 96481 47355     cutoff  114      1107.00605  881.76037  20.3%   4.1  262s
 97399 47959  936.77315   50    6 1107.00605  882.13446  20.3%   4.1  267s
 98350 48574  914.09223   45   10 1107.00605  882.21033  20.3%   4.1  271s
 99338 49390 1065.54244   86   14 1107.00605  882.42600  20.3%   4.1  275s
 101524 51210     cutoff  110      1107.00605  883.02762  20.2%   4.1  283s
 102715 52180     cutoff   94      1107.00605  883.33718  20.2%   4.1  286s
 104136 52677 1053.52031  126   15 1107.00605  883.71722  20.2%   4.1  290s
 104550 53592  992.34371  104    - 1107.00605  883.78561  20.2%   4.1  295s
 105796 54028     cutoff  107      1107.00605  884.09233  20.1%   4.1  301s
 106689 54468  943.91288  116   24 1107.00605  884.33600  20.1%   4.1  307s
 107556 55116     cutoff   60      1107.00605  884.43116  20.1%   4.1  312s
 108570 56230     cutoff  130      1107.00605  884.63925  20.1%   4.1  317s
 109882 56733  998.99004  144   19 1107.00605  884.99968  20.1%   4.1  322s
 110890 57599 1080.31347   62   13 1107.00605  885.18449  20.0%   4.1  327s
 112036 58180 1082.57798   85    6 1107.00605  885.43226  20.0%   4.1  332s
 112987 58687     cutoff  104      1107.00605  885.72941  20.0%   4.1  337s
 113811 59351 1069.60368   84   12 1107.00605  885.92757  20.0%   4.1  342s
 114854 59932  914.82167  129   13 1107.00605  886.24184  19.9%   4.1  348s
 115790 60620 1078.06924  135    - 1107.00605  886.44587  19.9%   4.1  354s
 116854 61424 1090.63123  135   25 1107.00605  886.61222  19.9%   4.1  359s
 117940 62092  999.36667   82   21 1107.00605  886.88691  19.9%   4.1  365s
 118970 62637  936.85251   45    - 1107.00605  887.11943  19.9%   4.1  371s
 119918 63511 1085.12002   64   13 1107.00605  887.31685  19.8%   4.2  376s
 121101 63894 infeasible  118      1107.00605  887.65353  19.8%   4.2  381s
 121703 64642  899.28795   60   12 1107.00605  887.68122  19.8%   4.2  386s
 122885 65446 1019.40286  107    6 1107.00605  888.07695  19.8%   4.2  391s
 124032 65909  949.37349   40    9 1107.00605  888.31556  19.8%   4.2  398s
 124999 66466 1072.80728   71    - 1107.00605  888.48080  19.7%   4.2  405s
 126022 67159     cutoff   53      1107.00605  888.57765  19.7%   4.2  413s
 127006 67996 1033.27595   75   17 1107.00605  888.81706  19.7%   4.2  419s
 127830 68063     cutoff   89      1107.00605  889.05649  19.7%   4.2  420s
 128199 68832 infeasible   84      1107.00605  889.21797  19.7%   4.2  425s
 129382 69599 1018.51012   49    6 1107.00605  889.59057  19.6%   4.2  431s
 130520 70142     cutoff   89      1107.00605  889.65126  19.6%   4.2  436s
 131177 71041  997.36262   84   15 1107.00605  889.88420  19.6%   4.2  442s
 132424 71964 infeasible   95      1107.00605  890.16994  19.6%   4.2  448s
 133699 72606  917.38036   45    6 1107.00605  890.47526  19.6%   4.2  456s
 134739 73367 1021.94079   49    6 1107.00605  890.61397  19.5%   4.2  463s
 135842 74248 infeasible  108      1107.00605  890.87302  19.5%   4.2  470s
 137060 74875 1063.50510  108    6 1107.00605  891.18418  19.5%   4.2  477s
 138098 75321  944.98769   48   12 1107.00605  891.48079  19.5%   4.2  483s
 138704 75715     cutoff   96      1107.00605  891.57239  19.5%   4.2  492s
 139581 76184  972.19276   78   15 1107.00605  891.65875  19.5%   4.2  498s
 140132 76954     cutoff  102      1107.00605  891.75910  19.4%   4.2  505s
 141387 77907     cutoff   92      1107.00605  891.98476  19.4%   4.2  512s
 142714 78423 1043.14774   86   25 1107.00605  892.36974  19.4%   4.2  520s
 143677 79352     cutoff   89      1107.00605  892.45536  19.4%   4.2  526s
 144983 80095 1079.41562   83   11 1107.00605  892.78637  19.4%   4.2  535s
 146116 80852     cutoff   86      1107.00605  892.90343  19.3%   4.2  543s
 147255 81429  992.60752   92   22 1107.00605  893.05490  19.3%   4.2  550s
 148296 82138     cutoff  119      1107.00605  893.12789  19.3%   4.2  560s
 149434 82852     cutoff  112      1107.00605  893.33785  19.3%   4.2  568s
 150540 83855     cutoff   90      1107.00605  893.57451  19.3%   4.2  575s
 151858 84724  964.56089   81   15 1107.00605  893.79641  19.3%   4.2  583s
 153070 85706 1060.76467   98    6 1107.00605  893.99377  19.2%   4.2  590s
 154333 86292 1087.21617   93   11 1107.00605  894.21661  19.2%   4.2  599s
 155376 86938  946.39831   74   17 1107.00605  894.34920  19.2%   4.2  606s
 156379 87680     cutoff   99      1107.00605  894.34920  19.2%   4.2  615s
 157507 88055     cutoff  101      1107.00605  894.76225  19.2%   4.2  623s
 157891 88939 1037.61731   91    8 1107.00605  894.77851  19.2%   4.2  631s
 159235 89800  995.27802   82   27 1107.00605  895.09354  19.1%   4.2  639s
 160450 90798 1063.82110  102   18 1107.00605  895.31416  19.1%   4.2  646s
 161810 91794 1042.19306  112    - 1107.00605  895.59466  19.1%   4.2  653s
 163115 92644     cutoff  113      1107.00605  895.72264  19.1%   4.2  662s
 164332 93458 1093.89881   76   13 1107.00605  895.93963  19.1%   4.2  668s
 165477 94084 1043.60627   53   10 1107.00605  896.08404  19.1%   4.2  677s
 166546 94617     cutoff   90      1107.00605  896.19245  19.0%   4.2  686s
 167589 95489 1029.38087   51    8 1107.00605  896.44505  19.0%   4.2  694s
 168812 96292     cutoff   63      1107.00605  896.61027  19.0%   4.2  702s
 170008 97094 1082.64475  115    - 1107.00605  896.86716  19.0%   4.2  709s
 171127 97570     cutoff  115      1107.00605  897.13288  19.0%   4.2  719s
 172038 98223 1081.72494   95   18 1107.00605  897.22616  19.0%   4.2  728s
 173125 98805     cutoff   84      1107.00605  897.36476  18.9%   4.2  736s
 174150 99351 1048.16292   45    6 1107.00605  897.44569  18.9%   4.2  744s
 174908 100241  943.63320   89   26 1107.00605  897.57670  18.9%   4.2  752s
 176209 100734     cutoff  104      1107.00605  897.74214  18.9%   4.2  762s
 177209 101533     cutoff   82      1107.00605  897.91540  18.9%   4.2  771s
 178304 102144 1099.81943   85   11 1107.00605  898.16997  18.9%   4.2  780s
 179388 102896 1014.58270  123   26 1107.00605  898.27900  18.9%   4.2  790s
 180522 103647     cutoff  134      1107.00605  898.65649  18.8%   4.2  799s
 181746 104374  972.05768   61   16 1107.00605  898.74755  18.8%   4.2  810s
 182829 104918 1096.00734   66   11 1107.00605  898.93026  18.8%   4.2  821s
 183860 105764     cutoff  101      1107.00605  899.15520  18.8%   4.2  829s
 185110 106519 1041.29007   99   15 1107.00605  899.29760  18.8%   4.2  840s
 186300 106920  932.11475   48    6 1107.00605  899.59591  18.7%   4.2  848s
 186788 107554     cutoff   87      1107.00605  899.69159  18.7%   4.2  859s
 187935 108087     cutoff   69      1107.00605  899.79253  18.7%   4.2  870s
 188977 108710 1072.37032   56    - 1107.00605  899.93019  18.7%   4.2  882s
 190128 109658     cutoff   79      1107.00605  900.06420  18.7%   4.2  893s
 191457 110135  923.64923   47    9 1107.00605  900.37168  18.7%   4.2  906s
 192432 110991  992.97225   75   13 1107.00605  900.42833  18.7%   4.2  916s
 193632 111785     cutoff  119      1107.00605  900.57585  18.6%   4.2  927s
 194839 112686  949.00866   88   18 1107.00605  900.85565  18.6%   4.2  937s
 195979 113637 1064.10598  122   14 1107.00605  901.05923  18.6%   4.2  947s
 197314 114376     cutoff   82      1107.00605  901.30219  18.6%   4.2  957s
 198463 115112 1052.66723   87   15 1107.00605  901.54314  18.6%   4.2  967s
 199604 116002 1029.86666   47    6 1107.00605  901.72481  18.5%   4.2  977s
 200873 116739     cutoff  121      1107.00605  901.85566  18.5%   4.2  988s
 202025 117562  925.88969  106    6 1107.00605  902.06011  18.5%   4.2  998s
 203214 118443     cutoff  108      1107.00605  902.22063  18.5%   4.2 1008s
 204449 119221     cutoff   92      1107.00605  902.39975  18.5%   4.2 1018s
 205634 119905     cutoff   84      1107.00605  902.59083  18.5%   4.2 1028s
 206686 120472 1088.74569   79   10 1107.00605  902.88971  18.4%   4.2 1037s
 207461 120994 1106.11365   82    6 1107.00605  902.96132  18.4%   4.2 1048s
 208528 121770 1015.48600   92   21 1107.00605  903.08047  18.4%   4.2 1058s
 209592 122260 1021.08616   51    6 1107.00605  903.37910  18.4%   4.2 1069s
 210628 123010 1066.60119   71    - 1107.00605  903.49634  18.4%   4.2 1079s
 211793 123444     cutoff   76      1107.00605  903.68758  18.4%   4.2 1091s
 212384 124153     cutoff   86      1107.00605  903.83044  18.4%   4.2 1104s
 213556 124899 1088.72740   61    9 1107.00605  903.96384  18.3%   4.2 1116s
 214810 125647     cutoff   67      1107.00605  904.02767  18.3%   4.2 1129s
 216013 126481 1075.27999   81   20 1107.00605  904.38345  18.3%   4.2 1142s
 217284 127277 1073.90789   91   11 1107.00605  904.55911  18.3%   4.2 1156s
 218441 128258 1065.19405  118   17 1107.00605  904.71925  18.3%   4.2 1167s
 219791 128813  937.91350   60   13 1107.00605  904.92826  18.3%   4.2 1178s
 220755 129727 1023.75883   82    9 1107.00605  905.12931  18.2%   4.2 1190s
 222023 130496     cutoff  116      1107.00605  905.27960  18.2%   4.2 1203s
 223198 130938     cutoff  106      1107.00605  905.47346  18.2%   4.2 1216s
 223744 131695 1015.50354   68    6 1107.00605  905.53827  18.2%   4.2 1229s
 224996 132536 1045.73586   66    9 1107.00605  905.70989  18.2%   4.2 1242s
 226339 133207     cutoff   87      1107.00605  905.93352  18.2%   4.2 1255s
 227442 134003  952.97095  104   15 1107.00605  906.12922  18.1%   4.2 1268s
 228586 134836  984.32091  116    9 1107.00605  906.14386  18.1%   4.2 1279s
 229819 135583  944.36895   48   12 1107.00605  906.36488  18.1%   4.2 1293s
 231046 136267 1043.13249   69    6 1107.00605  906.48420  18.1%   4.2 1306s
 232196 136819  996.67809   54   18 1107.00605  906.68842  18.1%   4.2 1320s
 233276 137510  932.83651   71    8 1107.00605  906.79211  18.1%   4.2 1334s
 234335 138279     cutoff   93      1107.00605  906.91052  18.1%   4.2 1348s
 235566 139174     cutoff  113      1107.00605  907.14188  18.1%   4.2 1361s
 236865 139888     cutoff   85      1107.00605  907.31592  18.0%   4.2 1376s
 237998 140311 1061.76152   86   24 1107.00605  907.42606  18.0%   4.2 1386s
 238504 140728  930.45922   73   16 1107.00605  907.49748  18.0%   4.2 1401s
 239640 141402 1022.24277   75   23 1107.00605  907.62038  18.0%   4.2 1414s
 240778 142067  931.74013   69   34 1107.00605  907.79992  18.0%   4.2 1427s
 241822 142606 infeasible  137      1107.00605  907.87342  18.0%   4.2 1441s
 242937 143582     cutoff   99      1107.00605  908.02991  18.0%   4.2 1453s
 244270 144132     cutoff  103      1107.00605  908.09831  18.0%   4.2 1468s
 245349 144995  981.07077   60   12 1107.00605  908.34302  17.9%   4.2 1481s
 246613 145771     cutoff   96      1107.00605  908.47360  17.9%   4.2 1494s
 247722 146671  982.80459   83   24 1107.00605  908.59621  17.9%   4.2 1506s
 249041 147424 1054.45362  105    8 1107.00605  908.71347  17.9%   4.2 1519s
 250274 148219  949.72796   41    6 1107.00605  908.86695  17.9%   4.2 1537s
 251410 148797 1004.02503   83   10 1107.00605  908.96794  17.9%   4.2 1555s
 252510 149295     cutoff   90      1107.00605  909.06636  17.9%   4.2 1570s
 253495 150057     cutoff  105      1107.00605  909.16500  17.9%   4.2 1584s
 253774 150083     cutoff   90      1107.00605  909.16500  17.9%   4.2 1585s
 254656 150829     cutoff   88      1107.00605  909.32966  17.9%   4.2 1601s
 255883 151359 1041.02050   96   33 1107.00605  909.44825  17.8%   4.2 1617s
 256951 152016  982.27104   63   14 1107.00605  909.54874  17.8%   4.2 1632s
 258046 152818     cutoff   85      1107.00605  909.72957  17.8%   4.2 1647s
 259298 153106     cutoff   86      1107.00605  909.75141  17.8%   4.2 1661s
 259666 153748 1044.38366   76   16 1107.00605  909.91828  17.8%   4.2 1679s
 260908 154586     cutoff   61      1107.00605  910.10301  17.8%   4.2 1692s
 262065 155466     cutoff   75      1107.00605  910.24531  17.8%   4.2 1706s
 263325 156088     cutoff   81      1107.00605  910.35574  17.8%   4.2 1719s
 264195 156814 1044.20468   68   14 1107.00605  910.47846  17.8%   4.2 1738s
 265428 157675     cutoff  113      1107.00605  910.59653  17.7%   4.2 1755s
 266726 158445 1021.52245   44    9 1107.00605  910.72692  17.7%   4.2 1770s
 267947 159255 1021.68797   75    6 1107.00605  910.80612  17.7%   4.2 1786s
 269199 159778     cutoff   87      1107.00605  911.06397  17.7%   4.2 1802s
 270195 160530 1073.26149   60    9 1107.00605  911.13370  17.7%   4.2 1818s
 271400 161318     cutoff   99      1107.00605  911.29817  17.7%   4.2 1834s
 272584 162233     cutoff  105      1107.00605  911.49901  17.7%   4.2 1850s
 273896 163005 1056.28509   46    6 1107.00605  911.58884  17.7%   4.2 1864s
 274465 163081     cutoff   85      1107.00605  911.64410  17.6%   4.2 1865s
 275098 163691     cutoff   86      1107.00605  911.80826  17.6%   4.2 1881s
 276063 164467     cutoff  103      1107.00605  911.91445  17.6%   4.2 1896s
 277271 165217     cutoff   91      1107.00605  912.03811  17.6%   4.2 1910s
 278514 165947     cutoff  102      1107.00605  912.15268  17.6%   4.2 1929s
 279697 166757     cutoff   78      1107.00605  912.29610  17.6%   4.2 1948s
 280947 167517     cutoff  101      1107.00605  912.42366  17.6%   4.2 1966s
 282136 168269  956.49807   62    8 1107.00605  912.50098  17.6%   4.2 1983s
 283324 169034 1091.24788   79    - 1107.00605  912.66995  17.6%   4.2 2000s
 284535 169837  991.08289   86   22 1107.00605  912.81658  17.5%   4.2 2015s
 285729 170477 1090.54378   94    - 1107.00605  912.92998  17.5%   4.2 2030s
 286747 171185 1090.96401   94    - 1107.00605  913.06578  17.5%   4.2 2047s
 287950 171981  993.51712   47   10 1107.00605  913.21963  17.5%   4.2 2064s
 288625 172042 1023.78925   52    - 1107.00605  913.24655  17.5%   4.2 2065s
 289148 172431 1002.62350   55    8 1107.00605  913.28577  17.5%   4.2 2082s
 290130 173004  950.96337   48    8 1107.00605  913.39709  17.5%   4.2 2101s
 291265 173858  983.21879   81   30 1107.00605  913.43791  17.5%   4.2 2118s
 292477 174405     cutoff   95      1107.00605  913.66293  17.5%   4.2 2133s
 293530 174697 1078.87978   94    - 1107.00605  913.81501  17.5%   4.2 2153s
 293895 175516     cutoff   94      1107.00605  913.86782  17.4%   4.2 2169s
 294105 175533     cutoff   71      1107.00605  913.87319  17.4%   4.2 2170s
 295239 176322     cutoff  117      1107.00605  913.99719  17.4%   4.2 2184s
 295437 176337 1027.66011   82    8 1107.00605  914.01032  17.4%   4.2 2185s
 296398 177020     cutoff   93      1107.00605  914.12371  17.4%   4.2 2202s
 297636 177791     cutoff   91      1107.00605  914.22906  17.4%   4.2 2218s
 298882 178379     cutoff   94      1107.00605  914.34781  17.4%   4.2 2237s
 299920 178962 1029.42833   50    8 1107.00605  914.46673  17.4%   4.2 2254s
 300547 179046     cutoff   99      1107.00605  914.49602  17.4%   4.2 2255s
 301060 179593     cutoff   94      1107.00605  914.57698  17.4%   4.2 2273s
 302231 180163     cutoff   77      1107.00605  914.71610  17.4%   4.2 2289s
 303276 181038 1059.22769   81   26 1107.00605  914.83088  17.4%   4.2 2309s
 304638 181756     cutoff   87      1107.00605  914.88582  17.4%   4.2 2332s
 305853 182595  918.99397   86   20 1107.00605  914.94516  17.3%   4.2 2349s
 307129 183487     cutoff  113      1107.00605  915.04974  17.3%   4.2 2366s
 308421 184112     cutoff   76      1107.00605  915.29867  17.3%   4.2 2383s
 309299 184794 infeasible   68      1107.00605  915.39716  17.3%   4.2 2403s
 310501 185563     cutoff   89      1107.00605  915.49193  17.3%   4.2 2424s
 311715 186380     cutoff   88      1107.00605  915.52316  17.3%   4.2 2442s
 312975 186992  948.11015  107   20 1107.00605  915.66854  17.3%   4.2 2462s
 314079 187561 1039.18786  120    6 1107.00605  915.74647  17.3%   4.2 2482s
 315173 188274 1031.22103   64    8 1107.00605  915.84769  17.3%   4.2 2503s
 316363 189015     cutoff  107      1107.00605  915.98666  17.3%   4.2 2527s
 317603 189382  983.13160   82   13 1107.00605  916.14546  17.2%   4.2 2548s
 318517 190051 1066.37267   62    6 1107.00605  916.21809  17.2%   4.2 2570s
 319667 190904     cutoff   89      1107.00605  916.29520  17.2%   4.2 2591s
 320931 191689 1019.15514   81   10 1107.00605  916.42681  17.2%   4.2 2611s
 322166 192191     cutoff   89      1107.00605  916.59987  17.2%   4.2 2635s
 323229 192953     cutoff   96      1107.00605  916.62818  17.2%   4.2 2655s
 324473 193287     cutoff   89      1107.00605  916.77803  17.2%   4.2 2672s
 324839 193953 1000.96977   57    6 1107.00605  916.81675  17.2%   4.2 2698s
 326105 194320 1060.16592   89    9 1107.00605  916.92860  17.2%   4.2 2719s
 326787 195093     cutoff   91      1107.00605  916.96805  17.2%   4.2 2743s
 327943 195655 1076.79080   82   24 1107.00605  917.07716  17.2%   4.2 2768s
 328966 196529  961.27387   45   15 1107.00605  917.12985  17.2%   4.2 2798s
 330354 197383 1012.47946   53    9 1107.00605  917.27136  17.1%   4.2 2821s
 331693 198034  978.31179   83    4 1107.00605  917.42522  17.1%   4.2 2841s
 332813 198860     cutoff   84      1107.00605  917.49602  17.1%   4.2 2860s
 334164 199663     cutoff   89      1107.00605  917.70646  17.1%   4.2 2881s
 335450 200354     cutoff   95      1107.00605  917.79243  17.1%   4.2 2903s
 336672 201072     cutoff   94      1107.00605  917.92327  17.1%   4.2 2923s
 337886 201701 1021.16231   41   11 1107.00605  918.06449  17.1%   4.2 2944s
 339038 202331     cutoff   65      1107.00605  918.16591  17.1%   4.2 2966s
 340205 203286 1018.59143   85   14 1107.00605  918.28720  17.0%   4.3 2989s
 341511 204097  946.76203   56   10 1107.00605  918.40211  17.0%   4.2 3009s
 342683 204898     cutoff  135      1107.00605  918.50175  17.0%   4.2 3031s
 343884 205733 1105.45678   79    6 1107.00605  918.58617  17.0%   4.2 3056s
 345140 206585  980.44854   78   31 1107.00605  918.66968  17.0%   4.2 3077s
 346421 207334 1072.04469   97   13 1107.00605  918.74570  17.0%   4.2 3096s
 347660 207982     cutoff  111      1107.00605  918.85660  17.0%   4.2 3115s
 348804 208650 1009.62127   80   13 1107.00605  918.96898  17.0%   4.2 3137s
 349964 209250     cutoff  110      1107.00605  919.02270  17.0%   4.2 3157s
 351137 210122 1063.87893   77   10 1107.00605  919.09983  17.0%   4.2 3174s
 352374 211033 infeasible   92      1107.00605  919.20575  17.0%   4.2 3192s
 353696 211410 1046.58178  110   23 1107.00605  919.30286  17.0%   4.2 3218s
 354560 212133 1097.74430  111    - 1107.00605  919.38094  16.9%   4.2 3241s
 355805 212439 1097.91559  111    - 1107.00605  919.41980  16.9%   4.2 3266s
 356211 213047 1098.55514  111    8 1107.00605  919.49244  16.9%   4.2 3287s
 357438 213598  933.48839   75   16 1107.00605  919.58654  16.9%   4.2 3309s
 358356 214464 1081.34461  118    8 1107.00605  919.70752  16.9%   4.2 3330s
 359747 214841     cutoff   84      1107.00605  919.84720  16.9%   4.2 3355s
 360845 215597     cutoff   61      1107.00605  919.92417  16.9%   4.3 3378s
 362082 216397 infeasible   90      1107.00605  920.04415  16.9%   4.3 3401s
 363342 217074 1097.02380  117    - 1107.00605  920.13609  16.9%   4.3 3426s
 364516 217680     cutoff  117      1107.00605  920.26900  16.9%   4.3 3453s
 365667 218472  940.95847   37    6 1107.00605  920.29226  16.9%   4.3 3479s
 366838 219227 1062.22747   90    8 1107.00605  920.37897  16.9%   4.3 3502s
 368020 220121  940.57563   43   11 1107.00605  920.51823  16.8%   4.3 3526s
 369390 220799     cutoff   63      1107.00605  920.64795  16.8%   4.3 3550s
 370577 221467     cutoff   92      1107.00605  920.69446  16.8%   4.3 3572s
 371675 222091 1052.63357   77    6 1107.00605  920.73086  16.8%   4.3 3594s
 372597 222956     cutoff  109      1107.00605  920.90045  16.8%   4.3 3618s
 373977 223840     cutoff  106      1107.00605  920.97695  16.8%   4.3 3640s
 375330 224578     cutoff  101      1107.00605  921.11658  16.8%   4.3 3664s
 376588 225326 1054.93664   49   11 1107.00605  921.18272  16.8%   4.3 3687s
 377801 225734     cutoff   77      1107.00605  921.34845  16.8%   4.3 3711s
 378807 226589 1066.03495   85   25 1107.00605  921.36021  16.8%   4.3 3740s
 380075 227489  935.40504   48    6 1107.00605  921.50658  16.8%   4.3 3762s
 381390 228207     cutoff  117      1107.00605  921.59007  16.7%   4.3 3783s
 382671 228990     cutoff   99      1107.00605  921.67139  16.7%   4.3 3808s
 383914 229712 1061.00116   87    - 1107.00605  921.77816  16.7%   4.3 3829s
 385014 230239     cutoff   94      1107.00605  921.85513  16.7%   4.3 3851s
 385935 230968 1069.33865   53   10 1107.00605  921.90817  16.7%   4.3 3880s
 387185 231817 1036.75249   96   22 1107.00605  922.03377  16.7%   4.3 3909s
 388508 232376     cutoff   78      1107.00605  922.09452  16.7%   4.3 3936s
 389583 232594     cutoff   74      1107.00605  922.19416  16.7%   4.3 3963s
 389784 233239     cutoff   75      1107.00605  922.19960  16.7%   4.3 3995s
 391046 233763 infeasible   87      1107.00605  922.30525  16.7%   4.3 4022s
 392049 234770 1101.12867   82    - 1107.00605  922.38184  16.7%   4.3 4047s
 393516 235363     cutoff   92      1107.00605  922.46303  16.7%   4.3 4072s
 394742 236132     cutoff  100      1107.00605  922.57306  16.7%   4.3 4103s
 395973 236978 1071.80260   93    6 1107.00605  922.65709  16.7%   4.3 4128s
 397282 237930     cutoff   94      1107.00605  922.78100  16.6%   4.3 4152s
 398694 238485     cutoff   85      1107.00605  922.85068  16.6%   4.3 4181s
 399734 239208 1046.22058   52   10 1107.00605  922.91602  16.6%   4.3 4213s
 400807 239972 1008.88927   83    6 1107.00605  923.00484  16.6%   4.3 4235s
 402109 240616     cutoff  102      1107.00605  923.08403  16.6%   4.3 4263s
 403310 241651 1052.09604  100   10 1107.00605  923.20672  16.6%   4.3 4289s
 404711 242293 1072.68110  101   14 1107.00605  923.28253  16.6%   4.3 4314s
 405339 242336     cutoff  116      1107.00605  923.29988  16.6%   4.3 4315s
 405850 242867     cutoff   97      1107.00605  923.32489  16.6%   4.3 4337s
 407032 243668 1098.48103   75    - 1107.00605  923.42502  16.6%   4.3 4358s
 408188 244238 1077.79160  127   21 1107.00605  923.54606  16.6%   4.3 4382s
 409362 245002 infeasible  130      1107.00605  923.64725  16.6%   4.3 4404s
 410633 245901 1085.06159   88    - 1107.00605  923.74510  16.6%   4.3 4426s
 411930 246652 1014.31053   60    8 1107.00605  923.83021  16.5%   4.3 4450s
 413147 247179 1032.01419   66    9 1107.00605  923.92493  16.5%   4.3 4484s
 413492 247211     cutoff   74      1107.00605  923.94823  16.5%   4.3 4485s
 414158 247894 1078.96877  109   17 1107.00605  924.00694  16.5%   4.3 4510s
 415376 248561 1073.95036   54    - 1107.00605  924.10984  16.5%   4.3 4539s
 416596 249055 1004.12074  114   21 1107.00605  924.17321  16.5%   4.3 4569s
 417662 249817     cutoff  126      1107.00605  924.25064  16.5%   4.3 4604s
 418918 250375     cutoff   84      1107.00605  924.28752  16.5%   4.3 4627s
 419861 250896     cutoff   97      1107.00605  924.34279  16.5%   4.3 4654s
 420985 251239 1074.34469   82    - 1107.00605  924.42434  16.5%   4.3 4686s
 421345 251928 1098.99081   85    6 1107.00605  924.45922  16.5%   4.3 4716s
 422643 252688     cutoff   91      1107.00605  924.56707  16.5%   4.3 4751s
 423923 253424     cutoff   91      1107.00605  924.63292  16.5%   4.3 4779s
 425099 253990 1087.05609   70   21 1107.00605  924.72344  16.5%   4.3 4809s
 425824 254074     cutoff   73      1107.00605  924.74342  16.5%   4.3 4810s
 426074 254825     cutoff   74      1107.00605  924.76971  16.5%   4.3 4836s
 427487 255746     cutoff   84      1107.00605  924.87048  16.5%   4.3 4863s
 428911 256431     cutoff  103      1107.00605  924.92689  16.4%   4.3 4900s
 430083 257021     cutoff   84      1107.00605  925.02289  16.4%   4.3 4928s
 431170 257909     cutoff   88      1107.00605  925.08207  16.4%   4.3 4956s
 432545 258490     cutoff   93      1107.00605  925.17246  16.4%   4.3 4983s
 433750 259206     cutoff   83      1107.00605  925.27824  16.4%   4.3 5009s
 434907 259961 1104.74102   95   13 1107.00605  925.31710  16.4%   4.3 5036s
 436209 260631     cutoff   77      1107.00605  925.43946  16.4%   4.3 5065s
 437446 261375     cutoff  101      1107.00605  925.48144  16.4%   4.3 5094s
 438665 261956     cutoff   78      1107.00605  925.60963  16.4%   4.3 5129s
 439800 262201 1103.67246   69    - 1107.00605  925.71675  16.4%   4.3 5163s
 440149 262648 infeasible   69      1107.00605  925.73153  16.4%   4.3 5194s
 440601 262718 1005.18772   74   18 1107.00605  925.75289  16.4%   4.3 5195s
 441242 263506  953.44660   74    8 1107.00605  925.81799  16.4%   4.3 5228s
 442663 264376 1035.24823   46   15 1107.00605  925.92541  16.4%   4.3 5271s
 443874 264956     cutoff  104      1107.00605  926.01181  16.3%   4.3 5312s
 445062 265757  966.82361   48    8 1107.00605  926.04279  16.3%   4.3 5350s
 446339 266461     cutoff   83      1107.00605  926.16462  16.3%   4.3 5394s
 446521 266497     cutoff   77      1107.00605  926.16628  16.3%   4.3 5395s
 447582 267198  972.42348   57   16 1107.00605  926.25393  16.3%   4.3 5427s
 448762 267954 1104.13385   71    6 1107.00605  926.34224  16.3%   4.3 5453s
 450114 268761 1042.92626   71   30 1107.00605  926.46812  16.3%   4.3 5480s
 451477 269366 1041.23939   45    - 1107.00605  926.52150  16.3%   4.3 5515s
 452609 269924 1005.16562   79   27 1107.00605  926.64919  16.3%   4.3 5553s
 453558 270527 1026.94740   95    6 1107.00605  926.70545  16.3%   4.3 5586s
 454749 271151     cutoff  101      1107.00605  926.74589  16.3%   4.3 5618s
 455970 271760     cutoff   87      1107.00605  926.85846  16.3%   4.3 5649s
 457174 272495 infeasible   81      1107.00605  926.96200  16.3%   4.3 5677s
 458314 273161     cutoff   83      1107.00605  927.05266  16.3%   4.3 5707s
 459592 274062 1038.05027   80   27 1107.00605  927.07478  16.3%   4.3 5737s
 460897 274692 1071.24142   75    6 1107.00605  927.23811  16.2%   4.3 5772s
 461859 275574  983.98346   94   16 1107.00605  927.32556  16.2%   4.3 5809s
 462440 275622     cutoff   95      1107.00605  927.34672  16.2%   4.3 5810s
 463265 275705 1019.90421   56   43 1107.00605  927.41375  16.2%   4.3 5874s
 463267 275706  928.99774   63   41 1107.00605  927.41375  16.2%   4.3 5890s
 463269 275708  992.97656   55   41 1107.00605  927.41375  16.2%   4.3 5897s
 463270 275711  927.41375   43   18 1107.00605  927.41375  16.2%   4.3 5913s
 463272 275715  927.41375   44   12 1107.00605  927.41375  16.2%   4.3 5922s
 463276 275719  927.41375   45   15 1107.00605  927.41375  16.2%   4.3 5929s
 463284 275730  927.41375   46   14 1107.00605  927.41375  16.2%   4.3 5943s
 463296 275738  927.41375   47   33 1107.00605  927.41375  16.2%   4.3 5957s
 463308 275746  927.41375   47   32 1107.00605  927.41375  16.2%   4.3 5967s
 463320 275754  927.41375   48   31 1107.00605  927.41375  16.2%   4.3 5976s
 463332 275762  927.41375   48   28 1107.00605  927.41375  16.2%   4.3 5986s
 463346 275770  927.41375   49   33 1107.00605  927.41375  16.2%   4.3 5992s
 463364 275784  927.41375   49   12 1107.00605  927.41375  16.2%   4.3 5997s
 463383 275795  952.60668   50   14 1107.00605  927.41375  16.2%   4.3 6002s
 463401 275803  927.41375   51   10 1107.00605  927.41375  16.2%   4.3 6007s
 463424 275812  927.41375   52   41 1107.00605  927.41375  16.2%   4.3 6012s
 463444 275816  927.41375   52   35 1107.00605  927.41375  16.2%   4.3 6017s
 463463 275824  927.41375   53   10 1107.00605  927.41375  16.2%   4.3 6022s
 463491 275835  927.41375   54   13 1107.00605  927.41375  16.2%   4.3 6027s
 463521 275851  927.41375   54   35 1107.00605  927.41375  16.2%   4.3 6033s
 463552 275864  927.41375   55   10 1107.00605  927.41375  16.2%   4.3 6038s
 463589 275874  927.41375   56   12 1107.00605  927.41375  16.2%   4.3 6043s
 463621 275888  927.41375   57   16 1107.00605  927.41375  16.2%   4.3 6048s
 463650 275911  927.41375   58   32 1107.00605  927.41375  16.2%   4.3 6054s
 463686 275910  927.41375   59   26 1107.00605  927.41375  16.2%   4.3 6069s
 463690 275908  927.41375   62   20 1107.00605  927.41375  16.2%   4.3 6070s
 463698 275930  927.41375   59   28 1107.00605  927.41375  16.2%   4.3 6076s
 463732 275938  927.41375   60   26 1107.00605  927.41375  16.2%   4.3 6081s
 463766 275951  927.41375   62   12 1107.00605  927.41375  16.2%   4.3 6086s
 463805 275971  927.41375   64   20 1107.00605  927.41375  16.2%   4.3 6093s
 463848 275982  927.41375   66   20 1107.00605  927.41375  16.2%   4.3 6101s
 463893 275993  927.41375   68   18 1107.00605  927.41375  16.2%   4.3 6108s
 463938 276000  929.64381   70   14 1107.00605  927.41375  16.2%   4.3 6115s
 463984 275996 1014.58968   71    - 1107.00605  927.41375  16.2%   4.3 6262s
 464008 276005 1018.51453   72    - 1107.00605  927.41375  16.2%   4.3 6273s
 464048 276027  927.41375   75   18 1107.00605  927.41375  16.2%   4.3 6282s
 464110 276040 1061.51987   77    6 1107.00605  927.41375  16.2%   4.3 6290s
 464172 276061  927.41375   81   21 1107.00605  927.41375  16.2%   4.3 6297s
 464240 276086 1059.27092   83    6 1107.00605  927.41375  16.2%   4.3 6305s
 464317 276101 1039.48027   87    - 1107.00605  927.41375  16.2%   4.3 6313s
 464404 276120 1045.87213   90    - 1107.00605  927.41375  16.2%   4.3 6323s
 464493 276158  936.12409   94   24 1107.00605  927.41375  16.2%   4.3 6333s
 464595 276175  937.17303   97   31 1107.00605  927.41375  16.2%   4.3 6342s
 464682 276192     cutoff  101      1107.00605  927.41375  16.2%   4.3 6351s
 464783 276207  944.45899  105   29 1107.00605  927.41375  16.2%   4.3 6361s
 464896 276222  946.46446  112   21 1107.00605  927.41375  16.2%   4.3 6372s
 465005 276285  950.20818  117   28 1107.00605  927.41375  16.2%   4.3 6381s
 465144 276300  955.21271  123   25 1107.00605  927.41375  16.2%   4.3 6389s
 465276 276330  957.83652  129   25 1107.00605  927.41375  16.2%   4.3 6398s
 465436 276365     cutoff  139      1107.00605  927.41375  16.2%   4.3 6407s
 465614 276409     cutoff  147      1107.00605  927.41375  16.2%   4.3 6417s
 465783 276466 1097.31052  145   12 1107.00605  927.41375  16.2%   4.3 6427s
 465966 276493  927.41375   54   13 1107.00605  927.41375  16.2%   4.3 6439s
 466128 276516 1039.66672   59   10 1107.00605  927.41375  16.2%   4.3 6449s
 466299 276561 1057.62241   63    6 1107.00605  927.41375  16.2%   4.3 6461s
 466471 276620 1092.79428   67   12 1107.00605  927.41375  16.2%   4.3 6470s
 466701 276745  927.41375   68   26 1107.00605  927.41375  16.2%   4.3 6479s
 466969 276851  959.18481   93   29 1107.00605  927.41375  16.2%   4.3 6492s
 467225 276948  991.10429  111   36 1107.00605  927.41375  16.2%   4.3 6505s
 467458 277043 1018.61407  127   23 1107.00605  927.41375  16.2%   4.3 6517s
 467736 277157 1072.14820  138   11 1107.00605  927.41375  16.2%   4.3 6528s
 468045 277329 infeasible  140      1107.00605  927.41375  16.2%   4.3 6541s
 468390 277464  938.28272   80   43 1107.00605  927.41375  16.2%   4.3 6551s
 468690 277639  953.10934   98   37 1107.00605  927.41375  16.2%   4.3 6562s
 469056 277840  999.02171  128   29 1107.00605  927.41375  16.2%   4.3 6573s
 469465 277966 1090.86179  144    - 1107.00605  927.41375  16.2%   4.3 6586s
 469852 278170  927.41375   57    9 1107.00605  927.41375  16.2%   4.3 6600s
 470241 278361  969.21055   79    6 1107.00605  927.41375  16.2%   4.3 6613s
 470673 278651  985.66481   89   33 1107.00605  927.41375  16.2%   4.3 6625s
 471160 278837     cutoff  114      1107.00605  927.41375  16.2%   4.3 6640s
 471638 278761     cutoff   90      1107.00605  927.41375  16.2%   4.3 6660s
 471756 279215  937.53358   55    9 1107.00605  927.41375  16.2%   4.3 6672s
 472350 279355     cutoff  105      1107.00605  927.41375  16.2%   4.3 6686s
 472825 279477 1089.73884   75    - 1107.00605  927.41375  16.2%   4.3 6707s
 473234 279646 1060.39406   65    6 1107.00605  927.41375  16.2%   4.3 6726s
 473731 279969  993.99732   81   23 1107.00605  927.41375  16.2%   4.3 6741s
 474363 280210     cutoff  107      1107.00605  927.41375  16.2%   4.3 6758s
 474946 280498 1040.88978   83   30 1107.00605  927.41375  16.2%   4.3 6779s
 475595 280827 1029.90949  100   28 1107.00605  927.41375  16.2%   4.3 6801s
 476278 281064 1024.92831  112   25 1107.00605  927.41375  16.2%   4.3 6819s
 476959 280877  988.43427   87    6 1107.00605  927.41375  16.2%   4.3 6847s
 476994 281112 1004.00069   91   27 1107.00605  927.41375  16.2%   4.3 6871s
 477533 281146 1019.52474   97   30 1107.00605  927.41375  16.2%   4.3 6897s
 478001 281218     cutoff  103      1107.00605  927.41375  16.2%   4.3 6929s
 478505 281428 1075.18043   72    6 1107.00605  927.41375  16.2%   4.3 6955s
 479057 281365  997.73427   91   22 1107.00605  927.41375  16.2%   4.3 6983s
 479289 281431     cutoff  100      1107.00605  927.41375  16.2%   4.3 7011s
 479510 281953  927.41375   65   14 1107.00605  927.41375  16.2%   4.3 7038s
 480374 282186 1055.81885   82   17 1107.00605  927.41375  16.2%   4.3 7064s
 481133 282679 1072.73319  100   27 1107.00605  927.41375  16.2%   4.3 7086s
 482155 283195     cutoff  116      1107.00605  927.41375  16.2%   4.3 7113s
 483221 283700     cutoff   88      1107.00605  927.41375  16.2%   4.3 7138s
 484328 284288     cutoff   97      1107.00605  927.41375  16.2%   4.3 7169s
 485452 284456  955.23900   59   16 1107.00605  927.41375  16.2%   4.3 7200s

Cutting planes:
  Lazy constraints: 1262

Explored 486163 nodes (2083549 simplex iterations) in 7200.26 seconds
Thread count was 12 (of 12 available processors)

Solution count 2: 1107.01 2440.2 

Time limit reached
Best objective 1.107006053402e+03, best bound 9.274137506144e+02, gap 16.2232%

User-callback calls 2462277, time in user-callback 6.22 sec
/projects/academic/josewalt/caigao/RRARP_BD/BendersDecomp/ret/model_outs/n_19_h_10_algo_2.out
 =====>>>>> Solution is written to file in <../ret/model_outs> !!!
===>> All Done!
