NPROCS=0
This instance is clustered!
Gurobi Optimizer version 9.0.0 build v9.0.0rc2 (linux64)
Optimize a model with 48 rows, 577 columns and 1152 nonzeros
Model fingerprint: 0x08903a8e
Variable types: 1 continuous, 576 integer (576 binary)
Coefficient statistics:
  Matrix range     [1e+00, 1e+00]
  Objective range  [1e+00, 5e+02]
  Bounds range     [1e+00, 1e+00]
  RHS range        [1e+00, 1e+00]
Presolve removed 2 rows and 69 columns
Presolve time: 0.00s
Presolved: 46 rows, 508 columns, 1014 nonzeros
Variable types: 1 continuous, 507 integer (507 binary)

Root relaxation: objective 8.172036e+02, 40 iterations, 0.00 seconds

    Nodes    |    Current Node    |     Objective Bounds      |     Work
 Expl Unexpl |  Obj  Depth IntInf | Incumbent    BestBd   Gap | It/Node Time

     0     0  925.33548    0   12          -  925.33548      -     -    0s
     0     0 1102.48228    0   24          - 1102.48228      -     -    0s
     0     2 1136.53524    0   47          - 1136.53524      -     -    0s
H 1794  1559                    1682.2793198 1149.50356  31.7%   3.8    0s
H 1916  1491                    1682.2789711 1149.50356  31.7%   3.8    1s
H 1917  1416                    1665.6635047 1149.50356  31.0%   3.8    1s
  4349  2264 1175.23605   23   24 1665.66350 1157.17518  30.5%   4.5    5s
 10657  5972     cutoff   75      1665.66350 1197.13939  28.1%   4.6   10s
 14769  8548 1552.36631   67   21 1665.66350 1204.20325  27.7%   4.8   15s
 17390 10573     cutoff   76      1665.66350 1207.26458  27.5%   4.8   20s
 19843 12164 1582.26027   65    - 1665.66350 1211.08585  27.3%   4.9   25s
 22234 13867 1549.60741   69    7 1665.66350 1213.48074  27.1%   4.9   30s
 24896 15757 1597.68736   60   14 1665.66350 1216.14998  27.0%   4.9   36s
 26162 16348 1418.85863   55   24 1665.66350 1217.32815  26.9%   4.9  222s
 26164 16349 1357.98007   62   66 1665.66350 1217.32815  26.9%   4.9  225s
 26169 16353 1545.07850  114   69 1665.66350 1217.32815  26.9%   4.9  230s
 26173 16355 1466.45571   39   89 1665.66350 1217.32815  26.9%   4.9  236s
 26181 16370 1217.32815   33   76 1665.66350 1217.32815  26.9%   4.9  240s
 26621 16617 1408.98793   52   21 1665.66350 1217.32815  26.9%   5.0  245s
 27745 16911     cutoff   59      1665.66350 1217.32815  26.9%   5.0  250s
 29149 17311 1287.73510   44   32 1665.66350 1217.32815  26.9%   5.2  255s
 30837 17854 1280.41342   44   27 1665.66350 1217.32815  26.9%   5.3  260s
 32119 18223 1268.23035   48   17 1665.66350 1217.32815  26.9%   5.4  265s
 33417 18573 1314.59232   52   49 1665.66350 1217.32815  26.9%   5.5  271s
 34312 18804 1408.24978   58   15 1665.66350 1217.32815  26.9%   5.5  275s
 35604 19208     cutoff   83      1665.66350 1217.32815  26.9%   5.6  280s
 36599 19471 1315.72927   53   35 1665.66350 1217.32815  26.9%   5.6  285s
 37679 19734 1217.32815   42   82 1665.66350 1217.32815  26.9%   5.7  290s
 38790 20079 1253.27340   46    9 1665.66350 1217.32815  26.9%   5.8  295s
 39608 20329 1231.61459   45  104 1665.66350 1217.32815  26.9%   5.8  300s
 40837 20751 1283.83955   45   18 1665.66350 1217.32815  26.9%   5.8  306s
 41757 20921 1407.15575   49   47 1665.66350 1217.32815  26.9%   5.9  311s
 42440 21149 1365.82061   49   24 1665.66350 1218.52645  26.8%   5.9  316s
 43385 21447 1355.85076   50   11 1665.66350 1220.10188  26.7%   5.9  322s
 43914 21527 1342.68523   56    - 1665.66350 1220.60289  26.7%   6.0  325s
 44783 21845     cutoff   62      1665.66350 1221.86393  26.6%   6.0  332s
 45304 22015 1278.44591   57   43 1665.66350 1222.48764  26.6%   6.0  336s
 45847 22118 1315.85695   46   85 1665.66350 1222.90897  26.6%   6.0  340s
 46898 22356 1310.73105   46   36 1665.66350 1224.06234  26.5%   6.1  348s
 47479 22527 1322.61960   47   36 1665.66350 1224.71363  26.5%   6.1  353s
 48084 22743 1281.12714   48   34 1665.66350 1225.42558  26.4%   6.1  357s
 48649 22852     cutoff   75      1665.66350 1225.99511  26.4%   6.1  362s
 49253 23005 1298.86836   47   23 1665.66350 1226.55379  26.4%   6.2  367s
 49897 23193 1283.55331   51   91 1665.66350 1227.60160  26.3%   6.2  372s
 50561 23334 1306.08163   49   85 1665.66350 1228.07020  26.3%   6.2  378s
 51223 23470 1362.26853   52   41 1665.66350 1228.69704  26.2%   6.2  384s
 51875 23687 1264.45837   48    - 1665.66350 1229.27650  26.2%   6.2  390s
 52540 23812 1305.97321   48   87 1665.66350 1229.75782  26.2%   6.2  397s
 53221 24046 1324.50200   52   31 1665.66350 1230.34415  26.1%   6.3  404s
 53979 24187 1317.62158   57   72 1665.66350 1231.11124  26.1%   6.3  411s
 54674 24426 1318.69131   53   48 1665.66350 1231.63116  26.1%   6.3  419s
 55476 24566 1345.46661   52   43 1665.66350 1232.11856  26.0%   6.3  427s
 56068 24791 1331.09240   50  117 1665.66350 1232.42524  26.0%   6.3  437s
 56854 25044 infeasible   52      1665.66350 1233.04142  26.0%   6.4  446s
 57731 25276 1288.39797   58   33 1665.66350 1233.56435  25.9%   6.4  456s
 58610 25479     cutoff   53      1665.66350 1233.94135  25.9%   6.4  465s
 59432 25787 1347.27260   50   34 1665.66350 1235.15391  25.8%   6.4  474s
 60266 25891 1312.86087   45   35 1665.66350 1235.58884  25.8%   6.4  486s
 61112 26122 1563.07306   60    7 1665.66350 1236.36314  25.8%   6.5  497s
 61945 26341 1354.53559   47   25 1665.66350 1237.16744  25.7%   6.5  509s
 62803 26559 1299.26924   60  122 1665.66350 1237.70946  25.7%   6.5  520s
 63676 26776 1444.07892   56  120 1665.66350 1238.72240  25.6%   6.5  533s
 64524 26922 1369.05168   53   17 1665.66350 1239.45662  25.6%   6.6  543s
 65123 27128 1309.27992   44   23 1665.66350 1239.85056  25.6%   6.6  556s
 66018 27302     cutoff   58      1665.66350 1240.51672  25.5%   6.6  570s
 66949 27602 1268.16751   46   22 1665.66350 1241.09393  25.5%   6.6  585s
 67861 27778 1350.64092   59   20 1665.66350 1241.56324  25.5%   6.6  600s
 68761 28018 1296.77472   44   44 1665.66350 1241.89377  25.4%   6.6  617s
 69626 28249 1323.10591   46  101 1665.66350 1242.67575  25.4%   6.7  632s
 70470 28500 1446.85528   53   70 1665.66350 1243.25005  25.4%   6.7  648s
 71387 28666     cutoff   57      1665.66350 1243.71746  25.3%   6.7  666s
 72248 28892 1364.61048   53   57 1665.66350 1244.24965  25.3%   6.7  684s
 73181 29086 1390.49815   52    9 1665.66350 1244.93927  25.3%   6.7  701s
 74079 29366     cutoff   55      1665.66350 1245.24161  25.2%   6.7  718s
 75003 29606 1312.12936   49   26 1665.66350 1245.50888  25.2%   6.8  737s
 75999 30099 1287.53327   48   46 1665.66350 1246.37720  25.2%   6.8  759s
 76948 30610 1409.78642   48   34 1665.66350 1247.19625  25.1%   6.8  779s
 77873 31200 1415.59128   58   47 1665.66350 1247.59588  25.1%   6.8  800s
 78776 31727 1356.93308   50   90 1665.66350 1248.00816  25.1%   6.8  820s
 79723 32165 1358.08607   51   28 1665.66350 1248.40128  25.1%   6.8  842s
 80569 32724 1317.34974   43   45 1665.66350 1248.63696  25.0%   6.8  863s
 81569 33204 1311.80240   48   17 1665.66350 1249.51049  25.0%   6.9  885s
 82496 33760 1281.82897   52   34 1665.66350 1249.90376  25.0%   6.9  908s
 83439 34345 1364.86725   55   53 1665.66350 1250.32805  24.9%   6.9  932s
 84426 34892 1309.24026   51   20 1665.66350 1250.85871  24.9%   6.9  953s
 85220 35342 1358.80055   56   36 1665.66350 1251.27167  24.9%   6.9  978s
 86194 35907 1321.90461   52   93 1665.66350 1251.70062  24.9%   6.9 1003s
 87161 36444 1353.37202   51   47 1665.66350 1252.18502  24.8%   6.9 1028s
 88097 37039 1337.73229   50   29 1665.66350 1252.66060  24.8%   7.0 1052s
 89090 37610     cutoff   51      1665.66350 1253.09759  24.8%   7.0 1077s
 90085 38194 1327.87028   51   17 1665.66350 1253.55810  24.7%   7.0 1105s
 91068 38724 1363.76739   51   17 1665.66350 1253.99561  24.7%   7.0 1131s
 92023 39253 1406.37744   63   37 1665.66350 1254.55385  24.7%   7.0 1157s
 93012 39953 1388.31582   59   23 1665.66350 1254.92374  24.7%   7.0 1183s
 94093 40490 1357.97501   48   17 1665.66350 1255.29972  24.6%   7.0 1214s
 94262 40544     cutoff   49      1665.66350 1255.31695  24.6%   7.0 1215s
 95095 41154     cutoff   61      1665.66350 1255.68705  24.6%   7.0 1245s
 96144 41692 infeasible   69      1665.66350 1256.01304  24.6%   7.0 1272s
 97161 42160 1416.49776   45   20 1665.66350 1256.36447  24.6%   7.0 1305s
 98122 42730 1347.86845   46   45 1665.66350 1256.87405  24.5%   7.1 1336s
 99120 43330 1420.96488   64   13 1665.66350 1257.05849  24.5%   7.1 1365s
 100129 43865 1334.86184   49  125 1665.66350 1257.64525  24.5%   7.1 1396s
 101105 44420 1330.38598   47   20 1665.66350 1258.08039  24.5%   7.1 1428s
 102113 44893 1479.88146   53   19 1665.66350 1258.59510  24.4%   7.1 1460s
 102863 45374 1356.26882   50   50 1665.66350 1258.74977  24.4%   7.1 1494s
 103873 45966 1417.42477   56   32 1665.66350 1259.14008  24.4%   7.1 1530s
 104902 46557 1351.55254   46   44 1665.66350 1259.43327  24.4%   7.1 1566s
 105917 47109 1393.82207   49   17 1665.66350 1259.77070  24.4%   7.1 1602s
 106933 47682 1324.57629   50   87 1665.66350 1260.11788  24.3%   7.2 1640s
 107935 48312 1300.75503   46   25 1665.66350 1260.39465  24.3%   7.2 1684s
 109005 48935 1446.49488   51   11 1665.66350 1260.80180  24.3%   7.2 1729s
 110051 49515 1380.71576   55   66 1665.66350 1261.11828  24.3%   7.2 1771s
 111116 50198 1347.84717   48    9 1665.66350 1261.56299  24.3%   7.2 1811s
 112186 50769     cutoff   77      1665.66350 1261.87083  24.2%   7.2 1851s
 113218 51373 1364.53436   45   20 1665.66350 1262.24705  24.2%   7.2 1896s
 114278 52000     cutoff   60      1665.66350 1262.52081  24.2%   7.2 1937s
 115349 52591     cutoff   57      1665.66350 1262.85406  24.2%   7.2 1979s
 116411 53241 1263.95692   52   44 1665.66350 1263.16217  24.2%   7.2 2019s
 116971 53393 1426.52367   57    - 1665.66350 1263.28277  24.2%   7.2 2020s
 117491 53871 1370.67780   54   85 1665.66350 1263.42706  24.1%   7.2 2057s
 118575 54290 1354.94702   54   66 1665.66350 1263.87612  24.1%   7.2 2099s
 119413 54791 infeasible   63      1665.66350 1264.00583  24.1%   7.2 2147s
 120436 55375     cutoff   55      1665.66350 1264.28242  24.1%   7.3 2194s
 121493 56045 1292.99986   41   23 1665.66350 1264.56858  24.1%   7.3 2239s
 121579 56074 1375.53428   57   12 1665.66350 1264.56999  24.1%   7.3 2240s
 122579 56606 1386.27949   46   21 1665.66350 1264.97397  24.1%   7.3 2287s
 123573 57106 1373.90395   50   59 1665.66350 1265.25235  24.0%   7.3 2334s
 124485 57701 1327.66932   57   63 1665.66350 1265.37512  24.0%   7.3 2381s
 125615 58317 1319.80545   48   54 1665.66350 1265.75160  24.0%   7.3 2429s
 126694 58956 1358.15346   46   33 1665.66350 1266.04176  24.0%   7.3 2482s
 127779 59572 infeasible   65      1665.66350 1266.30235  24.0%   7.3 2531s
 128828 60088 1312.81612   45   33 1665.66350 1266.63013  24.0%   7.3 2581s
 129921 60798 1350.59866   47   28 1665.66350 1266.89555  23.9%   7.3 2629s
 131042 61361 1311.11141   45   20 1665.66350 1267.08842  23.9%   7.3 2681s
 132106 61953 1361.64226   47   55 1665.66350 1267.47828  23.9%   7.3 2729s
 133215 62602     cutoff   57      1665.66350 1267.64572  23.9%   7.3 2777s
 134291 63140 1311.77092   50   13 1665.66350 1268.02256  23.9%   7.4 2831s
 135365 63794 1365.46123   59   20 1665.66350 1268.30205  23.9%   7.4 2885s
 136433 64396 1293.79398   60   12 1665.66350 1268.52108  23.8%   7.4 2937s
 137528 64950     cutoff   68      1665.66350 1268.80262  23.8%   7.4 2998s
 138420 65541 1420.88953   52   13 1665.66350 1268.97536  23.8%   7.4 3049s
 138766 65649 1359.02631   50   39 1665.66350 1269.03816  23.8%   7.4 3050s
 139491 66084 1338.01543   51   20 1665.66350 1269.29867  23.8%   7.4 3120s
 140584 66684 1383.65907   63   58 1665.66350 1269.58940  23.8%   7.4 3181s
 141636 67219 1351.13755   49   65 1665.66350 1269.81671  23.8%   7.4 3241s
 142749 67859 1390.25459   55   23 1665.66350 1270.07474  23.7%   7.4 3296s
 143736 68412 1475.47546   47   66 1665.66350 1270.28501  23.7%   7.4 3358s
 144816 68926 1442.40120   54   54 1665.66350 1270.54704  23.7%   7.4 3426s
 145863 69483 1319.72979   44   96 1665.66350 1270.78371  23.7%   7.4 3492s
 146926 70128 1369.61124   51   20 1665.66350 1271.01274  23.7%   7.4 3551s
 148038 70641 1354.90085   55   17 1665.66350 1271.35907  23.7%   7.4 3613s
 149089 71260 1326.93824   54   41 1665.66350 1271.55759  23.7%   7.5 3674s
 149525 71406 1313.89777   45    9 1665.66350 1271.60765  23.7%   7.5 3675s
 150178 71904 1385.51497   54   20 1665.66350 1271.80498  23.6%   7.5 3747s
 151255 72445 1303.05285   43   55 1665.66350 1272.05722  23.6%   7.5 3809s
 152183 72762 1339.26050   48   32 1665.66350 1272.16148  23.6%   7.5 3810s
 152363 72992 1648.00288   68    - 1665.66350 1272.27693  23.6%   7.5 3872s
 153433 73586     cutoff   68      1665.66350 1272.51395  23.6%   7.5 3941s
 154545 74344 1301.19827   49   32 1665.66350 1272.71491  23.6%   7.5 4004s
 155693 74917 infeasible   64      1665.66350 1273.01231  23.6%   7.5 4068s
 156751 75474 1318.16099   45   32 1665.66350 1273.24025  23.6%   7.5 4139s
 157121 75610 1342.49546   44   23 1665.66350 1273.25040  23.6%   7.5 4140s
 157851 76050 1328.51781   50   17 1665.66350 1273.38928  23.6%   7.5 4204s
 158846 76614 1337.06385   48   45 1665.66350 1273.55873  23.5%   7.5 4279s
 159969 77187 1418.95660   51   18 1665.66350 1273.84922  23.5%   7.5 4351s
 161049 77804 1368.00821   46   17 1665.66350 1274.04728  23.5%   7.5 4421s
 162152 78384     cutoff   50      1665.66350 1274.22149  23.5%   7.5 4491s
 163272 79027 1383.36600   52   23 1665.66350 1274.36933  23.5%   7.5 4561s
 164393 79663 1404.95615   54    - 1665.66350 1274.66413  23.5%   7.6 4631s
 165514 80276 1583.29324   54   30 1665.66350 1274.84517  23.5%   7.6 4703s
 166596 80865 1337.97719   53   17 1665.66350 1275.09842  23.4%   7.6 4777s
 167718 81454 1422.86808   66   13 1665.66350 1275.29837  23.4%   7.6 4852s
 168857 82119 1344.37408   56   39 1665.66350 1275.50964  23.4%   7.6 4924s
 169979 82698 1317.29228   56   18 1665.66350 1275.72784  23.4%   7.6 5002s
 171102 83298 1344.98024   48   25 1665.66350 1275.88957  23.4%   7.6 5078s
 172158 83893 1371.58943   53   25 1665.66350 1276.09671  23.4%   7.6 5153s
 173175 84415 1288.80395   45   50 1665.66350 1276.30707  23.4%   7.6 5228s
 174271 85035 1353.36565   47   13 1665.66350 1276.56117  23.4%   7.6 5317s
 175394 85650 1309.87881   51   32 1665.66350 1276.78511  23.3%   7.6 5398s
 176477 86244 1378.48204   56   19 1665.66350 1277.03918  23.3%   7.6 5474s
 177602 86837 1321.03743   47   49 1665.66350 1277.32337  23.3%   7.6 5555s
 178721 87442 1321.44586   48    9 1665.66350 1277.52483  23.3%   7.6 5633s
 179867 88088     cutoff   61      1665.66350 1277.67049  23.3%   7.6 5722s
 181018 88472 1355.32116   53   24 1665.66350 1277.88937  23.3%   7.6 5816s
 181020 88473 1328.86690   46   67 1665.66350 1277.88937  23.3%   7.6 5853s
 181021 88474 1554.79888   64  107 1665.66350 1277.88937  23.3%   7.6 5873s
 181022 88475 1287.68132   58   87 1665.66350 1277.88937  23.3%   7.6 5876s
 181024 88476 1413.40344   70   89 1665.66350 1277.88937  23.3%   7.6 5897s
 181025 88477 1310.99905   46   89 1665.66350 1277.88937  23.3%   7.6 5910s
 181026 88477 1463.76849   53   89 1665.66350 1277.88937  23.3%   7.6 5916s
 181027 88481 1277.88937   45   38 1665.66350 1277.88937  23.3%   7.6 5944s
 181029 88484 1277.88937   46   58 1665.66350 1277.88937  23.3%   7.6 5968s
 181033 88491 1277.88937   47   45 1665.66350 1277.88937  23.3%   7.6 6006s
 181041 88500 1277.88937   48  126 1665.66350 1277.88937  23.3%   7.6 6043s
 181053 88508 1277.88937   49  167 1665.66350 1277.88937  23.3%   7.6 6073s
 181065 88516 1277.88937   49   15 1665.66350 1277.88937  23.3%   7.6 6089s
 181077 88524 1277.88937   50  108 1665.66350 1277.88937  23.3%   7.6 6097s
 181089 88538 1277.88937   50  150 1665.66350 1277.88937  23.3%   7.6 6108s
 181107 88554 1277.88937   51  112 1665.66350 1277.88937  23.3%   7.6 6121s
 181129 88569 1277.88937   52   44 1665.66350 1277.88937  23.3%   7.6 6131s
 181151 88592 1277.88937   53   49 1665.66350 1277.88937  23.3%   7.6 6137s
 181181 88608 1277.88937   54   55 1665.66350 1277.88937  23.3%   7.6 6145s
 181207 88628 1277.88937   56   29 1665.66350 1277.88937  23.3%   7.6 6153s
 181240 88642 1277.88937   58   30 1665.66350 1277.88937  23.3%   7.6 6160s
 181267 88662 1277.88937   59   42 1665.66350 1277.88937  23.3%   7.6 6169s
 181300 88681 1277.88937   60   29 1665.66350 1277.88937  23.3%   7.6 6178s
 181333 88692 1290.50526   60   30 1665.66350 1277.88937  23.3%   7.6 6187s
 181374 88709 1324.76980   62    7 1665.66350 1277.88937  23.3%   7.6 6195s
 181402 88723 1289.56043   64   40 1665.66350 1277.88937  23.3%   7.6 6205s
 181440 88746 1363.11987   66   23 1665.66350 1277.88937  23.3%   7.6 6215s
 181478 88758 1426.17077   67   36 1665.66350 1277.88937  23.3%   7.6 6225s
 181522 88777 1373.22695   69   40 1665.66350 1277.88937  23.3%   7.6 6235s
 181569 88780 1476.56094   70    - 1665.66350 1277.88937  23.3%   7.6 6243s
 181612 88787 1548.34465   71   30 1665.66350 1277.88937  23.3%   7.6 6252s
 181667 88802 1297.04944   73   93 1665.66350 1277.88937  23.3%   7.6 6262s
 181717 88823 1297.51388   75   30 1665.66350 1277.88937  23.3%   7.6 6272s
 181770 88839 1384.53207   77   29 1665.66350 1277.88937  23.3%   7.6 6284s
 181832 88876 1442.30987   80   63 1665.66350 1277.88937  23.3%   7.6 6296s
 181909 88910 1492.15100   83   62 1665.66350 1277.88937  23.3%   7.6 6307s
 181986 88935 1277.88937   51  132 1665.66350 1277.88937  23.3%   7.6 6318s
 182063 88963 1277.88937   55   48 1665.66350 1277.88937  23.3%   7.6 6331s
 182133 88997 1277.88937   57   36 1665.66350 1277.88937  23.3%   7.6 6343s
 182229 89046 1277.88937   60   44 1665.66350 1277.88937  23.3%   7.6 6357s
 182319 89079 1338.42115   66  115 1665.66350 1277.88937  23.3%   7.6 6369s
 182409 89123 1461.69149   73   11 1665.66350 1277.88937  23.3%   7.6 6383s
 182494 89141 1347.85668   81   91 1665.66350 1277.88937  23.3%   7.6 6399s
 182575 89174 1355.59319   86   36 1665.66350 1277.88937  23.3%   7.6 6415s
 182675 89204 infeasible   89      1665.66350 1277.88937  23.3%   7.6 6430s
 182779 89247 1277.88937   54   44 1665.66350 1277.88937  23.3%   7.6 6447s
 182904 89290 1304.92407   59   23 1665.66350 1277.88937  23.3%   7.6 6462s
 183042 89342 1485.40744   65    - 1665.66350 1277.88937  23.3%   7.6 6480s
 183175 89391 1493.73928   65   56 1665.66350 1277.88937  23.3%   7.6 6500s
 183320 89438 1571.09137   76    - 1665.66350 1277.88937  23.3%   7.6 6521s
 183445 89503 1277.88937   61   39 1665.66350 1277.88937  23.3%   7.6 6540s
 183608 89573 1479.85568   65   35 1665.66350 1277.88937  23.3%   7.6 6560s
 183767 89613 1484.34516   69   86 1665.66350 1277.88937  23.3%   7.6 6580s
 183935 89695 1277.88937   60   17 1665.66350 1277.88937  23.3%   7.6 6600s
 184122 89763 1396.84850   62   36 1665.66350 1277.88937  23.3%   7.6 6620s
 184306 89852 1287.64883   63   24 1665.66350 1277.88937  23.3%   7.6 6643s
 184515 89942     cutoff   73      1665.66350 1277.88937  23.3%   7.6 6668s
 184740 89984 1376.01439   63   19 1665.66350 1277.88937  23.3%   7.6 6689s
 184971 90081 1410.66596   64   26 1665.66350 1277.88937  23.3%   7.6 6713s
 185212 90193 1277.88937   65   32 1665.66350 1277.88937  23.3%   7.6 6738s
 185480 90263 1377.20552   70   13 1665.66350 1277.88937  23.3%   7.6 6764s
 185742 90397 1419.28540   80    6 1665.66350 1277.88937  23.3%   7.6 6793s
 186031 90484     cutoff   98      1665.66350 1277.88937  23.3%   7.6 6823s
 186307 90609 1315.29700   70   61 1665.66350 1277.88937  23.3%   7.6 6851s
 186604 90781 1379.62474  106   96 1665.66350 1277.88937  23.3%   7.6 6881s
 186956 90856     cutoff   73      1665.66350 1277.88937  23.3%   7.6 6914s
 187310 91006 1318.03895   66   20 1665.66350 1277.88937  23.3%   7.6 6959s
 187652 91159 1337.40359   72   18 1665.66350 1277.88937  23.3%   7.6 6992s
 188026 91206 1340.34568   72   14 1665.66350 1277.88937  23.3%   7.6 7029s
 188371 91258 1403.24862   73   18 1665.66350 1277.88937  23.3%   7.6 7065s
 188665 91444 1476.84471   74   29 1665.66350 1277.88937  23.3%   7.6 7104s
 189085 91634 1521.27399   64   13 1665.66350 1277.88937  23.3%   7.6 7140s
 189539 91829 1526.50652   61   37 1665.66350 1277.88937  23.3%   7.6 7182s
 190015 91803 1277.88937   64   90 1665.66350 1277.88937  23.3%   7.6 7201s

Cutting planes:
  Gomory: 4
  Flow cover: 2
  Zero half: 2
  Lazy constraints: 1270

Explored 190218 nodes (1453653 simplex iterations) in 7201.22 seconds
Thread count was 12 (of 12 available processors)

Solution count 2: 1665.66 1682.28 

Time limit reached
Best objective 1.665663504726e+03, best bound 1.277889373521e+03, gap 23.2805%

User-callback calls 1368566, time in user-callback 6.83 sec
/projects/academic/josewalt/caigao/RRARP_BD/BendersDecomp/ret/model_outs/n_22_h_7_algo_2.out
 =====>>>>> Solution is written to file in <../ret/model_outs> !!!
===>> All Done!
