NPROCS=0
This instance is clustered!
Gurobi Optimizer version 9.0.0 build v9.0.0rc2 (linux64)
Optimize a model with 36 rows, 325 columns and 648 nonzeros
Model fingerprint: 0xfa9df0e5
Variable types: 1 continuous, 324 integer (324 binary)
Coefficient statistics:
  Matrix range     [1e+00, 1e+00]
  Objective range  [8e-01, 2e+02]
  Bounds range     [1e+00, 1e+00]
  RHS range        [1e+00, 1e+00]
Presolve removed 2 rows and 51 columns
Presolve time: 0.00s
Presolved: 34 rows, 274 columns, 546 nonzeros
Variable types: 1 continuous, 273 integer (273 binary)

Root relaxation: objective 3.600590e+02, 32 iterations, 0.00 seconds

    Nodes    |    Current Node    |     Objective Bounds      |     Work
 Expl Unexpl |  Obj  Depth IntInf | Incumbent    BestBd   Gap | It/Node Time

     0     0  379.12661    0   12          -  379.12661      -     -    0s
     0     0  455.11709    0    6          -  455.11709      -     -    0s
H    0     0                     682.4137644  455.11709  33.3%     -    0s
H    0     0                     682.3463656  455.11709  33.3%     -    0s
     0     0  455.25901    0   15  682.34637  455.25901  33.3%     -    0s
     0     2  455.62106    0   38  682.34637  455.62106  33.2%     -    0s
  6184  3049  514.72860   24    8  682.34637  514.72860  24.6%   4.1    5s
 15361  7432     cutoff   62       682.34637  531.54718  22.1%   3.9   10s
 20563 10694  546.25115   48    9  682.34637  537.23951  21.3%   3.9   15s
 24920 12946     cutoff   56       682.34637  540.65076  20.8%   3.9   20s
 28687 15003  633.99160   53   11  682.34637  543.81631  20.3%   3.9   25s
 32392 16952  627.07782   28   11  682.34637  545.91097  20.0%   4.0   30s
 35704 18962     cutoff   57       682.34637  548.60589  19.6%   3.9   35s
 38481 20329     cutoff   46       682.34637  550.03900  19.4%   3.9   40s
 40884 21596     cutoff   39       682.34637  552.04002  19.1%   4.0   45s
 43618 23043     cutoff   46       682.34637  553.26980  18.9%   4.0   50s
 46257 24503     cutoff   43       682.34637  554.33122  18.8%   4.0   55s
 48905 25690  669.68566   59    6  682.34637  556.10493  18.5%   4.0   61s
 51693 27077     cutoff   50       682.34637  557.30308  18.3%   4.0   66s
 53420 27606  575.37137   26   15  682.34637  558.03508  18.2%   4.0   73s
 53422 27607  597.18944   29   18  682.34637  558.03508  18.2%   4.0   75s
 53427 27611  678.74061   31   24  682.34637  558.03508  18.2%   4.0   80s
 53432 27614  634.18519   29   21  682.34637  558.03508  18.2%   4.0   85s
 53437 27617  672.46176   30   22  682.34637  558.03508  18.2%   4.0   90s
 53441 27625  558.03508   24   17  682.34637  558.03508  18.2%   4.0   95s
 53515 27679  558.03508   29   26  682.34637  558.03508  18.2%   4.0  101s
 53714 27753  558.03508   35   14  682.34637  558.03508  18.2%   4.0  105s
 53987 27835  596.17394   47   12  682.34637  558.03508  18.2%   4.0  110s
 54631 28050  558.03508   61   26  682.34637  558.03508  18.2%   4.0  115s
 55307 28206  607.13313  104   15  682.34637  558.03508  18.2%   4.0  120s
 56391 28523  595.63487   89   24  682.34637  558.03508  18.2%   4.0  125s
 57703 28938  571.87629   54    8  682.34637  558.03508  18.2%   4.0  130s
 58501 29246 infeasible   59       682.34637  558.03508  18.2%   4.0  135s
 59746 29611  637.49669   41    6  682.34637  558.03508  18.2%   4.0  140s
 61243 30216  589.13597   67   27  682.34637  558.03508  18.2%   4.0  146s
 62598 30826  629.62055   74   23  682.34637  558.03508  18.2%   4.0  150s
 64126 31309  636.51547   82   21  682.34637  558.03508  18.2%   4.0  156s
 65119 31723  609.81447   39    6  682.34637  558.03508  18.2%   4.0  161s
 66384 31822  620.73943   57   10  682.34637  558.03508  18.2%   4.0  167s
 66941 32074  578.90357   40   12  682.34637  558.03508  18.2%   4.0  172s
 67853 32238     cutoff   62       682.34637  558.03508  18.2%   4.0  175s
 68925 32774  634.29613   41   13  682.34637  558.03508  18.2%   4.0  180s
 70384 33213  673.66030   61   15  682.34637  558.03508  18.2%   4.0  185s
 71912 33595     cutoff   68       682.34637  558.03508  18.2%   4.0  190s
 73119 34294  623.30348   71   15  682.34637  558.03508  18.2%   4.0  196s
 73991 34448     cutoff   71       682.34637  558.03508  18.2%   4.0  200s
 75602 35083     cutoff   60       682.34637  558.03508  18.2%   4.0  206s
 77558 35794     cutoff   61       682.34637  558.03508  18.2%   4.0  212s
 78639 35853  650.42611   65    9  682.34637  558.03508  18.2%   4.0  216s
 79562 36126     cutoff   67       682.34637  558.03508  18.2%   4.0  220s
 81529 36353  617.70789   55   12  682.34637  558.03508  18.2%   4.0  229s
 82394 36393  622.52098   68   13  682.34637  558.03508  18.2%   4.0  233s
 83148 36419     cutoff   52       682.34637  558.03508  18.2%   4.0  239s
 84045 36791     cutoff   64       682.34637  558.03508  18.2%   4.1  244s
 85117 37101  661.63045   63    9  682.34637  558.03508  18.2%   4.1  249s
 86228 36948  674.87407   82    6  682.34637  558.03508  18.2%   4.0  254s
 86608 37219     cutoff   61       682.34637  558.03508  18.2%   4.1  260s
 87589 37725 infeasible   81       682.34637  558.03508  18.2%   4.1  265s
 88832 37881  643.11061   59   13  682.34637  558.03508  18.2%   4.1  271s
 89938 38328  627.90428   70   21  682.34637  558.03508  18.2%   4.1  277s
 91187 38597  575.37244   33   12  682.34637  558.03508  18.2%   4.1  283s
 92359 38966     cutoff   73       682.34637  558.03508  18.2%   4.1  289s
 93502 39340     cutoff   61       682.34637  558.03508  18.2%   4.1  294s
 94631 39368  577.96560   68   10  682.34637  558.03508  18.2%   4.1  300s
 95628 39631  601.92369   65   15  682.34637  558.03508  18.2%   4.1  305s
 96759 39804     cutoff   70       682.34637  558.03508  18.2%   4.1  310s
 97547 40118  648.04735   60    6  682.34637  558.03508  18.2%   4.1  315s
 98568 40563     cutoff   75       682.34637  558.03508  18.2%   4.1  320s
 99824 40860     cutoff   68       682.34637  558.03508  18.2%   4.1  325s
 101034 40999     cutoff   85       682.34637  558.03508  18.2%   4.1  331s
 102070 41107     cutoff   56       682.34637  558.03508  18.2%   4.1  337s
 103104 41494  633.87946   61    -  682.34637  558.03508  18.2%   4.1  343s
 104270 41851  607.50603   49   11  682.34637  558.03508  18.2%   4.1  348s
 105412 42234     cutoff   64       682.34637  558.03508  18.2%   4.1  353s
 106602 42294  676.79007   55    6  682.34637  558.03508  18.2%   4.1  360s
 107581 42624  672.66656   39   16  682.34637  558.03508  18.2%   4.1  366s
 108804 42891     cutoff   63       682.34637  558.03508  18.2%   4.1  375s
 109964 43051     cutoff   58       682.34637  558.03508  18.2%   4.1  381s
 110889 43499  569.39558   38    6  682.34637  558.03508  18.2%   4.1  388s
 112133 43500  652.35222   70   14  682.34637  558.03508  18.2%   4.1  394s
 112833 43720  573.61736   69   11  682.34637  558.03508  18.2%   4.1  400s
 113944 44046  618.77178   71    9  682.34637  558.03508  18.2%   4.1  406s
 115143 44173  625.12740   35    9  682.34637  558.48365  18.2%   4.1  412s
 116201 44433     cutoff   56       682.34637  558.51824  18.1%   4.1  420s
 117337 44724     cutoff   66       682.34637  559.04930  18.1%   4.1  426s
 118522 44911     cutoff   70       682.34637  559.66661  18.0%   4.1  433s
 119353 45290  621.75191   60   19  682.34637  559.92012  17.9%   4.1  440s
 120556 45362     cutoff   68       682.34637  560.39040  17.9%   4.1  447s
 121613 45749     cutoff   70       682.34637  560.75713  17.8%   4.1  454s
 122852 45947     cutoff   72       682.34637  561.15951  17.8%   4.1  460s
 123949 46137     cutoff   55       682.34637  561.46307  17.7%   4.1  467s
 125087 46477     cutoff   59       682.34637  561.53379  17.7%   4.1  474s
 126261 46766  677.53567   70    6  682.34637  562.06749  17.6%   4.1  481s
 127449 46704  594.53492   42    8  682.34637  562.50375  17.6%   4.1  492s
 127979 46887  580.53068   57   12  682.34637  562.76549  17.5%   4.1  500s
 128869 47074     cutoff   68       682.34637  562.96054  17.5%   4.1  507s
 129955 47336     cutoff   80       682.34637  563.16661  17.5%   4.1  515s
 131127 47658     cutoff   62       682.34637  563.43567  17.4%   4.1  523s
 132373 47752     cutoff   76       682.34637  563.72819  17.4%   4.1  531s
 133452 48252     cutoff   61       682.34637  563.90901  17.4%   4.1  537s
 134775 48475  656.63035   73    6  682.34637  564.23961  17.3%   4.1  545s
 136011 48887 infeasible   74       682.34637  564.63441  17.3%   4.1  553s
 137285 49262     cutoff   61       682.34637  564.98780  17.2%   4.1  560s
 138146 49720  605.98411   39   12  682.34637  565.19778  17.2%   4.1  568s
 139213 50440     cutoff   59       682.34637  565.29486  17.2%   4.1  576s
 140459 50912     cutoff   66       682.34637  565.87461  17.1%   4.1  583s
 141525 51486     cutoff   67       682.34637  566.10622  17.0%   4.1  592s
 142603 51976     cutoff   63       682.34637  566.42733  17.0%   4.1  600s
 143745 52338     cutoff   78       682.34637  566.66682  17.0%   4.1  609s
 144662 52935  671.67634   61   11  682.34637  566.86520  16.9%   4.1  617s
 145811 53493     cutoff   70       682.34637  567.35047  16.9%   4.1  627s
 146638 54014     cutoff   54       682.34637  567.48005  16.8%   4.1  635s
 147893 54562     cutoff   71       682.34637  567.73509  16.8%   4.1  643s
 148809 55100     cutoff   57       682.34637  567.96278  16.8%   4.1  651s
 149877 55562     cutoff   79       682.34637  568.21542  16.7%   4.1  659s
 151013 55940     cutoff   59       682.34637  568.67263  16.7%   4.1  667s
 152116 56519  679.57156   45    6  682.34637  568.86649  16.6%   4.1  676s
 153345 57080     cutoff   61       682.34637  569.27849  16.6%   4.1  684s
 154492 57637  614.43010   55    6  682.34637  569.44919  16.5%   4.1  694s
 155595 58059  604.49145   48    6  682.34637  569.82714  16.5%   4.1  704s
 156739 58688     cutoff   40       682.34637  569.95181  16.5%   4.1  712s
 157757 59118  673.50683   70    8  682.34637  570.40774  16.4%   4.1  721s
 158826 59362     cutoff   74       682.34637  570.69470  16.4%   4.1  730s
 159058 59944  580.13303   41   12  682.34637  570.74264  16.4%   4.1  739s
 160364 60504     cutoff   78       682.34637  571.05534  16.3%   4.1  749s
 161556 61094  659.30988   69   13  682.34637  571.16052  16.3%   4.1  758s
 162771 61621     cutoff   67       682.34637  571.50423  16.2%   4.1  767s
 163951 61988  651.62434   64    8  682.34637  571.78938  16.2%   4.1  776s
 164826 62407     cutoff   73       682.34637  571.81679  16.2%   4.1  786s
 165941 63034  635.74768   71    6  682.34637  572.19836  16.1%   4.1  795s
 167138 63539     cutoff   79       682.34637  572.64089  16.1%   4.1  805s
 168343 64272  647.36850   42    9  682.34637  572.82924  16.1%   4.1  814s
 169634 64965  637.09439   69   14  682.34637  573.11239  16.0%   4.1  824s
 170918 65451     cutoff   72       682.34637  573.32605  16.0%   4.1  833s
 171857 65858  600.39235   43    8  682.34637  573.53933  15.9%   4.1  844s
 172983 66476  673.82787   62   11  682.34637  573.72929  15.9%   4.1  853s
 174206 66975     cutoff   58       682.34637  573.86470  15.9%   4.1  864s
 175288 67657  642.64464   46    6  682.34637  574.20639  15.8%   4.1  874s
 176541 68368     cutoff   73       682.34637  574.58680  15.8%   4.1  883s
 177822 68851     cutoff   83       682.34637  574.81846  15.8%   4.1  898s
 178919 69374  642.06291   59    9  682.34637  575.13913  15.7%   4.1  910s
 180089 69942     cutoff   77       682.34637  575.30324  15.7%   4.1  919s
 181105 70421  598.04810   65   11  682.34637  575.52392  15.7%   4.1  930s
 182201 70904     cutoff   86       682.34637  575.72248  15.6%   4.1  940s
 183335 71358  665.88100   71    -  682.34637  575.87109  15.6%   4.1  950s
 184478 71830  668.28138   71   21  682.34637  576.12042  15.6%   4.1  960s
 185561 72314     cutoff   67       682.34637  576.37816  15.5%   4.1  970s
 186581 72794     cutoff   82       682.34637  576.49473  15.5%   4.1  980s
 187590 73219     cutoff   61       682.34637  576.71413  15.5%   4.1  990s
 188664 73836  648.93510   69    8  682.34637  577.07927  15.4%   4.1 1001s
 189896 74436     cutoff   75       682.34637  577.29263  15.4%   4.1 1012s
 191139 74979  676.66618   57   12  682.34637  577.49422  15.4%   4.1 1023s
 192270 75382     cutoff   76       682.34637  577.85801  15.3%   4.1 1036s
 193344 75629     cutoff   74       682.34637  577.94658  15.3%   4.1 1048s
 194156 75863  631.00045   40    8  682.34637  578.13845  15.3%   4.1 1058s
 194676 76357  644.10573   44    9  682.34637  578.22851  15.3%   4.1 1071s
 195921 76968  654.50900   43    9  682.34637  578.53756  15.2%   4.1 1083s
 197106 77524  630.84621   69    9  682.34637  578.76038  15.2%   4.1 1095s
 198336 78133  671.77918   64   11  682.34637  578.96556  15.2%   4.1 1107s
 199561 78711     cutoff   61       682.34637  579.02307  15.1%   4.1 1117s
 200828 79072  680.57903   68    6  682.34637  579.39357  15.1%   4.1 1130s
 201676 79532     cutoff   68       682.34637  579.56877  15.1%   4.1 1143s
 202886 80001     cutoff   66       682.34637  579.71141  15.0%   4.1 1155s
 204096 80614  642.70037   79   11  682.34637  579.92751  15.0%   4.1 1167s
 205304 80995  664.60103   63    6  682.34637  580.16963  15.0%   4.1 1179s
 206225 81671 infeasible   64       682.34637  580.33059  15.0%   4.1 1190s
 207538 82243  632.68528   61   20  682.34637  580.58516  14.9%   4.1 1204s
 208729 82655  656.99152   50    6  682.34637  580.75866  14.9%   4.1 1216s
 209577 83065     cutoff   63       682.34637  580.89563  14.9%   4.1 1228s
 210754 83616     cutoff   68       682.34637  581.08760  14.8%   4.1 1240s
 211964 84068  643.73375   56   18  682.34637  581.23545  14.8%   4.1 1252s
 213132 84337  667.29996   60   22  682.34637  581.52701  14.8%   4.1 1264s
 213337 84355     cutoff   69       682.34637  581.62519  14.8%   4.1 1265s
 213399 84641  631.94740   65   20  682.34637  581.66159  14.8%   4.1 1278s
 214601 85210     cutoff   77       682.34637  581.84378  14.7%   4.1 1289s
 215566 85439  634.47394   53   12  682.34637  582.02986  14.7%   4.1 1304s
 215985 85840  661.15036   57    6  682.34637  582.10076  14.7%   4.1 1320s
 217216 86378     cutoff   46       682.34637  582.28830  14.7%   4.1 1333s
 218475 86884  665.38152   44   12  682.34637  582.45418  14.6%   4.1 1348s
 219768 87444     cutoff   72       682.34637  582.59119  14.6%   4.1 1361s
 221023 88016  679.25415   40    6  682.34637  582.86534  14.6%   4.1 1375s
 222245 88578     cutoff   68       682.34637  582.97968  14.6%   4.1 1386s
 223282 89085  651.02152   72    6  682.34637  583.30277  14.5%   4.1 1400s
 224568 89515     cutoff   74       682.34637  583.51121  14.5%   4.1 1414s
 225822 89925     cutoff   69       682.34637  583.75075  14.4%   4.1 1431s
 226931 90404  671.07979   59   13  682.34637  583.86986  14.4%   4.1 1445s
 228133 90811  664.67313   57   10  682.34637  584.11280  14.4%   4.1 1459s
 229292 91246  677.39140   57    8  682.34637  584.13948  14.4%   4.1 1477s
 230382 91727  672.01045   65    6  682.34637  584.48548  14.3%   4.1 1495s
 231617 92276  614.11616   36    6  682.34637  584.56959  14.3%   4.1 1516s
 232828 92692  602.86900   76   16  682.34637  584.82756  14.3%   4.1 1531s
 233969 93080     cutoff   85       682.34637  585.00117  14.3%   4.1 1545s
 234988 93591     cutoff   63       682.34637  585.33715  14.2%   4.1 1559s
 235391 93650  680.53000   64   12  682.34637  585.34911  14.2%   4.1 1560s
 236250 94063     cutoff   61       682.34637  585.52679  14.2%   4.1 1576s
 237354 94477  670.71957   72   18  682.34637  585.69712  14.2%   4.1 1589s
 238282 94915     cutoff   60       682.34637  585.77437  14.2%   4.1 1606s
 239456 95301     cutoff   64       682.34637  585.85818  14.1%   4.1 1622s
 240548 95800     cutoff   71       682.34637  586.00773  14.1%   4.1 1637s
 241791 96204     cutoff   61       682.34637  586.15377  14.1%   4.1 1653s
 242984 96630  634.57389   68    6  682.34637  586.33608  14.1%   4.1 1668s
 244007 97044  598.62523   49    6  682.34637  586.49504  14.0%   4.1 1684s
 245166 97510  658.50394   59   12  682.34637  586.63275  14.0%   4.1 1700s
 246357 98033  681.87779   64   12  682.34637  586.82902  14.0%   4.1 1716s
 247540 98463     cutoff   38       682.34637  586.96414  14.0%   4.1 1730s
 248512 98653  674.55000   61    6  682.34637  587.13367  14.0%   4.1 1749s
 248735 98925 infeasible   62       682.34637  587.14696  14.0%   4.1 1764s
 249972 99370     cutoff   77       682.34637  587.19371  13.9%   4.1 1780s
 251147 99850  591.49771   39   16  682.34637  587.46276  13.9%   4.1 1795s
 252405 100301  603.02062   37    8  682.34637  587.59224  13.9%   4.1 1814s
 253668 100641  652.78525   57    9  682.34637  587.82257  13.9%   4.1 1831s
 254566 101027  645.12188   67   23  682.34637  587.96888  13.8%   4.1 1849s
 255755 101443     cutoff   78       682.34637  588.06464  13.8%   4.1 1866s
 256771 101810     cutoff   63       682.34637  588.22554  13.8%   4.1 1882s
 257797 102295  658.57408   67   23  682.34637  588.35854  13.8%   4.1 1899s
 259017 102664  677.63968   68   16  682.34637  588.53245  13.7%   4.1 1916s
 260217 103108     cutoff   60       682.34637  588.64882  13.7%   4.1 1938s
 261389 103496     cutoff   67       682.34637  588.85748  13.7%   4.1 1957s
 262501 103954  600.77011   39   18  682.34637  589.00535  13.7%   4.1 1974s
 263679 104450     cutoff   61       682.34637  589.13543  13.7%   4.1 1990s
 265009 104839     cutoff   63       682.34637  589.20726  13.6%   4.1 2007s
 266200 105208     cutoff   68       682.34637  589.44751  13.6%   4.1 2024s
 267115 105587  648.00866   60   15  682.34637  589.56755  13.6%   4.1 2041s
 268333 106140     cutoff   53       682.34637  589.69751  13.6%   4.1 2058s
 269555 106580  643.62954   58   14  682.34637  589.89472  13.5%   4.1 2074s
 270577 106966  657.71292   61   12  682.34637  589.97094  13.5%   4.1 2090s
 271833 107440  674.10361   66   20  682.34637  590.15582  13.5%   4.1 2107s
 273088 107886  632.99404   66    6  682.34637  590.39010  13.5%   4.1 2126s
 274277 108385  675.40469   73    6  682.34637  590.51334  13.5%   4.1 2146s
 275531 108787 infeasible   74       682.34637  590.62962  13.4%   4.1 2166s
 276737 109215  625.70325   66   13  682.34637  590.85463  13.4%   4.1 2184s
 277761 109609     cutoff   47       682.34637  590.96240  13.4%   4.1 2208s
 278926 110038  634.20916   38    6  682.34637  591.00233  13.4%   4.1 2235s
 280048 110529  632.67841   57   19  682.34637  591.22935  13.4%   4.1 2258s
 281334 111045  615.01044   40   19  682.34637  591.31458  13.3%   4.1 2279s
 282545 111471  606.26262   55   14  682.34637  591.46255  13.3%   4.1 2300s
 283672 111959     cutoff   68       682.34637  591.59806  13.3%   4.1 2319s
 284943 112382     cutoff   68       682.34637  591.75531  13.3%   4.1 2336s
 286117 112692  665.23081   71   20  682.34637  591.88355  13.3%   4.1 2357s
 287082 113128  648.28500   77   16  682.34637  592.05117  13.2%   4.1 2380s
 288261 113369     cutoff   66       682.34637  592.18365  13.2%   4.1 2400s
 288586 113714     cutoff   63       682.34637  592.22165  13.2%   4.1 2418s
 289801 114081     cutoff   66       682.34637  592.34444  13.2%   4.1 2434s
 289887 114100  671.08419   98   10  682.34637  592.35794  13.2%   4.1 2435s
 290821 114596  596.58630   41    6  682.34637  592.51308  13.2%   4.1 2452s
 292151 115096     cutoff   65       682.34637  592.59562  13.2%   4.1 2475s
 293435 115550     cutoff   70       682.34637  592.72072  13.1%   4.1 2494s
 294353 115668  677.38802   63   11  682.34637  592.79264  13.1%   4.1 2495s
 294651 116008     cutoff   57       682.34637  592.88013  13.1%   4.1 2514s
 295911 116466     cutoff   44       682.34637  593.00171  13.1%   4.1 2530s
 296976 116809     cutoff   87       682.34637  593.24018  13.1%   4.1 2550s
 298149 117301     cutoff   64       682.34637  593.37489  13.0%   4.1 2570s
 299393 117734     cutoff   44       682.34637  593.42711  13.0%   4.1 2588s
 300562 118095     cutoff   83       682.34637  593.65571  13.0%   4.1 2607s
 301669 118444  623.60311   38   12  682.34637  593.75421  13.0%   4.1 2627s
 302670 118760  658.07411   64    6  682.34637  593.91163  13.0%   4.1 2647s
 303824 119196  658.91340   45    -  682.34637  594.02431  12.9%   4.1 2667s
 305028 119582     cutoff   66       682.34637  594.12962  12.9%   4.1 2690s
 306034 119918  600.73025   49    6  682.34637  594.28765  12.9%   4.1 2714s
 307192 120311  651.16999   82   19  682.34637  594.39248  12.9%   4.1 2738s
 308413 120761  624.38589   43    6  682.34637  594.55332  12.9%   4.1 2759s
 309508 121030     cutoff   67       682.34637  594.66131  12.9%   4.1 2779s
 310652 121398     cutoff   66       682.34637  594.70980  12.8%   4.1 2799s
 311819 121706  676.97068   63    9  682.34637  594.91069  12.8%   4.1 2818s
 312846 122016     cutoff   71       682.34637  595.13321  12.8%   4.1 2839s
 314023 122541  626.47116   73    6  682.34637  595.25670  12.8%   4.1 2861s
 315329 122915  677.18752   67    8  682.34637  595.40637  12.7%   4.1 2881s
 316539 123251  627.54364   38   12  682.34637  595.49548  12.7%   4.1 2900s
 317528 123481     cutoff   85       682.34637  595.60581  12.7%   4.1 2926s
 317998 123680     cutoff   43       682.34637  595.66618  12.7%   4.1 2952s
 319037 123992  672.79479   57   12  682.34637  595.82703  12.7%   4.1 2976s
 320224 124351     cutoff   54       682.34637  595.88162  12.7%   4.2 2997s
 321334 124653  681.96546   67   15  682.34637  596.06355  12.6%   4.2 3019s
 322643 125030  669.72975   67    6  682.34637  596.10769  12.6%   4.2 3045s
 323672 125516 infeasible   68       682.34637  596.31309  12.6%   4.2 3066s
 325039 126015  660.08840   57    6  682.34637  596.44712  12.6%   4.2 3089s
 326387 126402     cutoff   53       682.34637  596.56739  12.6%   4.2 3112s
 327682 126758     cutoff   62       682.34637  596.59733  12.6%   4.2 3133s
 328741 127028  626.60279   37    9  682.34637  596.85487  12.5%   4.2 3156s
 329976 127401     cutoff   56       682.34637  596.93343  12.5%   4.2 3181s
 331120 127687     cutoff   68       682.34637  597.14193  12.5%   4.2 3203s
 332197 128053     cutoff   66       682.34637  597.27623  12.5%   4.2 3225s
 333469 128415     cutoff   80       682.34637  597.36959  12.5%   4.2 3249s
 334651 128668     cutoff   58       682.34637  597.44940  12.4%   4.2 3272s
 335663 129095  610.25802   70   11  682.34637  597.63602  12.4%   4.2 3295s
 336957 129476  606.85902   38    6  682.34637  597.80781  12.4%   4.2 3318s
 337953 129719 infeasible   55       682.34637  597.89241  12.4%   4.2 3343s
 339146 130038     cutoff   65       682.34637  598.02409  12.4%   4.2 3365s
 340355 130384     cutoff   63       682.34637  598.06016  12.4%   4.2 3389s
 340683 130432  679.12841   64    6  682.34637  598.06016  12.4%   4.2 3390s
 341371 130618     cutoff   75       682.34637  598.20543  12.3%   4.2 3412s
 342602 130904  640.76131   39    6  682.34637  598.39721  12.3%   4.2 3441s
 342976 131133  614.68984   66    6  682.34637  598.43390  12.3%   4.2 3466s
 344093 131510     cutoff   53       682.34637  598.56058  12.3%   4.2 3492s
 345483 131932     cutoff   80       682.34637  598.61504  12.3%   4.2 3516s
 346731 132243     cutoff   78       682.34637  598.73121  12.3%   4.2 3541s
 347813 132580 infeasible   66       682.34637  598.91174  12.2%   4.2 3570s
 348998 132865  680.38166   68   10  682.34637  599.09396  12.2%   4.2 3611s
 349369 132954  642.46274   54   10  682.34637  599.11628  12.2%   4.2 3640s
 350458 133359     cutoff   45       682.34637  599.23435  12.2%   4.2 3666s
 351895 133774  664.49835   65    6  682.34637  599.37133  12.2%   4.2 3694s
 352964 134149  666.76697   73    -  682.34637  599.46648  12.1%   4.2 3721s
 354336 134443 infeasible   73       682.34637  599.53989  12.1%   4.2 3748s
 355527 134786  648.11214   59    8  682.34637  599.65467  12.1%   4.2 3771s
 356642 135121     cutoff   74       682.34637  599.88249  12.1%   4.2 3797s
 357903 135550     cutoff   67       682.34637  599.93589  12.1%   4.2 3825s
 359208 135872     cutoff   73       682.34637  600.12264  12.1%   4.2 3851s
 360327 136256  663.37688   65    6  682.34637  600.21951  12.0%   4.2 3882s
 361671 136658     cutoff   67       682.34637  600.33104  12.0%   4.2 3909s
 362790 137011     cutoff   67       682.34637  600.42173  12.0%   4.2 3939s
 364062 137308     cutoff   53       682.34637  600.50143  12.0%   4.2 3962s
 365165 137719  620.26871   66    8  682.34637  600.59331  12.0%   4.2 3989s
 366497 137971  600.86325   53   12  682.34637  600.68422  12.0%   4.2 4013s
 367507 138322  678.53449   61    6  682.34637  600.87233  11.9%   4.2 4039s
 368811 138603 infeasible   62       682.34637  600.98032  11.9%   4.2 4065s
 369831 138923     cutoff   63       682.34637  601.07787  11.9%   4.2 4095s
 370902 139253  627.79797   46   10  682.34637  601.18874  11.9%   4.2 4123s
 372209 139608     cutoff   59       682.34637  601.32150  11.9%   4.2 4147s
 373247 139902     cutoff   70       682.34637  601.44254  11.9%   4.2 4173s
 374560 140328  633.99148   46    6  682.34637  601.52322  11.8%   4.2 4197s
 375746 140640  669.11550   62    9  682.34637  601.61387  11.8%   4.2 4224s
 376964 140946     cutoff   56       682.34637  601.68937  11.8%   4.2 4250s
 378056 141238     cutoff   65       682.34637  601.86622  11.8%   4.2 4278s
 379249 141636  631.16882   55    6  682.34637  601.98432  11.8%   4.2 4303s
 380560 141957 infeasible   94       682.34637  602.07078  11.8%   4.2 4331s
 381583 142225  657.15196   74   10  682.34637  602.19283  11.7%   4.2 4356s
 382873 142606  681.68810   75    6  682.34637  602.26278  11.7%   4.2 4383s
 384070 142950  674.88940   86    6  682.34637  602.45242  11.7%   4.2 4410s
 385324 143261  675.62753   87    9  682.34637  602.50372  11.7%   4.2 4436s
 386389 143556 infeasible   89       682.34637  602.66221  11.7%   4.2 4464s
 387617 143849  661.49691   63    6  682.34637  602.76362  11.7%   4.2 4494s
 388670 144136  681.15721   91    6  682.34637  602.82143  11.7%   4.2 4521s
 389939 144366     cutoff   91       682.34637  602.95519  11.6%   4.2 4559s
 390077 144388     cutoff   65       682.34637  603.00866  11.6%   4.2 4560s
 390282 144538  653.15634   58   26  682.34637  603.03179  11.6%   4.2 4588s
 391388 144832     cutoff   60       682.34637  603.11963  11.6%   4.2 4620s
 392722 145233     cutoff   62       682.34637  603.19701  11.6%   4.2 4649s
 393609 145355  681.61774   66    6  682.34637  603.19701  11.6%   4.2 4650s
 393897 145570     cutoff   64       682.34637  603.29981  11.6%   4.2 4678s
 395197 145837     cutoff   81       682.34637  603.47049  11.6%   4.2 4710s
 396332 146056     cutoff   71       682.34637  603.59332  11.5%   4.2 4743s
 397526 146366  668.34060   56   20  682.34637  603.71129  11.5%   4.2 4773s
 398695 146664  678.32900   58    -  682.34637  603.78519  11.5%   4.2 4808s
 399900 147028     cutoff   68       682.34637  603.87100  11.5%   4.2 4837s
 401210 147369  645.59293   60   15  682.34637  604.03328  11.5%   4.2 4866s
 402258 147646  653.47456   61   18  682.34637  604.17744  11.5%   4.2 4895s
 403563 148032  653.79378   52   17  682.34637  604.32919  11.4%   4.2 4926s
 404739 148363  672.13336   58    6  682.34637  604.39526  11.4%   4.2 4961s
 405879 148673  676.19830   60    6  682.34637  604.54546  11.4%   4.2 4992s
 407241 148970     cutoff   68       682.34637  604.66342  11.4%   4.2 5026s
 408293 149276     cutoff   61       682.34637  604.76764  11.4%   4.2 5057s
 409598 149572     cutoff   64       682.34637  604.82451  11.4%   4.2 5089s
 410780 149851     cutoff   60       682.34637  604.94380  11.3%   4.2 5123s
 411798 150171  659.27160   60   16  682.34637  605.08982  11.3%   4.2 5156s
 413093 150441  677.53808   66   11  682.34637  605.18674  11.3%   4.2 5188s
 414186 150721     cutoff   61       682.34637  605.27039  11.3%   4.2 5219s
 415175 150877     cutoff   68       682.34637  605.30170  11.3%   4.2 5220s
 415488 150997     cutoff   65       682.34637  605.37993  11.3%   4.2 5247s
 416550 151453     cutoff   62       682.34637  605.45852  11.3%   4.2 5279s
 417426 151571  660.83617   71    6  682.34637  605.45852  11.3%   4.2 5280s
 417888 151727     cutoff   66       682.34637  605.61215  11.2%   4.2 5312s
 419134 152076     cutoff   61       682.34637  605.70465  11.2%   4.2 5343s
 420204 152351     cutoff   49       682.34637  605.75613  11.2%   4.2 5372s
 421382 152615  654.83367   70    6  682.34637  605.83377  11.2%   4.2 5401s
 422457 152919  669.58634   73    6  682.34637  606.00890  11.2%   4.2 5431s
 423789 153155 infeasible   63       682.34637  606.04001  11.2%   4.2 5481s
 424246 153242  644.97558   61    6  682.34637  606.16134  11.2%   4.2 5521s
 425406 153359     cutoff   93       682.34637  606.18063  11.2%   4.2 5557s
 426496 153643     cutoff   62       682.34637  606.26870  11.1%   4.2 5592s
 427685 153872 infeasible   74       682.34637  606.38460  11.1%   4.2 5637s
 428834 154239     cutoff   62       682.34637  606.57728  11.1%   4.2 5673s
 430235 154540     cutoff   80       682.34637  606.70407  11.1%   4.2 5706s
 431347 154801     cutoff   66       682.34637  606.73842  11.1%   4.2 5737s
 432690 155170     cutoff   76       682.34637  606.82902  11.1%   4.2 5783s
 433921 155412     cutoff   68       682.34637  606.96120  11.0%   4.2 5826s
 435066 155643  649.65676   56    9  682.34637  606.98511  11.0%   4.2 5866s
 436294 155989     cutoff   57       682.34637  607.17445  11.0%   4.2 5899s
 437612 156322 infeasible   68       682.34637  607.27569  11.0%   4.2 5942s
 438742 156544  666.18716   60   18  682.34637  607.36791  11.0%   4.2 5978s
 440016 156808 infeasible   69       682.34637  607.44596  11.0%   4.2 6012s
 441121 157070     cutoff   72       682.34637  607.56612  11.0%   4.2 6051s
 442450 157353  676.13904   71    6  682.34637  607.58739  11.0%   4.2 6085s
 443591 157659 infeasible   72       682.34637  607.77368  10.9%   4.2 6123s
 444734 157869     cutoff   58       682.34637  607.85475  10.9%   4.2 6160s
 445960 158168     cutoff   68       682.34637  607.98757  10.9%   4.2 6204s
 446767 158298     cutoff   70       682.34637  608.00391  10.9%   4.2 6205s
 447138 158374  636.92080   59    8  682.34637  608.10037  10.9%   4.2 6240s
 448289 158632  673.28836   62    6  682.34637  608.22369  10.9%   4.2 6276s
 449452 158822     cutoff   68       682.34637  608.32882  10.8%   4.2 6313s
 450650 159156     cutoff   63       682.34637  608.45284  10.8%   4.2 6353s
 451968 159409  627.93275   57   11  682.34637  608.56305  10.8%   4.2 6386s
 453097 159598 infeasible   65       682.34637  608.67602  10.8%   4.2 6425s
 454253 159823     cutoff   58       682.34637  608.70212  10.8%   4.2 6466s
 455302 160049  636.10114   67   18  682.34637  608.84815  10.8%   4.2 6502s
 456552 160313  642.46081   72   12  682.34637  608.91671  10.8%   4.2 6542s
 457593 160537  647.44558   43   10  682.34637  609.01363  10.7%   4.2 6584s
 458130 160623  667.03649   57    8  682.34637  609.01363  10.7%   4.2 6585s
 458875 160814 infeasible   66       682.34637  609.15800  10.7%   4.2 6633s
 460064 161073 infeasible   55       682.34637  609.18947  10.7%   4.2 6678s
 461368 161347     cutoff   41       682.34637  609.34947  10.7%   4.2 6714s
 462549 161657     cutoff   64       682.34637  609.39452  10.7%   4.2 6752s
 463781 161917     cutoff   57       682.34637  609.53653  10.7%   4.2 6792s
 464945 162165     cutoff   67       682.34637  609.60088  10.7%   4.2 6839s
 465867 162325     cutoff   73       682.34637  609.65189  10.7%   4.2 6840s
 466059 162448     cutoff   66       682.34637  609.67459  10.7%   4.2 6880s
 467250 162661  660.29123   54    6  682.34637  609.80308  10.6%   4.2 6920s
 468537 162942     cutoff   75       682.34637  609.92045  10.6%   4.2 6960s
 469683 163126     cutoff   86       682.34637  609.99445  10.6%   4.2 7002s
 470218 163306     cutoff   60       682.34637  610.02785  10.6%   4.2 7045s
 471339 163541  671.93138   66    6  682.34637  610.15959  10.6%   4.2 7082s
 472763 163804  651.11970   60   15  682.34637  610.27488  10.6%   4.2 7122s
 473954 164040     cutoff   66       682.34637  610.30058  10.6%   4.2 7165s
 475245 164218 infeasible   69       682.34637  610.37222  10.5%   4.2 7200s

Cutting planes:
  Gomory: 4
  Flow cover: 1
  Zero half: 1
  Lazy constraints: 60184

Explored 475563 nodes (2011186 simplex iterations) in 7201.23 seconds
Thread count was 12 (of 12 available processors)

Solution count 2: 682.346 682.414 

Time limit reached
Best objective 6.823463655830e+02, best bound 6.104809659574e+02, gap 10.5321%

User-callback calls 2028855, time in user-callback 6.44 sec
/projects/academic/josewalt/caigao/RRARP_BD/BendersDecomp/ret/model_outs/n_16_h_6_algo_2.out
 =====>>>>> Solution is written to file in <../ret/model_outs> !!!
===>> All Done!
