NPROCS=0
This instance is clustered!
Gurobi Optimizer version 9.0.0 build v9.0.0rc2 (linux64)
Optimize a model with 30 rows, 226 columns and 450 nonzeros
Model fingerprint: 0xd3b5a434
Variable types: 1 continuous, 225 integer (225 binary)
Coefficient statistics:
  Matrix range     [1e+00, 1e+00]
  Objective range  [1e+00, 2e+02]
  Bounds range     [1e+00, 1e+00]
  RHS range        [1e+00, 1e+00]
Presolve removed 2 rows and 42 columns
Presolve time: 0.00s
Presolved: 28 rows, 184 columns, 366 nonzeros
Variable types: 1 continuous, 183 integer (183 binary)

Root relaxation: objective 4.050489e+02, 29 iterations, 0.00 seconds

    Nodes    |    Current Node    |     Objective Bounds      |     Work
 Expl Unexpl |  Obj  Depth IntInf | Incumbent    BestBd   Gap | It/Node Time

     0     0  430.25305    0   22          -  430.25305      -     -    0s
H    0     0                     562.2563014  430.25305  23.5%     -    0s
     0     0  432.06783    0   31  562.25630  432.06783  23.2%     -    0s
     0     0  437.58964    0    6  562.25630  437.58964  22.2%     -    0s
     0     0  437.62584    0   28  562.25630  437.62584  22.2%     -    0s
     0     2  437.71243    0   32  562.25630  437.71243  22.2%     -    0s
  7198  2961  502.73284   14   28  562.25630  501.43721  10.8%   3.7    5s
 17168  3957     cutoff   31       562.25630  510.51497  9.20%   4.2   10s
 26199  5821  547.04965   32    -  562.25630  525.00386  6.63%   4.4   15s
 31764  6010     cutoff   31       562.25630  532.62961  5.27%   4.5   20s
 37083  5722  554.21095   48   23  562.25630  538.26318  4.27%   4.5   25s
 41439  5041  555.27864   30   24  562.25630  542.81679  3.46%   4.6   30s
 45028  3904     cutoff   35       562.25630  548.63763  2.42%   4.6   35s
 48580  2143     cutoff   26       562.25630  552.61597  1.71%   4.7   40s
 52068     0     cutoff   38       562.25630  559.69520  0.46%   4.8   45s

Cutting planes:
  Lazy constraints: 4297

Explored 52230 nodes (248538 simplex iterations) in 45.13 seconds
Thread count was 12 (of 12 available processors)

Solution count 1: 562.256 

Optimal solution found (tolerance 1.00e-04)
Best objective 5.622563013887e+02, best bound 5.622563013887e+02, gap 0.0000%

User-callback calls 116271, time in user-callback 0.38 sec
/projects/academic/josewalt/caigao/RRARP_BD/BendersDecomp/ret/model_outs/n_13_m_6_algo_2.out
 =====>>>>> Solution is written to file in <../ret/model_outs> !!!
===>> All Done!
