NPROCS=0
This instance is clustered!
Gurobi Optimizer version 9.0.0 build v9.0.0rc2 (linux64)
Optimize a model with 48 rows, 577 columns and 1152 nonzeros
Model fingerprint: 0xcf48773c
Variable types: 1 continuous, 576 integer (576 binary)
Coefficient statistics:
  Matrix range     [1e+00, 1e+00]
  Objective range  [1e+00, 5e+02]
  Bounds range     [1e+00, 1e+00]
  RHS range        [1e+00, 1e+00]
Presolve removed 2 rows and 69 columns
Presolve time: 0.01s
Presolved: 46 rows, 508 columns, 1014 nonzeros
Variable types: 1 continuous, 507 integer (507 binary)

Root relaxation: objective 8.803869e+02, 35 iterations, 0.00 seconds

    Nodes    |    Current Node    |     Objective Bounds      |     Work
 Expl Unexpl |  Obj  Depth IntInf | Incumbent    BestBd   Gap | It/Node Time

     0     0  962.47917    0   10          -  962.47917      -     -    0s
     0     0 1173.29565    0   12          - 1173.29565      -     -    0s
     0     2 1421.49371    0   18          - 1421.49371      -     -    0s
H 2058  1635                    1859.6800975 1480.56160  20.4%   6.3    1s
H 2058  1553                    1842.5902999 1480.56160  19.6%   6.3    1s
 15026  8816 1711.20147   33   15 1842.59030 1557.65257  15.5%   6.3    5s
 26502 16816 1806.22905   73   29 1842.59030 1574.36760  14.6%   6.5   10s
 34337 21841     cutoff   71      1842.59030 1582.76895  14.1%   6.6   15s
 44713 28611 1822.11049   71    8 1842.59030 1590.57934  13.7%   6.7   20s
 51931 33550     cutoff   67      1842.59030 1595.68248  13.4%   6.7   25s
 59426 38428     cutoff   85      1842.59030 1600.67296  13.1%   6.7   30s
 66229 42204 1775.06518   56   29 1842.59030 1604.81189  12.9%   6.8   35s
 72348 45978     cutoff   43      1842.59030 1608.52478  12.7%   6.8   40s
 77719 49374     cutoff   45      1842.59030 1611.29114  12.6%   6.8   45s
 82783 52562     cutoff   53      1842.59030 1613.48218  12.4%   6.9   50s
 87239 55055 infeasible   51      1842.59030 1615.26327  12.3%   6.9   55s
 91303 56693     cutoff   50      1842.59030 1616.93628  12.2%   6.9   62s
 93220 58340 1694.78943   36   20 1842.59030 1617.52854  12.2%   6.9   65s
 94297 58374 1759.48146   41   12 1842.59030 1617.87852  12.2%   6.9  163s
 94299 58375 1747.34402   46   46 1842.59030 1617.87852  12.2%   6.9  165s
 94306 58380 1708.82751   57   57 1842.59030 1617.87852  12.2%   6.9  170s
 94307 58381 1765.33504   42   58 1842.59030 1617.87852  12.2%   6.9  175s
 94311 58383 1697.50140   48   59 1842.59030 1617.87852  12.2%   6.9  183s
 94313 58385 1706.91238   49   62 1842.59030 1617.87852  12.2%   6.9  186s
 94353 58424 1617.87852   26   36 1842.59030 1617.87852  12.2%   6.9  190s
 94953 58702 1713.34830   50   22 1842.59030 1617.87852  12.2%   7.0  195s
 96028 59146 1650.74056   55   30 1842.59030 1617.87852  12.2%   7.0  200s
 97941 59871 infeasible   72      1842.59030 1617.87852  12.2%   7.0  205s
 99310 60230 1798.07606   59   19 1842.59030 1617.87852  12.2%   7.0  212s
 100365 60985 1635.33862   43   48 1842.59030 1617.87852  12.2%   7.0  215s
 103117 62104 infeasible   57      1842.59030 1617.87852  12.2%   7.0  220s
 105770 63258 1697.84410   38   30 1842.59030 1617.87852  12.2%   7.0  226s
 107586 63439     cutoff   54      1842.59030 1617.87852  12.2%   7.0  230s
 109732 64730 1645.48523   32   19 1842.59030 1617.87852  12.2%   7.0  235s
 111713 65394 1779.78841   55   28 1842.59030 1617.87852  12.2%   7.0  240s
 114927 66594     cutoff   68      1842.59030 1617.87852  12.2%   7.0  246s
 116674 67292     cutoff   90      1842.59030 1617.87852  12.2%   7.1  250s
 119613 67993 1695.70292   44   23 1842.59030 1617.87852  12.2%   7.1  256s
 121531 69017     cutoff   54      1842.59030 1617.87852  12.2%   7.1  260s
 123982 69446     cutoff   56      1842.59030 1617.87852  12.2%   7.1  265s
 127432 70581 1736.53674   52   16 1842.59030 1617.87852  12.2%   7.1  272s
 130098 71569     cutoff   47      1842.59030 1617.87852  12.2%   7.1  276s
 132406 72031     cutoff   63      1842.59030 1617.87852  12.2%   7.1  281s
 134511 72635 infeasible   55      1842.59030 1617.87852  12.2%   7.1  286s
 137017 73537 1651.85760   45   30 1842.59030 1617.87852  12.2%   7.1  291s
 139235 74456     cutoff   45      1842.59030 1617.87852  12.2%   7.1  296s
 141846 75089     cutoff   58      1842.59030 1617.87852  12.2%   7.1  300s
 145160 76119 infeasible   62      1842.59030 1618.82384  12.1%   7.2  306s
 147677 76261     cutoff   66      1842.59030 1620.14620  12.1%   7.2  315s
 149280 77054 1730.77967   56   43 1842.59030 1620.97924  12.0%   7.2  321s
 151064 77947 1798.00950   57   31 1842.59030 1621.97651  12.0%   7.2  326s
 153672 78561     cutoff   83      1842.59030 1623.23603  11.9%   7.2  330s
 157614 79573     cutoff   57      1842.59030 1625.11722  11.8%   7.2  337s
 159961 80407     cutoff   71      1842.59030 1626.22664  11.7%   7.2  341s
 162482 81030     cutoff   83      1842.59030 1627.47588  11.7%   7.2  345s
 166090 82132     cutoff   56      1842.59030 1629.29864  11.6%   7.2  351s
 168559 82596     cutoff   57      1842.59030 1630.31322  11.5%   7.2  355s
 172199 83703     cutoff   72      1842.59030 1632.00504  11.4%   7.2  361s
 174773 84378 1706.44596   55   14 1842.59030 1633.03539  11.4%   7.2  365s
 178058 85335 1734.58134   42   22 1842.59030 1634.24428  11.3%   7.2  371s
 180435 86073 1747.81797   76   43 1842.59030 1635.06080  11.3%   7.2  375s
 182791 86740     cutoff   50      1842.59030 1635.97159  11.2%   7.2  380s
 185648 87408 1789.25442   52   17 1842.59030 1636.93360  11.2%   7.2  385s
 188054 87996 infeasible   66      1842.59030 1637.89392  11.1%   7.2  390s
 191319 88762     cutoff   53      1842.59030 1639.13329  11.0%   7.2  397s
 193758 89496 1746.63153   43   21 1842.59030 1640.28348  11.0%   7.2  401s
 196110 90088     cutoff   61      1842.59030 1641.16543  10.9%   7.2  406s
 198353 90907 1724.21315   66   20 1842.59030 1641.88237  10.9%   7.3  411s
 201021 91401     cutoff   50      1842.59030 1642.65280  10.9%   7.3  416s
 203065 91893     cutoff   44      1842.59030 1643.40716  10.8%   7.3  420s
 205454 92569 1743.16384   50   27 1842.59030 1644.29351  10.8%   7.3  425s
 207791 93040     cutoff   57      1842.59030 1644.93219  10.7%   7.3  430s
 210132 93746 1798.94371   48   38 1842.59030 1645.67845  10.7%   7.3  436s
 212761 94497     cutoff   72      1842.59030 1646.33025  10.7%   7.3  441s
 214045 94135     cutoff   67      1842.59030 1646.73781  10.6%   7.3  449s
 214143 94638 1699.90970   34   46 1842.59030 1646.80746  10.6%   7.3  452s
 216162 95352 1763.99511   48   29 1842.59030 1647.28086  10.6%   7.3  457s
 217409 95540 infeasible   52      1842.59030 1647.56950  10.6%   7.3  460s
 219778 96082     cutoff   71      1842.59030 1648.23102  10.5%   7.3  466s
 222221 96752 1760.06719   59   39 1842.59030 1648.80720  10.5%   7.3  471s
 224669 97493 1798.78073   51   14 1842.59030 1649.39223  10.5%   7.3  476s
 227029 97738     cutoff   60      1842.59030 1649.99097  10.5%   7.3  480s
 229071 98393     cutoff   65      1842.59030 1650.60394  10.4%   7.3  486s
 231421 98840 1725.27677   39   20 1842.59030 1651.20763  10.4%   7.3  492s
 233517 99498 infeasible   64      1842.59030 1651.73614  10.4%   7.3  497s
 236091 99747     cutoff   52      1842.59030 1652.25268  10.3%   7.3  501s
 238190 100393 1721.74105   47    6 1842.59030 1652.88782  10.3%   7.3  507s
 240761 100848     cutoff   69      1842.59030 1653.44391  10.3%   7.3  512s
 243088 101306 1840.12634   58   12 1842.59030 1653.96213  10.2%   7.3  517s
 245040 101174 1791.81872   74    8 1842.59030 1654.38764  10.2%   7.3  528s
 245065 101842 1790.20021   74   17 1842.59030 1654.48949  10.2%   7.3  531s
 247415 102056 1768.07014   72   15 1842.59030 1654.86833  10.2%   7.3  537s
 248416 102467     cutoff   63      1842.59030 1654.89692  10.2%   7.3  540s
 250944 102798     cutoff   42      1842.59030 1655.61147  10.1%   7.3  546s
 253155 103347 1698.82219   42   21 1842.59030 1656.16854  10.1%   7.3  551s
 255651 104031 1769.88126   42   12 1842.59030 1656.79293  10.1%   7.3  557s
 258118 104416 1720.91683   36   35 1842.59030 1657.19626  10.1%   7.3  563s
 259153 104613 1761.46626   76   26 1842.59030 1657.34268  10.1%   7.3  567s
 261427 105251     cutoff   60      1842.59030 1657.89739  10.0%   7.3  572s
 263413 105361     cutoff   63      1842.59030 1658.36594  10.0%   7.3  576s
 264028 105832 1714.90227   55   31 1842.59030 1658.37191  10.0%   7.3  583s
 265259 106230 1818.63353   62   24 1842.59030 1658.76918  10.0%   7.3  586s
 266723 106506 1770.79178   42   13 1842.59030 1659.13873  10.0%   7.3  590s
 269294 106932     cutoff   60      1842.59030 1659.64184  9.93%   7.3  596s
 271675 108210     cutoff   72      1842.59030 1660.23404  9.90%   7.3  602s
 273026 108810 1840.55322   66    - 1842.59030 1660.56917  9.88%   7.3  605s
 275486 109914     cutoff   70      1842.59030 1661.10133  9.85%   7.3  612s
 276674 110531 1770.84334   50   15 1842.59030 1661.35204  9.84%   7.3  616s
 279137 111737 1817.97410   45   12 1842.59030 1661.74349  9.81%   7.3  623s
 280157 112226     cutoff   61      1842.59030 1661.86453  9.81%   7.3  626s
 282371 113456 1792.08078   59   16 1842.59030 1662.30146  9.78%   7.4  632s
 283675 113851     cutoff   64      1842.59030 1662.51150  9.77%   7.4  635s
 284491 114470 infeasible   62      1842.59030 1662.74410  9.76%   7.4  640s
 286722 115725 1792.68483   46   15 1842.59030 1663.22131  9.73%   7.4  648s
 288104 116346     cutoff   76      1842.59030 1663.42777  9.72%   7.4  651s
 290429 117572 1836.42834   67   16 1842.59030 1663.90284  9.70%   7.4  657s
 291560 118290     cutoff   86      1842.59030 1664.10471  9.69%   7.4  661s
 292844 118776     cutoff   89      1842.59030 1664.36375  9.67%   7.4  665s
 295199 120105     cutoff   56      1842.59030 1664.87320  9.64%   7.4  672s
 296349 120504 1826.39829   46   15 1842.59030 1665.14431  9.63%   7.4  676s
 297324 121162 1821.37014   76   22 1842.59030 1665.22466  9.63%   7.4  680s
 299438 122341 1750.14742   51   15 1842.59030 1665.62129  9.60%   7.4  687s
 300803 123051     cutoff   65      1842.59030 1665.85694  9.59%   7.4  691s
 302095 123808 1718.04783   61   22 1842.59030 1666.03940  9.58%   7.4  695s
 304595 124912 1712.19072   44   42 1842.59030 1666.42396  9.56%   7.4  703s
 305739 124950     cutoff   63      1842.59030 1666.56900  9.55%   7.4  715s
 306504 125814 1731.99781   40   22 1842.59030 1666.73531  9.54%   7.4  721s
 307574 126404 1792.13670   65   26 1842.59030 1666.91172  9.53%   7.4  725s
 310246 127778     cutoff   73      1842.59030 1667.33630  9.51%   7.4  731s
 311539 128297 1733.11254   39   16 1842.59030 1667.56567  9.50%   7.4  735s
 313905 129303 1830.27745   43    6 1842.59030 1667.95925  9.48%   7.4  743s
 314917 129963 1743.26061   56   20 1842.59030 1668.14203  9.47%   7.4  747s
 316185 130641 1815.74343   35   18 1842.59030 1668.26177  9.46%   7.4  750s
 318761 131839 1778.69080   64   20 1842.59030 1668.75233  9.43%   7.4  758s
 319984 132372     cutoff   72      1842.59030 1668.96872  9.42%   7.4  764s
 321079 132968 1690.45689   60   26 1842.59030 1669.09893  9.42%   7.4  767s
 322414 133527 1715.32068   46   27 1842.59030 1669.31185  9.40%   7.4  770s
 324439 134516 1691.78218   49   23 1842.59030 1669.63210  9.39%   7.4  777s
 325808 135020     cutoff   74      1842.59030 1669.81979  9.38%   7.4  780s
 328349 136350 1748.89943   61   35 1842.59030 1670.27026  9.35%   7.4  787s
 329663 136748 1814.64205   40   21 1842.59030 1670.47503  9.34%   7.4  791s
 330493 137279 1784.61225   46   18 1842.59030 1670.64865  9.33%   7.4  796s
 331487 137890     cutoff   62      1842.59030 1670.74344  9.33%   7.4  801s
 332798 138538     cutoff   64      1842.59030 1670.94513  9.32%   7.4  805s
 335472 139919 1839.65742   87   10 1842.59030 1671.30562  9.30%   7.4  812s
 336658 140502 1769.94109   49   30 1842.59030 1671.51454  9.28%   7.5  817s
 337830 140877     cutoff   48      1842.59030 1671.65796  9.28%   7.5  821s
 338740 141566 1827.44965   68   18 1842.59030 1671.86770  9.27%   7.5  825s
 341481 142822 1828.16597   47   12 1842.59030 1672.31140  9.24%   7.5  832s
 342371 143468     cutoff   83      1842.59030 1672.39594  9.24%   7.5  836s
 343706 144110     cutoff   77      1842.59030 1672.55305  9.23%   7.5  840s
 346371 145458     cutoff   68      1842.59030 1672.90732  9.21%   7.5  847s
 347742 146049     cutoff   41      1842.59030 1673.12569  9.20%   7.5  852s
 349030 146507     cutoff   70      1842.59030 1673.41099  9.18%   7.5  857s
 350172 147033 1690.48634   43   31 1842.59030 1673.54989  9.17%   7.5  862s
 351377 147449     cutoff   51      1842.59030 1673.73041  9.16%   7.5  866s
 352280 148002     cutoff   61      1842.59030 1673.83933  9.16%   7.5  871s
 353528 148599 infeasible   63      1842.59030 1673.95107  9.15%   7.5  876s
 354864 149133 infeasible   65      1842.59030 1674.18548  9.14%   7.5  881s
 355991 149791     cutoff   39      1842.59030 1674.35100  9.13%   7.5  886s
 357257 150307 1825.63832   57    8 1842.59030 1674.52331  9.12%   7.5  890s
 359252 151356     cutoff   44      1842.59030 1674.79033  9.11%   7.5  900s
 360549 151970 1819.43934   53   14 1842.59030 1674.95745  9.10%   7.5  905s
 361827 152588     cutoff   66      1842.59030 1675.09677  9.09%   7.5  910s
 363092 153052     cutoff   69      1842.59030 1675.32929  9.08%   7.5  915s
 364292 153536     cutoff   44      1842.59030 1675.47103  9.07%   7.5  921s
 365365 154200 1710.75983   40   26 1842.59030 1675.61323  9.06%   7.5  925s
 367574 155081     cutoff   47      1842.59030 1675.93549  9.04%   7.5  934s
 368748 155629 1750.54894   41   12 1842.59030 1676.07686  9.04%   7.5  938s
 370064 156257     cutoff   43      1842.59030 1676.32133  9.02%   7.5  943s
 371359 156727 1841.28431   73   26 1842.59030 1676.44533  9.02%   7.5  947s
 372321 157364 1810.48582   56   31 1842.59030 1676.58251  9.01%   7.5  952s
 373646 157938     cutoff   60      1842.59030 1676.73884  9.00%   7.5  956s
 374956 158578     cutoff   62      1842.59030 1676.88603  8.99%   7.5  961s
 376284 159057     cutoff   93      1842.59030 1677.07013  8.98%   7.5  965s
 377270 159576 1834.14366   59   15 1842.59030 1677.17670  8.98%   7.5  970s
 379868 160856     cutoff   54      1842.59030 1677.55306  8.96%   7.5  978s
 381051 161583     cutoff   62      1842.59030 1677.72566  8.95%   7.5  983s
 382530 162052 1772.06594   48   14 1842.59030 1677.83889  8.94%   7.5  987s
 383720 162448     cutoff   52      1842.59030 1678.03101  8.93%   7.5  991s
 384812 162725 1803.73383   44   19 1842.59030 1678.12374  8.93%   7.5  996s
 385672 163238 1804.23477   45    8 1842.59030 1678.26384  8.92%   7.5 1000s
 387993 164245 1744.71440   61   16 1842.59030 1678.51843  8.90%   7.5 1008s
 389200 164919     cutoff   70      1842.59030 1678.69667  8.89%   7.5 1012s
 390625 165415     cutoff   57      1842.59030 1678.86403  8.89%   7.5 1016s
 391756 165874     cutoff   67      1842.59030 1679.03722  8.88%   7.5 1022s
 392933 166336 infeasible   57      1842.59030 1679.08957  8.87%   7.5 1026s
 393810 167005 1822.21157   57   34 1842.59030 1679.21099  8.87%   7.5 1030s
 395187 167609 1828.44791   59    8 1842.59030 1679.41585  8.86%   7.5 1035s
 396605 168269 1808.16011   59   23 1842.59030 1679.54400  8.85%   7.5 1041s
 398027 168868     cutoff   60      1842.59030 1679.79047  8.84%   7.5 1045s
 400424 169281 infeasible   63      1842.59030 1680.11419  8.82%   7.5 1060s
 400459 169799 1762.91466   41   41 1842.59030 1680.13500  8.82%   7.5 1065s
 402582 170836 1809.02487   55   14 1842.59030 1680.45875  8.80%   7.5 1073s
 403944 171391 1756.88329   57   12 1842.59030 1680.62559  8.79%   7.5 1079s
 405331 172013     cutoff   71      1842.59030 1680.81744  8.78%   7.6 1084s
 406620 172392     cutoff   75      1842.59030 1681.00100  8.77%   7.6 1089s
 407625 172856 1745.26236   51   38 1842.59030 1681.08357  8.77%   7.6 1094s
 408861 173498 infeasible   55      1842.59030 1681.27160  8.75%   7.6 1100s
 410284 174066     cutoff   74      1842.59030 1681.45776  8.74%   7.6 1105s
 411518 174475     cutoff   68      1842.59030 1681.57882  8.74%   7.6 1110s
 412418 175050 infeasible   65      1842.59030 1681.68749  8.73%   7.6 1116s
 413805 175710     cutoff   43      1842.59030 1681.82263  8.73%   7.6 1121s
 415112 176204 1796.51461   55   19 1842.59030 1682.01771  8.71%   7.6 1126s
 416293 176634 1783.69485   82   21 1842.59030 1682.09754  8.71%   7.6 1131s
 417184 177207     cutoff   92      1842.59030 1682.26135  8.70%   7.6 1136s
 418487 177715 1794.93694   67   30 1842.59030 1682.42162  8.69%   7.6 1141s
 419792 178283     cutoff   56      1842.59030 1682.55081  8.69%   7.6 1147s
 421055 178773     cutoff   64      1842.59030 1682.68711  8.68%   7.6 1152s
 422119 179508     cutoff   60      1842.59030 1682.83744  8.67%   7.6 1156s
 423589 179970     cutoff   75      1842.59030 1682.97800  8.66%   7.6 1162s
 424762 180404     cutoff   42      1842.59030 1683.12882  8.65%   7.6 1167s
 425755 180806 1770.49064   55   26 1842.59030 1683.29928  8.64%   7.6 1171s
 426637 181279 1798.96774   52   18 1842.59030 1683.42109  8.64%   7.6 1176s
 427823 181887 1787.21158   60   42 1842.59030 1683.59750  8.63%   7.6 1183s
 429280 182553     cutoff   77      1842.59030 1683.77878  8.62%   7.6 1188s
 430662 183123 infeasible   87      1842.59030 1683.92318  8.61%   7.6 1192s
 432119 183769 1838.97382   63   28 1842.59030 1684.12705  8.60%   7.6 1197s
 433530 184433 1831.96063   63   27 1842.59030 1684.28269  8.59%   7.6 1201s
 434928 184887 1836.13825   56   27 1842.59030 1684.41594  8.58%   7.6 1206s
 437005 185858 1719.33369   72   21 1842.59030 1684.63334  8.57%   7.6 1215s
 438296 186442 1816.63460   52   26 1842.59030 1684.74951  8.57%   7.6 1220s
 439687 186972 1841.34521   61   20 1842.59030 1684.95384  8.56%   7.6 1225s
 440975 187398 1787.34524   43   30 1842.59030 1685.06894  8.55%   7.6 1230s
 441945 187811     cutoff   69      1842.59030 1685.16873  8.54%   7.6 1235s
 443163 188500 infeasible   62      1842.59030 1685.28921  8.54%   7.6 1240s
 444622 189087 1783.40183   40   28 1842.59030 1685.41776  8.53%   7.6 1245s
 445826 189721     cutoff   52      1842.59030 1685.56504  8.52%   7.6 1250s
 448295 190687     cutoff   48      1842.59030 1685.89746  8.50%   7.6 1258s
 449624 191028 infeasible   50      1842.59030 1686.06174  8.50%   7.6 1262s
 450419 191604 1837.44774   59   32 1842.59030 1686.16307  8.49%   7.6 1267s
 451742 192126 1826.73010   55   10 1842.59030 1686.32649  8.48%   7.6 1271s
 453061 192602 1826.36580   55   18 1842.59030 1686.46103  8.47%   7.6 1276s
 454277 192958 1710.90996   45   36 1842.59030 1686.58603  8.47%   7.6 1280s
 456587 193936     cutoff   58      1842.59030 1686.88123  8.45%   7.6 1289s
 457617 194440 1832.93606   56   20 1842.59030 1686.99212  8.44%   7.6 1295s
 458968 194911 1763.76064   69   24 1842.59030 1687.10588  8.44%   7.6 1300s
 460009 195397 1787.89542   56   26 1842.59030 1687.22922  8.43%   7.6 1305s
 461288 196026     cutoff   51      1842.59030 1687.33776  8.43%   7.6 1310s
 462652 196568     cutoff   56      1842.59030 1687.52007  8.42%   7.6 1316s
 463910 197181     cutoff   52      1842.59030 1687.63720  8.41%   7.6 1321s
 465236 197809 1814.37364   50   34 1842.59030 1687.76886  8.40%   7.6 1327s
 466594 198110     cutoff   62      1842.59030 1687.93533  8.39%   7.6 1333s
H466780 198111                    1842.5902493 1687.94990  8.39%   7.6 1333s
 467417 198506 1758.05259   58   36 1842.59025 1688.02390  8.39%   7.6 1338s
 468413 198520 1824.71602   61   29 1842.59025 1688.12376  8.38%   7.6 1349s
 468438 199084 1829.78142   62   29 1842.59025 1688.14448  8.38%   7.6 1356s
 469768 199605     cutoff   67      1842.59025 1688.27576  8.37%   7.7 1362s
 471137 200102 infeasible   52      1842.59025 1688.41975  8.37%   7.7 1369s
 472424 200624     cutoff   77      1842.59025 1688.51874  8.36%   7.7 1376s
 473758 201021 1747.30320   63   17 1842.59025 1688.60413  8.36%   7.7 1382s
 474958 201386     cutoff   59      1842.59025 1688.75731  8.35%   7.7 1387s
 475969 202033 1833.68295   63   10 1842.59025 1688.81957  8.35%   7.7 1392s
 477356 202537     cutoff   61      1842.59025 1688.96728  8.34%   7.7 1396s
 478793 202988 1825.25630   63   24 1842.59025 1689.06258  8.33%   7.7 1402s
 480070 203605     cutoff   59      1842.59025 1689.22306  8.32%   7.7 1406s
 481419 203630 1784.94430   42   32 1842.59025 1689.32180  8.32%   7.7 1421s
 481458 204001 1786.52162   43   28 1842.59025 1689.32838  8.32%   7.7 1426s
 482459 204426 infeasible   58      1842.59025 1689.41455  8.31%   7.7 1430s
 483451 204957 1699.57221   58   23 1842.59025 1689.49878  8.31%   7.7 1436s
 484720 205465 1769.09379   35   24 1842.59025 1689.61799  8.30%   7.7 1442s
 486119 206087     cutoff   47      1842.59025 1689.76029  8.29%   7.7 1448s
 487634 206594 1764.99498   52   22 1842.59025 1689.87536  8.29%   7.7 1453s
 488864 206980 1707.53963   46   24 1842.59025 1689.97537  8.28%   7.7 1459s
 489869 207470 1837.76922   62    - 1842.59025 1690.13096  8.27%   7.7 1465s
 491187 207819 1797.28216   54   37 1842.59025 1690.25491  8.27%   7.7 1470s
 492236 208167     cutoff   66      1842.59025 1690.32783  8.26%   7.7 1475s
 493199 208909 1815.33546   52   28 1842.59025 1690.44659  8.26%   7.7 1481s
 494712 209464 infeasible   65      1842.59025 1690.58022  8.25%   7.7 1486s
 496181 209894 1750.14454   68   19 1842.59025 1690.71090  8.24%   7.7 1492s
 497236 210541     cutoff   50      1842.59025 1690.82921  8.24%   7.7 1497s
 498762 210971 1743.19887   47   23 1842.59025 1690.99030  8.23%   7.7 1502s
 499747 211580 1709.45169   35   44 1842.59025 1691.06166  8.22%   7.7 1508s
 501149 212108     cutoff   48      1842.59025 1691.20014  8.22%   7.7 1513s
 502556 212535 infeasible   54      1842.59025 1691.34806  8.21%   7.7 1518s
 503495 213117 1833.52851   65   10 1842.59025 1691.43659  8.20%   7.7 1525s
 505003 213637 1772.39764   60   16 1842.59025 1691.61219  8.19%   7.7 1532s
 506336 213961     cutoff   65      1842.59025 1691.72859  8.19%   7.7 1538s
 507389 214454     cutoff   62      1842.59025 1691.83312  8.18%   7.7 1545s
 508731 215031     cutoff   69      1842.59025 1691.96472  8.17%   7.7 1551s
 510159 215428 1795.47181   50   19 1842.59025 1692.08175  8.17%   7.7 1557s
 511224 215921 1802.56833   50   34 1842.59025 1692.16085  8.16%   7.7 1562s
 512561 216469 1818.95018   60   13 1842.59025 1692.28271  8.16%   7.7 1568s
 513978 216970 1748.99542   59   11 1842.59025 1692.40653  8.15%   7.7 1573s
 515196 217408 1832.61955   49   27 1842.59025 1692.44276  8.15%   7.7 1577s
 516262 217843     cutoff   66      1842.59025 1692.59641  8.14%   7.7 1582s
 517414 218291 1801.40007   65   27 1842.59025 1692.66905  8.14%   7.7 1588s
 518618 218647     cutoff   71      1842.59025 1692.77138  8.13%   7.7 1594s
 519581 219321 1799.05766   51   18 1842.59025 1692.85977  8.13%   7.7 1599s
 521176 219713 1816.48330   33   22 1842.59025 1693.01558  8.12%   7.7 1605s
 522489 220195 1830.54128   49   14 1842.59025 1693.12849  8.11%   7.7 1610s
 523588 220740 1801.77970   65   14 1842.59025 1693.24611  8.11%   7.7 1616s
 525050 221118 1779.99348   49    9 1842.59025 1693.41823  8.10%   7.7 1621s
 526029 221699     cutoff   57      1842.59025 1693.48881  8.09%   7.7 1627s
 527387 222336     cutoff   64      1842.59025 1693.62354  8.08%   7.7 1633s
 528989 222624 1769.67812   55   15 1842.59025 1693.78554  8.08%   7.7 1638s
 529873 223188     cutoff   36      1842.59025 1693.85524  8.07%   7.7 1643s
 531229 223629     cutoff   67      1842.59025 1693.97759  8.07%   7.7 1649s
 532602 224028 1795.49140   67   28 1842.59025 1694.11890  8.06%   7.7 1654s
 533687 224614 1797.21485   38   24 1842.59025 1694.20653  8.05%   7.7 1660s
 535147 225092     cutoff   61      1842.59025 1694.30383  8.05%   7.7 1665s
H535844 225099                    1842.5899962 1694.34953  8.05%   7.7 1665s
 536188 225620 1728.71847   50   42 1842.59000 1694.43823  8.04%   7.7 1671s
 537613 226281 1802.96991   47   20 1842.59000 1694.54015  8.03%   7.7 1677s
 539158 226551 1783.47697   72   30 1842.59000 1694.66650  8.03%   7.7 1682s
 540158 226990     cutoff   57      1842.59000 1694.76862  8.02%   7.7 1687s
 541302 227500     cutoff   51      1842.59000 1694.89119  8.02%   7.7 1694s
 542551 227967 1832.23665   58   10 1842.59000 1694.95322  8.01%   7.7 1699s
 543600 228477 1825.29540   62   17 1842.59000 1695.06257  8.01%   7.7 1706s
 545075 229055     cutoff   72      1842.59000 1695.17287  8.00%   7.8 1711s
 546532 229671 1787.70269   52   31 1842.59000 1695.30023  7.99%   7.8 1717s
 548092 230206     cutoff   65      1842.59000 1695.39208  7.99%   7.8 1724s
 549281 230659 1818.58254   62   17 1842.59000 1695.48480  7.98%   7.8 1729s
 550441 231175     cutoff   73      1842.59000 1695.58972  7.98%   7.8 1735s
 551829 231765 1765.02890   52   28 1842.59000 1695.75058  7.97%   7.8 1740s
 553080 232387 1791.20718   56   19 1842.59000 1695.88976  7.96%   7.8 1746s
 554524 232787 1750.16053   44   33 1842.59000 1696.00868  7.96%   7.8 1751s
 555431 233294     cutoff   57      1842.59000 1696.07114  7.95%   7.8 1757s
 556775 233859     cutoff   63      1842.59000 1696.21118  7.94%   7.8 1763s
 558254 234279 1811.21700   53   23 1842.59000 1696.32210  7.94%   7.8 1769s
 559314 234846     cutoff   64      1842.59000 1696.41852  7.93%   7.8 1775s
 560814 235204     cutoff   62      1842.59000 1696.55852  7.93%   7.8 1780s
H561482 235208                    1842.5894064 1696.57709  7.92%   7.8 1780s
 561815 235704 1715.01835   60   32 1842.58941 1696.61433  7.92%   7.8 1788s
 563219 236214 1786.95218   47   29 1842.58941 1696.73650  7.92%   7.8 1795s
 564501 236452     cutoff   55      1842.58941 1696.78016  7.91%   7.8 1816s
 565214 236788 infeasible   57      1842.58941 1696.86003  7.91%   7.8 1823s
 566293 237374 1832.83287   54   33 1842.58941 1696.94656  7.90%   7.8 1830s
 567854 238004 1787.10415   54   11 1842.58941 1697.09706  7.90%   7.8 1837s
 569371 238459 1836.17722   68   10 1842.58941 1697.21971  7.89%   7.8 1843s
 570484 238997 1792.69196   49   14 1842.58941 1697.31938  7.88%   7.8 1850s
 571902 239450 1768.32628   46   23 1842.58941 1697.42104  7.88%   7.8 1856s
 573001 239812     cutoff   69      1842.58941 1697.48372  7.88%   7.8 1863s
 574410 240259 1828.17776   69   10 1842.58941 1697.62120  7.87%   7.8 1871s
 575864 240649     cutoff   57      1842.58941 1697.72704  7.86%   7.8 1877s
 577063 241063     cutoff   59      1842.58941 1697.80996  7.86%   7.8 1884s
 578379 241430 1811.45347   48   25 1842.58941 1697.93778  7.85%   7.8 1891s
 579460 241885 1784.81674   47   34 1842.58941 1698.02708  7.85%   7.8 1898s
 580886 242487     cutoff   50      1842.58941 1698.14177  7.84%   7.8 1905s
 582377 243054 infeasible   61      1842.58941 1698.25678  7.83%   7.8 1912s
 583662 243675 infeasible   59      1842.58941 1698.36265  7.83%   7.8 1919s
 585092 244110     cutoff   55      1842.58941 1698.49869  7.82%   7.8 1927s
 586138 244520 1774.06291   48   22 1842.58941 1698.59641  7.81%   7.8 1935s
 587390 245121 1834.96288   49   16 1842.58941 1698.72435  7.81%   7.8 1941s
 588927 245656 1795.23477   39   26 1842.58941 1698.83973  7.80%   7.8 1947s
 590451 246203 1820.54989   61   39 1842.58941 1698.96791  7.79%   7.8 1953s
 591857 246663     cutoff   68      1842.58941 1699.07276  7.79%   7.8 1959s
 593044 247128 infeasible   57      1842.58941 1699.16848  7.78%   7.8 1965s
 594358 247714 1785.60187   59   39 1842.58941 1699.26811  7.78%   7.8 1972s
 595848 248116     cutoff   49      1842.58941 1699.38944  7.77%   7.8 1978s
 596887 248466 1743.16699   53   17 1842.58941 1699.46441  7.77%   7.8 1985s
 597881 248743 1820.90868   65   13 1842.58941 1699.57230  7.76%   7.8 1992s
 598933 249255 1786.94736   59   31 1842.58941 1699.66210  7.76%   7.8 1998s
 600444 249731 1748.78835   49   17 1842.58941 1699.77457  7.75%   7.8 2004s
 601848 250210 1788.15021   49    8 1842.58941 1699.88126  7.74%   7.8 2010s
 603206 250639 1842.56476   72    6 1842.58941 1700.00192  7.74%   7.8 2016s
 604331 251016 1772.67667   66   14 1842.58941 1700.10940  7.73%   7.8 2023s
 605562 251625 1748.48716   55   31 1842.58941 1700.21140  7.73%   7.8 2030s
 607050 252045     cutoff   62      1842.58941 1700.32083  7.72%   7.8 2035s
 608225 252567     cutoff   72      1842.58941 1700.44456  7.71%   7.8 2041s
 609737 252983 1760.71804   48   23 1842.58941 1700.55866  7.71%   7.8 2046s
 610769 253527 1728.74461   53   18 1842.58941 1700.61441  7.71%   7.8 2052s
 612164 254208     cutoff   59      1842.58941 1700.72358  7.70%   7.8 2059s
 613705 254649 1746.88543   43   18 1842.58941 1700.86849  7.69%   7.8 2065s
 615112 255045 1813.79300   42   36 1842.58941 1700.98099  7.69%   7.8 2070s
 616093 255547 1839.56523   57    9 1842.58941 1701.03759  7.68%   7.8 2077s
 617462 255986 1744.52210   43   20 1842.58941 1701.08594  7.68%   7.8 2083s
 618671 256477 1749.77160   53   20 1842.58941 1701.19513  7.67%   7.8 2088s
 620109 256967 1749.39340   39   42 1842.58941 1701.32962  7.67%   7.8 2094s
 621212 257629 1730.63396   49   29 1842.58941 1701.40959  7.66%   7.8 2100s
 622771 258092 1817.73595   76   21 1842.58941 1701.50857  7.66%   7.8 2106s
 624187 258546     cutoff   50      1842.58941 1701.62007  7.65%   7.8 2112s
 625417 259049 1839.48359   50   31 1842.58941 1701.68695  7.65%   7.8 2118s
 626663 259576     cutoff   59      1842.58941 1701.79046  7.64%   7.8 2124s
 628109 259874 1741.19508   55   47 1842.58941 1701.91004  7.63%   7.8 2130s
 628919 260288 1724.49614   42   28 1842.58941 1701.96861  7.63%   7.8 2136s
 630227 260661 1801.30153   52   17 1842.58941 1702.06715  7.63%   7.9 2141s
 631355 261039 1803.85602   51   18 1842.58941 1702.18291  7.62%   7.9 2147s
 632369 261406     cutoff   53      1842.58941 1702.30194  7.61%   7.9 2153s
 633579 261873 1807.20234   56   13 1842.58941 1702.41174  7.61%   7.9 2159s
 634943 262392 1800.81483   48   19 1842.58941 1702.48036  7.60%   7.9 2166s
 636370 262742 1813.62281   85   19 1842.58941 1702.62558  7.60%   7.9 2171s
 637455 263147     cutoff   51      1842.58941 1702.70622  7.59%   7.9 2177s
 638761 263684 1825.94785   63    8 1842.58941 1702.80219  7.59%   7.9 2183s
 640037 264141 1753.27795   43   23 1842.58941 1702.86944  7.58%   7.9 2190s
 641415 264625     cutoff   59      1842.58941 1702.96666  7.58%   7.9 2196s
 642800 265108     cutoff   59      1842.58941 1703.05193  7.57%   7.9 2202s
 644294 265534 infeasible   62      1842.58941 1703.15444  7.57%   7.9 2209s
 645605 265924 infeasible   58      1842.58941 1703.25881  7.56%   7.9 2214s
 646662 266523     cutoff   59      1842.58941 1703.31885  7.56%   7.9 2221s
 648190 267083     cutoff   67      1842.58941 1703.42776  7.55%   7.9 2227s
 649650 267420 1835.10296   52   31 1842.58941 1703.54283  7.55%   7.9 2234s
 650772 267884     cutoff   54      1842.58941 1703.60791  7.54%   7.9 2241s
H651967 267890                    1842.5893200 1703.63081  7.54%   7.9 2241s
 652074 268264 1833.36459   45   35 1842.58932 1703.67568  7.54%   7.9 2247s
 653124 268791 1765.89226   50   14 1842.58932 1703.79060  7.53%   7.9 2253s
 654528 269315 1818.25781   58   27 1842.58932 1703.88700  7.53%   7.9 2259s
 655862 269342 1748.99848   39   13 1842.58932 1703.96627  7.52%   7.9 2274s
H655865 269342                    1842.5893038 1703.96627  7.52%   7.9 2274s
 655934 269727 1755.61726   40   24 1842.58930 1703.98539  7.52%   7.9 2281s
 657073 270294 1817.81049   53   30 1842.58930 1704.08379  7.52%   7.9 2287s
 658581 270816 1814.93312   58    4 1842.58930 1704.18840  7.51%   7.9 2293s
 660050 271234 infeasible   59      1842.58930 1704.27284  7.51%   7.9 2299s
 661231 271719     cutoff   56      1842.58930 1704.37041  7.50%   7.9 2305s
 662487 272319 1832.31862   53   13 1842.58930 1704.45438  7.50%   7.9 2311s
 664160 272905     cutoff   67      1842.58930 1704.55645  7.49%   7.9 2317s
 665606 273360     cutoff   58      1842.58930 1704.66359  7.49%   7.9 2323s
 667024 273874     cutoff   61      1842.58930 1704.76523  7.48%   7.9 2328s
 668220 274267 1779.77314   53   10 1842.58930 1704.86019  7.47%   7.9 2335s
 669559 274691     cutoff   75      1842.58930 1704.91615  7.47%   7.9 2341s
 670841 275094     cutoff   58      1842.58930 1705.01373  7.47%   7.9 2346s
 672050 275667 1785.81730   52   36 1842.58930 1705.08909  7.46%   7.9 2354s
 673512 276284 1762.81090   58   34 1842.58930 1705.21092  7.46%   7.9 2362s
 675066 276663     cutoff   75      1842.58930 1705.32643  7.45%   7.9 2369s
 676241 276984 1792.43376   46   15 1842.58930 1705.41111  7.44%   7.9 2377s
 677378 277425 1750.74965   42   42 1842.58930 1705.50951  7.44%   7.9 2383s
 678546 278041 1792.88722   56   33 1842.58930 1705.58924  7.44%   7.9 2390s
 680191 278499 1835.13065   42   18 1842.58930 1705.68449  7.43%   7.9 2396s
 681616 278833     cutoff   60      1842.58930 1705.78466  7.42%   7.9 2404s
 682579 279371     cutoff   51      1842.58930 1705.83039  7.42%   7.9 2412s
 684147 279928     cutoff   64      1842.58930 1705.93486  7.42%   7.9 2420s
 685643 280325 1752.70564   54   21 1842.58930 1706.04572  7.41%   7.9 2427s
 686773 280885 1780.01100   54   19 1842.58930 1706.11017  7.41%   7.9 2436s
 688249 281234 1832.66366   63   36 1842.58930 1706.20437  7.40%   7.9 2443s
 689307 281747 1806.56988   41   32 1842.58930 1706.27057  7.40%   7.9 2450s
 690746 282173     cutoff   60      1842.58930 1706.38574  7.39%   7.9 2457s
 691917 282651     cutoff   53      1842.58930 1706.44262  7.39%   7.9 2464s
 693291 283152     cutoff   58      1842.58930 1706.55350  7.38%   7.9 2472s
 694782 283541 1719.52914   53   12 1842.58930 1706.64569  7.38%   7.9 2479s
 695867 283798     cutoff   92      1842.58930 1706.71329  7.37%   7.9 2486s
 696932 284128 1815.52030   58   32 1842.58930 1706.77254  7.37%   7.9 2493s
 698025 284664 1752.37988   54   42 1842.58930 1706.83000  7.37%   7.9 2500s
 699494 285209 infeasible   50      1842.58930 1706.95435  7.36%   7.9 2508s
 701141 285555 1809.48576   66   24 1842.58930 1707.06490  7.36%   7.9 2515s
 702334 285934 1783.91756   47   27 1842.58930 1707.11833  7.35%   7.9 2522s
 703363 286433     cutoff   50      1842.58930 1707.19397  7.35%   7.9 2529s
 704771 286910 1726.44440   50   23 1842.58930 1707.28945  7.34%   7.9 2537s
 706246 287258 1827.08452   69    9 1842.58930 1707.38837  7.34%   7.9 2543s
 707438 287656     cutoff   70      1842.58930 1707.48163  7.33%   7.9 2548s
 708542 288187 1748.26770   34   14 1842.58930 1707.56266  7.33%   7.9 2555s
 710173 288642 1792.47427   51   33 1842.58930 1707.65476  7.32%   7.9 2562s
 711539 289205 1825.84605   63   15 1842.58930 1707.73870  7.32%   7.9 2569s
 713037 289546 1829.87505   63   10 1842.58930 1707.83037  7.31%   7.9 2575s
 714235 290038 1827.08739   48   14 1842.58930 1707.91635  7.31%   7.9 2582s
 715759 290461 1804.40415   70   10 1842.58930 1707.98636  7.31%   7.9 2589s
 716834 290926 1829.97537   80   36 1842.58930 1708.07284  7.30%   7.9 2596s
 718237 291412     cutoff   48      1842.58930 1708.14476  7.30%   7.9 2603s
 719739 291776     cutoff   63      1842.58930 1708.27805  7.29%   7.9 2609s
 720911 292233     cutoff   60      1842.58930 1708.37218  7.28%   8.0 2615s
 722372 292623 1826.82353   51   15 1842.58930 1708.48068  7.28%   8.0 2621s
 723485 293046     cutoff   49      1842.58930 1708.52426  7.28%   8.0 2627s
 724863 293410 1839.77623   51   16 1842.58930 1708.64153  7.27%   8.0 2634s
 726233 293804     cutoff   51      1842.58930 1708.72827  7.26%   8.0 2641s
 727411 294183     cutoff   49      1842.58930 1708.79790  7.26%   8.0 2647s
 728549 294646 infeasible   54      1842.58930 1708.85809  7.26%   8.0 2654s
 730072 294980 1826.42853   64   13 1842.58930 1708.97080  7.25%   8.0 2660s
H730755 294981                    1842.5893036 1708.98988  7.25%   8.0 2660s
 731236 295533 1823.80205   47    8 1842.58930 1709.04477  7.25%   8.0 2667s
 732785 295893     cutoff   72      1842.58930 1709.15770  7.24%   8.0 2674s
 733883 296532 infeasible   60      1842.58930 1709.23605  7.24%   8.0 2680s
 735605 296869 1829.22888   62   29 1842.58930 1709.36559  7.23%   8.0 2686s
 736712 297290 1802.63946   67   21 1842.58930 1709.43585  7.23%   8.0 2696s
 738195 297722 1760.84583   52   15 1842.58930 1709.51459  7.22%   8.0 2705s
 739373 298207 infeasible   55      1842.58930 1709.58119  7.22%   8.0 2714s
 740945 298524 1824.98621   84   47 1842.58930 1709.66532  7.21%   8.0 2722s
 742112 298807 1841.10078   65   21 1842.58930 1709.75374  7.21%   8.0 2729s
 743207 299204 1780.62408   45   35 1842.58930 1709.82943  7.21%   8.0 2737s
 744423 299233     cutoff   57      1842.58930 1709.88212  7.20%   8.0 2754s
H744529 299232                    1842.5884021 1709.88212  7.20%   8.0 2754s
 744532 299566     cutoff   42      1842.58840 1709.89356  7.20%   8.0 2760s
 745774 300104     cutoff   56      1842.58840 1709.98654  7.20%   8.0 2767s
 747465 300136     cutoff   63      1842.58840 1710.08004  7.19%   8.0 2782s
 747583 300529     cutoff   63      1842.58840 1710.08686  7.19%   8.0 2789s
 748858 300978 1736.62836   49   40 1842.58840 1710.15284  7.19%   8.0 2796s
 750476 301290     cutoff   53      1842.58840 1710.28373  7.18%   8.0 2804s
 751608 301853     cutoff   50      1842.58840 1710.35288  7.18%   8.0 2812s
 753237 302369 1728.07216   42   41 1842.58840 1710.46000  7.17%   8.0 2820s
 754655 302926 infeasible   51      1842.58840 1710.54993  7.17%   8.0 2830s
 756202 303419     cutoff   55      1842.58840 1710.62656  7.16%   8.0 2839s
 757751 303893     cutoff   52      1842.58840 1710.70352  7.16%   8.0 2846s
 759076 304483 1784.87456   57   13 1842.58840 1710.79825  7.15%   8.0 2853s
 760652 304864 1778.49880   55   32 1842.58840 1710.88976  7.15%   8.0 2861s
 761836 305461 1807.27617   58   42 1842.58840 1710.95381  7.14%   8.0 2867s
 763434 305964 1734.60569   51   25 1842.58840 1711.06659  7.14%   8.0 2874s
 764727 306308 1796.35273   54   33 1842.58840 1711.15854  7.13%   8.0 2880s
 766161 306759 1771.85506   56   33 1842.58840 1711.24426  7.13%   8.0 2888s
 767588 307144     cutoff   63      1842.58840 1711.32425  7.12%   8.0 2894s
 768754 307531 1753.42899   51   14 1842.58840 1711.42632  7.12%   8.0 2901s
 769936 308007 1809.79480   50   20 1842.58840 1711.52262  7.11%   8.0 2907s
 771407 308530 1712.47204   41   31 1842.58840 1711.59684  7.11%   8.0 2914s
 772951 308814 1736.85886   53   13 1842.58840 1711.69056  7.10%   8.0 2921s
 774066 309268     cutoff   53      1842.58840 1711.76735  7.10%   8.0 2928s
 775533 309666     cutoff   52      1842.58840 1711.88181  7.09%   8.0 2935s
H776786 309991                    1842.5884019 1711.92815  7.09%   8.0 2942s
 777936 310460 1778.31036   45   22 1842.58840 1712.02865  7.09%   8.0 2949s
 779505 310868     cutoff   79      1842.58840 1712.09811  7.08%   8.0 2957s
 780782 311314 1772.15483   38   25 1842.58840 1712.18592  7.08%   8.0 2964s
 782261 311607 1716.67157   58   29 1842.58840 1712.26468  7.07%   8.0 2971s
 783432 312213 1761.02309   61   29 1842.58840 1712.35227  7.07%   8.0 2978s
 785030 312657     cutoff   70      1842.58840 1712.44458  7.06%   8.0 2986s
 786241 313133 1794.47534   50   24 1842.58840 1712.50305  7.06%   8.0 2995s
 787759 313512     cutoff   66      1842.58840 1712.58716  7.06%   8.0 3003s
 789022 313893     cutoff   55      1842.58840 1712.67223  7.05%   8.0 3009s
 790234 314261 1758.20697   60   37 1842.58840 1712.74227  7.05%   8.0 3016s
 791327 314805 1802.81687   49   17 1842.58840 1712.82592  7.04%   8.0 3024s
 792906 315223     cutoff   56      1842.58840 1712.90762  7.04%   8.0 3030s
 794234 315594 1771.79949   51   36 1842.58840 1713.02936  7.03%   8.0 3038s
 795391 315968 1822.64911   55   18 1842.58840 1713.10790  7.03%   8.0 3045s
 796733 316394 1758.61735   57   28 1842.58840 1713.17323  7.02%   8.0 3052s
 798015 316896     cutoff   53      1842.58840 1713.24903  7.02%   8.0 3059s
 799605 317264 infeasible   37      1842.58840 1713.33967  7.01%   8.0 3065s
 800854 317723 1779.55123   53   33 1842.58840 1713.43343  7.01%   8.0 3072s
 802397 318173     cutoff   56      1842.58840 1713.52784  7.00%   8.0 3079s
 803895 318575     cutoff   68      1842.58840 1713.61834  7.00%   8.0 3086s
 805133 319026 1838.91283   58   14 1842.58840 1713.69606  7.00%   8.0 3093s
 806623 319380     cutoff   50      1842.58840 1713.76501  6.99%   8.0 3100s
 807803 319819 1805.92923   64   28 1842.58840 1713.85766  6.99%   8.0 3108s
 809314 320316 1737.22472   50   24 1842.58840 1713.93989  6.98%   8.0 3115s
 810849 320658 1811.85319   45   22 1842.58840 1714.02074  6.98%   8.0 3124s
 811972 321067 1781.52515   50   32 1842.58840 1714.04375  6.98%   8.0 3130s
 813166 321502 1803.92081   76    6 1842.58840 1714.15431  6.97%   8.0 3137s
 814728 321857     cutoff   79      1842.58840 1714.23877  6.97%   8.0 3145s
 816008 322344 1814.54028   50   22 1842.58840 1714.31133  6.96%   8.0 3153s
 817520 322746 1753.23190   40   13 1842.58840 1714.40826  6.96%   8.0 3161s
 818580 323261 1733.39120   52   27 1842.58840 1714.46062  6.95%   8.0 3168s
 820155 323877 infeasible   77      1842.58840 1714.55465  6.95%   8.0 3176s
 821857 324234     cutoff   68      1842.58840 1714.63669  6.94%   8.1 3182s
 823030 324816 1815.41765   63   19 1842.58840 1714.71082  6.94%   8.1 3190s
 824610 325252     cutoff   61      1842.58840 1714.81647  6.93%   8.1 3197s
 825841 325660 1824.82370   48   27 1842.58840 1714.87862  6.93%   8.1 3204s
 827348 326071     cutoff   55      1842.58840 1714.96928  6.93%   8.1 3211s
 828802 326472 1756.55831   58   24 1842.58840 1715.05719  6.92%   8.1 3217s
 830089 327000     cutoff   71      1842.58840 1715.12096  6.92%   8.1 3225s
 831685 327437 1830.13876   62   20 1842.58840 1715.22903  6.91%   8.1 3233s
 833137 327801     cutoff   60      1842.58840 1715.31510  6.91%   8.1 3239s
 834458 328127     cutoff   84      1842.58840 1715.36329  6.90%   8.1 3247s
 835495 328578 1823.18399   54   25 1842.58840 1715.43871  6.90%   8.1 3256s
 837069 329152     cutoff   52      1842.58840 1715.50358  6.90%   8.1 3264s
 838564 329475 1796.41267   53   12 1842.58840 1715.60635  6.89%   8.1 3272s
 839921 329724     cutoff   78      1842.58840 1715.69237  6.89%   8.1 3279s
 840222 329724 1792.59039   52   20 1842.58840 1715.69578  6.89%   8.1 3280s
 841071 330094 1785.82959   56   15 1842.58840 1715.77688  6.88%   8.1 3287s
 842313 330509 1775.38366   49   20 1842.58840 1715.84451  6.88%   8.1 3296s
 843841 330876 infeasible   43      1842.58840 1715.93254  6.87%   8.1 3304s
 845044 331303     cutoff   57      1842.58840 1716.01074  6.87%   8.1 3312s
 846446 331610     cutoff   53      1842.58840 1716.07257  6.87%   8.1 3320s
 847557 332084 1771.49992   56   21 1842.58840 1716.15128  6.86%   8.1 3328s
 848840 332513     cutoff   62      1842.58840 1716.21551  6.86%   8.1 3335s
 850390 332871 1793.02468   50   31 1842.58840 1716.30468  6.85%   8.1 3344s
 851704 333398     cutoff   54      1842.58840 1716.37423  6.85%   8.1 3353s
 853254 333859     cutoff   60      1842.58840 1716.43655  6.85%   8.1 3363s
 854799 334156 1815.78763   50   21 1842.58840 1716.51537  6.84%   8.1 3371s
 856011 334588     cutoff   68      1842.58840 1716.61462  6.84%   8.1 3378s
 857525 334990 1821.46278   42   15 1842.58840 1716.68457  6.83%   8.1 3385s
 858845 335009 1773.87262   54   23 1842.58840 1716.76959  6.83%   8.1 3401s
 858887 335417 1785.83115   55   18 1842.58840 1716.77778  6.83%   8.1 3408s
 860102 335763 1827.36072   41   25 1842.58840 1716.82839  6.83%   8.1 3415s
 861304 336185 1821.17912   62   16 1842.58840 1716.90261  6.82%   8.1 3424s
 862826 336532 1776.27812   64   22 1842.58840 1717.00471  6.82%   8.1 3433s
 864183 337035 1772.58032   48   30 1842.58840 1717.08310  6.81%   8.1 3443s
 865832 337381 1754.50782   49   22 1842.58840 1717.17143  6.81%   8.1 3452s
 867085 337703     cutoff   50      1842.58840 1717.25678  6.80%   8.1 3462s
 868344 338049 1807.78058   59    6 1842.58840 1717.31870  6.80%   8.1 3472s
 869520 338602 infeasible   61      1842.58840 1717.37578  6.80%   8.1 3484s
 871185 338946 1815.85539   45   11 1842.58840 1717.43517  6.79%   8.1 3493s
 872369 339218 infeasible   49      1842.58840 1717.54803  6.79%   8.1 3502s
 873555 339598     cutoff   84      1842.58840 1717.62912  6.78%   8.1 3510s
 874843 339995 1784.83400   48   42 1842.58840 1717.70678  6.78%   8.1 3517s
 876363 340416 1813.89449   62   20 1842.58840 1717.80370  6.77%   8.1 3525s
 877642 340846 1792.56806   42   38 1842.58840 1717.86295  6.77%   8.1 3533s
 879305 341262 1757.47241   56   25 1842.58840 1717.93876  6.76%   8.1 3541s
 880709 341661 1834.88226   53   23 1842.58840 1718.01510  6.76%   8.1 3548s
 882160 342125 1791.27990   56   13 1842.58840 1718.09007  6.76%   8.1 3555s
 883811 342532     cutoff   65      1842.58840 1718.18953  6.75%   8.1 3563s
 884949 342989 1796.82306   55   32 1842.58840 1718.24330  6.75%   8.1 3571s
 886623 343275 1808.11300   47   22 1842.58840 1718.36328  6.74%   8.1 3577s
 887874 343596 1809.02584   46   35 1842.58840 1718.44081  6.74%   8.1 3584s
 889122 344068 1794.16277   47   12 1842.58840 1718.51658  6.73%   8.1 3591s
 890779 344394     cutoff   54      1842.58840 1718.61669  6.73%   8.1 3598s
 892032 344825 1728.94666   48   15 1842.58840 1718.67477  6.72%   8.1 3606s
 893608 345303     cutoff   60      1842.58840 1718.74779  6.72%   8.1 3614s
 895218 345707 1815.48092   43   27 1842.58840 1718.82722  6.72%   8.1 3621s
 896438 346062 1807.99719   55   43 1842.58840 1718.88435  6.71%   8.1 3628s
 897978 346352 1816.64582   57   15 1842.58840 1718.96478  6.71%   8.1 3635s
 899108 346765 1765.48567   68   31 1842.58840 1719.03157  6.71%   8.1 3643s
 900734 347147 1839.74043   65   14 1842.58840 1719.12717  6.70%   8.1 3651s
 902097 347528 1788.97224   48   21 1842.58840 1719.17717  6.70%   8.1 3658s
 903603 347940 1809.19986   54   33 1842.58840 1719.29159  6.69%   8.1 3666s
 904906 348486 1797.96763   72   20 1842.58840 1719.37253  6.69%   8.1 3676s
 906470 348786     cutoff   92      1842.58840 1719.43308  6.68%   8.1 3684s
 907682 349213     cutoff   91      1842.58840 1719.51580  6.68%   8.1 3693s
 909026 349611 1808.56556   56   29 1842.58840 1719.59395  6.68%   8.1 3701s
 910275 349996 1805.74259   48   29 1842.58840 1719.66923  6.67%   8.1 3710s
 911899 350372     cutoff   79      1842.58840 1719.74957  6.67%   8.1 3718s
 913111 350861 1748.68465   45   31 1842.58840 1719.81675  6.66%   8.1 3726s
 914783 351390 1729.28028   45   15 1842.58840 1719.90779  6.66%   8.1 3734s
 916451 351688     cutoff   59      1842.58840 1719.99120  6.65%   8.1 3741s
 917586 352179 infeasible   57      1842.58840 1720.05142  6.65%   8.1 3748s
 919198 352543 1818.23171   58   30 1842.58840 1720.15483  6.64%   8.1 3756s
 920451 352911 1827.85795   57   14 1842.58840 1720.20067  6.64%   8.1 3764s
 921752 353269     cutoff   71      1842.58840 1720.27630  6.64%   8.1 3771s
 923025 353774 1820.87684   49   19 1842.58840 1720.36794  6.63%   8.1 3778s
 924633 354172 1797.89873   74   41 1842.58840 1720.42995  6.63%   8.1 3785s
 925910 354390 1837.37062   57   36 1842.58840 1720.52074  6.62%   8.1 3793s
 927146 354685     cutoff   46      1842.58840 1720.57748  6.62%   8.1 3800s
 928334 355068 1832.93323   62   18 1842.58840 1720.65390  6.62%   8.1 3808s
 929626 355483 1726.21547   54   23 1842.58840 1720.71402  6.61%   8.1 3816s
 931128 355853 1782.41169   55   35 1842.58840 1720.79723  6.61%   8.1 3826s
 932429 356215 1728.77349   38   21 1842.58840 1720.85416  6.61%   8.1 3834s
 933835 356702     cutoff   51      1842.58840 1720.92842  6.60%   8.1 3841s
 935563 357130 1823.47012   49   11 1842.58840 1721.02507  6.60%   8.1 3849s
 936907 357590 1822.88398   63   21 1842.58840 1721.09745  6.59%   8.1 3857s
 938505 357950 1831.61163   51    6 1842.58840 1721.18826  6.59%   8.1 3864s
 939814 358337     cutoff   43      1842.58840 1721.25483  6.58%   8.2 3872s
 941117 358980 1748.31757   39   43 1842.58840 1721.31607  6.58%   8.2 3880s
 942795 359409 1807.72692   65   27 1842.58840 1721.38195  6.58%   8.2 3888s
 944361 359884 1838.83580   53   31 1842.58840 1721.46783  6.57%   8.2 3895s
 946032 360258 1841.56102   48   11 1842.58840 1721.55872  6.57%   8.2 3903s
 947319 360838 1775.25136   62   24 1842.58840 1721.62714  6.56%   8.2 3911s
 949016 361211 1761.87982   48   15 1842.58840 1721.70689  6.56%   8.2 3918s
 950330 361594     cutoff   57      1842.58840 1721.75086  6.56%   8.2 3926s
 951745 362052 1794.88118   56   18 1842.58840 1721.83592  6.55%   8.2 3933s
 953140 362418 1806.69170   48   22 1842.58840 1721.90902  6.55%   8.2 3941s
H954608 362424                    1842.5881925 1721.92512  6.55%   8.2 3941s
 954716 362431 1801.40853   51   22 1842.58819 1721.99149  6.54%   8.2 3957s
H954717 362430                    1842.5876543 1721.99149  6.54%   8.2 3957s
 954757 362830     cutoff   52      1842.58765 1721.99538  6.54%   8.2 3964s
 956020 363170     cutoff   34      1842.58765 1722.05063  6.54%   8.2 3972s
 957296 363580 1770.56960   57   35 1842.58765 1722.11546  6.54%   8.2 3980s
 958876 363889 1825.45927   49   24 1842.58765 1722.18395  6.53%   8.2 3988s
 960128 364348 1839.07562   68   18 1842.58765 1722.25464  6.53%   8.2 3998s
 961717 364849 1802.98098   54   16 1842.58765 1722.35264  6.53%   8.2 4008s
 963404 365253 infeasible   47      1842.58765 1722.43097  6.52%   8.2 4017s
 964778 365749 1803.72449   64   25 1842.58765 1722.49522  6.52%   8.2 4026s
 966451 366166 1746.82372   47   23 1842.58765 1722.58018  6.51%   8.2 4036s
 967845 366487 1827.27199   73    6 1842.58765 1722.65218  6.51%   8.2 4045s
 969400 366791     cutoff   76      1842.58765 1722.71888  6.51%   8.2 4053s
 970697 367250 1814.66245   48   30 1842.58765 1722.77235  6.50%   8.2 4063s
 972397 367599 1766.23548   42   34 1842.58765 1722.85506  6.50%   8.2 4071s
 973636 368038 1763.75230   55   17 1842.58765 1722.91490  6.49%   8.2 4079s
 975231 368348     cutoff   50      1842.58765 1722.98854  6.49%   8.2 4086s
 976492 368832 1812.43467   63   23 1842.58765 1723.04962  6.49%   8.2 4094s
 978116 369260 1833.99821   85   26 1842.58765 1723.13897  6.48%   8.2 4102s
 979353 369647     cutoff   57      1842.58765 1723.19943  6.48%   8.2 4109s
 980762 370073 infeasible   49      1842.58765 1723.26732  6.48%   8.2 4119s
 982372 370323 1754.64100   49   30 1842.58765 1723.31375  6.47%   8.2 4129s
 983583 370736     cutoff   60      1842.58765 1723.38964  6.47%   8.2 4139s
 984976 371165 1762.56196   72   35 1842.58765 1723.46492  6.46%   8.2 4149s
 986570 371547 1740.69786   53   35 1842.58765 1723.56109  6.46%   8.2 4157s
 987842 372086 1803.54622   57    9 1842.58765 1723.60881  6.46%   8.2 4166s
 989478 372527 1739.43517   49   24 1842.58765 1723.69585  6.45%   8.2 4174s
 990895 372945     cutoff   61      1842.58765 1723.77948  6.45%   8.2 4186s
 992502 373310 1731.41461   50   23 1842.58765 1723.85462  6.44%   8.2 4195s
 993813 373698     cutoff   57      1842.58765 1723.93010  6.44%   8.2 4206s
 995450 373959     cutoff   56      1842.58765 1724.00038  6.44%   8.2 4214s
 996726 374260 infeasible   61      1842.58765 1724.07876  6.43%   8.2 4224s
 997916 374546     cutoff   62      1842.58765 1724.12616  6.43%   8.2 4234s
 999476 374932 1802.00110   48   24 1842.58765 1724.20055  6.43%   8.2 4245s
 1000761 375345     cutoff   58      1842.58765 1724.26782  6.42%   8.2 4253s
 1002379 375730 1820.39141   40   26 1842.58765 1724.35495  6.42%   8.2 4262s
 1004007 376002 1765.57374   48   35 1842.58765 1724.41446  6.41%   8.2 4271s
 1005312 376355     cutoff   64      1842.58765 1724.48884  6.41%   8.2 4279s
 1006613 376634     cutoff   63      1842.58765 1724.56796  6.41%   8.2 4287s
 1007876 377084 1816.28746   56   15 1842.58765 1724.62736  6.40%   8.2 4296s
 1009510 377408 1797.07587   43   29 1842.58765 1724.70568  6.40%   8.2 4305s
 1010940 377806 1783.08002   45   15 1842.58765 1724.76749  6.39%   8.2 4316s
 1012424 378192 1776.17566   44   26 1842.58765 1724.81844  6.39%   8.2 4324s
 1013764 378693     cutoff   62      1842.58765 1724.88265  6.39%   8.2 4333s
 1015536 379043 1797.28371   45   10 1842.58765 1724.97217  6.38%   8.2 4342s
 1016906 379391 1790.30193   43   24 1842.58765 1725.03771  6.38%   8.2 4350s
 1018425 379442 infeasible   61      1842.58765 1725.12349  6.37%   8.2 4367s
 1018590 379736 1785.89926   68   19 1842.58765 1725.12934  6.37%   8.2 4376s
 1019895 380149 1816.78670   44   12 1842.58765 1725.19836  6.37%   8.2 4386s
 1021309 380432 1838.68898   51   17 1842.58765 1725.27481  6.37%   8.2 4399s
 1022750 380875 infeasible   68      1842.58765 1725.33104  6.36%   8.2 4410s
 1024470 381228 1763.58822   58   23 1842.58765 1725.43289  6.36%   8.2 4420s
 1025899 381585 1794.77435   62   18 1842.58765 1725.49622  6.35%   8.2 4431s
 1027293 381998     cutoff   61      1842.58765 1725.55551  6.35%   8.2 4440s
 1028966 382374 infeasible   50      1842.58765 1725.64659  6.35%   8.2 4448s
 1030381 382747 1824.03669   56   14 1842.58765 1725.72316  6.34%   8.2 4457s
 1031812 383096 1772.80562   56   25 1842.58765 1725.78692  6.34%   8.2 4468s
 1033238 383436     cutoff   48      1842.58765 1725.84852  6.34%   8.2 4477s
 1034641 383724 1789.19500   54   10 1842.58765 1725.90972  6.33%   8.2 4485s
 1036025 383979 1818.94259   57   21 1842.58765 1725.95162  6.33%   8.2 4493s
 1037450 384373 infeasible   59      1842.58765 1726.03115  6.33%   8.2 4501s
 1038809 384756 1794.52774   47   42 1842.58765 1726.08890  6.32%   8.2 4512s
 1040085 385205 1806.53569   73   23 1842.58765 1726.15700  6.32%   8.2 4522s
 1041931 385525     cutoff   67      1842.58765 1726.23438  6.31%   8.2 4532s
 1043425 385763 1759.29067   54   15 1842.58765 1726.29556  6.31%   8.2 4542s
 1044799 386059     cutoff   53      1842.58765 1726.38012  6.31%   8.2 4552s
 1046087 386437     cutoff   81      1842.58765 1726.42756  6.30%   8.2 4562s
 1047640 386827     cutoff   57      1842.58765 1726.50632  6.30%   8.2 4572s
 1049003 387255 infeasible   60      1842.58765 1726.58138  6.30%   8.2 4583s
 1050835 387673 1828.33511   72   17 1842.58765 1726.66595  6.29%   8.2 4595s
 1052441 387992 1823.76956   48   14 1842.58765 1726.72720  6.29%   8.2 4604s
 1053830 388273     cutoff   48      1842.58765 1726.79888  6.28%   8.2 4613s
 1055167 388690 1799.80670   58   15 1842.58765 1726.85185  6.28%   8.2 4623s
 1056837 388994     cutoff   86      1842.58765 1726.92017  6.28%   8.2 4634s
 1058204 389425     cutoff   65      1842.58765 1726.99297  6.27%   8.2 4645s
 1059905 389706     cutoff   59      1842.58765 1727.05516  6.27%   8.2 4655s
 1061234 390075 1768.48228   49   16 1842.58765 1727.12004  6.27%   8.2 4666s
 1062895 390404 1747.29725   48   31 1842.58765 1727.22208  6.26%   8.2 4676s
 1064333 390696     cutoff   55      1842.58765 1727.29608  6.26%   8.2 4686s
 1065695 390994 infeasible   44      1842.58765 1727.35245  6.25%   8.2 4696s
 1066962 391358 1797.46276   56   30 1842.58765 1727.41854  6.25%   8.2 4706s
 1068382 391776 1799.99606   68   25 1842.58765 1727.49053  6.25%   8.2 4717s
 1070135 392237     cutoff   46      1842.58765 1727.55683  6.24%   8.2 4731s
 1071984 392519 1819.39952   42   10 1842.58765 1727.64555  6.24%   8.3 4742s
 1073260 392947     cutoff   56      1842.58765 1727.69090  6.24%   8.3 4753s
 1074790 393376 infeasible   50      1842.58765 1727.77469  6.23%   8.3 4765s
 1076114 393897 1832.31819   54   13 1842.58765 1727.82723  6.23%   8.3 4777s
 1077893 394227     cutoff   57      1842.58765 1727.92717  6.22%   8.3 4787s
 1079303 394259 1806.87553   49   10 1842.58765 1727.97242  6.22%   8.3 4802s
H1079445 394259                    1842.5875948 1727.97242  6.22%   8.3 4802s
 1079450 394586 1809.27652   50   16 1842.58759 1727.97593  6.22%   8.3 4810s
 1080865 394947     cutoff   45      1842.58759 1728.04499  6.22%   8.3 4819s
 1082304 395410 1815.05945   67   34 1842.58759 1728.12069  6.21%   8.3 4828s
 1084064 395747 1798.48156   52   20 1842.58759 1728.18508  6.21%   8.3 4837s
 1085481 396007     cutoff   69      1842.58759 1728.24166  6.21%   8.3 4846s
 1086865 396315 1745.40927   59   30 1842.58759 1728.29369  6.20%   8.3 4855s
 1088194 396589 1785.03247   59   45 1842.58759 1728.36705  6.20%   8.3 4864s
 1089566 396961     cutoff   45      1842.58759 1728.41754  6.20%   8.3 4875s
 1091296 397303 1841.54876   54   20 1842.58759 1728.49590  6.19%   8.3 4886s
 1092806 397595     cutoff   59      1842.58759 1728.58243  6.19%   8.3 4897s
 1094161 398029 infeasible   61      1842.58759 1728.63799  6.18%   8.3 4906s
 1095893 398375 1802.34478   65    9 1842.58759 1728.71312  6.18%   8.3 4914s
 1097381 398701     cutoff   53      1842.58759 1728.75997  6.18%   8.3 4923s
 1098996 399066 1771.70982   60   44 1842.58759 1728.84420  6.17%   8.3 4933s
 1100334 399461     cutoff   73      1842.58759 1728.89688  6.17%   8.3 4942s
 1102086 399772 1788.58797   56   27 1842.58759 1728.98260  6.17%   8.3 4950s
 1103462 400230 1793.62914   56   29 1842.58759 1729.03510  6.16%   8.3 4960s
 1105116 400513     cutoff   63      1842.58759 1729.11648  6.16%   8.3 4969s
 1106472 400852 1811.35469   54   14 1842.58759 1729.16393  6.16%   8.3 4977s
 1107825 401248     cutoff   59      1842.58759 1729.24646  6.15%   8.3 4986s
 1109355 401553 infeasible   49      1842.58759 1729.31141  6.15%   8.3 4996s
 1111095 401758     cutoff   53      1842.58759 1729.38427  6.14%   8.3 5006s
 1112458 402060     cutoff   57      1842.58759 1729.44653  6.14%   8.3 5016s
 1113774 402404 1840.82793   61    6 1842.58759 1729.50031  6.14%   8.3 5025s
 1115178 402790 infeasible   57      1842.58759 1729.55807  6.13%   8.3 5036s
 1116972 403123 1795.49486   41   10 1842.58759 1729.65147  6.13%   8.3 5046s
 1118414 403380 1741.20124   40   24 1842.58759 1729.70502  6.13%   8.3 5060s
 1119783 403635 1807.27759   52   30 1842.58759 1729.75874  6.12%   8.3 5075s
 1121368 404038     cutoff   65      1842.58759 1729.84225  6.12%   8.3 5086s
 1122861 404374 1779.45807   55   29 1842.58759 1729.90887  6.12%   8.3 5099s
 1124578 404678 1810.11476   55   29 1842.58759 1729.98383  6.11%   8.3 5111s
 1126140 405028     cutoff   69      1842.58759 1730.04969  6.11%   8.3 5120s
 1127543 405458 1837.18710   68   32 1842.58759 1730.11360  6.10%   8.3 5130s
 1129261 405783 1783.90756   43   36 1842.58759 1730.18077  6.10%   8.3 5139s
 1130629 406110 1831.91120   45   24 1842.58759 1730.24193  6.10%   8.3 5157s
 1132329 406428     cutoff   46      1842.58759 1730.31300  6.09%   8.3 5172s
 1133748 406730     cutoff   77      1842.58759 1730.37815  6.09%   8.3 5184s
 1135127 407134     cutoff   60      1842.58759 1730.41538  6.09%   8.3 5194s
 1136850 407458 1760.98379   51   33 1842.58759 1730.49750  6.08%   8.3 5202s
 1138223 407804     cutoff   47      1842.58759 1730.55655  6.08%   8.3 5212s
 1139755 408143 infeasible   50      1842.58759 1730.62380  6.08%   8.3 5221s
 1141239 408513 1790.58386   57   24 1842.58759 1730.67057  6.07%   8.3 5231s
 1142761 409026     cutoff   68      1842.58759 1730.74541  6.07%   8.3 5240s
 1144418 409297     cutoff   47      1842.58759 1730.81477  6.07%   8.3 5249s
 1145852 409502 1763.76936   45   44 1842.58759 1730.86970  6.06%   8.3 5257s
 1147281 409851 1822.93639   61   12 1842.58759 1730.94225  6.06%   8.3 5266s
 1148793 410241     cutoff   57      1842.58759 1731.01071  6.06%   8.3 5275s
 1150489 410523 1820.63132   51   10 1842.58759 1731.07658  6.05%   8.3 5283s
 1151756 410737 1781.37237   63   27 1842.58759 1731.14967  6.05%   8.3 5292s
 1153154 411061     cutoff   48      1842.58759 1731.20391  6.04%   8.3 5301s
 1154594 411380 1785.55333   68   26 1842.58759 1731.27158  6.04%   8.3 5310s
 1155980 411778 1810.10480   54   10 1842.58759 1731.33961  6.04%   8.3 5319s
 1157610 412148     cutoff   58      1842.58759 1731.41651  6.03%   8.3 5330s
 1159249 412540     cutoff   68      1842.58759 1731.49740  6.03%   8.3 5340s
 1160661 412969     cutoff   66      1842.58759 1731.55306  6.03%   8.3 5351s
 1162447 413258 1763.90677   46   11 1842.58759 1731.64563  6.02%   8.3 5363s
 1163828 413288 1831.93638   76   17 1842.58759 1731.71226  6.02%   8.3 5379s
 1163929 413577 1838.33125   68   32 1842.58759 1731.71672  6.02%   8.3 5388s
 1165398 413862 1772.73998   68   32 1842.58759 1731.76979  6.01%   8.3 5397s
 1166732 414169 1827.80914   48   43 1842.58759 1731.83912  6.01%   8.3 5406s
 1168226 414533 1791.64657   56   20 1842.58759 1731.90059  6.01%   8.3 5416s
 1170094 414781     cutoff   69      1842.58759 1731.97848  6.00%   8.3 5425s
 1171568 415071 1785.33370   55   19 1842.58759 1732.04793  6.00%   8.3 5434s
 1173055 415441     cutoff   64      1842.58759 1732.11861  6.00%   8.3 5443s
 1174559 415841     cutoff   57      1842.58759 1732.17412  5.99%   8.3 5453s
 1176392 416163     cutoff   60      1842.58759 1732.25305  5.99%   8.3 5464s
 1177820 416485 1804.37720   53   36 1842.58759 1732.31119  5.98%   8.3 5476s
 1179297 416849     cutoff   74      1842.58759 1732.36643  5.98%   8.3 5488s
 1180859 417193 infeasible   60      1842.58759 1732.42320  5.98%   8.3 5499s
 1182347 417520 infeasible   57      1842.58759 1732.48880  5.98%   8.3 5511s
 1183742 417828 1809.81381   48   19 1842.58759 1732.54262  5.97%   8.3 5522s
 1185261 418107 infeasible   49      1842.58759 1732.60685  5.97%   8.3 5533s
 1186648 418363 1759.64947   47   31 1842.58759 1732.68812  5.96%   8.3 5544s
 1188195 418690 1837.23886   56   20 1842.58759 1732.75414  5.96%   8.3 5555s
 1189731 419219 infeasible   75      1842.58759 1732.81308  5.96%   8.3 5567s
 1191728 419510     cutoff   54      1842.58759 1732.88282  5.95%   8.3 5576s
 1193198 419816     cutoff   50      1842.58759 1732.94346  5.95%   8.3 5586s
 1194976 420170 1767.19782   51   16 1842.58759 1733.02203  5.95%   8.3 5595s
 1196401 420445 1800.35145   45   21 1842.58759 1733.06509  5.94%   8.3 5604s
 1197780 420802 1770.50379   44   18 1842.58759 1733.12120  5.94%   8.3 5613s
 1199319 421137 1806.24714   50   22 1842.58759 1733.17952  5.94%   8.3 5623s
 1200765 421458 1813.06559   65   36 1842.58759 1733.23286  5.93%   8.3 5632s
 1202317 421833 1793.57351   57   42 1842.58759 1733.30490  5.93%   8.3 5642s
 1203799 422158 1761.56416   42   30 1842.58759 1733.36427  5.93%   8.3 5651s
 1205330 422487 1761.25220   44   31 1842.58759 1733.43854  5.92%   8.3 5661s
 1206988 422830 infeasible   54      1842.58759 1733.49435  5.92%   8.3 5671s
 1208805 423173     cutoff   70      1842.58759 1733.58372  5.92%   8.3 5680s
 1210281 423638 1790.21463   59   20 1842.58759 1733.65197  5.91%   8.3 5690s
 1212029 423863 1762.53828   57   32 1842.58759 1733.71467  5.91%   8.3 5701s
 1213560 424189     cutoff   44      1842.58759 1733.78207  5.91%   8.3 5712s
 1215067 424537 1810.59398   58   37 1842.58759 1733.83110  5.90%   8.3 5723s
 1216795 424837     cutoff   68      1842.58759 1733.88909  5.90%   8.3 5736s
 1218149 425162 1772.29240   52   27 1842.58759 1733.95467  5.90%   8.3 5748s
 1219714 425587     cutoff   70      1842.58759 1734.02447  5.89%   8.3 5761s
 1221562 425963     cutoff   60      1842.58759 1734.11275  5.89%   8.3 5773s
 1223019 426296     cutoff   61      1842.58759 1734.15872  5.88%   8.3 5785s
 1224657 426595 1793.61585   47   18 1842.58759 1734.23595  5.88%   8.3 5796s
 1226195 426914 1818.01623   54   25 1842.58759 1734.29578  5.88%   8.3 5806s
 1227580 427358 1782.27763   55   22 1842.58759 1734.36457  5.87%   8.4 5817s
 1229401 427642 1838.06530   66   21 1842.58759 1734.44095  5.87%   8.4 5827s
 1230756 427925 1780.96056   50   27 1842.58759 1734.50332  5.87%   8.4 5837s
 1232156 428334     cutoff   65      1842.58759 1734.54695  5.86%   8.4 5847s
 1233863 428642 infeasible   61      1842.58759 1734.60808  5.86%   8.4 5855s
 1235261 429092     cutoff   51      1842.58759 1734.67436  5.86%   8.4 5869s
 1237058 429468     cutoff   66      1842.58759 1734.73973  5.85%   8.4 5880s
 1238466 429817 1794.33834   65   22 1842.58759 1734.79040  5.85%   8.4 5891s
 1240229 430100     cutoff   56      1842.58759 1734.85589  5.85%   8.4 5903s
 1241657 430402 1837.22665   64   19 1842.58759 1734.91492  5.84%   8.4 5914s
 1243101 430669     cutoff   65      1842.58759 1734.99317  5.84%   8.4 5926s
 1244605 431003 1793.08041   62   25 1842.58759 1735.05999  5.84%   8.4 5938s
 1246027 431322     cutoff   54      1842.58759 1735.11549  5.83%   8.4 5949s
 1247547 431624     cutoff   51      1842.58759 1735.17237  5.83%   8.4 5958s
 1249068 431891 1809.03904   71   27 1842.58759 1735.23766  5.83%   8.4 5969s
 1250618 432299     cutoff   51      1842.58759 1735.30897  5.82%   8.4 5978s
 1252188 432616 1832.49473   53   23 1842.58759 1735.35757  5.82%   8.4 5990s
 1253901 432950 1785.14911   54   28 1842.58759 1735.42084  5.82%   8.4 5999s
 1255702 433284     cutoff   62      1842.58759 1735.49301  5.81%   8.4 6009s
 1257241 433327 1740.20772   48   15 1842.58759 1735.54759  5.81%   8.4 6028s
 1257452 433363 1830.35500   59   12 1842.58759 1735.54881  5.81%   8.4 6042s
 1257710 433715 1778.28196   65   26 1842.58759 1735.56155  5.81%   8.4 6053s
 1259382 434085 1805.73333   50   12 1842.58759 1735.62847  5.80%   8.4 6063s
 1260858 434489     cutoff   61      1842.58759 1735.68625  5.80%   8.4 6072s
 1262445 434955 1831.26474   59    6 1842.58759 1735.74952  5.80%   8.4 6083s
 1264496 435209     cutoff   60      1842.58759 1735.82844  5.79%   8.4 6093s
 1266067 435506     cutoff   67      1842.58759 1735.89748  5.79%   8.4 6104s
 1267600 435817 1739.90089   53   39 1842.58759 1735.95290  5.79%   8.4 6114s
 1269271 436190     cutoff   61      1842.58759 1736.02168  5.78%   8.4 6124s
 1270951 436586     cutoff   64      1842.58759 1736.08417  5.78%   8.4 6134s
 1272834 436822 infeasible   50      1842.58759 1736.16484  5.78%   8.4 6145s
 1274227 437038 1831.67032   68   32 1842.58759 1736.22440  5.77%   8.4 6156s
 1276093 437329 infeasible   47      1842.58759 1736.30779  5.77%   8.4 6166s
 1277653 437604 infeasible   61      1842.58759 1736.36772  5.76%   8.4 6175s
 1279204 437875     cutoff   78      1842.58759 1736.42227  5.76%   8.4 6186s
 1280751 438168 1809.60823   52   13 1842.58759 1736.49093  5.76%   8.4 6196s
 1282320 438531     cutoff   50      1842.58759 1736.54015  5.76%   8.4 6206s
 1283859 438819 1808.07214   43   29 1842.58759 1736.61887  5.75%   8.4 6216s
 1285521 439213 1746.86628   44   34 1842.58759 1736.67815  5.75%   8.4 6229s
 1287458 439500     cutoff   81      1842.58759 1736.73905  5.74%   8.4 6238s
 1289037 439852     cutoff   57      1842.58759 1736.78989  5.74%   8.4 6249s
 1290876 440109     cutoff   64      1842.58759 1736.85183  5.74%   8.4 6259s
 1292410 440377     cutoff   51      1842.58759 1736.92457  5.73%   8.4 6270s
 1293855 440606     cutoff   54      1842.58759 1736.97398  5.73%   8.4 6281s
 1295401 440915 1798.73541   55   16 1842.58759 1737.04197  5.73%   8.4 6292s
 1296976 441288 1791.19115   53   13 1842.58759 1737.10047  5.72%   8.4 6305s
 1298603 441653     cutoff   58      1842.58759 1737.16402  5.72%   8.4 6314s
 1300198 441943 1785.46398   72   18 1842.58759 1737.22268  5.72%   8.4 6325s
 1301596 442242 1766.40269   66   22 1842.58759 1737.27353  5.72%   8.4 6335s
 1303137 442547 1805.88065   58   13 1842.58759 1737.33745  5.71%   8.4 6344s
 1304776 442957     cutoff   54      1842.58759 1737.41119  5.71%   8.4 6354s
 1306433 443433 infeasible   52      1842.58759 1737.48041  5.70%   8.4 6365s
 1308416 443728 1818.25154   74   17 1842.58759 1737.54888  5.70%   8.4 6375s
 1309887 444012     cutoff   79      1842.58759 1737.60103  5.70%   8.4 6386s
 1311380 444402 1831.15887   67    4 1842.58759 1737.65320  5.69%   8.4 6397s
 1313277 444740 1811.52793   54   31 1842.58759 1737.73529  5.69%   8.4 6407s
 1314937 445051 1773.42925   51    9 1842.58759 1737.78410  5.69%   8.4 6417s
 1316380 445349 1840.90125   65   12 1842.58759 1737.84537  5.68%   8.4 6427s
 1317901 445697     cutoff   53      1842.58759 1737.91406  5.68%   8.4 6440s
 1319752 445981 1782.84831   60   36 1842.58759 1737.98303  5.68%   8.4 6452s
 1321354 446306 1820.35099   64   28 1842.58759 1738.04948  5.67%   8.4 6465s
 1323038 446614 1803.47848   61   19 1842.58759 1738.10840  5.67%   8.4 6476s
 1324555 446945 1808.31606   53   14 1842.58759 1738.16696  5.67%   8.4 6488s
 1326077 447340 1796.65957   61   18 1842.58759 1738.22831  5.66%   8.4 6501s
 1328152 447566     cutoff   42      1842.58759 1738.30408  5.66%   8.4 6512s
 1329685 447842 1842.40762   58   15 1842.58759 1738.36928  5.66%   8.4 6523s
 1331254 448130     cutoff   50      1842.58759 1738.42223  5.65%   8.4 6534s
 1332801 448405 1791.49223   48   17 1842.58759 1738.48756  5.65%   8.4 6545s
 1334311 448667 1804.11957   55   13 1842.58759 1738.53716  5.65%   8.4 6556s
 1335847 448897 1760.68267   52   15 1842.58759 1738.57864  5.64%   8.4 6566s
 1337309 449283     cutoff   64      1842.58759 1738.65597  5.64%   8.4 6577s
 1338974 449636 1746.90268   66   12 1842.58759 1738.72127  5.64%   8.4 6588s
 1340733 449990     cutoff   46      1842.58759 1738.79823  5.63%   8.4 6599s
 1342275 450358     cutoff   49      1842.58759 1738.85344  5.63%   8.4 6610s
 1344003 450667 infeasible   62      1842.58759 1738.91045  5.63%   8.4 6620s
 1345495 450940     cutoff   53      1842.58759 1738.96838  5.62%   8.4 6631s
 1347130 451381 1773.06873   53   26 1842.58759 1739.04289  5.62%   8.4 6642s
 1348956 451642     cutoff   58      1842.58759 1739.10326  5.62%   8.4 6653s
H1349540 451642                    1842.5875946 1739.11399  5.62%   8.4 6653s
 1350370 451944 1778.46074   43   17 1842.58759 1739.15868  5.61%   8.4 6663s
 1351944 452256 1781.89209   48   15 1842.58759 1739.21999  5.61%   8.4 6674s
 1353636 452315 1795.33147   57   20 1842.58759 1739.28097  5.61%   8.4 6696s
 1353873 452580 1805.34760   58   27 1842.58759 1739.28693  5.61%   8.4 6707s
 1355439 452856 1811.03365   52   25 1842.58759 1739.35398  5.60%   8.4 6719s
 1357055 453188 1822.20753   53   26 1842.58759 1739.42755  5.60%   8.4 6731s
 1358697 453431 1796.67635   34   27 1842.58759 1739.48915  5.60%   8.4 6743s
 1360339 453687 1803.58211   55   18 1842.58759 1739.53832  5.59%   8.4 6754s
 1362017 453949 1793.44206   52   17 1842.58759 1739.60597  5.59%   8.4 6766s
 1363723 454230 1832.56713   57   31 1842.58759 1739.67370  5.59%   8.4 6776s
 1365346 454559 1823.96446   54   10 1842.58759 1739.71982  5.58%   8.4 6788s
 1366963 454744     cutoff   80      1842.58759 1739.78126  5.58%   8.4 6798s
 1368623 455097 1766.13872   46   40 1842.58759 1739.83674  5.58%   8.4 6810s
 1370324 455428 1801.97491   63   29 1842.58759 1739.90055  5.57%   8.4 6824s
 1372032 455712 1798.39238   68   34 1842.58759 1739.95703  5.57%   8.4 6837s
 1373763 456031 1839.50063   50   23 1842.58759 1740.03175  5.57%   8.4 6851s
 1375505 456302 1828.01947   57   22 1842.58759 1740.10343  5.56%   8.4 6867s
 1377143 456573 1801.94644   55   22 1842.58759 1740.16337  5.56%   8.4 6882s
 1378857 456798 1833.65224   41   16 1842.58759 1740.21024  5.56%   8.4 6895s
 1380443 457103 1833.78274   49   18 1842.58759 1740.28310  5.55%   8.4 6908s
 1382133 457454     cutoff   50      1842.58759 1740.32747  5.55%   8.4 6921s
 1383799 457776     cutoff   71      1842.58759 1740.39043  5.55%   8.4 6934s
 1385679 458118 infeasible   73      1842.58759 1740.45343  5.54%   8.4 6946s
 1387366 458364 1804.00414   66   31 1842.58759 1740.50703  5.54%   8.4 6957s
 1388935 458710     cutoff   56      1842.58759 1740.58465  5.54%   8.4 6972s
 1390800 458993     cutoff   48      1842.58759 1740.64784  5.53%   8.4 6986s
 1392355 459266 infeasible   47      1842.58759 1740.70788  5.53%   8.4 6998s
 1393986 459531 infeasible   72      1842.58759 1740.74806  5.53%   8.4 7009s
 1395569 459761 1823.66818   67   24 1842.58759 1740.79706  5.52%   8.4 7020s
 1397188 460033 1773.97169   52   35 1842.58759 1740.85280  5.52%   8.4 7031s
 1398744 460388     cutoff   67      1842.58759 1740.91413  5.52%   8.4 7042s
 1400213 460753     cutoff   48      1842.58759 1740.97218  5.51%   8.4 7054s
 1402212 460934 infeasible   63      1842.58759 1741.03494  5.51%   8.4 7065s
 1403695 461172 infeasible   49      1842.58759 1741.09568  5.51%   8.5 7077s
 1405265 461468 1825.63385   66   31 1842.58759 1741.15758  5.50%   8.5 7088s
 1406949 461752 1773.62381   50   10 1842.58759 1741.20917  5.50%   8.5 7102s
 1408608 462083     cutoff   63      1842.58759 1741.26518  5.50%   8.5 7115s
 1410350 462390 1788.59184   75   36 1842.58759 1741.32160  5.50%   8.5 7130s
 1411996 462737 1773.97641   41   35 1842.58759 1741.39053  5.49%   8.5 7144s
 1413659 462956     cutoff   52      1842.58759 1741.44012  5.49%   8.5 7160s
 1415195 463240 1781.03789   56   23 1842.58759 1741.49590  5.49%   8.5 7174s
 1417113 463524 1829.50470   49   20 1842.58759 1741.56741  5.48%   8.5 7187s
 1418805 463829 1801.74837   63    6 1842.58759 1741.62578  5.48%   8.5 7200s

Cutting planes:
  Gomory: 6
  MIR: 2
  Zero half: 2
  RLT: 1
  Lazy constraints: 9256

Explored 1420448 nodes (12020247 simplex iterations) in 7200.15 seconds
Thread count was 12 (of 12 available processors)

Solution count 2: 1842.59 1859.68 

Time limit reached
Best objective 1.842587594645e+03, best bound 1.741689904028e+03, gap 5.4759%

User-callback calls 4004890, time in user-callback 2.59 sec
/projects/academic/josewalt/caigao/RRARP_BD/BendersDecomp/ret/model_outs/n_22_m_5_algo_3.out
 =====>>>>> Solution is written to file in <../ret/model_outs> !!!
===>> All Done!
