NPROCS=0
This instance is clustered!
Gurobi Optimizer version 9.0.0 build v9.0.0rc2 (linux64)
Optimize a model with 28 rows, 197 columns and 392 nonzeros
Model fingerprint: 0xb17b172e
Variable types: 1 continuous, 196 integer (196 binary)
Coefficient statistics:
  Matrix range     [1e+00, 1e+00]
  Objective range  [1e+00, 2e+02]
  Bounds range     [1e+00, 1e+00]
  RHS range        [1e+00, 1e+00]
Presolve removed 2 rows and 39 columns
Presolve time: 0.00s
Presolved: 26 rows, 158 columns, 314 nonzeros
Variable types: 1 continuous, 157 integer (157 binary)

Root relaxation: objective 2.326828e+02, 28 iterations, 0.00 seconds
 done with super cut 0

    Nodes    |    Current Node    |     Objective Bounds      |     Work
 Expl Unexpl |  Obj  Depth IntInf | Incumbent    BestBd   Gap | It/Node Time

     0     0  299.64170    0   22          -  299.64170      -     -    0s
 done with super cut 1
 done with super cut 2
H    0     0                     407.8405971  299.64170  26.5%     -    0s
     0     0  302.99214    0   25  407.84060  302.99214  25.7%     -    0s
 done with super cut 3
     0     0  305.23837    0   31  407.84060  305.23837  25.2%     -    0s
     0     0  305.23837    0   31  407.84060  305.23837  25.2%     -    0s
     0     2  305.23837    0   31  407.84060  305.23837  25.2%     -    0s
 done with super cut 4
 done with super cut 5
 done with super cut 6
 done with super cut 7
 done with super cut 8
 done with super cut 9
 done with super cut 10
*  402   263              26     406.3955023  318.49425  21.6%   4.9    0s
H 5639  2016                     402.7699086  357.39626  11.3%   5.0    1s

Cutting planes:
  Lazy constraints: 141

Explored 13778 nodes (81310 simplex iterations) in 2.83 seconds
Thread count was 12 (of 12 available processors)

Solution count 3: 402.77 406.396 407.841 

Optimal solution found (tolerance 1.00e-04)
Best objective 4.027699086138e+02, best bound 4.027699086138e+02, gap 0.0000%

User-callback calls 28866, time in user-callback 0.53 sec
/projects/academic/josewalt/caigao/RRARP_BD/BendersDecomp/ret/model_outs/n_12_h_9_algo_4.out
 =====>>>>> Solution is written to file in <../ret/model_outs> !!!
===>> All Done!
