NPROCS=0
This instance is clustered!
Gurobi Optimizer version 9.0.0 build v9.0.0rc2 (linux64)
Optimize a model with 32 rows, 257 columns and 512 nonzeros
Model fingerprint: 0x5578827f
Variable types: 1 continuous, 256 integer (256 binary)
Coefficient statistics:
  Matrix range     [1e+00, 1e+00]
  Objective range  [1e+00, 2e+02]
  Bounds range     [1e+00, 1e+00]
  RHS range        [1e+00, 1e+00]
Presolve removed 2 rows and 45 columns
Presolve time: 0.00s
Presolved: 30 rows, 212 columns, 422 nonzeros
Variable types: 1 continuous, 211 integer (211 binary)

Root relaxation: objective 4.105981e+02, 28 iterations, 0.00 seconds

    Nodes    |    Current Node    |     Objective Bounds      |     Work
 Expl Unexpl |  Obj  Depth IntInf | Incumbent    BestBd   Gap | It/Node Time

     0     0  555.76153    0   29          -  555.76153      -     -    0s
H    0     0                     610.9203646  555.76153  9.03%     -    0s
     0     0  557.96791    0   30  610.92036  557.96791  8.67%     -    0s
     0     0  557.96791    0   28  610.92036  557.96791  8.67%     -    0s
     0     0  557.96791    0   29  610.92036  557.96791  8.67%     -    0s
     0     0  560.39145    0   28  610.92036  560.39145  8.27%     -    0s
     0     2  560.39145    0   28  610.92036  560.39145  8.27%     -    0s

Cutting planes:
  Gomory: 2
  Zero half: 2
  Lazy constraints: 449

Explored 1851 nodes (5564 simplex iterations) in 0.26 seconds
Thread count was 12 (of 12 available processors)

Solution count 1: 610.92 

Optimal solution found (tolerance 1.00e-04)
Best objective 6.109203646440e+02, best bound 6.109203646440e+02, gap 0.0000%

User-callback calls 4359, time in user-callback 0.03 sec
/projects/academic/josewalt/caigao/RRARP_BD/BendersDecomp/ret/model_outs/n_14_e_8_algo_2.out
 =====>>>>> Solution is written to file in <../ret/model_outs> !!!
===>> All Done!
