NPROCS=0
This instance is clustered!
Gurobi Optimizer version 9.0.0 build v9.0.0rc2 (linux64)
Optimize a model with 38 rows, 362 columns and 722 nonzeros
Model fingerprint: 0xf49daf9e
Variable types: 1 continuous, 361 integer (361 binary)
Coefficient statistics:
  Matrix range     [1e+00, 1e+00]
  Objective range  [1e+00, 3e+02]
  Bounds range     [1e+00, 1e+00]
  RHS range        [1e+00, 1e+00]
Presolve removed 2 rows and 54 columns
Presolve time: 0.00s
Presolved: 36 rows, 308 columns, 614 nonzeros
Variable types: 1 continuous, 307 integer (307 binary)

Root relaxation: objective 4.700323e+02, 36 iterations, 0.00 seconds

    Nodes    |    Current Node    |     Objective Bounds      |     Work
 Expl Unexpl |  Obj  Depth IntInf | Incumbent    BestBd   Gap | It/Node Time

     0     0  586.90127    0   24          -  586.90127      -     -    0s
H    0     0                     928.5903741  586.90127  36.8%     -    0s
     0     0  594.79702    0   22  928.59037  594.79702  35.9%     -    0s
H    0     0                     870.6637814  594.79702  31.7%     -    0s
     0     0  603.36938    0   34  870.66378  603.36938  30.7%     -    0s
     0     2  609.87363    0   42  870.66378  609.87363  30.0%     -    0s
H 2074  1281                     863.3298012  677.39430  21.5%   6.1    0s
 30990 13306     cutoff   39       863.32980  763.26477  11.6%   7.6    5s
 55307 18213  845.66719   21   10  863.32980  785.50345  9.01%   8.3   10s
 73833 19558  842.06093   41   23  863.32980  798.54504  7.50%   8.7   15s
 90833 19312  859.01678   36   15  863.32980  808.52526  6.35%   8.9   20s
H99068 18755                     863.3297833  813.11380  5.82%   9.0   22s
 104550 17870     cutoff   32       863.32978  816.51046  5.42%   9.1   25s
 120068 14746     cutoff   42       863.32978  825.51277  4.38%   9.2   30s
 135812  8404 infeasible   36       863.32978  837.09408  3.04%   9.5   35s

Cutting planes:
  Lazy constraints: 1085

Explored 148470 nodes (1436797 simplex iterations) in 39.14 seconds
Thread count was 12 (of 12 available processors)

Solution count 3: 863.33 870.664 928.59 

Optimal solution found (tolerance 1.00e-04)
Best objective 8.633297832638e+02, best bound 8.633297832638e+02, gap 0.0000%

User-callback calls 306298, time in user-callback 0.16 sec
/projects/academic/josewalt/caigao/RRARP_BD/BendersDecomp/ret/model_outs/n_17_h_7_algo_3.out
 =====>>>>> Solution is written to file in <../ret/model_outs> !!!
===>> All Done!
