NPROCS=0
This instance is clustered!
Gurobi Optimizer version 9.0.0 build v9.0.0rc2 (linux64)
Optimize a model with 50 rows, 626 columns and 1250 nonzeros
Model fingerprint: 0xdf0b0d09
Variable types: 1 continuous, 625 integer (625 binary)
Coefficient statistics:
  Matrix range     [1e+00, 1e+00]
  Objective range  [1e+00, 5e+02]
  Bounds range     [1e+00, 1e+00]
  RHS range        [1e+00, 1e+00]
Presolve removed 2 rows and 72 columns
Presolve time: 0.01s
Presolved: 48 rows, 554 columns, 1106 nonzeros
Variable types: 1 continuous, 553 integer (553 binary)

Root relaxation: objective 8.251239e+02, 46 iterations, 0.00 seconds

    Nodes    |    Current Node    |     Objective Bounds      |     Work
 Expl Unexpl |  Obj  Depth IntInf | Incumbent    BestBd   Gap | It/Node Time

     0     0 1012.59918    0   16          - 1012.59918      -     -    0s
     0     0 1141.03982    0   12          - 1141.03982      -     -    0s
     0     2 1252.58594    0   22          - 1252.58594      -     -    0s
H 2114  1765                    3794.5437539 1295.43021  65.9%   5.6    0s
H 2114  1676                    1880.1907765 1295.43021  31.1%   5.6    0s
H 2116  1593                    1789.9413678 1295.43021  27.6%   5.6    0s
H 2131  1523                    1757.4604854 1295.95199  26.3%   5.6    1s
 12286  7907 infeasible  147      1757.46049 1358.96218  22.7%   7.5    5s
 23359 16208     cutoff   86      1757.46049 1377.69373  21.6%   7.3   10s
 30744 21885 1446.70852   34   35 1757.46049 1384.13086  21.2%   7.2   15s
 40355 29198     cutoff   90      1757.46049 1390.52523  20.9%   7.2   20s
 48478 35097 1756.91860   52    8 1757.46049 1394.70850  20.6%   7.1   25s
 55917 40749     cutoff   68      1757.46049 1398.20984  20.4%   7.1   30s
 63294 46688     cutoff   73      1757.46049 1401.09906  20.3%   7.0   35s
 68527 50969     cutoff   74      1757.46049 1403.19833  20.2%   7.0   40s
 71804 52545 1533.76595   69   12 1757.46049 1404.31098  20.1%   6.9   99s
 71806 52546 1682.02663   78   52 1757.46049 1404.31098  20.1%   6.9  100s
 71812 52550 1529.30390   41   64 1757.46049 1404.31098  20.1%   6.9  105s
 71815 52552 1508.31488   70   66 1757.46049 1404.31098  20.1%   6.9  114s
 71816 52553 1552.12700   79   63 1757.46049 1404.31098  20.1%   6.9  116s
 71819 52555 1469.27419   38   68 1757.46049 1404.31098  20.1%   6.9  120s
 71859 52595 1404.31098   33   47 1757.46049 1404.31098  20.1%   7.0  125s
 72751 53055 1481.54324   70   16 1757.46049 1404.31098  20.1%   7.0  130s
 74591 53945     cutoff  114      1757.46049 1404.31098  20.1%   7.0  135s
 77154 54958 1749.98019   60    6 1757.46049 1404.31098  20.1%   7.0  142s
 77940 55532 1725.94135   72   37 1757.46049 1404.31098  20.1%   7.1  145s
 80984 57144 1414.93625   52   31 1757.46049 1404.31098  20.1%   7.1  150s
 84471 58943 1501.54435   76   35 1757.46049 1404.31098  20.1%   7.1  155s
 85212 59207 1453.11280   48   30 1757.46049 1404.31098  20.1%   7.0  160s
 89707 61565 1573.83095   66   40 1757.46049 1404.31098  20.1%   7.0  165s
 93593 63238     cutoff  113      1757.46049 1404.31098  20.1%   7.1  170s
 97424 65074 1680.34891  133    8 1757.46049 1404.31098  20.1%   7.1  176s
 100867 66814     cutoff   85      1757.46049 1404.31098  20.1%   7.1  180s
 105949 69159     cutoff  126      1757.46049 1404.31098  20.1%   7.1  186s
 109677 70284     cutoff  112      1757.46049 1404.31098  20.1%   7.0  191s
 111329 71378 1591.44735   85   36 1757.46049 1404.60691  20.1%   7.1  195s
 115172 73312 1737.04609  107    - 1757.46049 1406.98916  19.9%   7.1  200s
 118344 74543 1514.77435   60   40 1757.46049 1408.25909  19.9%   7.1  205s
 122044 76455     cutoff   89      1757.46049 1409.94152  19.8%   7.1  210s
 125743 77892 1565.95264   60   35 1757.46049 1411.39141  19.7%   7.0  215s
 129098 79380     cutoff   84      1757.46049 1412.48913  19.6%   7.1  221s
 131303 80239     cutoff  134      1757.46049 1413.27215  19.6%   7.1  225s
 134725 82099     cutoff  125      1757.46049 1414.54737  19.5%   7.0  230s
 138249 83894 1548.74987   58    9 1757.46049 1415.60612  19.5%   7.0  236s
 140708 84591     cutoff  113      1757.46049 1416.15934  19.4%   7.0  240s
 143763 86062 1609.83709   80   46 1757.46049 1416.95655  19.4%   7.1  246s
H144547 83187                    1757.4604802 1417.08408  19.4%   7.1  246s
 144827 83127 1650.06194   81   17 1757.46048 1417.11350  19.4%   7.0  253s
 144878 84013 1650.07530   82   19 1757.46048 1417.11993  19.4%   7.1  255s
 148555 85904 1750.08899   77   24 1757.46048 1418.26289  19.3%   7.0  261s
 151165 87071     cutoff  119      1757.46048 1418.80380  19.3%   7.0  265s
 154413 88350 1729.84317  111   29 1757.46048 1419.58956  19.2%   7.0  271s
 156570 89125 1617.68421   55   11 1757.46048 1420.06299  19.2%   7.0  276s
 158695 90386 1711.46153   73   11 1757.46048 1420.63817  19.2%   7.0  280s
 162318 91814     cutoff  134      1757.46048 1421.49074  19.1%   7.0  286s
 164648 93071 1701.66227  110   22 1757.46048 1422.09246  19.1%   7.0  290s
 167121 94080     cutoff   84      1757.46048 1422.66537  19.0%   7.0  295s
 169518 94789 1706.24388   91    - 1757.46048 1423.28674  19.0%   7.0  300s
 171353 95864 1680.34638  104   25 1757.46048 1423.53737  19.0%   7.1  306s
 173571 96773     cutoff   97      1757.46048 1424.06833  19.0%   7.1  311s
 176072 97985 1648.79489   60   27 1757.46048 1424.74754  18.9%   7.1  315s
 178510 99190 1570.57215   56   18 1757.46048 1425.17813  18.9%   7.1  320s
 181053 99642     cutoff   88      1757.46048 1425.71188  18.9%   7.1  325s
 183111 100844 1609.11563   88   17 1757.46048 1426.22058  18.8%   7.1  330s
 185469 101834     cutoff   93      1757.46048 1426.73954  18.8%   7.1  336s
 187955 102479 1692.98542   86   19 1757.46048 1427.24026  18.8%   7.1  342s
 189817 103066 1669.40727   81    6 1757.46048 1427.45911  18.8%   7.1  347s
 190842 103580 1532.20246   53   23 1757.46048 1427.59275  18.8%   7.1  350s
 193155 104814 1668.06728   84   17 1757.46048 1428.01821  18.7%   7.1  355s
 197133 106582 1680.68188   86   14 1757.46048 1428.62476  18.7%   7.1  362s
 199756 107685 1578.34118   98   37 1757.46048 1429.20362  18.7%   7.1  366s
 201953 108536     cutoff   67      1757.46048 1429.60010  18.7%   7.1  371s
H203384 106352                    1757.4604564 1429.76548  18.6%   7.1  374s
 204161 107017     cutoff   57      1757.46046 1429.99376  18.6%   7.1  377s
 205412 107251 1703.51921  123    - 1757.46046 1430.23287  18.6%   7.1  381s
 207312 108304     cutoff   91      1757.46046 1430.80230  18.6%   7.1  387s
 208466 107948 1739.75901  116   28 1757.46046 1431.00435  18.6%   7.1  392s
 208510 109022 1579.59994   49   21 1757.46046 1431.08810  18.6%   7.1  395s
 211127 110105 1600.58323   74   19 1757.46046 1431.55775  18.5%   7.1  401s
 213664 111083     cutoff   88      1757.46046 1432.02467  18.5%   7.1  408s
 214863 111381 1678.46807  114    6 1757.46046 1432.22114  18.5%   7.1  411s
 215642 112089 1723.80826  123    6 1757.46046 1432.29612  18.5%   7.1  415s
 217999 113958     cutoff   98      1757.46046 1432.60625  18.5%   7.1  421s
 219172 114449     cutoff   81      1757.46046 1432.78167  18.5%   7.1  425s
 220984 116445 1724.50686  104   27 1757.46046 1433.00138  18.5%   7.1  430s
 223511 118144 1630.75361   48   23 1757.46046 1433.47603  18.4%   7.1  436s
 226175 120250 1679.26448   91   23 1757.46046 1433.83231  18.4%   7.1  441s
 228703 122280 infeasible   90      1757.46046 1434.38189  18.4%   7.1  447s
 231212 123886 1749.52064   89   22 1757.46046 1434.74160  18.4%   7.1  452s
 232279 124840 infeasible   64      1757.46046 1434.88037  18.4%   7.1  455s
 234446 125947     cutoff   86      1757.46046 1435.35183  18.3%   7.1  462s
 236601 127737 1757.42096  108    - 1757.46046 1435.74089  18.3%   7.1  467s
 237645 128724     cutoff  114      1757.46046 1435.80569  18.3%   7.1  470s
 239957 130449     cutoff   94      1757.46046 1436.16788  18.3%   7.1  476s
 242196 131311     cutoff   81      1757.46046 1436.56005  18.3%   7.1  481s
 242771 132562 1558.24826   91   29 1757.46046 1436.73476  18.2%   7.1  485s
 245535 134941 1686.19091   72   24 1757.46046 1437.09253  18.2%   7.1  492s
 246963 135975     cutoff  152      1757.46046 1437.28752  18.2%   7.1  495s
 249081 137578     cutoff  118      1757.46046 1437.55830  18.2%   7.1  503s
 250344 138149 infeasible   82      1757.46046 1437.82099  18.2%   7.1  507s
 251339 139291     cutoff   79      1757.46046 1437.92362  18.2%   7.1  510s
 254114 141197 1740.47444  127    4 1757.46046 1438.37797  18.2%   7.1  518s
 255278 141932 1748.38822   64    - 1757.46046 1438.65010  18.1%   7.1  522s
 256342 142826 1658.44656   46   14 1757.46046 1438.79355  18.1%   7.1  527s
 257547 143802 1636.08556   93   21 1757.46046 1438.89283  18.1%   7.1  531s
 258819 144859 1555.64598   73   36 1757.46046 1439.06147  18.1%   7.1  535s
 261215 146727 1621.33099   72   16 1757.46046 1439.36234  18.1%   7.1  543s
 262546 147787     cutoff   99      1757.46046 1439.51569  18.1%   7.1  547s
 263835 148747     cutoff   57      1757.46046 1439.72135  18.1%   7.1  551s
 265063 149739     cutoff  116      1757.46046 1439.82242  18.1%   7.1  555s
 267338 151530     cutoff   83      1757.46046 1440.05587  18.1%   7.1  563s
 268477 152347     cutoff   81      1757.46046 1440.12614  18.1%   7.1  566s
 270868 154373 infeasible   98      1757.46046 1440.41302  18.0%   7.1  572s
 272113 155161     cutoff   91      1757.46046 1440.51675  18.0%   7.1  575s
 274289 156952 1709.60071  109    6 1757.46046 1440.67037  18.0%   7.1  582s
 275382 157984     cutoff  128      1757.46046 1440.81863  18.0%   7.1  586s
 277873 159839 1754.03717  132   19 1757.46046 1441.16332  18.0%   7.1  593s
 279134 160600 1494.31423   54   37 1757.46046 1441.31006  18.0%   7.1  597s
 280129 161414 1569.07377   73   36 1757.46046 1441.39357  18.0%   7.1  600s
 282316 163245 1568.58843   53   18 1757.46046 1441.72199  18.0%   7.1  607s
 283563 164139 1642.20815   90   23 1757.46046 1441.81195  18.0%   7.1  610s
 285911 166085 1640.49113   95   45 1757.46046 1442.01791  17.9%   7.1  616s
 288418 167800 1688.95889  117   38 1757.46046 1442.31509  17.9%   7.1  622s
 289269 168675 1687.04479   77   20 1757.46046 1442.45262  17.9%   7.1  626s
 291436 170316 infeasible   78      1757.46046 1442.65740  17.9%   7.1  632s
 292609 171428     cutoff  111      1757.46046 1442.81222  17.9%   7.1  635s
 293955 171944 1472.89074   51   50 1757.46046 1442.92333  17.9%   7.1  640s
 295541 173271 1708.78212   61   21 1757.46046 1443.09339  17.9%   7.1  647s
 296729 174232 1734.93537  116   21 1757.46046 1443.24954  17.9%   7.1  650s
 299254 176042     cutoff  145      1757.46046 1443.48833  17.9%   7.1  657s
 300468 176958 1746.41388   80    - 1757.46046 1443.61813  17.9%   7.1  661s
 301632 177964 1753.03871   81    8 1757.46046 1443.67361  17.9%   7.1  665s
 304160 180069 1666.53165   80   31 1757.46046 1443.98175  17.8%   7.1  672s
 305527 180886 1616.62414   85   27 1757.46046 1444.15952  17.8%   7.1  675s
 307845 182820 1757.01262   99    4 1757.46046 1444.43481  17.8%   7.1  682s
 309017 183714 infeasible  100      1757.46046 1444.53967  17.8%   7.1  685s
 311362 185508     cutoff   80      1757.46046 1444.80189  17.8%   7.1  692s
 312470 185563 1562.31003   52    9 1757.46046 1444.89974  17.8%   7.1  701s
 312530 185575 1539.06197   52   31 1757.46046 1444.89974  17.8%   7.1  713s
 312542 186115 1600.25113   53   31 1757.46046 1444.90623  17.8%   7.1  718s
 313440 186716     cutoff   71      1757.46046 1445.09301  17.8%   7.1  723s
 314348 187627 1738.19052   91    6 1757.46046 1445.11660  17.8%   7.1  727s
 315567 188603     cutoff   92      1757.46046 1445.17724  17.8%   7.1  732s
 316826 189212     cutoff   97      1757.46046 1445.40565  17.8%   7.1  737s
 317762 190040 infeasible   93      1757.46046 1445.58295  17.7%   7.1  741s
 318827 191045 1619.79283   62   20 1757.46046 1445.67585  17.7%   7.1  746s
 320138 192074 1651.81394   92   18 1757.46046 1445.72828  17.7%   7.1  751s
 321488 193152 infeasible   82      1757.46046 1445.86825  17.7%   7.1  755s
 322847 194042 1604.67916   73   27 1757.46046 1446.02456  17.7%   7.1  760s
 323930 194810     cutoff  101      1757.46046 1446.15507  17.7%   7.1  766s
 325070 195613 1683.98246  116   32 1757.46046 1446.26009  17.7%   7.1  770s
 327209 197485 1612.64637   48   31 1757.46046 1446.44572  17.7%   7.1  778s
 328579 198529     cutoff  105      1757.46046 1446.57761  17.7%   7.1  782s
 329844 199388     cutoff  108      1757.46046 1446.71808  17.7%   7.1  785s
 330964 200318 1711.44693  108    6 1757.46046 1446.90384  17.7%   7.1  790s
 333438 201874 infeasible   69      1757.46046 1447.17223  17.7%   7.1  798s
 334336 202817 infeasible   88      1757.46046 1447.28663  17.6%   7.1  802s
 335522 203278 1641.88723   90    6 1757.46046 1447.41882  17.6%   7.1  807s
 336179 203878     cutoff  104      1757.46046 1447.51868  17.6%   7.1  812s
 337122 204417 infeasible  132      1757.46046 1447.53918  17.6%   7.2  816s
 338120 205552 1684.89432  107   38 1757.46046 1447.68300  17.6%   7.2  820s
 339526 206158     cutoff   88      1757.46046 1447.78452  17.6%   7.2  825s
 340511 207125 1603.98243   74   16 1757.46046 1447.89947  17.6%   7.2  830s
 343150 208822     cutoff   95      1757.46046 1448.13562  17.6%   7.2  838s
 344186 209737 1472.24670   48   46 1757.46046 1448.25706  17.6%   7.2  842s
 345365 210523     cutoff  113      1757.46046 1448.33236  17.6%   7.2  847s
 346435 211502 1729.92238   83   10 1757.46046 1448.42354  17.6%   7.2  852s
 347671 212689     cutoff   84      1757.46046 1448.51790  17.6%   7.2  856s
 350439 214706 1629.08047   72   32 1757.46046 1448.75553  17.6%   7.2  863s
 351763 215731 1731.80656  107   21 1757.46046 1448.85835  17.6%   7.2  867s
 353078 216652 1543.85075   56   10 1757.46046 1449.01054  17.6%   7.2  871s
 354180 217590 1630.81870   89   34 1757.46046 1449.06633  17.5%   7.2  875s
 356621 219047     cutoff   77      1757.46046 1449.28352  17.5%   7.2  883s
 357605 220060     cutoff   79      1757.46046 1449.36998  17.5%   7.2  888s
 358886 220833 infeasible   88      1757.46046 1449.47248  17.5%   7.2  892s
 359918 221802 1597.66438  125   34 1757.46046 1449.57109  17.5%   7.2  897s
 361312 222515     cutoff   80      1757.46046 1449.65712  17.5%   7.2  901s
 362336 223288 1719.44781   53   14 1757.46046 1449.73883  17.5%   7.2  905s
 363448 223716 1533.33506   80   51 1757.46046 1449.84193  17.5%   7.2  910s
 364414 224547     cutoff   69      1757.46046 1449.86039  17.5%   7.2  915s
 366845 226347     cutoff   70      1757.46046 1450.06857  17.5%   7.2  925s
 369198 228229     cutoff   86      1757.46046 1450.27797  17.5%   7.2  933s
 370467 229186     cutoff   90      1757.46046 1450.40688  17.5%   7.2  937s
 371685 229598 1656.36439   53    9 1757.46046 1450.50550  17.5%   7.2  940s
 373636 231465     cutoff   77      1757.46046 1450.64950  17.5%   7.2  949s
 374816 232328     cutoff   92      1757.46046 1450.80508  17.4%   7.2  954s
 375996 233297     cutoff   97      1757.46046 1450.89953  17.4%   7.2  959s
 377294 234271     cutoff   85      1757.46046 1450.99389  17.4%   7.2  963s
 378663 234908     cutoff   72      1757.46046 1451.10680  17.4%   7.2  968s
 379604 235705     cutoff   88      1757.46046 1451.20379  17.4%   7.2  973s
 380839 236583 1710.12967  100    4 1757.46046 1451.24308  17.4%   7.2  977s
 382005 237520 1554.99800   57   24 1757.46046 1451.36787  17.4%   7.2  982s
 383263 238426 1542.09681   54   31 1757.46046 1451.45614  17.4%   7.2  987s
 384450 238959     cutoff   79      1757.46046 1451.52842  17.4%   7.2  992s
 385284 239728     cutoff   96      1757.46046 1451.60613  17.4%   7.2  998s
 386387 240245     cutoff  107      1757.46046 1451.69917  17.4%   7.2 1003s
 387271 240949     cutoff   82      1757.46046 1451.81723  17.4%   7.2 1008s
 388352 241921     cutoff   94      1757.46046 1451.83743  17.4%   7.2 1013s
 389701 242883     cutoff   75      1757.46046 1451.96669  17.4%   7.2 1018s
 390967 243446 infeasible  138      1757.46046 1452.04517  17.4%   7.2 1024s
 391814 244290     cutoff   87      1757.46046 1452.10803  17.4%   7.2 1029s
 393043 245316     cutoff   89      1757.46046 1452.22360  17.4%   7.2 1034s
 394386 246084 1756.04371   73   18 1757.46046 1452.27616  17.4%   7.2 1039s
 395432 247098 1646.51944   72    8 1757.46046 1452.40870  17.4%   7.2 1044s
 395646 247106 1614.66022   50   29 1757.46046 1452.42451  17.4%   7.2 1045s
 396748 247864 infeasible  105      1757.46046 1452.51946  17.4%   7.2 1051s
 397894 248770 1698.83895   64   19 1757.46046 1452.63556  17.3%   7.2 1057s
 399190 249719 infeasible   67      1757.46046 1452.79370  17.3%   7.2 1063s
 400620 250458     cutoff   98      1757.46046 1452.89960  17.3%   7.2 1068s
 401626 251318     cutoff   93      1757.46046 1453.00898  17.3%   7.2 1076s
 402919 252245 1462.93883   50   37 1757.46046 1453.10972  17.3%   7.2 1082s
 404184 253289     cutoff  102      1757.46046 1453.15880  17.3%   7.2 1089s
 405519 253777 1661.04449   79   26 1757.46046 1453.29160  17.3%   7.3 1097s
 406361 254369     cutoff  100      1757.46046 1453.36296  17.3%   7.3 1107s
 407329 255198 1581.57315   74   34 1757.46046 1453.41101  17.3%   7.3 1114s
 408443 255897     cutoff   81      1757.46046 1453.49266  17.3%   7.3 1120s
 409664 256765 1656.76824   51    6 1757.46046 1453.55427  17.3%   7.3 1126s
 410864 257800 1609.93098   76   47 1757.46046 1453.69017  17.3%   7.3 1132s
 412274 258950     cutoff   94      1757.46046 1453.81299  17.3%   7.3 1138s
 413712 259529 infeasible   77      1757.46046 1453.90047  17.3%   7.3 1144s
 414540 260467 1598.68351   65   39 1757.46046 1453.98132  17.3%   7.3 1150s
 415788 261296     cutoff   78      1757.46046 1454.07586  17.3%   7.3 1156s
 416965 261996     cutoff   74      1757.46046 1454.14048  17.3%   7.3 1162s
 418064 262963 1533.20784   66   19 1757.46046 1454.21571  17.3%   7.3 1169s
 419334 263797 1646.22568   69   27 1757.46046 1454.30736  17.2%   7.3 1174s
 420544 264514     cutoff   79      1757.46046 1454.40722  17.2%   7.3 1180s
 421479 265308 1727.27122  157   33 1757.46046 1454.47198  17.2%   7.3 1185s
 422671 266220 1520.40641   45   27 1757.46046 1454.53700  17.2%   7.3 1190s
 423894 267233 1652.56336   57   31 1757.46046 1454.62810  17.2%   7.3 1195s
 425258 268061 1689.92744   55    6 1757.46046 1454.70587  17.2%   7.3 1201s
 426385 268701     cutoff   61      1757.46046 1454.79515  17.2%   7.3 1208s
 427509 269466     cutoff   78      1757.46046 1454.91343  17.2%   7.3 1213s
 428681 270085 1726.17891   64   25 1757.46046 1455.03504  17.2%   7.3 1219s
 429814 271111     cutoff   67      1757.46046 1455.14572  17.2%   7.3 1223s
 431223 272206     cutoff  125      1757.46046 1455.24163  17.2%   7.3 1228s
 432719 272885 infeasible   90      1757.46046 1455.34820  17.2%   7.3 1233s
 433666 273873 1523.39953   59   30 1757.46046 1455.43403  17.2%   7.3 1239s
 434961 275018     cutoff   92      1757.46046 1455.51753  17.2%   7.3 1244s
 436347 275976 1741.82982  101   13 1757.46046 1455.62219  17.2%   7.3 1250s
 437682 276978 1744.79167  103   13 1757.46046 1455.71242  17.2%   7.3 1256s
 438964 277895 1519.29600   47   41 1757.46046 1455.78339  17.2%   7.3 1261s
 440214 278788     cutoff   85      1757.46046 1455.85911  17.2%   7.3 1267s
 441371 279846 1556.95146   61   30 1757.46046 1455.98085  17.2%   7.3 1272s
 442720 280702     cutoff   89      1757.46046 1456.09758  17.1%   7.3 1277s
 443949 281592 1497.40795   56   25 1757.46046 1456.18003  17.1%   7.3 1283s
 445057 282457 1673.71591   87   29 1757.46046 1456.27012  17.1%   7.3 1289s
 446155 283417 1749.45243  124   27 1757.46046 1456.33948  17.1%   7.3 1294s
 447498 284588     cutoff   61      1757.46046 1456.48017  17.1%   7.3 1299s
 448847 285465 1554.99124   65   12 1757.46046 1456.57314  17.1%   7.3 1305s
 450126 286318 1602.12737   54   10 1757.46046 1456.68901  17.1%   7.3 1311s
 451353 287178 1493.22726   49   47 1757.46046 1456.73908  17.1%   7.3 1317s
 452411 288045 1664.61508  123   31 1757.46046 1456.80842  17.1%   7.3 1323s
 453538 288844 1508.94422   55   30 1757.46046 1456.89353  17.1%   7.3 1330s
 454694 289811     cutoff   76      1757.46046 1456.98229  17.1%   7.3 1335s
 455979 290794 1726.07401   54   31 1757.46046 1457.09252  17.1%   7.3 1341s
 457199 291801 1653.39489  102   44 1757.46046 1457.16606  17.1%   7.3 1347s
 458510 292604     cutoff  125      1757.46046 1457.30812  17.1%   7.3 1353s
 459517 293565     cutoff   76      1757.46046 1457.34704  17.1%   7.3 1358s
 460787 294583 infeasible   84      1757.46046 1457.42675  17.1%   7.3 1364s
 462095 295001 1609.87577   96   25 1757.46046 1457.54870  17.1%   7.3 1369s
 463008 295700     cutoff   93      1757.46046 1457.63404  17.1%   7.3 1376s
 464124 296455     cutoff   84      1757.46046 1457.71556  17.1%   7.3 1381s
 465244 297008     cutoff   76      1757.46046 1457.78977  17.1%   7.3 1388s
 466083 297603     cutoff   61      1757.46046 1457.92760  17.0%   7.3 1394s
 467057 298157 1683.83224   51   27 1757.46046 1457.93434  17.0%   7.3 1400s
 467968 298474 1625.58933   70   43 1757.46046 1457.98997  17.0%   7.3 1406s
 468545 299031 1505.77196   58   39 1757.46046 1458.05698  17.0%   7.3 1414s
 469434 299983 1715.39780   82   25 1757.46046 1458.06523  17.0%   7.3 1423s
 470821 301079     cutoff   77      1757.46046 1458.15432  17.0%   7.3 1431s
 472205 301191     cutoff   97      1757.46046 1458.27855  17.0%   7.3 1448s
 472345 302245 1674.89951   59   34 1757.46046 1458.29372  17.0%   7.3 1456s
 473847 303253     cutoff  116      1757.46046 1458.40988  17.0%   7.3 1463s
 475184 304208 1756.17437   88   27 1757.46046 1458.51288  17.0%   7.3 1469s
 476588 305268     cutoff   94      1757.46046 1458.59124  17.0%   7.3 1474s
 478017 306189     cutoff   77      1757.46046 1458.67637  17.0%   7.3 1479s
 479360 307148     cutoff   72      1757.46046 1458.82808  17.0%   7.3 1485s
 480623 308093 infeasible   75      1757.46046 1458.93522  17.0%   7.3 1492s
 481790 309143     cutoff   91      1757.46046 1459.01569  17.0%   7.3 1498s
 483187 310080 1579.57239   68   39 1757.46046 1459.13222  17.0%   7.3 1504s
 484502 310681     cutoff   97      1757.46046 1459.16668  17.0%   7.3 1512s
 485335 311488 1603.21235   94   34 1757.46046 1459.24921  17.0%   7.3 1517s
 486432 312410 1628.03039   66   35 1757.46046 1459.32052  17.0%   7.3 1523s
 487606 313559     cutoff   83      1757.46046 1459.37078  17.0%   7.3 1528s
 489121 314590     cutoff   96      1757.46046 1459.45532  17.0%   7.3 1534s
 490515 315179 1628.28601   54   13 1757.46046 1459.56972  17.0%   7.3 1541s
 491470 316142     cutoff   57      1757.46046 1459.63240  16.9%   7.3 1548s
 492747 316906 1633.54218   58   29 1757.46046 1459.72936  16.9%   7.3 1554s
 493952 317770 1614.99258   87   34 1757.46046 1459.81115  16.9%   7.4 1559s
 495138 318815     cutoff  112      1757.46046 1459.91180  16.9%   7.4 1564s
 496544 319755     cutoff  116      1757.46046 1459.98242  16.9%   7.4 1570s
 497833 320718 1507.87519   44   36 1757.46046 1460.05800  16.9%   7.4 1576s
 499095 321721 1708.01982   56   14 1757.46046 1460.13443  16.9%   7.4 1582s
 500391 322641     cutoff   92      1757.46046 1460.19622  16.9%   7.4 1587s
 501685 323276     cutoff  117      1757.46046 1460.27078  16.9%   7.4 1594s
 502674 324213 1743.47108   71    8 1757.46046 1460.33162  16.9%   7.4 1599s
 503998 325209     cutoff   82      1757.46046 1460.44445  16.9%   7.4 1605s
 505333 326060 1729.49833   91   15 1757.46046 1460.52916  16.9%   7.4 1611s
 506457 326613     cutoff   68      1757.46046 1460.60200  16.9%   7.4 1618s
 507411 327481     cutoff   69      1757.46046 1460.65674  16.9%   7.4 1624s
 508737 328582 1734.50498   97   16 1757.46046 1460.73503  16.9%   7.4 1629s
 510205 329467 1719.99379  101   35 1757.46046 1460.82611  16.9%   7.4 1635s
 511424 330188 1524.74359   66   46 1757.46046 1460.88132  16.9%   7.4 1640s
 512527 331064 1715.23980   91   10 1757.46046 1460.91960  16.9%   7.4 1645s
 513841 332088 infeasible   99      1757.46046 1461.01633  16.9%   7.4 1651s
 515171 333202 1494.96236   64   31 1757.46046 1461.12077  16.9%   7.4 1657s
 516537 334070 1591.70725   94   29 1757.46046 1461.19069  16.9%   7.4 1664s
 517698 334871 1577.67488   54   14 1757.46046 1461.25248  16.9%   7.4 1671s
 518755 335912     cutoff   55      1757.46046 1461.33057  16.8%   7.4 1677s
 520097 336887     cutoff  100      1757.46046 1461.37905  16.8%   7.4 1682s
 521471 337650     cutoff   68      1757.46046 1461.48921  16.8%   7.4 1688s
 522577 338226 infeasible   56      1757.46046 1461.60417  16.8%   7.4 1695s
 523553 339133 infeasible   84      1757.46046 1461.65837  16.8%   7.4 1702s
 524770 339914     cutoff   93      1757.46046 1461.69806  16.8%   7.4 1708s
 525838 340812     cutoff   83      1757.46046 1461.77788  16.8%   7.4 1714s
 527135 341902     cutoff   66      1757.46046 1461.84993  16.8%   7.4 1720s
 528596 342633     cutoff   76      1757.46046 1461.95583  16.8%   7.4 1728s
 529607 343360 1697.72112   65   18 1757.46046 1462.01769  16.8%   7.4 1734s
 530694 344209 1732.09913   55   14 1757.46046 1462.09693  16.8%   7.4 1741s
 531850 344985 1742.41307   51   13 1757.46046 1462.14755  16.8%   7.4 1747s
 532921 345680     cutoff   53      1757.46046 1462.17389  16.8%   7.4 1753s
 534119 346396     cutoff   65      1757.46046 1462.28276  16.8%   7.4 1759s
 535293 347393     cutoff  119      1757.46046 1462.35804  16.8%   7.4 1765s
 536577 348397     cutoff   74      1757.46046 1462.45323  16.8%   7.4 1773s
 537889 349238     cutoff   97      1757.46046 1462.54214  16.8%   7.4 1779s
 539063 350288     cutoff   82      1757.46046 1462.63848  16.8%   7.4 1785s
 540470 351269 1499.77986   51    8 1757.46046 1462.73976  16.8%   7.4 1791s
 541785 352120     cutoff   65      1757.46046 1462.82925  16.8%   7.4 1797s
 543011 352984     cutoff   86      1757.46046 1462.90407  16.8%   7.4 1805s
 544088 353617     cutoff   62      1757.46046 1462.93970  16.8%   7.4 1812s
 545045 354475 1707.80436   85   21 1757.46046 1462.98637  16.8%   7.4 1817s
 546288 355515     cutoff   89      1757.46046 1463.11659  16.7%   7.4 1825s
 547597 356431     cutoff   69      1757.46046 1463.18080  16.7%   7.4 1831s
 548906 357284     cutoff   65      1757.46046 1463.27229  16.7%   7.4 1837s
 550097 358075 1619.14341   96   23 1757.46046 1463.34197  16.7%   7.4 1844s
 551146 358869 1561.52017   71   37 1757.46046 1463.39500  16.7%   7.4 1849s
 552210 359724     cutoff  121      1757.46046 1463.43623  16.7%   7.4 1856s
 553457 360575     cutoff   74      1757.46046 1463.56816  16.7%   7.4 1862s
 554706 360629     cutoff   71      1757.46046 1463.61665  16.7%   7.4 1877s
 554758 361432 1537.02205   61   39 1757.46046 1463.65570  16.7%   7.4 1885s
 555965 362185 1731.47603   70   25 1757.46046 1463.70813  16.7%   7.4 1892s
 557044 362945 1587.94696   66   38 1757.46046 1463.73319  16.7%   7.4 1901s
 558110 363874     cutoff   89      1757.46046 1463.78610  16.7%   7.4 1907s
 559371 364823     cutoff  137      1757.46046 1463.88235  16.7%   7.4 1915s
 560768 365881 1601.95295   83   34 1757.46046 1463.98740  16.7%   7.4 1922s
 562137 366778     cutoff   72      1757.46046 1464.06362  16.7%   7.4 1931s
 563367 367602     cutoff   83      1757.46046 1464.13264  16.7%   7.4 1938s
 564555 368634     cutoff  110      1757.46046 1464.19266  16.7%   7.4 1945s
 565996 369612     cutoff  110      1757.46046 1464.25510  16.7%   7.4 1951s
 567266 370731 1626.32664   75   34 1757.46046 1464.33953  16.7%   7.4 1957s
 568673 371491     cutoff   97      1757.46046 1464.40012  16.7%   7.4 1963s
 569822 372374 1693.52148   74   44 1757.46046 1464.49253  16.7%   7.4 1970s
 570928 373013 1659.95127   73   14 1757.46046 1464.58129  16.7%   7.4 1978s
 571884 373792     cutoff   87      1757.46046 1464.62635  16.7%   7.4 1985s
 573028 374773     cutoff   92      1757.46046 1464.63842  16.7%   7.4 1991s
 574393 375653     cutoff   68      1757.46046 1464.72818  16.7%   7.4 1998s
 575654 376436 1597.36036   57   18 1757.46046 1464.80258  16.7%   7.4 2006s
 576782 377157     cutoff  102      1757.46046 1464.88273  16.6%   7.4 2014s
 577820 378019 infeasible   73      1757.46046 1464.93701  16.6%   7.4 2020s
 579018 378986 1529.19345   64   43 1757.46046 1465.04137  16.6%   7.4 2027s
 580302 379517 1671.80009   76   36 1757.46046 1465.08484  16.6%   7.4 2034s
 581329 380437     cutoff   86      1757.46046 1465.18251  16.6%   7.4 2040s
 582691 381370 1720.16987   76   29 1757.46046 1465.27619  16.6%   7.4 2046s
 583949 382431     cutoff   74      1757.46046 1465.35360  16.6%   7.4 2053s
 585352 382980 1664.23538   94   34 1757.46046 1465.46225  16.6%   7.4 2062s
 586293 383823     cutoff   64      1757.46046 1465.49603  16.6%   7.4 2070s
 587550 384750     cutoff  101      1757.46046 1465.54789  16.6%   7.4 2076s
 588810 385432 1690.98230  102   23 1757.46046 1465.63952  16.6%   7.4 2084s
 589772 386417     cutoff   97      1757.46046 1465.68896  16.6%   7.4 2092s
 591164 387254     cutoff   79      1757.46046 1465.78139  16.6%   7.4 2100s
 592372 388156     cutoff   70      1757.46046 1465.85068  16.6%   7.4 2107s
 593627 388929 1656.78858   76   18 1757.46046 1465.93521  16.6%   7.4 2115s
 594855 389852     cutoff   94      1757.46046 1466.01763  16.6%   7.4 2121s
 596218 390892     cutoff  107      1757.46046 1466.07133  16.6%   7.4 2128s
 597576 391576     cutoff   76      1757.46046 1466.13791  16.6%   7.4 2134s
 598684 391980 1721.52475  107   20 1757.46046 1466.20673  16.6%   7.4 2142s
 599349 392421     cutoff  114      1757.46046 1466.23623  16.6%   7.4 2151s
 600204 393310 infeasible  136      1757.46046 1466.28310  16.6%   7.4 2158s
 601517 393965 1708.92842   74    6 1757.46046 1466.32832  16.6%   7.4 2167s
 602625 395013     cutoff   93      1757.46046 1466.39007  16.6%   7.4 2176s
 604057 396050 1699.05553   58   28 1757.46046 1466.45709  16.6%   7.4 2184s
 605469 397106     cutoff   70      1757.46046 1466.52774  16.6%   7.4 2193s
 606842 398045     cutoff   86      1757.46046 1466.60538  16.5%   7.4 2202s
 608205 398094 1613.89290   65   26 1757.46046 1466.67756  16.5%   7.4 2225s
 608268 399159 1614.99801   66   26 1757.46046 1466.69090  16.5%   7.5 2233s
 609756 400126     cutoff   97      1757.46046 1466.77367  16.5%   7.4 2242s
 611073 400940     cutoff   87      1757.46046 1466.82639  16.5%   7.5 2251s
 612275 401756     cutoff  108      1757.46046 1466.92626  16.5%   7.5 2261s
 613475 402700 1632.57372   68   25 1757.46046 1466.99555  16.5%   7.5 2270s
 614866 403727 1551.84784   61   26 1757.46046 1467.09629  16.5%   7.5 2280s
 616294 404269     cutoff   93      1757.46046 1467.15629  16.5%   7.5 2289s
 617301 405193     cutoff   97      1757.46046 1467.27101  16.5%   7.5 2300s
 618558 406321 1557.17719   49   26 1757.46046 1467.34297  16.5%   7.5 2311s
 620032 407139     cutoff   96      1757.46046 1467.42405  16.5%   7.5 2323s
 621199 408036     cutoff   96      1757.46046 1467.46092  16.5%   7.5 2334s
 622539 409145     cutoff   92      1757.46046 1467.52742  16.5%   7.5 2345s
 624031 409722     cutoff   94      1757.46046 1467.61000  16.5%   7.5 2356s
 625039 410486 1502.59274   71   47 1757.46046 1467.62408  16.5%   7.5 2368s
 626164 410954 1632.78757   96   31 1757.46046 1467.66752  16.5%   7.5 2378s
 627139 411917 1685.02775  118    9 1757.46046 1467.74774  16.5%   7.5 2386s
 628496 412753     cutoff  124      1757.46046 1467.80105  16.5%   7.5 2394s
 629675 413747     cutoff   76      1757.46046 1467.90578  16.5%   7.5 2401s
 631053 414341 1574.82819   67   39 1757.46046 1468.01054  16.5%   7.5 2409s
 632085 415374 1745.43034   64   12 1757.46046 1468.07738  16.5%   7.5 2416s
 633555 416377 infeasible   83      1757.46046 1468.15037  16.5%   7.5 2423s
 634966 417230 infeasible   88      1757.46046 1468.20865  16.5%   7.5 2429s
 636176 418200 1723.23206   81   20 1757.46046 1468.27668  16.5%   7.5 2436s
 637552 419026 infeasible   82      1757.46046 1468.37537  16.4%   7.5 2444s
 638786 419828     cutoff   75      1757.46046 1468.40762  16.4%   7.5 2451s
 640041 420609     cutoff   60      1757.46046 1468.49412  16.4%   7.5 2460s
 641099 421208 1740.18887   97   13 1757.46046 1468.55259  16.4%   7.5 2468s
 642181 421984 infeasible   98      1757.46046 1468.58393  16.4%   7.5 2476s
 643273 422687     cutoff  118      1757.46046 1468.65440  16.4%   7.5 2485s
 644505 423665 infeasible   82      1757.46046 1468.69876  16.4%   7.5 2492s
 645799 424546 1667.50051   98   23 1757.46046 1468.77508  16.4%   7.5 2499s
 647118 425401     cutoff  116      1757.46046 1468.84158  16.4%   7.5 2507s
 648419 426236 1570.05403   75   36 1757.46046 1468.93467  16.4%   7.5 2516s
 649680 427033 1610.98361   53    6 1757.46046 1469.01270  16.4%   7.5 2525s
 650877 427959 1717.47084   83    - 1757.46046 1469.06409  16.4%   7.5 2534s
 652167 428831     cutoff  100      1757.46046 1469.11569  16.4%   7.5 2543s
 653392 429382     cutoff   99      1757.46046 1469.18581  16.4%   7.5 2553s
 654278 429863 1594.54244   82   34 1757.46046 1469.22286  16.4%   7.5 2560s
 655001 430989     cutoff  109      1757.46046 1469.25254  16.4%   7.5 2569s
 656523 432108 1687.78032   58   12 1757.46046 1469.33433  16.4%   7.5 2577s
 658005 432997     cutoff  108      1757.46046 1469.38868  16.4%   7.5 2589s
 659146 433967     cutoff  104      1757.46046 1469.45491  16.4%   7.5 2596s
 660579 434726     cutoff   77      1757.46046 1469.52251  16.4%   7.5 2604s
 661068 434732     cutoff   71      1757.46046 1469.53828  16.4%   7.5 2605s
 661677 435734 1743.23359   67   21 1757.46046 1469.59911  16.4%   7.5 2612s
 663122 436535     cutoff   86      1757.46046 1469.62845  16.4%   7.5 2621s
 664254 437385 infeasible   86      1757.46046 1469.69674  16.4%   7.5 2628s
 665587 438262     cutoff   74      1757.46046 1469.73827  16.4%   7.5 2637s
 666747 438940     cutoff   94      1757.46046 1469.83858  16.4%   7.5 2649s
 667719 439894 1678.27957   76   36 1757.46046 1469.84200  16.4%   7.5 2660s
 669021 440899 1541.88430   48   28 1757.46046 1469.92239  16.4%   7.5 2670s
 670448 441840     cutoff   79      1757.46046 1469.97953  16.4%   7.5 2681s
 671823 442388     cutoff   79      1757.46046 1470.03889  16.4%   7.5 2692s
 672749 443157 1683.67003   79   24 1757.46046 1470.06588  16.4%   7.5 2703s
 673883 444128     cutoff  107      1757.46046 1470.11743  16.3%   7.5 2712s
 675172 445062 1737.54245   94   21 1757.46046 1470.17916  16.3%   7.5 2720s
 676488 446214     cutoff   83      1757.46046 1470.25598  16.3%   7.5 2729s
 678008 446897     cutoff   96      1757.46046 1470.29925  16.3%   7.5 2739s
 679026 447673     cutoff   51      1757.46046 1470.36015  16.3%   7.5 2749s
 680200 448229 1646.23618   96   24 1757.46046 1470.37149  16.3%   7.5 2759s
 680421 448233 1715.11194   97    - 1757.46046 1470.39242  16.3%   7.5 2760s
 681167 449160 1717.66686  104   18 1757.46046 1470.41372  16.3%   7.5 2768s
 682422 450035 1654.02294   88   40 1757.46046 1470.47711  16.3%   7.5 2777s
 683810 451130 infeasible  128      1757.46046 1470.56103  16.3%   7.5 2785s
 685253 452010 1750.32401  107   26 1757.46046 1470.62559  16.3%   7.5 2792s
 686543 452946     cutoff   76      1757.46046 1470.69865  16.3%   7.5 2800s
 687873 453602     cutoff  104      1757.46046 1470.78527  16.3%   7.5 2807s
 689010 454335 1653.76524   52   38 1757.46046 1470.84402  16.3%   7.5 2816s
 690172 455492 1501.02483   50   38 1757.46046 1470.90967  16.3%   7.5 2825s
 691657 456371 1555.15311   48   41 1757.46046 1470.96385  16.3%   7.5 2834s
 692932 457339     cutoff   94      1757.46046 1471.01610  16.3%   7.5 2843s
 694169 458405 1494.38142   41   43 1757.46046 1471.06620  16.3%   7.5 2853s
 695560 459353 infeasible   86      1757.46046 1471.11157  16.3%   7.5 2862s
 696903 460188 1745.65108   78   31 1757.46046 1471.15827  16.3%   7.5 2872s
 698021 460989     cutoff   77      1757.46046 1471.25002  16.3%   7.5 2881s
 699097 461907     cutoff   75      1757.46046 1471.28805  16.3%   7.5 2889s
 700526 462955 1731.92216  100   32 1757.46046 1471.37543  16.3%   7.5 2897s
 701893 463885 1704.34753   82   24 1757.46046 1471.43366  16.3%   7.5 2906s
 703205 464789 1596.65198   60   32 1757.46046 1471.50414  16.3%   7.5 2916s
 704518 465674     cutoff   81      1757.46046 1471.55131  16.3%   7.5 2924s
 705759 466565     cutoff   89      1757.46046 1471.62604  16.3%   7.5 2932s
 706942 467661     cutoff   75      1757.46046 1471.66223  16.3%   7.5 2939s
 708385 468521 1712.55552  104   15 1757.46046 1471.73101  16.3%   7.5 2948s
 709485 469359     cutoff  110      1757.46046 1471.76220  16.3%   7.5 2958s
 710693 470071 1757.13703   51   10 1757.46046 1471.84433  16.3%   7.5 2966s
 711784 470944     cutoff   69      1757.46046 1471.89663  16.2%   7.5 2975s
 713001 471879     cutoff  113      1757.46046 1471.94132  16.2%   7.5 2983s
 714395 472427     cutoff  111      1757.46046 1472.00675  16.2%   7.5 2994s
 715371 473248 1744.27372   79   13 1757.46046 1472.06598  16.2%   7.5 3002s
 716674 474112     cutoff  104      1757.46046 1472.10702  16.2%   7.5 3010s
 717929 475073 1682.08105   74   29 1757.46046 1472.16944  16.2%   7.5 3018s
 719326 475989     cutoff   95      1757.46046 1472.22187  16.2%   7.5 3027s
 720596 476870 1738.00847   89    4 1757.46046 1472.28663  16.2%   7.5 3035s
 721826 477562     cutoff   50      1757.46046 1472.32901  16.2%   7.5 3045s
 722913 478498 1589.36234   69   36 1757.46046 1472.35524  16.2%   7.5 3054s
 724205 479209 1746.02937   48   29 1757.46046 1472.41215  16.2%   7.5 3062s
 725353 480113 1694.25031   91   24 1757.46046 1472.45931  16.2%   7.5 3069s
 726729 481196     cutoff  107      1757.46046 1472.54725  16.2%   7.5 3077s
 728191 481945 1750.32585  105    6 1757.46046 1472.63460  16.2%   7.5 3086s
 729298 482726 1685.73233   65   13 1757.46046 1472.67391  16.2%   7.5 3096s
 730465 483505     cutoff   67      1757.46046 1472.73619  16.2%   7.6 3105s
 731651 484140 1628.97894   62   32 1757.46046 1472.79740  16.2%   7.6 3114s
 732780 484687 1596.83748   60   26 1757.46046 1472.83998  16.2%   7.6 3126s
 733674 485427     cutoff   61      1757.46046 1472.91282  16.2%   7.6 3136s
 734908 486495 1645.98016   51   32 1757.46046 1472.97130  16.2%   7.6 3144s
 736346 487227 1556.02687   82   41 1757.46046 1473.03905  16.2%   7.6 3153s
 737396 488152     cutoff   68      1757.46046 1473.07150  16.2%   7.6 3161s
 738759 489110 infeasible   56      1757.46046 1473.14707  16.2%   7.6 3169s
 740011 489888 1737.81086   96   31 1757.46046 1473.23349  16.2%   7.6 3177s
 741417 490553     cutoff   95      1757.46046 1473.29395  16.2%   7.6 3185s
 742700 491254 1734.47212   70    9 1757.46046 1473.38042  16.2%   7.6 3194s
 743716 492406 1580.63685   66   27 1757.46046 1473.40205  16.2%   7.6 3202s
 745259 492980     cutoff  101      1757.46046 1473.45834  16.2%   7.6 3213s
 746198 493691     cutoff   69      1757.46046 1473.52727  16.2%   7.6 3221s
 747388 494633 1625.53086   56   28 1757.46046 1473.55627  16.2%   7.6 3230s
 748689 495398     cutoff   71      1757.46046 1473.60880  16.2%   7.6 3239s
 749769 496443 1539.54057   70   52 1757.46046 1473.65370  16.1%   7.6 3248s
 751342 496901     cutoff  130      1757.46046 1473.71125  16.1%   7.6 3256s
 752453 497862     cutoff   64      1757.46046 1473.79263  16.1%   7.6 3265s
 753854 498826 1684.58896   66    8 1757.46046 1473.84901  16.1%   7.6 3275s
 755165 499686 1683.10112   75   10 1757.46046 1473.89330  16.1%   7.6 3284s
 756305 500681 1598.07090   96   22 1757.46046 1473.95844  16.1%   7.6 3294s
 757653 501540     cutoff  123      1757.46046 1473.98947  16.1%   7.6 3302s
 758869 502188     cutoff  121      1757.46046 1474.04843  16.1%   7.6 3317s
 759890 502986 1710.36775   79   23 1757.46046 1474.09839  16.1%   7.6 3327s
 761149 503855 infeasible   92      1757.46046 1474.15741  16.1%   7.6 3337s
 762424 504745 1555.84410   52   29 1757.46046 1474.21414  16.1%   7.6 3348s
 763716 505817     cutoff   90      1757.46046 1474.24484  16.1%   7.6 3358s
 765231 506523     cutoff   91      1757.46046 1474.34344  16.1%   7.6 3369s
 766384 507219 1735.65215  121   23 1757.46046 1474.39203  16.1%   7.6 3380s
 767458 508125     cutoff   68      1757.46046 1474.43184  16.1%   7.6 3389s
 768663 509039     cutoff   80      1757.46046 1474.48634  16.1%   7.6 3397s
 769991 509995     cutoff  106      1757.46046 1474.54806  16.1%   7.6 3408s
 771299 510694     cutoff   67      1757.46046 1474.60308  16.1%   7.6 3419s
 772370 511523 1725.65930   64   14 1757.46046 1474.66195  16.1%   7.6 3428s
 773651 512287     cutoff   99      1757.46046 1474.72519  16.1%   7.6 3440s
 774820 513045 1726.03428   60   21 1757.46046 1474.77063  16.1%   7.6 3451s
 776069 513669     cutoff   84      1757.46046 1474.83915  16.1%   7.6 3473s
 776870 514758 1715.52563   53   20 1757.46046 1474.87509  16.1%   7.6 3484s
 778373 515830     cutoff   65      1757.46046 1474.93168  16.1%   7.6 3494s
 779902 516802 1666.71145   54   26 1757.46046 1475.00348  16.1%   7.6 3504s
 781263 517866     cutoff   67      1757.46046 1475.04585  16.1%   7.6 3513s
 782677 518765 1704.37620   66   12 1757.46046 1475.11371  16.1%   7.6 3524s
 783899 519637     cutoff   85      1757.46046 1475.13128  16.1%   7.6 3532s
 785144 520761 1607.91784   72   30 1757.46046 1475.20867  16.1%   7.6 3542s
 786620 521623     cutoff   69      1757.46046 1475.27777  16.1%   7.6 3553s
 787854 522745     cutoff   83      1757.46046 1475.31277  16.1%   7.6 3564s
 789378 523386 infeasible   94      1757.46046 1475.40304  16.0%   7.6 3578s
 790329 524220     cutoff   89      1757.46046 1475.45163  16.0%   7.6 3588s
 791685 524852     cutoff   78      1757.46046 1475.48642  16.0%   7.6 3599s
 791863 524860 1743.66749  101   18 1757.46046 1475.50129  16.0%   7.6 3600s
 792680 525731     cutoff   78      1757.46046 1475.53173  16.0%   7.6 3612s
 793930 526726 infeasible   61      1757.46046 1475.59283  16.0%   7.6 3622s
 795305 527429     cutoff   68      1757.46046 1475.65135  16.0%   7.6 3634s
 796536 528239 1609.45661   63   23 1757.46046 1475.70071  16.0%   7.6 3648s
 797795 528878 infeasible   93      1757.46046 1475.77611  16.0%   7.6 3658s
 798648 529946 infeasible   67      1757.46046 1475.80928  16.0%   7.6 3669s
 800206 530818 1752.36132   62   21 1757.46046 1475.87527  16.0%   7.6 3680s
 801513 531578 1702.14797   77   11 1757.46046 1475.90971  16.0%   7.6 3690s
 802549 532605     cutoff   66      1757.46046 1475.95532  16.0%   7.6 3702s
 803867 533699 1688.87425   73   28 1757.46046 1476.02358  16.0%   7.6 3710s
 805473 534530     cutoff  125      1757.46046 1476.08971  16.0%   7.6 3721s
 806691 535427 1685.10597   80   38 1757.46046 1476.14093  16.0%   7.6 3730s
 808025 536270 1614.07832   76   35 1757.46046 1476.18991  16.0%   7.6 3739s
 809227 537284     cutoff   79      1757.46046 1476.23923  16.0%   7.6 3748s
 810652 538390     cutoff   65      1757.46046 1476.32981  16.0%   7.6 3757s
 812141 538917 1567.46862   46   29 1757.46046 1476.39232  16.0%   7.6 3768s
 813105 539865 1668.59599   66   34 1757.46046 1476.42453  16.0%   7.6 3777s
 814498 540470     cutoff   86      1757.46046 1476.48107  16.0%   7.6 3787s
 815527 541047 infeasible   73      1757.46046 1476.52435  16.0%   7.6 3798s
 816578 542079 1719.43560   85   25 1757.46046 1476.55722  16.0%   7.6 3807s
 818027 542647     cutoff  105      1757.46046 1476.63570  16.0%   7.6 3818s
 819100 543489 1624.89405   52   24 1757.46046 1476.69655  16.0%   7.6 3828s
 820363 544130     cutoff   65      1757.46046 1476.74230  16.0%   7.6 3840s
 821470 544642 1655.85869   77   35 1757.46046 1476.79587  16.0%   7.7 3851s
 822359 545756 1522.12027   51   27 1757.46046 1476.83701  16.0%   7.7 3861s
 823869 545853 1545.62555   61   25 1757.46046 1476.89479  16.0%   7.7 3883s
 823979 546808 1550.52104   62   34 1757.46046 1476.90427  16.0%   7.7 3894s
 824687 546835 1540.09974   44   34 1757.46046 1476.92775  16.0%   7.7 3895s
 825352 547897 1647.87979   51   21 1757.46046 1476.95760  16.0%   7.7 3905s
 826871 548991 1546.94150   73   41 1757.46046 1477.04519  16.0%   7.7 3914s
 828414 549669 1610.14120   76   30 1757.46046 1477.08489  16.0%   7.7 3925s
 829461 550314 1664.44208   52    9 1757.46046 1477.13455  16.0%   7.7 3936s
 830584 551433     cutoff   97      1757.46046 1477.19916  15.9%   7.7 3945s
 832149 552303 1700.94235   98   22 1757.46046 1477.23237  15.9%   7.7 3955s
 833498 553269     cutoff  103      1757.46046 1477.30423  15.9%   7.7 3964s
 834801 554205     cutoff   80      1757.46046 1477.36311  15.9%   7.7 3978s
 836054 555003     cutoff   87      1757.46046 1477.39027  15.9%   7.7 3988s
 837348 555837 1634.84647   47    8 1757.46046 1477.46300  15.9%   7.7 3999s
 838685 556626     cutoff  107      1757.46046 1477.49786  15.9%   7.7 4012s
 839903 557671 1518.10253   63   23 1757.46046 1477.53812  15.9%   7.7 4023s
 841401 558391     cutoff   83      1757.46046 1477.57557  15.9%   7.7 4034s
 842404 559233 1646.48782   64   34 1757.46046 1477.63754  15.9%   7.7 4044s
 843719 559912 1512.25992   48   43 1757.46046 1477.67704  15.9%   7.7 4057s
 844795 560769     cutoff   70      1757.46046 1477.68558  15.9%   7.7 4068s
 846050 561625     cutoff  114      1757.46046 1477.73826  15.9%   7.7 4077s
 847474 562528     cutoff   91      1757.46046 1477.81141  15.9%   7.7 4086s
 848803 563302 1719.54816   68   30 1757.46046 1477.86474  15.9%   7.7 4098s
 850037 564094 1701.48201   69    - 1757.46046 1477.90888  15.9%   7.7 4109s
 851342 564851     cutoff   79      1757.46046 1477.97504  15.9%   7.7 4119s
 852460 565782     cutoff  108      1757.46046 1478.01786  15.9%   7.7 4129s
 853853 566421     cutoff   86      1757.46046 1478.06727  15.9%   7.7 4144s
H854406 566426                    1757.4604554 1478.09456  15.9%   7.7 4144s
 854714 567194 1617.95771   83   25 1757.46046 1478.10023  15.9%   7.7 4155s
 855977 568195     cutoff  102      1757.46046 1478.13336  15.9%   7.7 4168s
 857346 569091 1665.18427   84    6 1757.46046 1478.19506  15.9%   7.7 4182s
 858591 569882     cutoff  100      1757.46046 1478.25021  15.9%   7.7 4197s
 859755 570559     cutoff   92      1757.46046 1478.27223  15.9%   7.7 4211s
 860791 571161 infeasible   90      1757.46046 1478.32795  15.9%   7.7 4225s
 861837 572265     cutoff   79      1757.46046 1478.38015  15.9%   7.7 4237s
 863348 573318     cutoff   93      1757.46046 1478.44993  15.9%   7.7 4249s
 864920 574181     cutoff  104      1757.46046 1478.49762  15.9%   7.7 4260s
 866154 575162 infeasible  110      1757.46046 1478.54912  15.9%   7.7 4272s
 867487 576011     cutoff   66      1757.46046 1478.61638  15.9%   7.7 4284s
 868797 576606     cutoff   82      1757.46046 1478.68942  15.9%   7.7 4298s
 869796 577210 1722.30836   79   28 1757.46046 1478.71500  15.9%   7.7 4311s
 870856 578065 1574.92562   79   27 1757.46046 1478.73733  15.9%   7.7 4322s
 872092 579063     cutoff  109      1757.46046 1478.78448  15.9%   7.7 4334s
 873640 579889     cutoff  110      1757.46046 1478.84535  15.9%   7.7 4346s
 874835 580801 1705.32598   74   24 1757.46046 1478.88561  15.9%   7.7 4361s
 876154 581489     cutoff   92      1757.46046 1478.94818  15.8%   7.7 4373s
 877349 582244 1716.92950   99   34 1757.46046 1478.95185  15.8%   7.7 4386s
 878495 583192     cutoff   79      1757.46046 1479.03234  15.8%   7.7 4398s
 879883 583819     cutoff   62      1757.46046 1479.08011  15.8%   7.7 4417s
 880790 584631     cutoff   79      1757.46046 1479.10279  15.8%   7.7 4430s
 882145 585536     cutoff   74      1757.46046 1479.14096  15.8%   7.7 4443s
 883506 586583 1593.16217   54   29 1757.46046 1479.20555  15.8%   7.7 4456s
 885042 587314     cutoff   79      1757.46046 1479.23218  15.8%   7.7 4470s
 886226 588057 1530.03362   56   44 1757.46046 1479.30575  15.8%   7.7 4482s
 887434 589116 1566.73282   61   35 1757.46046 1479.36546  15.8%   7.7 4494s
 888922 590243     cutoff   97      1757.46046 1479.41451  15.8%   7.7 4504s
 890421 591213 1627.58697   85   30 1757.46046 1479.47014  15.8%   7.7 4516s
 891807 591960     cutoff   71      1757.46046 1479.50836  15.8%   7.7 4530s
 892943 592981     cutoff   89      1757.46046 1479.56445  15.8%   7.7 4541s
 894357 593823     cutoff   93      1757.46046 1479.61262  15.8%   7.7 4555s
 895671 594767 1734.52108  120   15 1757.46046 1479.65970  15.8%   7.7 4567s
 897072 595331 infeasible  122      1757.46046 1479.72658  15.8%   7.7 4581s
 898082 596346 1726.82742   82   13 1757.46046 1479.75202  15.8%   7.7 4593s
 899514 597166 1611.29712   70   36 1757.46046 1479.80772  15.8%   7.7 4604s
 900802 597957     cutoff   98      1757.46046 1479.84674  15.8%   7.7 4616s
 901963 598618     cutoff   97      1757.46046 1479.88930  15.8%   7.7 4624s
 902863 599313 1619.11376   63   18 1757.46046 1479.94113  15.8%   7.7 4640s
 904055 600137 1711.59811   70   25 1757.46046 1480.00286  15.8%   7.7 4656s
 905351 601086 1610.24028   82   45 1757.46046 1480.00602  15.8%   7.7 4671s
 906685 601156 1600.80892   66   29 1757.46046 1480.05145  15.8%   7.7 4697s
 906760 602148 1607.93269   67   34 1757.46046 1480.09093  15.8%   7.7 4711s
 908147 603094 1560.27111   59   33 1757.46046 1480.13833  15.8%   7.7 4727s
 909538 604184     cutoff   94      1757.46046 1480.18924  15.8%   7.7 4740s
 911039 605098 1660.92206   89   12 1757.46046 1480.25206  15.8%   7.7 4752s
 912419 606033     cutoff  103      1757.46046 1480.30112  15.8%   7.7 4766s
 913815 607126 1685.03416   84   18 1757.46046 1480.33738  15.8%   7.7 4778s
 915256 607861     cutoff   81      1757.46046 1480.37630  15.8%   7.7 4789s
 916399 608509 1641.29983   60   21 1757.46046 1480.42506  15.8%   7.7 4801s
 917580 609377 1712.01482   85   21 1757.46046 1480.47313  15.8%   7.8 4813s
 918927 610066 1526.77171   62   37 1757.46046 1480.54175  15.8%   7.8 4827s
 920195 610699 1616.92848   91   28 1757.46046 1480.54175  15.8%   7.8 4840s
 921247 611797 1747.08854  116   16 1757.46046 1480.60676  15.8%   7.8 4850s
 922785 612753     cutoff   95      1757.46046 1480.67814  15.7%   7.8 4861s
 924280 613758     cutoff   92      1757.46046 1480.73693  15.7%   7.8 4875s
 925659 614500     cutoff   74      1757.46046 1480.78769  15.7%   7.8 4887s
 926876 615575 infeasible   89      1757.46046 1480.83718  15.7%   7.8 4898s
 928443 616157     cutoff   87      1757.46046 1480.90204  15.7%   7.8 4911s
 929417 616918 1755.35760   89   23 1757.46046 1480.92589  15.7%   7.8 4923s
 930697 617816 1683.27427   68   14 1757.46046 1480.96396  15.7%   7.8 4933s
 932015 618465 1557.04857   67   25 1757.46046 1481.03664  15.7%   7.8 4947s
 933089 619314 1726.22922   75   26 1757.46046 1481.07035  15.7%   7.8 4960s
 934406 619995 1712.15193   57   18 1757.46046 1481.11812  15.7%   7.8 4973s
 935639 620690 1746.83549   54   10 1757.46046 1481.16927  15.7%   7.8 4984s
 936626 621645 1694.29246  103   37 1757.46046 1481.20662  15.7%   7.8 4998s
 937951 622585 1729.85283   76    4 1757.46046 1481.25175  15.7%   7.8 5013s
 939384 623421     cutoff   91      1757.46046 1481.31079  15.7%   7.8 5030s
 940651 624339     cutoff   84      1757.46046 1481.32367  15.7%   7.8 5046s
 942074 625144 infeasible  100      1757.46046 1481.37960  15.7%   7.8 5060s
 943193 626165 infeasible   72      1757.46046 1481.42145  15.7%   7.8 5072s
 944723 626822     cutoff   98      1757.46046 1481.45129  15.7%   7.8 5085s
 945841 627751 1499.11691   79   39 1757.46046 1481.48750  15.7%   7.8 5097s
 947200 628784     cutoff  113      1757.46046 1481.54284  15.7%   7.8 5109s
 948731 629379     cutoff   60      1757.46046 1481.61245  15.7%   7.8 5121s
 949891 630397 infeasible   75      1757.46046 1481.63790  15.7%   7.8 5135s
 951289 630941     cutoff   83      1757.46046 1481.67869  15.7%   7.8 5148s
 952229 632037 1655.86759  105   33 1757.46046 1481.70553  15.7%   7.8 5159s
 953836 632713 1564.86354   63   35 1757.46046 1481.75859  15.7%   7.8 5172s
 954924 633406     cutoff  102      1757.46046 1481.79439  15.7%   7.8 5182s
 956204 634091 1609.90054   79   32 1757.46046 1481.84574  15.7%   7.8 5197s
 957412 634962     cutoff   98      1757.46046 1481.89355  15.7%   7.8 5209s
 958719 635975     cutoff   60      1757.46046 1481.93566  15.7%   7.8 5223s
 960138 636747     cutoff   80      1757.46046 1481.98787  15.7%   7.8 5234s
 961374 637699     cutoff   69      1757.46046 1482.04742  15.7%   7.8 5245s
 962869 638389 1524.61376   49   24 1757.46046 1482.12908  15.7%   7.8 5258s
 964060 638983     cutoff   74      1757.46046 1482.18147  15.7%   7.8 5272s
 964984 639572 1727.69386   70   30 1757.46046 1482.22440  15.7%   7.8 5288s
 966057 640397 1704.78344   65   31 1757.46046 1482.24633  15.7%   7.8 5304s
 967332 641324 1568.82732   57    8 1757.46046 1482.27253  15.7%   7.8 5315s
 968741 642167     cutoff   66      1757.46046 1482.33917  15.7%   7.8 5328s
 970080 642790 1651.35080   55   22 1757.46046 1482.39671  15.7%   7.8 5341s
 971092 643965     cutoff  113      1757.46046 1482.43696  15.6%   7.8 5355s
 972695 644882     cutoff   87      1757.46046 1482.49440  15.6%   7.8 5368s
 974050 645771     cutoff   76      1757.46046 1482.52418  15.6%   7.8 5379s
 975451 646870 1744.05416   94    8 1757.46046 1482.57805  15.6%   7.8 5390s
 976961 647850 infeasible   85      1757.46046 1482.61932  15.6%   7.8 5401s
 978411 648453 1652.19244   83   41 1757.46046 1482.66264  15.6%   7.8 5413s
 979461 649045     cutoff  120      1757.46046 1482.70150  15.6%   7.8 5423s
 980289 649777     cutoff   76      1757.46046 1482.74888  15.6%   7.8 5437s
 981506 650801 1614.64132   81   41 1757.46046 1482.80269  15.6%   7.8 5450s
 983034 651728 1550.84066   65   38 1757.46046 1482.84233  15.6%   7.8 5464s
 984233 652643     cutoff   94      1757.46046 1482.88434  15.6%   7.8 5475s
 985666 653653 infeasible   82      1757.46046 1482.93322  15.6%   7.8 5486s
 987162 654642     cutoff   97      1757.46046 1483.00623  15.6%   7.8 5499s
 988571 655396 1687.31900   95   29 1757.46046 1483.07087  15.6%   7.8 5512s
 989739 655948 1741.46838   90    6 1757.46046 1483.11298  15.6%   7.8 5524s
 990876 656842     cutoff   79      1757.46046 1483.13624  15.6%   7.8 5536s
 992198 657377 1715.67222   84   29 1757.46046 1483.20436  15.6%   7.8 5550s
 993304 658210 1555.85519   59   22 1757.46046 1483.23553  15.6%   7.8 5561s
 994525 659203     cutoff   89      1757.46046 1483.27006  15.6%   7.8 5573s
 996019 659950 infeasible   77      1757.46046 1483.33042  15.6%   7.8 5584s
 997332 660757     cutoff   89      1757.46046 1483.37240  15.6%   7.8 5597s
 998517 661667 1701.23305   72   13 1757.46046 1483.41864  15.6%   7.8 5613s
 1000035 662363     cutoff   91      1757.46046 1483.46696  15.6%   7.8 5628s
 1001232 663369     cutoff   66      1757.46046 1483.52027  15.6%   7.8 5644s
 1002762 664364 infeasible   71      1757.46046 1483.58222  15.6%   7.8 5658s
 1004200 665295 1566.68122   75   10 1757.46046 1483.63422  15.6%   7.8 5672s
 1005511 666250 infeasible   96      1757.46046 1483.67393  15.6%   7.8 5686s
 1006886 666713 infeasible   62      1757.46046 1483.72981  15.6%   7.8 5698s
 1007869 667554     cutoff   74      1757.46046 1483.76896  15.6%   7.8 5711s
 1009111 668482 1691.93668   66   17 1757.46046 1483.80849  15.6%   7.8 5724s
 1010462 669390 1613.96087   77   41 1757.46046 1483.86854  15.6%   7.8 5736s
 1011851 670214     cutoff  108      1757.46046 1483.90666  15.6%   7.8 5747s
 1013036 670858 infeasible   98      1757.46046 1483.94787  15.6%   7.8 5760s
 1014125 671860 infeasible  100      1757.46046 1483.99959  15.6%   7.8 5773s
 1015581 672886 1560.89081   84   43 1757.46046 1484.04957  15.6%   7.8 5783s
 1017164 673689 1566.04942   47   16 1757.46046 1484.08352  15.6%   7.8 5794s
 1018351 674201 1757.36998  124   17 1757.46046 1484.12634  15.6%   7.8 5811s
 1019213 674651 1735.63649   61    - 1757.46046 1484.15802  15.6%   7.8 5828s
 1020360 675498     cutoff   93      1757.46046 1484.17310  15.6%   7.8 5842s
 1021756 676278 1592.84322   56   39 1757.46046 1484.21962  15.5%   7.8 5855s
 1022957 677271 1685.89633   84   35 1757.46046 1484.27924  15.5%   7.8 5867s
 1024420 678145     cutoff   99      1757.46046 1484.33135  15.5%   7.8 5881s
 1025705 679058 1555.84153   57   33 1757.46046 1484.36577  15.5%   7.8 5893s
 1027063 679650     cutoff   70      1757.46046 1484.42384  15.5%   7.8 5910s
 1028121 680381 1723.98782   57   15 1757.46046 1484.44720  15.5%   7.8 5924s
 1029313 681443     cutoff   77      1757.46046 1484.48533  15.5%   7.8 5935s
 1030859 682333     cutoff   79      1757.46046 1484.55029  15.5%   7.9 5951s
 1032052 683396 1710.51791  107   31 1757.46046 1484.57291  15.5%   7.8 5963s
 1033578 684429 1568.23009   53   35 1757.46046 1484.65065  15.5%   7.8 5977s
 1035121 685320 1689.82327   87   30 1757.46046 1484.70461  15.5%   7.9 5988s
 1036463 686317     cutoff  116      1757.46046 1484.75750  15.5%   7.9 6000s
 1037891 686798 1735.55092   73   27 1757.46046 1484.79850  15.5%   7.9 6016s
 1038727 687822 1658.53791   76   34 1757.46046 1484.81030  15.5%   7.9 6028s
 1040211 688706     cutoff  124      1757.46046 1484.85378  15.5%   7.9 6040s
 1041542 689655     cutoff   64      1757.46046 1484.92064  15.5%   7.9 6054s
 1042928 690649     cutoff   85      1757.46046 1484.95576  15.5%   7.9 6067s
 1044318 691216 1670.61120   65   28 1757.46046 1485.00270  15.5%   7.9 6082s
 1045257 692118     cutoff   82      1757.46046 1485.02725  15.5%   7.9 6095s
 1046534 692746 1571.21689   67   40 1757.46046 1485.05692  15.5%   7.9 6112s
 1047513 693648 1650.72590   79   29 1757.46046 1485.08183  15.5%   7.9 6126s
 1048910 694561     cutoff   73      1757.46046 1485.12861  15.5%   7.9 6140s
 1050339 695325     cutoff   87      1757.46046 1485.19714  15.5%   7.9 6154s
 1051511 696398     cutoff   93      1757.46046 1485.22657  15.5%   7.9 6170s
 1053038 697025 1653.37455  105   29 1757.46046 1485.27945  15.5%   7.9 6190s
 1054116 697970 infeasible   85      1757.46046 1485.30336  15.5%   7.9 6204s
 1055539 698912 1632.72787   56   31 1757.46046 1485.35288  15.5%   7.9 6217s
 1056905 699924 1735.90849  121   20 1757.46046 1485.39255  15.5%   7.9 6232s
 1058296 701078     cutoff   78      1757.46046 1485.43531  15.5%   7.9 6245s
 1059918 702070 1723.22395  109    9 1757.46046 1485.46487  15.5%   7.9 6256s
 1061362 702854 1677.82155   57   18 1757.46046 1485.51448  15.5%   7.9 6269s
 1062609 703837 1611.52205   68   15 1757.46046 1485.55387  15.5%   7.9 6280s
 1064022 704677     cutoff  120      1757.46046 1485.59541  15.5%   7.9 6293s
 1065291 705407     cutoff   78      1757.46046 1485.63763  15.5%   7.9 6308s
 1066546 706218     cutoff   80      1757.46046 1485.67058  15.5%   7.9 6323s
 1067817 707116 infeasible   68      1757.46046 1485.69515  15.5%   7.9 6335s
 1069292 707752     cutoff   84      1757.46046 1485.75182  15.5%   7.9 6350s
 1070299 708255     cutoff  102      1757.46046 1485.78924  15.5%   7.9 6366s
 1071073 709221 1629.08352  102   33 1757.46046 1485.79651  15.5%   7.9 6384s
 1072459 709782     cutoff   83      1757.46046 1485.83482  15.5%   7.9 6404s
 1073496 710644     cutoff   76      1757.46046 1485.85661  15.5%   7.9 6417s
 1074955 711564     cutoff   84      1757.46046 1485.89857  15.5%   7.9 6430s
 1076486 712540 1706.76632   94   29 1757.46046 1485.94698  15.4%   7.9 6443s
 1077846 713352     cutoff  107      1757.46046 1485.98901  15.4%   7.9 6459s
 1079137 714155 1639.55828   73   17 1757.46046 1486.03981  15.4%   7.9 6473s
 1080442 714859 infeasible   56      1757.46046 1486.05614  15.4%   7.9 6488s
 1081802 715894 1740.69674   61   40 1757.46046 1486.09536  15.4%   7.9 6502s
 1083281 716546 1569.10191   59   38 1757.46046 1486.14752  15.4%   7.9 6517s
 1084411 717117 1682.05229   65   33 1757.46046 1486.18634  15.4%   7.9 6535s
 1085546 717993 infeasible  101      1757.46046 1486.19502  15.4%   7.9 6549s
 1086978 718487     cutoff   88      1757.46046 1486.23894  15.4%   7.9 6567s
 1087935 719359 1655.23240   51   16 1757.46046 1486.28794  15.4%   7.9 6580s
 1089351 720145 infeasible   98      1757.46046 1486.34150  15.4%   7.9 6594s
 1090698 720831 1557.07147   63   34 1757.46046 1486.38492  15.4%   7.9 6611s
 1091865 721836 1670.77452   65   37 1757.46046 1486.44379  15.4%   7.9 6627s
 1093357 722608 1600.22042   70   30 1757.46046 1486.46782  15.4%   7.9 6643s
 1094603 723506     cutoff   88      1757.46046 1486.51139  15.4%   7.9 6657s
 1096034 724353 1629.34797   79   32 1757.46046 1486.57477  15.4%   7.9 6672s
 1097329 725172 1669.01129   89   21 1757.46046 1486.61354  15.4%   7.9 6687s
 1098714 725949     cutoff   67      1757.46046 1486.64281  15.4%   7.9 6705s
 1100074 726925     cutoff   57      1757.46046 1486.68488  15.4%   7.9 6719s
 1101447 728035     cutoff   76      1757.46046 1486.71305  15.4%   7.9 6733s
 1103078 729065 1748.31795  105   14 1757.46046 1486.75435  15.4%   7.9 6746s
 1104569 729970 infeasible  105      1757.46046 1486.79092  15.4%   7.9 6761s
 1105947 730859 1632.47729   51    9 1757.46046 1486.83511  15.4%   7.9 6776s
 1107208 731518     cutoff   73      1757.46046 1486.86120  15.4%   7.9 6788s
 1108324 732427 1695.97047   88    6 1757.46046 1486.90251  15.4%   7.9 6804s
 1109763 732986     cutoff   51      1757.46046 1486.95800  15.4%   7.9 6824s
 1110799 733572 1627.28697   85   24 1757.46046 1486.99237  15.4%   7.9 6843s
 1112033 734534     cutoff   81      1757.46046 1487.01888  15.4%   7.9 6859s
 1113499 735512     cutoff  115      1757.46046 1487.06591  15.4%   7.9 6876s
 1114956 736342 1743.35457   77   48 1757.46046 1487.10704  15.4%   7.9 6893s
 1116245 737188 infeasible   78      1757.46046 1487.12422  15.4%   7.9 6906s
 1117547 738178 1681.98545   91   35 1757.46046 1487.18488  15.4%   7.9 6922s
 1118960 738858 infeasible   70      1757.46046 1487.22664  15.4%   7.9 6936s
 1120247 739818 1679.58681   72   31 1757.46046 1487.26852  15.4%   7.9 6949s
 1121663 740562 1662.83642   88   46 1757.46046 1487.31809  15.4%   7.9 6961s
 1123047 741239 1665.99213   68   28 1757.46046 1487.35977  15.4%   7.9 6980s
 1124136 742053 1583.44806   57   22 1757.46046 1487.38546  15.4%   7.9 6995s
 1125423 743168     cutoff   63      1757.46046 1487.44262  15.4%   7.9 7010s
 1126943 743823     cutoff   88      1757.46046 1487.48297  15.4%   7.9 7027s
 1127973 744718 1733.54691   94   12 1757.46046 1487.51833  15.4%   7.9 7041s
 1129304 745504 1683.16257   52   24 1757.46046 1487.54725  15.4%   7.9 7056s
 1130470 746185     cutoff   92      1757.46046 1487.59416  15.4%   7.9 7072s
 1131539 746908 1694.46958   92   44 1757.46046 1487.63542  15.4%   7.9 7088s
 1132842 748098 infeasible  106      1757.46046 1487.67968  15.4%   7.9 7101s
 1134546 748907     cutoff  106      1757.46046 1487.73126  15.3%   7.9 7116s
 1135811 749853 1662.74288   79   29 1757.46046 1487.76820  15.3%   7.9 7131s
 1137168 750826     cutoff   69      1757.46046 1487.81283  15.3%   7.9 7146s
 1138625 751838 1581.08375   56   42 1757.46046 1487.87017  15.3%   7.9 7162s
 1140134 752529     cutoff   76      1757.46046 1487.92413  15.3%   7.9 7181s
 1141264 753368 1642.20355   74   25 1757.46046 1487.94805  15.3%   7.9 7195s
 1142667 753595 infeasible   89      1757.46046 1487.96929  15.3%   7.9 7200s

Cutting planes:
  Gomory: 4
  MIR: 1
  Zero half: 4
  Mod-K: 1
  RLT: 1
  Lazy constraints: 16267

Explored 1143012 nodes (9074735 simplex iterations) in 7200.60 seconds
Thread count was 12 (of 12 available processors)

Solution count 4: 1757.46 1789.94 1880.19 3794.54 

Time limit reached
Best objective 1.757460455353e+03, best bound 1.488019232039e+03, gap 15.3313%

User-callback calls 3516904, time in user-callback 4.49 sec
/projects/academic/josewalt/caigao/RRARP_BD/BendersDecomp/ret/model_outs/n_23_h_1_algo_3.out
 =====>>>>> Solution is written to file in <../ret/model_outs> !!!
===>> All Done!
