NPROCS=0
This instance is clustered!
Gurobi Optimizer version 9.0.0 build v9.0.0rc2 (linux64)
Optimize a model with 20 rows, 101 columns and 200 nonzeros
Model fingerprint: 0x98b4a7d4
Variable types: 1 continuous, 100 integer (100 binary)
Coefficient statistics:
  Matrix range     [1e+00, 1e+00]
  Objective range  [1e+00, 5e+01]
  Bounds range     [1e+00, 1e+00]
  RHS range        [1e+00, 1e+00]
Presolve removed 2 rows and 27 columns
Presolve time: 0.00s
Presolved: 18 rows, 74 columns, 146 nonzeros
Variable types: 1 continuous, 73 integer (73 binary)

Root relaxation: objective 6.785707e+01, 14 iterations, 0.00 seconds

    Nodes    |    Current Node    |     Objective Bounds      |     Work
 Expl Unexpl |  Obj  Depth IntInf | Incumbent    BestBd   Gap | It/Node Time

     0     0  105.41755    0   16          -  105.41755      -     -    0s
H    0     0                     159.6754253  105.41755  34.0%     -    0s
     0     0  106.45028    0    6  159.67543  106.45028  33.3%     -    0s
H    0     0                     125.1086289  106.45028  14.9%     -    0s
H    0     0                     124.3398479  106.45028  14.4%     -    0s
     0     0  106.45028    0    6  124.33985  106.45028  14.4%     -    0s
H    0     0                     123.9703162  106.45028  14.1%     -    0s
     0     0  106.45028    0   17  123.97032  106.45028  14.1%     -    0s
H    0     0                     123.3352952  106.45028  13.7%     -    0s
     0     0  106.45028    0    5  123.33530  106.45028  13.7%     -    0s
     0     0  107.14633    0   18  123.33530  107.14633  13.1%     -    0s
     0     0  107.94291    0   17  123.33530  107.94291  12.5%     -    0s
     0     0  108.02713    0   22  123.33530  108.02713  12.4%     -    0s
     0     0  108.14210    0   21  123.33530  108.14210  12.3%     -    0s
     0     0  108.14210    0   21  123.33530  108.14210  12.3%     -    0s
     0     2  108.14210    0   21  123.33530  108.14210  12.3%     -    0s

Cutting planes:
  Gomory: 3
  Zero half: 1
  Lazy constraints: 39

Explored 128 nodes (519 simplex iterations) in 0.06 seconds
Thread count was 12 (of 12 available processors)

Solution count 5: 123.335 123.97 124.34 ... 159.675

Optimal solution found (tolerance 1.00e-04)
Best objective 1.233352952310e+02, best bound 1.233352952310e+02, gap 0.0000%

User-callback calls 430, time in user-callback 0.00 sec
/projects/academic/josewalt/caigao/RRARP_BD/BendersDecomp/ret/model_outs/n_8_m_2_algo_2.out
 =====>>>>> Solution is written to file in <../ret/model_outs> !!!
===>> All Done!
