NPROCS=0
This instance is clustered!
Gurobi Optimizer version 9.0.0 build v9.0.0rc2 (linux64)
Optimize a model with 22 rows, 122 columns and 242 nonzeros
Model fingerprint: 0x8fca9a68
Variable types: 1 continuous, 121 integer (121 binary)
Coefficient statistics:
  Matrix range     [1e+00, 1e+00]
  Objective range  [1e+00, 7e+01]
  Bounds range     [1e+00, 1e+00]
  RHS range        [1e+00, 1e+00]
Presolve removed 2 rows and 30 columns
Presolve time: 0.00s
Presolved: 20 rows, 92 columns, 182 nonzeros
Variable types: 1 continuous, 91 integer (91 binary)

Root relaxation: objective 1.495922e+02, 18 iterations, 0.00 seconds

    Nodes    |    Current Node    |     Objective Bounds      |     Work
 Expl Unexpl |  Obj  Depth IntInf | Incumbent    BestBd   Gap | It/Node Time

     0     0  181.72563    0    4          -  181.72563      -     -    0s
H    0     0                     222.2984432  181.72563  18.3%     -    0s
     0     0  184.18615    0   20  222.29844  184.18615  17.1%     -    0s
H    0     0                     221.9153205  184.18615  17.0%     -    0s
     0     0  186.78810    0   23  221.91532  186.78810  15.8%     -    0s
     0     0  186.78810    0   22  221.91532  186.78810  15.8%     -    0s
H    0     0                     221.8958284  186.78810  15.8%     -    0s
     0     0  186.78810    0   27  221.89583  186.78810  15.8%     -    0s
     0     0  186.78810    0   27  221.89583  186.78810  15.8%     -    0s
     0     0  186.93083    0   27  221.89583  186.93083  15.8%     -    0s
     0     0  186.93120    0   27  221.89583  186.93120  15.8%     -    0s
     0     0  186.96601    0   27  221.89583  186.96601  15.7%     -    0s
     0     0  186.96946    0   27  221.89583  186.96946  15.7%     -    0s
     0     0  186.96946    0   27  221.89583  186.96946  15.7%     -    0s
     0     2  186.96946    0   27  221.89583  186.96946  15.7%     -    0s
*   75    32               8     221.7846242  200.69848  9.51%   5.7    0s

Cutting planes:
  Gomory: 3
  MIR: 1
  Zero half: 3
  Lazy constraints: 34

Explored 226 nodes (1193 simplex iterations) in 0.11 seconds
Thread count was 12 (of 12 available processors)

Solution count 4: 221.785 221.896 221.915 222.298 

Optimal solution found (tolerance 1.00e-04)
Best objective 2.217846242378e+02, best bound 2.217846242378e+02, gap 0.0000%

User-callback calls 668, time in user-callback 0.00 sec
/projects/academic/josewalt/caigao/RRARP_BD/BendersDecomp/ret/model_outs/n_9_m_7_algo_3.out
 =====>>>>> Solution is written to file in <../ret/model_outs> !!!
===>> All Done!
