NPROCS=0
This instance is clustered!
Gurobi Optimizer version 9.0.0 build v9.0.0rc2 (linux64)
Optimize a model with 50 rows, 626 columns and 1250 nonzeros
Model fingerprint: 0xb54db13a
Variable types: 1 continuous, 625 integer (625 binary)
Coefficient statistics:
  Matrix range     [1e+00, 1e+00]
  Objective range  [1e+00, 6e+02]
  Bounds range     [1e+00, 1e+00]
  RHS range        [1e+00, 1e+00]
Presolve removed 2 rows and 72 columns
Presolve time: 0.01s
Presolved: 48 rows, 554 columns, 1106 nonzeros
Variable types: 1 continuous, 553 integer (553 binary)

Root relaxation: objective 1.290996e+03, 41 iterations, 0.00 seconds

    Nodes    |    Current Node    |     Objective Bounds      |     Work
 Expl Unexpl |  Obj  Depth IntInf | Incumbent    BestBd   Gap | It/Node Time

     0     0 1377.27767    0    8          - 1377.27767      -     -    0s
     0     0 1628.28166    0   16          - 1628.28166      -     -    0s
H    0     0                    1981.1602377 1628.28166  17.8%     -    0s
     0     2 1643.89900    0   43 1981.16024 1643.89900  17.0%     -    0s
* 3222  1752              44    1975.9537559 1727.52619  12.6%   6.9    3s
* 3353  1683              51    1955.6769676 1727.52619  11.7%   6.9    3s
* 3785  1711              37    1943.3561090 1727.52619  11.1%   7.1    3s
* 6356  2371              41    1935.5708904 1766.10483  8.76%   7.4    4s
* 6510  2424              42    1929.8613171 1766.10483  8.49%   7.4    4s
  9166  3838 1830.98974   37   42 1929.86132 1777.54800  7.89%   7.5    5s
*16723  7559              53    1918.5465699 1795.63237  6.41%   7.5    8s
 20769  9411 1895.41389   36   10 1918.54657 1802.97186  6.02%   7.7   10s
*26810  9914              51    1895.8497418 1810.47803  4.50%   7.8   13s
 29366 10583 1890.78729   37   29 1895.84974 1813.64982  4.34%   7.9   15s
 36513 11961     cutoff   42      1895.84974 1821.97284  3.90%   8.2   20s
H36591 10409                    1885.5101305 1822.18927  3.36%   8.2   20s
 42098 10645     cutoff   42      1885.51013 1830.31852  2.93%   8.5   25s
 49998 10182 1866.64952   40   22 1885.51013 1841.28235  2.35%   8.9   30s
 54396  9493 infeasible   37      1885.51013 1847.27860  2.03%   9.1   35s
 62036  7421     cutoff   45      1885.51013 1856.78881  1.52%   9.5   40s
 68597  4120     cutoff   28      1885.51013 1867.41200  0.96%   9.8   45s

Cutting planes:
  Gomory: 2
  Zero half: 8
  RLT: 1
  Lazy constraints: 1681

Explored 74504 nodes (755742 simplex iterations) in 49.47 seconds
Thread count was 12 (of 12 available processors)

Solution count 9: 1885.51 1895.85 1918.55 ... 1981.16

Optimal solution found (tolerance 1.00e-04)
Best objective 1.885510130508e+03, best bound 1.885510130508e+03, gap 0.0000%

User-callback calls 160813, time in user-callback 0.31 sec
/projects/academic/josewalt/caigao/RRARP_BD/BendersDecomp/ret/model_outs/n_23_e_9_algo_3.out
 =====>>>>> Solution is written to file in <../ret/model_outs> !!!
===>> All Done!
