NPROCS=0
This instance is clustered!
Gurobi Optimizer version 9.0.0 build v9.0.0rc2 (linux64)
Optimize a model with 16 rows, 65 columns and 128 nonzeros
Model fingerprint: 0x0d277dd7
Variable types: 1 continuous, 64 integer (64 binary)
Coefficient statistics:
  Matrix range     [1e+00, 1e+00]
  Objective range  [1e+00, 3e+01]
  Bounds range     [1e+00, 1e+00]
  RHS range        [1e+00, 1e+00]
Presolve removed 2 rows and 21 columns
Presolve time: 0.00s
Presolved: 14 rows, 44 columns, 86 nonzeros
Variable types: 1 continuous, 43 integer (43 binary)

Root relaxation: objective 3.781959e+01, 13 iterations, 0.00 seconds

    Nodes    |    Current Node    |     Objective Bounds      |     Work
 Expl Unexpl |  Obj  Depth IntInf | Incumbent    BestBd   Gap | It/Node Time

     0     0   51.49782    0   14          -   51.49782      -     -    0s
H    0     0                      70.5549086   51.49782  27.0%     -    0s
     0     0   53.97602    0   13   70.55491   53.97602  23.5%     -    0s
     0     0   53.97602    0   13   70.55491   53.97602  23.5%     -    0s
     0     2   53.97602    0   13   70.55491   53.97602  23.5%     -    0s

Cutting planes:
  Gomory: 1
  Lazy constraints: 26

Explored 56 nodes (193 simplex iterations) in 0.05 seconds
Thread count was 12 (of 12 available processors)

Solution count 1: 70.5549 

Optimal solution found (tolerance 1.00e-04)
Best objective 7.055490862839e+01, best bound 7.055490862839e+01, gap 0.0000%

User-callback calls 205, time in user-callback 0.00 sec
/projects/academic/josewalt/caigao/RRARP_BD/BendersDecomp/ret/model_outs/n_6_h_7_algo_2.out
 =====>>>>> Solution is written to file in <../ret/model_outs> !!!
===>> All Done!
