NPROCS=0
This instance is clustered!
Gurobi Optimizer version 9.0.0 build v9.0.0rc2 (linux64)
Optimize a model with 54 rows, 730 columns and 1458 nonzeros
Model fingerprint: 0x7ff2915b
Variable types: 1 continuous, 729 integer (729 binary)
Coefficient statistics:
  Matrix range     [1e+00, 1e+00]
  Objective range  [1e+00, 7e+02]
  Bounds range     [1e+00, 1e+00]
  RHS range        [1e+00, 1e+00]
Presolve removed 2 rows and 78 columns
Presolve time: 0.01s
Presolved: 52 rows, 652 columns, 1302 nonzeros
Variable types: 1 continuous, 651 integer (651 binary)

Root relaxation: objective 1.311728e+03, 39 iterations, 0.00 seconds

    Nodes    |    Current Node    |     Objective Bounds      |     Work
 Expl Unexpl |  Obj  Depth IntInf | Incumbent    BestBd   Gap | It/Node Time

     0     0 1770.54766    0    8          - 1770.54766      -     -    0s
H    0     0                    5803.7977553 1770.54766  69.5%     -    0s
H    0     0                    3447.8008514 1770.54766  48.6%     -    0s
     0     0 1809.45747    0    8 3447.80085 1809.45747  47.5%     -    0s
H    0     0                    2375.7645086 1809.45747  23.8%     -    0s
H    0     2                    2368.6410997 1809.45747  23.6%     -    0s
     0     2 1809.45747    0   10 2368.64110 1809.45747  23.6%     -    0s
  5379  2998 1948.26110   39   24 2368.64110 1832.68179  22.6%   4.0    5s
 13757  8913 1975.91514  110   21 2368.64110 1859.05750  21.5%   3.9   11s
 18321 12522 2155.40326   33    6 2368.64110 1866.68952  21.2%   3.8   15s
 23273 16799     cutoff  142      2368.64110 1871.81660  21.0%   3.8   20s
 29141 21923 2115.33852  123   20 2368.64110 1875.18725  20.8%   3.7   25s
 34957 26729 1978.54211  129   12 2368.64110 1879.25403  20.7%   3.6   30s
 39868 30664     cutoff  120      2368.64110 1882.11828  20.5%   3.6   35s
 42945 33026 2334.42060   47   17 2368.64110 1884.18031  20.5%   3.7   40s
 45611 34420 1999.97825   55    8 2368.64110 1885.72178  20.4%   3.7  199s
 45613 34421 1905.82119   42   13 2368.64110 1885.72178  20.4%   3.7  201s
 45616 34423 1968.68778   62   12 2368.64110 1885.72178  20.4%   3.7  205s
 45619 34425 1970.98626   56   25 2368.64110 1885.72178  20.4%   3.7  211s
 45621 34427 1964.20582   66   25 2368.64110 1885.72178  20.4%   3.7  239s
 45622 34430 1885.72178   31   28 2368.64110 1885.72178  20.4%   3.7  241s
 45750 34521 1899.35441   42   12 2368.64110 1885.72178  20.4%   3.7  245s
 46189 34780 1931.54545   60    6 2368.64110 1885.72178  20.4%   3.7  250s
 46906 35005 2252.64195   94    - 2368.64110 1885.72178  20.4%   3.7  255s
 48004 35418 2120.68185  128   37 2368.64110 1885.72178  20.4%   3.8  260s
 49597 35983 infeasible  172      2368.64110 1885.72178  20.4%   3.8  265s
 51396 36917 2035.69185  171   47 2368.64110 1885.72178  20.4%   3.8  270s
 52689 37359     cutoff  226      2368.64110 1885.72178  20.4%   3.9  275s
 55102 38707 1985.41228   79    6 2368.64110 1885.72178  20.4%   3.9  280s
 57181 39644 1964.30526   92   38 2368.64110 1885.72178  20.4%   3.9  285s
 59218 40139 1959.23199  119   27 2368.64110 1885.72178  20.4%   3.9  290s
 60885 41614 1929.18524   82   14 2368.64110 1885.72178  20.4%   3.9  295s
 63159 42905 1998.15078  116   16 2368.64110 1885.72178  20.4%   3.9  301s
 65583 43935 1928.98142   90   10 2368.64110 1885.72178  20.4%   3.9  306s
 67391 45024     cutoff  161      2368.64110 1885.72178  20.4%   3.9  310s
 70379 46148     cutoff  172      2368.64110 1885.72178  20.4%   3.8  316s
 70871 46526 1914.87414   68    8 2368.64110 1885.72178  20.4%   3.8  320s
 72427 47334 2062.45035  100   18 2368.64110 1885.72178  20.4%   3.9  325s
 74240 47866     cutoff  229      2368.64110 1885.72178  20.4%   3.9  331s
 75906 48722 2092.89314  124   24 2368.64110 1885.72178  20.4%   3.9  337s
 77045 49229 1934.97320  110   19 2368.64110 1885.72178  20.4%   3.9  340s
 79244 50116 2099.80464  172   14 2368.64110 1885.72178  20.4%   4.0  346s
 81616 51178 1970.71813  145   22 2368.64110 1885.72178  20.4%   4.0  352s
 82682 51946 2254.01573  196   10 2368.64110 1885.72178  20.4%   4.0  356s
 85335 53358 2058.76827  154   24 2368.64110 1885.72178  20.4%   4.0  361s
 86450 54215 2313.34253  192    6 2368.64110 1885.91571  20.4%   4.0  365s
 88143 54686 2011.74999  193   20 2368.64110 1886.94706  20.3%   3.9  373s
 89172 55292 2323.53977  237    6 2368.64110 1887.22350  20.3%   3.9  378s
 90235 55669 1910.49404  178   23 2368.64110 1887.51292  20.3%   3.9  382s
 91187 56165     cutoff  203      2368.64110 1887.80258  20.3%   4.0  385s
 92993 56873     cutoff  179      2368.64110 1888.40199  20.3%   4.0  392s
 94052 57723     cutoff  145      2368.64110 1889.06403  20.2%   4.0  396s
 95340 57917 2110.62893  163   19 2368.64110 1890.35668  20.2%   4.0  401s
 96595 58384     cutoff   83      2368.64110 1890.77984  20.2%   4.0  405s
 97801 59603 1987.58356  104    6 2368.64110 1891.19646  20.2%   4.0  411s
 99197 59757 infeasible  194      2368.64110 1891.72357  20.1%   4.0  416s
 100175 60221 1993.16283   63   20 2368.64110 1892.03341  20.1%   4.0  420s
 102453 61515 2083.10414  167   17 2368.64110 1892.85322  20.1%   4.0  427s
 103511 62265 2151.33019  192   12 2368.64110 1893.29382  20.1%   4.0  431s
 104767 62645 1998.45570  150    8 2368.64110 1893.75513  20.0%   4.0  435s
 107207 63990 2137.72654  161   24 2368.64110 1894.55922  20.0%   4.0  444s
 108324 64591     cutoff  168      2368.64110 1895.04543  20.0%   4.0  448s
 109444 64481 2010.07427  160   20 2368.64110 1895.36388  20.0%   4.0  451s
 109752 65208 2046.78651  182   12 2368.64110 1895.71122  20.0%   4.0  456s
 110873 66004     cutoff  217      2368.64110 1896.32842  19.9%   4.0  460s
 112177 66598 1982.79424  157    - 2368.64110 1896.62597  19.9%   4.0  465s
 114438 67618 2020.13628  126   30 2368.64110 1897.16730  19.9%   4.0  474s
 115541 68274     cutoff  153      2368.64110 1897.51096  19.9%   4.0  479s
 116708 68901 1995.43055   99   23 2368.64110 1897.75825  19.9%   3.9  484s
 117896 69185     cutoff  154      2368.64110 1897.95760  19.9%   3.9  489s
 118863 69854 2178.52837   73   12 2368.64110 1898.28706  19.9%   3.9  493s
 119970 70132     cutoff   94      2368.64110 1898.60235  19.8%   3.9  500s
 120929 70134 2178.83076   68    - 2368.64110 1898.60235  19.8%   3.9  506s
 121585 70495 2250.64152   77    6 2368.64110 1898.60235  19.8%   4.0  511s
 122332 71092     cutoff  112      2368.64110 1898.60235  19.8%   4.0  517s
 123416 71642 2096.06776  140   16 2368.64110 1899.24705  19.8%   4.0  522s
 124507 72143 infeasible  156      2368.64110 1899.66030  19.8%   4.0  528s
 125620 72481 2352.12722   96    - 2368.64110 1900.01640  19.8%   4.0  533s
 126492 73323     cutoff  155      2368.64110 1900.50384  19.8%   4.0  539s
 127787 73862 infeasible  155      2368.64110 1900.78903  19.8%   4.0  544s
 128980 74423 1974.68746   95   12 2368.64110 1901.11417  19.7%   4.0  549s
 130144 75048 2180.44155  183    - 2368.64110 1901.46187  19.7%   4.0  554s
 131313 75269 2210.28700  183   17 2368.64110 1901.75472  19.7%   4.0  561s
 132257 75411     cutoff  188      2368.64110 1901.87684  19.7%   4.0  568s
 133067 75998 2196.65002   61    6 2368.64110 1901.87684  19.7%   4.0  574s
 134154 76408     cutoff   92      2368.64110 1901.87684  19.7%   4.0  579s
 135239 76454     cutoff  123      2368.64110 1901.87684  19.7%   4.0  583s
 135691 77227 2119.26252  140   14 2368.64110 1902.78834  19.7%   4.0  589s
 136851 77716     cutoff  146      2368.64110 1902.96652  19.7%   4.0  597s
 138009 77753 2099.09595  118   17 2368.64110 1903.35446  19.6%   4.0  603s
 138519 78523 2304.22409  144   12 2368.64110 1903.48864  19.6%   4.0  610s
 139715 79425     cutoff  148      2368.64110 1903.59635  19.6%   4.0  616s
 141158 80081 2006.69577  184   29 2368.64110 1903.59635  19.6%   4.0  622s
 142500 80584     cutoff  220      2368.64110 1904.19995  19.6%   4.0  629s
 143619 81074 2090.08284  112   16 2368.64110 1904.29824  19.6%   4.0  638s
 144733 81426     cutoff  157      2368.64110 1904.67516  19.6%   4.0  646s
 145732 81848 2204.82547   70   12 2368.64110 1904.75106  19.6%   4.0  656s
 146778 81968 1988.78094  102   17 2368.64110 1905.03390  19.6%   4.0  665s
 147700 82579     cutoff  168      2368.64110 1905.17274  19.6%   4.0  677s
 148766 83229 2200.40470   67   14 2368.64110 1905.37932  19.6%   4.0  686s
 149967 83932 2147.86068   87    6 2368.64110 1905.37932  19.6%   4.0  697s
 150997 84285     cutoff  107      2368.64110 1905.37932  19.6%   4.0  709s
 151233 84314 2177.29352   46   18 2368.64110 1905.37932  19.6%   4.0  710s
 151665 85018 2000.97675  125   38 2368.64110 1905.37932  19.6%   4.0  720s
 152604 85572 2016.79570  145   30 2368.64110 1905.37932  19.6%   4.1  729s
 153471 86104 2139.01883  163    - 2368.64110 1905.37932  19.6%   4.1  738s
 154361 86930     cutoff  183      2368.64110 1905.37932  19.6%   4.1  747s
 155489 87848 2098.15816  204   16 2368.64110 1906.45649  19.5%   4.1  755s
 156651 89019 2328.70945  205    8 2368.64110 1906.99457  19.5%   4.1  763s
 158056 90249     cutoff  206      2368.64110 1907.26832  19.5%   4.1  773s
 159454 90589 infeasible  207      2368.64110 1907.27717  19.5%   4.1  779s
 159871 91840 1966.47389   55    6 2368.64110 1907.59636  19.5%   4.1  787s
 161339 93003 1967.38807  119   32 2368.64110 1907.79067  19.5%   4.1  795s
 162721 94035 2251.14236  190    6 2368.64110 1907.98681  19.4%   4.1  806s
 163979 94793 2295.12978  192   10 2368.64110 1908.20876  19.4%   4.1  817s
 164920 95477     cutoff  193      2368.64110 1908.41817  19.4%   4.1  831s
 165900 96162 2236.02403   67   13 2368.64110 1908.45385  19.4%   4.1  842s
 166852 96461     cutoff   92      2368.64110 1908.45385  19.4%   4.1  852s
 167631 97182 2310.84430  119   15 2368.64110 1908.58642  19.4%   4.1  865s
 168668 98295 2089.07253  149   16 2368.64110 1908.91350  19.4%   4.1  874s
 169942 99334 infeasible  159      2368.64110 1909.08312  19.4%   4.1  884s
 171208 100531 2014.92556  138   20 2368.64110 1909.38678  19.4%   4.1  892s
 172613 101642 2280.94256  187   10 2368.64110 1909.65341  19.4%   4.1  902s
 173854 102791 1971.48933   52    6 2368.64110 1909.79370  19.4%   4.1  912s
 175189 103229 2211.85765  194   16 2368.64110 1910.01502  19.4%   4.1  926s
 176017 103958 2125.09267   67    8 2368.64110 1910.12697  19.4%   4.1  938s
 176939 104830 2257.29020   89    - 2368.64110 1910.12697  19.4%   4.1  949s
 178004 105668 2130.39160  109   16 2368.64110 1910.12697  19.4%   4.1  959s
 179082 106217     cutoff  127      2368.64110 1910.12697  19.4%   4.1  972s
 180001 107027 2076.07501  146   40 2368.64110 1910.12697  19.4%   4.1  981s
 181071 107832 2115.04863  165   36 2368.64110 1910.50714  19.3%   4.1  994s
 182174 108961 1947.43522   66   10 2368.64110 1911.00871  19.3%   4.1 1004s
 183512 110007     cutoff  202      2368.64110 1911.14607  19.3%   4.1 1014s
 184788 110984 infeasible  111      2368.64110 1911.42934  19.3%   4.1 1022s
 185917 111936     cutoff  109      2368.64110 1911.69052  19.3%   4.1 1032s
 187162 113036     cutoff  115      2368.64110 1912.01272  19.3%   4.1 1042s
 188489 113418 2033.34191  159   29 2368.64110 1912.21026  19.3%   4.1 1052s
 188917 114537 2033.47354  161   23 2368.64110 1912.41376  19.3%   4.1 1064s
 190268 115430     cutoff  186      2368.64110 1912.57169  19.3%   4.1 1077s
 191408 116398 2247.95938   69   15 2368.64110 1912.68894  19.2%   4.1 1087s
 192575 116932 2077.84569   92    6 2368.64110 1912.68894  19.2%   4.1 1099s
 193504 117820 2357.19007  113    - 2368.64110 1912.96722  19.2%   4.1 1108s
 194596 118706 1953.03460   49   14 2368.64110 1913.16399  19.2%   4.1 1119s
 194878 118740 2218.69341   62    8 2368.64110 1913.22697  19.2%   4.1 1120s
 195794 119650 2045.79575   50    - 2368.64110 1913.34927  19.2%   4.1 1131s
 197008 120605 2297.73555  130   21 2368.64110 1913.61063  19.2%   4.1 1140s
 198246 121853     cutoff  132      2368.64110 1913.74751  19.2%   4.1 1148s
 199637 122958     cutoff  174      2368.64110 1913.92832  19.2%   4.1 1159s
 200947 124063     cutoff  184      2368.64110 1914.12555  19.2%   4.1 1172s
 202233 125117     cutoff  126      2368.64110 1914.22611  19.2%   4.1 1183s
 203508 125993 2043.80626  145   39 2368.64110 1914.39278  19.2%   4.1 1192s
 204550 127069 2259.67833  210   10 2368.64110 1914.50159  19.2%   4.1 1201s
 205831 128069 2068.93538   57    6 2368.64110 1914.71061  19.2%   4.1 1210s
 207089 128915 2208.32858   93   17 2368.64110 1914.91757  19.2%   4.1 1223s
 208169 129822 2315.84147  117   20 2368.64110 1915.13041  19.1%   4.1 1234s
 209297 130697 1940.86371   41   41 2368.64110 1915.30187  19.1%   4.1 1246s
 210355 131555     cutoff  129      2368.64110 1915.36337  19.1%   4.1 1257s
 211475 132056 2216.87949   60    - 2368.64110 1915.37193  19.1%   4.1 1273s
 212316 132745 2327.00097   94    6 2368.64110 1915.37193  19.1%   4.1 1287s
 213295 133690 2358.57952  125    6 2368.64110 1915.50334  19.1%   4.1 1301s
 214473 134310 1988.23228   90    6 2368.64110 1915.77537  19.1%   4.1 1313s
 215458 135287 2242.04777  140    9 2368.64110 1915.83968  19.1%   4.1 1324s
 216591 136003 2119.84673  141   16 2368.64110 1916.03274  19.1%   4.1 1343s
 217634 136805 infeasible  150      2368.64110 1916.23113  19.1%   4.2 1356s
 218724 137877     cutoff  115      2368.64110 1916.29813  19.1%   4.2 1368s
 219984 138155 2087.69520   88   26 2368.64110 1916.44276  19.1%   4.2 1382s
 220277 139314 1984.73458   68   11 2368.64110 1916.44276  19.1%   4.2 1396s
 221588 140493 2125.88961  178   27 2368.64110 1916.57121  19.1%   4.1 1411s
 222996 141877     cutoff  179      2368.64110 1916.76472  19.1%   4.1 1425s
 224517 143024     cutoff  157      2368.64110 1916.88735  19.1%   4.1 1437s
 225891 143936 2055.18542  142   17 2368.64110 1916.99313  19.1%   4.1 1448s
 227017 144947     cutoff  148      2368.64110 1917.14479  19.1%   4.1 1458s
 228261 146098     cutoff  134      2368.64110 1917.33320  19.1%   4.1 1469s
 229619 147196 2308.30119  117    - 2368.64110 1917.61196  19.0%   4.1 1480s
 230924 148240 1995.64634  169   21 2368.64110 1917.80028  19.0%   4.1 1491s
 232125 149240 2299.55051  185   10 2368.64110 1918.00366  19.0%   4.1 1503s
 233361 150349     cutoff  187      2368.64110 1918.17251  19.0%   4.1 1514s
 234583 151465     cutoff  149      2368.64110 1918.27230  19.0%   4.1 1524s
 235568 151501 2205.83148  147    6 2368.64110 1918.31152  19.0%   4.1 1525s
 235879 151510     cutoff  101      2368.64110 1918.38033  19.0%   4.1 1538s
 235911 152356 1970.01880   42   12 2368.64110 1918.39405  19.0%   4.1 1554s
 236509 152378 1920.18618   47   18 2368.64110 1918.48391  19.0%   4.1 1555s
 237005 153029 2058.36081   56    - 2368.64110 1918.50741  19.0%   4.1 1567s
 237898 154015 2067.59619   90   20 2368.64110 1918.54471  19.0%   4.1 1579s
 239080 154730 2030.55856   53   11 2368.64110 1918.60669  19.0%   4.1 1592s
 240076 155611 2195.88108  146    6 2368.64110 1918.69012  19.0%   4.1 1605s
 241212 156190 2232.14832   70    - 2368.64110 1918.74271  19.0%   4.1 1622s
 242155 157059     cutoff   97      2368.64110 1918.97830  19.0%   4.1 1636s
 243254 157949 infeasible  119      2368.64110 1919.12656  19.0%   4.1 1648s
 244276 158937 1966.21317  135    9 2368.64110 1919.28150  19.0%   4.1 1660s
 245589 159653     cutoff  181      2368.64110 1919.41522  19.0%   4.1 1676s
 246652 160511 2035.58490   89   27 2368.64110 1919.56110  19.0%   4.1 1692s
 247762 161574     cutoff  166      2368.64110 1919.63316  19.0%   4.1 1706s
 249068 162507 2346.71886  145   10 2368.64110 1919.78804  18.9%   4.1 1722s
 250266 163428 2128.96924  105   16 2368.64110 1920.05465  18.9%   4.1 1737s
 251484 164569 2027.62229  116   34 2368.64110 1920.16821  18.9%   4.1 1749s
 251669 164575 2313.72582   92    6 2368.64110 1920.18433  18.9%   4.1 1750s
 252763 165663     cutoff  185      2368.64110 1920.32460  18.9%   4.1 1763s
 254062 166936 1976.47028   76    6 2368.64110 1920.40501  18.9%   4.1 1774s
 255450 168008 2246.12604  139   12 2368.64110 1920.56614  18.9%   4.1 1787s
 256645 169010 infeasible  141      2368.64110 1920.65745  18.9%   4.1 1801s
 257905 169704     cutoff  158      2368.64110 1920.75715  18.9%   4.1 1820s
 258936 170521     cutoff   56      2368.64110 1920.88701  18.9%   4.1 1837s
 259995 171359 2128.78915  106   15 2368.64110 1921.00325  18.9%   4.1 1853s
 261080 172122 2166.64903  141   12 2368.64110 1921.10785  18.9%   4.1 1868s
 262127 173173 2221.87128  153   23 2368.64110 1921.14935  18.9%   4.1 1879s
 263388 174302 2041.97297   57    6 2368.64110 1921.25536  18.9%   4.1 1891s
 264676 175362 2247.52079   64   10 2368.64110 1921.29343  18.9%   4.1 1907s
 265964 175830 2080.72084   60    9 2368.64110 1921.52431  18.9%   4.1 1927s
 266799 176743 1957.52337   55    9 2368.64110 1921.65487  18.9%   4.1 1943s
 267927 177631     cutoff  162      2368.64110 1921.66455  18.9%   4.1 1963s
 269061 178551 2071.85610  136   20 2368.64110 1921.75896  18.9%   4.1 1981s
 270225 178782     cutoff  157      2368.64110 1921.95804  18.9%   4.1 1994s
 270458 179635 1931.32855   40   14 2368.64110 1921.98058  18.9%   4.1 2010s
 271522 180697 2224.92884  121   10 2368.64110 1922.07408  18.9%   4.1 2023s
 272879 181753     cutoff  158      2368.64110 1922.29281  18.8%   4.1 2037s
 274155 182752     cutoff  184      2368.64110 1922.35243  18.8%   4.1 2054s
 275354 183737     cutoff  129      2368.64110 1922.46031  18.8%   4.1 2070s
 276612 184739 2330.57487  142    8 2368.64110 1922.55727  18.8%   4.1 2084s
 277837 185230 2241.40585  150   22 2368.64110 1922.72334  18.8%   4.1 2106s
 278775 185694     cutoff  153      2368.64110 1922.84015  18.8%   4.1 2123s
 279605 186512 1929.06631   64    8 2368.64110 1922.87970  18.8%   4.1 2140s
 280719 187595     cutoff  179      2368.64110 1922.94445  18.8%   4.1 2154s
 282077 188661     cutoff  115      2368.64110 1923.19050  18.8%   4.1 2168s
 283268 189766 2323.40213  129   12 2368.64110 1923.29595  18.8%   4.1 2185s
 284627 190780 2318.65956  148    6 2368.64110 1923.47591  18.8%   4.1 2198s
 285881 191785     cutoff  176      2368.64110 1923.66324  18.8%   4.1 2210s
 287028 192905 2058.67989  136   25 2368.64110 1923.80096  18.8%   4.1 2224s
 288377 193996 infeasible  210      2368.64110 1923.96356  18.8%   4.1 2238s
 289694 195105     cutoff  167      2368.64110 1924.12199  18.8%   4.1 2253s
 290990 196001     cutoff  120      2368.64110 1924.22324  18.8%   4.1 2270s
 292158 196967 2204.66681  104   12 2368.64110 1924.33398  18.8%   4.1 2288s
 293342 197955 2068.33595  158    - 2368.64110 1924.38898  18.8%   4.1 2302s
 294532 198713 2051.61322   48   31 2368.64110 1924.57144  18.7%   4.1 2321s
 295580 199508 2242.48665   58   14 2368.64110 1924.60995  18.7%   4.1 2335s
 296612 200218 2291.63469   83   22 2368.64110 1924.69888  18.7%   4.1 2352s
 297646 200623     cutoff  142      2368.64110 1924.78363  18.7%   4.1 2373s
 298519 201282 2179.07456  115   15 2368.64110 1924.83401  18.7%   4.1 2395s
 299479 202205 2294.77113  119    - 2368.64110 1924.96762  18.7%   4.1 2413s
 300643 203300     cutoff  166      2368.64110 1925.03749  18.7%   4.1 2429s
 301909 204153     cutoff  123      2368.64110 1925.10211  18.7%   4.1 2445s
 303021 204707 2328.39326   87   17 2368.64110 1925.27941  18.7%   4.1 2463s
 304064 205678 2152.96447  132   15 2368.64110 1925.37342  18.7%   4.1 2481s
 305197 206780 1945.85761   44    9 2368.64110 1925.38747  18.7%   4.1 2497s
 306550 207762 2071.51538  182   17 2368.64110 1925.51726  18.7%   4.1 2515s
 307793 208727     cutoff  183      2368.64110 1925.63897  18.7%   4.1 2530s
 308977 209439 1985.67056  128   14 2368.64110 1925.73090  18.7%   4.1 2544s
 309804 210544     cutoff  140      2368.64110 1925.78469  18.7%   4.1 2560s
 311135 211697     cutoff  131      2368.64110 1925.94283  18.7%   4.1 2574s
 311583 211735 2261.43741  167    6 2368.64110 1925.95310  18.7%   4.1 2575s
 312545 212676 2115.33139   85   12 2368.64110 1926.06607  18.7%   4.1 2591s
 313761 213892     cutoff  148      2368.64110 1926.18937  18.7%   4.1 2604s
 314800 213942     cutoff  110      2368.64110 1926.26426  18.7%   4.1 2605s
 315171 214555 2176.85944  161    4 2368.64110 1926.28383  18.7%   4.1 2623s
 316128 215507     cutoff  162      2368.64110 1926.42514  18.7%   4.1 2638s
 317333 216758 1988.85580  175    9 2368.64110 1926.53622  18.7%   4.1 2652s
 318741 217402     cutoff  177      2368.64110 1926.66121  18.7%   4.1 2679s
 319094 217466     cutoff  159      2368.64110 1926.70783  18.7%   4.1 2680s
 319671 217543     cutoff  118      2368.64110 1926.74759  18.7%   4.1 2702s
 319743 217964 2148.61236   56   20 2368.64110 1926.75825  18.7%   4.1 2726s
 320605 218649     cutoff   80      2368.64110 1926.75988  18.7%   4.1 2748s
 321573 219479 2108.69874  139   18 2368.64110 1926.77373  18.7%   4.1 2768s
 322645 220250     cutoff  155      2368.64110 1926.82710  18.7%   4.1 2785s
 323667 221273 2210.36681  137   20 2368.64110 1926.94827  18.6%   4.1 2802s
 324969 222196 infeasible  147      2368.64110 1927.03870  18.6%   4.1 2823s
 326181 223016 infeasible  162      2368.64110 1927.20951  18.6%   4.1 2845s
 327367 224013     cutoff  166      2368.64110 1927.24737  18.6%   4.1 2863s
 328597 224930 2193.41713  139   20 2368.64110 1927.38879  18.6%   4.1 2883s
 329827 226353     cutoff  147      2368.64110 1927.52731  18.6%   4.1 2898s
 331383 227042     cutoff  129      2368.64110 1927.59751  18.6%   4.1 2920s
 332493 227918     cutoff  141      2368.64110 1927.69657  18.6%   4.1 2935s
 333649 228664     cutoff  147      2368.64110 1927.79091  18.6%   4.1 2958s
 334771 229363 2108.53604   71   19 2368.64110 1927.89115  18.6%   4.1 2976s
 335769 230138 2076.05137  112   11 2368.64110 1927.90246  18.6%   4.1 2997s
 336865 231044 2095.81520   58    6 2368.64110 1927.99185  18.6%   4.1 3013s
 338068 232258     cutoff  117      2368.64110 1928.12805  18.6%   4.1 3030s
 339507 233314 2076.69183  142   18 2368.64110 1928.25209  18.6%   4.1 3054s
 340758 234204 2286.40135  119    8 2368.64110 1928.34951  18.6%   4.1 3076s
 341871 234978 2102.80978  128   20 2368.64110 1928.36954  18.6%   4.1 3094s
 342242 235001 2225.20497  160    9 2368.64110 1928.40964  18.6%   4.1 3095s
 342938 235668     cutoff  155      2368.64110 1928.47255  18.6%   4.1 3126s
 343934 236616 2103.80693  148    - 2368.64110 1928.63990  18.6%   4.1 3148s
 345139 237516 2214.31548  148   11 2368.64110 1928.69264  18.6%   4.1 3168s
 346325 238453 2066.89248  150   33 2368.64110 1928.83143  18.6%   4.1 3187s
 347543 239387     cutoff  167      2368.64110 1928.87664  18.6%   4.1 3208s
 348731 240277 2102.87908   71   10 2368.64110 1929.03523  18.6%   4.1 3226s
 349841 241364 2181.76247  104    9 2368.64110 1929.12869  18.6%   4.1 3243s
 351207 242462 2053.73319   99   13 2368.64110 1929.23638  18.6%   4.1 3261s
 352548 243554 infeasible  158      2368.64110 1929.31232  18.5%   4.1 3282s
 353865 244528     cutoff  141      2368.64110 1929.43086  18.5%   4.1 3303s
 355056 245635 2239.47375  153    6 2368.64110 1929.44034  18.5%   4.1 3319s
 356359 246291     cutoff  154      2368.64110 1929.57473  18.5%   4.1 3343s
 357401 247326 1973.89729  115   12 2368.64110 1929.69863  18.5%   4.1 3361s
 358595 247961     cutoff  151      2368.64110 1929.71777  18.5%   4.1 3385s
 359614 248910 2041.06554   92    8 2368.64110 1929.83711  18.5%   4.1 3409s
 360857 249342 2300.34906  149    6 2368.64110 1929.92078  18.5%   4.1 3436s
 361687 249930     cutoff  150      2368.64110 1929.95112  18.5%   4.1 3460s
 362589 250713 2164.04964   96   11 2368.64110 1930.02422  18.5%   4.1 3484s
 363678 251627 2034.89095   62   11 2368.64110 1930.07746  18.5%   4.1 3508s
 364871 252352 2188.26734   90   20 2368.64110 1930.07746  18.5%   4.1 3531s
 365984 253284     cutoff  108      2368.64110 1930.22927  18.5%   4.1 3552s
 367206 253993     cutoff  123      2368.64110 1930.39190  18.5%   4.1 3583s
 368193 254596 2302.54177   71    9 2368.64110 1930.44958  18.5%   4.1 3604s
 368976 255563 2095.71427   91    6 2368.64110 1930.44958  18.5%   4.1 3626s
 370222 256557 2114.23891  113   21 2368.64110 1930.59242  18.5%   4.1 3643s
 371528 257265     cutoff  131      2368.64110 1930.72152  18.5%   4.1 3671s
 372676 257850 2130.81860   58    8 2368.64110 1930.81867  18.5%   4.1 3698s
 373704 258949 2239.46845   80    - 2368.64110 1930.88448  18.5%   4.1 3724s
 374991 259868 2163.89945  110   17 2368.64110 1930.96535  18.5%   4.1 3746s
 376146 260869     cutoff  106      2368.64110 1931.06324  18.5%   4.1 3771s
 377493 262044 2343.21563  138    6 2368.64110 1931.13789  18.5%   4.1 3793s
 378935 263035 2148.87594   60    - 2368.64110 1931.19696  18.5%   4.1 3817s
 380225 263944     cutoff  113      2368.64110 1931.34110  18.5%   4.1 3844s
 381418 264572     cutoff  119      2368.64110 1931.40054  18.5%   4.1 3872s
 382424 264716 2265.47704  142    6 2368.64110 1931.54639  18.5%   4.2 3898s
 382480 265392 2032.34603   44    6 2368.64110 1931.54639  18.5%   4.2 3923s
 383631 266269 2279.37762   45   11 2368.64110 1931.58594  18.5%   4.2 3951s
 384822 267067 infeasible  118      2368.64110 1931.70795  18.4%   4.2 3977s
 385893 267882 2279.02533  149    - 2368.64110 1931.81066  18.4%   4.2 3996s
 387028 268685 2135.18406  166   19 2368.64110 1931.92084  18.4%   4.2 4024s
 388239 269611     cutoff  178      2368.64110 1931.99207  18.4%   4.2 4053s
 389491 270498 2029.27059   58   23 2368.64110 1932.02970  18.4%   4.2 4075s
 390679 271498 2341.09040  131    - 2368.64110 1932.09094  18.4%   4.2 4097s
 391956 271946     cutoff  132      2368.64110 1932.27893  18.4%   4.2 4130s
 392879 272608 2234.04957   88   11 2368.64110 1932.39037  18.4%   4.2 4159s
 393894 273355 2012.94092   61    6 2368.64110 1932.44150  18.4%   4.2 4188s
 395020 274213     cutoff  122      2368.64110 1932.45951  18.4%   4.2 4218s
 396202 274963 2233.17753  168    - 2368.64110 1932.48219  18.4%   4.2 4243s
 397365 276009     cutoff  168      2368.64110 1932.51285  18.4%   4.2 4266s
 398673 276659 2241.87434  166   10 2368.64110 1932.73144  18.4%   4.2 4300s
 399686 277264 1955.93472  193   26 2368.64110 1932.83838  18.4%   4.2 4330s
 400665 278076 2115.07136  199   11 2368.64110 1932.84899  18.4%   4.2 4354s
 401756 278797     cutoff  203      2368.64110 1932.90927  18.4%   4.2 4384s
 402918 279813 2233.63615   58   15 2368.64110 1933.00080  18.4%   4.2 4409s
 404270 280910 2023.71167  100   22 2368.64110 1933.08129  18.4%   4.2 4432s
 405651 281958 2312.98451  143    6 2368.64110 1933.20865  18.4%   4.2 4462s
 407037 282951 2143.37469   97   23 2368.64110 1933.28638  18.4%   4.2 4486s
 408325 283955 2354.90886  136   11 2368.64110 1933.37134  18.4%   4.2 4510s
 409530 285113 2163.96975  133   17 2368.64110 1933.48062  18.4%   4.2 4533s
 410968 286226 2261.01030  161   13 2368.64110 1933.58750  18.4%   4.2 4560s
 412310 287200 2317.78099  162    6 2368.64110 1933.68643  18.4%   4.2 4595s
 413594 288111     cutoff  162      2368.64110 1933.73803  18.4%   4.2 4628s
 414768 289383 infeasible  106      2368.64110 1933.82385  18.4%   4.2 4651s
 416236 290432     cutoff  155      2368.64110 1933.95917  18.4%   4.2 4674s
 417549 291588 2196.68439  113    6 2368.64110 1934.09990  18.3%   4.2 4696s
 418883 292829 2019.37663   47    8 2368.64110 1934.18985  18.3%   4.2 4721s
 420259 293807 2153.59259   55    6 2368.64110 1934.25116  18.3%   4.2 4743s
 421505 294876 2226.75904  158   14 2368.64110 1934.34465  18.3%   4.2 4768s
 422792 295896 2366.87984  160    6 2368.64110 1934.39688  18.3%   4.2 4794s
 424027 297112     cutoff  146      2368.64110 1934.47946  18.3%   4.2 4817s
 425433 297662     cutoff  171      2368.64110 1934.53574  18.3%   4.2 4846s
 426399 298417 2003.56864   62    8 2368.64110 1934.64874  18.3%   4.2 4873s
 427450 298672     cutoff  146      2368.64110 1934.65730  18.3%   4.2 4919s
 427677 299359 2218.98902   71    8 2368.64110 1934.66915  18.3%   4.2 4947s
 428714 300674 2072.22713   81   23 2368.64110 1934.74201  18.3%   4.2 4972s
 430209 301455 infeasible  130      2368.64110 1934.81537  18.3%   4.2 4999s
 431445 302387 infeasible  110      2368.64110 1934.90680  18.3%   4.2 5026s
 432653 303627     cutoff   77      2368.64110 1934.97739  18.3%   4.2 5048s
 434029 304404     cutoff  147      2368.64110 1935.11028  18.3%   4.2 5082s
 435158 305361     cutoff  118      2368.64110 1935.20647  18.3%   4.2 5108s
 436352 306194     cutoff  108      2368.64110 1935.24761  18.3%   4.2 5146s
 437495 307137 2271.19705  109   17 2368.64110 1935.33425  18.3%   4.2 5171s
 438649 307874 2007.88080  141   17 2368.64110 1935.33605  18.3%   4.2 5206s
 439688 308834     cutoff  153      2368.64110 1935.40399  18.3%   4.2 5235s
 440885 309737 2362.79792  105   12 2368.64110 1935.49141  18.3%   4.2 5256s
 442072 310537 infeasible  136      2368.64110 1935.54790  18.3%   4.2 5292s
 443255 311546 2267.90697  140    - 2368.64110 1935.62824  18.3%   4.2 5317s
 444528 312381 1957.63323  171   10 2368.64110 1935.66962  18.3%   4.2 5357s
 445687 313055 1943.47146   47    6 2368.64110 1935.74851  18.3%   4.2 5393s
 446724 313770 2205.20801   56    6 2368.64110 1935.78486  18.3%   4.2 5426s
 447727 314588     cutoff   82      2368.64110 1935.79926  18.3%   4.2 5455s
 448840 315104 1967.38485   65   17 2368.64110 1935.87964  18.3%   4.2 5496s
 449716 315842 2336.93911  166    - 2368.64110 1935.95678  18.3%   4.2 5523s
 450702 315911     cutoff  166      2368.64110 1936.02036  18.3%   4.2 5561s
 450799 316649 2034.63749   49    6 2368.64110 1936.06500  18.3%   4.2 5585s
 451875 317823 2194.15414  110   12 2368.64110 1936.12013  18.3%   4.2 5614s
 453353 318856 2353.87600  122    6 2368.64110 1936.21849  18.3%   4.2 5644s
 454752 319665 1969.85419   66   17 2368.64110 1936.34698  18.3%   4.2 5672s
 455985 320483     cutoff  155      2368.64110 1936.39083  18.2%   4.2 5709s
 457154 321413     cutoff   67      2368.64110 1936.47517  18.2%   4.2 5740s
 458428 322117 1981.12772   67   22 2368.64110 1936.53706  18.2%   4.2 5771s
 459581 322929     cutoff  162      2368.64110 1936.60295  18.2%   4.2 5801s
 460647 324155     cutoff  117      2368.64110 1936.65942  18.2%   4.2 5825s
 462159 325044     cutoff  190      2368.64110 1936.75181  18.2%   4.2 5866s
 463430 326067     cutoff  183      2368.64110 1936.83597  18.2%   4.2 5898s
 464726 327182 2172.36613  129   16 2368.64110 1936.88911  18.2%   4.2 5926s
 466110 328132 2109.52054   56    6 2368.64110 1937.00582  18.2%   4.2 5958s
 467367 329079 2095.82758   86   18 2368.64110 1937.00582  18.2%   4.2 5981s
 468624 330152     cutoff  115      2368.64110 1937.11785  18.2%   4.2 6009s
 469785 330226 2313.39365  106   11 2368.64110 1937.20288  18.2%   4.2 6010s
 469970 330771 infeasible  127      2368.64110 1937.23986  18.2%   4.2 6048s
 471018 331858     cutoff   76      2368.64110 1937.29250  18.2%   4.2 6077s
 472335 332721 2057.70732  112   25 2368.64110 1937.33447  18.2%   4.2 6112s
 473429 333723 2138.92032  167    - 2368.64110 1937.41110  18.2%   4.2 6142s
 474727 334649 2283.01150  167    8 2368.64110 1937.46802  18.2%   4.2 6173s
 475971 335177 2168.59813  129    6 2368.64110 1937.55063  18.2%   4.2 6223s
 476869 335640 1946.57218   59    6 2368.64110 1937.65010  18.2%   4.2 6262s
 477782 336233 2150.92086   59   10 2368.64110 1937.65216  18.2%   4.2 6291s
 478751 337147 2225.94440   60    - 2368.64110 1937.68517  18.2%   4.2 6320s
 479989 338228 infeasible  141      2368.64110 1937.75779  18.2%   4.2 6350s
 481400 339326 2261.07720  105   12 2368.64110 1937.85268  18.2%   4.2 6385s
 482754 339983 infeasible  112      2368.64110 1937.98138  18.2%   4.2 6423s
 483824 340911 2239.75212   68    9 2368.64110 1937.98138  18.2%   4.2 6454s
 485058 341782     cutoff   92      2368.64110 1937.98138  18.2%   4.2 6481s
 486184 342754     cutoff  115      2368.64110 1937.98138  18.2%   4.2 6516s
 487438 343710 2049.99382  139   11 2368.64110 1938.25615  18.2%   4.2 6550s
 488665 345104     cutoff  150      2368.64110 1938.35810  18.2%   4.2 6575s
 490264 346381     cutoff  157      2368.64110 1938.44678  18.2%   4.2 6603s
 491748 347116     cutoff  116      2368.64110 1938.52863  18.2%   4.2 6633s
 492780 348425 2286.23287   75   22 2368.64110 1938.57515  18.2%   4.2 6658s
 494273 349395 2068.51489  147   11 2368.64110 1938.68845  18.2%   4.2 6692s
 495535 350297 2190.25654   47    6 2368.64110 1938.71348  18.2%   4.2 6724s
 496514 350371 2045.24843  171   19 2368.64110 1938.71348  18.2%   4.2 6725s
 496717 351461 2227.25113   52    6 2368.64110 1938.81617  18.1%   4.2 6754s
 498033 352298     cutoff  140      2368.64110 1938.87008  18.1%   4.2 6786s
 499148 353441 2126.24388  121    8 2368.64110 1938.96317  18.1%   4.2 6813s
 500484 354230     cutoff  140      2368.64110 1939.07156  18.1%   4.2 6848s
 501631 355102 2211.79063  105   10 2368.64110 1939.12269  18.1%   4.2 6884s
 502795 355872 2174.73970  176    - 2368.64110 1939.14572  18.1%   4.2 6920s
 503795 356773     cutoff  188      2368.64110 1939.27026  18.1%   4.2 6959s
 504991 357844 2080.79113  114   43 2368.64110 1939.32332  18.1%   4.2 6989s
 506290 359077 infeasible  163      2368.64110 1939.39230  18.1%   4.2 7014s
 507389 359138 2163.41524  135   17 2368.64110 1939.44273  18.1%   4.2 7015s
 507744 359625 2309.99168  159    - 2368.64110 1939.48404  18.1%   4.2 7060s
 508663 360560 infeasible  159      2368.64110 1939.54311  18.1%   4.2 7095s
 509824 361439     cutoff  151      2368.64110 1939.57753  18.1%   4.2 7128s
 511021 362575     cutoff  148      2368.64110 1939.64262  18.1%   4.2 7158s
 512381 363307     cutoff  174      2368.64110 1939.72663  18.1%   4.2 7198s

Cutting planes:
  Gomory: 3
  MIR: 2
  Zero half: 6
  Lazy constraints: 36407

Explored 513441 nodes (2160386 simplex iterations) in 7200.51 seconds
Thread count was 12 (of 12 available processors)

Solution count 4: 2368.64 2375.76 3447.8 5803.8 

Time limit reached
Best objective 2.368641099684e+03, best bound 1.939760069162e+03, gap 18.1066%

User-callback calls 2612312, time in user-callback 7.28 sec
/projects/academic/josewalt/caigao/RRARP_BD/BendersDecomp/ret/model_outs/n_25_m_4_algo_2.out
 =====>>>>> Solution is written to file in <../ret/model_outs> !!!
===>> All Done!
