NPROCS=0
This instance is clustered!
Gurobi Optimizer version 9.0.0 build v9.0.0rc2 (linux64)
Optimize a model with 48 rows, 577 columns and 1152 nonzeros
Model fingerprint: 0xa93115f6
Variable types: 1 continuous, 576 integer (576 binary)
Coefficient statistics:
  Matrix range     [1e+00, 1e+00]
  Objective range  [1e+00, 5e+02]
  Bounds range     [1e+00, 1e+00]
  RHS range        [1e+00, 1e+00]
Presolve removed 2 rows and 69 columns
Presolve time: 0.01s
Presolved: 46 rows, 508 columns, 1014 nonzeros
Variable types: 1 continuous, 507 integer (507 binary)

Root relaxation: objective 7.205973e+02, 38 iterations, 0.00 seconds

    Nodes    |    Current Node    |     Objective Bounds      |     Work
 Expl Unexpl |  Obj  Depth IntInf | Incumbent    BestBd   Gap | It/Node Time

     0     0 1095.33896    0   49          - 1095.33896      -     -    0s
H    0     0                    1975.5900093 1095.33896  44.6%     -    0s
     0     0 1095.33896    0   49 1975.59001 1095.33896  44.6%     -    0s
H    0     0                    1495.2279095 1095.33896  26.7%     -    0s
     0     2 1111.57031    0   45 1495.22791 1111.57031  25.7%     -    0s
 22287 13486     cutoff   46      1495.22791 1273.24451  14.8%   7.7    5s
 40086 23724     cutoff   43      1495.22791 1296.88918  13.3%   7.9   10s
H43778 24966                    1493.3823319 1299.69031  13.0%   8.0   11s
 50137 28533     cutoff   70      1493.38233 1305.10989  12.6%   8.1   15s
 63810 35218 1433.49079   34   31 1493.38233 1315.11207  11.9%   8.3   20s
 74737 40124 1479.37012   36   35 1493.38233 1321.90977  11.5%   8.4   25s
 85600 44520     cutoff   35      1493.38233 1327.89384  11.1%   8.6   30s
 95570 48490 1469.66166   55   24 1493.38233 1332.38596  10.8%   8.7   35s
 104298 51978 1377.32447   30   29 1493.38233 1336.27922  10.5%   8.8   40s
H112606 54666                    1493.3823031 1339.93857  10.3%   8.8   44s
 113176 55175 1480.56591   43   18 1493.38230 1339.99251  10.3%   8.8   45s
H116728 55918                    1493.3822873 1341.65858  10.2%   8.9   48s
 118987 57194 1461.00108   35   29 1493.38229 1342.70144  10.1%   8.9   50s
 127307 60192     cutoff   29      1493.38229 1345.72801  9.89%   9.0   55s
 133104 62147     cutoff   34      1493.38229 1347.89104  9.74%   9.0   60s
 141326 64881 infeasible   55      1493.38229 1350.69620  9.55%   9.1   65s
 148618 67245     cutoff   37      1493.38229 1353.39851  9.37%   9.1   70s
 155532 69259 infeasible   36      1493.38229 1355.41292  9.24%   9.1   75s
 163438 71620 1464.37040   43   19 1493.38229 1357.94188  9.07%   9.2   80s
 170216 73472 infeasible   36      1493.38229 1359.92261  8.94%   9.2   85s
 177121 75359 1406.78223   26   29 1493.38229 1361.92459  8.80%   9.3   90s
 184499 77440 1425.12885   29   17 1493.38229 1364.05954  8.66%   9.3   95s
 190195 79093     cutoff   40      1493.38229 1365.90546  8.54%   9.3  100s
 195945 80630     cutoff   38      1493.38229 1367.31644  8.44%   9.4  105s
 201976 82153 1486.82521   40   21 1493.38229 1368.95612  8.33%   9.4  110s
 207637 83490 1397.46623   31   12 1493.38229 1370.40566  8.23%   9.4  115s
 214960 85184 1458.64748   28   34 1493.38229 1372.04674  8.12%   9.5  121s
 220756 86483 1409.74019   43   28 1493.38229 1373.48140  8.03%   9.5  125s
 226583 87849 infeasible   40      1493.38229 1374.87160  7.94%   9.5  130s
 232743 88963 infeasible   50      1493.38229 1376.19623  7.85%   9.6  135s
 238713 90339 1477.68869   33   27 1493.38229 1377.45931  7.76%   9.6  140s
 243408 91309     cutoff   46      1493.38229 1378.49854  7.69%   9.6  145s
 249301 92500 1462.35538   38   29 1493.38229 1379.79937  7.61%   9.6  150s
 254341 93392 1457.73726   49   53 1493.38229 1380.84172  7.54%   9.6  155s
 260250 94449     cutoff   75      1493.38229 1382.11424  7.45%   9.7  160s
 266187 95528 1476.48124   34   10 1493.38229 1383.29095  7.37%   9.7  166s
 270700 96261 1475.75503   60   15 1493.38229 1384.15268  7.31%   9.7  170s
 277031 97401 1458.30933   33   36 1493.38229 1385.59129  7.22%   9.7  175s
 282985 98184 1453.85459   38   17 1493.38229 1386.74697  7.14%   9.7  180s
 286628 98520 1456.33901   44   49 1493.38229 1387.36337  7.10%   9.8  365s
 286636 98525 1414.06903   38   61 1493.38229 1387.36337  7.10%   9.8  370s
 286644 98534 1387.36337   22   63 1493.38229 1387.36337  7.10%   9.8  375s
 286757 98613 1387.36337   29   25 1493.38229 1387.36337  7.10%   9.8  380s
 288015 98937 1387.36337   70   44 1493.38229 1387.36337  7.10%   9.8  391s
 290404 99882 1387.36337   59   39 1493.38229 1387.36337  7.10%   9.8  395s
 294766 101532 1387.36337   29   32 1493.38229 1387.36337  7.10%   9.8  400s
 299505 102667 1460.09380   62   34 1493.38229 1387.36337  7.10%   9.8  406s
 299948 102522 1405.49006   52   36 1493.38229 1387.36337  7.10%   9.8  410s
 303444 103867 1387.36337   31   14 1493.38229 1387.36337  7.10%   9.8  415s
 307746 104672 1387.36337   49   56 1493.38229 1387.36337  7.10%   9.8  420s
H307747 99744                    1493.3821626 1387.36337  7.10%   9.8  420s
 311463 100732 1446.26994   77   18 1493.38216 1387.36337  7.10%   9.8  425s
 317062 101790     cutoff   64      1493.38216 1387.36337  7.10%   9.8  431s
 320681 102257 1394.51253   58   42 1493.38216 1387.36337  7.10%   9.8  435s
 325332 102915     cutoff   56      1493.38216 1387.36337  7.10%   9.8  440s
 330115 103506 1427.47675   45   31 1493.38216 1387.36337  7.10%   9.8  446s
 333768 103588     cutoff   48      1493.38216 1387.36337  7.10%   9.8  450s
 338300 103970 1443.88749   49   23 1493.38216 1387.36337  7.10%   9.8  455s
 341363 104151 1483.99444   59   20 1493.38216 1387.36337  7.10%   9.8  460s
 345266 104576 1387.36337   36   32 1493.38216 1387.36337  7.10%   9.8  465s
 350423 104727 1387.36337   37   26 1493.38216 1387.36337  7.10%   9.9  470s
 355258 104649 1479.85870   46   21 1493.38216 1387.36337  7.10%   9.9  475s
 360094 104240 1445.56355   55   19 1493.38216 1387.36337  7.10%   9.9  485s
 363429 104886 1444.63440   60   45 1493.38216 1387.36337  7.10%   9.9  490s
 367250 104937 1468.36699   64   36 1493.38216 1387.36337  7.10%   9.9  495s
 372148 105191 1389.01063   42   14 1493.38216 1387.36337  7.10%   9.9  500s
 375930 105352 1487.96420   50   20 1493.38216 1387.36337  7.10%   9.9  505s
 380723 105262 1425.13164   54   21 1493.38216 1387.36337  7.10%   9.9  510s
 385537 105180     cutoff   53      1493.38216 1387.36337  7.10%  10.0  515s
 389083 104978 1482.84362   76   29 1493.38216 1387.36337  7.10%  10.0  520s
 393676 104880 1449.94160   47   31 1493.38216 1387.36337  7.10%  10.0  525s
 398253 104527 1406.79296   53   42 1493.38216 1387.36337  7.10%  10.0  531s
 401885 104285     cutoff   53      1493.38216 1387.36337  7.10%  10.0  535s
 406648 103904 1439.81304   62   39 1493.38216 1387.36337  7.10%  10.0  540s
 410334 103586 infeasible   60      1493.38216 1387.36337  7.10%  10.0  545s
 414723 103169 1471.68263   39   14 1493.38216 1387.36337  7.10%  10.0  550s
 418474 102825     cutoff   55      1493.38216 1387.36337  7.10%  10.0  555s
 422593 102246 1423.27816   48   30 1493.38216 1387.36337  7.10%  10.1  560s
 424926 102138 1477.60935   60   15 1493.38216 1387.36337  7.10%  10.1  565s
 429026 101535 infeasible   45      1493.38216 1387.36337  7.10%  10.1  570s
 432779 100981 1429.62061   48   35 1493.38216 1387.36337  7.10%  10.1  575s
 435831 100536 1434.08742   54   20 1493.38216 1388.14438  7.05%  10.1  580s
 439706 99792 1476.98501   60   22 1493.38216 1389.53606  6.95%  10.1  585s
 444103 99152 1478.12163   39    6 1493.38216 1391.10328  6.85%  10.1  590s
 447673 98703     cutoff   50      1493.38216 1392.18303  6.78%  10.2  595s
 451642 97921     cutoff   41      1493.38216 1393.29810  6.70%  10.2  600s
 454739 97363 1450.15174   66   30 1493.38216 1394.23043  6.64%  10.2  605s
 458802 96530 1476.55323   53   23 1493.38216 1395.59825  6.55%  10.2  611s
 461952 96104 1422.52554   65   43 1493.38216 1396.51825  6.49%  10.2  616s
 464661 95419 1470.32628   37   28 1493.38216 1397.31857  6.43%  10.2  624s
 464683 95544 1476.28991   38   31 1493.38216 1397.32016  6.43%  10.2  626s
 466850 95155     cutoff   40      1493.38216 1397.81927  6.40%  10.2  630s
 470195 94563 1462.23528   45   36 1493.38216 1398.85347  6.33%  10.2  635s
 474310 93768     cutoff   63      1493.38216 1400.14788  6.24%  10.3  641s
 477818 93046 1485.54064   47   24 1493.38216 1401.14492  6.18%  10.3  645s
 481723 92148 1451.98074   47   40 1493.38216 1402.28425  6.10%  10.3  650s
 485224 91464 1462.17438   51    9 1493.38216 1403.32916  6.03%  10.3  655s
 490466 90276 1476.07825   53   22 1493.38216 1404.69053  5.94%  10.3  661s
 493742 89360 1461.64570   44   21 1493.38216 1405.48855  5.89%  10.3  665s
 496562 88697 1434.18379   44    8 1493.38216 1406.38922  5.83%  10.3  670s
 501571 87354     cutoff   77      1493.38216 1407.77497  5.73%  10.4  676s
 505166 86441 1473.41267   61   31 1493.38216 1408.81256  5.66%  10.4  681s
 509028 85445     cutoff   56      1493.38216 1409.75043  5.60%  10.4  686s
 512489 84473 1484.94172   59   21 1493.38216 1410.62657  5.54%  10.4  690s
 516050 83398 1415.71950   42    8 1493.38216 1411.60059  5.48%  10.4  695s
 519313 82464 1474.43746   44   30 1493.38216 1412.40497  5.42%  10.4  700s
 523176 81353 1464.07751   77   22 1493.38216 1413.54202  5.35%  10.5  705s
 526858 80132 1446.85932   60   10 1493.38216 1414.52051  5.28%  10.5  710s
 530442 79006     cutoff   76      1493.38216 1415.38926  5.22%  10.5  716s
 534098 77780 1475.77268   50   18 1493.38216 1416.28022  5.16%  10.5  721s
H536537 72316                    1493.3821363 1416.68335  5.14%  10.5  723s
 536637 72250 1485.19646   56   25 1493.38214 1416.92588  5.12%  10.5  725s
 540572 70893     cutoff   41      1493.38214 1417.96238  5.05%  10.5  731s
 542737 70072     cutoff   77      1493.38214 1418.48405  5.02%  10.6  735s
 546218 68796 1448.78496   41   40 1493.38214 1419.39309  4.95%  10.6  740s
 549745 67438 1458.04146   43   25 1493.38214 1420.19674  4.90%  10.6  746s
 553534 66035 1465.32363   52   17 1493.38214 1421.09089  4.84%  10.6  751s
 555771 65933     cutoff   41      1493.38214 1421.68483  4.80%  10.6  755s
 559825 65632 1447.52835   48   20 1493.38214 1422.70589  4.73%  10.6  761s
 563281 65351 infeasible   43      1493.38214 1423.65876  4.67%  10.7  766s
 565145 65206 1473.69763   54   23 1493.38214 1424.13992  4.64%  10.7  770s
 567857 65064 1480.51534   37   12 1493.38214 1424.75872  4.60%  10.7  778s
 568857 64882 1438.05823   49   30 1493.38214 1424.98044  4.58%  10.7  781s
 571404 64717 1487.06415   90   18 1493.38214 1425.63903  4.54%  10.7  786s
 574979 64301 1460.89058   48   18 1493.38214 1426.59037  4.47%  10.7  791s
 577126 64070 infeasible   40      1493.38214 1427.10158  4.44%  10.7  795s
 580898 63678     cutoff   60      1493.38214 1428.00816  4.38%  10.8  800s
 585034 63124 1470.43308   52   26 1493.38214 1429.12830  4.30%  10.8  806s
 588823 62588 1472.70860   64   16 1493.38214 1430.00485  4.24%  10.8  811s
 591426 62226 infeasible   45      1493.38214 1430.68303  4.20%  10.8  816s
 594863 61575 1444.84526   48   16 1493.38214 1431.61122  4.14%  10.8  822s
 597547 61358 1489.74128   60    - 1493.38214 1432.27293  4.09%  10.8  829s
 597699 61150 infeasible   60      1493.38214 1432.30295  4.09%  10.8  831s
 600164 60716 infeasible   46      1493.38214 1432.93865  4.05%  10.9  835s
 603871 59998 1474.36203   51   17 1493.38214 1433.90764  3.98%  10.9  841s
 606277 59492     cutoff   44      1493.38214 1434.58013  3.94%  10.9  846s
 608913 59009     cutoff   56      1493.38214 1435.22939  3.89%  10.9  850s
 611231 58512 1466.25103   41   22 1493.38214 1435.83163  3.85%  10.9  856s
 613651 58001 1444.45541   52   15 1493.38214 1436.41849  3.81%  10.9  860s
 616176 57516 1492.89849   52   26 1493.38214 1437.01783  3.77%  10.9  865s
 619770 56671     cutoff   58      1493.38214 1437.94377  3.71%  11.0  871s
 622214 56135     cutoff   61      1493.38214 1438.58805  3.67%  11.0  876s
 624457 55458 1468.06331   47   29 1493.38214 1439.03814  3.64%  11.0  880s
 627888 54715 infeasible   52      1493.38214 1439.81223  3.59%  11.0  885s
 630831 53677 1463.57953   78   33 1493.38214 1440.82518  3.52%  11.0  891s
 633601 53014 infeasible   38      1493.38214 1441.60317  3.47%  11.0  896s
 635600 52409     cutoff   62      1493.38214 1442.08992  3.43%  11.1  900s
 639025 51287     cutoff   56      1493.38214 1443.10146  3.37%  11.1  906s
 641346 50502 1483.60938   52   18 1493.38214 1443.71615  3.33%  11.1  910s
 644840 49331 infeasible   40      1493.38214 1444.72854  3.26%  11.1  916s
 647151 48601     cutoff   83      1493.38214 1445.35036  3.22%  11.1  921s
 649376 47751 infeasible   63      1493.38214 1445.97373  3.17%  11.1  926s
 651914 46673 1447.93454   61   20 1493.38214 1446.69698  3.13%  11.2  931s
 654875 46099     cutoff   48      1493.38214 1447.55839  3.07%  11.2  941s
 656214 45101 1472.39376   50   20 1493.38214 1447.95953  3.04%  11.2  947s
 658962 43963     cutoff   84      1493.38214 1448.76000  2.99%  11.2  952s
 661695 42923 1474.02179   59   11 1493.38214 1449.59743  2.93%  11.2  957s
 664315 41783 infeasible   68      1493.38214 1450.36440  2.88%  11.2  962s
 667046 40678     cutoff   51      1493.38214 1451.23533  2.82%  11.3  967s
 669474 39510 1474.04707   56   24 1493.38214 1452.00184  2.77%  11.3  971s
 671870 38497     cutoff   63      1493.38214 1452.76677  2.72%  11.3  976s
 674334 37364 1467.35143   48   17 1493.38214 1453.49030  2.67%  11.3  981s
 676751 36116     cutoff   46      1493.38214 1454.32411  2.62%  11.3  986s
 679280 34888     cutoff   47      1493.38214 1455.13916  2.56%  11.3  990s
 681746 33660     cutoff   51      1493.38214 1455.96209  2.51%  11.4  995s
 685477 31840     cutoff   61      1493.38214 1457.20701  2.42%  11.4 1002s
 687902 30441 1458.39254   54    6 1493.38214 1458.09720  2.36%  11.4 1006s
 690444 29002     cutoff   63      1493.38214 1459.06903  2.30%  11.4 1010s
 694173 26848     cutoff   57      1493.38214 1460.55368  2.20%  11.4 1016s
 696675 25399 1484.17580   54   27 1493.38214 1461.52472  2.13%  11.4 1020s
 699083 23873     cutoff   41      1493.38214 1462.58372  2.06%  11.5 1025s
 702771 21538 1493.24799   41   21 1493.38214 1464.14326  1.96%  11.5 1031s
 705241 19972     cutoff   47      1493.38214 1465.31366  1.88%  11.5 1035s
 708944 17447 infeasible   55      1493.38214 1467.25235  1.75%  11.5 1041s
 711453 15702     cutoff   46      1493.38214 1468.55874  1.66%  11.5 1046s
 713865 14008     cutoff   41      1493.38214 1470.05400  1.56%  11.6 1050s
 717562 11212 1490.62574   60   12 1493.38214 1472.51717  1.40%  11.6 1056s
H718527 11212                    1493.3813992 1472.56543  1.39%  11.6 1056s
 718853 11102     cutoff   44      1493.38140 1473.41779  1.34%  11.6 1061s
 720311  9082     cutoff   48      1493.38140 1474.56134  1.26%  11.6 1065s
 724106  5967     cutoff   38      1493.38140 1478.34774  1.01%  11.6 1071s
 727995  2531     cutoff   59      1493.38140 1482.78243  0.71%  11.6 1077s
 730593    20     cutoff   61      1493.38140 1488.90939  0.30%  11.7 1081s

Cutting planes:
  Gomory: 7
  Zero half: 9
  Lazy constraints: 604

Explored 731937 nodes (8533726 simplex iterations) in 1081.12 seconds
Thread count was 12 (of 12 available processors)

Solution count 3: 1493.38 1495.23 1975.59 

Optimal solution found (tolerance 1.00e-04)
Best objective 1.493381399190e+03, best bound 1.493381399190e+03, gap 0.0000%

User-callback calls 1639463, time in user-callback 0.55 sec
/projects/academic/josewalt/caigao/RRARP_BD/BendersDecomp/ret/model_outs/n_22_h_10_algo_3.out
 =====>>>>> Solution is written to file in <../ret/model_outs> !!!
===>> All Done!
