NPROCS=0
This instance is clustered!
Gurobi Optimizer version 9.0.0 build v9.0.0rc2 (linux64)
Optimize a model with 22 rows, 122 columns and 242 nonzeros
Model fingerprint: 0xdbc1f439
Variable types: 1 continuous, 121 integer (121 binary)
Coefficient statistics:
  Matrix range     [1e+00, 1e+00]
  Objective range  [1e+00, 7e+01]
  Bounds range     [1e+00, 1e+00]
  RHS range        [1e+00, 1e+00]
Presolve removed 2 rows and 30 columns
Presolve time: 0.00s
Presolved: 20 rows, 92 columns, 182 nonzeros
Variable types: 1 continuous, 91 integer (91 binary)

Root relaxation: objective 1.400195e+02, 18 iterations, 0.00 seconds
 done with super cut 0

    Nodes    |    Current Node    |     Objective Bounds      |     Work
 Expl Unexpl |  Obj  Depth IntInf | Incumbent    BestBd   Gap | It/Node Time

     0     0  158.94184    0   16          -  158.94184      -     -    0s
 done with super cut 1
 done with super cut 2
H    0     0                     203.6862858  158.94184  22.0%     -    0s
     0     0  159.69613    0   14  203.68629  159.69613  21.6%     -    0s
 done with super cut 3
 done with super cut 4
 done with super cut 5
     0     0  160.06301    0   16  203.68629  160.06301  21.4%     -    0s
 done with super cut 6
     0     0  160.06301    0   22  203.68629  160.06301  21.4%     -    0s
     0     0  160.45891    0   16  203.68629  160.45891  21.2%     -    0s
     0     0  160.51564    0   26  203.68629  160.51564  21.2%     -    0s
     0     0  160.70844    0   25  203.68629  160.70844  21.1%     -    0s
     0     0  160.76181    0   24  203.68629  160.76181  21.1%     -    0s
     0     0  160.85372    0   25  203.68629  160.85372  21.0%     -    0s
     0     0  161.10854    0   25  203.68629  161.10854  20.9%     -    0s
 done with super cut 7
     0     0  161.25947    0   25  203.68629  161.25947  20.8%     -    0s
 done with super cut 8
H    0     0                     192.9045136  161.25947  16.4%     -    1s
 done with super cut 9
 done with super cut 10
     0     0  161.29872    0   25  192.90451  161.29872  16.4%     -    1s
     0     0  161.29872    0   25  192.90451  161.29872  16.4%     -    1s
     0     0  163.46648    0   22  192.90451  163.46648  15.3%     -    1s
     0     0  163.46648    0   25  192.90451  163.46648  15.3%     -    1s
     0     0  163.46648    0   25  192.90451  163.46648  15.3%     -    1s
     0     0  163.46648    0   25  192.90451  163.46648  15.3%     -    1s
     0     0  163.46648    0   30  192.90451  163.46648  15.3%     -    1s
     0     0  163.46648    0   29  192.90451  163.46648  15.3%     -    1s
     0     0  163.46648    0   30  192.90451  163.46648  15.3%     -    1s
     0     0  163.46648    0   30  192.90451  163.46648  15.3%     -    1s
     0     2  163.46648    0   30  192.90451  163.46648  15.3%     -    1s

Cutting planes:
  Gomory: 3
  MIR: 7
  Zero half: 1
  RLT: 1
  Lazy constraints: 50

Explored 280 nodes (1602 simplex iterations) in 1.57 seconds
Thread count was 12 (of 12 available processors)

Solution count 2: 192.905 203.686 

Optimal solution found (tolerance 1.00e-04)
Best objective 1.929045135800e+02, best bound 1.929045135800e+02, gap 0.0000%

User-callback calls 842, time in user-callback 1.45 sec
/projects/academic/josewalt/caigao/RRARP_BD/BendersDecomp/ret/model_outs/n_9_h_2_algo_4.out
 =====>>>>> Solution is written to file in <../ret/model_outs> !!!
===>> All Done!
