NPROCS=0
This instance is clustered!
Gurobi Optimizer version 9.0.0 build v9.0.0rc2 (linux64)
Optimize a model with 22 rows, 122 columns and 242 nonzeros
Model fingerprint: 0xf983ff5f
Variable types: 1 continuous, 121 integer (121 binary)
Coefficient statistics:
  Matrix range     [1e+00, 1e+00]
  Objective range  [1e+00, 7e+01]
  Bounds range     [1e+00, 1e+00]
  RHS range        [1e+00, 1e+00]
Presolve removed 2 rows and 30 columns
Presolve time: 0.00s
Presolved: 20 rows, 92 columns, 182 nonzeros
Variable types: 1 continuous, 91 integer (91 binary)

Root relaxation: objective 1.136342e+02, 19 iterations, 0.00 seconds
 done with super cut 0

    Nodes    |    Current Node    |     Objective Bounds      |     Work
 Expl Unexpl |  Obj  Depth IntInf | Incumbent    BestBd   Gap | It/Node Time

     0     0  155.12268    0   21          -  155.12268      -     -    0s
 done with super cut 1
 done with super cut 2
H    0     0                     198.3232640  155.12268  21.8%     -    0s
     0     0  158.83208    0   21  198.32326  158.83208  19.9%     -    0s
 done with super cut 3
 done with super cut 4
H    0     0                     197.6364127  158.83208  19.6%     -    0s
     0     0  159.37332    0   24  197.63641  159.37332  19.4%     -    0s
 done with super cut 5
 done with super cut 6
 done with super cut 7
H    0     0                     196.5363169  159.37332  18.9%     -    0s
     0     2  159.37428    0   24  196.53632  159.37428  18.9%     -    0s
 done with super cut 8
 done with super cut 9
 done with super cut 10
*  182    15              14     195.8494655  177.14687  9.55%   5.3    0s

Cutting planes:
  Gomory: 1
  Lazy constraints: 56

Explored 252 nodes (1269 simplex iterations) in 0.78 seconds
Thread count was 12 (of 12 available processors)

Solution count 4: 195.849 196.536 197.636 198.323 

Optimal solution found (tolerance 1.00e-04)
Best objective 1.958494655418e+02, best bound 1.958494655418e+02, gap 0.0000%

User-callback calls 660, time in user-callback 0.73 sec
/projects/academic/josewalt/caigao/RRARP_BD/BendersDecomp/ret/model_outs/n_9_h_8_algo_4.out
 =====>>>>> Solution is written to file in <../ret/model_outs> !!!
===>> All Done!
