NPROCS=0
This instance is clustered!
Gurobi Optimizer version 9.0.0 build v9.0.0rc2 (linux64)
Optimize a model with 18 rows, 82 columns and 162 nonzeros
Model fingerprint: 0xf05b113a
Variable types: 1 continuous, 81 integer (81 binary)
Coefficient statistics:
  Matrix range     [1e+00, 1e+00]
  Objective range  [6e-01, 2e+01]
  Bounds range     [1e+00, 1e+00]
  RHS range        [1e+00, 1e+00]
Presolve removed 2 rows and 24 columns
Presolve time: 0.00s
Presolved: 16 rows, 58 columns, 114 nonzeros
Variable types: 1 continuous, 57 integer (57 binary)

Root relaxation: objective 3.004980e+01, 12 iterations, 0.00 seconds

    Nodes    |    Current Node    |     Objective Bounds      |     Work
 Expl Unexpl |  Obj  Depth IntInf | Incumbent    BestBd   Gap | It/Node Time

     0     0   40.56690    0    8          -   40.56690      -     -    0s
H    0     0                      70.3306447   40.56690  42.3%     -    0s
H    0     0                      61.8231352   40.56690  34.4%     -    0s
     0     0   44.47370    0   10   61.82314   44.47370  28.1%     -    0s
     0     0   44.88539    0    8   61.82314   44.88539  27.4%     -    0s
H    0     0                      58.6261345   44.88539  23.4%     -    0s
     0     0   44.88539    0    8   58.62613   44.88539  23.4%     -    0s
     0     2   44.88539    0    8   58.62613   44.88539  23.4%     -    1s
   330    35   53.28840    8    6   58.62613   49.90785  14.9%   2.5   15s
   672     5   56.67254   16    8   58.62613   51.68842  11.8%   2.4   26s

Cutting planes:
  Gomory: 2
  Lazy constraints: 233

Explored 776 nodes (1873 simplex iterations) in 28.54 seconds
Thread count was 12 (of 12 available processors)

Solution count 3: 58.6261 61.8231 70.3306 

Optimal solution found (tolerance 1.00e-04)
Best objective 5.862613445334e+01, best bound 5.862613445334e+01, gap 0.0000%

User-callback calls 1905, time in user-callback 28.46 sec
---> instance_name: n_7_e_2.dat
---> algo_index: 1
---> obj_value: 58.6261
---> total_time: 28.6178
---> total_time_gurobi: 28.5446
---> total_nb_benders_cuts: 204
---> total_nb_subtour_cuts: 33
---> total_nb_user_cuts: 0
---> GRB_IntAttr_Status: 2
---> optimality_gap: 0
---> node_count: 776
 =====>>>>> Solution is written to file in <../ret/model_outs> !!!
===>> All Done!
