NPROCS=0
This instance is clustered!
Gurobi Optimizer version 9.0.0 build v9.0.0rc2 (linux64)
Optimize a model with 68 rows, 1157 columns and 2312 nonzeros
Model fingerprint: 0x715f9172
Variable types: 1 continuous, 1156 integer (1156 binary)
Coefficient statistics:
  Matrix range     [1e+00, 1e+00]
  Objective range  [1e+00, 1e+03]
  Bounds range     [1e+00, 1e+00]
  RHS range        [1e+00, 1e+00]
Presolve removed 2 rows and 99 columns
Presolve time: 0.01s
Presolved: 66 rows, 1058 columns, 2114 nonzeros
Variable types: 1 continuous, 1057 integer (1057 binary)

Root relaxation: objective 2.093378e+03, 69 iterations, 0.00 seconds

    Nodes    |    Current Node    |     Objective Bounds      |     Work
 Expl Unexpl |  Obj  Depth IntInf | Incumbent    BestBd   Gap | It/Node Time

     0     0 2168.35151    0   10          - 2168.35151      -     -    0s
     0     0 2660.72681    0   28          - 2660.72681      -     -    0s
     0     2 2660.72681    0   26          - 2660.72681      -     -    0s
 done with super cut 0
 done with super cut 1
 done with super cut 2
 done with super cut 3
   159   150 3009.13632    9    -          - 2809.45542      -  10.2   24s
 done with super cut 4
 done with super cut 5
 done with super cut 6
 done with super cut 7
   393   427 3086.09069   22   16          - 2809.45542      -   8.4   81s
 done with super cut 8
   573   641 3094.93789   37   10          - 2809.45542      -   7.4  108s
 done with super cut 9
 done with super cut 10
   693   786 3098.50099   47    6          - 2809.45542      -   6.6  153s
  3539  3283 3040.43635   12   85          - 2903.07088      -   5.4  155s
* 5917  4495             119    6169.4761412 2925.48153  52.6%   7.4  156s
* 6141  4417             124    6133.8703337 2925.48153  52.3%   7.4  157s
* 6917  4569             163    5757.6730346 2936.48988  49.0%   7.6  158s
* 7057  4440             165    5714.8381392 2936.48988  48.6%   7.5  158s
 10373  6029 5348.08323  219   27 5714.83814 2962.27461  48.2%   7.5  160s
 15124  9338 4372.24971   84   32 5714.83814 3010.00630  47.3%   7.6  166s
*17077  9385             125    4858.2441869 3029.23233  37.6%   7.6  168s
 19007 11032 3751.81308   86   14 4858.24419 3029.23233  37.6%   7.6  170s
 24679 15768 3962.94972   51    - 4858.24419 3047.25072  37.3%   7.6  175s
*27852 16331             124    4467.8202625 3055.96984  31.6%   7.5  177s
*27853 16292             124    4462.2798174 3055.96984  31.5%   7.5  177s
 30591 18403     cutoff  114      4462.27982 3061.51974  31.4%   7.6  181s
 33782 21608 3843.89520  115   25 4462.27982 3066.84543  31.3%   7.7  185s
 39051 25598 4139.86486   45   15 4462.27982 3074.44642  31.1%   7.7  190s
 41760 27163     cutoff  136      4462.27982 3077.45996  31.0%   7.7  198s
 41789 28008 3102.20094   30   19 4462.27982 3078.55971  31.0%   7.7  200s
 43675 28989 4010.34457   41   12 4462.27982 3080.43534  31.0%   7.8  205s
 44942 30341 infeasible   57      4462.27982 3081.37723  30.9%   7.8  210s
 46104 30397 3518.73134   74   28 4462.27982 3081.37723  30.9%   7.8  284s
 46106 30398 3103.66843   28   79 4462.27982 3081.37723  30.9%   7.8  296s
 46111 30402 3753.26341   41   94 4462.27982 3081.37723  30.9%   7.8  300s
 46116 30405 3461.90458   37   91 4462.27982 3081.37723  30.9%   7.8  305s
 46119 30407 3459.45897   49   94 4462.27982 3081.37723  30.9%   7.8  310s
 46121 30408 3699.47444   81   94 4462.27982 3081.37723  30.9%   7.8  377s
 46124 30415 3081.37723   25   72 4462.27982 3081.37723  30.9%   7.8  381s
 46231 30494 3231.03849   31   42 4462.27982 3081.37723  30.9%   7.8  385s
 46930 30951 3735.38905   55   12 4462.27982 3081.37723  30.9%   7.9  390s
 47579 31209 3160.76674   44   67 4462.27982 3081.37723  30.9%   7.9  396s
 48375 31688 3200.78135   45   49 4462.27982 3081.37723  30.9%   7.9  400s
 50923 33107 3404.74293  123   51 4462.27982 3081.37723  30.9%   7.9  405s
 53190 34303 3658.79569  100   16 4462.27982 3081.37723  30.9%   7.9  410s
 55791 35642 4262.81878   74   36 4462.27982 3081.37723  30.9%   8.0  415s
 58000 36885     cutoff  152      4462.27982 3081.37723  30.9%   7.9  420s
 59470 37109     cutoff  157      4462.27982 3081.37723  30.9%   7.9  425s
 61240 38572 4294.69541   82   31 4462.27982 3081.37723  30.9%   7.9  431s
 63745 39898 3733.88113  110   25 4462.27982 3081.37723  30.9%   7.9  435s
 66123 41207 4411.73115  174    - 4462.27982 3081.37723  30.9%   7.9  440s
 69187 42946 4041.96457  174    - 4462.27982 3088.35968  30.8%   7.9  445s
 71399 43984 3821.12579  104   57 4462.27982 3091.23446  30.7%   7.9  450s
 74737 45877     cutoff   92      4462.27982 3097.97333  30.6%   7.9  457s
 76624 46696     cutoff  126      4462.27982 3101.62055  30.5%   7.9  461s
 79016 47891 infeasible  163      4462.27982 3104.65351  30.4%   7.9  465s
 81668 48775     cutoff  178      4462.27982 3106.81885  30.4%   7.9  470s
 83160 49668 3637.38293   79   34 4462.27982 3108.00764  30.3%   7.9  475s
 86564 51905     cutoff  148      4462.27982 3111.20248  30.3%   7.9  481s
 89303 52682     cutoff   95      4462.27982 3112.95629  30.2%   7.9  487s
 89971 52990 4394.07352   68   17 4462.27982 3114.04933  30.2%   8.0  490s
 91328 53928     cutoff  103      4462.27982 3114.80748  30.2%   8.0  496s
 93935 54872     cutoff  186      4462.27982 3116.92972  30.1%   8.0  503s
 94688 55555 3412.85217   56   40 4462.27982 3117.55797  30.1%   8.1  506s
 97017 56912 3538.37886   98   31 4462.27982 3117.55797  30.1%   8.1  511s
 98310 56935 4309.64435  116   18 4462.27982 3117.55797  30.1%   8.1  516s
 100257 58597 4330.43929  167   12 4462.27982 3121.60558  30.0%   8.1  522s
 101820 58570 4416.87169  176    4 4462.27982 3123.65848  30.0%   8.1  526s
 102573 59413     cutoff  178      4462.27982 3124.43964  30.0%   8.1  530s
 104915 60661 4229.59712  242    - 4462.27982 3125.48994  30.0%   8.1  536s
 107265 61846 4168.69834  145   18 4462.27982 3127.58898  29.9%   8.1  542s
 108524 61935     cutoff  208      4462.27982 3128.45494  29.9%   8.1  546s
 109313 62231 4202.27780   59    - 4462.27982 3128.45494  29.9%   8.1  550s
 111288 63552 3551.99010  114   29 4462.27982 3130.59384  29.8%   8.1  557s
 112600 64636     cutoff  171      4462.27982 3131.79064  29.8%   8.1  561s
 115433 65795 4446.62832  105   12 4462.27982 3134.19505  29.8%   8.1  566s
 117873 67225 infeasible  174      4462.27982 3135.39849  29.7%   8.1  572s
 119185 67717 4417.80409  137   23 4462.27982 3136.30369  29.7%   8.0  575s
 121538 68980 4405.24254  122   14 4462.27982 3137.45407  29.7%   8.0  580s
 125013 70940 infeasible  158      4462.27982 3139.69789  29.6%   8.0  587s
 127194 71840 infeasible   90      4462.27982 3141.25672  29.6%   8.0  592s
 129565 72590 3934.46447  194   33 4462.27982 3142.02235  29.6%   8.0  598s
 130378 72698 3968.00689   51   27 4462.27982 3142.86297  29.6%   8.0  601s
 132149 73952 4440.87353  123    8 4462.27982 3143.92467  29.5%   8.0  607s
 133400 73614 4162.46222  133   24 4462.27982 3144.39725  29.5%   8.0  616s
 134734 75305     cutoff  154      4462.27982 3145.11276  29.5%   8.0  621s
 135914 75893 4263.78906  143   12 4462.27982 3145.90931  29.5%   8.0  625s
 138298 77665     cutoff   93      4462.27982 3147.33786  29.5%   7.9  631s
 140744 79814 4400.92757  186    - 4462.27982 3148.23729  29.4%   7.9  636s
 143136 81579     cutoff  128      4462.27982 3148.96227  29.4%   7.9  641s
 145374 83676 4286.78833  156   12 4462.27982 3150.45752  29.4%   7.9  647s
 146514 84755 3636.06658  101   32 4462.27982 3151.04206  29.4%   7.9  650s
 148883 86857 3623.59578  109   16 4462.27982 3152.17992  29.4%   7.9  657s
 150949 88790 4456.65741  165    - 4462.27982 3153.12854  29.3%   7.9  662s
 152390 90040 infeasible  165      4462.27982 3153.84047  29.3%   7.8  665s
 155111 92201 infeasible  211      4462.27982 3154.48853  29.3%   7.8  670s
 157521 94416 4017.82953  151   18 4462.27982 3155.40058  29.3%   7.8  676s
 159873 96169     cutoff  171      4462.27982 3155.94589  29.3%   7.8  682s
 161786 97857 4440.55477  132    - 4462.27982 3156.28340  29.3%   7.8  688s
 162805 99111 4443.00448  164   13 4462.27982 3157.09298  29.2%   7.8  690s
 165385 101359 3841.64072  110    6 4462.27982 3157.90429  29.2%   7.8  697s
 167773 102853 3639.70528  107   32 4462.27982 3158.08816  29.2%   7.8  703s
 168604 104088 3381.47996   47   40 4462.27982 3158.72421  29.2%   7.8  705s
 170980 105890 3943.87426  148    6 4462.27982 3159.52903  29.2%   7.8  712s
 172045 106922 4254.66889  171   18 4462.27982 3159.90358  29.2%   7.8  717s
 173201 107876 3362.84442  133   53 4462.27982 3160.24160  29.2%   7.8  720s
 175137 109576 3391.72215   67    6 4462.27982 3161.15323  29.2%   7.8  728s
 176299 110527 4328.58987  154    8 4462.27982 3161.16371  29.2%   7.7  733s
 177340 111420 3543.48993   75   38 4462.27982 3161.75986  29.1%   7.8  737s
 178461 112068 4117.83587  158   26 4462.27982 3161.87271  29.1%   7.8  742s
 179346 113254     cutoff  187      4462.27982 3162.26161  29.1%   7.8  745s
 181844 115483 infeasible  133      4462.27982 3163.46405  29.1%   7.8  752s
 183173 116393 4370.82040  155   10 4462.27982 3163.85548  29.1%   7.7  755s
 185498 117882 4213.63920  117   10 4462.27982 3165.01933  29.1%   7.7  763s
 186109 118506     cutoff  150      4462.27982 3165.37696  29.1%   7.8  768s
 186876 119137     cutoff  146      4462.27982 3165.39075  29.1%   7.8  773s
 187722 119944 4274.92688  150   40 4462.27982 3165.44181  29.1%   7.8  777s
 188738 120769     cutoff  179      4462.27982 3165.52003  29.1%   7.8  782s
 189791 121686 3877.03156  117   27 4462.27982 3165.78989  29.1%   7.8  786s
 190870 122781 4194.96788  176    4 4462.27982 3166.60502  29.0%   7.8  790s
 192207 123268 infeasible  184      4462.27982 3166.93333  29.0%   7.8  796s
 192830 123838 4225.85522   70    8 4462.27982 3167.50951  29.0%   7.8  802s
 193590 124629 4159.49798  105    9 4462.27982 3167.57343  29.0%   7.9  807s
 194510 125299     cutoff  125      4462.27982 3167.60537  29.0%   7.9  812s
 195456 126408 3723.91696   94   10 4462.27982 3167.67125  29.0%   7.9  816s
 196757 127285     cutoff  162      4462.27982 3168.31393  29.0%   7.9  821s
 197788 128566 3703.64919   97   17 4462.27982 3169.10868  29.0%   7.9  825s
 200425 130067 4345.79357  187   36 4462.27982 3169.22111  29.0%   7.9  834s
 201260 130971 4359.82864   58   11 4462.27982 3169.87073  29.0%   7.9  839s
 202393 132087 3765.30197   54    - 4462.27982 3170.15880  29.0%   7.9  844s
 203646 133242 3867.41479   54   27 4462.27982 3170.54954  28.9%   7.9  849s
 204935 134254 3953.10473  121   21 4462.27982 3170.55828  28.9%   7.9  853s
 206152 135540     cutoff  189      4462.27982 3170.75521  28.9%   7.9  857s
 207573 136739 3752.94829  148   11 4462.27982 3171.07734  28.9%   7.9  861s
 208885 137860 3833.02048  169    6 4462.27982 3171.24933  28.9%   7.9  866s
 210153 138886 3782.85595   74    - 4462.27982 3171.33795  28.9%   7.9  871s
 211352 139517 3957.08872   74   31 4462.27982 3171.55110  28.9%   7.9  875s
 213589 141728     cutoff  224      4462.27982 3172.04998  28.9%   7.9  882s
 214694 142837 4161.54441  157   23 4462.27982 3172.30401  28.9%   7.9  885s
 217479 145204 4337.46444  155    - 4462.27982 3172.99416  28.9%   7.9  892s
 218618 146509     cutoff  155      4462.27982 3173.43478  28.9%   7.9  896s
 221424 148944     cutoff  293      4462.27982 3173.85412  28.9%   7.8  903s
 222751 149982     cutoff  299      4462.27982 3174.36780  28.9%   7.8  907s
 223886 150735 3991.68198   87    - 4462.27982 3174.37260  28.9%   7.8  912s
 224816 151893 4120.97040   93   18 4462.27982 3174.70525  28.9%   7.8  916s
 226074 152857 3963.78746  104    4 4462.27982 3175.10273  28.8%   7.8  921s
 227233 153991     cutoff  177      4462.27982 3175.31775  28.8%   7.8  925s
 228441 154805 3664.88328  140   49 4462.27982 3175.64426  28.8%   7.8  930s
 229559 155220     cutoff  224      4462.27982 3175.87595  28.8%   7.8  936s
 230233 155968 4357.70575   65    8 4462.27982 3176.24090  28.8%   7.8  941s
 231112 156961 4328.94154  123   17 4462.27982 3176.44775  28.8%   7.8  946s
 232330 157454 4099.06300  122   22 4462.27982 3177.01440  28.8%   7.8  953s
 233065 157926 3751.35623   53    4 4462.27982 3177.31398  28.8%   7.8  958s
 233760 158655     cutoff   63      4462.27982 3177.33846  28.8%   7.8  964s
 234684 159334 3794.83344  143   38 4462.27982 3177.49848  28.8%   7.8  970s
 235696 160438     cutoff  209      4462.27982 3177.88250  28.8%   7.8  975s
 237978 162169 3610.69108  108   27 4462.27982 3178.59864  28.8%   7.8  984s
 238977 163241     cutoff  162      4462.27982 3178.77829  28.8%   7.8  989s
 240287 164541     cutoff  101      4462.27982 3179.07877  28.8%   7.8  994s
 241731 165431     cutoff  151      4462.27982 3179.47598  28.7%   7.8  999s
 242875 165502 3546.75421   53   33 4462.27982 3179.70489  28.7%   7.8 1021s
 242890 166303 3544.13085   54   38 4462.27982 3179.84257  28.7%   7.8 1026s
 243910 167474 4412.28015  134   17 4462.27982 3179.91132  28.7%   7.8 1030s
 245189 168014     cutoff  163      4462.27982 3180.35995  28.7%   7.8 1037s
 245994 168612 4008.32015   55    - 4462.27982 3180.58461  28.7%   7.8 1042s
 247023 169170 4246.42442   77    6 4462.27982 3180.77020  28.7%   7.9 1049s
 247662 169979 infeasible  104      4462.27982 3181.14183  28.7%   7.9 1055s
 248562 170554 3876.60193  136   19 4462.27982 3181.18080  28.7%   7.9 1061s
 249548 171582     cutoff  246      4462.27982 3181.41087  28.7%   7.9 1067s
 250706 172629 4274.84144  180   18 4462.27982 3181.57658  28.7%   7.9 1072s
 251915 172652 3570.43825  115   20 4462.27982 3181.68230  28.7%   7.9 1085s
 251947 173499 3586.69558  119   15 4462.27982 3181.69316  28.7%   7.9 1090s
 253022 174369 3279.95258   41   54 4462.27982 3181.73255  28.7%   7.9 1096s
 254133 175394 3841.66038  128   27 4462.27982 3182.07683  28.7%   7.9 1103s
 255400 176697 4403.96323  185    8 4462.27982 3182.30802  28.7%   7.9 1107s
 256882 178123     cutoff  186      4462.27982 3182.53687  28.7%   7.9 1112s
 258451 179339 3369.93905   58   43 4462.27982 3182.87047  28.7%   7.9 1116s
 259889 180690 4258.40275  144   23 4462.27982 3183.04666  28.7%   7.9 1120s
 261387 181809 3755.65055  122   42 4462.27982 3183.28778  28.7%   7.9 1126s
 262664 182958 3633.67172   54   15 4462.27982 3183.57656  28.7%   7.9 1130s
 264013 183858 4270.88245  141    8 4462.27982 3183.78241  28.7%   7.9 1135s
 266408 186155     cutoff  159      4462.27982 3184.31199  28.6%   7.9 1144s
 267615 187058 3954.05652  143   26 4462.27982 3184.84623  28.6%   7.9 1148s
 268705 188012     cutoff  190      4462.27982 3185.03658  28.6%   7.9 1153s
 269794 188703 4108.04350  113   31 4462.27982 3185.27111  28.6%   7.9 1159s
 270767 189653 4036.54249   59   23 4462.27982 3185.46591  28.6%   7.9 1166s
 271926 190705 3927.04471   83   32 4462.27982 3185.73125  28.6%   7.9 1170s
 273197 191147 4439.25764  145   33 4462.27982 3186.07924  28.6%   7.9 1177s
 273948 191807 3898.87246   54   19 4462.27982 3186.47009  28.6%   7.9 1183s
 274847 192877 3993.84491   63    4 4462.27982 3186.49144  28.6%   7.9 1189s
 276067 194182 4435.71826  172    - 4462.27982 3186.54366  28.6%   7.9 1194s
 277495 195349     cutoff  172      4462.27982 3186.91666  28.6%   7.9 1199s
 278847 196343 3590.42884  171    8 4462.27982 3187.21082  28.6%   7.8 1205s
 279963 197121 3643.62898   45   16 4462.27982 3187.46525  28.6%   7.9 1212s
 280970 197888 4143.14555  122    4 4462.27982 3187.58211  28.6%   7.9 1217s
 281930 199310     cutoff  135      4462.27982 3187.86810  28.6%   7.9 1222s
 283466 199940 4409.48394  178   33 4462.27982 3188.15792  28.6%   7.9 1229s
 284230 200737 3774.21804   63    8 4462.27982 3188.37983  28.5%   7.9 1236s
 285228 201635 3730.03609   87    4 4462.27982 3188.37983  28.5%   7.9 1242s
 286335 202615 4291.31864  107   25 4462.27982 3188.37983  28.5%   7.9 1249s
 287375 203254 3579.26284  128   40 4462.27982 3188.98098  28.5%   7.9 1257s
 288271 203998 3278.57800   44   36 4462.27982 3189.32718  28.5%   7.9 1264s
 289294 205129     cutoff   67      4462.27982 3189.41845  28.5%   7.9 1270s
 290591 206388 4235.79423   94   31 4462.27982 3189.73128  28.5%   7.9 1276s
 291972 207212 3862.13357   79   18 4462.27982 3189.98256  28.5%   7.9 1282s
 292919 208374     cutoff  122      4462.27982 3190.07284  28.5%   7.9 1288s
 294276 209532 4294.38531  182   38 4462.27982 3190.40621  28.5%   7.9 1294s
 295712 211040     cutoff  135      4462.27982 3190.65771  28.5%   7.9 1299s
 297337 212123 4099.03827  157   21 4462.27982 3190.98361  28.5%   7.9 1305s
 298542 212943 4139.68518   76   14 4462.27982 3191.31251  28.5%   7.9 1313s
 299556 214161     cutoff  116      4462.27982 3191.44481  28.5%   7.9 1320s
 300927 215337 4323.29038  106   25 4462.27982 3191.65856  28.5%   7.9 1325s
 302342 216648     cutoff   92      4462.27982 3191.90814  28.5%   7.9 1330s
 303794 217773 3975.00726  172   37 4462.27982 3192.23400  28.5%   7.9 1338s
 305098 218659     cutoff  233      4462.27982 3192.42379  28.5%   7.9 1344s
 306189 219616 3344.47508   46   60 4462.27982 3192.42379  28.5%   7.9 1350s
 307362 220311 4046.48885  119   30 4462.27982 3192.42379  28.5%   7.9 1355s
 308325 221587     cutoff  116      4462.27982 3192.59061  28.5%   7.9 1361s
 309761 222558 4301.59164  148   22 4462.27982 3193.31736  28.4%   7.9 1367s
 311013 223413 infeasible  172      4462.27982 3193.52923  28.4%   7.9 1373s
H311014 219065                    4374.7846780 3193.52923  27.0%   7.9 1373s
 312071 219584 4216.86067  101   21 4374.78468 3193.88359  27.0%   7.9 1381s
 312825 220323 4262.73672   52   15 4374.78468 3194.06867  27.0%   7.9 1388s
 313726 221472 infeasible   75      4374.78468 3194.13617  27.0%   7.9 1393s
 315083 222683 3925.40794  122   14 4374.78468 3194.51106  27.0%   7.9 1398s
 316459 223886     cutoff  136      4374.78468 3194.72747  27.0%   7.9 1404s
 317779 224828 4110.55702  191   26 4374.78468 3195.09426  27.0%   7.8 1409s
 318836 226152 4348.69293  217   10 4374.78468 3195.31624  27.0%   7.8 1414s
 320275 226688 infeasible  218      4374.78468 3195.53279  27.0%   7.8 1423s
 320961 227396 3549.41306   63   24 4374.78468 3195.78434  26.9%   7.9 1432s
 321900 228586 3669.84323   87   25 4374.78468 3195.78434  26.9%   7.9 1440s
 323192 229340     cutoff  108      4374.78468 3195.78434  26.9%   7.9 1446s
 324141 230216 3828.38877  126   28 4374.78468 3195.78434  26.9%   7.9 1453s
 325183 231150 3883.65607  136   25 4374.78468 3195.78434  26.9%   7.9 1459s
 325750 231169 3895.45452  118   46 4374.78468 3195.78434  26.9%   7.9 1460s
 326418 232250 4015.61385  157   28 4374.78468 3195.78434  26.9%   7.9 1465s
 327596 233305     cutoff  178      4374.78468 3197.20925  26.9%   7.9 1472s
 328827 234560 3530.88595   78   14 4374.78468 3197.40029  26.9%   7.9 1478s
 330261 235459 3922.28662  156   24 4374.78468 3197.52725  26.9%   7.9 1483s
 331365 236141 infeasible  170      4374.78468 3197.71548  26.9%   7.9 1491s
 332340 236996 3728.24146   92   43 4374.78468 3197.93913  26.9%   7.9 1497s
 333487 238048     cutoff  169      4374.78468 3198.13323  26.9%   7.9 1503s
 334792 238916     cutoff  146      4374.78468 3198.41541  26.9%   7.9 1510s
 335943 240371 3674.05947   46   12 4374.78468 3198.73421  26.9%   7.9 1517s
 337471 241291 infeasible  155      4374.78468 3198.79482  26.9%   7.9 1524s
 338528 242613     cutoff  162      4374.78468 3198.95282  26.9%   7.9 1531s
 339956 243725 3734.28518  172   39 4374.78468 3199.13455  26.9%   7.8 1538s
 341180 244770 3709.58798   89   26 4374.78468 3199.34799  26.9%   7.8 1544s
 342411 245709 4011.37868  133    9 4374.78468 3199.58498  26.9%   7.8 1550s
 343559 246824     cutoff  165      4374.78468 3199.80798  26.9%   7.8 1557s
 344739 247566     cutoff  152      4374.78468 3200.11526  26.9%   7.8 1568s
 345631 248615 3669.25007   54   21 4374.78468 3200.11533  26.9%   7.8 1578s
 346856 249593     cutoff   75      4374.78468 3200.11533  26.9%   7.8 1587s
 347938 250169     cutoff   94      4374.78468 3200.35617  26.8%   7.8 1597s
 348851 250630 3953.85247   55   12 4374.78468 3200.70778  26.8%   7.9 1606s
 349726 251096     cutoff   69      4374.78468 3200.74861  26.8%   7.9 1616s
 350446 251879 4047.22794   69   12 4374.78468 3200.94601  26.8%   7.9 1624s
 351421 252975 4133.91132  100   16 4374.78468 3200.97822  26.8%   7.9 1631s
 352759 254109 3766.03528   63   36 4374.78468 3201.07367  26.8%   7.9 1637s
 354038 255575     cutoff   78      4374.78468 3201.07676  26.8%   7.9 1643s
 355643 256574 4114.41224  191   34 4374.78468 3201.40582  26.8%   7.9 1649s
H355928 253129                    4334.0224827 3201.44656  26.1%   7.9 1649s
 356755 254570 4315.99653  223    - 4334.02248 3201.57525  26.1%   7.9 1654s
 358393 255094 infeasible  223      4334.02248 3201.85663  26.1%   7.8 1662s
 359289 255900 4266.05946   57   15 4334.02248 3201.89031  26.1%   7.8 1670s
 360386 255949     cutoff  108      4334.02248 3202.12062  26.1%   7.9 1689s
 360414 257001 3451.25642   44   29 4334.02248 3202.15730  26.1%   7.9 1697s
 361703 257794     cutoff  165      4334.02248 3202.28946  26.1%   7.8 1702s
 362655 258935 3472.28400   72   21 4334.02248 3202.54543  26.1%   7.8 1708s
 364038 260214     cutoff  198      4334.02248 3202.88148  26.1%   7.8 1714s
 365470 261537 4101.93950   89   22 4334.02248 3203.16170  26.1%   7.8 1719s
 366969 262279 3678.33533  122   29 4334.02248 3203.33101  26.1%   7.8 1725s
 367997 263145     cutoff  214      4334.02248 3203.49858  26.1%   7.8 1730s
 369192 263964     cutoff  133      4334.02248 3203.71682  26.1%   7.8 1737s
 370219 264373 4001.29517  128   16 4334.02248 3204.12125  26.1%   7.8 1743s
 371101 265633     cutoff  133      4334.02248 3204.19736  26.1%   7.8 1749s
 372507 266914 3957.88232  136   14 4334.02248 3204.49722  26.1%   7.8 1755s
 373899 268149     cutoff  157      4334.02248 3204.89229  26.1%   7.8 1761s
 375282 269178 3839.57768  151   41 4334.02248 3205.04757  26.0%   7.8 1767s
 376516 269868 4294.24081  228    - 4334.02248 3205.25085  26.0%   7.8 1773s
 377602 270991     cutoff  228      4334.02248 3205.56023  26.0%   7.8 1778s
 378792 271869 3791.99462  137   57 4334.02248 3205.81163  26.0%   7.8 1785s
 379857 272951     cutoff  227      4334.02248 3205.99230  26.0%   7.8 1792s
 381159 274070 4134.14297  135    8 4334.02248 3206.30879  26.0%   7.8 1799s
 382470 274598 infeasible  152      4334.02248 3206.61963  26.0%   7.8 1810s
 383288 275731     cutoff   80      4334.02248 3206.86313  26.0%   7.8 1817s
 384564 276795 4011.09594  125   21 4334.02248 3207.09393  26.0%   7.8 1825s
 385742 277638     cutoff  138      4334.02248 3207.26150  26.0%   7.8 1833s
 386908 278524 infeasible   86      4334.02248 3207.44596  26.0%   7.8 1842s
 387965 279648 4206.01461   57   12 4334.02248 3207.81513  26.0%   7.8 1849s
 389272 280770 3793.31540  156   51 4334.02248 3208.04118  26.0%   7.8 1856s
 390545 281314     cutoff  203      4334.02248 3208.21359  26.0%   7.8 1864s
 391419 282218     cutoff   69      4334.02248 3208.43703  26.0%   7.8 1872s
 392633 283125     cutoff   98      4334.02248 3208.67063  26.0%   7.8 1878s
