NPROCS=0
This instance is clustered!
Gurobi Optimizer version 9.0.0 build v9.0.0rc2 (linux64)
Optimize a model with 48 rows, 577 columns and 1152 nonzeros
Model fingerprint: 0x208b69f0
Variable types: 1 continuous, 576 integer (576 binary)
Coefficient statistics:
  Matrix range     [1e+00, 1e+00]
  Objective range  [1e+00, 7e+02]
  Bounds range     [1e+00, 1e+00]
  RHS range        [1e+00, 1e+00]
Presolve removed 2 rows and 69 columns
Presolve time: 0.01s
Presolved: 46 rows, 508 columns, 1014 nonzeros
Variable types: 1 continuous, 507 integer (507 binary)

Root relaxation: objective 1.206136e+03, 41 iterations, 0.00 seconds

    Nodes    |    Current Node    |     Objective Bounds      |     Work
 Expl Unexpl |  Obj  Depth IntInf | Incumbent    BestBd   Gap | It/Node Time

     0     0 1347.97528    0   12          - 1347.97528      -     -    0s
 done with super cut 0
 done with super cut 1
     0     0 1462.54065    0   28          - 1462.54065      -     -    0s
 done with super cut 2
 done with super cut 3
 done with super cut 4
 done with super cut 5
     0     2 1478.74240    0   33          - 1478.74240      -     -    2s
 done with super cut 6
 done with super cut 7
 done with super cut 8
 done with super cut 9
 done with super cut 10
   135   134 1538.18357   12   26          - 1497.92721      -   8.7    5s
*  223   198              13    1755.9816520 1497.92721  14.7%   8.7    5s
*  234   200              11    1732.2954165 1497.92721  13.5%   8.8    5s
H  413   268                    1653.3386721 1497.92721  9.40%   8.2    6s
* 3904   459              24    1649.4405831 1613.60953  2.17%   8.8    6s
* 4085   312              29    1647.5236411 1615.57314  1.94%   8.9    6s

Cutting planes:
  Lazy constraints: 163

Explored 4584 nodes (41827 simplex iterations) in 6.25 seconds
Thread count was 12 (of 12 available processors)

Solution count 5: 1647.52 1649.44 1653.34 ... 1755.98

Optimal solution found (tolerance 1.00e-04)
Best objective 1.647523641053e+03, best bound 1.647523641053e+03, gap 0.0000%

User-callback calls 9570, time in user-callback 5.83 sec
/projects/academic/josewalt/caigao/RRARP_BD/BendersDecomp/ret/model_outs/n_22_e_3_algo_4.out
 =====>>>>> Solution is written to file in <../ret/model_outs> !!!
===>> All Done!
