NPROCS=0
This instance is clustered!
Gurobi Optimizer version 9.0.0 build v9.0.0rc2 (linux64)
Optimize a model with 22 rows, 122 columns and 242 nonzeros
Model fingerprint: 0xae11ef44
Variable types: 1 continuous, 121 integer (121 binary)
Coefficient statistics:
  Matrix range     [1e+00, 1e+00]
  Objective range  [1e+00, 8e+01]
  Bounds range     [1e+00, 1e+00]
  RHS range        [1e+00, 1e+00]
Presolve removed 2 rows and 30 columns
Presolve time: 0.00s
Presolved: 20 rows, 92 columns, 182 nonzeros
Variable types: 1 continuous, 91 integer (91 binary)

Root relaxation: objective 1.572359e+02, 21 iterations, 0.00 seconds

    Nodes    |    Current Node    |     Objective Bounds      |     Work
 Expl Unexpl |  Obj  Depth IntInf | Incumbent    BestBd   Gap | It/Node Time

     0     0  172.75685    0   18          -  172.75685      -     -    0s
H    0     0                     191.6936344  172.75685  9.88%     -    0s
     0     0  177.15899    0   23  191.69363  177.15899  7.58%     -    0s
     0     0  177.15899    0   23  191.69363  177.15899  7.58%     -    0s
     0     0  185.49817    0    6  191.69363  185.49817  3.23%     -    0s
     0     0  186.53017    0    6  191.69363  186.53017  2.69%     -    0s
     0     0  186.65269    0    6  191.69363  186.65269  2.63%     -    0s
     0     0  188.04079    0   16  191.69363  188.04079  1.91%     -    0s
     0     0  188.06396    0   22  191.69363  188.06396  1.89%     -    0s
H    0     0                     190.5979779  188.06396  1.33%     -    0s
     0     0  188.06396    0   13  190.59798  188.06396  1.33%     -    0s
     0     0  188.94023    0   17  190.59798  188.94023  0.87%     -    0s
     0     0  188.99736    0   14  190.59798  188.99736  0.84%     -    0s
     0     0  189.05029    0   19  190.59798  189.05029  0.81%     -    0s
     0     0  189.31124    0   16  190.59798  189.31124  0.68%     -    0s
     0     0  189.64184    0   19  190.59798  189.64184  0.50%     -    0s
     0     0  189.80514    0   19  190.59798  189.80514  0.42%     -    0s
     0     0  189.81025    0   20  190.59798  189.81025  0.41%     -    0s
     0     0  189.81046    0   21  190.59798  189.81046  0.41%     -    0s
     0     0  189.82015    0   20  190.59798  189.82015  0.41%     -    0s
     0     0  189.87856    0   21  190.59798  189.87856  0.38%     -    0s
     0     0  190.29216    0   17  190.59798  190.29216  0.16%     -    0s
     0     0  190.51172    0   14  190.59798  190.51172  0.05%     -    0s
     0     0  190.51172    0   14  190.59798  190.51172  0.05%     -    0s
     0     2  190.56839    0   14  190.59798  190.56839  0.02%     -    0s

Cutting planes:
  Gomory: 3
  Zero half: 2
  Lazy constraints: 1

Explored 3 nodes (166 simplex iterations) in 0.08 seconds
Thread count was 12 (of 12 available processors)

Solution count 2: 190.598 191.694 

Optimal solution found (tolerance 1.00e-04)
Best objective 1.905979778585e+02, best bound 1.905979778585e+02, gap 0.0000%

User-callback calls 190, time in user-callback 0.00 sec
/projects/academic/josewalt/caigao/RRARP_BD/BendersDecomp/ret/model_outs/n_9_e_5_algo_3.out
 =====>>>>> Solution is written to file in <../ret/model_outs> !!!
===>> All Done!
