NPROCS=0
This instance is clustered!
Gurobi Optimizer version 9.0.0 build v9.0.0rc2 (linux64)
Optimize a model with 48 rows, 577 columns and 1152 nonzeros
Model fingerprint: 0x24d38aa4
Variable types: 1 continuous, 576 integer (576 binary)
Coefficient statistics:
  Matrix range     [1e+00, 1e+00]
  Objective range  [1e+00, 4e+02]
  Bounds range     [1e+00, 1e+00]
  RHS range        [1e+00, 1e+00]
Presolve removed 2 rows and 69 columns
Presolve time: 0.00s
Presolved: 46 rows, 508 columns, 1014 nonzeros
Variable types: 1 continuous, 507 integer (507 binary)

Root relaxation: objective 8.120868e+02, 39 iterations, 0.00 seconds

    Nodes    |    Current Node    |     Objective Bounds      |     Work
 Expl Unexpl |  Obj  Depth IntInf | Incumbent    BestBd   Gap | It/Node Time

     0     0  879.06766    0    8          -  879.06766      -     -    0s
     0     0  949.11185    0   18          -  949.11185      -     -    0s
     0     2  973.66860    0    8          -  973.66860      -     -    0s
* 1434  1238              63    1705.3594799 1030.73682  39.6%   6.0    0s
H 1839  1421                    1398.5433794 1030.73682  26.3%   6.0    0s
H 1841  1351                    1353.5973969 1041.01871  23.1%   6.0    0s
 12485  7157 1202.36788   39   18 1353.59740 1160.75468  14.2%   7.0    5s
 25317 14430     cutoff   37      1353.59740 1175.37905  13.2%   7.1   10s
 35987 20824     cutoff   53      1353.59740 1184.49931  12.5%   7.1   15s
 45132 26041 1256.60814   54   36 1353.59740 1190.42243  12.1%   7.1   20s
 52759 30137 1297.89470   72   33 1353.59740 1194.81134  11.7%   7.2   25s
 60295 33979     cutoff   93      1353.59740 1198.62087  11.4%   7.2   30s
 67146 37466 1286.06416   65   43 1353.59740 1201.29881  11.3%   7.3   35s
 73632 40678     cutoff   54      1353.59740 1203.94118  11.1%   7.3   40s
 80241 43974     cutoff   60      1353.59740 1206.52390  10.9%   7.4   45s
 86319 46069 1326.13000   58   19 1353.59740 1208.75144  10.7%   7.4   51s
 88471 46962     cutoff   78      1353.59740 1209.50184  10.6%   7.5   55s
 91711 48716     cutoff   55      1353.59740 1210.80340  10.5%   7.5   60s
 97302 51308 1241.74418   43   29 1353.59740 1212.51839  10.4%   7.5   65s
 98469 51351 1296.34959   41   18 1353.59740 1212.97084  10.4%   7.5  146s
 98475 51355 1308.05402   39   60 1353.59740 1212.97084  10.4%   7.5  150s
 98483 51360 1260.95571   42   69 1353.59740 1212.97084  10.4%   7.5  155s
H98484 48792                    1346.9106192 1212.97084  9.94%   7.5  164s
 98485 48793 1294.96755   40   68 1346.91062 1212.97084  9.94%   7.5  167s
 98488 48798 1212.97084   21   50 1346.91062 1212.97084  9.94%   7.5  171s
 98550 48849 1212.97084   26   30 1346.91062 1212.97084  9.94%   7.6  175s
 99277 49121 1305.11309   58   44 1346.91062 1212.97084  9.94%   7.6  180s
 101692 49895 1324.02368   60   31 1346.91062 1212.97084  9.94%   7.6  185s
 104819 50907 1248.17667   90   16 1346.91062 1212.97084  9.94%   7.7  190s
 108449 52122 1325.07715   66   12 1346.91062 1212.97084  9.94%   7.7  195s
 112005 52799 1285.99027   61   38 1346.91062 1212.97084  9.94%   7.7  201s
 113987 53655 1232.89415   55   45 1346.91062 1212.97084  9.94%   7.7  205s
 114739 53416     cutoff   70      1346.91062 1212.97084  9.94%   7.7  211s
 117032 54523 1212.97084   43   39 1346.91062 1212.97084  9.94%   7.7  215s
 120532 55305 1325.07585   40    4 1346.91062 1212.97084  9.94%   7.7  220s
 124805 56594 1300.20882   40   13 1346.91062 1212.97084  9.94%   7.7  226s
 128662 57469 1271.02188   67   13 1346.91062 1212.97084  9.94%   7.7  231s
*128895 54753             102    1341.4585503 1212.97084  9.58%   7.7  231s
 132485 55465 1326.50003   61    4 1341.45855 1212.97084  9.58%   7.7  236s
 135653 56201     cutoff   69      1341.45855 1212.97084  9.58%   7.7  241s
 138926 56642 infeasible   77      1341.45855 1212.97084  9.58%   7.7  246s
 141430 57106     cutoff   48      1341.45855 1214.43054  9.47%   7.7  250s
 145161 57498     cutoff   43      1341.45855 1216.47286  9.32%   7.7  255s
 148389 57793 1282.75610   57   24 1341.45855 1218.32429  9.18%   7.7  260s
 151770 58140     cutoff   57      1341.45855 1220.05479  9.05%   7.8  265s
 155723 58608 1309.20009   49   11 1341.45855 1222.31747  8.88%   7.8  271s
 159613 58888 1244.84212   47   32 1341.45855 1223.95443  8.76%   7.8  276s
 162127 59099 infeasible   72      1341.45855 1225.29052  8.66%   7.8  280s
 165700 59487 1254.26709   37   16 1341.45855 1226.83147  8.54%   7.8  286s
 168114 59595 1331.08515   66   25 1341.45855 1227.70663  8.48%   7.8  290s
 171272 59764     cutoff   58      1341.45855 1228.94298  8.39%   7.8  295s
 174731 59882 1320.67032   55   13 1341.45855 1230.49563  8.27%   7.9  301s
 177138 59945     cutoff   85      1341.45855 1231.34984  8.21%   7.9  305s
 180693 60108 1284.89086   73   37 1341.45855 1232.78735  8.10%   7.9  310s
 182962 60320 1300.51189   47   45 1341.45855 1233.54508  8.04%   7.9  315s
 186286 60301 infeasible   66      1341.45855 1234.69323  7.96%   7.9  321s
 189936 60359 1298.51215   89   33 1341.45855 1235.80638  7.88%   8.0  326s
 191676 60467 1337.33134   48   20 1341.45855 1236.31041  7.84%   8.0  330s
 195152 60172     cutoff   68      1341.45855 1237.43016  7.75%   8.0  339s
 195181 60693 1318.66681   34   31 1341.45855 1237.45912  7.75%   8.0  341s
 198858 60813 1332.36400   95   34 1341.45855 1238.63955  7.66%   8.0  346s
 201412 60868 infeasible   71      1341.45855 1239.50670  7.60%   8.0  350s
 204865 60785 1287.73073   49   23 1341.45855 1240.49527  7.53%   8.0  355s
 208280 60786 infeasible   64      1341.45855 1241.39463  7.46%   8.0  361s
 210786 60722 infeasible   68      1341.45855 1242.10003  7.41%   8.0  365s
 213305 60765 1330.48886   60   27 1341.45855 1242.79292  7.36%   8.1  371s
 215909 60712 1253.11153   45   31 1341.45855 1243.51938  7.30%   8.1  376s
 218431 60752     cutoff   80      1341.45855 1244.31148  7.24%   8.1  380s
 221005 60679     cutoff   53      1341.45855 1244.89963  7.20%   8.1  385s
 224661 60600 1270.26277   54   13 1341.45855 1245.81570  7.13%   8.1  392s
 227101 60557 1322.50072   40   28 1341.45855 1246.45773  7.08%   8.1  396s
 229047 60326     cutoff   64      1341.45855 1246.89911  7.05%   8.1  400s
 231171 60484 1307.56936   53   24 1341.45855 1247.35547  7.01%   8.1  405s
 233788 60396 1311.61786   47   20 1341.45855 1248.00433  6.97%   8.1  410s
 237305 60189 1280.06768   56   22 1341.45855 1248.87093  6.90%   8.2  417s
 239820 60742     cutoff   54      1341.45855 1249.44988  6.86%   8.2  422s
 242349 61536     cutoff   95      1341.45855 1250.13062  6.81%   8.2  427s
 243652 61858 1271.54223   72   20 1341.45855 1250.33038  6.79%   8.2  430s
 245478 62467     cutoff   57      1341.45855 1250.75196  6.76%   8.2  436s
 248144 63139     cutoff   64      1341.45855 1251.29034  6.72%   8.2  441s
 250401 63822 1270.48296   39   44 1341.45855 1251.81948  6.68%   8.2  446s
 253048 64448     cutoff   67      1341.45855 1252.45226  6.64%   8.2  451s
 255523 65000 infeasible   56      1341.45855 1252.91017  6.60%   8.2  455s
 256371 64999 infeasible   53      1341.45855 1253.10488  6.59%   8.3  462s
 257347 65428 1299.48354   60   17 1341.45855 1253.25807  6.57%   8.3  466s
 259411 66068     cutoff   63      1341.45855 1253.63238  6.55%   8.3  472s
 262006 66773     cutoff   95      1341.45855 1254.17288  6.51%   8.3  477s
 264146 67021 1337.82428   79   17 1341.45855 1254.66651  6.47%   8.3  485s
 264946 67395 1315.12711   83   39 1341.45855 1254.81722  6.46%   8.3  490s
 267212 68054 1293.04727   59   30 1341.45855 1255.19151  6.43%   8.3  495s
 270040 68783 1304.93233   71   36 1341.45855 1255.80409  6.39%   8.3  500s
 272325 69501 infeasible   46      1341.45855 1256.26855  6.35%   8.3  506s
 275033 70084     cutoff   67      1341.45855 1256.79675  6.31%   8.4  513s
 276304 70273     cutoff   62      1341.45855 1257.10837  6.29%   8.4  516s
 278482 70835 1311.42237   53   17 1341.45855 1257.54449  6.26%   8.4  522s
 279817 71121 1336.22558   38   22 1341.45855 1257.84627  6.23%   8.4  525s
 282202 71645     cutoff   77      1341.45855 1258.27577  6.20%   8.4  530s
 284783 72369 infeasible   59      1341.45855 1258.79020  6.16%   8.4  536s
 287030 72739 infeasible   70      1341.45855 1259.18093  6.13%   8.4  540s
 289273 73173 1319.71693   66   14 1341.45855 1259.57210  6.10%   8.4  546s
 291489 73418 1281.30022   57   31 1341.45855 1260.05777  6.07%   8.4  550s
 293625 73914     cutoff   97      1341.45855 1260.44069  6.04%   8.4  556s
 296312 74371     cutoff   53      1341.45855 1260.85624  6.01%   8.5  560s
 298756 74954     cutoff   51      1341.45855 1261.32769  5.97%   8.5  565s
 301220 75398 1279.24408   65   26 1341.45855 1261.75173  5.94%   8.5  570s
 304660 76025 infeasible   79      1341.45855 1262.44018  5.89%   8.5  577s
 305994 76187 1295.23605   67   13 1341.45855 1262.66810  5.87%   8.5  580s
 308358 76853     cutoff   35      1341.45855 1263.15591  5.84%   8.5  587s
 310977 77198 1308.56936   46   26 1341.45855 1263.50998  5.81%   8.5  592s
 312778 77499     cutoff   50      1341.45855 1263.82808  5.79%   8.5  597s
 314125 77740 1286.23479   57   38 1341.45855 1264.16837  5.76%   8.5  600s
 316424 78143 1322.26637   42   30 1341.45855 1264.52596  5.73%   8.6  606s
 318689 78379     cutoff   56      1341.45855 1264.90692  5.71%   8.6  611s
 321238 78776     cutoff   75      1341.45855 1265.36515  5.67%   8.6  616s
 323655 79376     cutoff   77      1341.45855 1265.75700  5.64%   8.6  621s
 325943 79717 infeasible   56      1341.45855 1266.12341  5.62%   8.6  626s
 328612 80094 1331.20220   56    - 1341.45855 1266.54788  5.58%   8.6  632s
 329558 80264 1314.65890   70   27 1341.45855 1266.73489  5.57%   8.6  635s
 330943 80268 infeasible   41      1341.45855 1266.94643  5.55%   8.6  643s
 331033 80386 1275.14606   46   22 1341.45855 1266.95942  5.55%   8.6  646s
 333291 80845     cutoff   61      1341.45855 1267.41291  5.52%   8.6  652s
 334677 80958 1308.27834   38   23 1341.45855 1267.61463  5.50%   8.6  656s
 336809 81276 1306.57709   51   44 1341.45855 1267.97388  5.48%   8.7  662s
 338231 81522 1299.69369   52   25 1341.45855 1268.19553  5.46%   8.7  665s
 341054 81918 1328.58711   35   34 1341.45855 1268.60725  5.43%   8.7  672s
 342033 82180 1307.26770   62   14 1341.45855 1268.74324  5.42%   8.7  675s
 344885 82501 1304.45012   66   20 1341.45855 1269.16226  5.39%   8.7  681s
 346953 82770 1320.02035   93   29 1341.45855 1269.52777  5.36%   8.7  687s
 347875 82939 1317.45298   50   34 1341.45855 1269.58548  5.36%   8.7  690s
 350657 83203     cutoff   57      1341.45855 1270.01070  5.33%   8.7  696s
 353109 83509 1324.08716   48   21 1341.45855 1270.47687  5.29%   8.7  702s
 354481 83573     cutoff   90      1341.45855 1270.68792  5.28%   8.7  705s
 356532 83814 infeasible   77      1341.45855 1270.97723  5.25%   8.8  710s
 358974 84209 infeasible   76      1341.45855 1271.41758  5.22%   8.8  716s
 361500 84554 1288.46453   40   28 1341.45855 1271.76752  5.20%   8.8  721s
 364026 84857     cutoff   60      1341.45855 1272.14377  5.17%   8.8  727s
 366564 85026 1333.72845   42   18 1341.45855 1272.52095  5.14%   8.8  732s
 367930 85228 1334.48304   41   13 1341.45855 1272.74455  5.12%   8.8  735s
 370305 85527     cutoff   86      1341.45855 1273.06542  5.10%   8.8  740s
 372642 85698 infeasible   47      1341.45855 1273.38021  5.07%   8.8  746s
 374992 85938     cutoff   64      1341.45855 1273.70016  5.05%   8.8  752s
 376375 86061     cutoff   51      1341.45855 1273.92435  5.03%   8.8  755s
 378803 86350 1335.97272   49    8 1341.45855 1274.25096  5.01%   8.9  762s
 380068 86437     cutoff   49      1341.45855 1274.37838  5.00%   8.9  765s
 382719 86631 1325.50462   52   17 1341.45855 1274.84906  4.97%   8.9  771s
 385173 86800     cutoff   57      1341.45855 1275.21579  4.94%   8.9  777s
 386173 86891 infeasible   41      1341.45855 1275.31726  4.93%   8.9  780s
 388776 87096 infeasible   50      1341.45855 1275.70319  4.90%   8.9  785s
 391104 87243 infeasible   40      1341.45855 1276.05957  4.88%   8.9  791s
 392084 87330 1309.63435   75   37 1341.45855 1276.17991  4.87%   8.9  795s
 395108 87569 infeasible   57      1341.45855 1276.56168  4.84%   8.9  801s
 397579 87768     cutoff   45      1341.45855 1276.95089  4.81%   8.9  807s
 398562 87897 1325.52029   73   37 1341.45855 1277.09059  4.80%   8.9  811s
 399991 87880 1299.99151   43   28 1341.45855 1277.25213  4.79%   9.0  815s
 402116 88076 1318.93452   44   37 1341.45855 1277.57326  4.76%   9.0  822s
 403623 88144 1321.05367   68   11 1341.45855 1277.74297  4.75%   9.0  825s
 406264 88220     cutoff   40      1341.45855 1278.10661  4.72%   9.0  836s
 407473 88206 1321.71074   48   13 1341.45855 1278.21464  4.71%   9.0  842s
 408779 88208     cutoff   65      1341.45855 1278.53425  4.69%   9.0  846s
 409862 88367 1326.15939   50   19 1341.45855 1278.70169  4.68%   9.0  850s
 412991 88479     cutoff   89      1341.45855 1279.12118  4.65%   9.0  857s
 414032 88559 1316.99301   48   20 1341.45855 1279.26845  4.64%   9.0  861s
 416539 88752 1332.03771   57   20 1341.45855 1279.58186  4.61%   9.0  867s
 417747 88787 1328.97671   69   43 1341.45855 1279.78836  4.60%   9.0  871s
 419238 88816     cutoff   58      1341.45855 1279.97872  4.58%   9.0  875s
 421754 88935 1309.32210   60   39 1341.45855 1280.29619  4.56%   9.1  883s
 423161 88950 1299.73489   61   14 1341.45855 1280.45897  4.55%   9.1  886s
 424228 88978     cutoff   55      1341.45855 1280.57431  4.54%   9.1  890s
 426848 89155 1326.75892   58   27 1341.45855 1280.97254  4.51%   9.1  897s
 427957 89254     cutoff   65      1341.45855 1281.11042  4.50%   9.1  901s
 430529 89217 1300.51614   43   34 1341.45855 1281.43581  4.47%   9.1  907s
 431637 89221     cutoff   90      1341.45855 1281.60818  4.46%   9.1  911s
 434178 89260 infeasible   55      1341.45855 1281.94981  4.44%   9.1  917s
 435359 89249 1311.32183   52   23 1341.45855 1282.09232  4.43%   9.1  920s
 437916 89264     cutoff   63      1341.45855 1282.42788  4.40%   9.1  928s
 439370 89247 1292.57054   58   18 1341.45855 1282.55923  4.39%   9.1  931s
 440454 89241 1326.82870   66   48 1341.45855 1282.76532  4.38%   9.1  935s
 442939 89290 1305.94119   57   15 1341.45855 1283.14265  4.35%   9.1  942s
 444319 89285 1294.55008   45   27 1341.45855 1283.32416  4.33%   9.1  945s
 446905 89280 1283.97380   54   30 1341.45855 1283.70474  4.31%   9.2  953s
 448030 89343 1303.57459   42   22 1341.45855 1283.86393  4.29%   9.2  957s
 449427 89327 infeasible   40      1341.45855 1284.03935  4.28%   9.2  960s
 452013 89223 infeasible   53      1341.45855 1284.37143  4.26%   9.2  967s
 453402 89201     cutoff   72      1341.45855 1284.58932  4.24%   9.2  971s
 455967 89193     cutoff   45      1341.45855 1284.95062  4.21%   9.2  978s
 457228 89189 infeasible   69      1341.45855 1285.06017  4.20%   9.2  981s
 459710 89100 1339.52456   45   17 1341.45855 1285.41405  4.18%   9.2  988s
 461182 89068 infeasible   94      1341.45855 1285.65579  4.16%   9.2  991s
 463393 88984 infeasible   65      1341.45855 1285.93220  4.14%   9.2  998s
 464624 88980     cutoff   56      1341.45855 1286.03571  4.13%   9.2 1007s
 465170 88914 1338.23507   64    9 1341.45855 1286.15970  4.12%   9.2 1010s
 467522 88891 1322.09380   51   17 1341.45855 1286.41067  4.10%   9.2 1017s
 468761 88797     cutoff   54      1341.45855 1286.58505  4.09%   9.2 1020s
 471223 88712     cutoff   50      1341.45855 1286.92928  4.06%   9.3 1027s
 472410 88634 1334.04929   69   31 1341.45855 1287.17717  4.05%   9.3 1031s
 475059 88471     cutoff   59      1341.45855 1287.49169  4.02%   9.3 1038s
 476346 88474 1333.18946   87   23 1341.45855 1287.71789  4.01%   9.3 1042s
 478018 88395     cutoff   54      1341.45855 1287.88815  3.99%   9.3 1045s
 480357 88252 1320.00544   86   17 1341.45855 1288.20560  3.97%   9.3 1052s
 481627 88125     cutoff   36      1341.45855 1288.41931  3.95%   9.3 1056s
 482902 88057 infeasible   73      1341.45855 1288.58689  3.94%   9.3 1060s
 485352 87874     cutoff   49      1341.45855 1288.94966  3.91%   9.3 1067s
 486651 87745     cutoff   50      1341.45855 1289.07498  3.90%   9.3 1071s
 487846 87661     cutoff   78      1341.45855 1289.32279  3.89%   9.3 1076s
 489259 87552     cutoff   52      1341.45855 1289.47627  3.88%   9.3 1081s
 490519 87462     cutoff   36      1341.45855 1289.63025  3.86%   9.4 1085s
 493108 87270     cutoff   60      1341.45855 1289.95607  3.84%   9.4 1093s
 494407 87039 infeasible   53      1341.45855 1290.15368  3.82%   9.4 1098s
 495789 86871 1321.51785   50   25 1341.45855 1290.33770  3.81%   9.4 1101s
 497057 86839 1309.13577   47   12 1341.45855 1290.54400  3.80%   9.4 1105s
 499632 86511 1330.76991   50   20 1341.45855 1290.88224  3.77%   9.4 1112s
 501020 86432 infeasible   47      1341.45855 1291.01526  3.76%   9.4 1116s
 503555 86058     cutoff   62      1341.45855 1291.37680  3.73%   9.4 1123s
 504824 85921 1310.81568   54   28 1341.45855 1291.61980  3.72%   9.4 1126s
 506145 85794 infeasible   47      1341.45855 1291.77979  3.70%   9.4 1130s
 508892 85549 infeasible   55      1341.45855 1292.08251  3.68%   9.4 1136s
 510140 85419 infeasible   41      1341.45855 1292.25147  3.67%   9.4 1140s
 512607 85272     cutoff   43      1341.45855 1292.51589  3.65%   9.5 1150s
 514136 84962 1317.86468   47   22 1341.45855 1292.75572  3.63%   9.5 1157s
 515450 84805 1316.22059   57   25 1341.45855 1292.93577  3.62%   9.5 1161s
 518129 84664 1336.51628   37   19 1341.45855 1293.30311  3.59%   9.5 1171s
 519702 84319     cutoff   49      1341.45855 1293.52700  3.57%   9.5 1178s
 521130 84162     cutoff   61      1341.45855 1293.71836  3.56%   9.5 1182s
 522542 84059 1338.70557   48   36 1341.45855 1293.88071  3.55%   9.5 1185s
 525221 83626 1330.04817   46   11 1341.45855 1294.25349  3.52%   9.5 1192s
 526609 83480     cutoff   84      1341.45855 1294.47109  3.50%   9.5 1196s
 529465 83030 infeasible   48      1341.45855 1294.89175  3.47%   9.5 1203s
 530826 82933 1311.42389   40   43 1341.45855 1294.98952  3.46%   9.5 1207s
 532014 82700 1318.14470   63   20 1341.45855 1295.17616  3.45%   9.6 1210s
 534724 82268     cutoff   71      1341.45855 1295.58193  3.42%   9.6 1218s
 536188 82040     cutoff   33      1341.45855 1295.72033  3.41%   9.6 1221s
 537544 81859 infeasible   54      1341.45855 1295.93027  3.39%   9.6 1225s
 540205 81413 1335.63923   66   18 1341.45855 1296.29809  3.37%   9.6 1232s
 541626 81208     cutoff   61      1341.45855 1296.45482  3.35%   9.6 1236s
 544303 80750 1317.43684   46    8 1341.45855 1296.80282  3.33%   9.6 1243s
 545647 80500     cutoff   54      1341.45855 1296.97436  3.32%   9.6 1247s
 547006 80250 1333.27319   71   15 1341.45855 1297.21310  3.30%   9.6 1251s
 549745 79783 1319.80126   55   21 1341.45855 1297.52909  3.27%   9.6 1258s
 551076 79520     cutoff   53      1341.45855 1297.70366  3.26%   9.6 1261s
 552350 79348 1329.48925   73   24 1341.45855 1297.92027  3.25%   9.7 1265s
 554977 78823     cutoff   70      1341.45855 1298.20895  3.22%   9.7 1272s
 556370 78561     cutoff   35      1341.45855 1298.45643  3.21%   9.7 1276s
 559101 78046 1311.08740   55   23 1341.45855 1298.84928  3.18%   9.7 1283s
 560539 77730 infeasible   45      1341.45855 1298.99792  3.17%   9.7 1287s
 561864 77476 infeasible   62      1341.45855 1299.16464  3.15%   9.7 1290s
 564499 76851 1322.25668   43   11 1341.45855 1299.57339  3.12%   9.7 1298s
H565683 76854                    1341.4585502 1299.59114  3.12%   9.7 1298s
 565893 76811     cutoff   52      1341.45855 1299.77320  3.11%   9.7 1304s
H566204 76811                    1341.4584742 1299.80101  3.11%   9.7 1304s
 566233 76429     cutoff   61      1341.45847 1299.80250  3.11%   9.7 1308s
 567679 76204     cutoff  134      1341.45847 1300.00812  3.09%   9.7 1312s
 568989 75931 1303.56157   57   12 1341.45847 1300.21493  3.07%   9.7 1317s
 570349 75686 infeasible   50      1341.45847 1300.35416  3.06%   9.7 1321s
 571675 75388 1312.59114   39   21 1341.45847 1300.55620  3.05%   9.7 1325s
 574273 74755     cutoff   49      1341.45847 1300.90974  3.02%   9.8 1333s
 575575 74450 1326.88419   53   28 1341.45847 1301.13716  3.01%   9.8 1338s
 577050 74196 infeasible   45      1341.45847 1301.31791  2.99%   9.8 1342s
 578383 73856 1332.90631   79   18 1341.45847 1301.49731  2.98%   9.8 1347s
 579749 73526     cutoff   62      1341.45847 1301.67768  2.97%   9.8 1351s
 581087 73197 infeasible   51      1341.45847 1301.90633  2.95%   9.8 1355s
 582567 72833     cutoff   79      1341.45847 1302.08353  2.94%   9.8 1360s
 583975 72508 1304.13360   42   30 1341.45847 1302.27539  2.92%   9.8 1365s
 585284 72170     cutoff   50      1341.45847 1302.47055  2.91%   9.8 1370s
 586690 71781 infeasible   58      1341.45847 1302.65250  2.89%   9.8 1375s
 588147 71516 infeasible   43      1341.45847 1302.84924  2.88%   9.8 1380s
 589513 71208 infeasible   53      1341.45847 1303.00768  2.87%   9.8 1385s
 590841 70844 1333.88114   42   26 1341.45847 1303.16926  2.85%   9.8 1390s
 592179 70510 infeasible   56      1341.45847 1303.37350  2.84%   9.8 1395s
 593563 70111 1331.09199   94   20 1341.45847 1303.53361  2.83%   9.8 1400s
H594111 70112                    1341.4584716 1303.54512  2.83%   9.9 1400s
 594899 69776     cutoff   61      1341.45847 1303.74747  2.81%   9.9 1405s
 596284 69369 1316.19486   65   26 1341.45847 1303.92308  2.80%   9.9 1410s
 599036 68625 1319.57740   57   10 1341.45847 1304.32242  2.77%   9.9 1419s
 600437 68244 1320.74121   45   34 1341.45847 1304.54515  2.75%   9.9 1424s
 601795 67850 infeasible   65      1341.45847 1304.72975  2.74%   9.9 1429s
 603164 67500     cutoff   44      1341.45847 1304.94837  2.72%   9.9 1434s
 604504 67085 1340.33952   57   21 1341.45847 1305.08990  2.71%   9.9 1438s
 605860 66664 infeasible   41      1341.45847 1305.29362  2.70%   9.9 1442s
 607214 66281 1308.91944   52   34 1341.45847 1305.52374  2.68%   9.9 1446s
 608520 65784 1327.92794   48   21 1341.45847 1305.72026  2.66%   9.9 1451s
 609897 65324     cutoff   51      1341.45847 1305.91486  2.65%   9.9 1455s
 612605 64341     cutoff   47      1341.45847 1306.36871  2.62%   9.9 1463s
 614024 63888 1314.09633   47   15 1341.45847 1306.57020  2.60%  10.0 1467s
 615333 63430 1310.57934   44   12 1341.45847 1306.80999  2.58%  10.0 1471s
 616780 62884 infeasible   48      1341.45847 1307.02054  2.57%  10.0 1476s
 618211 62470     cutoff   60      1341.45847 1307.25132  2.55%  10.0 1481s
 619561 61956     cutoff   41      1341.45847 1307.47031  2.53%  10.0 1485s
 620981 61524 1333.17211   36   25 1341.45847 1307.69327  2.52%  10.0 1490s
 623770 60499 infeasible   43      1341.45847 1308.07941  2.49%  10.0 1498s
 625085 60027     cutoff   52      1341.45847 1308.28578  2.47%  10.0 1503s
 626379 59523 1332.68768   65   14 1341.45847 1308.51426  2.46%  10.0 1507s
 627807 59077     cutoff   44      1341.45847 1308.71983  2.44%  10.0 1512s
 629158 58547     cutoff   56      1341.45847 1308.93218  2.42%  10.0 1517s
 630497 58363     cutoff   37      1341.45847 1309.13400  2.41%  10.0 1523s
 630988 57824     cutoff   68      1341.45847 1309.23838  2.40%  10.0 1528s
 632475 57275 1318.83247   65   36 1341.45847 1309.46491  2.38%  10.1 1532s
 633892 56791     cutoff   34      1341.45847 1309.67874  2.37%  10.1 1537s
 635352 56189     cutoff   67      1341.45847 1309.89785  2.35%  10.1 1542s
 636792 55684 1327.97874   54   30 1341.45847 1310.12692  2.34%  10.1 1546s
 638109 55107     cutoff   54      1341.45847 1310.33777  2.32%  10.1 1550s
 640877 54057 1334.49790   44   11 1341.45847 1310.84782  2.28%  10.1 1559s
 642302 53435 1327.11851   56   21 1341.45847 1311.09316  2.26%  10.1 1563s
H642430 53435                    1341.4584715 1311.09316  2.26%  10.1 1563s
 643760 52823 1335.30475   34   24 1341.45847 1311.33145  2.25%  10.1 1568s
 645229 52193 1338.77266   62   21 1341.45847 1311.57834  2.23%  10.1 1572s
 646668 51619 1340.92718   77   37 1341.45847 1311.79961  2.21%  10.1 1577s
 648054 50962 infeasible   47      1341.45847 1312.03617  2.19%  10.1 1582s
 649539 50327 1319.38885   47   27 1341.45847 1312.29254  2.17%  10.1 1587s
H650229 50327                    1341.4583764 1312.30427  2.17%  10.1 1587s
 650887 49629     cutoff   46      1341.45838 1312.54264  2.16%  10.2 1592s
 652378 49013     cutoff   40      1341.45838 1312.81379  2.14%  10.2 1597s
 653785 48418     cutoff   53      1341.45838 1313.04926  2.12%  10.2 1601s
 655087 48276     cutoff   57      1341.45838 1313.31497  2.10%  10.2 1612s
 655377 47577 infeasible   59      1341.45838 1313.33599  2.10%  10.2 1617s
 656785 46853     cutoff   50      1341.45838 1313.64270  2.07%  10.2 1622s
 658362 46086     cutoff   48      1341.45838 1313.91002  2.05%  10.2 1627s
 659893 45437 1327.26554   42   24 1341.45838 1314.17941  2.03%  10.2 1631s
 661339 44695     cutoff   47      1341.45838 1314.44687  2.01%  10.2 1636s
 662775 44034     cutoff   72      1341.45838 1314.73614  1.99%  10.2 1640s
 664232 43321     cutoff   70      1341.45838 1314.98488  1.97%  10.2 1645s
 667087 41860 1336.29816   61   33 1341.45838 1315.54312  1.93%  10.2 1653s
 668577 41112     cutoff   51      1341.45838 1315.82125  1.91%  10.2 1658s
 669969 40338 infeasible   63      1341.45838 1316.11873  1.89%  10.3 1663s
 671293 39550 1339.25206   62   28 1341.45838 1316.41916  1.87%  10.3 1668s
 672766 38771     cutoff   63      1341.45838 1316.70824  1.85%  10.3 1673s
 674243 38004     cutoff   46      1341.45838 1317.01754  1.82%  10.3 1677s
 675667 37265     cutoff   47      1341.45838 1317.30857  1.80%  10.3 1682s
 676985 36559 infeasible   55      1341.45838 1317.53464  1.78%  10.3 1686s
 678299 35872 infeasible   51      1341.45838 1317.82680  1.76%  10.3 1691s
 679640 35104     cutoff   63      1341.45838 1318.10022  1.74%  10.3 1696s
 680984 34405 infeasible   60      1341.45838 1318.36985  1.72%  10.3 1701s
 682301 33573 1334.57936   56   14 1341.45838 1318.69073  1.70%  10.3 1706s
 683646 32750     cutoff   62      1341.45838 1318.99929  1.67%  10.3 1712s
 685021 31901     cutoff   46      1341.45838 1319.35603  1.65%  10.3 1717s
 686383 31078 infeasible   38      1341.45838 1319.69412  1.62%  10.4 1722s
 687722 30302 1336.51100   71   38 1341.45838 1320.01649  1.60%  10.4 1726s
 689043 29474     cutoff   71      1341.45838 1320.33617  1.57%  10.4 1731s
 690385 28532     cutoff   44      1341.45838 1320.67841  1.55%  10.4 1736s
 691789 27663     cutoff   67      1341.45838 1321.05253  1.52%  10.4 1741s
 693163 26683 1334.34903   83   12 1341.45838 1321.43096  1.49%  10.4 1746s
 694643 25738     cutoff   73      1341.45838 1321.83163  1.46%  10.4 1751s
 695989 24909     cutoff   50      1341.45838 1322.20333  1.44%  10.4 1757s
 697306 23963     cutoff   56      1341.45838 1322.58309  1.41%  10.4 1762s
 698653 23801     cutoff   88      1341.45838 1322.99951  1.38%  10.4 1770s
 698888 22888     cutoff   55      1341.45838 1323.02664  1.37%  10.4 1775s
 700167 21913     cutoff   58      1341.45838 1323.48459  1.34%  10.4 1781s
 701581 20936     cutoff   46      1341.45838 1323.89484  1.31%  10.4 1786s
 702925 19938     cutoff   47      1341.45838 1324.34880  1.28%  10.4 1790s
 704243 18893     cutoff   53      1341.45838 1324.82434  1.24%  10.5 1796s
 705644 17795 infeasible   56      1341.45838 1325.34970  1.20%  10.5 1801s
 707063 16716     cutoff   41      1341.45838 1325.86557  1.16%  10.5 1806s
 708421 15671     cutoff   34      1341.45838 1326.42086  1.12%  10.5 1811s
 709778 14586     cutoff   55      1341.45838 1326.93503  1.08%  10.5 1816s
 711102 13469     cutoff   77      1341.45838 1327.58174  1.03%  10.5 1821s
 712484 12333     cutoff   65      1341.45838 1328.20532  0.99%  10.5 1826s
 713863 11252     cutoff   41      1341.45838 1328.84575  0.94%  10.5 1831s
 715148 10201     cutoff   60      1341.45838 1329.26700  0.91%  10.5 1835s
 717724  7923     cutoff   44      1341.45838 1331.06315  0.77%  10.5 1844s
 719016  6733     cutoff   71      1341.45838 1332.01922  0.70%  10.5 1848s
 720328  5493     cutoff   57      1341.45838 1333.05816  0.63%  10.5 1852s
 721675  4261     cutoff   71      1341.45838 1334.18249  0.54%  10.5 1856s
 722985  2980 infeasible   67      1341.45838 1335.60082  0.44%  10.5 1860s
H723990  2982                    1341.4579601 1335.66497  0.43%  10.5 1860s
 724330  2549 infeasible   38      1341.45796 1337.12549  0.32%  10.5 1869s
 724768  1084     cutoff   44      1341.45796 1337.40588  0.30%  10.5 1873s
 726275     0     cutoff   39      1341.45796 1338.98310  0.18%  10.5 1875s

Cutting planes:
  Gomory: 7
  Zero half: 9
  Lazy constraints: 3173

Explored 727372 nodes (7659941 simplex iterations) in 1875.68 seconds
Thread count was 12 (of 12 available processors)

Solution count 5: 1341.46 1346.91 1353.6 ... 1705.36

Optimal solution found (tolerance 1.00e-04)
Best objective 1.341457960085e+03, best bound 1.341457960085e+03, gap 0.0000%

User-callback calls 1805629, time in user-callback 1.05 sec
/projects/academic/josewalt/caigao/RRARP_BD/BendersDecomp/ret/model_outs/n_22_m_10_algo_3.out
 =====>>>>> Solution is written to file in <../ret/model_outs> !!!
===>> All Done!
