NPROCS=0
This instance is clustered!
Gurobi Optimizer version 9.0.0 build v9.0.0rc2 (linux64)
Optimize a model with 20 rows, 101 columns and 200 nonzeros
Model fingerprint: 0x98b4a7d4
Variable types: 1 continuous, 100 integer (100 binary)
Coefficient statistics:
  Matrix range     [1e+00, 1e+00]
  Objective range  [1e+00, 5e+01]
  Bounds range     [1e+00, 1e+00]
  RHS range        [1e+00, 1e+00]
Presolve removed 2 rows and 27 columns
Presolve time: 0.00s
Presolved: 18 rows, 74 columns, 146 nonzeros
Variable types: 1 continuous, 73 integer (73 binary)

Root relaxation: objective 6.785707e+01, 14 iterations, 0.00 seconds

    Nodes    |    Current Node    |     Objective Bounds      |     Work
 Expl Unexpl |  Obj  Depth IntInf | Incumbent    BestBd   Gap | It/Node Time

     0     0  105.41107    0   17          -  105.41107      -     -    0s
H    0     0                     123.3352952  105.41107  14.5%     -    0s
     0     0  107.51103    0   22  123.33530  107.51103  12.8%     -    0s
     0     0  107.51103    0   22  123.33530  107.51103  12.8%     -    0s
     0     0  107.51103    0   16  123.33530  107.51103  12.8%     -    0s
     0     0  107.64415    0   21  123.33530  107.64415  12.7%     -    0s
     0     0  109.30503    0   20  123.33530  109.30503  11.4%     -    0s
     0     0  109.97932    0   23  123.33530  109.97932  10.8%     -    0s
     0     0  110.08971    0   24  123.33530  110.08971  10.7%     -    0s
     0     0  110.12438    0   24  123.33530  110.12438  10.7%     -    0s
     0     0  110.36584    0   24  123.33530  110.36584  10.5%     -    0s
     0     0  110.45273    0   26  123.33530  110.45273  10.4%     -    0s
     0     0  110.46136    0   26  123.33530  110.46136  10.4%     -    0s
     0     0  110.46517    0   26  123.33530  110.46517  10.4%     -    0s
     0     0  110.46517    0   26  123.33530  110.46517  10.4%     -    0s
     0     2  112.86945    0   26  123.33530  112.86945  8.49%     -    0s

Cutting planes:
  Gomory: 2
  Clique: 1
  MIR: 2
  Zero half: 3
  RLT: 1
  Lazy constraints: 20

Explored 65 nodes (443 simplex iterations) in 0.07 seconds
Thread count was 12 (of 12 available processors)

Solution count 1: 123.335 

Optimal solution found (tolerance 1.00e-04)
Best objective 1.233352952310e+02, best bound 1.233352952310e+02, gap 0.0000%

User-callback calls 303, time in user-callback 0.00 sec
/projects/academic/josewalt/caigao/RRARP_BD/BendersDecomp/ret/model_outs/n_8_m_2_algo_3.out
 =====>>>>> Solution is written to file in <../ret/model_outs> !!!
===>> All Done!
