NPROCS=0
This instance is clustered!
Gurobi Optimizer version 9.0.0 build v9.0.0rc2 (linux64)
Optimize a model with 50 rows, 626 columns and 1250 nonzeros
Model fingerprint: 0xe4595f96
Variable types: 1 continuous, 625 integer (625 binary)
Coefficient statistics:
  Matrix range     [1e+00, 1e+00]
  Objective range  [1e+00, 5e+02]
  Bounds range     [1e+00, 1e+00]
  RHS range        [1e+00, 1e+00]
Presolve removed 2 rows and 72 columns
Presolve time: 0.01s
Presolved: 48 rows, 554 columns, 1106 nonzeros
Variable types: 1 continuous, 553 integer (553 binary)

Root relaxation: objective 1.297422e+03, 54 iterations, 0.00 seconds

    Nodes    |    Current Node    |     Objective Bounds      |     Work
 Expl Unexpl |  Obj  Depth IntInf | Incumbent    BestBd   Gap | It/Node Time

     0     0 1297.42154    0   12          - 1297.42154      -     -    0s
 done with super cut 0
     0     0 1410.93581    0   35          - 1410.93581      -     -    1s
 done with super cut 1
 done with super cut 2
H    0     0                    2060.0254807 1410.93581  31.5%     -    7s
 done with super cut 3
 done with super cut 4
 done with super cut 5
H    0     0                    1864.5667630 1410.93581  24.3%     -   21s
 done with super cut 6
     0     2 1411.87193    0   44 1864.56676 1411.87193  24.3%     -   27s
 done with super cut 7
    23    23 1513.30284    4   31 1864.56676 1435.94198  23.0%   6.7   35s
 done with super cut 8
 done with super cut 9
 done with super cut 10
    86    85 1468.44614   10   24 1864.56676 1442.47209  22.6%   6.4   65s
*  685   583              19    1734.3133672 1446.81817  16.6%   6.8   66s
* 1048   769              23    1724.3555163 1483.19629  14.0%   7.1   66s
H 3583  1171                    1653.4912508 1542.96043  6.68%   7.6   66s
H 6015   986                    1653.4912241 1570.03394  5.05%   8.8   69s
H 6017   931                    1653.4912167 1570.03394  5.05%   8.8   69s

Cutting planes:
  Gomory: 4
  Inf proof: 1
  Zero half: 6
  RLT: 1
  Lazy constraints: 118

Explored 10273 nodes (103708 simplex iterations) in 69.78 seconds
Thread count was 12 (of 12 available processors)

Solution count 5: 1653.49 1724.36 1734.31 ... 2060.03

Optimal solution found (tolerance 1.00e-04)
Best objective 1.653491216696e+03, best bound 1.653491216696e+03, gap 0.0000%

User-callback calls 23080, time in user-callback 65.87 sec
/projects/academic/josewalt/caigao/RRARP_BD/BendersDecomp/ret/model_outs/n_23_e_2_algo_4.out
 =====>>>>> Solution is written to file in <../ret/model_outs> !!!
===>> All Done!
