NPROCS=0
This instance is clustered!
Gurobi Optimizer version 9.0.0 build v9.0.0rc2 (linux64)
Optimize a model with 36 rows, 325 columns and 648 nonzeros
Model fingerprint: 0x4ad279ce
Variable types: 1 continuous, 324 integer (324 binary)
Coefficient statistics:
  Matrix range     [1e+00, 1e+00]
  Objective range  [1e+00, 2e+02]
  Bounds range     [1e+00, 1e+00]
  RHS range        [1e+00, 1e+00]
Presolve removed 2 rows and 51 columns
Presolve time: 0.00s
Presolved: 34 rows, 274 columns, 546 nonzeros
Variable types: 1 continuous, 273 integer (273 binary)

Root relaxation: objective 4.466059e+02, 32 iterations, 0.00 seconds

    Nodes    |    Current Node    |     Objective Bounds      |     Work
 Expl Unexpl |  Obj  Depth IntInf | Incumbent    BestBd   Gap | It/Node Time

     0     0  503.73023    0    8          -  503.73023      -     -    0s
H    0     0                    1033.6080648  503.73023  51.3%     -    0s
     0     0  533.05615    0   10 1033.60806  533.05615  48.4%     -    0s
H    0     0                     844.5479158  533.05615  36.9%     -    0s
     0     0  542.82640    0   30  844.54792  542.82640  35.7%     -    0s
     0     0  542.82640    0   12  844.54792  542.82640  35.7%     -    0s
H    0     0                     766.0620393  542.82640  29.1%     -    0s
     0     2  558.25245    0   12  766.06204  558.25245  27.1%     -    0s
  8342  3407  752.52585   40   13  766.06204  608.87533  20.5%   4.1    5s
 14715  5967  680.71920   30   18  766.06204  626.98309  18.2%   4.2   10s
 19008  8042  664.49581   27    8  766.06204  635.19398  17.1%   4.3   15s
 22272  9506  673.94228   27    7  766.06204  638.84216  16.6%   4.4   20s
 24661 10634  682.46143   25    7  766.06204  642.38427  16.1%   4.5   25s
 26663 11524     cutoff   29       766.06204  644.22384  15.9%   4.5   30s
 28734 12411     cutoff   36       766.06204  646.48884  15.6%   4.5   35s
 30394 13076  676.90693   31    -  766.06204  647.73354  15.4%   4.6   40s
 32288 13852     cutoff   33       766.06204  650.09802  15.1%   4.6   46s
 33547 14363  762.31352   31    -  766.06204  651.08768  15.0%   4.6   51s
 34896 14915  676.91864   27   19  766.06204  652.24263  14.9%   4.7   56s
 36247 15460  697.55032   29   22  766.06204  653.15629  14.7%   4.7   62s
 37666 15935  704.49158   32   12  766.06204  654.59773  14.6%   4.7   69s
 37668 15936  752.60760   38   48  766.06204  654.59773  14.6%   4.7   73s
 37670 15938  739.26716   33   62  766.06204  654.59773  14.6%   4.7   76s
 37675 15941  658.50522   33   61  766.06204  654.59773  14.6%   4.7   80s
H37677 15144                     766.0614914  654.59773  14.6%   4.7   83s
 37679 15146  656.85711   46   66  766.06149  654.59773  14.6%   4.7   85s
 37684 15152  654.59773   24   49  766.06149  654.59773  14.6%   4.7   93s
 37686 15155  654.59773   25   40  766.06149  654.59773  14.6%   4.7   95s
 37722 15186  654.59773   28   29  766.06149  654.59773  14.6%   4.7  100s
 37868 15265  654.59773   34    7  766.06149  654.59773  14.6%   4.7  107s
 38110 15346  736.95862   45    7  766.06149  654.59773  14.6%   4.7  110s
 38630 15462  654.59773   32   23  766.06149  654.59773  14.6%   4.7  115s
 39341 15664  654.59773   36   41  766.06149  654.59773  14.6%   4.7  120s
 40151 15840  720.57331   65   11  766.06149  654.59773  14.6%   4.7  125s
 41027 16245  728.26949   53   21  766.06149  654.59773  14.6%   4.7  130s
 42302 16677  654.59773   39   16  766.06149  654.59773  14.6%   4.6  135s
 43470 17038  688.70981   46   29  766.06149  654.59773  14.6%   4.6  140s
 44838 17490  657.26715   38    7  766.06149  654.59773  14.6%   4.6  146s
 45980 17825 infeasible   50       766.06149  654.59773  14.6%   4.6  151s
 47122 17871  718.85476   46   29  766.06149  654.59773  14.6%   4.6  155s
 48331 18279  689.23278   52   26  766.06149  654.59773  14.6%   4.5  160s
 49902 18829     cutoff   67       766.06149  654.59773  14.6%   4.5  165s
 50713 18783     cutoff   60       766.06149  654.59773  14.6%   4.5  170s
 51613 19043  761.19589   45   26  766.06149  654.59773  14.6%   4.5  176s
 52163 19398  693.25070   42   19  766.06149  654.59773  14.6%   4.5  180s
 53530 19882  704.70571   40   14  766.06149  654.59773  14.6%   4.5  185s
 54879 20130     cutoff   48       766.06149  654.59773  14.6%   4.5  190s
 56240 20619  654.59773   42   25  766.06149  654.59773  14.6%   4.4  195s
 57948 21016  764.91496   56    7  766.06149  654.59773  14.6%   4.4  200s
 59701 21388  677.15149   70    6  766.06149  654.59773  14.6%   4.4  206s
 61085 21799     cutoff   92       766.06149  654.59773  14.6%   4.4  212s
 61945 22334     cutoff   66       766.06149  654.59773  14.6%   4.4  216s
 63124 22587 infeasible   54       766.06149  654.59773  14.6%   4.4  220s
 65169 22901  761.03527   77   20  766.06149  654.59773  14.6%   4.3  228s
 66092 23058 infeasible   73       766.06149  654.59773  14.6%   4.3  233s
 66967 23277  744.19986   63   11  766.06149  654.59773  14.6%   4.3  237s
 68079 23339     cutoff   61       766.06149  654.59773  14.6%   4.3  242s
 68646 23835 infeasible   63       766.06149  654.59773  14.6%   4.3  248s
 69904 23873  717.66756   54    8  766.06149  654.59773  14.6%   4.3  253s
 70886 24147  759.21165   63   24  766.06149  654.59773  14.6%   4.3  258s
 72064 24210  761.12209   47   18  766.06149  654.59773  14.6%   4.3  263s
 73055 24345 infeasible   63       766.06149  654.59773  14.6%   4.3  269s
 74116 24324  700.67632   58   23  766.06149  654.59773  14.6%   4.3  273s
 74512 24563     cutoff   68       766.06149  654.59773  14.6%   4.3  278s
 75527 24661  728.25917   58    6  766.06149  654.59773  14.6%   4.3  282s
 76281 24925     cutoff   59       766.06149  654.59773  14.6%   4.3  287s
 77455 25136  692.54382   66   25  766.06149  654.59773  14.6%   4.3  292s
 78574 25451     cutoff   80       766.06149  654.59773  14.6%   4.3  299s
 79733 25780 infeasible   56       766.06149  654.59773  14.6%   4.3  304s
 80980 25933  685.90614   40   30  766.06149  654.59773  14.6%   4.2  310s
 82112 26020  684.17941   66   47  766.06149  654.59773  14.6%   4.2  315s
 83189 26123  743.66669   41   20  766.06149  654.59773  14.6%   4.2  321s
 84181 26476     cutoff   63       766.06149  654.59773  14.6%   4.2  327s
 85106 26874  701.16613   59   29  766.06149  654.59773  14.6%   4.2  333s
 86143 27468  716.33633   67   21  766.06149  654.74428  14.5%   4.2  339s
 87177 27913     cutoff   83       766.06149  655.19848  14.5%   4.2  345s
 88271 28354  746.79469   58   20  766.06149  655.77058  14.4%   4.2  351s
 89051 28864     cutoff   71       766.06149  656.14557  14.3%   4.2  357s
 90280 29468  689.53215   69   12  766.06149  656.80528  14.3%   4.2  364s
 91277 30002     cutoff   74       766.06149  657.32095  14.2%   4.2  370s
 92487 30298     cutoff   69       766.06149  657.93369  14.1%   4.2  376s
 92811 30751  672.91456   56    7  766.06149  658.03992  14.1%   4.2  383s
 93994 31291  703.97345   70   39  766.06149  658.40099  14.1%   4.2  390s
 95109 31862  758.30914   77    7  766.06149  659.05896  14.0%   4.2  396s
 96171 32446  726.93099   49   20  766.06149  659.52796  13.9%   4.2  403s
 97310 32954     cutoff   79       766.06149  659.83445  13.9%   4.2  410s
 98390 33574     cutoff   81       766.06149  660.47296  13.8%   4.2  417s
 99529 33943  729.39585   56   17  766.06149  660.65135  13.8%   4.2  423s
 100190 34332     cutoff   58       766.06149  661.00803  13.7%   4.2  431s
 101387 34796  730.64965   65    6  766.06149  661.20690  13.7%   4.2  437s
 102485 35454 infeasible   83       766.06149  661.57359  13.6%   4.2  444s
 103649 35968     cutoff   72       766.06149  662.43037  13.5%   4.2  452s
 104880 36598  703.74333   38   10  766.06149  662.61868  13.5%   4.2  460s
 106074 37020  709.81864   62   27  766.06149  663.34400  13.4%   4.2  469s
 107018 37481  696.83285   81   20  766.06149  663.52169  13.4%   4.2  477s
 108018 37924  753.60455   73    7  766.06149  664.11384  13.3%   4.2  485s
 109110 38380 infeasible   75       766.06149  664.42320  13.3%   4.2  493s
 110137 38935 infeasible   74       766.06149  664.97785  13.2%   4.2  502s
 111378 39351 infeasible   69       766.06149  665.36582  13.1%   4.2  510s
 112480 39783 infeasible   68       766.06149  665.79740  13.1%   4.2  516s
 113244 40240 infeasible   67       766.06149  666.18295  13.0%   4.2  524s
 114365 40756  748.65162   67   19  766.06149  666.36058  13.0%   4.2  531s
 115611 41198     cutoff   72       766.06149  666.98618  12.9%   4.2  543s
 116612 41705  764.36798   73   16  766.06149  667.35327  12.9%   4.2  554s
 117790 42105     cutoff   80       766.06149  667.57608  12.9%   4.2  561s
 118869 42574  716.59252   68   10  766.06149  667.69933  12.8%   4.2  568s
 119643 43012     cutoff   73       766.06149  668.15592  12.8%   4.2  577s
 120870 43294     cutoff   57       766.06149  668.55212  12.7%   4.2  584s
 121208 43641  735.75383   63   14  766.06149  668.62430  12.7%   4.2  592s
 122297 43942 infeasible   56       766.06149  669.04664  12.7%   4.2  599s
 123099 44521     cutoff   62       766.06149  669.20373  12.6%   4.2  607s
 124449 45113  719.21345   74   36  766.06149  669.45237  12.6%   4.2  617s
 125638 45478     cutoff   79       766.06149  669.89248  12.6%   4.2  627s
 126733 45865     cutoff   92       766.06149  669.99671  12.5%   4.2  636s
 127554 46427     cutoff   67       766.06149  670.42770  12.5%   4.2  645s
 128913 46954  742.15024   77    6  766.06149  670.59064  12.5%   4.2  654s
 130111 47434  753.18690   79   18  766.06149  671.18688  12.4%   4.2  664s
 130984 47855     cutoff   55       766.06149  671.43515  12.4%   4.2  674s
 132243 48473  700.25248   66   17  766.06149  671.53262  12.3%   4.2  684s
 133559 48915     cutoff   70       766.06149  672.15991  12.3%   4.2  694s
 134645 49323 infeasible   72       766.06149  672.44525  12.2%   4.2  704s
 135572 49494  712.63022   63    9  766.06149  672.54818  12.2%   4.2  705s
 135761 49720  733.06155   64    7  766.06149  672.85965  12.2%   4.2  715s
 136922 50209     cutoff   68       766.06149  672.88270  12.2%   4.2  724s
 137959 50535     cutoff   42       766.06149  673.41625  12.1%   4.2  734s
 138885 50982  711.25393   38   29  766.06149  673.67251  12.1%   4.2  744s
 139953 51461     cutoff   71       766.06149  673.96584  12.0%   4.2  754s
 140460 51518  723.96314   61   14  766.06149  674.01802  12.0%   4.2  755s
 141175 51888     cutoff   77       766.06149  674.18146  12.0%   4.2  765s
 142301 52245  738.71376   71   28  766.06149  674.70964  11.9%   4.2  775s
 143009 52603 infeasible   53       766.06149  674.82815  11.9%   4.2  785s
 144192 53119  718.16261   69   44  766.06149  675.35013  11.8%   4.2  796s
 145486 53526  746.30005   81   36  766.06149  675.37760  11.8%   4.2  806s
 146361 53997  758.13945   43    6  766.06149  675.83998  11.8%   4.2  817s
 147634 54363     cutoff   45       766.06149  675.91769  11.8%   4.2  828s
 148776 54933  735.61034   50   11  766.06149  676.11210  11.7%   4.2  839s
 149976 55202  697.26578   35    9  766.06149  676.57964  11.7%   4.2  854s
 150381 55445  704.64091   36    -  766.06149  676.67582  11.7%   4.2  866s
 151209 55858     cutoff   80       766.06149  676.93193  11.6%   4.2  879s
 152476 56346 infeasible   91       766.06149  677.23490  11.6%   4.2  893s
 153779 56836     cutoff   74       766.06149  677.46428  11.6%   4.2  905s
 154909 57022     cutoff   57       766.06149  677.88511  11.5%   4.2  915s
H154928 57031                     766.0613315  677.88511  11.5%   4.2  915s
 155120 57106  749.84360   58   23  766.06133  677.90096  11.5%   4.2  932s
 155994 57598 infeasible   64       766.06133  678.07402  11.5%   4.2  945s
 157198 58105  752.46465   51   14  766.06133  678.34553  11.5%   4.2  960s
 158519 58548  739.88996   74   14  766.06133  678.57014  11.4%   4.2  972s
 159830 59024     cutoff   67       766.06133  678.92127  11.4%   4.2  983s
 160985 59533     cutoff   69       766.06133  679.11145  11.4%   4.2  995s
 162237 59817 infeasible   77       766.06133  679.39246  11.3%   4.2 1006s
 162975 60157     cutoff   68       766.06133  679.64395  11.3%   4.2 1018s
 164249 60558  692.70018   72   39  766.06133  679.92658  11.2%   4.2 1029s
 165132 61096     cutoff   78       766.06133  680.14143  11.2%   4.2 1042s
 166532 61526  759.08129   68   18  766.06133  680.44600  11.2%   4.2 1055s
 167685 61868  761.22599   70   19  766.06133  680.71865  11.1%   4.2 1068s
 168808 62315     cutoff   66       766.06133  680.76695  11.1%   4.2 1082s
 169900 62748     cutoff   60       766.06133  681.01463  11.1%   4.2 1095s
 171145 63149     cutoff   66       766.06133  681.46112  11.0%   4.2 1108s
 172146 63534  748.42244   40   12  766.06133  681.62165  11.0%   4.2 1123s
 173323 63995 infeasible   65       766.06133  681.78615  11.0%   4.2 1138s
 174605 64415 infeasible   71       766.06133  682.05331  11.0%   4.2 1153s
 175434 64855     cutoff   82       766.06133  682.38095  10.9%   4.2 1169s
 176671 65290  732.55189   59   13  766.06133  682.59730  10.9%   4.2 1184s
 177957 65607 infeasible   64       766.06133  682.84540  10.9%   4.2 1199s
 179097 65943  749.45352   73   31  766.06133  682.98847  10.8%   4.2 1209s
 179420 65981  745.59240   67    9  766.06133  683.12095  10.8%   4.2 1210s
 179421 66196     cutoff   76       766.06133  683.13334  10.8%   4.2 1224s
 180250 66312     cutoff   81       766.06133  683.19709  10.8%   4.2 1225s
 180538 66486 infeasible   70       766.06133  683.37274  10.8%   4.2 1240s
 181535 66936  704.61110   73    6  766.06133  683.46270  10.8%   4.2 1253s
 182873 67359     cutoff   71       766.06133  683.86912  10.7%   4.2 1269s
 184086 67690  730.81489   61   26  766.06133  683.97041  10.7%   4.2 1284s
 184981 68065  735.11885   65   10  766.06133  684.35601  10.7%   4.2 1298s
 186243 68495  698.67111   46   12  766.06133  684.49447  10.6%   4.2 1311s
 187328 68804  732.39059   59    6  766.06133  684.71776  10.6%   4.2 1326s
 188534 69184 infeasible   70       766.06133  684.81750  10.6%   4.2 1340s
 189542 69594     cutoff   62       766.06133  685.14823  10.6%   4.2 1354s
 190759 70016     cutoff   76       766.06133  685.32013  10.5%   4.2 1369s
 192009 70429  702.63961   95   16  766.06133  685.39340  10.5%   4.2 1387s
 193322 70850     cutoff   99       766.06133  685.73899  10.5%   4.2 1404s
 194224 71117  756.59949   71   33  766.06133  685.93105  10.5%   4.2 1422s
 195360 71476     cutoff   69       766.06133  686.15031  10.4%   4.2 1441s
 196564 71812  711.02796   75   23  766.06133  686.32989  10.4%   4.2 1456s
 197769 72160  758.11314   48   27  766.06133  686.54401  10.4%   4.2 1471s
 198863 72410  753.60153   62   22  766.06133  686.81535  10.3%   4.2 1486s
 199781 72760  760.56124   65   22  766.06133  686.91219  10.3%   4.2 1500s
 201004 73078  753.74295   75    8  766.06133  687.30986  10.3%   4.2 1513s
 202052 73434 infeasible   76       766.06133  687.52242  10.3%   4.2 1531s
 203211 73838  732.07429   69   19  766.06133  687.70946  10.2%   4.2 1550s
 204455 74154  756.95305   71   19  766.06133  687.90337  10.2%   4.2 1569s
 204527 74164  745.63461   66   16  766.06133  687.90337  10.2%   4.2 1570s
 205443 74476 infeasible   68       766.06133  688.11591  10.2%   4.2 1590s
 206693 74850     cutoff   66       766.06133  688.26419  10.2%   4.2 1610s
 207576 75068  748.25247   69   12  766.06133  688.45398  10.1%   4.2 1631s
 208715 75411     cutoff   70       766.06133  688.51978  10.1%   4.2 1649s
 208876 75438  715.14432   68   12  766.06133  688.51978  10.1%   4.2 1650s
 209219 75708     cutoff   80       766.06133  688.71068  10.1%   4.2 1665s
 210214 75934  725.73015   37   31  766.06133  688.71068  10.1%   4.2 1682s
 211434 76331  738.73611   60   13  766.06133  688.96986  10.1%   4.2 1697s
 212806 76703     cutoff   68       766.06133  689.33156  10.0%   4.2 1714s
 214085 77063     cutoff   69       766.06133  689.48666  10.0%   4.2 1730s
 215112 77284  719.55155   47   19  766.06133  689.59124  10.0%   4.2 1746s
 216047 77665  751.72171   58   11  766.06133  689.81644  10.0%   4.2 1762s
 217362 78034 infeasible   65       766.06133  689.98307  9.93%   4.2 1779s
 218418 78384     cutoff   75       766.06133  690.21042  9.90%   4.2 1795s
 219734 78694     cutoff   59       766.06133  690.43759  9.87%   4.2 1811s
 220852 79087  746.58525   63    7  766.06133  690.65586  9.84%   4.2 1827s
 222063 79442  759.04249   76   23  766.06133  690.79048  9.83%   4.2 1844s
 223065 79751  746.96356   59   32  766.06133  690.97120  9.80%   4.2 1859s
 224393 80147     cutoff   77       766.06133  691.12468  9.78%   4.2 1875s
 225651 80484     cutoff   66       766.06133  691.36318  9.75%   4.2 1893s
 226539 80792     cutoff   66       766.06133  691.38660  9.75%   4.2 1912s
 227832 81194  710.92426   68    7  766.06133  691.57498  9.72%   4.2 1929s
 228946 81562     cutoff   77       766.06133  691.80317  9.69%   4.2 1945s
 230165 81826  729.13798   38   10  766.06133  692.07897  9.66%   4.2 1962s
 231137 82079     cutoff   74       766.06133  692.13261  9.65%   4.2 1979s
 232253 82280  741.15365   54   17  766.06133  692.38661  9.62%   4.2 1998s
 233234 82603  752.17202   63    7  766.06133  692.51229  9.60%   4.2 2015s
 234579 82909  725.52957   91   14  766.06133  692.58638  9.59%   4.2 2034s
 235735 83159  763.24509   56    6  766.06133  692.94399  9.54%   4.2 2053s
 236690 83406     cutoff   73       766.06133  693.01333  9.54%   4.2 2071s
 237107 83531  746.80062   67   29  766.06133  693.14812  9.52%   4.2 2091s
 238176 83879     cutoff   89       766.06133  693.23304  9.51%   4.2 2111s
 239481 84169     cutoff   67       766.06133  693.41805  9.48%   4.2 2135s
 240486 84432  755.92023   46   12  766.06133  693.61884  9.46%   4.2 2160s
 241746 84883     cutoff   79       766.06133  693.79296  9.43%   4.2 2180s
 243167 85246  711.30986   69   14  766.06133  693.87976  9.42%   4.2 2201s
 244189 85489     cutoff   74       766.06133  694.07266  9.40%   4.2 2222s
 245377 85841     cutoff   67       766.06133  694.26015  9.37%   4.2 2240s
 246743 86193     cutoff   59       766.06133  694.56368  9.33%   4.2 2263s
 247664 86390 infeasible   95       766.06133  694.66450  9.32%   4.2 2283s
 248938 86682     cutoff   72       766.06133  694.88669  9.29%   4.2 2303s
 250122 86973 infeasible   47       766.06133  694.95600  9.28%   4.2 2322s
 251127 87209 infeasible   65       766.06133  695.20659  9.25%   4.2 2342s
 252417 87560     cutoff   70       766.06133  695.24967  9.24%   4.2 2363s
 253672 87870     cutoff   62       766.06133  695.58246  9.20%   4.2 2387s
 254640 88190     cutoff   67       766.06133  695.75227  9.18%   4.2 2415s
 256011 88540  730.81169   70   10  766.06133  695.87674  9.16%   4.2 2441s
 256947 88815     cutoff   71       766.06133  696.00487  9.15%   4.2 2461s
 258248 89139 infeasible   61       766.06133  696.25548  9.11%   4.2 2484s
 259522 89402 infeasible   64       766.06133  696.31789  9.10%   4.2 2510s
 260441 89734  765.13610   71    -  766.06133  696.45610  9.09%   4.2 2535s
 261710 90088  733.68659   43   13  766.06133  696.57078  9.07%   4.2 2553s
 262977 90335  697.72319   67   28  766.06133  696.78453  9.04%   4.2 2573s
 264032 90615  719.45200   73   19  766.06133  696.96867  9.02%   4.2 2596s
 265258 90920  750.08322   44   30  766.06133  697.17922  8.99%   4.2 2618s
 266252 91169     cutoff   67       766.06133  697.21310  8.99%   4.2 2639s
 267513 91360  748.55186   74    6  766.06133  697.34192  8.97%   4.2 2664s
 267826 91417 infeasible   77       766.06133  697.45916  8.96%   4.2 2688s
 268799 91605     cutoff   55       766.06133  697.66006  8.93%   4.2 2711s
 269824 91825 infeasible   88       766.06133  697.73553  8.92%   4.2 2736s
 271094 92132  707.09569   42    -  766.06133  697.92185  8.89%   4.2 2762s
 272143 92461 infeasible   62       766.06133  697.98231  8.89%   4.2 2790s
 273520 92732     cutoff   72       766.06133  698.21992  8.86%   4.2 2823s
 273849 92841  735.05320   62   30  766.06133  698.27521  8.85%   4.2 2850s
 274882 93050     cutoff   38       766.06133  698.39735  8.83%   4.2 2872s
 276000 93409     cutoff   50       766.06133  698.48270  8.82%   4.2 2893s
 277371 93708  756.81832   68    -  766.06133  698.66819  8.80%   4.2 2915s
 278466 93996     cutoff   68       766.06133  698.87063  8.77%   4.2 2938s
 279795 94269     cutoff   60       766.06133  699.08433  8.74%   4.2 2962s
 280850 94582  730.10442   63   27  766.06133  699.13913  8.74%   4.2 2988s
 282230 94939  761.65892   67   12  766.06133  699.30922  8.71%   4.2 3012s
 283421 95167     cutoff   83       766.06133  699.41910  8.70%   4.2 3040s
 284649 95450  765.47409   66   13  766.06133  699.58403  8.68%   4.2 3068s
 285755 95690     cutoff   68       766.06133  699.69863  8.66%   4.2 3091s
 286997 95950     cutoff   72       766.06133  699.80543  8.65%   4.2 3115s
 288362 96191  705.46267   64    8  766.06133  700.05600  8.62%   4.2 3137s
 289295 96382  755.00196   75    8  766.06133  700.16090  8.60%   4.2 3160s
 290336 96663 infeasible   76       766.06133  700.31988  8.58%   4.2 3185s
 291591 96959  717.16104   72   15  766.06133  700.55960  8.55%   4.2 3211s
 292671 97215 infeasible   67       766.06133  700.69519  8.53%   4.2 3235s
 294059 97437  715.37926   48   39  766.06133  700.77413  8.52%   4.2 3260s
 295015 97680  713.70026   37   21  766.06133  700.92427  8.50%   4.2 3288s
 296300 97910  761.35744   74   15  766.06133  701.12541  8.48%   4.2 3316s
 297323 98074  739.46007   53   14  766.06133  701.28041  8.46%   4.2 3349s
 297927 98243  748.65667   57   22  766.06133  701.33399  8.45%   4.2 3375s
 299013 98461  751.51394   73   26  766.06133  701.48990  8.43%   4.2 3405s
 300304 98752  756.98614   72   15  766.06133  701.68035  8.40%   4.2 3431s
 301545 98974 infeasible   68       766.06133  701.74940  8.40%   4.2 3457s
 302815 99253     cutoff   70       766.06133  701.98925  8.36%   4.2 3483s
 303935 99429     cutoff   91       766.06133  702.13475  8.34%   4.2 3508s
 305085 99672 infeasible   70       766.06133  702.27031  8.33%   4.2 3535s
 306350 99992 infeasible   73       766.06133  702.36189  8.32%   4.2 3558s
 307500 100213  718.07633   73   27  766.06133  702.57191  8.29%   4.2 3583s
 308827 100428  764.17925   78   32  766.06133  702.62432  8.28%   4.2 3608s
 309846 100625 infeasible   79       766.06133  702.75123  8.26%   4.2 3633s
 310926 100816  739.24007   69   25  766.06133  702.88057  8.25%   4.2 3659s
 311993 101021     cutoff   70       766.06133  703.07028  8.22%   4.2 3692s
 313247 101195  765.62206   60   10  766.06133  703.28062  8.20%   4.2 3724s
 314318 101347     cutoff   70       766.06133  703.37841  8.18%   4.2 3756s
 315424 101518     cutoff   74       766.06133  703.53881  8.16%   4.2 3783s
 316687 101742 infeasible   74       766.06133  703.60326  8.15%   4.2 3811s
 317761 101908  740.69969   65   31  766.06133  703.75240  8.13%   4.2 3837s
 318820 102062     cutoff   67       766.06133  703.93469  8.11%   4.2 3873s
 319374 102169  725.71446   58   36  766.06133  703.99993  8.10%   4.2 3906s
 320553 102411  723.37179   74    7  766.06133  704.13799  8.08%   4.2 3935s
 321692 102620  762.37757   69   19  766.06133  704.18171  8.08%   4.2 3970s
 323028 102837 infeasible   40       766.06133  704.41409  8.05%   4.2 4000s
 324199 103065     cutoff   43       766.06133  704.53901  8.03%   4.2 4028s
 325425 103244     cutoff   59       766.06133  704.74061  8.00%   4.2 4056s
 326741 103460  761.12406   59    -  766.06133  704.78613  8.00%   4.2 4084s
 326939 103496  750.89581   77   13  766.06133  704.91645  7.98%   4.2 4085s
 327899 103686     cutoff   75       766.06133  704.92787  7.98%   4.2 4114s
 328994 103777     cutoff   49       766.06133  705.16968  7.95%   4.2 4146s
 330151 103957  751.14779   88    -  766.06133  705.24499  7.94%   4.2 4185s
 331451 104145  758.64921   88   38  766.06133  705.33751  7.93%   4.2 4231s
 332621 104306  751.80464   63   15  766.06133  705.58368  7.89%   4.2 4261s
 333772 104375  760.40677   68   23  766.06133  705.70359  7.88%   4.2 4290s
 334953 104574  752.87013   73   14  766.06133  705.78240  7.87%   4.2 4327s
 335974 104687 infeasible   63       766.06133  705.98110  7.84%   4.2 4363s
 337054 104815  739.90115   50   28  766.06133  706.13265  7.82%   4.2 4394s
 338223 105004     cutoff   57       766.06133  706.21379  7.81%   4.2 4429s
 339662 105244  758.05742   51   26  766.06133  706.30891  7.80%   4.2 4468s
 340729 105374  727.74977   83   21  766.06133  706.48429  7.78%   4.2 4501s
 341865 105469     cutoff   85       766.06133  706.63469  7.76%   4.2 4536s
 343084 105707  739.54313   83    6  766.06133  706.68232  7.75%   4.2 4567s
 344238 105906     cutoff   84       766.06133  706.87458  7.73%   4.2 4597s
 345503 106082     cutoff   67       766.06133  707.00471  7.71%   4.2 4628s
 346676 106232  744.18858   64   16  766.06133  707.09396  7.70%   4.2 4659s
 347825 106395  719.34414   60   13  766.06133  707.28081  7.67%   4.2 4692s
 348907 106536  746.24711   71   33  766.06133  707.37678  7.66%   4.2 4735s
 349432 106580     cutoff   79       766.06133  707.51401  7.64%   4.2 4772s
 350618 106660     cutoff   61       766.06133  707.62198  7.63%   4.2 4813s
 351863 106862 infeasible   74       766.06133  707.67009  7.62%   4.2 4858s
 352951 106939 infeasible   67       766.06133  707.88549  7.59%   4.2 4890s
 354236 107166  756.76843   52   12  766.06133  708.00199  7.58%   4.2 4922s
 355389 107316 infeasible   62       766.06133  708.09043  7.57%   4.2 4957s
 356635 107501  714.49865   44   11  766.06133  708.16151  7.56%   4.2 4988s
 357797 107584  717.95848   65   16  766.06133  708.34410  7.53%   4.2 5019s
 359037 107790 infeasible   64       766.06133  708.44703  7.52%   4.2 5049s
 360367 107909 infeasible   71       766.06133  708.64134  7.50%   4.2 5085s
 361534 108023  761.32456   72   11  766.06133  708.81224  7.47%   4.2 5124s
 362080 108130     cutoff   69       766.06133  708.84703  7.47%   4.2 5125s
 362640 108193 infeasible   73       766.06133  708.95867  7.45%   4.2 5171s
 364084 108352     cutoff   70       766.06133  709.11022  7.43%   4.2 5216s
 365201 108518  750.30410   98   18  766.06133  709.21110  7.42%   4.2 5260s
 366282 108687 infeasible   99       766.06133  709.25321  7.42%   4.2 5299s
 367468 108826     cutoff   61       766.06133  709.38914  7.40%   4.2 5335s
 368566 108901     cutoff   63       766.06133  709.55401  7.38%   4.2 5369s
 369757 109063     cutoff   63       766.06133  709.61571  7.37%   4.2 5403s
 370847 109191     cutoff   53       766.06133  709.78715  7.35%   4.2 5443s
 372092 109333     cutoff   62       766.06133  709.91436  7.33%   4.2 5479s
 373221 109498  761.97920   58   16  766.06133  710.04111  7.31%   4.2 5513s
 374423 109634  752.52670   86    9  766.06133  710.20466  7.29%   4.2 5550s
 375558 109721  753.38547   87   12  766.06133  710.21786  7.29%   4.2 5584s
 376703 109828 infeasible   88       766.06133  710.35794  7.27%   4.2 5627s
 377806 110033 infeasible   60       766.06133  710.57642  7.24%   4.2 5683s
 378001 109911 infeasible   61       766.06133  710.58763  7.24%   4.2 5727s
 379206 110030  723.74640   57   40  766.06133  710.66574  7.23%   4.2 5765s
 380375 110135  750.61797   70   30  766.06133  710.88022  7.20%   4.2 5807s
 381664 110260  750.54012   64   17  766.06133  710.94024  7.20%   4.2 5850s
 382838 110373 infeasible   45       766.06133  711.11667  7.17%   4.2 5899s
 384074 110414  761.79621   75   15  766.06133  711.25890  7.15%   4.2 5940s
 385276 110521 infeasible   76       766.06133  711.27361  7.15%   4.2 5980s
 386495 110658 infeasible   72       766.06133  711.44429  7.13%   4.2 6028s
 387652 110789  733.25872   70    7  766.06133  711.66864  7.10%   4.2 6069s
 388931 110839  721.13302   38   14  766.06133  711.74656  7.09%   4.2 6115s
 390093 110927  732.33753   69    7  766.06133  711.84019  7.08%   4.2 6152s
 391312 110980 infeasible   38       766.06133  711.94653  7.06%   4.2 6188s
 392465 111061  750.64208   38   19  766.06133  712.16195  7.04%   4.2 6241s
 393632 111212  764.02954   68   14  766.06133  712.27467  7.02%   4.2 6282s
 394853 111363     cutoff   62       766.06133  712.37405  7.01%   4.2 6325s
 396021 111450  754.72937   44    7  766.06133  712.51020  6.99%   4.2 6374s
 397286 111521     cutoff   88       766.06133  712.64426  6.97%   4.2 6410s
 398395 111635     cutoff   75       766.06133  712.76015  6.96%   4.2 6447s
 399576 111711  724.14025   70   29  766.06133  712.92721  6.94%   4.2 6488s
 400821 111824     cutoff   68       766.06133  713.01988  6.92%   4.2 6528s
 401948 112031  738.53995   47   15  766.06133  713.24184  6.89%   4.2 6589s
 402141 112074  765.81637   82   11  766.06133  713.24184  6.89%   4.2 6590s
 402195 112029  748.37851   64    7  766.06133  713.25860  6.89%   4.2 6636s
 403383 112131     cutoff   70       766.06133  713.33961  6.88%   4.2 6679s
 404636 112260 infeasible   69       766.06133  713.45107  6.87%   4.2 6734s
 405807 112284  737.99200   45    9  766.06133  713.53777  6.86%   4.2 6785s
 407030 112442  758.81801   79   17  766.06133  713.71497  6.83%   4.2 6833s
 408226 112517     cutoff   77       766.06133  713.82404  6.82%   4.2 6872s
 409483 112558     cutoff   65       766.06133  713.95435  6.80%   4.2 6911s
 410640 112732     cutoff   71       766.06133  714.13879  6.78%   4.2 6951s
 411838 112863     cutoff   85       766.06133  714.27169  6.76%   4.2 7002s
 413061 112951 infeasible   45       766.06133  714.34897  6.75%   4.2 7056s
 414229 113070  760.73631   68   18  766.06133  714.39631  6.74%   4.2 7099s
 415473 113183  718.78269   38   17  766.06133  714.55709  6.72%   4.2 7142s
 416669 113215     cutoff   65       766.06133  714.66249  6.71%   4.2 7190s
 417786 113451  754.39008   84    -  766.06133  714.82332  6.69%   4.2 7200s

Cutting planes:
  Gomory: 5
  Flow cover: 2
  Zero half: 1
  RLT: 1
  Lazy constraints: 65744

Explored 418060 nodes (1753162 simplex iterations) in 7201.00 seconds
Thread count was 12 (of 12 available processors)

Solution count 3: 766.061 844.548 1033.61 

Time limit reached
Best objective 7.660613315132e+02, best bound 7.148405454086e+02, gap 6.6863%

User-callback calls 1858397, time in user-callback 6.61 sec
/projects/academic/josewalt/caigao/RRARP_BD/BendersDecomp/ret/model_outs/n_16_m_8_algo_2.out
 =====>>>>> Solution is written to file in <../ret/model_outs> !!!
===>> All Done!
