NPROCS=0
This instance is clustered!
Gurobi Optimizer version 9.0.0 build v9.0.0rc2 (linux64)
Optimize a model with 40 rows, 401 columns and 800 nonzeros
Model fingerprint: 0x1aad68c2
Variable types: 1 continuous, 400 integer (400 binary)
Coefficient statistics:
  Matrix range     [1e+00, 1e+00]
  Objective range  [1e+00, 4e+02]
  Bounds range     [1e+00, 1e+00]
  RHS range        [1e+00, 1e+00]
Presolve removed 2 rows and 57 columns
Presolve time: 0.00s
Presolved: 38 rows, 344 columns, 686 nonzeros
Variable types: 1 continuous, 343 integer (343 binary)

Root relaxation: objective 5.284310e+02, 27 iterations, 0.00 seconds

    Nodes    |    Current Node    |     Objective Bounds      |     Work
 Expl Unexpl |  Obj  Depth IntInf | Incumbent    BestBd   Gap | It/Node Time

     0     0  666.96204    0   14          -  666.96204      -     -    0s
     0     0  717.25793    0   20          -  717.25793      -     -    0s
H    0     0                    1151.8756456  717.25793  37.7%     -    0s
     0     0  742.10759    0   10 1151.87565  742.10759  35.6%     -    0s
     0     0  742.10759    0   10 1151.87565  742.10759  35.6%     -    0s
     0     2  747.76704    0   36 1151.87565  747.76704  35.1%     -    0s
H 1964  1393                    1066.4989956  771.00739  27.7%   5.8    0s
 15270  8215  946.74937   29   12 1066.49900  882.42803  17.3%   7.0    5s
 27624 15436     cutoff   72      1066.49900  901.60167  15.5%   7.0   10s
 40529 22460 1047.39275   40   17 1066.49900  914.50950  14.3%   7.1   15s
 49566 26397     cutoff   40      1066.49900  921.95100  13.6%   7.2   20s
 56653 29465 1034.31827   29   28 1066.49900  926.56196  13.1%   7.3   25s
 66571 33574     cutoff   65      1066.49900  932.10858  12.6%   7.3   31s
 72892 36162     cutoff   46      1066.49900  935.34661  12.3%   7.4   35s
 81697 39539     cutoff   53      1066.49900  939.49754  11.9%   7.5   40s
 89303 42795     cutoff   59      1066.49900  942.69859  11.6%   7.5   45s
 94746 44697     cutoff   63      1066.49900  944.69068  11.4%   7.6   50s
 102472 47276     cutoff   63      1066.49900  948.04406  11.1%   7.6   55s
 108214 49283     cutoff   58      1066.49900  950.06284  10.9%   7.7   60s
 113818 51003     cutoff   48      1066.49900  951.96214  10.7%   7.7   65s
 120520 53105 1033.22424   38   10 1066.49900  954.05814  10.5%   7.8   70s
 126006 54780 1061.96623   62   22 1066.49900  955.97367  10.4%   7.8   75s
 130773 55976 infeasible   79      1066.49900  957.34092  10.2%   7.8   82s
 133091 57003     cutoff   42      1066.49900  958.05766  10.2%   7.8   85s
 137560 58227 infeasible   80      1066.49900  959.41127  10.0%   7.9   90s
 143270 59870  984.18588   52   38 1066.49900  961.08514  9.88%   7.9   96s
 147811 61102     cutoff   45      1066.49900  962.30408  9.77%   7.9  100s
 152623 62493     cutoff   66      1066.49900  963.65039  9.64%   8.0  105s
 157167 63636     cutoff   72      1066.49900  964.85391  9.53%   8.0  110s
 161975 64711     cutoff   36      1066.49900  966.17849  9.41%   8.0  115s
H162812 64726                    1066.4988888  966.28225  9.40%   8.0  115s
 166474 65905     cutoff   46      1066.49889  967.42760  9.29%   8.0  120s
H167762 65918                    1066.4988478  967.84209  9.25%   8.0  124s
 167797 66216  988.67510   48   20 1066.49885  967.85077  9.25%   8.0  125s
 172479 67345 1011.18764   24   28 1066.49885  968.85430  9.16%   8.0  130s
 178592 68828 1020.53720   52   26 1066.49885  970.22156  9.03%   8.1  136s
 183351 69870     cutoff   45      1066.49885  971.34777  8.92%   8.1  140s
 184504 69883 1041.74921   42   10 1066.49885  971.51832  8.91%   8.1  306s
 184512 69888 1027.21651   61   51 1066.49885  971.51832  8.91%   8.1  310s
 184516 69891 1016.32713   44   54 1066.49885  971.51832  8.91%   8.1  315s
 184520 69894 1012.35948   49   52 1066.49885  971.51832  8.91%   8.1  320s
 184548 69920  971.51832   30   46 1066.49885  971.51832  8.91%   8.1  327s
H184554 66423                    1066.4982163  971.51832  8.91%   8.1  327s
 184812 66508  971.51832   37   35 1066.49822  971.51832  8.91%   8.1  335s
 186308 66908 1008.21616   70   22 1066.49822  971.51832  8.91%   8.1  340s
 187602 67306  971.51832   40   41 1066.49822  971.51832  8.91%   8.1  345s
 191380 68348 1035.82332   64   10 1066.49822  971.51832  8.91%   8.1  350s
 195059 69275 1060.92639   55   22 1066.49822  971.51832  8.91%   8.1  355s
 198019 69553     cutoff   47      1066.49822  971.51832  8.91%   8.2  361s
 200798 70601  996.35484   52   38 1066.49822  971.51832  8.91%   8.2  365s
 204869 71382 1017.92616   81   25 1066.49822  971.51832  8.91%   8.2  370s
 209862 72066 1059.43096   66   10 1066.49822  971.51832  8.91%   8.2  375s
 214020 72500     cutoff   73      1066.49822  971.51832  8.91%   8.2  380s
 218880 73191     cutoff   84      1066.49822  971.51832  8.91%   8.2  386s
 221379 73276  975.52349   61   14 1066.49822  971.51832  8.91%   8.2  390s
 225803 73617 1055.28699   61   19 1066.49822  971.51832  8.91%   8.2  395s
 229356 73523 1029.95169   80   25 1066.49822  971.51832  8.91%   8.3  400s
 232915 74028 1042.52842   94   24 1066.49822  971.51832  8.91%   8.3  406s
 237017 74130  994.72011   69   29 1066.49822  971.51832  8.91%   8.3  411s
 240087 74215 1028.26591   47   25 1066.49822  971.51832  8.91%   8.3  415s
 244210 74245 1052.73767   58   28 1066.49822  971.51832  8.91%   8.3  421s
 246792 74282 1025.75853   53   18 1066.49822  971.51832  8.91%   8.3  425s
 250703 74298 1023.45933   77   30 1066.49822  971.51832  8.91%   8.3  430s
 253808 74281 1003.17155   55   37 1066.49822  971.51832  8.91%   8.3  435s
 257666 74223 1001.14054   54   23 1066.49822  971.51832  8.91%   8.4  440s
 261253 74059     cutoff   50      1066.49822  971.51832  8.91%   8.4  445s
 264634 74084  998.74207   62   40 1066.49822  971.51832  8.91%   8.4  450s
 268245 73790     cutoff   63      1066.49822  972.06464  8.85%   8.4  455s
H272174 70142                    1066.4981443  973.28337  8.74%   8.4  459s
 272684 70131     cutoff   56      1066.49814  973.48431  8.72%   8.4  461s
 276191 70064 1050.46596   75   28 1066.49814  974.83032  8.60%   8.4  465s
 277240 69782 infeasible   43      1066.49814  975.20096  8.56%   8.4  470s
H277392 66579                    1066.4980841  975.23457  8.56%   8.4  470s
 280596 66546 infeasible   70      1066.49808  976.32477  8.46%   8.4  476s
 283870 66186 1000.42874   66   28 1066.49808  977.64574  8.33%   8.4  481s
 288192 65738  981.07677   67   28 1066.49808  978.77162  8.23%   8.4  486s
 291761 65464     cutoff   63      1066.49808  979.98404  8.11%   8.5  491s
 295460 65088     cutoff   69      1066.49808  981.21284  8.00%   8.5  496s
 299093 64668 1030.77750   52   12 1066.49808  982.35018  7.89%   8.5  500s
 303053 64324     cutoff   57      1066.49808  983.57392  7.78%   8.5  505s
 306354 63842 1025.48439   49   26 1066.49808  984.50446  7.69%   8.5  510s
 310055 63264     cutoff   68      1066.49808  985.50211  7.59%   8.5  515s
H311728 59998                    1066.4978777  985.95131  7.55%   8.5  517s
 313109 59990 1034.13134   42   28 1066.49788  986.40032  7.51%   8.5  520s
 316912 59373     cutoff   71      1066.49788  987.32419  7.42%   8.5  525s
 319708 58890 1060.93220   65   15 1066.49788  988.16258  7.35%   8.5  530s
*319841 54119              76    1058.1266394  988.18029  6.61%   8.5  530s
 323650 53290 1019.85590   55   12 1058.12664  989.39509  6.50%   8.5  536s
 326930 52552     cutoff   68      1058.12664  990.49589  6.39%   8.6  540s
 329935 51847     cutoff   63      1058.12664  991.29792  6.32%   8.6  546s
 331885 51368 1015.68021   45   28 1058.12664  991.94427  6.25%   8.6  550s
 335475 50513     cutoff   76      1058.12664  992.90304  6.16%   8.6  557s
 337786 49967 1014.42011   68   24 1058.12664  993.52879  6.10%   8.6  561s
 340558 49234 1034.76437   59   24 1058.12664  994.21387  6.04%   8.6  566s
 343910 48362 1028.05927   52   20 1058.12664  995.07316  5.96%   8.6  571s
 346610 47677 1049.93954   49   27 1058.12664  995.80689  5.89%   8.6  575s
 350064 47884 1039.03665   56   27 1058.12664  996.58256  5.82%   8.6  581s
 352608 48019 infeasible   51      1058.12664  997.35189  5.74%   8.6  585s
 354908 48105 infeasible   43      1058.12664  997.79594  5.70%   8.7  590s
H355033 48105                    1058.1266058  997.81831  5.70%   8.7  590s
 357293 48295 1037.61934   55   32 1058.12661  998.29879  5.65%   8.7  597s
 359774 48372 1029.90464   79   26 1058.12661  998.87943  5.60%   8.7  601s
H360598 48376                    1058.1265795  998.95649  5.59%   8.7  601s
 363222 48580     cutoff   50      1058.12658  999.78057  5.51%   8.7  606s
 366129 48691 infeasible   52      1058.12658 1000.45754  5.45%   8.7  610s
H367572 48724                    1058.1264019 1000.80612  5.42%   8.7  612s
 369853 48810 1030.61707   40   39 1058.12640 1001.34916  5.37%   8.7  616s
 373362 48827 1039.44052   56   18 1058.12640 1002.12137  5.29%   8.7  621s
 375917 48919     cutoff   54      1058.12640 1002.69113  5.24%   8.7  625s
 379201 48920 1054.24405   73   14 1058.12640 1003.43176  5.17%   8.7  630s
 381871 48912     cutoff   61      1058.12640 1004.09260  5.11%   8.7  635s
 383993 48989 1040.71868   56   22 1058.12640 1004.52531  5.07%   8.8  640s
 388182 49005     cutoff   50      1058.12640 1005.44229  4.98%   8.8  646s
 390170 48970     cutoff   59      1058.12640 1005.91056  4.93%   8.8  650s
 393572 48846 1028.82666   61   29 1058.12640 1006.57297  4.87%   8.8  657s
 395847 48819     cutoff   53      1058.12640 1007.01696  4.83%   8.8  661s
 398361 48712 1033.75672   49   17 1058.12640 1007.56025  4.78%   8.8  665s
 402082 48580     cutoff   64      1058.12640 1008.31944  4.71%   8.8  671s
 404305 48480 1021.55005   46   32 1058.12640 1008.86152  4.66%   8.8  675s
 407713 48300 1013.95189   52   35 1058.12640 1009.51781  4.59%   8.8  682s
 409723 48220 infeasible   52      1058.12640 1009.93710  4.55%   8.8  686s
 412045 48146     cutoff   62      1058.12640 1010.48286  4.50%   8.8  691s
 414778 47981 1028.83254   67   10 1058.12640 1010.97225  4.46%   8.8  696s
 416877 47792 1056.98974   60   14 1058.12640 1011.37085  4.42%   8.9  701s
 419587 47521     cutoff   51      1058.12640 1011.95528  4.36%   8.9  706s
 420822 47517     cutoff   77      1058.12640 1012.21780  4.34%   8.9  710s
 423230 47226     cutoff   69      1058.12640 1012.67749  4.30%   8.9  717s
 426361 46940     cutoff   77      1058.12640 1013.31850  4.23%   8.9  722s
 428979 46656 1034.53567   64   21 1058.12640 1013.87043  4.18%   8.9  727s
 431228 46351     cutoff   76      1058.12640 1014.29747  4.14%   8.9  731s
 433828 46087     cutoff   68      1058.12640 1014.85732  4.09%   8.9  736s
 436019 45775     cutoff   79      1058.12640 1015.27573  4.05%   8.9  740s
 438579 45436     cutoff   46      1058.12640 1015.74792  4.01%   8.9  745s
 440642 45177     cutoff   64      1058.12640 1016.20235  3.96%   8.9  750s
 443347 44792     cutoff   51      1058.12640 1016.73334  3.91%   8.9  755s
 445918 44396 1029.68088   41   17 1058.12640 1017.26639  3.86%   9.0  760s
 448228 43973 1048.83469   54   13 1058.12640 1017.73084  3.82%   9.0  765s
 451883 43364 1057.21032   55   10 1058.12640 1018.52070  3.74%   9.0  772s
 454383 42905 1052.46388   68   20 1058.12640 1019.02071  3.70%   9.0  776s
 456895 42469     cutoff   71      1058.12640 1019.56392  3.64%   9.0  780s
 460736 41743 1045.30465   59   21 1058.12640 1020.37693  3.57%   9.0  786s
 462976 41309     cutoff   42      1058.12640 1020.85930  3.52%   9.0  790s
 466891 40525     cutoff   71      1058.12640 1021.64776  3.45%   9.0  796s
 469092 40081     cutoff   50      1058.12640 1022.14054  3.40%   9.0  801s
 471269 39515 1046.74637   68   34 1058.12640 1022.62747  3.35%   9.0  805s
 475009 38716 1041.25822   66   10 1058.12640 1023.39291  3.28%   9.1  812s
 477606 38165 1051.43697   57    9 1058.12640 1024.00520  3.22%   9.1  816s
 479841 37510 1053.54912   67   19 1058.12640 1024.48047  3.18%   9.1  820s
 483403 36565 1036.51254   64   19 1058.12640 1025.29713  3.10%   9.1  826s
 484677 36492 1035.62064   72   11 1058.12640 1025.51503  3.08%   9.1  830s
 487348 35495 1057.01223   76   23 1058.12640 1026.16038  3.02%   9.1  836s
 489876 34769 1038.23898   76   29 1058.12640 1026.78749  2.96%   9.1  840s
 493693 33728 1045.65123   59   27 1058.12640 1027.64970  2.88%   9.1  846s
 496103 32892 1033.98347   80   16 1058.12640 1028.18049  2.83%   9.1  851s
 499795 31629     cutoff   56      1058.12640 1029.03760  2.75%   9.2  857s
 500955 31189     cutoff   50      1058.12640 1029.24828  2.73%   9.2  860s
 504617 29837 1051.51983   42   39 1058.12640 1030.37021  2.62%   9.2  866s
 507042 28976     cutoff   65      1058.12640 1030.93780  2.57%   9.2  870s
 510708 27557     cutoff   72      1058.12640 1031.98193  2.47%   9.2  876s
 513130 26594 1048.71522   48   22 1058.12640 1032.63742  2.41%   9.2  881s
 515579 25572 1051.66255   84   13 1058.12640 1033.32417  2.34%   9.2  885s
 518103 24449 1051.21185   57   20 1058.12640 1034.13389  2.27%   9.2  890s
 521833 22682     cutoff   52      1058.12640 1035.24616  2.16%   9.2  896s
 524313 21499     cutoff   58      1058.12640 1036.15370  2.08%   9.3  901s
 526731 20193 1048.75974   62   17 1058.12640 1037.04993  1.99%   9.3  905s
 530468 18371 1041.14592   57   32 1058.12640 1038.35607  1.87%   9.3  911s
 532936 17425     cutoff   58      1058.12640 1039.17154  1.79%   9.3  917s
 534720 15883     cutoff   68      1058.12640 1039.91918  1.72%   9.3  921s
 537274 14370     cutoff   55      1058.12640 1041.09867  1.61%   9.3  925s
 541040 11862     cutoff   50      1058.12640 1042.92225  1.44%   9.3  932s
 543611 10071     cutoff   72      1058.12640 1044.30110  1.31%   9.4  936s
 546038  8239     cutoff   55      1058.12640 1045.85873  1.16%   9.4  941s
 548510  6183 1057.16351   90   19 1058.12640 1047.69978  0.99%   9.4  945s
 550969  4112     cutoff   65      1058.12640 1049.66856  0.80%   9.4  950s
 554742   543     cutoff   66      1058.12640 1053.74743  0.41%   9.4  957s

Cutting planes:
  Gomory: 6
  MIR: 1
  Zero half: 4
  RLT: 1
  Lazy constraints: 859

Explored 556564 nodes (5250875 simplex iterations) in 958.39 seconds
Thread count was 12 (of 12 available processors)

Solution count 3: 1058.13 1066.5 1151.88 

Optimal solution found (tolerance 1.00e-04)
Best objective 1.058126401875e+03, best bound 1.058126401875e+03, gap 0.0000%

User-callback calls 1277120, time in user-callback 0.52 sec
/projects/academic/josewalt/caigao/RRARP_BD/BendersDecomp/ret/model_outs/n_18_h_3_algo_3.out
 =====>>>>> Solution is written to file in <../ret/model_outs> !!!
===>> All Done!
