NPROCS=0
This instance is clustered!
Gurobi Optimizer version 9.0.0 build v9.0.0rc2 (linux64)
Optimize a model with 32 rows, 257 columns and 512 nonzeros
Model fingerprint: 0x68af9c1a
Variable types: 1 continuous, 256 integer (256 binary)
Coefficient statistics:
  Matrix range     [1e+00, 1e+00]
  Objective range  [1e+00, 2e+02]
  Bounds range     [1e+00, 1e+00]
  RHS range        [1e+00, 1e+00]
Presolve removed 2 rows and 45 columns
Presolve time: 0.00s
Presolved: 30 rows, 212 columns, 422 nonzeros
Variable types: 1 continuous, 211 integer (211 binary)

Root relaxation: objective 3.057774e+02, 24 iterations, 0.00 seconds
 done with super cut 0

    Nodes    |    Current Node    |     Objective Bounds      |     Work
 Expl Unexpl |  Obj  Depth IntInf | Incumbent    BestBd   Gap | It/Node Time

     0     0  465.08574    0   30          -  465.08574      -     -    0s
 done with super cut 1
 done with super cut 2
H    0     0                     855.9270706  465.08574  45.7%     -    0s
 done with super cut 3
 done with super cut 4
H    0     0                     759.2611699  465.08574  38.7%     -    1s
     0     0  476.14229    0   31  759.26117  476.14229  37.3%     -    1s
     0     0  482.17087    0   17  759.26117  482.17087  36.5%     -    1s
 done with super cut 5
 done with super cut 6
H    0     0                     567.1719157  482.17087  15.0%     -    1s
 done with super cut 7
 done with super cut 8
 done with super cut 9
     0     0  482.90939    0   38  567.17192  482.90939  14.9%     -    1s
 done with super cut 10
H    0     0                     566.9950349  482.90939  14.8%     -    2s
     0     0  487.21957    0   32  566.99503  487.21957  14.1%     -    2s
     0     0  487.21957    0   30  566.99503  487.21957  14.1%     -    2s
     0     0  487.21957    0   31  566.99503  487.21957  14.1%     -    2s
     0     0  487.21957    0   36  566.99503  487.21957  14.1%     -    2s
     0     0  487.21957    0   38  566.99503  487.21957  14.1%     -    2s
     0     0  487.21957    0   32  566.99503  487.21957  14.1%     -    2s
     0     0  487.22021    0   36  566.99503  487.22021  14.1%     -    2s
     0     0  487.33173    0   36  566.99503  487.33173  14.1%     -    2s
     0     0  487.35742    0   36  566.99503  487.35742  14.0%     -    2s
     0     0  487.35742    0   36  566.99503  487.35742  14.0%     -    2s
     0     2  495.34950    0   36  566.99503  495.34950  12.6%     -    2s

Cutting planes:
  Gomory: 3
  MIR: 2
  Zero half: 8
  Lazy constraints: 104

Explored 2483 nodes (20884 simplex iterations) in 2.65 seconds
Thread count was 12 (of 12 available processors)

Solution count 4: 566.995 567.172 759.261 855.927 

Optimal solution found (tolerance 1.00e-04)
Best objective 5.669950349495e+02, best bound 5.669950349495e+02, gap 0.0000%

User-callback calls 5431, time in user-callback 2.29 sec
/projects/academic/josewalt/caigao/RRARP_BD/BendersDecomp/ret/model_outs/n_14_m_10_algo_4.out
 =====>>>>> Solution is written to file in <../ret/model_outs> !!!
===>> All Done!
