NPROCS=0
This instance is clustered!
Gurobi Optimizer version 9.0.0 build v9.0.0rc2 (linux64)
Optimize a model with 24 rows, 145 columns and 288 nonzeros
Model fingerprint: 0x5030581f
Variable types: 1 continuous, 144 integer (144 binary)
Coefficient statistics:
  Matrix range     [1e+00, 1e+00]
  Objective range  [8e-01, 9e+01]
  Bounds range     [1e+00, 1e+00]
  RHS range        [1e+00, 1e+00]
Presolve removed 2 rows and 33 columns
Presolve time: 0.00s
Presolved: 22 rows, 112 columns, 222 nonzeros
Variable types: 1 continuous, 111 integer (111 binary)

Root relaxation: objective 1.073026e+02, 18 iterations, 0.00 seconds

    Nodes    |    Current Node    |     Objective Bounds      |     Work
 Expl Unexpl |  Obj  Depth IntInf | Incumbent    BestBd   Gap | It/Node Time

     0     0  176.69639    0   20          -  176.69639      -     -    0s
H    0     0                     306.5306616  176.69639  42.4%     -    0s
     0     0  186.09371    0   11  306.53066  186.09371  39.3%     -    0s
H    0     0                     303.2980213  186.09371  38.6%     -    0s
H    0     0                     234.9101364  186.09371  20.8%     -    0s
     0     0  186.09371    0   11  234.91014  186.09371  20.8%     -    0s
     0     2  186.09371    0   11  234.91014  186.09371  20.8%     -    0s

Cutting planes:
  Gomory: 1
  Lazy constraints: 763

Explored 3075 nodes (9976 simplex iterations) in 0.41 seconds
Thread count was 12 (of 12 available processors)

Solution count 3: 234.91 303.298 306.531 

Optimal solution found (tolerance 1.00e-04)
Best objective 2.349101364456e+02, best bound 2.349101364456e+02, gap 0.0000%

User-callback calls 7140, time in user-callback 0.04 sec
/projects/academic/josewalt/caigao/RRARP_BD/BendersDecomp/ret/model_outs/n_10_h_2_algo_2.out
 =====>>>>> Solution is written to file in <../ret/model_outs> !!!
===>> All Done!
