NPROCS=0
This instance is clustered!
Gurobi Optimizer version 9.0.0 build v9.0.0rc2 (linux64)
Optimize a model with 48 rows, 577 columns and 1152 nonzeros
Model fingerprint: 0xecf4491a
Variable types: 1 continuous, 576 integer (576 binary)
Coefficient statistics:
  Matrix range     [1e+00, 1e+00]
  Objective range  [1e+00, 5e+02]
  Bounds range     [1e+00, 1e+00]
  RHS range        [1e+00, 1e+00]
Presolve removed 2 rows and 69 columns
Presolve time: 0.01s
Presolved: 46 rows, 508 columns, 1014 nonzeros
Variable types: 1 continuous, 507 integer (507 binary)

Root relaxation: objective 8.812192e+02, 40 iterations, 0.00 seconds

    Nodes    |    Current Node    |     Objective Bounds      |     Work
 Expl Unexpl |  Obj  Depth IntInf | Incumbent    BestBd   Gap | It/Node Time

     0     0  882.45474    0   12          -  882.45474      -     -    0s
     0     0 1112.65067    0   12          - 1112.65067      -     -    0s
     0     2 1114.81670    0   12          - 1114.81670      -     -    0s
 done with super cut 0
 done with super cut 1
 done with super cut 2
 done with super cut 3
 done with super cut 4
 done with super cut 5
 done with super cut 6
   317   343 1406.22752   24   41          - 1269.81981      -   6.5   17s
 done with super cut 7
 done with super cut 8
 done with super cut 9
 done with super cut 10
   489   495 1400.74900   13   24          - 1269.81981      -   6.4   32s
*  603   597              36    1786.2854910 1269.81981  28.9%   6.5   32s
*  866   785              29    1769.6978641 1277.68666  27.8%   6.5   32s
H 1978  1409                    1719.9293769 1304.16386  24.2%   6.3   33s
H 1979  1339                    1692.0390030 1304.16386  22.9%   6.3   33s
H 1979  1272                    1687.8675087 1304.16386  22.7%   6.3   33s
H 1981  1210                    1567.1456656 1304.16386  16.8%   6.3   33s
H 3452  1306                    1560.8802525 1362.59674  12.7%   7.3   34s
H 4362  1160                    1543.1279059 1413.03270  8.43%   7.7   34s
  6666  1474 1509.15111   36   18 1543.12791 1446.21438  6.28%   8.6   35s
H 9544  1922                    1543.1279010 1469.16488  4.79%   9.4   35s
H11082  1933                    1543.1278837 1481.82636  3.97%   9.8   36s

Cutting planes:
  Gomory: 4
  MIR: 1
  Flow cover: 1
  Zero half: 2
  Lazy constraints: 220

Explored 16398 nodes (183457 simplex iterations) in 37.86 seconds
Thread count was 12 (of 12 available processors)

Solution count 8: 1543.13 1560.88 1567.15 ... 1786.29

Optimal solution found (tolerance 1.00e-04)
Best objective 1.543127883716e+03, best bound 1.543127883716e+03, gap 0.0000%

User-callback calls 35820, time in user-callback 32.81 sec
/projects/academic/josewalt/caigao/RRARP_BD/BendersDecomp/ret/model_outs/n_22_m_8_algo_4.out
 =====>>>>> Solution is written to file in <../ret/model_outs> !!!
===>> All Done!
