NPROCS=0
This instance is clustered!
Gurobi Optimizer version 9.0.0 build v9.0.0rc2 (linux64)
Optimize a model with 46 rows, 530 columns and 1058 nonzeros
Model fingerprint: 0x72a1a78c
Variable types: 1 continuous, 529 integer (529 binary)
Coefficient statistics:
  Matrix range     [1e+00, 1e+00]
  Objective range  [1e+00, 4e+02]
  Bounds range     [1e+00, 1e+00]
  RHS range        [1e+00, 1e+00]
Presolve removed 2 rows and 66 columns
Presolve time: 0.01s
Presolved: 44 rows, 464 columns, 926 nonzeros
Variable types: 1 continuous, 463 integer (463 binary)

Root relaxation: objective 8.523142e+02, 41 iterations, 0.00 seconds

    Nodes    |    Current Node    |     Objective Bounds      |     Work
 Expl Unexpl |  Obj  Depth IntInf | Incumbent    BestBd   Gap | It/Node Time

     0     0  869.69731    0   20          -  869.69731      -     -    0s
     0     0  916.84780    0   12          -  916.84780      -     -    0s
     0     2  916.84780    0    8          -  916.84780      -     -    0s
 done with super cut 0
 done with super cut 1
 done with super cut 2
 done with super cut 3
 done with super cut 4
 done with super cut 5
 done with super cut 6
    39    41 1001.01639    7   26          - 1000.25880      -   7.7   18s
 done with super cut 7
 done with super cut 8
 done with super cut 9
 done with super cut 10
   171   189 1101.55606   16   36          - 1001.67224      -   7.1   44s
  2061  1825 1514.22240   72   12          - 1010.43647      -   5.4   45s
H 2062  1734                    2167.7690717 1010.43647  53.4%   5.4   45s
H 2062  1647                    1415.2507414 1010.43647  28.6%   5.4   45s
 17643 11764 1362.59187   67   28 1415.25074 1056.26775  25.4%   5.4   50s
 32282 23099 1352.72900   66    6 1415.25074 1069.11086  24.5%   5.4   55s
 42880 31269 1301.93691   80   35 1415.25074 1075.32256  24.0%   5.4   60s
 52113 37829 1239.78682  109   28 1415.25074 1079.90887  23.7%   5.4   65s
 61490 45258 1230.10036   25   24 1415.25074 1084.20091  23.4%   5.4   70s
 66916 49196 1353.55867  117   18 1415.25074 1086.14122  23.3%   5.4   75s
 70360 50979 1205.24226   63   12 1415.25074 1087.35167  23.2%   5.4  116s
 70362 50980 1132.89782   37   40 1415.25074 1087.35167  23.2%   5.4  122s
 70368 50984 1324.23136   52   54 1415.25074 1087.35167  23.2%   5.4  125s
 70375 50989 1188.05363   57   53 1415.25074 1087.35167  23.2%   5.4  130s
 70377 50990 1330.91456   54   53 1415.25074 1087.35167  23.2%   5.4  187s
 70440 51048 1087.35167   27   42 1415.25074 1087.35167  23.2%   5.4  190s
 71742 51724 1087.35167   75   23 1415.25074 1087.35167  23.2%   5.4  195s
 75154 53326 1153.05257  145   30 1415.25074 1087.35167  23.2%   5.4  200s
 77886 54793 1152.19803   75   27 1415.25074 1087.35167  23.2%   5.4  205s
 83883 57364 1369.36053  216   23 1415.25074 1087.35167  23.2%   5.4  211s
 88701 60394 1168.32108   75   35 1415.25074 1087.35167  23.2%   5.4  215s
 94235 63240 1354.97794  168   22 1415.25074 1087.35167  23.2%   5.4  220s
 98959 65288 1355.05753   85   11 1415.25074 1087.35167  23.2%   5.4  225s
 104091 67290 infeasible  161      1415.25074 1087.35167  23.2%   5.4  230s
 109405 69980 1354.35634  127   28 1415.25074 1087.35167  23.2%   5.4  235s
 113634 71487     cutoff   72      1415.25074 1087.35167  23.2%   5.5  240s
 119741 74385     cutoff  126      1415.25074 1087.35167  23.2%   5.4  245s
 124250 76493     cutoff  113      1415.25074 1087.35167  23.2%   5.4  250s
 128614 78126 1408.53719   58   15 1415.25074 1087.35167  23.2%   5.4  255s
 133005 80221 1296.07849   48   17 1415.25074 1087.35167  23.2%   5.4  260s
 137333 81644     cutoff  128      1415.25074 1087.35167  23.2%   5.5  266s
 140867 83615     cutoff   84      1415.25074 1087.35167  23.2%   5.5  270s
 145168 85307 1371.58368  121   17 1415.25074 1088.64249  23.1%   5.5  275s
 150297 87458 1292.79567   68   14 1415.25074 1090.15116  23.0%   5.5  280s
 155371 89808 1373.87291   60   23 1415.25074 1091.65672  22.9%   5.5  285s
 160122 91733 1224.84777   53   21 1415.25074 1093.41797  22.7%   5.4  290s
 164244 93521     cutoff  121      1415.25074 1094.96022  22.6%   5.4  296s
 168035 94977     cutoff   51      1415.25074 1095.99681  22.6%   5.4  300s
 171326 96158     cutoff   93      1415.25074 1097.28604  22.5%   5.4  305s
 174424 97605 1238.90006   50   12 1415.25074 1097.80957  22.4%   5.5  310s
 176025 97733 1322.36454   85   15 1415.25074 1098.14003  22.4%   5.5  315s
 179769 99749 1244.93893   68   21 1415.25074 1099.21540  22.3%   5.5  321s
 183741 101371     cutoff  150      1415.25074 1100.16237  22.3%   5.5  326s
 187498 102865     cutoff  127      1415.25074 1100.96147  22.2%   5.5  331s
 189954 103665     cutoff   88      1415.25074 1101.69525  22.2%   5.5  335s
 193149 104851 infeasible  101      1415.25074 1102.86947  22.1%   5.5  340s
 196645 106191 1281.95464  104   12 1415.25074 1103.71668  22.0%   5.5  345s
 200315 108065 1351.03307   88   19 1415.25074 1104.71078  21.9%   5.5  350s
 202956 108908 1362.07612   64   10 1415.25074 1105.39816  21.9%   5.5  355s
 206281 110349 1240.72066   67   29 1415.25074 1105.99857  21.9%   5.5  361s
 208604 111202 infeasible  126      1415.25074 1106.50928  21.8%   5.5  365s
 212025 112571     cutoff   71      1415.25074 1107.39506  21.8%   5.5  370s
 215624 114146 1335.06315  108   36 1415.25074 1108.18837  21.7%   5.5  376s
 218061 114634 infeasible   84      1415.25074 1108.61040  21.7%   5.5  380s
 220965 115381 1309.48640   64   19 1415.25074 1109.19093  21.6%   5.5  388s
 221289 116150 1266.16166   91   16 1415.25074 1109.29233  21.6%   5.5  390s
 225150 118346 1344.10944   71    9 1415.25074 1110.04693  21.6%   5.5  396s
 227650 120275 1339.54116   68   17 1415.25074 1110.44542  21.5%   5.5  400s
 230151 121297 1312.24911   39   17 1415.25074 1110.92884  21.5%   5.5  406s
 231357 123035     cutoff   74      1415.25074 1111.06934  21.5%   5.5  410s
 234134 125164 1240.96143   76   29 1415.25074 1111.61099  21.5%   5.5  416s
 236850 127219     cutoff   84      1415.25074 1111.99933  21.4%   5.5  422s
 238241 128260 1213.70308   58   34 1415.25074 1112.27969  21.4%   5.5  425s
 240579 129844 1396.06441   52   16 1415.25074 1112.70768  21.4%   5.5  430s
 244353 132456     cutoff   94      1415.25074 1113.35533  21.3%   5.5  436s
 246302 133530 1308.64075   68    8 1415.25074 1113.70341  21.3%   5.6  441s
 248579 135221 infeasible   98      1415.25074 1113.94682  21.3%   5.6  446s
 251135 137299 1339.31117   69   12 1415.25074 1114.51848  21.2%   5.6  451s
 253520 138694     cutoff  100      1415.25074 1114.91539  21.2%   5.6  456s
 255664 140449     cutoff  100      1415.25074 1115.22202  21.2%   5.6  462s
 258260 142264 1373.43639  112   21 1415.25074 1115.55576  21.2%   5.6  467s
 260733 144083 1410.73665  102    6 1415.25074 1115.98564  21.1%   5.6  472s
 263103 145969     cutoff  116      1415.25074 1116.42248  21.1%   5.6  477s
 264419 146814     cutoff  108      1415.25074 1116.66816  21.1%   5.6  480s
 267883 149062 1266.13771   58   22 1415.25074 1117.18004  21.1%   5.6  486s
 269978 150878     cutoff   89      1415.25074 1117.42032  21.0%   5.6  491s
 272394 152641     cutoff   68      1415.25074 1117.80037  21.0%   5.6  495s
 276068 155298 infeasible   94      1415.25074 1118.32059  21.0%   5.6  501s
 278150 156740     cutoff  108      1415.25074 1118.49843  21.0%   5.6  506s
 280476 158130 1325.06194   44   10 1415.25074 1118.80022  20.9%   5.6  511s
 282758 159947 1319.39123   54   14 1415.25074 1119.12871  20.9%   5.6  516s
 285444 161574 1398.94741  105   27 1415.25074 1119.49378  20.9%   5.6  521s
 286429 162005     cutoff   88      1415.25074 1119.68747  20.9%   5.6  525s
 288095 163415 1204.90640   62   20 1415.25074 1119.79534  20.9%   5.6  530s
 290610 165194 infeasible  117      1415.25074 1120.21649  20.8%   5.6  536s
 292589 166320 1409.32998   77   15 1415.25074 1120.42627  20.8%   5.6  542s
 294586 167109     cutoff   88      1415.25074 1120.70064  20.8%   5.6  546s
 296381 168959 1217.44032  101   10 1415.25074 1121.04170  20.8%   5.6  552s
 297760 169853     cutoff   84      1415.25074 1121.19470  20.8%   5.6  555s
 300299 171955 1245.57966   61   30 1415.25074 1121.52843  20.8%   5.6  561s
 302971 173582 1215.02597   65   16 1415.25074 1121.82585  20.7%   5.6  566s
 304109 173722     cutoff  107      1415.25074 1122.01353  20.7%   5.6  572s
 304267 174785 1407.97338  107   19 1415.25074 1122.02368  20.7%   5.6  575s
 306772 176359 1334.08737   75   29 1415.25074 1122.33206  20.7%   5.6  580s
 309097 178271 1263.39659   46   18 1415.25074 1122.62671  20.7%   5.6  586s
 311815 180156 1361.17027   84   12 1415.25074 1122.95731  20.7%   5.6  591s
 314215 181804 1250.43862   45   21 1415.25074 1123.23039  20.6%   5.6  596s
 316233 183060 1250.84098   51   11 1415.25074 1123.43180  20.6%   5.6  602s
 317179 183751 1327.82582   64    6 1415.25074 1123.47959  20.6%   5.6  605s
 319492 185210 1255.89397   72   21 1415.25074 1123.68400  20.6%   5.7  610s
 321100 186511 1335.63920   38   14 1415.25074 1123.93515  20.6%   5.7  616s
 322348 187310 1409.01529   68   15 1415.25074 1124.09742  20.6%   5.7  620s
 324602 188732 1316.00870   51   13 1415.25074 1124.47701  20.5%   5.7  627s
 325800 189670     cutoff   56      1415.25074 1124.66626  20.5%   5.7  631s
 328346 191473     cutoff   80      1415.25074 1124.90981  20.5%   5.7  637s
 329688 192629 infeasible  101      1415.25074 1125.13082  20.5%   5.7  640s
 332619 194195     cutoff  125      1415.25074 1125.55304  20.5%   5.7  646s
 334394 195290     cutoff   56      1415.25074 1125.72616  20.5%   5.7  652s
 335425 196118     cutoff   83      1415.25074 1125.94153  20.4%   5.7  655s
H337052 196881                    1415.2507388 1126.11792  20.4%   5.7  658s
 337575 197746 1402.75798   88   34 1415.25074 1126.15457  20.4%   5.7  661s
 340107 199580 1372.84389  114   32 1415.25074 1126.48315  20.4%   5.7  666s
 342668 200988     cutoff  125      1415.25074 1126.86256  20.4%   5.7  671s
 344690 202024 1269.86206   72   16 1415.25074 1127.02902  20.4%   5.7  675s
 346515 203440 1414.47156   77    - 1415.25074 1127.30365  20.3%   5.7  682s
 347653 204191 1226.29667   61   15 1415.25074 1127.38990  20.3%   5.7  685s
 350215 206063     cutoff   93      1415.25074 1127.67861  20.3%   5.7  691s
 352806 208103 1235.93757   45   17 1415.25074 1127.90440  20.3%   5.7  697s
 354205 208994 1299.18909  109   22 1415.25074 1128.03480  20.3%   5.7  701s
 356488 210219 1322.25270   75   23 1415.25074 1128.28129  20.3%   5.7  709s
 357313 210829 1369.63454   71   16 1415.25074 1128.38979  20.3%   5.7  713s
 358333 211797     cutoff  100      1415.25074 1128.41189  20.3%   5.7  716s
 359726 212681     cutoff  112      1415.25074 1128.61350  20.3%   5.7  720s
 362233 214004     cutoff   71      1415.25074 1128.98056  20.2%   5.7  728s
 362933 214694 infeasible   53      1415.25074 1128.98976  20.2%   5.7  732s
 364091 214929 1302.57333   53   10 1415.25074 1129.14607  20.2%   5.7  738s
 364381 215847 1303.68808   54   15 1415.25074 1129.15934  20.2%   5.7  742s
 365801 216363 1386.41546   62   25 1415.25074 1129.33193  20.2%   5.7  745s
 367939 217952 1282.21605   47   13 1415.25074 1129.62648  20.2%   5.7  753s
 369008 219032 1160.98628   47   20 1415.25074 1129.65642  20.2%   5.7  756s
 370504 219860     cutoff   84      1415.25074 1129.76697  20.2%   5.7  760s
 372766 221332 1226.70914   63   17 1415.25074 1129.99721  20.2%   5.7  767s
 374126 221442 1218.88027   58   20 1415.25074 1130.05768  20.2%   5.7  773s
 374288 222538 1228.87085   59   14 1415.25074 1130.20190  20.1%   5.7  777s
 375782 223501 infeasible   70      1415.25074 1130.34403  20.1%   5.7  780s
 378508 225264     cutoff   80      1415.25074 1130.60551  20.1%   5.7  788s
 379812 226299 infeasible   58      1415.25074 1130.74841  20.1%   5.7  792s
 381251 227036 1337.27982   61   27 1415.25074 1130.94750  20.1%   5.7  797s
 382290 227647 1386.59772   52   12 1415.25074 1131.06778  20.1%   5.7  801s
 384358 229462 1365.66002   59   24 1415.25074 1131.20284  20.1%   5.7  808s
 385875 230412 1231.43243   41   12 1415.25074 1131.39200  20.1%   5.7  812s
 387271 231353     cutoff   73      1415.25074 1131.54980  20.0%   5.7  815s
 389869 233168     cutoff   91      1415.25074 1131.80754  20.0%   5.7  821s
 391930 234210 1323.45627   48   13 1415.25074 1132.02177  20.0%   5.8  826s
 392701 234840 1319.88897  121   22 1415.25074 1132.09854  20.0%   5.8  830s
 394910 236783 1328.11799   58   15 1415.25074 1132.28780  20.0%   5.8  837s
 396376 237606 1329.31857   79   29 1415.25074 1132.45174  20.0%   5.8  840s
 398606 238890 1402.56113   72    4 1415.25074 1132.66397  20.0%   5.8  847s
 399875 239952     cutoff  110      1415.25074 1132.76464  20.0%   5.8  850s
 402597 241510 1316.52498   51   12 1415.25074 1133.04757  19.9%   5.8  856s
 404709 243088     cutoff   81      1415.25074 1133.18795  19.9%   5.8  862s
 406080 243968 1346.72387   45    9 1415.25074 1133.29045  19.9%   5.8  866s
 407331 244780 1275.31186   81   21 1415.25074 1133.45842  19.9%   5.8  870s
 409928 246626     cutoff   96      1415.25074 1133.69425  19.9%   5.8  877s
 411022 247334 1354.17167   80   18 1415.25074 1133.78888  19.9%   5.8  880s
 413461 248623 1262.48876   35   27 1415.25074 1134.05901  19.9%   5.8  887s
 414243 249326     cutoff   53      1415.25074 1134.15650  19.9%   5.8  890s
 416436 250956     cutoff   80      1415.25074 1134.38233  19.8%   5.8  897s
 417558 251763 1319.09056   51   21 1415.25074 1134.46334  19.8%   5.8  900s
 420249 253824     cutoff   95      1415.25074 1134.73813  19.8%   5.8  909s
 421605 254487     cutoff   91      1415.25074 1134.81408  19.8%   5.8  912s
 422667 255186     cutoff   58      1415.25074 1134.91424  19.8%   5.8  916s
 425085 256805 infeasible  106      1415.25074 1135.14681  19.8%   5.8  923s
 426234 257451     cutoff   97      1415.25074 1135.25008  19.8%   5.8  926s
 427228 258131 1239.17475   83   25 1415.25074 1135.34732  19.8%   5.8  930s
 429581 259498     cutoff   61      1415.25074 1135.50264  19.8%   5.8  937s
 430521 260434 1394.79813   86   27 1415.25074 1135.56848  19.8%   5.8  941s
 431871 261274 1279.42317   55   23 1415.25074 1135.70994  19.8%   5.8  945s
 434108 262750     cutoff   73      1415.25074 1135.93286  19.7%   5.8  952s
 435406 263487 1361.64145   52   27 1415.25074 1136.02520  19.7%   5.8  957s
 436644 264018 1275.87364   57   18 1415.25074 1136.04028  19.7%   5.8  960s
 438200 264927 1256.77687   42   16 1415.25074 1136.26995  19.7%   5.8  966s
 439169 265682     cutoff   98      1415.25074 1136.36463  19.7%   5.8  970s
 441831 267282     cutoff  116      1415.25074 1136.48838  19.7%   5.8  977s
 442845 268327 1218.20621   48   25 1415.25074 1136.68472  19.7%   5.8  980s
 445547 269387     cutoff   93      1415.25074 1136.85012  19.7%   5.8  991s
 445774 270198     cutoff   94      1415.25074 1136.86772  19.7%   5.8  995s
 446997 270723 1223.73706  124   32 1415.25074 1136.96170  19.7%   5.8 1000s
 449030 272540 1312.82412  104   12 1415.25074 1137.13196  19.7%   5.8 1008s
 450442 273491 1264.59764   64   26 1415.25074 1137.23225  19.6%   5.8 1012s
 451805 274182 infeasible   63      1415.25074 1137.39110  19.6%   5.8 1017s
 452952 275135 1246.26902   64   26 1415.25074 1137.49183  19.6%   5.8 1022s
 454261 275922     cutoff   91      1415.25074 1137.56327  19.6%   5.8 1026s
 455374 276915 1222.72866   55   23 1415.25074 1137.63028  19.6%   5.8 1030s
 456824 277456     cutoff  103      1415.25074 1137.79678  19.6%   5.8 1035s
 457847 278335 1223.39536   53   25 1415.25074 1137.92115  19.6%   5.8 1040s
 460100 279577 1369.22822   55   30 1415.25074 1138.13170  19.6%   5.8 1049s
 461322 280396     cutoff   70      1415.25074 1138.17665  19.6%   5.8 1053s
 462567 280802 1199.90666   40   13 1415.25074 1138.31426  19.6%   5.8 1058s
 463373 281512 1339.22398   63   14 1415.25074 1138.38774  19.6%   5.8 1063s
 464565 282310 infeasible   68      1415.25074 1138.44781  19.6%   5.8 1067s
 465653 282975 1322.02159   56   33 1415.25074 1138.56252  19.6%   5.8 1071s
 466727 283964     cutoff   68      1415.25074 1138.59328  19.5%   5.9 1075s
 469414 285526     cutoff   79      1415.25074 1138.85941  19.5%   5.9 1084s
 470579 286351     cutoff  112      1415.25074 1138.96837  19.5%   5.9 1088s
 471957 287157 1394.54989   81   13 1415.25074 1139.06743  19.5%   5.9 1092s
 473139 288055 1400.65219   51   16 1415.25074 1139.12264  19.5%   5.9 1097s
 474448 288854     cutoff   74      1415.25074 1139.26451  19.5%   5.9 1102s
 475705 289614     cutoff   79      1415.25074 1139.38862  19.5%   5.9 1106s
 476810 290462 1272.85418   53   25 1415.25074 1139.45624  19.5%   5.9 1112s
 478014 291529 1360.17861   64   25 1415.25074 1139.60140  19.5%   5.9 1117s
 479485 292361 1407.83887   68   17 1415.25074 1139.71727  19.5%   5.9 1122s
 480667 293225     cutoff   85      1415.25074 1139.83277  19.5%   5.9 1126s
 481882 294089 1272.30248   54   18 1415.25074 1139.90393  19.5%   5.9 1131s
 483173 294944 1244.01840  117   24 1415.25074 1139.96364  19.5%   5.9 1135s
 485894 296706 1399.80101   79   19 1415.25074 1140.17415  19.4%   5.9 1143s
 487076 297543     cutoff   56      1415.25074 1140.28511  19.4%   5.9 1146s
 488260 298374 1271.59947   70   36 1415.25074 1140.38075  19.4%   5.9 1150s
 490896 300245     cutoff   64      1415.25074 1140.60154  19.4%   5.9 1157s
 492055 301151 1326.57585   79   22 1415.25074 1140.70067  19.4%   5.9 1160s
 494285 302281 1354.99532   66    8 1415.25074 1140.90215  19.4%   5.9 1168s
 495197 302781 1243.51384   58   17 1415.25074 1141.00049  19.4%   5.9 1171s
 495928 303639     cutoff   73      1415.25074 1141.04519  19.4%   5.9 1176s
 498303 304999 1387.62861   85   19 1415.25074 1141.23572  19.4%   5.9 1184s
 499483 305553 1388.34380   64   27 1415.25074 1141.32712  19.4%   5.9 1188s
 500449 306496     cutoff   59      1415.25074 1141.38106  19.4%   5.9 1193s
 501795 307468 1260.52363   59   22 1415.25074 1141.49248  19.3%   5.9 1197s
 503118 308460 1308.05023   99   22 1415.25074 1141.53813  19.3%   5.9 1201s
 504481 309331 1342.96193   79   38 1415.25074 1141.67195  19.3%   5.9 1205s
 507204 311188 1344.77930   82   16 1415.25074 1141.90046  19.3%   5.9 1212s
 508594 311876 1249.60222   48    8 1415.25074 1142.01839  19.3%   5.9 1216s
 509783 312313 1335.33570   60   13 1415.25074 1142.11905  19.3%   5.9 1220s
 511478 313749 1341.60039   78   25 1415.25074 1142.24072  19.3%   5.9 1228s
 512788 314662 1408.31307   68   19 1415.25074 1142.36539  19.3%   5.9 1233s
 514105 315607     cutoff   52      1415.25074 1142.47419  19.3%   5.9 1237s
 515327 316374     cutoff   74      1415.25074 1142.56324  19.3%   5.9 1241s
 516454 317172     cutoff   84      1415.25074 1142.65023  19.3%   5.9 1245s
 518810 318737 1195.20520   63   21 1415.25074 1142.81558  19.2%   5.9 1252s
 520001 319364     cutoff   66      1415.25074 1142.92269  19.2%   5.9 1257s
 520981 319433 1276.44200   74   21 1415.25074 1142.99553  19.2%   5.9 1269s
 521119 320260 1396.84821   81   12 1415.25074 1142.99553  19.2%   5.9 1273s
 522369 320905 1348.89044  105   32 1415.25074 1143.05266  19.2%   5.9 1277s
 523423 321714 1308.61152   55   32 1415.25074 1143.15659  19.2%   5.9 1282s
 524584 322465 1353.50906   65   12 1415.25074 1143.20607  19.2%   5.9 1285s
 527136 324267     cutoff   82      1415.25074 1143.43472  19.2%   5.9 1293s
 528560 324898 1400.50298   83   25 1415.25074 1143.49111  19.2%   5.9 1297s
 529747 325563 1400.91468   51   22 1415.25074 1143.60051  19.2%   5.9 1301s
 531514 326374 infeasible   98      1415.25074 1143.69095  19.2%   5.9 1305s
 533376 328309     cutoff   79      1415.25074 1143.84878  19.2%   5.9 1312s
 534850 329156 1374.94885   84   16 1415.25074 1143.98437  19.2%   5.9 1317s
 536100 329863 1403.01620   87   21 1415.25074 1144.08138  19.2%   5.9 1322s
 537214 330359     cutoff   60      1415.25074 1144.11486  19.2%   5.9 1327s
 538138 330952 1333.94879   71   20 1415.25074 1144.21885  19.2%   5.9 1332s
 539161 331596 1358.36139   48   13 1415.25074 1144.26789  19.1%   5.9 1337s
 540081 332229     cutoff   56      1415.25074 1144.31169  19.1%   5.9 1343s
 541323 332780 1234.05295   62   32 1415.25074 1144.34389  19.1%   5.9 1348s
 542244 333571 1185.54854   64   14 1415.25074 1144.43283  19.1%   5.9 1353s
 543511 334599     cutoff   66      1415.25074 1144.50034  19.1%   5.9 1358s
 545016 335665     cutoff   70      1415.25074 1144.65076  19.1%   5.9 1363s
 546527 336446     cutoff   99      1415.25074 1144.71935  19.1%   5.9 1367s
 547770 337180 infeasible   45      1415.25074 1144.80397  19.1%   5.9 1371s
 548998 337642 1325.93043   58   37 1415.25074 1144.87868  19.1%   5.9 1377s
 549950 338406     cutoff   92      1415.25074 1144.93881  19.1%   5.9 1382s
 551112 339130     cutoff   62      1415.25074 1144.96856  19.1%   5.9 1387s
 552189 339613     cutoff   65      1415.25074 1145.03859  19.1%   5.9 1391s
 553065 340441 1392.41084   59   15 1415.25074 1145.11578  19.1%   5.9 1396s
 554370 341168     cutoff   92      1415.25074 1145.18614  19.1%   5.9 1402s
 555548 342157 1314.26854   57   29 1415.25074 1145.23463  19.1%   5.9 1407s
 557011 342851 1266.60176   47   20 1415.25074 1145.30644  19.1%   5.9 1411s
 558268 343811 1249.25530   46   15 1415.25074 1145.43573  19.1%   5.9 1417s
 559588 344455 1234.76884   42   21 1415.25074 1145.51343  19.1%   5.9 1422s
 560825 344549 1361.08956   53   28 1415.25074 1145.61269  19.1%   5.9 1428s
 560970 345062 1400.61265   56   12 1415.25074 1145.62022  19.1%   5.9 1433s
 561877 345977     cutoff   72      1415.25074 1145.74242  19.0%   5.9 1438s
 563197 346763 1401.48563   96   16 1415.25074 1145.84756  19.0%   5.9 1444s
 564528 347690     cutoff   84      1415.25074 1145.93441  19.0%   5.9 1450s
 565841 348345     cutoff  100      1415.25074 1146.02101  19.0%   5.9 1456s
 567073 349033 1208.45818   58   29 1415.25074 1146.11462  19.0%   5.9 1462s
 568184 350040 1214.10238   48   21 1415.25074 1146.18203  19.0%   5.9 1467s
 569609 350819 1350.61007   79   21 1415.25074 1146.28544  19.0%   5.9 1473s
 570758 351386 infeasible   94      1415.25074 1146.36652  19.0%   5.9 1478s
H571676 351411                    1415.2507332 1146.37840  19.0%   5.9 1478s
 571719 351961 infeasible   97      1415.25073 1146.39395  19.0%   6.0 1484s
 572743 352667     cutoff  106      1415.25073 1146.45908  19.0%   6.0 1488s
 573861 353687 1335.63179   71   13 1415.25073 1146.50561  19.0%   6.0 1493s
H575325 353924                    1415.2507202 1146.63146  19.0%   6.0 1501s
 575660 354392 1218.87168   47   17 1415.25072 1146.65566  19.0%   6.0 1506s
 576742 355400 1395.27257   97   16 1415.25072 1146.71502  19.0%   6.0 1510s
 578311 356023 1407.00420  106    6 1415.25072 1146.84720  19.0%   6.0 1515s
 579399 356702 1339.99106   80   15 1415.25072 1146.90728  19.0%   6.0 1521s
 580468 357462 1271.91598   57   20 1415.25072 1146.97880  19.0%   6.0 1526s
 581699 358410 1261.21007  108   17 1415.25072 1147.05213  19.0%   6.0 1532s
 583136 359526 1236.99012   50   17 1415.25072 1147.15572  18.9%   6.0 1537s
 584784 360422 1240.86443   43   29 1415.25072 1147.24309  18.9%   6.0 1541s
 586146 360943 1272.08279   73   22 1415.25072 1147.34077  18.9%   6.0 1547s
 587135 361731 1375.89923   63   11 1415.25072 1147.37394  18.9%   6.0 1552s
 588428 362650     cutoff   81      1415.25072 1147.46102  18.9%   6.0 1557s
 589756 363480 1214.81704   68   30 1415.25072 1147.51400  18.9%   6.0 1561s
 591011 364409 1292.44992   58   16 1415.25072 1147.59972  18.9%   6.0 1566s
 592458 365343 1392.86709   52   10 1415.25072 1147.70474  18.9%   6.0 1570s
 595085 367063 1273.18229   63   19 1415.25072 1147.89764  18.9%   6.0 1579s
 596368 367840 infeasible   81      1415.25072 1147.99705  18.9%   6.0 1583s
 597552 368503 1311.20674   52   11 1415.25072 1148.05972  18.9%   6.0 1588s
 598460 369152 infeasible   89      1415.25072 1148.09705  18.9%   6.0 1594s
 599540 369818     cutoff   47      1415.25072 1148.14963  18.9%   6.0 1600s
 600623 370825 1360.19552   70   16 1415.25072 1148.18869  18.9%   6.0 1605s
 602145 371574     cutoff  117      1415.25072 1148.33000  18.9%   6.0 1612s
 603205 372531 1256.54015   68   26 1415.25072 1148.38816  18.9%   6.0 1617s
 604636 373267     cutoff   76      1415.25072 1148.49516  18.8%   6.0 1625s
 605772 374023     cutoff   78      1415.25072 1148.56759  18.8%   6.0 1631s
 606947 374585 1273.58596   80   15 1415.25072 1148.63601  18.8%   6.0 1637s
 607975 375271 1379.21047   86    8 1415.25072 1148.68109  18.8%   6.0 1642s
 609179 376073 1258.88530   42   27 1415.25072 1148.79588  18.8%   6.0 1647s
 610457 376513     cutoff   73      1415.25072 1148.86196  18.8%   6.0 1652s
 611386 377198     cutoff   75      1415.25072 1148.90811  18.8%   6.0 1659s
 612398 377900     cutoff   80      1415.25072 1148.99846  18.8%   6.0 1664s
 613477 378789     cutoff   70      1415.25072 1149.03612  18.8%   6.0 1669s
 614770 379474 1365.71977   85   19 1415.25072 1149.12513  18.8%   6.0 1676s
 615871 379831 1360.07816  105   21 1415.25072 1149.16474  18.8%   6.0 1681s
 616812 380450 1363.03010   55   19 1415.25072 1149.21144  18.8%   6.0 1686s
 617998 381083 1254.27330   46   15 1415.25072 1149.26976  18.8%   6.0 1692s
 619143 381762 1410.41441   74   23 1415.25072 1149.39116  18.8%   6.0 1696s
 620096 382844 1378.09938   81   17 1415.25072 1149.45341  18.8%   6.0 1702s
 621593 383866 1346.50611   53   10 1415.25072 1149.55813  18.8%   6.0 1707s
 623037 384599 1360.70237   81   18 1415.25072 1149.62813  18.8%   6.0 1713s
H623158 384603                    1415.2507200 1149.62813  18.8%   6.0 1713s
 624202 385392 1372.99736   99   11 1415.25072 1149.64481  18.8%   6.0 1718s
 625481 386069     cutoff   53      1415.25072 1149.75993  18.8%   6.0 1722s
 626573 386609 1322.97273   59   22 1415.25072 1149.83858  18.8%   6.0 1728s
 627529 387505 1366.74341   81   13 1415.25072 1149.87901  18.8%   6.0 1734s
 628855 388088 1273.29263   57   30 1415.25072 1149.95620  18.7%   6.0 1741s
 630134 388638 1270.55101   59   15 1415.25072 1150.01726  18.7%   6.0 1747s
 631167 389231 1276.08559   74   21 1415.25072 1150.06514  18.7%   6.0 1753s
 632203 390065 1352.77643   50   10 1415.25072 1150.14683  18.7%   6.0 1759s
 633555 391112 1371.75046   99   19 1415.25072 1150.20442  18.7%   6.0 1764s
 635167 391790     cutoff   78      1415.25072 1150.29097  18.7%   6.0 1770s
 636301 392364 1365.34659   70    8 1415.25072 1150.36104  18.7%   6.0 1776s
 637411 392986 1398.38316   93   26 1415.25072 1150.41367  18.7%   6.0 1782s
 638355 393794 1209.15806   44   27 1415.25072 1150.48073  18.7%   6.0 1788s
 639612 394773     cutoff   67      1415.25072 1150.50452  18.7%   6.0 1793s
 641165 395545 infeasible   73      1415.25072 1150.63496  18.7%   6.0 1798s
 642522 396373 1231.77197   62   20 1415.25072 1150.73475  18.7%   6.0 1803s
 643778 397304     cutoff   82      1415.25072 1150.82333  18.7%   6.0 1807s
 645241 397778 1237.61297   76   20 1415.25072 1150.92216  18.7%   6.0 1812s
 646115 398642     cutoff   93      1415.25072 1150.98691  18.7%   6.0 1818s
 647464 399279 1295.06426   48   19 1415.25072 1151.06959  18.7%   6.0 1824s
 648697 399939 1358.07799   63   15 1415.25072 1151.15897  18.7%   6.0 1828s
 649780 400737 1349.38474   57   15 1415.25072 1151.24568  18.7%   6.0 1834s
 650990 401643 1354.44242   52   31 1415.25072 1151.30845  18.6%   6.0 1839s
 652394 401780 1297.05358   66   13 1415.25072 1151.38072  18.6%   6.0 1847s
 652579 402641 1306.22933   67   21 1415.25072 1151.41579  18.6%   6.0 1851s
 653761 403736 1214.05742   46   30 1415.25072 1151.46078  18.6%   6.0 1857s
 655301 404677     cutoff   78      1415.25072 1151.56251  18.6%   6.0 1862s
 656647 405347 1361.00916   64   20 1415.25072 1151.66545  18.6%   6.0 1868s
 657748 406109     cutoff   71      1415.25072 1151.71233  18.6%   6.0 1873s
 658999 406852     cutoff   45      1415.25072 1151.81722  18.6%   6.0 1877s
 660112 407735     cutoff   95      1415.25072 1151.86321  18.6%   6.0 1882s
 661549 408624 1341.57047   59   18 1415.25072 1151.93023  18.6%   6.0 1887s
 662865 409457     cutoff   56      1415.25072 1152.02544  18.6%   6.0 1892s
 664133 410452 1369.47428   96   14 1415.25072 1152.05442  18.6%   6.0 1896s
 665594 411098 1408.74116  109   14 1415.25072 1152.16241  18.6%   6.0 1901s
 666770 411820 1317.86375   57   19 1415.25072 1152.23332  18.6%   6.0 1905s
 667999 412366 1272.18928   62   15 1415.25072 1152.30995  18.6%   6.0 1910s
 670073 414090 1349.11603   70   30 1415.25072 1152.43910  18.6%   6.0 1919s
 671473 414920 1390.11309   67    4 1415.25072 1152.54391  18.6%   6.0 1924s
 672835 415471 1411.42917  101   20 1415.25072 1152.57031  18.6%   6.0 1928s
 673736 416052 1183.04939   28   36 1415.25072 1152.65541  18.6%   6.0 1934s
 674777 416997 1330.31086   81   22 1415.25072 1152.68204  18.6%   6.1 1938s
 676155 418112 1311.52284   62   25 1415.25072 1152.77231  18.5%   6.1 1943s
 677692 418757     cutoff   86      1415.25072 1152.83254  18.5%   6.1 1948s
 678930 419329 1304.42573   58   19 1415.25072 1152.89206  18.5%   6.1 1954s
 679971 420141 1381.15448   66   10 1415.25072 1152.95792  18.5%   6.1 1958s
 681273 421180 1400.52348   99    6 1415.25072 1153.04259  18.5%   6.1 1963s
 682773 421951 1265.06360   81   34 1415.25072 1153.13419  18.5%   6.1 1969s
 683856 422541 infeasible   74      1415.25072 1153.17573  18.5%   6.1 1974s
 684746 423409 1312.29779   77    8 1415.25072 1153.21174  18.5%   6.1 1980s
 685990 424134 1296.10601   60   14 1415.25072 1153.26943  18.5%   6.1 1987s
 687259 424965 1217.43983   62   12 1415.25072 1153.32813  18.5%   6.1 1993s
 688596 425896     cutoff  108      1415.25072 1153.41799  18.5%   6.1 1999s
 689993 426707 1257.39305   42   11 1415.25072 1153.47718  18.5%   6.1 2005s
 691198 427563     cutoff   77      1415.25072 1153.52055  18.5%   6.1 2010s
 692530 428223 1284.64358   78   17 1415.25072 1153.55491  18.5%   6.1 2016s
 693689 429126 1375.99122   48   13 1415.25072 1153.63713  18.5%   6.1 2022s
 695094 430031 infeasible  136      1415.25072 1153.73185  18.5%   6.1 2028s
 696404 430917 1378.86676   83    6 1415.25072 1153.84749  18.5%   6.1 2034s
 697750 431813     cutoff   84      1415.25072 1153.89446  18.5%   6.1 2039s
 699076 432749     cutoff   45      1415.25072 1153.96573  18.5%   6.1 2045s
 700473 433518 1389.39126   70   19 1415.25072 1154.04950  18.5%   6.1 2051s
 701542 434148     cutoff  116      1415.25072 1154.11709  18.5%   6.1 2056s
 702579 434740 1228.34487  100   13 1415.25072 1154.17557  18.4%   6.1 2060s
 704448 436295 1298.68274   63   24 1415.25072 1154.27749  18.4%   6.1 2069s
 705865 436921 1321.54074   64   10 1415.25072 1154.34727  18.4%   6.1 2076s
 706876 437809 1229.99896   61   23 1415.25072 1154.44889  18.4%   6.1 2080s
 708267 438551 1401.82389  104   10 1415.25072 1154.49566  18.4%   6.1 2086s
 709465 439252     cutoff  106      1415.25072 1154.56842  18.4%   6.1 2091s
 710665 440210 1260.86781   46   18 1415.25072 1154.63487  18.4%   6.1 2096s
 712152 441004 1412.04038   92    - 1415.25072 1154.70373  18.4%   6.1 2100s
 713398 441861     cutoff   92      1415.25072 1154.78467  18.4%   6.1 2107s
 714650 442812 1340.07409   64   13 1415.25072 1154.87016  18.4%   6.1 2113s
 716095 443717     cutoff   72      1415.25072 1154.92217  18.4%   6.1 2119s
 717509 444525 1350.17796   82   21 1415.25072 1155.03508  18.4%   6.1 2124s
 718655 445276     cutoff   75      1415.25072 1155.11482  18.4%   6.1 2130s
 719813 445832 1261.52276  167   29 1415.25072 1155.18749  18.4%   6.1 2137s
 720721 446371     cutoff   71      1415.25072 1155.21308  18.4%   6.1 2143s
 721807 447011     cutoff   58      1415.25072 1155.27764  18.4%   6.1 2148s
 722777 447999 1236.92542   46   23 1415.25072 1155.33441  18.4%   6.1 2153s
 724248 448702 1384.31540   71   16 1415.25072 1155.39352  18.4%   6.1 2158s
 725295 449476 1355.02520  106   14 1415.25072 1155.46097  18.4%   6.1 2164s
 726419 450025     cutoff   55      1415.25072 1155.51868  18.4%   6.1 2170s
 727440 450843     cutoff   94      1415.25072 1155.55945  18.3%   6.1 2176s
 728692 451740 1183.87418   48   16 1415.25072 1155.56234  18.3%   6.1 2181s
 730052 452389 1298.44156   86   24 1415.25072 1155.65163  18.3%   6.1 2188s
 731306 452977 1232.56603   76   18 1415.25072 1155.74374  18.3%   6.1 2194s
 732339 453646 1343.10357   78   25 1415.25072 1155.78300  18.3%   6.1 2200s
 733448 454155 1308.91149   61   24 1415.25072 1155.83238  18.3%   6.1 2206s
 734393 455057 1237.66282   50   14 1415.25072 1155.88391  18.3%   6.1 2212s
 735735 455937 1343.41432   73   14 1415.25072 1155.95551  18.3%   6.1 2218s
 737129 456035 1320.44455  102   30 1415.25072 1156.00951  18.3%   6.1 2228s
 737317 456958 1390.96660  111   26 1415.25072 1156.01666  18.3%   6.1 2234s
 738746 457876 1258.46975   45   18 1415.25072 1156.10276  18.3%   6.1 2241s
 740063 458878 1304.04476   79   28 1415.25072 1156.15193  18.3%   6.1 2246s
 741512 459968 1395.12080   83   22 1415.25072 1156.20773  18.3%   6.1 2252s
 743073 460553 1265.80923   59   15 1415.25072 1156.30206  18.3%   6.1 2258s
 744161 461050 infeasible   51      1415.25072 1156.34294  18.3%   6.1 2263s
 745356 461873     cutoff   56      1415.25072 1156.39011  18.3%   6.1 2269s
 746600 462750 1313.61567   66   23 1415.25072 1156.45610  18.3%   6.1 2275s
 747942 463732     cutoff   80      1415.25072 1156.51710  18.3%   6.1 2280s
 749375 464589     cutoff   82      1415.25072 1156.62673  18.3%   6.1 2286s
 750638 465412 1272.59226   66   18 1415.25072 1156.68923  18.3%   6.1 2294s
 751957 466233     cutoff   76      1415.25072 1156.76482  18.3%   6.1 2300s
 753041 467150 1332.18413   83   22 1415.25072 1156.80497  18.3%   6.1 2306s
 754484 467187     cutoff   95      1415.25072 1156.89438  18.3%   6.1 2314s
 754551 468064 1290.13542   49   29 1415.25072 1156.89921  18.3%   6.1 2319s
 755960 468971 1247.85659   43   18 1415.25072 1156.95047  18.3%   6.1 2324s
 757301 469968 1411.68377   63   21 1415.25072 1157.06312  18.2%   6.1 2328s
 758675 470667     cutoff   70      1415.25072 1157.16289  18.2%   6.1 2335s
 759742 471493 1271.50209   75   22 1415.25072 1157.18952  18.2%   6.1 2340s
 761083 472172 1265.22091   54   13 1415.25072 1157.25016  18.2%   6.1 2345s
 762031 472901 1342.29861   66   20 1415.25072 1157.34486  18.2%   6.1 2350s
 763288 473668     cutoff   95      1415.25072 1157.39198  18.2%   6.1 2355s
 764432 474679     cutoff   91      1415.25072 1157.46282  18.2%   6.1 2360s
 765910 475460     cutoff   93      1415.25072 1157.53976  18.2%   6.1 2365s
 767009 475919     cutoff   74      1415.25072 1157.61564  18.2%   6.1 2371s
 767940 476802 1377.57742   74   15 1415.25072 1157.66355  18.2%   6.1 2377s
 769308 477603     cutoff   85      1415.25072 1157.76223  18.2%   6.1 2383s
 770523 478523     cutoff  128      1415.25072 1157.79169  18.2%   6.1 2389s
 772000 479197     cutoff  136      1415.25072 1157.89005  18.2%   6.1 2394s
 773197 479948 1233.53784   65   20 1415.25072 1157.95984  18.2%   6.1 2400s
 774377 480825 1385.68504   90    8 1415.25072 1157.99504  18.2%   6.1 2407s
 775644 481557 infeasible   94      1415.25072 1158.04001  18.2%   6.1 2414s
 776724 482103 1358.13135  146   24 1415.25072 1158.06934  18.2%   6.1 2421s
 777806 482783 1298.16140   79   35 1415.25072 1158.16313  18.2%   6.1 2429s
 778987 483504 infeasible  104      1415.25072 1158.20513  18.2%   6.1 2438s
 780170 483963 1390.19674   81   16 1415.25072 1158.22596  18.2%   6.1 2444s
 781247 485054 1197.28041   43   17 1415.25072 1158.27657  18.2%   6.1 2449s
 782849 485829     cutoff   82      1415.25072 1158.37427  18.2%   6.1 2458s
 783960 486709     cutoff   88      1415.25072 1158.43183  18.1%   6.1 2465s
 785273 487457 1397.87227   75   10 1415.25072 1158.49280  18.1%   6.1 2470s
 786475 488269 infeasible   76      1415.25072 1158.55534  18.1%   6.1 2475s
 787790 489276 1394.32309   71   16 1415.25072 1158.62294  18.1%   6.1 2480s
 789309 490176 infeasible   79      1415.25072 1158.71667  18.1%   6.1 2485s
 790633 491005 1289.71093   49   28 1415.25072 1158.77841  18.1%   6.1 2490s
 792062 491499 1407.10358   79    - 1415.25072 1158.84783  18.1%   6.1 2497s
 792906 491991     cutoff   79      1415.25072 1158.90573  18.1%   6.1 2503s
 793870 492796 1251.93005   94   19 1415.25072 1158.92338  18.1%   6.1 2508s
 795161 493462 1336.63490   65    9 1415.25072 1159.00774  18.1%   6.1 2513s
 796312 494378 1170.52107   65   28 1415.25072 1159.05757  18.1%   6.1 2519s
 797661 495037 1306.06825   60   27 1415.25072 1159.12771  18.1%   6.1 2527s
 798850 495937 1223.04021   47   19 1415.25072 1159.18997  18.1%   6.1 2535s
 800263 496685 1294.55280   58   16 1415.25072 1159.24041  18.1%   6.1 2541s
 801467 497525 1354.47742  149   19 1415.25072 1159.29259  18.1%   6.1 2548s
 802739 498106 1333.39057   49   17 1415.25072 1159.33339  18.1%   6.1 2554s
 803929 498886     cutoff   78      1415.25072 1159.40874  18.1%   6.1 2560s
 805125 499558 1398.93217   53    8 1415.25072 1159.46588  18.1%   6.1 2567s
 806263 500204 1246.92949   83   18 1415.25072 1159.50674  18.1%   6.1 2573s
 807426 500933     cutoff   75      1415.25072 1159.55452  18.1%   6.1 2578s
 808489 501809 1366.15798   68   20 1415.25072 1159.61611  18.1%   6.1 2584s
 809832 502416     cutoff   73      1415.25072 1159.65507  18.1%   6.1 2591s
 810828 503031     cutoff   79      1415.25072 1159.71310  18.1%   6.1 2598s
 811985 503972     cutoff   94      1415.25072 1159.74410  18.1%   6.1 2604s
 813440 504928     cutoff   79      1415.25072 1159.81715  18.0%   6.1 2610s
 814821 505723 1299.67154   82   19 1415.25072 1159.88269  18.0%   6.1 2617s
 816161 506691 infeasible   92      1415.25072 1159.94994  18.0%   6.1 2622s
 817624 507580 1365.81314   77   19 1415.25072 1160.02407  18.0%   6.1 2629s
 819031 508249 1311.02773   82   14 1415.25072 1160.10526  18.0%   6.1 2634s
 820017 508329 infeasible   88      1415.25072 1160.18002  18.0%   6.1 2648s
 820117 509129 1371.83970   61    6 1415.25072 1160.18701  18.0%   6.1 2654s
 821392 509887 infeasible   62      1415.25072 1160.23712  18.0%   6.1 2660s
 822731 510540 1392.63147   60   22 1415.25072 1160.32808  18.0%   6.1 2666s
 823967 511312     cutoff   99      1415.25072 1160.42451  18.0%   6.1 2672s
 825149 512268 1366.22740   96   12 1415.25072 1160.47501  18.0%   6.1 2678s
 826601 513049 1265.50062   53   30 1415.25072 1160.55919  18.0%   6.1 2684s
 827846 513851 infeasible   54      1415.25072 1160.61475  18.0%   6.1 2691s
 829026 514587 1366.46412   70   16 1415.25072 1160.67833  18.0%   6.1 2696s
 830283 515139     cutoff   97      1415.25072 1160.73293  18.0%   6.1 2703s
 831382 515759 infeasible   76      1415.25072 1160.78589  18.0%   6.1 2710s
 832533 516479 1302.49975   56   13 1415.25072 1160.79526  18.0%   6.1 2717s
 833771 517139 1391.18981   90   27 1415.25072 1160.86403  18.0%   6.1 2724s
 834843 517419     cutoff   86      1415.25072 1160.92363  18.0%   6.1 2730s
 835891 518100 1363.69494  105   24 1415.25072 1160.95346  18.0%   6.1 2736s
H836662 518106                    1415.2506675 1160.96202  18.0%   6.1 2736s
 837102 518846     cutoff   77      1415.25067 1161.00610  18.0%   6.1 2742s
 838274 519663 1370.35539   49   18 1415.25067 1161.05790  18.0%   6.1 2748s
 839570 520470 1340.90572   67   22 1415.25067 1161.12375  18.0%   6.1 2755s
 840906 521412     cutoff   53      1415.25067 1161.18110  18.0%   6.1 2760s
 842464 522140 1288.99365   62   13 1415.25067 1161.27655  17.9%   6.1 2766s
 843570 522973 1295.95996   71   15 1415.25067 1161.33019  17.9%   6.1 2772s
 845014 523793     cutoff   71      1415.25067 1161.38903  17.9%   6.1 2779s
 846326 524656     cutoff   80      1415.25067 1161.47244  17.9%   6.1 2784s
 847348 524662 infeasible   61      1415.25067 1161.50428  17.9%   6.1 2785s
 847682 525667 1299.10602   52    8 1415.25067 1161.56944  17.9%   6.1 2790s
 849239 526458 1303.00101   49   31 1415.25067 1161.61363  17.9%   6.1 2795s
H849879 526465                    1415.2506652 1161.63583  17.9%   6.1 2795s
 850535 527514 1405.34769   87   18 1415.25067 1161.68388  17.9%   6.1 2800s
 852053 527920 1378.44942   64   29 1415.25067 1161.78175  17.9%   6.1 2805s
 852935 528650 1298.28277   50   25 1415.25067 1161.81139  17.9%   6.1 2810s
 854110 529376 1366.36115   80   26 1415.25067 1161.87599  17.9%   6.1 2816s
 855306 530259     cutoff   81      1415.25067 1161.91678  17.9%   6.1 2822s
 856716 531070 1310.89652   62   18 1415.25067 1161.99054  17.9%   6.1 2828s
 857922 532022 1366.68245   56    8 1415.25067 1162.02150  17.9%   6.1 2833s
 859373 532819 1327.61781   61   25 1415.25067 1162.08804  17.9%   6.1 2839s
 860628 533380 1390.85336   82   32 1415.25067 1162.15952  17.9%   6.1 2846s
 861855 533881     cutoff   86      1415.25067 1162.20875  17.9%   6.1 2851s
 862798 534787     cutoff   95      1415.25067 1162.25647  17.9%   6.1 2857s
 864235 535377 1169.59297   57   32 1415.25067 1162.32556  17.9%   6.1 2863s
 865303 535831 1407.88214   76   16 1415.25067 1162.35221  17.9%   6.1 2870s
 866380 536360 1354.59317   75   23 1415.25067 1162.37539  17.9%   6.1 2877s
 867365 537047 1339.78519   53   10 1415.25067 1162.43086  17.9%   6.1 2882s
 868432 538039     cutoff  105      1415.25067 1162.47850  17.9%   6.2 2888s
 870008 538808     cutoff   98      1415.25067 1162.55932  17.9%   6.1 2894s
 871322 539658     cutoff   69      1415.25067 1162.60284  17.9%   6.2 2901s
 872523 540606     cutoff   71      1415.25067 1162.65664  17.8%   6.1 2907s
 873994 541506 1292.13140   67   32 1415.25067 1162.72334  17.8%   6.1 2912s
 875486 542223 1327.27072   74   20 1415.25067 1162.78721  17.8%   6.1 2917s
 876776 543089     cutoff   85      1415.25067 1162.83651  17.8%   6.1 2922s
 878039 543931     cutoff   72      1415.25067 1162.90453  17.8%   6.1 2927s
 879498 544406     cutoff   85      1415.25067 1162.95641  17.8%   6.1 2934s
 880471 544917     cutoff   91      1415.25067 1163.00420  17.8%   6.2 2941s
 881539 545421 infeasible   79      1415.25067 1163.06636  17.8%   6.2 2949s
 882388 545902 1300.98132   63   12 1415.25067 1163.08527  17.8%   6.2 2956s
 883264 546534 1261.92370   53   19 1415.25067 1163.09908  17.8%   6.2 2964s
 884425 547356 1381.13283   53   21 1415.25067 1163.12405  17.8%   6.2 2971s
 885780 548289 1376.57440   73   28 1415.25067 1163.16981  17.8%   6.2 2978s
 887119 549234 1381.88889   77   22 1415.25067 1163.23543  17.8%   6.2 2984s
 888704 549873 infeasible   80      1415.25067 1163.29895  17.8%   6.2 2989s
 889917 550670 1195.05277   44   28 1415.25067 1163.36817  17.8%   6.2 2998s
 891132 551473     cutoff   92      1415.25067 1163.41256  17.8%   6.2 3006s
 892458 552551 1358.77197   62    8 1415.25067 1163.45585  17.8%   6.2 3013s
 894093 553253     cutoff   66      1415.25067 1163.52921  17.8%   6.2 3021s
 895295 553847 1318.41578   63    6 1415.25067 1163.57429  17.8%   6.2 3028s
 896285 554624     cutoff   74      1415.25067 1163.61022  17.8%   6.2 3035s
 897657 555215 1273.11738   43   14 1415.25067 1163.68739  17.8%   6.2 3041s
 898759 555733 1382.70985   49   16 1415.25067 1163.74501  17.8%   6.2 3047s
 899727 556321 1414.43424  103    8 1415.25067 1163.79802  17.8%   6.2 3054s
 900870 557387 infeasible  105      1415.25067 1163.85310  17.8%   6.2 3060s
 902497 557568 1345.44844  102   10 1415.25067 1163.94555  17.8%   6.2 3083s
 902776 558565 1279.23360   37   12 1415.25067 1163.96013  17.8%   6.2 3090s
 904283 559195 1318.77979   76   22 1415.25067 1164.00666  17.8%   6.2 3097s
 905531 560071 infeasible   95      1415.25067 1164.07357  17.7%   6.2 3103s
 906998 560943     cutoff   93      1415.25067 1164.14445  17.7%   6.2 3110s
 908370 561563 1375.60802   71   32 1415.25067 1164.19805  17.7%   6.2 3117s
 909667 562029     cutoff   87      1415.25067 1164.22260  17.7%   6.2 3124s
 910622 562528 1289.26453   62   30 1415.25067 1164.26786  17.7%   6.2 3131s
 911542 563069 1326.41632   70   14 1415.25067 1164.29112  17.7%   6.2 3137s
 912566 563778 infeasible   81      1415.25067 1164.30716  17.7%   6.2 3143s
 913639 564765 1341.00995   85   12 1415.25067 1164.34522  17.7%   6.2 3151s
 915030 565355     cutoff  102      1415.25067 1164.39581  17.7%   6.2 3159s
 916070 566214 1375.20179  100   20 1415.25067 1164.42350  17.7%   6.2 3166s
 917478 567041 1296.60485   78   19 1415.25067 1164.47862  17.7%   6.2 3173s
 918868 567611 1373.05321   57   12 1415.25067 1164.54932  17.7%   6.2 3181s
 919968 568674 1375.14725   66   20 1415.25067 1164.59142  17.7%   6.2 3188s
 921573 569429     cutoff   78      1415.25067 1164.67999  17.7%   6.2 3195s
 922703 570107     cutoff   46      1415.25067 1164.71931  17.7%   6.2 3201s
 923819 570638     cutoff   86      1415.25067 1164.76422  17.7%   6.2 3208s
 924886 571317     cutoff   83      1415.25067 1164.81578  17.7%   6.2 3213s
 925985 571933 1337.12446   82   34 1415.25067 1164.86097  17.7%   6.2 3220s
 927107 572600 1223.03638   55   16 1415.25067 1164.91878  17.7%   6.2 3227s
 928216 573683 1410.13474   76    4 1415.25067 1164.96685  17.7%   6.2 3235s
 929891 574659     cutoff   87      1415.25067 1165.02404  17.7%   6.2 3243s
 931412 575596 infeasible   82      1415.25067 1165.07352  17.7%   6.2 3250s
H932621 575608                    1415.2506651 1165.11771  17.7%   6.2 3250s
 932860 576456     cutoff   92      1415.25067 1165.14805  17.7%   6.2 3258s
 934258 577226 infeasible  122      1415.25067 1165.20259  17.7%   6.2 3264s
 935690 578062     cutoff   70      1415.25067 1165.28562  17.7%   6.2 3271s
 936951 579079 1334.34944   66   35 1415.25067 1165.31109  17.7%   6.2 3277s
 938504 579737 infeasible   71      1415.25067 1165.39316  17.7%   6.2 3283s
H938603 579738                    1415.2506342 1165.40520  17.7%   6.2 3283s
 939703 580613 1386.65132   88   21 1415.25063 1165.45272  17.7%   6.2 3290s
 941199 581131 1406.15747   65   16 1415.25063 1165.50264  17.6%   6.2 3298s
 942151 581915 1247.89381   67   15 1415.25063 1165.54821  17.6%   6.2 3306s
 943321 582776     cutoff   95      1415.25063 1165.58334  17.6%   6.2 3313s
 944783 583473 infeasible   96      1415.25063 1165.66810  17.6%   6.2 3319s
 945959 584106     cutoff   73      1415.25063 1165.73092  17.6%   6.2 3328s
 947133 585002 1398.18817   73   10 1415.25063 1165.77047  17.6%   6.2 3337s
 948557 585612 1412.51975   96   15 1415.25063 1165.82214  17.6%   6.2 3349s
 949838 586218     cutoff   38      1415.25063 1165.85708  17.6%   6.2 3361s
 950926 586726 1269.88697   44   15 1415.25063 1165.89428  17.6%   6.2 3371s
H951480 586736                    1415.2506140 1165.91392  17.6%   6.2 3371s
 951873 587360 1296.59001   65   19 1415.25061 1165.94698  17.6%   6.2 3380s
 952847 588353 infeasible   81      1415.25061 1165.98214  17.6%   6.2 3391s
 954332 589052 1339.56066   59   19 1415.25061 1166.06539  17.6%   6.2 3399s
 955800 590009 1224.14028   67   35 1415.25061 1166.12326  17.6%   6.2 3406s
 957206 590784 1378.63908   70   25 1415.25061 1166.18329  17.6%   6.2 3412s
 958361 591411 1375.24290   86   18 1415.25061 1166.23243  17.6%   6.2 3419s
 959559 592059 1258.62088   99   21 1415.25061 1166.27983  17.6%   6.2 3427s
 960770 592099 infeasible  121      1415.25061 1166.32797  17.6%   6.2 3444s
 960825 592849 1217.43470   40   17 1415.25061 1166.32808  17.6%   6.2 3451s
 961964 593771 1358.39548   91   25 1415.25061 1166.36625  17.6%   6.2 3458s
 963422 594661 infeasible   75      1415.25061 1166.43720  17.6%   6.2 3465s
 964857 595459 1271.01983   55   14 1415.25061 1166.49928  17.6%   6.2 3472s
 966199 596388 1180.29228   43   21 1415.25061 1166.55424  17.6%   6.2 3479s
 967600 597023 1332.36974   66   16 1415.25061 1166.62512  17.6%   6.2 3486s
 968786 597502 1355.63138   43   15 1415.25061 1166.65787  17.6%   6.2 3492s
 969787 598265     cutoff   63      1415.25061 1166.69997  17.6%   6.2 3498s
 970905 599065 1322.85960   65   13 1415.25061 1166.75391  17.6%   6.2 3505s
 972348 600079 1287.80754   59   35 1415.25061 1166.81737  17.6%   6.2 3513s
 973953 600995     cutoff   69      1415.25061 1166.86849  17.6%   6.2 3521s
 975339 601758 1383.99755   66   16 1415.25061 1166.94141  17.5%   6.2 3529s
 976603 602625 1395.29705  103   28 1415.25061 1167.00520  17.5%   6.2 3537s
 978028 603403 1353.58970   60   17 1415.25061 1167.07020  17.5%   6.2 3545s
 979203 604311 1196.01526   72   17 1415.25061 1167.09613  17.5%   6.2 3551s
 980736 604907 1202.16246   41   28 1415.25061 1167.15083  17.5%   6.2 3557s
 981790 605322 1412.02918   95    8 1415.25061 1167.21604  17.5%   6.2 3565s
 982582 605967 1412.56539  177    9 1415.25061 1167.23820  17.5%   6.2 3570s
 983623 606915 1344.38640   66   15 1415.25061 1167.30136  17.5%   6.2 3577s
 985180 607529 1283.18065   52   17 1415.25061 1167.38447  17.5%   6.2 3582s
 986238 608319 infeasible   86      1415.25061 1167.41859  17.5%   6.2 3590s
 987530 608976 1367.96564   68    9 1415.25061 1167.46727  17.5%   6.2 3597s
 988710 609711 1275.01258   52   11 1415.25061 1167.52305  17.5%   6.2 3605s
 989872 610504     cutoff   85      1415.25061 1167.57677  17.5%   6.2 3614s
 991111 611460 1384.24998   81   13 1415.25061 1167.60827  17.5%   6.2 3622s
 992645 612227 1257.00853   66   13 1415.25061 1167.66239  17.5%   6.2 3630s
 993917 612826 1302.52196   53   24 1415.25061 1167.71535  17.5%   6.2 3639s
 994947 613682 1363.28060   98    8 1415.25061 1167.75247  17.5%   6.2 3646s
 996447 614254     cutoff  105      1415.25061 1167.81030  17.5%   6.2 3655s
 997323 614997 1406.43962   67   10 1415.25061 1167.84170  17.5%   6.2 3664s
 998526 615752 1351.51584   56    9 1415.25061 1167.87869  17.5%   6.2 3672s
 999887 616245 1413.37787   69    9 1415.25061 1167.94730  17.5%   6.2 3682s
 1000819 617133     cutoff   68      1415.25061 1167.98325  17.5%   6.2 3692s
 1002241 618008     cutoff   76      1415.25061 1168.05228  17.5%   6.2 3701s
 1003610 618697     cutoff   66      1415.25061 1168.09592  17.5%   6.2 3711s
 1004917 619296 1312.11419   57   16 1415.25061 1168.13467  17.5%   6.2 3719s
 1006014 619940     cutoff   64      1415.25061 1168.19430  17.5%   6.2 3727s
 1007101 619964 1401.11799   76   11 1415.25061 1168.23609  17.5%   6.2 3741s
 1007155 620839 1281.92641   77   20 1415.25061 1168.24438  17.5%   6.2 3749s
 1008515 621826 1198.06628   77   30 1415.25061 1168.29850  17.4%   6.2 3755s
 1010040 622453 1376.46096   54   25 1415.25061 1168.35271  17.4%   6.2 3764s
 1011116 623248 1379.25702   71   25 1415.25061 1168.38389  17.4%   6.2 3772s
 1012423 624036 1342.97041   62   21 1415.25061 1168.45239  17.4%   6.2 3779s
 1013844 624701 1219.67048   55   22 1415.25061 1168.49616  17.4%   6.2 3787s
 1015088 625366 1404.05042   71   13 1415.25061 1168.54818  17.4%   6.2 3795s
 1016125 626189 1232.32452   50   30 1415.25061 1168.59419  17.4%   6.2 3802s
H1016714 626193                    1415.2506126 1168.59730  17.4%   6.2 3802s
 1017566 626959     cutoff   56      1415.25061 1168.63444  17.4%   6.2 3810s
 1018824 627687     cutoff   83      1415.25061 1168.67506  17.4%   6.2 3819s
 1020204 628534 infeasible   68      1415.25061 1168.72719  17.4%   6.2 3826s
 1021705 629273 1366.85793   53   10 1415.25061 1168.78620  17.4%   6.2 3833s
 1023000 630114 1391.46925  111   10 1415.25061 1168.82886  17.4%   6.2 3842s
H1023207 630115                    1415.2503061 1168.82887  17.4%   6.2 3842s
 1024405 630512 1407.66278   90   24 1415.25031 1168.85639  17.4%   6.2 3849s
 1025526 631143     cutoff   52      1415.25031 1168.91766  17.4%   6.2 3855s
 1026560 631984 infeasible   64      1415.25031 1168.94502  17.4%   6.2 3862s
 1027990 632921 1396.28998   71   16 1415.25031 1169.00153  17.4%   6.2 3871s
 1029403 633755 infeasible   68      1415.25031 1169.07042  17.4%   6.2 3879s
 1030811 634599 1275.33200   64   22 1415.25031 1169.15418  17.4%   6.2 3888s
 1032235 635525 1370.76911   94   13 1415.25031 1169.21213  17.4%   6.2 3897s
 1033605 636101 infeasible   53      1415.25031 1169.27318  17.4%   6.2 3906s
 1034627 636835 1379.79254   45    9 1415.25031 1169.30447  17.4%   6.2 3914s
 1036009 637475 1412.01128   59   19 1415.25031 1169.37004  17.4%   6.2 3924s
 1037211 638273 1389.19555   55   14 1415.25031 1169.41188  17.4%   6.2 3934s
 1038453 638869 1335.28036   67   19 1415.25031 1169.45741  17.4%   6.2 3945s
 1039687 639683     cutoff   77      1415.25031 1169.50756  17.4%   6.2 3957s
 1041110 640454 1288.48702   92   28 1415.25031 1169.55440  17.4%   6.2 3968s
 1042567 641046 1372.41636   64   10 1415.25031 1169.61036  17.4%   6.2 3978s
 1043682 641750 1360.99575   72   17 1415.25031 1169.66267  17.4%   6.2 3988s
 1044789 642561     cutoff   66      1415.25031 1169.71115  17.3%   6.2 3999s
 1046081 643280     cutoff   98      1415.25031 1169.76396  17.3%   6.2 4010s
 1047323 644156 1364.78998   61   14 1415.25031 1169.81910  17.3%   6.2 4020s
 1048765 644900 1395.60702   52   10 1415.25031 1169.88773  17.3%   6.2 4029s
 1050044 645575 infeasible   66      1415.25031 1169.90316  17.3%   6.2 4035s
 1051190 646479 1378.72187   98   20 1415.25031 1169.99164  17.3%   6.2 4042s
 1052643 646888 1394.31994   49   10 1415.25031 1170.05874  17.3%   6.2 4049s
 1053650 647706     cutoff   83      1415.25031 1170.10385  17.3%   6.3 4056s
 1055024 648382 infeasible   90      1415.25031 1170.14677  17.3%   6.3 4064s
 1056195 649099 1381.57695   91   18 1415.25031 1170.18765  17.3%   6.3 4071s
 1057558 649667 infeasible   74      1415.25031 1170.25006  17.3%   6.3 4079s
 1058704 650468 1360.94603   60   16 1415.25031 1170.29286  17.3%   6.3 4086s
 1059918 651362 1390.12362  119   16 1415.25031 1170.33782  17.3%   6.3 4094s
 1061335 652324 1296.49693   67   16 1415.25031 1170.37924  17.3%   6.3 4101s
 1062751 653068 1265.89946  147   35 1415.25031 1170.44104  17.3%   6.3 4110s
 1063964 653834 1372.78887  108   20 1415.25031 1170.47209  17.3%   6.3 4118s
 1065273 654618     cutoff   62      1415.25031 1170.51845  17.3%   6.3 4127s
 1066573 655357 1302.75486   60   12 1415.25031 1170.54977  17.3%   6.3 4134s
 1067878 655957     cutoff   89      1415.25031 1170.61486  17.3%   6.3 4142s
 1069049 656823 1260.16837   50   13 1415.25031 1170.63608  17.3%   6.3 4151s
 1070403 657580     cutoff   96      1415.25031 1170.67977  17.3%   6.3 4158s
 1071608 658161 1325.85290   71   10 1415.25031 1170.71338  17.3%   6.3 4166s
 1072655 658832     cutoff   60      1415.25031 1170.74117  17.3%   6.3 4174s
 1073870 658839 1345.34761   75   12 1415.25031 1170.76333  17.3%   6.3 4194s
H1073882 658839                    1415.2502783 1170.76333  17.3%   6.3 4194s
 1073888 659299 1346.57140   76   18 1415.25028 1170.76704  17.3%   6.3 4202s
 1075022 660281     cutoff   92      1415.25028 1170.84928  17.3%   6.3 4210s
 1076478 660955 1366.95884   70   23 1415.25028 1170.88715  17.3%   6.3 4218s
 1077703 661426 1395.98018   43   13 1415.25028 1170.92828  17.3%   6.3 4227s
 1078628 661999     cutoff   93      1415.25028 1170.96756  17.3%   6.3 4235s
 1079775 662834 1382.99217   52    8 1415.25028 1171.01244  17.3%   6.3 4243s
 1081149 663764     cutoff   59      1415.25028 1171.05104  17.3%   6.3 4251s
 1082645 664642 1280.89849   61   23 1415.25028 1171.12686  17.2%   6.3 4260s
 1084113 665482     cutoff   59      1415.25028 1171.18779  17.2%   6.3 4268s
 1085470 666386 1333.34214   83   31 1415.25028 1171.22281  17.2%   6.3 4274s
 1086893 667012 1353.05994   69   15 1415.25028 1171.30097  17.2%   6.3 4283s
 1088031 667613 1248.89805   54   11 1415.25028 1171.34887  17.2%   6.3 4291s
 1089224 668465 1381.92942   73   12 1415.25028 1171.40186  17.2%   6.3 4299s
 1090680 669188     cutoff  110      1415.25028 1171.44475  17.2%   6.3 4306s
 1091721 669859 1327.32568   86   25 1415.25028 1171.48906  17.2%   6.3 4315s
 1092974 670636     cutoff   64      1415.25028 1171.52531  17.2%   6.3 4324s
 1094512 671499 1211.25983   51   24 1415.25028 1171.57961  17.2%   6.3 4332s
 1095943 672476 1247.70299   51   20 1415.25028 1171.64983  17.2%   6.3 4341s
 1097507 673160     cutoff   72      1415.25028 1171.70674  17.2%   6.3 4351s
 1098651 673611 1380.54321   75    - 1415.25028 1171.73121  17.2%   6.3 4360s
H1099622 673624                    1415.2495282 1171.75038  17.2%   6.3 4360s
 1099705 674464 infeasible   75      1415.24953 1171.78550  17.2%   6.3 4368s
 1101024 675354 1266.79872   56   25 1415.24953 1171.83244  17.2%   6.3 4376s
 1102453 676010 1389.06125   62    8 1415.24953 1171.87750  17.2%   6.3 4384s
 1103851 676684 1395.36123   64    - 1415.24953 1171.94181  17.2%   6.3 4392s
 1104962 677233 infeasible   64      1415.24953 1172.00338  17.2%   6.3 4401s
 1106056 678142 1266.50170   89   18 1415.24953 1172.01808  17.2%   6.3 4408s
 1107355 678706 1291.77378   59   11 1415.24953 1172.07838  17.2%   6.3 4416s
 1108576 679580 1405.34370   94    6 1415.24953 1172.09215  17.2%   6.3 4423s
 1110095 680190 infeasible   65      1415.24953 1172.17446  17.2%   6.3 4430s
 1111125 680941 1397.12583   69   10 1415.24953 1172.21235  17.2%   6.3 4439s
 1112370 681781 1353.67658  109   21 1415.24953 1172.26189  17.2%   6.3 4447s
 1113757 682517     cutoff  120      1415.24953 1172.29437  17.2%   6.3 4455s
 1115073 683173     cutoff   64      1415.24953 1172.35172  17.2%   6.3 4462s
 1116138 684053 1410.30281   80   25 1415.24953 1172.38719  17.2%   6.3 4470s
 1117554 684683 1309.29746   56   10 1415.24953 1172.42283  17.2%   6.3 4478s
 1118775 685416 1330.11513   58   13 1415.24953 1172.47294  17.2%   6.3 4487s
 1120124 686193 1339.83554   67   25 1415.24953 1172.50978  17.2%   6.3 4495s
 1121433 687007     cutoff   87      1415.24953 1172.55634  17.1%   6.3 4502s
 1122918 687589 1399.55806   52   11 1415.24953 1172.62558  17.1%   6.3 4511s
 1124138 688301 1344.66553   57   15 1415.24953 1172.66472  17.1%   6.3 4520s
 1125329 688885     cutoff   62      1415.24953 1172.69015  17.1%   6.3 4527s
 1126393 689397 1326.72736   68   24 1415.24953 1172.74762  17.1%   6.3 4536s
 1127515 689977     cutoff   70      1415.24953 1172.78288  17.1%   6.3 4544s
 1128739 690683     cutoff   82      1415.24953 1172.82961  17.1%   6.3 4551s
 1130051 691496 1321.03643   67   19 1415.24953 1172.89956  17.1%   6.3 4559s
 1131578 692087 1246.91712   40    9 1415.24953 1172.94313  17.1%   6.3 4568s
 1132611 692841     cutoff   74      1415.24953 1172.96905  17.1%   6.3 4573s
 1133826 693614 1331.55831   61   11 1415.24953 1173.01459  17.1%   6.3 4580s
 1135220 694130 1336.85447   99   17 1415.24953 1173.08755  17.1%   6.3 4589s
 1136432 695031 infeasible   66      1415.24953 1173.12594  17.1%   6.3 4596s
H1137885 695694                    1415.2482213 1173.19538  17.1%   6.3 4603s
 1139259 696404     cutoff   65      1415.24822 1173.22161  17.1%   6.3 4612s
 1140447 697261 1401.90970   62   17 1415.24822 1173.28666  17.1%   6.3 4622s
 1141853 697788     cutoff   93      1415.24822 1173.32972  17.1%   6.3 4629s
 1143005 698388 1304.03065   59   16 1415.24822 1173.37796  17.1%   6.3 4636s
 1144145 698884     cutoff   81      1415.24822 1173.41941  17.1%   6.3 4645s
 1145110 699493     cutoff   80      1415.24822 1173.43376  17.1%   6.3 4653s
 1146272 700157 1383.12815   78   10 1415.24822 1173.47805  17.1%   6.3 4663s
 1147609 701148 1357.31468   75   12 1415.24822 1173.53041  17.1%   6.3 4672s
 1149186 702069 1329.60398   63   33 1415.24822 1173.56558  17.1%   6.3 4680s
 1150669 702819     cutoff   57      1415.24822 1173.61569  17.1%   6.3 4690s
H1151366 702822                    1415.2479941 1173.62715  17.1%   6.3 4690s
 1152057 703541 infeasible  116      1415.24799 1173.66650  17.1%   6.3 4697s
 1153211 704486 1377.44310   64   16 1415.24799 1173.71208  17.1%   6.3 4706s
 1154663 705447     cutoff   57      1415.24799 1173.75824  17.1%   6.3 4714s
 1156177 706234 1365.12643   93   20 1415.24799 1173.80390  17.1%   6.3 4722s
 1157518 706769     cutoff  111      1415.24799 1173.84622  17.1%   6.3 4734s
 1158571 707508     cutoff   63      1415.24799 1173.88270  17.1%   6.3 4742s
 1159953 708177 1247.69506   73   34 1415.24799 1173.92764  17.1%   6.3 4749s
 1161238 708594 1329.29649   55   21 1415.24799 1173.97237  17.0%   6.3 4758s
 1162224 709091 1402.47474   62   19 1415.24799 1173.98982  17.0%   6.3 4768s
 1163195 709949     cutoff   62      1415.24799 1174.03867  17.0%   6.3 4777s
 1164632 710649 1213.74875   56   30 1415.24799 1174.07253  17.0%   6.3 4785s
 1165836 711370 1407.65471   74    6 1415.24799 1174.12247  17.0%   6.3 4793s
 1167149 712177     cutoff   50      1415.24799 1174.17203  17.0%   6.3 4801s
 1168529 712926     cutoff   65      1415.24799 1174.21785  17.0%   6.3 4807s
 1169723 713626 1317.66742   72   42 1415.24799 1174.25685  17.0%   6.3 4814s
 1171117 714197 1249.92894   42   20 1415.24799 1174.28847  17.0%   6.3 4823s
 1172223 714931 1374.71350   97   30 1415.24799 1174.35000  17.0%   6.3 4831s
 1173550 715699     cutoff   67      1415.24799 1174.40367  17.0%   6.3 4838s
 1174798 716680     cutoff   67      1415.24799 1174.44578  17.0%   6.3 4845s
 1176500 717444 1277.52310   70   29 1415.24799 1174.51153  17.0%   6.3 4854s
 1177866 718111 1358.64837  142   25 1415.24799 1174.55151  17.0%   6.3 4862s
 1179107 718825 1333.05344   55   40 1415.24799 1174.57586  17.0%   6.3 4868s
 1180311 719609 1394.94286  103   22 1415.24799 1174.63206  17.0%   6.3 4876s
 1181603 719624     cutoff   59      1415.24799 1174.66997  17.0%   6.3 4898s
 1181643 720508 1228.91650   40   19 1415.24799 1174.68565  17.0%   6.3 4906s
 1183036 721155 1326.71971   77   23 1415.24799 1174.71508  17.0%   6.3 4913s
 1184251 721833 1389.46854   80   34 1415.24799 1174.75452  17.0%   6.3 4921s
 1185587 722457 infeasible   78      1415.24799 1174.80640  17.0%   6.3 4932s
H1186483 722461                    1415.2478691 1174.81318  17.0%   6.3 4932s
 1186712 723459 1358.01213   71   19 1415.24787 1174.83784  17.0%   6.3 4940s
 1188326 724109 1218.66599   33   22 1415.24787 1174.90307  17.0%   6.3 4947s
 1189464 725060 1358.10162   73   17 1415.24787 1174.94024  17.0%   6.3 4955s
 1191120 726033 1306.42226   47   13 1415.24787 1174.99041  17.0%   6.3 4964s
 1192635 726735 1225.11328   63   10 1415.24787 1175.03406  17.0%   6.3 4973s
 1193925 727418 1233.85886   40   25 1415.24787 1175.08383  17.0%   6.3 4982s
 1195207 728286 1405.70439   63   10 1415.24787 1175.11798  17.0%   6.3 4991s
 1196675 728965     cutoff   56      1415.24787 1175.17637  17.0%   6.3 4999s
 1197842 729978 1327.32608   52   17 1415.24787 1175.22596  17.0%   6.3 5008s
 1199405 730715     cutoff   77      1415.24787 1175.27094  17.0%   6.3 5016s
 1200653 731425 1351.95901   55   16 1415.24787 1175.33160  17.0%   6.3 5024s
 1201899 732212 1308.05454   73   18 1415.24787 1175.36346  16.9%   6.3 5031s
 1203307 732943 1233.86635   80   23 1415.24787 1175.40919  16.9%   6.3 5040s
 1204524 733506     cutoff   80      1415.24787 1175.44032  16.9%   6.3 5049s
 1205596 734240 1276.59085   61   10 1415.24787 1175.45894  16.9%   6.3 5057s
 1206914 734996     cutoff   72      1415.24787 1175.49576  16.9%   6.3 5064s
 1208128 735940     cutoff   76      1415.24787 1175.53519  16.9%   6.3 5072s
 1209598 736891 infeasible   74      1415.24787 1175.58959  16.9%   6.3 5080s
 1211061 737564 1282.13870   71   34 1415.24787 1175.63678  16.9%   6.3 5087s
 1212397 738161     cutoff   74      1415.24787 1175.68834  16.9%   6.3 5094s
H1213132 738166                    1415.2469732 1175.70216  16.9%   6.3 5094s
 1213348 739021 1337.77876   40    6 1415.24697 1175.70466  16.9%   6.3 5101s
 1214737 739738 1298.60402   38    6 1415.24697 1175.78376  16.9%   6.3 5108s
 1216100 740461 1275.94443   63   19 1415.24697 1175.81723  16.9%   6.3 5116s
 1217376 741060 1399.15794   61   14 1415.24697 1175.85454  16.9%   6.3 5126s
 1218427 741489 1326.16276   56   15 1415.24697 1175.88994  16.9%   6.3 5135s
 1219386 742360 1317.17479   55   17 1415.24697 1175.91170  16.9%   6.3 5143s
 1220818 742813     cutoff   61      1415.24697 1175.95694  16.9%   6.3 5153s
 1221682 743594 1358.78083   86   18 1415.24697 1175.97410  16.9%   6.3 5161s
 1223064 744305     cutoff   88      1415.24697 1176.02644  16.9%   6.3 5171s
 1224320 744891 1382.81532  102   34 1415.24697 1176.05501  16.9%   6.3 5181s
 1225377 745761 1231.36948   57   18 1415.24697 1176.09267  16.9%   6.3 5194s
 1226886 746416 1371.82104   87   24 1415.24697 1176.13311  16.9%   6.3 5204s
 1228116 747193     cutoff   54      1415.24697 1176.17289  16.9%   6.3 5211s
 1229397 747874 1389.32093   60   23 1415.24697 1176.21356  16.9%   6.3 5220s
 1230622 748636     cutoff   56      1415.24697 1176.25665  16.9%   6.3 5229s
 1232039 749302 1334.01551   73   12 1415.24697 1176.29076  16.9%   6.3 5237s
 1233399 749995 1367.43118   62   16 1415.24697 1176.34485  16.9%   6.3 5247s
 1234715 750969 1354.53102   76   17 1415.24697 1176.37507  16.9%   6.3 5254s
 1236323 751665 infeasible   89      1415.24697 1176.42912  16.9%   6.3 5261s
 1237460 752597 1380.46294   51   10 1415.24697 1176.46545  16.9%   6.3 5269s
 1238984 753707 1309.20604   62   15 1415.24697 1176.52234  16.9%   6.3 5277s
 1240597 754425 1270.32996   73   35 1415.24697 1176.56880  16.9%   6.3 5286s
 1241787 755356 1357.30829   65   13 1415.24697 1176.59842  16.9%   6.3 5294s
 1243316 756265 1242.55976   53   25 1415.24697 1176.66059  16.9%   6.3 5301s
 1244793 756756     cutoff   66      1415.24697 1176.71559  16.9%   6.3 5311s
 1245924 757254 1287.10266   81   32 1415.24697 1176.75238  16.9%   6.3 5320s
 1246859 757980 1241.20142   48   13 1415.24697 1176.77615  16.9%   6.3 5328s
 1248114 758789 1344.06637   62   29 1415.24697 1176.82093  16.8%   6.3 5340s
 1249503 759527 1329.70380   61   14 1415.24697 1176.87347  16.8%   6.3 5353s
 1250719 760305 1249.22508   42   19 1415.24697 1176.92247  16.8%   6.3 5365s
 1252099 760912     cutoff   79      1415.24697 1176.94253  16.8%   6.4 5375s
 1253227 761525     cutoff   65      1415.24697 1176.99687  16.8%   6.4 5387s
 1254341 762368     cutoff   64      1415.24697 1177.03086  16.8%   6.4 5398s
 1255890 763061 1328.05399   80   29 1415.24697 1177.08514  16.8%   6.4 5409s
 1257073 763735 1400.28407   84   18 1415.24697 1177.11724  16.8%   6.4 5419s
 1258241 764443 1217.18027   44   15 1415.24697 1177.15956  16.8%   6.4 5428s
 1259534 765258 1374.16808   63   26 1415.24697 1177.18726  16.8%   6.4 5437s
 1260987 766028 1383.59281   61   29 1415.24697 1177.23230  16.8%   6.4 5447s
 1262336 767061 1409.21408   76   14 1415.24697 1177.28926  16.8%   6.4 5454s
 1263947 767918 1280.57822   58   14 1415.24697 1177.33051  16.8%   6.4 5461s
 1265339 768552 1275.47359   40   15 1415.24697 1177.37105  16.8%   6.4 5469s
 1266390 769496 1226.39036   62   27 1415.24697 1177.41392  16.8%   6.4 5478s
 1267866 770039 1369.13400   52   15 1415.24697 1177.47657  16.8%   6.4 5487s
 1268877 770973 1398.60215  107   22 1415.24697 1177.51185  16.8%   6.4 5496s
 1270433 771737     cutoff   71      1415.24697 1177.56079  16.8%   6.4 5505s
 1271760 772261 1306.78709   49   17 1415.24697 1177.60373  16.8%   6.4 5514s
 1272843 773217     cutoff   60      1415.24697 1177.63068  16.8%   6.4 5522s
 1274413 773855     cutoff   65      1415.24697 1177.69414  16.8%   6.4 5530s
 1275430 774742 1262.47168   68   12 1415.24697 1177.71978  16.8%   6.4 5538s
 1276867 775605     cutoff   70      1415.24697 1177.77594  16.8%   6.4 5546s
 1278300 776279 infeasible  115      1415.24697 1177.83021  16.8%   6.4 5554s
 1279494 776862     cutoff   70      1415.24697 1177.87366  16.8%   6.4 5563s
 1280746 777745     cutoff   54      1415.24697 1177.89975  16.8%   6.4 5570s
 1282233 778576 1392.90205   70    4 1415.24697 1177.94389  16.8%   6.4 5577s
 1283701 779059 infeasible   73      1415.24697 1177.98485  16.8%   6.4 5586s
 1284718 779796 1360.59961   68   25 1415.24697 1178.01645  16.8%   6.4 5594s
 1285942 780613 1335.00816   67   15 1415.24697 1178.06670  16.8%   6.4 5602s
 1287279 781291 1306.95766   62   30 1415.24697 1178.10410  16.8%   6.4 5609s
 1288459 782156 1380.94382   90   13 1415.24697 1178.13834  16.8%   6.4 5617s
 1289887 782980 1285.06259   54   14 1415.24697 1178.18861  16.8%   6.4 5625s
 1291303 783684 1358.44953   88   21 1415.24697 1178.23101  16.7%   6.4 5632s
 1292582 784196 1373.44445   68    8 1415.24697 1178.27412  16.7%   6.4 5641s
 1293525 784815 1340.38605   68   30 1415.24697 1178.30547  16.7%   6.4 5649s
 1294841 785408 1267.00425   49   17 1415.24697 1178.33130  16.7%   6.4 5660s
 1296086 786089 1368.89361   53   15 1415.24697 1178.35946  16.7%   6.4 5668s
 1297381 786795 1315.02062   59   14 1415.24697 1178.36738  16.7%   6.4 5676s
 1298601 787625 1309.19394   43   29 1415.24697 1178.42805  16.7%   6.4 5684s
 1299911 788395 1390.52817   85   25 1415.24697 1178.47238  16.7%   6.4 5694s
 1301191 789290 1383.56626   44   10 1415.24697 1178.52067  16.7%   6.4 5703s
 1302684 789977 1387.90446   71    6 1415.24697 1178.56288  16.7%   6.4 5712s
 1303981 790464     cutoff  101      1415.24697 1178.60063  16.7%   6.4 5721s
 1305045 790498 1306.91380   44   13 1415.24697 1178.62183  16.7%   6.4 5741s
 1305119 791067 1296.45891   44   13 1415.24697 1178.63107  16.7%   6.4 5749s
 1306298 791748 1210.40737   48   23 1415.24697 1178.66237  16.7%   6.4 5757s
 1307386 792748     cutoff   62      1415.24697 1178.69669  16.7%   6.4 5766s
 1309030 793544 1375.44594   64    8 1415.24697 1178.74252  16.7%   6.4 5777s
 1310323 794307 1351.89221   57   17 1415.24697 1178.77684  16.7%   6.4 5787s
 1311644 795323 infeasible   69      1415.24697 1178.81606  16.7%   6.4 5795s
 1313355 795908     cutoff   71      1415.24697 1178.86700  16.7%   6.4 5805s
 1314517 796323 infeasible   87      1415.24697 1178.90157  16.7%   6.4 5814s
 1315589 796866 infeasible   98      1415.24697 1178.90471  16.7%   6.4 5822s
 1316641 797425 1238.92147   51   33 1415.24697 1178.95246  16.7%   6.4 5833s
 1317765 798072 1345.31517   54   14 1415.24697 1178.97862  16.7%   6.4 5842s
 1318880 799069 1344.39746   82   23 1415.24697 1179.01253  16.7%   6.4 5851s
 1320590 799944 1395.63422   86   21 1415.24697 1179.05821  16.7%   6.4 5859s
 1322007 800684     cutoff   50      1415.24697 1179.13136  16.7%   6.4 5867s
 1323406 801188 1309.70523   75   10 1415.24697 1179.17187  16.7%   6.4 5876s
 1324480 802022 1351.77004   68   20 1415.24697 1179.20218  16.7%   6.4 5883s
 1325876 802919 1371.62223   74   29 1415.24697 1179.24234  16.7%   6.4 5891s
 1327357 803846     cutoff   67      1415.24697 1179.30168  16.7%   6.4 5899s
 1329002 804571     cutoff   75      1415.24697 1179.35116  16.7%   6.4 5909s
 1330333 805086     cutoff   90      1415.24697 1179.40439  16.7%   6.4 5918s
 1331248 806076 1210.50499   44   14 1415.24697 1179.42111  16.7%   6.4 5925s
 1332945 806951 1320.18307   67   29 1415.24697 1179.47171  16.7%   6.4 5933s
 1334420 807678     cutoff   88      1415.24697 1179.53095  16.7%   6.4 5940s
 1335697 808330 1309.65959   56   22 1415.24697 1179.56724  16.7%   6.4 5947s
 1337060 809140 infeasible   65      1415.24697 1179.62535  16.6%   6.4 5955s
 1338429 810015 1320.24823   47   15 1415.24697 1179.67920  16.6%   6.4 5963s
 1339898 810977 1230.14202   43   15 1415.24697 1179.71484  16.6%   6.4 5970s
 1341419 811605 1345.10316   65   21 1415.24697 1179.75179  16.6%   6.4 5977s
 1342527 812220 1353.87585   69   28 1415.24697 1179.78823  16.6%   6.4 5984s
 1343609 813070 1396.18435   98    8 1415.24697 1179.81385  16.6%   6.4 5992s
 1344975 813801 1333.56217   52   12 1415.24697 1179.86996  16.6%   6.4 6000s
 1346361 814396 1395.63406   60   13 1415.24697 1179.90445  16.6%   6.4 6009s
 1347565 815077     cutoff   76      1415.24697 1179.92647  16.6%   6.4 6018s
 1348843 815553 1399.05496   56   23 1415.24697 1179.97801  16.6%   6.4 6027s
 1349909 816002     cutoff   59      1415.24697 1180.00559  16.6%   6.4 6036s
 1350736 816743 1242.94313   60   16 1415.24697 1180.02099  16.6%   6.4 6047s
 1352020 817371 1361.13878   96   21 1415.24697 1180.04835  16.6%   6.4 6056s
 1353274 818164 infeasible   71      1415.24697 1180.10603  16.6%   6.4 6064s
 1354567 818972 1257.46854   45   23 1415.24697 1180.13533  16.6%   6.4 6073s
 1355964 819785 1331.62909   66   18 1415.24697 1180.17373  16.6%   6.4 6082s
 1357426 820377 1394.01859   57   17 1415.24697 1180.21475  16.6%   6.4 6091s
 1358709 821450 1401.67273  111   25 1415.24697 1180.26956  16.6%   6.4 6099s
 1360348 822189 1249.44875   48   24 1415.24697 1180.32615  16.6%   6.4 6109s
 1361606 822906 1313.87788   79   30 1415.24697 1180.34519  16.6%   6.4 6117s
 1362884 822934 1186.62643   45   21 1415.24697 1180.38124  16.6%   6.4 6138s
 1362915 823439 1202.75179   46    8 1415.24697 1180.38558  16.6%   6.4 6149s
 1363986 823907 1369.80298   45   14 1415.24697 1180.41225  16.6%   6.4 6160s
 1365090 824509 1262.85997   45   14 1415.24697 1180.44210  16.6%   6.4 6171s
 1366241 825256 1328.42563   68   17 1415.24697 1180.46994  16.6%   6.4 6180s
 1367491 826162 1409.40630   74    8 1415.24697 1180.51382  16.6%   6.4 6190s
 1369163 826913 infeasible   75      1415.24697 1180.56456  16.6%   6.4 6200s
 1370426 827620 1369.09630   55   14 1415.24697 1180.59324  16.6%   6.4 6210s
 1371818 828420     cutoff   99      1415.24697 1180.64226  16.6%   6.4 6222s
 1373102 829330 1315.06426   47    8 1415.24697 1180.67710  16.6%   6.4 6234s
 1374730 829939 infeasible   50      1415.24697 1180.73993  16.6%   6.4 6245s
 1375898 830799 infeasible   57      1415.24697 1180.77143  16.6%   6.4 6255s
 1377387 831300 1361.74028   54   20 1415.24697 1180.81407  16.6%   6.4 6266s
 1378423 832047 infeasible   86      1415.24697 1180.84655  16.6%   6.4 6280s
 1379877 832850 1335.01450   62   16 1415.24697 1180.87753  16.6%   6.4 6292s
 1381268 833650     cutoff   57      1415.24697 1180.94322  16.6%   6.4 6300s
 1382536 834433 1250.64506   65   25 1415.24697 1180.97264  16.6%   6.4 6311s
 1383804 834988 1345.07772   80   24 1415.24697 1181.01918  16.6%   6.4 6325s
 1384979 835827 1360.65528   50   13 1415.24697 1181.03852  16.5%   6.4 6339s
 1386457 836593 infeasible   56      1415.24697 1181.07452  16.5%   6.4 6349s
 1388011 837281     cutoff   54      1415.24697 1181.12162  16.5%   6.4 6359s
 1389449 838083 1248.19250   42   18 1415.24697 1181.16513  16.5%   6.4 6366s
 1390753 838677 1191.44704   43   19 1415.24697 1181.19431  16.5%   6.4 6376s
 1391824 839512 1316.99975   46   27 1415.24697 1181.21895  16.5%   6.4 6386s
 1393377 840095     cutoff   67      1415.24697 1181.27496  16.5%   6.4 6395s
 1394423 841104 1205.85405   53   16 1415.24697 1181.31583  16.5%   6.4 6405s
 1396090 841624 1258.42448   54   31 1415.24697 1181.35371  16.5%   6.4 6415s
 1397117 841993 1282.68028   41   21 1415.24697 1181.38813  16.5%   6.4 6427s
 1398159 842905 1408.65418   54   23 1415.24697 1181.40868  16.5%   6.4 6437s
 1399666 843498 1365.08663   50   30 1415.24697 1181.46508  16.5%   6.4 6447s
 1400780 844114 1377.83861   59    8 1415.24697 1181.49291  16.5%   6.4 6459s
 1402023 844738 1324.60450   62   17 1415.24697 1181.51354  16.5%   6.4 6470s
 1403084 845531 infeasible   69      1415.24697 1181.56158  16.5%   6.4 6482s
 1404587 846479     cutoff  102      1415.24697 1181.60742  16.5%   6.4 6493s
 1406187 847173 1370.52514   54   10 1415.24697 1181.67484  16.5%   6.4 6504s
 1407596 847872 1252.39375   41   13 1415.24697 1181.70626  16.5%   6.4 6514s
 1408957 848508 1340.19709   73   14 1415.24697 1181.75141  16.5%   6.4 6523s
H1409144 848512                    1415.2469693 1181.75206  16.5%   6.4 6523s
 1410064 848554 infeasible   90      1415.24697 1181.79125  16.5%   6.4 6543s
 1410160 849403 1187.73671   68   24 1415.24697 1181.80003  16.5%   6.4 6553s
 1411653 850044     cutoff   71      1415.24697 1181.86034  16.5%   6.4 6562s
 1412915 850789 1387.86585   58   14 1415.24697 1181.90306  16.5%   6.4 6571s
 1414179 851580     cutoff   64      1415.24697 1181.93575  16.5%   6.4 6581s
 1415735 852297     cutoff   84      1415.24697 1181.98266  16.5%   6.4 6593s
 1416988 852877 1379.81138   59   22 1415.24697 1182.00425  16.5%   6.4 6603s
 1418319 853477 1295.42626  119   30 1415.24697 1182.05109  16.5%   6.4 6613s
 1419496 854356 1326.66273   86   35 1415.24697 1182.09013  16.5%   6.4 6622s
 1421081 855185 infeasible   61      1415.24697 1182.15396  16.5%   6.4 6633s
 1422551 856008 1405.07127   93   17 1415.24697 1182.18809  16.5%   6.4 6643s
 1423900 856799 1330.73007   71   30 1415.24697 1182.22914  16.5%   6.4 6651s
 1425202 857556     cutoff   77      1415.24697 1182.27431  16.5%   6.4 6659s
 1426665 858034     cutoff   90      1415.24697 1182.32399  16.5%   6.4 6668s
 1427786 858785     cutoff   72      1415.24697 1182.36769  16.5%   6.4 6676s
 1429148 859155 1385.35881   71   31 1415.24697 1182.40442  16.5%   6.4 6686s
 1430125 860006     cutoff   80      1415.24697 1182.42548  16.5%   6.4 6695s
 1431555 860533 1353.93069   49   17 1415.24697 1182.45568  16.4%   6.4 6704s
 1432742 861057     cutoff   50      1415.24697 1182.49600  16.4%   6.4 6715s
 1433778 861808     cutoff   66      1415.24697 1182.52669  16.4%   6.4 6725s
 1435201 862427     cutoff   63      1415.24697 1182.54940  16.4%   6.4 6736s
 1436503 863043 1294.55938   72   19 1415.24697 1182.59863  16.4%   6.4 6744s
 1437587 863827 1384.18407   95    - 1415.24697 1182.64001  16.4%   6.4 6755s
 1439060 864636 1324.10716   49   12 1415.24697 1182.69933  16.4%   6.4 6765s
 1440604 865562     cutoff  100      1415.24697 1182.73720  16.4%   6.4 6775s
 1442205 866126 1396.48235   54   22 1415.24697 1182.79607  16.4%   6.4 6786s
 1443325 866783 1369.69758   54   27 1415.24697 1182.82927  16.4%   6.4 6795s
 1444521 867702 infeasible   75      1415.24697 1182.85101  16.4%   6.4 6806s
 1446013 868414 1370.51406   92   34 1415.24697 1182.91261  16.4%   6.4 6815s
 1447410 869112     cutoff   85      1415.24697 1182.95974  16.4%   6.4 6823s
 1448761 869870     cutoff  148      1415.24697 1183.00237  16.4%   6.4 6832s
 1450112 870334     cutoff   55      1415.24697 1183.04855  16.4%   6.4 6841s
 1451212 871091 1264.73467   58   20 1415.24697 1183.07363  16.4%   6.4 6849s
 1452542 871656 infeasible   76      1415.24697 1183.11723  16.4%   6.4 6858s
 1453713 872226 1332.63044   75   13 1415.24697 1183.14644  16.4%   6.4 6866s
 1454971 872891 1384.22951   80   19 1415.24697 1183.17681  16.4%   6.4 6875s
 1456213 873486     cutoff  101      1415.24697 1183.22720  16.4%   6.4 6885s
 1457497 874350     cutoff   70      1415.24697 1183.25963  16.4%   6.4 6898s
 1458961 875067 1264.82494   63   22 1415.24697 1183.30541  16.4%   6.4 6907s
 1460195 875873 1382.66928   65   20 1415.24697 1183.33998  16.4%   6.4 6917s
 1461812 876358 1342.08175   73   17 1415.24697 1183.39769  16.4%   6.4 6927s
 1463098 877055     cutoff   48      1415.24697 1183.43118  16.4%   6.4 6938s
 1464521 877775 1322.91157   52   23 1415.24697 1183.45553  16.4%   6.4 6949s
 1465817 878349     cutoff   79      1415.24697 1183.50247  16.4%   6.4 6958s
 1467050 878823 1275.11258   50   27 1415.24697 1183.54702  16.4%   6.4 6970s
 1468259 879437 1257.41343   59   20 1415.24697 1183.57025  16.4%   6.4 6980s
 1469393 880180     cutoff   42      1415.24697 1183.59984  16.4%   6.4 6991s
 1470869 880756     cutoff   80      1415.24697 1183.63660  16.4%   6.4 7001s
 1472009 881606 1411.20427   70    6 1415.24697 1183.67497  16.4%   6.5 7010s
 1473671 882365 1397.02617   77   16 1415.24697 1183.72165  16.4%   6.5 7020s
 1475081 882991 1346.09503   47   23 1415.24697 1183.75846  16.4%   6.5 7029s
 1476324 883883 1265.85242   59   16 1415.24697 1183.78949  16.4%   6.5 7038s
 1477850 884681 1380.98179   70   22 1415.24697 1183.80569  16.4%   6.5 7047s
 1479228 885575 1309.04971   71   29 1415.24697 1183.86792  16.3%   6.5 7056s
 1480761 886260     cutoff   70      1415.24697 1183.90011  16.3%   6.5 7064s
 1482155 887007 1414.58048   54   17 1415.24697 1183.95253  16.3%   6.5 7074s
 1483587 887416 1258.54950   46   17 1415.24697 1183.99077  16.3%   6.5 7085s
 1484546 888005 1390.46361   39   11 1415.24697 1184.02248  16.3%   6.5 7095s
 1485765 888691     cutoff   65      1415.24697 1184.06285  16.3%   6.5 7107s
 1487282 889296 1244.16905   54   19 1415.24697 1184.11740  16.3%   6.5 7118s
 1488460 889948 1335.07744   55   21 1415.24697 1184.14871  16.3%   6.5 7130s
 1489724 890686 1384.36623   70   30 1415.24697 1184.17649  16.3%   6.5 7139s
 1491119 891468 infeasible   76      1415.24697 1184.23068  16.3%   6.5 7148s
 1492659 892046 1379.73475   69   31 1415.24697 1184.27773  16.3%   6.5 7159s
 1493768 892730 1295.52396   71   26 1415.24697 1184.29388  16.3%   6.5 7169s
 1495224 893345     cutoff   89      1415.24697 1184.34311  16.3%   6.5 7178s
 1496363 894034 infeasible   76      1415.24697 1184.37343  16.3%   6.5 7188s
 1497838 894699 1239.93190   53   24 1415.24697 1184.42284  16.3%   6.5 7196s
 1499106 894907 1377.41713   78    8 1415.24697 1184.45280  16.3%   6.5 7200s

Cutting planes:
  Gomory: 5
  Zero half: 9
  Lazy constraints: 13092

Explored 1499530 nodes (9696845 simplex iterations) in 7200.29 seconds
Thread count was 12 (of 12 available processors)

Solution count 2: 1415.25 2167.77 

Time limit reached
Best objective 1.415246969264e+03, best bound 1.184454708451e+03, gap 16.3076%

User-callback calls 4278730, time in user-callback 47.85 sec
/projects/academic/josewalt/caigao/RRARP_BD/BendersDecomp/ret/model_outs/n_21_h_8_algo_4.out
 =====>>>>> Solution is written to file in <../ret/model_outs> !!!
===>> All Done!
