NPROCS=0
This instance is clustered!
Gurobi Optimizer version 9.0.0 build v9.0.0rc2 (linux64)
Optimize a model with 18 rows, 82 columns and 162 nonzeros
Model fingerprint: 0x7cce2857
Variable types: 1 continuous, 81 integer (81 binary)
Coefficient statistics:
  Matrix range     [1e+00, 1e+00]
  Objective range  [5e-01, 5e+01]
  Bounds range     [1e+00, 1e+00]
  RHS range        [1e+00, 1e+00]
Presolve removed 2 rows and 24 columns
Presolve time: 0.00s
Presolved: 16 rows, 58 columns, 114 nonzeros
Variable types: 1 continuous, 57 integer (57 binary)

Root relaxation: objective 4.706398e+01, 10 iterations, 0.00 seconds

    Nodes    |    Current Node    |     Objective Bounds      |     Work
 Expl Unexpl |  Obj  Depth IntInf | Incumbent    BestBd   Gap | It/Node Time

     0     0   58.54288    0    6          -   58.54288      -     -    0s
H    0     0                      80.3450296   58.54288  27.1%     -    0s
H    0     0                      74.5505040   58.54288  21.5%     -    0s
H    0     0                      73.8818843   58.54288  20.8%     -    0s
     0     0   62.15269    0    6   73.88188   62.15269  15.9%     -    0s
     0     0   62.15269    0    6   73.88188   62.15269  15.9%     -    0s
     0     0   66.68820    0    6   73.88188   66.68820  9.74%     -    0s
     0     0   66.68820    0    6   73.88188   66.68820  9.74%     -    0s
     0     2   66.68820    0    6   73.88188   66.68820  9.74%     -    0s

Cutting planes:
  Gomory: 1
  Lazy constraints: 7

Explored 12 nodes (64 simplex iterations) in 0.03 seconds
Thread count was 12 (of 12 available processors)

Solution count 3: 73.8819 74.5505 80.345 

Optimal solution found (tolerance 1.00e-04)
Best objective 7.388188431676e+01, best bound 7.388188431676e+01, gap 0.0000%

User-callback calls 114, time in user-callback 0.00 sec
/projects/academic/josewalt/caigao/RRARP_BD/BendersDecomp/ret/model_outs/n_7_m_8_algo_2.out
 =====>>>>> Solution is written to file in <../ret/model_outs> !!!
===>> All Done!
