NPROCS=0
This instance is clustered!
Gurobi Optimizer version 9.0.0 build v9.0.0rc2 (linux64)
Optimize a model with 46 rows, 530 columns and 1058 nonzeros
Model fingerprint: 0x546a5857
Variable types: 1 continuous, 529 integer (529 binary)
Coefficient statistics:
  Matrix range     [1e+00, 1e+00]
  Objective range  [1e+00, 4e+02]
  Bounds range     [1e+00, 1e+00]
  RHS range        [1e+00, 1e+00]
Presolve removed 2 rows and 66 columns
Presolve time: 0.00s
Presolved: 44 rows, 464 columns, 926 nonzeros
Variable types: 1 continuous, 463 integer (463 binary)

Root relaxation: objective 6.258835e+02, 35 iterations, 0.00 seconds

    Nodes    |    Current Node    |     Objective Bounds      |     Work
 Expl Unexpl |  Obj  Depth IntInf | Incumbent    BestBd   Gap | It/Node Time

     0     0 1048.53632    0   20          - 1048.53632      -     -    0s
H    0     0                    4378.5617312 1048.53632  76.1%     -    0s
     0     0 1062.92374    0   16 4378.56173 1062.92374  75.7%     -    0s
H    0     0                    1800.0361935 1062.92374  40.9%     -    0s
H    0     0                    1764.8550862 1074.62313  39.1%     -    0s
     0     2 1074.62313    0   20 1764.85509 1074.62313  39.1%     -    0s
H 2061  1580                    1449.3390449 1111.93569  23.3%   5.9    0s
H 2062  1502                    1434.8523824 1111.93569  22.5%   5.9    0s
 15149  9250 infeasible   62      1434.85238 1191.03257  17.0%   6.5    5s
 28627 18767 1355.88284   70   36 1434.85238 1205.65845  16.0%   6.7   10s
 39661 26766 1404.81101   68   20 1434.85238 1213.71512  15.4%   6.7   15s
 45439 30489 1416.03163   80   18 1434.85238 1217.05667  15.2%   6.8   20s
 53433 35455     cutoff   59      1434.85238 1221.53819  14.9%   6.9   25s
 60918 40473     cutoff   75      1434.85238 1224.85413  14.6%   6.9   30s
 66931 44405     cutoff   83      1434.85238 1227.00347  14.5%   6.9   35s
 73392 48488     cutoff   67      1434.85238 1229.43369  14.3%   6.9   40s
 79555 52109 1258.59385   51   26 1434.85238 1231.73026  14.2%   7.0   45s
 83914 54994 1331.26768   31   15 1434.85238 1233.22468  14.1%   7.0   50s
 89465 58466     cutoff   65      1434.85238 1235.09700  13.9%   7.0   56s
 93968 60998     cutoff   50      1434.85238 1236.83739  13.8%   7.0   60s
H98554 61217                    1421.0929460 1238.20469  12.9%   7.0   64s
 98555 61203 1327.31849   41   16 1421.09295 1238.20469  12.9%   7.0  147s
H98557 58143                    1418.5042261 1238.20469  12.7%   7.0  149s
 98561 58146 1373.06499   45   57 1418.50423 1238.20469  12.7%   7.0  150s
 98567 58153 1238.20469   28   55 1418.50423 1238.20469  12.7%   7.0  155s
 98715 58258 1238.20469   36   43 1418.50423 1238.20469  12.7%   7.0  160s
 99481 58582 1249.88799   58   46 1418.50423 1238.20469  12.7%   7.1  165s
 101434 59342 1295.49743   86   44 1418.50423 1238.20469  12.7%   7.1  170s
 103082 60118 1238.20469   48   35 1418.50423 1238.20469  12.7%   7.1  175s
 106769 61826     cutoff   91      1418.50423 1238.20469  12.7%   7.2  180s
 109704 62999     cutoff   93      1418.50423 1238.20469  12.7%   7.2  185s
 112188 63315 1241.98152   50   28 1418.50423 1238.20469  12.7%   7.2  192s
 112612 63648 1398.91950   66   12 1418.50423 1238.20469  12.7%   7.2  195s
 113783 63711     cutoff  104      1418.50423 1238.20469  12.7%   7.3  200s
 116114 65055     cutoff   65      1418.50423 1238.20469  12.7%   7.3  205s
 119619 66230 1399.58069   50    6 1418.50423 1238.20469  12.7%   7.3  211s
 122556 67184 1381.62259   66   33 1418.50423 1238.20469  12.7%   7.3  215s
 125829 68202 1413.35913   63   14 1418.50423 1238.20469  12.7%   7.4  220s
 129035 69095     cutoff   71      1418.50423 1238.20469  12.7%   7.4  225s
 132684 70082 infeasible   61      1418.50423 1238.20469  12.7%   7.4  230s
 136142 70683     cutoff   78      1418.50423 1238.20469  12.7%   7.4  235s
 139087 71881     cutoff   62      1418.50423 1238.20469  12.7%   7.5  241s
 141487 72660 1332.82264   55   18 1418.50423 1238.20469  12.7%   7.5  245s
 144966 73210 1405.62162   67   16 1418.50423 1238.27934  12.7%   7.5  250s
 148615 73994     cutoff   66      1418.50423 1239.97171  12.6%   7.5  257s
 150701 74530     cutoff   73      1418.50423 1241.32977  12.5%   7.6  261s
 153053 75051     cutoff   79      1418.50423 1242.76019  12.4%   7.6  266s
 155316 75604 1413.53186   78   27 1418.50423 1243.95657  12.3%   7.6  271s
 157711 76098 1322.21932   63   36 1418.50423 1245.22303  12.2%   7.6  277s
 159916 76567     cutoff   83      1418.50423 1246.49794  12.1%   7.6  282s
 161234 76859     cutoff   70      1418.50423 1247.10722  12.1%   7.6  285s
 163415 77135     cutoff   58      1418.50423 1247.97747  12.0%   7.7  290s
 164665 77371 1320.28398   46   36 1418.50423 1248.65450  12.0%   7.7  297s
 167050 77937     cutoff   66      1418.50423 1250.01436  11.9%   7.7  302s
 169299 78457 1380.07400   69   10 1418.50423 1250.96600  11.8%   7.7  306s
 171736 78824 infeasible   58      1418.50423 1252.02450  11.7%   7.7  311s
 174013 79304 1319.53530   50   34 1418.50423 1253.03228  11.7%   7.7  316s
 176375 79816 1305.53180   63   35 1418.50423 1253.90256  11.6%   7.7  321s
 178649 80347 infeasible   54      1418.50423 1254.74311  11.5%   7.8  326s
 180988 80690     cutoff   80      1418.50423 1255.71675  11.5%   7.8  331s
 183293 81046 1329.06686   81   27 1418.50423 1256.50007  11.4%   7.8  336s
 185484 81535 infeasible   63      1418.50423 1257.40647  11.4%   7.8  342s
 187807 82120 1352.24424   76   13 1418.50423 1258.12828  11.3%   7.8  347s
 190264 82574     cutoff   82      1418.50423 1258.89950  11.3%   7.8  352s
 191477 82824 1372.76248   65   17 1418.50423 1259.22259  11.2%   7.8  355s
 195053 83674 1294.85653   57   40 1418.50423 1260.28829  11.2%   7.9  362s
 196358 83706 1382.83417   69   17 1418.50423 1260.78490  11.1%   7.9  365s
 198562 84256 1410.71522   85   10 1418.50423 1261.39326  11.1%   7.9  371s
 201136 84639 1359.50767   59   30 1418.50423 1262.29049  11.0%   7.9  376s
 203345 84993     cutoff   72      1418.50423 1262.91453  11.0%   7.9  381s
 205655 85421     cutoff   79      1418.50423 1263.60442  10.9%   7.9  386s
 207484 85463     cutoff   53      1418.50423 1264.22068  10.9%   7.9  390s
 209210 86120     cutoff   79      1418.50423 1264.65582  10.8%   7.9  396s
 211801 86554     cutoff   94      1418.50423 1265.25059  10.8%   7.9  402s
 213159 86562     cutoff   80      1418.50423 1265.63088  10.8%   7.9  405s
 215125 86896     cutoff   64      1418.50423 1266.25355  10.7%   8.0  411s
 216292 87080     cutoff   70      1418.50423 1266.40900  10.7%   8.0  415s
 218922 87772     cutoff   86      1418.50423 1267.17226  10.7%   8.0  422s
 220375 87883     cutoff   63      1418.50423 1267.53349  10.6%   8.0  425s
 222799 88225     cutoff  103      1418.50423 1268.19206  10.6%   8.0  432s
 223689 88554     cutoff   80      1418.50423 1268.30924  10.6%   8.0  435s
 226026 88937     cutoff   93      1418.50423 1268.89614  10.5%   8.0  442s
 227352 88917     cutoff   84      1418.50423 1269.27622  10.5%   8.0  446s
 229293 89373 1377.15080   64   30 1418.50423 1269.76699  10.5%   8.0  453s
 230476 89629     cutoff   75      1418.50423 1270.06750  10.5%   8.0  457s
 231758 89783 1402.28922   61   10 1418.50423 1270.31463  10.4%   8.0  460s
 234235 90142 1410.02601   63    8 1418.50423 1270.88200  10.4%   8.1  467s
 235368 90221 1417.30064   64    6 1418.50423 1271.22991  10.4%   8.1  470s
 237651 90735     cutoff   85      1418.50423 1271.85328  10.3%   8.1  477s
 238985 90902     cutoff   52      1418.50423 1272.16636  10.3%   8.1  481s
 241021 91109 1377.82225   47   18 1418.50423 1272.71341  10.3%   8.1  487s
 241922 91322     cutoff   91      1418.50423 1272.84576  10.3%   8.1  491s
 244139 91541 1410.02243   47   13 1418.50423 1273.36579  10.2%   8.1  498s
 245478 91648 1299.69395   53   26 1418.50423 1273.67471  10.2%   8.1  501s
 247741 91676     cutoff   83      1418.50423 1274.10023  10.2%   8.1  508s
 248601 92079 1329.54803   51   31 1418.50423 1274.19374  10.2%   8.1  511s
 251270 92285 1351.47717   42   20 1418.50423 1274.91761  10.1%   8.1  517s
 252384 92477 infeasible   58      1418.50423 1275.08511  10.1%   8.1  521s
 253763 92669     cutoff   63      1418.50423 1275.33694  10.1%   8.1  525s
H254740 89445                    1418.5028215 1275.39733  10.1%   8.1  525s
 256234 89989     cutoff   54      1418.50282 1275.89298  10.1%   8.2  533s
 257172 90245 1289.47857   77   34 1418.50282 1276.06563  10.0%   8.2  538s
 258448 89845 1391.71369   64   22 1418.50282 1276.28692  10.0%   8.2  548s
 258476 90491 1396.27387   65   22 1418.50282 1276.29008  10.0%   8.2  552s
 259691 90686 1366.56961   58   37 1418.50282 1276.48778  10.0%   8.2  555s
 262297 90801 1374.15139   92   24 1418.50282 1276.92372  10.0%   8.2  562s
 263875 91163     cutoff   47      1418.50282 1277.21714  10.0%   8.2  568s
 265189 91679 infeasible   60      1418.50282 1277.40623  9.95%   8.2  571s
 266450 92283     cutoff   81      1418.50282 1277.60893  9.93%   8.2  575s
 268996 93558 infeasible   66      1418.50282 1278.08228  9.90%   8.2  582s
 270434 94216 1352.96461   54   18 1418.50282 1278.34445  9.88%   8.2  586s
 271760 94711 1411.79027   63    8 1418.50282 1278.54519  9.87%   8.2  590s
 274103 95608     cutoff   61      1418.50282 1278.88504  9.84%   8.2  598s
 275107 96121 1400.84559   80   17 1418.50282 1279.07200  9.83%   8.2  602s
 276340 96583     cutoff   73      1418.50282 1279.20118  9.82%   8.2  607s
 277431 96611 infeasible   57      1418.50282 1279.43109  9.80%   8.2  619s
H277439 96611                    1418.5018406 1279.43494  9.80%   8.2  619s
 277471 97147 1364.05953   55    8 1418.50184 1279.47715  9.80%   8.2  623s
 278718 97640     cutoff   54      1418.50184 1279.69747  9.79%   8.2  628s
 279907 98195 1380.51466   92   30 1418.50184 1279.85187  9.77%   8.2  632s
 281091 98831 infeasible   86      1418.50184 1280.00072  9.76%   8.2  635s
 283285 99526     cutoff  100      1418.50184 1280.42208  9.73%   8.2  641s
 283995 100154 1396.22504   79   30 1418.50184 1280.53963  9.73%   8.2  645s
 286669 101123     cutoff   58      1418.50184 1281.02783  9.69%   8.2  652s
 287864 101592 1405.47354   55    8 1418.50184 1281.22507  9.68%   8.3  655s
 290147 102765 1344.56246   69   37 1418.50184 1281.57521  9.65%   8.3  663s
 291447 103307 1388.88853   79   33 1418.50184 1281.77789  9.64%   8.3  666s
 294019 104485 1405.80545   76    6 1418.50184 1282.16495  9.61%   8.3  673s
 295223 104956     cutoff   65      1418.50184 1282.34516  9.60%   8.3  676s
 296451 105515 1379.54942   41   24 1418.50184 1282.49132  9.59%   8.3  680s
 298914 106472 1385.19219   64   25 1418.50184 1282.84590  9.56%   8.3  687s
 300092 106950     cutoff   89      1418.50184 1282.98843  9.55%   8.3  690s
 302392 107918 1350.38877   83   28 1418.50184 1283.44595  9.52%   8.3  696s
 303614 108423 1351.39881   61   12 1418.50184 1283.62811  9.51%   8.3  700s
 306023 109197 1391.47733   53   19 1418.50184 1283.99598  9.48%   8.3  706s
 308212 110276     cutoff   94      1418.50184 1284.24734  9.46%   8.3  713s
 309451 110965 1397.04928   59   13 1418.50184 1284.50924  9.45%   8.3  716s
 311946 111982     cutoff  101      1418.50184 1284.87553  9.42%   8.3  722s
 313182 112362 1402.33404   59   21 1418.50184 1285.12700  9.40%   8.3  725s
 315199 113308 1363.33842   46   32 1418.50184 1285.40824  9.38%   8.4  732s
 316139 113923 1369.00548   62   28 1418.50184 1285.50639  9.38%   8.4  735s
 318734 114959     cutoff   58      1418.50184 1285.79307  9.36%   8.4  742s
 319688 115496     cutoff   51      1418.50184 1286.00318  9.34%   8.4  745s
 321996 116408     cutoff   94      1418.50184 1286.35322  9.32%   8.4  752s
 323265 116904 1397.47497   66   31 1418.50184 1286.51221  9.30%   8.4  757s
 324529 117387 infeasible   79      1418.50184 1286.70583  9.29%   8.4  760s
 327043 118446     cutoff   82      1418.50184 1286.97808  9.27%   8.4  773s
 328087 118819 1364.64642   89   33 1418.50184 1287.06458  9.27%   8.4  776s
 329038 119349 infeasible   81      1418.50184 1287.27710  9.25%   8.4  780s
 331546 120372     cutoff   56      1418.50184 1287.64535  9.22%   8.4  787s
 332775 121040     cutoff   74      1418.50184 1287.79686  9.21%   8.4  790s
 335442 121942 infeasible   88      1418.50184 1288.16056  9.19%   8.4  799s
 336614 122421 1349.09872   48   43 1418.50184 1288.34277  9.18%   8.4  803s
 337830 122897 1386.33993   75   46 1418.50184 1288.50182  9.16%   8.4  807s
 338924 123213 1326.60006   61   29 1418.50184 1288.60484  9.16%   8.4  812s
 339819 123807     cutoff   64      1418.50184 1288.78671  9.14%   8.4  817s
 341136 124328 1418.15412   63   12 1418.50184 1288.95509  9.13%   8.4  821s
 342396 124688     cutoff   71      1418.50184 1289.12111  9.12%   8.4  826s
 344218 125417 infeasible   63      1418.50184 1289.32896  9.11%   8.4  834s
 345193 126041 1357.18809   58   25 1418.50184 1289.42431  9.10%   8.5  838s
 346542 126541 1393.98835   50   34 1418.50184 1289.63156  9.08%   8.5  841s
 347853 127071 1411.34641   64   11 1418.50184 1289.82119  9.07%   8.5  846s
 349182 127542     cutoff   66      1418.50184 1289.97625  9.06%   8.5  850s
 350501 128046     cutoff   73      1418.50184 1290.09048  9.05%   8.5  855s
 352980 128949 infeasible   50      1418.50184 1290.36277  9.03%   8.5  862s
 354191 129406     cutoff   86      1418.50184 1290.62503  9.01%   8.5  866s
 356379 130408 1374.83847   47   36 1418.50184 1290.89174  9.00%   8.5  873s
 357735 130844     cutoff   74      1418.50184 1291.01157  8.99%   8.5  877s
 358920 131354     cutoff   52      1418.50184 1291.14117  8.98%   8.5  881s
 360148 131841     cutoff   83      1418.50184 1291.30737  8.97%   8.5  885s
 362940 133034     cutoff   55      1418.50184 1291.65999  8.94%   8.5  892s
 364211 133482 1396.88839   48   15 1418.50184 1291.75435  8.94%   8.5  896s
 365361 133907 infeasible   49      1418.50184 1291.92585  8.92%   8.5  900s
 367307 134756 1404.94401   65   16 1418.50184 1292.18602  8.90%   8.5  907s
 368638 135309     cutoff   71      1418.50184 1292.28765  8.90%   8.5  911s
 369953 135800 infeasible   70      1418.50184 1292.42094  8.89%   8.5  915s
 372248 136606     cutoff   70      1418.50184 1292.69709  8.87%   8.5  924s
 373426 136966 1374.25650   59   26 1418.50184 1292.82764  8.86%   8.5  928s
 374633 137520 1347.92089   63   32 1418.50184 1292.97919  8.85%   8.5  932s
 375939 138000 1354.33585   49   12 1418.50184 1293.12950  8.84%   8.5  936s
 378244 138908     cutoff   73      1418.50184 1293.37099  8.82%   8.5  943s
 379513 139385     cutoff   71      1418.50184 1293.54036  8.81%   8.5  948s
 380835 139818 1408.08038   71   17 1418.50184 1293.68830  8.80%   8.5  953s
 381959 140402 1312.41463   42   25 1418.50184 1293.82131  8.79%   8.5  957s
 383388 140814 1350.28072   58   15 1418.50184 1293.91712  8.78%   8.5  962s
 384438 141182 1323.94459   47   36 1418.50184 1294.05335  8.77%   8.6  965s
 386714 142024 1323.62842   67   32 1418.50184 1294.28877  8.76%   8.6  974s
 387947 142457     cutoff   72      1418.50184 1294.45371  8.75%   8.6  978s
 389335 142932     cutoff   52      1418.50184 1294.57068  8.74%   8.6  982s
 390591 143282 1412.38219   77   38 1418.50184 1294.74026  8.72%   8.6  987s
 391480 143664     cutoff   75      1418.50184 1294.81948  8.72%   8.6  991s
 392440 144175 1369.14541   83   34 1418.50184 1294.92355  8.71%   8.6  995s
 394928 145057 infeasible   67      1418.50184 1295.19014  8.69%   8.6 1004s
 396257 145543     cutoff  102      1418.50184 1295.34690  8.68%   8.6 1009s
 397545 145955 1348.55529   57   27 1418.50184 1295.52532  8.67%   8.6 1015s
 398513 146453 1384.76432   63   28 1418.50184 1295.61331  8.66%   8.6 1020s
 399723 146865 1414.42378   82    6 1418.50184 1295.77224  8.65%   8.6 1026s
 400881 147315     cutoff   75      1418.50184 1295.88963  8.64%   8.6 1030s
 402042 147905 1349.77785   48   40 1418.50184 1296.04508  8.63%   8.6 1036s
 403472 148261 1375.46743   54   14 1418.50184 1296.17126  8.62%   8.6 1041s
 404596 148735 1398.99486   47   27 1418.50184 1296.30462  8.61%   8.6 1047s
 405918 149194     cutoff   75      1418.50184 1296.38353  8.61%   8.6 1052s
 407105 149553     cutoff   59      1418.50184 1296.56156  8.60%   8.6 1057s
 408094 150019     cutoff   59      1418.50184 1296.66426  8.59%   8.6 1062s
 409383 150546     cutoff   78      1418.50184 1296.77381  8.58%   8.6 1067s
 410709 150927     cutoff   55      1418.50184 1296.91788  8.57%   8.6 1072s
 411497 151391 1398.17406   53   17 1418.50184 1296.99854  8.57%   8.6 1078s
 412787 151851 infeasible   88      1418.50184 1297.14559  8.56%   8.6 1083s
 413951 152277 infeasible   61      1418.50184 1297.30818  8.54%   8.6 1088s
 415255 152856 1332.32319   80   26 1418.50184 1297.45057  8.53%   8.6 1093s
 416663 153318     cutoff   78      1418.50184 1297.59176  8.52%   8.6 1098s
 417705 153588     cutoff   66      1418.50184 1297.71546  8.52%   8.6 1102s
 418595 153991 1391.87581   63   17 1418.50184 1297.79790  8.51%   8.6 1106s
 419751 154316     cutoff   64      1418.50184 1297.94155  8.50%   8.6 1111s
 420822 154845 1342.55452   51    8 1418.50184 1298.02158  8.49%   8.7 1116s
 422200 155468     cutoff   84      1418.50184 1298.16595  8.48%   8.7 1121s
 423598 155829 1404.93978   62    9 1418.50184 1298.32337  8.47%   8.7 1126s
 424573 156275 infeasible   66      1418.50184 1298.44401  8.46%   8.7 1131s
 425985 156773 1384.58760   67   25 1418.50184 1298.56394  8.46%   8.7 1135s
 427363 157327     cutoff   92      1418.50184 1298.71255  8.44%   8.7 1140s
 430079 158224 1416.00456   60    8 1418.50184 1299.00830  8.42%   8.7 1149s
 431280 158496     cutoff   61      1418.50184 1299.15975  8.41%   8.7 1153s
 432247 159033 1352.31396   52   25 1418.50184 1299.24598  8.41%   8.7 1159s
 433724 159460 1372.28033   56    6 1418.50184 1299.40604  8.40%   8.7 1165s
 434958 159967     cutoff   73      1418.50184 1299.52033  8.39%   8.7 1170s
 436370 160376 1394.78997   79   15 1418.50184 1299.64924  8.38%   8.7 1176s
 437480 160796 infeasible   47      1418.50184 1299.75442  8.37%   8.7 1181s
 438700 161186     cutoff   68      1418.50184 1299.93776  8.36%   8.7 1187s
 439961 161541 1374.84054   60   18 1418.50184 1300.05746  8.35%   8.7 1192s
 441022 162048 1313.47489   45   24 1418.50184 1300.14250  8.34%   8.7 1197s
 442370 162435     cutoff  101      1418.50184 1300.25608  8.34%   8.7 1201s
 443754 162685     cutoff   51      1418.50184 1300.41929  8.32%   8.7 1207s
 444667 163111 1391.21795   67   20 1418.50184 1300.47594  8.32%   8.7 1211s
 445829 163631 1410.67237   51   14 1418.50184 1300.62758  8.31%   8.7 1216s
 447223 164081     cutoff   67      1418.50184 1300.74866  8.30%   8.7 1221s
 448513 164441     cutoff  108      1418.50184 1300.87628  8.29%   8.7 1225s
 449422 164929 1365.02427   98   25 1418.50184 1301.02457  8.28%   8.7 1230s
 450745 165435 1408.70897   51    8 1418.50184 1301.11107  8.28%   8.7 1235s
 452037 165818 1392.51504   61   35 1418.50184 1301.19852  8.27%   8.7 1240s
 453276 166275     cutoff   62      1418.50184 1301.34367  8.26%   8.7 1245s
 455655 167086 1392.04047   55   28 1418.50184 1301.55985  8.24%   8.7 1254s
 456706 167662     cutoff   69      1418.50184 1301.65276  8.24%   8.7 1259s
 458164 168155 1364.42555   61   10 1418.50184 1301.76910  8.23%   8.7 1264s
 459559 168442 1392.27402   63   23 1418.50184 1301.90039  8.22%   8.7 1269s
 460463 168873     cutoff   62      1418.50184 1301.96478  8.22%   8.7 1275s
 461779 169266 1359.87315   53   12 1418.50184 1302.08927  8.21%   8.7 1281s
 463081 169666 1402.44267  106   43 1418.50184 1302.23130  8.20%   8.7 1287s
 464459 169980     cutoff   71      1418.50184 1302.38150  8.19%   8.7 1293s
 465487 170288 infeasible   59      1418.50184 1302.47381  8.18%   8.7 1297s
 466400 170701 1400.77217   57   29 1418.50184 1302.54597  8.17%   8.7 1302s
 467769 171211 1413.81229  104   26 1418.50184 1302.66560  8.17%   8.7 1307s
 469269 171626     cutoff   53      1418.50184 1302.80870  8.16%   8.7 1313s
 470548 172011     cutoff   52      1418.50184 1302.94472  8.15%   8.7 1318s
 471696 172435 1407.98411   50   25 1418.50184 1303.00525  8.14%   8.7 1323s
 473010 172828     cutoff   64      1418.50184 1303.14906  8.13%   8.8 1328s
 474076 173252     cutoff   62      1418.50184 1303.27361  8.12%   8.8 1333s
 475352 173721 1404.12238   63    4 1418.50184 1303.40255  8.11%   8.8 1337s
 476764 173775 1380.56403   68   22 1418.50184 1303.52960  8.11%   8.8 1349s
H476772 173775                    1418.5016585 1303.52960  8.11%   8.8 1349s
 476852 174265 1381.27494   69   25 1418.50166 1303.56344  8.10%   8.8 1355s
 478171 174770 1390.52870  102   39 1418.50166 1303.66323  8.10%   8.8 1360s
 479543 175188     cutoff   69      1418.50166 1303.78976  8.09%   8.8 1366s
 480846 175414     cutoff   66      1418.50166 1303.88266  8.08%   8.8 1372s
 481793 175864     cutoff   67      1418.50166 1303.94567  8.08%   8.8 1378s
 483128 176367 1397.19407   53   31 1418.50166 1304.05626  8.07%   8.8 1384s
 484542 176746 1412.71286   55   23 1418.50166 1304.12410  8.06%   8.8 1390s
 485705 177266 1393.69343   88   26 1418.50166 1304.25925  8.05%   8.8 1396s
 487113 177771 1416.25185   55   32 1418.50166 1304.41644  8.04%   8.8 1402s
 488342 178181 1414.60437   54   19 1418.50166 1304.48078  8.04%   8.8 1407s
 489711 178620 1403.95458   84    6 1418.50166 1304.64087  8.03%   8.8 1413s
 491047 179004 1409.22219   54   16 1418.50166 1304.73869  8.02%   8.8 1418s
 492104 179458     cutoff   81      1418.50166 1304.80660  8.02%   8.8 1424s
 493425 179890     cutoff   84      1418.50166 1304.92586  8.01%   8.8 1430s
 494721 180386     cutoff   60      1418.50166 1305.00979  8.00%   8.8 1436s
 496039 180832 1397.88009   57   14 1418.50166 1305.15007  7.99%   8.8 1441s
 497451 181258     cutoff   75      1418.50166 1305.28370  7.98%   8.8 1446s
 498576 181653 1388.57216   91   28 1418.50166 1305.36200  7.98%   8.8 1451s
 499933 181968     cutoff   94      1418.50166 1305.45539  7.97%   8.8 1456s
 500921 182356     cutoff   74      1418.50166 1305.56620  7.96%   8.8 1461s
 502193 182691     cutoff   86      1418.50166 1305.67481  7.95%   8.8 1473s
 503368 183129 1358.66470   79   39 1418.50166 1305.71278  7.95%   8.8 1478s
 504665 183525 1407.60286   85   22 1418.50166 1305.90992  7.94%   8.8 1483s
 505870 183950 1414.19256   66    6 1418.50166 1305.98913  7.93%   8.8 1489s
 507258 184540 1319.04248   47   12 1418.50166 1306.11369  7.92%   8.8 1494s
 508715 184992     cutoff   64      1418.50166 1306.22389  7.92%   8.8 1499s
 510028 185283 infeasible   67      1418.50166 1306.32598  7.91%   8.8 1505s
 510947 185608 1346.77253   57    9 1418.50166 1306.37823  7.90%   8.8 1510s
 512219 186059 1400.32365  101    - 1418.50166 1306.49140  7.90%   8.8 1515s
 513565 186357     cutoff  104      1418.50166 1306.59566  7.89%   8.8 1520s
 514461 186782 1359.07680   51   10 1418.50166 1306.65642  7.88%   8.8 1526s
 515812 187202 1362.48729   51   12 1418.50166 1306.72510  7.88%   8.8 1532s
 517152 187618     cutoff   84      1418.50166 1306.87281  7.87%   8.8 1538s
 518308 188033 1338.61165   60   10 1418.50166 1306.94242  7.86%   8.8 1544s
 519609 188516     cutoff   75      1418.50166 1307.11845  7.85%   8.8 1551s
 521037 189018 1350.76196   81   11 1418.50166 1307.21761  7.85%   8.8 1558s
 522438 189279 1414.19440   75    6 1418.50166 1307.32354  7.84%   8.8 1564s
 523387 189675 1379.93002   57   19 1418.50166 1307.39139  7.83%   8.8 1571s
 524585 190143 1404.99247   58   38 1418.50166 1307.48356  7.83%   8.8 1578s
 525942 190454     cutoff   87      1418.50166 1307.59263  7.82%   8.8 1585s
 527017 190859     cutoff   65      1418.50166 1307.66881  7.81%   8.8 1591s
 528027 191238 1388.41194   85    8 1418.50166 1307.75310  7.81%   8.8 1598s
 529352 191726     cutoff   86      1418.50166 1307.87309  7.80%   8.8 1605s
 530693 192161     cutoff   66      1418.50166 1307.95314  7.79%   8.8 1613s
 531899 192549     cutoff   61      1418.50166 1307.99273  7.79%   8.8 1620s
 533341 192906 1326.75954   91   35 1418.50166 1308.12664  7.78%   8.9 1627s
 534496 193193     cutoff   58      1418.50166 1308.23193  7.77%   8.9 1633s
 535469 193608     cutoff   93      1418.50166 1308.30072  7.77%   8.9 1640s
 536942 193951 1389.04824   43   21 1418.50166 1308.41720  7.76%   8.9 1646s
 538091 194342 1362.24238   52   10 1418.50166 1308.46434  7.76%   8.9 1652s
 539455 194844 1402.48824   55   20 1418.50166 1308.57718  7.75%   8.9 1658s
 540963 195193 1392.88637   71   29 1418.50166 1308.67692  7.74%   8.9 1664s
 541907 195669 1380.02427   86   37 1418.50166 1308.74285  7.74%   8.9 1671s
 543300 196054 1387.38898   67   29 1418.50166 1308.83892  7.73%   8.9 1678s
 544434 196438     cutoff   54      1418.50166 1308.92347  7.72%   8.9 1686s
 545791 196495 1322.36387   58   25 1418.50166 1309.02796  7.72%   8.9 1698s
 545898 196829 1402.63116   66   18 1418.50166 1309.04129  7.72%   8.9 1703s
 546965 197264     cutoff   64      1418.50166 1309.11223  7.71%   8.9 1709s
 548462 197586 1382.01887   98   34 1418.50166 1309.21519  7.70%   8.9 1715s
 549494 197985     cutoff   70      1418.50166 1309.28231  7.70%   8.9 1722s
 550830 198401 1387.35808   48   36 1418.50166 1309.38685  7.69%   8.9 1728s
 552051 198865 1399.61869   74   10 1418.50166 1309.45026  7.69%   8.9 1735s
 553432 199400 1382.50997   69   34 1418.50166 1309.57803  7.68%   8.9 1742s
 554913 199867 infeasible   58      1418.50166 1309.64116  7.67%   8.9 1748s
 556298 200200 infeasible   87      1418.50166 1309.77769  7.66%   8.9 1756s
 557202 200676     cutoff   73      1418.50166 1309.83330  7.66%   8.9 1762s
 558728 201078 1336.63538   55   25 1418.50166 1309.95631  7.65%   8.9 1769s
 560090 201357 1330.98599   54   14 1418.50166 1310.02268  7.65%   8.9 1775s
 561206 201660 1414.31166   50   20 1418.50166 1310.10974  7.64%   8.9 1782s
 562286 202023     cutoff   47      1418.50166 1310.18431  7.64%   8.9 1792s
 563300 202333     cutoff   63      1418.50166 1310.24154  7.63%   8.9 1800s
 564700 202652     cutoff  108      1418.50166 1310.36382  7.62%   8.9 1807s
 565907 203079 1331.54639   61   24 1418.50166 1310.44389  7.62%   8.9 1814s
 567467 203476 1409.59450   76   24 1418.50166 1310.57339  7.61%   8.9 1821s
 568885 203825     cutoff   59      1418.50166 1310.67020  7.60%   8.9 1826s
 569996 204133     cutoff   58      1418.50166 1310.76454  7.60%   8.9 1832s
 571077 204559     cutoff   45      1418.50166 1310.84733  7.59%   8.9 1838s
 572486 204926     cutoff   51      1418.50166 1310.96661  7.58%   8.9 1845s
 573930 205291     cutoff   53      1418.50166 1311.04551  7.58%   8.9 1851s
 575255 205532 1415.84755   56   16 1418.50166 1311.12889  7.57%   8.9 1857s
 576138 206021 1357.15620   84   33 1418.50166 1311.20320  7.56%   8.9 1863s
 577578 206443 1409.92957   54   18 1418.50166 1311.29912  7.56%   8.9 1870s
 579082 206727 1353.07821   60   19 1418.50166 1311.40203  7.55%   8.9 1876s
 580031 207205 1379.38404   65   38 1418.50166 1311.46770  7.55%   8.9 1882s
 581518 207514     cutoff   75      1418.50166 1311.57852  7.54%   8.9 1888s
 582820 207876 1386.26532   51   19 1418.50166 1311.64980  7.53%   8.9 1894s
 584044 208298 1413.09709   65    - 1418.50166 1311.74594  7.53%   8.9 1902s
 585576 208736 1352.34497   68   17 1418.50166 1311.85315  7.52%   8.9 1908s
 586964 209127 1409.44847   49   11 1418.50166 1311.88584  7.52%   8.9 1913s
 588180 209471 1407.00424   51    9 1418.50166 1312.05910  7.50%   8.9 1921s
 589312 209899 infeasible   54      1418.50166 1312.11095  7.50%   8.9 1927s
 590828 210280 1363.68262   62   33 1418.50166 1312.25269  7.49%   9.0 1933s
 592196 210624 1333.77658   96   25 1418.50166 1312.35499  7.48%   9.0 1939s
 593241 211105 1335.82465   48   19 1418.50166 1312.44165  7.48%   9.0 1946s
 594731 211461     cutoff   59      1418.50166 1312.54476  7.47%   9.0 1952s
 596005 211871 1378.44949   65   32 1418.50166 1312.61710  7.46%   9.0 1958s
 597437 212335 1380.92681   48   29 1418.50166 1312.73092  7.46%   9.0 1966s
 598849 212632 1376.78132   67   25 1418.50166 1312.82168  7.45%   9.0 1972s
 599919 213124 1374.48210   54   10 1418.50166 1312.89693  7.44%   9.0 1979s
 601373 213631 1398.28049   83   29 1418.50166 1312.98812  7.44%   9.0 1986s
 602779 214005 1406.98209   48   14 1418.50166 1313.07838  7.43%   9.0 1993s
 604183 214345     cutoff   74      1418.50166 1313.16671  7.43%   9.0 2000s
 605387 214689 1407.54005   64   11 1418.50166 1313.24909  7.42%   9.0 2005s
 606430 215146 1405.22895   62   24 1418.50166 1313.34492  7.41%   9.0 2012s
 607914 215574     cutoff   64      1418.50166 1313.41938  7.41%   9.0 2018s
 609132 215981     cutoff   59      1418.50166 1313.47922  7.40%   9.0 2025s
 610230 216425 1370.02501   48   28 1418.50166 1313.56398  7.40%   9.0 2031s
 611707 216813     cutoff   97      1418.50166 1313.67617  7.39%   9.0 2037s
 612963 217133 1358.14303   75   26 1418.50166 1313.74704  7.38%   9.0 2042s
 613986 217559 1358.97179   66   29 1418.50166 1313.80030  7.38%   9.0 2054s
 615483 218013 infeasible   47      1418.50166 1313.88309  7.38%   9.0 2060s
 616906 218377 1331.30954   50   22 1418.50166 1313.99760  7.37%   9.0 2066s
 618383 218680 1355.33639   49   15 1418.50166 1314.08893  7.36%   9.0 2071s
 619554 219103     cutoff   80      1418.50166 1314.17190  7.35%   9.0 2077s
 620917 219404 1344.83390   62   35 1418.50166 1314.25891  7.35%   9.0 2083s
 622023 219773     cutoff   77      1418.50166 1314.29088  7.35%   9.0 2090s
 623275 220189 1381.42980   52   23 1418.50166 1314.42187  7.34%   9.0 2096s
 624789 220432 1398.24912   72   10 1418.50166 1314.51669  7.33%   9.0 2102s
 625791 220779     cutoff   84      1418.50166 1314.55019  7.33%   9.0 2108s
 627186 221040 1357.36815   76   13 1418.50166 1314.66523  7.32%   9.0 2115s
 628371 221415 1411.09684   73   23 1418.50166 1314.69567  7.32%   9.0 2122s
 629793 221738 1358.75140   91   29 1418.50166 1314.81855  7.31%   9.0 2127s
 630796 222039 1351.35361   50   12 1418.50166 1314.88864  7.30%   9.0 2134s
 632161 222444 1342.08213   41   21 1418.50166 1314.93697  7.30%   9.0 2140s
 633634 222719     cutoff   73      1418.50166 1315.04560  7.29%   9.0 2147s
 634790 223195 1413.10359   70   31 1418.50166 1315.12289  7.29%   9.0 2152s
 636211 223609 1342.63483   60   12 1418.50166 1315.23265  7.28%   9.0 2159s
 637618 223934 1410.19218   50   23 1418.50166 1315.33538  7.27%   9.0 2164s
 638667 224387 infeasible   81      1418.50166 1315.42974  7.27%   9.0 2170s
 640132 224756     cutoff  102      1418.50166 1315.51391  7.26%   9.0 2177s
 641372 225100     cutoff   54      1418.50166 1315.56384  7.26%   9.0 2182s
 642493 225429 1412.45123   56   11 1418.50166 1315.66651  7.25%   9.0 2189s
 643970 225802     cutoff   62      1418.50166 1315.71307  7.25%   9.0 2195s
 645230 226102 1376.22904   48   12 1418.50166 1315.84792  7.24%   9.0 2201s
 646304 226540 1417.70575   58   35 1418.50166 1315.88942  7.23%   9.0 2207s
 647710 226907     cutoff   60      1418.50166 1316.00012  7.23%   9.0 2213s
 649084 227294     cutoff   68      1418.50166 1316.06426  7.22%   9.0 2219s
 650564 227639 1370.89001   68   13 1418.50166 1316.14323  7.22%   9.0 2225s
 651921 227963 1341.29315   60   38 1418.50166 1316.23934  7.21%   9.0 2231s
 652942 228400     cutoff   61      1418.50166 1316.31227  7.20%   9.0 2238s
 654259 228694 1401.78313   51    - 1418.50166 1316.38092  7.20%   9.0 2245s
 655562 229083 1395.26481   52   34 1418.50166 1316.43754  7.20%   9.0 2251s
 656984 229436 1375.27097   48   33 1418.50166 1316.50805  7.19%   9.0 2259s
 658392 229784 1405.15491   63   23 1418.50166 1316.61624  7.18%   9.0 2267s
 659588 230224     cutoff   99      1418.50166 1316.66525  7.18%   9.1 2275s
 660887 230526     cutoff   67      1418.50166 1316.75786  7.17%   9.1 2282s
 662334 230954 1334.85061   71   45 1418.50166 1316.86061  7.17%   9.1 2289s
 663809 231220     cutoff   72      1418.50166 1316.96175  7.16%   9.1 2296s
 665008 231582     cutoff  100      1418.50166 1317.04492  7.15%   9.1 2305s
 666436 231907     cutoff   71      1418.50166 1317.10840  7.15%   9.1 2313s
 667553 232105 1400.03696   85   28 1418.50166 1317.14525  7.15%   9.1 2320s
 668560 232345     cutoff   66      1418.50166 1317.25048  7.14%   9.1 2327s
 669698 232683 1392.63003   53   17 1418.50166 1317.34111  7.13%   9.1 2335s
 671168 233156     cutoff   90      1418.50166 1317.40521  7.13%   9.1 2342s
 672587 233509 1409.04630   54   16 1418.50166 1317.51386  7.12%   9.1 2351s
 673936 233735     cutoff   63      1418.50166 1317.54161  7.12%   9.1 2358s
 674888 234187 1405.42406   68   29 1418.50166 1317.63388  7.11%   9.1 2366s
 676276 234550     cutoff   82      1418.50166 1317.71377  7.11%   9.1 2373s
 677790 234831 1394.32954   61   15 1418.50166 1317.83548  7.10%   9.1 2379s
 678898 235151 1346.20449   51   12 1418.50166 1317.90480  7.09%   9.1 2387s
 680184 235526     cutoff   58      1418.50166 1317.98071  7.09%   9.1 2393s
 681714 235896 1408.76234   59   24 1418.50166 1318.05892  7.08%   9.1 2401s
 683121 236140 infeasible   57      1418.50166 1318.15269  7.07%   9.1 2408s
 684348 236521 infeasible   60      1418.50166 1318.24540  7.07%   9.1 2416s
 685868 236781     cutoff   69      1418.50166 1318.32337  7.06%   9.1 2424s
 687039 237194 1333.05423   55   34 1418.50166 1318.35198  7.06%   9.1 2431s
 688264 237559 1362.39614   62   37 1418.50166 1318.43776  7.05%   9.1 2440s
 689788 237850     cutoff   64      1418.50166 1318.54447  7.05%   9.1 2448s
 691174 238176 infeasible   71      1418.50166 1318.61078  7.04%   9.1 2456s
 692689 238606     cutoff   78      1418.50166 1318.71171  7.03%   9.1 2464s
 694255 238947     cutoff   53      1418.50166 1318.81867  7.03%   9.1 2471s
 695702 239000     cutoff   55      1418.50166 1318.88285  7.02%   9.1 2484s
H695703 239000                    1418.5015715 1318.88285  7.02%   9.1 2484s
 695907 239253 1415.78047   59   13 1418.50157 1318.90308  7.02%   9.1 2492s
 696905 239687 1370.14998   69   37 1418.50157 1318.95605  7.02%   9.1 2501s
 698350 240114 infeasible   67      1418.50157 1319.02729  7.01%   9.1 2509s
 699784 240365 infeasible   66      1418.50157 1319.12295  7.01%   9.1 2517s
 700957 240702     cutoff   68      1418.50157 1319.17379  7.00%   9.1 2525s
 702399 241047 infeasible   93      1418.50157 1319.24921  7.00%   9.1 2531s
 703783 241292     cutoff   91      1418.50157 1319.32616  6.99%   9.1 2540s
 704882 241640 1414.37140   55   18 1418.50157 1319.39438  6.99%   9.1 2548s
 705997 242022 1404.96834   47   17 1418.50157 1319.47493  6.98%   9.1 2557s
 707538 242411 1409.35388   57    9 1418.50157 1319.52930  6.98%   9.1 2565s
 709015 242706 1397.90389   78    - 1418.50157 1319.64146  6.97%   9.1 2574s
 710312 243057 infeasible   78      1418.50157 1319.70449  6.96%   9.1 2582s
 711695 243279 1333.45615   42   21 1418.50157 1319.82124  6.96%   9.1 2591s
 712826 243629 1409.85500   63   35 1418.50157 1319.89148  6.95%   9.1 2599s
 713984 243971 infeasible   65      1418.50157 1319.94355  6.95%   9.1 2606s
 715497 244195     cutoff   67      1418.50157 1320.01483  6.94%   9.1 2613s
 716614 244548 1374.19131   75   29 1418.50157 1320.10382  6.94%   9.1 2620s
 718069 244906 infeasible   73      1418.50157 1320.19342  6.93%   9.1 2627s
 719225 245259     cutoff   68      1418.50157 1320.27212  6.92%   9.1 2634s
 720567 245594 1404.52975  102   43 1418.50157 1320.32685  6.92%   9.1 2642s
 722059 245934     cutoff   76      1418.50157 1320.44152  6.91%   9.1 2649s
 723518 246315 1393.82851   63   16 1418.50157 1320.52426  6.91%   9.1 2656s
 725106 246703     cutoff   59      1418.50157 1320.62759  6.90%   9.1 2663s
 726487 247053 1343.62712   43   27 1418.50157 1320.70498  6.89%   9.1 2671s
 727881 247467 1360.84339   68   33 1418.50157 1320.77085  6.89%   9.1 2678s
 729430 247848     cutoff   63      1418.50157 1320.85031  6.88%   9.1 2685s
 730867 248153     cutoff   65      1418.50157 1320.94849  6.88%   9.1 2691s
 732008 248472 1377.78955   66   30 1418.50157 1321.01978  6.87%   9.1 2700s
 733339 248804 infeasible   66      1418.50157 1321.07373  6.87%   9.1 2709s
 734740 249149     cutoff   82      1418.50157 1321.16169  6.86%   9.2 2716s
 735809 249488     cutoff   49      1418.50157 1321.21319  6.86%   9.2 2724s
 737283 249842 infeasible   58      1418.50157 1321.31244  6.85%   9.2 2732s
 738845 250236 1337.88251   65   35 1418.50157 1321.37496  6.85%   9.2 2738s
 740215 250555 1394.06997   67   12 1418.50157 1321.45617  6.84%   9.2 2745s
 741417 250885     cutoff   65      1418.50157 1321.52081  6.84%   9.2 2751s
 742587 251268     cutoff   80      1418.50157 1321.58737  6.83%   9.2 2760s
 744115 251620 1414.12123   58   23 1418.50157 1321.66074  6.83%   9.2 2768s
 745640 251950 1385.90979   92   44 1418.50157 1321.76092  6.82%   9.2 2775s
 747018 252243 infeasible   61      1418.50157 1321.82487  6.82%   9.2 2782s
 748162 252558     cutoff   73      1418.50157 1321.90234  6.81%   9.2 2790s
 749676 252788 1409.63820   59   26 1418.50157 1321.98976  6.80%   9.2 2799s
 750841 253135 1361.66958   92   33 1418.50157 1322.04184  6.80%   9.2 2807s
 752324 253365 1417.56190   80   30 1418.50157 1322.10906  6.80%   9.2 2814s
 753497 253620 1398.95910   56   21 1418.50157 1322.16014  6.79%   9.2 2822s
 754790 253908 1412.20029   86   19 1418.50157 1322.23583  6.79%   9.2 2829s
 756233 254205 infeasible   57      1418.50157 1322.32902  6.78%   9.2 2835s
 757317 254565 1373.22279   49   20 1418.50157 1322.37197  6.78%   9.2 2842s
 758824 255047 1391.97801   55   21 1418.50157 1322.47217  6.77%   9.2 2850s
 760497 255427     cutoff   73      1418.50157 1322.55362  6.76%   9.2 2858s
 761933 255847     cutoff   79      1418.50157 1322.60992  6.76%   9.2 2865s
 763389 256150 1354.66054   75   25 1418.50157 1322.72045  6.75%   9.2 2871s
 764712 256496     cutoff   67      1418.50157 1322.77559  6.75%   9.2 2879s
 766079 256740     cutoff   56      1418.50157 1322.86740  6.74%   9.2 2886s
 767269 256944     cutoff   66      1418.50157 1322.91208  6.74%   9.2 2894s
 768409 257281 infeasible   55      1418.50157 1322.98508  6.73%   9.2 2903s
 769852 257555 infeasible   56      1418.50157 1323.06162  6.73%   9.2 2910s
 771152 257887 1406.63872   92   40 1418.50157 1323.13307  6.72%   9.2 2919s
 772629 258155 1394.57730   57   12 1418.50157 1323.21177  6.72%   9.2 2927s
 773948 258471 1408.86161   55   22 1418.50157 1323.27735  6.71%   9.2 2935s
 775322 258694     cutoff   90      1418.50157 1323.31264  6.71%   9.2 2943s
 776378 258887 infeasible   63      1418.50157 1323.39675  6.70%   9.2 2951s
 777627 259095     cutoff   60      1418.50157 1323.45662  6.70%   9.2 2959s
 778823 259335     cutoff   86      1418.50157 1323.51560  6.70%   9.2 2966s
 779986 259722 infeasible   57      1418.50157 1323.57634  6.69%   9.2 2975s
 781575 260083 1334.91837   66   29 1418.50157 1323.67183  6.69%   9.2 2984s
 783070 260324 1411.69245   61   32 1418.50157 1323.72474  6.68%   9.2 2992s
 784228 260686 1331.01723   93   34 1418.50157 1323.79500  6.68%   9.2 3001s
 785853 261003 infeasible   69      1418.50157 1323.87796  6.67%   9.2 3010s
 787366 261297 1356.25707   51   10 1418.50157 1323.96484  6.66%   9.2 3018s
 788623 261559 1346.91073   89   54 1418.50157 1324.00848  6.66%   9.2 3034s
 789872 261850 1349.77179   90   33 1418.50157 1324.04399  6.66%   9.2 3042s
 791319 262242 1362.36650   63    9 1418.50157 1324.17026  6.65%   9.2 3051s
 792816 262509 1364.98103   51   28 1418.50157 1324.25023  6.64%   9.2 3059s
 794051 262832 1382.17538   68   26 1418.50157 1324.31518  6.64%   9.2 3068s
 795344 263164     cutoff   71      1418.50157 1324.34868  6.64%   9.2 3076s
 796822 263245     cutoff   71      1418.50157 1324.45002  6.63%   9.2 3091s
 797237 263442 1409.31036   51   16 1418.50157 1324.47125  6.63%   9.2 3099s
 798453 263752 1330.77524   61   26 1418.50157 1324.52633  6.62%   9.2 3107s
 799994 263946     cutoff   87      1418.50157 1324.59377  6.62%   9.2 3114s
 801220 264324     cutoff   61      1418.50157 1324.66050  6.62%   9.2 3122s
 802969 264633 1417.56431   61    - 1418.50157 1324.73862  6.61%   9.2 3130s
 804213 264895 infeasible   70      1418.50157 1324.79155  6.61%   9.2 3137s
 805462 265245 1376.64941   57   18 1418.50157 1324.86818  6.60%   9.2 3144s
 807046 265630     cutoff   67      1418.50157 1324.94745  6.60%   9.2 3152s
 808756 265965     cutoff   66      1418.50157 1325.03292  6.59%   9.2 3159s
 810190 266348 1329.86694   60    6 1418.50157 1325.11725  6.58%   9.2 3167s
 811672 266602 1385.52992   48   39 1418.50157 1325.16291  6.58%   9.2 3174s
 812775 266929 1406.22770   70   18 1418.50157 1325.23466  6.58%   9.2 3181s
 814275 267257     cutoff   63      1418.50157 1325.30386  6.57%   9.2 3189s
 815784 267641 1352.60661   57    6 1418.50157 1325.38581  6.56%   9.2 3196s
 817403 267850 infeasible   63      1418.50157 1325.44669  6.56%   9.2 3203s
 818338 268059     cutoff   47      1418.50157 1325.50575  6.56%   9.2 3211s
 819532 268405 1395.47226   56   22 1418.50157 1325.58253  6.55%   9.2 3220s
 820799 268703     cutoff   77      1418.50157 1325.64719  6.55%   9.2 3228s
 822378 268975 1369.48298   61   21 1418.50157 1325.72598  6.54%   9.2 3236s
 823956 269237     cutoff   48      1418.50157 1325.82550  6.53%   9.2 3245s
 825360 269476 1376.95498   91   33 1418.50157 1325.86832  6.53%   9.2 3253s
 826533 269770 1349.84709   47   37 1418.50157 1325.94369  6.53%   9.3 3261s
 828033 270061 1384.79771   42   25 1418.50157 1325.99525  6.52%   9.3 3268s
 829411 270413 1401.90545   83   20 1418.50157 1326.07471  6.52%   9.3 3276s
 830910 270656 infeasible   95      1418.50157 1326.13758  6.51%   9.3 3285s
 831989 270926 1404.59797   73   13 1418.50157 1326.17938  6.51%   9.3 3294s
 833499 271251     cutoff   52      1418.50157 1326.25391  6.50%   9.3 3303s
 835014 271532     cutoff   62      1418.50157 1326.33998  6.50%   9.3 3312s
 836540 271790     cutoff   58      1418.50157 1326.42957  6.49%   9.3 3320s
 837752 272174     cutoff   44      1418.50157 1326.48762  6.49%   9.3 3329s
 839206 272475 1351.15708   66   44 1418.50157 1326.53056  6.48%   9.3 3337s
 840604 272733 1373.55227   60   27 1418.50157 1326.61475  6.48%   9.3 3345s
 842102 272979 1410.09229   61   19 1418.50157 1326.68199  6.47%   9.3 3353s
 843309 273332 1388.50459   91   13 1418.50157 1326.73700  6.47%   9.3 3361s
 844936 273644 1411.07316   85   25 1418.50157 1326.81617  6.46%   9.3 3369s
 846389 273890 1351.82219   55   20 1418.50157 1326.87234  6.46%   9.3 3378s
 847558 274251     cutoff   64      1418.50157 1326.93910  6.45%   9.3 3388s
 849262 274518 infeasible   63      1418.50157 1327.00785  6.45%   9.3 3397s
 850559 274597 infeasible   64      1418.50157 1327.05772  6.45%   9.3 3415s
 850914 274911 1380.14818   57   32 1418.50157 1327.07278  6.45%   9.3 3424s
 852495 275078 infeasible   63      1418.50157 1327.16003  6.44%   9.3 3433s
 853615 275216 1413.81340   64   32 1418.50157 1327.19985  6.44%   9.3 3440s
 854835 275499 1355.47131   52   24 1418.50157 1327.27994  6.43%   9.3 3448s
 856163 275738 1380.97329   94   35 1418.50157 1327.33720  6.43%   9.3 3456s
 857413 276120 1378.11961   69   30 1418.50157 1327.40786  6.42%   9.3 3465s
 859125 276444 1413.50886   55    6 1418.50157 1327.48056  6.42%   9.3 3473s
 860624 276782     cutoff   56      1418.50157 1327.55837  6.41%   9.3 3481s
 862235 277164     cutoff   69      1418.50157 1327.62867  6.41%   9.3 3489s
 863958 277412 infeasible   61      1418.50157 1327.71496  6.40%   9.3 3498s
 865171 277724 1404.65144   78   12 1418.50157 1327.75733  6.40%   9.3 3506s
 866769 278047 1361.19490   50   27 1418.50157 1327.84745  6.39%   9.3 3515s
 868257 278295     cutoff   63      1418.50157 1327.94027  6.38%   9.3 3524s
 869768 278558 1410.57814   85   19 1418.50157 1328.00823  6.38%   9.3 3533s
 871230 278810 1383.45458   53   38 1418.50157 1328.08317  6.37%   9.3 3541s
 872442 279068     cutoff   56      1418.50157 1328.17059  6.37%   9.3 3550s
 873773 279307 1406.09704   84   36 1418.50157 1328.22016  6.36%   9.3 3559s
 874809 279578 1363.07819   52   16 1418.50157 1328.26653  6.36%   9.3 3568s
 876370 279906     cutoff   64      1418.50157 1328.34388  6.36%   9.3 3577s
 877962 280159 1341.25779   79   31 1418.50157 1328.40622  6.35%   9.3 3586s
 879217 280446 1376.24291   54    8 1418.50157 1328.47349  6.35%   9.3 3594s
 880724 280655     cutoff   52      1418.50157 1328.55731  6.34%   9.3 3601s
 881998 280955 infeasible   63      1418.50157 1328.62728  6.34%   9.3 3611s
 883316 281280 1367.56599   68   39 1418.50157 1328.67985  6.33%   9.3 3620s
 884746 281563     cutoff   73      1418.50157 1328.74419  6.33%   9.3 3629s
 886334 281848     cutoff   49      1418.50157 1328.81470  6.32%   9.3 3638s
 887630 282200     cutoff   73      1418.50157 1328.88330  6.32%   9.3 3647s
 889061 282444 1415.86718   65   11 1418.50157 1328.93901  6.31%   9.3 3656s
 890379 282716 1342.36465   51   17 1418.50157 1329.00407  6.31%   9.3 3664s
 891956 283036 1408.35179   71   24 1418.50157 1329.08404  6.30%   9.3 3672s
 893671 283352     cutoff   56      1418.50157 1329.14737  6.30%   9.3 3680s
 895054 283568 1406.97894   63   10 1418.50157 1329.20960  6.29%   9.3 3689s
 896425 283911 1405.67690   66   10 1418.50157 1329.28450  6.29%   9.3 3698s
 897972 284242 infeasible   68      1418.50157 1329.36592  6.28%   9.3 3706s
 899434 284428 1406.31234   52    6 1418.50157 1329.42738  6.28%   9.3 3715s
 900661 284801 infeasible   53      1418.50157 1329.51064  6.27%   9.3 3724s
 902238 285053 1387.53696   51   18 1418.50157 1329.57159  6.27%   9.3 3735s
H902565 285054                    1418.5015597 1329.57726  6.27%   9.3 3735s
 903449 285242 1403.80190   57   21 1418.50156 1329.62132  6.27%   9.3 3744s
 904668 285513 1400.08170   61   14 1418.50156 1329.68452  6.26%   9.3 3754s
 905922 285800 1398.77944   66   12 1418.50156 1329.73093  6.26%   9.3 3763s
 907570 286050 1382.20407   66   18 1418.50156 1329.80197  6.25%   9.3 3771s
 909116 286272 1382.06763   74   35 1418.50156 1329.87509  6.25%   9.3 3780s
 910486 286616 1356.72770   60   13 1418.50156 1329.93425  6.24%   9.3 3790s
 911998 286976     cutoff   66      1418.50156 1330.01313  6.24%   9.3 3800s
 913584 287156     cutoff   73      1418.50156 1330.07362  6.23%   9.3 3809s
 914793 287431 1418.30604   53   20 1418.50156 1330.13957  6.23%   9.3 3817s
 915975 287644 1365.70662   47   16 1418.50156 1330.19623  6.23%   9.3 3826s
 917414 287962     cutoff   53      1418.50156 1330.26358  6.22%   9.3 3835s
 918993 288258     cutoff   64      1418.50156 1330.34246  6.21%   9.3 3842s
 920415 288658     cutoff   60      1418.50156 1330.40294  6.21%   9.3 3850s
 922022 288938 1413.06862   59   14 1418.50156 1330.49625  6.20%   9.3 3857s
 923412 289189     cutoff   86      1418.50156 1330.57846  6.20%   9.3 3866s
 924811 289504 1352.77918   46   36 1418.50156 1330.62919  6.19%   9.3 3874s
 926266 289695 1355.83314   65   38 1418.50156 1330.69841  6.19%   9.3 3882s
 927536 289916     cutoff   86      1418.50156 1330.75865  6.19%   9.3 3891s
 929056 290175 1409.05767   64    8 1418.50156 1330.83197  6.18%   9.4 3899s
 930466 290542 infeasible   68      1418.50156 1330.88846  6.18%   9.4 3908s
 932028 290789 1369.77037   49   27 1418.50156 1330.93159  6.17%   9.4 3916s
 933200 291089 1371.58858   82   41 1418.50156 1330.98823  6.17%   9.4 3925s
 934779 291316     cutoff   60      1418.50156 1331.05606  6.16%   9.4 3933s
 936290 291549 1381.33033  101   36 1418.50156 1331.13203  6.16%   9.4 3942s
 937570 291882 1342.42265   56   12 1418.50156 1331.17795  6.16%   9.4 3950s
 939099 292227 1415.95341   65    - 1418.50156 1331.24725  6.15%   9.4 3959s
 940419 292593 1393.83677   78   14 1418.50156 1331.32515  6.15%   9.4 3968s
 942056 292958 1360.18295   72   35 1418.50156 1331.39880  6.14%   9.4 3978s
 943588 293187 1400.74474   77   29 1418.50156 1331.45220  6.14%   9.4 3985s
 944780 293501     cutoff   57      1418.50156 1331.51307  6.13%   9.4 3995s
 946286 293810 1411.96181   76    6 1418.50156 1331.59604  6.13%   9.4 4005s
 947854 294022     cutoff   80      1418.50156 1331.65310  6.12%   9.4 4015s
 949081 294374     cutoff   73      1418.50156 1331.70175  6.12%   9.4 4024s
 950030 294388 1356.20295   75   19 1418.50156 1331.71812  6.12%   9.4 4025s
 950695 294620     cutoff   56      1418.50156 1331.77459  6.11%   9.4 4034s
 952316 294818 1404.15732   58   27 1418.50156 1331.84672  6.11%   9.4 4043s
 953476 294999     cutoff   53      1418.50156 1331.91169  6.10%   9.4 4051s
 954846 295281 1399.44879   51   18 1418.50156 1331.96215  6.10%   9.4 4060s
 956355 295560     cutoff   88      1418.50156 1332.03366  6.10%   9.4 4068s
 957706 295810 1374.47142   47   30 1418.50156 1332.10629  6.09%   9.4 4076s
 959336 295859 infeasible   54      1418.50156 1332.18658  6.08%   9.4 4101s
 959451 296175 1342.28779   93   37 1418.50156 1332.19111  6.08%   9.4 4110s
 960790 296421 1400.79770   66   27 1418.50156 1332.23337  6.08%   9.4 4119s
 962360 296642 1374.45827   49   36 1418.50156 1332.31329  6.08%   9.4 4132s
 963937 296931 infeasible   58      1418.50156 1332.38826  6.07%   9.4 4141s
 965345 297250     cutoff   59      1418.50156 1332.45041  6.07%   9.4 4153s
 966998 297501 1357.14086   53   12 1418.50156 1332.53337  6.06%   9.4 4165s
 968428 297770 1407.55086   85   27 1418.50156 1332.56609  6.06%   9.4 4177s
 970065 298097 1366.86804   54    8 1418.50156 1332.65619  6.05%   9.4 4188s
 971503 298347 1412.85814   68    8 1418.50156 1332.72545  6.05%   9.4 4197s
 972778 298609 1413.02279   66   22 1418.50156 1332.78150  6.04%   9.4 4207s
 974349 298916     cutoff   59      1418.50156 1332.84208  6.04%   9.4 4216s
 975879 299233     cutoff   53      1418.50156 1332.90023  6.03%   9.4 4225s
 977484 299455 1407.75844   47   22 1418.50156 1332.96148  6.03%   9.4 4234s
 978772 299778 infeasible   60      1418.50156 1333.00705  6.03%   9.4 4242s
 980496 300016     cutoff   78      1418.50156 1333.08002  6.02%   9.4 4250s
 981748 300221 1386.49473   62   12 1418.50156 1333.14446  6.02%   9.4 4259s
 983226 300443 1364.96154   44   26 1418.50156 1333.21331  6.01%   9.4 4267s
 984706 300767 1337.76189   51   14 1418.50156 1333.28756  6.01%   9.4 4276s
 986118 301088 infeasible   73      1418.50156 1333.35272  6.00%   9.4 4284s
 987746 301318 1353.33621   69   16 1418.50156 1333.41951  6.00%   9.4 4293s
 989335 301485     cutoff   62      1418.50156 1333.45908  6.00%   9.4 4301s
 990451 301778     cutoff   63      1418.50156 1333.52019  5.99%   9.4 4311s
 992060 302066 1417.01152   89   44 1418.50156 1333.59260  5.99%   9.4 4319s
 993692 302153 1363.68451   56   31 1418.50156 1333.65671  5.98%   9.4 4332s
 994043 302355     cutoff   64      1418.50156 1333.66090  5.98%   9.4 4340s
 995407 302632 infeasible   61      1418.50156 1333.71515  5.98%   9.4 4350s
 996879 302827 1412.39750   65    - 1418.50156 1333.76772  5.97%   9.4 4359s
 998164 303147     cutoff   85      1418.50156 1333.84301  5.97%   9.4 4368s
 999900 303440 infeasible   63      1418.50156 1333.92861  5.96%   9.4 4379s
 1001346 303699 1413.08169   67   11 1418.50156 1333.98066  5.96%   9.4 4389s
 1002934 303917 infeasible   71      1418.50156 1334.06006  5.95%   9.4 4399s
 1004284 304122     cutoff   56      1418.50156 1334.13041  5.95%   9.4 4408s
 1005570 304330 1362.60766   78   15 1418.50156 1334.18579  5.94%   9.4 4417s
 1006978 304644     cutoff   61      1418.50156 1334.24404  5.94%   9.4 4426s
 1008774 304846 1348.48809   89   41 1418.50156 1334.33726  5.93%   9.4 4436s
 1010139 305160 1389.23834   66   20 1418.50156 1334.38307  5.93%   9.4 4446s
 1011637 305355     cutoff   67      1418.50156 1334.43511  5.93%   9.4 4454s
 1013005 305769     cutoff   64      1418.50156 1334.51467  5.92%   9.4 4463s
 1014815 306000     cutoff   55      1418.50156 1334.58237  5.92%   9.4 4471s
 1016145 306289 1386.12991   66   14 1418.50156 1334.63670  5.91%   9.4 4480s
 1017773 306529 1385.54852   96   28 1418.50156 1334.72204  5.91%   9.4 4490s
 1019070 306801 1402.26523   68   10 1418.50156 1334.77240  5.90%   9.4 4500s
 1020750 307087 infeasible   82      1418.50156 1334.82627  5.90%   9.4 4510s
 1022350 307361 infeasible   80      1418.50156 1334.89654  5.89%   9.4 4519s
 1024019 307561 1346.03909   71   13 1418.50156 1334.96494  5.89%   9.4 4528s
 1025186 307760 1361.96593   58   41 1418.50156 1334.99774  5.89%   9.4 4538s
 1026705 307973     cutoff   73      1418.50156 1335.08072  5.88%   9.4 4547s
 1028186 308145     cutoff   74      1418.50156 1335.12277  5.88%   9.4 4555s
 1029605 308381 1379.92305   48   28 1418.50156 1335.19510  5.87%   9.4 4563s
 1030976 308649     cutoff   74      1418.50156 1335.24392  5.87%   9.4 4572s
 1032535 308963 1414.45936   62   19 1418.50156 1335.31340  5.86%   9.4 4581s
 1034143 309263     cutoff   57      1418.50156 1335.38132  5.86%   9.4 4589s
 1035549 309478     cutoff   78      1418.50156 1335.43674  5.86%   9.4 4598s
 1037059 309703 infeasible   56      1418.50156 1335.51618  5.85%   9.4 4608s
 1038654 309903     cutoff   71      1418.50156 1335.57443  5.85%   9.4 4617s
 1040095 310133 infeasible   62      1418.50156 1335.63894  5.84%   9.4 4627s
 1041351 310365 1402.64803   65   17 1418.50156 1335.68324  5.84%   9.4 4637s
 1042950 310698     cutoff   50      1418.50156 1335.74829  5.83%   9.4 4646s
 1044555 310976     cutoff   59      1418.50156 1335.80641  5.83%   9.5 4656s
 1046167 311170 1353.33801   54   13 1418.50156 1335.87558  5.82%   9.5 4667s
 1047654 311422 infeasible   58      1418.50156 1335.90747  5.82%   9.5 4676s
 1048978 311606 1371.20087   45   26 1418.50156 1335.97408  5.82%   9.5 4685s
 1050340 311849 infeasible   59      1418.50156 1336.02364  5.81%   9.5 4694s
 1051910 312061 1390.29530   50   27 1418.50156 1336.08879  5.81%   9.5 4703s
 1053282 312248 1350.50869   60   13 1418.50156 1336.16180  5.80%   9.5 4713s
 1054887 312537 1409.86866   43   10 1418.50156 1336.22192  5.80%   9.5 4721s
 1056599 312730 1366.22482   46   39 1418.50156 1336.28830  5.80%   9.5 4730s
 1057945 312979     cutoff   59      1418.50156 1336.35085  5.79%   9.5 4739s
 1059546 313179 1383.68546   92   32 1418.50156 1336.41216  5.79%   9.5 4748s
 1060780 313374 1403.37426   78    9 1418.50156 1336.45067  5.78%   9.5 4758s
 1062206 313689 1383.53669   76    9 1418.50156 1336.50695  5.78%   9.5 4767s
 1063838 313921 1410.16686   67   26 1418.50156 1336.57383  5.78%   9.5 4777s
 1065238 314175 1352.07173   54   18 1418.50156 1336.65209  5.77%   9.5 4787s
 1066820 314394 1361.77402   55   15 1418.50156 1336.70931  5.77%   9.5 4797s
 1068187 314649     cutoff   65      1418.50156 1336.77482  5.76%   9.5 4808s
 1069840 314825 infeasible   50      1418.50156 1336.83994  5.76%   9.5 4817s
 1071260 315035 1390.20922   61    9 1418.50156 1336.90337  5.75%   9.5 4826s
 1072925 315353 1394.56563   47   10 1418.50156 1336.96477  5.75%   9.5 4835s
 1074707 315608 1383.12281   52   40 1418.50156 1337.02851  5.74%   9.5 4843s
 1075992 315888 1380.89849   53   31 1418.50156 1337.07488  5.74%   9.5 4852s
 1077667 316120 infeasible   58      1418.50156 1337.13541  5.74%   9.5 4862s
 1079217 316388     cutoff   85      1418.50156 1337.19426  5.73%   9.5 4870s
 1080605 316559 1364.30416   56   12 1418.50156 1337.22870  5.73%   9.5 4879s
 1082167 316750 1343.39356   85   16 1418.50156 1337.30214  5.72%   9.5 4888s
H1082727 316751                    1418.5015595 1337.31388  5.72%   9.5 4888s
 1083558 316808     cutoff   93      1418.50156 1337.36751  5.72%   9.5 4903s
 1083938 317012 1377.59991   74   31 1418.50156 1337.37546  5.72%   9.5 4912s
 1085342 317342 1369.25326   58   11 1418.50156 1337.43003  5.72%   9.5 4921s
 1087183 317625 1361.68452   57   19 1418.50156 1337.50756  5.71%   9.5 4932s
 1089065 317822 1394.05866   55   13 1418.50156 1337.56981  5.71%   9.5 4940s
 1090292 318204 1402.30227   73   26 1418.50156 1337.62591  5.70%   9.5 4950s
 1092080 318446     cutoff   63      1418.50156 1337.69390  5.70%   9.5 4960s
 1093490 318684 infeasible   42      1418.50156 1337.75011  5.69%   9.5 4971s
 1095182 318920 1360.59145   55   16 1418.50156 1337.81228  5.69%   9.5 4980s
 1096629 319144 1412.85541   52   12 1418.50156 1337.84770  5.69%   9.5 4989s
 1098214 319345     cutoff   66      1418.50156 1337.91129  5.68%   9.5 4998s
 1099860 319571 1359.38269   57   18 1418.50156 1337.96713  5.68%   9.5 5006s
 1101211 319805 1397.99081   86   35 1418.50156 1338.01730  5.67%   9.5 5015s
 1102853 320051     cutoff   88      1418.50156 1338.09748  5.67%   9.5 5024s
 1104180 320302 1408.69804   62   23 1418.50156 1338.13161  5.67%   9.5 5034s
 1105792 320661 1402.22940   70   40 1418.50156 1338.20190  5.66%   9.5 5042s
 1107544 320797     cutoff   60      1418.50156 1338.27008  5.66%   9.5 5051s
 1108843 320969 infeasible   54      1418.50156 1338.31320  5.65%   9.5 5060s
 1110491 321101 1402.64288   65   16 1418.50156 1338.37456  5.65%   9.5 5069s
 1111731 321292 infeasible   57      1418.50156 1338.43072  5.64%   9.5 5078s
 1113208 321560 1381.77461   77   27 1418.50156 1338.47674  5.64%   9.5 5087s
 1114870 321861 1376.70787   89   21 1418.50156 1338.53975  5.64%   9.5 5096s
 1116367 322120 infeasible   58      1418.50156 1338.59661  5.63%   9.5 5105s
 1118053 322374 1414.54877   54   19 1418.50156 1338.66465  5.63%   9.5 5114s
 1119588 322578 1387.48316   57   26 1418.50156 1338.72089  5.62%   9.5 5123s
 1120865 322733 1355.95312   56   14 1418.50156 1338.77673  5.62%   9.5 5132s
 1122470 322929 1380.68032   54   24 1418.50156 1338.85210  5.62%   9.5 5141s
 1123833 323169 infeasible   62      1418.50156 1338.89993  5.61%   9.5 5150s
 1125311 323328     cutoff   62      1418.50156 1338.96163  5.61%   9.5 5159s
 1126644 323601 1379.28878   54   17 1418.50156 1339.01340  5.60%   9.5 5168s
 1128379 323844     cutoff   66      1418.50156 1339.06707  5.60%   9.5 5179s
 1129965 324005 infeasible   69      1418.50156 1339.13133  5.60%   9.5 5190s
 1131386 324194 1417.21558   82   18 1418.50156 1339.19193  5.59%   9.5 5201s
 1133024 324346 1350.56414   52   45 1418.50156 1339.26465  5.59%   9.5 5210s
 1134309 324570 1385.79104   53   16 1418.50156 1339.30110  5.58%   9.5 5219s
 1136036 324759 1416.43048   48   12 1418.50156 1339.36862  5.58%   9.5 5229s
 1137689 324910     cutoff   68      1418.50156 1339.42780  5.57%   9.5 5237s
 1139070 325210     cutoff   67      1418.50156 1339.49300  5.57%   9.5 5247s
 1140826 325391     cutoff   80      1418.50156 1339.54840  5.57%   9.5 5256s
 1142157 325633 1408.55704   59   23 1418.50156 1339.59922  5.56%   9.5 5267s
 1143767 325860     cutoff   70      1418.50156 1339.66920  5.56%   9.5 5278s
 1145133 326034 1378.96219   62   21 1418.50156 1339.72050  5.55%   9.5 5287s
 1146836 326288 1395.02150   74   31 1418.50156 1339.79571  5.55%   9.5 5297s
 1148539 326441 1364.79614   54   11 1418.50156 1339.85537  5.54%   9.5 5307s
 1149679 326655     cutoff   43      1418.50156 1339.89373  5.54%   9.5 5316s
 1151355 326950     cutoff   72      1418.50156 1339.96822  5.54%   9.5 5325s
 1152995 327200 1393.22832   52   26 1418.50156 1340.03406  5.53%   9.5 5334s
 1153129 327200 1417.83656   83   16 1418.50156 1340.03603  5.53%   9.5 5335s
 1154416 327365 1341.74230   56   22 1418.50156 1340.08703  5.53%   9.5 5344s
 1155979 327525 1385.19743   50   18 1418.50156 1340.15062  5.52%   9.5 5354s
 1157617 327694 infeasible   64      1418.50156 1340.22188  5.52%   9.5 5364s
 1159147 327969 1387.26685   73   27 1418.50156 1340.28224  5.51%   9.5 5373s
 1160883 328152 infeasible   58      1418.50156 1340.34092  5.51%   9.5 5382s
 1162286 328400 1412.25015   46   14 1418.50156 1340.39723  5.51%   9.5 5392s
 1163954 328572 1377.35311   46   25 1418.50156 1340.45980  5.50%   9.5 5402s
 1165462 328710 1410.92312   56   17 1418.50156 1340.50520  5.50%   9.5 5412s
 1166880 328897 1397.98562   51   26 1418.50156 1340.57381  5.49%   9.5 5421s
 1168288 329117 1372.63095   52   10 1418.50156 1340.63349  5.49%   9.5 5432s
 1170013 329297 1384.79899   64   16 1418.50156 1340.70215  5.48%   9.5 5441s
 1171477 329539 1397.30878   61    9 1418.50156 1340.74538  5.48%   9.5 5452s
 1172936 329738 1381.75791   79   23 1418.50156 1340.81308  5.48%   9.5 5462s
 1174323 329970 1401.99951   61   10 1418.50156 1340.86848  5.47%   9.5 5474s
 1176052 330214     cutoff   63      1418.50156 1340.93032  5.47%   9.5 5484s
 1177548 330528 1360.80708   58   19 1418.50156 1340.98608  5.46%   9.5 5496s
 1179287 330683 1385.44767   57   14 1418.50156 1341.03529  5.46%   9.5 5506s
 1180800 330863 1399.27798   50   39 1418.50156 1341.08640  5.46%   9.6 5518s
 1182167 331059 1416.86378   52    8 1418.50156 1341.14747  5.45%   9.6 5531s
 1183911 331261 1368.75728   57   32 1418.50156 1341.22903  5.45%   9.6 5542s
 1185392 331411     cutoff   82      1418.50156 1341.27531  5.44%   9.6 5554s
 1186811 331570 1383.06727   67   14 1418.50156 1341.31330  5.44%   9.6 5566s
 1188171 331707     cutoff   85      1418.50156 1341.35814  5.44%   9.6 5578s
 1189568 331919     cutoff   94      1418.50156 1341.42250  5.43%   9.6 5590s
 1191372 332110 infeasible   79      1418.50156 1341.47750  5.43%   9.6 5604s
 1192725 332358 1405.80489   74   15 1418.50156 1341.53096  5.43%   9.6 5618s
 1194473 332561 1394.02700   49   16 1418.50156 1341.58929  5.42%   9.6 5629s
 1195846 332809 infeasible   77      1418.50156 1341.64925  5.42%   9.6 5641s
 1197674 332998 1351.90766   60   16 1418.50156 1341.71154  5.41%   9.6 5652s
 1199245 333217     cutoff   58      1418.50156 1341.78556  5.41%   9.6 5662s
 1200945 333256 1396.83004   51   16 1418.50156 1341.84380  5.40%   9.6 5677s
 1201182 333473 1346.41828   56   43 1418.50156 1341.84917  5.40%   9.6 5687s
 1202658 333629 1416.79546   49   18 1418.50156 1341.90853  5.40%   9.6 5697s
 1204477 333793 1363.17296   60    8 1418.50156 1341.96856  5.40%   9.6 5707s
 1205902 333858 1397.34274   62   33 1418.50156 1342.02964  5.39%   9.6 5729s
 1206403 334013 1361.27991   63   17 1418.50156 1342.03487  5.39%   9.6 5741s
 1207807 334152 1378.27412   53   20 1418.50156 1342.09878  5.39%   9.6 5751s
 1209418 334386     cutoff   48      1418.50156 1342.16691  5.38%   9.6 5763s
 1211452 334687     cutoff   68      1418.50156 1342.23131  5.38%   9.6 5773s
 1213392 334838 1380.67307   53    8 1418.50156 1342.30104  5.37%   9.6 5785s
 1214791 335055 1417.59760   82   33 1418.50156 1342.35128  5.37%   9.6 5796s
 1216764 335299 1390.28931   54   36 1418.50156 1342.41671  5.36%   9.6 5806s
 1218318 335488 1367.39036   65   23 1418.50156 1342.45751  5.36%   9.6 5818s
 1220059 335649     cutoff   48      1418.50156 1342.51698  5.36%   9.6 5827s
 1221464 335883 1408.72354   62   22 1418.50156 1342.57281  5.35%   9.6 5837s
 1223332 336001 1409.17817   55   21 1418.50156 1342.63905  5.35%   9.6 5846s
 1224689 336175     cutoff   60      1418.50156 1342.68287  5.34%   9.6 5856s
 1226412 336307     cutoff   73      1418.50156 1342.74917  5.34%   9.6 5867s
 1227807 336563 1406.36378   59   21 1418.50156 1342.80560  5.34%   9.6 5878s
 1229524 336765 1394.85765   60   38 1418.50156 1342.86426  5.33%   9.6 5888s
 1231182 337046 1407.44943   76   33 1418.50156 1342.92315  5.33%   9.6 5899s
 1233155 337185 1411.20881   79   24 1418.50156 1342.96853  5.32%   9.6 5909s
 1234481 337403     cutoff   78      1418.50156 1343.02713  5.32%   9.6 5921s
 1236278 337574 1387.57549   71   35 1418.50156 1343.09247  5.32%   9.6 5936s
 1237754 337716 1380.12075   78   17 1418.50156 1343.13765  5.31%   9.6 5952s
 1239269 337814 1404.90381   54    6 1418.50156 1343.19245  5.31%   9.6 5967s
 1240659 337972 1360.01792   49   19 1418.50156 1343.25516  5.30%   9.6 5981s
 1242107 338093 1382.79722   72   35 1418.50156 1343.30966  5.30%   9.6 5996s
 1243845 338228 1397.71651   70   14 1418.50156 1343.36994  5.30%   9.6 6010s
 1245402 338452     cutoff   68      1418.50156 1343.43664  5.29%   9.6 6023s
 1246860 338695 1407.10107   60   30 1418.50156 1343.48746  5.29%   9.6 6035s
 1248767 338813     cutoff   45      1418.50156 1343.54799  5.28%   9.6 6047s
 1250205 338941 infeasible   60      1418.50156 1343.60049  5.28%   9.6 6059s
 1251613 339114 infeasible   52      1418.50156 1343.65933  5.28%   9.6 6069s
 1253140 339364     cutoff   58      1418.50156 1343.69907  5.27%   9.6 6079s
 1254944 339520     cutoff   65      1418.50156 1343.77020  5.27%   9.6 6089s
 1256449 339718 1377.64990   54   17 1418.50156 1343.81870  5.26%   9.6 6101s
 1258275 339864 1347.35580   55   35 1418.50156 1343.88942  5.26%   9.6 6112s
 1259775 340065     cutoff   47      1418.50156 1343.93921  5.26%   9.6 6124s
 1261611 340235 1391.99914   85   41 1418.50156 1344.01129  5.25%   9.6 6135s
 1263102 340478     cutoff   93      1418.50156 1344.06168  5.25%   9.6 6148s
 1264847 340681 1362.43299   73   37 1418.50156 1344.10972  5.24%   9.6 6160s
 1266528 340795 1361.55609   63    9 1418.50156 1344.18764  5.24%   9.6 6171s
 1268011 340998     cutoff   57      1418.50156 1344.22637  5.24%   9.6 6182s
 1269728 341185     cutoff   67      1418.50156 1344.29496  5.23%   9.6 6195s
 1271212 341382 1411.05365   49   11 1418.50156 1344.34370  5.23%   9.6 6206s
 1273125 341532 infeasible   60      1418.50156 1344.39328  5.22%   9.6 6216s
 1274565 341696 1411.10631  105   37 1418.50156 1344.45388  5.22%   9.6 6227s
 1276280 341787 1381.49891   54   32 1418.50156 1344.50845  5.22%   9.6 6238s
 1277569 341948 1408.06467   52   16 1418.50156 1344.54655  5.21%   9.6 6248s
 1279316 342092 1396.34224   63   12 1418.50156 1344.62063  5.21%   9.6 6257s
 1280732 342369 1409.32220   87   22 1418.50156 1344.66585  5.21%   9.6 6267s
 1282662 342529 1380.75185   61   12 1418.50156 1344.73636  5.20%   9.6 6277s
 1284221 342626 1393.05710   98   15 1418.50156 1344.78989  5.20%   9.6 6288s
 1285554 342831 1389.32767   57    9 1418.50156 1344.84021  5.19%   9.6 6298s
 1287297 343028 1362.36259   73   21 1418.50156 1344.90591  5.19%   9.6 6307s
 1288900 343210 1389.88697   66   10 1418.50156 1344.95702  5.18%   9.6 6318s
 1290384 343427 1366.56955   68   33 1418.50156 1345.00431  5.18%   9.6 6329s
 1291998 343616 1413.29738   63   16 1418.50156 1345.05368  5.18%   9.6 6339s
 1293769 343742 infeasible   63      1418.50156 1345.11170  5.17%   9.6 6351s
 1295154 343882     cutoff   99      1418.50156 1345.17254  5.17%   9.6 6364s
 1296689 344067     cutoff   58      1418.50156 1345.22206  5.17%   9.6 6379s
 1298486 344170 1381.56572   94   37 1418.50156 1345.29064  5.16%   9.6 6393s
 1299759 344291     cutoff   67      1418.50156 1345.33051  5.16%   9.6 6407s
 1301454 344409 1402.34385   48   25 1418.50156 1345.41483  5.15%   9.6 6420s
 1302818 344589     cutoff   87      1418.50156 1345.46004  5.15%   9.6 6433s
 1304517 344739 1403.88704   61    9 1418.50156 1345.52356  5.14%   9.6 6445s
 1306074 344912     cutoff   63      1418.50156 1345.57582  5.14%   9.6 6457s
 1307727 345047 1411.24312   92   23 1418.50156 1345.62716  5.14%   9.6 6467s
 1309236 345199 1387.15540   51   40 1418.50156 1345.68683  5.13%   9.6 6477s
 1310832 345374 1357.24203   50   34 1418.50156 1345.73641  5.13%   9.6 6489s
 1312698 345544     cutoff   75      1418.50156 1345.80081  5.13%   9.6 6500s
 1314167 345697     cutoff   53      1418.50156 1345.85016  5.12%   9.6 6511s
 1315765 345837 1386.19806   63   15 1418.50156 1345.90026  5.12%   9.6 6521s
 1317342 346032 infeasible   69      1418.50156 1345.94646  5.11%   9.6 6532s
 1319358 346151     cutoff   44      1418.50156 1346.01868  5.11%   9.6 6543s
 1320606 346209 1382.63255   81   29 1418.50156 1346.06876  5.11%   9.6 6554s
 1322223 346385 infeasible   56      1418.50156 1346.12439  5.10%   9.6 6566s
 1324095 346482 1405.56760   60   43 1418.50156 1346.18755  5.10%   9.6 6575s
 1325588 346590 1407.06449   60   37 1418.50156 1346.25294  5.09%   9.6 6587s
 1327244 346679 1374.62226   84   32 1418.50156 1346.29787  5.09%   9.7 6604s
 1328693 346829 1400.97638   60   26 1418.50156 1346.35671  5.09%   9.7 6616s
 1330573 346985 infeasible   64      1418.50156 1346.42756  5.08%   9.7 6633s
 1332218 347231 1375.61509   59    8 1418.50156 1346.48313  5.08%   9.7 6645s
 1334213 347409     cutoff   62      1418.50156 1346.53278  5.07%   9.7 6658s
 1335836 347445 1394.08470   81   34 1418.50156 1346.58650  5.07%   9.7 6676s
 1336134 347617 1386.58649   67   20 1418.50156 1346.59406  5.07%   9.7 6687s
 1337807 347852     cutoff   74      1418.50156 1346.64792  5.07%   9.7 6699s
 1339381 348029 1417.72547   66   30 1418.50156 1346.69489  5.06%   9.7 6710s
 1341270 348129 1392.59778   51   25 1418.50156 1346.74234  5.06%   9.7 6721s
 1342837 348271 1405.62700   60    6 1418.50156 1346.80388  5.05%   9.7 6732s
 1344413 348364 1410.81444   87   16 1418.50156 1346.86731  5.05%   9.7 6743s
 1346008 348561 1401.78482   78   29 1418.50156 1346.92057  5.05%   9.7 6757s
 1348021 348693 1376.30670   82   31 1418.50156 1346.96884  5.04%   9.7 6768s
 1349583 348921 1400.03767   52   25 1418.50156 1347.03999  5.04%   9.7 6780s
 1351630 348951 1397.15721   98   44 1418.50156 1347.11092  5.03%   9.7 6791s
 1353029 349150     cutoff   75      1418.50156 1347.14392  5.03%   9.7 6804s
 1354766 349246 1379.97266   49   13 1418.50156 1347.20112  5.03%   9.7 6815s
 1356381 349393 1380.47317   57    8 1418.50156 1347.25414  5.02%   9.7 6825s
 1357998 349554     cutoff   52      1418.50156 1347.30989  5.02%   9.7 6838s
 1359595 349731 1371.53761   74   16 1418.50156 1347.36386  5.01%   9.7 6851s
 1361483 349913 1387.92432   63   22 1418.50156 1347.42781  5.01%   9.7 6864s
 1363251 350066 1388.96688   52   34 1418.50156 1347.47886  5.01%   9.7 6876s
 1365099 350223 1403.90557   59   22 1418.50156 1347.53210  5.00%   9.7 6888s
 1366606 350358 1390.32235   57   16 1418.50156 1347.58730  5.00%   9.7 6901s
 1368328 350539 infeasible   62      1418.50156 1347.62139  5.00%   9.7 6913s
 1369894 350666 1392.60792   67   14 1418.50156 1347.69213  4.99%   9.7 6924s
 1371755 350786 infeasible   72      1418.50156 1347.74329  4.99%   9.7 6936s
 1373330 350892     cutoff   70      1418.50156 1347.80521  4.98%   9.7 6949s
 1374807 351044 1377.07519   89   21 1418.50156 1347.84004  4.98%   9.7 6961s
 1376425 351198     cutoff   79      1418.50156 1347.90378  4.98%   9.7 6973s
 1378176 351303 1393.72985   55   36 1418.50156 1347.95427  4.97%   9.7 6986s
 1379867 351443 1357.80519   68   18 1418.50156 1348.01025  4.97%   9.7 6997s
 1381731 351613 infeasible   83      1418.50156 1348.06390  4.97%   9.7 7008s
 1383213 351778 1400.19061   43   32 1418.50156 1348.11504  4.96%   9.7 7022s
 1385085 351875 infeasible   67      1418.50156 1348.17864  4.96%   9.7 7033s
 1386685 352047     cutoff   62      1418.50156 1348.22764  4.95%   9.7 7045s
 1388378 352156 1407.67205   80   10 1418.50156 1348.28952  4.95%   9.7 7056s
 1389909 352315 1399.80575   68   15 1418.50156 1348.33461  4.95%   9.7 7067s
 1391559 352425     cutoff   67      1418.50156 1348.40954  4.94%   9.7 7079s
 1393116 352629 infeasible   63      1418.50156 1348.46524  4.94%   9.7 7092s
 1395112 352777     cutoff   71      1418.50156 1348.51486  4.93%   9.7 7105s
 1396976 352867     cutoff   68      1418.50156 1348.56287  4.93%   9.7 7118s
 1398482 352926     cutoff   62      1418.50156 1348.62763  4.93%   9.7 7132s
 1400065 353007 infeasible   67      1418.50156 1348.67046  4.92%   9.7 7146s
 1401729 353269     cutoff   52      1418.50156 1348.72262  4.92%   9.7 7160s
 1403552 353377     cutoff   47      1418.50156 1348.75923  4.92%   9.7 7172s
 1405069 353586 1410.33492   71   12 1418.50156 1348.82911  4.91%   9.7 7183s
 1407009 353690 infeasible   73      1418.50156 1348.90290  4.91%   9.7 7195s
 1408578 353775 1367.71162   71   16 1418.50156 1348.94771  4.90%   9.7 7200s

Cutting planes:
  Gomory: 5
  MIR: 1
  Flow cover: 1
  Zero half: 1
  Mod-K: 1
  Lazy constraints: 9233

Explored 1409351 nodes (13672740 simplex iterations) in 7200.13 seconds
Thread count was 12 (of 12 available processors)

Solution count 7: 1418.5 1421.09 1434.85 ... 4378.56

Time limit reached
Best objective 1.418501559531e+03, best bound 1.348970307244e+03, gap 4.9017%

User-callback calls 3937113, time in user-callback 2.14 sec
/projects/academic/josewalt/caigao/RRARP_BD/BendersDecomp/ret/model_outs/n_21_h_4_algo_3.out
 =====>>>>> Solution is written to file in <../ret/model_outs> !!!
===>> All Done!
