NPROCS=0
This instance is clustered!
Gurobi Optimizer version 9.0.0 build v9.0.0rc2 (linux64)
Optimize a model with 40 rows, 401 columns and 800 nonzeros
Model fingerprint: 0xe46925cd
Variable types: 1 continuous, 400 integer (400 binary)
Coefficient statistics:
  Matrix range     [1e+00, 1e+00]
  Objective range  [1e+00, 3e+02]
  Bounds range     [1e+00, 1e+00]
  RHS range        [1e+00, 1e+00]
 done with super cut 0
Presolve removed 2 rows and 57 columns
Presolve time: 0.00s
Presolved: 38 rows, 344 columns, 686 nonzeros
Variable types: 1 continuous, 343 integer (343 binary)

Root relaxation: objective 5.235100e+02, 39 iterations, 0.00 seconds

    Nodes    |    Current Node    |     Objective Bounds      |     Work
 Expl Unexpl |  Obj  Depth IntInf | Incumbent    BestBd   Gap | It/Node Time

     0     0  534.87124    0    8          -  534.87124      -     -    0s
     0     0  635.17396    0   16          -  635.17396      -     -    0s
 done with super cut 1
     0     0  664.35838    0   44          -  664.35838      -     -    0s
 done with super cut 2
 done with super cut 3
 done with super cut 4
 done with super cut 5
 done with super cut 6
     0     0  664.35838    0   44          -  664.35838      -     -    5s
 done with super cut 7
 done with super cut 8
H    0     0                    1209.2965252  664.35838  45.1%     -    9s
 done with super cut 9
 done with super cut 10
H    0     0                     953.7020397  664.35838  30.3%     -   18s
H    0     0                     946.2271026  677.90122  28.4%     -   18s
     0     2  677.90122    0   44  946.22710  677.90122  28.4%     -   18s
  2534  1678  729.10011   15   31  946.22710  729.10011  22.9%   5.4   20s
H 2565  1616                     937.3846486  729.10011  22.2%   5.5   20s
 23033 12615  881.96423   65   11  937.38465  776.50692  17.2%   5.9   25s
 39502 21711     cutoff   69       937.38465  789.08003  15.8%   6.0   30s
 49587 26784     cutoff   49       937.38465  793.50800  15.3%   6.1   35s
 56873 30660  897.14233   35    6  937.38465  796.58565  15.0%   6.2   40s
 65998 34928     cutoff   56       937.38465  799.96207  14.7%   6.4   45s
 74766 38881     cutoff   75       937.38465  802.75652  14.4%   6.4   50s
 82662 42535     cutoff   46       937.38465  805.43192  14.1%   6.4   55s
 90040 46086  832.76404   32   14  937.38465  807.49484  13.9%   6.5   60s
 96657 48922  851.13426   42   22  937.38465  809.25360  13.7%   6.5   65s
 103567 51667     cutoff   45       937.38465  811.11134  13.5%   6.6   72s
 106659 53393 infeasible   48       937.38465  811.96009  13.4%   6.6   75s
 111251 55017     cutoff   51       937.38465  813.03610  13.3%   6.6   81s
 114521 56832  884.76940   58   31  937.38465  813.78495  13.2%   6.6   85s
 120442 59358     cutoff   53       937.38465  815.07116  13.0%   6.7   90s
 126071 61639  881.56572   34   10  937.38465  816.42232  12.9%   6.7   95s
 130528 63506     cutoff   65       937.38465  817.35015  12.8%   6.7  100s
 136159 65534     cutoff   51       937.38465  818.56398  12.7%   6.8  105s
 140715 66927  903.76067   32   44  937.38465  819.41784  12.6%   6.8  229s
 140717 66928  825.75716   34   44  937.38465  819.41784  12.6%   6.8  230s
 140724 66933  847.46596   44   47  937.38465  819.41784  12.6%   6.8  235s
 140728 66936  892.69615   54   54  937.38465  819.41784  12.6%   6.8  241s
 140730 66937  905.32960   40   54  937.38465  819.41784  12.6%   6.8  245s
 140840 67018  819.41784   34   26  937.38465  819.41784  12.6%   6.8  250s
 141689 67257  831.90501   72   20  937.38465  819.41784  12.6%   6.8  255s
 143700 67949  882.74866  109   36  937.38465  819.41784  12.6%   6.8  260s
 148432 69929  925.15058   66   30  937.38465  819.41784  12.6%   6.8  265s
 152837 71403  825.01862   43   21  937.38465  819.41784  12.6%   6.8  270s
 155437 72440  842.67046   50    8  937.38465  819.41784  12.6%   6.8  275s
 157566 72715  833.21687   47   17  937.38465  819.41784  12.6%   6.8  281s
 160771 74074  819.41784   44   24  937.38465  819.41784  12.6%   6.8  285s
 165592 75847     cutoff   72       937.38465  819.41784  12.6%   6.8  290s
 170298 77382  819.41784   48   35  937.38465  819.41784  12.6%   6.7  295s
 174109 78404  839.91986   62   22  937.38465  819.41784  12.6%   6.7  300s
 179038 79445  898.28429   49   17  937.38465  819.41784  12.6%   6.8  306s
 182761 80355  931.31716   74    8  937.38465  819.41784  12.6%   6.7  310s
 186486 81176  923.70537   57   18  937.38465  819.41784  12.6%   6.8  315s
 191456 81859  895.23608   49   32  937.38465  819.41784  12.6%   6.8  320s
 196491 82804  895.16347   78   25  937.38465  819.41784  12.6%   6.8  325s
 200788 83642  884.00178   58   14  937.38465  819.41784  12.6%   6.8  331s
 205895 84346  919.08118   49   14  937.38465  819.41784  12.6%   6.8  335s
 209934 85701  906.01842   63   28  937.38465  819.41784  12.6%   6.8  341s
 213661 86193  886.51037   45   16  937.38465  819.41784  12.6%   6.8  345s
 218022 86848  904.58888   57   34  937.38465  819.41784  12.6%   6.8  350s
 221619 87393  920.66240   63   36  937.38465  819.41784  12.6%   6.8  355s
 224968 87460  864.42888   48   12  937.38465  819.41784  12.6%   6.8  360s
 227653 88220     cutoff   56       937.38465  819.41784  12.6%   6.8  366s
 231348 88879  879.06008   77   18  937.38465  819.41784  12.6%   6.8  371s
 234943 89087     cutoff   66       937.38465  819.41784  12.6%   6.8  375s
 238335 89483  875.68002   64   12  937.38465  819.41784  12.6%   6.8  380s
 242885 90176     cutoff   62       937.38465  819.41784  12.6%   6.8  386s
 246729 90162  877.72072   46   13  937.38465  819.41784  12.6%   6.8  391s
 249769 90814     cutoff   86       937.38465  819.41784  12.6%   6.9  396s
 253473 91115  901.04874   55   19  937.38465  819.41784  12.6%   6.9  401s
 257188 91524     cutoff   59       937.38465  819.41784  12.6%   6.9  406s
 260471 91801  909.44930   61   34  937.38465  819.41784  12.6%   6.9  410s
H262408 88327                     937.3846195  819.41784  12.6%   6.9  412s
 264155 88653  861.21987   62   18  937.38462  819.41784  12.6%   6.9  416s
 266474 88507  851.48072   49   15  937.38462  819.41784  12.6%   6.9  421s
 268985 89223  844.68930   47   21  937.38462  819.41784  12.6%   6.9  426s
 271172 89379  893.11981   59   14  937.38462  819.41784  12.6%   6.9  430s
 274962 89570 infeasible   68       937.38462  819.41784  12.6%   6.9  436s
 278807 89712     cutoff   56       937.38462  819.41784  12.6%   6.9  442s
 281284 89888     cutoff   55       937.38462  819.41784  12.6%   6.9  445s
 285116 90093  890.80737   45   11  937.38462  819.41784  12.6%   6.9  451s
 287159 90602     cutoff   66       937.38462  819.41784  12.6%   6.9  455s
 290962 90784     cutoff   55       937.38462  819.67195  12.6%   6.9  461s
 294113 91039  869.31389   57   27  937.38462  820.16982  12.5%   6.9  466s
 296877 91292  850.48451   44   14  937.38462  820.63024  12.5%   6.9  470s
 300163 91660     cutoff   43       937.38462  821.18674  12.4%   6.9  475s
 304150 91868     cutoff   77       937.38462  821.81137  12.3%   6.9  480s
H305107 88919                     937.3845868  821.89638  12.3%   6.9  482s
 307628 89139  831.16879   42   16  937.38459  822.28298  12.3%   6.9  485s
 311117 89219  865.81914   55   30  937.38459  822.79542  12.2%   6.9  491s
 314607 89553  907.27794   46   15  937.38459  823.28577  12.2%   6.9  496s
 318255 89650  892.40180   57   25  937.38459  823.83002  12.1%   6.9  500s
 321472 90017     cutoff   67       937.38459  824.27875  12.1%   6.9  506s
 324783 91134     cutoff   50       937.38459  824.76802  12.0%   6.9  511s
 327461 92022     cutoff   54       937.38459  825.08337  12.0%   7.0  515s
 328630 92172  844.01179   48   12  937.38459  825.26122  12.0%   7.0  523s
 328754 92423  850.06483   49    9  937.38459  825.26631  12.0%   7.0  525s
 332427 93837     cutoff   61       937.38459  825.81502  11.9%   7.0  530s
 335966 95229     cutoff   59       937.38459  826.28480  11.9%   7.0  536s
 338527 96224  927.52663   46   30  937.38459  826.62044  11.8%   7.0  540s
 342113 97698     cutoff   69       937.38459  827.07754  11.8%   7.0  546s
 345052 98795  882.25765   56   16  937.38459  827.41099  11.7%   7.0  550s
 348605 100058     cutoff   62       937.38459  827.81027  11.7%   7.0  555s
 352180 101519     cutoff   74       937.38459  828.24235  11.6%   7.0  560s
 354389 102582  910.36767   64   23  937.38459  828.45829  11.6%   7.0  565s
 357085 103449  835.72383   68   43  937.38459  828.74279  11.6%   7.0  570s
 360457 104811  884.32273   68   23  937.38459  829.09180  11.6%   7.0  577s
 361857 105288  860.24033   41   30  937.38459  829.17612  11.5%   7.0  580s
H363222 105754                     937.3845404  829.36054  11.5%   7.0  582s
 364311 106232  899.57471   64   29  937.38454  829.48943  11.5%   7.0  585s
 367754 107519     cutoff   54       937.38454  829.84901  11.5%   7.0  592s
 370012 108245  848.10914   52   38  937.38454  830.12579  11.4%   7.0  597s
 372511 108974  874.28413   55   18  937.38454  830.32880  11.4%   7.0  601s
 374692 110007  924.56022   83   19  937.38454  830.61713  11.4%   7.0  606s
 377491 110973     cutoff   53       937.38454  831.00355  11.3%   7.0  612s
 379811 111795     cutoff   60       937.38454  831.24274  11.3%   7.0  616s
 382332 112600  916.53987   58   10  937.38454  831.56796  11.3%   7.0  620s
 384546 113558     cutoff   76       937.38454  831.82642  11.3%   7.0  625s
H385672 113561                     937.3845403  831.91476  11.3%   7.0  625s
 385772 113575  919.48957   66   25  937.38454  831.91500  11.3%   7.0  631s
 386694 114406  877.16673   73   27  937.38454  831.97275  11.2%   7.0  635s
 390324 115629  929.67757   63   16  937.38454  832.45796  11.2%   7.0  641s
 393054 116569  932.60056   51   16  937.38454  832.69857  11.2%   7.0  646s
 395491 117294     cutoff   53       937.38454  832.87969  11.1%   7.0  650s
 398993 118541  879.24541   58   33  937.38454  833.23688  11.1%   7.0  656s
 401202 119236  920.68197   53   34  937.38454  833.50629  11.1%   7.0  660s
 405342 120815     cutoff   54       937.38454  833.91040  11.0%   7.0  666s
 407554 121605 infeasible   65       937.38454  834.12275  11.0%   7.0  670s
 411303 122672     cutoff   72       937.38454  834.56658  11.0%   7.0  676s
 413421 123535  897.19225   62   25  937.38454  834.76011  10.9%   7.0  680s
 416896 124581  870.48631   52   29  937.38454  835.06770  10.9%   7.1  686s
 419541 125373  933.12011   62    9  937.38454  835.34413  10.9%   7.1  690s
H421098 125786                     937.3845403  835.47872  10.9%   7.1  692s
H421480 125786                     937.3844852  835.49810  10.9%   7.1  693s
 421686 126081     cutoff   64       937.38449  835.57916  10.9%   7.1  695s
 425048 127085     cutoff   83       937.38449  835.86550  10.8%   7.1  701s
 427764 127804     cutoff   57       937.38449  836.17627  10.8%   7.1  706s
 429983 128681     cutoff   64       937.38449  836.39718  10.8%   7.1  710s
 432638 129634  914.92052   62   25  937.38449  836.67957  10.7%   7.1  715s
 436048 130407  885.54321   67   23  937.38449  837.01005  10.7%   7.1  721s
 437824 131396  919.68568   53   28  937.38449  837.13921  10.7%   7.1  726s
 440525 132132  855.93892   53   28  937.38449  837.41524  10.7%   7.1  730s
 442994 132983     cutoff   66       937.38449  837.61097  10.6%   7.1  735s
 446441 133887  928.41886   87    6  937.38449  837.95778  10.6%   7.1  742s
 448786 134580  924.83197   73   11  937.38449  838.20001  10.6%   7.1  746s
 451066 135244  859.54016   49   17  937.38449  838.35646  10.6%   7.1  751s
 453925 136091  916.54744   53   14  937.38449  838.64803  10.5%   7.1  755s
 457068 136850  864.46242   51   14  937.38449  838.86863  10.5%   7.1  765s
 458612 137760  850.35585   48    8  937.38449  839.04005  10.5%   7.1  770s
 460907 138515  907.62275   59   23  937.38449  839.22525  10.5%   7.1  775s
 465303 139788  923.16864   50   26  937.38449  839.54831  10.4%   7.1  782s
 467502 140458     cutoff   61       937.38449  839.74442  10.4%   7.1  786s
 470211 141423     cutoff   39       937.38449  839.98409  10.4%   7.1  790s
 474130 142463  906.83019   45   22  937.38449  840.28452  10.4%   7.1  797s
 476643 143173     cutoff   83       937.38449  840.52705  10.3%   7.1  801s
 478943 143994     cutoff   53       937.38449  840.74075  10.3%   7.1  805s
 481380 144582  930.39042   57   12  937.38449  840.91131  10.3%   7.1  810s
 484983 145670  881.47609   48    6  937.38449  841.19612  10.3%   7.1  816s
 487822 146271  934.43976   50   22  937.38449  841.45420  10.2%   7.1  820s
 490851 147332  887.16749   86   29  937.38449  841.68106  10.2%   7.1  826s
 493650 148019     cutoff   53       937.38449  841.90028  10.2%   7.2  831s
 495942 148984     cutoff   90       937.38449  842.09476  10.2%   7.2  835s
 499368 149736  892.53700   53   31  937.38449  842.32600  10.1%   7.2  841s
 501708 150545 infeasible   60       937.38449  842.60118  10.1%   7.2  845s
 504104 151261     cutoff   78       937.38449  842.79232  10.1%   7.2  850s
 507821 152253     cutoff   63       937.38449  843.11367  10.1%   7.2  856s
 510132 153017  908.94116   69   22  937.38449  843.29714  10.0%   7.2  860s
 512968 153825  908.40345   54   20  937.38449  843.53437  10.0%   7.2  865s
 516747 155048  881.25691   53    9  937.38449  843.81714  10.0%   7.2  871s
 519357 155354  902.90531   57    8  937.38449  843.98049  10.0%   7.2  881s
 520172 155885     cutoff   71       937.38449  844.05071  10.0%   7.2  886s
 522633 156544     cutoff   57       937.38449  844.26256  9.93%   7.2  891s
 525199 157252  892.97005   51   22  937.38449  844.46230  9.91%   7.2  896s
 527859 157862 infeasible   51       937.38449  844.69106  9.89%   7.2  901s
 530287 158442     cutoff   68       937.38449  844.85746  9.87%   7.2  906s
 532653 159008  912.30132   58    9  937.38449  845.05827  9.85%   7.2  911s
 534880 159694  882.68696   52    9  937.38449  845.22455  9.83%   7.2  916s
 537668 160261  885.38396   52   32  937.38449  845.46409  9.81%   7.2  921s
 540053 160911  922.77985   55   22  937.38449  845.68255  9.78%   7.2  926s
 542210 161635  898.56598   66   17  937.38449  845.80190  9.77%   7.2  930s
 543342 161677  893.78638   59   20  937.38449  845.89169  9.76%   7.2  935s
 544885 162304     cutoff   69       937.38449  846.03129  9.75%   7.2  940s
 547372 162908     cutoff   61       937.38449  846.24941  9.72%   7.2  945s
 551082 163924  904.09823   55   19  937.38449  846.51670  9.69%   7.2  952s
 554033 164584     cutoff   57       937.38449  846.75613  9.67%   7.2  956s
 556398 165213  914.01793   59   24  937.38449  846.90792  9.65%   7.2  961s
 558729 165890  880.74126   50   11  937.38449  847.06677  9.64%   7.2  965s
 562369 166808     cutoff   69       937.38449  847.38634  9.60%   7.2  972s
 565248 167431  917.89991   50   17  937.38449  847.60779  9.58%   7.2  976s
H566472 167731                     937.3840710  847.68874  9.57%   7.2  978s
 567489 168089 infeasible   56       937.38407  847.81107  9.56%   7.2  981s
 569834 168789     cutoff   72       937.38407  847.95977  9.54%   7.2  985s
 572284 169525  912.54656   64   12  937.38407  848.12598  9.52%   7.2  990s
H574262 169894                     937.3840709  848.25516  9.51%   7.2  992s
 575955 170402  916.35751   77   22  937.38407  848.40122  9.49%   7.2  996s
 578567 170936  881.02159   49   13  937.38407  848.59640  9.47%   7.2 1001s
 580958 171658  903.77364   50   13  937.38407  848.76581  9.45%   7.2 1006s
 583557 172083  920.49145   46   26  937.38407  848.96209  9.43%   7.2 1010s
 585767 172803 infeasible   55       937.38407  849.12945  9.41%   7.2 1015s
 589641 173683  894.40171   65   29  937.38407  849.40375  9.39%   7.2 1021s
 592436 174200  885.34785   47   21  937.38407  849.62513  9.36%   7.3 1026s
 594700 174744 infeasible   50       937.38407  849.77110  9.35%   7.3 1030s
H595522 174744                     937.3830438  849.78763  9.34%   7.3 1030s
 597077 175162  899.37196   72   18  937.38304  849.92407  9.33%   7.3 1038s
 597096 175318  905.11962   73   28  937.38304  849.92499  9.33%   7.3 1040s
 599091 175706  878.57012   53    8  937.38304  850.04553  9.32%   7.3 1045s
 601224 176150     cutoff   58       937.38304  850.22468  9.30%   7.3 1050s
 603807 176689  885.39524   60   28  937.38304  850.39027  9.28%   7.3 1055s
 606359 177372     cutoff   56       937.38304  850.55345  9.26%   7.3 1060s
 608852 178085     cutoff   66       937.38304  850.71484  9.25%   7.3 1065s
 611864 178645  929.62017   68   29  937.38304  850.91298  9.22%   7.3 1070s
 614437 179211  931.17755   82   20  937.38304  851.08950  9.21%   7.3 1076s
 616745 179815  861.57978   68   33  937.38304  851.23038  9.19%   7.3 1081s
 619644 180322  929.01973   90   23  937.38304  851.43820  9.17%   7.3 1086s
 621966 180820  908.42003   61    9  937.38304  851.58768  9.15%   7.3 1092s
 624028 181145  930.07598   63   21  937.38304  851.73557  9.14%   7.3 1097s
 626751 181849  893.58842   48   19  937.38304  851.92395  9.12%   7.3 1101s
 629192 182671  894.45117   59   11  937.38304  852.08165  9.10%   7.3 1106s
 632297 183345     cutoff   66       937.38304  852.29944  9.08%   7.3 1111s
 634613 183784  915.38806   46   23  937.38304  852.43154  9.06%   7.3 1116s
 637400 184201  913.84562   47   22  937.38304  852.64938  9.04%   7.3 1121s
 639573 184709  911.18945   65   19  937.38304  852.80790  9.02%   7.3 1125s
 641892 185164  903.24314   52   24  937.38304  852.97168  9.01%   7.3 1130s
H643776 185376                     937.3830437  853.06666  8.99%   7.3 1132s
 644301 185696  888.06484   41   35  937.38304  853.10454  8.99%   7.3 1135s
 646852 186090  879.92064   54   25  937.38304  853.25515  8.97%   7.3 1140s
 649218 186654  859.37484   67   22  937.38304  853.40347  8.96%   7.3 1145s
 651704 187266  895.97867   78   12  937.38304  853.54866  8.94%   7.3 1150s
 654861 187945  893.77891   86   36  937.38304  853.73087  8.92%   7.3 1155s
 657233 188578     cutoff   72       937.38304  853.88342  8.91%   7.3 1160s
 659890 189073  892.13875   53   12  937.38304  854.03568  8.89%   7.3 1165s
 662339 189612  891.74963   59   29  937.38304  854.19615  8.87%   7.3 1170s
 666086 190543     cutoff   54       937.38304  854.43836  8.85%   7.3 1177s
 668746 190966 infeasible   66       937.38304  854.58715  8.83%   7.3 1182s
 671510 191435  915.96895   60   18  937.38304  854.77361  8.81%   7.3 1187s
 673674 192035 infeasible   56       937.38304  854.91147  8.80%   7.3 1191s
 676518 192477     cutoff   54       937.38304  855.09153  8.78%   7.3 1196s
 679075 193246     cutoff   63       937.38304  855.25718  8.76%   7.3 1201s
 681514 193658  880.55117   53   19  937.38304  855.41092  8.74%   7.3 1206s
 684267 194123     cutoff   58       937.38304  855.61359  8.72%   7.3 1212s
 686297 194599  899.42671   61   20  937.38304  855.74537  8.71%   7.3 1217s
 687708 194983  930.59963   47   25  937.38304  855.85308  8.70%   7.3 1220s
 691882 195820  919.79042   61   27  937.38304  856.07493  8.67%   7.3 1227s
 694345 196271  922.54497   44   11  937.38304  856.23252  8.66%   7.4 1232s
H694465 196271                     937.3829409  856.23402  8.66%   7.4 1232s
 695692 196293 infeasible   86       937.38294  856.29243  8.65%   7.4 1237s
 695772 196475     cutoff   85       937.38294  856.31587  8.65%   7.4 1240s
 698219 197008  934.82165   86   21  937.38294  856.45247  8.63%   7.4 1245s
 700705 197608  915.55617   55   14  937.38294  856.62061  8.62%   7.4 1251s
 703264 198067  911.71906   48   23  937.38294  856.76041  8.60%   7.4 1256s
 705752 198540  884.36560   48   34  937.38294  856.92320  8.58%   7.4 1262s
 707027 198800  913.87886   60   20  937.38294  856.97795  8.58%   7.4 1265s
 709654 199474  908.53056   50   10  937.38294  857.12624  8.56%   7.4 1271s
 712178 199956  879.57225   50    9  937.38294  857.29053  8.54%   7.4 1276s
 714775 200419  912.17613   56   20  937.38294  857.44231  8.53%   7.4 1282s
 716064 200666  893.39886   61   31  937.38294  857.52651  8.52%   7.4 1285s
 718620 201024     cutoff   69       937.38294  857.68931  8.50%   7.4 1290s
 721140 201628  926.81196   50   14  937.38294  857.81518  8.49%   7.4 1297s
 723644 202137  910.20369  100   30  937.38294  857.98287  8.47%   7.4 1302s
 725218 202411  897.86192   48    9  937.38294  858.04727  8.46%   7.4 1305s
 727725 202764 infeasible   64       937.38294  858.19528  8.45%   7.4 1311s
 730094 203296 infeasible   62       937.38294  858.34565  8.43%   7.4 1317s
 731660 203508  927.32764   61   18  937.38294  858.44984  8.42%   7.4 1320s
 734148 204107  907.20786   47   28  937.38294  858.58221  8.41%   7.4 1326s
 736536 204526     cutoff   45       937.38294  858.72738  8.39%   7.4 1331s
 739287 204936     cutoff   63       937.38294  858.87891  8.37%   7.4 1336s
 741608 205298 infeasible   84       937.38294  859.01008  8.36%   7.4 1341s
 743732 205716  927.40213   80   30  937.38294  859.13557  8.35%   7.4 1347s
 745102 205955 infeasible   61       937.38294  859.21080  8.34%   7.4 1350s
 747676 206337     cutoff   56       937.38294  859.39645  8.32%   7.4 1355s
 750307 206644     cutoff   73       937.38294  859.52988  8.31%   7.4 1360s
 752418 207037     cutoff   74       937.38294  859.64787  8.29%   7.4 1366s
 755519 207551     cutoff   52       937.38294  859.83328  8.27%   7.4 1371s
 758088 208054  923.34359   50   26  937.38294  859.95467  8.26%   7.4 1377s
 759642 208252  927.73664   41   12  937.38294  860.06409  8.25%   7.4 1380s
 761986 208640     cutoff   66       937.38294  860.18491  8.24%   7.4 1388s
 763416 208857  934.75132   47   12  937.38294  860.25344  8.23%   7.4 1392s
 764899 209023  917.74845   73   26  937.38294  860.35901  8.22%   7.4 1395s
 767038 209441  887.81164   50   21  937.38294  860.50944  8.20%   7.4 1402s
 768421 209723  870.93258   47   25  937.38294  860.55476  8.20%   7.4 1406s
 770987 210127     cutoff   63       937.38294  860.69175  8.18%   7.4 1413s
 772459 210253  929.77799   74   11  937.38294  860.79220  8.17%   7.4 1416s
H773570 210416                     937.3829408  860.83777  8.17%   7.4 1419s
 774566 210463     cutoff   66       937.38294  860.91566  8.16%   7.4 1427s
 774763 210636  929.07962   78   29  937.38294  860.91851  8.16%   7.4 1430s
 777608 211012  935.00262   55   10  937.38294  861.06456  8.14%   7.4 1436s
 779908 211443     cutoff   70       937.38294  861.20695  8.13%   7.4 1442s
 781532 211590 infeasible   67       937.38294  861.30630  8.12%   7.4 1446s
 784214 211926  925.16328   65   31  937.38294  861.45092  8.10%   7.4 1452s
 785388 212234 infeasible   56       937.38294  861.51380  8.09%   7.4 1455s
 788474 212651  881.85619   65   17  937.38294  861.68408  8.08%   7.4 1461s
 791023 213093 infeasible   52       937.38294  861.81660  8.06%   7.4 1467s
 792594 213238  887.40118   46   29  937.38294  861.89565  8.05%   7.4 1470s
 795113 213660     cutoff   82       937.38294  862.03052  8.04%   7.4 1476s
 797827 213826     cutoff   49       937.38294  862.17736  8.02%   7.4 1486s
 799097 214135     cutoff   67       937.38294  862.25114  8.02%   7.5 1492s
 800192 214254  877.72297   57   27  937.38294  862.29483  8.01%   7.5 1495s
 802952 214649     cutoff   61       937.38294  862.47145  7.99%   7.5 1501s
 805693 215067     cutoff   71       937.38294  862.62150  7.98%   7.5 1507s
 806824 215301     cutoff   60       937.38294  862.67689  7.97%   7.5 1511s
 809497 215553  904.74886   47    9  937.38294  862.81809  7.95%   7.5 1517s
 812002 215984  929.31287   54   10  937.38294  862.97143  7.94%   7.5 1523s
 813612 216206  906.20311   56   12  937.38294  863.06049  7.93%   7.5 1526s
 816367 216559     cutoff   56       937.38294  863.19175  7.91%   7.5 1532s
 817797 216655  883.81707   61   22  937.38294  863.26766  7.91%   7.5 1535s
 820546 217049     cutoff   61       937.38294  863.41397  7.89%   7.5 1543s
 821911 217211  924.36374   53   12  937.38294  863.48393  7.88%   7.5 1546s
 823028 217510  930.92923   46   17  937.38294  863.53362  7.88%   7.5 1550s
 825665 217939  890.89478   72   29  937.38294  863.65978  7.86%   7.5 1556s
 828336 218281  911.92697   64   25  937.38294  863.78186  7.85%   7.5 1563s
 829942 218518  914.07414   63   19  937.38294  863.85956  7.84%   7.5 1565s
 832607 218834  913.85449   51   13  937.38294  863.98160  7.83%   7.5 1571s
 834728 219175  917.11830   62   13  937.38294  864.13379  7.81%   7.5 1577s
 836284 219333     cutoff   54       937.38294  864.22375  7.80%   7.5 1581s
 838618 219728  924.93693   57   17  937.38294  864.33865  7.79%   7.5 1587s
 840197 219845  906.26171   68   16  937.38294  864.41234  7.78%   7.5 1590s
 842894 220214  904.36545   70   11  937.38294  864.54808  7.77%   7.5 1596s
 844040 220441  917.08136   52   12  937.38294  864.63131  7.76%   7.5 1600s
 847274 220813  898.48003   45   19  937.38294  864.78545  7.74%   7.5 1606s
 849466 221073  883.42987   65   22  937.38294  864.88694  7.73%   7.5 1611s
 850423 221341     cutoff   45       937.38294  864.95814  7.73%   7.5 1615s
 853107 221789  890.45628   39   10  937.38294  865.09124  7.71%   7.5 1621s
 855857 222102     cutoff   78       937.38294  865.24150  7.70%   7.5 1627s
 857296 222381  927.98132   68   23  937.38294  865.28779  7.69%   7.5 1631s
 860022 222882     cutoff   52       937.38294  865.44183  7.67%   7.5 1637s
 861667 223005     cutoff   48       937.38294  865.51956  7.67%   7.5 1640s
 864151 223494  880.93440   75   34  937.38294  865.64363  7.65%   7.5 1647s
 866902 223778  924.06188   58   10  937.38294  865.75168  7.64%   7.5 1652s
 868376 223870     cutoff   45       937.38294  865.82244  7.63%   7.5 1656s
 869396 223931     cutoff   55       937.38294  865.87137  7.63%   7.5 1662s
 870547 224044  929.68592   53    9  937.38294  865.94859  7.62%   7.5 1665s
 873178 224469  911.41155   53   21  937.38294  866.08102  7.61%   7.5 1671s
 874304 224665     cutoff   71       937.38294  866.14767  7.60%   7.5 1675s
 877090 224940  883.97124   72   28  937.38294  866.29509  7.58%   7.5 1681s
 879876 225318 infeasible   51       937.38294  866.42571  7.57%   7.5 1688s
 881569 225422  916.00928   51   32  937.38294  866.51922  7.56%   7.5 1691s
 883860 225698     cutoff   52       937.38294  866.64421  7.55%   7.5 1698s
 885041 225720     cutoff   82       937.38294  866.69985  7.54%   7.5 1703s
 885187 225921     cutoff   83       937.38294  866.71185  7.54%   7.5 1707s
 886421 226143  892.23042   55   11  937.38294  866.76285  7.53%   7.5 1711s
 889330 226490  907.64279   54    9  937.38294  866.91607  7.52%   7.5 1718s
 890992 226638  902.17035   67   23  937.38294  866.99957  7.51%   7.5 1721s
 892157 226819     cutoff   80       937.38294  867.06949  7.50%   7.5 1725s
 895041 227125     cutoff   65       937.38294  867.23162  7.48%   7.5 1731s
 896378 227382 infeasible   72       937.38294  867.29394  7.48%   7.5 1735s
 899267 227699     cutoff   48       937.38294  867.43103  7.46%   7.5 1741s
 901945 228044 infeasible   58       937.38294  867.55444  7.45%   7.5 1748s
 903182 228157  903.60735   48   10  937.38294  867.62566  7.44%   7.5 1751s
 905785 228540  932.34849   48    6  937.38294  867.75393  7.43%   7.5 1758s
 907396 228680     cutoff   50       937.38294  867.83737  7.42%   7.5 1761s
 908492 228831  893.89887   51   26  937.38294  867.90012  7.41%   7.5 1765s
 911083 229187  886.16903   53   28  937.38294  868.02480  7.40%   7.5 1772s
 912680 229355  899.67556   47   25  937.38294  868.07894  7.39%   7.5 1775s
 915040 229848  931.64158   68   12  937.38294  868.20843  7.38%   7.5 1782s
 916722 229994  923.43702   93   26  937.38294  868.27752  7.37%   7.6 1785s
 919454 230365  880.58453   64   33  937.38294  868.41254  7.36%   7.6 1793s
 921042 230496  923.36583   69   16  937.38294  868.48079  7.35%   7.6 1796s
 922145 230646     cutoff   54       937.38294  868.55989  7.34%   7.6 1800s
 924761 230960  892.07052   52   14  937.38294  868.67893  7.33%   7.6 1808s
 926021 231173 infeasible   72       937.38294  868.74307  7.32%   7.6 1812s
 927660 231318  868.96928   60   19  937.38294  868.80651  7.32%   7.6 1816s
 928859 231506  920.80516   71   29  937.38294  868.86638  7.31%   7.6 1820s
 931681 231793     cutoff   80       937.38294  869.00741  7.29%   7.6 1827s
 932929 231885  903.33474   53   20  937.38294  869.08368  7.29%   7.6 1832s
 934499 232046     cutoff   54       937.38294  869.15010  7.28%   7.6 1835s
 937155 232211     cutoff   54       937.38294  869.29573  7.26%   7.6 1843s
 938195 232337  928.94026   64   21  937.38294  869.35098  7.26%   7.6 1847s
 939370 232415 infeasible   79       937.38294  869.40037  7.25%   7.6 1852s
 940699 232579  895.32715   56   22  937.38294  869.43190  7.25%   7.6 1857s
 941919 232715 infeasible   65       937.38294  869.49515  7.24%   7.6 1862s
 943412 232869  911.24407   58   12  937.38294  869.59387  7.23%   7.6 1866s
 944600 233014  924.82164   85   28  937.38294  869.64495  7.23%   7.6 1872s
 946285 233157     cutoff   53       937.38294  869.71746  7.22%   7.6 1877s
 947399 233271     cutoff   61       937.38294  869.78365  7.21%   7.6 1883s
 949064 233368  921.05669   39    6  937.38294  869.85578  7.20%   7.6 1889s
 950573 233445  924.68979   56   10  937.38294  869.92305  7.20%   7.6 1893s
 951816 233558  887.04484   61   32  937.38294  870.00244  7.19%   7.6 1898s
 953026 233663     cutoff   68       937.38294  870.05708  7.18%   7.6 1903s
 954618 233799  883.24023   75   36  937.38294  870.10873  7.18%   7.6 1906s
 955734 234044  908.03225   75   19  937.38294  870.17756  7.17%   7.6 1910s
 957418 234143  892.68634   65   10  937.38294  870.23796  7.16%   7.6 1915s
 959971 234477  872.18189   47   10  937.38294  870.35319  7.15%   7.6 1923s
 961515 234562  935.20877   72   30  937.38294  870.44022  7.14%   7.6 1927s
 963065 234722     cutoff   84       937.38294  870.52755  7.13%   7.6 1931s
 965774 235016  912.05244   52    9  937.38294  870.65808  7.12%   7.6 1938s
 967221 235173  932.45188   56   19  937.38294  870.73604  7.11%   7.6 1941s
 968280 235334     cutoff   67       937.38294  870.79971  7.10%   7.6 1945s
 969890 235397  934.64049   57   14  937.38294  870.87465  7.10%   7.6 1955s
 971655 235619  894.04185   54   22  937.38294  870.96677  7.09%   7.6 1962s
 973320 235778     cutoff   54       937.38294  871.03179  7.08%   7.6 1966s
 976183 236198  897.96963   61    6  937.38294  871.18258  7.06%   7.6 1972s
 977498 236368  905.51173   77   25  937.38294  871.23958  7.06%   7.6 1977s
 979123 236478 infeasible   51       937.38294  871.32196  7.05%   7.6 1980s
 981436 236667     cutoff   66       937.38294  871.41997  7.04%   7.6 1987s
 983024 236749  897.52640   66   32  937.38294  871.50723  7.03%   7.6 1990s
 985383 237016  901.04766   52    6  937.38294  871.63362  7.01%   7.6 1997s
H986441 237021                     937.3829407  871.64272  7.01%   7.6 1997s
 986953 237115     cutoff   64       937.38294  871.70361  7.01%   7.6 2001s
 989538 237382  882.00314   56   16  937.38294  871.81353  6.99%   7.6 2008s
 991219 237474  893.40689   74   21  937.38294  871.90608  6.99%   7.6 2011s
 992561 237582  934.81228   53   29  937.38294  871.95857  6.98%   7.6 2015s
 995362 237726     cutoff   68       937.38294  872.08790  6.97%   7.6 2022s
 996781 237827  919.80372   56   26  937.38294  872.16710  6.96%   7.6 2026s
 999119 237984  933.83660   49    9  937.38294  872.25568  6.95%   7.6 2033s
 1000518 238072     cutoff   58       937.38294  872.32103  6.94%   7.6 2036s
 1001675 238159     cutoff   68       937.38294  872.38439  6.93%   7.6 2040s
 1004233 238330  909.94950   48   12  937.38294  872.51473  6.92%   7.6 2047s
 1005986 238356     cutoff   74       937.38294  872.60891  6.91%   7.6 2051s
 1008614 238636     cutoff   89       937.38294  872.73108  6.90%   7.6 2058s
 1010271 238711     cutoff   55       937.38294  872.79072  6.89%   7.6 2062s
 1011590 238881  934.76017   79   22  937.38294  872.85130  6.88%   7.6 2065s
 1014532 238963  897.76476   62   29  937.38294  873.00649  6.87%   7.6 2072s
 1015799 239053 infeasible   63       937.38294  873.03274  6.86%   7.6 2076s
 1017362 239162     cutoff   82       937.38294  873.12380  6.86%   7.6 2080s
 1019932 239329  927.58969   61   18  937.38294  873.24411  6.84%   7.6 2088s
 1021447 239359  924.10579   58   24  937.38294  873.30935  6.84%   7.6 2091s
 1022683 239484 infeasible   52       937.38294  873.39102  6.83%   7.6 2095s
 1025672 239714  925.10469   52   29  937.38294  873.53101  6.81%   7.6 2102s
 1026916 239862  925.51570   51   25  937.38294  873.58409  6.81%   7.6 2107s
 1028486 239894 infeasible   56       937.38294  873.64045  6.80%   7.6 2111s
 1029754 240030     cutoff   68       937.38294  873.70716  6.79%   7.6 2115s
 1031211 240102  929.52779   52    6  937.38294  873.77672  6.79%   7.6 2120s
 1032575 240244 infeasible   62       937.38294  873.83632  6.78%   7.6 2126s
 1034306 240346 infeasible   60       937.38294  873.91244  6.77%   7.7 2130s
 1035444 240441  923.49437   57   30  937.38294  873.97150  6.76%   7.7 2135s
 1037093 240429  928.03343   74   20  937.38294  874.06006  6.76%   7.7 2140s
 1039950 240479  925.34624   60   36  937.38294  874.18979  6.74%   7.7 2148s
 1041246 240539  935.29794   55   29  937.38294  874.24460  6.74%   7.7 2152s
 1042421 240624     cutoff   66       937.38294  874.29341  6.73%   7.7 2156s
 1044033 240744     cutoff   82       937.38294  874.38636  6.72%   7.7 2161s
 1045784 240781     cutoff   66       937.38294  874.45154  6.71%   7.7 2165s
 1048170 240936  922.07398   55   10  937.38294  874.55816  6.70%   7.7 2172s
 1049211 241051  884.26975   51   10  937.38294  874.62659  6.69%   7.7 2176s
 1050878 241130  934.42150   62   29  937.38294  874.71122  6.69%   7.7 2181s
 1052546 241180  918.62396   69   25  937.38294  874.80157  6.68%   7.7 2185s
 1054884 241372  911.71977   62   24  937.38294  874.90706  6.66%   7.7 2193s
 1056501 241404  930.81851   61   13  937.38294  874.99213  6.66%   7.7 2197s
 1058226 241499  889.47843   63   14  937.38294  875.06361  6.65%   7.7 2201s
 1059393 241495 infeasible   57       937.38294  875.12769  6.64%   7.7 2208s
 1059495 241599  924.89583   56   25  937.38294  875.13587  6.64%   7.7 2212s
 1060680 241832     cutoff   62       937.38294  875.18052  6.64%   7.7 2216s
 1063646 241978  930.36499   59    -  937.38294  875.28915  6.62%   7.7 2223s
 1065353 241983 infeasible   59       937.38294  875.37698  6.61%   7.7 2231s
 1066648 242117  906.62721   47   16  937.38294  875.44466  6.61%   7.7 2238s
 1067915 242187  879.16727   56   27  937.38294  875.49115  6.60%   7.7 2242s
 1069197 242274     cutoff   60       937.38294  875.56374  6.59%   7.7 2245s
 1071018 242358 infeasible   74       937.38294  875.64551  6.59%   7.7 2250s
 1073620 242323  896.25267   75   20  937.38294  875.76693  6.57%   7.7 2257s
 1074845 242424     cutoff   51       937.38294  875.83869  6.57%   7.7 2260s
 1077801 242585     cutoff   58       937.38294  875.97808  6.55%   7.7 2269s
 1079578 242680  895.00707   47   26  937.38294  876.06050  6.54%   7.7 2272s
 1080862 242705  918.07169   76   17  937.38294  876.10100  6.54%   7.7 2276s
 1083602 242827  897.42280   71   22  937.38294  876.25092  6.52%   7.7 2283s
 1084885 242927     cutoff   60       937.38294  876.30612  6.52%   7.7 2287s
 1086671 242893 infeasible   59       937.38294  876.38630  6.51%   7.7 2291s
 1089295 243010     cutoff   64       937.38294  876.50555  6.49%   7.7 2298s
 1090949 243134  918.90195   64   18  937.38294  876.59852  6.48%   7.7 2302s
 1092140 243244  900.99399   53   17  937.38294  876.63188  6.48%   7.7 2306s
 1093925 243296  913.05417   72    8  937.38294  876.70086  6.47%   7.7 2311s
 1095645 243334 infeasible   52       937.38294  876.77864  6.47%   7.7 2315s
 1098223 243389  935.82341   55   19  937.38294  876.89244  6.45%   7.7 2323s
 1099422 243439     cutoff   84       937.38294  876.93496  6.45%   7.7 2328s
 1100636 243513     cutoff   53       937.38294  876.99355  6.44%   7.7 2332s
 1102260 243508     cutoff   92       937.38294  877.06375  6.43%   7.7 2336s
 1103545 243598 infeasible   63       937.38294  877.15365  6.43%   7.7 2341s
 1105279 243674  929.80910   59   12  937.38294  877.23057  6.42%   7.7 2345s
 1107773 243791  898.12337   51   11  937.38294  877.34592  6.40%   7.7 2353s
 1109421 243839  929.27221   65   25  937.38294  877.39646  6.40%   7.7 2358s
 1110687 243847  926.01986   46   19  937.38294  877.46562  6.39%   7.7 2361s
 1112026 243883     cutoff   58       937.38294  877.52213  6.39%   7.7 2365s
 1113279 244000  934.22965   62   22  937.38294  877.58158  6.38%   7.7 2370s
 1116391 244130  928.18556   58    8  937.38294  877.72650  6.36%   7.7 2377s
 1117680 244209  926.65742   67   27  937.38294  877.78537  6.36%   7.7 2382s
 1119404 244230  932.78822   45   16  937.38294  877.85111  6.35%   7.7 2386s
 1120656 244339  900.09596   48   14  937.38294  877.91647  6.34%   7.7 2390s
 1121915 244383  891.22716   55   32  937.38294  877.94824  6.34%   7.7 2395s
 1124878 244396  921.79326   71   21  937.38294  878.09676  6.32%   7.7 2403s
 1126092 244418     cutoff   51       937.38294  878.16354  6.32%   7.7 2407s
 1127283 244421     cutoff   94       937.38294  878.22261  6.31%   7.7 2411s
 1128630 244525  909.51175   68   24  937.38294  878.31057  6.30%   7.7 2415s
 1129955 244587     cutoff   64       937.38294  878.35922  6.30%   7.7 2420s
 1133211 244704  922.05450   62   16  937.38294  878.49267  6.28%   7.7 2429s
 1134827 244749 infeasible   46       937.38294  878.56636  6.27%   7.7 2433s
 1136155 244707 infeasible   78       937.38294  878.61610  6.27%   7.7 2437s
 1137499 244781     cutoff   55       937.38294  878.67933  6.26%   7.7 2442s
 1138716 244852  903.21958   79   28  937.38294  878.73448  6.26%   7.7 2446s
 1140107 244846     cutoff   56       937.38294  878.78422  6.25%   7.7 2451s
 1143091 244839  922.80788   51   24  937.38294  878.91896  6.24%   7.7 2458s
 1144395 244836  914.15013   64   36  937.38294  878.99261  6.23%   7.7 2465s
 1145908 244844  924.68989   69   17  937.38294  879.06299  6.22%   7.7 2473s
 1147359 244870 infeasible   82       937.38294  879.14324  6.21%   7.7 2477s
 1148693 244843  898.70107   65   23  937.38294  879.19336  6.21%   7.7 2481s
 1150010 244861     cutoff   74       937.38294  879.25120  6.20%   7.8 2485s
 1152371 244925     cutoff   41       937.38294  879.34191  6.19%   7.8 2490s
 1155092 244882  933.77592   61   27  937.38294  879.47899  6.18%   7.8 2498s
 1156380 244824     cutoff   81       937.38294  879.53602  6.17%   7.8 2502s
 1157691 244855  904.74309   57   26  937.38294  879.58462  6.17%   7.8 2506s
 1159039 244763     cutoff   47       937.38294  879.66184  6.16%   7.8 2511s
 1160877 244771     cutoff   46       937.38294  879.75558  6.15%   7.8 2515s
 1163572 244742  922.15834   64   17  937.38294  879.84806  6.14%   7.8 2523s
 1164968 244762  900.79417   56   20  937.38294  879.92266  6.13%   7.8 2528s
 1166570 244760  916.91568   62   22  937.38294  879.99998  6.12%   7.8 2532s
 1167967 244723  907.09942   66   22  937.38294  880.06534  6.11%   7.8 2536s
 1169371 244774  922.27436   59   27  937.38294  880.10648  6.11%   7.8 2541s
 1170934 244737  889.46722   42   27  937.38294  880.20530  6.10%   7.8 2545s
 1173707 244789  917.87625   61   14  937.38294  880.31812  6.09%   7.8 2553s
 1175097 244732  933.25922   63   16  937.38294  880.36869  6.08%   7.8 2557s
 1176855 244720  888.28290   62   26  937.38294  880.45377  6.07%   7.8 2561s
H1177074 244720                     937.3827125  880.45652  6.07%   7.8 2561s
 1178232 244691  890.74634   46   15  937.38271  880.50264  6.07%   7.8 2565s
 1180823 244703  884.59648   53   21  937.38271  880.65996  6.05%   7.8 2573s
 1182276 244638     cutoff   68       937.38271  880.70655  6.05%   7.8 2577s
 1183681 244589     cutoff   68       937.38271  880.76880  6.04%   7.8 2581s
 1185043 244647 infeasible   54       937.38271  880.82080  6.03%   7.8 2585s
 1187834 244648     cutoff   52       937.38271  880.93918  6.02%   7.8 2593s
 1189272 244585 infeasible   77       937.38271  881.01353  6.01%   7.8 2597s
 1190823 244618  892.59951   44   27  937.38271  881.08603  6.01%   7.8 2602s
 1192217 244562  913.60508   79   26  937.38271  881.12345  6.00%   7.8 2606s
 1193967 244587     cutoff   72       937.38271  881.23142  5.99%   7.8 2610s
 1196793 244520  932.74886   70   20  937.38271  881.34561  5.98%   7.8 2619s
 1198218 244467     cutoff   54       937.38271  881.41644  5.97%   7.8 2623s
 1199654 244418  929.30114   72   30  937.38271  881.46897  5.96%   7.8 2627s
 1201073 244409     cutoff   63       937.38271  881.54561  5.96%   7.8 2632s
 1202504 244326     cutoff   78       937.38271  881.59351  5.95%   7.8 2636s
 1203991 244295  903.47542   40   12  937.38271  881.67217  5.94%   7.8 2640s
 1206845 244256  896.20577   50   20  937.38271  881.79555  5.93%   7.8 2649s
 1208278 244232  918.20519   57   26  937.38271  881.84487  5.92%   7.8 2654s
 1209963 244257     cutoff   55       937.38271  881.91353  5.92%   7.8 2658s
 1211435 244185  910.67398   62   24  937.38271  881.98758  5.91%   7.8 2662s
 1212900 244119  925.72007   54   23  937.38271  882.04664  5.90%   7.8 2666s
 1214278 244062 infeasible   55       937.38271  882.10855  5.90%   7.8 2670s
 1215612 244021     cutoff   68       937.38271  882.17457  5.89%   7.8 2675s
 1219017 243858 infeasible   67       937.38271  882.32100  5.87%   7.8 2683s
 1220407 243843  915.27422   54   16  937.38271  882.39018  5.87%   7.8 2691s
H1220526 243843                     937.3827124  882.39018  5.87%   7.8 2691s
 1220691 243891  915.30416   55   16  937.38271  882.40144  5.87%   7.8 2696s
 1222166 243787 infeasible   57       937.38271  882.44493  5.86%   7.8 2700s
 1225028 243696  894.71868   54   10  937.38271  882.59400  5.84%   7.8 2708s
 1226554 243598     cutoff   53       937.38271  882.63946  5.84%   7.8 2713s
 1228416 243645     cutoff   70       937.38271  882.73114  5.83%   7.8 2717s
 1229870 243661  910.54828   61   10  937.38271  882.77699  5.83%   7.8 2721s
 1231286 243633 infeasible   61       937.38271  882.83500  5.82%   7.8 2726s
 1232859 243572  900.24001   75   37  937.38271  882.91857  5.81%   7.8 2730s
 1234277 243508     cutoff   58       937.38271  882.98875  5.80%   7.8 2735s
 1235686 243417     cutoff   54       937.38271  883.04443  5.80%   7.8 2740s
 1238924 243353  910.44556   69   25  937.38271  883.19198  5.78%   7.8 2748s
 1240394 243357  915.28481   50   16  937.38271  883.24364  5.78%   7.8 2752s
 1242077 243210  914.73816   55   12  937.38271  883.34371  5.76%   7.8 2757s
H1243047 243211                     937.3827123  883.34886  5.76%   7.8 2757s
 1243515 243080 infeasible   49       937.38271  883.40396  5.76%   7.8 2761s
 1244986 243018     cutoff   61       937.38271  883.46333  5.75%   7.8 2765s
 1246403 242966  923.35479   63   26  937.38271  883.53434  5.74%   7.8 2770s
 1249220 242846     cutoff   67       937.38271  883.65620  5.73%   7.8 2779s
 1250567 242772  915.46777   57   27  937.38271  883.71860  5.72%   7.8 2783s
 1252104 242682  936.89023   53   17  937.38271  883.78371  5.72%   7.8 2788s
 1253590 242594     cutoff   48       937.38271  883.84896  5.71%   7.9 2792s
 1255084 242493  932.33728   52   26  937.38271  883.91376  5.70%   7.9 2797s
 1256532 242466  920.34057   60   27  937.38271  883.99287  5.70%   7.9 2801s
 1258124 242347     cutoff   60       937.38271  884.05798  5.69%   7.9 2806s
 1259617 242277     cutoff   63       937.38271  884.11376  5.68%   7.9 2810s
 1262935 242169 infeasible   68       937.38271  884.27539  5.67%   7.9 2819s
 1264372 242077  916.03608   66   29  937.38271  884.32833  5.66%   7.9 2824s
 1265909 241993 infeasible   47       937.38271  884.41165  5.65%   7.9 2828s
 1267290 241923     cutoff   69       937.38271  884.45664  5.65%   7.9 2833s
 1268702 241841  901.24992   45   14  937.38271  884.51746  5.64%   7.9 2838s
 1270100 241740 infeasible   73       937.38271  884.58946  5.63%   7.9 2843s
H1270480 241740                     937.3827122  884.59133  5.63%   7.9 2843s
 1271575 241703  916.66264   68   18  937.38271  884.64904  5.63%   7.9 2848s
H1271865 241703                     937.3827121  884.64904  5.63%   7.9 2848s
 1272064 241602     cutoff   50       937.38271  884.67235  5.62%   7.9 2853s
 1273473 241560  905.90480   84   26  937.38271  884.72705  5.62%   7.9 2858s
 1274972 241395     cutoff   74       937.38271  884.79522  5.61%   7.9 2864s
 1276550 241342     cutoff   58       937.38271  884.86838  5.60%   7.9 2869s
 1278026 241242  935.28471   66   16  937.38271  884.92335  5.60%   7.9 2875s
 1281051 241041  887.39102   47   23  937.38271  885.06905  5.58%   7.9 2884s
 1282609 240929     cutoff   63       937.38271  885.13486  5.57%   7.9 2889s
 1284115 240760 infeasible   54       937.38271  885.21024  5.57%   7.9 2894s
 1285968 240609  920.75586   63   33  937.38271  885.28718  5.56%   7.9 2899s
 1287483 240454 infeasible   78       937.38271  885.35820  5.55%   7.9 2903s
 1288953 240356     cutoff   52       937.38271  885.42966  5.54%   7.9 2907s
 1290399 240205  903.37830   74   24  937.38271  885.49800  5.54%   7.9 2912s
 1291825 240088     cutoff   49       937.38271  885.58202  5.53%   7.9 2916s
 1293314 239945  931.65857   76   20  937.38271  885.62924  5.52%   7.9 2921s
 1294796 239894  900.98717   56   13  937.38271  885.70474  5.51%   7.9 2925s
 1296171 239745     cutoff   64       937.38271  885.76522  5.51%   7.9 2930s
 1297695 239671     cutoff   61       937.38271  885.85036  5.50%   7.9 2935s
 1299278 239537  891.01008   48   10  937.38271  885.89687  5.49%   7.9 2940s
 1300729 239430  909.51794   54   31  937.38271  885.95586  5.49%   7.9 2945s
 1302189 239285     cutoff   57       937.38271  886.02900  5.48%   7.9 2951s
 1303702 239136     cutoff   61       937.38271  886.09196  5.47%   7.9 2955s
 1305117 239063  913.66601   43   12  937.38271  886.16368  5.46%   7.9 2960s
 1308168 238694     cutoff   52       937.38271  886.29930  5.45%   7.9 2968s
 1309789 238544  930.42616   55   15  937.38271  886.37119  5.44%   7.9 2973s
 1311356 238490  931.58663   50   17  937.38271  886.44861  5.43%   7.9 2978s
 1312920 238348     cutoff   61       937.38271  886.50053  5.43%   7.9 2983s
 1314361 238269  923.60599   72   11  937.38271  886.56260  5.42%   7.9 2987s
 1315808 238181  919.42761   75   26  937.38271  886.64262  5.41%   7.9 2992s
 1317374 238115     cutoff   59       937.38271  886.68784  5.41%   7.9 2996s
 1318923 237929  896.26048   87   38  937.38271  886.76743  5.40%   7.9 3002s
 1320848 237846  891.80926   59   28  937.38271  886.85007  5.39%   7.9 3006s
 1322264 237646 infeasible   57       937.38271  886.92076  5.38%   7.9 3011s
 1323860 237506     cutoff   67       937.38271  886.99173  5.38%   7.9 3015s
 1326861 237256 infeasible   51       937.38271  887.12538  5.36%   7.9 3024s
 1328271 237126  933.39837   59   16  937.38271  887.17611  5.36%   7.9 3028s
 1329747 236915     cutoff   74       937.38271  887.25741  5.35%   7.9 3033s
 1331314 236882     cutoff   57       937.38271  887.32026  5.34%   7.9 3042s
 1331644 236772  904.76869   45   12  937.38271  887.32612  5.34%   7.9 3047s
 1333166 236759  905.33145   97   25  937.38271  887.36826  5.34%   7.9 3055s
 1333313 236647  920.99254   97   24  937.38271  887.39026  5.33%   7.9 3060s
 1334815 236511  924.54514   59   16  937.38271  887.47602  5.32%   7.9 3066s
 1336401 236317  924.61764   66   38  937.38271  887.54872  5.32%   7.9 3072s
 1338037 236194  888.97242   56    9  937.38271  887.60004  5.31%   7.9 3078s
 1339637 236011  935.09644   48   30  937.38271  887.68006  5.30%   7.9 3084s
 1341294 235864     cutoff   71       937.38271  887.74739  5.30%   7.9 3089s
 1342756 235714  928.37384   75   21  937.38271  887.82000  5.29%   7.9 3095s
 1345852 235474 infeasible   65       937.38271  887.95431  5.27%   7.9 3104s
 1347390 235303     cutoff   55       937.38271  888.03568  5.26%   8.0 3109s
 1349055 235121  907.15473   39   12  937.38271  888.10714  5.26%   8.0 3114s
 1350588 234956  935.97592   62   16  937.38271  888.16147  5.25%   8.0 3118s
 1352147 234784  922.69260   46   11  937.38271  888.24551  5.24%   8.0 3123s
 1353815 234649 infeasible  102       937.38271  888.29241  5.24%   8.0 3127s
 1355228 234485  893.00787   54   22  937.38271  888.38604  5.23%   8.0 3132s
 1356850 234350     cutoff   74       937.38271  888.44750  5.22%   8.0 3138s
 1358395 234144     cutoff   93       937.38271  888.51572  5.21%   8.0 3143s
 1360087 233993  916.75962   59   12  937.38271  888.59107  5.21%   8.0 3149s
 1361672 233838     cutoff   70       937.38271  888.64656  5.20%   8.0 3155s
 1363286 233670     cutoff   51       937.38271  888.72702  5.19%   8.0 3161s
 1364730 233513     cutoff   60       937.38271  888.77026  5.19%   8.0 3166s
 1366287 233408  914.66259   71   24  937.38271  888.85019  5.18%   8.0 3172s
 1367903 233184  893.92265   74   21  937.38271  888.92871  5.17%   8.0 3178s
 1369542 233004  915.62900   52   13  937.38271  889.01000  5.16%   8.0 3183s
 1371094 232831 infeasible   77       937.38271  889.07898  5.15%   8.0 3188s
 1372670 232664     cutoff   57       937.38271  889.14849  5.15%   8.0 3194s
 1374229 232450     cutoff   95       937.38271  889.22180  5.14%   8.0 3200s
 1375830 232219  921.04104   50   10  937.38271  889.30207  5.13%   8.0 3206s
 1377431 232002  908.14982   79   31  937.38271  889.37058  5.12%   8.0 3211s
 1379021 231871     cutoff   55       937.38271  889.43398  5.12%   8.0 3217s
 1380527 231648     cutoff   62       937.38271  889.49688  5.11%   8.0 3222s
 1382000 231475     cutoff   69       937.38271  889.58158  5.10%   8.0 3227s
 1383541 231248     cutoff   67       937.38271  889.63429  5.09%   8.0 3232s
 1385055 231052     cutoff   55       937.38271  889.69742  5.09%   8.0 3238s
 1386467 230872     cutoff   56       937.38271  889.78760  5.08%   8.0 3243s
 1387972 230662 infeasible   52       937.38271  889.84601  5.07%   8.0 3248s
 1389497 230476 infeasible   74       937.38271  889.91818  5.06%   8.0 3254s
 1391026 230274     cutoff   66       937.38271  890.00515  5.05%   8.0 3260s
 1392472 230027  894.26771   52   36  937.38271  890.06400  5.05%   8.0 3266s
 1394061 229805     cutoff   54       937.38271  890.13794  5.04%   8.0 3271s
 1395578 229573  924.61199   57   15  937.38271  890.21477  5.03%   8.0 3278s
 1397232 229321     cutoff   62       937.38271  890.28736  5.02%   8.0 3284s
 1398787 229063 infeasible   60       937.38271  890.36024  5.02%   8.0 3290s
 1400426 228943  921.36725   63   23  937.38271  890.43859  5.01%   8.0 3296s
 1401989 228770  910.77260   69   25  937.38271  890.49084  5.00%   8.0 3301s
 1403594 228524  929.59407   71   23  937.38271  890.56194  4.99%   8.0 3307s
 1405173 228232     cutoff   62       937.38271  890.64166  4.99%   8.0 3313s
 1406848 228060  924.38736   66   12  937.38271  890.72261  4.98%   8.0 3318s
 1408506 227856  933.08081   71    6  937.38271  890.78861  4.97%   8.0 3324s
 1410114 227619  914.28539   70   14  937.38271  890.85721  4.96%   8.0 3331s
 1411687 227318  906.46881   49   16  937.38271  890.92690  4.96%   8.0 3338s
 1413304 227172  913.34576   47    8  937.38271  891.00295  4.95%   8.0 3345s
 1413979 226937  916.85078   46   10  937.38271  891.01977  4.95%   8.0 3351s
 1415553 226729  913.50556   60   17  937.38271  891.09388  4.94%   8.0 3355s
 1417126 226398  935.19603   51    6  937.38271  891.18331  4.93%   8.0 3361s
 1418926 226162     cutoff   64       937.38271  891.25553  4.92%   8.0 3366s
 1420461 225907  934.20462   69   24  937.38271  891.32387  4.91%   8.0 3371s
 1421982 225706  917.96060   88   14  937.38271  891.42313  4.90%   8.0 3376s
 1423620 225480  912.32680   79   14  937.38271  891.47901  4.90%   8.0 3381s
 1425185 225273 infeasible   46       937.38271  891.55372  4.89%   8.0 3386s
 1426863 225074     cutoff   71       937.38271  891.60295  4.88%   8.0 3391s
 1428190 224798     cutoff   55       937.38271  891.68327  4.88%   8.0 3396s
 1429854 224521  927.80490   43   19  937.38271  891.76420  4.87%   8.0 3402s
 1431436 224333  900.13115   65   30  937.38271  891.84056  4.86%   8.0 3407s
 1433110 224098  904.56203   62   28  937.38271  891.89647  4.85%   8.0 3412s
 1434701 223851     cutoff   72       937.38271  891.96319  4.85%   8.0 3417s
 1436304 223561     cutoff   75       937.38271  892.03232  4.84%   8.1 3422s
 1437856 223199  935.88410   55   12  937.38271  892.11721  4.83%   8.1 3427s
 1439500 222919  925.98701   69   31  937.38271  892.17744  4.82%   8.1 3432s
 1441083 222777  900.25005   60   30  937.38271  892.25076  4.81%   8.1 3436s
 1442559 222530  895.85578   50    9  937.38271  892.32352  4.81%   8.1 3441s
 1444139 222269     cutoff   76       937.38271  892.40009  4.80%   8.1 3446s
 1445770 222062  920.17508   71   18  937.38271  892.46064  4.79%   8.1 3451s
 1447347 221775  917.84803   48   18  937.38271  892.55594  4.78%   8.1 3456s
 1449065 221493 infeasible   70       937.38271  892.62493  4.77%   8.1 3461s
 1450607 221245  899.67328   50   33  937.38271  892.70236  4.77%   8.1 3467s
 1452181 220963     cutoff   67       937.38271  892.75508  4.76%   8.1 3473s
 1453786 220742     cutoff   52       937.38271  892.83668  4.75%   8.1 3479s
 1455440 220513     cutoff   58       937.38271  892.89702  4.75%   8.1 3485s
 1457005 220233     cutoff   70       937.38271  892.97111  4.74%   8.1 3491s
 1458617 219894     cutoff   59       937.38271  893.03537  4.73%   8.1 3497s
 1460164 219653 infeasible  110       937.38271  893.12851  4.72%   8.1 3502s
 1461611 219490     cutoff   57       937.38271  893.19240  4.71%   8.1 3508s
 1463297 219207  929.53100   58   26  937.38271  893.25908  4.71%   8.1 3513s
 1464846 219135     cutoff   61       937.38271  893.34860  4.70%   8.1 3524s
 1465235 218824  928.27978   86    8  937.38271  893.35437  4.70%   8.1 3530s
 1467038 218500  935.09373   64   22  937.38271  893.42579  4.69%   8.1 3535s
 1468787 218204     cutoff   52       937.38271  893.49940  4.68%   8.1 3540s
 1470328 217924  925.43505   77   19  937.38271  893.57502  4.67%   8.1 3545s
 1471890 217624     cutoff   50       937.38271  893.63930  4.67%   8.1 3551s
 1473448 217268     cutoff   83       937.38271  893.72552  4.66%   8.1 3556s
 1475113 216979     cutoff   64       937.38271  893.79332  4.65%   8.1 3561s
 1476703 216716  926.36969   70   29  937.38271  893.88326  4.64%   8.1 3568s
 1478334 216406  910.76276   64   25  937.38271  893.94626  4.63%   8.1 3573s
 1479974 216084     cutoff   48       937.38271  894.03824  4.62%   8.1 3578s
 1481676 215817  902.39293   56   19  937.38271  894.10009  4.62%   8.1 3583s
 1483265 215556  921.38606   61   25  937.38271  894.18278  4.61%   8.1 3589s
 1484768 215302     cutoff   58       937.38271  894.25132  4.60%   8.1 3594s
 1486284 215123  902.14896   73   17  937.38271  894.33053  4.59%   8.1 3600s
 1487918 214814  914.70909   86   20  937.38271  894.41053  4.58%   8.1 3605s
 1489689 214467     cutoff   46       937.38271  894.47418  4.58%   8.1 3610s
 1491161 214104     cutoff   67       937.38271  894.55488  4.57%   8.1 3616s
 1492905 213707     cutoff   59       937.38271  894.63550  4.56%   8.1 3621s
 1494637 213345 infeasible   58       937.38271  894.71353  4.55%   8.1 3627s
 1496271 213016 infeasible   66       937.38271  894.78293  4.54%   8.1 3633s
 1497946 212705  921.03339   70   26  937.38271  894.86327  4.54%   8.1 3640s
 1499512 212322     cutoff   53       937.38271  894.92589  4.53%   8.1 3646s
 1501171 211938  924.15206   71   16  937.38271  895.01843  4.52%   8.1 3653s
 1502995 211677     cutoff   80       937.38271  895.09479  4.51%   8.1 3659s
 1504678 211419 infeasible   52       937.38271  895.15811  4.50%   8.1 3664s
 1506221 211106  917.96217   72   12  937.38271  895.22994  4.50%   8.1 3670s
 1507853 210749 infeasible   54       937.38271  895.29882  4.49%   8.1 3676s
 1509503 210432     cutoff   69       937.38271  895.38434  4.48%   8.1 3683s
 1511179 210114 infeasible   57       937.38271  895.45342  4.47%   8.1 3689s
 1512728 209828     cutoff   66       937.38271  895.52598  4.47%   8.1 3694s
 1514310 209491  918.55662   66   12  937.38271  895.60393  4.46%   8.1 3700s
 1515978 209154  917.03439   64   23  937.38271  895.67534  4.45%   8.1 3706s
 1517633 208775     cutoff   82       937.38271  895.75909  4.44%   8.1 3711s
 1519217 208459  921.84986   73   12  937.38271  895.84245  4.43%   8.2 3717s
 1520936 208086     cutoff   74       937.38271  895.91509  4.42%   8.2 3723s
 1522689 207743     cutoff   51       937.38271  895.99121  4.42%   8.2 3728s
 1524369 207423     cutoff   67       937.38271  896.05831  4.41%   8.2 3733s
 1525892 207116  898.30345   63   11  937.38271  896.13420  4.40%   8.2 3740s
 1527513 206809     cutoff   74       937.38271  896.21197  4.39%   8.2 3747s
 1529235 206450  900.34352   56   10  937.38271  896.27353  4.39%   8.2 3754s
 1530782 206076  901.48389   52   11  937.38271  896.35541  4.38%   8.2 3761s
 1532517 205740  935.84204   52   23  937.38271  896.42681  4.37%   8.2 3768s
 1534140 205411     cutoff   91       937.38271  896.49500  4.36%   8.2 3775s
 1535791 205107 infeasible   44       937.38271  896.56314  4.35%   8.2 3782s
 1537473 204790  899.59778   51   12  937.38271  896.64714  4.35%   8.2 3788s
 1539073 204394  913.20999   55   28  937.38271  896.72276  4.34%   8.2 3794s
 1540741 204085  930.25477   59   12  937.38271  896.80653  4.33%   8.2 3800s
 1542290 203734  921.41980   50   22  937.38271  896.87307  4.32%   8.2 3806s
 1543909 203374 infeasible   70       937.38271  896.94723  4.31%   8.2 3812s
 1545416 203092  916.61879   52   20  937.38271  896.99238  4.31%   8.2 3817s
 1546871 202672  926.42036   51   22  937.38271  897.09207  4.30%   8.2 3824s
 1548574 202576     cutoff   53       937.38271  897.17778  4.29%   8.2 3833s
 1549055 202201     cutoff   52       937.38271  897.18966  4.29%   8.2 3840s
 1550685 201825  900.34596   57   28  937.38271  897.26405  4.28%   8.2 3846s
 1552265 201388 infeasible   61       937.38271  897.35503  4.27%   8.2 3854s
 1554073 201007  935.01252   88   10  937.38271  897.43544  4.26%   8.2 3861s
 1555814 200592     cutoff   53       937.38271  897.51821  4.25%   8.2 3868s
 1557532 200192     cutoff   63       937.38271  897.60563  4.24%   8.2 3873s
 1559208 199852     cutoff   60       937.38271  897.69323  4.23%   8.2 3879s
 1560905 199793 infeasible   67       937.38271  897.74271  4.23%   8.2 3892s
 1561075 199410  928.21135   55   13  937.38271  897.74774  4.23%   8.2 3897s
 1562622 198985  936.61878   70   27  937.38271  897.85219  4.22%   8.2 3903s
 1564391 198567 infeasible   82       937.38271  897.92964  4.21%   8.2 3908s
 1566050 198165  925.75980   62   14  937.38271  898.01314  4.20%   8.2 3914s
 1567725 197778     cutoff   47       937.38271  898.09303  4.19%   8.2 3919s
 1569417 197324     cutoff   68       937.38271  898.18731  4.18%   8.2 3925s
 1571222 196890     cutoff   52       937.38271  898.28348  4.17%   8.2 3930s
 1572887 196489     cutoff   62       937.38271  898.36706  4.16%   8.2 3936s
 1574657 196044  899.95341   70   21  937.38271  898.43422  4.16%   8.2 3942s
 1576371 195628     cutoff   55       937.38271  898.52988  4.14%   8.2 3947s
 1578075 195281  899.27031   56   19  937.38271  898.61234  4.14%   8.2 3953s
 1579684 194898     cutoff   51       937.38271  898.67486  4.13%   8.2 3958s
 1581252 194409  932.95222   54   12  937.38271  898.76997  4.12%   8.2 3964s
 1583058 193885  926.46630   64   25  937.38271  898.84787  4.11%   8.2 3970s
 1584738 193444  918.43192   65   29  937.38271  898.95136  4.10%   8.2 3976s
 1586494 193020     cutoff   70       937.38271  899.02006  4.09%   8.2 3981s
 1588064 192571  929.19672   73   24  937.38271  899.10832  4.08%   8.2 3987s
 1589728 192245 infeasible   48       937.38271  899.18691  4.07%   8.2 3993s
 1591218 191809  922.94829   63   16  937.38271  899.25664  4.07%   8.2 3999s
 1592949 191394     cutoff   49       937.38271  899.32839  4.06%   8.2 4005s
 1594506 190982  906.40317   60   17  937.38271  899.42200  4.05%   8.2 4011s
 1596275 190542  927.13797   78   14  937.38271  899.50129  4.04%   8.2 4017s
 1598018 190117     cutoff   48       937.38271  899.57384  4.03%   8.2 4022s
 1599667 189643  928.34820   52   15  937.38271  899.65390  4.02%   8.2 4028s
 1601205 189115     cutoff   53       937.38271  899.73926  4.02%   8.2 4034s
 1602847 188681  920.06687   58   10  937.38271  899.81999  4.01%   8.3 4039s
 1604490 188217  924.59690   86   35  937.38271  899.91011  4.00%   8.3 4045s
 1606177 187756 infeasible   65       937.38271  900.00348  3.99%   8.3 4051s
 1607795 187334 infeasible   58       937.38271  900.07963  3.98%   8.3 4056s
 1609510 186879     cutoff   58       937.38271  900.15741  3.97%   8.3 4062s
 1611147 186377 infeasible   52       937.38271  900.26247  3.96%   8.3 4068s
 1612837 185898     cutoff   54       937.38271  900.33747  3.95%   8.3 4073s
 1614463 185441  916.37787   64   14  937.38271  900.42085  3.94%   8.3 4078s
 1616199 185186 infeasible   56       937.38271  900.49818  3.93%   8.3 4095s
 1617314 184626     cutoff   58       937.38271  900.54833  3.93%   8.3 4102s
 1619217 184097     cutoff   76       937.38271  900.63662  3.92%   8.3 4108s
 1620994 183592     cutoff   68       937.38271  900.73351  3.91%   8.3 4114s
 1622705 183112 infeasible   55       937.38271  900.81069  3.90%   8.3 4119s
 1624274 182654     cutoff   48       937.38271  900.90583  3.89%   8.3 4125s
 1626131 182222     cutoff   78       937.38271  900.97584  3.88%   8.3 4131s
 1627827 181783     cutoff   54       937.38271  901.05495  3.88%   8.3 4137s
 1629488 181299  919.74861   69   30  937.38271  901.12931  3.87%   8.3 4143s
 1631175 180847     cutoff   79       937.38271  901.22110  3.86%   8.3 4149s
 1632943 180356  908.96022   62   20  937.38271  901.30220  3.85%   8.3 4155s
 1634698 179941 infeasible   85       937.38271  901.38634  3.84%   8.3 4160s
 1636285 179430  933.63535   49   18  937.38271  901.45784  3.83%   8.3 4166s
 1637976 178910  925.05979   93   23  937.38271  901.54731  3.82%   8.3 4172s
 1639632 178460  923.90568   56   15  937.38271  901.63621  3.81%   8.3 4178s
 1641275 177988  935.59234   56   13  937.38271  901.72716  3.80%   8.3 4184s
 1643008 177543     cutoff   65       937.38271  901.80121  3.80%   8.3 4190s
 1644742 177072 infeasible   69       937.38271  901.88584  3.79%   8.3 4196s
 1646459 176534     cutoff   55       937.38271  901.96099  3.78%   8.3 4201s
 1648140 176061     cutoff   58       937.38271  902.05176  3.77%   8.3 4207s
 1649741 175612     cutoff   63       937.38271  902.11764  3.76%   8.3 4212s
 1651319 175095  933.41598   73   18  937.38271  902.21880  3.75%   8.3 4217s
 1653121 174584  917.95164   85   16  937.38271  902.30471  3.74%   8.3 4223s
 1654799 174134  915.59499   66   34  937.38271  902.36790  3.74%   8.3 4228s
 1656170 173553  904.67449   73   22  937.38271  902.46293  3.73%   8.3 4236s
 1657948 173075  924.55328   58   21  937.38271  902.54460  3.72%   8.3 4241s
 1659626 172551     cutoff   83       937.38271  902.62656  3.71%   8.3 4247s
 1661380 172080  926.75397   64   12  937.38271  902.71359  3.70%   8.3 4253s
 1662960 171557  925.11145   61   29  937.38271  902.80490  3.69%   8.3 4259s
 1664658 170967 infeasible   49       937.38271  902.88897  3.68%   8.3 4266s
 1666391 170524  936.54407   75   22  937.38271  902.98829  3.67%   8.3 4274s
 1668177 170029     cutoff   69       937.38271  903.05753  3.66%   8.3 4280s
 1669798 169483     cutoff   71       937.38271  903.14283  3.65%   8.3 4285s
 1671553 168940 infeasible   57       937.38271  903.23692  3.64%   8.3 4291s
 1673243 168363     cutoff   83       937.38271  903.33339  3.63%   8.3 4297s
 1674977 167889  923.17009   63   23  937.38271  903.40537  3.62%   8.3 4302s
 1676615 167327 infeasible   55       937.38271  903.49578  3.62%   8.3 4308s
 1678396 166840 infeasible   58       937.38271  903.58486  3.61%   8.3 4313s
 1680062 166289     cutoff   99       937.38271  903.66583  3.60%   8.3 4317s
 1681742 165692     cutoff   57       937.38271  903.76468  3.59%   8.3 4322s
 1683424 165165 infeasible   64       937.38271  903.85793  3.58%   8.3 4327s
 1685094 164629 infeasible   60       937.38271  903.94324  3.57%   8.4 4333s
 1686631 164083  923.45873   67   14  937.38271  904.03542  3.56%   8.4 4338s
 1688356 163580  923.85998   57   28  937.38271  904.11705  3.55%   8.4 4344s
 1690034 162998     cutoff   61       937.38271  904.20453  3.54%   8.4 4349s
 1691737 162498 infeasible   74       937.38271  904.29502  3.53%   8.4 4354s
 1693430 161899     cutoff   57       937.38271  904.38396  3.52%   8.4 4360s
 1695145 161340  923.86646   54   16  937.38271  904.47563  3.51%   8.4 4365s
 1696735 160696     cutoff   48       937.38271  904.55534  3.50%   8.4 4370s
 1698452 160119     cutoff   50       937.38271  904.64437  3.49%   8.4 4375s
 1700132 159571 infeasible   75       937.38271  904.73568  3.48%   8.4 4380s
 1701769 159037     cutoff   84       937.38271  904.81930  3.47%   8.4 4386s
 1703342 158433     cutoff   58       937.38271  904.90691  3.46%   8.4 4391s
 1704962 157790 infeasible   68       937.38271  905.00554  3.45%   8.4 4397s
 1706690 157141  917.84639   56   11  937.38271  905.10912  3.44%   8.4 4402s
 1708466 156958     cutoff   65       937.38271  905.20445  3.43%   8.4 4409s
 1709011 156317     cutoff   44       937.38271  905.23552  3.43%   8.4 4415s
 1710826 155712     cutoff   46       937.38271  905.32472  3.42%   8.4 4421s
 1712512 155045  908.25180   47   31  937.38271  905.42118  3.41%   8.4 4426s
 1714241 154349     cutoff   57       937.38271  905.53507  3.40%   8.4 4432s
 1715990 153742 infeasible   77       937.38271  905.64233  3.39%   8.4 4439s
 1717743 153134  907.93678   50   13  937.38271  905.71493  3.38%   8.4 4444s
 1719504 152507  925.33402   64   24  937.38271  905.81369  3.37%   8.4 4450s
 1721256 151909     cutoff   54       937.38271  905.90596  3.36%   8.4 4456s
 1722930 151225     cutoff   59       937.38271  905.99065  3.35%   8.4 4462s
 1724699 150563     cutoff   65       937.38271  906.08355  3.34%   8.4 4467s
 1726426 149939  913.23479   83   22  937.38271  906.19583  3.33%   8.4 4473s
 1728190 149279     cutoff   77       937.38271  906.27882  3.32%   8.4 4478s
 1729915 148628  909.16706   52   22  937.38271  906.39013  3.31%   8.4 4484s
 1731761 148020  929.75828   77   21  937.38271  906.47614  3.30%   8.4 4489s
 1733461 147323     cutoff   63       937.38271  906.57697  3.29%   8.4 4495s
 1735256 146707     cutoff   65       937.38271  906.65715  3.28%   8.4 4500s
 1736862 146041     cutoff   62       937.38271  906.75970  3.27%   8.4 4506s
 1738607 145414  919.24012   63   35  937.38271  906.84604  3.26%   8.4 4511s
 1740219 144781  922.04661   79   28  937.38271  906.95202  3.25%   8.4 4516s
 1741981 144113     cutoff   64       937.38271  907.04686  3.24%   8.4 4522s
 1743648 143539     cutoff   69       937.38271  907.11921  3.23%   8.4 4527s
 1745149 142883     cutoff   62       937.38271  907.22473  3.22%   8.4 4534s
 1746823 142157  919.99873   59    6  937.38271  907.32929  3.21%   8.4 4540s
 1748618 141495 infeasible   70       937.38271  907.43715  3.19%   8.4 4547s
 1750217 140735     cutoff   56       937.38271  907.53253  3.18%   8.4 4554s
 1752026 140025     cutoff   60       937.38271  907.63671  3.17%   8.4 4561s
 1753722 139303     cutoff   58       937.38271  907.74688  3.16%   8.4 4568s
 1755454 138590  934.34252   75   14  937.38271  907.85119  3.15%   8.4 4574s
 1757183 137993  912.27566   68   11  937.38271  907.94580  3.14%   8.4 4580s
 1758910 137375 infeasible   69       937.38271  908.02379  3.13%   8.4 4585s
 1760550 136707     cutoff   70       937.38271  908.12364  3.12%   8.4 4591s
 1762287 136032  931.11841   73   28  937.38271  908.22765  3.11%   8.5 4597s
 1764034 135230     cutoff   63       937.38271  908.32220  3.10%   8.5 4602s
 1765843 134518     cutoff   68       937.38271  908.42937  3.09%   8.5 4608s
 1767583 134249     cutoff   75       937.38271  908.53615  3.08%   8.5 4616s
 1768175 133562  930.56863   68   19  937.38271  908.54372  3.08%   8.5 4621s
 1769785 132774     cutoff   67       937.38271  908.67614  3.06%   8.5 4627s
 1771689 132009 infeasible   82       937.38271  908.77426  3.05%   8.5 4633s
 1773411 131291     cutoff   81       937.38271  908.87564  3.04%   8.5 4638s
 1775191 130524     cutoff   59       937.38271  908.98731  3.03%   8.5 4644s
 1777019 129678  921.11512   74   37  937.38271  909.09782  3.02%   8.5 4649s
 1778758 128953     cutoff   65       937.38271  909.21177  3.01%   8.5 4655s
 1780547 128214     cutoff   53       937.38271  909.29904  3.00%   8.5 4660s
 1782098 127496  932.74740   98    6  937.38271  909.40785  2.98%   8.5 4666s
 1783809 126797  921.65023   77   23  937.38271  909.52974  2.97%   8.5 4672s
H1783927 126797                     937.3826836  909.53086  2.97%   8.5 4672s
 1785478 126032     cutoff   65       937.38268  909.61846  2.96%   8.5 4678s
 1787251 125267  922.55157   57   20  937.38268  909.72898  2.95%   8.5 4683s
 1789060 124505     cutoff   63       937.38268  909.83239  2.94%   8.5 4689s
 1790756 123794     cutoff   75       937.38268  909.93996  2.93%   8.5 4695s
 1792436 123082  916.43914   77   21  937.38268  910.04371  2.92%   8.5 4700s
 1794123 122331  917.65372   45   17  937.38268  910.15404  2.90%   8.5 4706s
 1795814 121572  936.80286   67   10  937.38268  910.25728  2.89%   8.5 4711s
 1797525 120888     cutoff   55       937.38268  910.35268  2.88%   8.5 4717s
 1799059 120189  926.70916   53   36  937.38268  910.43836  2.87%   8.5 4721s
 1800622 119443     cutoff   76       937.38268  910.56172  2.86%   8.5 4727s
 1802311 118593     cutoff   69       937.38268  910.66796  2.85%   8.5 4733s
 1804094 117901  931.45204   64   29  937.38268  910.78516  2.84%   8.5 4738s
 1805770 117100 infeasible   51       937.38268  910.89206  2.83%   8.5 4744s
 1807561 116325     cutoff   75       937.38268  911.00725  2.81%   8.5 4750s
 1809284 115596  932.63157   60   33  937.38268  911.10538  2.80%   8.5 4757s
 1810961 114810     cutoff   49       937.38268  911.21717  2.79%   8.5 4764s
H1811086 114810                     937.3826835  911.21825  2.79%   8.5 4764s
 1812567 114517  929.21780   61   10  937.38268  911.33462  2.78%   8.5 4771s
 1813208 113705     cutoff   74       937.38268  911.35410  2.78%   8.5 4778s
 1814934 112900     cutoff   97       937.38268  911.49251  2.76%   8.5 4785s
 1816554 112056     cutoff   48       937.38268  911.58827  2.75%   8.5 4792s
 1818280 111173  930.92876   67   20  937.38268  911.73338  2.74%   8.5 4799s
 1820119 110312     cutoff   55       937.38268  911.85459  2.72%   8.5 4806s
 1821908 109582     cutoff   61       937.38268  911.96854  2.71%   8.5 4813s
 1823567 108735     cutoff   72       937.38268  912.09384  2.70%   8.5 4820s
 1825275 107874     cutoff   50       937.38268  912.21515  2.68%   8.5 4828s
 1827055 107009     cutoff   50       937.38268  912.34558  2.67%   8.5 4835s
 1828873 106102 infeasible   69       937.38268  912.45865  2.66%   8.5 4843s
 1830625 105777     cutoff   55       937.38268  912.59685  2.64%   8.5 4852s
 1831311 105024  927.53429   64    6  937.38268  912.60520  2.64%   8.5 4858s
 1832895 104226     cutoff   59       937.38268  912.73953  2.63%   8.5 4865s
 1834621 103351  936.43098   45   14  937.38268  912.84493  2.62%   8.5 4872s
 1836352 102395     cutoff   60       937.38268  912.99083  2.60%   8.5 4880s
 1838207 101520     cutoff   69       937.38268  913.12130  2.59%   8.6 4886s
 1839924 100764     cutoff   54       937.38268  913.23420  2.58%   8.6 4892s
 1841525 99942     cutoff   60       937.38268  913.35674  2.56%   8.6 4899s
 1843103 99018     cutoff   66       937.38268  913.47971  2.55%   8.6 4905s
 1844810 98157  914.70247   53   24  937.38268  913.61563  2.54%   8.6 4912s
 1846591 97353 infeasible   61       937.38268  913.73472  2.52%   8.6 4918s
 1848150 96504     cutoff   68       937.38268  913.84082  2.51%   8.6 4925s
 1849782 95643  918.33082   58   14  937.38268  913.95522  2.50%   8.6 4930s
 1851378 94669  929.87174   66    6  937.38268  914.10958  2.48%   8.6 4937s
 1853103 93762  914.32070   50   27  937.38268  914.24154  2.47%   8.6 4944s
 1854697 92858 infeasible   70       937.38268  914.36854  2.46%   8.6 4951s
 1856406 91990 infeasible   62       937.38268  914.47492  2.44%   8.6 4957s
 1857939 91114     cutoff   76       937.38268  914.61415  2.43%   8.6 4963s
 1859643 90232     cutoff   66       937.38268  914.75250  2.41%   8.6 4969s
 1861399 89363 infeasible   66       937.38268  914.87863  2.40%   8.6 4975s
 1863070 88397     cutoff   56       937.38268  915.00156  2.39%   8.6 4980s
 1864798 87482     cutoff   61       937.38268  915.13374  2.37%   8.6 4985s
 1866397 86515     cutoff   46       937.38268  915.27485  2.36%   8.6 4991s
 1868114 85590     cutoff   79       937.38268  915.39857  2.35%   8.6 4996s
 1869776 84557     cutoff   60       937.38268  915.54693  2.33%   8.6 5001s
 1871474 83771  919.38601   67   22  937.38268  915.69092  2.31%   8.6 5007s
 1872943 82894     cutoff   59       937.38268  915.80233  2.30%   8.6 5013s
 1874549 81929     cutoff   66       937.38268  915.92691  2.29%   8.6 5019s
 1876141 80949  919.80647   53   23  937.38268  916.09613  2.27%   8.6 5026s
 1877860 79919     cutoff   58       937.38268  916.23493  2.26%   8.6 5033s
 1879548 78921     cutoff   69       937.38268  916.38682  2.24%   8.6 5039s
 1881124 77974 infeasible   55       937.38268  916.54037  2.22%   8.6 5046s
 1882782 76930  930.66872   71   19  937.38268  916.68931  2.21%   8.6 5053s
 1884509 75955     cutoff   69       937.38268  916.84604  2.19%   8.6 5059s
 1886167 75063 infeasible   52       937.38268  916.99587  2.17%   8.6 5065s
 1887715 74118     cutoff   88       937.38268  917.12631  2.16%   8.6 5071s
 1889293 73144 infeasible   56       937.38268  917.28079  2.14%   8.6 5077s
 1890949 72766  928.33355   68   21  937.38268  917.43128  2.13%   8.6 5085s
 1891585 71826     cutoff   56       937.38268  917.45762  2.13%   8.6 5091s
 1893124 70749     cutoff   82       937.38268  917.64115  2.11%   8.6 5097s
 1894870 69737     cutoff   74       937.38268  917.78668  2.09%   8.6 5103s
 1896506 68688     cutoff   60       937.38268  917.94958  2.07%   8.6 5110s
 1898251 67657     cutoff   68       937.38268  918.09025  2.06%   8.6 5116s
 1899895 66666  924.51909   65    6  937.38268  918.24942  2.04%   8.6 5121s
 1901499 65630     cutoff   72       937.38268  918.42033  2.02%   8.6 5127s
 1903154 64579     cutoff   55       937.38268  918.57997  2.01%   8.6 5132s
 1904771 63451     cutoff   66       937.38268  918.74543  1.99%   8.6 5138s
 1906411 62440  920.06367   54   29  937.38268  918.93632  1.97%   8.6 5143s
 1908089 61390  930.01401   55    9  937.38268  919.09201  1.95%   8.6 5149s
 1909739 60543     cutoff   74       937.38268  919.20518  1.94%   8.7 5154s
 1911093 59546 infeasible   58       937.38268  919.39754  1.92%   8.7 5159s
 1912562 58554     cutoff   48       937.38268  919.53958  1.90%   8.7 5164s
 1914027 57493     cutoff   59       937.38268  919.71816  1.88%   8.7 5169s
 1915541 56440     cutoff   51       937.38268  919.89596  1.87%   8.7 5174s
 1917117 55377 infeasible   63       937.38268  920.07773  1.85%   8.7 5179s
 1918658 54154     cutoff   63       937.38268  920.27671  1.82%   8.7 5185s
 1920323 53048     cutoff   66       937.38268  920.47223  1.80%   8.7 5191s
 1921961 51888     cutoff   54       937.38268  920.67507  1.78%   8.7 5196s
 1923668 50814  934.61533   63   22  937.38268  920.86037  1.76%   8.7 5201s
 1925228 49696     cutoff   69       937.38268  921.06237  1.74%   8.7 5205s
 1926833 48544     cutoff   63       937.38268  921.25927  1.72%   8.7 5211s
 1928486 47514     cutoff   58       937.38268  921.45603  1.70%   8.7 5216s
 1929909 46414     cutoff   67       937.38268  921.65461  1.68%   8.7 5222s
 1931455 45218  923.18354   91   26  937.38268  921.86540  1.66%   8.7 5229s
 1933040 44140  935.70703   71   12  937.38268  922.08118  1.63%   8.7 5236s
 1934512 42996     cutoff   83       937.38268  922.30531  1.61%   8.7 5243s
 1936122 42001     cutoff   79       937.38268  922.49829  1.59%   8.7 5249s
 1937519 40927     cutoff   69       937.38268  922.71605  1.56%   8.7 5255s
 1938958 39763     cutoff   53       937.38268  922.91832  1.54%   8.7 5261s
 1940536 38572     cutoff   68       937.38268  923.16515  1.52%   8.7 5267s
 1942132 38337 infeasible   56       937.38268  923.39125  1.49%   8.7 5277s
 1942454 37267     cutoff   48       937.38268  923.40730  1.49%   8.7 5282s
 1943811 36102     cutoff   59       937.38268  923.65476  1.46%   8.7 5286s
 1945383 35026     cutoff   66       937.38268  923.87247  1.44%   8.7 5290s
 1948374 32702  925.28936   52   10  937.38268  924.38942  1.39%   8.7 5299s
 1949869 31527     cutoff   64       937.38268  924.65074  1.36%   8.7 5303s
 1951375 30328     cutoff   54       937.38268  924.91455  1.33%   8.7 5307s
 1952910 29152     cutoff   59       937.38268  925.20764  1.30%   8.7 5311s
 1954438 28047     cutoff   49       937.38268  925.47033  1.27%   8.7 5315s
 1957274 25643 infeasible   74       937.38268  926.09080  1.20%   8.7 5324s
 1958780 24436     cutoff   67       937.38268  926.41039  1.17%   8.7 5328s
 1960246 23274     cutoff   56       937.38268  926.72098  1.14%   8.7 5333s
 1961640 22029     cutoff   46       937.38268  927.04689  1.10%   8.7 5337s
 1963132 20944     cutoff   58       937.38268  927.40090  1.06%   8.7 5341s
 1964372 19791     cutoff   75       937.38268  927.70539  1.03%   8.7 5345s
 1965706 18529  930.90259   61   12  937.38268  928.06751  0.99%   8.7 5350s
 1968615 16026     cutoff   54       937.38268  928.90373  0.90%   8.7 5358s
 1970002 14745     cutoff   53       937.38268  929.34009  0.86%   8.7 5362s
 1971421 13560     cutoff   45       937.38268  929.78745  0.81%   8.7 5367s
 1972720 12384     cutoff   61       937.38268  930.20764  0.77%   8.7 5370s
 1975388  9768     cutoff   85       937.38268  931.23812  0.66%   8.7 5378s
 1976798  8480     cutoff   53       937.38268  931.82957  0.59%   8.7 5382s
 1978187  7273     cutoff   55       937.38268  932.40692  0.53%   8.7 5385s
 1980754  4637     cutoff   57       937.38268  933.76122  0.39%   8.7 5393s
 1982131  3288 infeasible   56       937.38268  934.48875  0.31%   8.7 5397s
 1983494  1981 infeasible   66       937.38268  934.92398  0.26%   8.7 5400s
 1984808   584     cutoff   67       937.38268  936.05271  0.14%   8.7 5405s

Cutting planes:
  Gomory: 5
  Zero half: 5
  RLT: 5
  Lazy constraints: 3994

Explored 1986793 nodes (17354150 simplex iterations) in 5406.84 seconds
Thread count was 12 (of 12 available processors)

Solution count 4: 937.383 946.227 953.702 1209.3 

Optimal solution found (tolerance 1.00e-04)
Best objective 9.373826835281e+02, best bound 9.373826835281e+02, gap 0.0000%

User-callback calls 4816863, time in user-callback 19.34 sec
/projects/academic/josewalt/caigao/RRARP_BD/BendersDecomp/ret/model_outs/n_18_h_10_algo_4.out
 =====>>>>> Solution is written to file in <../ret/model_outs> !!!
===>> All Done!
