NPROCS=0
This instance is clustered!
Gurobi Optimizer version 9.0.0 build v9.0.0rc2 (linux64)
Optimize a model with 50 rows, 626 columns and 1250 nonzeros
Model fingerprint: 0xe80fc3fa
Variable types: 1 continuous, 625 integer (625 binary)
Coefficient statistics:
  Matrix range     [1e+00, 1e+00]
  Objective range  [1e+00, 6e+02]
  Bounds range     [1e+00, 1e+00]
  RHS range        [1e+00, 1e+00]
Presolve removed 2 rows and 72 columns
Presolve time: 0.01s
Presolved: 48 rows, 554 columns, 1106 nonzeros
Variable types: 1 continuous, 553 integer (553 binary)

Root relaxation: objective 1.406523e+03, 42 iterations, 0.00 seconds

    Nodes    |    Current Node    |     Objective Bounds      |     Work
 Expl Unexpl |  Obj  Depth IntInf | Incumbent    BestBd   Gap | It/Node Time

     0     0 1647.61399    0   16          - 1647.61399      -     -    0s
     0     0 1756.28846    0   16          - 1756.28846      -     -    0s
H    0     0                    2030.7579864 1756.28846  13.5%     -    0s
     0     0 1756.28846    0   16 2030.75799 1756.28846  13.5%     -    0s
     0     0 1770.37048    0   10 2030.75799 1770.37048  12.8%     -    0s
     0     0 1770.87585    0   12 2030.75799 1770.87585  12.8%     -    0s
     0     2 1771.11851    0   53 2030.75799 1771.11851  12.8%     -    0s
  7880  3524 1978.02716   55   25 2030.75799 1849.78903  8.91%   4.7    5s
 14951  7023 2021.63557   51    8 2030.75799 1878.44967  7.50%   4.9   10s
 19320  9389     cutoff   43      2030.75799 1886.39362  7.11%   4.9   15s
 24216 11527     cutoff   45      2030.75799 1895.24744  6.67%   5.0   20s
 27052 12785 2026.32750   44   14 2030.75799 1899.29036  6.47%   5.0   25s
 29844 13902     cutoff   39      2030.75799 1903.20056  6.28%   5.0   30s
 32877 15018     cutoff   46      2030.75799 1906.51319  6.12%   5.1   35s
 35149 15676 1970.43464   26   16 2030.75799 1908.69006  6.01%   5.1   42s
 35156 15681 1963.50035   29   52 2030.75799 1908.69006  6.01%   5.1   46s
 35161 15689 1908.69006   28   45 2030.75799 1908.69006  6.01%   5.1   50s
 35284 15765 1976.09642   35    - 2030.75799 1908.69006  6.01%   5.1   55s
 35527 15823 1938.32488   47   12 2030.75799 1908.69006  6.01%   5.1   60s
 36792 16160 1908.69006   81   23 2030.75799 1908.69006  6.01%   5.1   65s
 38312 16590 1942.93731   39    - 2030.75799 1908.69006  6.01%   5.1   70s
 39998 17075     cutoff   71      2030.75799 1908.69006  6.01%   5.1   75s
 42438 17548 1947.59045   41    9 2030.75799 1908.69006  6.01%   5.1   80s
 44272 18111     cutoff   69      2030.75799 1908.69006  6.01%   5.1   85s
 46720 18799 1943.50748   57   21 2030.75799 1908.69006  6.01%   5.0   90s
 48293 18876 1908.81081   36   17 2030.75799 1908.69006  6.01%   5.0   95s
 49792 19088 2027.09695   63    9 2030.75799 1908.69006  6.01%   5.0  100s
 51879 19650     cutoff   51      2030.75799 1908.69006  6.01%   5.0  106s
 53360 19970     cutoff   57      2030.75799 1908.69006  6.01%   5.0  110s
H54815 19537                    2030.7579787 1908.69006  6.01%   5.0  114s
 55678 19475 infeasible   65      2030.75798 1908.69006  6.01%   5.0  116s
 57173 19738     cutoff   53      2030.75798 1908.69006  6.01%   5.0  120s
 58451 19970     cutoff   57      2030.75798 1908.69006  6.01%   5.0  125s
 60314 20229 2001.70420   95   18 2030.75798 1908.69006  6.01%   5.0  130s
 61992 20298 1973.68314   39    6 2030.75798 1908.69006  6.01%   5.0  136s
 63714 20533 2002.91906   62   18 2030.75798 1910.30105  5.93%   5.0  142s
 64816 20615     cutoff   55      2030.75798 1911.26589  5.88%   5.0  145s
 66884 20827     cutoff   56      2030.75798 1913.69337  5.76%   5.0  153s
 67796 21058     cutoff   66      2030.75798 1914.62361  5.72%   5.0  156s
 70088 21292     cutoff   72      2030.75798 1916.60988  5.62%   5.0  163s
 71238 21346 1984.14127   41    6 2030.75798 1917.76373  5.56%   5.0  166s
 72329 21355 2020.36790   46    9 2030.75798 1918.64064  5.52%   5.0  170s
 74201 21602 1972.02516   54   14 2030.75798 1920.49889  5.43%   5.0  178s
 75387 21636 1996.97419   55   16 2030.75798 1921.41161  5.38%   5.0  181s
 76676 21549     cutoff   62      2030.75798 1922.55831  5.33%   5.1  185s
 77927 21875     cutoff   57      2030.75798 1923.90559  5.26%   5.1  192s
 78982 21938     cutoff   67      2030.75798 1924.71289  5.22%   5.1  196s
 80135 22045     cutoff   57      2030.75798 1925.65428  5.18%   5.1  201s
 81279 22395 1960.27151   37    9 2030.75798 1926.37709  5.14%   5.1  205s
 82304 22781     cutoff   60      2030.75798 1927.26944  5.10%   5.1  210s
 84401 23414 1963.00987   57   16 2030.75798 1928.92280  5.01%   5.1  218s
 85165 23627     cutoff   67      2030.75798 1929.48076  4.99%   5.1  222s
 86203 23959     cutoff   58      2030.75798 1930.21102  4.95%   5.1  227s
 87186 24265     cutoff   54      2030.75798 1931.02791  4.91%   5.1  232s
 88340 24591     cutoff   61      2030.75798 1931.82020  4.87%   5.1  237s
 89356 24943     cutoff   62      2030.75798 1932.79244  4.82%   5.1  241s
 90489 25218 2014.51946   59   14 2030.75798 1933.26632  4.80%   5.1  246s
 91213 25499     cutoff   50      2030.75798 1933.80865  4.77%   5.1  250s
 92259 25668     cutoff   70      2030.75798 1934.20395  4.75%   5.1  255s
 93096 25873 1955.86434   57   23 2030.75798 1935.44902  4.69%   5.1  260s
 93891 26132 1974.40304   47    6 2030.75798 1935.72509  4.68%   5.1  266s
 95089 26354 2021.58715   65    8 2030.75798 1936.72376  4.63%   5.1  271s
 95906 26625 1955.61710   62    9 2030.75798 1937.21328  4.61%   5.1  276s
 97061 26901     cutoff   80      2030.75798 1937.87773  4.57%   5.1  281s
 98143 27153     cutoff   62      2030.75798 1938.83174  4.53%   5.2  286s
 99281 27455     cutoff   62      2030.75798 1939.49875  4.49%   5.2  291s
 100428 27769 2008.58427   72    6 2030.75798 1940.11584  4.46%   5.2  297s
 101470 28049     cutoff   73      2030.75798 1940.76232  4.43%   5.2  302s
 102227 28258     cutoff   52      2030.75798 1941.14768  4.41%   5.2  307s
 103110 28562     cutoff   47      2030.75798 1941.79545  4.38%   5.2  313s
 104332 28835     cutoff   75      2030.75798 1942.44316  4.35%   5.2  321s
 105418 29097 2025.03317   60    6 2030.75798 1943.22111  4.31%   5.2  326s
 106330 29315 infeasible   61      2030.75798 1943.77193  4.28%   5.2  332s
 107289 29561     cutoff   60      2030.75798 1944.31075  4.26%   5.2  337s
 108437 29778     cutoff   58      2030.75798 1945.02073  4.22%   5.2  344s
 109597 29934 2007.30784   55   33 2030.75798 1945.75406  4.19%   5.2  350s
 110525 30248     cutoff   45      2030.75798 1946.21352  4.16%   5.2  357s
 111795 30432     cutoff   56      2030.75798 1946.93805  4.13%   5.2  363s
 112617 30608     cutoff   53      2030.75798 1947.58783  4.10%   5.2  370s
 113608 30822     cutoff   55      2030.75798 1947.89981  4.08%   5.2  377s
 114817 31046     cutoff   62      2030.75798 1947.97720  4.08%   5.2  384s
 116069 31199     cutoff   63      2030.75798 1949.18803  4.02%   5.2  390s
 116778 31248     cutoff   47      2030.75798 1949.58073  4.00%   5.2  396s
 117703 31480     cutoff   64      2030.75798 1950.47571  3.95%   5.3  404s
 119017 31658 infeasible   60      2030.75798 1951.10733  3.92%   5.3  412s
 120153 31855     cutoff   58      2030.75798 1951.56001  3.90%   5.3  420s
 121172 32018     cutoff   67      2030.75798 1952.25910  3.87%   5.3  427s
 122301 32237     cutoff   56      2030.75798 1952.88228  3.83%   5.3  435s
 123582 32425     cutoff   56      2030.75798 1953.41965  3.81%   5.3  442s
 124512 32459     cutoff   61      2030.75798 1953.93846  3.78%   5.3  449s
 125466 32543 2027.40379   51    9 2030.75798 1954.41587  3.76%   5.3  456s
 126672 32663 1964.97584   58    6 2030.75798 1955.20554  3.72%   5.3  463s
 127349 32691 1986.82631   39    9 2030.75798 1955.62522  3.70%   5.3  472s
 128344 32705 2015.40727   57    9 2030.75798 1956.01725  3.68%   5.3  481s
 129333 32791     cutoff   51      2030.75798 1956.78242  3.64%   5.3  490s
 130380 32852 2006.02510   62   13 2030.75798 1957.25406  3.62%   5.3  500s
 131549 33013     cutoff   64      2030.75798 1957.81522  3.59%   5.3  509s
 132518 33072     cutoff   81      2030.75798 1958.36277  3.56%   5.3  519s
 133684 33198 2016.11435   43    6 2030.75798 1958.96179  3.54%   5.3  527s
 134885 33312     cutoff   48      2030.75798 1959.56835  3.51%   5.3  535s
 135936 33323     cutoff   60      2030.75798 1960.01205  3.48%   5.4  543s
 137087 33345 infeasible   62      2030.75798 1960.40236  3.46%   5.4  552s
 138237 33477     cutoff   54      2030.75798 1961.20544  3.42%   5.4  561s
 139321 33488     cutoff   60      2030.75798 1961.71537  3.40%   5.4  570s
 140496 33534 1998.44982   48    9 2030.75798 1962.29504  3.37%   5.4  579s
 141493 33640 infeasible   54      2030.75798 1962.87421  3.34%   5.4  588s
 142081 33629     cutoff   53      2030.75798 1963.03892  3.33%   5.4  598s
 143182 33688 infeasible   58      2030.75798 1963.70421  3.30%   5.4  606s
 143786 33628 2023.94409   45    6 2030.75798 1963.91372  3.29%   5.4  617s
 144870 33677 1978.61606   63   18 2030.75798 1964.38576  3.27%   5.4  627s
 145926 33611 2012.61307   68   15 2030.75798 1964.94080  3.24%   5.4  639s
 147102 33564     cutoff   65      2030.75798 1965.58874  3.21%   5.4  649s
 148342 33519 infeasible   53      2030.75798 1965.84144  3.20%   5.4  659s
 149373 33560 2027.54574   72    6 2030.75798 1966.60407  3.16%   5.4  668s
 150461 33528 1998.27785   37   18 2030.75798 1967.19945  3.13%   5.4  680s
 151611 33569     cutoff   56      2030.75798 1967.85174  3.10%   5.4  691s
 152908 33484     cutoff   55      2030.75798 1968.48203  3.07%   5.4  701s
 154008 33445     cutoff   68      2030.75798 1968.90154  3.05%   5.5  711s
 155167 33469     cutoff   54      2030.75798 1969.45593  3.02%   5.5  721s
 156251 33361 2030.65747   51    - 2030.75798 1969.95802  2.99%   5.5  731s
 157455 33273     cutoff   60      2030.75798 1970.55074  2.96%   5.5  742s
 158545 33193     cutoff   58      2030.75798 1971.08986  2.94%   5.5  752s
 159661 33278     cutoff   66      2030.75798 1971.56601  2.91%   5.5  763s
 160211 33054     cutoff   56      2030.75798 1971.78360  2.90%   5.5  773s
 161340 32968     cutoff   58      2030.75798 1972.29204  2.88%   5.5  783s
 162447 32916     cutoff   54      2030.75798 1972.54498  2.87%   5.5  796s
 163640 32868 2028.67730   53    8 2030.75798 1973.04540  2.84%   5.5  807s
 164754 32740 2018.61946   55   14 2030.75798 1973.92033  2.80%   5.5  818s
 165910 32571 infeasible   57      2030.75798 1974.20174  2.78%   5.5  828s
 167047 32411 infeasible   59      2030.75798 1975.00047  2.75%   5.5  839s
 168176 32242 2012.29350   39   12 2030.75798 1975.15537  2.74%   5.5  849s
 169306 32140 infeasible   57      2030.75798 1975.83281  2.70%   5.5  862s
 170430 31912     cutoff   57      2030.75798 1976.59559  2.67%   5.5  873s
 171593 31731 2006.21444   51    6 2030.75798 1977.15045  2.64%   5.5  883s
 172684 31577     cutoff   63      2030.75798 1977.74719  2.61%   5.5  894s
 173826 31399     cutoff   58      2030.75798 1978.04030  2.60%   5.6  905s
 174948 31190     cutoff   59      2030.75798 1978.90925  2.55%   5.6  916s
 176067 31018 2009.69012   61   12 2030.75798 1979.61452  2.52%   5.6  928s
 177285 30824     cutoff   64      2030.75798 1980.15523  2.49%   5.6  939s
 178436 30566 2020.58935   40   13 2030.75798 1980.69884  2.47%   5.6  951s
 179574 30402 2004.96703   65    6 2030.75798 1980.82884  2.46%   5.6  967s
 180661 30110     cutoff   66      2030.75798 1981.79009  2.41%   5.6  980s
 181828 29853     cutoff   60      2030.75798 1982.12741  2.39%   5.6  993s
 182984 29625 1998.60036   37    8 2030.75798 1982.98560  2.35%   5.6 1006s
 184180 29343 infeasible   55      2030.75798 1983.44107  2.33%   5.6 1017s
 185310 29068 infeasible   69      2030.75798 1983.58718  2.32%   5.6 1029s
H186459 28842                    2030.7579712 1984.57253  2.27%   5.6 1041s
 187607 28724     cutoff   65      2030.75797 1985.33468  2.24%   5.6 1054s
 188164 28785 2029.27696   57    6 2030.75797 1985.43108  2.23%   5.6 1055s
 188240 28368 infeasible   61      2030.75797 1985.66369  2.22%   5.6 1069s
 189427 28106     cutoff   54      2030.75797 1985.94677  2.21%   5.6 1084s
 190596 27775     cutoff   61      2030.75797 1986.74988  2.17%   5.6 1098s
 191794 27438     cutoff   74      2030.75797 1987.35598  2.14%   5.6 1111s
 193005 27092     cutoff   54      2030.75797 1988.00489  2.11%   5.6 1123s
 194147 26768     cutoff   53      2030.75797 1988.50800  2.08%   5.6 1135s
 195331 26383     cutoff   62      2030.75797 1988.81093  2.07%   5.6 1149s
 196486 26076     cutoff   50      2030.75797 1989.57547  2.03%   5.6 1162s
 197659 25708 infeasible   70      2030.75797 1990.36450  1.99%   5.6 1175s
 198827 25319 infeasible   70      2030.75797 1990.83102  1.97%   5.6 1187s
 199978 24899 2017.03307   57    6 2030.75797 1991.51076  1.93%   5.6 1200s
 201133 24451 2018.18313   58   10 2030.75797 1992.52689  1.88%   5.7 1213s
 202317 24067 infeasible   61      2030.75797 1992.73118  1.87%   5.7 1227s
H203357 24195                    2030.7579636 1993.37794  1.84%   5.7 1227s
 203446 23916 infeasible   60      2030.75796 1993.65018  1.83%   5.7 1243s
 204063 23383 infeasible   57      2030.75796 1994.06547  1.81%   5.7 1258s
 205242 22927 infeasible   61      2030.75796 1994.38371  1.79%   5.7 1272s
 206434 22491     cutoff   59      2030.75796 1995.24292  1.75%   5.7 1286s
 207637 21994     cutoff   55      2030.75796 1995.72855  1.72%   5.7 1299s
 208323 22075     cutoff   62      2030.75796 1995.72855  1.72%   5.7 1300s
 208809 21458     cutoff   48      2030.75796 1997.14806  1.66%   5.7 1314s
 210023 20960     cutoff   68      2030.75796 1997.20827  1.65%   5.7 1330s
 211172 20471 infeasible   52      2030.75796 1998.57987  1.58%   5.7 1345s
 212342 19984 2005.63468   66    6 2030.75796 1999.05672  1.56%   5.7 1364s
 213499 19442     cutoff   68      2030.75796 1999.84354  1.52%   5.7 1379s
 214694 18955 2019.68326   59   12 2030.75796 2000.59818  1.49%   5.7 1393s
 215903 18396 2028.05222   60   11 2030.75796 2001.76382  1.43%   5.7 1408s
 217086 18193 infeasible   57      2030.75796 2002.47222  1.39%   5.7 1424s
 217714 17537 2010.73098   43    - 2030.75796 2002.87126  1.37%   5.7 1439s
 218925 16937     cutoff   73      2030.75796 2003.52533  1.34%   5.7 1455s
 220125 16337 2026.36807   57    6 2030.75796 2004.31981  1.30%   5.7 1471s
 221349 15726 infeasible   58      2030.75796 2005.70252  1.23%   5.7 1489s
 222537 15073     cutoff   53      2030.75796 2007.12470  1.16%   5.7 1507s
 223787 14428 infeasible   53      2030.75796 2007.32440  1.15%   5.7 1521s
 224986 13801     cutoff   73      2030.75796 2008.31842  1.10%   5.7 1537s
 226193 13148     cutoff   53      2030.75796 2009.30833  1.06%   5.7 1556s
 227398 12428 infeasible   79      2030.75796 2011.38291  0.95%   5.7 1571s
 228588 11701     cutoff   56      2030.75796 2011.48780  0.95%   5.7 1585s
 229740 10931 infeasible   54      2030.75796 2013.02235  0.87%   5.7 1599s
 230949 10144 infeasible   50      2030.75796 2014.20631  0.82%   5.7 1614s
 232142  9330 infeasible   44      2030.75796 2015.60189  0.75%   5.7 1628s
 233331  8842 infeasible   49      2030.75796 2016.89515  0.68%   5.7 1643s
H233521  8860                    2030.7579563 2016.93691  0.68%   5.7 1643s
H233706  8871                    2030.7576015 2016.93691  0.68%   5.7 1643s
 234039  7874 infeasible   47      2030.75760 2018.24725  0.62%   5.7 1657s
 235261  6914 2028.85192   50    9 2030.75760 2018.80048  0.59%   5.7 1673s
 236476  5923 infeasible   54      2030.75760 2020.23779  0.52%   5.7 1688s
 237707  4933     cutoff   48      2030.75760 2021.75993  0.44%   5.7 1703s
 238946  3908 infeasible   43      2030.75760 2023.28806  0.37%   5.7 1718s
 240141  2841     cutoff   63      2030.75760 2024.68051  0.30%   5.7 1732s
 241338  1695 infeasible   53      2030.75760 2026.24228  0.22%   5.7 1745s
 242561   851 infeasible   43      2030.75760 2027.25298  0.17%   5.7 1759s
 243445     0     cutoff   52      2030.75760 2028.89414  0.09%   5.7 1768s

Cutting planes:
  Gomory: 4
  RLT: 2
  Lazy constraints: 20816

Explored 244322 nodes (1383379 simplex iterations) in 1769.16 seconds
Thread count was 12 (of 12 available processors)

Solution count 1: 2030.76 

Optimal solution found (tolerance 1.00e-04)
Best objective 2.030757601500e+03, best bound 2.030757601500e+03, gap 0.0000%

User-callback calls 741185, time in user-callback 3.71 sec
/projects/academic/josewalt/caigao/RRARP_BD/BendersDecomp/ret/model_outs/n_23_e_10_algo_2.out
 =====>>>>> Solution is written to file in <../ret/model_outs> !!!
===>> All Done!
