NPROCS=0
This instance is clustered!
Gurobi Optimizer version 9.0.0 build v9.0.0rc2 (linux64)
Optimize a model with 18 rows, 82 columns and 162 nonzeros
Model fingerprint: 0xb5e0d794
Variable types: 1 continuous, 81 integer (81 binary)
Coefficient statistics:
  Matrix range     [1e+00, 1e+00]
  Objective range  [8e-01, 8e+00]
  Bounds range     [1e+00, 1e+00]
  RHS range        [1e+00, 1e+00]
Presolve removed 2 rows and 24 columns
Presolve time: 0.00s
Presolved: 16 rows, 58 columns, 114 nonzeros
Variable types: 1 continuous, 57 integer (57 binary)

Root relaxation: objective 1.410293e+01, 18 iterations, 0.00 seconds

    Nodes    |    Current Node    |     Objective Bounds      |     Work
 Expl Unexpl |  Obj  Depth IntInf | Incumbent    BestBd   Gap | It/Node Time

     0     0   14.10293    0    8          -   14.10293      -     -    0s
H    0     0                      37.8009161   14.10293  62.7%     -    0s
H    0     0                      36.5601634   14.10293  61.4%     -    0s
H    0     0                      35.0779027   14.10293  59.8%     -    0s
     0     0   15.96568    0    8   35.07790   15.96568  54.5%     -    0s
H    0     0                      32.5304885   15.96568  50.9%     -    0s
     0     0   16.21632    0   10   32.53049   16.21632  50.2%     -    0s
     0     0   16.21632    0   10   32.53049   16.21632  50.2%     -    0s
     0     2   16.63734    0   10   32.53049   16.63734  48.9%     -    0s
   341   125 infeasible   11        32.53049   17.26469  46.9%   2.3   21s
   695   208   20.24409    6    8   32.53049   18.29164  43.8%   2.2   41s
  1007   299 infeasible   14        32.53049   19.55543  39.9%   2.2   59s
  1183   334   26.82274   14    -   32.53049   20.72048  36.3%   2.2   71s
  1423   400   27.94079   14    -   32.53049   21.04859  35.3%   2.2   86s
  1711   464 infeasible   15        32.53049   21.48411  34.0%   2.1  101s
  2048   548 infeasible   15        32.53049   21.73101  33.2%   2.1  121s
  2328   606 infeasible   15        32.53049   22.06499  32.2%   2.1  136s
  2566   671   29.80888   14    6   32.53049   22.64448  30.4%   2.1  150s
  2778   725   30.69460   15    6   32.53049   23.13832  28.9%   2.1  162s
  2864   710 infeasible   16        32.53049   23.18110  28.7%   2.1  167s
  3072   746   26.98955   14    6   32.53049   23.36961  28.2%   2.1  180s
  3256   772   27.86384   12    8   32.53049   23.67461  27.2%   2.1  191s
  3433   804 infeasible   17        32.53049   23.78793  26.9%   2.1  202s
  3604   834   31.92248   18    6   32.53049   23.86602  26.6%   2.1  212s
  3771   877 infeasible   19        32.53049   24.03867  26.1%   2.0  222s
  3925   883 infeasible   19        32.53049   24.12425  25.8%   2.0  230s
  4074   902 infeasible   16        32.53049   24.19075  25.6%   2.0  239s
  4205   907   27.30430   11    8   32.53049   24.30231  25.3%   2.0  246s
  4346   932   26.66818   17   10   32.53049   24.42792  24.9%   2.0  256s
  4482   965     cutoff   20        32.53049   24.53014  24.6%   2.0  264s
  4523   949   29.54583   21    -   32.53049   24.54498  24.5%   2.0  267s
  4652   959 infeasible   21        32.53049   24.66184  24.2%   2.0  274s
  4772   958   27.16472   16    6   32.53049   24.71719  24.0%   2.0  280s
  4903   973   24.80186   17    6   32.53049   24.80186  23.8%   2.0  288s
  5028   990   26.98545   18    8   32.53049   24.88774  23.5%   2.0  294s
  5152   983 infeasible   19        32.53049   25.04589  23.0%   2.0  301s
  5271  1005   31.14043   15    -   32.53049   25.05737  23.0%   2.0  309s
  5387  1012   26.60392   14    6   32.53049   25.21690  22.5%   2.0  315s
  5501  1034 infeasible   16        32.53049   25.24932  22.4%   2.0  322s
  5611  1033 infeasible   16        32.53049   25.31226  22.2%   2.0  328s
  5722  1039   27.96476   16    8   32.53049   25.47478  21.7%   2.0  335s
  5819  1054 infeasible   14        32.53049   25.55259  21.5%   2.0  341s
  5922  1058   27.13257   16    -   32.53049   25.62260  21.2%   2.0  346s
  6029  1067   29.46754   17    6   32.53049   25.72841  20.9%   2.0  351s
  6137  1053 infeasible   18        32.53049   25.72841  20.9%   2.0  357s
  6251  1058 infeasible   15        32.53049   25.85578  20.5%   2.0  364s
  6368  1058   28.41791   15   10   32.53049   25.90765  20.4%   2.0  371s
  6487  1052   27.34969   17    9   32.53049   26.02821  20.0%   2.0  377s
  6608  1054 infeasible   18        32.53049   26.14981  19.6%   2.0  384s
  6727  1054   27.51848   20   10   32.53049   26.16960  19.6%   2.0  391s
  6853  1056   30.43588   21   10   32.53049   26.24628  19.3%   2.0  398s
  6980  1059 infeasible   23        32.53049   26.24656  19.3%   2.0  403s
  7088  1059   29.53425   14    6   32.53049   26.47379  18.6%   2.0  410s
  7217  1040 infeasible   17        32.53049   26.51175  18.5%   2.0  416s
  7347  1045   28.83113   15   11   32.53049   26.57504  18.3%   2.0  425s
  7486  1048   28.69476   18    6   32.53049   26.69267  17.9%   2.0  433s
  7638  1052 infeasible   23        32.53049   26.79395  17.6%   1.9  441s
  7777  1031 infeasible   23        32.53049   26.89168  17.3%   1.9  449s
  7921  1017 infeasible   22        32.53049   27.00253  17.0%   1.9  456s
  8071  1018   32.07953   15    8   32.53049   27.11707  16.6%   1.9  466s
  8226  1012     cutoff   16        32.53049   27.24670  16.2%   1.9  476s
  8378   987   31.20176   16    8   32.53049   27.39804  15.8%   1.9  483s
  8530   972   30.72355   19    6   32.53049   27.51556  15.4%   1.9  493s
  8677   949 infeasible   20        32.53049   27.51663  15.4%   1.9  502s
  8841   932 infeasible   16        32.53049   27.71040  14.8%   1.9  510s
  8996   893 infeasible   14        32.53049   27.98911  14.0%   1.9  518s
  9162   871   32.32484   18    6   32.53049   28.08244  13.7%   1.9  528s
  9335   830 infeasible   20        32.53049   28.33234  12.9%   1.9  537s
  9516   804 infeasible   20        32.53049   28.46104  12.5%   1.9  548s
  9670   745     cutoff   18        32.53049   28.61591  12.0%   1.9  555s
  9843   678   30.47429   17    6   32.53049   28.80414  11.5%   1.9  563s
 10040   620 infeasible   19        32.53049   28.98745  10.9%   1.9  573s
 10237   582   29.46491   17    6   32.53049   29.36167  9.74%   1.9  583s
 10430   492     cutoff   19        32.53049   29.56507  9.12%   1.9  592s
 10631   400 infeasible   22        32.53049   29.88537  8.13%   1.9  601s
 10831   291   31.40573   19    -   32.53049   30.04581  7.64%   1.8  610s
 11034   150 infeasible   19        32.53049   30.58101  5.99%   1.8  616s
 11247     0 infeasible   18        32.53049   31.07920  4.46%   1.8  621s

Cutting planes:
  Gomory: 2
  Lazy constraints: 3918

Explored 11447 nodes (20775 simplex iterations) in 624.55 seconds
Thread count was 12 (of 12 available processors)

Solution count 4: 32.5305 35.0779 36.5602 37.8009 

Optimal solution found (tolerance 1.00e-04)
Best objective 3.253048851614e+01, best bound 3.253048851614e+01, gap 0.0000%

User-callback calls 27544, time in user-callback 621.01 sec
---> instance_name: n_7_h_9.dat
---> algo_index: 1
---> obj_value: 32.5305
---> total_time: 624.63
---> total_time_gurobi: 624.555
---> total_nb_benders_cuts: 3803
---> total_nb_subtour_cuts: 120
---> total_nb_user_cuts: 0
---> GRB_IntAttr_Status: 2
---> optimality_gap: 0
---> node_count: 11447
 =====>>>>> Solution is written to file in <../ret/model_outs> !!!
===>> All Done!
