NPROCS=0
This instance is clustered!
Gurobi Optimizer version 9.0.0 build v9.0.0rc2 (linux64)
Optimize a model with 16 rows, 65 columns and 128 nonzeros
Model fingerprint: 0x86084f72
Variable types: 1 continuous, 64 integer (64 binary)
Coefficient statistics:
  Matrix range     [1e+00, 1e+00]
  Objective range  [1e+00, 2e+01]
  Bounds range     [1e+00, 1e+00]
  RHS range        [1e+00, 1e+00]
Presolve removed 2 rows and 21 columns
Presolve time: 0.00s
Presolved: 14 rows, 44 columns, 86 nonzeros
Variable types: 1 continuous, 43 integer (43 binary)

Root relaxation: objective 2.619203e+01, 12 iterations, 0.00 seconds

    Nodes    |    Current Node    |     Objective Bounds      |     Work
 Expl Unexpl |  Obj  Depth IntInf | Incumbent    BestBd   Gap | It/Node Time

     0     0   27.57984    0    6          -   27.57984      -     -    0s
H    0     0                      38.0880046   27.57984  27.6%     -    0s
     0     0   29.18916    0    9   38.08800   29.18916  23.4%     -    0s
     0     0   29.18916    0    9   38.08800   29.18916  23.4%     -    0s
     0     2   29.18916    0    9   38.08800   29.18916  23.4%     -    0s

Cutting planes:
  Gomory: 1
  Lazy constraints: 20

Explored 39 nodes (107 simplex iterations) in 1.10 seconds
Thread count was 12 (of 12 available processors)

Solution count 1: 38.088 

Optimal solution found (tolerance 1.00e-04)
Best objective 3.808800462282e+01, best bound 3.808800462282e+01, gap 0.0000%

User-callback calls 173, time in user-callback 1.02 sec
---> instance_name: n_6_e_7.dat
---> algo_index: 1
---> obj_value: 38.088
---> total_time: 1.19672
---> total_time_gurobi: 1.09805
---> total_nb_benders_cuts: 13
---> total_nb_subtour_cuts: 9
---> total_nb_user_cuts: 0
---> GRB_IntAttr_Status: 2
---> optimality_gap: 0
---> node_count: 39
 =====>>>>> Solution is written to file in <../ret/model_outs> !!!
===>> All Done!
