NPROCS=0
This instance is clustered!
Gurobi Optimizer version 9.0.0 build v9.0.0rc2 (linux64)
Optimize a model with 48 rows, 577 columns and 1152 nonzeros
Model fingerprint: 0x2ad38c97
Variable types: 1 continuous, 576 integer (576 binary)
Coefficient statistics:
  Matrix range     [1e+00, 1e+00]
  Objective range  [1e+00, 5e+02]
  Bounds range     [1e+00, 1e+00]
  RHS range        [1e+00, 1e+00]
Presolve removed 2 rows and 69 columns
Presolve time: 0.01s
Presolved: 46 rows, 508 columns, 1014 nonzeros
Variable types: 1 continuous, 507 integer (507 binary)

Root relaxation: objective 5.452284e+02, 30 iterations, 0.00 seconds

    Nodes    |    Current Node    |     Objective Bounds      |     Work
 Expl Unexpl |  Obj  Depth IntInf | Incumbent    BestBd   Gap | It/Node Time

     0     0  705.08020    0   14          -  705.08020      -     -    0s
     0     0  835.15712    0   32          -  835.15712      -     -    0s
 done with super cut 0
     0     2  918.29324    0   43          -  918.29324      -     -    0s
 done with super cut 1
 done with super cut 2
 done with super cut 3
    12    20  940.37599    3   26          -  940.23012      -  13.1    5s
 done with super cut 4
 done with super cut 5
 done with super cut 6
    94   106 1013.40472    9   29          -  945.07288      -   9.5   16s
 done with super cut 7
 done with super cut 8
   190   196 1122.37987   17    6          -  945.07288      -   9.1   26s
 done with super cut 9
 done with super cut 10
   328   364 1076.75380   26   30          -  945.07288      -   8.0   39s
H 2116  1761                    2385.7245383  965.31247  59.5%   6.7   39s
H 2117  1673                    1439.6030547  965.31247  32.9%   6.7   40s
 12548  7748 1266.56303   85   14 1439.60305 1029.36961  28.5%   7.1   45s
 18994 12255 1275.08053   49   23 1439.60305 1039.15911  27.8%   7.5   50s
 32916 23274     cutoff   60      1439.60305 1052.80626  26.9%   6.9   55s
 40906 29426 1428.64330   97    8 1439.60305 1058.83204  26.4%   7.0   60s
 50349 36617 1343.83991   72   11 1439.60305 1063.87242  26.1%   6.9   65s
 57376 42308     cutoff   99      1439.60305 1067.13751  25.9%   6.8   70s
 62837 46164 1433.71985  114   22 1439.60305 1069.18471  25.7%   6.9   75s
 68477 50419 1227.42496   69   34 1439.60305 1071.11980  25.6%   6.9   80s
 72757 53752 1291.43826   75   10 1439.60305 1072.47122  25.5%   6.8   85s
 73760 53797 1235.31516   87   32 1439.60305 1072.67110  25.5%   6.8  143s
 73762 53798 1288.64743   56   51 1439.60305 1072.67110  25.5%   6.8  145s
 73769 53803 1288.05831   45   66 1439.60305 1072.67110  25.5%   6.8  152s
 73771 53804 1206.80321   74   67 1439.60305 1072.67110  25.5%   6.8  155s
 73775 53807 1094.97318   52   68 1439.60305 1072.67110  25.5%   6.8  160s
 73802 53837 1072.67110   32   50 1439.60305 1072.67110  25.5%   6.8  166s
 74246 54055 1239.94990   48   23 1439.60305 1072.67110  25.5%   6.9  170s
 76300 54953 1123.08345   37   44 1439.60305 1072.67110  25.5%   6.9  175s
 79736 56474     cutoff  108      1439.60305 1072.67110  25.5%   6.8  180s
 84225 58996     cutoff   96      1439.60305 1072.67110  25.5%   6.8  185s
 87037 59880     cutoff  134      1439.60305 1072.67110  25.5%   6.8  192s
 88869 61271 1432.83851  131    - 1439.60305 1072.67110  25.5%   6.8  195s
 92503 63113 1150.22390   41   27 1439.60305 1072.67110  25.5%   6.8  203s
 93280 63656 1263.02157   83    6 1439.60305 1072.67110  25.5%   6.8  205s
 98642 66285     cutoff   93      1439.60305 1072.67110  25.5%   6.7  211s
 101927 67722 infeasible   96      1439.60305 1072.67110  25.5%   6.7  215s
 105122 69619 1436.13367  120    - 1439.60305 1072.67110  25.5%   6.7  220s
 108549 70839 1425.29984   80    6 1439.60305 1072.67110  25.5%   6.7  225s
 111936 72206     cutoff   53      1439.60305 1072.67110  25.5%   6.7  230s
 115253 74015 1202.21280   86   28 1439.60305 1072.67110  25.5%   6.7  235s
 119066 75544     cutoff  111      1439.60305 1073.14707  25.5%   6.7  240s
 123374 77839 1346.38442   89   10 1439.60305 1074.97268  25.3%   6.7  246s
 125678 79063 1120.64669   79   46 1439.60305 1075.86708  25.3%   6.7  250s
 128943 80501 1293.33593   85   27 1439.60305 1076.72683  25.2%   6.7  255s
 132785 81719     cutoff  119      1439.60305 1078.58863  25.1%   6.7  260s
 135665 82545     cutoff   63      1439.60305 1079.77159  25.0%   6.8  266s
 137547 83636     cutoff   85      1439.60305 1080.67253  24.9%   6.8  270s
 139909 85017     cutoff  129      1439.60305 1081.58067  24.9%   6.8  276s
 142625 86204 1204.02402   60   20 1439.60305 1082.45583  24.8%   6.7  281s
 145072 87334 1149.44541   83   22 1439.60305 1083.10860  24.8%   6.7  286s
 147339 88556 1323.59923   66   21 1439.60305 1083.83717  24.7%   6.7  292s
 149739 89512     cutoff   95      1439.60305 1084.36732  24.7%   6.7  297s
 152080 90323 1201.95625   65   21 1439.60305 1085.02576  24.6%   6.7  302s
 152950 90935     cutoff  100      1439.60305 1085.23879  24.6%   6.7  305s
 155280 92119 infeasible   76      1439.60305 1085.98212  24.6%   6.7  310s
 157881 93582 1192.95108  100   44 1439.60305 1086.66011  24.5%   6.7  315s
 161632 95007     cutoff   83      1439.60305 1087.37588  24.5%   6.7  322s
 163782 96074     cutoff  101      1439.60305 1087.89699  24.4%   6.7  327s
 166139 96703     cutoff  100      1439.60305 1088.53993  24.4%   6.7  331s
 167796 97322     cutoff   60      1439.60305 1089.11759  24.3%   6.7  336s
 170034 98657 1436.07919   77   18 1439.60305 1089.44116  24.3%   6.7  340s
 172698 99392     cutoff   98      1439.60305 1089.87776  24.3%   6.7  348s
 173483 99868     cutoff   79      1439.60305 1090.04111  24.3%   6.7  351s
 175431 100594 1252.48266   65   22 1439.60305 1090.44299  24.3%   6.7  356s
 177632 101986 infeasible  107      1439.60305 1090.90158  24.2%   6.7  360s
 179781 102737 1160.42957   79   27 1439.60305 1091.32695  24.2%   6.7  367s
 180960 102716     cutoff  121      1439.60305 1091.45296  24.2%   6.7  370s
 183100 103979     cutoff   73      1439.60305 1091.76799  24.2%   6.7  375s
 185294 104634     cutoff  107      1439.60305 1092.31368  24.1%   6.7  381s
 187684 105894 1163.62801   59   16 1439.60305 1092.78749  24.1%   6.7  386s
 190185 106785     cutoff  107      1439.60305 1093.22339  24.1%   6.7  391s
 192415 107734     cutoff  110      1439.60305 1093.68892  24.0%   6.7  398s
 193336 108508 1432.79030  110   10 1439.60305 1093.79985  24.0%   6.7  400s
 196067 109546 1437.00711  107   13 1439.60305 1094.51236  24.0%   6.7  406s
 198547 110505     cutoff  110      1439.60305 1094.87860  23.9%   6.7  411s
 200388 111563     cutoff   90      1439.60305 1095.19439  23.9%   6.7  416s
 202471 112371 1317.95315   76   18 1439.60305 1095.57928  23.9%   6.7  422s
 205067 113500 infeasible   89      1439.60305 1095.98444  23.9%   6.7  427s
 206237 113597 1431.23550  123   21 1439.60305 1096.17020  23.9%   6.7  430s
 209752 115558     cutoff  109      1439.60305 1096.65339  23.8%   6.7  437s
 212132 116453     cutoff  134      1439.60305 1096.94163  23.8%   6.7  442s
 214246 117555 1365.94134   63   13 1439.60305 1097.39007  23.8%   6.7  447s
 215421 117996     cutoff  104      1439.60305 1097.47739  23.8%   6.7  450s
 217695 119099 1367.00587  109   17 1439.60305 1097.85263  23.7%   6.7  455s
 219782 119814     cutoff  118      1439.60305 1098.18250  23.7%   6.7  462s
 220731 120314 1285.07993   59   27 1439.60305 1098.41873  23.7%   6.7  466s
 222956 121486     cutoff  100      1439.60305 1098.74963  23.7%   6.8  472s
 224291 121919     cutoff  109      1439.60305 1098.96963  23.7%   6.8  476s
 226528 123048     cutoff  100      1439.60305 1099.21210  23.6%   6.7  483s
 227896 123431 infeasible  153      1439.60305 1099.39015  23.6%   6.7  486s
 230454 124390     cutoff  104      1439.60305 1099.78355  23.6%   6.7  493s
 231491 124972     cutoff  110      1439.60305 1099.88982  23.6%   6.7  496s
 232622 125709 1241.82509  100   36 1439.60305 1100.10317  23.6%   6.7  500s
 235308 126904     cutoff   99      1439.60305 1100.43983  23.6%   6.7  506s
 237886 128692     cutoff  135      1439.60305 1100.71792  23.5%   6.7  511s
 239840 130346 1214.45385  106   17 1439.60305 1100.92099  23.5%   6.7  516s
 242089 132018     cutoff  118      1439.60305 1101.19602  23.5%   6.7  521s
 244497 133504     cutoff  122      1439.60305 1101.52118  23.5%   6.7  527s
 245331 134397 1346.91876   66   20 1439.60305 1101.64937  23.5%   6.7  530s
 247782 136413 1336.46409  118   34 1439.60305 1101.85138  23.5%   6.7  536s
 248969 136842     cutoff  139      1439.60305 1101.99775  23.5%   6.7  540s
 250488 137995 1299.85056  105   34 1439.60305 1102.16040  23.4%   6.7  546s
 252669 139867     cutoff  133      1439.60305 1102.40224  23.4%   6.7  553s
 253657 140854 1327.31820  117   32 1439.60305 1102.45317  23.4%   6.7  557s
 254880 141757 1264.22983   76   25 1439.60305 1102.57404  23.4%   6.7  560s
 257290 143381 infeasible  124      1439.60305 1102.87249  23.4%   6.7  566s
 258188 144145     cutoff   84      1439.60305 1102.97564  23.4%   6.7  570s
 260626 146286     cutoff   96      1439.60305 1103.30914  23.4%   6.7  576s
 261927 147101 infeasible  142      1439.60305 1103.44602  23.4%   6.7  580s
 264415 148950     cutoff  107      1439.60305 1103.72138  23.3%   6.7  586s
 265401 149850 1364.35507   70   40 1439.60305 1103.84965  23.3%   6.7  590s
 267907 151833     cutoff  101      1439.60305 1104.10573  23.3%   6.7  596s
 269129 152674 1422.89432   77    9 1439.60305 1104.29956  23.3%   6.8  600s
 271023 153877     cutoff   79      1439.60305 1104.51070  23.3%   6.8  607s
 271993 154905 1232.61936   67   36 1439.60305 1104.58761  23.3%   6.8  610s
 274565 156737     cutoff   86      1439.60305 1104.97106  23.2%   6.8  618s
 275732 157086     cutoff   96      1439.60305 1105.11240  23.2%   6.8  620s
 277564 158751 1188.65290   54   33 1439.60305 1105.32854  23.2%   6.8  628s
 278332 159765 1420.88565   86   13 1439.60305 1105.34154  23.2%   6.8  632s
 279658 160674     cutoff  101      1439.60305 1105.57783  23.2%   6.8  636s
 280848 161370 1303.23608   71   28 1439.60305 1105.70498  23.2%   6.8  640s
 283097 163318     cutoff   93      1439.60305 1105.95599  23.2%   6.8  648s
 284315 164133     cutoff   97      1439.60305 1106.07256  23.2%   6.8  652s
 285360 165025 1225.33925   58   22 1439.60305 1106.20418  23.2%   6.8  656s
 286630 165094 1343.29011   94   32 1439.60305 1106.36394  23.1%   6.8  665s
 286735 165986     cutoff  104      1439.60305 1106.38986  23.1%   6.8  670s
 289317 167934 1173.53683   56   14 1439.60305 1106.67532  23.1%   6.8  678s
 290412 168822 1269.94976   72   32 1439.60305 1106.74124  23.1%   6.8  682s
 291651 169855 infeasible   95      1439.60305 1106.86861  23.1%   6.8  685s
 292933 170508     cutoff  101      1439.60305 1107.01277  23.1%   6.8  690s
 294963 172062 1249.86969   76   24 1439.60305 1107.16933  23.1%   6.8  698s
 295995 173123     cutoff   92      1439.60305 1107.31502  23.1%   6.8  702s
 297334 173686 1400.84662  102   30 1439.60305 1107.48323  23.1%   6.8  708s
 298153 174457     cutoff  105      1439.60305 1107.52618  23.1%   6.8  712s
 299324 175306     cutoff   84      1439.60305 1107.59369  23.1%   6.8  716s
 300421 176174     cutoff  128      1439.60305 1107.74733  23.1%   6.8  721s
 301676 177282 1394.03525  104   25 1439.60305 1107.83118  23.0%   6.8  725s
 304305 179225 infeasible   97      1439.60305 1108.11778  23.0%   6.8  732s
 305642 180112 1231.66399   96   13 1439.60305 1108.25413  23.0%   6.8  736s
 306795 181164 1254.31367   74   21 1439.60305 1108.34929  23.0%   6.8  740s
 308161 181700 infeasible  103      1439.60305 1108.48024  23.0%   6.8  745s
 308913 182509     cutoff   83      1439.60305 1108.58644  23.0%   6.8  750s
 310099 183483 1243.22805   71   18 1439.60305 1108.68781  23.0%   6.8  755s
 311308 184220 1391.10855   83    8 1439.60305 1108.79959  23.0%   6.8  760s
 313615 186157     cutoff   89      1439.60305 1109.02284  23.0%   6.8  768s
 314723 186882     cutoff   53      1439.60305 1109.10880  23.0%   6.8  773s
 315952 187845     cutoff   78      1439.60305 1109.18389  23.0%   6.8  778s
 317156 188722     cutoff   88      1439.60305 1109.34125  22.9%   6.8  782s
 318272 189806     cutoff   95      1439.60305 1109.43106  22.9%   6.8  787s
 319672 190412 1212.97786   50   16 1439.60305 1109.57326  22.9%   6.8  791s
 320522 190889 1412.10488   92   22 1439.60305 1109.66379  22.9%   6.8  796s
 321383 191943 1292.26749   82   35 1439.60305 1109.70976  22.9%   6.8  801s
 322730 193007     cutoff  104      1439.60305 1109.83490  22.9%   6.8  806s
 324086 193674 1174.73335   43   36 1439.60305 1109.92872  22.9%   6.8  814s
 325083 194543 1438.20304   97    - 1439.60305 1110.03914  22.9%   6.8  819s
 326122 195495 1335.15309   99   10 1439.60305 1110.15631  22.9%   6.8  824s
 327353 196635 1363.12446   75   24 1439.60305 1110.25335  22.9%   6.8  829s
 328726 197631 1324.59584   78   21 1439.60305 1110.34080  22.9%   6.8  833s
 330071 198541     cutoff  113      1439.60305 1110.47780  22.9%   6.8  838s
 331233 199454 1431.01301  120    6 1439.60305 1110.60252  22.9%   6.8  843s
 332509 200414     cutoff  121      1439.60305 1110.76772  22.8%   6.8  849s
 333652 201058     cutoff   92      1439.60305 1110.83203  22.8%   6.8  854s
 334574 201743     cutoff   98      1439.60305 1110.94912  22.8%   6.8  860s
 335510 202725     cutoff   86      1439.60305 1111.01483  22.8%   6.9  865s
 336854 203474 1370.94184  106   30 1439.60305 1111.13647  22.8%   6.9  870s
 337817 204374     cutoff   86      1439.60305 1111.25810  22.8%   6.9  875s
 340206 206256     cutoff  104      1439.60305 1111.46172  22.8%   6.9  884s
 341374 207351 1229.21211  104   36 1439.60305 1111.54426  22.8%   6.9  888s
 342774 207959     cutoff  150      1439.60305 1111.67921  22.8%   6.9  893s
 343763 209011 1303.85939   81   33 1439.60305 1111.82902  22.8%   6.9  897s
 345125 210097     cutoff  107      1439.60305 1111.93144  22.8%   6.9  901s
 346479 211090     cutoff  100      1439.60305 1112.05324  22.8%   6.9  905s
 347768 212126     cutoff   89      1439.60305 1112.15108  22.7%   6.9  910s
 350111 213631 1313.58925   89   13 1439.60305 1112.39120  22.7%   6.9  918s
 351061 214605 1318.52074   48   24 1439.60305 1112.46446  22.7%   6.9  923s
 352368 215634 1198.92885   79   34 1439.60305 1112.55007  22.7%   6.9  927s
 353690 216554 1439.04154  141   16 1439.60305 1112.67585  22.7%   6.9  931s
 354884 217671     cutoff   83      1439.60305 1112.78376  22.7%   6.9  935s
 356236 218210     cutoff  109      1439.60305 1112.88502  22.7%   6.9  941s
 356959 218898 1315.61078  119   27 1439.60305 1112.94622  22.7%   6.9  946s
 357975 219997     cutoff  145      1439.60305 1113.01343  22.7%   6.9  952s
 359336 221059 1264.31699   57   12 1439.60305 1113.09546  22.7%   6.9  957s
 360635 221808     cutoff  120      1439.60305 1113.22014  22.7%   6.9  963s
 361770 222501     cutoff   80      1439.60305 1113.32952  22.7%   6.9  968s
 362797 223439 1413.69130  111    6 1439.60305 1113.41988  22.7%   6.9  972s
 363964 224389     cutoff  112      1439.60305 1113.49474  22.7%   6.9  977s
 365101 225004     cutoff   82      1439.60305 1113.64293  22.6%   6.9  983s
 366129 225644     cutoff   61      1439.60305 1113.75765  22.6%   6.9  988s
 367168 226503     cutoff   62      1439.60305 1113.83615  22.6%   6.9  995s
 368334 227404 1184.60318   66   34 1439.60305 1113.94448  22.6%   6.9 1000s
 369469 228162     cutoff   97      1439.60305 1114.03991  22.6%   6.9 1007s
 370504 229035 1229.35647   49   21 1439.60305 1114.14287  22.6%   6.9 1012s
 371731 229992     cutoff   81      1439.60305 1114.19343  22.6%   6.9 1018s
 372953 230981 1326.70437   61    9 1439.60305 1114.29845  22.6%   6.9 1022s
 374258 231830     cutoff   95      1439.60305 1114.44669  22.6%   6.9 1026s
 375367 232254     cutoff  112      1439.60305 1114.49807  22.6%   6.9 1031s
 375914 233024     cutoff   96      1439.60305 1114.57170  22.6%   6.9 1037s
 377034 233796 1393.47720   64    8 1439.60305 1114.62941  22.6%   6.9 1041s
 378182 234772     cutoff   94      1439.60305 1114.77775  22.6%   6.9 1046s
 379396 236025 1288.74571   95   26 1439.60305 1114.87713  22.6%   6.9 1051s
 380914 236967 1418.42087  114   23 1439.60305 1114.97619  22.5%   6.9 1055s
 382194 237624 1199.75179   52   19 1439.60305 1115.04941  22.5%   6.9 1060s
 383215 238703     cutoff   89      1439.60305 1115.17365  22.5%   6.9 1065s
 384639 239594     cutoff  104      1439.60305 1115.27244  22.5%   6.9 1070s
 385772 240690     cutoff  102      1439.60305 1115.35566  22.5%   6.9 1075s
 388200 242208     cutoff   94      1439.60305 1115.53302  22.5%   6.9 1085s
 389234 243183 1387.55782   66    - 1439.60305 1115.62131  22.5%   6.9 1090s
 390524 244105 1420.27239   76    9 1439.60305 1115.69386  22.5%   6.9 1097s
 391707 244874 infeasible  105      1439.60305 1115.77936  22.5%   6.9 1103s
 392811 244922 1289.77692   67   21 1439.60305 1115.85951  22.5%   6.9 1117s
 392846 245969 1344.91510   68    8 1439.60305 1115.86012  22.5%   6.9 1123s
 394210 246974 1319.76509  138   24 1439.60305 1115.94261  22.5%   6.9 1129s
 395536 247929     cutoff  136      1439.60305 1116.02688  22.5%   6.9 1135s
 396795 248825 1219.89089   68   31 1439.60305 1116.12064  22.5%   6.9 1140s
 397954 249827     cutoff   95      1439.60305 1116.20443  22.5%   6.9 1145s
 399301 250700     cutoff   66      1439.60305 1116.30925  22.5%   6.9 1150s
 400428 251690     cutoff   94      1439.60305 1116.44115  22.4%   6.9 1156s
 401682 252403     cutoff   93      1439.60305 1116.54765  22.4%   6.9 1162s
 402738 253450 1139.22418   57   30 1439.60305 1116.59937  22.4%   6.9 1167s
 404043 254300     cutoff  109      1439.60305 1116.66649  22.4%   6.9 1172s
 405192 255086     cutoff   88      1439.60305 1116.77213  22.4%   6.9 1176s
 406245 255924     cutoff  148      1439.60305 1116.87249  22.4%   6.9 1182s
 407374 256723 1439.14954   74    6 1439.60305 1116.91980  22.4%   6.9 1187s
 408521 257587 1339.39819   60   21 1439.60305 1117.00154  22.4%   6.9 1192s
 409780 258542     cutoff  115      1439.60305 1117.08239  22.4%   6.9 1197s
 411002 259237     cutoff   95      1439.60305 1117.19063  22.4%   6.9 1203s
 412049 260246 1219.89424   80   14 1439.60305 1117.24130  22.4%   6.9 1208s
 413355 260955 1263.61751   65   26 1439.60305 1117.38292  22.4%   6.9 1215s
 414315 261716 1432.40490   56   14 1439.60305 1117.46124  22.4%   6.9 1221s
 415452 262448     cutoff   65      1439.60305 1117.53013  22.4%   6.9 1227s
 416525 263574     cutoff   67      1439.60305 1117.58642  22.4%   6.9 1231s
 417971 264701     cutoff  107      1439.60305 1117.73669  22.4%   6.9 1237s
 419383 265536     cutoff   91      1439.60305 1117.83155  22.4%   6.9 1241s
 420528 266611     cutoff   92      1439.60305 1117.92747  22.3%   6.9 1246s
 421907 267573 1329.96665   83   31 1439.60305 1118.01232  22.3%   6.9 1252s
 423199 268261 infeasible   78      1439.60305 1118.07988  22.3%   6.9 1258s
 424102 269194     cutoff   94      1439.60305 1118.16788  22.3%   6.9 1264s
 425462 269798     cutoff  101      1439.60305 1118.25730  22.3%   6.9 1270s
 426370 270653 1243.33972   72   22 1439.60305 1118.32423  22.3%   6.9 1278s
 427582 271126 1318.13812  100   32 1439.60305 1118.34570  22.3%   6.9 1286s
 428418 272034 infeasible   92      1439.60305 1118.46533  22.3%   6.9 1295s
 429638 272796 1277.19669   87   23 1439.60305 1118.51438  22.3%   6.9 1305s
 430647 273826     cutoff   95      1439.60305 1118.65629  22.3%   6.9 1311s
 431954 274798     cutoff  110      1439.60305 1118.74645  22.3%   6.9 1318s
 433231 275811     cutoff  108      1439.60305 1118.80007  22.3%   6.9 1324s
 434498 276713     cutoff   91      1439.60305 1118.91731  22.3%   6.9 1330s
 435687 277502     cutoff  117      1439.60305 1118.98854  22.3%   6.9 1336s
 437001 278597     cutoff   89      1439.60305 1119.10221  22.3%   6.9 1342s
 438369 279424 1427.13379  107   20 1439.60305 1119.19894  22.3%   7.0 1348s
 439621 280436     cutoff  115      1439.60305 1119.27838  22.3%   7.0 1352s
 440977 281187 1433.13591   90   11 1439.60305 1119.40616  22.2%   7.0 1357s
 442026 282076 1214.44368   44    9 1439.60305 1119.51182  22.2%   7.0 1364s
 443122 282954     cutoff   98      1439.60305 1119.54823  22.2%   7.0 1370s
 444295 284064     cutoff   81      1439.60305 1119.63894  22.2%   7.0 1375s
 445707 285005 1360.93360  114   24 1439.60305 1119.72714  22.2%   7.0 1381s
 447008 285534     cutoff  123      1439.60305 1119.81796  22.2%   7.0 1388s
 447872 286383 1397.83454  125   38 1439.60305 1119.88671  22.2%   7.0 1396s
 448994 287413 1337.49236   58   15 1439.60305 1119.94228  22.2%   7.0 1401s
 450372 288380 1285.40342   93   28 1439.60305 1120.01403  22.2%   7.0 1407s
 451696 289379     cutoff  112      1439.60305 1120.12914  22.2%   7.0 1412s
 452946 290150 infeasible  109      1439.60305 1120.22047  22.2%   7.0 1417s
 454005 291093 1395.33657  107   30 1439.60305 1120.28690  22.2%   7.0 1424s
 455252 291995 1435.30188   68   21 1439.60305 1120.34901  22.2%   7.0 1430s
 456379 292875 1345.49717  139   39 1439.60305 1120.42716  22.2%   7.0 1436s
 457646 293842 1274.59929   71   25 1439.60305 1120.53906  22.2%   7.0 1442s
 458881 294799     cutoff   94      1439.60305 1120.56931  22.2%   7.0 1450s
 460203 295735 1230.92701   69   18 1439.60305 1120.67647  22.2%   7.0 1457s
 461431 296495     cutoff   97      1439.60305 1120.73472  22.1%   7.0 1464s
 462426 297392 1363.82574   68   15 1439.60305 1120.84046  22.1%   7.0 1470s
 463667 298355     cutoff  107      1439.60305 1120.89189  22.1%   7.0 1478s
 464908 299036     cutoff   93      1439.60305 1121.01053  22.1%   7.0 1485s
 465836 299911     cutoff  106      1439.60305 1121.05323  22.1%   7.0 1492s
 467111 300577     cutoff   71      1439.60305 1121.21042  22.1%   7.0 1499s
 467985 301415 1239.05223   67   21 1439.60305 1121.25772  22.1%   7.0 1506s
 469188 302488     cutoff   86      1439.60305 1121.32489  22.1%   7.0 1512s
 470539 303394 1385.75436  104   23 1439.60305 1121.40890  22.1%   7.0 1517s
 471736 303975     cutoff   73      1439.60305 1121.48280  22.1%   7.0 1523s
 472651 305115     cutoff   59      1439.60305 1121.54440  22.1%   7.0 1529s
 474098 306016     cutoff  101      1439.60305 1121.60227  22.1%   7.0 1535s
 475308 306935     cutoff  125      1439.60305 1121.66049  22.1%   7.0 1541s
 476668 307943 1321.53194  129   33 1439.60305 1121.75732  22.1%   7.0 1547s
 477970 308672     cutoff  134      1439.60305 1121.83342  22.1%   7.0 1554s
 478993 309522 1293.69851   58   22 1439.60305 1121.86665  22.1%   7.0 1561s
 480184 310387 1271.13258   83   20 1439.60305 1121.99750  22.1%   7.0 1568s
 481358 311359     cutoff   81      1439.60305 1122.06397  22.1%   7.0 1575s
 482679 312269     cutoff   98      1439.60305 1122.15672  22.1%   7.0 1581s
 483974 313030 1424.36103   80    4 1439.60305 1122.23269  22.0%   7.0 1587s
 485010 313890 infeasible   81      1439.60305 1122.29963  22.0%   7.0 1596s
 486155 314907 1345.67929   97   28 1439.60305 1122.34278  22.0%   7.0 1604s
 487510 315724     cutoff   84      1439.60305 1122.44503  22.0%   7.0 1612s
 488714 316723     cutoff  118      1439.60305 1122.50555  22.0%   7.0 1619s
 490053 317474     cutoff  121      1439.60305 1122.60221  22.0%   7.0 1627s
 490995 318016     cutoff   86      1439.60305 1122.64237  22.0%   7.0 1634s
 491828 318777 1345.34293   66   19 1439.60305 1122.67801  22.0%   7.0 1641s
 492961 319779 1425.47043  119   12 1439.60305 1122.72677  22.0%   7.0 1649s
 494167 320829 infeasible  121      1439.60305 1122.79411  22.0%   7.0 1656s
 495582 321840     cutoff  112      1439.60305 1122.87999  22.0%   7.0 1663s
 496862 322674 1364.64815  101    8 1439.60305 1122.94909  22.0%   7.0 1670s
 497932 323379     cutoff  103      1439.60305 1122.99061  22.0%   7.0 1677s
 498969 324224     cutoff   88      1439.60305 1123.04968  22.0%   7.0 1685s
 500183 325137 infeasible   89      1439.60305 1123.12371  22.0%   7.0 1692s
 501468 325603     cutoff  106      1439.60305 1123.22068  22.0%   7.0 1701s
 502277 326353     cutoff   92      1439.60305 1123.26061  22.0%   7.0 1710s
 503315 327128 1362.99316  105   15 1439.60305 1123.32480  22.0%   7.0 1716s
 504465 327994 1207.74203   68   33 1439.60305 1123.37572  22.0%   7.0 1724s
 505660 329074 1400.54723   79   17 1439.60305 1123.45434  22.0%   7.0 1731s
 507099 329957 1266.69581   78   31 1439.60305 1123.54309  22.0%   7.0 1739s
 508321 330871     cutoff   91      1439.60305 1123.58496  22.0%   7.0 1749s
 509424 331687 1350.58200   91   28 1439.60305 1123.65564  21.9%   7.0 1760s
 510518 332764 1366.36112   65   10 1439.60305 1123.67229  21.9%   7.0 1767s
 511961 333709     cutoff   89      1439.60305 1123.75879  21.9%   7.0 1776s
 513175 334577 1223.56873   69   22 1439.60305 1123.83491  21.9%   7.0 1787s
 514505 335100     cutoff  100      1439.60305 1123.86894  21.9%   7.0 1795s
 515494 336095     cutoff   84      1439.60305 1123.95921  21.9%   7.0 1801s
 516785 337220     cutoff   89      1439.60305 1124.05519  21.9%   7.0 1810s
 518256 337888     cutoff   98      1439.60305 1124.11112  21.9%   7.0 1816s
 519212 338677 1311.16972   85   11 1439.60305 1124.19208  21.9%   7.0 1824s
 520234 338776     cutoff   98      1439.60305 1124.23390  21.9%   7.0 1849s
 520348 339610 1168.32126   61   21 1439.60305 1124.27419  21.9%   7.0 1857s
 521453 340440     cutoff   95      1439.60305 1124.29667  21.9%   7.0 1866s
 522640 341567     cutoff   86      1439.60305 1124.37541  21.9%   7.0 1873s
 524014 342371     cutoff   86      1439.60305 1124.41849  21.9%   7.0 1881s
 525174 343168     cutoff   96      1439.60305 1124.49387  21.9%   7.0 1890s
 526361 344006     cutoff   72      1439.60305 1124.61051  21.9%   7.1 1898s
 527545 345022     cutoff  114      1439.60305 1124.67608  21.9%   7.1 1908s
 528845 345881 1370.06953   56   14 1439.60305 1124.76076  21.9%   7.1 1916s
 530215 346998     cutoff   86      1439.60305 1124.79133  21.9%   7.1 1925s
 531626 347937 1219.36375   55   22 1439.60305 1124.87916  21.9%   7.1 1933s
 532941 348899     cutoff   75      1439.60305 1124.94037  21.9%   7.1 1941s
 534334 349715     cutoff   72      1439.60305 1125.02858  21.9%   7.1 1952s
 535403 350840 1434.61512   95   16 1439.60305 1125.07265  21.8%   7.1 1958s
 536877 350911     cutoff   85      1439.60305 1125.17158  21.8%   7.1 1978s
 536965 352072 1155.36745   63   32 1439.60305 1125.18446  21.8%   7.1 1986s
 538470 352646 1388.11656   93   21 1439.60305 1125.23509  21.8%   7.1 1997s
 539291 353262     cutoff   78      1439.60305 1125.27848  21.8%   7.1 2005s
 540387 354169 1223.81564   88   19 1439.60305 1125.35293  21.8%   7.1 2013s
 541615 355332 1377.71348  123   16 1439.60305 1125.38053  21.8%   7.1 2020s
 543173 356321     cutoff  123      1439.60305 1125.46697  21.8%   7.1 2027s
 544410 357350 1369.58538   80    4 1439.60305 1125.53727  21.8%   7.1 2034s
 545747 358235     cutoff  113      1439.60305 1125.60484  21.8%   7.1 2042s
 546903 359047     cutoff   89      1439.60305 1125.64773  21.8%   7.1 2050s
 548064 359876 1395.97416   80   10 1439.60305 1125.68750  21.8%   7.1 2057s
 549366 360810     cutoff  130      1439.60305 1125.76003  21.8%   7.1 2063s
 550607 361670     cutoff   91      1439.60305 1125.84432  21.8%   7.1 2070s
 551767 362430     cutoff   82      1439.60305 1125.89709  21.8%   7.1 2077s
 552748 363411 1202.58806   43   33 1439.60305 1125.95866  21.8%   7.1 2084s
 554073 364514     cutoff   76      1439.60305 1126.02826  21.8%   7.1 2092s
 555457 365319 1311.86077  103   27 1439.60305 1126.12053  21.8%   7.1 2101s
 556620 366261     cutoff   96      1439.60305 1126.16599  21.8%   7.1 2111s
 557888 367329     cutoff   76      1439.60305 1126.23934  21.8%   7.1 2117s
 559262 368314     cutoff  105      1439.60305 1126.30252  21.8%   7.1 2123s
 560509 369419 infeasible   78      1439.60305 1126.36221  21.8%   7.1 2130s
 561909 370357     cutoff   98      1439.60305 1126.43994  21.8%   7.1 2136s
 563231 371323 1420.58047  107    8 1439.60305 1126.47621  21.8%   7.1 2143s
 564586 371962     cutoff   92      1439.60305 1126.56313  21.7%   7.1 2150s
 565572 372995 1336.01088   94   18 1439.60305 1126.60752  21.7%   7.1 2159s
 566886 374056 1339.78520   99   12 1439.60305 1126.65468  21.7%   7.1 2165s
 568275 374867     cutoff   99      1439.60305 1126.75986  21.7%   7.1 2174s
 569289 375936     cutoff   70      1439.60305 1126.81780  21.7%   7.1 2180s
 570662 376807     cutoff   98      1439.60305 1126.84899  21.7%   7.1 2187s
 571921 377572 1258.69355   82   15 1439.60305 1126.91210  21.7%   7.1 2194s
 573096 378544 1319.67216  104   23 1439.60305 1126.97676  21.7%   7.1 2201s
 574442 379257     cutoff  127      1439.60305 1127.04857  21.7%   7.1 2207s
 575530 380254 1298.99829   74   30 1439.60305 1127.10363  21.7%   7.1 2214s
 576839 380907     cutoff   92      1439.60305 1127.16107  21.7%   7.1 2221s
 577787 381676 1201.96802   73   38 1439.60305 1127.21321  21.7%   7.1 2229s
 578865 382522 1280.78270   96   26 1439.60305 1127.26257  21.7%   7.1 2237s
 580073 383561     cutoff  103      1439.60305 1127.31910  21.7%   7.1 2245s
 581437 384583     cutoff   96      1439.60305 1127.38957  21.7%   7.1 2253s
 582797 385407 1183.81977   65   13 1439.60305 1127.43853  21.7%   7.1 2259s
 583833 386444     cutoff   96      1439.60305 1127.49299  21.7%   7.1 2265s
 585138 387338     cutoff  116      1439.60305 1127.57263  21.7%   7.1 2272s
 586315 388409 infeasible  113      1439.60305 1127.62107  21.7%   7.1 2278s
 587695 388932 1206.15948   62   30 1439.60305 1127.66573  21.7%   7.1 2288s
 588511 389493 1413.35901   67    8 1439.60305 1127.73199  21.7%   7.1 2295s
 589641 390275 1358.50562   82   20 1439.60305 1127.73905  21.7%   7.1 2303s
 590702 391183 1188.71769   62   16 1439.60305 1127.80443  21.7%   7.1 2311s
 591981 392073 infeasible   74      1439.60305 1127.85120  21.7%   7.1 2318s
 593145 393088 1309.41333  102   23 1439.60305 1127.92024  21.7%   7.1 2325s
 594526 393961     cutoff  128      1439.60305 1128.00374  21.6%   7.1 2332s
 595716 394832     cutoff  106      1439.60305 1128.04562  21.6%   7.1 2340s
 596936 395556 1292.00797   79   10 1439.60305 1128.10858  21.6%   7.1 2346s
 597884 396797     cutoff  110      1439.60305 1128.14510  21.6%   7.1 2354s
 599413 397573 1255.26850   74   34 1439.60305 1128.21085  21.6%   7.1 2364s
 600422 398511 1303.29871   79   36 1439.60305 1128.23197  21.6%   7.1 2372s
 601662 399500 1377.16257   85   20 1439.60305 1128.30200  21.6%   7.1 2380s
 603005 400483 1200.10465   66   17 1439.60305 1128.36664  21.6%   7.1 2389s
 604277 401267 1430.27282  103    6 1439.60305 1128.40264  21.6%   7.1 2397s
 605363 402051     cutoff  114      1439.60305 1128.48321  21.6%   7.1 2407s
 606355 403058     cutoff   76      1439.60305 1128.48844  21.6%   7.1 2416s
 607679 404126     cutoff  100      1439.60305 1128.56103  21.6%   7.1 2424s
 608035 404129     cutoff   96      1439.60305 1128.56840  21.6%   7.1 2425s
 609091 404747 1326.59637   72   28 1439.60305 1128.59136  21.6%   7.1 2433s
 610045 405370 1202.93663   65   20 1439.60305 1128.67078  21.6%   7.1 2442s
 611012 406264 1403.04254   73   28 1439.60305 1128.68984  21.6%   7.1 2449s
 612325 407009     cutoff   73      1439.60305 1128.73878  21.6%   7.1 2458s
 613292 407915 1244.88345   69   19 1439.60305 1128.81420  21.6%   7.1 2466s
 614524 409034     cutoff   89      1439.60305 1128.86708  21.6%   7.1 2472s
 615986 409751 1281.62857   68   26 1439.60305 1128.92205  21.6%   7.1 2479s
 617293 410822     cutoff   97      1439.60305 1128.98384  21.6%   7.1 2488s
 618666 411752     cutoff   68      1439.60305 1129.06773  21.6%   7.1 2498s
 619781 412774     cutoff  102      1439.60305 1129.12781  21.6%   7.1 2506s
 621211 413688     cutoff   80      1439.60305 1129.19673  21.6%   7.1 2514s
 622522 414601     cutoff  105      1439.60305 1129.26587  21.6%   7.1 2522s
 623826 415451     cutoff   82      1439.60305 1129.30540  21.6%   7.1 2530s
 624952 416020 1279.27545   61   24 1439.60305 1129.39081  21.5%   7.1 2539s
 625904 416938 1387.46913   87   14 1439.60305 1129.44278  21.5%   7.1 2546s
 627238 417742     cutoff   94      1439.60305 1129.50773  21.5%   7.1 2554s
 628449 418757 infeasible   85      1439.60305 1129.58711  21.5%   7.1 2562s
 629830 419636     cutoff   92      1439.60305 1129.65033  21.5%   7.1 2571s
 631021 420407 1187.85273   69   21 1439.60305 1129.69941  21.5%   7.1 2579s
 632104 421325     cutoff  101      1439.60305 1129.73239  21.5%   7.1 2589s
 633268 422200 1281.47751   58   20 1439.60305 1129.80732  21.5%   7.1 2599s
 634392 422996 1429.42613   79   25 1439.60305 1129.85610  21.5%   7.1 2608s
 635477 423923 1347.64558   91    6 1439.60305 1129.88363  21.5%   7.1 2616s
 636864 424974     cutoff   99      1439.60305 1129.97351  21.5%   7.1 2623s
 638257 425592 1408.66400  116   23 1439.60305 1130.00276  21.5%   7.1 2632s
 639154 426549     cutoff  120      1439.60305 1130.03156  21.5%   7.1 2642s
 640437 427317     cutoff   91      1439.60305 1130.09973  21.5%   7.1 2650s
 641469 428404     cutoff  107      1439.60305 1130.13698  21.5%   7.1 2659s
 642809 429236     cutoff   88      1439.60305 1130.20374  21.5%   7.1 2668s
 644088 429856 1309.13706   79   31 1439.60305 1130.22840  21.5%   7.1 2680s
 645089 430911 1168.33149   58   39 1439.60305 1130.26393  21.5%   7.1 2687s
 646504 431855     cutoff  104      1439.60305 1130.35296  21.5%   7.1 2696s
 647732 432865 infeasible   98      1439.60305 1130.40293  21.5%   7.1 2704s
 649023 433775     cutoff   94      1439.60305 1130.45330  21.5%   7.1 2713s
 650264 434656 1195.63417   82   42 1439.60305 1130.52975  21.5%   7.1 2723s
 651393 435736 1381.18714   68   21 1439.60305 1130.55519  21.5%   7.1 2731s
 652859 436782     cutoff  104      1439.60305 1130.63519  21.5%   7.1 2738s
 654288 437884 1254.34069   97   24 1439.60305 1130.70498  21.5%   7.1 2746s
 655728 438932     cutoff  124      1439.60305 1130.76133  21.5%   7.1 2755s
 657106 439573     cutoff   94      1439.60305 1130.82513  21.4%   7.1 2767s
 658017 440260 1267.88424   41   29 1439.60305 1130.86310  21.4%   7.1 2777s
 659015 441240 1437.83073  104   11 1439.60305 1130.91535  21.4%   7.1 2787s
 660291 442115 1435.64868   92   37 1439.60305 1130.98118  21.4%   7.1 2797s
 661641 443267 1422.72564  110   25 1439.60305 1131.04867  21.4%   7.1 2806s
 663101 444021 1334.71383   84   27 1439.60305 1131.10811  21.4%   7.1 2816s
 664127 445139 1388.20669   96    8 1439.60305 1131.16230  21.4%   7.2 2824s
 665547 445976 infeasible   97      1439.60305 1131.23525  21.4%   7.2 2833s
 666713 446911 1419.39163   63    9 1439.60305 1131.29212  21.4%   7.2 2842s
 667998 447417     cutoff  108      1439.60305 1131.34740  21.4%   7.2 2850s
 669033 448339     cutoff   68      1439.60305 1131.41092  21.4%   7.2 2858s
 670260 449196 1343.54487  121   27 1439.60305 1131.46864  21.4%   7.2 2867s
 671476 449895 1350.60343   67   16 1439.60305 1131.51985  21.4%   7.2 2877s
 672492 450503 1309.21484   85   22 1439.60305 1131.55897  21.4%   7.2 2886s
 673555 451345 1428.81480  105   14 1439.60305 1131.57508  21.4%   7.2 2894s
 674746 452472 1423.15022  100   34 1439.60305 1131.64192  21.4%   7.2 2903s
 676202 453214     cutoff  136      1439.60305 1131.70589  21.4%   7.2 2913s
 677289 453978 1342.27032   65   27 1439.60305 1131.73557  21.4%   7.2 2924s
 678259 454926     cutoff  105      1439.60305 1131.78878  21.4%   7.2 2937s
 679491 455884     cutoff   89      1439.60305 1131.85603  21.4%   7.2 2950s
 680721 456901     cutoff  113      1439.60305 1131.88612  21.4%   7.2 2961s
 682116 457794 1168.92835   72   26 1439.60305 1131.98732  21.4%   7.2 2973s
 683262 458508     cutoff   88      1439.60305 1132.01047  21.4%   7.2 2985s
 684257 459418 1384.79982   81   17 1439.60305 1132.06208  21.4%   7.2 2996s
 685564 460349 infeasible   79      1439.60305 1132.13551  21.4%   7.2 3007s
 686779 461160 1271.72069   79   35 1439.60305 1132.19883  21.4%   7.2 3019s
 687913 461564 1244.81251   65    9 1439.60305 1132.23955  21.4%   7.2 3034s
 688770 462510 1192.09688   61   31 1439.60305 1132.24148  21.4%   7.2 3043s
 690166 463426     cutoff   91      1439.60305 1132.27330  21.3%   7.2 3053s
 691468 464180     cutoff   96      1439.60305 1132.34532  21.3%   7.2 3064s
 692531 465205     cutoff   71      1439.60305 1132.40001  21.3%   7.2 3074s
 693939 466070     cutoff   74      1439.60305 1132.48752  21.3%   7.2 3083s
 695194 466795 1402.33342   66   12 1439.60305 1132.55787  21.3%   7.2 3095s
 696247 467784     cutoff   93      1439.60305 1132.60245  21.3%   7.2 3105s
 697721 468631 1155.66294   73   28 1439.60305 1132.64980  21.3%   7.2 3115s
 698849 469630     cutoff  120      1439.60305 1132.69664  21.3%   7.2 3128s
 700113 470480     cutoff   70      1439.60305 1132.76176  21.3%   7.2 3141s
 701305 471084 infeasible   95      1439.60305 1132.78942  21.3%   7.2 3154s
 702202 471901     cutoff  107      1439.60305 1132.83786  21.3%   7.2 3165s
 703455 472565     cutoff   94      1439.60305 1132.91358  21.3%   7.2 3178s
 704501 473239     cutoff   90      1439.60305 1132.94345  21.3%   7.2 3189s
 705555 474065 1406.68355   75    9 1439.60305 1132.97299  21.3%   7.2 3200s
 706771 475004 infeasible   83      1439.60305 1133.02477  21.3%   7.2 3210s
 708093 476281     cutoff  106      1439.60305 1133.08755  21.3%   7.2 3218s
 709760 477369 1365.10150   94   31 1439.60305 1133.15394  21.3%   7.2 3226s
 711263 478007 1320.61789   77   34 1439.60305 1133.21134  21.3%   7.2 3236s
 712251 478755 1425.13144   74   18 1439.60305 1133.26141  21.3%   7.2 3246s
 713334 479266     cutoff   63      1439.60305 1133.30856  21.3%   7.2 3255s
 714032 479727 1254.13127   61   40 1439.60305 1133.33788  21.3%   7.2 3264s
 714780 480134 1320.70066   52   22 1439.60305 1133.36083  21.3%   7.2 3275s
 715455 481369     cutoff  121      1439.60305 1133.37147  21.3%   7.2 3287s
 717114 482293     cutoff   52      1439.60305 1133.43500  21.3%   7.2 3298s
 718376 483192 1296.93065   45   21 1439.60305 1133.50190  21.3%   7.2 3311s
 719565 484373     cutoff   73      1439.60305 1133.54288  21.3%   7.2 3320s
 721080 485396 1243.41024   58   49 1439.60305 1133.60605  21.3%   7.2 3329s
 721598 485401 1359.77042  107   30 1439.60305 1133.61881  21.3%   7.2 3330s
 722541 486365     cutoff  105      1439.60305 1133.66190  21.3%   7.2 3339s
 723995 487193 1219.21290  107   26 1439.60305 1133.68584  21.3%   7.2 3349s
 725269 487904     cutoff  122      1439.60305 1133.76250  21.2%   7.2 3359s
 726397 488797 1215.33757   42   16 1439.60305 1133.81583  21.2%   7.2 3369s
 727547 489776 1369.75469   78   29 1439.60305 1133.84236  21.2%   7.2 3378s
 728971 490809 1379.92981  118   38 1439.60305 1133.90748  21.2%   7.2 3387s
 730442 491565 1148.87909   63   23 1439.60305 1133.98283  21.2%   7.2 3397s
 731563 492603 1389.99346   75    6 1439.60305 1134.02457  21.2%   7.2 3407s
 732840 493541     cutoff   93      1439.60305 1134.08019  21.2%   7.2 3416s
 734219 494432     cutoff   78      1439.60305 1134.13109  21.2%   7.2 3425s
 735469 495348     cutoff   67      1439.60305 1134.16394  21.2%   7.2 3434s
 736858 496061 infeasible   89      1439.60305 1134.22910  21.2%   7.2 3448s
 737843 496505 1410.26580   99   14 1439.60305 1134.25221  21.2%   7.2 3462s
 738543 497287     cutoff  100      1439.60305 1134.27723  21.2%   7.2 3473s
 739685 498117 1417.74946   89   23 1439.60305 1134.30845  21.2%   7.2 3483s
 740746 499444 1179.12568  102   43 1439.60305 1134.33769  21.2%   7.2 3493s
 742384 500470 1362.82369   95   19 1439.60305 1134.38648  21.2%   7.2 3502s
 743770 501443 1249.73349   74   29 1439.60305 1134.48709  21.2%   7.2 3513s
 745037 502448     cutoff   92      1439.60305 1134.53666  21.2%   7.2 3522s
 746438 503341 1351.52274   60   23 1439.60305 1134.61627  21.2%   7.2 3531s
 747667 504083     cutoff  103      1439.60305 1134.66231  21.2%   7.2 3542s
 748869 504939 infeasible  100      1439.60305 1134.69778  21.2%   7.2 3553s
 750119 505898 1328.90308   72   26 1439.60305 1134.74711  21.2%   7.2 3562s
 751384 506936     cutoff   97      1439.60305 1134.80994  21.2%   7.2 3571s
 752686 507963     cutoff   84      1439.60305 1134.86107  21.2%   7.2 3581s
 754034 509067     cutoff   87      1439.60305 1134.91973  21.2%   7.2 3590s
 755494 509962     cutoff   97      1439.60305 1134.98737  21.2%   7.2 3599s
 755594 509966 1222.69430  111   48 1439.60305 1134.99045  21.2%   7.2 3600s
 756813 510765     cutoff   94      1439.60305 1135.04172  21.2%   7.2 3611s
 757917 511760 1423.15605   91   24 1439.60305 1135.06950  21.2%   7.2 3622s
 759252 512621 1346.29163   82   21 1439.60305 1135.11014  21.2%   7.2 3634s
 760439 513290 infeasible   94      1439.60305 1135.16538  21.1%   7.2 3647s
 761360 514408     cutoff   75      1439.60305 1135.20711  21.1%   7.3 3660s
 762813 515292     cutoff  116      1439.60305 1135.22678  21.1%   7.3 3675s
 763976 515836     cutoff  113      1439.60305 1135.27172  21.1%   7.3 3689s
 764989 516773     cutoff   95      1439.60305 1135.29217  21.1%   7.3 3700s
 766232 517486 1217.25606   64   25 1439.60305 1135.33687  21.1%   7.3 3711s
 767450 518137     cutoff   65      1439.60305 1135.41019  21.1%   7.3 3723s
 768585 519335 1224.52823   86   25 1439.60305 1135.45125  21.1%   7.3 3733s
 770164 520121     cutoff   89      1439.60305 1135.52026  21.1%   7.3 3744s
 771285 521040     cutoff   71      1439.60305 1135.57213  21.1%   7.3 3753s
 772619 521924     cutoff   95      1439.60305 1135.60707  21.1%   7.3 3764s
 773770 522624 1415.02971   96    - 1439.60305 1135.65121  21.1%   7.3 3775s
 774914 523467 1189.90561   46   40 1439.60305 1135.71520  21.1%   7.3 3790s
 776019 524583 1343.53937   80   22 1439.60305 1135.74747  21.1%   7.3 3805s
 777522 525551     cutoff   94      1439.60305 1135.77035  21.1%   7.3 3815s
 778845 526620 1269.69853  130   35 1439.60305 1135.83705  21.1%   7.3 3826s
 780235 527368     cutoff  122      1439.60305 1135.86929  21.1%   7.3 3837s
 781385 528487 1414.09050   96   19 1439.60305 1135.94852  21.1%   7.3 3846s
 782875 529236     cutoff  117      1439.60305 1136.00670  21.1%   7.3 3858s
 783837 530057     cutoff  100      1439.60305 1136.05058  21.1%   7.3 3868s
 784975 531078     cutoff  100      1439.60305 1136.07696  21.1%   7.3 3880s
 786325 532164 1323.23584  111   26 1439.60305 1136.11481  21.1%   7.3 3896s
 787789 533090 1398.49834  113   19 1439.60305 1136.16949  21.1%   7.3 3906s
 789042 534148 1332.63656   87   14 1439.60305 1136.23374  21.1%   7.3 3915s
 790513 535044 infeasible  117      1439.60305 1136.28771  21.1%   7.3 3924s
 791288 535055     cutoff  125      1439.60305 1136.30345  21.1%   7.3 3925s
 791728 535986     cutoff   88      1439.60305 1136.32157  21.1%   7.3 3937s
 793027 537024     cutoff   87      1439.60305 1136.35514  21.1%   7.3 3946s
 794377 537949 1349.14892  110   35 1439.60305 1136.41583  21.1%   7.3 3956s
 795664 538688     cutoff   84      1439.60305 1136.45038  21.1%   7.3 3964s
 796902 539477     cutoff   92      1439.60305 1136.52681  21.1%   7.3 3975s
 797931 540204 1384.12460  120    6 1439.60305 1136.55276  21.1%   7.3 3983s
 798966 541008     cutoff  126      1439.60305 1136.62260  21.0%   7.3 3992s
 800069 542077 1219.22427   67   16 1439.60305 1136.66831  21.0%   7.3 4001s
 801524 542828     cutoff  114      1439.60305 1136.71473  21.0%   7.3 4013s
 802610 543772 1426.56693   76    9 1439.60305 1136.75951  21.0%   7.3 4024s
 804021 544353     cutoff   97      1439.60305 1136.82573  21.0%   7.3 4037s
 804858 544423 1323.91318   75   40 1439.60305 1136.84835  21.0%   7.3 4072s
 804954 545229 1327.97343   76   39 1439.60305 1136.85916  21.0%   7.3 4081s
 806213 545998     cutoff  103      1439.60305 1136.89123  21.0%   7.3 4092s
 807508 547062     cutoff  144      1439.60305 1136.95075  21.0%   7.3 4100s
 809014 547991     cutoff  103      1439.60305 1136.99275  21.0%   7.3 4109s
 810441 548063 1350.78862   80   28 1439.60305 1137.05775  21.0%   7.3 4140s
 810503 548786 1423.95131   81   20 1439.60305 1137.05823  21.0%   7.3 4155s
 811568 549430     cutoff   67      1439.60305 1137.09690  21.0%   7.3 4169s
 812545 550140 1241.89447   77   21 1439.60305 1137.13747  21.0%   7.3 4183s
 813588 550714     cutoff  105      1439.60305 1137.16281  21.0%   7.3 4196s
 814604 551533 1305.67492   83   24 1439.60305 1137.20815  21.0%   7.3 4209s
 815883 552596     cutoff   71      1439.60305 1137.24409  21.0%   7.3 4219s
 817429 553528 1206.17327   81   36 1439.60305 1137.31736  21.0%   7.3 4229s
 818710 554697     cutoff  106      1439.60305 1137.36260  21.0%   7.3 4238s
 820272 555793 1245.90534   85   27 1439.60305 1137.42460  21.0%   7.3 4249s
 821702 556816     cutoff  107      1439.60305 1137.45644  21.0%   7.3 4259s
 823024 557514     cutoff  108      1439.60305 1137.53005  21.0%   7.3 4270s
 824054 558198 1377.40733  102   12 1439.60305 1137.54853  21.0%   7.3 4285s
 825236 559434     cutoff  106      1439.60305 1137.61505  21.0%   7.3 4295s
 826796 560306 1359.91022   80   27 1439.60305 1137.68700  21.0%   7.3 4306s
 828102 561381     cutoff   99      1439.60305 1137.72172  21.0%   7.3 4315s
 829584 562384     cutoff   99      1439.60305 1137.77121  21.0%   7.3 4324s
 830970 563474 1406.43052   80   19 1439.60305 1137.81734  21.0%   7.3 4333s
 832457 564429 1385.46922  104   16 1439.60305 1137.86193  21.0%   7.3 4341s
 833814 565365 1241.01461   67   36 1439.60305 1137.90994  21.0%   7.3 4351s
 835129 565943 1435.53595   84   12 1439.60305 1137.95554  21.0%   7.3 4362s
 836029 566906 1294.47621   87   20 1439.60305 1137.99376  21.0%   7.3 4372s
 837288 567808     cutoff   72      1439.60305 1138.03810  20.9%   7.3 4383s
 838520 568679     cutoff   99      1439.60305 1138.08119  20.9%   7.3 4396s
 839700 569420     cutoff   93      1439.60305 1138.11010  20.9%   7.3 4407s
 840846 570266     cutoff   98      1439.60305 1138.15796  20.9%   7.3 4417s
 842036 570833     cutoff  106      1439.60305 1138.20785  20.9%   7.3 4430s
 842898 571743     cutoff   77      1439.60305 1138.23139  20.9%   7.3 4442s
 844199 572616 infeasible   56      1439.60305 1138.26191  20.9%   7.3 4453s
 845526 573460 1231.22660   53   43 1439.60305 1138.31137  20.9%   7.3 4466s
 846717 574109 1364.48265   85   24 1439.60305 1138.35813  20.9%   7.3 4477s
 847875 575061     cutoff  100      1439.60305 1138.40848  20.9%   7.3 4488s
 849149 575939     cutoff   94      1439.60305 1138.43907  20.9%   7.3 4499s
 850387 576487 1312.02757   72   43 1439.60305 1138.48932  20.9%   7.3 4513s
 851332 577195 infeasible   89      1439.60305 1138.49105  20.9%   7.3 4524s
 852477 578313 1386.02790  102   16 1439.60305 1138.50722  20.9%   7.3 4534s
 853995 579333     cutoff  123      1439.60305 1138.57714  20.9%   7.3 4544s
 855505 580202 1389.78533   84   35 1439.60305 1138.62507  20.9%   7.3 4554s
H855954 580208                    1439.6030543 1138.63604  20.9%   7.3 4555s
 856698 581078     cutoff   75      1439.60305 1138.65714  20.9%   7.3 4567s
 857917 581718 1330.26560  113   28 1439.60305 1138.70770  20.9%   7.3 4576s
 858866 582308 1318.30522   94   22 1439.60305 1138.73703  20.9%   7.3 4584s
 859747 582976 1425.47861  100   23 1439.60305 1138.75750  20.9%   7.3 4592s
 860634 583984     cutoff  110      1439.60305 1138.79166  20.9%   7.3 4603s
 862157 584815 1258.02620   76   18 1439.60305 1138.83579  20.9%   7.3 4615s
 863330 585858 1412.87873   96   10 1439.60305 1138.85896  20.9%   7.3 4626s
 864738 587085 1239.28820   53   27 1439.60305 1138.91044  20.9%   7.3 4636s
 866365 588044 infeasible   93      1439.60305 1138.96357  20.9%   7.3 4648s
 867680 589090     cutoff   74      1439.60305 1139.00091  20.9%   7.3 4659s
 869098 589976 1436.12437   96   10 1439.60305 1139.05234  20.9%   7.3 4669s
 870276 590971 1389.96412   91   25 1439.60305 1139.08586  20.9%   7.3 4681s
 871700 591955 infeasible   68      1439.60305 1139.13358  20.9%   7.3 4692s
 873036 592978     cutoff   83      1439.60305 1139.18766  20.9%   7.3 4702s
 874459 593935 1402.53523  125   36 1439.60305 1139.23659  20.9%   7.3 4713s
 875715 594915 infeasible   69      1439.60305 1139.27523  20.9%   7.3 4723s
 877068 595867     cutoff  117      1439.60305 1139.33602  20.9%   7.3 4732s
 878402 596436 1314.06958   76   42 1439.60305 1139.39342  20.9%   7.3 4742s
 879383 597227     cutoff   85      1439.60305 1139.41578  20.9%   7.3 4756s
 880439 597939 1431.97478  119   13 1439.60305 1139.46442  20.8%   7.3 4767s
 881569 598801 1237.67771   58   25 1439.60305 1139.47495  20.8%   7.3 4776s
 882818 599727     cutoff   79      1439.60305 1139.52411  20.8%   7.3 4786s
 884136 600831     cutoff  106      1439.60305 1139.56573  20.8%   7.3 4798s
 885618 602009     cutoff  105      1439.60305 1139.62223  20.8%   7.3 4809s
 887111 602476 1420.42731  118   29 1439.60305 1139.66387  20.8%   7.3 4823s
 887971 603288     cutoff  105      1439.60305 1139.68836  20.8%   7.3 4834s
 889268 604088 1265.37237   81   12 1439.60305 1139.72572  20.8%   7.3 4848s
 890278 604753     cutoff  124      1439.60305 1139.75419  20.8%   7.3 4861s
 891208 605817     cutoff   81      1439.60305 1139.80110  20.8%   7.3 4872s
 892724 606843     cutoff   92      1439.60305 1139.83107  20.8%   7.3 4883s
 894093 607662 1232.91424   68   25 1439.60305 1139.87477  20.8%   7.3 4896s
 895257 608307     cutoff   80      1439.60305 1139.92682  20.8%   7.3 4912s
 896223 609438 1426.91027   82   23 1439.60305 1139.94500  20.8%   7.3 4927s
 897707 610398     cutoff  135      1439.60305 1139.99016  20.8%   7.3 4940s
 899062 611366 infeasible   93      1439.60305 1140.06347  20.8%   7.3 4952s
 900459 612163     cutoff   98      1439.60305 1140.11384  20.8%   7.3 4964s
 901585 613201     cutoff   95      1439.60305 1140.15085  20.8%   7.4 4975s
 902936 614287     cutoff  122      1439.60305 1140.19737  20.8%   7.3 4988s
 904431 615297 1183.33754   62   43 1439.60305 1140.24544  20.8%   7.3 4999s
 905814 616172     cutoff  108      1439.60305 1140.28804  20.8%   7.3 5010s
 907077 617100     cutoff  105      1439.60305 1140.31795  20.8%   7.3 5021s
 908422 617690 1174.05771   48   37 1439.60305 1140.35876  20.8%   7.3 5035s
 909369 618315 1334.25316   75   19 1439.60305 1140.41094  20.8%   7.4 5051s
 910331 619215 1322.32254  108   12 1439.60305 1140.42644  20.8%   7.4 5062s
 911637 620267     cutoff  118      1439.60305 1140.49490  20.8%   7.4 5071s
 913121 621224 1294.47663   85   20 1439.60305 1140.53276  20.8%   7.4 5081s
 914502 621947 1393.14468   90   24 1439.60305 1140.59082  20.8%   7.4 5091s
H915020 621949                    1439.6030269 1140.60204  20.8%   7.4 5091s
 915409 622838     cutoff   97      1439.60303 1140.62883  20.8%   7.4 5102s
 916721 623910 infeasible   81      1439.60303 1140.66946  20.8%   7.4 5114s
 918146 624647     cutoff  107      1439.60303 1140.71711  20.8%   7.4 5129s
 919231 625675 1346.94237   90   21 1439.60303 1140.73945  20.8%   7.4 5141s
 920688 626502 1411.84749   97   26 1439.60303 1140.78530  20.8%   7.4 5153s
 921714 627337 1400.96317  113   30 1439.60303 1140.80721  20.8%   7.4 5166s
 922847 628051 infeasible   74      1439.60303 1140.84356  20.8%   7.4 5183s
 923834 628869 1290.91442   95   33 1439.60303 1140.85518  20.8%   7.4 5196s
 925072 629816 1317.22290   67   16 1439.60303 1140.89251  20.7%   7.4 5206s
 926464 630410     cutoff   87      1439.60303 1140.93372  20.7%   7.4 5217s
 927375 631352     cutoff   93      1439.60303 1140.97039  20.7%   7.4 5227s
 928653 632406 infeasible  103      1439.60303 1141.00570  20.7%   7.4 5239s
 930075 633489 1270.07383   64   22 1439.60303 1141.04938  20.7%   7.4 5253s
 931549 634532     cutoff   74      1439.60303 1141.08568  20.7%   7.4 5267s
 932891 635052 1380.57095   71   23 1439.60303 1141.12662  20.7%   7.4 5282s
 933741 635829 1339.94816   83   26 1439.60303 1141.14918  20.7%   7.4 5295s
 934802 636644     cutoff   91      1439.60303 1141.18899  20.7%   7.4 5309s
 935899 637509 1198.40413   63   22 1439.60303 1141.23024  20.7%   7.4 5326s
 937172 638327 1158.10216   49   48 1439.60303 1141.24941  20.7%   7.4 5342s
 938280 639455     cutoff   66      1439.60303 1141.27762  20.7%   7.4 5358s
 939840 640140 1403.02978   93   27 1439.60303 1141.31949  20.7%   7.4 5371s
 940868 641088 1204.82229   65   32 1439.60303 1141.36438  20.7%   7.4 5386s
 942380 642197     cutoff  104      1439.60303 1141.41312  20.7%   7.4 5398s
 943939 643229 infeasible   80      1439.60303 1141.47187  20.7%   7.4 5408s
 945428 644280     cutoff  114      1439.60303 1141.51071  20.7%   7.4 5420s
 946854 644862 1286.84956   73   25 1439.60303 1141.56485  20.7%   7.4 5431s
 947779 645740 1380.21894   84   18 1439.60303 1141.59608  20.7%   7.4 5446s
 949016 646633     cutoff   91      1439.60303 1141.64154  20.7%   7.4 5459s
 950242 647582     cutoff   76      1439.60303 1141.68353  20.7%   7.4 5473s
 951475 648362 1345.80455   97   17 1439.60303 1141.71526  20.7%   7.4 5488s
 952634 649396 1322.21563  100   45 1439.60303 1141.74811  20.7%   7.4 5498s
 954075 650094     cutoff   83      1439.60303 1141.79187  20.7%   7.4 5511s
 955175 651167 1345.66796   82   29 1439.60303 1141.83939  20.7%   7.4 5522s
 956706 652186     cutoff  109      1439.60303 1141.88134  20.7%   7.4 5534s
 958063 653210     cutoff   91      1439.60303 1141.94409  20.7%   7.4 5544s
 959523 653964 infeasible   75      1439.60303 1141.99139  20.7%   7.4 5557s
 960495 654859 1397.50303   93    6 1439.60303 1142.00807  20.7%   7.4 5569s
 961835 656017     cutoff  101      1439.60303 1142.04870  20.7%   7.4 5584s
 963385 656999     cutoff   97      1439.60303 1142.11941  20.7%   7.4 5597s
 964733 657765 1230.90806   48   37 1439.60303 1142.17926  20.7%   7.4 5611s
 965876 658421     cutoff   86      1439.60303 1142.20916  20.7%   7.4 5626s
 966789 659156     cutoff   92      1439.60303 1142.23733  20.7%   7.4 5637s
 967781 660343 1354.79764   94   33 1439.60303 1142.26194  20.7%   7.4 5650s
 969362 661196     cutoff  104      1439.60303 1142.30746  20.7%   7.4 5666s
 970564 661793 1431.57760  102    - 1439.60303 1142.33372  20.6%   7.4 5683s
 971578 662481 1235.36030   75   27 1439.60303 1142.35955  20.6%   7.4 5700s
 972622 663300 1224.24297   58   17 1439.60303 1142.36777  20.6%   7.4 5713s
 973673 663969 1279.90826   68   20 1439.60303 1142.40319  20.6%   7.4 5726s
 975055 664774     cutoff   74      1439.60303 1142.45143  20.6%   7.4 5743s
 976092 665706 1277.49852   81   15 1439.60303 1142.49036  20.6%   7.4 5758s
 977467 666304 1370.46773  104    - 1439.60303 1142.51986  20.6%   7.4 5773s
 978638 667291     cutoff  104      1439.60303 1142.55475  20.6%   7.4 5785s
 979990 668363 1394.78010  100   20 1439.60303 1142.59567  20.6%   7.4 5797s
 981502 669394 1314.05799   84   32 1439.60303 1142.65015  20.6%   7.4 5808s
 982908 670333 1422.69190  106   18 1439.60303 1142.69511  20.6%   7.4 5821s
 984207 671430 1303.38969   66   17 1439.60303 1142.74138  20.6%   7.4 5833s
 985721 672316     cutoff   73      1439.60303 1142.77469  20.6%   7.4 5845s
 986850 673090 1243.12302   97   33 1439.60303 1142.81800  20.6%   7.4 5860s
 988156 673945     cutoff   91      1439.60303 1142.85069  20.6%   7.4 5873s
 989389 674838     cutoff   94      1439.60303 1142.89831  20.6%   7.4 5886s
 990662 675797 infeasible  104      1439.60303 1142.94927  20.6%   7.4 5896s
 991954 676476 1199.53927   62   15 1439.60303 1142.98518  20.6%   7.4 5908s
 993000 677357     cutoff   96      1439.60303 1143.01337  20.6%   7.4 5922s
 994205 678520 1384.57828   80   15 1439.60303 1143.06330  20.6%   7.4 5935s
 995780 679504 1403.19564   48   12 1439.60303 1143.10966  20.6%   7.4 5948s
 997098 680394 1410.22935   63   21 1439.60303 1143.14074  20.6%   7.4 5960s
 998460 681037 1436.33012  126   19 1439.60303 1143.16559  20.6%   7.4 5974s
 999471 681708 1336.65588   58   23 1439.60303 1143.18199  20.6%   7.4 5987s
 1000696 682515 1417.94524   68    9 1439.60303 1143.20905  20.6%   7.4 6000s
 1001893 683676 1264.69718   70   24 1439.60303 1143.26199  20.6%   7.4 6015s
 1003431 684679     cutoff  118      1439.60303 1143.28337  20.6%   7.4 6029s
 1004898 685274 1342.44189   91   23 1439.60303 1143.32506  20.6%   7.4 6043s
 1005875 686164 1270.81104   83   24 1439.60303 1143.35137  20.6%   7.4 6054s
 1007004 687089 1339.13914   62   27 1439.60303 1143.38701  20.6%   7.4 6066s
 1008503 688047 1381.75846  105   29 1439.60303 1143.44575  20.6%   7.4 6078s
 1009826 689004 1438.68760  125   23 1439.60303 1143.47322  20.6%   7.4 6091s
 1011237 689633 1339.67666   94   31 1439.60303 1143.54074  20.6%   7.4 6105s
 1012323 690427 1360.75115   62    9 1439.60303 1143.56287  20.6%   7.4 6119s
 1013544 691351     cutoff   66      1439.60303 1143.60653  20.6%   7.4 6135s
 1014837 692395 1272.71118   92   33 1439.60303 1143.62944  20.6%   7.4 6147s
 1016343 693553 1421.63866   64    9 1439.60303 1143.68496  20.6%   7.4 6159s
 1017807 694492 infeasible   66      1439.60303 1143.72792  20.6%   7.4 6171s
 1019127 695355 1388.01983   66   26 1439.60303 1143.75996  20.6%   7.4 6185s
 1020277 696298     cutoff   86      1439.60303 1143.79446  20.5%   7.4 6199s
 1021588 697103 1222.23302   84   31 1439.60303 1143.81616  20.5%   7.4 6213s
 1022795 698067     cutoff  103      1439.60303 1143.84328  20.5%   7.4 6226s
 1024104 698852 1194.71346   66   28 1439.60303 1143.89482  20.5%   7.4 6239s
 1025227 699657     cutoff  102      1439.60303 1143.91004  20.5%   7.4 6253s
 1026437 700318     cutoff   80      1439.60303 1143.95309  20.5%   7.4 6268s
 1027413 700877 infeasible   53      1439.60303 1144.00216  20.5%   7.4 6282s
 1028495 701600 1263.33485   54   18 1439.60303 1144.02024  20.5%   7.4 6298s
 1029558 702617 1397.78064   96   17 1439.60303 1144.06411  20.5%   7.4 6313s
 1030911 703514     cutoff  100      1439.60303 1144.08735  20.5%   7.4 6326s
 1032128 704288 1423.62458   95   24 1439.60303 1144.12807  20.5%   7.4 6340s
 1033386 705357     cutoff   89      1439.60303 1144.17332  20.5%   7.4 6355s
 1034848 706301 1276.32552   53   28 1439.60303 1144.19477  20.5%   7.4 6372s
 1036140 707251     cutoff  128      1439.60303 1144.23332  20.5%   7.4 6387s
 1037597 707792     cutoff  107      1439.60303 1144.26084  20.5%   7.4 6400s
 1038352 708789 1258.32440   78   40 1439.60303 1144.28160  20.5%   7.4 6417s
 1039745 709712     cutoff  114      1439.60303 1144.32961  20.5%   7.4 6432s
 1041107 710626     cutoff  111      1439.60303 1144.37268  20.5%   7.4 6448s
 1042501 711650 infeasible  106      1439.60303 1144.41047  20.5%   7.4 6459s
 1044034 712448     cutoff   78      1439.60303 1144.45953  20.5%   7.4 6474s
 1045105 713136 1356.03411   91    - 1439.60303 1144.48909  20.5%   7.4 6494s
 1046129 713765 1404.88276   77   16 1439.60303 1144.51565  20.5%   7.4 6508s
 1047179 714639     cutoff   82      1439.60303 1144.55287  20.5%   7.5 6525s
 1048489 715303 1308.55662   80    8 1439.60303 1144.60085  20.5%   7.5 6540s
 1049700 715828     cutoff   86      1439.60303 1144.62163  20.5%   7.5 6558s
 1050671 716483     cutoff  110      1439.60303 1144.64179  20.5%   7.5 6573s
 1051749 717632     cutoff   72      1439.60303 1144.65339  20.5%   7.5 6587s
 1053267 718845     cutoff  105      1439.60303 1144.69892  20.5%   7.5 6600s
 1054900 719645 1236.76264   53   36 1439.60303 1144.74146  20.5%   7.5 6615s
 1056190 720588 1340.01632   78   26 1439.60303 1144.76489  20.5%   7.5 6629s
 1056555 720591     cutoff   86      1439.60303 1144.77118  20.5%   7.5 6630s
 1057552 721204 1342.19956   43   18 1439.60303 1144.80161  20.5%   7.5 6642s
 1058564 721980     cutoff   74      1439.60303 1144.83778  20.5%   7.5 6655s
 1059491 723034 1288.52160   70   29 1439.60303 1144.87017  20.5%   7.5 6672s
 1060971 724018 1414.28954  126    9 1439.60303 1144.90540  20.5%   7.5 6686s
 1062439 724853 1192.73286   51   12 1439.60303 1144.94627  20.5%   7.5 6705s
 1063704 725610     cutoff   80      1439.60303 1144.98835  20.5%   7.5 6721s
 1064641 726705     cutoff   84      1439.60303 1145.01613  20.5%   7.5 6735s
 1066085 727856 1352.78624  109   31 1439.60303 1145.05272  20.5%   7.5 6750s
 1067728 728639     cutoff  130      1439.60303 1145.11626  20.5%   7.5 6771s
 1068891 729523     cutoff   97      1439.60303 1145.14122  20.5%   7.5 6787s
 1070139 730626 1247.26465   83   21 1439.60303 1145.16250  20.5%   7.5 6804s
 1071589 731627 infeasible   93      1439.60303 1145.20639  20.4%   7.5 6820s
 1073069 732690 1285.25188   61   18 1439.60303 1145.25079  20.4%   7.5 6837s
 1074476 733465     cutoff   92      1439.60303 1145.29458  20.4%   7.5 6853s
 1075720 734449     cutoff  100      1439.60303 1145.32563  20.4%   7.5 6866s
 1077081 734943     cutoff   77      1439.60303 1145.37807  20.4%   7.5 6879s
 1077930 735543 infeasible   66      1439.60303 1145.38873  20.4%   7.5 6894s
 1078739 736203 1259.88015   93   21 1439.60303 1145.41254  20.4%   7.5 6910s
 1079891 737020     cutoff  102      1439.60303 1145.45188  20.4%   7.5 6924s
 1081205 738007     cutoff  115      1439.60303 1145.49693  20.4%   7.5 6936s
 1082568 738960 1171.70629   52   27 1439.60303 1145.53610  20.4%   7.5 6952s
 1084096 739829 1422.46951   65   27 1439.60303 1145.58047  20.4%   7.5 6968s
 1085292 740984 1384.07809   78   22 1439.60303 1145.62970  20.4%   7.5 6982s
 1086826 741952 1337.04917   80    6 1439.60303 1145.67830  20.4%   7.5 6997s
 1088165 742833     cutoff   89      1439.60303 1145.69478  20.4%   7.5 7011s
 1089507 743601 infeasible   94      1439.60303 1145.74491  20.4%   7.5 7027s
 1090601 744528 1303.12999   87   28 1439.60303 1145.77647  20.4%   7.5 7040s
 1091920 745323 1286.02757   83   16 1439.60303 1145.80483  20.4%   7.5 7057s
 1093060 746282     cutoff   96      1439.60303 1145.85401  20.4%   7.5 7071s
 1094515 747202     cutoff   96      1439.60303 1145.88467  20.4%   7.5 7082s
 1095839 747930     cutoff  116      1439.60303 1145.92390  20.4%   7.5 7094s
 1096873 748693 1375.48327   79   12 1439.60303 1145.95697  20.4%   7.5 7131s
 1097922 749752     cutoff  109      1439.60303 1145.99747  20.4%   7.5 7146s
 1099345 750729     cutoff   71      1439.60303 1146.02407  20.4%   7.5 7164s
 1100667 751647     cutoff  119      1439.60303 1146.04894  20.4%   7.5 7180s
 1101946 752391 1323.32944   55   22 1439.60303 1146.08849  20.4%   7.5 7198s
 1103200 752419 1403.31037   58    9 1439.60303 1146.11676  20.4%   7.5 7200s

Cutting planes:
  Gomory: 6
  MIR: 1
  Flow cover: 2
  Zero half: 7
  Lazy constraints: 16609

Explored 1103215 nodes (8263887 simplex iterations) in 7200.11 seconds
Thread count was 12 (of 12 available processors)

Solution count 2: 1439.6 2385.72 

Time limit reached
Best objective 1.439603026936e+03, best bound 1.146116757347e+03, gap 20.3866%

User-callback calls 3594913, time in user-callback 43.93 sec
/projects/academic/josewalt/caigao/RRARP_BD/BendersDecomp/ret/model_outs/n_22_h_2_algo_4.out
 =====>>>>> Solution is written to file in <../ret/model_outs> !!!
===>> All Done!
