NPROCS=0
This instance is clustered!
Gurobi Optimizer version 9.0.0 build v9.0.0rc2 (linux64)
Optimize a model with 44 rows, 485 columns and 968 nonzeros
Model fingerprint: 0x2db22d2b
Variable types: 1 continuous, 484 integer (484 binary)
Coefficient statistics:
  Matrix range     [1e+00, 1e+00]
  Objective range  [1e+00, 4e+02]
  Bounds range     [1e+00, 1e+00]
  RHS range        [1e+00, 1e+00]
Presolve removed 2 rows and 63 columns
Presolve time: 0.01s
Presolved: 42 rows, 422 columns, 842 nonzeros
Variable types: 1 continuous, 421 integer (421 binary)

Root relaxation: objective 5.483643e+02, 38 iterations, 0.00 seconds

    Nodes    |    Current Node    |     Objective Bounds      |     Work
 Expl Unexpl |  Obj  Depth IntInf | Incumbent    BestBd   Gap | It/Node Time

     0     0  587.62852    0   20          -  587.62852      -     -    0s
 done with super cut 0
 done with super cut 1
 done with super cut 2
     0     0  760.71717    0   14          -  760.71717      -     -    2s
 done with super cut 3
 done with super cut 4
 done with super cut 5
     0     2  793.84466    0    8          -  793.84466      -     -   12s
 done with super cut 6
 done with super cut 7
    30    31  846.41143    5   47          -  824.71211      -   5.7   23s
 done with super cut 8
 done with super cut 9
 done with super cut 10
   140   153  869.05440   11   24          -  836.16867      -   6.8   45s
*  761   718              33    1353.4083339  839.64709  38.0%   5.5   45s
H 2078  1545                    1308.3119579  858.35984  34.4%   5.2   46s
H 2082  1471                    1266.2049841  858.35984  32.2%   5.1   46s
H 2087  1400                    1192.8362030  858.35984  28.0%   5.1   47s
  8673  4825  975.02889   34   35 1192.83620  875.39077  26.6%   5.9   50s
 22018 14923 1042.69828   91   22 1192.83620  893.65493  25.1%   5.8   55s
 36394 25794     cutoff   36      1192.83620  903.58567  24.2%   5.7   60s
 45543 32530 1097.05097   71   20 1192.83620  907.45921  23.9%   5.8   65s
 54630 39382  961.77081   35   16 1192.83620  911.16955  23.6%   5.7   70s
 60462 42848 infeasible   85      1192.83620  913.05695  23.5%   5.8   75s
 65804 47765     cutoff   82      1192.83620  914.57692  23.3%   5.7   80s
 70954 51399 1084.56151   32   26 1192.83620  916.21606  23.2%   5.8   85s
 76582 55678 1076.49655   59   28 1192.83620  917.78451  23.1%   5.8   90s
 81777 59059     cutoff   80      1192.83620  919.10990  22.9%   5.8   95s
 85008 60925 1101.15508   70   14 1192.83620  919.79750  22.9%   5.8  165s
 85014 60929 1068.84330   58   58 1192.83620  919.79750  22.9%   5.8  170s
 85017 60931 1184.78994   70   59 1192.83620  919.79750  22.9%   5.8  176s
 85022 60939  919.79750   27   52 1192.83620  919.79750  22.9%   5.8  180s
 85192 61059  919.79750   35   27 1192.83620  919.79750  22.9%   5.8  185s
 86153 61538  919.79750   62   40 1192.83620  919.79750  22.9%   5.8  190s
 88625 62765 infeasible  129      1192.83620  919.79750  22.9%   5.8  195s
 90313 63624 1011.43407   62   31 1192.83620  919.79750  22.9%   5.9  200s
 93351 64888 1109.69847   38   31 1192.83620  919.79750  22.9%   5.9  205s
 96332 66217  997.75000   49   24 1192.83620  919.79750  22.9%   5.9  210s
 98127 66593 1018.66086   40   24 1192.83620  919.79750  22.9%   5.9  217s
 99156 67353 1145.03763   45   11 1192.83620  919.79750  22.9%   6.0  220s
 102863 68739 1117.93886   50    - 1192.83620  919.79750  22.9%   6.0  225s
 106188 70449 1106.09619   81   11 1192.83620  919.79750  22.9%   6.0  230s
 110543 72282     cutoff  119      1192.83620  919.79750  22.9%   6.0  235s
 114123 73940     cutoff  132      1192.83620  919.79750  22.9%   5.9  240s
 115334 74690  999.11195   48   14 1192.83620  919.79750  22.9%   6.0  245s
 118630 75642 1171.42712   83   16 1192.83620  919.79750  22.9%   6.0  251s
 121981 77442 1167.37798   66   32 1192.83620  919.79750  22.9%   6.0  256s
 124487 77940     cutoff   74      1192.83620  919.79750  22.9%   6.0  261s
 126829 79142     cutoff   85      1192.83620  919.79750  22.9%   6.0  265s
 130084 80571 1051.84122   90   22 1192.83620  919.79750  22.9%   6.0  271s
 132384 81523     cutoff   84      1192.83620  919.79750  22.9%   6.0  276s
 136597 82862 1159.78100  122   10 1192.83620  920.51202  22.8%   6.0  282s
 138359 83908 1172.50460  100    - 1192.83620  921.00629  22.8%   6.0  286s
 140692 85063     cutoff   75      1192.83620  921.87170  22.7%   6.0  290s
 144694 86855 infeasible  105      1192.83620  923.18815  22.6%   6.0  295s
 148402 88297     cutoff  106      1192.83620  924.31856  22.5%   6.0  300s
 152049 89946     cutoff  104      1192.83620  925.30653  22.4%   5.9  305s
 155488 91440 1148.42599  102   29 1192.83620  926.23975  22.3%   5.9  310s
 158689 92722     cutoff   91      1192.83620  927.05775  22.3%   5.9  316s
 160669 93430     cutoff  119      1192.83620  927.42497  22.3%   6.0  320s
 162725 94400 1120.74571  125   22 1192.83620  928.01757  22.2%   6.0  325s
 166464 96095     cutoff   68      1192.83620  928.91218  22.1%   6.0  332s
 168789 97222 1036.53847   55   22 1192.83620  929.30528  22.1%   6.0  336s
 170938 97950 infeasible   82      1192.83620  930.05551  22.0%   6.0  340s
 174557 99312     cutoff   95      1192.83620  930.98808  22.0%   6.0  346s
 176412 100033 1029.55127   42   22 1192.83620  931.52711  21.9%   6.0  351s
 178815 101307 1070.74591   74   26 1192.83620  931.93437  21.9%   6.0  355s
 180968 101983 1060.22467   54   17 1192.83620  932.39140  21.8%   6.0  360s
 184655 103593     cutoff   90      1192.83620  933.09302  21.8%   6.0  366s
 185837 103233 1103.63511   96   14 1192.83620  933.15398  21.8%   6.0  372s
 186985 104570     cutoff  112      1192.83620  933.53221  21.7%   6.0  376s
 189482 105921  952.96190   53   23 1192.83620  933.99345  21.7%   6.0  380s
 192873 107401     cutoff   68      1192.83620  934.51846  21.7%   6.0  385s
 195241 108294 1078.89302   94   21 1192.83620  934.96680  21.6%   6.0  390s
 198921 109800     cutoff  108      1192.83620  935.57314  21.6%   5.9  395s
 200973 110739     cutoff  113      1192.83620  935.92325  21.5%   6.0  400s
 203295 111705 infeasible   88      1192.83620  936.28545  21.5%   6.0  405s
 205552 112750 1188.88680   84    - 1192.83620  936.58924  21.5%   6.0  410s
 208083 113425     cutoff   87      1192.83620  937.11489  21.4%   6.0  416s
 210498 114862     cutoff  123      1192.83620  937.53009  21.4%   6.0  420s
 213042 115702     cutoff   86      1192.83620  938.02547  21.4%   6.0  425s
 215384 116878 1084.84341   56   19 1192.83620  938.33886  21.3%   6.0  431s
 217950 117865     cutoff   77      1192.83620  938.79780  21.3%   5.9  437s
 219083 118208     cutoff   81      1192.83620  938.99101  21.3%   5.9  440s
 221217 119329     cutoff   83      1192.83620  939.38187  21.2%   6.0  446s
 223336 120036     cutoff   95      1192.83620  939.68352  21.2%   6.0  452s
 225635 120910     cutoff   77      1192.83620  940.00783  21.2%   6.0  457s
 226857 121451     cutoff  101      1192.83620  940.19173  21.2%   6.0  460s
 229421 122356 1112.63033  127   24 1192.83620  940.68045  21.1%   6.0  466s
 231501 122742 1061.14893   65   21 1192.83620  940.93569  21.1%   6.0  472s
 233386 123273     cutoff   78      1192.83620  941.15295  21.1%   6.0  477s
 234122 123672  946.78016   42   27 1192.83620  941.28437  21.1%   6.0  481s
 236233 124613     cutoff  104      1192.83620  941.58021  21.1%   6.0  486s
 237435 125031 1023.55775   59   26 1192.83620  941.67781  21.1%   6.0  490s
 239925 126372     cutoff   97      1192.83620  941.99928  21.0%   6.0  495s
 242655 127452     cutoff  120      1192.83620  942.33945  21.0%   6.0  501s
 245440 128318 1092.27270   98   34 1192.83620  942.70599  21.0%   6.0  506s
 247734 129351     cutoff  108      1192.83620  943.11140  20.9%   6.0  511s
 250118 130314     cutoff  121      1192.83620  943.45339  20.9%   6.0  516s
 252640 131360     cutoff   65      1192.83620  943.78914  20.9%   6.0  520s
 254914 132177 1022.10800   47   19 1192.83620  944.12366  20.9%   6.0  525s
 257372 133280 1056.51919   71   34 1192.83620  944.37109  20.8%   6.0  530s
 259590 134211     cutoff   77      1192.83620  944.64307  20.8%   6.0  536s
 261717 135132     cutoff  101      1192.83620  944.93601  20.8%   6.0  541s
 264002 135666     cutoff   92      1192.83620  945.23416  20.8%   6.0  547s
 264763 136195  989.97216   68   30 1192.83620  945.30243  20.8%   6.0  550s
 267096 136946     cutoff  120      1192.83620  945.57396  20.7%   6.0  556s
 269222 137919     cutoff  103      1192.83620  945.80062  20.7%   6.0  562s
 269982 138988 1097.21409   67   27 1192.83620  945.94183  20.7%   6.0  565s
 272688 140020     cutoff  115      1192.83620  946.20636  20.7%   6.0  577s
 272757 141001 1011.85562   47   26 1192.83620  946.29255  20.7%   6.0  580s
 275345 142591 1143.86410   98   20 1192.83620  946.57183  20.6%   6.0  587s
 276367 143244     cutoff  108      1192.83620  946.64361  20.6%   6.0  590s
 278646 145191     cutoff   94      1192.83620  946.99742  20.6%   6.0  598s
 279975 146093     cutoff  127      1192.83620  947.09232  20.6%   6.0  601s
 281197 147089 1128.84225  102   10 1192.83620  947.21289  20.6%   6.0  605s
 283679 148988 1176.00122  120   20 1192.83620  947.51564  20.6%   6.0  612s
 284924 149945 1126.08058   52   14 1192.83620  947.64483  20.6%   6.0  615s
 287375 151880 1167.82871  104   14 1192.83620  947.82985  20.5%   6.0  621s
 289911 153750 1182.40997   91    4 1192.83620  948.11107  20.5%   6.0  627s
 291133 154402     cutoff  109      1192.83620  948.26082  20.5%   6.0  630s
 293063 156113 1178.32246   82   21 1192.83620  948.51556  20.5%   6.0  636s
 295565 157375     cutoff   87      1192.83620  948.76300  20.5%   6.0  643s
 296295 158243 1107.69519   74   22 1192.83620  948.86437  20.5%   6.0  647s
 297474 158911 1035.74484   52   18 1192.83620  948.95970  20.4%   6.0  650s
 299671 159830     cutoff  102      1192.83620  949.25526  20.4%   6.0  662s
 299715 160110 1063.31375   56   12 1192.83620  949.26810  20.4%   6.0  665s
 301007 161377 1057.25073   88   18 1192.83620  949.32865  20.4%   6.0  672s
 302076 162156     cutoff  117      1192.83620  949.55308  20.4%   6.0  676s
 303167 163150     cutoff   91      1192.83620  949.68418  20.4%   6.0  680s
 305817 165264 1080.67111   76   29 1192.83620  949.87935  20.4%   6.0  687s
 307155 166348 1076.48956   94   10 1192.83620  950.04268  20.4%   6.0  690s
 309902 168053     cutoff  120      1192.83620  950.35549  20.3%   6.0  697s
 312375 170063  960.13034   52   34 1192.83620  950.57456  20.3%   6.0  702s
 313600 171001 1174.53702   68    6 1192.83620  950.69501  20.3%   6.0  705s
 315934 172347 1179.34159   50    8 1192.83620  950.96812  20.3%   6.0  712s
 316886 172862 1173.01672   91    - 1192.83620  951.05260  20.3%   6.0  715s
 318906 174534     cutoff  101      1192.83620  951.27156  20.3%   6.0  721s
 320207 175495     cutoff   95      1192.83620  951.42514  20.2%   6.0  725s
 322592 177300 1125.78676  109   28 1192.83620  951.65552  20.2%   6.0  731s
 323891 177890     cutoff  115      1192.83620  951.74793  20.2%   6.0  735s
 326093 179854 1111.99179   81   23 1192.83620  952.00295  20.2%   6.0  742s
 327405 180774     cutoff   91      1192.83620  952.07713  20.2%   6.0  745s
 329906 181950     cutoff   81      1192.83620  952.40360  20.2%   6.0  751s
H330102 181953                    1192.8361799  952.41249  20.2%   6.0  752s
 330674 182729 1168.52901   76   15 1192.83618  952.49723  20.1%   6.0  755s
 333014 184546     cutoff   79      1192.83618  952.74617  20.1%   6.0  761s
 335627 185653 1023.45361   66   33 1192.83618  952.95158  20.1%   6.0  776s
 336849 187393     cutoff  103      1192.83618  953.10124  20.1%   6.0  783s
 338136 188241     cutoff  110      1192.83618  953.22979  20.1%   6.0  786s
 339304 189293 1124.65243   63   17 1192.83618  953.31825  20.1%   6.0  790s
 341794 190892 1099.06675   81   20 1192.83618  953.49519  20.1%   6.0  797s
 342886 191751     cutoff   84      1192.83618  953.60486  20.1%   6.0  802s
 343985 192633 1061.21260   58   10 1192.83618  953.69447  20.0%   6.0  806s
 345165 193547     cutoff   82      1192.83618  953.79746  20.0%   6.0  810s
 347651 195256     cutoff   91      1192.83618  954.01491  20.0%   6.0  817s
 348792 196203 1119.47806   62    6 1192.83618  954.16369  20.0%   6.0  821s
 351178 197449 infeasible   70      1192.83618  954.36894  20.0%   6.0  829s
 351973 198132     cutoff   89      1192.83618  954.41877  20.0%   6.0  833s
 353032 198921     cutoff   91      1192.83618  954.46704  20.0%   6.0  836s
 354252 199944 1043.88737   64   19 1192.83618  954.55040  20.0%   6.0  840s
 355542 200622 1014.64463   54   23 1192.83618  954.69742  20.0%   6.0  845s
 356471 201328     cutoff   74      1192.83618  954.77360  20.0%   6.0  850s
 358481 202706 1157.60458   66   18 1192.83618  954.89086  19.9%   6.1  859s
 359762 203547 1127.15003   71   23 1192.83618  954.98984  19.9%   6.1  863s
 360954 204053     cutoff   89      1192.83618  955.16516  19.9%   6.1  867s
 361824 204792 1152.80031   75   18 1192.83618  955.23248  19.9%   6.1  872s
 362930 205586 1069.35404   82   26 1192.83618  955.31509  19.9%   6.1  877s
 364094 206193     cutoff  102      1192.83618  955.49113  19.9%   6.1  881s
 365180 207041     cutoff   92      1192.83618  955.60001  19.9%   6.1  886s
 366396 208038     cutoff   78      1192.83618  955.73096  19.9%   6.1  890s
 368976 209827     cutoff   66      1192.83618  955.86637  19.9%   6.1  898s
 370311 210821     cutoff   75      1192.83618  956.00054  19.9%   6.1  901s
 371653 211839     cutoff  105      1192.83618  956.06866  19.8%   6.1  906s
 374177 213514 1127.05104   65    6 1192.83618  956.31932  19.8%   6.1  913s
 375255 214313     cutoff   77      1192.83618  956.37716  19.8%   6.1  917s
 376468 215098 1060.10292   73   32 1192.83618  956.48463  19.8%   6.1  921s
 377629 216065 infeasible   71      1192.83618  956.59355  19.8%   6.1  925s
 380281 217921     cutoff  106      1192.83618  956.82181  19.8%   6.1  932s
 381583 218752 1030.94985   62   36 1192.83618  956.94536  19.8%   6.1  935s
 383890 219992 1150.62105   59   23 1192.83618  957.09057  19.8%   6.1  944s
 384758 220757     cutoff   89      1192.83618  957.13451  19.8%   6.1  950s
 386897 222415 1183.43368  108    - 1192.83618  957.33762  19.7%   6.1  957s
H387023 222419                    1192.8361452  957.33762  19.7%   6.1  957s
 388220 223244 infeasible  108      1192.83615  957.44126  19.7%   6.1  961s
 389425 224038     cutoff   88      1192.83615  957.56598  19.7%   6.1  966s
 390510 224967 1080.76385   82   22 1192.83615  957.64203  19.7%   6.1  970s
 391782 225579     cutoff  111      1192.83615  957.74483  19.7%   6.1  975s
 392748 226284     cutoff   80      1192.83615  957.82398  19.7%   6.1  980s
 393905 226970 1027.01116   56   17 1192.83615  957.85907  19.7%   6.1  985s
 395041 227926     cutoff   71      1192.83615  957.96362  19.7%   6.1  990s
 396219 228931 infeasible   70      1192.83615  958.05691  19.7%   6.1  995s
 398898 230712 1017.13441   44   26 1192.83615  958.24296  19.7%   6.1 1004s
 400037 231362 1159.03204   54   17 1192.83615  958.27040  19.7%   6.1 1008s
 401151 232062     cutoff   89      1192.83615  958.36701  19.7%   6.1 1013s
 402154 232979     cutoff   62      1192.83615  958.50971  19.6%   6.1 1017s
 403420 233577 1183.61640   95   19 1192.83615  958.52482  19.6%   6.1 1022s
 404448 234445 1107.65055   77   27 1192.83615  958.62201  19.6%   6.1 1026s
 405791 235394     cutoff   92      1192.83615  958.69550  19.6%   6.1 1033s
 407029 236430 1071.29200   79   25 1192.83615  958.82154  19.6%   6.1 1038s
 408365 237382     cutoff   87      1192.83615  958.92608  19.6%   6.1 1042s
 409527 238258     cutoff   87      1192.83615  959.00023  19.6%   6.1 1047s
 410788 239105 1169.29146   85   17 1192.83615  959.10856  19.6%   6.1 1052s
 412000 240044 1039.07807   62   10 1192.83615  959.20790  19.6%   6.1 1057s
 413347 240656     cutoff  100      1192.83615  959.28055  19.6%   6.1 1062s
 414181 241441     cutoff   64      1192.83615  959.34249  19.6%   6.1 1067s
 415408 242475 1113.34936   57   24 1192.83615  959.39672  19.6%   6.1 1071s
 416797 243315 1114.82228   86   24 1192.83615  959.49694  19.6%   6.1 1075s
 417924 244252     cutoff   84      1192.83615  959.59720  19.6%   6.1 1080s
 420434 246136     cutoff   80      1192.83615  959.77833  19.5%   6.1 1089s
 421709 247071 1131.00351   75   11 1192.83615  959.87406  19.5%   6.1 1094s
 423029 248013     cutoff   77      1192.83615  959.96375  19.5%   6.1 1100s
 424228 248892     cutoff  109      1192.83615  960.01808  19.5%   6.1 1105s
 425415 249402     cutoff   75      1192.83615  960.10679  19.5%   6.1 1111s
 426279 250368     cutoff   67      1192.83615  960.19660  19.5%   6.1 1115s
 427571 251011 1127.86023   85    - 1192.83615  960.29963  19.5%   6.1 1120s
 428485 251354     cutoff   85      1192.83615  960.35184  19.5%   6.1 1125s
 429316 251993     cutoff  118      1192.83615  960.36313  19.5%   6.1 1130s
 430327 252483 1149.08149  110   30 1192.83615  960.46292  19.5%   6.1 1136s
 431219 252541     cutoff   76      1192.83615  960.49356  19.5%   6.1 1152s
 431295 253342     cutoff   77      1192.83615  960.50455  19.5%   6.1 1157s
 432651 253786 1155.64360   90   30 1192.83615  960.64079  19.5%   6.1 1167s
 433399 254756  993.34018   52   39 1192.83615  960.68612  19.5%   6.1 1172s
 434770 255906  980.72871   77   18 1192.83615  960.76254  19.5%   6.1 1177s
 436317 256790 1089.21221   98   12 1192.83615  960.85362  19.4%   6.1 1182s
 437582 257268 1173.11736   84   30 1192.83615  960.95396  19.4%   6.1 1186s
 438250 257741     cutoff   72      1192.83615  961.01875  19.4%   6.1 1190s
 438886 258124     cutoff   72      1192.83615  961.03992  19.4%   6.1 1195s
 440260 259102 1117.10533   57   19 1192.83615  961.15089  19.4%   6.1 1204s
 440969 259906     cutoff   64      1192.83615  961.20322  19.4%   6.1 1211s
 442233 261067     cutoff   66      1192.83615  961.28316  19.4%   6.1 1218s
 443868 262229     cutoff   77      1192.83615  961.40850  19.4%   6.1 1224s
 445376 263315 1049.36404   52   16 1192.83615  961.51547  19.4%   6.1 1229s
 446875 264282     cutoff   80      1192.83615  961.59504  19.4%   6.1 1234s
 448176 264841 infeasible  106      1192.83615  961.68550  19.4%   6.1 1240s
 449200 265764 1085.33177   62   25 1192.83615  961.77994  19.4%   6.1 1246s
 450577 266510 1119.12953   61   20 1192.83615  961.86576  19.4%   6.1 1251s
 451792 267572 1096.75692   70   17 1192.83615  961.98033  19.4%   6.1 1257s
 453210 268179 1181.26969  107   21 1192.83615  962.06956  19.3%   6.1 1263s
 454232 269177     cutoff  112      1192.83615  962.10823  19.3%   6.2 1269s
 455582 270023 1175.78424   43   22 1192.83615  962.20491  19.3%   6.1 1274s
 456918 270750     cutoff   83      1192.83615  962.24837  19.3%   6.2 1279s
 458025 271286 1081.37074   46   14 1192.83615  962.33757  19.3%   6.2 1285s
 460564 273148 1165.68029  101   22 1192.83615  962.42394  19.3%   6.2 1294s
 461861 273972     cutoff  100      1192.83615  962.53258  19.3%   6.2 1299s
 463055 275015 1111.67099   86    9 1192.83615  962.62961  19.3%   6.2 1304s
 464503 275984     cutoff   92      1192.83615  962.74094  19.3%   6.2 1309s
 465833 276928 1173.28496   86   16 1192.83615  962.85910  19.3%   6.2 1314s
 467065 277940 1012.89478   59   23 1192.83615  962.94107  19.3%   6.2 1318s
 468437 278785     cutoff   87      1192.83615  963.03505  19.3%   6.2 1323s
 469631 279666     cutoff  111      1192.83615  963.08856  19.3%   6.2 1328s
 470934 279996 1099.11492   70   29 1192.83615  963.19965  19.3%   6.2 1335s
 471667 280867 1124.83240   53    8 1192.83615  963.24345  19.2%   6.2 1342s
 472953 281765     cutoff   81      1192.83615  963.31781  19.2%   6.2 1347s
 474215 282549     cutoff   51      1192.83615  963.45463  19.2%   6.2 1352s
 475477 283298 1074.96116   80   16 1192.83615  963.50429  19.2%   6.2 1358s
 476536 284152     cutoff   85      1192.83615  963.58126  19.2%   6.2 1364s
 477705 284617     cutoff   60      1192.83615  963.65266  19.2%   6.2 1372s
 478539 285422 1044.31615   57   12 1192.83615  963.68331  19.2%   6.2 1379s
 479709 286416 1148.41740   84   30 1192.83615  963.76179  19.2%   6.2 1385s
 481038 287195     cutoff  116      1192.83615  963.80684  19.2%   6.2 1391s
 482134 288010     cutoff   67      1192.83615  963.87896  19.2%   6.2 1398s
 483424 288983 infeasible   84      1192.83615  963.94057  19.2%   6.2 1403s
 484749 289953 1035.32132   56   34 1192.83615  964.04333  19.2%   6.2 1408s
 486058 290634     cutoff   77      1192.83615  964.08354  19.2%   6.2 1414s
 487074 291471 1152.70236   58   34 1192.83615  964.16033  19.2%   6.2 1419s
 488346 292302  997.95554   90   19 1192.83615  964.22693  19.2%   6.2 1423s
 489688 293075     cutoff  123      1192.83615  964.29354  19.2%   6.2 1429s
 490725 293901 1111.40408  110   23 1192.83615  964.36297  19.2%   6.2 1435s
 491979 294825 infeasible   60      1192.83615  964.42325  19.1%   6.2 1441s
 493260 295621     cutoff  104      1192.83615  964.47897  19.1%   6.2 1446s
 494448 296429     cutoff   72      1192.83615  964.56527  19.1%   6.2 1453s
 495524 297442     cutoff   77      1192.83615  964.63108  19.1%   6.2 1460s
 496887 298093 1170.55327   85   18 1192.83615  964.72025  19.1%   6.2 1467s
H497785 298119                    1192.8351640  964.73855  19.1%   6.2 1467s
 497960 298535 1184.20060   48   20 1192.83516  964.78152  19.1%   6.2 1471s
 498685 299011 1108.81516   78   26 1192.83516  964.83034  19.1%   6.2 1476s
 499332 299043 1040.12542   78   26 1192.83516  964.83247  19.1%   6.2 1488s
 499393 299953 1166.33874   93    - 1192.83516  964.86891  19.1%   6.2 1496s
 500654 300741     cutoff  110      1192.83516  964.93853  19.1%   6.2 1504s
 501800 301576     cutoff   82      1192.83516  965.01070  19.1%   6.2 1511s
 503057 302337 1141.70835   65   22 1192.83516  965.06186  19.1%   6.2 1519s
 504325 303301     cutoff   96      1192.83516  965.14438  19.1%   6.2 1527s
 505593 304302     cutoff   79      1192.83516  965.21550  19.1%   6.2 1534s
 507072 304865     cutoff   85      1192.83516  965.32467  19.1%   6.2 1542s
 507983 305675     cutoff   83      1192.83516  965.35839  19.1%   6.2 1549s
 509238 306532 1073.07105   72   37 1192.83516  965.43620  19.1%   6.2 1555s
 510603 307437     cutoff   84      1192.83516  965.53585  19.1%   6.2 1562s
 511904 308117     cutoff   75      1192.83516  965.60327  19.0%   6.2 1570s
 513011 308936     cutoff   95      1192.83516  965.66002  19.0%   6.2 1576s
 514280 309848     cutoff   87      1192.83516  965.73350  19.0%   6.2 1582s
 515599 310822 1184.53366   87   28 1192.83516  965.82030  19.0%   6.2 1588s
 516931 311792 1103.54127   69   17 1192.83516  965.90333  19.0%   6.2 1593s
 518277 312644     cutoff  100      1192.83516  965.98613  19.0%   6.2 1599s
 519527 313332 1157.78046   68   33 1192.83516  966.04091  19.0%   6.2 1606s
 520699 314262     cutoff   75      1192.83516  966.12500  19.0%   6.2 1613s
 522102 314961     cutoff   95      1192.83516  966.22058  19.0%   6.2 1620s
 523307 315544 1095.58484   76   12 1192.83516  966.28995  19.0%   6.2 1626s
 524410 316274     cutoff   84      1192.83516  966.34201  19.0%   6.2 1633s
 525401 317267     cutoff   94      1192.83516  966.44536  19.0%   6.2 1638s
 526857 318243     cutoff   85      1192.83516  966.53219  19.0%   6.2 1643s
 528267 319136     cutoff  103      1192.83516  966.60773  19.0%   6.2 1649s
 529536 320055     cutoff   83      1192.83516  966.66461  19.0%   6.2 1654s
 530818 321004     cutoff   92      1192.83516  966.74935  19.0%   6.2 1659s
 532194 321918     cutoff   88      1192.83516  966.82415  18.9%   6.2 1664s
 533534 322871 1183.74685   65   26 1192.83516  966.89376  18.9%   6.2 1670s
 534861 323653     cutoff   84      1192.83516  966.94119  18.9%   6.2 1676s
 536084 324572 infeasible  105      1192.83516  967.03304  18.9%   6.2 1681s
 537354 325270 infeasible   74      1192.83516  967.10076  18.9%   6.2 1687s
 538351 326166 1088.17721   52   26 1192.83516  967.15861  18.9%   6.2 1694s
 539636 326898     cutoff   89      1192.83516  967.20490  18.9%   6.2 1699s
 540745 327701     cutoff   76      1192.83516  967.29399  18.9%   6.2 1704s
 541868 328628 1040.68736   60   24 1192.83516  967.37752  18.9%   6.2 1710s
 543221 329309     cutoff   82      1192.83516  967.42838  18.9%   6.2 1715s
 544375 330169 1052.01103  115   19 1192.83516  967.48720  18.9%   6.2 1720s
 545581 330223 1101.49917   82   23 1192.83516  967.55947  18.9%   6.2 1735s
 545652 330810     cutoff   89      1192.83516  967.57752  18.9%   6.2 1742s
 546779 331610 1191.33705   65    6 1192.83516  967.63791  18.9%   6.2 1749s
 547926 332007     cutoff   84      1192.83516  967.68829  18.9%   6.2 1757s
 548658 332835     cutoff   50      1192.83516  967.74799  18.9%   6.2 1765s
 549871 333721 1030.08258   73   24 1192.83516  967.77811  18.9%   6.2 1772s
 551103 334512     cutoff   98      1192.83516  967.88116  18.9%   6.2 1778s
 552256 335532     cutoff   56      1192.83516  967.93329  18.9%   6.2 1786s
 553650 336449 infeasible   75      1192.83516  967.97179  18.9%   6.2 1793s
 554954 337188 1035.60400   52   20 1192.83516  968.04372  18.8%   6.2 1801s
 556017 337906 1148.15645   67   11 1192.83516  968.13705  18.8%   6.2 1809s
 557201 338755 1132.46726   65   27 1192.83516  968.20163  18.8%   6.2 1817s
 558457 339504 1129.95384   98   27 1192.83516  968.27681  18.8%   6.2 1825s
 559631 340165     cutoff   75      1192.83516  968.35004  18.8%   6.2 1834s
 560821 341144 1171.47891  106    - 1192.83516  968.40588  18.8%   6.2 1841s
 562095 342074 infeasible  110      1192.83516  968.45175  18.8%   6.2 1848s
 563377 342820 1053.68873   76   19 1192.83516  968.54204  18.8%   6.2 1855s
 564489 343793 1081.67847  107   20 1192.83516  968.55212  18.8%   6.2 1860s
 565892 344698 1186.99240  117    6 1192.83516  968.65417  18.8%   6.2 1865s
 567170 345611     cutoff  118      1192.83516  968.78567  18.8%   6.2 1871s
 568554 346330     cutoff   82      1192.83516  968.84032  18.8%   6.2 1877s
 569710 346935 1018.50773   54   27 1192.83516  968.90723  18.8%   6.2 1883s
 570682 347842     cutoff   96      1192.83516  968.96644  18.8%   6.2 1888s
 571957 348354 1154.14427   88   24 1192.83516  969.05963  18.8%   6.2 1894s
 573045 349305 infeasible   93      1192.83516  969.11144  18.8%   6.3 1900s
 574389 349944 1109.29156   44   29 1192.83516  969.20943  18.7%   6.3 1906s
 575372 350494     cutoff   60      1192.83516  969.27093  18.7%   6.3 1915s
 576302 351095     cutoff   81      1192.83516  969.34150  18.7%   6.3 1922s
 577314 351931 1151.77162   72   18 1192.83516  969.36272  18.7%   6.3 1929s
 578529 352726 1075.03876   67   21 1192.83516  969.45804  18.7%   6.3 1936s
 579705 353418     cutoff  113      1192.83516  969.50824  18.7%   6.3 1944s
 580902 354345  978.12537   55   42 1192.83516  969.58349  18.7%   6.3 1950s
 582322 355159     cutoff   85      1192.83516  969.64218  18.7%   6.3 1957s
 583529 356026     cutoff   75      1192.83516  969.70680  18.7%   6.3 1963s
 584781 357162     cutoff   91      1192.83516  969.79721  18.7%   6.3 1969s
 586286 358010 1033.80877   69   22 1192.83516  969.88090  18.7%   6.3 1976s
 587513 358960     cutoff  103      1192.83516  969.95450  18.7%   6.3 1981s
 588893 359539     cutoff   94      1192.83516  970.03229  18.7%   6.3 1988s
 589821 360296     cutoff   70      1192.83516  970.07239  18.7%   6.3 1994s
 590956 361026 infeasible   67      1192.83516  970.16846  18.7%   6.3 2001s
 592119 361638     cutoff  107      1192.83516  970.23154  18.7%   6.3 2008s
 593135 362492     cutoff   74      1192.83516  970.26830  18.7%   6.3 2014s
 594398 363418 1175.64740   86   33 1192.83516  970.34064  18.7%   6.3 2021s
 595805 364119     cutoff   63      1192.83516  970.41581  18.6%   6.3 2028s
 596745 365124     cutoff   71      1192.83516  970.47444  18.6%   6.3 2035s
 598075 366000     cutoff   68      1192.83516  970.52418  18.6%   6.3 2042s
 599443 366963     cutoff   85      1192.83516  970.60528  18.6%   6.3 2048s
 600758 367969     cutoff   96      1192.83516  970.68058  18.6%   6.3 2055s
 602147 368012 1171.91940   69   25 1192.83516  970.75236  18.6%   6.3 2071s
 602223 368516 1038.73778   75   26 1192.83516  970.77735  18.6%   6.3 2076s
 602949 369355 1059.25813   70   24 1192.83516  970.81195  18.6%   6.3 2083s
 604136 370242 1090.47309   55   23 1192.83516  970.86456  18.6%   6.3 2090s
 605408 371222 1159.57640  100   18 1192.83516  970.94835  18.6%   6.3 2097s
 606762 372041     cutoff   94      1192.83516  971.02979  18.6%   6.3 2103s
 608094 372998     cutoff   59      1192.83516  971.10846  18.6%   6.3 2109s
 609538 373831     cutoff   72      1192.83516  971.17852  18.6%   6.3 2115s
 610805 374773 1142.87541   70   27 1192.83516  971.23622  18.6%   6.3 2122s
 612187 375748 1071.84743   60   14 1192.83516  971.28171  18.6%   6.3 2128s
 613561 376627     cutoff   68      1192.83516  971.36315  18.6%   6.3 2133s
 614765 377512 1191.23049   53   10 1192.83516  971.42980  18.6%   6.3 2139s
 616081 378294 1168.67095   99   18 1192.83516  971.51032  18.6%   6.3 2151s
 617226 379177     cutoff  101      1192.83516  971.58850  18.5%   6.3 2157s
 618507 379966     cutoff   87      1192.83516  971.63405  18.5%   6.3 2162s
 619713 380985 1148.47360   66    9 1192.83516  971.70734  18.5%   6.3 2168s
 621153 381797     cutoff   83      1192.83516  971.77672  18.5%   6.3 2174s
 622417 382311     cutoff   68      1192.83516  971.85687  18.5%   6.3 2181s
 623362 383157 1135.43893   69   28 1192.83516  971.89005  18.5%   6.3 2187s
 624692 383566 1185.77420   88    8 1192.83516  971.96891  18.5%   6.3 2196s
 625413 384286 1118.35422   90   31 1192.83516  972.00629  18.5%   6.3 2204s
 626532 385219     cutoff  106      1192.83516  972.05067  18.5%   6.3 2212s
 627862 386191     cutoff   92      1192.83516  972.12539  18.5%   6.3 2220s
 629214 387119 1181.34940   63   26 1192.83516  972.19323  18.5%   6.3 2229s
 630450 387867     cutoff  100      1192.83516  972.24431  18.5%   6.3 2235s
 631604 388385  991.49184   55   25 1192.83516  972.28825  18.5%   6.3 2240s
 632286 389437 1058.63018   86   32 1192.83516  972.32905  18.5%   6.3 2247s
 633725 390249 1142.86431   81   28 1192.83516  972.38588  18.5%   6.3 2254s
 634886 390940 1156.60228   54   13 1192.83516  972.45016  18.5%   6.3 2261s
 636031 391745     cutoff  105      1192.83516  972.51209  18.5%   6.3 2268s
 637203 392669     cutoff   96      1192.83516  972.55540  18.5%   6.3 2275s
 638537 393249     cutoff   84      1192.83516  972.61475  18.5%   6.3 2281s
 639647 394278 1175.81117   86    6 1192.83516  972.66648  18.5%   6.3 2288s
 641146 395211     cutoff   88      1192.83516  972.76862  18.4%   6.3 2294s
 642458 396141 1084.53236   73   13 1192.83516  972.85022  18.4%   6.3 2301s
 643723 397080     cutoff   85      1192.83516  972.89862  18.4%   6.3 2307s
 645134 397905     cutoff   72      1192.83516  972.94463  18.4%   6.3 2314s
 646355 398727     cutoff   64      1192.83516  972.99733  18.4%   6.3 2322s
 647588 399377     cutoff   74      1192.83516  973.02313  18.4%   6.3 2328s
 648575 400105 1095.97006   49   24 1192.83516  973.10173  18.4%   6.3 2335s
 649663 400758 1108.70449   61   22 1192.83516  973.16295  18.4%   6.3 2342s
 650803 401566 1097.46023   68   29 1192.83516  973.19351  18.4%   6.3 2350s
 651871 402236     cutoff   90      1192.83516  973.23380  18.4%   6.3 2359s
 653038 402813     cutoff   97      1192.83516  973.28220  18.4%   6.3 2368s
 653979 403526     cutoff   95      1192.83516  973.30834  18.4%   6.3 2377s
H654199 403530                    1192.8350468  973.31118  18.4%   6.3 2377s
 655256 404139 1046.52255   46   31 1192.83505  973.36907  18.4%   6.3 2388s
 656410 405114 infeasible   80      1192.83505  973.44064  18.4%   6.3 2397s
 657731 405850 1168.21640   90    9 1192.83505  973.49560  18.4%   6.3 2406s
 659004 406624 1176.96911   68    9 1192.83505  973.56488  18.4%   6.3 2415s
 660215 407200 1130.70336   75   23 1192.83505  973.59521  18.4%   6.3 2423s
 661379 407981     cutoff   84      1192.83505  973.66276  18.4%   6.3 2431s
 662667 408571     cutoff   92      1192.83505  973.72558  18.4%   6.3 2439s
 663731 409637 infeasible   89      1192.83505  973.76800  18.4%   6.3 2446s
 665230 410177 1155.68892   89    6 1192.83505  973.86019  18.4%   6.3 2454s
 666128 411028     cutoff   92      1192.83505  973.90762  18.4%   6.3 2461s
 667329 411862 1130.27942  107   36 1192.83505  973.94229  18.4%   6.3 2468s
 668626 412949 1150.21245   55   23 1192.83505  974.01186  18.3%   6.3 2475s
 670135 413925     cutoff  100      1192.83505  974.09619  18.3%   6.3 2483s
 671562 414843     cutoff   83      1192.83505  974.13052  18.3%   6.3 2490s
 672890 415616     cutoff   86      1192.83505  974.20106  18.3%   6.3 2498s
 674034 416565     cutoff  127      1192.83505  974.22701  18.3%   6.3 2506s
H674730 416572                    1192.8342653  974.25477  18.3%   6.3 2506s
 675380 417304     cutoff   82      1192.83427  974.28942  18.3%   6.3 2513s
 676506 418222     cutoff   73      1192.83427  974.34527  18.3%   6.3 2521s
 677883 419049     cutoff  117      1192.83427  974.43947  18.3%   6.3 2528s
 679102 419906     cutoff   86      1192.83427  974.49473  18.3%   6.3 2537s
 680372 420754     cutoff   97      1192.83427  974.53032  18.3%   6.3 2545s
 681696 421770 1091.00046   38   18 1192.83427  974.58772  18.3%   6.3 2552s
 683108 422527 1178.43080   77   22 1192.83427  974.66468  18.3%   6.3 2561s
 684184 423283     cutoff   82      1192.83427  974.70614  18.3%   6.3 2567s
 685458 424020 1066.07671   55   18 1192.83427  974.76976  18.3%   6.3 2575s
 686555 424513 1110.63393   54   18 1192.83427  974.84903  18.3%   6.3 2583s
 687419 425238     cutoff   72      1192.83427  974.86251  18.3%   6.3 2591s
 688522 426022 1179.70871   99   10 1192.83427  974.87086  18.3%   6.3 2598s
 689725 427172 1102.73521   69   28 1192.83427  974.96975  18.3%   6.3 2605s
 691275 427957     cutoff   89      1192.83427  975.03442  18.3%   6.3 2612s
 692548 428765 1127.20029   59   10 1192.83427  975.10499  18.3%   6.3 2618s
 693763 429392     cutoff   78      1192.83427  975.16955  18.2%   6.3 2627s
 694773 430048     cutoff   85      1192.83427  975.22321  18.2%   6.3 2637s
 695907 431026     cutoff   91      1192.83427  975.24203  18.2%   6.3 2645s
 697238 431883     cutoff   95      1192.83427  975.30309  18.2%   6.3 2653s
 698559 432861 infeasible   91      1192.83427  975.34648  18.2%   6.3 2661s
 699957 433737 1146.52287   63   16 1192.83427  975.42088  18.2%   6.3 2669s
 701174 434667     cutoff   71      1192.83427  975.48152  18.2%   6.3 2677s
 702575 435288     cutoff   70      1192.83427  975.56254  18.2%   6.3 2684s
 703581 436099 1031.54129   39   22 1192.83427  975.60289  18.2%   6.3 2692s
 704809 436812     cutoff   62      1192.83427  975.67173  18.2%   6.3 2701s
 705852 437640 1176.90068   84   19 1192.83427  975.71794  18.2%   6.3 2710s
 707083 438214 1156.84461  143   16 1192.83427  975.78930  18.2%   6.3 2720s
 708121 439029     cutoff  148      1192.83427  975.82807  18.2%   6.4 2728s
 709428 439890 infeasible   77      1192.83427  975.87523  18.2%   6.4 2737s
 710836 440853 1155.84726   69   22 1192.83427  975.93380  18.2%   6.4 2745s
 712197 441380     cutoff   98      1192.83427  975.98576  18.2%   6.4 2753s
 713267 441973     cutoff   91      1192.83427  976.00945  18.2%   6.4 2762s
 714294 442514 1036.72097   52   31 1192.83427  976.06913  18.2%   6.4 2770s
 715134 443280 1103.17044   60   25 1192.83427  976.09755  18.2%   6.4 2779s
 716362 444020 1104.76912   89   33 1192.83427  976.14582  18.2%   6.4 2790s
 717617 444900 1190.92453   92   22 1192.83427  976.17771  18.2%   6.4 2799s
 719046 445830 1117.97177   68   19 1192.83427  976.23273  18.2%   6.4 2806s
 720498 445876     cutoff   98      1192.83427  976.29440  18.2%   6.4 2822s
 720573 446504     cutoff   62      1192.83427  976.32060  18.2%   6.4 2829s
 721576 447137     cutoff  105      1192.83427  976.34555  18.1%   6.4 2838s
 722814 447726     cutoff   81      1192.83427  976.37920  18.1%   6.4 2847s
 723757 448250     cutoff   56      1192.83427  976.43335  18.1%   6.4 2856s
 724889 448963     cutoff   52      1192.83427  976.47863  18.1%   6.4 2865s
 726024 449566     cutoff   97      1192.83427  976.53566  18.1%   6.4 2874s
 727251 450414     cutoff  112      1192.83427  976.56275  18.1%   6.4 2882s
 728598 451553 1123.07609   98   34 1192.83427  976.64373  18.1%   6.4 2890s
 730176 452421 1151.06577  105   31 1192.83427  976.70732  18.1%   6.4 2897s
 731679 453306 1188.63369   56    6 1192.83427  976.77809  18.1%   6.4 2904s
 733032 454130 1099.36903   65   15 1192.83427  976.84436  18.1%   6.4 2912s
 734365 455061 1091.05836   91   25 1192.83427  976.89026  18.1%   6.4 2919s
 735705 456017 1075.05765   71   30 1192.83427  976.93118  18.1%   6.4 2928s
 737104 456847     cutoff   96      1192.83427  976.99219  18.1%   6.4 2936s
 738366 457760 1135.41379   82   29 1192.83427  977.05301  18.1%   6.4 2944s
 739827 458646     cutoff   93      1192.83427  977.11699  18.1%   6.4 2953s
 741083 459473     cutoff   80      1192.83427  977.16646  18.1%   6.4 2961s
 742354 460024     cutoff   78      1192.83427  977.21849  18.1%   6.4 2970s
 743375 460647 1140.40169   78   18 1192.83427  977.23451  18.1%   6.4 2977s
 744267 461592 1113.54103   48   11 1192.83427  977.30154  18.1%   6.4 2987s
 745617 462382 1086.72315   65   22 1192.83427  977.33455  18.1%   6.4 2996s
 746943 463184 1028.53849   51   29 1192.83427  977.40870  18.1%   6.4 3005s
 748132 464034     cutoff   81      1192.83427  977.43455  18.1%   6.4 3015s
 749418 465056 infeasible   77      1192.83427  977.51484  18.1%   6.4 3025s
 750838 465850 infeasible   84      1192.83427  977.55286  18.0%   6.4 3033s
 752116 466789 infeasible  106      1192.83427  977.60891  18.0%   6.4 3041s
 753545 467566 1094.77875   71   23 1192.83427  977.65799  18.0%   6.4 3048s
 754760 468530 1044.81548   53   16 1192.83427  977.71042  18.0%   6.4 3055s
 756175 469297     cutoff   85      1192.83427  977.76444  18.0%   6.4 3063s
 757476 470239 1028.26249   46   19 1192.83427  977.78548  18.0%   6.4 3071s
 758790 470904     cutoff  138      1192.83427  977.84975  18.0%   6.4 3079s
 759829 471698 1120.30735   93   33 1192.83427  977.89431  18.0%   6.4 3087s
 761053 472676 infeasible   77      1192.83427  977.93349  18.0%   6.4 3095s
 762341 473113     cutoff   99      1192.83427  977.97726  18.0%   6.4 3105s
 763133 473686 1130.65243  105   24 1192.83427  978.00642  18.0%   6.4 3114s
 764160 474310     cutoff   90      1192.83427  978.03167  18.0%   6.4 3124s
 765267 475174 1072.42960   58   20 1192.83427  978.08141  18.0%   6.4 3132s
 766576 475814 1145.12287   76    - 1192.83427  978.12681  18.0%   6.4 3141s
 767652 476355     cutoff   76      1192.83427  978.18855  18.0%   6.4 3151s
 768564 476835 1120.88830   87   23 1192.83427  978.23269  18.0%   6.4 3161s
 769589 477393     cutoff   87      1192.83427  978.26256  18.0%   6.4 3170s
 770604 478180     cutoff   95      1192.83427  978.28821  18.0%   6.4 3181s
 771957 479083 infeasible   81      1192.83427  978.34799  18.0%   6.4 3192s
 773325 480054     cutoff   96      1192.83427  978.41026  18.0%   6.4 3202s
 774788 481151 1069.63010   63   29 1192.83427  978.48163  18.0%   6.4 3214s
 776338 482168     cutoff   79      1192.83427  978.51883  18.0%   6.4 3222s
 777749 482914 1067.92823   82   31 1192.83427  978.57488  18.0%   6.4 3231s
 779007 483751     cutoff   91      1192.83427  978.62386  18.0%   6.4 3239s
 780198 484646     cutoff   78      1192.83427  978.68299  18.0%   6.4 3248s
H780413 484644                    1192.8337409  978.68667  18.0%   6.4 3248s
 781519 485422 1070.60050   61   35 1192.83374  978.72768  17.9%   6.4 3256s
 782743 486365     cutoff   81      1192.83374  978.76608  17.9%   6.4 3264s
 784094 487254     cutoff   91      1192.83374  978.83031  17.9%   6.4 3272s
 785438 488144 1182.63587   60   14 1192.83374  978.90456  17.9%   6.4 3279s
 786861 489000 1130.81170   85   14 1192.83374  978.94838  17.9%   6.4 3287s
 788141 489981     cutoff  100      1192.83374  978.99206  17.9%   6.4 3295s
 789570 490778     cutoff   70      1192.83374  979.05072  17.9%   6.4 3306s
 790683 491307 1185.95320   96   37 1192.83374  979.10477  17.9%   6.4 3316s
 791688 492218     cutoff   98      1192.83374  979.13124  17.9%   6.4 3324s
 793106 492986     cutoff   75      1192.83374  979.19711  17.9%   6.4 3332s
 794221 493921 1129.56038   50   30 1192.83374  979.23411  17.9%   6.4 3340s
 795628 494678 1102.70416   52   31 1192.83374  979.30486  17.9%   6.4 3347s
 796923 495532 1039.76820   44   26 1192.83374  979.39705  17.9%   6.4 3355s
 798256 496332     cutoff   96      1192.83374  979.44130  17.9%   6.4 3364s
 799451 496951 1164.14433   96   17 1192.83374  979.50834  17.9%   6.4 3374s
 800522 497757     cutoff   64      1192.83374  979.55651  17.9%   6.4 3382s
 801644 498303     cutoff  101      1192.83374  979.61671  17.9%   6.4 3392s
 802678 498847 1116.55448   88   19 1192.83374  979.65277  17.9%   6.4 3401s
 803800 498931 1074.75782   87   23 1192.83374  979.66519  17.9%   6.4 3418s
 803892 499727     cutoff   89      1192.83374  979.68621  17.9%   6.4 3426s
 805130 500686 1064.56031   49   30 1192.83374  979.74157  17.9%   6.4 3434s
 806576 501428 1155.06888   76   26 1192.83374  979.78388  17.9%   6.4 3443s
 807675 502148 1184.61691   77   14 1192.83374  979.83613  17.9%   6.4 3452s
 808956 502829 1117.46218   69   24 1192.83374  979.85940  17.9%   6.4 3460s
 810145 503687 1088.09414   72   13 1192.83374  979.94512  17.8%   6.4 3469s
 811399 504706     cutoff   83      1192.83374  979.99104  17.8%   6.4 3479s
 812850 505405 1167.35171   48    6 1192.83374  980.02977  17.8%   6.4 3489s
 813916 506285 1062.57870   96   27 1192.83374  980.05382  17.8%   6.4 3500s
 815225 507047     cutoff  131      1192.83374  980.12126  17.8%   6.4 3511s
 816420 507651 1116.37510   43   15 1192.83374  980.12126  17.8%   6.4 3520s
 817633 508449     cutoff   65      1192.83374  980.16834  17.8%   6.4 3529s
 818884 509465 1154.44415   78   28 1192.83374  980.22897  17.8%   6.4 3540s
 820325 510164 1190.73180   65    - 1192.83374  980.27188  17.8%   6.4 3552s
 821456 510979     cutoff  106      1192.83374  980.30794  17.8%   6.4 3563s
 822677 511751 infeasible   59      1192.83374  980.33486  17.8%   6.4 3573s
 823946 512510     cutoff   71      1192.83374  980.38744  17.8%   6.4 3581s
 825221 512586     cutoff   93      1192.83374  980.42660  17.8%   6.4 3599s
 825341 513510 1068.27657   60   25 1192.83374  980.43826  17.8%   6.4 3607s
 826733 514334     cutoff   76      1192.83374  980.50357  17.8%   6.4 3615s
 828109 515358 1179.00330   72   13 1192.83374  980.54838  17.8%   6.4 3623s
 829577 516095 1026.39203   50   33 1192.83374  980.59060  17.8%   6.4 3632s
 830678 517079     cutoff   77      1192.83374  980.62749  17.8%   6.4 3640s
 832196 517818     cutoff   68      1192.83374  980.70571  17.8%   6.4 3647s
 833285 518542 1133.34693   69   18 1192.83374  980.75586  17.8%   6.4 3657s
 834566 519418     cutoff   63      1192.83374  980.80182  17.8%   6.4 3666s
 835841 520375 1086.77669   62   10 1192.83374  980.84720  17.8%   6.4 3675s
 837257 521271     cutoff   84      1192.83374  980.87720  17.8%   6.4 3684s
 838540 522215 1118.06617   60   19 1192.83374  980.93570  17.8%   6.4 3693s
 839905 522762 1101.31861   69    - 1192.83374  980.97462  17.8%   6.4 3701s
 840882 523620     cutoff   86      1192.83374  981.01568  17.8%   6.4 3711s
 842247 524554 1066.19226   66   19 1192.83374  981.08983  17.8%   6.4 3723s
 843626 525217     cutoff   91      1192.83374  981.14065  17.7%   6.4 3734s
 844789 525964 1087.68886   61   16 1192.83374  981.19916  17.7%   6.4 3746s
 846029 526542 1137.60965   76   31 1192.83374  981.24141  17.7%   6.4 3758s
 847173 527225     cutoff   83      1192.83374  981.28821  17.7%   6.4 3768s
 848356 527793 1096.66184   75   19 1192.83374  981.34177  17.7%   6.4 3778s
 849367 528675 1163.86818  119   22 1192.83374  981.37575  17.7%   6.4 3791s
 850680 529473 1151.23141   70   21 1192.83374  981.41441  17.7%   6.5 3801s
 851888 530092 1065.31958   49   20 1192.83374  981.47881  17.7%   6.5 3810s
 853047 530869 1135.53596   76   27 1192.83374  981.52777  17.7%   6.5 3822s
 854339 531681 1108.74436   95    - 1192.83374  981.54849  17.7%   6.5 3831s
 855617 532294 1105.26585   64   13 1192.83374  981.62361  17.7%   6.5 3842s
 856687 533153     cutoff   69      1192.83374  981.65665  17.7%   6.5 3852s
 858045 534093 1115.00041   71   24 1192.83374  981.70490  17.7%   6.5 3861s
 859352 534880     cutoff   79      1192.83374  981.74579  17.7%   6.5 3870s
 860738 535731     cutoff   89      1192.83374  981.79444  17.7%   6.5 3880s
 862014 536412 1189.80888  110   22 1192.83374  981.85035  17.7%   6.5 3890s
 863140 537196     cutoff   56      1192.83374  981.90019  17.7%   6.5 3899s
 864457 537803  992.51483   59   15 1192.83374  981.94496  17.7%   6.5 3909s
 865034 537814 1044.28287   55   28 1192.83374  981.95342  17.7%   6.5 3910s
 865495 538573     cutoff   93      1192.83374  981.97237  17.7%   6.5 3919s
 866639 539525     cutoff   75      1192.83374  982.00761  17.7%   6.5 3927s
 868142 540252 1077.24030   65   22 1192.83374  982.07324  17.7%   6.5 3938s
 869349 541103 1045.05385   79   14 1192.83374  982.13457  17.7%   6.5 3948s
 870736 542032 1069.90433   78   20 1192.83374  982.16877  17.7%   6.5 3956s
 872169 542560 1152.78718   74   25 1192.83374  982.21638  17.7%   6.5 3966s
 873214 543262 1095.28207   74   18 1192.83374  982.26685  17.7%   6.5 3974s
 874357 544322 1171.37729   86   25 1192.83374  982.29119  17.7%   6.5 3983s
 875882 544934     cutoff   84      1192.83374  982.34214  17.6%   6.5 3996s
 876930 545731 infeasible  103      1192.83374  982.38731  17.6%   6.5 4007s
 878303 546345 1162.45326   89   23 1192.83374  982.42899  17.6%   6.5 4019s
 879352 546910 1158.42805   56   14 1192.83374  982.47764  17.6%   6.5 4033s
 880405 547563 infeasible   70      1192.83374  982.51039  17.6%   6.5 4045s
 881610 548330 1149.93701   70   10 1192.83374  982.53512  17.6%   6.5 4056s
 882844 549134 1157.69838   65   20 1192.83374  982.60059  17.6%   6.5 4065s
 884122 550193     cutoff   93      1192.83374  982.65304  17.6%   6.5 4074s
 885678 551069 1131.92824   79   25 1192.83374  982.70748  17.6%   6.5 4084s
 886973 551957     cutoff   98      1192.83374  982.74975  17.6%   6.5 4095s
 888257 552751 1121.58839   57   17 1192.83374  982.80930  17.6%   6.5 4107s
 889524 553644     cutoff   69      1192.83374  982.84104  17.6%   6.5 4117s
 890983 554397 1152.68048   65   15 1192.83374  982.87845  17.6%   6.5 4129s
 892183 555004 1115.62392  103   29 1192.83374  982.90888  17.6%   6.5 4143s
 893175 555623     cutoff  124      1192.83374  982.95304  17.6%   6.5 4156s
 894332 556123     cutoff   79      1192.83374  982.96604  17.6%   6.5 4170s
 895303 556605 1104.27569   90   20 1192.83374  983.01263  17.6%   6.5 4183s
 896035 557461     cutoff  100      1192.83374  983.02768  17.6%   6.5 4194s
 897327 558493     cutoff   63      1192.83374  983.06502  17.6%   6.5 4206s
 898939 559395     cutoff   73      1192.83374  983.10705  17.6%   6.5 4217s
 900365 560396 1168.26719   55   18 1192.83374  983.15167  17.6%   6.5 4229s
 901855 561430 1187.08971   82   12 1192.83374  983.19852  17.6%   6.5 4239s
 902550 561437     cutoff   86      1192.83374  983.21322  17.6%   6.5 4240s
 903287 562386     cutoff   90      1192.83374  983.26030  17.6%   6.5 4249s
 904695 563131 1189.22801  100    6 1192.83374  983.29901  17.6%   6.5 4260s
 905962 563847     cutoff   51      1192.83374  983.32640  17.6%   6.5 4269s
 907205 564601 1049.03057   70   40 1192.83374  983.38473  17.6%   6.5 4279s
 908487 565372 infeasible   95      1192.83374  983.42358  17.6%   6.5 4287s
 909652 566482 infeasible   98      1192.83374  983.46077  17.6%   6.5 4297s
 911232 567176 1122.07642   51   14 1192.83374  983.50709  17.5%   6.5 4307s
 912447 567989 1167.72113   68   25 1192.83374  983.55239  17.5%   6.5 4317s
 913780 568834 1113.76931   71   12 1192.83374  983.61282  17.5%   6.5 4327s
 915012 569494     cutoff   82      1192.83374  983.65635  17.5%   6.5 4339s
 916125 570006 1138.79827   75   32 1192.83374  983.68935  17.5%   6.5 4351s
 917173 570887     cutoff   84      1192.83374  983.72260  17.5%   6.5 4364s
 918396 571438     cutoff   93      1192.83374  983.75529  17.5%   6.5 4373s
 919592 571885     cutoff   74      1192.83374  983.78665  17.5%   6.5 4382s
 920497 572684     cutoff  104      1192.83374  983.82362  17.5%   6.5 4391s
 921766 573546     cutoff   73      1192.83374  983.87040  17.5%   6.5 4404s
 923116 574594     cutoff   82      1192.83374  983.91484  17.5%   6.5 4415s
 924671 575322 1098.42989   90   11 1192.83374  983.95501  17.5%   6.5 4427s
 926007 575968 1185.37660  100   17 1192.83374  983.99194  17.5%   6.5 4439s
 927216 576644     cutoff   70      1192.83374  984.01954  17.5%   6.5 4450s
 928407 577698 1057.20309   60   28 1192.83374  984.06226  17.5%   6.5 4462s
 929998 578454 1037.29298   64   26 1192.83374  984.11814  17.5%   6.5 4474s
 931220 579094 1084.20613   67   16 1192.83374  984.15624  17.5%   6.5 4486s
 932483 579696     cutoff   60      1192.83374  984.19117  17.5%   6.5 4498s
 933423 580399 1181.99555   72   15 1192.83374  984.23156  17.5%   6.5 4510s
 934645 581066 1157.42681   63   14 1192.83374  984.26102  17.5%   6.5 4522s
 935782 581943     cutoff   84      1192.83374  984.29779  17.5%   6.5 4534s
 937163 582790 1133.75890   75   29 1192.83374  984.35229  17.5%   6.5 4546s
 938580 583596 1023.92107   59   23 1192.83374  984.39580  17.5%   6.5 4556s
 939775 584302 infeasible   51      1192.83374  984.43688  17.5%   6.5 4564s
 940927 585256     cutoff   54      1192.83374  984.48416  17.5%   6.5 4574s
 942466 586139     cutoff   63      1192.83374  984.54090  17.5%   6.5 4583s
 943949 586869 1128.70738   72   30 1192.83374  984.59438  17.5%   6.5 4594s
 945160 586958 1151.67466   66   21 1192.83374  984.62300  17.5%   6.5 4625s
 945261 587602 1074.65595   65   18 1192.83374  984.62673  17.5%   6.5 4635s
 946287 588402     cutoff   65      1192.83374  984.65946  17.5%   6.5 4646s
 947655 589297     cutoff   79      1192.83374  984.71072  17.4%   6.5 4658s
 949033 590034     cutoff   93      1192.83374  984.75674  17.4%   6.5 4671s
 950315 591013 1106.54394   81   27 1192.83374  984.80371  17.4%   6.5 4681s
 951895 591638 1142.05445   62   23 1192.83374  984.85703  17.4%   6.5 4693s
 952998 592442     cutoff   79      1192.83374  984.88313  17.4%   6.5 4703s
 954396 593436     cutoff   95      1192.83374  984.93304  17.4%   6.5 4711s
 955827 594008     cutoff   84      1192.83374  984.96994  17.4%   6.5 4724s
 956766 594793 1077.51649   94   22 1192.83374  985.00387  17.4%   6.5 4734s
 958056 595661     cutoff  126      1192.83374  985.01993  17.4%   6.5 4745s
 959421 596547 1139.75578   62   20 1192.83374  985.09297  17.4%   6.5 4754s
 960883 596992     cutoff   71      1192.83374  985.16875  17.4%   6.5 4766s
 961757 597614 1186.98796   53   23 1192.83374  985.18621  17.4%   6.5 4775s
 962685 598679 1149.07106   95   17 1192.83374  985.22230  17.4%   6.5 4787s
 964287 599457     cutoff   84      1192.83374  985.27616  17.4%   6.5 4799s
 965694 600184     cutoff   79      1192.83374  985.31458  17.4%   6.5 4812s
 966822 600721     cutoff   85      1192.83374  985.35413  17.4%   6.5 4826s
 967813 601415     cutoff   87      1192.83374  985.36552  17.4%   6.5 4838s
 969109 602199 1160.14980   49   15 1192.83374  985.41254  17.4%   6.5 4849s
 970381 603033 1093.87073   78   25 1192.83374  985.45190  17.4%   6.5 4863s
 971811 604129 1097.27849   62   16 1192.83374  985.49789  17.4%   6.5 4874s
 973376 604815 1116.89690   61   22 1192.83374  985.54579  17.4%   6.5 4885s
 974509 605836 1067.84083   56   13 1192.83374  985.58467  17.4%   6.5 4896s
 976013 606609     cutoff   74      1192.83374  985.62510  17.4%   6.5 4907s
 977168 607765 1173.18712  111   20 1192.83374  985.67767  17.4%   6.5 4916s
 978787 608650     cutoff   48      1192.83374  985.73519  17.4%   6.5 4925s
 980201 609304     cutoff   64      1192.83374  985.76138  17.4%   6.5 4935s
 981212 610131     cutoff   85      1192.83374  985.80487  17.4%   6.5 4944s
 982524 610845 1106.32456   59   20 1192.83374  985.87179  17.4%   6.5 4955s
 983780 611289 1168.09266   64   12 1192.83374  985.90633  17.3%   6.5 4965s
 984855 611677     cutoff   63      1192.83374  985.90892  17.3%   6.6 4975s
 985942 612338 1177.75963   84    6 1192.83374  985.95760  17.3%   6.6 4988s
 987074 612973 1065.91127   75   30 1192.83374  986.00308  17.3%   6.6 5003s
 988077 613824     cutoff  101      1192.83374  986.03127  17.3%   6.6 5018s
 989492 614751 1159.84637   68    8 1192.83374  986.07404  17.3%   6.6 5031s
 990842 615720 infeasible   80      1192.83374  986.11775  17.3%   6.6 5045s
 992334 616614     cutoff   80      1192.83374  986.16489  17.3%   6.6 5057s
 993581 617266 1162.28007   89   27 1192.83374  986.19748  17.3%   6.6 5070s
 994834 618221     cutoff   89      1192.83374  986.24055  17.3%   6.6 5080s
 996375 619211     cutoff   73      1192.83374  986.29461  17.3%   6.6 5091s
 997818 620219     cutoff   73      1192.83374  986.32869  17.3%   6.6 5102s
 999280 620980 1154.84062   52   15 1192.83374  986.36566  17.3%   6.6 5113s
 1000515 621718 1120.04978   47   17 1192.83374  986.41011  17.3%   6.6 5124s
 1001769 622474     cutoff   54      1192.83374  986.43648  17.3%   6.6 5137s
 1002956 623024 1178.20330   81   28 1192.83374  986.47381  17.3%   6.6 5150s
 1003935 623897 1072.27381   59   24 1192.83374  986.51286  17.3%   6.6 5161s
 1005413 624736     cutoff   77      1192.83374  986.54314  17.3%   6.6 5173s
 1006659 625670 1159.49659   78   14 1192.83374  986.58842  17.3%   6.6 5184s
 1008095 626631 1069.34699   79   21 1192.83374  986.63824  17.3%   6.6 5196s
 1009540 627690     cutoff   95      1192.83374  986.67658  17.3%   6.6 5205s
 1011091 628349 1119.70264   57   19 1192.83374  986.72374  17.3%   6.6 5216s
 1012175 629007 1077.89867   61   14 1192.83374  986.76344  17.3%   6.6 5226s
 1013461 629771     cutoff   96      1192.83374  986.78918  17.3%   6.6 5237s
 1014594 630613     cutoff   73      1192.83374  986.82573  17.3%   6.6 5247s
 1015902 631106 1107.24035   52   20 1192.83374  986.86093  17.3%   6.6 5259s
 1016850 631925     cutoff   71      1192.83374  986.88680  17.3%   6.6 5272s
 1018073 632565     cutoff   74      1192.83374  986.93172  17.3%   6.6 5283s
 1019352 633230 1138.52933   44   13 1192.83374  986.95388  17.3%   6.6 5295s
 1020558 633975 1113.36007   93   23 1192.83374  986.98409  17.3%   6.6 5306s
 1021710 634916 1149.95619   64   17 1192.83374  987.02240  17.3%   6.6 5317s
 1023171 635547 1179.81865   94   22 1192.83374  987.06248  17.3%   6.6 5328s
 1024358 636193 1060.05697   57   15 1192.83374  987.10521  17.2%   6.6 5338s
 1025650 636768 1166.40230   83   21 1192.83374  987.14290  17.2%   6.6 5348s
 1026646 637632     cutoff   77      1192.83374  987.16217  17.2%   6.6 5359s
 1027863 638506     cutoff   70      1192.83374  987.20330  17.2%   6.6 5371s
 1029195 639175     cutoff   71      1192.83374  987.23765  17.2%   6.6 5383s
 1030402 639934     cutoff   83      1192.83374  987.27421  17.2%   6.6 5394s
 1031707 641019 infeasible  106      1192.83374  987.31302  17.2%   6.6 5404s
 1033303 641942     cutoff   78      1192.83374  987.36239  17.2%   6.6 5416s
 1034650 642800     cutoff   71      1192.83374  987.40691  17.2%   6.6 5426s
 1036040 643551 infeasible   91      1192.83374  987.45113  17.2%   6.6 5436s
 1037344 644171     cutoff   91      1192.83374  987.50065  17.2%   6.6 5447s
 1038445 644893     cutoff   84      1192.83374  987.53139  17.2%   6.6 5458s
 1039755 645327     cutoff  101      1192.83374  987.58025  17.2%   6.6 5472s
 1040690 645841 infeasible  133      1192.83374  987.58743  17.2%   6.6 5484s
 1041841 646665 1005.52659   67   25 1192.83374  987.59691  17.2%   6.6 5496s
 1043178 647453 1136.25202   42   23 1192.83374  987.65423  17.2%   6.6 5505s
 1044486 648425 1121.01840   72   37 1192.83374  987.68605  17.2%   6.6 5516s
 1046121 649337     cutoff   95      1192.83374  987.72936  17.2%   6.6 5529s
 1047571 650008 1184.19288   83   21 1192.83374  987.77249  17.2%   6.6 5542s
 1048823 650544     cutoff   84      1192.83374  987.80142  17.2%   6.6 5558s
 1049767 651231     cutoff   86      1192.83374  987.82529  17.2%   6.6 5570s
 1050997 651947     cutoff  107      1192.83374  987.87216  17.2%   6.6 5582s
 1052312 652765 1139.08482   72   25 1192.83374  987.90659  17.2%   6.6 5595s
 1053720 653422     cutoff   66      1192.83374  987.94942  17.2%   6.6 5607s
 1054891 654159     cutoff   85      1192.83374  988.01542  17.2%   6.6 5619s
 1056205 655001     cutoff   66      1192.83374  988.05764  17.2%   6.6 5631s
 1057614 655898 1044.46801   50   22 1192.83374  988.10675  17.2%   6.6 5642s
 1059132 656697 1158.82168   83   26 1192.83374  988.13790  17.2%   6.6 5654s
 1060373 657309 1078.80748   56   31 1192.83374  988.18098  17.2%   6.6 5666s
 1061426 658295 1190.75684   77    - 1192.83374  988.21662  17.2%   6.6 5677s
 1062881 658858     cutoff  106      1192.83374  988.25822  17.2%   6.6 5692s
 1063928 659653 infeasible   61      1192.83374  988.28429  17.1%   6.6 5703s
 1065234 660439     cutoff   80      1192.83374  988.32372  17.1%   6.6 5714s
 1066649 661224 1123.98935   64   25 1192.83374  988.36011  17.1%   6.6 5726s
 1067932 661330 1124.15849   61   24 1192.83374  988.38878  17.1%   6.6 5743s
 1068042 661999 1165.27926   62   22 1192.83374  988.40171  17.1%   6.6 5756s
 1069354 662682 1124.94600   64   24 1192.83374  988.43349  17.1%   6.6 5766s
 1070567 663344 1102.46628  100   20 1192.83374  988.46969  17.1%   6.6 5778s
 1071642 663873 infeasible  109      1192.83374  988.49718  17.1%   6.6 5792s
 1072809 664692 1179.10509   77   21 1192.83374  988.51119  17.1%   6.6 5805s
 1074149 665390     cutoff   80      1192.83374  988.53655  17.1%   6.6 5818s
 1075412 666325     cutoff   83      1192.83374  988.57539  17.1%   6.6 5834s
 1076858 667343 1126.84427   88    8 1192.83374  988.61891  17.1%   6.6 5849s
 1078454 667896     cutoff   97      1192.83374  988.65117  17.1%   6.6 5863s
 1079433 668429 1171.39120   77   11 1192.83374  988.68600  17.1%   6.6 5878s
 1080472 669221 1080.99904   57   12 1192.83374  988.72618  17.1%   6.6 5893s
 1081832 670056 1118.40579   81   26 1192.83374  988.76343  17.1%   6.6 5906s
 1083173 671060     cutoff   91      1192.83374  988.82278  17.1%   6.6 5920s
 1084729 671768     cutoff   74      1192.83374  988.87614  17.1%   6.6 5935s
 1085869 671940 1099.79845   43   30 1192.83374  988.90598  17.1%   6.6 5960s
 1086120 672874 1085.50288   43   26 1192.83374  988.91189  17.1%   6.6 5974s
 1087687 673583 1141.48752   65   10 1192.83374  988.95608  17.1%   6.6 5991s
 1088955 674355     cutoff   77      1192.83374  988.98688  17.1%   6.6 6005s
 1090241 674938 1088.70837   72   13 1192.83374  989.02550  17.1%   6.6 6017s
 1091563 675642     cutoff   73      1192.83374  989.06739  17.1%   6.6 6033s
 1092733 676554 1180.17256   74   15 1192.83374  989.09394  17.1%   6.6 6044s
 1094310 677072 1104.79201   74   36 1192.83374  989.13666  17.1%   6.6 6056s
 1095393 677819     cutoff   56      1192.83374  989.16709  17.1%   6.6 6070s
 1096714 678633 1148.65122   74   22 1192.83374  989.19739  17.1%   6.6 6081s
 1098216 679397     cutoff   85      1192.83374  989.23022  17.1%   6.6 6095s
 1099458 680381 1181.65108  131   10 1192.83374  989.25766  17.1%   6.6 6106s
 1100932 681243 infeasible  132      1192.83374  989.31165  17.1%   6.6 6117s
 1102394 682202 1134.35242   64   28 1192.83374  989.36052  17.1%   6.6 6129s
 1103876 683052 1088.10379   51   18 1192.83374  989.40719  17.1%   6.6 6139s
 1105170 683684 1111.80655   83   36 1192.83374  989.43510  17.1%   6.6 6150s
 1106339 684587 1183.61774   67   21 1192.83374  989.47475  17.0%   6.6 6163s
 1107685 685759     cutoff   86      1192.83374  989.50856  17.0%   6.6 6172s
 1109352 686640     cutoff   76      1192.83374  989.54952  17.0%   6.6 6183s
 1110713 687343     cutoff   86      1192.83374  989.60200  17.0%   6.6 6194s
 1111888 687358     cutoff   99      1192.83374  989.64148  17.0%   6.6 6195s
 1111965 688091 1162.90954   58   13 1192.83374  989.64245  17.0%   6.6 6204s
 1112996 688102     cutoff  123      1192.83374  989.65931  17.0%   6.6 6205s
 1113230 689109 1112.40417   79   10 1192.83374  989.67878  17.0%   6.6 6215s
 1114731 689981     cutoff   83      1192.83374  989.72983  17.0%   6.6 6225s
 1116063 690846 1164.13839   59   10 1192.83374  989.77215  17.0%   6.6 6235s
 1117419 691734     cutoff   63      1192.83374  989.80802  17.0%   6.6 6246s
 1118709 692309     cutoff   64      1192.83374  989.84496  17.0%   6.6 6257s
 1119790 692762 1184.20174   77   13 1192.83374  989.87900  17.0%   6.6 6268s
 1120774 693572 infeasible   70      1192.83374  989.90008  17.0%   6.6 6277s
 1121980 694361 infeasible   80      1192.83374  989.94164  17.0%   6.6 6289s
 1123400 695285 1089.66024   91   13 1192.83374  989.97602  17.0%   6.6 6300s
 1124828 695939 1065.74740   66   37 1192.83374  990.01594  17.0%   6.6 6311s
 1125904 696672 1132.49344   82   25 1192.83374  990.04502  17.0%   6.6 6322s
 1127174 697655     cutoff   81      1192.83374  990.09663  17.0%   6.6 6334s
 1128610 698521 1172.37301   85   21 1192.83374  990.13657  17.0%   6.6 6344s
 1129175 698530 1179.37995   77    8 1192.83374  990.14119  17.0%   6.6 6345s
 1130024 699191     cutoff   74      1192.83374  990.18602  17.0%   6.6 6357s
 1131287 699780     cutoff   80      1192.83374  990.22386  17.0%   6.6 6368s
 1132221 700542 1138.47726   64   18 1192.83374  990.23901  17.0%   6.6 6380s
 1133630 701416 1029.57010   52   27 1192.83374  990.27738  17.0%   6.6 6391s
 1135064 701967     cutoff  107      1192.83374  990.31658  17.0%   6.6 6404s
 1136101 702811     cutoff   60      1192.83374  990.34156  17.0%   6.6 6417s
 1137554 703310 1072.36131   55   16 1192.83374  990.37930  17.0%   6.6 6432s
 1138437 704346 1183.99365   73   26 1192.83374  990.40416  17.0%   6.6 6445s
 1139932 704882 1066.17016   58   22 1192.83374  990.44513  17.0%   6.6 6458s
 1140889 705561     cutoff   81      1192.83374  990.47317  17.0%   6.6 6475s
 1142071 706184 1171.99239   97   14 1192.83374  990.50532  17.0%   6.6 6489s
 1143354 706950 infeasible   63      1192.83374  990.53278  17.0%   6.6 6504s
 1144552 707820     cutoff   82      1192.83374  990.56373  17.0%   6.6 6525s
 1145942 708839 1093.43566   63   21 1192.83374  990.60974  17.0%   6.6 6544s
 1147518 709691     cutoff   77      1192.83374  990.64977  16.9%   6.6 6557s
 1148834 710672     cutoff   65      1192.83374  990.68876  16.9%   6.6 6569s
 1150355 711450     cutoff   73      1192.83374  990.73775  16.9%   6.6 6582s
 1151587 712469 1039.65584   47   18 1192.83374  990.77243  16.9%   6.6 6595s
 1153108 713036 1189.70938   77   32 1192.83374  990.81307  16.9%   6.6 6607s
 1154197 713604 1081.97145   76   19 1192.83374  990.84059  16.9%   6.6 6622s
 1155227 714473 1190.21138   79   30 1192.83374  990.87061  16.9%   6.6 6634s
 1156629 715158 1160.98062   82   15 1192.83374  990.91451  16.9%   6.6 6648s
 1157778 715587     cutoff   95      1192.83374  990.95245  16.9%   6.6 6665s
 1158773 716618     cutoff   65      1192.83374  990.96372  16.9%   6.6 6677s
 1160336 717362 1163.65472   55   23 1192.83374  991.00006  16.9%   6.6 6689s
 1161456 718140 1080.46994   50   17 1192.83374  991.04007  16.9%   6.6 6701s
 1162860 719135     cutoff   79      1192.83374  991.07973  16.9%   6.6 6715s
 1164356 720157     cutoff   87      1192.83374  991.11287  16.9%   6.6 6727s
 1165929 720800 1058.76804   45   24 1192.83374  991.16573  16.9%   6.6 6739s
 1166956 721727 1099.66824   69   28 1192.83374  991.18252  16.9%   6.6 6751s
 1168374 722525     cutoff   78      1192.83374  991.21028  16.9%   6.6 6767s
 1169759 723241 1062.58205   83   22 1192.83374  991.24872  16.9%   6.6 6784s
 1170953 724083 1030.23713   59   29 1192.83374  991.29305  16.9%   6.7 6802s
 1172409 724781     cutoff   96      1192.83374  991.30761  16.9%   6.7 6818s
 1173538 725685 1152.83282  107   19 1192.83374  991.35304  16.9%   6.7 6833s
 1174924 726691 1157.80070   78   27 1192.83374  991.40070  16.9%   6.7 6849s
 1176384 727422     cutoff  104      1192.83374  991.43876  16.9%   6.7 6865s
 1177562 728085 1173.65711   53   16 1192.83374  991.46793  16.9%   6.7 6886s
 1178761 728755     cutoff   89      1192.83374  991.49219  16.9%   6.7 6901s
 1179996 729518 1070.45987   43   22 1192.83374  991.53561  16.9%   6.7 6915s
 1181174 729608 1037.19686   57   30 1192.83374  991.56758  16.9%   6.7 6932s
 1181315 730438 1045.15891   58   30 1192.83374  991.56963  16.9%   6.7 6948s
 1182792 731123 1184.66211   80   24 1192.83374  991.61429  16.9%   6.7 6961s
 1184192 731979     cutoff  101      1192.83374  991.65397  16.9%   6.7 6973s
 1185557 732651 1103.32360   67   16 1192.83374  991.68570  16.9%   6.7 6985s
 1186927 733726 1110.21757   94   13 1192.83374  991.72482  16.9%   6.7 6998s
 1188519 734644 1131.67753   82   26 1192.83374  991.76404  16.9%   6.7 7009s
 1189951 735210 1149.61860   94   20 1192.83374  991.80637  16.9%   6.7 7023s
 1191004 735945 1182.20409   80   28 1192.83374  991.84424  16.8%   6.7 7035s
 1192104 736824 1123.83565   79   17 1192.83374  991.87412  16.8%   6.7 7049s
 1193451 737774 1129.25240   64   26 1192.83374  991.89545  16.8%   6.7 7060s
 1194961 738763 infeasible   96      1192.83374  991.95042  16.8%   6.7 7074s
 1196467 739464 1179.77844   62   17 1192.83374  991.99881  16.8%   6.7 7090s
 1197540 740282 1048.84629   52   15 1192.83374  992.01399  16.8%   6.7 7103s
 1198899 741255 1098.21448   61   28 1192.83374  992.04796  16.8%   6.7 7116s
 1200404 742114 1015.16881   57   30 1192.83374  992.08241  16.8%   6.7 7128s
 1201872 742918 infeasible   67      1192.83374  992.12410  16.8%   6.7 7141s
 1203259 743479     cutoff   80      1192.83374  992.17076  16.8%   6.7 7152s
 1204274 744189     cutoff   62      1192.83374  992.21043  16.8%   6.7 7165s
 1205484 745144 1052.70013   48   12 1192.83374  992.24050  16.8%   6.7 7177s
 1206986 745908 1171.94285   74   24 1192.83374  992.29711  16.8%   6.7 7188s
 1208159 746655 1044.03217   62   16 1192.83374  992.33060  16.8%   6.7 7200s

Cutting planes:
  Gomory: 4
  MIR: 1
  Zero half: 7
  Lazy constraints: 15730

Explored 1209285 nodes (8056049 simplex iterations) in 7200.41 seconds
Thread count was 12 (of 12 available processors)

Solution count 4: 1192.83 1266.2 1308.31 1353.41 

Time limit reached
Best objective 1.192833740892e+03, best bound 9.923560885961e+02, gap 16.8068%

User-callback calls 3620991, time in user-callback 49.46 sec
/projects/academic/josewalt/caigao/RRARP_BD/BendersDecomp/ret/model_outs/n_20_h_4_algo_4.out
 =====>>>>> Solution is written to file in <../ret/model_outs> !!!
===>> All Done!
