NPROCS=0
This instance is clustered!
Gurobi Optimizer version 9.0.0 build v9.0.0rc2 (linux64)
Optimize a model with 54 rows, 730 columns and 1458 nonzeros
Model fingerprint: 0x872216eb
Variable types: 1 continuous, 729 integer (729 binary)
Coefficient statistics:
  Matrix range     [1e+00, 1e+00]
  Objective range  [1e+00, 7e+02]
  Bounds range     [1e+00, 1e+00]
  RHS range        [1e+00, 1e+00]
Presolve removed 2 rows and 78 columns
Presolve time: 0.01s
Presolved: 52 rows, 652 columns, 1302 nonzeros
Variable types: 1 continuous, 651 integer (651 binary)

Root relaxation: objective 1.622370e+03, 50 iterations, 0.00 seconds

    Nodes    |    Current Node    |     Objective Bounds      |     Work
 Expl Unexpl |  Obj  Depth IntInf | Incumbent    BestBd   Gap | It/Node Time

     0     0 1726.79290    0   10          - 1726.79290      -     -    0s
     0     0 1945.58246    0    8          - 1945.58246      -     -    0s
 done with super cut 0
     0     2 2094.45586    0   35          - 2094.45586      -     -    1s
 done with super cut 1
 done with super cut 2
 done with super cut 3
 done with super cut 4
 done with super cut 5
 done with super cut 6
 done with super cut 7
 done with super cut 8
 done with super cut 9
    63    74 2158.73194    7   33          - 2104.79937      -   8.2   22s
 done with super cut 10
   171   193 2389.81735   12   23          - 2109.47346      -   7.9   26s
H 1787  1399                    6012.9701295 2116.55315  64.8%   7.1   26s
H 1815  1345                    2494.9093673 2117.63498  15.1%   7.0   28s
  3077  1768 2337.86727   45   47 2494.90937 2151.62915  13.8%   8.1   30s
* 5861  2308              32    2474.1380794 2216.52780  10.4%   8.6   31s
* 5863  2298              31    2472.0534520 2216.52780  10.3%   8.6   31s
H 8031  2923                    2430.8570711 2231.51931  8.20%   8.8   34s
 10564  4494 2394.45120   45   23 2430.85707 2243.74594  7.70%   8.9   35s
H21519  8084                    2403.0461374 2270.55684  5.51%   9.3   39s
H21520  7886                    2400.0761626 2270.55684  5.40%   9.3   39s
 21533  7984 2398.73878   41   40 2400.07616 2271.03085  5.38%   9.3   40s
 28816 10010 2392.97140   34   37 2400.07616 2285.71250  4.77%   9.9   45s
 38663 11668 2370.54034   36    6 2400.07616 2303.96929  4.00%  10.6   50s
 48494 12219 2391.87484   30   35 2400.07616 2320.70664  3.31%  11.0   55s
H55405 11989                    2399.0614514 2330.66251  2.85%  11.3   58s
*55753 10231              62    2384.6350810 2330.81537  2.26%  11.3   58s
 56287 10188 2368.25267   28   56 2384.63508 2331.94657  2.21%  11.3   60s
H56304 10188                    2384.6350188 2331.94657  2.21%  11.3   60s
 63999  7127 2354.35959   26   14 2384.63502 2348.83829  1.50%  11.9   65s
 72585  1111     cutoff   40      2384.63502 2372.73986  0.50%  12.6   70s
*72747  1065              32    2384.3290761 2372.77613  0.48%  12.7   70s

Cutting planes:
  Gomory: 9
  MIR: 2
  Inf proof: 1
  Zero half: 46
  Mod-K: 1
  Lazy constraints: 961

Explored 74712 nodes (959895 simplex iterations) in 71.13 seconds
Thread count was 12 (of 12 available processors)

Solution count 10: 2384.33 2384.64 2399.06 ... 6012.97

Optimal solution found (tolerance 1.00e-04)
Best objective 2.384329076106e+03, best bound 2.384329076106e+03, gap 0.0000%

User-callback calls 162334, time in user-callback 26.25 sec
/projects/academic/josewalt/caigao/RRARP_BD/BendersDecomp/ret/model_outs/n_25_e_1_algo_4.out
 =====>>>>> Solution is written to file in <../ret/model_outs> !!!
===>> All Done!
