NPROCS=0
This instance is clustered!
Gurobi Optimizer version 9.0.0 build v9.0.0rc2 (linux64)
Optimize a model with 20 rows, 101 columns and 200 nonzeros
Model fingerprint: 0xe9a36958
Variable types: 1 continuous, 100 integer (100 binary)
Coefficient statistics:
  Matrix range     [1e+00, 1e+00]
  Objective range  [1e+00, 1e+01]
  Bounds range     [1e+00, 1e+00]
  RHS range        [1e+00, 1e+00]
Presolve removed 2 rows and 27 columns
Presolve time: 0.00s
Presolved: 18 rows, 74 columns, 146 nonzeros
Variable types: 1 continuous, 73 integer (73 binary)

Root relaxation: objective 1.894165e+01, 16 iterations, 0.00 seconds

    Nodes    |    Current Node    |     Objective Bounds      |     Work
 Expl Unexpl |  Obj  Depth IntInf | Incumbent    BestBd   Gap | It/Node Time

     0     0   19.21959    0   12          -   19.21959      -     -    0s
H    0     0                      47.2196409   19.21959  59.3%     -    0s
H    0     0                      43.3586867   19.21959  55.7%     -    0s
     0     0   20.95536    0   17   43.35869   20.95536  51.7%     -    0s
     0     0   20.95536    0   13   43.35869   20.95536  51.7%     -    0s
H    0     0                      43.2983618   20.95536  51.6%     -    1s
H    0     0                      41.7416146   20.95536  49.8%     -    1s
     0     2   22.03915    0   14   41.74161   22.03915  47.2%     -    1s
H    9    10                      38.7334339   22.24573  42.6%   3.8    2s
   282   182   33.41658   18    -   38.73343   23.39043  39.6%   2.1   26s
   684   324     cutoff   26        38.73343   26.00625  32.9%   2.3   62s
   996   428     cutoff   21        38.73343   27.33310  29.4%   2.3   89s
  1163   483   36.97293   16    8   38.73343   28.08322  27.5%   2.3  105s
  1403   557   31.42960    9    9   38.73343   28.18081  27.2%   2.3  128s
  1691   651   29.22805    8   12   38.73343   28.53076  26.3%   2.3  152s
  2033   720   37.69706   17    6   38.73343   29.24249  24.5%   2.3  181s
  2341   805   34.24016   17   13   38.73343   29.36368  24.2%   2.4  207s
  2631   876   30.41019   19   15   38.73343   29.90359  22.8%   2.4  229s
  2902   928   34.92589   23    6   38.73343   30.04086  22.4%   2.4  254s
  3139   980   32.90286   13    8   38.73343   30.53666  21.2%   2.4  273s
  3168   963   31.90303   13   10   38.73343   30.72480  20.7%   2.4  277s
  3400  1008   36.54914   15    6   38.73343   31.11786  19.7%   2.4  298s
  3594  1043   37.47746   18    6   38.73343   31.31157  19.2%   2.4  315s
  3794  1090     cutoff   13        38.73343   31.61230  18.4%   2.3  332s
  3999  1116   37.91299   17    8   38.73343   31.71518  18.1%   2.3  349s
  4176  1135   33.82324   14    8   38.73343   32.05397  17.2%   2.3  365s
  4360  1174     cutoff   18        38.73343   32.14845  17.0%   2.3  380s
  4531  1180     cutoff   15        38.73343   32.33029  16.5%   2.3  393s
  4704  1200     cutoff   15        38.73343   32.51382  16.1%   2.3  410s
  4867  1203   33.21709   14    6   38.73343   32.74497  15.5%   2.3  423s
  5027  1233   36.86475   22   14   38.73343   32.82234  15.3%   2.3  438s
  5169  1253 infeasible   24        38.73343   32.93897  15.0%   2.3  452s
  5319  1242     cutoff   13        38.73343   32.98512  14.8%   2.3  460s
