NPROCS=0
This instance is clustered!
Gurobi Optimizer version 9.0.0 build v9.0.0rc2 (linux64)
Optimize a model with 26 rows, 170 columns and 338 nonzeros
Model fingerprint: 0xbf9e199c
Variable types: 1 continuous, 169 integer (169 binary)
Coefficient statistics:
  Matrix range     [1e+00, 1e+00]
  Objective range  [1e+00, 1e+02]
  Bounds range     [1e+00, 1e+00]
  RHS range        [1e+00, 1e+00]
Presolve removed 2 rows and 36 columns
Presolve time: 0.00s
Presolved: 24 rows, 134 columns, 266 nonzeros
Variable types: 1 continuous, 133 integer (133 binary)

Root relaxation: objective 1.798289e+02, 17 iterations, 0.00 seconds

    Nodes    |    Current Node    |     Objective Bounds      |     Work
 Expl Unexpl |  Obj  Depth IntInf | Incumbent    BestBd   Gap | It/Node Time

     0     0  232.70826    0   10          -  232.70826      -     -    0s
     0     0  271.75568    0   12          -  271.75568      -     -    0s
H    0     0                     343.1347736  271.75568  20.8%     -    0s
H    0     0                     340.7469545  271.75568  20.2%     -    0s
     0     0  272.29149    0   17  340.74695  272.29149  20.1%     -    0s
     0     2  272.29149    0   17  340.74695  272.29149  20.1%     -    0s

Cutting planes:
  Gomory: 1
  Lazy constraints: 566

Explored 2089 nodes (6231 simplex iterations) in 0.34 seconds
Thread count was 12 (of 12 available processors)

Solution count 2: 340.747 343.135 

Optimal solution found (tolerance 1.00e-04)
Best objective 3.407469545355e+02, best bound 3.407469545355e+02, gap 0.0000%

User-callback calls 4967, time in user-callback 0.03 sec
/projects/academic/josewalt/caigao/RRARP_BD/BendersDecomp/ret/model_outs/n_11_m_7_algo_2.out
 =====>>>>> Solution is written to file in <../ret/model_outs> !!!
===>> All Done!
