NPROCS=0
This instance is clustered!
Gurobi Optimizer version 9.0.0 build v9.0.0rc2 (linux64)
Optimize a model with 16 rows, 65 columns and 128 nonzeros
Model fingerprint: 0x2dc98208
Variable types: 1 continuous, 64 integer (64 binary)
Coefficient statistics:
  Matrix range     [1e+00, 1e+00]
  Objective range  [2e-01, 3e+01]
  Bounds range     [1e+00, 1e+00]
  RHS range        [1e+00, 1e+00]
 done with super cut 0
Presolve removed 2 rows and 21 columns
Presolve time: 0.00s
Presolved: 14 rows, 44 columns, 86 nonzeros
Variable types: 1 continuous, 43 integer (43 binary)

Root relaxation: objective 3.353694e+01, 10 iterations, 0.00 seconds

    Nodes    |    Current Node    |     Objective Bounds      |     Work
 Expl Unexpl |  Obj  Depth IntInf | Incumbent    BestBd   Gap | It/Node Time

     0     0   51.71370    0    8          -   51.71370      -     -    0s
 done with super cut 1
 done with super cut 2
H    0     0                      61.4302701   51.71370  15.8%     -    0s
 done with super cut 3
 done with super cut 4
H    0     0                      60.6775718   51.71370  14.8%     -    0s
 done with super cut 5
     0     0   52.79034    0   17   60.67757   52.79034  13.0%     -    0s
 done with super cut 6
     0     0   53.01720    0   20   60.67757   53.01720  12.6%     -    0s
 done with super cut 7
 done with super cut 8
     0     2   53.96927    0   20   60.67757   53.96927  11.1%     -    0s
 done with super cut 9
 done with super cut 10
*   74     3               9      60.2838942   58.01959  3.76%   4.0    0s

Cutting planes:
  Gomory: 1
  Lazy constraints: 35

Explored 81 nodes (348 simplex iterations) in 0.19 seconds
Thread count was 12 (of 12 available processors)

Solution count 3: 60.2839 60.6776 61.4303 

Optimal solution found (tolerance 1.00e-04)
Best objective 6.028389424962e+01, best bound 6.028389424962e+01, gap 0.0000%

User-callback calls 275, time in user-callback 0.16 sec
/projects/academic/josewalt/caigao/RRARP_BD/BendersDecomp/ret/model_outs/n_6_h_10_algo_4.out
 =====>>>>> Solution is written to file in <../ret/model_outs> !!!
===>> All Done!
