NPROCS=0
This instance is clustered!
Gurobi Optimizer version 9.0.0 build v9.0.0rc2 (linux64)
Optimize a model with 30 rows, 226 columns and 450 nonzeros
Model fingerprint: 0xcc1fb545
Variable types: 1 continuous, 225 integer (225 binary)
Coefficient statistics:
  Matrix range     [1e+00, 1e+00]
  Objective range  [1e+00, 2e+02]
  Bounds range     [1e+00, 1e+00]
  RHS range        [1e+00, 1e+00]
Presolve removed 2 rows and 42 columns
Presolve time: 0.00s
Presolved: 28 rows, 184 columns, 366 nonzeros
Variable types: 1 continuous, 183 integer (183 binary)

Root relaxation: objective 2.212661e+02, 24 iterations, 0.00 seconds

    Nodes    |    Current Node    |     Objective Bounds      |     Work
 Expl Unexpl |  Obj  Depth IntInf | Incumbent    BestBd   Gap | It/Node Time

     0     0  227.09444    0   10          -  227.09444      -     -    0s
     0     0  270.20668    0   10          -  270.20668      -     -    0s
H    0     0                     471.0957504  270.20668  42.6%     -    0s
     0     0  276.49639    0   29  471.09575  276.49639  41.3%     -    0s
     0     0  285.59190    0   24  471.09575  285.59190  39.4%     -    0s
     0     2  293.32774    0   10  471.09575  293.32774  37.7%     -    0s
*  417   329              22     461.8229946  310.82169  32.7%   4.7    0s
H 3610  1999                     443.6798393  345.19655  22.2%   4.9    1s
H 3611  1899                     436.0295683  345.19655  20.8%   4.8    1s
H 3625  1813                     403.2217279  345.19655  14.4%   4.8    2s

Cutting planes:
  Gomory: 3
  Zero half: 4
  Lazy constraints: 158

Explored 13069 nodes (89841 simplex iterations) in 4.39 seconds
Thread count was 12 (of 12 available processors)

Solution count 5: 403.222 436.03 443.68 ... 471.096

Optimal solution found (tolerance 1.00e-04)
Best objective 4.032217279111e+02, best bound 4.032217279111e+02, gap 0.0000%

User-callback calls 28939, time in user-callback 0.05 sec
/projects/academic/josewalt/caigao/RRARP_BD/BendersDecomp/ret/model_outs/n_13_h_10_algo_3.out
 =====>>>>> Solution is written to file in <../ret/model_outs> !!!
===>> All Done!
