NPROCS=0
This instance is clustered!
Gurobi Optimizer version 9.0.0 build v9.0.0rc2 (linux64)
Optimize a model with 38 rows, 362 columns and 722 nonzeros
Model fingerprint: 0xc76a35b1
Variable types: 1 continuous, 361 integer (361 binary)
Coefficient statistics:
  Matrix range     [1e+00, 1e+00]
  Objective range  [1e+00, 3e+02]
  Bounds range     [1e+00, 1e+00]
  RHS range        [1e+00, 1e+00]
Presolve removed 2 rows and 54 columns
Presolve time: 0.00s
Presolved: 36 rows, 308 columns, 614 nonzeros
Variable types: 1 continuous, 307 integer (307 binary)

Root relaxation: objective 3.578445e+02, 29 iterations, 0.00 seconds

    Nodes    |    Current Node    |     Objective Bounds      |     Work
 Expl Unexpl |  Obj  Depth IntInf | Incumbent    BestBd   Gap | It/Node Time

     0     0  693.05100    0   30          -  693.05100      -     -    0s
     0     0  716.35613    0   24          -  716.35613      -     -    0s
H    0     0                    1089.4144644  716.35613  34.2%     -    0s
     0     0  718.92804    0   29 1089.41446  718.92804  34.0%     -    0s
H    0     0                    1030.5327518  726.64194  29.5%     -    0s
     0     2  726.64194    0   29 1030.53275  726.64194  29.5%     -    0s
H 6489  2858                    1030.0082829  805.88536  21.8%   5.2    1s
 19411 10529 infeasible   25      1030.00828  833.05356  19.1%   5.2    5s
 33890 18807     cutoff   45      1030.00828  845.53885  17.9%   5.4   10s
 43387 23572  963.24600   28   12 1030.00828  850.73125  17.4%   5.4   15s
 52674 29173     cutoff   56      1030.00828  855.34887  17.0%   5.5   20s
 63104 34221 infeasible   38      1030.00828  859.43327  16.6%   5.5   25s
 71869 38760     cutoff   38      1030.00828  862.60482  16.3%   5.6   30s
 79673 42685     cutoff   41      1030.00828  865.22745  16.0%   5.6   35s
 80819 42720  961.83951   50   29 1030.00828  865.66268  16.0%   5.6   88s
 80830 42736  865.66268   28   41 1030.00828  865.66268  16.0%   5.6   90s
 81919 43120  877.54224   51   20 1030.00828  865.66268  16.0%   5.7   95s
 86082 44513  865.66268   38   24 1030.00828  865.66268  16.0%   5.7  100s
 92062 46490  992.20620   58   26 1030.00828  865.66268  16.0%   5.7  105s
 96957 47932  893.02135   39   14 1030.00828  865.66268  16.0%   5.7  110s
 101881 49173  974.49636   62    6 1030.00828  865.66268  16.0%   5.8  115s
 103266 49689  865.66268   48   13 1030.00828  865.66268  16.0%   5.8  120s
 108726 51034  894.60335   46   16 1030.00828  865.66268  16.0%   5.8  125s
 114740 51875  988.50461   50   29 1030.00828  865.66268  16.0%   5.8  130s
 120065 53267     cutoff   59      1030.00828  865.66268  16.0%   5.8  135s
 125866 54267  970.45340   59   27 1030.00828  865.66268  16.0%   5.8  141s
 130874 54915  983.75657   47   10 1030.00828  866.29868  15.9%   5.9  145s
 135395 55646  913.59651   39   26 1030.00828  868.59407  15.7%   5.9  150s
 141369 56682     cutoff   69      1030.00828  871.46616  15.4%   5.9  156s
 145982 57541     cutoff   45      1030.00828  873.08354  15.2%   5.9  160s
 150440 57759  938.39940   54   16 1030.00828  874.90170  15.1%   5.9  165s
 155075 58290  892.41758   47   20 1030.00828  876.27772  14.9%   6.0  170s
 159027 59082  936.90417   49   16 1030.00828  877.54356  14.8%   6.0  175s
 163371 59533     cutoff   50      1030.00828  878.87618  14.7%   6.0  180s
 168308 59909     cutoff   51      1030.00828  880.46710  14.5%   6.0  186s
 171822 60306     cutoff   60      1030.00828  881.38703  14.4%   6.0  190s
 176404 60577 infeasible   63      1030.00828  882.92097  14.3%   6.1  196s
 177488 60513  943.01844   43   26 1030.00828  883.03818  14.3%   6.1  200s
 180535 60936  976.37342   48   13 1030.00828  883.89813  14.2%   6.1  205s
 184743 60844  984.81497   71   19 1030.00828  885.17906  14.1%   6.1  213s
 185443 61204  953.68469   64   23 1030.00828  885.37610  14.0%   6.1  215s
 188933 61699 infeasible   51      1030.00828  886.27015  14.0%   6.1  220s
 193794 61866     cutoff   66      1030.00828  887.42453  13.8%   6.1  226s
 197128 62100     cutoff   69      1030.00828  888.28203  13.8%   6.1  230s
 201008 62364 1021.49410   51   25 1030.00828  889.21245  13.7%   6.1  235s
 204390 62595  945.40227   58   15 1030.00828  889.99849  13.6%   6.1  240s
 209403 63119  972.04442   41   27 1030.00828  891.16739  13.5%   6.2  246s
 212718 64354     cutoff   69      1030.00828  891.97976  13.4%   6.2  250s
 217448 65905  984.51499   55   21 1030.00828  892.94507  13.3%   6.2  255s
 221983 67569  902.40527   63   15 1030.00828  893.81385  13.2%   6.2  261s
 225390 68796  899.11345   44   14 1030.00828  894.54961  13.2%   6.2  265s
 230257 70482  985.02060   65   14 1030.00828  895.56523  13.1%   6.2  271s
 233689 71679     cutoff   60      1030.00828  896.22232  13.0%   6.2  275s
 237922 73005     cutoff   54      1030.00828  896.92781  12.9%   6.2  281s
 240429 73882  957.81254   51   26 1030.00828  897.42895  12.9%   6.2  285s
 245341 75603     cutoff   58      1030.00828  898.35704  12.8%   6.2  291s
 249219 76664  911.65494   47   11 1030.00828  899.00993  12.7%   6.3  296s
 252655 77679  953.34123   61   20 1030.00828  899.61396  12.7%   6.3  300s
 255992 78718  913.67761   58   17 1030.00828  900.22596  12.6%   6.3  305s
 258988 79758  996.35864   65   24 1030.00828  900.74290  12.5%   6.3  310s
 262545 80745     cutoff   51      1030.00828  901.28729  12.5%   6.3  315s
 266148 81657 1019.01137   55   10 1030.00828  901.92478  12.4%   6.3  323s
 266171 81885 infeasible   56      1030.00828  901.93896  12.4%   6.3  325s
 269416 83180     cutoff   60      1030.00828  902.48910  12.4%   6.3  331s
 272149 83863  989.90014   56   16 1030.00828  902.98442  12.3%   6.3  335s
 274263 84711  959.16501   58   22 1030.00828  903.40262  12.3%   6.3  340s
 277915 85742  933.62902   41   16 1030.00828  904.04058  12.2%   6.3  346s
 280123 86490     cutoff   53      1030.00828  904.38968  12.2%   6.3  350s
 283733 87344  943.77455   52   13 1030.00828  904.96542  12.1%   6.3  356s
 285751 88078 infeasible   61      1030.00828  905.29291  12.1%   6.4  361s
 287968 88701     cutoff   62      1030.00828  905.64093  12.1%   6.4  366s
 290799 89474  991.29471   61   21 1030.00828  906.05095  12.0%   6.4  371s
 292912 90043  971.71111   48   14 1030.00828  906.40352  12.0%   6.4  376s
 295752 90807  985.76904   57   17 1030.00828  906.77621  12.0%   6.4  382s
 297908 91403     cutoff   60      1030.00828  907.07114  11.9%   6.4  387s
 299145 91770  932.75260   52   17 1030.00828  907.28661  11.9%   6.4  390s
 301346 92445  985.22135   62   25 1030.00828  907.63202  11.9%   6.4  395s
 304073 93258     cutoff   62      1030.00828  908.04921  11.8%   6.4  400s
 306200 93782  984.22597   59   24 1030.00828  908.33851  11.8%   6.4  405s
 308995 94571  925.98935   52   18 1030.00828  908.70861  11.8%   6.4  410s
 311281 95317 1016.13199   67   10 1030.00828  909.05128  11.7%   6.4  416s
 314021 95981     cutoff   55      1030.00828  909.47353  11.7%   6.4  420s
 316155 96739  934.18144   45    9 1030.00828  909.81854  11.7%   6.4  426s
 318580 97308  995.89134   54   26 1030.00828  910.10810  11.6%   6.4  430s
 321966 98280  985.53292   48   29 1030.00828  910.54056  11.6%   6.4  436s
 324486 98843     cutoff   52      1030.00828  910.96729  11.6%   6.4  440s
 326927 99521  970.08197   59   22 1030.00828  911.30917  11.5%   6.4  445s
 330385 100292 1013.39610   56   16 1030.00828  911.75435  11.5%   6.4  450s
 333976 101466 1011.01592   50   16 1030.00828  912.23386  11.4%   6.4  456s
 337315 102281  996.24539   67   16 1030.00828  912.65782  11.4%   6.4  461s
 340099 102955 1019.94265   58   21 1030.00828  913.09538  11.4%   6.4  465s
 342153 103560     cutoff   75      1030.00828  913.38689  11.3%   6.4  470s
 345606 104528 1012.80259   67   19 1030.00828  913.83553  11.3%   6.5  476s
 348412 105170 infeasible   71      1030.00828  914.19973  11.2%   6.5  480s
H348494 105170                    1030.0081524  914.19973  11.2%   6.5  480s
H349261 105188                    1030.0081202  914.29035  11.2%   6.5  484s
 349309 105398 1006.27269   67   21 1030.00812  914.31060  11.2%   6.5  486s
 353054 106469 infeasible   51      1030.00812  914.74502  11.2%   6.5  491s
 355298 107210  977.35423   47    8 1030.00812  915.04612  11.2%   6.5  495s
 358976 108088 infeasible   57      1030.00812  915.45153  11.1%   6.5  501s
 361669 108625  957.41456   50   20 1030.00812  915.78070  11.1%   6.5  505s
 365160 109780  980.62758   58   20 1030.00812  916.20577  11.0%   6.5  511s
 367459 110274  960.88715   47   27 1030.00812  916.45782  11.0%   6.5  515s
 370894 111088  944.56592   41   33 1030.00812  916.88899  11.0%   6.5  521s
 374223 111937     cutoff   72      1030.00812  917.26098  10.9%   6.5  527s
 376926 112634     cutoff   61      1030.00812  917.54626  10.9%   6.5  531s
 379224 113216 1025.73806   66   17 1030.00812  917.86686  10.9%   6.5  535s
 382858 114168     cutoff   57      1030.00812  918.27165  10.8%   6.5  541s
 385567 114709  999.44127   54   21 1030.00812  918.59380  10.8%   6.5  545s
 387796 115239 infeasible   63      1030.00812  918.84697  10.8%   6.5  550s
 391314 116050  928.69023   63   19 1030.00812  919.31829  10.7%   6.5  556s
 393805 116730  969.51721   47   34 1030.00812  919.62553  10.7%   6.5  560s
 397514 117726  969.20308   63   16 1030.00812  919.98035  10.7%   6.5  566s
 399822 118220 1024.50314   38   12 1030.00812  920.24337  10.7%   6.5  570s
 403421 119050  980.92721   49   10 1030.00812  920.67039  10.6%   6.5  576s
 406117 119620  953.56943   47   12 1030.00812  920.95917  10.6%   6.5  581s
 408328 120114     cutoff   48      1030.00812  921.17902  10.6%   6.5  585s
 412119 120939     cutoff   61      1030.00812  921.63966  10.5%   6.5  591s
 414504 121485  992.06576   53   13 1030.00812  921.88385  10.5%   6.5  595s
 417739 121995     cutoff   69      1030.00812  922.28374  10.5%   6.6  601s
 419841 122528     cutoff   56      1030.00812  922.51268  10.4%   6.6  605s
 423829 123287  987.65034   52   16 1030.00812  922.96816  10.4%   6.6  610s
 426330 123845  984.83543   48   23 1030.00812  923.25012  10.4%   6.6  615s
 430000 124620  963.15370   51   16 1030.00812  923.59292  10.3%   6.6  620s
 433523 125365     cutoff   55      1030.00812  923.90735  10.3%   6.6  626s
 435770 125878  993.95739   49   13 1030.00812  924.17240  10.3%   6.6  630s
 439701 126617     cutoff   53      1030.00812  924.56044  10.2%   6.6  636s
 441938 127233     cutoff   62      1030.00812  924.80423  10.2%   6.6  641s
 444391 127419  995.85275   47   27 1030.00812  925.06441  10.2%   6.6  647s
H444422 127419                    1030.0080803  925.06441  10.2%   6.6  647s
 445329 127880  941.08657   62   26 1030.00808  925.12534  10.2%   6.6  651s
 448178 128466  976.30201   60   11 1030.00808  925.41187  10.2%   6.6  656s
 450487 128901 1000.87817   53    9 1030.00808  925.64902  10.1%   6.6  660s
 453032 129382     cutoff   66      1030.00808  925.92545  10.1%   6.6  665s
 456841 130029  976.81425   56   27 1030.00808  926.30207  10.1%   6.6  671s
 459357 130552 1022.01987   55   18 1030.00808  926.57940  10.0%   6.6  676s
 461900 130924  986.84063   45   19 1030.00808  926.81200  10.0%   6.6  680s
 464330 131574  957.22370   49   26 1030.00808  927.03338  10.0%   6.6  686s
 466847 131708  980.58511   52   22 1030.00808  927.31727  10.0%   6.6  696s
 467853 132155  988.86095   46   10 1030.00808  927.39643  10.0%   6.6  701s
 470235 132730 infeasible   58      1030.00808  927.63215  9.94%   6.6  706s
 472721 133159 infeasible   67      1030.00808  927.82995  9.92%   6.6  711s
 475688 133664  996.62358   54    9 1030.00808  928.17261  9.89%   6.6  717s
 477646 133976     cutoff   46      1030.00808  928.31510  9.87%   6.6  722s
 478813 134269  966.52313   50   14 1030.00808  928.42173  9.86%   6.6  725s
 481321 134620     cutoff   76      1030.00808  928.64853  9.84%   6.6  730s
 483834 135151  946.94081   42   20 1030.00808  928.90275  9.82%   6.6  736s
 486406 135644 1010.78650   50   25 1030.00808  929.12552  9.79%   6.6  741s
 488902 136325 1006.48265   58   16 1030.00808  929.33386  9.77%   6.6  747s
 491313 136657     cutoff   56      1030.00808  929.57304  9.75%   6.6  751s
 494238 137068 1017.10830   62   16 1030.00808  929.84583  9.72%   6.6  756s
 496665 137552 infeasible   65      1030.00808  930.03828  9.71%   6.6  760s
 498700 138092  968.01643   55   23 1030.00808  930.23571  9.69%   6.6  765s
 502675 138744     cutoff   58      1030.00808  930.53919  9.66%   6.6  772s
 505053 139339     cutoff   70      1030.00808  930.76279  9.64%   6.6  777s
 507655 139682  979.85706   57    9 1030.00808  930.96559  9.62%   6.6  781s
 509966 140041 1010.97681   48   21 1030.00808  931.16563  9.60%   6.7  786s
 512576 140449  954.67436   53   13 1030.00808  931.42550  9.57%   6.7  791s
 514983 140971  959.84306   58   29 1030.00808  931.64076  9.55%   6.7  797s
 517246 141327     cutoff   55      1030.00808  931.84624  9.53%   6.7  802s
 519817 141736  975.76918   56    9 1030.00808  932.03185  9.51%   6.7  807s
 522197 142142     cutoff   66      1030.00808  932.22801  9.49%   6.7  812s
 524644 142523  948.64855   47   22 1030.00808  932.44782  9.47%   6.7  816s
 527143 142992  961.08297   50   24 1030.00808  932.68844  9.45%   6.7  821s
 528710 143008  982.89674   45   30 1030.00808  932.79643  9.44%   6.7  826s
 529809 143194  962.11717   41   17 1030.00808  932.89646  9.43%   6.7  831s
 531925 143421     cutoff   58      1030.00808  933.10040  9.41%   6.7  836s
 534100 143777     cutoff   46      1030.00808  933.26620  9.39%   6.7  840s
 537907 144676  975.11710   59   15 1030.00808  933.62433  9.36%   6.7  847s
 540768 145053 1006.63746   43   19 1030.00808  933.85846  9.33%   6.7  851s
 543412 145520 1020.79551   57    8 1030.00808  934.07671  9.31%   6.7  855s
 546024 145974     cutoff   49      1030.00808  934.28169  9.29%   6.7  860s
 550136 146479 1005.12443   56    9 1030.00808  934.60903  9.26%   6.7  865s
 553078 146961  946.83442   43   27 1030.00808  934.87465  9.24%   6.7  871s
 555652 147298     cutoff   48      1030.00808  935.10991  9.21%   6.7  875s
 557983 147636 1017.63551   54   10 1030.00808  935.26951  9.20%   6.7  880s
 562086 148251 infeasible   66      1030.00808  935.65154  9.16%   6.7  886s
 563184 148424  988.12511   53   11 1030.00808  935.72815  9.15%   6.7  890s
 567364 148969  999.76523   63   16 1030.00808  936.09760  9.12%   6.7  896s
 569956 149285 1029.16775   54   11 1030.00808  936.33937  9.09%   6.7  900s
 573558 149825  986.22863   53    7 1030.00808  936.60604  9.07%   6.7  906s
 576100 150078 1005.40251   53   20 1030.00808  936.83729  9.05%   6.7  910s
 578615 150469  981.85637   53   17 1030.00808  937.01235  9.03%   6.7  915s
 582178 150906  990.64583   57   25 1030.00808  937.31978  9.00%   6.7  921s
 584273 151194     cutoff   79      1030.00808  937.49052  8.98%   6.7  925s
 588090 151605     cutoff   63      1030.00808  937.80986  8.95%   6.7  931s
 590150 151823 1027.34264   51   12 1030.00808  937.98318  8.93%   6.7  936s
 592517 152159     cutoff   60      1030.00808  938.14876  8.92%   6.7  941s
 595246 152550  999.51562   52   23 1030.00808  938.39311  8.89%   6.7  945s
 599239 152995     cutoff   70      1030.00808  938.68499  8.87%   6.7  951s
 601937 153302  992.01670   43   10 1030.00808  938.87761  8.85%   6.7  955s
 604509 153644 infeasible   59      1030.00808  939.12379  8.82%   6.7  961s
 607106 153957  982.21590   51   12 1030.00808  939.31766  8.80%   6.7  966s
 610109 154288  951.58968   55   14 1030.00808  939.58024  8.78%   6.7  971s
 612509 154524 1009.05358   67   22 1030.00808  939.74806  8.76%   6.7  976s
H613608 154744                    1030.0078803  939.83440  8.75%   6.7  978s
 615154 154743 1024.79818   63   14 1030.00788  939.93543  8.74%   6.7  985s
 617383 155107     cutoff   47      1030.00788  940.12340  8.73%   6.7  991s
 620118 155456  993.23000   55   16 1030.00788  940.38585  8.70%   6.7  995s
 622314 155714     cutoff   56      1030.00788  940.55841  8.68%   6.8 1000s
 626469 156202     cutoff   55      1030.00788  940.91482  8.65%   6.8 1006s
 628904 156424     cutoff   54      1030.00788  941.06499  8.64%   6.8 1010s
 632537 157001  999.80135   57   14 1030.00788  941.38663  8.60%   6.8 1016s
 635260 157260 1005.61519   60   20 1030.00788  941.58213  8.58%   6.8 1020s
 639366 157626     cutoff   53      1030.00788  941.93901  8.55%   6.8 1026s
 642065 157976  986.57479   42    9 1030.00788  942.10328  8.53%   6.8 1031s
 644053 158203 1015.64007   42   21 1030.00788  942.23108  8.52%   6.8 1035s
 648170 158722  992.47847   53   13 1030.00788  942.53481  8.49%   6.8 1041s
 650576 158994  990.33323   50   27 1030.00788  942.69931  8.48%   6.8 1045s
 653167 159306 1004.59197   59   28 1030.00788  942.92284  8.45%   6.8 1050s
 656824 159799  960.11392   64   28 1030.00788  943.19779  8.43%   6.8 1057s
 659621 159995  996.68514   54   14 1030.00788  943.39154  8.41%   6.8 1061s
 661675 160197 infeasible   64      1030.00788  943.53017  8.40%   6.8 1065s
 665757 160502  984.97862   46   21 1030.00788  943.85304  8.36%   6.8 1071s
 667964 160738  985.14661   68   28 1030.00788  944.01158  8.35%   6.8 1076s
 670548 160842 1011.38203   53   23 1030.00788  944.22171  8.33%   6.8 1080s
 673113 161032     cutoff   63      1030.00788  944.41851  8.31%   6.8 1085s
 677070 161360 1010.33107   67   13 1030.00788  944.72072  8.28%   6.8 1091s
 679281 161526     cutoff   53      1030.00788  944.91082  8.26%   6.8 1096s
H680029 161528                    1030.0078541  944.91905  8.26%   6.8 1096s
 681721 161683     cutoff   48      1030.00785  945.06680  8.25%   6.8 1100s
 684476 161882     cutoff   53      1030.00785  945.29825  8.22%   6.8 1105s
 688106 162156 infeasible   55      1030.00785  945.56399  8.20%   6.8 1112s
 690886 162373     cutoff   59      1030.00785  945.78474  8.18%   6.8 1116s
 693492 162567  955.83684   53   19 1030.00785  945.96930  8.16%   6.8 1121s
 696047 162842 1019.33787   59   14 1030.00785  946.12153  8.14%   6.8 1127s
 697586 162937 1019.55644   64   21 1030.00785  946.22385  8.13%   6.8 1130s
 699982 163208  976.40312   53   10 1030.00785  946.38355  8.12%   6.8 1135s
 702864 163438     cutoff   54      1030.00785  946.57118  8.10%   6.8 1141s
 704006 163565  968.37172   47   11 1030.00785  946.63616  8.09%   6.8 1145s
 706687 163728  976.87521   55   20 1030.00785  946.81648  8.08%   6.8 1150s
 709521 163886 1024.70898   55   12 1030.00785  947.00038  8.06%   6.8 1155s
 711835 164035 1003.68072   61   17 1030.00785  947.19752  8.04%   6.8 1161s
H712522 164035                    1030.0076914  947.20394  8.04%   6.8 1161s
 713028 164034  994.06977   63   10 1030.00769  947.27333  8.03%   6.8 1167s
H713037 164034                    1030.0075613  947.27333  8.03%   6.8 1167s
H713039 164034                    1030.0072654  947.27333  8.03%   6.8 1167s
 713050 164127     cutoff   65      1030.00727  947.28294  8.03%   6.8 1170s
 715419 164221  966.78878   43   16 1030.00727  947.44453  8.02%   6.8 1176s
 717787 164515  994.60814   59   23 1030.00727  947.59225  8.00%   6.8 1184s
 719303 164572  952.45673   53   23 1030.00727  947.68317  7.99%   6.8 1187s
 721736 164714 1015.59786   63    6 1030.00727  947.86443  7.97%   6.8 1193s
 723002 164807     cutoff   50      1030.00727  947.95768  7.97%   6.8 1196s
 725510 165044 1003.19807   65   26 1030.00727  948.16270  7.95%   6.8 1203s
 727386 165115     cutoff   52      1030.00727  948.28154  7.93%   6.8 1205s
 730097 165351 1018.44169   63   17 1030.00727  948.47025  7.92%   6.8 1211s
 731293 165459 1026.36324   50   28 1030.00727  948.51891  7.91%   6.8 1215s
 734107 165600 1009.80633   57   10 1030.00727  948.72466  7.89%   6.8 1220s
 736990 165801 1002.80019   45   12 1030.00727  948.92375  7.87%   6.8 1226s
 739273 165928  966.33460   58   14 1030.00727  949.09346  7.86%   6.8 1232s
 741672 166053  999.15439   56   14 1030.00727  949.27190  7.84%   6.8 1237s
 742915 166098  994.93716   54   24 1030.00727  949.35760  7.83%   6.8 1240s
 745330 166180  977.31849   56   23 1030.00727  949.54566  7.81%   6.8 1246s
 746662 166328  985.43697   50   16 1030.00727  949.62497  7.80%   6.8 1250s
 749454 166400  991.15928   57   22 1030.00727  949.83803  7.78%   6.8 1256s
 751844 166568     cutoff   64      1030.00727  950.01594  7.77%   6.8 1262s
 753055 166714  983.58393   63   32 1030.00727  950.06295  7.76%   6.8 1265s
 756024 166772  979.07094   61   22 1030.00727  950.27582  7.74%   6.8 1270s
 758389 166917     cutoff   61      1030.00727  950.42827  7.73%   6.9 1275s
 761326 167057  996.06364   57   16 1030.00727  950.61351  7.71%   6.9 1281s
 763688 167189 infeasible   50      1030.00727  950.76358  7.69%   6.9 1287s
 764893 167307  972.42296   65   25 1030.00727  950.82898  7.69%   6.9 1290s
 767770 167457     cutoff   57      1030.00727  951.01993  7.67%   6.9 1295s
 770697 167561 infeasible   57      1030.00727  951.22735  7.65%   6.9 1301s
 773029 167648     cutoff   56      1030.00727  951.37003  7.63%   6.9 1306s
 775556 167772 1022.96715   65    6 1030.00727  951.55518  7.62%   6.9 1312s
 777973 167833  980.52511   58   26 1030.00727  951.70773  7.60%   6.9 1317s
 779705 167877 1007.06220   53   18 1030.00727  951.83270  7.59%   6.9 1320s
 782240 167936 infeasible   63      1030.00727  952.01058  7.57%   6.9 1326s
 784662 168005 1004.32095   49    8 1030.00727  952.17410  7.56%   6.9 1333s
 785952 168042  984.48348   52   16 1030.00727  952.27099  7.55%   6.9 1336s
 788602 168172     cutoff   68      1030.00727  952.42857  7.53%   6.9 1343s
 790325 168242  989.24356   47   23 1030.00727  952.53208  7.52%   6.9 1346s
H791431 168244                    1030.0071144  952.55643  7.52%   6.9 1346s
 791486 168249     cutoff   67      1030.00711  952.59697  7.52%   6.9 1356s
H791488 168249                    1030.0069101  952.59697  7.52%   6.9 1356s
H791506 168249                    1030.0068013  952.59697  7.52%   6.9 1356s
 791543 168255  987.47806   48   15 1030.00680  952.60806  7.51%   6.9 1360s
 794078 168345 1001.97151   70   14 1030.00680  952.78975  7.50%   6.9 1367s
 795482 168426     cutoff   47      1030.00680  952.88473  7.49%   6.9 1370s
 798053 168426  971.99313   45   22 1030.00680  953.06625  7.47%   6.9 1376s
 800677 168419  983.67484   44   25 1030.00680  953.24132  7.45%   6.9 1381s
 803297 168477 1018.19295   77   11 1030.00680  953.41822  7.44%   6.9 1387s
 804594 168501  993.02636   55   38 1030.00680  953.48591  7.43%   6.9 1390s
 806167 168508 1004.63503   62   21 1030.00680  953.59028  7.42%   6.9 1402s
H806188 168508                    1030.0066377  953.59028  7.42%   6.9 1402s
H806209 168508                    1030.0065931  953.59028  7.42%   6.9 1402s
 807432 168504 infeasible   58      1030.00659  953.66906  7.41%   6.9 1407s
 810081 168555 infeasible   58      1030.00659  953.87378  7.39%   6.9 1412s
 811390 168583 1018.59932   52   15 1030.00659  953.96741  7.38%   6.9 1415s
 813948 168647 1018.27927   59   23 1030.00659  954.11711  7.37%   6.9 1422s
 815251 168699  979.79634   33   15 1030.00659  954.23048  7.36%   6.9 1425s
 817959 168750     cutoff   51      1030.00659  954.39917  7.34%   6.9 1430s
 820620 168782 1026.93498   57    - 1030.00659  954.54819  7.33%   6.9 1436s
 823728 168916  997.15189   63   16 1030.00659  954.77941  7.30%   6.9 1442s
 826290 168932     cutoff   61      1030.00659  954.94985  7.29%   6.9 1447s
 827552 168963     cutoff   52      1030.00659  955.02525  7.28%   6.9 1450s
 830697 169005 1018.06944   48   24 1030.00659  955.23319  7.26%   6.9 1455s
 833598 169146     cutoff   66      1030.00659  955.43238  7.24%   6.9 1461s
 836519 169225     cutoff   66      1030.00659  955.61007  7.22%   6.9 1466s
 839123 169290  997.79639   52   27 1030.00659  955.76475  7.21%   6.9 1473s
 840713 169252     cutoff   66      1030.00659  955.88550  7.20%   6.9 1476s
 843131 169237     cutoff   45      1030.00659  956.02516  7.18%   6.9 1481s
 845630 169290  987.34267   42   23 1030.00659  956.21217  7.16%   6.9 1487s
 846872 169356  984.65530   59   21 1030.00659  956.28165  7.16%   6.9 1490s
 849418 169427     cutoff   62      1030.00659  956.44959  7.14%   6.9 1496s
 852405 169387 1000.38287   71   12 1030.00659  956.63188  7.12%   6.9 1502s
 853600 169377 1019.59379   61   24 1030.00659  956.71844  7.12%   6.9 1505s
 856063 169381     cutoff   51      1030.00659  956.89831  7.10%   6.9 1511s
 857344 169372  975.37101   59   18 1030.00659  956.97898  7.09%   6.9 1515s
 860308 169373     cutoff   59      1030.00659  957.18222  7.07%   6.9 1520s
 862839 169408  967.78380   58   12 1030.00659  957.37588  7.05%   6.9 1526s
 865955 169519     cutoff   59      1030.00659  957.57506  7.03%   6.9 1532s
 867152 169436  965.43365   50   22 1030.00659  957.65249  7.02%   6.9 1535s
 869754 169391     cutoff   45      1030.00659  957.80821  7.01%   6.9 1540s
 872607 169429     cutoff   46      1030.00659  958.01193  6.99%   6.9 1546s
 875108 169329     cutoff   58      1030.00659  958.18710  6.97%   6.9 1551s
 877746 169378 infeasible   59      1030.00659  958.36202  6.96%   6.9 1557s
 879018 169386     cutoff   62      1030.00659  958.40638  6.95%   6.9 1560s
 882025 169398  969.68690   61   25 1030.00659  958.60799  6.93%   6.9 1566s
 883240 169321     cutoff   62      1030.00659  958.70742  6.92%   6.9 1570s
 885806 169338 infeasible   63      1030.00659  958.86558  6.91%   6.9 1576s
 888702 169253     cutoff   59      1030.00659  959.06219  6.89%   6.9 1582s
 889997 169211 1023.99198   52    8 1030.00659  959.13499  6.88%   6.9 1585s
 892525 169157 1006.17621   60   15 1030.00659  959.32120  6.86%   6.9 1591s
 895003 169149 infeasible   57      1030.00659  959.50093  6.85%   6.9 1597s
 896381 169132  991.04686   49   17 1030.00659  959.58860  6.84%   6.9 1600s
 899125 169109  967.69787   61   20 1030.00659  959.76917  6.82%   6.9 1614s
 899212 169118  970.23400   62   19 1030.00659  959.77580  6.82%   6.9 1618s
 900526 169069  993.94482   56   27 1030.00659  959.85629  6.81%   6.9 1621s
 903172 169032     cutoff   85      1030.00659  960.03160  6.79%   6.9 1628s
 904547 169046     cutoff   51      1030.00659  960.10908  6.79%   7.0 1630s
 907259 168956  985.41575   49   24 1030.00659  960.30868  6.77%   7.0 1636s
 908608 168872 1015.13944   50   15 1030.00659  960.40656  6.76%   7.0 1640s
 911385 168774 infeasible   51      1030.00659  960.61543  6.74%   7.0 1646s
 912767 168724  998.10025   57   17 1030.00659  960.68770  6.73%   7.0 1650s
 915405 168609 1012.44121   59   21 1030.00659  960.88849  6.71%   7.0 1656s
H917739 168657                    1030.0064241  960.98211  6.70%   7.0 1659s
 918048 168637 infeasible   65      1030.00642  961.05400  6.69%   7.0 1663s
 919480 168600     cutoff   54      1030.00642  961.12328  6.69%   7.0 1665s
 922759 168551 infeasible   68      1030.00642  961.33640  6.67%   7.0 1671s
 925373 168397 1010.82808   48   16 1030.00642  961.49824  6.65%   7.0 1676s
 928111 168245  986.01679   60   30 1030.00642  961.71840  6.63%   7.0 1682s
 930956 168090 infeasible   63      1030.00642  961.91091  6.61%   7.0 1687s
 932222 168008 infeasible   54      1030.00642  961.99832  6.60%   7.0 1690s
 934960 167915 infeasible   51      1030.00642  962.18933  6.58%   7.0 1695s
 937726 167716  981.81943   56   12 1030.00642  962.36283  6.57%   7.0 1700s
 940355 167539 infeasible   57      1030.00642  962.53372  6.55%   7.0 1705s
 943103 167457     cutoff   56      1030.00642  962.72137  6.53%   7.0 1711s
 945600 167366 infeasible   64      1030.00642  962.91625  6.51%   7.0 1716s
 948150 167273     cutoff   48      1030.00642  963.07334  6.50%   7.0 1721s
 950898 167096  979.25521   59   20 1030.00642  963.25658  6.48%   7.0 1727s
 952132 167026 1015.17134   55   21 1030.00642  963.34989  6.47%   7.0 1730s
 954873 166863  991.78371   54   20 1030.00642  963.53883  6.45%   7.0 1735s
 957741 166675     cutoff   55      1030.00642  963.71802  6.44%   7.0 1740s
 960347 166622 1001.29456   56   16 1030.00642  963.90080  6.42%   7.0 1746s
 963197 166534  983.75467   52   26 1030.00642  964.07716  6.40%   7.0 1752s
 964631 166499  992.45024   45   37 1030.00642  964.15646  6.39%   7.0 1755s
 967387 166377 1011.11749   57   16 1030.00642  964.33548  6.38%   7.0 1760s
 970128 166221     cutoff   49      1030.00642  964.51975  6.36%   7.0 1765s
 972902 166031     cutoff   51      1030.00642  964.69855  6.34%   7.0 1771s
 975685 165827     cutoff   43      1030.00642  964.88553  6.32%   7.0 1776s
 978456 165621 1012.20996   53   15 1030.00642  965.07261  6.30%   7.0 1782s
 981179 165410     cutoff   54      1030.00642  965.25339  6.29%   7.0 1787s
 982489 165305  997.04466   65   19 1030.00642  965.35860  6.28%   7.0 1790s
 985259 165134  983.95166   58   30 1030.00642  965.52467  6.26%   7.0 1796s
 988063 164896  981.17407   43   13 1030.00642  965.72098  6.24%   7.0 1801s
 990895 164726 1019.48685   56    8 1030.00642  965.88610  6.23%   7.0 1806s
 993618 164459  985.85245   55   11 1030.00642  966.06759  6.21%   7.0 1812s
 994993 164362 1000.72546   65   13 1030.00642  966.17071  6.20%   7.0 1815s
 997888 164155 1017.95377   58   18 1030.00642  966.36406  6.18%   7.0 1821s
 1000612 163879     cutoff   54      1030.00642  966.53886  6.16%   7.0 1826s
 1003522 163788     cutoff   44      1030.00642  966.72508  6.14%   7.0 1836s
 1003556 163664 1017.36342   72   13 1030.00642  966.73240  6.14%   7.0 1840s
 1006265 163455 1010.92423   66    8 1030.00642  966.90714  6.13%   7.0 1847s
 1007694 163357 infeasible   59      1030.00642  966.98942  6.12%   7.0 1851s
 1010437 163098     cutoff   57      1030.00642  967.16913  6.10%   7.0 1858s
 1011901 162992  967.45938   66   10 1030.00642  967.26870  6.09%   7.0 1861s
 1014805 162719 infeasible   54      1030.00642  967.46224  6.07%   7.0 1868s
 1016283 162581 1028.70953   50   10 1030.00642  967.55143  6.06%   7.0 1871s
 1019009 162345 1008.45293   55   29 1030.00642  967.75383  6.04%   7.0 1877s
 1021988 162066 infeasible   70      1030.00642  967.92184  6.03%   7.0 1882s
 1023363 161950 1023.03117   74   15 1030.00642  968.04045  6.02%   7.0 1885s
 1026164 161658  999.39854   62   19 1030.00642  968.23334  6.00%   7.0 1892s
 1027611 161520 1019.49114   60    8 1030.00642  968.32520  5.99%   7.0 1895s
 1030438 161293  989.00841   45   12 1030.00642  968.52332  5.97%   7.0 1902s
 1031900 161172  970.18964   60   16 1030.00642  968.61017  5.96%   7.0 1906s
 1034619 160967     cutoff   56      1030.00642  968.77663  5.94%   7.0 1912s
 1035804 160832 infeasible   60      1030.00642  968.85929  5.94%   7.0 1915s
 1038524 160558  991.47738   46   22 1030.00642  969.05913  5.92%   7.0 1922s
 1040036 160445  984.12134   57   26 1030.00642  969.15156  5.91%   7.0 1926s
 1041452 160304 infeasible   57      1030.00642  969.22530  5.90%   7.0 1930s
 1044008 160016  994.12185   51   12 1030.00642  969.43464  5.88%   7.0 1936s
 1046939 159766 1018.50285   47   12 1030.00642  969.61521  5.86%   7.1 1942s
 1048337 159566 1001.83589   61   19 1030.00642  969.71864  5.85%   7.1 1945s
 1051204 159242     cutoff   59      1030.00642  969.91379  5.83%   7.1 1951s
 1054054 158927  990.07326   70   10 1030.00642  970.11759  5.81%   7.1 1958s
 1055509 158801 1008.75403   56   17 1030.00642  970.20601  5.81%   7.1 1961s
 1058285 158535 1022.59443   49   16 1030.00642  970.40356  5.79%   7.1 1968s
 1059734 158431  985.94865   51   15 1030.00642  970.47173  5.78%   7.1 1971s
 1062435 158073     cutoff   56      1030.00642  970.63904  5.76%   7.1 1976s
 1063782 157892 1002.60707   58   16 1030.00642  970.75729  5.75%   7.1 1980s
 1066746 157524 infeasible   66      1030.00642  970.94255  5.73%   7.1 1987s
 1068161 157399  993.63705   68   11 1030.00642  971.03946  5.72%   7.1 1990s
 1070861 157113     cutoff   51      1030.00642  971.23217  5.71%   7.1 1996s
 1072350 156884     cutoff   73      1030.00642  971.33728  5.70%   7.1 2000s
 1075311 156497     cutoff   51      1030.00642  971.52868  5.68%   7.1 2006s
 1078029 156140     cutoff   53      1030.00642  971.72869  5.66%   7.1 2013s
 1079520 155993     cutoff   45      1030.00642  971.81889  5.65%   7.1 2016s
 1082355 155648 1002.18362   45    8 1030.00642  971.99685  5.63%   7.1 2023s
 1083814 155409 1025.58718   64   21 1030.00642  972.08895  5.62%   7.1 2026s
 1086667 155002  990.05747   49   22 1030.00642  972.27237  5.61%   7.1 2032s
 1088084 154863     cutoff   61      1030.00642  972.39672  5.59%   7.1 2036s
 1090803 154583 infeasible   62      1030.00642  972.55749  5.58%   7.1 2042s
 1092183 154359 1005.89636   59   11 1030.00642  972.67054  5.57%   7.1 2046s
 1093634 154132     cutoff   56      1030.00642  972.76392  5.56%   7.1 2050s
 1096487 153770 1015.38340   48   26 1030.00642  972.95011  5.54%   7.1 2056s
 1099232 153382  974.36984   50   14 1030.00642  973.14550  5.52%   7.1 2062s
 1100624 153247     cutoff   54      1030.00642  973.24176  5.51%   7.1 2066s
 1103285 153050     cutoff   60      1030.00642  973.40520  5.50%   7.1 2076s
H1103364 153050                    1030.0063206  973.40520  5.50%   7.1 2076s
 1104752 152637     cutoff   46      1030.00632  973.52905  5.48%   7.1 2082s
 1107664 152259 1008.30907   50   19 1030.00632  973.72700  5.46%   7.1 2087s
 1109127 152045 infeasible   68      1030.00632  973.82224  5.45%   7.1 2090s
 1112028 151722     cutoff   57      1030.00632  974.01110  5.44%   7.1 2097s
 1114806 151396  990.32730   62   20 1030.00632  974.18192  5.42%   7.1 2102s
 1116378 151166  974.36683   52   20 1030.00632  974.27698  5.41%   7.1 2105s
 1119396 150705  993.99290   52   13 1030.00632  974.47344  5.39%   7.1 2111s
 1122427 150271     cutoff   54      1030.00632  974.66742  5.37%   7.1 2117s
 1123865 150006 infeasible   48      1030.00632  974.76672  5.36%   7.1 2120s
 1126874 149559 1021.45599   70   12 1030.00632  974.97661  5.34%   7.1 2126s
 1129720 149122  996.96991   47   28 1030.00632  975.17796  5.32%   7.1 2132s
 1131193 148941  999.91033   53   15 1030.00632  975.24978  5.32%   7.1 2135s
 1133938 148447     cutoff   67      1030.00632  975.45937  5.30%   7.1 2142s
 1135315 148181     cutoff   45      1030.00632  975.54330  5.29%   7.1 2145s
 1138155 147691     cutoff   45      1030.00632  975.76871  5.27%   7.1 2153s
 1139533 147467 1018.80998   45   20 1030.00632  975.86000  5.26%   7.1 2157s
 1140967 147214     cutoff   58      1030.00632  975.96252  5.25%   7.1 2162s
 1142407 146950  985.14631   62   29 1030.00632  976.05864  5.24%   7.1 2166s
 1143953 146738     cutoff   50      1030.00632  976.16515  5.23%   7.1 2170s
 1146896 146211 infeasible   50      1030.00632  976.38201  5.21%   7.1 2179s
 1148384 146211 1011.25933   63   11 1030.00632  976.44369  5.20%   7.1 2191s
 1148402 145970 infeasible   64      1030.00632  976.44600  5.20%   7.1 2195s
 1151254 145485     cutoff   61      1030.00632  976.67135  5.18%   7.1 2203s
 1152715 145254  992.83141   49   32 1030.00632  976.79391  5.17%   7.1 2208s
 1154180 144984     cutoff   51      1030.00632  976.89834  5.16%   7.1 2212s
 1155616 144709     cutoff   46      1030.00632  976.98772  5.15%   7.1 2217s
 1157108 144454     cutoff   49      1030.00632  977.08255  5.14%   7.1 2221s
 1158587 144212     cutoff   73      1030.00632  977.18946  5.13%   7.1 2226s
 1160109 143934  977.69675   52   15 1030.00632  977.27838  5.12%   7.1 2231s
 1161551 143620 infeasible   69      1030.00632  977.38567  5.11%   7.1 2235s
 1164458 143098 1020.63486   65   10 1030.00632  977.59458  5.09%   7.1 2243s
 1165941 142857 1021.91440   49   14 1030.00632  977.69636  5.08%   7.1 2247s
 1167343 142558 1004.01665   74   18 1030.00632  977.78727  5.07%   7.1 2251s
 1168883 142306     cutoff   48      1030.00632  977.90523  5.06%   7.1 2255s
 1171685 141746     cutoff   60      1030.00632  978.11961  5.04%   7.1 2263s
 1173130 141474     cutoff   67      1030.00632  978.21584  5.03%   7.1 2267s
 1174569 141214     cutoff   53      1030.00632  978.30050  5.02%   7.1 2271s
 1177062 140967 1013.23516   70   28 1030.00632  978.44027  5.01%   7.1 2275s
 1178733 140428 1018.94715   65   26 1030.00632  978.62503  4.99%   7.1 2281s
 1180262 140158  987.72234   51   11 1030.00632  978.72432  4.98%   7.1 2285s
 1183085 139526 1010.08814   58   28 1030.00632  978.95161  4.96%   7.1 2292s
 1184538 139168     cutoff   69      1030.00632  979.07545  4.94%   7.1 2296s
 1186077 138938 1009.07691   63   12 1030.00632  979.14914  4.94%   7.2 2300s
 1188958 138584     cutoff   52      1030.00632  979.37114  4.92%   7.2 2310s
 1190682 137875 1019.89188   61   18 1030.00632  979.47469  4.91%   7.2 2318s
 1192087 137574 infeasible   48      1030.00632  979.57835  4.90%   7.2 2321s
 1194933 136931  988.53672   65   28 1030.00632  979.81540  4.87%   7.2 2328s
 1196468 136627 1013.00089   54   14 1030.00632  979.93218  4.86%   7.2 2332s
 1197946 136335 1019.73285   40   30 1030.00632  980.02348  4.85%   7.2 2335s
 1200751 135685 1003.63264   61    9 1030.00632  980.23773  4.83%   7.2 2343s
 1202253 135404 1024.30676   52   16 1030.00632  980.36442  4.82%   7.2 2346s
 1203776 135101  998.97257   61   22 1030.00632  980.47415  4.81%   7.2 2350s
 1206480 134537     cutoff   58      1030.00632  980.66438  4.79%   7.2 2358s
 1208005 134253 1004.16544   55   21 1030.00632  980.75232  4.78%   7.2 2361s
 1210827 133670  988.20705   54   21 1030.00632  980.96246  4.76%   7.2 2368s
 1212313 133250 infeasible   49      1030.00632  981.06136  4.75%   7.2 2372s
 1213705 132944 infeasible   62      1030.00632  981.18518  4.74%   7.2 2375s
 1216797 132203  996.51041   64   14 1030.00632  981.42933  4.72%   7.2 2383s
 1218377 131891 1029.11599   53   23 1030.00632  981.53050  4.71%   7.2 2387s
 1219852 131603  987.84392   60   27 1030.00632  981.63777  4.70%   7.2 2390s
 1222683 130884 1002.10132   50    8 1030.00632  981.84890  4.68%   7.2 2397s
 1224120 130496 infeasible   59      1030.00632  981.98562  4.66%   7.2 2401s
 1225615 130129     cutoff   63      1030.00632  982.10430  4.65%   7.2 2405s
 1228508 129452     cutoff   52      1030.00632  982.29162  4.63%   7.2 2413s
 1229954 129135 1024.08591   65   14 1030.00632  982.39918  4.62%   7.2 2416s
 1231329 128795 1025.92834   65   16 1030.00632  982.49690  4.61%   7.2 2420s
 1234132 128064 infeasible   76      1030.00632  982.74102  4.59%   7.2 2427s
 1235500 127682  987.24240   48   19 1030.00632  982.83146  4.58%   7.2 2431s
 1236969 127271     cutoff   60      1030.00632  982.94314  4.57%   7.2 2435s
 1239849 126538     cutoff   64      1030.00632  983.17907  4.55%   7.2 2444s
 1241302 126192 1027.89117   66   11 1030.00632  983.28991  4.54%   7.2 2448s
 1242698 125794     cutoff   61      1030.00632  983.40944  4.52%   7.2 2452s
 1244149 125408 1004.27786   63   19 1030.00632  983.53293  4.51%   7.2 2456s
 1245670 125126 infeasible   67      1030.00632  983.64308  4.50%   7.2 2460s
 1248507 124438 infeasible   58      1030.00632  983.85787  4.48%   7.2 2467s
 1249901 124095 infeasible   51      1030.00632  983.92877  4.47%   7.2 2471s
 1251291 123710     cutoff   56      1030.00632  984.08057  4.46%   7.2 2475s
 1254281 123005     cutoff   63      1030.00632  984.29662  4.44%   7.2 2482s
 1255693 122587     cutoff   63      1030.00632  984.41767  4.43%   7.2 2486s
 1257237 122204  993.89277   58   10 1030.00632  984.52734  4.42%   7.2 2490s
 1260219 121381 infeasible   49      1030.00632  984.76116  4.39%   7.2 2497s
 1261691 120949     cutoff   88      1030.00632  984.89564  4.38%   7.2 2500s
 1264592 120132     cutoff   65      1030.00632  985.12848  4.36%   7.2 2508s
 1266040 119649 infeasible   69      1030.00632  985.24834  4.35%   7.2 2511s
 1267555 119610     cutoff   50      1030.00632  985.35764  4.33%   7.2 2518s
 1267632 119221     cutoff   64      1030.00632  985.35982  4.33%   7.2 2521s
 1269043 118796  993.80030   57   24 1030.00632  985.52003  4.32%   7.2 2525s
 1271904 117997 infeasible   67      1030.00632  985.73071  4.30%   7.2 2531s
 1273401 117490 1001.92584   60   15 1030.00632  985.86635  4.29%   7.2 2535s
 1276328 116718     cutoff   52      1030.00632  986.11110  4.26%   7.2 2540s
 1279184 115896 1025.37744   53   26 1030.00632  986.37121  4.24%   7.2 2547s
 1280704 115486 infeasible   67      1030.00632  986.48970  4.22%   7.2 2550s
 1283714 114673     cutoff   39      1030.00632  986.74163  4.20%   7.2 2556s
 1286653 113759 1005.96488   59   24 1030.00632  986.99185  4.18%   7.2 2562s
 1288148 113369     cutoff   44      1030.00632  987.10222  4.17%   7.2 2565s
 1290965 112526 1029.23571   62   14 1030.00632  987.34799  4.14%   7.2 2571s
 1293868 111730  992.48222   46   22 1030.00632  987.59744  4.12%   7.2 2577s
 1295423 111226     cutoff   62      1030.00632  987.70322  4.11%   7.2 2580s
 1298341 110379     cutoff   66      1030.00632  987.95554  4.08%   7.2 2586s
 1301268 109638     cutoff   58      1030.00632  988.16398  4.06%   7.2 2592s
 1302643 109185  997.26483   58   21 1030.00632  988.28669  4.05%   7.2 2595s
 1305680 108216  991.68226   77   18 1030.00632  988.53570  4.03%   7.3 2601s
 1308500 107272     cutoff   52      1030.00632  988.80003  4.00%   7.3 2608s
 1310055 106769     cutoff   41      1030.00632  988.93684  3.99%   7.3 2611s
 1313001 105805 1003.14920   51   16 1030.00632  989.21767  3.96%   7.3 2617s
 1314572 105360 infeasible   68      1030.00632  989.33034  3.95%   7.3 2620s
 1317409 104395 1015.33365   66   11 1030.00632  989.57615  3.93%   7.3 2626s
 1320140 103393     cutoff   50      1030.00632  989.83472  3.90%   7.3 2632s
 1321609 102889     cutoff   66      1030.00632  989.99581  3.88%   7.3 2636s
 1323096 102380 infeasible   64      1030.00632  990.11950  3.87%   7.3 2640s
 1326010 101397 infeasible   61      1030.00632  990.42003  3.84%   7.3 2648s
 1327571 100918 1020.58982   54   10 1030.00632  990.54236  3.83%   7.3 2653s
 1328997 100517 1006.60120   51   12 1030.00632  990.67202  3.82%   7.3 2657s
 1330182 99951     cutoff   52      1030.00632  990.78142  3.81%   7.3 2661s
 1333132 98932 infeasible   51      1030.00632  991.07056  3.78%   7.3 2668s
 1334609 98399 1006.01868   65    8 1030.00632  991.21600  3.77%   7.3 2672s
 1336119 97879 1028.83744   68   20 1030.00632  991.32163  3.76%   7.3 2676s
 1338930 96868 infeasible   52      1030.00632  991.62332  3.73%   7.3 2683s
 1340342 96334 infeasible   54      1030.00632  991.77659  3.71%   7.3 2687s
 1341813 95768 1016.08588   45   24 1030.00632  991.92727  3.70%   7.3 2691s
 1344635 94716     cutoff   54      1030.00632  992.19988  3.67%   7.3 2698s
 1346037 94174 1021.86390   60   21 1030.00632  992.34140  3.66%   7.3 2702s
 1347485 93616 infeasible   54      1030.00632  992.47526  3.64%   7.3 2705s
 1350225 92671 1027.13233   62   18 1030.00632  992.75407  3.62%   7.3 2713s
 1351619 92132     cutoff   58      1030.00632  992.91193  3.60%   7.3 2716s
 1353141 91533 infeasible   72      1030.00632  993.05452  3.59%   7.3 2720s
 1356192 90915  995.13174   60   23 1030.00632  993.36528  3.56%   7.3 2732s
 1356339 90372  998.59262   61   16 1030.00632  993.37474  3.56%   7.3 2735s
 1359269 89221 infeasible   50      1030.00632  993.67397  3.53%   7.3 2743s
 1360776 88675     cutoff   68      1030.00632  993.81165  3.51%   7.3 2747s
 1362210 88160     cutoff   67      1030.00632  993.95168  3.50%   7.3 2750s
 1365120 86944     cutoff   52      1030.00632  994.26777  3.47%   7.3 2758s
 1366615 86377 1010.24592   58   10 1030.00632  994.41454  3.46%   7.3 2762s
 1368041 85763 1029.78813   58   24 1030.00632  994.58011  3.44%   7.3 2765s
 1371078 84593     cutoff   75      1030.00632  994.88382  3.41%   7.3 2772s
 1372588 84016 1010.76722   55   17 1030.00632  995.03042  3.40%   7.3 2776s
 1375574 82848 infeasible   59      1030.00632  995.34483  3.37%   7.3 2783s
 1377042 82287     cutoff   58      1030.00632  995.49006  3.35%   7.3 2787s
 1378466 81673 1008.12303   56   18 1030.00632  995.65841  3.33%   7.3 2791s
 1379952 81049     cutoff   62      1030.00632  995.81939  3.32%   7.3 2795s
 1382726 79879 infeasible   69      1030.00632  996.10953  3.29%   7.3 2802s
 1384136 79184     cutoff   75      1030.00632  996.28579  3.27%   7.3 2806s
 1385701 78610 infeasible   68      1030.00632  996.43034  3.26%   7.3 2810s
 1388351 77518     cutoff   61      1030.00632  996.69582  3.23%   7.3 2817s
 1389676 76895     cutoff   64      1030.00632  996.89470  3.21%   7.3 2821s
 1392591 75701 1012.10459   52   14 1030.00632  997.18188  3.19%   7.3 2828s
 1394056 75059     cutoff   59      1030.00632  997.35442  3.17%   7.3 2832s
 1395536 74514     cutoff   60      1030.00632  997.48216  3.16%   7.3 2835s
 1398341 73222     cutoff   62      1030.00632  997.84023  3.12%   7.3 2842s
 1399771 72589     cutoff   48      1030.00632  998.01876  3.11%   7.3 2846s
 1401147 72035     cutoff   58      1030.00632  998.18402  3.09%   7.3 2850s
 1403985 70713     cutoff   60      1030.00632  998.52133  3.06%   7.3 2858s
 1405446 70111 1014.84398   54   12 1030.00632  998.67682  3.04%   7.4 2862s
 1406824 69425     cutoff   56      1030.00632  998.85666  3.02%   7.4 2866s
 1408225 68750     cutoff   66      1030.00632  999.04499  3.01%   7.4 2870s
 1411056 67505 1002.73861   51   18 1030.00632  999.37242  2.97%   7.4 2877s
 1412329 66823  999.69891   58   23 1030.00632  999.57118  2.95%   7.4 2881s
 1413781 66124 infeasible   65      1030.00632  999.76105  2.94%   7.4 2886s
 1416642 64866     cutoff   58      1030.00632 1000.11376  2.90%   7.4 2893s
 1418039 64184     cutoff   64      1030.00632 1000.29506  2.88%   7.4 2897s
 1419508 63564     cutoff   52      1030.00632 1000.48586  2.87%   7.4 2901s
 1420818 62828 1026.86547   65   16 1030.00632 1000.64443  2.85%   7.4 2905s
 1423625 61454 1008.05250   60   15 1030.00632 1001.01911  2.81%   7.4 2913s
 1424982 60673 1013.37228   64    8 1030.00632 1001.23920  2.79%   7.4 2917s
 1426439 60003 1029.52506   51   19 1030.00632 1001.44393  2.77%   7.4 2920s
 1429335 58620     cutoff   66      1030.00632 1001.83540  2.74%   7.4 2927s
 1430621 57863 infeasible   61      1030.00632 1002.04127  2.72%   7.4 2930s
 1433442 56398     cutoff   65      1030.00632 1002.44093  2.68%   7.4 2937s
 1434877 55641 1026.91896   56   22 1030.00632 1002.66489  2.65%   7.4 2941s
 1437778 54071     cutoff   44      1030.00632 1003.08360  2.61%   7.4 2947s
 1439126 53298     cutoff   57      1030.00632 1003.30894  2.59%   7.4 2951s
 1441980 51807 1019.18242   50   18 1030.00632 1003.75919  2.55%   7.4 2958s
 1443360 51029     cutoff   60      1030.00632 1003.98179  2.53%   7.4 2961s
 1444764 50206     cutoff   56      1030.00632 1004.22306  2.50%   7.4 2965s
 1447637 49297     cutoff   59      1030.00632 1004.72644  2.45%   7.4 2976s
 1447825 48421 1022.69835   54   23 1030.00632 1004.73375  2.45%   7.4 2980s
 1450619 46870     cutoff   46      1030.00632 1005.19489  2.41%   7.4 2988s
 1451946 46058 1024.88035   55   24 1030.00632 1005.46269  2.38%   7.4 2991s
 1454746 44434 infeasible   63      1030.00632 1005.93500  2.34%   7.4 2998s
 1456181 43562 1010.70827   62   21 1030.00632 1006.18778  2.31%   7.4 3001s
 1457553 42738 1007.50146   57   11 1030.00632 1006.47369  2.28%   7.4 3005s
 1460296 41012 1011.53083   62   18 1030.00632 1006.99902  2.23%   7.4 3012s
 1461683 40218 1029.49866   50   18 1030.00632 1007.24269  2.21%   7.4 3015s
 1464357 38515     cutoff   70      1030.00632 1007.81235  2.15%   7.4 3021s
 1467013 36745     cutoff   57      1030.00632 1008.38183  2.10%   7.4 3027s
 1468406 35813 infeasible   49      1030.00632 1008.68512  2.07%   7.4 3030s
 1471272 34069     cutoff   53      1030.00632 1009.29393  2.01%   7.4 3036s
 1474032 32143 1025.84214   57    6 1030.00632 1009.95739  1.95%   7.4 3041s
 1476663 30359 1011.05851   40   25 1030.00632 1010.63310  1.88%   7.4 3047s
 1478002 29462 1023.34248   60   14 1030.00632 1010.97370  1.85%   7.4 3050s
 1480472 27660     cutoff   53      1030.00632 1011.65952  1.78%   7.4 3055s
 1481801 27579 1016.70446   60   15 1030.00632 1012.04908  1.74%   7.4 3064s
 1481924 26742     cutoff   53      1030.00632 1012.07577  1.74%   7.4 3068s
 1483199 25812 1015.35060   50   12 1030.00632 1012.42676  1.71%   7.4 3071s
 1485876 23784     cutoff   68      1030.00632 1013.25871  1.63%   7.4 3077s
 1487208 22814     cutoff   73      1030.00632 1013.69365  1.58%   7.4 3081s
 1489850 20721     cutoff   50      1030.00632 1014.62955  1.49%   7.4 3087s
 1491246 19738 infeasible   69      1030.00632 1015.10825  1.45%   7.4 3091s
 1493859 17659     cutoff   63      1030.00632 1016.07422  1.35%   7.5 3097s
 1495093 16528     cutoff   60      1030.00632 1016.62892  1.30%   7.5 3100s
 1497743 14357     cutoff   63      1030.00632 1017.77060  1.19%   7.5 3107s
 1498994 13242     cutoff   71      1030.00632 1018.40723  1.13%   7.5 3110s
 1501510 10968 1023.59662   47   21 1030.00632 1019.79713  0.99%   7.5 3116s
 1502826  9789 infeasible   44      1030.00632 1020.59591  0.91%   7.5 3120s
 1505467  7344     cutoff   55      1030.00632 1022.24949  0.75%   7.5 3127s
 1508157  4810     cutoff   46      1030.00632 1024.20450  0.56%   7.5 3131s
 1510815  2185 infeasible   58      1030.00632 1026.47983  0.34%   7.5 3136s
 1513538     0     cutoff   60      1030.00632 1029.05755  0.09%   7.5 3140s

Cutting planes:
  Lazy constraints: 3754

Explored 1514360 nodes (11300459 simplex iterations) in 3140.20 seconds
Thread count was 12 (of 12 available processors)

Solution count 3: 1030.01 1030.53 1089.41 

Optimal solution found (tolerance 1.00e-04)
Best objective 1.030006320554e+03, best bound 1.030006320554e+03, gap 0.0000%

User-callback calls 3749149, time in user-callback 0.99 sec
/projects/academic/josewalt/caigao/RRARP_BD/BendersDecomp/ret/model_outs/n_17_h_6_algo_3.out
 =====>>>>> Solution is written to file in <../ret/model_outs> !!!
===>> All Done!
