NPROCS=0
This instance is clustered!
Gurobi Optimizer version 9.0.0 build v9.0.0rc2 (linux64)
Optimize a model with 22 rows, 122 columns and 242 nonzeros
Model fingerprint: 0x21726790
Variable types: 1 continuous, 121 integer (121 binary)
Coefficient statistics:
  Matrix range     [1e+00, 1e+00]
  Objective range  [3e-01, 7e+01]
  Bounds range     [1e+00, 1e+00]
  RHS range        [1e+00, 1e+00]
Presolve removed 2 rows and 30 columns
Presolve time: 0.00s
Presolved: 20 rows, 92 columns, 182 nonzeros
Variable types: 1 continuous, 91 integer (91 binary)

Root relaxation: objective 7.927154e+01, 16 iterations, 0.00 seconds

    Nodes    |    Current Node    |     Objective Bounds      |     Work
 Expl Unexpl |  Obj  Depth IntInf | Incumbent    BestBd   Gap | It/Node Time

     0     0  114.83079    0   12          -  114.83079      -     -    0s
H    0     0                     145.7035449  114.83079  21.2%     -    0s
     0     0  118.89907    0   15  145.70354  118.89907  18.4%     -    0s
     0     0  120.62770    0   12  145.70354  120.62770  17.2%     -    0s
     0     0  120.62770    0   12  145.70354  120.62770  17.2%     -    0s
     0     0  120.62770    0   16  145.70354  120.62770  17.2%     -    0s
     0     0  121.29178    0   22  145.70354  121.29178  16.8%     -    0s
     0     0  123.41728    0   19  145.70354  123.41728  15.3%     -    0s
     0     0  124.01705    0   23  145.70354  124.01705  14.9%     -    0s
     0     0  124.10334    0   15  145.70354  124.10334  14.8%     -    0s
     0     0  124.22678    0   19  145.70354  124.22678  14.7%     -    0s
     0     0  124.31645    0   20  145.70354  124.31645  14.7%     -    0s
     0     0  124.31924    0   25  145.70354  124.31924  14.7%     -    0s
     0     0  124.32796    0   25  145.70354  124.32796  14.7%     -    0s
     0     0  124.42537    0   22  145.70354  124.42537  14.6%     -    0s
     0     0  124.42537    0   22  145.70354  124.42537  14.6%     -    0s
     0     2  124.94383    0   22  145.70354  124.94383  14.2%     -    0s

Cutting planes:
  Gomory: 2
  MIR: 2
  Zero half: 2
  Lazy constraints: 23

Explored 85 nodes (590 simplex iterations) in 0.10 seconds
Thread count was 12 (of 12 available processors)

Solution count 1: 145.704 

Optimal solution found (tolerance 1.00e-04)
Best objective 1.457035449227e+02, best bound 1.457035449227e+02, gap 0.0000%

User-callback calls 365, time in user-callback 0.00 sec
/projects/academic/josewalt/caigao/RRARP_BD/BendersDecomp/ret/model_outs/n_9_h_5_algo_3.out
 =====>>>>> Solution is written to file in <../ret/model_outs> !!!
===>> All Done!
