NPROCS=0
This instance is clustered!
Gurobi Optimizer version 9.0.0 build v9.0.0rc2 (linux64)
Optimize a model with 30 rows, 226 columns and 450 nonzeros
Model fingerprint: 0xd5fbff75
Variable types: 1 continuous, 225 integer (225 binary)
Coefficient statistics:
  Matrix range     [1e+00, 1e+00]
  Objective range  [1e+00, 2e+02]
  Bounds range     [1e+00, 1e+00]
  RHS range        [1e+00, 1e+00]
Presolve removed 2 rows and 42 columns
Presolve time: 0.00s
Presolved: 28 rows, 184 columns, 366 nonzeros
Variable types: 1 continuous, 183 integer (183 binary)

Root relaxation: objective 3.758434e+02, 25 iterations, 0.00 seconds

    Nodes    |    Current Node    |     Objective Bounds      |     Work
 Expl Unexpl |  Obj  Depth IntInf | Incumbent    BestBd   Gap | It/Node Time

     0     0  433.97898    0   18          -  433.97898      -     -    0s
     0     0  469.52993    0   26          -  469.52993      -     -    0s
     0     0  469.52993    0   26          -  469.52993      -     -    0s
     0     2  469.52993    0   26          -  469.52993      -     -    0s
*  128   104               7     529.3968451  492.64263  6.94%   6.3    0s
H  140    92                     517.7731358  492.64263  4.85%   5.9    0s

Cutting planes:
  Gomory: 1
  Inf proof: 1
  Lazy constraints: 60

Explored 297 nodes (1576 simplex iterations) in 0.08 seconds
Thread count was 12 (of 12 available processors)

Solution count 2: 517.773 529.397 

Optimal solution found (tolerance 1.00e-04)
Best objective 5.177731357836e+02, best bound 5.177731357836e+02, gap 0.0000%

User-callback calls 768, time in user-callback 0.00 sec
/projects/academic/josewalt/caigao/RRARP_BD/BendersDecomp/ret/model_outs/n_13_e_2_algo_3.out
 =====>>>>> Solution is written to file in <../ret/model_outs> !!!
===>> All Done!
