NPROCS=0
This instance is clustered!
Gurobi Optimizer version 9.0.0 build v9.0.0rc2 (linux64)
Optimize a model with 34 rows, 290 columns and 578 nonzeros
Model fingerprint: 0xe0289bcc
Variable types: 1 continuous, 289 integer (289 binary)
Coefficient statistics:
  Matrix range     [1e+00, 1e+00]
  Objective range  [1e+00, 2e+02]
  Bounds range     [1e+00, 1e+00]
  RHS range        [1e+00, 1e+00]
Presolve removed 2 rows and 48 columns
Presolve time: 0.00s
Presolved: 32 rows, 242 columns, 482 nonzeros
Variable types: 1 continuous, 241 integer (241 binary)

Root relaxation: objective 3.422400e+02, 24 iterations, 0.00 seconds

    Nodes    |    Current Node    |     Objective Bounds      |     Work
 Expl Unexpl |  Obj  Depth IntInf | Incumbent    BestBd   Gap | It/Node Time

     0     0  472.48607    0   20          -  472.48607      -     -    0s
H    0     0                     736.0534827  472.48607  35.8%     -    0s
     0     0  490.47519    0   24  736.05348  490.47519  33.4%     -    0s
H    0     0                     616.5540797  490.47519  20.4%     -    0s
     0     0  500.92318    0   23  616.55408  500.92318  18.8%     -    0s
     0     0  518.38038    0   31  616.55408  518.38038  15.9%     -    0s
H    0     0                     584.4360656  518.38038  11.3%     -    0s
     0     0  527.45753    0   25  584.43607  527.45753  9.75%     -    0s
     0     0  527.45753    0   24  584.43607  527.45753  9.75%     -    0s
     0     0  527.45753    0   39  584.43607  527.45753  9.75%     -    0s
     0     0  529.56058    0   38  584.43607  529.56058  9.39%     -    0s
     0     0  532.96289    0   38  584.43607  532.96289  8.81%     -    0s
     0     0  536.71878    0   34  584.43607  536.71878  8.16%     -    0s
     0     0  537.20418    0   40  584.43607  537.20418  8.08%     -    0s
     0     0  538.11041    0   20  584.43607  538.11041  7.93%     -    0s
     0     0  538.11041    0   20  584.43607  538.11041  7.93%     -    0s
     0     2  538.11041    0   20  584.43607  538.11041  7.93%     -    0s

Cutting planes:
  Gomory: 3
  Zero half: 3
  Lazy constraints: 15

Explored 123 nodes (1142 simplex iterations) in 0.10 seconds
Thread count was 12 (of 12 available processors)

Solution count 3: 584.436 616.554 736.053 

Optimal solution found (tolerance 1.00e-04)
Best objective 5.844360656454e+02, best bound 5.844360656454e+02, gap 0.0000%

User-callback calls 439, time in user-callback 0.00 sec
/projects/academic/josewalt/caigao/RRARP_BD/BendersDecomp/ret/model_outs/n_15_e_6_algo_3.out
 =====>>>>> Solution is written to file in <../ret/model_outs> !!!
===>> All Done!
