NPROCS=0
This instance is clustered!
Gurobi Optimizer version 9.0.0 build v9.0.0rc2 (linux64)
Optimize a model with 46 rows, 530 columns and 1058 nonzeros
Model fingerprint: 0xbb5fb883
Variable types: 1 continuous, 529 integer (529 binary)
Coefficient statistics:
  Matrix range     [1e+00, 1e+00]
  Objective range  [1e+00, 4e+02]
  Bounds range     [1e+00, 1e+00]
  RHS range        [1e+00, 1e+00]
Presolve removed 2 rows and 66 columns
Presolve time: 0.00s
Presolved: 44 rows, 464 columns, 926 nonzeros
Variable types: 1 continuous, 463 integer (463 binary)

Root relaxation: objective 8.824999e+02, 34 iterations, 0.00 seconds

    Nodes    |    Current Node    |     Objective Bounds      |     Work
 Expl Unexpl |  Obj  Depth IntInf | Incumbent    BestBd   Gap | It/Node Time

     0     0  948.91267    0   18          -  948.91267      -     -    0s
H    0     0                    1660.3405891  948.91267  42.8%     -    0s
     0     0  981.67556    0    8 1660.34059  981.67556  40.9%     -    0s
H    0     0                    1656.8588810  993.98726  40.0%     -    0s
     0     2 1001.78842    0   24 1656.85888 1001.78842  39.5%     -    0s
* 1303  1067             100    1448.1710536 1044.29681  27.9%   2.5    0s
* 1535  1201             106    1392.1284750 1049.99940  24.6%   2.6    0s
* 1585  1192             101    1381.3175820 1049.99940  24.0%   2.6    0s
H 2109  1468                    1372.9824551 1049.99940  23.5%   2.7    0s
 11503  7360 1194.47195   28   13 1372.98246 1077.62824  21.5%   3.8    5s
 19303 12849 1107.95887   28    7 1372.98246 1091.33087  20.5%   4.1   10s
 24618 16683 1179.52187   31   15 1372.98246 1098.27111  20.0%   4.2   15s
 29383 20272 1152.44000   37   10 1372.98246 1103.33650  19.6%   4.2   20s
 33716 23375 1171.75300   37   11 1372.98246 1105.92941  19.5%   4.2   25s
 37028 25806 1184.07854   30   16 1372.98246 1108.58241  19.3%   4.3   30s
 37889 25896 1254.43651   54    8 1372.98246 1108.86285  19.2%   4.3  133s
 37891 25897 1264.92044   69   76 1372.98246 1108.86285  19.2%   4.3  135s
 37896 25901 1343.71552   58   57 1372.98246 1108.86285  19.2%   4.3  140s
 37901 25904 1201.36668   73   46 1372.98246 1108.86285  19.2%   4.3  145s
 38141 26075 1125.26467   42   30 1372.98246 1108.86285  19.2%   4.3  150s
 40680 27071 1332.02481   67   50 1372.98246 1108.86285  19.2%   4.3  155s
 45729 29637 1157.72602   44   31 1372.98246 1108.86285  19.2%   4.2  160s
 50257 31975     cutoff  114      1372.98246 1108.86285  19.2%   4.2  165s
 54485 34097 1204.00339   53   48 1372.98246 1108.86285  19.2%   4.2  170s
 58883 36329 1162.04875   54   15 1372.98246 1108.86285  19.2%   4.1  175s
 61981 37769 1117.98532   40   41 1372.98246 1108.86285  19.2%   4.1  180s
 65808 39412 1212.53475   44   11 1372.98246 1108.86285  19.2%   4.1  186s
 68624 40502 1188.45321   42    8 1372.98246 1108.86285  19.2%   4.2  191s
 70373 41380 1166.02260   51   38 1372.98246 1108.86285  19.2%   4.2  195s
 73701 42505 1194.06054   52   10 1372.98246 1108.94524  19.2%   4.1  201s
 75618 43188 1221.48083   40   16 1372.98246 1110.12020  19.1%   4.2  205s
 77447 43939 1127.93178   37   24 1372.98246 1111.56639  19.0%   4.2  210s
 79394 44642 1227.41404   46   20 1372.98246 1112.72056  19.0%   4.2  215s
 82020 45491 1163.02263   47   17 1372.98246 1114.65219  18.8%   4.2  222s
 83525 45974 1212.09207   47   35 1372.98246 1115.66983  18.7%   4.2  227s
 85216 46396 1220.65780   50    - 1372.98246 1116.80189  18.7%   4.3  232s
 86888 46857 1174.94921   41    9 1372.98246 1118.09033  18.6%   4.3  237s
 87692 47113 1149.44952   47   28 1372.98246 1118.72190  18.5%   4.3  240s
 89370 47739 1273.93844   59   83 1372.98246 1119.90117  18.4%   4.3  248s
 90240 47931 1280.42418   54   15 1372.98246 1120.43999  18.4%   4.3  252s
 91090 48223 1147.17469   41   16 1372.98246 1121.29250  18.3%   4.3  256s
 91968 48487     cutoff   77      1372.98246 1122.08773  18.3%   4.3  260s
 93672 48958 1175.53058   42   16 1372.98246 1123.17671  18.2%   4.4  268s
 94457 49280 1204.31933   43   21 1372.98246 1124.00632  18.1%   4.4  273s
 95372 49559 1213.50012   45   44 1372.98246 1124.49509  18.1%   4.4  277s
 96295 49712     cutoff   60      1372.98246 1125.07687  18.1%   4.4  281s
 97135 50019 1218.38151   45   25 1372.98246 1125.53855  18.0%   4.4  285s
 98810 50463 1203.09630   48   11 1372.98246 1126.47869  18.0%   4.4  292s
 99575 50602 1140.04740   49   16 1372.98246 1126.88716  17.9%   4.4  296s
 100386 50907 1241.24069   54    6 1372.98246 1127.40295  17.9%   4.4  300s
 102210 51359 1300.77377   50   13 1372.98246 1128.47365  17.8%   4.5  309s
 103161 51620 1219.17755   51   15 1372.98246 1129.01595  17.8%   4.5  313s
 104108 51865 1320.28703   48    8 1372.98246 1129.53708  17.7%   4.5  318s
 104968 52103 1179.73050   42   52 1372.98246 1130.19533  17.7%   4.5  323s
 105894 52303 1243.58815   52   52 1372.98246 1130.58197  17.7%   4.5  328s
 106751 52570 1235.19131   50    9 1372.98246 1131.07608  17.6%   4.5  333s
 107724 52670 1175.47812   59   21 1372.98246 1131.55118  17.6%   4.5  337s
 108412 52969     cutoff   78      1372.98246 1131.71443  17.6%   4.5  343s
 109371 53232 1318.83418   62   55 1372.98246 1132.31004  17.5%   4.5  349s
 110290 53374 1204.77664   45    7 1372.98246 1132.79270  17.5%   4.5  355s
 111120 53709 1176.57146   53    9 1372.98246 1133.00270  17.5%   4.5  360s
 112130 53929 1248.09129   69    - 1372.98246 1133.43975  17.4%   4.5  366s
 113052 54156 1272.05317   69   53 1372.98246 1134.11697  17.4%   4.6  371s
 114006 54480 1191.61196   46   37 1372.98246 1134.58193  17.4%   4.6  378s
 115036 54692 1198.78221   39    9 1372.98246 1134.89597  17.3%   4.6  385s
 116039 55183     cutoff   66      1372.98246 1135.31874  17.3%   4.6  393s
 117049 55814 1295.52264   55   13 1372.98246 1135.71994  17.3%   4.6  400s
 118104 56370 1167.25380   57   43 1372.98246 1136.16573  17.2%   4.6  406s
 119106 56978     cutoff   78      1372.98246 1136.57851  17.2%   4.6  413s
 120067 57614 1232.87864   46    9 1372.98246 1136.86243  17.2%   4.6  420s
 121110 58170     cutoff   72      1372.98246 1137.21635  17.2%   4.6  428s
 122096 58782 1292.45510   46   36 1372.98246 1137.46090  17.2%   4.6  435s
 123100 59416 1366.36523   73   41 1372.98246 1137.89285  17.1%   4.6  444s
 124163 59996 1263.90587   70    - 1372.98246 1138.39341  17.1%   4.6  453s
 125151 60724     cutoff   70      1372.98246 1138.68930  17.1%   4.6  462s
 126291 61303 1320.03726   55   10 1372.98246 1139.05818  17.0%   4.6  469s
 127292 61825 1217.52650   42   26 1372.98246 1139.27457  17.0%   4.6  477s
 128242 62361 1277.12287   46   13 1372.98246 1139.74004  17.0%   4.6  485s
 129204 62944 1227.46322   48   22 1372.98246 1139.95630  17.0%   4.6  493s
 130153 63480     cutoff   76      1372.98246 1140.40881  16.9%   4.7  501s
 131174 64048 1311.37390   87   23 1372.98246 1140.73657  16.9%   4.7  510s
 132175 64589     cutoff   71      1372.98246 1141.31900  16.9%   4.7  519s
 133190 65219 1321.84021   65    - 1372.98246 1141.65326  16.8%   4.7  527s
 134249 65825 1333.28207   65   70 1372.98246 1141.71726  16.8%   4.7  536s
 135311 66500     cutoff   73      1372.98246 1142.02531  16.8%   4.7  546s
 136406 67141 1279.98387   65   12 1372.98246 1142.69626  16.8%   4.7  557s
 137529 67782 1236.25398   82   22 1372.98246 1142.96569  16.8%   4.7  566s
 138637 68332 1175.89243   41   21 1372.98246 1143.31369  16.7%   4.7  576s
 139612 68927 1218.75915   44    9 1372.98246 1143.63655  16.7%   4.7  588s
 140663 69588 1283.63397   48   63 1372.98246 1143.80189  16.7%   4.7  598s
 141709 70199 1366.47368   58   42 1372.98246 1144.20706  16.7%   4.7  608s
 142737 70808 1210.21073   53   16 1372.98246 1144.49001  16.6%   4.7  618s
 143786 71354 1246.57364   50   16 1372.98246 1144.90429  16.6%   4.7  629s
 144839 71913 1272.15092   48   21 1372.98246 1145.24815  16.6%   4.7  640s
 145889 72344 1236.41344   55   31 1372.98246 1145.69721  16.6%   4.7  650s
 146725 72896 1220.38195   48   45 1372.98246 1146.03130  16.5%   4.7  661s
 147808 73592 1212.48351   47    8 1372.98246 1146.34116  16.5%   4.7  672s
 148952 74240 1196.64757   37   14 1372.98246 1146.68988  16.5%   4.8  682s
 150038 74842 1172.46927   45   22 1372.98246 1147.01521  16.5%   4.8  694s
 151093 75443 1213.06462   47   32 1372.98246 1147.39555  16.4%   4.8  706s
 152161 76105 1181.36060   42   21 1372.98246 1147.73726  16.4%   4.8  718s
 153260 76664 1214.36396   43    9 1372.98246 1147.91870  16.4%   4.8  730s
 154332 77336 1344.26134   59   29 1372.98246 1148.26808  16.4%   4.8  742s
 155450 77888 1274.97402   46   36 1372.98246 1148.74413  16.3%   4.8  754s
 156462 78476 1250.19280   58   34 1372.98246 1149.07459  16.3%   4.8  767s
 157537 79033 1233.30736   56   35 1372.98246 1149.21942  16.3%   4.8  781s
 158571 79542 1356.08164   58   46 1372.98246 1149.60327  16.3%   4.8  794s
 159590 80125 1223.81306   42    8 1372.98246 1150.07464  16.2%   4.8  808s
 160660 80803 1303.17836   43   24 1372.98246 1150.52674  16.2%   4.8  821s
 161729 81454 1330.50985   52   34 1372.98246 1150.65361  16.2%   4.8  835s
 162827 82066     cutoff   59      1372.98246 1150.88728  16.2%   4.8  850s
 163942 82761 1164.64194   42   14 1372.98246 1151.20060  16.2%   4.8  864s
 165126 83386 1191.07274   43   26 1372.98246 1151.45384  16.1%   4.8  878s
 166201 84075 1217.50937   45   26 1372.98246 1151.67111  16.1%   4.8  891s
 167352 84582 1230.13450   47   19 1372.98246 1151.91886  16.1%   4.8  906s
 168396 85267 1248.12274   57   47 1372.98246 1152.12361  16.1%   4.8  919s
 169552 85933 1223.94505   55   19 1372.98246 1152.40873  16.1%   4.8  933s
 170656 86666     cutoff   98      1372.98246 1152.63948  16.0%   4.8  948s
 171800 87323 1330.89132   54    8 1372.98246 1152.87852  16.0%   4.8  963s
 172955 87961 1342.86144   51   16 1372.98246 1153.31172  16.0%   4.8  978s
 174051 88584 1267.86278   46    9 1372.98246 1153.61385  16.0%   4.8  994s
 175161 89256 1276.86213   55   12 1372.98246 1154.02660  15.9%   4.8 1013s
 176274 89864 1235.86153   45   24 1372.98246 1154.17833  15.9%   4.8 1028s
 177235 90428 1221.79243   44   37 1372.98246 1154.45870  15.9%   4.8 1044s
 178323 91030 1273.16083   48    9 1372.98246 1154.69434  15.9%   4.8 1061s
 179410 91586 1179.18890   43   30 1372.98246 1154.99930  15.9%   4.8 1078s
 180441 92230 1236.45091   45   16 1372.98246 1155.20984  15.9%   4.9 1093s
 181594 92939 1300.26713   55   10 1372.98246 1155.49920  15.8%   4.9 1109s
 182752 93537 1274.84123   58   53 1372.98246 1155.73560  15.8%   4.9 1127s
 183821 94232 1259.18025   50    9 1372.98246 1155.92776  15.8%   4.9 1145s
 184973 94889 1246.25649   55   76 1372.98246 1156.15920  15.8%   4.9 1161s
 186096 95440 1371.91959   76   17 1372.98246 1156.32433  15.8%   4.9 1176s
 187170 96016     cutoff   66      1372.98246 1156.69116  15.8%   4.9 1193s
 188262 96599 1263.21550   52   18 1372.98246 1156.86579  15.7%   4.9 1210s
 189337 97333 1371.16996   69   36 1372.98246 1157.10173  15.7%   4.9 1226s
 190461 97975 1281.45369   69   23 1372.98246 1157.39133  15.7%   4.9 1246s
 191622 98596 1290.37544   56    7 1372.98246 1157.65244  15.7%   4.9 1262s
 192734 99204 1187.18723   52   36 1372.98246 1157.95973  15.7%   4.9 1278s
 193806 99837 1264.76470   52   26 1372.98246 1158.22298  15.6%   4.9 1294s
 194867 100441 1249.42409   46   70 1372.98246 1158.35667  15.6%   4.9 1312s
 195979 101100 1197.25426   41   24 1372.98246 1158.64466  15.6%   4.9 1331s
 197113 101790 1288.40855   45   22 1372.98246 1158.83356  15.6%   4.9 1350s
 198284 102536 1178.76908   50   42 1372.98246 1159.09674  15.6%   4.9 1371s
 199443 103146 1216.50074   69   48 1372.98246 1159.30049  15.6%   4.9 1388s
 200502 103739     cutoff   98      1372.98246 1159.45626  15.6%   4.9 1409s
 201585 104481     cutoff   50      1372.98246 1159.67057  15.5%   4.9 1426s
 202781 105114 1208.96035   55   23 1372.98246 1159.88341  15.5%   4.9 1445s
 203933 105725 1199.35430   43    9 1372.98246 1160.05063  15.5%   4.9 1465s
 205013 106351 1229.34735   43    7 1372.98246 1160.22038  15.5%   4.9 1485s
 206192 107052 1272.34904   49    8 1372.98246 1160.48651  15.5%   4.9 1503s
 207335 107661 1187.41221   69   40 1372.98246 1160.60854  15.5%   4.9 1522s
 208353 108273     cutoff   86      1372.98246 1160.86130  15.4%   4.9 1542s
 209522 108863 1209.42730   52   23 1372.98246 1161.02134  15.4%   4.9 1564s
 209894 108919 1265.05112   53   21 1372.98246 1161.12577  15.4%   4.9 1565s
 210626 109526 1331.34756   60   24 1372.98246 1161.22726  15.4%   4.9 1582s
 211754 110200 1219.49796   43    9 1372.98246 1161.43842  15.4%   4.9 1603s
 212880 110962 1263.29365   44   23 1372.98246 1161.66349  15.4%   4.9 1620s
 214102 111552     cutoff   51      1372.98246 1161.91799  15.4%   4.9 1638s
 215189 112125     cutoff   60      1372.98246 1162.09896  15.4%   4.9 1659s
 216259 112584 1323.32750   54   35 1372.98246 1162.29272  15.3%   4.9 1679s
 216625 112648 1290.77226   46   32 1372.98246 1162.33389  15.3%   4.9 1680s
 217336 113171 1249.24176   50   15 1372.98246 1162.46920  15.3%   4.9 1704s
 218272 113967 1289.85756   46   45 1372.98246 1162.59040  15.3%   4.9 1723s
 219526 114746 1263.20160   44   35 1372.98246 1162.80226  15.3%   4.9 1741s
 220829 115369 1201.01317   46   50 1372.98246 1162.93061  15.3%   4.9 1761s
 221981 116039     cutoff   71      1372.98246 1163.09070  15.3%   4.9 1782s
 223164 116682 1216.95528   48    9 1372.98246 1163.35589  15.3%   4.9 1802s
 224263 117365 1233.42152   47   23 1372.98246 1163.51200  15.3%   4.9 1826s
 225421 117970 1251.93326   47   33 1372.98246 1163.79632  15.2%   4.9 1851s
 226556 118648 1214.28780   44    9 1372.98246 1163.99618  15.2%   4.9 1875s
 227679 119285 1238.11945   46   19 1372.98246 1164.21957  15.2%   4.9 1897s
 228833 119937 1195.07302   46   18 1372.98246 1164.44292  15.2%   4.9 1918s
 229967 120614     cutoff   71      1372.98246 1164.56670  15.2%   4.9 1941s
 231124 121258 1232.45944   46   48 1372.98246 1164.80447  15.2%   4.9 1962s
 232291 121902 1188.66047   57   13 1372.98246 1165.07013  15.1%   4.9 1984s
 233395 122431     cutoff   67      1372.98246 1165.20416  15.1%   4.9 2004s
 234409 123045 1228.89598   45   27 1372.98246 1165.34942  15.1%   4.9 2029s
 235579 123722 1317.63232   50    9 1372.98246 1165.50997  15.1%   4.9 2051s
 236745 124362     cutoff   71      1372.98246 1165.68783  15.1%   4.9 2074s
 237876 124939 1291.03995   50   48 1372.98246 1165.82531  15.1%   4.9 2099s
 238992 125473 1233.59248   49   14 1372.98246 1165.98007  15.1%   4.9 2121s
 240124 126232 1223.05418   40   10 1372.98246 1166.07825  15.1%   4.9 2143s
 241288 126812 1246.74719   50   45 1372.98246 1166.33210  15.1%   4.9 2168s
 242398 127352 1336.60073   56   38 1372.98246 1166.52336  15.0%   4.9 2195s
 243520 128008 1327.39173   49    - 1372.98246 1166.74095  15.0%   4.9 2219s
 244691 128606 1356.54308   48   22 1372.98246 1166.88652  15.0%   4.9 2244s
 245803 129290     cutoff   65      1372.98246 1167.04744  15.0%   4.9 2266s
 246987 129828 1217.85449   61   38 1372.98246 1167.20224  15.0%   4.9 2291s
 248072 130462     cutoff   74      1372.98246 1167.42726  15.0%   4.9 2314s
 249197 131058 1242.01732   42   28 1372.98246 1167.65245  15.0%   4.9 2339s
 250280 131649 1214.00202   46    8 1372.98246 1167.83404  14.9%   4.9 2361s
 251385 132232 1202.47130   44   43 1372.98246 1167.98908  14.9%   4.9 2385s
 252491 132904 1197.32812   48    9 1372.98246 1168.09760  14.9%   4.9 2409s
 253673 133585 1175.93605   63   47 1372.98246 1168.26761  14.9%   4.9 2433s
 254855 134181     cutoff   67      1372.98246 1168.43598  14.9%   4.9 2462s
 255964 134736 1303.97029   54   10 1372.98246 1168.66068  14.9%   4.9 2487s
 257059 135240 1317.42892   69    7 1372.98246 1168.76424  14.9%   4.9 2514s
 258159 135778 1200.12326   47   31 1372.98246 1168.96597  14.9%   4.9 2542s
 259230 136383     cutoff   68      1372.98246 1169.17763  14.8%   4.9 2567s
 260398 136993 1210.93412   49   23 1372.98246 1169.41115  14.8%   5.0 2592s
 261560 137728 1208.58704   47   10 1372.98246 1169.50310  14.8%   5.0 2618s
 262783 138304 1226.55113   51   74 1372.98246 1169.72585  14.8%   5.0 2644s
 263907 139082 1276.32512   43   20 1372.98246 1169.94602  14.8%   5.0 2668s
 265174 139648 1249.82603   49    9 1372.98246 1170.09637  14.8%   5.0 2694s
 266240 140179 1293.27129   48    6 1372.98246 1170.23215  14.8%   5.0 2720s
 267343 140780 1171.03539   43   18 1372.98246 1170.47539  14.7%   5.0 2745s
 268485 141406     cutoff   65      1372.98246 1170.61624  14.7%   5.0 2772s
 269616 141982 1259.29460   48    - 1372.98246 1170.81708  14.7%   5.0 2803s
 270756 142631 1267.87870   48   23 1372.98246 1171.00147  14.7%   5.0 2829s
 271892 143195 1298.45446   58   37 1372.98246 1171.12254  14.7%   5.0 2855s
 273028 143678 1273.31812   53   24 1372.98246 1171.32764  14.7%   5.0 2884s
 274083 144314 1185.82112   43   38 1372.98246 1171.48281  14.7%   5.0 2910s
 275247 144949     cutoff   78      1372.98246 1171.59085  14.7%   5.0 2939s
 276408 145601 1227.51486   48    - 1372.98246 1171.87324  14.6%   5.0 2964s
 277550 146090 1254.38863   49   11 1372.98246 1172.06832  14.6%   5.0 2991s
 278585 146713 1262.12160   51   15 1372.98246 1172.20186  14.6%   5.0 3018s
 279738 147255 1283.76861   45   20 1372.98246 1172.38753  14.6%   5.0 3049s
 280876 147826 1352.36804   63   23 1372.98246 1172.52098  14.6%   5.0 3079s
 281999 148349 1243.17516   51   21 1372.98246 1172.74075  14.6%   5.0 3110s
 283107 149023 1202.98103   55   26 1372.98246 1172.93073  14.6%   5.0 3140s
 284319 149597 1337.59155   67   18 1372.98246 1173.12843  14.6%   5.0 3172s
 285450 150266 1219.46747   38   21 1372.98246 1173.23223  14.5%   5.0 3204s
 286618 150875     cutoff   63      1372.98246 1173.37940  14.5%   5.0 3234s
 287809 151517 1340.06073   54   26 1372.98246 1173.49257  14.5%   5.0 3263s
 288991 152050     cutoff   63      1372.98246 1173.69465  14.5%   5.0 3292s
 290082 152564     cutoff   85      1372.98246 1173.81751  14.5%   5.0 3328s
 291122 153178 1201.48412   54    9 1372.98246 1173.96897  14.5%   5.0 3357s
 292285 153703 1264.02006   95    - 1372.98246 1174.15149  14.5%   5.0 3385s
 293376 154326 1304.94658   54   49 1372.98246 1174.37486  14.5%   5.0 3413s
 294541 154839 1250.85356   44   28 1372.98246 1174.57192  14.5%   5.0 3445s
 295634 155512 1216.09270   60   36 1372.98246 1174.70326  14.4%   5.0 3475s
 296823 156134     cutoff   81      1372.98246 1174.84458  14.4%   5.0 3506s
 297982 156723 1363.76426   59   23 1372.98246 1174.96514  14.4%   5.0 3541s
 299106 157317 1217.59430   47   12 1372.98246 1175.17349  14.4%   5.0 3579s
 300347 158025 1213.01860   45   16 1372.98246 1175.24483  14.4%   5.0 3610s
 301537 158616 1243.70753   65   16 1372.98246 1175.46574  14.4%   5.0 3649s
 302665 159204 1250.53329   56   40 1372.98246 1175.60975  14.4%   5.0 3684s
 303853 159793 1224.68071   58   26 1372.98246 1175.78722  14.4%   5.0 3716s
 304979 160470 1204.72035   68   37 1372.98246 1175.95455  14.4%   5.0 3755s
 306157 161009     cutoff   85      1372.98246 1176.05631  14.3%   5.0 3788s
 307286 161594 1242.21838   44   11 1372.98246 1176.11753  14.3%   5.0 3820s
 308459 162241 1310.14388   53    7 1372.98246 1176.37628  14.3%   5.0 3851s
 309648 163014 1307.46555   56   23 1372.98246 1176.55361  14.3%   5.0 3881s
 310931 163586 1240.79608   44   53 1372.98246 1176.69880  14.3%   5.0 3913s
 312092 164221 1367.76096   54   24 1372.98246 1176.80019  14.3%   5.0 3945s
 313269 164796 1340.90508   53   30 1372.98246 1177.00098  14.3%   5.0 3978s
 314410 165444 1271.39190   55   21 1372.98246 1177.18091  14.3%   5.0 4010s
 315541 166002 1368.97569   56   32 1372.98246 1177.29252  14.3%   5.0 4045s
 316670 166645 1203.53852   52   29 1372.98246 1177.38550  14.2%   5.0 4077s
 317854 167270 1192.60629   43   15 1372.98246 1177.63707  14.2%   5.0 4118s
 319043 167861 1219.06173   44   48 1372.98246 1177.77477  14.2%   5.0 4157s
 320187 168458     cutoff   64      1372.98246 1177.93111  14.2%   5.0 4189s
 321378 168963 1354.09393   50    - 1372.98246 1178.04951  14.2%   5.0 4223s
 322481 169551 1193.59798   44   26 1372.98246 1178.22850  14.2%   5.0 4258s
 323640 170169 1206.44922   48   10 1372.98246 1178.31658  14.2%   5.0 4291s
 324814 170701 1216.40654   71   10 1372.98246 1178.48345  14.2%   5.0 4322s
 325927 171284     cutoff   80      1372.98246 1178.62270  14.2%   5.0 4358s
 327071 171866 1221.40678   45   12 1372.98246 1178.77605  14.1%   5.0 4392s
 328239 172485 1255.60522   43   25 1372.98246 1178.85094  14.1%   5.0 4427s
 329384 173101 1340.12447   55    - 1372.98246 1179.07780  14.1%   5.0 4461s
 330556 173677 1346.32013   55   30 1372.98246 1179.20648  14.1%   5.0 4495s
 331798 174220     cutoff   59      1372.98246 1179.30987  14.1%   5.0 4531s
 332953 174810 1299.59863   51   30 1372.98246 1179.45813  14.1%   5.0 4570s
 334081 175402 1295.85454   45   18 1372.98246 1179.56395  14.1%   5.0 4604s
 335288 175962 1305.62843   44   54 1372.98246 1179.68301  14.1%   5.0 4638s
 336447 176127 1243.37489   50    8 1372.98246 1179.83282  14.1%   5.0 4708s
 336449 176128 1350.75128   54   81 1372.98246 1179.83282  14.1%   5.0 4741s
 336450 176129 1272.69897   62   72 1372.98246 1179.83282  14.1%   5.0 4759s
 336451 176130 1268.34810   66   43 1372.98246 1179.83282  14.1%   5.0 4761s
 336454 176132 1232.14278  100   49 1372.98246 1179.83282  14.1%   5.0 4766s
 336455 176132 1282.27300   54   53 1372.98246 1179.83282  14.1%   5.0 4774s
 336456 176133 1270.63219   52   64 1372.98246 1179.83282  14.1%   5.0 4800s
 336457 176134 1303.83897   71   64 1372.98246 1179.83282  14.1%   5.0 4810s
 336459 176138 1179.83282   39   35 1372.98246 1179.83282  14.1%   5.0 4829s
 336461 176141 1179.83282   40   45 1372.98246 1179.83282  14.1%   5.0 4842s
 336465 176148 1179.83282   41   42 1372.98246 1179.83282  14.1%   5.0 4854s
 336473 176157 1179.83282   42   24 1372.98246 1179.83282  14.1%   5.0 4890s
 336485 176165 1179.83282   43   75 1372.98246 1179.83282  14.1%   5.0 4912s
 336497 176173 1179.83282   43   67 1372.98246 1179.83282  14.1%   5.0 4919s
 336509 176181 1179.83282   44   26 1372.98246 1179.83282  14.1%   5.0 4925s
 336521 176198 1179.83282   44   74 1372.98246 1179.83282  14.1%   5.0 4935s
 336542 176212 1179.83282   45   31 1372.98246 1179.83282  14.1%   5.0 4943s
 336563 176217 1179.83282   46   45 1372.98246 1179.83282  14.1%   5.0 4950s
 336595 176251 1179.83282   47   98 1372.98246 1179.83282  14.1%   5.0 4959s
 336619 176267 1179.83282   47   38 1372.98246 1179.83282  14.1%   5.0 4964s
 336643 176288 1179.83282   48   28 1372.98246 1179.83282  14.1%   5.0 4969s
 336672 176305 1179.83282   49   32 1372.98246 1179.83282  14.1%   5.0 4973s
 336701 176320 1179.83282   50   39 1372.98246 1179.83282  14.1%   5.0 4977s
 336728 176343 1179.83282   51   38 1372.98246 1179.83282  14.1%   5.0 4983s
 336763 176364 1179.83282   53   21 1372.98246 1179.83282  14.1%   5.0 4988s
 336799 176383 1179.83282   54   27 1372.98246 1179.83282  14.1%   5.0 4993s
 336833 176395 1179.83282   56   10 1372.98246 1179.83282  14.1%   5.0 4998s
 336863 176410 1179.83282   58   29 1372.98246 1179.83282  14.1%   5.0 5003s
 336895 176425 1179.83282   59   10 1372.98246 1179.83282  14.1%   5.0 5008s
 336923 176440 1179.83282   60   61 1372.98246 1179.83282  14.1%   5.0 5013s
 336955 176452 1239.13539   61    - 1372.98246 1179.83282  14.1%   5.0 5020s
 336990 176454 1196.06124   63   15 1372.98246 1179.83282  14.1%   5.0 5026s
 337013 176463 1179.83282   65   52 1372.98246 1179.83282  14.1%   5.0 5032s
 337050 176470 1195.01376   66   52 1372.98246 1179.83282  14.1%   5.0 5040s
 337087 176473 1251.22100   68    - 1372.98246 1179.83282  14.1%   5.0 5046s
 337127 176472 1200.68276   71   34 1372.98246 1179.83282  14.1%   5.0 5055s
 337169 176475 1359.77990   72   16 1372.98246 1179.83282  14.1%   5.0 5064s
 337208 176473 1208.26626   76   38 1372.98246 1179.83282  14.1%   5.0 5070s
 337249 176479 1222.85087   80   82 1372.98246 1179.83282  14.1%   5.0 5076s
 337297 176508 1229.01889   82   25 1372.98246 1179.83282  14.1%   5.0 5085s
 337367 176556 1236.13435   84   31 1372.98246 1179.83282  14.1%   5.0 5092s
 337460 176618 1274.45556   88   19 1372.98246 1179.83282  14.1%   5.0 5100s
 337570 176640 1188.44780   53   12 1372.98246 1179.83282  14.1%   5.0 5106s
 337652 176650 1179.83282   56    7 1372.98246 1179.83282  14.1%   5.0 5112s
 337738 176668 1223.85934   67   14 1372.98246 1179.83282  14.1%   5.0 5120s
 337817 176690 1179.83282   79   78 1372.98246 1179.83282  14.1%   5.0 5128s
 337917 176694 1179.83282   84   54 1372.98246 1179.83282  14.1%   5.0 5136s
 338007 176701 1179.83282   91   43 1372.98246 1179.83282  14.1%   5.0 5144s
 338117 176738 1333.09206   95   63 1372.98246 1179.83282  14.1%   5.0 5155s
 338246 176767 1182.86776   99   55 1372.98246 1179.83282  14.1%   5.0 5164s
 338380 176790 1323.96101  102    9 1372.98246 1179.83282  14.1%   5.0 5173s
 338524 176782 1179.83282   47   36 1372.98246 1179.83282  14.1%   5.0 5182s
 338614 176843 1188.18929   51   10 1372.98246 1179.83282  14.1%   5.0 5193s
 338766 176887 1179.83282   58   69 1372.98246 1179.83282  14.1%   5.0 5203s
 338937 176941 1179.83282   77   51 1372.98246 1179.83282  14.1%   5.0 5217s
 339131 177013 1320.21695   92   11 1372.98246 1179.83282  14.1%   5.0 5226s
 339363 177045 1359.36076  100    7 1372.98246 1179.83282  14.1%   5.0 5239s
 339591 177140     cutoff  113      1372.98246 1179.83282  14.1%   5.0 5254s
 339848 177252 1179.83282   59   35 1372.98246 1179.83282  14.1%   5.0 5265s
 340150 177385 1276.07187   87   41 1372.98246 1179.83282  14.1%   5.0 5279s
 340460 177522     cutoff  116      1372.98246 1179.83282  14.1%   5.0 5292s
 340779 177679 1179.83282   50   10 1372.98246 1179.83282  14.1%   5.0 5307s
 341111 177808 1203.07971   54   49 1372.98246 1179.83282  14.1%   5.0 5322s
 341457 177972 1287.69334   99   44 1372.98246 1179.83282  14.1%   5.0 5338s
 341825 178114 1179.83282   60   33 1372.98246 1179.83282  14.1%   5.0 5354s
 342180 178288 1217.79586   64   29 1372.98246 1179.83282  14.1%   5.0 5369s
 342581 178394 1219.38814   66   15 1372.98246 1179.83282  14.1%   5.0 5385s
 342971 178533 1284.16782   95   50 1372.98246 1179.83282  14.1%   5.0 5407s
 343333 178716 1197.37189   61   39 1372.98246 1179.83282  14.1%   5.0 5424s
 343785 178886     cutoff   77      1372.98246 1179.83282  14.1%   5.0 5441s
 344239 179129 1311.91786  129   49 1372.98246 1179.83282  14.1%   5.0 5459s
 344740 179349 1211.91562   63   30 1372.98246 1179.83282  14.1%   5.0 5477s
 345252 179550 1179.83282   55   30 1372.98246 1179.83282  14.1%   5.0 5494s
 345784 179750 1326.90207   68    9 1372.98246 1179.83282  14.1%   5.0 5513s
 346324 180012     cutoff  100      1372.98246 1179.83282  14.1%   5.0 5534s
 346911 180251 1234.19948   68   19 1372.98246 1179.83282  14.1%   5.0 5558s
 347545 180446 1208.29248   54    6 1372.98246 1179.83282  14.1%   5.0 5578s
 348090 180719 1266.84200   62   13 1372.98246 1179.83282  14.1%   5.0 5601s
 348622 181073 1303.16035  109   26 1372.98246 1179.83282  14.1%   5.0 5624s
 349345 181292 1293.51532   70   20 1372.98246 1179.83282  14.1%   5.0 5650s
 350025 181643 1179.83282   54   31 1372.98246 1179.83282  14.1%   5.0 5675s
 350784 182053 1267.97879   60   78 1372.98246 1179.83282  14.1%   5.0 5700s
 351606 182471 1221.43668   61   11 1372.98246 1179.83282  14.1%   5.0 5724s
 352474 182830 1222.08209   86   63 1372.98246 1179.83282  14.1%   5.0 5752s
 353287 183205 1321.26013   76   35 1372.98246 1179.83282  14.1%   5.0 5780s
 354141 183634     cutoff  133      1372.98246 1179.83282  14.1%   5.0 5809s
 355027 183966 1232.88123   58    6 1372.98246 1179.83282  14.1%   5.0 5842s
 355907 184417 1280.41223   57    6 1372.98246 1179.83282  14.1%   5.0 5871s
 356878 184834 1179.83282   61   66 1372.98246 1179.83282  14.1%   5.0 5896s
 357879 185240 1346.96810   63    7 1372.98246 1179.83282  14.1%   5.0 5927s
 358880 185723 1240.27238   57   24 1372.98246 1179.83282  14.1%   5.0 5963s
 359929 186198 1329.53016  105   12 1372.98246 1179.83282  14.1%   5.0 5997s
 361018 186490 1238.45960   62   12 1372.98246 1179.83282  14.1%   5.0 6029s
 361812 187121     cutoff  125      1372.98246 1179.83282  14.1%   5.0 6067s
 363022 187710 1206.85819   71   71 1372.98246 1179.83282  14.1%   5.0 6108s
 364275 188188 1365.47052  138   44 1372.98246 1179.83282  14.1%   5.0 6148s
 365530 188693     cutoff  113      1372.98246 1179.83282  14.1%   5.0 6186s
 366829 189142 1285.21531   61   11 1372.98246 1179.83282  14.1%   5.0 6228s
 368124 189670 1275.99774   64   16 1372.98246 1179.83282  14.1%   5.0 6270s
 369412 190151 1276.33141   50    9 1372.98246 1179.83282  14.1%   5.0 6312s
 370677 190699 1222.07879   56    8 1372.98246 1179.83282  14.1%   5.0 6356s
 371998 191137 1287.32156   82   11 1372.98246 1179.83282  14.1%   5.0 6396s
 373208 191440 1297.10313   53    9 1372.98246 1179.83282  14.1%   5.0 6432s
 374188 192096 1292.26081   86   19 1372.98246 1179.83282  14.1%   5.0 6469s
 375550 192654 1179.83282   54   32 1372.98246 1179.83282  14.1%   5.0 6520s
 376866 193224 1260.61543   72   38 1372.98246 1179.83282  14.1%   5.0 6564s
 378208 193764 1241.69247   52   31 1372.98246 1179.83282  14.1%   5.0 6601s
 379491 194221 1292.25348   54   27 1372.98246 1179.83282  14.1%   5.0 6642s
 380697 194714 1298.29547   57   10 1372.98246 1179.83282  14.1%   5.0 6682s
 381927 195072 1179.83282   92   47 1372.98246 1179.83282  14.1%   5.0 6723s
 383066 195536 1298.82248   61    6 1372.98246 1179.83282  14.1%   5.0 6762s
 384251 196114 1304.56674   56   17 1372.98246 1179.83282  14.1%   5.0 6809s
 385498 196747 1368.33994   79    - 1372.98246 1179.83282  14.1%   5.0 6848s
 386806 197230 1230.75079   53   28 1372.98246 1179.83282  14.1%   5.0 6888s
 388068 197435 1247.29893   55   11 1372.98246 1179.83282  14.1%   5.0 6933s
 389006 197954 1341.00278   65    6 1372.98246 1179.83282  14.1%   5.0 6974s
 390217 198514 1277.75779  107   13 1372.98246 1179.83282  14.1%   5.0 7014s
 391490 198987 1259.62333   54   18 1372.98246 1179.83282  14.1%   5.0 7053s
 392668 199404 1263.34977   61   77 1372.98246 1179.83282  14.1%   5.0 7093s
 393815 199950 1313.81829   70   12 1372.98246 1179.83282  14.1%   5.0 7132s
 395066 200412 1260.33408   67    7 1372.98246 1179.83282  14.1%   5.0 7170s
 396280 200844 1294.75387   75   13 1372.98246 1179.83282  14.1%   5.0 7200s

Cutting planes:
  Gomory: 10
  Zero half: 4
  Lazy constraints: 2862

Explored 397311 nodes (1993703 simplex iterations) in 7200.41 seconds
Thread count was 12 (of 12 available processors)

Solution count 6: 1372.98 1381.32 1392.13 ... 1660.34

Time limit reached
Best objective 1.372982455089e+03, best bound 1.179832819949e+03, gap 14.0679%

User-callback calls 1793756, time in user-callback 5.58 sec
/projects/academic/josewalt/caigao/RRARP_BD/BendersDecomp/ret/model_outs/n_21_m_9_algo_2.out
 =====>>>>> Solution is written to file in <../ret/model_outs> !!!
===>> All Done!
