NPROCS=0
This instance is clustered!
Gurobi Optimizer version 9.0.0 build v9.0.0rc2 (linux64)
Optimize a model with 18 rows, 82 columns and 162 nonzeros
Model fingerprint: 0x34d549c5
Variable types: 1 continuous, 81 integer (81 binary)
Coefficient statistics:
  Matrix range     [1e+00, 1e+00]
  Objective range  [8e-01, 8e+00]
  Bounds range     [1e+00, 1e+00]
  RHS range        [1e+00, 1e+00]
Presolve removed 2 rows and 24 columns
Presolve time: 0.00s
Presolved: 16 rows, 58 columns, 114 nonzeros
Variable types: 1 continuous, 57 integer (57 binary)

Root relaxation: objective 1.231183e+01, 16 iterations, 0.00 seconds

    Nodes    |    Current Node    |     Objective Bounds      |     Work
 Expl Unexpl |  Obj  Depth IntInf | Incumbent    BestBd   Gap | It/Node Time

     0     0   12.51885    0   14          -   12.51885      -     -    0s
H    0     0                      34.3243092   12.51885  63.5%     -    0s
H    0     0                      28.9231656   12.51885  56.7%     -    0s
     0     0   12.74125    0   10   28.92317   12.74125  55.9%     -    0s
     0     0   12.74125    0   10   28.92317   12.74125  55.9%     -    1s
H    0     0                      27.1713831   12.74125  53.1%     -    1s
     0     2   12.74125    0   10   27.17138   12.74125  53.1%     -    1s
   375   172 infeasible   16        27.17138   14.12595  48.0%   2.2   23s
   617   268   21.26269   19    -   27.17138   15.22634  44.0%   2.1   36s
   999   388   24.34526   13    8   27.17138   16.00636  41.1%   2.2   57s
  1203   418 infeasible   16        27.17138   16.64863  38.7%   2.2   68s
  1455   514 infeasible   16        27.17138   16.82799  38.1%   2.2   84s
  1643   548 infeasible   16        27.17138   17.35337  36.1%   2.2   94s
  1975   636   21.06589   18    6   27.17138   18.11445  33.3%   2.2  113s
  2253   710 infeasible   19        27.17138   18.48401  32.0%   2.2  127s
  2538   777   25.62398   19    6   27.17138   19.06058  29.9%   2.1  142s
  2780   828 infeasible   20        27.17138   19.62950  27.8%   2.1  155s
  3008   876 infeasible   18        27.17138   19.80963  27.1%   2.1  169s
  3196   898 infeasible   19        27.17138   20.12559  25.9%   2.1  178s
  3370   962   22.73922   16   12   27.17138   20.24667  25.5%   2.1  189s
  3379   963   24.16132   12    6   27.17138   20.24667  25.5%   2.1  190s
  3566   947   26.64311   17   10   27.17138   20.38326  25.0%   2.1  199s
  3752   971   25.85623   20    8   27.17138   20.85618  23.2%   2.1  209s
  3910   993   24.38724   15    6   27.17138   21.00499  22.7%   2.1  218s
  4071   996 infeasible   16        27.17138   21.06529  22.5%   2.1  226s
  4217  1006   23.72324   17    8   27.17138   21.23392  21.9%   2.1  235s
  4374  1007 infeasible   22        27.17138   21.38871  21.3%   2.1  242s
  4529  1010 infeasible   16        27.17138   21.45826  21.0%   2.1  251s
  4666  1015 infeasible   12        27.17138   21.59819  20.5%   2.1  259s
  4811  1014 infeasible   17        27.17138   21.59819  20.5%   2.1  265s
  4950  1016   22.82935    9    6   27.17138   21.88984  19.4%   2.1  273s
  5079  1013   26.43679   10    6   27.17138   21.91013  19.4%   2.1  279s
  5211  1010     cutoff   13        27.17138   22.17322  18.4%   2.1  287s
  5338  1005   24.53971   16    6   27.17138   22.26753  18.0%   2.1  294s
  5461  1014 infeasible   17        27.17138   22.31269  17.9%   2.1  302s
  5586   981 infeasible   15        27.17138   22.42013  17.5%   2.1  307s
  5709   980   25.14953   18    6   27.17138   22.54057  17.0%   2.0  314s
  5826   991   25.21111   14    9   27.17138   22.62320  16.7%   2.0  320s
  5937   971   24.72936   17    6   27.17138   22.73767  16.3%   2.0  325s
  6052   966 infeasible   18        27.17138   22.87042  15.8%   2.0  331s
  6168   946   26.60375   14    6   27.17138   23.02138  15.3%   2.0  337s
  6289   937   26.56293   18    8   27.17138   23.16619  14.7%   2.0  344s
  6404   913 infeasible   20        27.17138   23.23494  14.5%   2.0  350s
  6518   893 infeasible   18        27.17138   23.34354  14.1%   2.0  356s
  6647   887   25.54916   17    6   27.17138   23.54162  13.4%   2.0  364s
  6754   853 infeasible   18        27.17138   23.65581  12.9%   2.0  369s
  6881   833   24.05951   16    6   27.17138   23.69279  12.8%   2.0  376s
  7011   801 infeasible   18        27.17138   23.86653  12.2%   2.0  382s
  7132   748   25.20150   23    8   27.17138   24.05184  11.5%   2.0  389s
  7267   751 infeasible   24        27.17138   24.35181  10.4%   2.0  396s
  7446   628   24.61200   16    6   27.17138   24.60696  9.44%   2.0  403s
  7590   563 infeasible   18        27.17138   24.68218  9.16%   2.0  408s
  7735   486 infeasible   15        27.17138   24.90549  8.34%   2.0  414s
  7894   409   26.27413   11    6   27.17138   25.07479  7.72%   1.9  422s
  8056   313     cutoff   14        27.17138   25.16340  7.39%   1.9  428s
  8212   206   27.16429   20    6   27.17138   25.79756  5.06%   1.9  435s
  8377    72     cutoff   19        27.17138   26.05629  4.10%   1.9  440s

Cutting planes:
  Gomory: 1
  Lazy constraints: 2778

Explored 8652 nodes (16327 simplex iterations) in 445.00 seconds
Thread count was 12 (of 12 available processors)

Solution count 3: 27.1714 28.9232 34.3243 

Optimal solution found (tolerance 1.00e-04)
Best objective 2.717138305912e+01, best bound 2.717138305912e+01, gap 0.0000%

User-callback calls 21036, time in user-callback 442.69 sec
---> instance_name: n_7_h_3.dat
---> algo_index: 1
---> obj_value: 27.1714
---> total_time: 445.063
---> total_time_gurobi: 445.001
---> total_nb_benders_cuts: 2663
---> total_nb_subtour_cuts: 119
---> total_nb_user_cuts: 0
---> GRB_IntAttr_Status: 2
---> optimality_gap: 0
---> node_count: 8652
 =====>>>>> Solution is written to file in <../ret/model_outs> !!!
===>> All Done!
