NPROCS=0
This instance is clustered!
Gurobi Optimizer version 9.0.0 build v9.0.0rc2 (linux64)
Optimize a model with 40 rows, 401 columns and 800 nonzeros
Model fingerprint: 0x7ea01161
Variable types: 1 continuous, 400 integer (400 binary)
Coefficient statistics:
  Matrix range     [1e+00, 1e+00]
  Objective range  [1e+00, 3e+02]
  Bounds range     [1e+00, 1e+00]
  RHS range        [1e+00, 1e+00]
Presolve removed 2 rows and 57 columns
Presolve time: 0.00s
Presolved: 38 rows, 344 columns, 686 nonzeros
Variable types: 1 continuous, 343 integer (343 binary)

Root relaxation: objective 5.377840e+02, 38 iterations, 0.00 seconds

    Nodes    |    Current Node    |     Objective Bounds      |     Work
 Expl Unexpl |  Obj  Depth IntInf | Incumbent    BestBd   Gap | It/Node Time

     0     0  640.36507    0   12          -  640.36507      -     -    0s
H    0     0                    1697.4571822  640.36507  62.3%     -    0s
H    0     0                    1285.8599817  640.36507  50.2%     -    0s
     0     0  686.62935    0   16 1285.85998  686.62935  46.6%     -    0s
     0     0  702.84467    0   12 1285.85998  702.84467  45.3%     -    0s
H    0     0                    1135.7735242  702.84467  38.1%     -    0s
     0     0  703.88800    0   23 1135.77352  703.88800  38.0%     -    0s
H    0     0                     980.0893550  704.20395  28.1%     -    0s
     0     2  706.47733    0    6  980.08936  706.47733  27.9%     -    0s
H 1987  1414                     980.0893455  729.81980  25.5%   3.5    1s
  6959  3066  839.67072   68    6  980.08935  746.14417  23.9%   3.8    5s
 12273  5961  854.96224   36   13  980.08935  759.04597  22.6%   4.0   10s
 15446  7624  824.93026   46   18  980.08935  762.86983  22.2%   4.1   15s
 18355  9047  919.74681   30    -  980.08935  765.30586  21.9%   4.1   20s
 20844 10322  782.32883   31   23  980.08935  767.23829  21.7%   4.2   27s
 20850 10326  780.15353   32   50  980.08935  767.23829  21.7%   4.2   30s
 20855 10332  767.23829   28   16  980.08935  767.23829  21.7%   4.2   35s
 21191 10514  767.23829   43   17  980.08935  767.23829  21.7%   4.2   40s
 22366 10796  900.29347   73    7  980.08935  767.23829  21.7%   4.2   45s
 24030 11393  816.42319   49   10  980.08935  767.23829  21.7%   4.2   50s
 25309 11726     cutoff   53       980.08935  767.23829  21.7%   4.2   55s
 26845 12240  862.11135   58    9  980.08935  767.23829  21.7%   4.3   60s
 28398 12755  852.09967   60   16  980.08935  767.23829  21.7%   4.3   65s
 30139 13292 infeasible   86       980.08935  767.23829  21.7%   4.3   70s
 31925 14009  899.89581   53    7  980.08935  767.23829  21.7%   4.3   75s
 33989 14461  843.64863   49    9  980.08935  767.23829  21.7%   4.2   81s
 35158 15029  846.43653   68   25  980.08935  767.23829  21.7%   4.2   86s
 36244 15195  818.45463   44    7  980.08935  767.23829  21.7%   4.3   90s
 37933 15737     cutoff   81       980.08935  767.23829  21.7%   4.3   95s
 39919 16439  934.23383   91   12  980.08935  767.23829  21.7%   4.3  100s
 41202 16966     cutoff   72       980.08935  767.23829  21.7%   4.2  105s
 42607 17273  895.36685   44    -  980.08935  767.83067  21.7%   4.2  110s
 43482 17626  867.55092   77   26  980.08935  768.38210  21.6%   4.2  116s
 45065 18185  924.29964   99    -  980.08935  769.35915  21.5%   4.2  122s
 45939 18415  936.24396   99   15  980.08935  769.73681  21.5%   4.2  125s
 47669 19029  922.47135   88   15  980.08935  770.58485  21.4%   4.2  132s
 48551 19065  856.90746   48    -  980.08935  771.27481  21.3%   4.2  136s
 49229 19515  945.18439   65    7  980.08935  771.42530  21.3%   4.2  140s
 50192 19866     cutoff   77       980.08935  772.16575  21.2%   4.2  145s
 52272 20567  858.72955   80   39  980.08935  773.10176  21.1%   4.2  154s
 53267 21320  796.49900   56   16  980.08935  773.87176  21.0%   4.2  158s
 54206 21787  950.47299   84    -  980.08935  774.20275  21.0%   4.2  163s
 55023 22267  962.56779   84   15  980.08935  774.36164  21.0%   4.2  169s
 55928 22935  881.40793   64    -  980.08935  774.86134  20.9%   4.2  173s
 56931 23637  801.61422   43   10  980.08935  775.33077  20.9%   4.2  178s
 57977 24285  904.66928   94    6  980.08935  775.73139  20.9%   4.2  183s
 58966 24850  973.34610   96    -  980.08935  776.15772  20.8%   4.2  188s
 59845 25479  802.84412   70   21  980.08935  776.38100  20.8%   4.2  193s
 60796 26013     cutoff   73       980.08935  776.67330  20.8%   4.2  198s
 61752 26695  966.61411   83   14  980.08935  777.17346  20.7%   4.2  204s
 62798 27206  787.60288   37    9  980.08935  777.53535  20.7%   4.2  210s
 63672 27841 infeasible   87       980.08935  777.87767  20.6%   4.2  216s
 64705 28345  802.08101   70    9  980.08935  778.16630  20.6%   4.2  222s
 65582 29022  876.01479   82   11  980.08935  778.26684  20.6%   4.2  227s
 66642 29319  963.88292   86    -  980.08935  778.97833  20.5%   4.2  233s
 66894 29715     cutoff   86       980.08935  779.03289  20.5%   4.2  240s
 67755 30286 infeasible   74       980.08935  779.43088  20.5%   4.2  247s
 68776 31004     cutoff   73       980.08935  779.70544  20.4%   4.2  253s
 69863 31710  935.56039   72   26  980.08935  780.01186  20.4%   4.2  260s
 70934 32336     cutoff   85       980.08935  780.52917  20.4%   4.2  268s
 71978 33000  808.96144   54   11  980.08935  780.91900  20.3%   4.2  276s
 72983 33520     cutoff   90       980.08935  781.22286  20.3%   4.2  284s
 73879 34076     cutoff   74       980.08935  781.58412  20.3%   4.2  291s
 74920 34558  837.67262   87   37  980.08935  781.95794  20.2%   4.2  300s
 75867 35292     cutoff   96       980.08935  782.47489  20.2%   4.2  307s
 76873 35810  864.25934   69   13  980.08935  782.55610  20.2%   4.2  316s
 77816 36489  938.63976   73    6  980.08935  782.60230  20.1%   4.3  323s
 78869 37063     cutoff   87       980.08935  783.11999  20.1%   4.3  332s
 79883 37694  817.30227   77   23  980.08935  783.75503  20.0%   4.3  340s
 80871 37984     cutoff   92       980.08935  783.95768  20.0%   4.3  347s
 81151 38428     cutoff   91       980.08935  784.11358  20.0%   4.3  356s
 82047 39105  834.33185   67   19  980.08935  784.44466  20.0%   4.3  365s
 83188 39723     cutoff   79       980.08935  784.69883  19.9%   4.3  376s
 84309 40344  836.48736   42   10  980.08935  785.08185  19.9%   4.3  386s
 85304 41006  844.17307   53   10  980.08935  785.32614  19.9%   4.3  395s
 86352 41730     cutoff   82       980.08935  785.75969  19.8%   4.3  404s
 87471 42428  814.13720   80   31  980.08935  786.04488  19.8%   4.3  414s
 88535 42951  880.04267   94   15  980.08935  786.32955  19.8%   4.3  424s
 89591 43719     cutoff   96       980.08935  786.62027  19.7%   4.3  433s
 90743 44212 infeasible   69       980.08935  786.83086  19.7%   4.3  444s
 91650 44722 infeasible   76       980.08935  787.05754  19.7%   4.3  453s
 92435 45040  798.84020   43   15  980.08935  787.35791  19.7%   4.3  461s
 92771 45438  844.10141   48   13  980.08935  787.46455  19.7%   4.3  472s
 93862 46006 infeasible   72       980.08935  787.83788  19.6%   4.3  482s
 94938 46713 infeasible   70       980.08935  787.91615  19.6%   4.3  493s
 96082 47326  891.60350   66   16  980.08935  788.43214  19.6%   4.3  504s
 97182 48037     cutoff   75       980.08935  788.65371  19.5%   4.3  515s
 98296 48440  841.37426   51    7  980.08935  789.07104  19.5%   4.3  528s
 99244 49251     cutoff   59       980.08935  789.21708  19.5%   4.3  538s
 100486 49828     cutoff   65       980.08935  789.60156  19.4%   4.3  549s
 101479 50379 infeasible   73       980.08935  789.82340  19.4%   4.3  561s
 102557 50942     cutoff   74       980.08935  790.18767  19.4%   4.3  573s
 103593 51645     cutoff   99       980.08935  790.25443  19.4%   4.3  587s
 104768 52260  821.67133   43   12  980.08935  790.65472  19.3%   4.3  603s
 105878 52778  955.88516   77    9  980.08935  790.86797  19.3%   4.3  619s
 106808 53341  843.70066   74   41  980.08935  791.09718  19.3%   4.3  635s
 107851 53968     cutoff   79       980.08935  791.52649  19.2%   4.3  653s
 108948 54614  974.63275   87   14  980.08935  791.57576  19.2%   4.3  669s
 110076 55237  908.36460   71   15  980.08935  791.86273  19.2%   4.3  685s
 111167 55997 infeasible   73       980.08935  792.09074  19.2%   4.3  699s
 112387 56416 infeasible   70       980.08935  792.34661  19.2%   4.3  716s
 113318 57064 infeasible   71       980.08935  792.64984  19.1%   4.3  732s
 114394 57552 infeasible   77       980.08935  792.98052  19.1%   4.3  747s
 115405 58133  851.09668   41   10  980.08935  793.21748  19.1%   4.3  763s
 116367 58661  833.38102   61   13  980.08935  793.36525  19.1%   4.3  778s
 117432 59272     cutoff   80       980.08935  793.64671  19.0%   4.3  793s
 118511 59916  926.19773   67   14  980.08935  793.76786  19.0%   4.3  807s
 119642 60269 infeasible   72       980.08935  793.95412  19.0%   4.3  825s
 120443 60689  844.63768   55   14  980.08935  794.25914  19.0%   4.3  839s
 120937 61059  825.33095   65   39  980.08935  794.30635  19.0%   4.3  854s
 121942 61594     cutoff   73       980.08935  794.60484  18.9%   4.3  871s
 123100 62136     cutoff   65       980.08935  794.74595  18.9%   4.3  889s
 124209 62639 infeasible   81       980.08935  795.00703  18.9%   4.3  906s
 125176 63171     cutoff   80       980.08935  795.31438  18.9%   4.3  923s
 126240 63849     cutoff   68       980.08935  795.58098  18.8%   4.4  944s
 127354 64479  975.84910   66    6  980.08935  795.83873  18.8%   4.4  963s
 128556 65069  884.33912   51    8  980.08935  796.11400  18.8%   4.4  983s
 129668 65672     cutoff   55       980.08935  796.23050  18.8%   4.4 1002s
 130731 66261     cutoff   88       980.08935  796.53107  18.7%   4.4 1020s
 131916 66863     cutoff   69       980.08935  796.71577  18.7%   4.4 1040s
 133045 67344  964.77671   70    6  980.08935  796.99019  18.7%   4.4 1064s
 133926 67928  822.79143   46   10  980.08935  797.09428  18.7%   4.4 1089s
 134897 68473  898.62270   66   32  980.08935  797.28102  18.7%   4.4 1113s
 136025 69175  854.24542   61   19  980.08935  797.39486  18.6%   4.4 1135s
 137215 69772  857.98771   57   25  980.08935  797.80591  18.6%   4.4 1159s
 138239 70340     cutoff   85       980.08935  797.95589  18.6%   4.4 1183s
 139432 70873  955.85586   69   21  980.08935  798.09624  18.6%   4.4 1203s
 140537 71459  938.80046   74    -  980.08935  798.31618  18.5%   4.4 1225s
 141644 72117     cutoff   79       980.08935  798.41669  18.5%   4.4 1246s
 142819 72688  908.94241   79   10  980.08935  798.64552  18.5%   4.4 1265s
 143881 73035     cutoff   80       980.08935  798.83730  18.5%   4.4 1280s
 144276 73304  818.87363   63   10  980.08935  798.86318  18.5%   4.4 1302s
 145324 73936  906.15531   77   29  980.08935  799.04316  18.5%   4.4 1324s
 146534 74555 infeasible   72       980.08935  799.30604  18.4%   4.4 1345s
 147641 75131 infeasible   73       980.08935  799.49018  18.4%   4.4 1367s
 148778 75821  972.28394   69   12  980.08935  799.77479  18.4%   4.4 1390s
 149968 76300  834.58229   53    6  980.08935  799.98189  18.4%   4.4 1414s
 151047 76839  868.04588   68   16  980.08935  800.04358  18.4%   4.4 1434s
 152102 77342     cutoff   80       980.08935  800.31301  18.3%   4.4 1457s
 153025 77925  807.59883   65    8  980.08935  800.55831  18.3%   4.4 1481s
 154065 78545 infeasible   72       980.08935  800.56924  18.3%   4.4 1503s
 155275 79222     cutoff   81       980.08935  800.75514  18.3%   4.4 1527s
 156428 79892  952.24513   73    6  980.08935  800.99624  18.3%   4.4 1550s
 157639 80451  853.29795   47    8  980.08935  801.15182  18.3%   4.4 1572s
 158816 81042  874.64915   86    8  980.08935  801.35547  18.2%   4.4 1595s
 159960 81758  979.61285   88   17  980.08935  801.57303  18.2%   4.4 1617s
 161174 82311  851.54144   47   25  980.08935  801.76831  18.2%   4.4 1643s
 162254 82835  942.90273   73   14  980.08935  801.89653  18.2%   4.4 1667s
 163285 83275  848.87564   49    7  980.08935  802.10422  18.2%   4.4 1688s
 163870 83658  958.49504   53   15  980.08935  802.14161  18.2%   4.4 1712s
 165013 84272  916.22561   73    -  980.08935  802.26653  18.1%   4.4 1737s
 166120 84856     cutoff   58       980.08935  802.46741  18.1%   4.4 1762s
 167275 85402     cutoff   72       980.08935  802.60506  18.1%   4.4 1788s
 168302 85992  958.77333   68    6  980.08935  802.87570  18.1%   4.4 1817s
 169463 86625  968.75207   77    6  980.08935  803.02468  18.1%   4.4 1843s
 170578 87061  833.95132   48   20  980.08935  803.15862  18.1%   4.4 1865s
 171181 87603  808.82582   58   34  980.08935  803.28537  18.0%   4.4 1890s
 172409 88208     cutoff   77       980.08935  803.46601  18.0%   4.4 1918s
 173576 88932  825.14993   44   11  980.08935  803.50281  18.0%   4.4 1946s
 174811 89585  849.75105   47   10  980.08935  803.87278  18.0%   4.4 1973s
 176007 90097     cutoff   55       980.08935  803.92135  18.0%   4.4 2000s
 177167 90645  811.90954   44   19  980.08935  804.14981  18.0%   4.4 2026s
 178328 91195     cutoff   79       980.08935  804.37236  17.9%   4.4 2054s
 179426 91703     cutoff   73       980.08935  804.45597  17.9%   4.4 2081s
 180604 92276  890.16418   42   19  980.08935  804.71579  17.9%   4.4 2109s
 181600 92633  865.58471   79   27  980.08935  804.86176  17.9%   4.4 2135s
 182638 93248     cutoff   83       980.08935  804.94853  17.9%   4.4 2163s
 183693 93810     cutoff   72       980.08935  805.12403  17.9%   4.4 2195s
 184867 94402     cutoff   77       980.08935  805.32969  17.8%   4.4 2226s
 185993 95005     cutoff   70       980.08935  805.53043  17.8%   4.4 2258s
 187187 95711  939.16590   90    7  980.08935  805.59226  17.8%   4.4 2289s
 188371 96202     cutoff   91       980.08935  805.83038  17.8%   4.4 2324s
 189485 96867  865.31331   59   34  980.08935  805.92995  17.8%   4.4 2356s
 190655 97454     cutoff   78       980.08935  806.13059  17.7%   4.4 2384s
 191780 97965  846.45774   37    -  980.08935  806.29614  17.7%   4.4 2416s
 192897 98526  830.62693   52   20  980.08935  806.52146  17.7%   4.4 2447s
 193953 98952     cutoff   63       980.08935  806.64474  17.7%   4.4 2473s
 194446 99414  842.56902   70   15  980.08935  806.66612  17.7%   4.4 2504s
 195670 100009  947.84865   76   11  980.08935  806.85724  17.7%   4.4 2539s
 196833 100670  866.37105   50   11  980.08935  806.87475  17.7%   4.4 2575s
 198054 101367  970.49620   71    6  980.08935  807.13679  17.6%   4.4 2606s
 199250 101996  938.52442   72    8  980.08935  807.28615  17.6%   4.4 2639s
 200511 102485 infeasible   74       980.08935  807.49263  17.6%   4.4 2672s
 201577 103074 infeasible   66       980.08935  807.70539  17.6%   4.4 2704s
 202736 103627  846.75994   70   25  980.08935  807.72391  17.6%   4.4 2738s
 203851 104153  886.37062   83   34  980.08935  807.94989  17.6%   4.4 2771s
 204947 104727     cutoff   91       980.08935  808.02239  17.6%   4.4 2799s
 205977 105337  861.90993   42    9  980.08935  808.27414  17.5%   4.4 2837s
 207187 105859 infeasible   75       980.08935  808.34359  17.5%   4.4 2883s
 208360 106518  869.69977   73   40  980.08935  808.44898  17.5%   4.4 2920s
 209433 106992  953.56783   84    8  980.08935  808.61417  17.5%   4.4 2956s
 210479 107542 infeasible   87       980.08935  808.78533  17.5%   4.4 2995s
 211680 108154 infeasible   90       980.08935  808.90694  17.5%   4.4 3031s
 212902 108855  855.10460   67   34  980.08935  809.06873  17.4%   4.4 3067s
 214140 109470  956.40475   74    8  980.08935  809.18298  17.4%   4.4 3100s
 215233 110021  907.85927   90   14  980.08935  809.33357  17.4%   4.4 3133s
 216363 110526 infeasible   70       980.08935  809.47584  17.4%   4.4 3167s
 217511 111121  976.89552   82    -  980.08935  809.57462  17.4%   4.4 3200s
 218682 111720     cutoff   82       980.08935  809.80396  17.4%   4.4 3233s
 219892 112290 infeasible   69       980.08935  809.87540  17.4%   4.4 3266s
 220930 112789  833.62946   69   14  980.08935  810.11340  17.3%   4.4 3305s
 222053 113426     cutoff   87       980.08935  810.20041  17.3%   4.4 3344s
 223261 113778  908.95852   72   23  980.08935  810.31692  17.3%   4.4 3373s
 223716 114211  949.94773   63   19  980.08935  810.41706  17.3%   4.4 3410s
 224790 114819     cutoff   75       980.08935  810.52484  17.3%   4.4 3445s
 225963 115378     cutoff   64       980.08935  810.65289  17.3%   4.4 3489s
 227163 116004  877.40460   47    -  980.08935  810.76640  17.3%   4.4 3525s
 228418 116691  873.78246   78    9  980.08935  810.86659  17.3%   4.4 3564s
 228524 116727     cutoff   82       980.08935  810.86659  17.3%   4.4 3565s
 229688 117310  951.62077   79    -  980.08935  811.05401  17.2%   4.4 3602s
 230803 117893  878.45760   60   19  980.08935  811.21567  17.2%   4.4 3639s
 231363 118037  906.97439   82   16  980.08935  811.21567  17.2%   4.4 3640s
 231927 118561  845.79961   43   11  980.08935  811.26799  17.2%   4.4 3679s
 233159 118842  855.61209   64   23  980.08935  811.41563  17.2%   4.4 3732s
 233161 118843  837.23864   39    7  980.08935  811.41563  17.2%   4.4 3748s
 233162 118844  950.49429   66   48  980.08935  811.41563  17.2%   4.4 3760s
 233165 118846  854.17885   55   52  980.08935  811.41563  17.2%   4.4 3765s
 233167 118847  822.99072   51   60  980.08935  811.41563  17.2%   4.4 3778s
 233168 118848  856.09606   56   57  980.08935  811.41563  17.2%   4.4 3813s
 233169 118849  869.72137   62   57  980.08935  811.41563  17.2%   4.4 3828s
 233170 118849  831.95464   46   57  980.08935  811.41563  17.2%   4.4 3831s
 233171 118853  811.41563   41   35  980.08935  811.41563  17.2%   4.4 3852s
 233173 118856  811.41563   42   23  980.08935  811.41563  17.2%   4.4 3862s
 233177 118863  811.41563   43   40  980.08935  811.41563  17.2%   4.4 3875s
 233185 118870  811.41563   44   39  980.08935  811.41563  17.2%   4.4 3886s
 233197 118879  811.41563   45   34  980.08935  811.41563  17.2%   4.4 3895s
 233209 118887  811.41563   45   36  980.08935  811.41563  17.2%   4.4 3900s
 233233 118903  811.41563   46   24  980.08935  811.41563  17.2%   4.4 3909s
 233246 118909  811.41563   47   40  980.08935  811.41563  17.2%   4.4 3912s
 233261 118919  811.41563   47   24  980.08935  811.41563  17.2%   4.4 3916s
 233276 118927  811.41563   48   17  980.08935  811.41563  17.2%   4.4 3921s
 233294 118936  811.41563   49   19  980.08935  811.41563  17.2%   4.4 3927s
 233308 118943  811.41563   49   14  980.08935  811.41563  17.2%   4.4 3931s
 233322 118958  811.41563   50   17  980.08935  811.41563  17.2%   4.4 3936s
 233364 118972  811.41563   52   20  980.08935  811.41563  17.2%   4.4 3942s
 233386 118985  811.41563   52    7  980.08935  811.41563  17.2%   4.4 3946s
 233407 118997  811.41563   53   12  980.08935  811.41563  17.2%   4.4 3950s
 233431 119012  811.41563   55    9  980.08935  811.41563  17.2%   4.4 3956s
 233486 119026  811.41563   57    8  980.08935  811.41563  17.2%   4.4 3964s
 233507 119028  811.41563   58   21  980.08935  811.41563  17.2%   4.4 3970s
 233539 119034  847.72099   58   21  980.08935  811.41563  17.2%   4.4 3975s
 233570 119049  953.41053   59    -  980.08935  811.41563  17.2%   4.4 3980s
 233605 119067  946.89270   60    8  980.08935  811.41563  17.2%   4.4 3986s
 233644 119078  836.03849   61    9  980.08935  811.41563  17.2%   4.4 3991s
 233676 119086     cutoff   62       980.08935  811.41563  17.2%   4.4 3996s
 233705 119091  910.80577   63    -  980.08935  811.41563  17.2%   4.4 4001s
 233740 119114  933.69681   64    7  980.08935  811.41563  17.2%   4.4 4006s
 233784 119120  832.70533   67    9  980.08935  811.41563  17.2%   4.4 4011s
 233829 119126     cutoff   68       980.08935  811.41563  17.2%   4.4 4016s
 233880 119133     cutoff   69       980.08935  811.41563  17.2%   4.4 4023s
 233915 119162  811.41563   51   16  980.08935  811.41563  17.2%   4.4 4029s
 233974 119180  811.41563   51   40  980.08935  811.41563  17.2%   4.4 4035s
 234028 119209  811.41563   52   39  980.08935  811.41563  17.2%   4.4 4041s
 234089 119220  811.41563   53   39  980.08935  811.41563  17.2%   4.4 4046s
 234147 119223  963.71978   56    -  980.08935  811.41563  17.2%   4.4 4052s
 234196 119238  977.55929   55   12  980.08935  811.41563  17.2%   4.4 4059s
 234265 119269  811.41563   51   16  980.08935  811.41563  17.2%   4.4 4067s
 234338 119300  811.41563   59   37  980.08935  811.41563  17.2%   4.4 4073s
 234420 119323  811.41563   67   14  980.08935  811.41563  17.2%   4.4 4080s
 234498 119362  813.83251   73    8  980.08935  811.41563  17.2%   4.4 4086s
 234582 119360  847.23096   80   19  980.08935  811.41563  17.2%   4.4 4093s
 234660 119402  811.41563   48   13  980.08935  811.41563  17.2%   4.4 4100s
 234759 119431  811.41563   60   36  980.08935  811.41563  17.2%   4.4 4108s
 234861 119469  811.41563   68   10  980.08935  811.41563  17.2%   4.4 4114s
 234972 119504  921.26381   77    -  980.08935  811.41563  17.2%   4.4 4121s
 235105 119488  925.85680   84   10  980.08935  811.41563  17.2%   4.4 4137s
 235142 119569  946.32466   85   21  980.08935  811.41563  17.2%   4.4 4145s
 235281 119624  811.41563   53   26  980.08935  811.41563  17.2%   4.4 4155s
 235410 119656  811.41563   62   21  980.08935  811.41563  17.2%   4.4 4165s
 235526 119714  947.25978   67    -  980.08935  811.41563  17.2%   4.4 4174s
 235676 119760     cutoff   67       980.08935  811.41563  17.2%   4.4 4185s
 235830 119848     cutoff   72       980.08935  811.41563  17.2%   4.4 4193s
 236024 119898  843.30415   71   22  980.08935  811.41563  17.2%   4.4 4202s
 236200 119948  840.45336   62    8  980.08935  811.41563  17.2%   4.4 4214s
 236389 120021  896.42891   64    9  980.08935  811.41563  17.2%   4.4 4222s
 236609 120105  911.82408   69   19  980.08935  811.41563  17.2%   4.4 4230s
 236844 120166     cutoff   73       980.08935  811.41563  17.2%   4.4 4239s
 237083 120323  870.46597   77   14  980.08935  811.41563  17.2%   4.4 4248s
 237371 120406  811.41563   67   38  980.08935  811.41563  17.2%   4.4 4257s
 237633 120453  823.83549   91   30  980.08935  811.41563  17.2%   4.4 4269s
 237850 120612  850.22459  106    -  980.08935  811.41563  17.2%   4.4 4279s
 238150 120713  851.34113  106   29  980.08935  811.41563  17.2%   4.4 4289s
 238439 120820  811.41563   52   20  980.08935  811.41563  17.2%   4.4 4307s
 238710 120912  883.56910   73   23  980.08935  811.41563  17.2%   4.4 4324s
 238978 121015  811.41563   55   14  980.08935  811.41563  17.2%   4.4 4340s
 239284 121145  811.41563   76   32  980.08935  811.41563  17.2%   4.4 4358s
 239605 121323  811.41563   55   25  980.08935  811.41563  17.2%   4.4 4374s
 239975 121424  811.41563   59   16  980.08935  811.41563  17.2%   4.4 4389s
 240318 121580  918.05841   84    9  980.08935  811.41563  17.2%   4.4 4401s
 240730 121716     cutoff   86       980.08935  811.41563  17.2%   4.4 4414s
 241126 121818  978.37157   63    8  980.08935  811.41563  17.2%   4.4 4428s
 241539 122031  853.51257   53   28  980.08935  811.41563  17.2%   4.4 4443s
 242011 122232 infeasible   72       980.08935  811.41563  17.2%   4.4 4458s
 242517 122455  811.41563   70   11  980.08935  811.41563  17.2%   4.4 4474s
 243056 122604  913.37742   88    8  980.08935  811.41563  17.2%   4.4 4489s
 243517 122570     cutoff   89       980.08935  811.41563  17.2%   4.4 4508s
 243734 122650  811.41563   66   18  980.08935  811.41563  17.2%   4.4 4532s
 244031 122723  842.84116   84   21  980.08935  811.41563  17.2%   4.4 4558s
 244423 123034  842.51813   77   15  980.08935  811.41563  17.2%   4.4 4578s
 245018 123265  967.99098   89    6  980.08935  811.41563  17.2%   4.4 4599s
 245625 123284  924.80681  100    -  980.08935  811.41563  17.2%   4.4 4634s
 246005 123227  811.41563   54   13  980.08935  811.41563  17.2%   4.4 4667s
 246043 123341  811.41563   54   15  980.08935  811.41563  17.2%   4.4 4688s
 246301 123726  886.35965   56   14  980.08935  811.41563  17.2%   4.4 4707s
 247038 123853  955.13977   95    6  980.08935  811.41563  17.2%   4.4 4724s
 247521 124266 infeasible   96       980.08935  811.41563  17.2%   4.4 4743s
 248358 124635  872.56863   87   16  980.08935  811.41563  17.2%   4.4 4770s
 249187 124998  866.64579   53   10  980.08935  811.41563  17.2%   4.4 4793s
 250067 125367  955.39932   99    7  980.08935  811.41563  17.2%   4.4 4816s
 250997 125542     cutoff   98       980.08935  811.41563  17.2%   4.4 4846s
 251813 125782  948.14916   63    -  980.08935  811.41563  17.2%   4.4 4874s
 252604 126185  886.41641   72   13  980.08935  811.41563  17.2%   4.4 4901s
 253536 126106 infeasible   81       980.08935  811.41563  17.2%   4.4 4943s
 254217 126526  838.14426   84    8  980.08935  811.41563  17.2%   4.4 4974s
 255110 126899     cutoff   85       980.08935  811.41563  17.2%   4.4 5010s
 256114 127264     cutoff   90       980.08935  811.41563  17.2%   4.4 5041s
 257051 127554     cutoff   87       980.08935  811.41563  17.2%   4.4 5074s
 257865 128214 infeasible  101       980.08935  811.41563  17.2%   4.4 5104s
 259148 128462     cutoff   99       980.08935  811.41563  17.2%   4.4 5149s
 260255 129055 infeasible   74       980.08935  811.41563  17.2%   4.4 5184s
 261518 129523     cutoff   92       980.08935  811.41563  17.2%   4.4 5221s
 262813 129942 infeasible   97       980.08935  811.41563  17.2%   4.4 5261s
 264014 130183  972.86156   93    -  980.08935  811.41563  17.2%   4.4 5302s
 265171 130480  935.64019  100   13  980.08935  811.41563  17.2%   4.4 5340s
 266120 130806  969.91681  103    -  980.08935  811.41563  17.2%   4.4 5386s
 267331 131162     cutoff  103       980.08935  811.41563  17.2%   4.4 5431s
 268616 131437     cutoff   79       980.08935  811.41563  17.2%   4.4 5469s
 269617 132073  814.65019   56   29  980.08935  811.41563  17.2%   4.4 5508s
 270952 132166  846.05560   88   19  980.08935  811.41563  17.2%   4.4 5554s
 272051 132635     cutoff   81       980.08935  811.41563  17.2%   4.4 5596s
 273311 132989     cutoff   76       980.08935  811.41563  17.2%   4.4 5635s
 274419 133190 infeasible   83       980.08935  811.41563  17.2%   4.4 5681s
 275612 133748     cutoff   83       980.08935  811.41563  17.2%   4.4 5722s
 276910 133930  848.58240   59   18  980.08935  811.41563  17.2%   4.4 5765s
 277983 134370 infeasible   99       980.08935  811.41563  17.2%   4.4 5812s
 279230 134846  972.27067   98    6  980.08935  811.41563  17.2%   4.4 5848s
 280379 134951     cutoff   94       980.08935  811.41563  17.2%   4.3 5882s
 281120 135657  823.43167   64    7  980.08935  811.41563  17.2%   4.3 5924s
 282442 136189  842.08818   73    7  980.08935  811.41563  17.2%   4.3 5960s
 283869 136609  973.58967   94    9  980.08935  811.41563  17.2%   4.3 5997s
 285228 137041 infeasible   94       980.08935  811.41563  17.2%   4.3 6039s
 286438 137389     cutoff   83       980.08935  811.41563  17.2%   4.3 6079s
 287521 137730  822.65256   85   35  980.08935  811.41563  17.2%   4.3 6117s
 288584 138159  922.76407   98   21  980.08935  811.41563  17.2%   4.3 6164s
 289825 138650  915.07758   82    -  980.08935  811.41563  17.2%   4.3 6208s
 291176 139068     cutoff   94       980.08935  811.41563  17.2%   4.3 6246s
 292487 139278 infeasible   98       980.08935  811.41563  17.2%   4.3 6287s
 293654 139808  893.14780   78   20  980.08935  811.41563  17.2%   4.3 6325s
 294893 140136     cutoff   84       980.08935  811.41563  17.2%   4.3 6366s
 296124 140244     cutoff   89       980.08935  811.41563  17.2%   4.3 6408s
 297101 140878     cutoff  101       980.08935  811.41563  17.2%   4.3 6450s
 298425 141250  878.56122   72    9  980.08935  811.41563  17.2%   4.3 6487s
 299706 141466  923.57291  100    -  980.08935  811.41563  17.2%   4.3 6528s
 300679 141595     cutoff  100       980.08935  811.41563  17.2%   4.3 6565s
 301288 142246  916.94366   81   17  980.08935  811.41563  17.2%   4.3 6603s
 302664 142285  979.30031  103    7  980.08935  811.41563  17.2%   4.3 6656s
 303572 142427  934.69880   86    -  980.08935  811.41563  17.2%   4.3 6715s
 304591 143047  962.04398   86   17  980.08935  811.41563  17.2%   4.3 6756s
 305972 143383  923.80980   94   38  980.08935  811.41563  17.2%   4.3 6795s
 307237 143556  956.74642   62    -  980.08935  811.41563  17.2%   4.3 6843s
 308416 143941     cutoff   92       980.08935  811.41563  17.2%   4.3 6890s
 309652 144103     cutoff   76       980.08935  811.41563  17.2%   4.3 6939s
 310699 144721 infeasible   77       980.08935  811.41563  17.2%   4.3 6975s
 312086 144954     cutoff  105       980.08935  811.41563  17.2%   4.3 7017s
 313300 145380     cutoff   83       980.08935  811.41563  17.2%   4.3 7056s
 314377 145783  942.03511   91    -  980.08935  811.41563  17.2%   4.3 7095s
 315570 146138  968.07677   91   17  980.08935  811.41563  17.2%   4.3 7137s
 316849 146466  949.65510  102   20  980.08935  811.41563  17.2%   4.3 7179s
 318114 146603  957.03743   73    6  980.08935  811.41563  17.2%   4.3 7200s

Cutting planes:
  Gomory: 5
  Lazy constraints: 9228

Explored 318808 nodes (1368616 simplex iterations) in 7200.83 seconds
Thread count was 12 (of 12 available processors)

Solution count 4: 980.089 1135.77 1285.86 1697.46 

Time limit reached
Best objective 9.800893455288e+02, best bound 8.114156292089e+02, gap 17.2100%

User-callback calls 1864079, time in user-callback 6.24 sec
/projects/academic/josewalt/caigao/RRARP_BD/BendersDecomp/ret/model_outs/n_18_h_4_algo_2.out
 =====>>>>> Solution is written to file in <../ret/model_outs> !!!
===>> All Done!
