NPROCS=0
This instance is clustered!
Gurobi Optimizer version 9.0.0 build v9.0.0rc2 (linux64)
Optimize a model with 18 rows, 82 columns and 162 nonzeros
Model fingerprint: 0x155b7428
Variable types: 1 continuous, 81 integer (81 binary)
Coefficient statistics:
  Matrix range     [1e+00, 1e+00]
  Objective range  [1e+00, 4e+01]
  Bounds range     [1e+00, 1e+00]
  RHS range        [1e+00, 1e+00]
Presolve removed 2 rows and 24 columns
Presolve time: 0.00s
Presolved: 16 rows, 58 columns, 114 nonzeros
Variable types: 1 continuous, 57 integer (57 binary)

Root relaxation: objective 8.472567e+01, 17 iterations, 0.00 seconds

    Nodes    |    Current Node    |     Objective Bounds      |     Work
 Expl Unexpl |  Obj  Depth IntInf | Incumbent    BestBd   Gap | It/Node Time

     0     0   86.95294    0    6          -   86.95294      -     -    0s
H    0     0                     111.8046416   86.95294  22.2%     -    0s
H    0     0                     111.4877261   86.95294  22.0%     -    0s
     0     0   88.02713    0   12  111.48773   88.02713  21.0%     -    0s
     0     0   88.02713    0   12  111.48773   88.02713  21.0%     -    0s
     0     2   88.02713    0   12  111.48773   88.02713  21.0%     -    0s

Cutting planes:
  Gomory: 1
  Lazy constraints: 97

Explored 253 nodes (588 simplex iterations) in 0.09 seconds
Thread count was 12 (of 12 available processors)

Solution count 2: 111.488 111.805 

Optimal solution found (tolerance 1.00e-04)
Best objective 1.114877261390e+02, best bound 1.114877261390e+02, gap 0.0000%

User-callback calls 697, time in user-callback 0.00 sec
/projects/academic/josewalt/caigao/RRARP_BD/BendersDecomp/ret/model_outs/n_7_m_5_algo_2.out
 =====>>>>> Solution is written to file in <../ret/model_outs> !!!
===>> All Done!
