NPROCS=0
This instance is clustered!
Gurobi Optimizer version 9.0.0 build v9.0.0rc2 (linux64)
Optimize a model with 50 rows, 626 columns and 1250 nonzeros
Model fingerprint: 0xe4595f96
Variable types: 1 continuous, 625 integer (625 binary)
Coefficient statistics:
  Matrix range     [1e+00, 1e+00]
  Objective range  [1e+00, 5e+02]
  Bounds range     [1e+00, 1e+00]
  RHS range        [1e+00, 1e+00]
Presolve removed 2 rows and 72 columns
Presolve time: 0.00s
Presolved: 48 rows, 554 columns, 1106 nonzeros
Variable types: 1 continuous, 553 integer (553 binary)

Root relaxation: objective 1.297422e+03, 54 iterations, 0.00 seconds

    Nodes    |    Current Node    |     Objective Bounds      |     Work
 Expl Unexpl |  Obj  Depth IntInf | Incumbent    BestBd   Gap | It/Node Time

     0     0 1297.42154    0   12          - 1297.42154      -     -    0s
     0     0 1410.93581    0   35          - 1410.93581      -     -    0s
H    0     0                    2060.0254807 1410.93581  31.5%     -    0s
H    0     0                    1864.5667630 1410.93581  24.3%     -    0s
     0     2 1411.87193    0   44 1864.56676 1411.87193  24.3%     -    0s
*  617   462              18    1827.1661121 1442.47209  21.1%   7.3    0s
H 1991  1193                    1653.4912508 1524.44678  7.80%   7.9    0s
H 2058  1172                    1653.4911667 1524.44678  7.80%   8.3    3s
H 4386  1065                    1653.4911171 1582.83271  4.27%   9.2    4s
  7371   381     cutoff   42      1653.49112 1625.90195  1.67%  10.5    5s

Cutting planes:
  Gomory: 7
  Zero half: 5
  RLT: 1
  Lazy constraints: 147

Explored 7927 nodes (85591 simplex iterations) in 5.27 seconds
Thread count was 12 (of 12 available processors)

Solution count 4: 1653.49 1827.17 1864.57 2060.03 

Optimal solution found (tolerance 1.00e-04)
Best objective 1.653491117093e+03, best bound 1.653491117093e+03, gap 0.0000%

User-callback calls 19115, time in user-callback 0.06 sec
/projects/academic/josewalt/caigao/RRARP_BD/BendersDecomp/ret/model_outs/n_23_e_2_algo_3.out
 =====>>>>> Solution is written to file in <../ret/model_outs> !!!
===>> All Done!
