NPROCS=0
This instance is clustered!
Gurobi Optimizer version 9.0.0 build v9.0.0rc2 (linux64)
Optimize a model with 46 rows, 530 columns and 1058 nonzeros
Model fingerprint: 0xadd6c487
Variable types: 1 continuous, 529 integer (529 binary)
Coefficient statistics:
  Matrix range     [1e+00, 1e+00]
  Objective range  [1e+00, 5e+02]
  Bounds range     [1e+00, 1e+00]
  RHS range        [1e+00, 1e+00]
Presolve removed 2 rows and 66 columns
Presolve time: 0.01s
Presolved: 44 rows, 464 columns, 926 nonzeros
Variable types: 1 continuous, 463 integer (463 binary)

Root relaxation: objective 7.568016e+02, 38 iterations, 0.00 seconds

    Nodes    |    Current Node    |     Objective Bounds      |     Work
 Expl Unexpl |  Obj  Depth IntInf | Incumbent    BestBd   Gap | It/Node Time

     0     0  902.12190    0    8          -  902.12190      -     -    0s
H    0     0                    2584.7139324  902.12190  65.1%     -    0s
H    0     0                    2174.6219935  902.12190  58.5%     -    0s
     0     0 1126.57118    0   10 2174.62199 1126.57118  48.2%     -    0s
     0     2 1126.57118    0   10 2174.62199 1126.57118  48.2%     -    0s
H  779   710                    1498.4903816 1208.92224  19.3%   3.1    0s
H 1401  1039                    1476.7666231 1212.96345  17.9%   3.0    0s
H 1885  1331                    1472.5512949 1212.96345  17.6%   3.0    0s
  8773  4921 1343.52049   82   10 1472.55129 1228.61510  16.6%   3.7    5s
 16316  9979 1413.71341   52   10 1472.55129 1234.47876  16.2%   3.9   10s
 24127 15989 infeasible  102      1472.55129 1239.60574  15.8%   3.8   15s
 30578 20393 1308.26283   36   21 1472.55129 1242.92754  15.6%   3.8   20s
 36207 24131 1356.63953   62   10 1472.55129 1245.50734  15.4%   3.8  119s
 36209 24132 1382.79546   56   39 1472.55129 1245.50734  15.4%   3.8  121s
 36214 24136 1348.93251   37   90 1472.55129 1245.50734  15.4%   3.8  125s
 36218 24138 1265.58794   30   51 1472.55129 1245.50734  15.4%   3.7  130s
 36607 24353 1362.80891   41   12 1472.55129 1245.50734  15.4%   3.8  135s
 39170 25402 1398.86744  108   30 1472.55129 1245.50734  15.4%   3.9  140s
 43379 27236     cutoff   68      1472.55129 1245.50734  15.4%   3.9  145s
 46964 28916 1266.98808   41   11 1472.55129 1245.50734  15.4%   4.0  150s
 50394 30348     cutoff   70      1472.55129 1245.50734  15.4%   4.0  155s
 53545 31888 1314.06536   46    6 1472.55129 1245.50734  15.4%   4.1  160s
 56325 33103 1270.85548   47   68 1472.55129 1245.50734  15.4%   4.1  165s
 58758 34178 1260.80090   37   34 1472.55129 1245.50734  15.4%   4.1  170s
 61365 35382 1270.32773   37   12 1472.55129 1245.50734  15.4%   4.1  175s
 64302 36543     cutoff   87      1472.55129 1245.50734  15.4%   4.1  180s
 67292 37825 1316.52823   37   35 1472.55129 1245.50734  15.4%   4.1  186s
 69175 38679 1283.92284   43   19 1472.55129 1245.77287  15.4%   4.1  190s
 71060 39508     cutoff   61      1472.55129 1246.43037  15.4%   4.1  195s
 73137 40335 1285.61836   41   11 1472.55129 1247.35563  15.3%   4.2  200s
 76110 41710 1348.24851   59   16 1472.55129 1248.53129  15.2%   4.2  206s
 77990 42372     cutoff   80      1472.55129 1249.03750  15.2%   4.2  211s
 79962 43140 1293.18033   42   25 1472.55129 1250.02568  15.1%   4.2  216s
 81619 43937 1264.90352   38   23 1472.55129 1250.22362  15.1%   4.2  221s
 83658 44614 1269.25425   37    - 1472.55129 1250.89635  15.1%   4.2  226s
 85470 45393 1414.60795   42   14 1472.55129 1251.28014  15.0%   4.2  232s
 86486 45823 1330.63848   38    6 1472.55129 1251.52476  15.0%   4.2  235s
 88591 46603     cutoff   63      1472.55129 1252.00842  15.0%   4.2  241s
 90384 47472     cutoff   59      1472.55129 1252.42405  14.9%   4.2  246s
 92422 48363 1272.06735   37   23 1472.55129 1252.91916  14.9%   4.2  252s
 93482 48699 1371.37792   41    8 1472.55129 1253.11781  14.9%   4.2  256s
 95370 49541 1262.13839   58   47 1472.55129 1253.53751  14.9%   4.3  263s
 96384 49936 infeasible   85      1472.55129 1253.79792  14.9%   4.3  266s
 97372 50396 1285.33158   37   12 1472.55129 1253.93909  14.8%   4.3  270s
 99194 50998 1367.06768   48    8 1472.55129 1254.37979  14.8%   4.3  276s
 100916 51657 1289.18689   56   32 1472.55129 1254.71201  14.8%   4.3  282s
 101832 52043 1325.74373   43   23 1472.55129 1254.91530  14.8%   4.3  287s
 102785 52344 1324.59795   51   21 1472.55129 1255.06899  14.8%   4.3  291s
 104612 53197 1333.53776   42   12 1472.55129 1255.47910  14.7%   4.3  298s
 105696 53598 1329.44460   38    9 1472.55129 1255.67476  14.7%   4.3  302s
 106697 53999 1344.37404   62   24 1472.55129 1255.90588  14.7%   4.3  306s
 107725 54350 1321.19561   44    9 1472.55129 1256.13276  14.7%   4.3  310s
 109212 55260 1319.97706   39   12 1472.55129 1256.40657  14.7%   4.3  318s
 110298 56036 1340.28269   40   36 1472.55129 1256.65388  14.7%   4.3  323s
 111382 56787 1373.48284   42    8 1472.55129 1256.80026  14.7%   4.3  328s
 112377 57523 1265.52083   57   12 1472.55129 1256.98293  14.6%   4.3  334s
 113418 58296 1347.25594   51    6 1472.55129 1257.20221  14.6%   4.3  338s
 114471 59022 1289.20278   60   37 1472.55129 1257.46830  14.6%   4.3  343s
 115502 59817 1339.17104   39   25 1472.55129 1257.69410  14.6%   4.3  348s
 116570 60519 1277.71901   43   37 1472.55129 1257.92147  14.6%   4.3  353s
 117542 61280 1333.54165   47   11 1472.55129 1258.09945  14.6%   4.3  359s
 118599 61960 1292.88328   47   17 1472.55129 1258.28270  14.6%   4.3  364s
 119608 62542 1350.29353   46    9 1472.55129 1258.47620  14.5%   4.4  370s
 120510 63180 1351.38535   44   28 1472.55129 1258.66068  14.5%   4.4  376s
 121427 63852 1302.69742   38    6 1472.55129 1258.86040  14.5%   4.4  382s
 122418 64552 1321.88399   53    6 1472.55129 1259.15878  14.5%   4.4  389s
 123431 65223 1270.27940   49    - 1472.55129 1259.34425  14.5%   4.4  394s
 124348 65859 1274.43540   49   11 1472.55129 1259.58811  14.5%   4.4  401s
 125343 66603 1288.94225   50   23 1472.55129 1259.78489  14.4%   4.4  407s
 126408 67340 1338.96825   43    6 1472.55129 1259.89775  14.4%   4.4  413s
 127456 68011 infeasible   56      1472.55129 1260.10881  14.4%   4.4  420s
 128425 68828 1284.23404   52   47 1472.55129 1260.25535  14.4%   4.4  426s
 129531 69538 1307.72709   59   11 1472.55129 1260.44511  14.4%   4.4  433s
 130547 70195 1314.58774   38    6 1472.55129 1260.59123  14.4%   4.4  441s
 131548 70924 1289.06667   38   55 1472.55129 1260.82940  14.4%   4.4  450s
 132534 71586 1375.09134   46   46 1472.55129 1260.95462  14.4%   4.4  457s
 133569 72345 1338.23790   37    6 1472.55129 1261.23268  14.4%   4.4  465s
 134612 73102 1389.13619   47   44 1472.55129 1261.43453  14.3%   4.4  473s
 135727 73792 1413.92544   76    - 1472.55129 1261.59262  14.3%   4.4  481s
 136721 74479 1315.99791   47    6 1472.55129 1261.79125  14.3%   4.5  489s
 137788 75137 1382.63964   52   59 1472.55129 1261.90874  14.3%   4.5  497s
 138839 75821 1361.47146   44    6 1472.55129 1262.11972  14.3%   4.5  504s
 139837 76395     cutoff   68      1472.55129 1262.35947  14.3%   4.5  512s
 140777 77028 1328.33993   44   16 1472.55129 1262.52185  14.3%   4.5  522s
 141758 77685 1333.11538   50    6 1472.55129 1262.75032  14.2%   4.5  530s
 142745 78364 1314.88524   55    9 1472.55129 1262.91151  14.2%   4.5  538s
 143767 79076 1337.56817   51   69 1472.55129 1263.07734  14.2%   4.5  547s
 144829 79858 infeasible   79      1472.55129 1263.26220  14.2%   4.5  556s
 145916 80626 1330.84643   40   19 1472.55129 1263.39475  14.2%   4.5  565s
 146972 81344 1371.51429   44   27 1472.55129 1263.58027  14.2%   4.5  574s
 148053 82046 1333.59681   39    6 1472.55129 1263.73956  14.2%   4.5  583s
 149110 82717 1298.75713   48   19 1472.55129 1263.94622  14.2%   4.5  593s
 150172 83517 1337.33122   42   16 1472.55129 1264.21695  14.1%   4.5  602s
 151278 84193 1316.64361   43    6 1472.55129 1264.36691  14.1%   4.5  612s
 152377 84867 1343.81278   46   15 1472.55129 1264.51887  14.1%   4.5  622s
 153413 85637 1289.78131   45   89 1472.55129 1264.65069  14.1%   4.5  631s
 154523 86187 1353.61944   50    6 1472.55129 1264.84402  14.1%   4.6  643s
 155471 86816 1333.98290   46    6 1472.55129 1264.94743  14.1%   4.6  654s
 156495 87655 1361.04297   46   28 1472.55129 1265.05096  14.1%   4.6  664s
 157658 88311 1336.78086   54    6 1472.55129 1265.19103  14.1%   4.6  675s
 158701 88958 1346.90388   42   26 1472.55129 1265.48217  14.1%   4.6  687s
 159689 89524 1325.70017   38    6 1472.55129 1265.63669  14.1%   4.6  699s
 160660 90218 1373.30470   40    9 1472.55129 1265.72752  14.0%   4.6  712s
 161738 90814 1337.01408   74   58 1472.55129 1265.87261  14.0%   4.6  725s
 162788 91459 1339.04058   45   23 1472.55129 1265.91525  14.0%   4.6  735s
 163686 92114 1335.23750   45   21 1472.55129 1266.01559  14.0%   4.6  747s
 164772 92889 1391.25363   46   16 1472.55129 1266.20600  14.0%   4.6  759s
 164943 92900 1330.28197   48   26 1472.55129 1266.22633  14.0%   4.6  760s
 165886 93653 1415.29842   41   25 1472.55129 1266.35033  14.0%   4.6  772s
 167097 94442 1337.93071   44   11 1472.55129 1266.49013  14.0%   4.6  783s
 168208 95102 1324.32776   45    6 1472.55129 1266.57869  14.0%   4.6  797s
 169292 95795 infeasible   47      1472.55129 1266.86026  14.0%   4.6  810s
 170349 96528 1295.27729   40   12 1472.55129 1267.04005  14.0%   4.6  826s
 171493 97329 1335.97610   38    6 1472.55129 1267.20721  13.9%   4.6  840s
 172623 98020 1279.20462   35   28 1472.55129 1267.37056  13.9%   4.6  852s
 173751 98709 1337.21549   44   12 1472.55129 1267.53213  13.9%   4.7  865s
 174809 99417 1317.62198   52    9 1472.55129 1267.70653  13.9%   4.7  878s
 175950 100109 1309.31512   46   40 1472.55129 1267.85610  13.9%   4.7  893s
 177005 100911 1347.90028   41    6 1472.55129 1267.99381  13.9%   4.7  908s
 178170 101523 1376.44566   55    6 1472.55129 1268.14628  13.9%   4.7  922s
 179215 102178 1377.24577   47    6 1472.55129 1268.20789  13.9%   4.7  937s
 180260 102904 1402.73688   42   30 1472.55129 1268.34093  13.9%   4.7  952s
 181372 103624 1426.70263   48   23 1472.55129 1268.46964  13.9%   4.7  967s
 182425 104281 1379.50710   71   13 1472.55129 1268.61399  13.8%   4.7  982s
 183555 105062 infeasible   56      1472.55129 1268.76599  13.8%   4.7  996s
 184693 105655 1331.92322   36   23 1472.55129 1268.91136  13.8%   4.7 1010s
 185709 106399 1345.69472   42    6 1472.55129 1269.04824  13.8%   4.7 1027s
 186813 107120 1322.64651   44    6 1472.55129 1269.20464  13.8%   4.7 1043s
 187963 107772 1286.44683   40    9 1472.55129 1269.33018  13.8%   4.7 1059s
 189006 108457 1345.33482   42    8 1472.55129 1269.45937  13.8%   4.7 1076s
 190130 109198 1395.19259   45   27 1472.55129 1269.62014  13.8%   4.7 1094s
 191244 109976 1299.50255   38    - 1472.55129 1269.77753  13.8%   4.7 1109s
 192433 110806 1283.12752   50   32 1472.55129 1269.89503  13.8%   4.7 1125s
 193598 111446 1359.40455   60   20 1472.55129 1270.02051  13.8%   4.7 1143s
 194727 112052 1276.78836   46    9 1472.55129 1270.16774  13.7%   4.8 1158s
 195629 112721 1340.71887   46    6 1472.55129 1270.27818  13.7%   4.8 1176s
 196774 113440 1285.90163   45   15 1472.55129 1270.45503  13.7%   4.8 1195s
 197881 114183 1321.31644   51   23 1472.55129 1270.57734  13.7%   4.8 1212s
 198995 114868 1354.07646   40   29 1472.55129 1270.71958  13.7%   4.8 1232s
 200144 115579 1319.34257   38   35 1472.55129 1270.82566  13.7%   4.8 1251s
 201293 116287 1347.55478   44    - 1472.55129 1270.85367  13.7%   4.8 1270s
 202404 116939 1381.83037   44    6 1472.55129 1271.00045  13.7%   4.8 1289s
 203509 117664 1284.89045   45   24 1472.55129 1271.17600  13.7%   4.8 1307s
 204613 118394 infeasible   58      1472.55129 1271.25311  13.7%   4.8 1326s
 205752 119124 1334.34334   41    6 1472.55129 1271.44675  13.7%   4.8 1345s
 206891 119814 1317.30130   44    6 1472.55129 1271.62173  13.6%   4.8 1365s
 208031 120525 1322.12317   41    6 1472.55129 1271.73248  13.6%   4.8 1383s
 209190 121254 1307.91760   60   10 1472.55129 1271.89323  13.6%   4.8 1404s
 210329 121926 1321.99069   41   40 1472.55129 1272.03128  13.6%   4.8 1426s
 211397 122595 1330.09192   41    6 1472.55129 1272.16332  13.6%   4.8 1446s
 212521 123374 1338.00229   47    6 1472.55129 1272.28573  13.6%   4.8 1472s
 213725 123968 1358.08101   40   37 1472.55129 1272.32399  13.6%   4.8 1495s
 214808 124720 1372.78799   53   33 1472.55129 1272.45906  13.6%   4.8 1517s
 215959 125392 1346.56759   49   20 1472.55129 1272.55258  13.6%   4.8 1538s
 217088 126131 1330.53145   40    6 1472.55129 1272.69191  13.6%   4.9 1559s
 218261 126868 1296.37416   48   13 1472.55129 1272.83041  13.6%   4.9 1579s
 219375 127525 1321.90711   55   15 1472.55129 1273.00802  13.6%   4.9 1601s
 220501 128311 1358.31271   54   19 1472.55129 1273.04255  13.5%   4.9 1623s
 221698 129040 1332.14383   39   16 1472.55129 1273.16588  13.5%   4.9 1643s
 222812 129753 1312.28089   45   17 1472.55129 1273.28735  13.5%   4.9 1663s
 223953 130403 1325.92308   45    6 1472.55129 1273.43585  13.5%   4.9 1685s
 225163 131140 1302.91775   39    - 1472.55129 1273.49455  13.5%   4.9 1705s
 226300 131790 1348.87829   44    9 1472.55129 1273.65372  13.5%   4.9 1731s
 227424 132577 1357.32331   38    - 1472.55129 1273.66271  13.5%   4.9 1752s
 228671 133222 1314.66181   39    9 1472.55129 1273.75514  13.5%   4.9 1777s
 229817 133984 1393.92667   60   36 1472.55129 1273.82158  13.5%   4.9 1802s
 231006 134670 1301.06754   38   12 1472.55129 1273.95088  13.5%   4.9 1825s
 232122 135374 infeasible   71      1472.55129 1274.05559  13.5%   4.9 1847s
 233239 136032 1367.95939   46   12 1472.55129 1274.15143  13.5%   4.9 1870s
 234315 136694 1292.02276   42   53 1472.55129 1274.26200  13.5%   4.9 1896s
 235490 137392 1348.53432   43   27 1472.55129 1274.37656  13.5%   4.9 1921s
 236671 138083 1344.18775   37    6 1472.55129 1274.48701  13.5%   4.9 1945s
 237815 138739 1313.71399   55   18 1472.55129 1274.61335  13.4%   4.9 1970s
 238927 139380 1332.66371   42    6 1472.55129 1274.72764  13.4%   4.9 1994s
 239974 139988 1350.06748   46   20 1472.55129 1274.88240  13.4%   4.9 2018s
 241074 140793 1306.49126   38    8 1472.55129 1274.99209  13.4%   4.9 2043s
 242265 141446     cutoff   54      1472.55129 1275.11369  13.4%   4.9 2068s
 243354 142155 1300.23870   56   29 1472.55129 1275.15801  13.4%   5.0 2092s
 244524 142888 1327.86757   42    6 1472.55129 1275.37654  13.4%   5.0 2118s
 245699 143588 1365.48336   43    6 1472.55129 1275.53136  13.4%   5.0 2144s
 246839 144379 1456.66663   85   26 1472.55129 1275.62332  13.4%   5.0 2170s
 248035 145063 1399.37441   52   11 1472.55129 1275.71736  13.4%   5.0 2195s
 249191 145704 1294.82472   38   20 1472.55129 1275.80579  13.4%   5.0 2223s
 250248 146380 1296.65545   40   21 1472.55129 1275.91215  13.4%   5.0 2250s
 251405 147103 1354.73813   39    6 1472.55129 1276.00472  13.3%   5.0 2280s
 252574 147801 1293.22512   39   11 1472.55129 1276.14579  13.3%   5.0 2308s
 253715 148548     cutoff   58      1472.55129 1276.24308  13.3%   5.0 2335s
 254896 149279 1322.12628   39   11 1472.55129 1276.33836  13.3%   5.0 2362s
 256098 149918 1343.60312   43   11 1472.55129 1276.46271  13.3%   5.0 2389s
 257200 150486 1384.26836   44   31 1472.55129 1276.56491  13.3%   5.0 2419s
 258219 151232 1420.45866   53    8 1472.55129 1276.68129  13.3%   5.0 2447s
 259444 152033 1301.35082   58    9 1472.55129 1276.78539  13.3%   5.0 2472s
 260659 152772 1346.35117   48    6 1472.55129 1276.91569  13.3%   5.0 2497s
 261822 153434 1332.38774   44   19 1472.55129 1277.01492  13.3%   5.0 2526s
 263021 154171 1347.68747   40   47 1472.55129 1277.10038  13.3%   5.0 2557s
 264179 154857 1321.30115   51   22 1472.55129 1277.24177  13.3%   5.0 2592s
 265288 155530 1333.77374   40   12 1472.55129 1277.31983  13.3%   5.0 2621s
 266461 156215 1312.31147   43   19 1472.55129 1277.44228  13.2%   5.0 2650s
 267674 156981 1314.39899   44   35 1472.55129 1277.53160  13.2%   5.0 2680s
 268866 157546 1336.35300   37    6 1472.55129 1277.64689  13.2%   5.0 2711s
 269945 158227 1376.54728   38   38 1472.55129 1277.71761  13.2%   5.0 2745s
 271093 158982 1321.97795   62   41 1472.55129 1277.86946  13.2%   5.0 2777s
 272289 159705 1430.90153   58   36 1472.55129 1277.95036  13.2%   5.1 2806s
 273499 160361     cutoff   57      1472.55129 1278.07067  13.2%   5.1 2838s
 274698 161009 1323.46138   41   71 1472.55129 1278.16302  13.2%   5.1 2875s
 275852 161799 1329.91332   49    6 1472.55129 1278.27889  13.2%   5.1 2906s
 277071 162487 infeasible   58      1472.55129 1278.36921  13.2%   5.1 2936s
 278220 163194 1397.64206   60   24 1472.55129 1278.48415  13.2%   5.1 2965s
 279306 163853 infeasible   62      1472.55129 1278.58894  13.2%   5.1 2995s
 280468 164578     cutoff   46      1472.55129 1278.71284  13.2%   5.1 3025s
 281647 165260 1374.12094   42    - 1472.55129 1278.84314  13.2%   5.1 3056s
 282824 165929 1376.89588   42   38 1472.55129 1278.94211  13.1%   5.1 3089s
 284020 166666 1323.92819   57    - 1472.55129 1279.04297  13.1%   5.1 3124s
 285208 167342 1385.70273   42   17 1472.55129 1279.13860  13.1%   5.1 3160s
 286390 168031 1286.70340   49   31 1472.55129 1279.21175  13.1%   5.1 3194s
 287579 168680 1380.60056   54   15 1472.55129 1279.28872  13.1%   5.1 3229s
 288710 169384 1348.76450   43   11 1472.55129 1279.38933  13.1%   5.1 3264s
 289902 170026 1334.75641   39    6 1472.55129 1279.49602  13.1%   5.1 3299s
 291071 170688 1339.31717   52    6 1472.55129 1279.57135  13.1%   5.1 3333s
 292199 171350 1358.25159   52    6 1472.55129 1279.69296  13.1%   5.1 3365s
 293384 171976 1310.95297   58   21 1472.55129 1279.79841  13.1%   5.1 3398s
 294470 172638 1375.35504   49    - 1472.55129 1279.89276  13.1%   5.1 3434s
 295638 173249 1337.54626   46    6 1472.55129 1280.02200  13.1%   5.1 3470s
 296855 173931 1355.47801   34    6 1472.55129 1280.11705  13.1%   5.1 3504s
 298009 174615 1353.59254   44    6 1472.55129 1280.19867  13.1%   5.1 3539s
 299142 175311     cutoff   63      1472.55129 1280.33575  13.1%   5.1 3579s
 300350 175977 1352.74676   54   23 1472.55129 1280.42973  13.0%   5.1 3615s
 301483 176657 1385.57792   49   47 1472.55129 1280.51293  13.0%   5.1 3655s
 302680 177256 infeasible   66      1472.55129 1280.60888  13.0%   5.2 3694s
 303844 177985 1386.72120   49    9 1472.55129 1280.71327  13.0%   5.2 3733s
 305029 178624     cutoff   52      1472.55129 1280.79899  13.0%   5.2 3773s
 306164 179405     cutoff   49      1472.55129 1280.89508  13.0%   5.2 3809s
 307425 180044 1349.20419   39   10 1472.55129 1281.03431  13.0%   5.2 3845s
 308592 180673 1408.56403   47   20 1472.55129 1281.11605  13.0%   5.2 3886s
 309751 181497 1354.48898   48   13 1472.55129 1281.21860  13.0%   5.2 3923s
 311044 182177 1312.97005   50   35 1472.55129 1281.30824  13.0%   5.2 3967s
 312217 182876 1305.31983   38   16 1472.55129 1281.38018  13.0%   5.2 4009s
 313476 183595 1295.21606   37   10 1472.55129 1281.48519  13.0%   5.2 4050s
 314752 184247 1302.24099   47   77 1472.55129 1281.56353  13.0%   5.2 4100s
 315899 184914 1406.81791   49   10 1472.55129 1281.68520  13.0%   5.2 4146s
 317184 185589 1406.00940   62    7 1472.55129 1281.72305  13.0%   5.2 4192s
 318372 186297 1359.34839   49   22 1472.55129 1281.79378  13.0%   5.2 4230s
 319513 186901 1345.52742   45   11 1472.55129 1281.92958  12.9%   5.2 4281s
 320686 187596 1381.79510   43    8 1472.55129 1282.02391  12.9%   5.2 4337s
 321841 188327 1295.41225   38   12 1472.55129 1282.12330  12.9%   5.2 4380s
 323023 188982     cutoff   63      1472.55129 1282.22402  12.9%   5.2 4438s
 324171 189791 infeasible   66      1472.55129 1282.32113  12.9%   5.2 4482s
 325451 190416 1344.62731   49    6 1472.55129 1282.42020  12.9%   5.2 4525s
 326647 190579 1356.38032   63   10 1472.55129 1282.50550  12.9%   5.2 4581s
 326649 190580 1402.60549   90   39 1472.55129 1282.50550  12.9%   5.2 4603s
 326650 190581 1382.71319   70   70 1472.55129 1282.50550  12.9%   5.2 4615s
 326652 190582 1347.36017   65   51 1472.55129 1282.50550  12.9%   5.2 4625s
 326653 190583 1320.55174   47   59 1472.55129 1282.50550  12.9%   5.2 4642s
 326654 190584 1287.40777   44   32 1472.55129 1282.50550  12.9%   5.2 4656s
 326655 190584 1385.57663   58   56 1472.55129 1282.50550  12.9%   5.2 4675s
 326656 190585 1357.09610   39   56 1472.55129 1282.50550  12.9%   5.2 4700s
 326657 190586 1334.16306   41   56 1472.55129 1282.50550  12.9%   5.2 4711s
 326659 190590 1282.50550   34   38 1472.55129 1282.50550  12.9%   5.2 4733s
 326661 190593 1282.50550   35   72 1472.55129 1282.50550  12.9%   5.2 4749s
 326665 190599 1282.50550   36   74 1472.55129 1282.50550  12.9%   5.2 4764s
 326673 190607 1282.50550   37   52 1472.55129 1282.50550  12.9%   5.2 4775s
 326685 190614 1282.50550   38   64 1472.55129 1282.50550  12.9%   5.2 4780s
 326709 190629 1282.50550   39   33 1472.55129 1282.50550  12.9%   5.2 4787s
 326721 190638 1282.50550   39   67 1472.55129 1282.50550  12.9%   5.2 4790s
 326752 190660 1282.50550   40   72 1472.55129 1282.50550  12.9%   5.2 4798s
 326770 190666 1282.50550   41   62 1472.55129 1282.50550  12.9%   5.2 4803s
 326785 190681 1282.50550   41   43 1472.55129 1282.50550  12.9%   5.2 4808s
 326804 190689 1282.50550   42   20 1472.55129 1282.50550  12.9%   5.2 4812s
 326823 190702 1282.50550   43   15 1472.55129 1282.50550  12.9%   5.2 4815s
 326843 190720 1282.50550   44   27 1472.55129 1282.50550  12.9%   5.2 4820s
 326890 190744 1282.50550   46   37 1472.55129 1282.50550  12.9%   5.2 4826s
 326915 190762 1282.50550   47   37 1472.55129 1282.50550  12.9%   5.2 4830s
 326949 190771 1282.50550   49   12 1472.55129 1282.50550  12.9%   5.2 4836s
 326974 190782 1319.23914   50   31 1472.55129 1282.50550  12.9%   5.2 4840s
 327003 190786 1282.50550   52   83 1472.55129 1282.50550  12.9%   5.2 4846s
 327061 190806 1282.50550   55   27 1472.55129 1282.50550  12.9%   5.2 4854s
 327098 190808 1298.43517   56    8 1472.55129 1282.50550  12.9%   5.2 4859s
 327133 190807 1471.28590   57   28 1472.55129 1282.50550  12.9%   5.2 4865s
 327188 190818 1282.50550   60   42 1472.55129 1282.50550  12.9%   5.2 4874s
 327215 190830 1282.50550   62   48 1472.55129 1282.50550  12.9%   5.2 4879s
 327256 190833 1438.79933   63   35 1472.55129 1282.50550  12.9%   5.2 4884s
 327300 190828 1453.96193   65   24 1472.55129 1282.50550  12.9%   5.2 4889s
 327342 190842 1387.44493   66   13 1472.55129 1282.50550  12.9%   5.2 4895s
 327402 190859 1290.76885   70   34 1472.55129 1282.50550  12.9%   5.2 4901s
 327474 190866     cutoff   74      1472.55129 1282.50550  12.9%   5.2 4907s
 327527 190899 1282.50550   40   48 1472.55129 1282.50550  12.9%   5.2 4914s
 327590 190912 1282.50550   48   24 1472.55129 1282.50550  12.9%   5.2 4921s
 327660 190938 1289.59871   50   49 1472.55129 1282.50550  12.9%   5.2 4930s
 327733 190975 1302.63549   54    8 1472.55129 1282.50550  12.9%   5.2 4937s
 327816 190983 1305.56478   61   28 1472.55129 1282.50550  12.9%   5.2 4943s
 327887 191003 1436.56504   62   29 1472.55129 1282.50550  12.9%   5.2 4950s
 327965 191018 1355.36022   69   70 1472.55129 1282.50550  12.9%   5.2 4959s
 328040 191042 1392.05467   74   65 1472.55129 1282.50550  12.9%   5.2 4965s
 328131 191049 1282.50550   41   63 1472.55129 1282.50550  12.9%   5.2 4973s
 328210 191044 1282.50550   45   41 1472.55129 1282.50550  12.9%   5.2 4981s
 328299 191066 1282.50550   49   78 1472.55129 1282.50550  12.9%   5.2 4990s
 328408 191120 1282.50550   56   58 1472.55129 1282.50550  12.9%   5.2 4999s
 328541 191185 1282.50550   62   86 1472.55129 1282.50550  12.9%   5.2 5008s
 328670 191243 1282.50550   64   83 1472.55129 1282.50550  12.9%   5.2 5017s
 328821 191240 1282.50550   70   83 1472.55129 1282.50550  12.9%   5.2 5025s
 328925 191281 1282.50550   76   87 1472.55129 1282.50550  12.9%   5.2 5038s
 329052 191313 1282.50550   80  100 1472.55129 1282.50550  12.9%   5.2 5046s
 329201 191379 1282.50550   83   80 1472.55129 1282.50550  12.9%   5.2 5056s
 329366 191429 1282.50550   88   71 1472.55129 1282.50550  12.9%   5.2 5068s
 329546 191479 1282.50550   93  104 1472.55129 1282.50550  12.9%   5.2 5079s
 329718 191548 1282.50550   97   98 1472.55129 1282.50550  12.9%   5.2 5093s
 329923 191645 1282.50550  103   89 1472.55129 1282.50550  12.9%   5.2 5104s
 330154 191725 1282.50550  113   47 1472.55129 1282.50550  12.9%   5.2 5115s
 330406 191846 1450.36323  125   14 1472.55129 1282.50550  12.9%   5.2 5128s
 330683 191925 1320.25390   54    - 1472.55129 1282.50550  12.9%   5.2 5142s
 330947 192007 1341.73571   54    6 1472.55129 1282.50550  12.9%   5.2 5155s
 331159 192159 1391.61067   55   39 1472.55129 1282.50550  12.9%   5.2 5169s
 331478 192258 1283.63296   57   26 1472.55129 1282.50550  12.9%   5.2 5183s
 331772 192377 1423.08253   69   42 1472.55129 1282.50550  12.9%   5.2 5196s
 332070 192501 1341.56231   93   51 1472.55129 1282.50550  12.9%   5.2 5212s
 332402 192641 1318.67307   48   38 1472.55129 1282.50550  12.9%   5.2 5230s
 332774 192875 1392.67723   51   20 1472.55129 1282.50550  12.9%   5.2 5248s
 333217 193071 1364.71241   50   29 1472.55129 1282.50550  12.9%   5.2 5267s
 333650 193262 1282.50550   55   66 1472.55129 1282.50550  12.9%   5.2 5285s
 334092 193515 1290.77899   52   38 1472.55129 1282.50550  12.9%   5.2 5305s
 334592 193693 1350.03024  102   20 1472.55129 1282.50550  12.9%   5.2 5325s
 335053 193921 1282.50550   43   29 1472.55129 1282.50550  12.9%   5.2 5344s
 335556 194105 1353.31667   52    - 1472.55129 1282.50550  12.9%   5.2 5364s
 336045 194288 1355.66397   52   35 1472.55129 1282.50550  12.9%   5.2 5386s
 336557 194597 1282.50550   47   20 1472.55129 1282.50550  12.9%   5.2 5405s
 337169 194877 1282.50550   48   17 1472.55129 1282.50550  12.9%   5.2 5428s
 337788 195132 1282.50550   48   30 1472.55129 1282.50550  12.9%   5.2 5450s
 338389 195440 1294.13083   88   99 1472.55129 1282.50550  12.9%   5.2 5479s
 339010 195749 1419.95796   99   42 1472.55129 1282.50550  12.9%   5.2 5506s
 339676 196100 1315.81322   50    6 1472.55129 1282.50550  12.9%   5.2 5533s
 340364 196458 1308.87100   78   48 1472.55129 1282.50550  12.9%   5.2 5562s
 341113 196572 1350.51119   58   29 1472.55129 1282.50550  12.9%   5.2 5593s
 341605 197002 1282.50550   54   25 1472.55129 1282.50550  12.9%   5.2 5625s
 342385 197356 1294.69796   59    6 1472.55129 1282.50550  12.9%   5.2 5657s
 343169 197694 1399.08579   71   10 1472.55129 1282.50550  12.9%   5.2 5689s
 343985 198104 1282.50550   49   26 1472.55129 1282.50550  12.9%   5.2 5722s
 344832 198530 1352.12097   53    6 1472.55129 1282.50550  12.9%   5.2 5754s
 345715 198951     cutoff   65      1472.55129 1282.50550  12.9%   5.2 5789s
 346648 199338 1414.46192   67   15 1472.55129 1282.50550  12.9%   5.2 5823s
 347585 199844 1364.26402   53    6 1472.55129 1282.50550  12.9%   5.3 5859s
 348587 200278 1324.62848   55   14 1472.55129 1282.50550  12.9%   5.3 5899s
 349610 200709 1379.05292   56    9 1472.55129 1282.50550  12.9%   5.3 5937s
 350633 201000 1311.03947   53    8 1472.55129 1282.50550  12.9%   5.3 5973s
 351469 201591 1282.50550   56   70 1472.55129 1282.50550  12.9%   5.3 6014s
 352634 202147     cutoff   83      1472.55129 1282.50550  12.9%   5.3 6057s
 353851 202646 1345.95800   58    9 1472.55129 1282.50550  12.9%   5.3 6099s
 355054 203206 1308.71959   54   12 1472.55129 1282.50550  12.9%   5.3 6148s
 356313 203763 1359.28653   55    8 1472.55129 1282.50550  12.9%   5.3 6187s
 357529 204414 1366.89169   47    6 1472.55129 1282.50550  12.9%   5.3 6228s
 358889 204963 1345.96858   57    6 1472.55129 1282.50550  12.9%   5.3 6282s
 360145 205505 1323.15482   58   11 1472.55129 1282.50550  12.9%   5.3 6328s
 361385 206106 1315.92747   53   33 1472.55129 1282.50550  12.9%   5.3 6382s
 362709 206457 1383.75195   48    8 1472.55129 1282.50550  12.9%   5.3 6431s
 363712 207131 1310.95539   53   49 1472.55129 1282.50550  12.9%   5.3 6476s
 365037 207573 1382.11762   56    6 1472.55129 1282.50550  12.9%   5.3 6524s
 366244 208171 1385.01761   57   13 1472.55129 1282.50550  12.9%   5.3 6569s
 367526 208681 1287.15247   60   70 1472.55129 1282.50550  12.9%   5.3 6613s
 368781 209077     cutoff   84      1472.55129 1282.50550  12.9%   5.3 6660s
 369933 209547     cutoff   95      1472.55129 1282.50550  12.9%   5.3 6705s
 371130 210089 1334.92856   54    6 1472.55129 1282.50550  12.9%   5.3 6750s
 372359 210627 1338.34408   56   72 1472.55129 1282.50550  12.9%   5.3 6801s
 373597 211144 1367.39622   48   15 1472.55129 1282.50550  12.9%   5.3 6845s
 374831 211498 1295.43052   50   11 1472.55129 1282.50550  12.9%   5.3 6890s
 375802 212079 1305.65245   52   90 1472.55129 1282.50550  12.9%   5.3 6932s
 377031 212557 1297.37115   50   25 1472.55129 1282.50550  12.9%   5.3 6979s
 378248 213127 1308.20252   49   51 1472.55129 1282.50550  12.9%   5.3 7029s
 379501 213615 1367.91198   51    6 1472.55129 1282.50550  12.9%   5.3 7078s
 380715 214055 1295.66413   54   46 1472.55129 1282.50550  12.9%   5.3 7123s
 381855 214605 1360.22422   55    6 1472.55129 1282.50550  12.9%   5.3 7175s
 383097 214772     cutoff   98      1472.55129 1282.50550  12.9%   5.3 7200s

Cutting planes:
  Gomory: 5
  Flow cover: 1
  Zero half: 3
  RLT: 1
  Lazy constraints: 3491

Explored 383823 nodes (2024257 simplex iterations) in 7200.64 seconds
Thread count was 12 (of 12 available processors)

Solution count 5: 1472.55 1476.77 1498.49 ... 2584.71

Time limit reached
Best objective 1.472551294881e+03, best bound 1.282505496767e+03, gap 12.9059%

User-callback calls 1848942, time in user-callback 5.35 sec
/projects/academic/josewalt/caigao/RRARP_BD/BendersDecomp/ret/model_outs/n_21_m_1_algo_2.out
 =====>>>>> Solution is written to file in <../ret/model_outs> !!!
===>> All Done!
