NPROCS=0
This instance is clustered!
Gurobi Optimizer version 9.0.0 build v9.0.0rc2 (linux64)
Optimize a model with 30 rows, 226 columns and 450 nonzeros
Model fingerprint: 0xd61c6fa5
Variable types: 1 continuous, 225 integer (225 binary)
Coefficient statistics:
  Matrix range     [1e+00, 1e+00]
  Objective range  [1e+00, 2e+02]
  Bounds range     [1e+00, 1e+00]
  RHS range        [1e+00, 1e+00]
 done with super cut 0
Presolve removed 2 rows and 42 columns
Presolve time: 0.00s
Presolved: 28 rows, 184 columns, 366 nonzeros
Variable types: 1 continuous, 183 integer (183 binary)

Root relaxation: objective 2.709268e+02, 23 iterations, 0.00 seconds
 done with super cut 1

    Nodes    |    Current Node    |     Objective Bounds      |     Work
 Expl Unexpl |  Obj  Depth IntInf | Incumbent    BestBd   Gap | It/Node Time

     0     0  318.58228    0   18          -  318.58228      -     -    0s
     0     0  322.76215    0   25          -  322.76215      -     -    0s
 done with super cut 2
     0     2  322.76215    0   25          -  322.76215      -     -    0s
 done with super cut 3
 done with super cut 4
 done with super cut 5
 done with super cut 6
 done with super cut 7
 done with super cut 8
 done with super cut 9
 done with super cut 10
*  362   294              15     491.1647055  347.02800  29.3%   5.7    2s
H 1860  1099                     454.4568273  363.76183  20.0%   4.5    2s
* 6253  1724              40     444.4301446  388.29483  12.6%   5.1    3s
H 8537  2018                     434.0053434  395.23191  8.93%   5.3    4s
 14400  2279  421.10114   29   10  434.00534  409.82155  5.57%   5.9    5s

Cutting planes:
  Lazy constraints: 457

Explored 20167 nodes (132144 simplex iterations) in 6.07 seconds
Thread count was 12 (of 12 available processors)

Solution count 4: 434.005 444.43 454.457 491.165 

Optimal solution found (tolerance 1.00e-04)
Best objective 4.340053433682e+02, best bound 4.340053433682e+02, gap 0.0000%

User-callback calls 42690, time in user-callback 2.34 sec
/projects/academic/josewalt/caigao/RRARP_BD/BendersDecomp/ret/model_outs/n_13_h_4_algo_4.out
 =====>>>>> Solution is written to file in <../ret/model_outs> !!!
===>> All Done!
