NPROCS=0
This instance is clustered!
Gurobi Optimizer version 9.0.0 build v9.0.0rc2 (linux64)
Optimize a model with 32 rows, 257 columns and 512 nonzeros
Model fingerprint: 0xc3207b8c
Variable types: 1 continuous, 256 integer (256 binary)
Coefficient statistics:
  Matrix range     [1e+00, 1e+00]
  Objective range  [1e+00, 2e+02]
  Bounds range     [1e+00, 1e+00]
  RHS range        [1e+00, 1e+00]
Presolve removed 2 rows and 45 columns
Presolve time: 0.00s
Presolved: 30 rows, 212 columns, 422 nonzeros
Variable types: 1 continuous, 211 integer (211 binary)

Root relaxation: objective 4.608687e+02, 25 iterations, 0.00 seconds

    Nodes    |    Current Node    |     Objective Bounds      |     Work
 Expl Unexpl |  Obj  Depth IntInf | Incumbent    BestBd   Gap | It/Node Time

     0     0  531.48464    0   14          -  531.48464      -     -    0s
 done with super cut 0
 done with super cut 1
H    0     0                    1173.3868073  531.48464  54.7%     -    1s
 done with super cut 2
 done with super cut 3
H    0     0                     732.7671138  531.48464  27.5%     -    2s
 done with super cut 4
     0     0  592.78298    0   30  732.76711  592.78298  19.1%     -    4s
 done with super cut 5
     0     0  592.84558    0   31  732.76711  592.84558  19.1%     -    4s
 done with super cut 6
H    0     0                     692.3152183  592.84558  14.4%     -    6s
     0     0  595.26456    0   31  692.31522  595.26456  14.0%     -    6s
     0     0  602.74425    0   36  692.31522  602.74425  12.9%     -    6s
 done with super cut 7
     0     0  602.78183    0   39  692.31522  602.78183  12.9%     -    9s
     0     0  606.48053    0   36  692.31522  606.48053  12.4%     -    9s
 done with super cut 8
     0     0  608.10295    0   39  692.31522  608.10295  12.2%     -   12s
 done with super cut 9
 done with super cut 10
     0     0  609.89953    0   39  692.31522  609.89953  11.9%     -   18s
     0     0  610.01598    0   40  692.31522  610.01598  11.9%     -   18s
     0     0  610.05908    0   40  692.31522  610.05908  11.9%     -   18s
     0     0  611.29496    0   42  692.31522  611.29496  11.7%     -   18s
     0     2  626.74139    0   42  692.31522  626.74139  9.47%     -   18s

Cutting planes:
  Gomory: 2
  MIR: 1
  Zero half: 4
  Lazy constraints: 64

Explored 568 nodes (3458 simplex iterations) in 18.26 seconds
Thread count was 12 (of 12 available processors)

Solution count 3: 692.315 732.767 1173.39 

Optimal solution found (tolerance 1.00e-04)
Best objective 6.923152183042e+02, best bound 6.923152183042e+02, gap 0.0000%

User-callback calls 1427, time in user-callback 18.11 sec
/projects/academic/josewalt/caigao/RRARP_BD/BendersDecomp/ret/model_outs/n_14_e_5_algo_4.out
 =====>>>>> Solution is written to file in <../ret/model_outs> !!!
===>> All Done!
