NPROCS=0
This instance is clustered!
Gurobi Optimizer version 9.0.0 build v9.0.0rc2 (linux64)
Optimize a model with 38 rows, 362 columns and 722 nonzeros
Model fingerprint: 0x3af0ea11
Variable types: 1 continuous, 361 integer (361 binary)
Coefficient statistics:
  Matrix range     [1e+00, 1e+00]
  Objective range  [1e+00, 3e+02]
  Bounds range     [1e+00, 1e+00]
  RHS range        [1e+00, 1e+00]
Presolve removed 2 rows and 54 columns
Presolve time: 0.00s
Presolved: 36 rows, 308 columns, 614 nonzeros
Variable types: 1 continuous, 307 integer (307 binary)

Root relaxation: objective 6.900167e+02, 39 iterations, 0.00 seconds

    Nodes    |    Current Node    |     Objective Bounds      |     Work
 Expl Unexpl |  Obj  Depth IntInf | Incumbent    BestBd   Gap | It/Node Time

     0     0  716.60639    0   10          -  716.60639      -     -    0s
     0     0  816.83760    0   24          -  816.83760      -     -    0s
 done with super cut 0
 done with super cut 1
H    0     0                    1009.9162917  816.83760  19.1%     -    0s
 done with super cut 2
 done with super cut 3
H    0     0                     969.7164425  816.83760  15.8%     -    1s
 done with super cut 4
 done with super cut 5
     0     0  844.78889    0   34  969.71644  844.78889  12.9%     -    3s
 done with super cut 6
 done with super cut 7
H    0     0                     928.4947034  844.78889  9.02%     -    6s
     0     0  849.74517    0   38  928.49470  849.74517  8.48%     -    6s
 done with super cut 8
 done with super cut 9
H    0     0                     928.1317445  849.74517  8.45%     -   12s
 done with super cut 10
     0     0  849.97764    0   43  928.13174  849.97764  8.42%     -   15s
     0     0  859.28466    0   28  928.13174  859.28466  7.42%     -   15s
     0     0  867.65786    0   40  928.13174  867.65786  6.52%     -   15s
     0     0  867.71701    0   35  928.13174  867.71701  6.51%     -   15s
     0     0  867.76892    0   14  928.13174  867.76892  6.50%     -   15s
     0     0  868.81902    0   41  928.13174  868.81902  6.39%     -   15s
     0     0  869.51164    0   42  928.13174  869.51164  6.32%     -   15s
     0     0  869.85575    0   42  928.13174  869.85575  6.28%     -   15s
     0     0  869.85575    0   42  928.13174  869.85575  6.28%     -   15s
     0     2  874.29402    0   42  928.13174  874.29402  5.80%     -   15s

Cutting planes:
  Gomory: 3
  MIR: 1
  Zero half: 2
  Lazy constraints: 25

Explored 448 nodes (4036 simplex iterations) in 15.53 seconds
Thread count was 12 (of 12 available processors)

Solution count 4: 928.132 928.495 969.716 1009.92 

Optimal solution found (tolerance 1.00e-04)
Best objective 9.281317444666e+02, best bound 9.281317444666e+02, gap 0.0000%

User-callback calls 1180, time in user-callback 15.33 sec
/projects/academic/josewalt/caigao/RRARP_BD/BendersDecomp/ret/model_outs/n_17_e_4_algo_4.out
 =====>>>>> Solution is written to file in <../ret/model_outs> !!!
===>> All Done!
