NPROCS=0
This instance is clustered!
Gurobi Optimizer version 9.0.0 build v9.0.0rc2 (linux64)
Optimize a model with 24 rows, 145 columns and 288 nonzeros
Model fingerprint: 0x5030581f
Variable types: 1 continuous, 144 integer (144 binary)
Coefficient statistics:
  Matrix range     [1e+00, 1e+00]
  Objective range  [8e-01, 9e+01]
  Bounds range     [1e+00, 1e+00]
  RHS range        [1e+00, 1e+00]
Presolve removed 2 rows and 33 columns
Presolve time: 0.00s
Presolved: 22 rows, 112 columns, 222 nonzeros
Variable types: 1 continuous, 111 integer (111 binary)

Root relaxation: objective 1.073026e+02, 18 iterations, 0.00 seconds

    Nodes    |    Current Node    |     Objective Bounds      |     Work
 Expl Unexpl |  Obj  Depth IntInf | Incumbent    BestBd   Gap | It/Node Time

     0     0  176.69639    0   20          -  176.69639      -     -    0s
H    0     0                     306.5306616  176.69639  42.4%     -    0s
     0     0  187.38609    0   24  306.53066  187.38609  38.9%     -    0s
     0     0  187.64461    0   22  306.53066  187.64461  38.8%     -    0s
     0     0  187.64461    0   22  306.53066  187.64461  38.8%     -    0s
H    0     0                     255.0446293  187.64461  26.4%     -    0s
     0     2  189.39518    0   22  255.04463  189.39518  25.7%     -    0s
*   91    70               7     235.4924453  196.38469  16.6%   6.0    0s
*  814   177              10     234.9101364  207.08447  11.8%   5.2    0s

Cutting planes:
  Gomory: 2
  Lazy constraints: 150

Explored 1355 nodes (7243 simplex iterations) in 0.20 seconds
Thread count was 12 (of 12 available processors)

Solution count 4: 234.91 235.492 255.045 306.531 

Optimal solution found (tolerance 1.00e-04)
Best objective 2.349101364457e+02, best bound 2.349101364457e+02, gap 0.0000%

User-callback calls 3056, time in user-callback 0.01 sec
/projects/academic/josewalt/caigao/RRARP_BD/BendersDecomp/ret/model_outs/n_10_h_2_algo_3.out
 =====>>>>> Solution is written to file in <../ret/model_outs> !!!
===>> All Done!
