NPROCS=0
This instance is clustered!
Gurobi Optimizer version 9.0.0 build v9.0.0rc2 (linux64)
Optimize a model with 18 rows, 82 columns and 162 nonzeros
Model fingerprint: 0xc05d3c5d
Variable types: 1 continuous, 81 integer (81 binary)
Coefficient statistics:
  Matrix range     [1e+00, 1e+00]
  Objective range  [1e+00, 5e+01]
  Bounds range     [1e+00, 1e+00]
  RHS range        [1e+00, 1e+00]
 done with super cut 0
Presolve removed 2 rows and 24 columns
Presolve time: 0.00s
Presolved: 16 rows, 58 columns, 114 nonzeros
Variable types: 1 continuous, 57 integer (57 binary)

Root relaxation: objective 8.005454e+01, 14 iterations, 0.00 seconds
 done with super cut 1

    Nodes    |    Current Node    |     Objective Bounds      |     Work
 Expl Unexpl |  Obj  Depth IntInf | Incumbent    BestBd   Gap | It/Node Time

     0     0  103.44574    0   13          -  103.44574      -     -    0s
 done with super cut 2
 done with super cut 3
H    0     0                     113.8956525  103.44574  9.17%     -    0s
     0     0  106.36672    0   16  113.89565  106.36672  6.61%     -    0s
     0     0  106.55123    0   15  113.89565  106.55123  6.45%     -    0s
     0     0  106.55123    0   15  113.89565  106.55123  6.45%     -    0s
     0     0  107.76728    0   12  113.89565  107.76728  5.38%     -    0s
     0     0  108.57756    0    8  113.89565  108.57756  4.67%     -    0s
 done with super cut 4
     0     0  110.44454    0   12  113.89565  110.44454  3.03%     -    0s
 done with super cut 5
H    0     0                     111.0497444  110.44454  0.54%     -    0s
     0     0  110.82035    0    8  111.04974  110.82035  0.21%     -    0s
     0     0     cutoff    0       111.04974  111.04974  0.00%     -    0s

Cutting planes:
  Gomory: 1
  Implied bound: 1
  Clique: 1
  RLT: 1
  Relax-and-lift: 1
  Lazy constraints: 4

Explored 1 nodes (68 simplex iterations) in 0.43 seconds
Thread count was 12 (of 12 available processors)

Solution count 2: 111.05 113.896 

Optimal solution found (tolerance 1.00e-04)
Best objective 1.110497443503e+02, best bound 1.110497443503e+02, gap 0.0000%

User-callback calls 102, time in user-callback 0.42 sec
/projects/academic/josewalt/caigao/RRARP_BD/BendersDecomp/ret/model_outs/n_7_e_9_algo_4.out
 =====>>>>> Solution is written to file in <../ret/model_outs> !!!
===>> All Done!
