NPROCS=0
This instance is clustered!
Gurobi Optimizer version 9.0.0 build v9.0.0rc2 (linux64)
Optimize a model with 46 rows, 530 columns and 1058 nonzeros
Model fingerprint: 0x56b952a0
Variable types: 1 continuous, 529 integer (529 binary)
Coefficient statistics:
  Matrix range     [1e+00, 1e+00]
  Objective range  [1e+00, 5e+02]
  Bounds range     [1e+00, 1e+00]
  RHS range        [1e+00, 1e+00]
Presolve removed 2 rows and 66 columns
Presolve time: 0.01s
Presolved: 44 rows, 464 columns, 926 nonzeros
Variable types: 1 continuous, 463 integer (463 binary)

Root relaxation: objective 1.282626e+03, 48 iterations, 0.00 seconds

    Nodes    |    Current Node    |     Objective Bounds      |     Work
 Expl Unexpl |  Obj  Depth IntInf | Incumbent    BestBd   Gap | It/Node Time

     0     0 1294.31520    0    8          - 1294.31520      -     -    0s
     0     0 1458.74613    0   14          - 1458.74613      -     -    0s
     0     2 1471.46966    0   14          - 1471.46966      -     -    0s
 done with super cut 0
 done with super cut 1
 done with super cut 2
 done with super cut 3
 done with super cut 4
 done with super cut 5
 done with super cut 6
 done with super cut 7
 done with super cut 8
 done with super cut 9
 done with super cut 10
   175   184 1593.28584   13   29          - 1530.41575      -   9.8   23s
*  905   772              60    1737.8046102 1555.89600  10.5%   7.6   23s
H 2006  1090                    1733.6382290 1589.04869  8.34%   7.4   23s
H 2007  1036                    1706.7263180 1589.04869  6.89%   7.4   23s
H 2015   989                    1683.3965100 1589.04869  5.60%   7.4   24s
  2027   998 1625.48454   28   52 1683.39651 1589.04869  5.60%   7.5   25s

Cutting planes:
  Gomory: 9
  MIR: 2
  Zero half: 5
  RLT: 1
  Lazy constraints: 7

Explored 4312 nodes (42129 simplex iterations) in 26.28 seconds
Thread count was 12 (of 12 available processors)

Solution count 4: 1683.4 1706.73 1733.64 1737.8 

Optimal solution found (tolerance 1.00e-04)
Best objective 1.683396510020e+03, best bound 1.683396510020e+03, gap 0.0000%

User-callback calls 10662, time in user-callback 23.43 sec
/projects/academic/josewalt/caigao/RRARP_BD/BendersDecomp/ret/model_outs/n_21_e_4_algo_4.out
 =====>>>>> Solution is written to file in <../ret/model_outs> !!!
===>> All Done!
