NPROCS=0
This instance is clustered!
Gurobi Optimizer version 9.0.0 build v9.0.0rc2 (linux64)
Optimize a model with 30 rows, 226 columns and 450 nonzeros
Model fingerprint: 0x8b445c27
Variable types: 1 continuous, 225 integer (225 binary)
Coefficient statistics:
  Matrix range     [1e+00, 1e+00]
  Objective range  [1e+00, 1e+02]
  Bounds range     [1e+00, 1e+00]
  RHS range        [1e+00, 1e+00]
Presolve removed 2 rows and 42 columns
Presolve time: 0.00s
Presolved: 28 rows, 184 columns, 366 nonzeros
Variable types: 1 continuous, 183 integer (183 binary)

Root relaxation: objective 2.723308e+02, 28 iterations, 0.00 seconds

    Nodes    |    Current Node    |     Objective Bounds      |     Work
 Expl Unexpl |  Obj  Depth IntInf | Incumbent    BestBd   Gap | It/Node Time

     0     0  328.59253    0   25          -  328.59253      -     -    0s
H    0     0                     478.5821637  328.59253  31.3%     -    0s
     0     0  328.59253    0   25  478.58216  328.59253  31.3%     -    0s
     0     2  331.42841    0   25  478.58216  331.42841  30.7%     -    0s
H   42    35                     430.0407730  337.58369  21.5%   7.0    0s
 24470  1836     cutoff   24       430.04077  415.88139  3.29%   6.8    5s

Cutting planes:
  Lazy constraints: 461

Explored 27697 nodes (192340 simplex iterations) in 5.47 seconds
Thread count was 12 (of 12 available processors)

Solution count 2: 430.041 478.582 

Optimal solution found (tolerance 1.00e-04)
Best objective 4.300407730408e+02, best bound 4.300407730408e+02, gap 0.0000%

User-callback calls 58091, time in user-callback 0.07 sec
/projects/academic/josewalt/caigao/RRARP_BD/BendersDecomp/ret/model_outs/n_13_h_9_algo_3.out
 =====>>>>> Solution is written to file in <../ret/model_outs> !!!
===>> All Done!
