NPROCS=0
This instance is clustered!
Gurobi Optimizer version 9.0.0 build v9.0.0rc2 (linux64)
Optimize a model with 34 rows, 290 columns and 578 nonzeros
Model fingerprint: 0x1523c019
Variable types: 1 continuous, 289 integer (289 binary)
Coefficient statistics:
  Matrix range     [1e+00, 1e+00]
  Objective range  [1e+00, 3e+02]
  Bounds range     [1e+00, 1e+00]
  RHS range        [1e+00, 1e+00]
Presolve removed 2 rows and 48 columns
Presolve time: 0.00s
Presolved: 32 rows, 242 columns, 482 nonzeros
Variable types: 1 continuous, 241 integer (241 binary)

Root relaxation: objective 5.689056e+02, 33 iterations, 0.00 seconds

    Nodes    |    Current Node    |     Objective Bounds      |     Work
 Expl Unexpl |  Obj  Depth IntInf | Incumbent    BestBd   Gap | It/Node Time

     0     0  580.14369    0    8          -  580.14369      -     -    0s
H    0     0                     828.4637303  580.14369  30.0%     -    0s
     0     0  647.61164    0   13  828.46373  647.61164  21.8%     -    0s
H    0     0                     745.9885074  647.61164  13.2%     -    0s
     0     0  652.56792    0   19  745.98851  652.56792  12.5%     -    0s
     0     0  652.56792    0   19  745.98851  652.56792  12.5%     -    0s
     0     0  652.56792    0   13  745.98851  652.56792  12.5%     -    0s
     0     0  652.85861    0    6  745.98851  652.85861  12.5%     -    0s
     0     0  653.33147    0   34  745.98851  653.33147  12.4%     -    0s
     0     0  654.22809    0   34  745.98851  654.22809  12.3%     -    0s
     0     0  654.50828    0   34  745.98851  654.50828  12.3%     -    0s
     0     0  655.28588    0   33  745.98851  655.28588  12.2%     -    0s
     0     0  655.58067    0   38  745.98851  655.58067  12.1%     -    0s
     0     0  655.58067    0   38  745.98851  655.58067  12.1%     -    0s
     0     2  656.17025    0   19  745.98851  656.17025  12.0%     -    0s

Cutting planes:
  Gomory: 3
  Zero half: 1
  Mod-K: 2
  Lazy constraints: 694

Explored 3165 nodes (12835 simplex iterations) in 0.61 seconds
Thread count was 12 (of 12 available processors)

Solution count 2: 745.989 828.464 

Optimal solution found (tolerance 1.00e-04)
Best objective 7.459885074231e+02, best bound 7.459885074231e+02, gap 0.0000%

User-callback calls 7390, time in user-callback 0.05 sec
/projects/academic/josewalt/caigao/RRARP_BD/BendersDecomp/ret/model_outs/n_15_e_2_algo_2.out
 =====>>>>> Solution is written to file in <../ret/model_outs> !!!
===>> All Done!
