NPROCS=0
This instance is clustered!
Gurobi Optimizer version 9.0.0 build v9.0.0rc2 (linux64)
Optimize a model with 20 rows, 101 columns and 200 nonzeros
Model fingerprint: 0x72ed9b69
Variable types: 1 continuous, 100 integer (100 binary)
Coefficient statistics:
  Matrix range     [1e+00, 1e+00]
  Objective range  [1e+00, 6e+01]
  Bounds range     [1e+00, 1e+00]
  RHS range        [1e+00, 1e+00]
Presolve removed 2 rows and 27 columns
Presolve time: 0.00s
Presolved: 18 rows, 74 columns, 146 nonzeros
Variable types: 1 continuous, 73 integer (73 binary)

Root relaxation: objective 1.193258e+02, 13 iterations, 0.00 seconds

    Nodes    |    Current Node    |     Objective Bounds      |     Work
 Expl Unexpl |  Obj  Depth IntInf | Incumbent    BestBd   Gap | It/Node Time

     0     0  153.77128    0   15          -  153.77128      -     -    0s
H    0     0                     174.4494768  153.77128  11.9%     -    0s
     0     0  155.64226    0   23  174.44948  155.64226  10.8%     -    0s
     0     0  155.80928    0   23  174.44948  155.80928  10.7%     -    0s
     0     0  155.80928    0   21  174.44948  155.80928  10.7%     -    0s
     0     0  158.56131    0   16  174.44948  158.56131  9.11%     -    0s
     0     0  159.50293    0   18  174.44948  159.50293  8.57%     -    0s
     0     0  159.51923    0   21  174.44948  159.51923  8.56%     -    0s
     0     0  159.53066    0   22  174.44948  159.53066  8.55%     -    0s
     0     0  159.65212    0   20  174.44948  159.65212  8.48%     -    0s
     0     0  159.96538    0   24  174.44948  159.96538  8.30%     -    0s
     0     0  159.97254    0   25  174.44948  159.97254  8.30%     -    0s
     0     0  160.10243    0   26  174.44948  160.10243  8.22%     -    0s
     0     0  160.30844    0   25  174.44948  160.30844  8.11%     -    0s
     0     0  160.30844    0   25  174.44948  160.30844  8.11%     -    0s
     0     2  160.30844    0   25  174.44948  160.30844  8.11%     -    0s
*   24     9               5     172.5594139  167.15705  3.13%   5.0    0s

Cutting planes:
  Gomory: 2
  Zero half: 7
  RLT: 1
  Lazy constraints: 21

Explored 56 nodes (312 simplex iterations) in 0.05 seconds
Thread count was 12 (of 12 available processors)

Solution count 2: 172.559 174.449 

Optimal solution found (tolerance 1.00e-04)
Best objective 1.725594139171e+02, best bound 1.725594139171e+02, gap 0.0000%

User-callback calls 277, time in user-callback 0.00 sec
/projects/academic/josewalt/caigao/RRARP_BD/BendersDecomp/ret/model_outs/n_8_e_5_algo_3.out
 =====>>>>> Solution is written to file in <../ret/model_outs> !!!
===>> All Done!
