NPROCS=0
This instance is clustered!
Gurobi Optimizer version 9.0.0 build v9.0.0rc2 (linux64)
Optimize a model with 48 rows, 577 columns and 1152 nonzeros
Model fingerprint: 0x799c7980
Variable types: 1 continuous, 576 integer (576 binary)
Coefficient statistics:
  Matrix range     [1e+00, 1e+00]
  Objective range  [1e+00, 5e+02]
  Bounds range     [1e+00, 1e+00]
  RHS range        [1e+00, 1e+00]
Presolve removed 2 rows and 69 columns
Presolve time: 0.00s
Presolved: 46 rows, 508 columns, 1014 nonzeros
Variable types: 1 continuous, 507 integer (507 binary)

Root relaxation: objective 1.090391e+03, 45 iterations, 0.00 seconds
 done with super cut 0

    Nodes    |    Current Node    |     Objective Bounds      |     Work
 Expl Unexpl |  Obj  Depth IntInf | Incumbent    BestBd   Gap | It/Node Time

     0     0 1184.82414    0   35          - 1184.82414      -     -    0s
 done with super cut 1
 done with super cut 2
H    0     0                    4735.2217437 1184.82414  75.0%     -    0s
 done with super cut 3
 done with super cut 4
 done with super cut 5
     0     0 1192.15563    0   26 4735.22174 1192.15563  74.8%     -    6s
     0     2 1192.15563    0   26 4735.22174 1192.15563  74.8%     -    6s
 done with super cut 6
 done with super cut 7
 done with super cut 8
 done with super cut 9
   146   129 1338.50635   12   35 4735.22174 1238.35220  73.8%   7.0   16s
 done with super cut 10
*  568   455              32    1854.8944880 1238.35220  33.2%   5.8   17s
* 1726   874              21    1586.2270101 1294.70340  18.4%   5.9   17s
H 3085  1375                    1510.1418005 1333.83864  11.7%   6.3   18s
  8727  2768 1420.94672   50   43 1510.14180 1367.04523  9.48%   7.1   20s
 33880  6028     cutoff   34      1510.14180 1448.79432  4.06%   9.4   25s

Cutting planes:
  Gomory: 2
  Zero half: 2
  Lazy constraints: 303

Explored 46669 nodes (496975 simplex iterations) in 28.67 seconds
Thread count was 12 (of 12 available processors)

Solution count 4: 1510.14 1586.23 1854.89 4735.22 

Optimal solution found (tolerance 1.00e-04)
Best objective 1.510141800524e+03, best bound 1.510141800524e+03, gap 0.0000%

User-callback calls 97483, time in user-callback 17.10 sec
/projects/academic/josewalt/caigao/RRARP_BD/BendersDecomp/ret/model_outs/n_22_m_1_algo_4.out
 =====>>>>> Solution is written to file in <../ret/model_outs> !!!
===>> All Done!
