NPROCS=0
This instance is clustered!
Gurobi Optimizer version 9.0.0 build v9.0.0rc2 (linux64)
Optimize a model with 42 rows, 442 columns and 882 nonzeros
Model fingerprint: 0x08382ce0
Variable types: 1 continuous, 441 integer (441 binary)
Coefficient statistics:
  Matrix range     [1e+00, 1e+00]
  Objective range  [1e+00, 4e+02]
  Bounds range     [1e+00, 1e+00]
  RHS range        [1e+00, 1e+00]
Presolve removed 2 rows and 60 columns
Presolve time: 0.01s
Presolved: 40 rows, 382 columns, 762 nonzeros
Variable types: 1 continuous, 381 integer (381 binary)

Root relaxation: objective 6.958118e+02, 31 iterations, 0.00 seconds

    Nodes    |    Current Node    |     Objective Bounds      |     Work
 Expl Unexpl |  Obj  Depth IntInf | Incumbent    BestBd   Gap | It/Node Time

     0     0  981.29729    0   18          -  981.29729      -     -    0s
 done with super cut 0
     0     0  985.34520    0   43          -  985.34520      -     -    0s
 done with super cut 1
 done with super cut 2
H    0     0                    1403.2549862  985.34520  29.8%     -    0s
 done with super cut 3
 done with super cut 4
 done with super cut 5
H    0     0                    1264.5985251  985.34520  22.1%     -    0s
     0     0 1009.45265    0   40 1264.59853 1009.45265  20.2%     -    0s
     0     0 1009.45265    0   34 1264.59853 1009.45265  20.2%     -    0s
     0     2 1019.57119    0   34 1264.59853 1019.57119  19.4%     -    0s
 done with super cut 6
 done with super cut 7
 done with super cut 8
 done with super cut 9
    27    35 1082.36395    5   36 1264.59853 1060.27993  16.2%  10.0    8s
 done with super cut 10
    87    87 1126.75506    7   38 1264.59853 1080.76762  14.5%   8.5   10s
* 1487   808              14    1260.2991118 1139.03241  9.62%   6.8   10s
* 4499  1631              19    1252.4720960 1170.48502  6.55%   7.8   10s
* 6352  1553              15    1240.8038023 1189.53834  4.13%   8.5   10s
* 6637  1374              11    1238.6024311 1192.38756  3.73%   8.7   10s
* 6763  1004              12    1229.5250088 1194.63444  2.84%   8.7   10s
H 7481   558                    1227.4141415 1207.79908  1.60%   9.4   11s
* 7818   242               9    1226.9341374 1214.47374  1.02%   9.7   11s

Cutting planes:
  Gomory: 3
  Lazy constraints: 300

Explored 8216 nodes (82487 simplex iterations) in 11.28 seconds
Thread count was 12 (of 12 available processors)

Solution count 9: 1226.93 1227.41 1229.53 ... 1403.25

Optimal solution found (tolerance 1.00e-04)
Best objective 1.226934137409e+03, best bound 1.226934137409e+03, gap 0.0000%

User-callback calls 17265, time in user-callback 10.14 sec
/projects/academic/josewalt/caigao/RRARP_BD/BendersDecomp/ret/model_outs/n_19_m_7_algo_4.out
 =====>>>>> Solution is written to file in <../ret/model_outs> !!!
===>> All Done!
