NPROCS=0
This instance is clustered!
Gurobi Optimizer version 9.0.0 build v9.0.0rc2 (linux64)
Optimize a model with 42 rows, 442 columns and 882 nonzeros
Model fingerprint: 0xe2897048
Variable types: 1 continuous, 441 integer (441 binary)
Coefficient statistics:
  Matrix range     [1e+00, 1e+00]
  Objective range  [1e+00, 4e+02]
  Bounds range     [1e+00, 1e+00]
  RHS range        [1e+00, 1e+00]
Presolve removed 2 rows and 60 columns
Presolve time: 0.01s
Presolved: 40 rows, 382 columns, 762 nonzeros
Variable types: 1 continuous, 381 integer (381 binary)

Root relaxation: objective 7.601043e+02, 35 iterations, 0.00 seconds

    Nodes    |    Current Node    |     Objective Bounds      |     Work
 Expl Unexpl |  Obj  Depth IntInf | Incumbent    BestBd   Gap | It/Node Time

     0     0 1205.87640    0   22          - 1205.87640      -     -    0s
     0     0 1208.33697    0   23          - 1208.33697      -     -    0s
     0     0 1208.33697    0   23          - 1208.33697      -     -    0s
     0     2 1208.33697    0   23          - 1208.33697      -     -    0s
*  223   219              13    1417.7393198 1243.10507  12.3%   7.8    0s
*  235   220              13    1380.1563805 1243.10507  9.93%   7.8    0s
*  349   231              10    1377.1188783 1256.62564  8.75%   8.0    0s
*  352   231               8    1365.5149118 1256.62564  7.97%   8.0    0s

Cutting planes:
  Gomory: 1
  Lazy constraints: 111

Explored 1776 nodes (15642 simplex iterations) in 0.31 seconds
Thread count was 12 (of 12 available processors)

Solution count 4: 1365.51 1377.12 1380.16 1417.74 

Optimal solution found (tolerance 1.00e-04)
Best objective 1.365514911848e+03, best bound 1.365514911848e+03, gap 0.0000%

User-callback calls 3914, time in user-callback 0.01 sec
/projects/academic/josewalt/caigao/RRARP_BD/BendersDecomp/ret/model_outs/n_19_e_10_algo_3.out
 =====>>>>> Solution is written to file in <../ret/model_outs> !!!
===>> All Done!
