NPROCS=0
This instance is clustered!
Gurobi Optimizer version 9.0.0 build v9.0.0rc2 (linux64)
Optimize a model with 18 rows, 82 columns and 162 nonzeros
Model fingerprint: 0xc5947e19
Variable types: 1 continuous, 81 integer (81 binary)
Coefficient statistics:
  Matrix range     [1e+00, 1e+00]
  Objective range  [1e+00, 2e+01]
  Bounds range     [1e+00, 1e+00]
  RHS range        [1e+00, 1e+00]
Presolve removed 2 rows and 24 columns
Presolve time: 0.00s
Presolved: 16 rows, 58 columns, 114 nonzeros
Variable types: 1 continuous, 57 integer (57 binary)

Root relaxation: objective 3.477839e+01, 14 iterations, 0.00 seconds

    Nodes    |    Current Node    |     Objective Bounds      |     Work
 Expl Unexpl |  Obj  Depth IntInf | Incumbent    BestBd   Gap | It/Node Time

     0     0   45.55672    0   10          -   45.55672      -     -    0s
H    0     0                      63.1801100   45.55672  27.9%     -    0s
     0     0   46.50994    0   13   63.18011   46.50994  26.4%     -    0s
H    0     0                      59.9871900   46.50994  22.5%     -    0s
     0     0   46.50994    0   13   59.98719   46.50994  22.5%     -    0s
     0     2   47.81228    0   13   59.98719   47.81228  20.3%     -    1s
   319     6   53.67237    8    6   59.98719   53.11452  11.5%   2.8   12s

Cutting planes:
  Gomory: 1
  Lazy constraints: 114

Explored 382 nodes (1088 simplex iterations) in 13.80 seconds
Thread count was 12 (of 12 available processors)

Solution count 2: 59.9872 63.1801 

Optimal solution found (tolerance 1.00e-04)
Best objective 5.998719001843e+01, best bound 5.998719001843e+01, gap 0.0000%

User-callback calls 980, time in user-callback 13.73 sec
---> instance_name: n_7_e_5.dat
---> algo_index: 1
---> obj_value: 59.9872
---> total_time: 13.8733
---> total_time_gurobi: 13.7967
---> total_nb_benders_cuts: 99
---> total_nb_subtour_cuts: 18
---> total_nb_user_cuts: 0
---> GRB_IntAttr_Status: 2
---> optimality_gap: 0
---> node_count: 382
 =====>>>>> Solution is written to file in <../ret/model_outs> !!!
===>> All Done!
