NPROCS=0
This instance is clustered!
Gurobi Optimizer version 9.0.0 build v9.0.0rc2 (linux64)
Optimize a model with 50 rows, 626 columns and 1250 nonzeros
Model fingerprint: 0xdd45a989
Variable types: 1 continuous, 625 integer (625 binary)
Coefficient statistics:
  Matrix range     [1e+00, 1e+00]
  Objective range  [1e+00, 6e+02]
  Bounds range     [1e+00, 1e+00]
  RHS range        [1e+00, 1e+00]
Presolve removed 2 rows and 72 columns
Presolve time: 0.01s
Presolved: 48 rows, 554 columns, 1106 nonzeros
Variable types: 1 continuous, 553 integer (553 binary)

Root relaxation: objective 1.348752e+03, 50 iterations, 0.00 seconds

    Nodes    |    Current Node    |     Objective Bounds      |     Work
 Expl Unexpl |  Obj  Depth IntInf | Incumbent    BestBd   Gap | It/Node Time

     0     0 1466.90269    0   16          - 1466.90269      -     -    0s
     0     0 1625.44258    0   12          - 1625.44258      -     -    0s
     0     2 1718.66706    0   14          - 1718.66706      -     -    0s
H 2061  1719                    5565.8329755 1739.58221  68.7%   3.6    0s
H 2061  1633                    2075.4527562 1739.58221  16.2%   3.6    0s
  8213  4323 2034.23947   55    6 2075.45276 1785.43058  14.0%   4.4    5s
 16329 10094 infeasible   75      2075.45276 1801.98792  13.2%   4.2   10s
 21616 13832 1876.71362   29   13 2075.45276 1809.19579  12.8%   4.2   16s
 23862 15744     cutoff   80      2075.45276 1811.43896  12.7%   4.1   20s
 29024 19494 infeasible   74      2075.45276 1816.15341  12.5%   4.1   25s
 33042 21801 2072.19193   36   10 2075.45276 1819.42558  12.3%   4.2   30s
 36400 24123 2016.57279   33    6 2075.45276 1822.46070  12.2%   4.2   35s
 37200 24197 1965.18980   56   12 2075.45276 1822.69857  12.2%   4.2  226s
 37203 24199 1886.77922   23   17 2075.45276 1822.69857  12.2%   4.2  230s
 37207 24202 1927.07872   65   24 2075.45276 1822.69857  12.2%   4.2  235s
H37208 22991                    2075.4527440 1822.69857  12.2%   4.2  236s
 37224 23012 1822.69857   25   74 2075.45274 1822.69857  12.2%   4.2  240s
 38013 23284 2048.37320   53    - 2075.45274 1822.69857  12.2%   4.3  245s
 39995 23946 1851.23520   63   35 2075.45274 1822.69857  12.2%   4.3  250s
 42558 24917 2073.79689   67   10 2075.45274 1822.69857  12.2%   4.3  255s
 45081 25894     cutoff   61      2075.45274 1822.69857  12.2%   4.4  260s
 47301 26658 1846.44122   33   22 2075.45274 1822.69857  12.2%   4.4  265s
 49680 27543 1867.74093   45   23 2075.45274 1822.69857  12.2%   4.4  270s
 51681 28091 infeasible   74      2075.45274 1822.69857  12.2%   4.4  275s
 53991 29177 2039.04817   58    7 2075.45274 1822.69857  12.2%   4.4  280s
 55950 29513     cutoff   51      2075.45274 1822.69857  12.2%   4.4  285s
 57339 30048 infeasible   75      2075.45274 1822.69857  12.2%   4.4  290s
 59542 30409 infeasible   69      2075.45274 1822.69857  12.2%   4.5  295s
 61154 31113 infeasible   68      2075.45274 1822.85515  12.2%   4.5  300s
 63854 31676     cutoff   71      2075.45274 1825.31900  12.1%   4.5  307s
 65433 32224 2045.85233   62    8 2075.45274 1826.97283  12.0%   4.5  311s
 67428 33143     cutoff   89      2075.45274 1829.51764  11.8%   4.5  317s
 69729 33948 1992.41832   86    7 2075.45274 1830.80556  11.8%   4.5  322s
 70657 34385     cutoff   87      2075.45274 1831.00968  11.8%   4.5  325s
 72657 34549 infeasible   78      2075.45274 1833.15546  11.7%   4.5  330s
 74390 35259     cutoff   81      2075.45274 1834.16413  11.6%   4.5  336s
 75203 35581 1845.16511   38   71 2075.45274 1835.13262  11.6%   4.5  340s
 77170 36268 2005.71107   81   16 2075.45274 1836.20473  11.5%   4.5  346s
 79190 36575 1928.08761   61   36 2075.45274 1837.43036  11.5%   4.6  353s
 79977 36878     cutoff   63      2075.45274 1837.90486  11.4%   4.6  357s
 80909 37078     cutoff   68      2075.45274 1838.41265  11.4%   4.6  361s
 81815 37318 2043.79182   43   26 2075.45274 1838.76638  11.4%   4.6  365s
 83801 37523     cutoff   70      2075.45274 1840.35206  11.3%   4.6  374s
 83910 38076 1849.96386   34    - 2075.45274 1840.35371  11.3%   4.6  379s
 84841 38446 infeasible   73      2075.45274 1840.83748  11.3%   4.6  383s
 85910 38672     cutoff   71      2075.45274 1841.29156  11.3%   4.6  386s
 86981 39011     cutoff   67      2075.45274 1841.90489  11.3%   4.6  390s
 88019 39017     cutoff   81      2075.45274 1842.81143  11.2%   4.6  395s
 89924 39606     cutoff   70      2075.45274 1843.67594  11.2%   4.6  403s
 90837 39997 1916.62752   46   47 2075.45274 1844.21089  11.1%   4.6  407s
 91799 40361 2072.96872   55   14 2075.45274 1844.77267  11.1%   4.6  412s
 92883 40549 1886.17597   48   23 2075.45274 1845.23886  11.1%   4.6  417s
 93824 40884     cutoff   64      2075.45274 1845.59449  11.1%   4.6  421s
 94898 41247 1885.15125   81   58 2075.45274 1845.80270  11.1%   4.6  426s
 95924 41499     cutoff  104      2075.45274 1846.53952  11.0%   4.6  431s
 96905 41808     cutoff   62      2075.45274 1846.91312  11.0%   4.6  435s
 97883 42117 1911.06346   64   41 2075.45274 1847.47263  11.0%   4.6  440s
 98994 42344 2008.66011   78   32 2075.45274 1847.87339  11.0%   4.6  446s
 99944 42496     cutoff   68      2075.45274 1848.06356  11.0%   4.6  451s
 100934 42553 infeasible   71      2075.45274 1848.34086  10.9%   4.6  457s
 101804 42895 1940.91569   37   19 2075.45274 1848.61470  10.9%   4.6  462s
 102687 43079 2004.63442   76    - 2075.45274 1849.11850  10.9%   4.6  468s
 103711 43520     cutoff   41      2075.45274 1849.62368  10.9%   4.7  473s
 104839 43919     cutoff   77      2075.45274 1850.10746  10.9%   4.6  478s
 105979 44005     cutoff   86      2075.45274 1850.70220  10.8%   4.6  484s
 106833 44260 1892.43128   45   62 2075.45274 1850.87446  10.8%   4.6  490s
 107642 44525 2022.76886   37   25 2075.45274 1851.16446  10.8%   4.7  497s
 108067 44983 1882.86442   36    7 2075.45274 1851.16999  10.8%   4.7  503s
 109034 45779     cutoff   75      2075.45274 1851.25906  10.8%   4.7  509s
 110258 46521 1899.31746   77   32 2075.45274 1851.85157  10.8%   4.7  516s
 111364 47342     cutoff   80      2075.45274 1852.30762  10.8%   4.7  522s
 112630 47790 infeasible   68      2075.45274 1852.74948  10.7%   4.7  529s
 113501 48342     cutoff   60      2075.45274 1853.08450  10.7%   4.7  535s
 114379 49042 1928.67831   59   35 2075.45274 1853.49057  10.7%   4.7  541s
 115494 49763 1930.49175   62   21 2075.45274 1854.15273  10.7%   4.7  547s
 116727 50525     cutoff   86      2075.45274 1854.47444  10.6%   4.7  554s
 117892 50849     cutoff   73      2075.45274 1854.89964  10.6%   4.7  564s
 118272 51349 1873.67663   35   40 2075.45274 1855.01984  10.6%   4.7  571s
 119342 51982 1913.92687   44   23 2075.45274 1855.36643  10.6%   4.7  579s
 120460 52604     cutoff   79      2075.45274 1855.83372  10.6%   4.7  586s
 121592 53148 1891.63280   52   22 2075.45274 1856.12341  10.6%   4.7  594s
 122641 53932 infeasible   64      2075.45274 1856.49529  10.5%   4.7  601s
 123792 54625     cutoff   71      2075.45274 1856.89557  10.5%   4.7  609s
 124933 55216     cutoff   92      2075.45274 1857.37126  10.5%   4.7  617s
 125933 55901 infeasible   64      2075.45274 1857.63441  10.5%   4.7  625s
 127001 56458 1961.97677   67   65 2075.45274 1858.07847  10.5%   4.7  632s
 127890 56993     cutoff   74      2075.45274 1858.27526  10.5%   4.7  640s
 128959 57624 infeasible   58      2075.45274 1858.70703  10.4%   4.7  648s
 130118 58205     cutoff   72      2075.45274 1859.05082  10.4%   4.7  656s
 131153 58678 1918.61158   41   48 2075.45274 1859.42480  10.4%   4.7  667s
 132226 59072     cutoff   63      2075.45274 1859.57961  10.4%   4.7  677s
 133123 59982 infeasible   60      2075.45274 1859.85710  10.4%   4.7  690s
 134373 60449 2055.99161   73   15 2075.45274 1860.17434  10.4%   4.7  702s
 135227 61264 1888.53180   55   20 2075.45274 1860.45111  10.4%   4.7  713s
 136501 61693     cutoff   86      2075.45274 1860.84259  10.3%   4.7  724s
 137479 62292     cutoff   64      2075.45274 1861.10488  10.3%   4.7  733s
 138645 63038 infeasible   57      2075.45274 1861.39137  10.3%   4.7  744s
 139786 63802 1892.89392   35    7 2075.45274 1861.74647  10.3%   4.7  753s
 140926 64480 1929.92489   90   63 2075.45274 1862.02171  10.3%   4.7  762s
 141938 65075 infeasible   66      2075.45274 1862.43735  10.3%   4.7  771s
 143102 65642 2063.45160   54   17 2075.45274 1862.71931  10.2%   4.7  782s
 144105 66345     cutoff   77      2075.45274 1863.07571  10.2%   4.7  793s
 145272 67081     cutoff   56      2075.45274 1863.36969  10.2%   4.7  802s
 146378 67341     cutoff   65      2075.45274 1863.72989  10.2%   4.7  813s
 146813 67911 infeasible   55      2075.45274 1863.91889  10.2%   4.7  825s
 147931 68528     cutoff   64      2075.45274 1864.03339  10.2%   4.7  837s
 148953 69168 infeasible   78      2075.45274 1864.37923  10.2%   4.7  849s
 150050 69658 2053.93455   65   15 2075.45274 1864.73694  10.2%   4.7  863s
 151051 70269 1977.89383   81   19 2075.45274 1865.03263  10.1%   4.8  874s
 152187 70934 1938.60264   39    6 2075.45274 1865.13127  10.1%   4.8  886s
 153342 71504 1902.72714   61   28 2075.45274 1865.67898  10.1%   4.8  899s
 154247 72088 1969.14171   44    6 2075.45274 1866.04089  10.1%   4.8  910s
 155414 72548     cutoff   75      2075.45274 1866.41901  10.1%   4.8  921s
 156426 73168     cutoff   64      2075.45274 1866.75354  10.1%   4.8  934s
 157603 73922 1997.59282   47   13 2075.45274 1867.27548  10.0%   4.8  944s
 158715 74426 2061.88198   45   14 2075.45274 1867.57263  10.0%   4.8  955s
 159793 75181     cutoff   79      2075.45274 1867.73928  10.0%   4.8  967s
 161011 75655 infeasible   75      2075.45274 1868.05012  10.0%   4.8  980s
 161985 76141 1976.37314   57    - 2075.45274 1868.30905  10.0%   4.8  995s
 162950 76570 1996.24630   57   23 2075.45274 1868.48620  10.0%   4.8 1007s
 164034 77220 1871.86124   44   15 2075.45274 1868.81737  10.0%   4.8 1020s
 165155 77833 2018.71977   74   11 2075.45274 1869.05724  9.94%   4.8 1034s
 166253 78359 infeasible   75      2075.45274 1869.30877  9.93%   4.8 1048s
 167414 78835     cutoff   73      2075.45274 1869.43907  9.93%   4.8 1061s
 168350 79573     cutoff   67      2075.45274 1869.67468  9.91%   4.8 1074s
 169533 79705     cutoff   81      2075.45274 1870.03689  9.90%   4.8 1075s
 169639 80168 infeasible   57      2075.45274 1870.17520  9.89%   4.8 1088s
 170647 80911 2074.73730   56    7 2075.45274 1870.42349  9.88%   4.8 1101s
 171913 81446 infeasible   68      2075.45274 1870.58066  9.87%   4.8 1114s
 173036 81981 1970.63782   41    8 2075.45274 1871.03029  9.85%   4.8 1128s
 173970 82387 infeasible   59      2075.45274 1871.28236  9.84%   4.8 1142s
 174578 82885     cutoff   59      2075.45274 1871.37396  9.83%   4.8 1156s
 175756 83288     cutoff   69      2075.45274 1871.60012  9.82%   4.8 1168s
 176422 83866     cutoff   60      2075.45274 1871.94928  9.81%   4.8 1186s
 177606 84725     cutoff   69      2075.45274 1872.10282  9.80%   4.8 1200s
 178995 85286 infeasible   71      2075.45274 1872.36434  9.79%   4.8 1213s
 180081 86020 1968.51750   36    7 2075.45274 1872.69690  9.77%   4.8 1227s
 181295 86702 1992.24997   76   19 2075.45274 1872.96711  9.76%   4.8 1242s
 182595 87383     cutoff   57      2075.45274 1873.24051  9.74%   4.8 1256s
 183878 87915     cutoff   70      2075.45274 1873.43241  9.73%   4.8 1270s
 185005 88690 1917.52798   35   35 2075.45274 1873.74494  9.72%   4.8 1283s
 186276 89327 1922.10702   40   67 2075.45274 1873.90135  9.71%   4.8 1296s
 187404 89917 2010.34382   71   10 2075.45274 1874.17266  9.70%   4.8 1309s
 188483 90728     cutoff   73      2075.45274 1874.44563  9.68%   4.8 1323s
 189770 91219 1957.34140   34   15 2075.45274 1874.75006  9.67%   4.8 1335s
 190806 91650     cutoff   50      2075.45274 1875.04843  9.66%   4.8 1349s
 191922 92060     cutoff   62      2075.45274 1875.23820  9.65%   4.8 1366s
 192916 92720 infeasible   72      2075.45274 1875.47193  9.64%   4.8 1381s
 193950 93396 2035.50773   67   39 2075.45274 1875.78700  9.62%   4.8 1396s
 195249 93800     cutoff   71      2075.45274 1875.97375  9.61%   4.8 1409s
 195861 94330 2072.92496   65   10 2075.45274 1876.13775  9.60%   4.8 1424s
 196912 94821 1906.59533   67   57 2075.45274 1876.30558  9.60%   4.8 1439s
 198041 95428 1993.59943   45   14 2075.45274 1876.48318  9.59%   4.8 1457s
 199204 96021     cutoff   64      2075.45274 1876.85495  9.57%   4.8 1473s
 200422 96596 1972.19404   56    - 2075.45274 1877.10409  9.56%   4.9 1489s
 201572 97206     cutoff   63      2075.45274 1877.33083  9.55%   4.9 1507s
 202637 97937 infeasible   84      2075.45274 1877.59057  9.53%   4.9 1530s
 203881 98405 2004.04154   49    - 2075.45274 1877.68641  9.53%   4.9 1550s
 204927 99080 1978.94912   71   16 2075.45274 1877.99626  9.51%   4.9 1569s
 206181 99656 infeasible   84      2075.45274 1878.28308  9.50%   4.9 1587s
 207311 100381     cutoff   59      2075.45274 1878.54260  9.49%   4.9 1604s
 208366 100919 1890.08835   76   14 2075.45274 1878.75458  9.48%   4.9 1623s
 209606 101504 infeasible   77      2075.45274 1878.94049  9.47%   4.9 1642s
 210723 102231     cutoff   58      2075.45274 1879.12078  9.46%   4.9 1658s
 211973 102860 infeasible   61      2075.45274 1879.44944  9.44%   4.9 1677s
 213108 103412 1928.50067   38   19 2075.45274 1879.52739  9.44%   4.9 1693s
 214214 103923 1936.90167   43   43 2075.45274 1879.90765  9.42%   4.9 1712s
 215392 104614 infeasible   57      2075.45274 1880.08892  9.41%   4.9 1729s
 216653 105192 1960.95784   39   16 2075.45274 1880.34907  9.40%   4.9 1746s
 217373 105589 1962.35358   63   65 2075.45274 1880.45057  9.40%   4.9 1766s
 218463 106267 infeasible   67      2075.45274 1880.65273  9.39%   4.9 1786s
 219753 107019 1911.20616   42    7 2075.45274 1880.87358  9.38%   4.9 1804s
 221033 107597 infeasible   68      2075.45274 1881.12928  9.36%   4.9 1821s
 222039 108355 infeasible   70      2075.45274 1881.39121  9.35%   4.9 1839s
 223427 108718 2026.77623   74    6 2075.45274 1881.42205  9.35%   4.9 1859s
 224451 109363 infeasible   50      2075.45274 1881.80783  9.33%   4.9 1878s
 225636 110107 2009.88423   63   14 2075.45274 1881.96465  9.32%   4.9 1898s
 226961 110522 infeasible   64      2075.45274 1882.22765  9.31%   4.9 1919s
 227677 110618     cutoff   63      2075.45274 1882.33395  9.30%   4.9 1920s
 227943 111023     cutoff   64      2075.45274 1882.36824  9.30%   4.9 1940s
 229004 111348 infeasible   64      2075.45274 1882.65062  9.29%   4.9 1960s
 229957 112064     cutoff   86      2075.45274 1882.76756  9.28%   4.9 1981s
 231100 112634     cutoff   61      2075.45274 1882.89998  9.28%   4.9 2006s
 232241 113186     cutoff   73      2075.45274 1883.25547  9.26%   4.9 2029s
 233513 113859 infeasible   71      2075.45274 1883.47835  9.25%   4.9 2053s
 234768 114249 1996.91611   61    6 2075.45274 1883.69283  9.24%   4.9 2074s
 235395 114756 2018.40944   76   10 2075.45274 1883.77288  9.24%   4.9 2096s
 236499 115319     cutoff   78      2075.45274 1884.03121  9.22%   4.9 2120s
 237840 116030 infeasible   79      2075.45274 1884.25212  9.21%   4.9 2143s
 239020 116632     cutoff   76      2075.45274 1884.46590  9.20%   4.9 2168s
 240210 117228 infeasible   71      2075.45274 1884.61137  9.20%   4.9 2191s
 241488 117739 infeasible   55      2075.45274 1884.78215  9.19%   4.9 2212s
 242515 118265 2070.72482   59    6 2075.45274 1884.99617  9.18%   4.9 2236s
 243768 118884 2071.81116   60   11 2075.45274 1885.19061  9.17%   4.9 2259s
 244992 119377 2073.61482   70   31 2075.45274 1885.44183  9.16%   4.9 2284s
 246013 119776 2054.36285   66    - 2075.45274 1885.59698  9.15%   4.9 2307s
 246698 120227 infeasible   82      2075.45274 1885.66780  9.14%   4.9 2331s
 247857 120806 1924.85606   38    7 2075.45274 1885.82002  9.14%   4.9 2351s
 248992 121512     cutoff   56      2075.45274 1886.07211  9.12%   4.9 2374s
 250301 122406 infeasible   52      2075.45274 1886.28034  9.11%   4.9 2396s
 251782 123093 infeasible   68      2075.45274 1886.52548  9.10%   4.9 2419s
 253101 123615     cutoff   46      2075.45274 1886.83085  9.09%   4.9 2445s
 254243 124115     cutoff   76      2075.45274 1887.03100  9.08%   4.9 2473s
 255279 124789     cutoff   57      2075.45274 1887.11507  9.07%   4.9 2499s
 256409 125215     cutoff   60      2075.45274 1887.37775  9.06%   4.9 2522s
 257008 125851     cutoff   71      2075.45274 1887.44493  9.06%   4.9 2545s
 258312 126464     cutoff   47      2075.45274 1887.68020  9.05%   4.9 2569s
 259504 127190     cutoff   78      2075.45274 1887.85341  9.04%   4.9 2599s
 260854 127770 infeasible   64      2075.45274 1888.08209  9.03%   4.9 2626s
 262071 128276 2072.97110   57   11 2075.45274 1888.24633  9.02%   4.9 2648s
 263135 128790 2067.87507   65   10 2075.45274 1888.46445  9.01%   4.9 2673s
 264412 129249     cutoff   54      2075.45274 1888.67519  9.00%   4.9 2697s
 265569 129901     cutoff   63      2075.45274 1888.85853  8.99%   4.9 2720s
 266784 130466 1997.74952   47   11 2075.45274 1888.99378  8.98%   4.9 2744s
 268022 131056 2051.36364   47    8 2075.45274 1889.25888  8.97%   4.9 2770s
 269153 131627 infeasible   73      2075.45274 1889.43558  8.96%   4.9 2806s
 270388 132204     cutoff   69      2075.45274 1889.60053  8.95%   4.9 2830s
 271435 132561 2061.96757   55   33 2075.45274 1889.76023  8.95%   4.9 2861s
 272740 133348     cutoff   63      2075.45274 1889.91084  8.94%   4.9 2891s
 273989 134054 infeasible   72      2075.45274 1890.11885  8.93%   4.9 2919s
 275285 134515 infeasible   66      2075.45274 1890.27132  8.92%   4.9 2950s
 276281 134983 infeasible   74      2075.45274 1890.36118  8.92%   4.9 2977s
 277463 135580     cutoff   66      2075.45274 1890.60107  8.91%   4.9 3009s
 278767 136231 2009.90055   62    6 2075.45274 1890.65679  8.90%   4.9 3033s
 279984 136723 1929.10211   43   14 2075.45274 1890.96099  8.89%   4.9 3060s
 281102 137106 infeasible   52      2075.45274 1891.12896  8.88%   5.0 3087s
 281664 137540 1997.34133   48   11 2075.45274 1891.25705  8.87%   5.0 3115s
 282907 138146     cutoff   60      2075.45274 1891.33857  8.87%   5.0 3141s
 284110 138857 infeasible   62      2075.45274 1891.59133  8.86%   5.0 3174s
 285446 139484     cutoff   68      2075.45274 1891.81565  8.85%   5.0 3203s
 286722 139961 2048.92024   69    9 2075.45274 1891.99481  8.84%   5.0 3235s
 287849 140526 2071.47028   57   45 2075.45274 1892.14419  8.83%   5.0 3263s
 289072 140958     cutoff   72      2075.45274 1892.37853  8.82%   5.0 3297s
 290135 141664     cutoff   72      2075.45274 1892.48712  8.82%   5.0 3326s
 291510 142345 1933.76974   42    7 2075.45274 1892.70932  8.80%   5.0 3351s
 292856 142709     cutoff   63      2075.45274 1892.92871  8.79%   5.0 3382s
 294127 143346 1961.02621   41   28 2075.45274 1893.05781  8.79%   5.0 3422s
 295279 144082     cutoff   67      2075.45274 1893.11140  8.79%   5.0 3453s
 296679 144574     cutoff   65      2075.45274 1893.32308  8.78%   5.0 3484s
 297370 144648     cutoff   60      2075.45274 1893.36431  8.77%   5.0 3485s
 297872 145143     cutoff   64      2075.45274 1893.45260  8.77%   5.0 3514s
 299110 145949     cutoff   82      2075.45274 1893.64845  8.76%   5.0 3546s
 300545 146607 infeasible   83      2075.45274 1893.79412  8.75%   5.0 3576s
 301642 147137 infeasible   78      2075.45274 1893.97646  8.74%   5.0 3608s
 302725 147920 1906.98950   73   40 2075.45274 1894.14495  8.74%   5.0 3636s
 304149 148449 infeasible   83      2075.45274 1894.35088  8.73%   5.0 3663s
 305206 149203 1993.25842   58    - 2075.45274 1894.45779  8.72%   5.0 3692s
 306619 149701 infeasible   73      2075.45274 1894.68782  8.71%   5.0 3729s
 306717 149712     cutoff   73      2075.45274 1894.68947  8.71%   5.0 3730s
 307667 150379     cutoff   76      2075.45274 1894.84055  8.70%   5.0 3767s
 309032 150813     cutoff   70      2075.45274 1894.96022  8.70%   5.0 3798s
 309780 151258 1962.75061   73   32 2075.45274 1895.06246  8.69%   5.0 3832s
 310934 151931 infeasible   77      2075.45274 1895.16535  8.69%   5.0 3862s
 312259 152577 infeasible   76      2075.45274 1895.38764  8.68%   5.0 3901s
 313431 153279 2050.31105   77   16 2075.45274 1895.47715  8.67%   5.0 3935s
 314773 153869 infeasible   78      2075.45274 1895.75526  8.66%   5.0 3965s
 316024 154468 infeasible   62      2075.45274 1895.90395  8.65%   5.0 4008s
 317130 154956     cutoff   58      2075.45274 1895.93705  8.65%   5.0 4044s
 318277 155466 2013.69510   74    - 2075.45274 1896.10687  8.64%   5.0 4073s
 319420 155706     cutoff   74      2075.45274 1896.17128  8.64%   5.0 4113s
 320397 156060     cutoff   79      2075.45274 1896.40856  8.63%   5.0 4150s
 321505 156576     cutoff   64      2075.45274 1896.48776  8.62%   5.0 4192s
 322846 157125     cutoff   78      2075.45274 1896.66263  8.61%   5.0 4231s
 324094 157644     cutoff   77      2075.45274 1896.79246  8.61%   5.0 4285s
 325008 158191 2054.17736   37    - 2075.45274 1896.85504  8.61%   5.0 4329s
 326131 158912     cutoff   54      2075.45274 1897.07035  8.59%   5.0 4365s
 327673 159572 1944.76415   38    7 2075.45274 1897.26982  8.59%   5.0 4401s
 328997 160122 infeasible   72      2075.45274 1897.44849  8.58%   5.0 4445s
 330209 160756 2031.03932   69    8 2075.45274 1897.61012  8.57%   5.0 4479s
 330447 160769 infeasible   64      2075.45274 1897.61782  8.57%   5.0 4480s
 331471 161390     cutoff   67      2075.45274 1897.76128  8.56%   5.0 4512s
 332870 161541 infeasible   61      2075.45274 1897.98329  8.55%   5.0 4558s
 333963 162121 2060.71755   53   10 2075.45274 1898.02863  8.55%   5.0 4602s
 335156 162706     cutoff   67      2075.45274 1898.10973  8.54%   5.0 4637s
 336330 163379     cutoff   68      2075.45274 1898.25119  8.54%   5.0 4672s
 337612 163934     cutoff   66      2075.45274 1898.37331  8.53%   5.0 4713s
 338914 164498 2063.81470   76   14 2075.45274 1898.61510  8.52%   5.0 4747s
 340235 165127     cutoff   59      2075.45274 1898.79831  8.51%   5.0 4780s
 341512 165890 1947.99199   41   27 2075.45274 1898.97695  8.50%   5.0 4821s
 342938 166360 2016.88689   54   12 2075.45274 1899.14573  8.49%   5.0 4863s
 344284 167080 1958.68693   64   50 2075.45274 1899.28345  8.49%   5.0 4896s
 345583 167732     cutoff   67      2075.45274 1899.45064  8.48%   5.0 4932s
 346885 168381 infeasible   59      2075.45274 1899.57062  8.47%   5.0 4972s
 348277 168861 1925.98532   59   44 2075.45274 1899.75590  8.47%   5.0 5010s
 349438 169369     cutoff   77      2075.45274 1899.87575  8.46%   5.0 5045s
 350551 169815 1966.33202   71   70 2075.45274 1899.98605  8.45%   5.0 5085s
 351402 170131     cutoff   61      2075.45274 1900.09480  8.45%   5.0 5123s
 352504 170294 1974.64594   42   12 2075.45274 1900.18688  8.44%   5.0 5196s
 352506 170295 1991.55330   56   80 2075.45274 1900.18688  8.44%   5.0 5236s
 352507 170296 1969.67551   48   17 2075.45274 1900.18688  8.44%   5.0 5258s
 352509 170297 1991.51902   62   24 2075.45274 1900.18688  8.44%   5.0 5261s
 352510 170298 1924.88245   53   24 2075.45274 1900.18688  8.44%   5.0 5271s
 352511 170299 1945.55241   56   24 2075.45274 1900.18688  8.44%   5.0 5301s
 352512 170299 1930.02674   59   27 2075.45274 1900.18688  8.44%   5.0 5315s
 352513 170300 1907.67603   42   27 2075.45274 1900.18688  8.44%   5.0 5324s
 352514 170301 2006.91076   45   27 2075.45274 1900.18688  8.44%   5.0 5350s
 352515 170301 1930.77056   54   27 2075.45274 1900.18688  8.44%   5.0 5362s
 352516 170302 1965.82086   37   27 2075.45274 1900.18688  8.44%   5.0 5366s
 352517 170306 1900.18688   33   25 2075.45274 1900.18688  8.44%   5.0 5393s
 352519 170309 1900.18688   34  100 2075.45274 1900.18688  8.44%   5.0 5418s
 352523 170316 1900.18688   35   23 2075.45274 1900.18688  8.44%   5.0 5428s
 352531 170324 1900.18688   36   19 2075.45274 1900.18688  8.44%   5.0 5448s
 352543 170332 1900.18688   37   17 2075.45274 1900.18688  8.44%   5.0 5455s
 352555 170339 1900.18688   37   73 2075.45274 1900.18688  8.44%   5.0 5462s
 352567 170346 1900.18688   38   96 2075.45274 1900.18688  8.44%   5.0 5468s
 352579 170358 1900.18688   38   21 2075.45274 1900.18688  8.44%   5.0 5472s
 352597 170367 1900.18688   39   24 2075.45274 1900.18688  8.44%   5.0 5481s
 352614 170379 1900.18688   40   85 2075.45274 1900.18688  8.44%   5.0 5487s
 352632 170387 1900.18688   40   78 2075.45274 1900.18688  8.44%   5.0 5492s
 352648 170396 1900.18688   41   84 2075.45274 1900.18688  8.44%   5.0 5498s
 352667 170406 1900.18688   41   72 2075.45274 1900.18688  8.44%   5.0 5505s
 352688 170421 1900.18688   42   28 2075.45274 1900.18688  8.44%   5.0 5511s
 352712 170423 1900.18688   43   14 2075.45274 1900.18688  8.44%   5.0 5516s
 352738 170434 1900.18688   43   64 2075.45274 1900.18688  8.44%   5.0 5520s
 352762 170445 1900.18688   44   40 2075.45274 1900.18688  8.44%   5.0 5525s
 352793 170451 1900.18688   45   35 2075.45274 1900.18688  8.44%   5.0 5530s
 352820 170451 1900.18688   46   31 2075.45274 1900.18688  8.44%   5.0 5595s
 352834 170469 1900.18688   46   38 2075.45274 1900.18688  8.44%   5.0 5602s
 352861 170485 1900.18688   47   22 2075.45274 1900.18688  8.44%   5.0 5607s
 352898 170492 1900.18688   49    9 2075.45274 1900.18688  8.44%   5.0 5612s
 352935 170506 1900.18688   50   40 2075.45274 1900.18688  8.44%   5.0 5620s
 352973 170514 1900.18688   51   35 2075.45274 1900.18688  8.44%   5.0 5628s
 353015 170538 1939.59771   53   36 2075.45274 1900.18688  8.44%   5.0 5634s
 353064 170537 1940.39498   55   39 2075.45274 1900.18688  8.44%   5.0 5640s
 353115 170550 2018.06519   58    - 2075.45274 1900.18688  8.44%   5.0 5646s
 353171 170575 1940.73707   64   18 2075.45274 1900.18688  8.44%   5.0 5654s
 353230 170604     cutoff   65      2075.45274 1900.18688  8.44%   5.0 5659s
 353300 170630 1900.18688   49   22 2075.45274 1900.18688  8.44%   5.0 5665s
 353374 170652 2005.55886   55    - 2075.45274 1900.18688  8.44%   5.0 5671s
 353443 170669 2022.17626   60   58 2075.45274 1900.18688  8.44%   5.0 5678s
 353515 170679 2008.42187   70   26 2075.45274 1900.18688  8.44%   5.0 5684s
 353581 170705 1900.18688   41   33 2075.45274 1900.18688  8.44%   5.0 5694s
 353663 170725 1900.18688   44   21 2075.45274 1900.18688  8.44%   5.0 5704s
 353754 170757 1968.62931   50    - 2075.45274 1900.18688  8.44%   5.0 5712s
 353863 170814 1950.44787   52   61 2075.45274 1900.18688  8.44%   5.0 5721s
 353980 170825 2001.90643   52   61 2075.45274 1900.18688  8.44%   5.0 5730s
 354084 170865 2049.61299   56    - 2075.45274 1900.18688  8.44%   5.0 5740s
 354185 170878 1961.31142   61   35 2075.45274 1900.18688  8.44%   5.0 5750s
 354296 170894 2065.90099   62   31 2075.45274 1900.18688  8.44%   5.0 5758s
 354402 170931 2070.38953   68    - 2075.45274 1900.18688  8.44%   5.0 5767s
 354536 170951 2046.71268   76   34 2075.45274 1900.18688  8.44%   5.0 5776s
 354665 170982 infeasible   78      2075.45274 1900.18688  8.44%   5.0 5788s
 354807 171064 1953.88492   60   20 2075.45274 1900.18688  8.44%   5.0 5800s
 354964 171100 1964.86231   72   26 2075.45274 1900.18688  8.44%   5.0 5809s
 355112 171103 infeasible   73      2075.45274 1900.18688  8.44%   5.0 5819s
 355191 171167 1922.38636   72   38 2075.45274 1900.18688  8.44%   5.0 5829s
 355371 171243 1953.98805   89   38 2075.45274 1900.18688  8.44%   5.0 5838s
 355577 171337     cutoff   95      2075.45274 1900.18688  8.44%   5.0 5846s
 355797 171414 1900.18688   61   32 2075.45274 1900.18688  8.44%   5.0 5859s
 356000 171499 1908.02755   78   16 2075.45274 1900.18688  8.44%   5.0 5874s
 356214 171537 1937.23263   97   52 2075.45274 1900.18688  8.44%   5.0 5889s
 356420 171609 1914.85990   48    6 2075.45274 1900.18688  8.44%   5.0 5903s
 356647 171644 1924.70534   68   40 2075.45274 1900.18688  8.44%   5.0 5915s
 356897 171726 infeasible   80      2075.45274 1900.18688  8.44%   5.0 5928s
 357161 171794 1953.03025   54   13 2075.45274 1900.18688  8.44%   5.0 5939s
 357442 171823 1996.42736   80   12 2075.45274 1900.18688  8.44%   5.0 5957s
 357645 171921 1900.18688   48   34 2075.45274 1900.18688  8.44%   5.0 5975s
 357926 172058 1900.18688   56   74 2075.45274 1900.18688  8.44%   5.0 5989s
 358252 172114 1990.88059   66    - 2075.45274 1900.18688  8.44%   5.0 6006s
 358578 172207 2048.59603   78    - 2075.45274 1900.18688  8.44%   5.0 6019s
 358936 172322     cutoff   87      2075.45274 1900.18688  8.44%   5.0 6039s
 359263 172506 2002.39355   43   24 2075.45274 1900.18688  8.44%   5.0 6055s
 359645 172726 2049.44358   63   48 2075.45274 1900.18688  8.44%   5.0 6069s
 360112 172976 1930.00699   78   70 2075.45274 1900.18688  8.44%   5.0 6085s
 360658 173124 1962.00607   58   12 2075.45274 1900.18688  8.44%   5.0 6101s
 361190 173407 1900.18688   45   29 2075.45274 1900.18688  8.44%   5.0 6122s
 361764 173673 2026.69020   48    7 2075.45274 1900.18688  8.44%   5.0 6139s
 362344 173803 1900.18688   76   45 2075.45274 1900.18688  8.44%   5.0 6158s
 362850 174031 1924.32487   55   26 2075.45274 1900.18688  8.44%   5.0 6174s
 363445 174264 1963.58516   73   34 2075.45274 1900.18688  8.44%   5.0 6195s
 364053 174455 1985.50120   55   46 2075.45274 1900.18688  8.44%   5.0 6221s
 364632 174713 1900.18688   50    9 2075.45274 1900.18688  8.44%   5.0 6249s
 365276 174772     cutoff   76      2075.45274 1900.18688  8.44%   5.0 6273s
 365685 174663     cutoff   63      2075.45274 1900.18688  8.44%   5.0 6333s
 365711 175068 1900.18688   57   16 2075.45274 1900.18688  8.44%   5.0 6357s
 366366 175216 1997.30740   81   29 2075.45274 1900.18688  8.44%   5.0 6379s
 367023 175453 infeasible   86      2075.45274 1900.18688  8.44%   5.0 6404s
 367693 175651 1900.18688   49   14 2075.45274 1900.18688  8.44%   5.0 6433s
 368456 175806 1959.03154   67   49 2075.45274 1900.18688  8.44%   5.0 6463s
 369028 175866 1966.25467   50   15 2075.45274 1900.18688  8.44%   5.0 6490s
 369358 175988 infeasible   68      2075.45274 1900.18688  8.44%   5.0 6518s
 369683 176435 1900.18688   56   74 2075.45274 1900.18688  8.44%   5.0 6547s
 370554 176985 1900.18688   43    7 2075.45274 1900.18688  8.44%   5.0 6581s
 371637 177415     cutoff   94      2075.45274 1900.18688  8.44%   5.0 6612s
 372670 177276 infeasible   87      2075.45274 1900.18688  8.44%   5.0 6644s
 373264 177911 2053.35441   58   20 2075.45274 1900.18688  8.44%   5.0 6673s
 374383 177975     cutoff   73      2075.45274 1900.18688  8.44%   5.0 6712s
 375268 178426 2008.29024   82   62 2075.45274 1900.18688  8.44%   5.0 6746s
 376366 178951 2042.67739   91   40 2075.45274 1900.18688  8.44%   5.0 6782s
 377603 179343     cutoff   63      2075.45274 1900.18688  8.44%   5.0 6820s
 378787 179878 infeasible   74      2075.45274 1900.18688  8.44%   5.0 6862s
 380090 179977 1963.56272   83   61 2075.45274 1900.18688  8.44%   5.0 6907s
 381063 180689 2011.00293   57    8 2075.45274 1900.18688  8.44%   5.0 6942s
 382472 180791 2056.52824   87    - 2075.45274 1900.18688  8.44%   5.0 6980s
 383568 181267     cutoff   87      2075.45274 1900.18688  8.44%   5.0 7030s
 384808 181669     cutoff   54      2075.45274 1900.18688  8.44%   5.0 7087s
 385983 181746 2008.33551   78   60 2075.45274 1900.18688  8.44%   5.0 7126s
 386563 182242 1923.44990   70   74 2075.45274 1900.18688  8.44%   5.0 7168s
 387827 182180     cutoff   60      2075.45274 1900.18688  8.44%   5.0 7200s

Cutting planes:
  Gomory: 4
  Flow cover: 1
  Zero half: 2
  Lazy constraints: 2025

Explored 388582 nodes (1946312 simplex iterations) in 7200.36 seconds
Thread count was 12 (of 12 available processors)

Solution count 2: 2075.45 5565.83 

Time limit reached
Best objective 2.075452743956e+03, best bound 1.900186875466e+03, gap 8.4447%

User-callback calls 1783118, time in user-callback 6.43 sec
/projects/academic/josewalt/caigao/RRARP_BD/BendersDecomp/ret/model_outs/n_23_m_5_algo_2.out
 =====>>>>> Solution is written to file in <../ret/model_outs> !!!
===>> All Done!
