NPROCS=0
This instance is clustered!
Gurobi Optimizer version 9.0.0 build v9.0.0rc2 (linux64)
Optimize a model with 46 rows, 530 columns and 1058 nonzeros
Model fingerprint: 0x84e19b41
Variable types: 1 continuous, 529 integer (529 binary)
Coefficient statistics:
  Matrix range     [1e+00, 1e+00]
  Objective range  [1e+00, 4e+02]
  Bounds range     [1e+00, 1e+00]
  RHS range        [1e+00, 1e+00]
Presolve removed 2 rows and 66 columns
Presolve time: 0.01s
Presolved: 44 rows, 464 columns, 926 nonzeros
Variable types: 1 continuous, 463 integer (463 binary)

Root relaxation: objective 6.767297e+02, 36 iterations, 0.00 seconds

    Nodes    |    Current Node    |     Objective Bounds      |     Work
 Expl Unexpl |  Obj  Depth IntInf | Incumbent    BestBd   Gap | It/Node Time

     0     0  872.81191    0   16          -  872.81191      -     -    0s
H    0     0                    3009.8926751  872.81191  71.0%     -    0s
     0     0  897.58533    0   16 3009.89268  897.58533  70.2%     -    0s
     0     2  904.02136    0   16 3009.89268  904.02136  70.0%     -    0s
*  928   800              36    2654.6559334  933.07121  64.9%   3.5    0s
*  962   801              62    1579.7162294  933.07121  40.9%   3.5    0s
*  963   801              63    1578.1446814  933.07121  40.9%   3.5    0s
* 1219  1007              87    1495.6910218  955.18601  36.1%   3.6    0s
* 1436  1141              97    1436.7482746  955.39537  33.5%   3.6    0s
* 2353  1616              86    1411.1933392  968.76219  31.4%   3.8    0s
* 2654  1871             121    1405.8214788  971.87014  30.9%   3.9    0s
  4925  2708 1260.45348   80    - 1405.82148  971.87014  30.9%   4.3    5s
H 5799  2927                    1405.8211588  971.87014  30.9%   4.3    5s
 11943  6509 1070.78107   69    6 1405.82116 1003.08122  28.6%   4.6   10s
 15943  9476 1326.79888   57   11 1405.82116 1005.93288  28.4%   4.6   15s
 19769 12463 1092.31568   69   14 1405.82116 1013.68984  27.9%   4.5   20s
 24111 15785     cutoff   97      1405.82116 1018.73959  27.5%   4.5   25s
 27642 18573     cutoff  108      1405.82116 1021.47013  27.3%   4.4   30s
 31083 21359 1111.55771   85   27 1405.82116 1023.24078  27.2%   4.3   35s
 33845 23582 1083.26695  108    8 1405.82116 1024.87320  27.1%   4.3   40s
 37431 26467 1145.32070  127   25 1405.82116 1026.52019  27.0%   4.3   46s
 40223 28552 1322.16119  104   23 1405.82116 1028.15952  26.9%   4.2   51s
 43238 30816     cutoff  132      1405.82116 1029.64183  26.8%   4.2   56s
 44733 31922 1209.52392  150   11 1405.82116 1030.32214  26.7%   4.2   60s
 46430 32671 1046.41548   22   24 1405.82116 1030.62214  26.7%   4.2   65s
 48582 34583     cutoff  118      1405.82116 1031.42882  26.6%   4.2   71s
 50230 36206 1170.43683  118    6 1405.82116 1032.16703  26.6%   4.2   76s
 52087 37463 1286.85801  105    - 1405.82116 1033.14700  26.5%   4.2   81s
 53724 37993 1171.66693   74   16 1405.82116 1033.33620  26.5%   4.2   90s
H53726 36094                    1405.8211549 1033.33620  26.5%   4.2   93s
 53731 36098 1130.75690   48   39 1405.82115 1033.33620  26.5%   4.2   95s
 53735 36100 1097.84523   50   43 1405.82115 1033.33620  26.5%   4.2  100s
 53737 36102 1083.83329   50   43 1405.82115 1033.33620  26.5%   4.2  180s
 53744 36113 1033.33620   31   54 1405.82115 1033.33620  26.5%   4.2  185s
 53800 36154 1033.33620   34   14 1405.82115 1033.33620  26.5%   4.2  190s
 53938 36234 1055.51155   42    6 1405.82115 1033.33620  26.5%   4.2  195s
 54283 36381 1196.06416   55    - 1405.82115 1033.33620  26.5%   4.2  200s
 54841 36512 1085.95525   77   30 1405.82115 1033.33620  26.5%   4.2  205s
 55678 36757 1272.70253  106    - 1405.82115 1033.33620  26.5%   4.2  210s
 56893 37306 1145.02257  140   27 1405.82115 1033.33620  26.5%   4.2  215s
 57811 37740 1141.40649   42    - 1405.82115 1033.33620  26.5%   4.2  220s
 59494 38577 1154.08023  111   21 1405.82115 1033.33620  26.5%   4.2  225s
 61104 39334     cutoff  189      1405.82115 1033.33620  26.5%   4.2  230s
 62419 39851 1097.93848  128   22 1405.82115 1033.33620  26.5%   4.2  235s
 64217 40758     cutoff  138      1405.82115 1033.33620  26.5%   4.2  241s
 66019 41499 1381.49364  112    - 1405.82115 1033.33620  26.5%   4.2  246s
 66879 41512 1286.71214   65    - 1405.82115 1033.33620  26.5%   4.2  251s
 67438 42179 1361.91710   84    - 1405.82115 1033.33620  26.5%   4.2  256s
 68822 43089 1180.63688   65    8 1405.82115 1033.33620  26.5%   4.2  262s
 70260 43422 1183.59132  162   31 1405.82115 1033.33620  26.5%   4.2  267s
 70826 43784 1302.32055  165   20 1405.82115 1033.33620  26.5%   4.2  270s
 72246 44691     cutoff  147      1405.82115 1033.33620  26.5%   4.2  275s
 73975 45319 1213.96646  137   28 1405.82115 1033.33620  26.5%   4.1  282s
 74736 45739 1393.19115   74   10 1405.82115 1033.33620  26.5%   4.1  286s
 76235 45954 1190.82310  121   21 1405.82115 1033.33620  26.5%   4.1  291s
 76421 46631 1221.36141  133   12 1405.82115 1033.33620  26.5%   4.1  295s
 78517 47766 1101.77627   50    6 1405.82115 1033.33620  26.5%   4.1  303s
 79491 48408 1153.05740   58    6 1405.82115 1033.33620  26.5%   4.1  307s
 80594 49132 1141.60143   53   25 1405.82115 1033.33620  26.5%   4.1  312s
 81834 49789 1340.84231  121    - 1405.82115 1033.33620  26.5%   4.1  316s
 83074 50556     cutoff  136      1405.82115 1033.33620  26.5%   4.1  322s
 84397 51221 1085.55315   41    6 1405.82115 1033.33620  26.5%   4.1  326s
 85659 51219     cutoff  126      1405.82115 1033.33620  26.5%   4.0  330s
 86147 52114 1063.46616   99   28 1405.82115 1033.33620  26.5%   4.0  335s
 87391 52706 1114.48010   44   11 1405.82115 1033.33620  26.5%   4.0  340s
 89802 54010 1188.70504  124   19 1405.82115 1033.33620  26.5%   4.0  347s
 91093 54314 1087.05038   55   12 1405.82115 1033.33620  26.5%   4.0  352s
 92153 55043 infeasible  139      1405.82115 1033.33620  26.5%   4.0  356s
 94387 56122 1148.26360  115   27 1405.82115 1033.33620  26.5%   4.0  364s
 95552 56696     cutoff  139      1405.82115 1033.33620  26.5%   4.0  369s
 96738 57252 infeasible  139      1405.82115 1033.33620  26.5%   4.0  374s
 97894 57970 1083.60080   43    6 1405.82115 1033.33620  26.5%   4.0  378s
 99139 58361 1114.23992   44   10 1405.82115 1033.33620  26.5%   4.0  383s
 100194 58909     cutoff  114      1405.82115 1033.33620  26.5%   4.0  388s
 101295 59405 1134.66590  123   36 1405.82115 1033.33620  26.5%   4.0  393s
 102325 59855     cutoff  184      1405.82115 1033.33620  26.5%   4.0  398s
 103349 60218 1348.90862  181    - 1405.82115 1033.33620  26.5%   4.0  403s
 104290 60533 1393.50722  181   33 1405.82115 1033.53384  26.5%   4.0  408s
 105182 61007 1261.66258   81   23 1405.82115 1033.78861  26.5%   4.0  413s
 106226 61314 1170.96444   91   29 1405.82115 1034.07147  26.4%   4.0  417s
 107142 62180     cutoff  142      1405.82115 1034.35616  26.4%   4.0  421s
 108434 62603 1206.11525   67   23 1405.82115 1034.72200  26.4%   4.0  427s
 109535 62809     cutoff   90      1405.82115 1034.72200  26.4%   4.0  431s
 110149 63051     cutoff   92      1405.82115 1034.72200  26.4%   4.0  436s
 111051 63724 1396.03418  101    - 1405.82115 1035.26378  26.4%   4.0  441s
 112218 63800     cutoff  136      1405.82115 1035.75450  26.3%   4.0  447s
 113076 64350 1270.76581   49   15 1405.82115 1036.19083  26.3%   4.0  452s
 114138 64928     cutoff   61      1405.82115 1036.78303  26.3%   4.0  458s
 115283 65225 1047.13733   43   11 1405.82115 1037.13904  26.2%   4.0  465s
 116187 65803 1365.28730   93   12 1405.82115 1037.45308  26.2%   4.0  471s
 117294 66255     cutoff  126      1405.82115 1037.82319  26.2%   4.0  477s
 118407 66774 1206.75561  107   19 1405.82115 1038.20302  26.1%   4.0  483s
 119586 67415 1135.01122  128   21 1405.82115 1038.72192  26.1%   4.0  488s
 120830 68073     cutoff  156      1405.82115 1039.05687  26.1%   4.0  494s
 122107 68768 1396.92336  134   10 1405.82115 1039.37639  26.1%   4.0  500s
 123394 69165 1370.53887  158    8 1405.82115 1039.61913  26.0%   4.0  505s
 124511 69665     cutoff  106      1405.82115 1039.98510  26.0%   4.0  511s
 125611 70371 1294.40254  132   12 1405.82115 1040.12844  26.0%   4.0  516s
 126872 70918 1348.86633  133    6 1405.82115 1040.52835  26.0%   4.0  522s
 127973 71455 1142.99078  149   10 1405.82115 1040.82091  26.0%   4.0  529s
 129143 71693     cutoff  165      1405.82115 1041.07659  25.9%   4.0  536s
 130092 72290     cutoff  113      1405.82115 1041.42664  25.9%   4.0  542s
 131209 72299     cutoff  148      1405.82115 1041.73545  25.9%   4.0  549s
 131656 72687     cutoff   71      1405.82115 1041.73545  25.9%   4.0  557s
 132657 72989 1287.53692   69    - 1405.82115 1041.99356  25.9%   4.0  566s
 133602 73679 1166.37227  109   26 1405.82115 1042.33094  25.9%   4.0  574s
 134792 73964     cutoff  139      1405.82115 1042.37444  25.9%   4.0  582s
 135847 74497     cutoff   83      1405.82115 1042.78461  25.8%   4.0  589s
 136995 75149     cutoff  123      1405.82115 1042.97762  25.8%   4.0  595s
 138239 75862     cutoff  154      1405.82115 1043.27713  25.8%   4.0  602s
 139534 76206 1089.11864   47   12 1405.82115 1043.39505  25.8%   4.0  610s
 140505 76617     cutoff  143      1405.82115 1043.64127  25.8%   4.0  617s
 141553 77089 1251.98192  161   18 1405.82115 1043.71999  25.8%   4.0  625s
 142646 77374 1231.72658   52   22 1405.82115 1043.88458  25.7%   4.0  633s
 143624 78167 1182.73181  115   18 1405.82115 1044.36488  25.7%   4.0  641s
 144955 78327 1150.35179  127    8 1405.82115 1044.74655  25.7%   4.0  650s
 145965 78765     cutoff  130      1405.82115 1045.10102  25.7%   4.0  658s
 147062 79200     cutoff  119      1405.82115 1045.18425  25.7%   4.0  667s
 148178 79253 1373.16104   87    6 1405.82115 1045.44439  25.6%   4.0  678s
 149074 79870 1346.77342   54   16 1405.82115 1045.66063  25.6%   4.0  687s
 150144 80526 1141.88304  119    8 1405.82115 1045.85242  25.6%   4.0  695s
 151403 81160     cutoff  141      1405.82115 1045.99154  25.6%   4.0  705s
 152706 81873 1325.44469   56   12 1405.82115 1046.13567  25.6%   4.0  712s
 154033 82438 1321.82510  128    8 1405.82115 1046.35118  25.6%   4.0  718s
 155279 83063 1328.29931  129    9 1405.82115 1046.55865  25.6%   4.0  725s
 156524 82832 1355.33115  133   14 1405.82115 1046.72967  25.5%   4.0  735s
 156690 83925 1182.72515  119    6 1405.82115 1046.77090  25.5%   4.0  742s
 158054 83601 1086.38588   98   19 1405.82115 1046.88913  25.5%   4.0  751s
 158199 84313 1086.98046   99   12 1405.82115 1046.97869  25.5%   4.0  760s
 159326 84784 1217.90793   60    8 1405.82115 1047.11109  25.5%   4.0  769s
 160463 85316 1395.71280   88   14 1405.82115 1047.30640  25.5%   4.0  779s
 161550 85591 1283.58136  119   32 1405.82115 1047.51609  25.5%   4.0  788s
 162580 86298 1305.47780  126   13 1405.82115 1047.63386  25.5%   4.0  799s
 163695 87243 1207.02219  138   16 1405.82115 1047.85090  25.5%   4.0  806s
 164862 87633 1362.13614  153    - 1405.82115 1047.97871  25.5%   4.0  819s
 165638 88146 1365.57493  153   10 1405.82115 1048.30278  25.4%   4.0  830s
 166503 88703 infeasible  154      1405.82115 1048.35424  25.4%   4.0  841s
 167385 88987 1130.65498  120    4 1405.82115 1048.47702  25.4%   4.0  849s
 167800 89725 1369.22450  138    6 1405.82115 1048.55625  25.4%   4.0  859s
 168993 90826 1372.87838   76    6 1405.82115 1048.91531  25.4%   4.0  869s
 170268 92114 infeasible  115      1405.82115 1049.21589  25.4%   4.0  879s
 171793 93213     cutoff  156      1405.82115 1049.37577  25.4%   4.0  889s
 173140 93972 1139.74307   43    6 1405.82115 1049.70269  25.3%   4.0  900s
 174261 94423 1178.81175   44    6 1405.82115 1049.74446  25.3%   4.0  911s
 175114 95412     cutoff   80      1405.82115 1049.78767  25.3%   4.0  920s
 176333 96208 1195.91033  138   25 1405.82115 1049.90774  25.3%   4.0  928s
 177507 97240 infeasible  154      1405.82115 1050.16363  25.3%   4.0  938s
 178818 98264 1068.09271   87    6 1405.82115 1050.36699  25.3%   4.0  950s
 180098 99010     cutoff  144      1405.82115 1050.58861  25.3%   4.0  960s
 181176 99953     cutoff  119      1405.82115 1050.74064  25.3%   4.0  969s
 181476 99968 1282.37059   80   30 1405.82115 1050.88426  25.2%   4.0  970s
 182314 100595 1398.08141  104   17 1405.82115 1050.96890  25.2%   4.0  981s
 183392 101593     cutoff  122      1405.82115 1051.17400  25.2%   4.0  991s
 184548 102570     cutoff  106      1405.82115 1051.46306  25.2%   4.0 1001s
 185820 103102 1391.85919   86    - 1405.82115 1051.57578  25.2%   4.0 1016s
 186667 103697 1200.59769   45    9 1405.82115 1051.82301  25.2%   4.0 1031s
 187563 104537 1296.57787   77   14 1405.82115 1051.95003  25.2%   4.1 1044s
 188622 105382     cutoff  129      1405.82115 1052.02872  25.2%   4.1 1057s
 189731 106232 1185.38901   84    - 1405.82115 1052.14618  25.2%   4.1 1068s
 190881 107076     cutoff  106      1405.82115 1052.14618  25.2%   4.1 1080s
 192069 108063 1149.74269  128   33 1405.82115 1052.14618  25.2%   4.1 1092s
 193338 109237 1183.05288  151   26 1405.82115 1052.78128  25.1%   4.1 1104s
 194659 110258     cutoff  171      1405.82115 1052.97712  25.1%   4.1 1114s
 195871 111289 1065.77254   37    6 1405.82115 1053.15460  25.1%   4.1 1124s
 197189 112196 1366.94209  134    6 1405.82115 1053.31440  25.1%   4.1 1136s
 198373 113150 1091.95454  100   15 1405.82115 1053.49049  25.1%   4.1 1147s
 199561 114080     cutoff  141      1405.82115 1053.68429  25.0%   4.1 1157s
 200797 114706 1094.53861   82   24 1405.82115 1053.77285  25.0%   4.1 1172s
 201798 115539     cutoff  146      1405.82115 1054.01523  25.0%   4.1 1185s
 202905 116589 1259.97629  145    6 1405.82115 1054.19431  25.0%   4.1 1195s
 204139 117477     cutoff  146      1405.82115 1054.30429  25.0%   4.1 1206s
 205320 118200 1128.27386  111   34 1405.82115 1054.68725  25.0%   4.1 1218s
 206400 119002 1189.21009   48    6 1405.82115 1054.85078  25.0%   4.1 1228s
 207471 119117     cutoff   91      1405.82115 1054.85078  25.0%   4.1 1248s
 207558 120044     cutoff   93      1405.82115 1055.04629  25.0%   4.1 1257s
 208744 120957     cutoff  144      1405.82115 1055.18024  24.9%   4.1 1268s
 209978 121986 1094.25455   61   10 1405.82115 1055.40550  24.9%   4.0 1280s
 211249 123145 1195.47041  145    8 1405.82115 1055.47610  24.9%   4.0 1289s
 212628 123966 1377.28045  155    6 1405.82115 1055.60422  24.9%   4.0 1301s
 213788 124874 1374.15560  165   17 1405.82115 1055.74581  24.9%   4.0 1313s
 214939 125520     cutoff  166      1405.82115 1055.88466  24.9%   4.0 1325s
 215936 126501 1372.07265   80   10 1405.82115 1055.98879  24.9%   4.0 1337s
 217161 127310 1165.66426  159    - 1405.82115 1056.16572  24.9%   4.0 1351s
 218256 127903 1085.38127   60   24 1405.82115 1056.27556  24.9%   4.0 1365s
 219220 128628     cutoff   69      1405.82115 1056.38556  24.9%   4.0 1377s
 220300 129341 1373.54560   93   10 1405.82115 1056.38556  24.9%   4.0 1392s
 221284 130311     cutoff  118      1405.82115 1056.52292  24.8%   4.0 1404s
 222556 131403     cutoff  157      1405.82115 1056.77625  24.8%   4.0 1416s
 223878 132173 1110.58564  115    6 1405.82115 1056.86350  24.8%   4.0 1428s
 224988 133122     cutoff  164      1405.82115 1056.94762  24.8%   4.0 1439s
 226187 134238     cutoff  125      1405.82115 1057.13119  24.8%   4.0 1450s
 227516 135072 1092.92453   45    6 1405.82115 1057.31753  24.8%   4.0 1462s
 228653 135730 1103.08617   54    6 1405.82115 1057.39935  24.8%   4.0 1474s
 229692 136643 1239.70002   70    4 1405.82115 1057.47487  24.8%   4.0 1484s
 230277 136691 1113.14368  108   25 1405.82115 1057.53136  24.8%   4.0 1485s
 230849 137474 1361.25001  114    - 1405.82115 1057.63066  24.8%   4.0 1494s
 231948 138509 1368.37924  167   12 1405.82115 1057.75441  24.8%   4.0 1507s
 233194 139404 1211.35973   55    8 1405.82115 1057.88518  24.7%   4.0 1519s
 234352 140541 1157.59138   66    - 1405.82115 1058.05598  24.7%   4.0 1531s
 235661 141140 1109.83478   89   19 1405.82115 1058.14547  24.7%   4.0 1550s
 236667 142032     cutoff  151      1405.82115 1058.37134  24.7%   4.0 1567s
 237750 142960 1254.36811  145   30 1405.82115 1058.48272  24.7%   4.0 1583s
 238881 144044     cutoff  153      1405.82115 1058.60709  24.7%   4.0 1597s
 240170 144907 1247.00206  157    6 1405.82115 1058.80150  24.7%   4.0 1610s
 241366 145833     cutoff  159      1405.82115 1058.94454  24.7%   4.0 1624s
 242535 146504 1067.58986   62   21 1405.82115 1059.09110  24.7%   4.0 1639s
 243572 147112 1155.30506   53    - 1405.82115 1059.17401  24.7%   4.0 1653s
 244508 148089 1153.83212  117   26 1405.82115 1059.21726  24.7%   4.0 1666s
 245738 148912 1281.55944  171   12 1405.82115 1059.38939  24.6%   4.0 1681s
 246863 149849     cutoff  174      1405.82115 1059.57370  24.6%   4.0 1695s
 248031 150719 1239.81516   53    6 1405.82115 1059.68830  24.6%   4.0 1709s
 249218 151645 1226.86428   97   16 1405.82115 1059.80829  24.6%   4.0 1724s
 250362 152588 1130.05605  105   36 1405.82115 1059.93077  24.6%   4.0 1740s
 251624 153770 1273.87225  172   12 1405.82115 1060.11189  24.6%   4.0 1753s
 252976 154913     cutoff  174      1405.82115 1060.25386  24.6%   4.0 1764s
 254328 155743 1171.51587  120   18 1405.82115 1060.43632  24.6%   4.0 1777s
 255378 156738     cutoff  154      1405.82115 1060.58662  24.6%   4.0 1791s
 256620 157566 1360.15479   53    6 1405.82115 1060.70830  24.5%   4.0 1806s
 257739 158703 1149.91476   46    8 1405.82115 1060.80992  24.5%   4.0 1818s
 259001 159322     cutoff  158      1405.82115 1060.92740  24.5%   4.0 1834s
 260020 160274 1109.46723   65    8 1405.82115 1061.01183  24.5%   4.0 1849s
 261178 160780 1344.59440  130    6 1405.82115 1061.12261  24.5%   4.0 1872s
 262077 161472 1247.53557   83    6 1405.82115 1061.21385  24.5%   4.0 1891s
 263058 162024 1180.04937  182   33 1405.82115 1061.33248  24.5%   4.0 1907s
 264020 163197     cutoff  198      1405.82115 1061.50465  24.5%   4.0 1920s
 265333 164321 1381.08367   85   14 1405.82115 1061.65010  24.5%   4.0 1934s
 266649 164941     cutoff  126      1405.82115 1061.74857  24.5%   4.0 1952s
 267708 165856 1226.32375   86   28 1405.82115 1061.85685  24.5%   4.0 1966s
 268855 166440 1200.52875   81    6 1405.82115 1061.93905  24.5%   4.0 1982s
 269785 167228 1262.42215   52   14 1405.82115 1062.00190  24.5%   4.0 1998s
 270884 168066 1387.08886   78    6 1405.82115 1062.00190  24.5%   4.0 2014s
 271257 168097 1381.84578   93    - 1405.82115 1062.00190  24.5%   4.0 2015s
 272037 168615 1282.41435   87    6 1405.82115 1062.00190  24.5%   4.0 2028s
 273037 169504 1378.52203  114   17 1405.82115 1062.30259  24.4%   4.0 2046s
 274224 170325     cutoff  151      1405.82115 1062.40179  24.4%   4.0 2066s
 275350 171289 1163.45437  147   17 1405.82115 1062.54793  24.4%   4.0 2082s
 276545 172064 1384.44048  152    8 1405.82115 1062.68157  24.4%   4.0 2104s
 277619 172733     cutoff  153      1405.82115 1062.74988  24.4%   4.0 2121s
 278642 173116 1306.99243  114   17 1405.82115 1062.80969  24.4%   4.0 2137s
 279188 174079 infeasible  124      1405.82115 1062.99246  24.4%   4.0 2153s
 280479 174663 1084.49731   41    - 1405.82115 1063.07346  24.4%   4.0 2173s
 281499 175344     cutoff  128      1405.82115 1063.15667  24.4%   4.0 2190s
 282555 175992 1110.31038   45   10 1405.82115 1063.19290  24.4%   4.0 2209s
 283614 176863     cutoff  115      1405.82115 1063.30095  24.4%   4.0 2227s
 284736 177158     cutoff  142      1405.82115 1063.40750  24.4%   4.0 2258s
 284996 178114 1217.09861   67   13 1405.82115 1063.45382  24.4%   4.0 2276s
 286343 179077 1119.42341   45   28 1405.82115 1063.59964  24.3%   4.0 2298s
 287613 179634 1341.82205  145   19 1405.82115 1063.70938  24.3%   4.0 2318s
 288690 180463     cutoff  125      1405.82115 1063.81779  24.3%   4.0 2344s
 289859 181341     cutoff  143      1405.82115 1063.87009  24.3%   4.0 2367s
 291107 182067 1359.40204   73    6 1405.82115 1063.95600  24.3%   4.0 2394s
 292176 182951 1395.05885   93   11 1405.82115 1064.17832  24.3%   4.0 2414s
 293468 183906     cutoff  125      1405.82115 1064.25038  24.3%   4.0 2432s
 294639 185198     cutoff  148      1405.82115 1064.37420  24.3%   4.0 2454s
 296130 186235 1335.34260  124    6 1405.82115 1064.46165  24.3%   4.0 2472s
 297466 187287     cutoff  140      1405.82115 1064.63094  24.3%   4.0 2488s
 298768 188415 1269.48141  159   17 1405.82115 1064.75201  24.3%   4.0 2507s
 300160 189166 infeasible  171      1405.82115 1064.85515  24.3%   4.0 2524s
 301275 190217 1183.05164  106   14 1405.82115 1064.94683  24.2%   4.0 2540s
 302531 191058 infeasible  112      1405.82115 1065.09053  24.2%   4.0 2558s
 303673 191761     cutoff  119      1405.82115 1065.18347  24.2%   4.0 2575s
 304756 192820 1118.48511   45    6 1405.82115 1065.25006  24.2%   4.0 2589s
 306025 193884 1172.50226   97   10 1405.82115 1065.31980  24.2%   4.0 2607s
 307330 194916     cutoff  138      1405.82115 1065.50438  24.2%   4.0 2622s
 308554 195623 infeasible  136      1405.82115 1065.56631  24.2%   4.0 2650s
 309564 195871 1172.84658   73   15 1405.82115 1065.66714  24.2%   4.0 2666s
 309715 196570 1176.27538   74    - 1405.82115 1065.67646  24.2%   4.0 2685s
 310866 197320     cutoff  124      1405.82115 1065.70265  24.2%   4.0 2705s
 311977 198220 1194.11250  106   32 1405.82115 1065.74798  24.2%   4.0 2721s
 313135 199320 1320.92871  148   10 1405.82115 1065.89004  24.2%   4.0 2740s
 314512 200239 1399.17288  150    - 1405.82115 1066.01196  24.2%   4.0 2768s
 315729 201197 1107.64510   64    6 1405.82115 1066.05245  24.2%   4.0 2788s
 316992 201955 1145.13039   45   10 1405.82115 1066.22667  24.2%   4.0 2809s
 318056 202980     cutoff  103      1405.82115 1066.37343  24.1%   4.0 2825s
 319349 203807     cutoff  135      1405.82115 1066.45720  24.1%   4.0 2843s
 320545 204875 1179.83987   92   12 1405.82115 1066.65044  24.1%   4.0 2864s
 321826 205924     cutoff  133      1405.82115 1066.75335  24.1%   4.0 2881s
 323017 206792     cutoff  152      1405.82115 1066.88377  24.1%   4.0 2902s
 324116 207809 1175.74897   86   10 1405.82115 1066.97962  24.1%   4.0 2920s
 325435 208766 1307.59096   75   15 1405.82115 1067.06706  24.1%   4.0 2936s
 326714 209970 1351.16560   88   15 1405.82115 1067.22280  24.1%   4.0 2951s
 328085 210865 1302.70781  121    - 1405.82115 1067.36194  24.1%   4.0 2968s
 329271 211936 1163.16704  171    8 1405.82115 1067.47274  24.1%   4.0 2984s
 330542 212794 1083.33250   46   14 1405.82115 1067.57776  24.1%   4.0 3004s
 331718 213622     cutoff  113      1405.82115 1067.63862  24.1%   4.0 3021s
 332835 214516     cutoff  142      1405.82115 1067.75256  24.0%   4.0 3042s
 334010 215516     cutoff  147      1405.82115 1067.88110  24.0%   4.0 3059s
 335224 216593     cutoff  148      1405.82115 1067.95969  24.0%   4.0 3077s
 336512 217443 infeasible  107      1405.82115 1068.07223  24.0%   4.0 3094s
 337572 218269     cutoff  100      1405.82115 1068.16871  24.0%   4.0 3114s
 338701 218804     cutoff   98      1405.82115 1068.23325  24.0%   4.0 3134s
 339624 219511 1242.01667  151   15 1405.82115 1068.29418  24.0%   4.0 3158s
 340639 220244 1402.48985  153    8 1405.82115 1068.30098  24.0%   4.0 3179s
 341696 221180     cutoff  123      1405.82115 1068.34281  24.0%   4.0 3199s
 342736 221265 1274.08761  112    - 1405.82115 1068.40203  24.0%   4.0 3200s
 342952 221828 1231.42254  159   20 1405.82115 1068.46274  24.0%   4.0 3220s
 343985 222722 1372.36312   67   12 1405.82115 1068.56467  24.0%   4.0 3238s
 345195 223540     cutoff   96      1405.82115 1068.56467  24.0%   4.0 3258s
 346347 224460     cutoff  117      1405.82115 1068.67234  24.0%   4.0 3281s
 347577 225450 infeasible  186      1405.82115 1068.74989  24.0%   4.0 3299s
 348823 225578 1274.45158   95   22 1405.82115 1068.86303  24.0%   4.0 3326s
 348922 226258 1281.66830   96   14 1405.82115 1068.92088  24.0%   4.0 3352s
 349926 226941     cutoff  132      1405.82115 1068.94302  24.0%   4.0 3374s
 351048 227891 1101.52366   46    9 1405.82115 1069.02048  24.0%   4.0 3394s
 351262 227905 1159.91860  116   37 1405.82115 1069.02048  24.0%   4.0 3395s
 352283 228837 1293.84565   83    9 1405.82115 1069.09213  24.0%   4.0 3414s
 353499 229580 1211.46851  119   18 1405.82115 1069.21651  23.9%   4.0 3439s
 354155 229654 infeasible  152      1405.82115 1069.29359  23.9%   4.0 3440s
 354575 230489     cutoff  149      1405.82115 1069.31772  23.9%   4.0 3464s
 355823 231515     cutoff  108      1405.82115 1069.39841  23.9%   4.0 3490s
 357127 232656 1168.03934   59   13 1405.82115 1069.48224  23.9%   4.0 3511s
 358474 233483     cutoff  134      1405.82115 1069.57588  23.9%   4.0 3539s
 359465 233569     cutoff  121      1405.82115 1069.61142  23.9%   4.0 3540s
 359574 234154     cutoff  134      1405.82115 1069.61665  23.9%   4.0 3560s
 360640 235212 1219.88869  111    9 1405.82115 1069.71565  23.9%   4.0 3580s
 361976 236125     cutoff  128      1405.82115 1069.82080  23.9%   4.0 3603s
 363176 237137     cutoff  138      1405.82115 1069.92114  23.9%   4.0 3626s
 364434 238022     cutoff  162      1405.82115 1069.99595  23.9%   4.0 3645s
 365600 239006 1234.41742  138    6 1405.82115 1070.01771  23.9%   4.0 3663s
 366869 239964     cutoff  139      1405.82115 1070.14820  23.9%   4.0 3687s
 368069 240880     cutoff  146      1405.82115 1070.19563  23.9%   4.0 3708s
 369298 241689 1109.24223   48    8 1405.82115 1070.30400  23.9%   4.0 3729s
 370377 242565     cutoff  160      1405.82115 1070.37429  23.9%   4.0 3751s
 371613 243308     cutoff  161      1405.82115 1070.44170  23.9%   4.0 3771s
 372674 243835     cutoff  107      1405.82115 1070.51052  23.9%   4.0 3794s
 373615 244550 1201.55776   48    9 1405.82115 1070.52578  23.9%   4.0 3815s
 374691 245471 1346.00889   74    8 1405.82115 1070.63256  23.8%   4.0 3837s
 375873 245949 1085.78277   54   12 1405.82115 1070.72100  23.8%   4.0 3859s
 376471 246940 1094.10013   92   21 1405.82115 1070.79550  23.8%   4.0 3882s
 377802 247325     cutoff  165      1405.82115 1070.81150  23.8%   4.0 3915s
 378637 248050     cutoff  102      1405.82115 1070.91089  23.8%   4.0 3944s
 379677 248532     cutoff  126      1405.82115 1070.93071  23.8%   4.0 3976s
 380611 249457     cutoff  134      1405.82115 1070.94115  23.8%   4.0 4007s
 381814 250135 1199.26542  152    8 1405.82115 1070.99861  23.8%   4.0 4035s
 382857 250626 1299.21918  154   12 1405.82115 1071.05958  23.8%   4.0 4071s
 383805 251255     cutoff   68      1405.82115 1071.10967  23.8%   4.0 4103s
 384839 251836     cutoff   95      1405.82115 1071.11320  23.8%   4.1 4133s
 385951 252877     cutoff  119      1405.82115 1071.18005  23.8%   4.1 4162s
 387354 254118 1228.73886  120   11 1405.82115 1071.31064  23.8%   4.1 4188s
 388818 255096     cutoff  122      1405.82115 1071.40067  23.8%   4.1 4222s
 390089 255746 1225.86517  100    8 1405.82115 1071.47861  23.8%   4.1 4252s
 391162 256500     cutoff  121      1405.82115 1071.54745  23.8%   4.1 4276s
 392324 257373 1275.53643  150   23 1405.82115 1071.58892  23.8%   4.1 4305s
 393440 258534 1397.86409  153   18 1405.82115 1071.68046  23.8%   4.1 4332s
 394865 259557     cutoff  132      1405.82115 1071.77446  23.8%   4.1 4356s
 396196 260033     cutoff  120      1405.82115 1071.79446  23.8%   4.1 4383s
 397209 260848 infeasible  122      1405.82115 1071.93242  23.8%   4.1 4408s
 398421 261169 1199.26275  107    6 1405.82115 1071.98876  23.7%   4.1 4447s
 399261 261831 1270.84611  114   20 1405.82115 1072.04514  23.7%   4.1 4477s
 400362 262742 1323.48154  128   19 1405.82115 1072.06969  23.7%   4.1 4502s
 401632 264000     cutoff  140      1405.82115 1072.19322  23.7%   4.1 4525s
 403119 265044 1339.69454  162    9 1405.82115 1072.24372  23.7%   4.1 4547s
 404445 265492     cutoff  154      1405.82115 1072.34436  23.7%   4.1 4580s
 405337 266279 1254.88414   46    9 1405.82115 1072.45794  23.7%   4.1 4610s
 406476 267171 1141.67092   83   26 1405.82115 1072.51782  23.7%   4.1 4635s
 407727 267331 1368.40988  124    8 1405.82115 1072.63401  23.7%   4.1 4672s
 407797 268169 1287.76556   75    6 1405.82115 1072.63723  23.7%   4.1 4711s
 409010 269052 infeasible   87      1405.82115 1072.68140  23.7%   4.1 4743s
 410195 269772     cutoff  118      1405.82115 1072.73894  23.7%   4.1 4774s
 411292 270246 1107.17349   38   14 1405.82115 1072.78740  23.7%   4.1 4809s
 412142 270823     cutoff   89      1405.82115 1072.84447  23.7%   4.1 4840s
 413165 271672 1137.14042   70   17 1405.82115 1072.87025  23.7%   4.1 4872s
 414421 272564 1402.74618  100    - 1405.82115 1072.93482  23.7%   4.1 4901s
 415706 273512     cutoff  117      1405.82115 1073.05012  23.7%   4.1 4934s
 416193 273555 1128.64926  169   20 1405.82115 1073.05012  23.7%   4.1 4935s
 416941 274451 1355.35741  138    - 1405.82115 1073.13158  23.7%   4.1 4962s
 418273 274976     cutoff  138      1405.82115 1073.27402  23.7%   4.1 4999s
 419224 275740 1151.87340   66   12 1405.82115 1073.33125  23.7%   4.1 5033s
 420346 276276 1185.90709   91   24 1405.82115 1073.33125  23.7%   4.1 5066s
 421340 277237     cutoff  119      1405.82115 1073.33497  23.7%   4.1 5090s
 422635 278456 1275.43362  129    - 1405.82115 1073.54281  23.6%   4.1 5121s
 424040 279527 1156.30258  130   12 1405.82115 1073.66278  23.6%   4.1 5149s
 425466 280512     cutoff  197      1405.82115 1073.69388  23.6%   4.1 5177s
 426793 281590 1398.17385  138    - 1405.82115 1073.82013  23.6%   4.1 5208s
 428135 282612     cutoff  138      1405.82115 1073.89555  23.6%   4.1 5232s
 429379 283406 1367.37589  138    - 1405.82115 1073.97698  23.6%   4.1 5268s
 430553 284118 1176.02821   50    6 1405.82115 1074.04028  23.6%   4.1 5297s
 431627 284912 1362.01629   65   10 1405.82115 1074.12417  23.6%   4.1 5326s
 432755 285961     cutoff  127      1405.82115 1074.24698  23.6%   4.1 5358s
 434172 286799     cutoff  156      1405.82115 1074.29594  23.6%   4.1 5386s
 435395 288105 infeasible  121      1405.82115 1074.29594  23.6%   4.1 5412s
 436878 289259     cutoff  139      1405.82115 1074.42284  23.6%   4.1 5436s
 438256 290237 1283.27668  170    8 1405.82115 1074.46428  23.6%   4.1 5459s
 439537 291292     cutoff  143      1405.82115 1074.53954  23.6%   4.1 5483s
 440832 292289 1279.14508  164   32 1405.82115 1074.60219  23.6%   4.1 5510s
 442114 293042 1119.90689   50   12 1405.82115 1074.68959  23.6%   4.1 5539s
 443234 293938 1259.07804   48    6 1405.82115 1074.78077  23.5%   4.1 5565s
 444335 294757 1392.55254  125    9 1405.82115 1074.82652  23.5%   4.1 5595s
 445521 295569 infeasible  127      1405.82115 1074.93437  23.5%   4.1 5625s
 446657 296638 1386.10254  100   14 1405.82115 1075.00599  23.5%   4.1 5652s
 447920 297586 1075.65348   95    - 1405.82115 1075.12186  23.5%   4.1 5682s
 449188 298610 1382.47743  148    6 1405.82115 1075.17683  23.5%   4.1 5710s
 450432 299396     cutoff  113      1405.82115 1075.23090  23.5%   4.1 5742s
 451573 299954     cutoff   96      1405.82115 1075.29055  23.5%   4.1 5777s
 452563 301028 1212.51298   87    6 1405.82115 1075.32955  23.5%   4.1 5807s
 453844 301572 1374.94996  125   13 1405.82115 1075.37354  23.5%   4.1 5843s
 454819 302264 1359.75844  124    - 1405.82115 1075.41026  23.5%   4.1 5869s
 455789 303304 1372.68727  124    - 1405.82115 1075.43916  23.5%   4.1 5893s
 457090 304074     cutoff  124      1405.82115 1075.46103  23.5%   4.1 5924s
 458242 304968 1190.26557   57    6 1405.82115 1075.58613  23.5%   4.1 5952s
 459480 305732 1270.32950   81   13 1405.82115 1075.64164  23.5%   4.1 5981s
 460634 306638 1242.79483  149   25 1405.82115 1075.70905  23.5%   4.1 6006s
 461849 307463 1222.46161   49   10 1405.82115 1075.77734  23.5%   4.1 6034s
 463021 308223 infeasible  140      1405.82115 1075.89405  23.5%   4.1 6068s
 464129 308929 1263.00280   70   10 1405.82115 1075.93404  23.5%   4.1 6101s
 465154 309908 1117.17248  113    8 1405.82115 1075.99225  23.5%   4.1 6138s
 466387 310484     cutoff  140      1405.82115 1076.07283  23.5%   4.1 6175s
 467371 311001 1349.02768   62   14 1405.82115 1076.09688  23.5%   4.1 6213s
 468366 311787 1315.54293   86    6 1405.82115 1076.09688  23.5%   4.1 6245s
 469445 312901     cutoff  108      1405.82115 1076.18927  23.4%   4.1 6271s
 470813 314029     cutoff   88      1405.82115 1076.29654  23.4%   4.1 6303s
 472238 314859 1167.13185  152   12 1405.82115 1076.32839  23.4%   4.1 6336s
 473468 315640 1145.00931   46    6 1405.82115 1076.34799  23.4%   4.1 6378s
 474560 315773     cutoff   91      1405.82115 1076.43115  23.4%   4.1 6426s
 474592 316495 1273.18291   73    - 1405.82115 1076.47935  23.4%   4.1 6457s
 475715 317544 1397.23843   96   17 1405.82115 1076.55092  23.4%   4.1 6484s
 477050 318178     cutoff  150      1405.82115 1076.59636  23.4%   4.1 6517s
 477980 318994 1229.13417  152   25 1405.82115 1076.65720  23.4%   4.1 6555s
 479216 319774 1285.78244  151    6 1405.82115 1076.68347  23.4%   4.1 6592s
 480357 320767     cutoff   99      1405.82115 1076.70626  23.4%   4.1 6619s
 481637 321698     cutoff  110      1405.82115 1076.79666  23.4%   4.1 6649s
 482929 322392 1084.43795   83   24 1405.82115 1076.91526  23.4%   4.1 6690s
 484007 323284 1356.48954  151    8 1405.82115 1077.00166  23.4%   4.1 6725s
 485104 324003     cutoff  131      1405.82115 1077.03784  23.4%   4.1 6757s
 486240 324950 1367.98417   68   16 1405.82115 1077.10260  23.4%   4.1 6787s
 487493 325595 infeasible  127      1405.82115 1077.13730  23.4%   4.1 6824s
 488266 325681     cutoff  132      1405.82115 1077.18424  23.4%   4.1 6825s
 488546 326259 1275.74586   80   10 1405.82115 1077.20698  23.4%   4.1 6862s
 489640 326896 1278.01234   76    - 1405.82115 1077.24927  23.4%   4.1 6896s
 490785 327689     cutoff   88      1405.82115 1077.28410  23.4%   4.1 6932s
 492027 328669     cutoff  130      1405.82115 1077.33073  23.4%   4.1 6966s
 493374 329947 1183.58196  129    6 1405.82115 1077.40009  23.4%   4.1 6996s
 494840 331180 1112.67141   88   17 1405.82115 1077.46518  23.4%   4.1 7024s
 496331 332207 1392.16967  142    - 1405.82115 1077.55263  23.4%   4.1 7051s
 497566 333223     cutoff  142      1405.82115 1077.61394  23.3%   4.1 7079s
 498118 333260     cutoff  131      1405.82115 1077.62448  23.3%   4.1 7080s
 498880 334406 1157.99281   94   23 1405.82115 1077.68274  23.3%   4.1 7107s
 500291 335489     cutoff  119      1405.82115 1077.73590  23.3%   4.1 7134s
 501645 336291     cutoff  124      1405.82115 1077.80417  23.3%   4.1 7167s
 502824 336996 1389.38316   68   15 1405.82115 1077.83628  23.3%   4.1 7200s

Cutting planes:
  Gomory: 5
  Zero half: 8
  RLT: 1
  Lazy constraints: 41414

Explored 503857 nodes (2061507 simplex iterations) in 7201.56 seconds
Thread count was 12 (of 12 available processors)

Solution count 8: 1405.82 1411.19 1436.75 ... 3009.89

Time limit reached
Best objective 1.405821154876e+03, best bound 1.077889189000e+03, gap 23.3267%

User-callback calls 2645393, time in user-callback 6.50 sec
/projects/academic/josewalt/caigao/RRARP_BD/BendersDecomp/ret/model_outs/n_21_h_5_algo_2.out
 =====>>>>> Solution is written to file in <../ret/model_outs> !!!
===>> All Done!
