NPROCS=0
This instance is clustered!
Gurobi Optimizer version 9.0.0 build v9.0.0rc2 (linux64)
Optimize a model with 38 rows, 362 columns and 722 nonzeros
Model fingerprint: 0xcb0b0062
Variable types: 1 continuous, 361 integer (361 binary)
Coefficient statistics:
  Matrix range     [1e+00, 1e+00]
  Objective range  [1e+00, 3e+02]
  Bounds range     [1e+00, 1e+00]
  RHS range        [1e+00, 1e+00]
Presolve removed 2 rows and 54 columns
Presolve time: 0.00s
Presolved: 36 rows, 308 columns, 614 nonzeros
Variable types: 1 continuous, 307 integer (307 binary)

Root relaxation: objective 4.195430e+02, 30 iterations, 0.00 seconds

    Nodes    |    Current Node    |     Objective Bounds      |     Work
 Expl Unexpl |  Obj  Depth IntInf | Incumbent    BestBd   Gap | It/Node Time

     0     0  442.04218    0   12          -  442.04218      -     -    0s
     0     0  573.80044    0   43          -  573.80044      -     -    0s
H    0     0                    1085.1331316  573.80044  47.1%     -    0s
H    0     0                     836.0251345  573.80044  31.4%     -    0s
     0     0  576.23850    0   42  836.02513  576.23850  31.1%     -    0s
     0     2  584.35054    0   42  836.02513  584.35054  30.1%     -    0s
H 2122  1429                     807.7399396  634.43476  21.5%   5.2    0s
H 2126  1360                     804.7259180  634.43476  21.2%   5.2    0s
 21098 10509  798.02250   27    7  804.72592  701.28383  12.9%   6.3    5s
 37662 17382     cutoff   34       804.72592  716.25487  11.0%   6.5   10s
 52807 22490     cutoff   48       804.72592  725.73425  9.82%   6.7   15s
 65084 25728  790.86100   48    6  804.72592  731.76472  9.07%   6.8   20s
 74981 28096  804.22318   42   12  804.72592  735.85575  8.56%   6.9   25s
 85073 30016  790.03865   39   13  804.72592  739.56970  8.10%   7.0   30s
 92623 31297  764.25667   34   28  804.72592  742.29599  7.76%   7.0   35s
 99570 32253     cutoff   57       804.72592  744.62161  7.47%   7.0   40s
 107920 33568  800.08387   39   14  804.72592  747.34983  7.13%   7.1   45s
 114576 34248  760.21273   34   42  804.72592  749.24224  6.89%   7.1  117s
 114584 34253  757.96172   44   53  804.72592  749.24224  6.89%   7.1  120s
 114592 34259  754.83991   34   49  804.72592  749.24224  6.89%   7.1  125s
 114645 34306  749.24224   30   28  804.72592  749.24224  6.89%   7.1  130s
 115018 34429  749.24224   34   29  804.72592  749.24224  6.89%   7.1  137s
 117235 34924  796.15740   61   25  804.72592  749.24224  6.89%   7.2  140s
 124209 36239     cutoff   69       804.72592  749.24224  6.89%   7.2  145s
 128903 37161  779.70029   65   22  804.72592  749.24224  6.89%   7.2  150s
 137100 37702 infeasible   46       804.72592  749.24224  6.89%   7.2  155s
H140639 35645                     804.7259087  749.24224  6.89%   7.3  157s
H140802 34009                     804.7259083  749.24224  6.89%   7.3  159s
 140917 34185     cutoff   65       804.72591  749.24224  6.89%   7.3  160s
 148677 34278     cutoff   61       804.72591  749.24224  6.89%   7.3  165s
 156440 33801     cutoff   73       804.72591  749.24224  6.89%   7.3  170s
 163347 32982  784.07262   62   24  804.72591  749.24224  6.89%   7.4  175s
 171055 31956     cutoff   64       804.72591  749.24224  6.89%   7.4  180s
 177863 30766  790.52823   54   20  804.72591  749.24224  6.89%   7.4  185s
 184638 29504  793.45327   50    6  804.72591  749.45858  6.87%   7.4  190s
 190355 28224 infeasible   48       804.72591  751.52723  6.61%   7.5  195s
 195296 26972  760.69057   45   24  804.72591  753.39329  6.38%   7.5  200s
 202725 24976     cutoff   44       804.72591  755.97365  6.06%   7.5  205s
 208115 23707     cutoff   64       804.72591  757.75844  5.84%   7.5  210s
 214169 23933     cutoff   63       804.72591  759.77840  5.59%   7.5  215s
 220757 23810     cutoff   56       804.72591  761.84902  5.33%   7.6  220s
 226616 23878     cutoff   74       804.72591  763.59183  5.11%   7.6  225s
 232385 23698  793.84178   75   30  804.72591  765.34531  4.89%   7.6  230s
 238009 23369     cutoff   41       804.72591  766.96935  4.69%   7.6  240s
 243922 22838     cutoff   45       804.72591  768.73183  4.47%   7.6  245s
 250160 22144     cutoff   48       804.72591  770.60249  4.24%   7.6  250s
 254855 21443  780.79986   47   26  804.72591  772.02933  4.06%   7.7  255s
 260753 20459 infeasible   53       804.72591  773.78235  3.85%   7.7  260s
 266982 19309     cutoff   62       804.72591  775.75763  3.60%   7.7  265s
 271745 18225     cutoff   46       804.72591  777.38594  3.40%   7.7  270s
 277468 16648  788.67744   75   16  804.72591  779.25806  3.16%   7.7  275s
 282241 15169  802.27136   67   12  804.72591  780.89559  2.96%   7.8  280s
 285877 14263  801.17568   51   10  804.72591  782.34127  2.78%   7.8  285s
 289898 12387     cutoff   68       804.72591  783.86589  2.59%   7.8  290s
 296100 10208     cutoff   71       804.72591  786.55802  2.26%   7.8  297s
 297635  8959  795.68272   44   18  804.72591  787.34986  2.16%   7.8  300s
 302704  6076  800.32005   54   31  804.72591  790.32026  1.79%   7.9  305s
 307705  2472     cutoff   37       804.72591  794.58123  1.26%   7.9  310s

Cutting planes:
  Gomory: 5
  MIR: 1
  Zero half: 2
  RLT: 1
  Lazy constraints: 761

Explored 311668 nodes (2459454 simplex iterations) in 313.41 seconds
Thread count was 12 (of 12 available processors)

Solution count 4: 804.726 807.74 836.025 1085.13 

Optimal solution found (tolerance 1.00e-04)
Best objective 8.047259083261e+02, best bound 8.047259083261e+02, gap 0.0000%

User-callback calls 696185, time in user-callback 0.33 sec
/projects/academic/josewalt/caigao/RRARP_BD/BendersDecomp/ret/model_outs/n_17_h_3_algo_3.out
 =====>>>>> Solution is written to file in <../ret/model_outs> !!!
===>> All Done!
