NPROCS=0
This instance is clustered!
Gurobi Optimizer version 9.0.0 build v9.0.0rc2 (linux64)
Optimize a model with 16 rows, 65 columns and 128 nonzeros
Model fingerprint: 0xaac0e9b9
Variable types: 1 continuous, 64 integer (64 binary)
Coefficient statistics:
  Matrix range     [1e+00, 1e+00]
  Objective range  [8e-01, 4e+01]
  Bounds range     [1e+00, 1e+00]
  RHS range        [1e+00, 1e+00]
Presolve removed 2 rows and 21 columns
Presolve time: 0.00s
Presolved: 14 rows, 44 columns, 86 nonzeros
Variable types: 1 continuous, 43 integer (43 binary)

Root relaxation: objective 4.813481e+01, 13 iterations, 0.00 seconds

    Nodes    |    Current Node    |     Objective Bounds      |     Work
 Expl Unexpl |  Obj  Depth IntInf | Incumbent    BestBd   Gap | It/Node Time

     0     0   48.86670    0    6          -   48.86670      -     -    0s
H    0     0                      64.1385026   48.86670  23.8%     -    0s
H    0     0                      50.0262564   48.86670  2.32%     -    0s
H    0     0                      49.7309299   48.86670  1.74%     -    0s
     0     0     cutoff    0        49.73093   49.73093  0.00%     -    0s

Cutting planes:
  Gomory: 1
  Lazy constraints: 7

Explored 1 nodes (20 simplex iterations) in 0.01 seconds
Thread count was 12 (of 12 available processors)

Solution count 3: 49.7309 50.0263 64.1385 

Optimal solution found (tolerance 1.00e-04)
Best objective 4.973092987540e+01, best bound 4.973092987540e+01, gap 0.0000%

User-callback calls 60, time in user-callback 0.00 sec
/projects/academic/josewalt/caigao/RRARP_BD/BendersDecomp/ret/model_outs/n_6_m_7_algo_3.out
 =====>>>>> Solution is written to file in <../ret/model_outs> !!!
===>> All Done!
