NPROCS=0
This instance is clustered!
Gurobi Optimizer version 9.0.0 build v9.0.0rc2 (linux64)
Optimize a model with 42 rows, 442 columns and 882 nonzeros
Model fingerprint: 0x45d091b1
Variable types: 1 continuous, 441 integer (441 binary)
Coefficient statistics:
  Matrix range     [1e+00, 1e+00]
  Objective range  [1e+00, 4e+02]
  Bounds range     [1e+00, 1e+00]
  RHS range        [1e+00, 1e+00]
Presolve removed 2 rows and 60 columns
Presolve time: 0.01s
Presolved: 40 rows, 382 columns, 762 nonzeros
Variable types: 1 continuous, 381 integer (381 binary)

Root relaxation: objective 6.181621e+02, 30 iterations, 0.00 seconds
 done with super cut 0

    Nodes    |    Current Node    |     Objective Bounds      |     Work
 Expl Unexpl |  Obj  Depth IntInf | Incumbent    BestBd   Gap | It/Node Time

     0     0  946.67176    0   34          -  946.67176      -     -    0s
 done with super cut 1
 done with super cut 2
 done with super cut 3
 done with super cut 4
 done with super cut 5
 done with super cut 6
 done with super cut 7
H    0     0                    1714.0271073  946.67176  44.8%     -    1s
     0     0  958.91053    0   42 1714.02711  958.91053  44.1%     -    1s
 done with super cut 8
 done with super cut 9
     0     0  959.35735    0   45 1714.02711  959.35735  44.0%     -    4s
 done with super cut 10
H    0     0                    1314.0277891  959.35735  27.0%     -    7s
     0     2  974.44435    0   49 1314.02779  974.44435  25.8%     -    7s
*  204   164              11    1304.9330937 1034.89936  20.7%   6.4    7s
*  205   164              11    1290.1058974 1034.89936  19.8%   6.4    7s
*  268   223              14    1239.4818528 1037.89305  16.3%   6.4    7s
*  330   267              15    1203.1763393 1037.89305  13.7%   6.4    7s
*  731   433              14    1156.9105511 1042.10038  9.92%   6.6    7s
* 2455   704              17    1129.2774542 1084.84125  3.93%   7.4    7s

Cutting planes:
  Gomory: 1
  Lazy constraints: 200

Explored 3814 nodes (32446 simplex iterations) in 7.67 seconds
Thread count was 12 (of 12 available processors)

Solution count 8: 1129.28 1156.91 1203.18 ... 1714.03

Optimal solution found (tolerance 1.00e-04)
Best objective 1.129277454195e+03, best bound 1.129277454195e+03, gap 0.0000%

User-callback calls 8099, time in user-callback 7.24 sec
/projects/academic/josewalt/caigao/RRARP_BD/BendersDecomp/ret/model_outs/n_19_m_10_algo_4.out
 =====>>>>> Solution is written to file in <../ret/model_outs> !!!
===>> All Done!
