NPROCS=0
This instance is clustered!
Gurobi Optimizer version 9.0.0 build v9.0.0rc2 (linux64)
Optimize a model with 30 rows, 226 columns and 450 nonzeros
Model fingerprint: 0x8991ad18
Variable types: 1 continuous, 225 integer (225 binary)
Coefficient statistics:
  Matrix range     [1e+00, 1e+00]
  Objective range  [1e+00, 2e+02]
  Bounds range     [1e+00, 1e+00]
  RHS range        [1e+00, 1e+00]
Presolve removed 2 rows and 42 columns
Presolve time: 0.00s
Presolved: 28 rows, 184 columns, 366 nonzeros
Variable types: 1 continuous, 183 integer (183 binary)

Root relaxation: objective 4.910136e+02, 33 iterations, 0.00 seconds

    Nodes    |    Current Node    |     Objective Bounds      |     Work
 Expl Unexpl |  Obj  Depth IntInf | Incumbent    BestBd   Gap | It/Node Time

     0     0  500.08032    0   18          -  500.08032      -     -    0s
     0     0  503.46751    0   15          -  503.46751      -     -    0s
H    0     0                     568.2982330  503.46751  11.4%     -    0s
     0     0  503.46751    0   15  568.29823  503.46751  11.4%     -    0s
     0     0  505.47348    0   13  568.29823  505.47348  11.1%     -    0s
     0     0  506.80628    0   13  568.29823  506.80628  10.8%     -    0s
     0     0  509.83327    0   11  568.29823  509.83327  10.3%     -    0s
     0     0  511.20462    0   30  568.29823  511.20462  10.0%     -    0s
     0     0  511.20462    0   30  568.29823  511.20462  10.0%     -    0s
     0     2  516.80378    0   30  568.29823  516.80378  9.06%     -    0s
H 1136     9                     568.2982205  556.36712  2.10%   3.3    0s

Cutting planes:
  Gomory: 2
  Zero half: 2
  Lazy constraints: 280

Explored 1167 nodes (3907 simplex iterations) in 0.26 seconds
Thread count was 12 (of 12 available processors)

Solution count 1: 568.298 

Optimal solution found (tolerance 1.00e-04)
Best objective 5.682982205363e+02, best bound 5.682718228306e+02, gap 0.0046%

User-callback calls 2861, time in user-callback 0.02 sec
/projects/academic/josewalt/caigao/RRARP_BD/BendersDecomp/ret/model_outs/n_13_e_1_algo_2.out
 =====>>>>> Solution is written to file in <../ret/model_outs> !!!
===>> All Done!
