NPROCS=0
This instance is clustered!
Gurobi Optimizer version 9.0.0 build v9.0.0rc2 (linux64)
Optimize a model with 54 rows, 730 columns and 1458 nonzeros
Model fingerprint: 0xc190e700
Variable types: 1 continuous, 729 integer (729 binary)
Coefficient statistics:
  Matrix range     [1e+00, 1e+00]
  Objective range  [1e+00, 6e+02]
  Bounds range     [1e+00, 1e+00]
  RHS range        [1e+00, 1e+00]
Presolve removed 2 rows and 78 columns
Presolve time: 0.01s
Presolved: 52 rows, 652 columns, 1302 nonzeros
Variable types: 1 continuous, 651 integer (651 binary)

Root relaxation: objective 1.024743e+03, 44 iterations, 0.00 seconds

    Nodes    |    Current Node    |     Objective Bounds      |     Work
 Expl Unexpl |  Obj  Depth IntInf | Incumbent    BestBd   Gap | It/Node Time

     0     0 1455.82320    0   30          - 1455.82320      -     -    0s
 done with super cut 0
     0     0 1461.11688    0   10          - 1461.11688      -     -    1s
     0     2 1461.11688    0   10          - 1461.11688      -     -    1s
 done with super cut 1
 done with super cut 2
 done with super cut 3
 done with super cut 4
 done with super cut 5
 done with super cut 6
   108   115 1563.24719    7   48          - 1545.71238      -   6.7   14s
 done with super cut 7
 done with super cut 8
 done with super cut 9
   252   283 1646.90454   14   17          - 1545.71238      -   6.8   40s
 done with super cut 10
   412   435 1824.30412   18   18          - 1545.71238      -   5.8   55s
* 3768  2674              97    2460.5112685 1556.47532  36.7%   6.9   57s
H 6212  3488                    2424.0862099 1556.47532  35.8%   6.9   58s
  9823  5949 1622.89214   40   31 2424.08621 1606.71572  33.7%   6.8   60s
 18715 12673 1946.18816   41   11 2424.08621 1634.63628  32.6%   6.9   65s
 23576 16640     cutoff   70      2424.08621 1643.12038  32.2%   6.9   70s
 30579 22338 1997.41070   79    7 2424.08621 1650.88469  31.9%   6.8   75s
 36920 27356 1943.68998   74   12 2424.08621 1656.83671  31.7%   6.7   80s
 41152 29852 2167.12325   74   10 2424.08621 1660.00049  31.5%   6.6  118s
H41153 28360                    2364.4165762 1660.00049  29.8%   6.6  121s
H41158 26945                    2074.9535680 1660.00049  20.0%   6.6  124s
 41160 26946 1948.75286   79   62 2074.95357 1660.00049  20.0%   6.6  125s
 41168 26952 1914.73367   34   67 2074.95357 1660.00049  20.0%   6.6  179s
 41169 26955 1660.00049   30   68 2074.95357 1660.00049  20.0%   6.6  183s
 41175 26965 1660.00049   32   63 2074.95357 1660.00049  20.0%   6.6  185s
 41643 27215 1799.55619   50   29 2074.95357 1660.00049  20.0%   6.7  190s
 42983 27822 1845.30775   97   23 2074.95357 1660.00049  20.0%   6.8  195s
 45250 28742 1713.71720   42   43 2074.95357 1660.00049  20.0%   6.8  200s
H47915 28274                    2074.9535676 1660.00049  20.0%   6.9  204s
 48396 28658 1863.01345   62   28 2074.95357 1661.63402  19.9%   6.9  205s
 50918 29677     cutoff   92      2074.95357 1673.32396  19.4%   7.0  210s
 52326 30444 infeasible   66      2074.95357 1677.20848  19.2%   7.0  215s
 55786 31918 1834.92351   57   18 2074.95357 1685.14393  18.8%   7.0  220s
 58511 32991 2055.54867   76    8 2074.95357 1687.39349  18.7%   7.0  225s
 62025 34071 1916.53320   90   27 2074.95357 1693.74757  18.4%   7.1  233s
 63010 35318     cutoff  113      2074.95357 1694.78471  18.3%   7.1  236s
 65917 36280 1952.14852   85    4 2074.95357 1698.17944  18.2%   7.1  241s
 67804 36902 1930.48503  153   12 2074.95357 1699.91909  18.1%   7.1  245s
 71061 38639 1796.53607   56   22 2074.95357 1701.88808  18.0%   7.1  250s
 75071 40547     cutoff   83      2074.95357 1704.26584  17.9%   7.1  255s
 79897 42627     cutoff   91      2074.95357 1707.20124  17.7%   7.1  261s
 82265 43399 2065.27643  108   21 2074.95357 1708.42316  17.7%   7.1  265s
 84513 44261 1893.56003  110   15 2074.95357 1709.47285  17.6%   7.1  270s
 88040 45809     cutoff   92      2074.95357 1711.34848  17.5%   7.1  276s
 89933 46626     cutoff  157      2074.95357 1712.26431  17.5%   7.1  281s
 92312 47874     cutoff  144      2074.95357 1713.17234  17.4%   7.1  285s
 96049 48909 1931.82384   73   24 2074.95357 1714.31470  17.4%   7.1  291s
 99233 50513     cutoff   97      2074.95357 1715.90575  17.3%   7.1  296s
 101633 51549     cutoff  138      2074.95357 1716.72927  17.3%   7.1  300s
H103064 50563                    2074.3608905 1717.36917  17.2%   7.1  303s
 103741 50409 1930.69030  153   37 2074.36089 1717.45986  17.2%   7.1  309s
 103810 50902 1935.75617  154   35 2074.36089 1717.56073  17.2%   7.1  311s
 105913 51986     cutoff   87      2074.36089 1718.20008  17.2%   7.1  316s
 108083 52884     cutoff  115      2074.36089 1719.08845  17.1%   7.2  320s
 110546 54151 infeasible  103      2074.36089 1720.01721  17.1%   7.2  325s
 113213 55133     cutoff   93      2074.36089 1720.87443  17.0%   7.1  330s
 116816 57851     cutoff  119      2074.36089 1722.14249  17.0%   7.2  335s
 120557 60116 1781.03097   62   35 2074.36089 1723.32359  16.9%   7.1  342s
 122410 61982 1964.32136  108   34 2074.36089 1723.90139  16.9%   7.2  346s
 124969 64022     cutoff  182      2074.36089 1724.43065  16.9%   7.1  350s
 127293 65206     cutoff  130      2074.36089 1725.17207  16.8%   7.1  356s
 129406 67002 1989.67129  113   51 2074.36089 1725.68850  16.8%   7.2  361s
 131852 68953 1906.81581   81   21 2074.36089 1726.39764  16.8%   7.1  365s
 135470 71530     cutoff   87      2074.36089 1727.58681  16.7%   7.1  371s
 137362 72688 infeasible   79      2074.36089 1728.20125  16.7%   7.2  375s
 140761 75534 2065.01716  133   16 2074.36089 1729.45978  16.6%   7.2  381s
 143220 77381     cutoff  128      2074.36089 1729.97851  16.6%   7.2  386s
 145200 78840     cutoff  111      2074.36089 1730.39353  16.6%   7.2  391s
 147536 80642     cutoff   82      2074.36089 1730.92773  16.6%   7.2  396s
 149920 82184     cutoff   75      2074.36089 1731.66051  16.5%   7.2  401s
 151781 83637 1851.44623   60   27 2074.36089 1731.90693  16.5%   7.2  407s
 153870 85279 infeasible   92      2074.36089 1732.56873  16.5%   7.2  412s
 155090 85794 1851.69730   65   31 2074.36089 1732.79808  16.5%   7.2  415s
 157004 87365     cutoff   93      2074.36089 1732.97235  16.5%   7.2  422s
 159378 89159     cutoff  102      2074.36089 1733.63119  16.4%   7.2  427s
 161671 91110     cutoff   90      2074.36089 1734.15725  16.4%   7.2  433s
 163010 92017 infeasible   74      2074.36089 1734.32182  16.4%   7.2  436s
 165453 93524     cutoff  104      2074.36089 1734.88844  16.4%   7.2  442s
 166077 94096     cutoff   76      2074.36089 1734.99690  16.4%   7.3  445s
 168487 95732 infeasible   97      2074.36089 1735.48429  16.3%   7.3  450s
 170633 97465 2010.82911   95   27 2074.36089 1735.91870  16.3%   7.3  458s
 171817 98284 1886.75050   85   27 2074.36089 1736.24394  16.3%   7.3  461s
 172957 98780 1951.14983  132   24 2074.36089 1736.51055  16.3%   7.3  465s
 174557 100162     cutoff  153      2074.36089 1736.69450  16.3%   7.3  472s
 175702 100731 1837.89914   66   21 2074.36089 1736.84179  16.3%   7.3  476s
 177865 102640 2031.75028  103   28 2074.36089 1737.11608  16.3%   7.3  482s
 179187 103673     cutoff   97      2074.36089 1737.53685  16.2%   7.3  485s
 181425 105344 1913.48215   86    6 2074.36089 1737.86507  16.2%   7.3  492s
 182842 106214     cutoff  115      2074.36089 1738.15859  16.2%   7.3  495s
 185449 108203 1748.23218   72   42 2074.36089 1738.84563  16.2%   7.3  501s
 186662 108679 1766.17647   64   30 2074.36089 1739.06845  16.2%   7.3  505s
 188862 110432     cutoff  124      2074.36089 1739.40950  16.1%   7.3  512s
 189987 111199     cutoff  101      2074.36089 1739.74463  16.1%   7.3  515s
 192225 112953     cutoff   86      2074.36089 1740.12840  16.1%   7.4  521s
 193642 113487 1871.64076  104   27 2074.36089 1740.50599  16.1%   7.3  525s
 195290 115244 2022.95052   82    8 2074.36089 1740.77127  16.1%   7.4  532s
 196754 116085 1820.42504   73   50 2074.36089 1741.02677  16.1%   7.4  535s
 199251 117864     cutoff   85      2074.36089 1741.39179  16.1%   7.4  543s
 200238 118301     cutoff   77      2074.36089 1741.53153  16.0%   7.4  547s
 201013 119040     cutoff   74      2074.36089 1741.64816  16.0%   7.4  551s
 203521 120803     cutoff  115      2074.36089 1742.13718  16.0%   7.4  558s
 204675 121838     cutoff  107      2074.36089 1742.29968  16.0%   7.4  561s
 207613 123814     cutoff   98      2074.36089 1742.68171  16.0%   7.4  567s
 208604 124715     cutoff   87      2074.36089 1742.83994  16.0%   7.4  570s
 211007 126303 1968.61576   88   40 2074.36089 1743.19958  16.0%   7.4  578s
 211978 127143     cutoff   76      2074.36089 1743.52975  15.9%   7.4  581s
 213151 128098     cutoff   91      2074.36089 1743.68761  15.9%   7.4  585s
 215697 129930     cutoff  107      2074.36089 1743.98594  15.9%   7.4  591s
 218362 132182     cutoff  102      2074.36089 1744.40017  15.9%   7.4  597s
 219782 132963     cutoff  110      2074.36089 1744.57833  15.9%   7.4  600s
 220800 133502 2019.64406  167    6 2074.36089 1744.78590  15.9%   7.4  605s
 222785 134728     cutoff   66      2074.36089 1745.00937  15.9%   7.4  613s
 223540 135487 1980.41115   90   20 2074.36089 1745.14532  15.9%   7.5  616s
 226015 137395     cutoff  139      2074.36089 1745.43014  15.9%   7.5  623s
 227049 137914     cutoff   90      2074.36089 1745.70058  15.8%   7.5  627s
 227913 138670 infeasible   70      2074.36089 1745.72406  15.8%   7.5  630s
 230512 140711     cutoff  103      2074.36089 1746.24909  15.8%   7.5  638s
 231680 141722     cutoff   76      2074.36089 1746.40457  15.8%   7.5  642s
 232990 142372     cutoff   95      2074.36089 1746.47775  15.8%   7.5  646s
 233983 143293 2012.52695   74   13 2074.36089 1746.60899  15.8%   7.5  650s
 235177 143366 1929.72627   50   22 2074.36089 1746.72526  15.8%   7.5  659s
 235265 143840 1939.28055   53   18 2074.36089 1746.74303  15.8%   7.5  663s
 236170 144869 1944.17735   68   10 2074.36089 1746.87003  15.8%   7.5  666s
 237482 145901     cutoff  151      2074.36089 1746.96966  15.8%   7.5  670s
 240082 147824 infeasible   73      2074.36089 1747.31751  15.8%   7.5  677s
 241445 148704     cutoff   60      2074.36089 1747.54049  15.8%   7.5  681s
 243923 150587     cutoff   96      2074.36089 1747.92628  15.7%   7.5  688s
 245257 151138     cutoff  125      2074.36089 1748.13360  15.7%   7.5  693s
 245965 151782     cutoff   87      2074.36089 1748.17323  15.7%   7.5  698s
 247054 152286     cutoff   55      2074.36089 1748.36536  15.7%   7.5  703s
 247953 152993 1947.53963   73   40 2074.36089 1748.50003  15.7%   7.5  708s
 249057 153853 1961.24801   62   25 2074.36089 1748.66004  15.7%   7.5  711s
 250250 154786 1840.91847   75   37 2074.36089 1748.86693  15.7%   7.5  716s
 251485 155459 1981.65860   97   23 2074.36089 1749.07073  15.7%   7.5  722s
 252340 156291     cutoff  131      2074.36089 1749.17967  15.7%   7.5  726s
 253551 157254 1963.13010  131   20 2074.36089 1749.30621  15.7%   7.5  731s
 256098 158953     cutoff   88      2074.36089 1749.68474  15.7%   7.5  739s
 257232 159713 2051.47029  105   33 2074.36089 1749.76480  15.6%   7.5  743s
 258450 160422     cutoff  120      2074.36089 1749.96634  15.6%   7.5  747s
 259390 161505     cutoff  101      2074.36089 1750.05619  15.6%   7.5  751s
 260777 162411     cutoff  100      2074.36089 1750.17261  15.6%   7.5  755s
 263096 164041 2021.44480   83    9 2074.36089 1750.44750  15.6%   7.5  763s
 264266 165023     cutoff  103      2074.36089 1750.59132  15.6%   7.5  766s
 265550 165932     cutoff  107      2074.36089 1750.79925  15.6%   7.5  770s
 266738 166664 1884.72060   90   52 2074.36089 1750.89964  15.6%   7.5  775s
 269129 168681     cutoff  109      2074.36089 1751.13826  15.6%   7.5  782s
 270552 169566 1872.85640   71   33 2074.36089 1751.31110  15.6%   7.5  786s
 271729 170084     cutoff   93      2074.36089 1751.43587  15.6%   7.5  790s
 273569 171767 1990.93645  116   40 2074.36089 1751.53821  15.6%   7.5  798s
 274850 172421     cutoff  112      2074.36089 1751.80602  15.5%   7.5  802s
 275841 173344     cutoff   89      2074.36089 1752.00154  15.5%   7.5  806s
 277010 174438 1874.70575   66   18 2074.36089 1752.13246  15.5%   7.5  810s
 279369 175854     cutoff   66      2074.36089 1752.37235  15.5%   7.5  819s
 280545 176891 2061.09871   87   13 2074.36089 1752.57188  15.5%   7.5  823s
 281924 177557 1834.15973   61   41 2074.36089 1752.71881  15.5%   7.5  827s
 283045 178477 1898.14129   76   46 2074.36089 1752.85685  15.5%   7.5  832s
 284324 179429     cutoff   80      2074.36089 1752.98421  15.5%   7.5  839s
 285517 180142     cutoff  125      2074.36089 1753.09063  15.5%   7.5  843s
 286703 180812     cutoff   95      2074.36089 1753.27514  15.5%   7.5  849s
 287822 181808     cutoff   57      2074.36089 1753.39602  15.5%   7.5  853s
 289170 182777 1918.66222  102   32 2074.36089 1753.57156  15.5%   7.5  857s
 290468 183606     cutoff  133      2074.36089 1753.69588  15.5%   7.5  861s
 291656 184450 2029.86024  120   27 2074.36089 1753.82154  15.5%   7.5  865s
 293942 186410     cutoff  118      2074.36089 1754.02694  15.4%   7.5  873s
 295250 187447 2063.73722   87   34 2074.36089 1754.19014  15.4%   7.5  877s
 296604 188362 2028.74273   81   15 2074.36089 1754.36551  15.4%   7.5  880s
 298987 189899     cutoff   86      2074.36089 1754.54476  15.4%   7.5  888s
 300072 190694     cutoff  103      2074.36089 1754.63350  15.4%   7.5  892s
 301310 191527 1992.14118  101   38 2074.36089 1754.81665  15.4%   7.5  896s
 302418 192033 1851.89316   69   42 2074.36089 1754.90519  15.4%   7.5  901s
 303251 192460 1773.87970   79   52 2074.36089 1755.01853  15.4%   7.6  906s
 304047 192942     cutoff  106      2074.36089 1755.10635  15.4%   7.6  911s
 304790 193908     cutoff   94      2074.36089 1755.17518  15.4%   7.6  915s
 306069 194595 2049.82127  112   13 2074.36089 1755.34355  15.4%   7.6  920s
 307032 195010 1956.51468   76   25 2074.36089 1755.50059  15.4%   7.6  926s
 308349 196388 1997.31826   93   19 2074.36089 1755.50892  15.4%   7.6  934s
 309721 197045     cutoff  107      2074.36089 1755.71360  15.4%   7.6  940s
 310806 197668 1860.38394   68   25 2074.36089 1755.78484  15.4%   7.6  945s
 311795 198648 2043.80535   80   25 2074.36089 1755.86855  15.4%   7.6  950s
 313168 199643     cutoff   88      2074.36089 1755.98290  15.3%   7.6  955s
 314606 200585 2046.68762   88   21 2074.36089 1756.12045  15.3%   7.6  960s
 315784 201234     cutoff   92      2074.36089 1756.22649  15.3%   7.6  965s
 316865 202198     cutoff   63      2074.36089 1756.43089  15.3%   7.6  971s
 318187 203191 1987.11308   52   16 2074.36089 1756.62292  15.3%   7.6  976s
 319510 204184 infeasible   98      2074.36089 1756.76811  15.3%   7.6  981s
 320807 205284 1912.02561  105   35 2074.36089 1756.88743  15.3%   7.6  987s
 322236 206249     cutoff  148      2074.36089 1757.02618  15.3%   7.6  993s
 323509 206908     cutoff   88      2074.36089 1757.21254  15.3%   7.6  998s
 324605 207437     cutoff   89      2074.36089 1757.32625  15.3%   7.6 1004s
 325466 208466 2028.78332   74    9 2074.36089 1757.42526  15.3%   7.6 1009s
 326856 208934     cutoff  100      2074.36089 1757.53797  15.3%   7.6 1015s
 327462 209804     cutoff   89      2074.36089 1757.62980  15.3%   7.6 1021s
 328759 210853 1959.13672   60   54 2074.36089 1757.79306  15.3%   7.6 1027s
 330137 211915 1982.54674   83   40 2074.36089 1757.96419  15.3%   7.6 1033s
 331532 212984     cutoff  104      2074.36089 1758.05579  15.2%   7.6 1038s
 332892 213596     cutoff   99      2074.36089 1758.18752  15.2%   7.6 1043s
 333907 214635     cutoff   92      2074.36089 1758.24619  15.2%   7.6 1049s
 335258 215533 2053.19373   61   11 2074.36089 1758.38864  15.2%   7.6 1053s
 336629 216125 infeasible  117      2074.36089 1758.51801  15.2%   7.6 1060s
 337608 217231 1986.77693  108   33 2074.36089 1758.63619  15.2%   7.6 1067s
 338996 218189 1996.44327  107   14 2074.36089 1758.70404  15.2%   7.6 1072s
 340370 219256     cutoff  127      2074.36089 1758.85047  15.2%   7.6 1076s
 341722 219977 2012.57835   82    8 2074.36089 1758.98150  15.2%   7.6 1080s
H343456 220811                    2074.3608886 1759.16348  15.2%   7.6 1084s
 343937 221538 1843.79573   62   43 2074.36089 1759.22289  15.2%   7.6 1091s
 345025 222750 2035.79289   78    6 2074.36089 1759.34541  15.2%   7.6 1098s
 346522 223760 1991.57731  103   20 2074.36089 1759.44029  15.2%   7.6 1104s
 347957 224262 1961.39997   73   29 2074.36089 1759.59895  15.2%   7.6 1109s
 348634 224287 2031.99811  133    6 2074.36089 1759.68263  15.2%   7.6 1110s
 348808 224973 2034.73801   77    9 2074.36089 1759.68357  15.2%   7.6 1117s
 349852 225780     cutoff   94      2074.36089 1759.77325  15.2%   7.6 1124s
 350894 226531 2025.44405  102   24 2074.36089 1759.97467  15.2%   7.6 1131s
 352015 227616 1949.26062  101   29 2074.36089 1760.09046  15.2%   7.6 1138s
 353450 228346     cutoff  135      2074.36089 1760.21090  15.1%   7.6 1145s
 354997 229750 1862.53134   78   31 2074.36089 1760.40657  15.1%   7.6 1153s
 356269 230474     cutoff  137      2074.36089 1760.48270  15.1%   7.6 1158s
 357248 231541 1951.46808   55    9 2074.36089 1760.55495  15.1%   7.6 1165s
 358656 232193     cutoff   88      2074.36089 1760.67867  15.1%   7.6 1170s
 359759 233005     cutoff   77      2074.36089 1760.77432  15.1%   7.6 1176s
 361008 233991 infeasible   73      2074.36089 1760.84755  15.1%   7.6 1182s
 362298 234530     cutoff  176      2074.36089 1761.00194  15.1%   7.6 1189s
 363193 235426 1959.12862   66   18 2074.36089 1761.12361  15.1%   7.6 1197s
 364557 236522     cutoff  114      2074.36089 1761.25387  15.1%   7.6 1204s
 365919 237419 infeasible   94      2074.36089 1761.39412  15.1%   7.6 1211s
 367197 238408     cutoff   92      2074.36089 1761.51055  15.1%   7.6 1217s
 368493 238908 1837.67717   51   22 2074.36089 1761.64224  15.1%   7.6 1224s
 369401 239752     cutoff  113      2074.36089 1761.72938  15.1%   7.6 1232s
 370685 240566     cutoff   79      2074.36089 1761.79193  15.1%   7.6 1239s
 371834 241605     cutoff   96      2074.36089 1761.94162  15.1%   7.6 1247s
 373206 242711     cutoff   88      2074.36089 1762.06771  15.1%   7.6 1252s
 374599 243588 2069.10879   80    9 2074.36089 1762.17443  15.0%   7.6 1258s
 375833 244416     cutoff  124      2074.36089 1762.34615  15.0%   7.6 1263s
H375835 244416                    2074.3608647 1762.34615  15.0%   7.6 1263s
 376935 245180     cutoff   99      2074.36086 1762.47226  15.0%   7.6 1270s
 379432 247031 2068.61243   71   31 2074.36086 1762.74269  15.0%   7.6 1279s
 380683 248161     cutoff   95      2074.36086 1762.87325  15.0%   7.6 1284s
 382128 248939     cutoff   98      2074.36086 1762.98225  15.0%   7.6 1290s
 383152 249734 2055.91183   72   33 2074.36086 1763.06928  15.0%   7.6 1295s
 385652 251721     cutoff  102      2074.36086 1763.37395  15.0%   7.6 1304s
 386959 252589     cutoff  119      2074.36086 1763.44350  15.0%   7.6 1309s
 388150 253387     cutoff  111      2074.36086 1763.53117  15.0%   7.6 1313s
 389269 254244     cutoff   96      2074.36086 1763.58738  15.0%   7.6 1318s
 390534 255120 1822.76222   56   30 2074.36086 1763.71052  15.0%   7.6 1322s
 391822 255989     cutoff   96      2074.36086 1763.83667  15.0%   7.6 1327s
 392948 256586     cutoff  115      2074.36086 1763.94505  15.0%   7.6 1334s
 393807 257179 2032.86237  102   23 2074.36086 1764.02421  15.0%   7.6 1339s
 394751 258128     cutoff   71      2074.36086 1764.04148  15.0%   7.6 1344s
 396030 258981 1931.96362   92   45 2074.36086 1764.15216  15.0%   7.6 1349s
 397274 260078 1799.17233   62   24 2074.36086 1764.28234  14.9%   7.6 1354s
 398701 260852     cutoff   99      2074.36086 1764.40263  14.9%   7.6 1360s
 399704 261757 1997.92494   57   19 2074.36086 1764.47165  14.9%   7.6 1365s
 400943 262363 1915.58657   68   30 2074.36086 1764.57783  14.9%   7.6 1371s
 401864 263174     cutoff   64      2074.36086 1764.61480  14.9%   7.6 1376s
 403141 263976 1958.73127   57   18 2074.36086 1764.76933  14.9%   7.7 1383s
 404210 264469     cutoff   88      2074.36086 1764.84117  14.9%   7.7 1389s
 405139 265275     cutoff   94      2074.36086 1764.91750  14.9%   7.7 1394s
 406320 266285     cutoff   78      2074.36086 1764.94281  14.9%   7.7 1400s
 407656 267080     cutoff   69      2074.36086 1765.07895  14.9%   7.7 1406s
 408897 267888 1978.74887   84   21 2074.36086 1765.17835  14.9%   7.7 1412s
 410076 268666     cutoff  148      2074.36086 1765.24845  14.9%   7.7 1418s
 411195 269677     cutoff   95      2074.36086 1765.36011  14.9%   7.7 1425s
 412544 270511 infeasible   57      2074.36086 1765.47462  14.9%   7.7 1431s
 413822 271302     cutoff   88      2074.36086 1765.58802  14.9%   7.7 1437s
 414929 272325 1933.85492   60   15 2074.36086 1765.69594  14.9%   7.7 1442s
 416348 273273     cutoff   99      2074.36086 1765.79226  14.9%   7.7 1447s
 417650 274095     cutoff   61      2074.36086 1765.91486  14.9%   7.7 1452s
 418849 275170     cutoff   83      2074.36086 1766.01153  14.9%   7.7 1458s
 420174 275903     cutoff  101      2074.36086 1766.09743  14.9%   7.7 1472s
 421123 276824 infeasible  135      2074.36086 1766.17510  14.9%   7.7 1477s
 422476 277594     cutoff   80      2074.36086 1766.32152  14.8%   7.7 1482s
 423484 278698     cutoff   87      2074.36086 1766.41605  14.8%   7.7 1487s
 424943 279590 1995.05429   77   19 2074.36086 1766.52911  14.8%   7.7 1492s
 426117 280683 infeasible   85      2074.36086 1766.58826  14.8%   7.7 1498s
 427503 281423 1890.05152   55   35 2074.36086 1766.66346  14.8%   7.7 1503s
 428713 282288 1974.94039  102   27 2074.36086 1766.74412  14.8%   7.7 1510s
 429821 283143 infeasible   84      2074.36086 1766.80008  14.8%   7.7 1518s
 430981 283987 1913.77693   82   45 2074.36086 1766.85881  14.8%   7.7 1524s
 432165 284489     cutoff  128      2074.36086 1766.94945  14.8%   7.7 1529s
 432953 285459 2005.06846   90   14 2074.36086 1767.03919  14.8%   7.7 1535s
 434286 286415 2015.28944   79   24 2074.36086 1767.12810  14.8%   7.7 1543s
 435569 286858     cutoff   99      2074.36086 1767.20023  14.8%   7.7 1550s
 436474 287790 1824.24345   65   38 2074.36086 1767.31659  14.8%   7.7 1557s
 437763 288703 2001.91617  115    6 2074.36086 1767.35675  14.8%   7.7 1564s
 439031 289555     cutoff  116      2074.36086 1767.44644  14.8%   7.7 1571s
 440298 290551     cutoff  108      2074.36086 1767.60846  14.8%   7.7 1579s
 441707 291441 2048.19197  161   16 2074.36086 1767.67275  14.8%   7.7 1586s
 442944 292486     cutoff   98      2074.36086 1767.78085  14.8%   7.7 1592s
 444283 293301 1964.97611   71   13 2074.36086 1767.84290  14.8%   7.7 1598s
 445400 294122 infeasible   96      2074.36086 1767.92235  14.8%   7.7 1607s
 446589 294975     cutoff   67      2074.36086 1768.00210  14.8%   7.7 1614s
 447788 295664     cutoff   63      2074.36086 1768.12866  14.8%   7.7 1622s
 448881 296242     cutoff   71      2074.36086 1768.21214  14.8%   7.7 1629s
 450048 297028 infeasible   55      2074.36086 1768.26427  14.8%   7.7 1637s
 451213 297675 1970.92485   66   27 2074.36086 1768.38571  14.8%   7.7 1644s
 452139 298455 2048.62569   47   27 2074.36086 1768.46258  14.7%   7.7 1651s
 453413 299426 2001.05008   56   25 2074.36086 1768.57267  14.7%   7.7 1659s
 454765 300453 1998.54161  120   30 2074.36086 1768.63847  14.7%   7.7 1665s
 456208 301230 1952.45608   95   49 2074.36086 1768.80353  14.7%   7.7 1671s
 457304 301761     cutoff   68      2074.36086 1768.86834  14.7%   7.7 1678s
 458165 302481 2017.19683  102   39 2074.36086 1768.92945  14.7%   7.7 1685s
 459194 303463 infeasible  104      2074.36086 1769.01191  14.7%   7.7 1691s
 460554 304496 1800.03332   55   35 2074.36086 1769.10041  14.7%   7.7 1697s
 461975 304580 1899.46585   75   32 2074.36086 1769.19313  14.7%   7.7 1711s
 462051 305619 1936.15179   76   24 2074.36086 1769.19652  14.7%   7.7 1718s
 463487 306254     cutoff   81      2074.36086 1769.29209  14.7%   7.7 1725s
 464312 307186     cutoff   95      2074.36086 1769.34340  14.7%   7.7 1731s
 465612 308341 1857.43970   57   36 2074.36086 1769.45207  14.7%   7.7 1737s
 467147 309364     cutoff  109      2074.36086 1769.51756  14.7%   7.7 1742s
 468553 310217     cutoff   91      2074.36086 1769.62241  14.7%   7.7 1748s
 469844 311149     cutoff   93      2074.36086 1769.75674  14.7%   7.7 1753s
 471111 312345     cutoff  118      2074.36086 1769.89323  14.7%   7.7 1759s
 472613 313154 1949.49153   67   50 2074.36086 1770.00928  14.7%   7.7 1765s
 473729 314098     cutoff  102      2074.36086 1770.03928  14.7%   7.7 1771s
 475053 314897     cutoff  119      2074.36086 1770.18428  14.7%   7.7 1777s
 476282 315809     cutoff   90      2074.36086 1770.25823  14.7%   7.7 1783s
 477526 316651     cutoff   70      2074.36086 1770.38114  14.7%   7.7 1789s
 478737 317247 1813.97063   62   36 2074.36086 1770.46995  14.6%   7.7 1797s
 479665 318188 1964.35883   88   33 2074.36086 1770.51987  14.6%   7.7 1803s
 480962 318961 1959.25735  110   31 2074.36086 1770.62791  14.6%   7.7 1809s
 482112 319743 infeasible  122      2074.36086 1770.73232  14.6%   7.7 1816s
 483305 320555     cutoff  113      2074.36086 1770.86477  14.6%   7.7 1822s
 484504 321007 2050.77893   98   31 2074.36086 1770.93272  14.6%   7.7 1830s
 485323 321539 2005.95645   73   10 2074.36086 1771.00394  14.6%   7.7 1838s
 486235 322245 1879.30282   76   35 2074.36086 1771.02470  14.6%   7.7 1847s
 487428 323347     cutoff   96      2074.36086 1771.14255  14.6%   7.7 1855s
 488953 324213 1995.70039  100   43 2074.36086 1771.27204  14.6%   7.7 1864s
 490185 325173     cutoff  109      2074.36086 1771.33000  14.6%   7.7 1870s
 491605 326082 1986.77573   97   42 2074.36086 1771.44613  14.6%   7.7 1877s
 492866 326694     cutoff  117      2074.36086 1771.54566  14.6%   7.7 1884s
 493794 327727 1833.40417   73   50 2074.36086 1771.58628  14.6%   7.7 1890s
 495115 328643     cutoff  124      2074.36086 1771.68419  14.6%   7.7 1896s
 496324 329655     cutoff  102      2074.36086 1771.80975  14.6%   7.7 1902s
 497769 330770 1850.83756   51   48 2074.36086 1771.88609  14.6%   7.7 1908s
 499208 331656     cutoff   98      2074.36086 1771.96747  14.6%   7.7 1915s
 500450 332006 1818.47372   69   48 2074.36086 1772.02981  14.6%   7.7 1924s
 501174 332928 1828.86855   70   50 2074.36086 1772.07140  14.6%   7.7 1932s
 502463 333679     cutoff  117      2074.36086 1772.12198  14.6%   7.7 1942s
 503515 334640     cutoff   77      2074.36086 1772.20184  14.6%   7.8 1950s
 504895 335572 infeasible   73      2074.36086 1772.27368  14.6%   7.8 1956s
 506229 336489 2048.10859   64   10 2074.36086 1772.36956  14.6%   7.8 1961s
 507630 337122 2004.51315   55    4 2074.36086 1772.45318  14.6%   7.8 1969s
 508684 338095 2056.05070   74   33 2074.36086 1772.54715  14.5%   7.8 1976s
 509996 339115     cutoff  116      2074.36086 1772.60424  14.5%   7.8 1982s
 511364 339650 1936.74445  103   40 2074.36086 1772.69188  14.5%   7.8 1989s
 512090 340583     cutoff  151      2074.36086 1772.73726  14.5%   7.8 1995s
 513455 341418 2050.45893  102    6 2074.36086 1772.86377  14.5%   7.8 2002s
 514635 342431     cutoff  103      2074.36086 1772.97293  14.5%   7.8 2010s
 515983 343487     cutoff   98      2074.36086 1773.03049  14.5%   7.8 2015s
 517385 344327 infeasible   79      2074.36086 1773.12677  14.5%   7.8 2023s
 518515 345229 1861.17786  102   50 2074.36086 1773.18814  14.5%   7.8 2030s
 519684 346216     cutoff   71      2074.36086 1773.25231  14.5%   7.8 2036s
 521062 347292     cutoff  104      2074.36086 1773.30424  14.5%   7.8 2042s
 522496 348368     cutoff   66      2074.36086 1773.40941  14.5%   7.8 2050s
 523908 349312 1889.20488   76   42 2074.36086 1773.51608  14.5%   7.8 2057s
 525242 349968     cutoff  135      2074.36086 1773.56252  14.5%   7.8 2064s
 526101 351000 2005.26091  121   45 2074.36086 1773.60068  14.5%   7.8 2070s
 527566 351747 infeasible   95      2074.36086 1773.67796  14.5%   7.8 2077s
 528736 352549 2038.41892   99   24 2074.36086 1773.78210  14.5%   7.8 2085s
 529891 353255     cutoff  106      2074.36086 1773.89398  14.5%   7.8 2093s
 530970 353775 1883.49563   67   40 2074.36086 1773.90609  14.5%   7.8 2101s
 531961 354485     cutoff   90      2074.36086 1773.96340  14.5%   7.8 2109s
 533039 355036     cutoff   74      2074.36086 1774.03340  14.5%   7.8 2121s
 534227 355894 1837.50791   84   20 2074.36086 1774.03482  14.5%   7.8 2130s
 535437 356773     cutoff  129      2074.36086 1774.06854  14.5%   7.8 2138s
 536715 357665 1954.34621  128   26 2074.36086 1774.17047  14.5%   7.8 2147s
 538052 358456     cutoff  143      2074.36086 1774.26223  14.5%   7.8 2154s
 539199 359458 1940.56943   75   20 2074.36086 1774.31869  14.5%   7.8 2161s
 540617 360503     cutoff   89      2074.36086 1774.42646  14.5%   7.8 2167s
 542102 360909     cutoff  100      2074.36086 1774.52593  14.5%   7.8 2175s
 542893 361566     cutoff  101      2074.36086 1774.58259  14.5%   7.8 2182s
 543989 362062     cutoff   97      2074.36086 1774.65742  14.4%   7.8 2187s
 544734 362945     cutoff   71      2074.36086 1774.71802  14.4%   7.8 2195s
 546017 363764 1952.78607   70   20 2074.36086 1774.79304  14.4%   7.8 2204s
 547160 364858     cutoff   84      2074.36086 1774.84970  14.4%   7.8 2211s
 548625 365843     cutoff  108      2074.36086 1774.93153  14.4%   7.8 2218s
 550124 366439 1973.63256   88   26 2074.36086 1775.01754  14.4%   7.8 2225s
 551144 366891     cutoff   58      2074.36086 1775.10389  14.4%   7.8 2234s
 551853 367987 infeasible   90      2074.36086 1775.13669  14.4%   7.8 2241s
 553360 368550 1995.00149   72   35 2074.36086 1775.23471  14.4%   7.8 2252s
 554352 369233     cutoff   95      2074.36086 1775.28902  14.4%   7.8 2261s
 555391 370255 1937.58718   72   17 2074.36086 1775.34383  14.4%   7.8 2269s
 556870 371152 2033.46223   54    - 2074.36086 1775.42982  14.4%   7.8 2277s
 558088 371814     cutoff   73      2074.36086 1775.52059  14.4%   7.8 2286s
 559487 372698     cutoff  106      2074.36086 1775.57368  14.4%   7.8 2294s
 560753 373447     cutoff   86      2074.36086 1775.67742  14.4%   7.8 2303s
 561869 374234 2019.79260   76   41 2074.36086 1775.71102  14.4%   7.8 2310s
 562944 375301 1865.01236   89   17 2074.36086 1775.82000  14.4%   7.8 2319s
 564431 376288     cutoff  115      2074.36086 1775.88184  14.4%   7.8 2326s
 565848 377329 infeasible   73      2074.36086 1775.97045  14.4%   7.8 2334s
 567324 378025 infeasible  108      2074.36086 1776.03899  14.4%   7.8 2342s
 568278 378871     cutoff   99      2074.36086 1776.07908  14.4%   7.8 2352s
 569493 379690     cutoff   97      2074.36086 1776.14979  14.4%   7.8 2360s
 570747 380492 1998.76956   73   20 2074.36086 1776.26342  14.4%   7.8 2369s
 571992 381027 2060.05354   75   29 2074.36086 1776.36857  14.4%   7.8 2378s
 572971 381996 2036.14152  106    - 2074.36086 1776.40193  14.4%   7.8 2385s
 574424 383019 infeasible  106      2074.36086 1776.48889  14.4%   7.8 2397s
 575881 383932     cutoff  105      2074.36086 1776.60185  14.4%   7.8 2405s
 577093 384752 1802.94603   78   41 2074.36086 1776.67443  14.4%   7.8 2414s
 578298 385454     cutoff  101      2074.36086 1776.74776  14.3%   7.8 2423s
 579341 386516 2048.14041   68    4 2074.36086 1776.79923  14.3%   7.8 2431s
 580821 386986 infeasible  109      2074.36086 1776.91922  14.3%   7.8 2441s
 581753 387666 1957.53078   75   24 2074.36086 1777.02059  14.3%   7.8 2450s
H582326 387679                    2074.3608540 1777.02583  14.3%   7.8 2450s
 582837 388529     cutoff  113      2074.36085 1777.03785  14.3%   7.8 2458s
 584133 389500     cutoff   95      2074.36085 1777.12543  14.3%   7.8 2466s
 585562 390241     cutoff  121      2074.36085 1777.23741  14.3%   7.8 2475s
 586748 391023 2004.69008  108   29 2074.36085 1777.31354  14.3%   7.9 2483s
 588023 391637     cutoff  112      2074.36085 1777.37267  14.3%   7.9 2492s
 589051 392635 1905.70829   70   51 2074.36085 1777.43704  14.3%   7.9 2501s
 590427 393595 infeasible   81      2074.36085 1777.56019  14.3%   7.9 2510s
 591773 394395     cutoff   78      2074.36085 1777.65051  14.3%   7.9 2519s
 593067 395282     cutoff   95      2074.36085 1777.70731  14.3%   7.9 2526s
 594345 396234 1987.42282  101   41 2074.36085 1777.78945  14.3%   7.9 2533s
 595814 397071 2004.66570  117   35 2074.36085 1777.87798  14.3%   7.9 2541s
 597002 398016 2023.99509   75   35 2074.36085 1777.94605  14.3%   7.9 2548s
 598263 399144 1947.38381   58   13 2074.36085 1778.01459  14.3%   7.9 2555s
 599779 400143 2032.90097   62   14 2074.36085 1778.09456  14.3%   7.9 2564s
 601087 401029 1888.03903   54   21 2074.36085 1778.16066  14.3%   7.9 2573s
 602399 401793 2062.81004   90   16 2074.36085 1778.21095  14.3%   7.9 2583s
 603474 402731     cutoff   68      2074.36085 1778.29972  14.3%   7.9 2593s
 604782 403474     cutoff   94      2074.36085 1778.38793  14.3%   7.9 2602s
 605944 404319 1942.15198   73   37 2074.36085 1778.47447  14.3%   7.9 2612s
 607250 405140     cutoff   51      2074.36085 1778.53364  14.3%   7.9 2621s
 608448 405703 1909.24323   66   30 2074.36085 1778.64697  14.3%   7.9 2633s
 609360 406472     cutoff  101      2074.36085 1778.68663  14.3%   7.9 2642s
 610523 407559     cutoff   88      2074.36085 1778.77751  14.2%   7.9 2650s
 612001 408066     cutoff   91      2074.36085 1778.88728  14.2%   7.9 2661s
 612879 408919     cutoff   80      2074.36085 1778.92815  14.2%   7.9 2671s
 614173 409599 infeasible   76      2074.36085 1779.00562  14.2%   7.9 2681s
 615319 410356 infeasible   92      2074.36085 1779.06071  14.2%   7.9 2690s
 616429 411169     cutoff  112      2074.36085 1779.10409  14.2%   7.9 2703s
 617618 411984 1983.06804   83   15 2074.36085 1779.17164  14.2%   7.9 2713s
 618876 412607     cutoff   90      2074.36085 1779.24804  14.2%   7.9 2725s
 620023 413577 1969.73151   80   39 2074.36085 1779.27422  14.2%   7.9 2734s
 621371 414555     cutoff   99      2074.36085 1779.36036  14.2%   7.9 2742s
 622769 415505     cutoff   98      2074.36085 1779.43496  14.2%   7.9 2750s
 624185 416301 2053.57702  116   26 2074.36085 1779.55885  14.2%   7.9 2758s
 625391 416997 2072.09121   78   10 2074.36085 1779.63327  14.2%   7.9 2767s
 626607 417964     cutoff   92      2074.36085 1779.69436  14.2%   7.9 2775s
 627998 418734     cutoff  108      2074.36085 1779.78682  14.2%   7.9 2783s
 629125 419603 1978.12330   80   11 2074.36085 1779.85700  14.2%   7.9 2793s
 630371 420458 1881.07121   99   39 2074.36085 1779.92363  14.2%   7.9 2802s
 631706 421130     cutoff  128      2074.36085 1779.98881  14.2%   7.9 2809s
 632829 421912 1904.18547   71   37 2074.36085 1780.06377  14.2%   7.9 2818s
 634225 422771 2072.25630  101    6 2074.36085 1780.10230  14.2%   7.9 2828s
 635354 423518 1999.93178   59   10 2074.36085 1780.14407  14.2%   7.9 2836s
 636613 424115     cutoff   72      2074.36085 1780.24661  14.2%   7.9 2847s
 637642 424970     cutoff   94      2074.36085 1780.28373  14.2%   7.9 2857s
 638976 425745 1797.87572   44   19 2074.36085 1780.35039  14.2%   7.9 2866s
 640167 426906 1919.74290   71   25 2074.36085 1780.44550  14.2%   7.9 2876s
 641746 427750     cutoff   80      2074.36085 1780.50662  14.2%   7.9 2884s
 642813 427772     cutoff  117      2074.36085 1780.54975  14.2%   7.9 2885s
 643020 428232 1941.98927   57   41 2074.36085 1780.58348  14.2%   7.9 2894s
 643901 429126     cutoff   74      2074.36085 1780.65810  14.2%   7.9 2904s
 645219 430364 1886.38001   70   44 2074.36085 1780.69664  14.2%   7.9 2914s
 646733 431010 1997.99276  105   16 2074.36085 1780.77848  14.2%   7.9 2924s
 647839 431834 1985.78974   75   26 2074.36085 1780.84389  14.1%   7.9 2934s
 649077 432705     cutoff  105      2074.36085 1780.87981  14.1%   7.9 2943s
 650410 433679 1958.52242   60   24 2074.36085 1780.98834  14.1%   7.9 2951s
 651798 434569 1869.36802   81   32 2074.36085 1781.04484  14.1%   7.9 2963s
 652967 435371     cutoff  125      2074.36085 1781.08976  14.1%   7.9 2974s
 654206 436107     cutoff   73      2074.36085 1781.18995  14.1%   7.9 2985s
 655365 437164 2032.03097   80   30 2074.36085 1781.24685  14.1%   7.9 2995s
 656790 438006 2048.31527   84   18 2074.36085 1781.31228  14.1%   7.9 3005s
 658100 438992     cutoff  101      2074.36085 1781.39478  14.1%   7.9 3013s
 659511 439729 infeasible   87      2074.36085 1781.47923  14.1%   7.9 3020s
 660623 440180 1963.01078   90   35 2074.36085 1781.56906  14.1%   7.9 3027s
 661341 441071     cutoff  108      2074.36085 1781.60217  14.1%   7.9 3036s
 662678 441714 1850.05785   68   41 2074.36085 1781.70497  14.1%   7.9 3047s
 663765 442346     cutoff  137      2074.36085 1781.76103  14.1%   7.9 3056s
 664923 443122 1938.31060   84   41 2074.36085 1781.83617  14.1%   8.0 3068s
 666069 443842 1868.44474   78   31 2074.36085 1781.90647  14.1%   8.0 3076s
 667308 444488 1965.28891  138   51 2074.36085 1781.95722  14.1%   8.0 3086s
 668409 445016 infeasible   68      2074.36085 1782.01714  14.1%   8.0 3099s
 669431 445562     cutoff   69      2074.36085 1782.04638  14.1%   8.0 3109s
 670331 446419     cutoff   82      2074.36085 1782.12333  14.1%   8.0 3120s
 671720 447512     cutoff   70      2074.36085 1782.22501  14.1%   8.0 3130s
 673404 448345 2041.28696   80   31 2074.36085 1782.27055  14.1%   8.0 3139s
 674725 449412 infeasible   68      2074.36085 1782.32506  14.1%   8.0 3150s
 676228 450387     cutoff  102      2074.36085 1782.40267  14.1%   8.0 3160s
 677518 451375 1961.69055   79   41 2074.36085 1782.45765  14.1%   8.0 3171s
 678925 452103     cutoff  115      2074.36085 1782.53579  14.1%   8.0 3184s
 680040 452869     cutoff   53      2074.36085 1782.59139  14.1%   8.0 3194s
 681272 453883 1922.86053   68   45 2074.36085 1782.66800  14.1%   8.0 3203s
 682733 454569 infeasible   87      2074.36085 1782.76155  14.1%   8.0 3214s
 683835 455337 1925.21265   62   36 2074.36085 1782.85370  14.1%   8.0 3224s
 684936 456114     cutoff   81      2074.36085 1782.88882  14.1%   8.0 3232s
 686222 456670 2063.51867   75    - 2074.36085 1782.98718  14.0%   8.0 3243s
 687313 457708 2069.07725   87   28 2074.36085 1783.02168  14.0%   8.0 3252s
 688795 458620     cutoff   94      2074.36085 1783.12494  14.0%   8.0 3261s
 690176 459436     cutoff   82      2074.36085 1783.20752  14.0%   8.0 3270s
 691262 459897 1999.71852  103   44 2074.36085 1783.25046  14.0%   8.0 3282s
 692205 460731 1955.30260   81    6 2074.36085 1783.29114  14.0%   8.0 3291s
 693486 461933     cutoff   86      2074.36085 1783.37239  14.0%   8.0 3305s
 695070 462676     cutoff  112      2074.36085 1783.43835  14.0%   8.0 3315s
 696229 462778 1937.91792   57   37 2074.36085 1783.50418  14.0%   8.0 3339s
 696410 463672 1990.40851   76   34 2074.36085 1783.51896  14.0%   8.0 3352s
 697734 464276 1931.17683   75   36 2074.36085 1783.55159  14.0%   8.0 3364s
 698986 465263     cutoff   88      2074.36085 1783.62464  14.0%   8.0 3374s
 700413 465736 1834.61671   57   39 2074.36085 1783.68854  14.0%   8.0 3386s
 701263 466554     cutoff   74      2074.36085 1783.72333  14.0%   8.0 3395s
 702574 467639     cutoff   74      2074.36085 1783.77277  14.0%   8.0 3405s
 704134 468554     cutoff   91      2074.36085 1783.84640  14.0%   8.0 3418s
 705437 469203 1980.60606   69   24 2074.36085 1783.94028  14.0%   8.0 3433s
 706513 470161 1904.95400   65   39 2074.36085 1783.97984  14.0%   8.0 3443s
 707895 471261 1935.06528  114   32 2074.36085 1784.05848  14.0%   8.0 3453s
 709420 472127     cutoff  142      2074.36085 1784.16124  14.0%   8.0 3462s
 710728 472746 1877.40836   63   48 2074.36085 1784.23634  14.0%   8.0 3471s
 711752 473776 1975.49086   80   26 2074.36085 1784.27381  14.0%   8.0 3483s
 713131 474932     cutoff   63      2074.36085 1784.36549  14.0%   8.0 3492s
 714736 475898     cutoff  114      2074.36085 1784.43853  14.0%   8.0 3500s
 716075 476829     cutoff  110      2074.36085 1784.52244  14.0%   8.0 3509s
 717393 477750     cutoff  102      2074.36085 1784.57693  14.0%   8.0 3519s
 718712 478512     cutoff  109      2074.36085 1784.67500  14.0%   8.0 3529s
 719888 479349     cutoff   92      2074.36085 1784.72468  14.0%   8.0 3539s
 721140 480217     cutoff   94      2074.36085 1784.79352  14.0%   8.0 3550s
 722436 481127 1961.77867  105   26 2074.36085 1784.87435  14.0%   8.0 3560s
 723753 481964     cutoff  127      2074.36085 1784.93100  14.0%   8.0 3570s
 725000 482861 2000.82050   86   43 2074.36085 1784.99018  13.9%   8.0 3579s
 726305 483371 1893.14373   78   21 2074.36085 1785.06158  13.9%   8.0 3591s
 727143 484021 infeasible   94      2074.36085 1785.10110  13.9%   8.0 3600s
 728101 484965     cutoff  107      2074.36085 1785.12483  13.9%   8.0 3610s
 729462 486041     cutoff  104      2074.36085 1785.22421  13.9%   8.0 3619s
 731003 486858 2015.25050  112   37 2074.36085 1785.28064  13.9%   8.0 3630s
 732252 487724     cutoff   85      2074.36085 1785.31381  13.9%   8.0 3642s
 733608 488573 1988.58923   75   20 2074.36085 1785.39059  13.9%   8.0 3653s
 734999 489368 2063.17902   78   29 2074.36085 1785.48142  13.9%   8.0 3662s
 736126 490170 2021.66388  102   27 2074.36085 1785.53769  13.9%   8.0 3672s
 737522 491112 2004.00500   84   28 2074.36085 1785.61597  13.9%   8.0 3681s
 738931 491739 1812.54206   67   44 2074.36085 1785.68178  13.9%   8.0 3692s
 739945 492317     cutoff  102      2074.36085 1785.71162  13.9%   8.0 3703s
 741180 493254 2057.33592   73   18 2074.36085 1785.76135  13.9%   8.0 3714s
 742560 494168 1883.91693   64   30 2074.36085 1785.85300  13.9%   8.0 3726s
 743952 495211     cutoff   93      2074.36085 1785.90730  13.9%   8.0 3734s
 745386 495863 2044.20745  155   38 2074.36085 1786.00823  13.9%   8.0 3744s
 746367 496654 1863.63122   57   33 2074.36085 1786.06474  13.9%   8.1 3756s
 747587 497696     cutoff   88      2074.36085 1786.08742  13.9%   8.1 3764s
 749067 498465     cutoff   93      2074.36085 1786.16227  13.9%   8.1 3775s
 750281 499369 1906.67396   46   14 2074.36085 1786.24045  13.9%   8.1 3784s
 751584 500307 1998.27965   96   26 2074.36085 1786.28570  13.9%   8.1 3792s
 752971 500920     cutoff  100      2074.36085 1786.35089  13.9%   8.1 3802s
 754104 501738 1935.78213  110   44 2074.36085 1786.38559  13.9%   8.1 3812s
 755266 502613 2030.03028   70   38 2074.36085 1786.42454  13.9%   8.1 3822s
 756523 503630     cutoff   81      2074.36085 1786.48738  13.9%   8.1 3833s
 758003 504338     cutoff  111      2074.36085 1786.56786  13.9%   8.1 3847s
 759200 505196 2051.60989   78   12 2074.36085 1786.61846  13.9%   8.1 3857s
 760383 506270     cutoff   79      2074.36085 1786.67355  13.9%   8.1 3869s
 761893 507180     cutoff   77      2074.36085 1786.74897  13.9%   8.1 3880s
 763261 507866 1981.11347   83   45 2074.36085 1786.80555  13.9%   8.1 3891s
 764343 508593 2042.32965  103   12 2074.36085 1786.84847  13.9%   8.1 3902s
 765571 509570     cutoff  104      2074.36085 1786.95024  13.9%   8.1 3912s
 766902 510272 1842.63688   57   33 2074.36085 1787.04788  13.9%   8.1 3921s
 768141 511145 2058.43762   71    6 2074.36085 1787.10333  13.8%   8.1 3931s
 769446 511742 infeasible   74      2074.36085 1787.13181  13.8%   8.1 3942s
 770321 512500     cutoff   82      2074.36085 1787.20326  13.8%   8.1 3952s
 771555 513326     cutoff   90      2074.36085 1787.24260  13.8%   8.1 3964s
 772768 514101     cutoff   84      2074.36085 1787.31517  13.8%   8.1 3976s
 774021 514767     cutoff   88      2074.36085 1787.38278  13.8%   8.1 3987s
 775103 515670 2066.01374   91   15 2074.36085 1787.43779  13.8%   8.1 3998s
 776373 516374 1952.84014   67   48 2074.36085 1787.47026  13.8%   8.1 4011s
 777427 517235 1972.62032   74   42 2074.36085 1787.50355  13.8%   8.1 4022s
 778817 518325 2049.49273   73   22 2074.36085 1787.57712  13.8%   8.1 4034s
 780246 519194 2057.92079   93    - 2074.36085 1787.64270  13.8%   8.1 4045s
 781601 520153 2054.50150   76   20 2074.36085 1787.70561  13.8%   8.1 4057s
 782989 521296     cutoff  122      2074.36085 1787.77194  13.8%   8.1 4067s
 784502 522187 1969.23326   86   21 2074.36085 1787.83271  13.8%   8.1 4079s
 785956 523085 1969.41965   94   37 2074.36085 1787.89284  13.8%   8.1 4088s
 787216 523745 2068.39401   82    - 2074.36085 1787.97087  13.8%   8.1 4099s
 788401 524544 2069.86097   84    8 2074.36085 1788.01235  13.8%   8.1 4112s
 789539 525448     cutoff   75      2074.36085 1788.04470  13.8%   8.1 4125s
 790814 526417 1995.51296   76   17 2074.36085 1788.12679  13.8%   8.1 4136s
 792205 526935     cutoff   81      2074.36085 1788.18925  13.8%   8.1 4150s
 793274 527772 infeasible   77      2074.36085 1788.23524  13.8%   8.1 4162s
 794636 528417 2017.18248   70   18 2074.36085 1788.30010  13.8%   8.1 4177s
 795887 529136     cutoff   80      2074.36085 1788.35994  13.8%   8.1 4187s
 797031 529920     cutoff  104      2074.36085 1788.40990  13.8%   8.1 4199s
 798293 530818 2018.19272   60   12 2074.36085 1788.46485  13.8%   8.1 4209s
 799619 531903 1944.89752   81   33 2074.36085 1788.51163  13.8%   8.1 4220s
 801137 532532 1935.54944   66   37 2074.36085 1788.58900  13.8%   8.1 4230s
 802327 533254 2015.54302   73    6 2074.36085 1788.65915  13.8%   8.1 4241s
 803405 534077     cutoff   75      2074.36085 1788.71029  13.8%   8.1 4253s
 804730 534926     cutoff   94      2074.36085 1788.75916  13.8%   8.1 4263s
 806084 535893     cutoff  122      2074.36085 1788.83842  13.8%   8.1 4276s
 807399 536885     cutoff   80      2074.36085 1788.88256  13.8%   8.1 4287s
 808829 537447 1848.80725   61   34 2074.36085 1788.97139  13.8%   8.1 4300s
 809672 538077     cutoff  101      2074.36085 1788.99662  13.8%   8.1 4311s
 810903 538903 2064.72360  110   30 2074.36085 1789.09440  13.8%   8.1 4325s
 812157 539486 1953.97177   83   28 2074.36085 1789.16786  13.7%   8.1 4338s
 813224 540336     cutoff   99      2074.36085 1789.18502  13.7%   8.1 4350s
 814498 541051 1839.88403   67   49 2074.36085 1789.25338  13.7%   8.1 4361s
 815751 542084 2047.85339   65   17 2074.36085 1789.32403  13.7%   8.1 4372s
 817276 542978 1962.36471   76   41 2074.36085 1789.37642  13.7%   8.1 4383s
 818557 543444 2028.87269   92   50 2074.36085 1789.42960  13.7%   8.1 4396s
 819361 544463     cutoff   44      2074.36085 1789.47322  13.7%   8.1 4407s
 820855 545638 infeasible   60      2074.36085 1789.54701  13.7%   8.1 4418s
 822506 546482 1961.54622   66   29 2074.36085 1789.61192  13.7%   8.1 4430s
 823744 547152 1965.53826   82   13 2074.36085 1789.67361  13.7%   8.1 4439s
 824846 548188     cutoff   87      2074.36085 1789.73900  13.7%   8.1 4450s
 826357 548731 1978.05199   77    6 2074.36085 1789.81125  13.7%   8.1 4462s
 827340 549437     cutoff  108      2074.36085 1789.85594  13.7%   8.1 4473s
 828555 550107     cutoff   62      2074.36085 1789.91940  13.7%   8.1 4489s
 829730 550921     cutoff  107      2074.36085 1789.97927  13.7%   8.1 4504s
 830972 551931 2042.45331   75    6 2074.36085 1790.06463  13.7%   8.1 4519s
 832462 552866     cutoff  132      2074.36085 1790.11197  13.7%   8.1 4534s
 833793 553342     cutoff  104      2074.36085 1790.16857  13.7%   8.1 4547s
 834667 554156 2002.81294   66    - 2074.36085 1790.20164  13.7%   8.2 4562s
 835936 554671     cutoff   66      2074.36085 1790.22825  13.7%   8.2 4576s
 837028 555556     cutoff   90      2074.36085 1790.26386  13.7%   8.2 4588s
 838432 556530     cutoff  106      2074.36085 1790.31988  13.7%   8.2 4601s
 839850 557471     cutoff   88      2074.36085 1790.37393  13.7%   8.2 4613s
 841139 558454 1989.87439   64   34 2074.36085 1790.42025  13.7%   8.2 4627s
 842643 559200     cutoff   86      2074.36085 1790.48434  13.7%   8.2 4638s
 843882 560065     cutoff   89      2074.36085 1790.54403  13.7%   8.2 4652s
 845193 560987 2014.43336   81   41 2074.36085 1790.59334  13.7%   8.2 4663s
 846644 561934 2044.14863   79   34 2074.36085 1790.65606  13.7%   8.2 4673s
 848016 562783 2064.74976  104   14 2074.36085 1790.71207  13.7%   8.2 4685s
 849272 563668     cutoff   87      2074.36085 1790.75584  13.7%   8.2 4696s
 850677 564385     cutoff  107      2074.36085 1790.83219  13.7%   8.2 4707s
 851886 565283     cutoff   75      2074.36085 1790.88019  13.7%   8.2 4719s
 853258 566150 1876.43238   65   45 2074.36085 1790.95015  13.7%   8.2 4732s
 854572 567264 1888.36852   99   40 2074.36085 1790.97650  13.7%   8.2 4744s
 856078 568075     cutoff  126      2074.36085 1791.06365  13.7%   8.2 4756s
H856693 568080                    2074.3608466 1791.07390  13.7%   8.2 4756s
 857233 569066 1849.78877   56    8 2074.36085 1791.08934  13.7%   8.2 4770s
 858693 569609 1982.11243   74   29 2074.36085 1791.18294  13.7%   8.2 4785s
 859682 570488     cutoff   85      2074.36085 1791.21216  13.6%   8.2 4797s
 861050 571508 2030.51783   91   22 2074.36085 1791.25893  13.6%   8.2 4812s
 862544 572315     cutoff   99      2074.36085 1791.33041  13.6%   8.2 4825s
H863454 572326                    2074.3608403 1791.34057  13.6%   8.2 4825s
 863662 573107     cutoff   95      2074.36084 1791.37639  13.6%   8.2 4838s
 864983 573890 1926.16119   77   28 2074.36084 1791.43987  13.6%   8.2 4852s
 866159 574834 1835.12060   61   22 2074.36084 1791.48087  13.6%   8.2 4864s
 867604 575423 infeasible   96      2074.36084 1791.52742  13.6%   8.2 4876s
 868710 575834 2017.36508   66   22 2074.36084 1791.59048  13.6%   8.2 4888s
 869453 576549 2047.29315  100   39 2074.36084 1791.61253  13.6%   8.2 4902s
 870716 577640     cutoff  106      2074.36084 1791.66503  13.6%   8.2 4915s
 872243 578666 2025.54555  108    9 2074.36084 1791.72190  13.6%   8.2 4927s
 873734 579526 2061.90756   90   30 2074.36084 1791.80432  13.6%   8.2 4941s
 875044 580252     cutoff   95      2074.36084 1791.84171  13.6%   8.2 4956s
 876134 581341 2065.36554  113   12 2074.36084 1791.88249  13.6%   8.2 4967s
 877752 582323     cutoff  115      2074.36084 1791.93365  13.6%   8.2 4977s
 879161 583272     cutoff   66      2074.36084 1792.00188  13.6%   8.2 4988s
 880602 584078 1900.01617   65   27 2074.36084 1792.05992  13.6%   8.2 4998s
 881833 584829 1847.93248   68   30 2074.36084 1792.09210  13.6%   8.2 5010s
 882948 585802 infeasible   66      2074.36084 1792.15884  13.6%   8.2 5021s
 884339 586637 infeasible   81      2074.36084 1792.22354  13.6%   8.2 5031s
 885700 587311 1849.60240   78   45 2074.36084 1792.28532  13.6%   8.2 5042s
 886966 588306 1813.77583   52   42 2074.36084 1792.35161  13.6%   8.2 5052s
 888461 589142 1977.05406   98   31 2074.36084 1792.42176  13.6%   8.2 5063s
 889712 589805 2019.64530   96   24 2074.36084 1792.49647  13.6%   8.2 5077s
 890826 590562     cutoff  105      2074.36084 1792.53237  13.6%   8.2 5088s
 891941 591575 2031.42087   66   13 2074.36084 1792.57094  13.6%   8.2 5099s
 893378 592489 2009.44378   78   25 2074.36084 1792.63015  13.6%   8.2 5109s
 894755 593372     cutoff   91      2074.36084 1792.69156  13.6%   8.2 5123s
 896053 593845 2052.24143  106   34 2074.36084 1792.74697  13.6%   8.2 5139s
 897022 594476 1906.07560   97   44 2074.36084 1792.79363  13.6%   8.2 5151s
 898198 595369     cutoff  114      2074.36084 1792.84649  13.6%   8.2 5164s
 899550 596049 2031.34483   99   32 2074.36084 1792.90979  13.6%   8.2 5176s
 900639 596704     cutoff   75      2074.36084 1792.95711  13.6%   8.2 5188s
 901861 597491     cutoff   77      2074.36084 1792.99254  13.6%   8.2 5203s
 903134 598371 2020.73604   79   23 2074.36084 1793.05730  13.6%   8.2 5215s
 904544 599180     cutoff   64      2074.36084 1793.11575  13.6%   8.2 5230s
 905788 599436     cutoff   73      2074.36084 1793.18861  13.6%   8.2 5243s
 906804 599939 infeasible   79      2074.36084 1793.22684  13.6%   8.2 5257s
 907564 600752 2024.38527   99   25 2074.36084 1793.24693  13.6%   8.2 5273s
 908847 601724     cutoff  105      2074.36084 1793.31905  13.5%   8.2 5290s
 910310 602666 1947.96880   89    9 2074.36084 1793.36031  13.5%   8.2 5304s
 911820 603767 1852.81238   64   50 2074.36084 1793.42998  13.5%   8.2 5317s
 913383 604872 1992.58757  135   42 2074.36084 1793.48827  13.5%   8.2 5330s
 914885 605659 1970.48735   91   32 2074.36084 1793.54898  13.5%   8.2 5342s
 916099 606417 2060.96288   72   17 2074.36084 1793.58828  13.5%   8.2 5355s
 917394 607165     cutoff   89      2074.36084 1793.64786  13.5%   8.2 5368s
 918756 607818     cutoff  114      2074.36084 1793.71351  13.5%   8.2 5382s
 919811 608718     cutoff   96      2074.36084 1793.76888  13.5%   8.2 5398s
 921227 609370 infeasible   77      2074.36084 1793.81816  13.5%   8.2 5412s
 922452 610275 2042.87618   83   40 2074.36084 1793.83630  13.5%   8.2 5426s
 923821 611194     cutoff   62      2074.36084 1793.91228  13.5%   8.2 5438s
 925360 612089     cutoff   90      2074.36084 1793.95273  13.5%   8.2 5451s
 926689 612180     cutoff   85      2074.36084 1794.00131  13.5%   8.2 5469s
 926835 613069 1974.67998   52   37 2074.36084 1794.01951  13.5%   8.2 5482s
 928172 613935 2054.89951   71   19 2074.36084 1794.07296  13.5%   8.2 5497s
 929501 614692 1863.64340   61   53 2074.36084 1794.10923  13.5%   8.2 5513s
 930772 615678     cutoff   74      2074.36084 1794.15748  13.5%   8.3 5525s
 932194 616702     cutoff  103      2074.36084 1794.21576  13.5%   8.3 5537s
 933742 617579     cutoff   94      2074.36084 1794.29182  13.5%   8.3 5548s
 935043 618493 1852.53746   73   33 2074.36084 1794.35393  13.5%   8.3 5561s
 936367 619288 1965.57004   72   43 2074.36084 1794.38807  13.5%   8.3 5574s
 937637 620124 1975.37252   64   24 2074.36084 1794.44162  13.5%   8.3 5587s
 939034 620924 2044.10485  101   15 2074.36084 1794.45854  13.5%   8.3 5599s
 940224 621660     cutoff  122      2074.36084 1794.55012  13.5%   8.3 5611s
 941340 622227 1992.74986   87   49 2074.36084 1794.58314  13.5%   8.3 5624s
 942316 623224 1892.55446   52   25 2074.36084 1794.63041  13.5%   8.3 5636s
 943825 624371 2000.61340  111   42 2074.36084 1794.68362  13.5%   8.3 5647s
 945463 625291     cutoff  119      2074.36084 1794.76635  13.5%   8.3 5658s
 946804 625883 1926.12802   51   24 2074.36084 1794.80840  13.5%   8.3 5674s
 947927 626793 1959.08727   80   30 2074.36084 1794.84466  13.5%   8.3 5687s
 949380 627322     cutoff  113      2074.36084 1794.90900  13.5%   8.3 5706s
 950357 628178 1852.89942   60   31 2074.36084 1794.95210  13.5%   8.3 5722s
 951624 628782 1942.79443   97   51 2074.36084 1794.98563  13.5%   8.3 5736s
 952595 629601 2054.82310   54   25 2074.36084 1795.03285  13.5%   8.3 5752s
 953894 630549     cutoff   91      2074.36084 1795.09033  13.5%   8.3 5767s
 955391 631211 1967.53404  107   47 2074.36084 1795.14526  13.5%   8.3 5785s
 956585 632155     cutoff   50      2074.36084 1795.18579  13.5%   8.3 5798s
 958138 632860     cutoff   92      2074.36084 1795.25884  13.5%   8.3 5812s
 959290 633714 infeasible   63      2074.36084 1795.30897  13.5%   8.3 5824s
 960723 634593     cutoff  101      2074.36084 1795.35890  13.5%   8.3 5836s
 962099 635450     cutoff   86      2074.36084 1795.41872  13.4%   8.3 5849s
 963398 636421     cutoff  114      2074.36084 1795.47067  13.4%   8.3 5863s
 964928 637045     cutoff   89      2074.36084 1795.54458  13.4%   8.3 5878s
 965824 637633 2072.85747  106   17 2074.36084 1795.57899  13.4%   8.3 5891s
 966801 638535     cutoff  116      2074.36084 1795.61850  13.4%   8.3 5906s
 968242 639394 2051.11507   53   23 2074.36084 1795.67365  13.4%   8.3 5922s
 969578 640242 2023.76295  107   38 2074.36084 1795.72872  13.4%   8.3 5935s
 971036 641105 2031.82229   65   36 2074.36084 1795.79721  13.4%   8.3 5949s
 972228 642235 1999.75935   54   39 2074.36084 1795.86212  13.4%   8.3 5962s
 973847 642978     cutoff  121      2074.36084 1795.89732  13.4%   8.3 5977s
 975048 643931 1933.52856   56   30 2074.36084 1795.93361  13.4%   8.3 5990s
 976465 644931 2010.91391   62   20 2074.36084 1795.97249  13.4%   8.3 6003s
 978015 645487     cutoff  126      2074.36084 1796.05048  13.4%   8.3 6018s
 978896 646148 1849.04289   53   55 2074.36084 1796.07821  13.4%   8.3 6032s
 980060 647122     cutoff   67      2074.36084 1796.12454  13.4%   8.3 6045s
 981583 647704 1983.36561   62   25 2074.36084 1796.21145  13.4%   8.3 6059s
 982677 648235     cutoff   80      2074.36084 1796.23062  13.4%   8.3 6073s
 983668 648882 infeasible   80      2074.36084 1796.27330  13.4%   8.3 6086s
 984711 649690 1912.47367   74   35 2074.36084 1796.30580  13.4%   8.3 6102s
 985894 650761 1967.06296   88   33 2074.36084 1796.37597  13.4%   8.3 6117s
 987565 651420     cutoff   98      2074.36084 1796.43020  13.4%   8.3 6133s
 988937 652048     cutoff   97      2074.36084 1796.48851  13.4%   8.3 6150s
 990140 653040 1997.33904   60   44 2074.36084 1796.53254  13.4%   8.3 6165s
 991615 653535     cutoff  125      2074.36084 1796.58587  13.4%   8.3 6188s
 992586 654209 2029.35015   99   35 2074.36084 1796.63200  13.4%   8.3 6200s
 993721 655172 1893.56005   81   49 2074.36084 1796.70166  13.4%   8.3 6217s
 995227 656020 infeasible   70      2074.36084 1796.76160  13.4%   8.3 6232s
 996611 657013 2074.25397   93   15 2074.36084 1796.80256  13.4%   8.3 6245s
 998135 657621 infeasible   64      2074.36084 1796.89055  13.4%   8.3 6260s
 999310 658255     cutoff   84      2074.36084 1796.94473  13.4%   8.3 6283s
 1000486 659132     cutoff   80      2074.36084 1796.98685  13.4%   8.3 6303s
 1001827 660046     cutoff   59      2074.36084 1797.00502  13.4%   8.3 6317s
 1003340 660780     cutoff  119      2074.36084 1797.08826  13.4%   8.3 6334s
 1004549 661723 1990.32740   68   34 2074.36084 1797.14733  13.4%   8.3 6348s
 1006046 662634 1982.11781   87   37 2074.36084 1797.19674  13.4%   8.3 6361s
 1007460 663395     cutoff   79      2074.36084 1797.25483  13.4%   8.3 6375s
 1008739 664167     cutoff  128      2074.36084 1797.31344  13.4%   8.3 6391s
 1009891 665219     cutoff  100      2074.36084 1797.33243  13.4%   8.3 6407s
 1011391 666069 1976.65009  115   57 2074.36084 1797.39319  13.4%   8.3 6420s
 1012693 666959 2045.32382  105   30 2074.36084 1797.42640  13.4%   8.3 6437s
 1014139 667769     cutoff  114      2074.36084 1797.47189  13.3%   8.3 6451s
 1015487 668536     cutoff   84      2074.36084 1797.54118  13.3%   8.3 6464s
 1016769 669573     cutoff   98      2074.36084 1797.61083  13.3%   8.3 6477s
 1018394 670476     cutoff   84      2074.36084 1797.66324  13.3%   8.3 6489s
 1019801 671141 2002.93818   84   34 2074.36084 1797.73893  13.3%   8.3 6502s
 1020965 671900 2058.76830   90   30 2074.36084 1797.77131  13.3%   8.4 6513s
 1022153 672668     cutoff  111      2074.36084 1797.81336  13.3%   8.4 6528s
 1023497 673629 1947.11517   59   38 2074.36084 1797.88157  13.3%   8.4 6542s
 1024844 674565 2050.81322  100   15 2074.36084 1797.91984  13.3%   8.4 6558s
 1026239 675377     cutoff  103      2074.36084 1797.96153  13.3%   8.4 6572s
 1027591 676116 infeasible   87      2074.36084 1798.00223  13.3%   8.4 6588s
 1028862 676807 1947.07976   62   54 2074.36084 1798.04936  13.3%   8.4 6603s
 1030024 677537     cutoff   85      2074.36084 1798.09090  13.3%   8.4 6620s
H1030264 677538                    2074.3608344 1798.09906  13.3%   8.4 6621s
 1031252 678401     cutoff   91      2074.36083 1798.12165  13.3%   8.4 6634s
 1032642 679452 1864.14806   59   37 2074.36083 1798.19614  13.3%   8.4 6647s
 1034240 680421 infeasible   70      2074.36083 1798.24347  13.3%   8.4 6659s
 1035544 680442 1879.24485   49   26 2074.36083 1798.27619  13.3%   8.4 6660s
 1035658 681124 2003.97694   69   38 2074.36083 1798.28767  13.3%   8.4 6672s
 1036897 681948 1973.46005   73   36 2074.36083 1798.33287  13.3%   8.4 6686s
 1038102 682983 2059.19965   98    6 2074.36083 1798.37286  13.3%   8.4 6699s
 1039651 683709 1994.67287   71   19 2074.36083 1798.44637  13.3%   8.4 6715s
 1040862 684527     cutoff   92      2074.36083 1798.48299  13.3%   8.4 6730s
 1042058 685185 1842.49866   60   42 2074.36083 1798.53282  13.3%   8.4 6746s
 1043322 685971     cutoff   87      2074.36083 1798.56293  13.3%   8.4 6758s
 1044525 686772     cutoff   72      2074.36083 1798.60236  13.3%   8.4 6774s
 1045880 687608     cutoff   96      2074.36083 1798.65524  13.3%   8.4 6790s
 1047080 688402 1960.99013   91   51 2074.36083 1798.70373  13.3%   8.4 6807s
 1048351 689489 1943.17941   87   38 2074.36083 1798.76516  13.3%   8.4 6822s
 1050013 690252 2009.75435   53   22 2074.36083 1798.84234  13.3%   8.4 6836s
 1051400 691275     cutoff   97      2074.36083 1798.89223  13.3%   8.4 6849s
 1052900 692415 1936.84692   58   36 2074.36083 1798.94574  13.3%   8.4 6862s
 1054531 693328     cutoff   95      2074.36083 1798.99981  13.3%   8.4 6876s
 1055919 694136 2062.74310  102   27 2074.36083 1799.03758  13.3%   8.4 6891s
 1057251 695012     cutoff   99      2074.36083 1799.06868  13.3%   8.4 6904s
 1058521 696056 1848.13602   45   15 2074.36083 1799.12140  13.3%   8.4 6916s
 1060062 696783 1952.53425   95   30 2074.36083 1799.18928  13.3%   8.4 6930s
 1061303 697776     cutoff  104      2074.36083 1799.21623  13.3%   8.4 6944s
 1062838 698817 2009.65862   56   23 2074.36083 1799.28095  13.3%   8.4 6956s
 1064334 699664     cutoff  127      2074.36083 1799.32324  13.3%   8.4 6971s
 1065512 700478     cutoff   95      2074.36083 1799.34022  13.3%   8.4 6984s
 1066861 701263     cutoff   99      2074.36083 1799.39126  13.3%   8.4 6996s
 1068048 702085 1968.16698   69   24 2074.36083 1799.42537  13.3%   8.4 7010s
 1069327 703042 2023.71862   86   28 2074.36083 1799.45984  13.3%   8.4 7023s
 1070706 703621     cutoff  118      2074.36083 1799.53133  13.2%   8.4 7036s
 1071872 704468     cutoff   73      2074.36083 1799.56947  13.2%   8.4 7050s
 1073197 705184     cutoff   99      2074.36083 1799.62212  13.2%   8.4 7064s
 1074255 705879     cutoff  103      2074.36083 1799.68015  13.2%   8.4 7080s
 1075487 706660 1857.04325   68   35 2074.36083 1799.72229  13.2%   8.4 7095s
 1076700 707384     cutoff   85      2074.36083 1799.74118  13.2%   8.4 7111s
 1077981 708413     cutoff   86      2074.36083 1799.80223  13.2%   8.4 7125s
 1079550 709130 infeasible   83      2074.36083 1799.85408  13.2%   8.4 7140s
 1080886 709810 1836.42824   66   23 2074.36083 1799.90490  13.2%   8.4 7155s
 1082108 710384 1904.31485   53   33 2074.36083 1799.94769  13.2%   8.4 7176s
 1083228 711218     cutoff   78      2074.36083 1799.99369  13.2%   8.4 7191s
 1084385 711784 1933.70119   60   26 2074.36083 1800.03919  13.2%   8.4 7200s

Cutting planes:
  Gomory: 7
  Zero half: 8
  Lazy constraints: 14211

Explored 1085345 nodes (9125104 simplex iterations) in 7200.43 seconds
Thread count was 12 (of 12 available processors)

Solution count 5: 2074.36 2074.95 2364.42 ... 2460.51

Time limit reached
Best objective 2.074360834377e+03, best bound 1.800081449630e+03, gap 13.2224%

User-callback calls 3424920, time in user-callback 60.20 sec
/projects/academic/josewalt/caigao/RRARP_BD/BendersDecomp/ret/model_outs/n_25_h_8_algo_4.out
 =====>>>>> Solution is written to file in <../ret/model_outs> !!!
===>> All Done!
