NPROCS=0
This instance is clustered!
Gurobi Optimizer version 9.0.0 build v9.0.0rc2 (linux64)
Optimize a model with 24 rows, 145 columns and 288 nonzeros
Model fingerprint: 0xf3c0bb4c
Variable types: 1 continuous, 144 integer (144 binary)
Coefficient statistics:
  Matrix range     [1e+00, 1e+00]
  Objective range  [1e+00, 1e+02]
  Bounds range     [1e+00, 1e+00]
  RHS range        [1e+00, 1e+00]
Presolve removed 2 rows and 33 columns
Presolve time: 0.00s
Presolved: 22 rows, 112 columns, 222 nonzeros
Variable types: 1 continuous, 111 integer (111 binary)

Root relaxation: objective 1.560716e+02, 18 iterations, 0.00 seconds

    Nodes    |    Current Node    |     Objective Bounds      |     Work
 Expl Unexpl |  Obj  Depth IntInf | Incumbent    BestBd   Gap | It/Node Time

     0     0  224.17626    0    8          -  224.17626      -     -    0s
H    0     0                     490.1248159  224.17626  54.3%     -    0s
     0     0  245.26307    0   20  490.12482  245.26307  50.0%     -    0s
H    0     0                     451.9531967  245.26307  45.7%     -    0s
     0     0  251.85108    0   21  451.95320  251.85108  44.3%     -    0s
H    0     0                     299.3387712  251.85108  15.9%     -    0s
     0     0  251.92226    0   24  299.33877  251.92226  15.8%     -    0s
     0     0  255.56476    0   21  299.33877  255.56476  14.6%     -    0s
     0     0  255.56476    0   27  299.33877  255.56476  14.6%     -    0s
     0     0  255.56476    0   29  299.33877  255.56476  14.6%     -    0s
     0     0  255.56476    0   27  299.33877  255.56476  14.6%     -    0s
H    0     0                     299.2915743  255.56476  14.6%     -    0s
     0     0  255.56476    0   30  299.29157  255.56476  14.6%     -    0s
     0     0  255.56476    0   31  299.29157  255.56476  14.6%     -    0s
     0     0  255.56476    0   31  299.29157  255.56476  14.6%     -    0s
     0     0  255.56476    0   31  299.29157  255.56476  14.6%     -    0s
     0     2  259.94792    0   31  299.29157  259.94792  13.1%     -    0s

Cutting planes:
  Gomory: 4
  MIR: 3
  Zero half: 4
  Mod-K: 1
  RLT: 1
  Lazy constraints: 36

Explored 223 nodes (1311 simplex iterations) in 0.13 seconds
Thread count was 12 (of 12 available processors)

Solution count 4: 299.292 299.339 451.953 490.125 

Optimal solution found (tolerance 1.00e-04)
Best objective 2.992915742669e+02, best bound 2.992915742669e+02, gap 0.0000%

User-callback calls 672, time in user-callback 0.00 sec
/projects/academic/josewalt/caigao/RRARP_BD/BendersDecomp/ret/model_outs/n_10_m_7_algo_3.out
 =====>>>>> Solution is written to file in <../ret/model_outs> !!!
===>> All Done!
