NPROCS=0
This instance is clustered!
Gurobi Optimizer version 9.0.0 build v9.0.0rc2 (linux64)
Optimize a model with 52 rows, 677 columns and 1352 nonzeros
Model fingerprint: 0x1c556a83
Variable types: 1 continuous, 676 integer (676 binary)
Coefficient statistics:
  Matrix range     [1e+00, 1e+00]
  Objective range  [1e+00, 6e+02]
  Bounds range     [1e+00, 1e+00]
  RHS range        [1e+00, 1e+00]
Presolve removed 2 rows and 75 columns
Presolve time: 0.01s
Presolved: 50 rows, 602 columns, 1202 nonzeros
Variable types: 1 continuous, 601 integer (601 binary)

Root relaxation: objective 1.534447e+03, 45 iterations, 0.00 seconds

    Nodes    |    Current Node    |     Objective Bounds      |     Work
 Expl Unexpl |  Obj  Depth IntInf | Incumbent    BestBd   Gap | It/Node Time

     0     0 1630.86619    0   12          - 1630.86619      -     -    0s
H    0     0                    3279.7458735 1630.86619  50.3%     -    0s
     0     0 1700.93814    0   39 3279.74587 1700.93814  48.1%     -    0s
H    0     0                    3055.7856751 1700.93814  44.3%     -    0s
     0     2 1738.06548    0   36 3055.78568 1738.06548  43.1%     -    0s
* 1282  1008              88    2278.7096911 1745.09876  23.4%   4.0    0s
* 1897  1299              56    2231.5899160 1745.09876  21.8%   3.9    0s
H 1909  1235                    1997.1967030 1745.60114  12.6%   3.9    2s
  1930  1250 1937.90690   46   40 1997.19670 1752.83821  12.2%   4.0    5s
  6398  2629     cutoff   78      1997.19670 1793.87439  10.2%   4.7   10s
 12979  6727     cutoff   74      1997.19670 1807.78775  9.48%   4.6   15s
 17459  9452 1818.34739   86   20 1997.19670 1813.96131  9.17%   4.6   20s
 22587 12833 1873.01375   39    8 1997.19670 1819.86281  8.88%   4.5   25s
 26555 15277 infeasible   77      1997.19670 1822.91828  8.73%   4.4   30s
 30392 17776 1950.89782   74   24 1997.19670 1825.76548  8.58%   4.4   35s
 32023 18320     cutoff   82      1997.19670 1826.72482  8.54%   4.5   40s
 34380 20117 1947.24388   38    - 1997.19670 1827.86808  8.48%   4.5   45s
 37267 21778     cutoff   75      1997.19670 1829.27686  8.41%   4.5   50s
 41114 24238 1990.52411   61   11 1997.19670 1831.34434  8.30%   4.5   56s
 43954 26083 1868.51460   85   16 1997.19670 1832.66020  8.24%   4.5   61s
 45830 27141     cutoff   75      1997.19670 1833.45156  8.20%   4.4   65s
 48811 28774 infeasible  101      1997.19670 1834.73413  8.13%   4.4   71s
 49690 28888 1923.91401   61   39 1997.19670 1834.92826  8.12%   4.4   81s
 49693 28890 1892.15691   40   10 1997.19670 1834.92826  8.12%   4.4   85s
 49700 28895 1852.90714   47   18 1997.19670 1834.92826  8.12%   4.4  156s
 49707 28908 1834.92826   40   57 1997.19670 1834.92826  8.12%   4.5  160s
 49779 28957 1834.92826   44   26 1997.19670 1834.92826  8.12%   4.5  171s
 50042 29042 1834.92826   53   26 1997.19670 1834.92826  8.12%   4.5  175s
 50408 29161 1834.92826   65   19 1997.19670 1834.92826  8.12%   4.5  180s
 50942 29248 1835.75812   86   39 1997.19670 1834.92826  8.12%   4.5  185s
 51569 29371 1874.51435  111   25 1997.19670 1834.92826  8.12%   4.5  190s
 52316 29520 1849.72179   66   16 1997.19670 1834.92826  8.12%   4.5  195s
 53555 29899 1941.46196   63    8 1997.19670 1834.92826  8.12%   4.5  200s
 55058 30753 infeasible   98      1997.19670 1834.92826  8.12%   4.5  205s
 56431 31201 1940.75990   78   17 1997.19670 1834.92826  8.12%   4.5  210s
 57554 31623 1877.38510  134   15 1997.19670 1834.92826  8.12%   4.5  215s
 59276 32395     cutoff  117      1997.19670 1834.92826  8.12%   4.5  220s
 60938 33109 1909.11484  102   24 1997.19670 1834.92826  8.12%   4.4  226s
 62641 33309 1951.27161   74   17 1997.19670 1834.92826  8.12%   4.4  233s
 62662 33523     cutoff   75      1997.19670 1834.92826  8.12%   4.4  235s
 63685 33995 1878.79121  100   16 1997.19670 1834.92826  8.12%   4.4  240s
 65126 34648     cutoff  112      1997.19670 1834.92826  8.12%   4.4  245s
 66635 35053     cutoff  122      1997.19670 1834.92826  8.12%   4.4  250s
 67895 35159 1927.65972   75   14 1997.19670 1834.92826  8.12%   4.4  255s
 69469 36118     cutoff  111      1997.19670 1834.92826  8.12%   4.5  260s
 71457 37052 1896.40809  108   18 1997.19670 1834.92826  8.12%   4.4  265s
 73399 37890     cutoff   89      1997.19670 1834.92826  8.12%   4.4  271s
 75534 38819 1915.81810   70    8 1997.19670 1834.92826  8.12%   4.4  276s
 76611 39307 1986.56430   80    - 1997.19670 1834.92826  8.12%   4.4  280s
 78862 40248     cutoff  128      1997.19670 1834.92826  8.12%   4.4  288s
 80014 40698     cutoff  101      1997.19670 1834.92826  8.12%   4.4  292s
 81198 41026 1961.77720   64    6 1997.19670 1834.92826  8.12%   4.4  296s
 83513 41863 1954.59670  126    6 1997.19670 1834.92826  8.12%   4.4  303s
 84545 42290     cutoff  127      1997.19670 1834.92826  8.12%   4.4  307s
 85692 42875 1934.00328   68    9 1997.19670 1834.92826  8.12%   4.4  310s
 88104 43916 1979.35034   61    6 1997.19670 1834.92826  8.12%   4.3  317s
 89329 44353 infeasible   94      1997.19670 1834.92826  8.12%   4.3  321s
 91126 44555     cutoff  128      1997.19670 1834.92826  8.12%   4.3  325s
 92487 45179     cutoff  114      1997.19670 1834.92826  8.12%   4.3  333s
 93525 45528 1887.10316   62   22 1997.19670 1834.92826  8.12%   4.3  337s
 94566 45329     cutoff   84      1997.19670 1834.92826  8.12%   4.3  344s
 94715 46029 1867.92902   51    6 1997.19670 1834.92826  8.12%   4.3  349s
 95793 46546 1949.36966   87   32 1997.19670 1834.92826  8.12%   4.3  352s
 97013 47086 1849.07511   58   14 1997.19670 1834.92826  8.12%   4.3  356s
 98234 47481     cutoff  109      1997.19670 1834.92826  8.12%   4.3  360s
 100165 48151 infeasible   81      1997.19670 1835.20506  8.11%   4.3  368s
 101333 48562     cutoff   89      1997.19670 1835.78781  8.08%   4.3  374s
 102506 48910 1934.04181   80   16 1997.19670 1836.17169  8.06%   4.3  379s
 103648 48975 1899.18807   94    8 1997.19670 1836.81022  8.03%   4.3  383s
 104421 49092 infeasible  123      1997.19670 1836.99430  8.02%   4.3  387s
 104892 49738 1911.78345   71    6 1997.19670 1837.19504  8.01%   4.3  392s
 106163 49784 1905.01257   95   26 1997.19670 1837.66011  7.99%   4.3  396s
 107159 50251     cutoff  107      1997.19670 1837.84784  7.98%   4.3  401s
 108258 50884     cutoff  106      1997.19670 1838.43765  7.95%   4.3  406s
 109621 51131 infeasible  106      1997.19670 1838.84847  7.93%   4.3  410s
 110765 51707 1898.14161  105   17 1997.19670 1839.18692  7.91%   4.3  415s
 112046 52095     cutoff  110      1997.19670 1839.94738  7.87%   4.3  420s
 113251 52089 1993.51791   73    6 1997.19670 1840.35428  7.85%   4.3  426s
 114143 52462     cutoff   82      1997.19670 1840.60646  7.84%   4.3  431s
 115232 52799 infeasible  113      1997.19670 1840.82090  7.83%   4.3  436s
 116282 52994 1880.63438   89   28 1997.19670 1841.36885  7.80%   4.3  441s
 117339 53505 1944.76485   68   27 1997.19670 1841.69086  7.79%   4.3  447s
 118550 53969 1884.87001   84   14 1997.19670 1842.05823  7.77%   4.3  452s
 119825 54007 1991.35339  102    6 1997.19670 1842.49086  7.75%   4.3  456s
 120857 54444 1993.22659   79    6 1997.19670 1842.82987  7.73%   4.3  462s
 121983 54608 1943.48410  115   12 1997.19670 1843.19931  7.71%   4.3  467s
 122984 55021 infeasible  117      1997.19670 1843.31629  7.70%   4.4  474s
 124150 55312 1976.97927   80    6 1997.19670 1843.76131  7.68%   4.4  479s
 125257 55535     cutoff  111      1997.19670 1843.95729  7.67%   4.4  485s
 126177 56058 1908.77128   67    6 1997.19670 1844.28391  7.66%   4.4  491s
 127391 56078     cutoff  104      1997.19670 1844.73178  7.63%   4.4  497s
 128357 56292 1937.92686   60    6 1997.19670 1844.96343  7.62%   4.4  503s
 129379 56714     cutoff   82      1997.19670 1845.13909  7.61%   4.4  509s
 130599 57224 infeasible   84      1997.19670 1845.47547  7.60%   4.4  514s
 131894 57141     cutoff   91      1997.19670 1845.93631  7.57%   4.4  521s
 132844 57161 1906.07768  100   19 1997.19670 1846.11893  7.56%   4.4  526s
 133518 57906     cutoff  109      1997.19670 1846.34857  7.55%   4.4  533s
 134888 57607     cutoff  112      1997.19670 1846.70477  7.54%   4.4  543s
 135078 58277 infeasible   73      1997.19670 1846.80904  7.53%   4.4  550s
 136243 58735 1963.91796  111    6 1997.19670 1847.02745  7.52%   4.4  557s
 137407 59407 1995.00000  116    8 1997.19670 1847.27132  7.51%   4.4  566s
 138612 59984 1981.48908   65    6 1997.19670 1847.59241  7.49%   4.4  573s
 139697 60802     cutoff  102      1997.19670 1847.65431  7.49%   4.4  579s
 140959 61673     cutoff  111      1997.19670 1848.25726  7.46%   4.4  586s
 142218 62116     cutoff   76      1997.19670 1848.59542  7.44%   4.4  593s
 143235 62885     cutoff  128      1997.19670 1848.91145  7.42%   4.4  599s
 144278 63662     cutoff   78      1997.19670 1849.25707  7.41%   4.4  606s
 145530 64428 1894.21924   58   14 1997.19670 1849.56343  7.39%   4.4  613s
 146744 65042     cutoff  119      1997.19670 1849.72149  7.38%   4.4  620s
 147876 65868 1925.44007   66    8 1997.19670 1850.21969  7.36%   4.4  627s
 149121 66455     cutoff  101      1997.19670 1850.52800  7.34%   4.4  634s
 150224 67032     cutoff   92      1997.19670 1850.85567  7.33%   4.4  641s
 151285 67826 1987.08547   80   16 1997.19670 1850.98041  7.32%   4.4  649s
 152523 68311 1910.82971  109   28 1997.19670 1851.31441  7.30%   4.4  658s
 153376 68952 1891.08629   60   16 1997.19670 1851.47071  7.30%   4.4  665s
 154369 69634 1994.53034   86    9 1997.19670 1851.68263  7.29%   4.4  672s
 155545 70342 1975.73550   62    8 1997.19670 1852.00654  7.27%   4.4  680s
 156735 70864     cutoff   87      1997.19670 1852.29984  7.26%   4.4  689s
 157791 71505 1978.95128   89    6 1997.19670 1852.57718  7.24%   4.4  697s
 158806 72215 1941.59595   90   30 1997.19670 1852.63593  7.24%   4.4  705s
 160035 72826 1915.77636   58    8 1997.19670 1852.93967  7.22%   4.4  712s
 161148 73508 1962.41220   83    - 1997.19670 1853.20552  7.21%   4.4  719s
 162304 73968 infeasible   95      1997.19670 1853.38599  7.20%   4.4  728s
 163320 74758     cutoff  101      1997.19670 1853.62910  7.19%   4.4  736s
 164544 75277     cutoff  100      1997.19670 1853.98088  7.17%   4.4  743s
 165522 75888     cutoff   87      1997.19670 1854.20157  7.16%   4.4  750s
 166579 76443     cutoff  121      1997.19670 1854.44195  7.15%   4.4  757s
 167614 77245 1930.28280   73   24 1997.19670 1854.56842  7.14%   4.4  765s
 168868 77892     cutoff   86      1997.19670 1854.71253  7.13%   4.4  773s
 170054 78644     cutoff   84      1997.19670 1855.08111  7.12%   4.4  781s
 171263 79443 infeasible   80      1997.19670 1855.29320  7.11%   4.4  789s
 172499 80063 infeasible  101      1997.19670 1855.46951  7.10%   4.4  798s
 173642 80510 1962.23242   85    6 1997.19670 1855.72785  7.08%   4.4  805s
 174596 80964 1891.91090   92   13 1997.19670 1855.95842  7.07%   4.4  814s
 175434 81065     cutoff   95      1997.19670 1856.07326  7.07%   4.4  815s
 175599 81802     cutoff   96      1997.19670 1856.18009  7.06%   4.4  822s
 176839 82324     cutoff   90      1997.19670 1856.33804  7.05%   4.4  831s
 177721 83061 1879.93196   63    6 1997.19670 1856.59434  7.04%   4.4  840s
 178965 83205 1906.64997  107   16 1997.19670 1856.71121  7.03%   4.4  851s
 179074 83850 1971.24922  108   21 1997.19670 1856.85347  7.03%   4.4  861s
 180220 84480 1925.04915   83    8 1997.19670 1857.11977  7.01%   4.4  870s
 181308 84708     cutoff   84      1997.19670 1857.30496  7.00%   4.4  882s
 181552 85247 1915.12102   53   11 1997.19670 1857.40727  7.00%   4.4  892s
 182825 85951     cutoff   92      1997.19670 1857.49637  6.99%   4.5  901s
 184093 86601 1926.90768  105    - 1997.19670 1857.71939  6.98%   4.5  913s
 185309 87378 1962.06715  105    9 1997.19670 1857.96037  6.97%   4.5  923s
 186461 88015     cutoff   92      1997.19670 1858.19156  6.96%   4.5  933s
 187555 88883 1859.74241   80   12 1997.19670 1858.39106  6.95%   4.5  942s
 188918 89711     cutoff  105      1997.19670 1858.63143  6.94%   4.5  952s
 190151 90490     cutoff   77      1997.19670 1858.87870  6.93%   4.5  962s
 191485 91120     cutoff   81      1997.19670 1858.98898  6.92%   4.5  971s
 192494 91958     cutoff   93      1997.19670 1859.27440  6.91%   4.5  982s
 193824 92732 1977.29634  103    - 1997.19670 1859.44306  6.90%   4.5  991s
 195104 93439     cutoff  103      1997.19670 1859.64137  6.89%   4.5 1001s
 196318 93859     cutoff   66      1997.19670 1859.85554  6.88%   4.5 1011s
 197081 94317 infeasible   88      1997.19670 1859.92638  6.87%   4.5 1023s
 198093 95160     cutoff  107      1997.19670 1860.03928  6.87%   4.5 1033s
 199401 95749     cutoff  120      1997.19670 1860.29711  6.85%   4.5 1046s
 200568 96218     cutoff   88      1997.19670 1860.45750  6.85%   4.5 1057s
 201608 96948 infeasible  112      1997.19670 1860.59966  6.84%   4.5 1067s
 202930 97773 1946.08421   89   21 1997.19670 1860.68417  6.84%   4.5 1077s
 204209 98311 1904.02028   80   14 1997.19670 1860.99337  6.82%   4.5 1089s
 205397 98899 infeasible  102      1997.19670 1861.08618  6.82%   4.5 1102s
 206469 99562 1992.69931  111    9 1997.19670 1861.27606  6.81%   4.5 1113s
 207613 100438 1984.59961   91    6 1997.19670 1861.51153  6.79%   4.5 1125s
 208942 101081 1954.35975  120    - 1997.19670 1861.65626  6.79%   4.5 1138s
 210162 101962     cutoff  120      1997.19670 1861.84770  6.78%   4.5 1151s
 211400 102520     cutoff  107      1997.19670 1862.01565  6.77%   4.5 1163s
 212578 103170     cutoff   84      1997.19670 1862.15419  6.76%   4.5 1174s
 213762 103650 1940.83031   80    - 1997.19670 1862.44125  6.75%   4.5 1186s
 214856 104408     cutoff   91      1997.19670 1862.60336  6.74%   4.5 1197s
 216037 104918     cutoff   95      1997.19670 1862.75104  6.73%   4.5 1208s
 217137 105535 1974.18646   75   27 1997.19670 1862.83920  6.73%   4.5 1219s
 218329 106043     cutoff   89      1997.19670 1863.07581  6.72%   4.5 1235s
 219273 106770     cutoff   95      1997.19670 1863.13680  6.71%   4.5 1250s
 220517 107557     cutoff   95      1997.19670 1863.44876  6.70%   4.5 1262s
 221807 108327     cutoff  100      1997.19670 1863.64294  6.69%   4.5 1274s
 223063 108915 infeasible   93      1997.19670 1863.79232  6.68%   4.5 1285s
 224280 109657     cutoff  110      1997.19670 1863.95814  6.67%   4.5 1300s
 225377 110126     cutoff  101      1997.19670 1864.04761  6.67%   4.5 1310s
 226350 111001 1967.15849  108    8 1997.19670 1864.29050  6.65%   4.5 1321s
 227736 111619 1914.39243  107    6 1997.19670 1864.47641  6.65%   4.5 1331s
 228952 112169     cutoff  108      1997.19670 1864.68754  6.63%   4.5 1342s
 229942 112693 1929.37427   82   10 1997.19670 1864.76014  6.63%   4.5 1354s
 231098 113277     cutoff   99      1997.19670 1864.97259  6.62%   4.5 1365s
 232254 113399     cutoff  129      1997.19670 1865.16905  6.61%   4.5 1384s
 232341 113839 1904.73274   62   16 1997.19670 1865.22713  6.61%   4.5 1396s
 233227 114311 1906.65249   57    - 1997.19670 1865.40397  6.60%   4.5 1410s
 234305 114823     cutoff   79      1997.19670 1865.51905  6.59%   4.5 1422s
 235465 115265 infeasible   81      1997.19670 1865.63188  6.59%   4.5 1437s
 236518 115802 1931.97788  104    6 1997.19670 1865.88649  6.57%   4.5 1452s
 237744 116349 infeasible  111      1997.19670 1865.94986  6.57%   4.5 1467s
 238867 116915 infeasible   96      1997.19670 1866.01599  6.57%   4.5 1479s
 239840 117403     cutoff  104      1997.19670 1866.21338  6.56%   4.5 1495s
 241107 118248 1936.04107   55   12 1997.19670 1866.32234  6.55%   4.6 1508s
 242497 118888 1913.90531   60    6 1997.19670 1866.55050  6.54%   4.6 1522s
 243573 119683 1931.48452   88    8 1997.19670 1866.72858  6.53%   4.5 1537s
 245005 120204     cutoff  104      1997.19670 1866.88525  6.52%   4.5 1555s
 246153 120884 infeasible   75      1997.19670 1866.96507  6.52%   4.6 1570s
 247345 121379     cutoff   79      1997.19670 1867.19403  6.51%   4.6 1587s
 248506 122023     cutoff   98      1997.19670 1867.24752  6.51%   4.6 1602s
 249779 122769 1915.30708   52   16 1997.19670 1867.44757  6.50%   4.6 1617s
 251127 123334 1983.81096   90    6 1997.19670 1867.57295  6.49%   4.6 1631s
 252339 123858 infeasible   91      1997.19670 1867.69417  6.48%   4.6 1646s
 253532 124486 infeasible   80      1997.19670 1867.81163  6.48%   4.6 1661s
 254654 125327     cutoff   89      1997.19670 1867.93811  6.47%   4.6 1677s
 255928 125915     cutoff  107      1997.19670 1868.08918  6.46%   4.6 1692s
 257199 126690 1991.38546   60    6 1997.19670 1868.31356  6.45%   4.6 1709s
 258539 127459 1949.58447   77   12 1997.19670 1868.43421  6.45%   4.6 1724s
 259924 127968 1908.66738   57    8 1997.19670 1868.47903  6.44%   4.6 1739s
 261072 128850     cutoff   93      1997.19670 1868.72428  6.43%   4.6 1752s
 262462 129360     cutoff  102      1997.19670 1868.86335  6.43%   4.6 1765s
 263414 130081 1897.05066   54    - 1997.19670 1869.01959  6.42%   4.6 1779s
 264754 130607     cutoff   99      1997.19670 1869.18425  6.41%   4.6 1794s
 265962 131121 1970.23847   75   23 1997.19670 1869.27810  6.40%   4.6 1808s
 267081 131842 1908.19830   74   29 1997.19670 1869.40236  6.40%   4.6 1822s
 268272 132466 1963.69154  108    - 1997.19670 1869.57420  6.39%   4.6 1841s
 269509 133113     cutoff  108      1997.19670 1869.70244  6.38%   4.6 1860s
 270755 133639 1944.99125   90   15 1997.19670 1869.82062  6.38%   4.6 1878s
 271915 134238     cutoff   91      1997.19670 1870.01275  6.37%   4.6 1896s
 273132 134766 1911.74734   81   17 1997.19670 1870.12816  6.36%   4.6 1911s
 274052 135273     cutoff  107      1997.19670 1870.22364  6.36%   4.6 1924s
 275276 135957 1994.24466   65    6 1997.19670 1870.43137  6.35%   4.6 1938s
 276583 136543     cutoff  105      1997.19670 1870.60380  6.34%   4.6 1953s
 277673 137056     cutoff   86      1997.19670 1870.69759  6.33%   4.6 1969s
 278827 137521 1955.63023   51   14 1997.19670 1870.75294  6.33%   4.6 1986s
 279922 138259 1974.64588   90    6 1997.19670 1870.96879  6.32%   4.6 2002s
 281245 138938 1921.90315   60   12 1997.19670 1871.07130  6.32%   4.6 2017s
 282519 139577 1996.93660   72   11 1997.19670 1871.27175  6.31%   4.6 2033s
 283746 140070 1978.95048   75    - 1997.19670 1871.36460  6.30%   4.6 2047s
 284802 140678 1878.36192   48    6 1997.19670 1871.50586  6.29%   4.6 2064s
 284913 140689 1921.96802   69    6 1997.19670 1871.50875  6.29%   4.6 2065s
 285966 141189     cutoff   95      1997.19670 1871.68252  6.28%   4.6 2081s
 287213 141345     cutoff   54      1997.19670 1871.80669  6.28%   4.6 2106s
 287353 141769 1991.16933   54    6 1997.19670 1871.83628  6.28%   4.6 2121s
 288320 142483     cutoff   98      1997.19670 1871.92384  6.27%   4.6 2137s
 289627 143066     cutoff  117      1997.19670 1872.10128  6.26%   4.6 2157s
 290924 143752 1971.10725   90    8 1997.19670 1872.14594  6.26%   4.6 2173s
 292240 144557     cutoff   95      1997.19670 1872.35193  6.25%   4.6 2189s
 293365 144644     cutoff  113      1997.19670 1872.41564  6.25%   4.6 2190s
 293608 145054 1992.81414   67    8 1997.19670 1872.52177  6.24%   4.6 2207s
 294821 145639     cutoff   81      1997.19670 1872.65281  6.24%   4.6 2227s
 296078 146284 1986.85967   82   10 1997.19670 1872.80433  6.23%   4.6 2250s
 297332 147167 1984.43724   83    9 1997.19670 1872.97554  6.22%   4.6 2269s
 298809 147637     cutoff   90      1997.19670 1873.10955  6.21%   4.6 2287s
 299755 148280 1956.65524   85    6 1997.19670 1873.21471  6.21%   4.6 2312s
 301063 148763     cutoff  104      1997.19670 1873.36166  6.20%   4.6 2336s
 302102 149221 1948.89972   79    6 1997.19670 1873.50046  6.19%   4.6 2355s
 303351 149766 1945.23057   60    6 1997.19670 1873.59486  6.19%   4.6 2371s
 304407 150473 1908.19232   78   10 1997.19670 1873.72045  6.18%   4.6 2393s
 305724 151039 1932.20224   48    6 1997.19670 1873.82849  6.18%   4.6 2415s
 306999 151726     cutoff   91      1997.19670 1873.93913  6.17%   4.6 2437s
 308280 152482     cutoff   93      1997.19670 1874.10881  6.16%   4.6 2456s
 309714 153153     cutoff   73      1997.19670 1874.29639  6.15%   4.6 2475s
 311047 153753 1925.63558   95    6 1997.19670 1874.38274  6.15%   4.6 2497s
 312275 154206     cutoff   97      1997.19670 1874.56717  6.14%   4.6 2516s
 313306 154840     cutoff   98      1997.19670 1874.69187  6.13%   4.6 2536s
 314554 155609     cutoff   84      1997.19670 1874.82348  6.13%   4.6 2556s
 315975 156295 1954.26608   89   13 1997.19670 1874.96358  6.12%   4.6 2572s
 317375 157137 1993.23445   93    6 1997.19670 1875.12512  6.11%   4.6 2594s
 317493 157151     cutoff  123      1997.19670 1875.13559  6.11%   4.6 2595s
 318838 157735     cutoff   86      1997.19670 1875.24706  6.11%   4.6 2613s
 319859 158208     cutoff  103      1997.19670 1875.34207  6.10%   4.6 2636s
 321100 158736 1991.88128   94   12 1997.19670 1875.43562  6.10%   4.6 2658s
 322331 159303     cutoff   86      1997.19670 1875.59353  6.09%   4.6 2678s
 323528 160078     cutoff   79      1997.19670 1875.69040  6.08%   4.6 2695s
 324924 160539 infeasible  103      1997.19670 1875.87881  6.07%   4.6 2715s
 326164 161151 1941.67694   92   15 1997.19670 1875.97275  6.07%   4.6 2737s
 327447 161707 1994.23534  100   13 1997.19670 1876.15249  6.06%   4.7 2757s
 328700 162250 1888.86118   85    4 1997.19670 1876.26162  6.06%   4.7 2778s
 329958 162839 1964.93386   92    - 1997.19670 1876.34647  6.05%   4.7 2800s
 330970 163406     cutoff   92      1997.19670 1876.50783  6.04%   4.7 2822s
 332201 163941 1937.95940   58   13 1997.19670 1876.68410  6.03%   4.7 2842s
 333569 164647 1919.29020   95   24 1997.19670 1876.80615  6.03%   4.7 2859s
 333857 164670 1966.01096   78    6 1997.19670 1876.81920  6.03%   4.7 2860s
 334768 165149 infeasible  101      1997.19670 1876.92178  6.02%   4.7 2881s
 336148 165789 1994.82099   83    6 1997.19670 1877.01590  6.02%   4.7 2902s
 337543 166301 1895.39635   80    9 1997.19670 1877.14553  6.01%   4.7 2922s
 338737 166911 infeasible   93      1997.19670 1877.25946  6.01%   4.7 2941s
 339983 167525     cutoff  127      1997.19670 1877.35419  6.00%   4.7 2973s
 341324 167947     cutoff   99      1997.19670 1877.48876  5.99%   4.7 2995s
 342546 168119 1992.81959   85   16 1997.19670 1877.57441  5.99%   4.7 3020s
 342725 168482 infeasible   85      1997.19670 1877.62308  5.99%   4.7 3043s
 343621 168932 1892.23894   74   21 1997.19670 1877.68329  5.98%   4.7 3065s
 344927 169575 infeasible   84      1997.19670 1877.80758  5.98%   4.7 3088s
 346317 170042     cutoff   95      1997.19670 1877.94042  5.97%   4.7 3108s
 347368 170652 1975.13275   65    9 1997.19670 1878.04098  5.97%   4.7 3129s
 348701 171238     cutoff  108      1997.19670 1878.21060  5.96%   4.7 3151s
 350096 171784 1968.08645   64   14 1997.19670 1878.33090  5.95%   4.7 3174s
 351454 171950     cutoff   91      1997.19670 1878.42665  5.95%   4.7 3207s
 351680 172296     cutoff   89      1997.19670 1878.49056  5.94%   4.7 3230s
 352583 172778 1917.92677   90   29 1997.19670 1878.60566  5.94%   4.7 3258s
 353998 173360 1914.79296  100    8 1997.19670 1878.71810  5.93%   4.7 3281s
 355387 173890     cutoff   93      1997.19670 1878.86505  5.92%   4.7 3305s
 356881 174591 1958.94871   56    6 1997.19670 1878.94974  5.92%   4.7 3330s
 358348 175338     cutoff   69      1997.19670 1879.15040  5.91%   4.7 3353s
 359896 176092     cutoff   86      1997.19670 1879.25384  5.91%   4.7 3380s
 361315 176503     cutoff   97      1997.19670 1879.32318  5.90%   4.7 3404s
 362566 177146 1947.58009   50   11 1997.19670 1879.51581  5.89%   4.7 3425s
 363862 177918     cutoff   80      1997.19670 1879.66979  5.88%   4.7 3455s
 365338 178378     cutoff   80      1997.19670 1879.78728  5.88%   4.7 3478s
 366638 178858 infeasible   80      1997.19670 1879.96949  5.87%   4.7 3498s
 367611 179480     cutoff   87      1997.19670 1880.06591  5.86%   4.7 3523s
 369050 180131 infeasible   83      1997.19670 1880.17884  5.86%   4.7 3546s
 370527 180692     cutoff   92      1997.19670 1880.25189  5.86%   4.7 3572s
 371722 181240 1970.37996   66    6 1997.19670 1880.36394  5.85%   4.7 3606s
 372959 181891     cutoff   99      1997.19670 1880.52940  5.84%   4.7 3637s
 374405 182322     cutoff   80      1997.19670 1880.64368  5.84%   4.7 3664s
 375618 182820 1990.55955  102   12 1997.19670 1880.80253  5.83%   4.7 3687s
 376762 183360 1930.36797   76   10 1997.19670 1880.89814  5.82%   4.7 3715s
 378146 183974 1901.41661   84   30 1997.19670 1880.93737  5.82%   4.7 3737s
 379535 184667 infeasible   95      1997.19670 1881.09462  5.81%   4.7 3758s
 380858 185237 infeasible   98      1997.19670 1881.22717  5.81%   4.7 3780s
 382144 185823     cutoff   88      1997.19670 1881.39349  5.80%   4.7 3810s
 383581 186334     cutoff  109      1997.19670 1881.47526  5.79%   4.7 3834s
 384725 187002     cutoff   80      1997.19670 1881.61062  5.79%   4.7 3860s
 386183 187644     cutoff  102      1997.19670 1881.72776  5.78%   4.7 3885s
 387651 188133     cutoff  103      1997.19670 1881.82506  5.78%   4.7 3910s
 388749 188677     cutoff   81      1997.19670 1881.90993  5.77%   4.7 3945s
 389914 189313     cutoff   81      1997.19670 1882.02841  5.77%   4.7 3969s
 391402 190185 infeasible  105      1997.19670 1882.16260  5.76%   4.8 3996s
 392958 190504     cutoff  106      1997.19670 1882.28108  5.75%   4.8 4028s
 394129 191082     cutoff   92      1997.19670 1882.37803  5.75%   4.8 4055s
 395632 191672     cutoff   87      1997.19670 1882.46773  5.74%   4.8 4080s
 396843 192383 1904.81826   80   38 1997.19670 1882.55543  5.74%   4.8 4111s
 398314 192991     cutoff   93      1997.19670 1882.73011  5.73%   4.8 4138s
 399787 193593     cutoff   84      1997.19670 1882.83335  5.73%   4.8 4170s
 401119 193986     cutoff   74      1997.19670 1882.88132  5.72%   4.8 4194s
 401331 194001     cutoff   81      1997.19670 1882.88132  5.72%   4.8 4195s
 401989 194471     cutoff   70      1997.19670 1883.03760  5.72%   4.8 4223s
 403330 195170     cutoff   82      1997.19670 1883.15059  5.71%   4.8 4251s
 404805 195765     cutoff   79      1997.19670 1883.25280  5.71%   4.8 4278s
 406169 196153 1910.16232   56    6 1997.19670 1883.42946  5.70%   4.8 4302s
 407255 196728     cutoff   78      1997.19670 1883.52606  5.69%   4.8 4329s
 407828 196798     cutoff   86      1997.19670 1883.53189  5.69%   4.8 4330s
 408702 196901     cutoff   82      1997.19670 1883.68628  5.68%   4.8 4369s
 408919 197199 1995.52158   71    - 1997.19670 1883.70017  5.68%   4.8 4399s
 410217 197719     cutoff   71      1997.19670 1883.77038  5.68%   4.8 4424s
 411436 198046 1953.66022   56   13 1997.19670 1883.90306  5.67%   4.8 4454s
 412524 198795     cutoff   96      1997.19670 1884.03718  5.67%   4.8 4484s
 414084 199471 1954.79938   61    6 1997.19670 1884.19338  5.66%   4.8 4513s
 415527 199975 1960.59582   94    6 1997.19670 1884.30217  5.65%   4.8 4541s
 416993 200680 1963.60718   54   16 1997.19670 1884.44603  5.65%   4.8 4572s
 418521 201261 infeasible   86      1997.19670 1884.55705  5.64%   4.8 4601s
 419673 201692 1948.30432   90    6 1997.19670 1884.66815  5.63%   4.8 4641s
 421067 202351 1894.01857   66    8 1997.19670 1884.76914  5.63%   4.8 4679s
 422545 202734     cutoff   56      1997.19670 1884.87780  5.62%   4.8 4709s
 423683 202882 infeasible   78      1997.19670 1884.96686  5.62%   4.8 4710s
 423792 203146 1974.93420   88    8 1997.19670 1884.97065  5.62%   4.8 4739s
 425108 203719 infeasible   89      1997.19670 1885.09143  5.61%   4.8 4771s
 426591 204227 infeasible   84      1997.19670 1885.23415  5.61%   4.8 4807s
 427783 204812 1986.36455   69   13 1997.19670 1885.29963  5.60%   4.8 4839s
 428285 204844 1996.21559   83    9 1997.19670 1885.31107  5.60%   4.8 4840s
 429307 205296     cutoff   96      1997.19670 1885.42057  5.60%   4.8 4868s
 430605 205771     cutoff   89      1997.19670 1885.55056  5.59%   4.8 4897s
 431751 206588     cutoff   63      1997.19670 1885.63128  5.59%   4.8 4931s
 433380 207197 1989.10666   90    6 1997.19670 1885.77462  5.58%   4.8 4964s
 433478 207206     cutoff   96      1997.19670 1885.78303  5.58%   4.8 4965s
 434635 207837 1929.28700   64    6 1997.19670 1885.87781  5.57%   4.8 5002s
 436104 208336 1984.85915   93    - 1997.19670 1885.95890  5.57%   4.8 5032s
 437450 208858 1910.41174   95    6 1997.19670 1886.04767  5.57%   4.8 5065s
 438883 209370 1976.80397  105    6 1997.19670 1886.13929  5.56%   4.8 5100s
 440331 209796 infeasible  106      1997.19670 1886.28273  5.55%   4.8 5129s
 441667 210325     cutoff   72      1997.19670 1886.36974  5.55%   4.8 5172s
 442985 210811     cutoff   85      1997.19670 1886.45423  5.54%   4.8 5209s
 444246 211286     cutoff   75      1997.19670 1886.58929  5.54%   4.8 5243s
 445385 211796 1920.79297   80   28 1997.19670 1886.68945  5.53%   4.8 5277s
 446813 212256 infeasible   92      1997.19670 1886.80934  5.53%   4.8 5312s
 447914 212764     cutoff   78      1997.19670 1886.86799  5.52%   4.8 5347s
 449340 213424 1979.40910   85    6 1997.19670 1886.97212  5.52%   4.8 5385s
 450788 213920     cutoff   86      1997.19670 1887.10495  5.51%   4.8 5416s
 452110 214431 infeasible   83      1997.19670 1887.24207  5.51%   4.8 5447s
 453587 214936     cutoff  111      1997.19670 1887.31932  5.50%   4.8 5483s
 454897 215265     cutoff   90      1997.19670 1887.48043  5.49%   4.8 5519s
 456010 215793     cutoff   65      1997.19670 1887.57997  5.49%   4.8 5551s
 457488 216252 1917.74534   59    9 1997.19670 1887.70304  5.48%   4.9 5587s
 458834 216805     cutoff   73      1997.19670 1887.82569  5.48%   4.9 5625s
 460361 217313     cutoff   91      1997.19670 1887.89304  5.47%   4.9 5659s
 461441 217875     cutoff   87      1997.19670 1888.01676  5.47%   4.9 5700s
 462977 218449     cutoff   92      1997.19670 1888.16316  5.46%   4.9 5741s
 464421 218663     cutoff  103      1997.19670 1888.28309  5.45%   4.9 5780s
 464913 219164 infeasible   79      1997.19670 1888.30168  5.45%   4.9 5812s
 466319 219780     cutoff  103      1997.19670 1888.45738  5.44%   4.9 5845s
 467953 220236     cutoff   92      1997.19670 1888.59365  5.44%   4.9 5881s
 469469 220755 1934.43448   78    6 1997.19670 1888.69268  5.43%   4.9 5913s
 470699 221265 1972.76718   88    6 1997.19670 1888.76560  5.43%   4.9 5945s
 472210 221818     cutoff   95      1997.19670 1888.86967  5.42%   4.9 5979s
 473392 221938     cutoff   80      1997.19670 1888.91215  5.42%   4.9 5980s
 473634 222429     cutoff   88      1997.19670 1888.99484  5.42%   4.9 6010s
 475053 223090     cutoff  109      1997.19670 1888.99484  5.42%   4.9 6044s
 476452 223662     cutoff  101      1997.19670 1889.19126  5.41%   4.9 6078s
 477770 224310 1957.90164   55    8 1997.19670 1889.28477  5.40%   4.9 6110s
 479418 225040 1986.10857   86    6 1997.19670 1889.40697  5.40%   4.9 6143s
 481039 225524     cutoff   55      1997.19670 1889.48103  5.39%   4.9 6178s
 482466 225905 infeasible   95      1997.19670 1889.56817  5.39%   4.9 6210s
 483578 226612 infeasible   90      1997.19670 1889.71106  5.38%   4.9 6249s
 484621 226702     cutoff   97      1997.19670 1889.74949  5.38%   4.9 6250s
 485178 227170 1905.51202   75   12 1997.19670 1889.75054  5.38%   4.9 6284s
 486472 227599 infeasible   69      1997.19670 1889.91887  5.37%   4.9 6320s
 487829 227860 infeasible  136      1997.19670 1890.00464  5.37%   4.9 6358s
 488996 228215     cutoff   63      1997.19670 1890.07887  5.36%   4.9 6387s
 490034 228671     cutoff   92      1997.19670 1890.19430  5.36%   4.9 6422s
 491367 229119 1993.48929   77   22 1997.19670 1890.27809  5.35%   4.9 6456s
 492550 229625     cutoff   88      1997.19670 1890.37507  5.35%   4.9 6492s
 494086 230069 infeasible   94      1997.19670 1890.47691  5.34%   4.9 6534s
 495404 230679 1977.96758  126    8 1997.19670 1890.60439  5.34%   4.9 6576s
 496898 231153 infeasible  127      1997.19670 1890.72494  5.33%   4.9 6621s
 498101 231615     cutoff  100      1997.19670 1890.81413  5.33%   4.9 6657s
 499678 232107 1987.93849   66   15 1997.19670 1890.89107  5.32%   4.9 6690s
 501150 232355     cutoff  106      1997.19670 1890.99613  5.32%   4.9 6731s
 501502 232645 infeasible   64      1997.19670 1891.08024  5.31%   4.9 6779s
 502760 233121 infeasible   85      1997.19670 1891.13730  5.31%   4.9 6817s
 504361 233723 infeasible   85      1997.19670 1891.25961  5.30%   4.9 6858s
 505827 234170     cutoff   91      1997.19670 1891.35618  5.30%   4.9 6907s
 507202 234821     cutoff   76      1997.19670 1891.49559  5.29%   4.9 6947s
 508817 235235     cutoff   81      1997.19670 1891.60743  5.29%   4.9 6990s
 510070 235766     cutoff   77      1997.19670 1891.69267  5.28%   4.9 7028s
 511580 236368     cutoff   78      1997.19670 1891.82950  5.28%   4.9 7067s
 513214 236837     cutoff   79      1997.19670 1891.95485  5.27%   4.9 7102s
 514412 237370     cutoff   84      1997.19670 1892.06876  5.26%   4.9 7144s
 516015 237955 infeasible   85      1997.19670 1892.15326  5.26%   4.9 7183s
 517547 238150     cutoff  109      1997.19670 1892.20937  5.26%   4.9 7200s

Cutting planes:
  Gomory: 4
  Zero half: 2
  Lazy constraints: 39841

Explored 518066 nodes (2552578 simplex iterations) in 7201.36 seconds
Thread count was 12 (of 12 available processors)

Solution count 5: 1997.2 2231.59 2278.71 ... 3279.75

Time limit reached
Best objective 1.997196703028e+03, best bound 1.892312742268e+03, gap 5.2516%

User-callback calls 1996799, time in user-callback 8.15 sec
/projects/academic/josewalt/caigao/RRARP_BD/BendersDecomp/ret/model_outs/n_24_e_3_algo_2.out
 =====>>>>> Solution is written to file in <../ret/model_outs> !!!
===>> All Done!
