NPROCS=0
This instance is clustered!
Gurobi Optimizer version 9.0.0 build v9.0.0rc2 (linux64)
Optimize a model with 32 rows, 257 columns and 512 nonzeros
Model fingerprint: 0x1fbbb2f2
Variable types: 1 continuous, 256 integer (256 binary)
Coefficient statistics:
  Matrix range     [1e+00, 1e+00]
  Objective range  [1e+00, 2e+02]
  Bounds range     [1e+00, 1e+00]
  RHS range        [1e+00, 1e+00]
Presolve removed 2 rows and 45 columns
Presolve time: 0.00s
Presolved: 30 rows, 212 columns, 422 nonzeros
Variable types: 1 continuous, 211 integer (211 binary)

Root relaxation: objective 3.991785e+02, 29 iterations, 0.00 seconds

    Nodes    |    Current Node    |     Objective Bounds      |     Work
 Expl Unexpl |  Obj  Depth IntInf | Incumbent    BestBd   Gap | It/Node Time

     0     0  468.34387    0   22          -  468.34387      -     -    0s
 done with super cut 0
 done with super cut 1
H    0     0                     543.0370956  468.34387  13.8%     -    0s
     0     0  474.09721    0   17  543.03710  474.09721  12.7%     -    0s
     0     0  474.09721    0   18  543.03710  474.09721  12.7%     -    0s
 done with super cut 2
     0     0  476.64975    0   18  543.03710  476.64975  12.2%     -    1s
 done with super cut 3
 done with super cut 4
H    0     0                     539.5361294  476.64975  11.7%     -    2s
     0     0  479.46903    0   37  539.53613  479.46903  11.1%     -    2s
     0     0  482.68195    0   36  539.53613  482.68195  10.5%     -    2s
     0     0  483.19509    0   35  539.53613  483.19509  10.4%     -    2s
     0     0  484.27013    0   38  539.53613  484.27013  10.2%     -    2s
     0     0  484.29962    0   38  539.53613  484.29962  10.2%     -    2s
     0     0  486.78160    0   36  539.53613  486.78160  9.78%     -    2s
 done with super cut 5
 done with super cut 6
     0     2  492.40411    0   36  539.53613  492.40411  8.74%     -    4s
 done with super cut 7
 done with super cut 8
 done with super cut 9
 done with super cut 10
   111    11     cutoff   12       539.53613  515.71279  4.42%   7.3   10s

Cutting planes:
  Gomory: 1
  Zero half: 2
  Mod-K: 1
  Lazy constraints: 31

Explored 164 nodes (1434 simplex iterations) in 10.20 seconds
Thread count was 12 (of 12 available processors)

Solution count 2: 539.536 543.037 

Optimal solution found (tolerance 1.00e-04)
Best objective 5.395361294006e+02, best bound 5.395361294006e+02, gap 0.0000%

User-callback calls 501, time in user-callback 10.13 sec
/projects/academic/josewalt/caigao/RRARP_BD/BendersDecomp/ret/model_outs/n_14_e_4_algo_4.out
 =====>>>>> Solution is written to file in <../ret/model_outs> !!!
===>> All Done!
