NPROCS=0
This instance is clustered!
Gurobi Optimizer version 9.0.0 build v9.0.0rc2 (linux64)
Optimize a model with 22 rows, 122 columns and 242 nonzeros
Model fingerprint: 0xacbbb667
Variable types: 1 continuous, 121 integer (121 binary)
Coefficient statistics:
  Matrix range     [1e+00, 1e+00]
  Objective range  [1e+00, 8e+01]
  Bounds range     [1e+00, 1e+00]
  RHS range        [1e+00, 1e+00]
Presolve removed 2 rows and 30 columns
Presolve time: 0.00s
Presolved: 20 rows, 92 columns, 182 nonzeros
Variable types: 1 continuous, 91 integer (91 binary)

Root relaxation: objective 1.964894e+02, 20 iterations, 0.00 seconds

    Nodes    |    Current Node    |     Objective Bounds      |     Work
 Expl Unexpl |  Obj  Depth IntInf | Incumbent    BestBd   Gap | It/Node Time

     0     0  205.77692    0   14          -  205.77692      -     -    0s
H    0     0                     308.2767093  205.77692  33.2%     -    0s
H    0     0                     286.8008345  205.77692  28.3%     -    0s
     0     0  224.43709    0   21  286.80083  224.43709  21.7%     -    0s
H    0     0                     249.6438199  224.43709  10.1%     -    0s
     0     0  224.43709    0   21  249.64382  224.43709  10.1%     -    0s
     0     0  225.99381    0   11  249.64382  225.99381  9.47%     -    0s
     0     0  227.02253    0   20  249.64382  227.02253  9.06%     -    0s
     0     0  228.25029    0   18  249.64382  228.25029  8.57%     -    0s
     0     0  228.31542    0   23  249.64382  228.31542  8.54%     -    0s
     0     0  228.31542    0   23  249.64382  228.31542  8.54%     -    0s
     0     2  228.31542    0   23  249.64382  228.31542  8.54%     -    0s

Cutting planes:
  Gomory: 2
  Zero half: 2
  Lazy constraints: 32

Explored 129 nodes (520 simplex iterations) in 0.07 seconds
Thread count was 12 (of 12 available processors)

Solution count 3: 249.644 286.801 308.277 

Optimal solution found (tolerance 1.00e-04)
Best objective 2.496438199453e+02, best bound 2.496438199453e+02, gap 0.0000%

User-callback calls 425, time in user-callback 0.00 sec
/projects/academic/josewalt/caigao/RRARP_BD/BendersDecomp/ret/model_outs/n_9_e_8_algo_2.out
 =====>>>>> Solution is written to file in <../ret/model_outs> !!!
===>> All Done!
