NPROCS=0
This instance is clustered!
Gurobi Optimizer version 9.0.0 build v9.0.0rc2 (linux64)
Optimize a model with 26 rows, 170 columns and 338 nonzeros
Model fingerprint: 0x29ce21e8
Variable types: 1 continuous, 169 integer (169 binary)
Coefficient statistics:
  Matrix range     [1e+00, 1e+00]
  Objective range  [1e+00, 1e+02]
  Bounds range     [1e+00, 1e+00]
  RHS range        [1e+00, 1e+00]
Presolve removed 2 rows and 36 columns
Presolve time: 0.00s
Presolved: 24 rows, 134 columns, 266 nonzeros
Variable types: 1 continuous, 133 integer (133 binary)

Root relaxation: objective 1.624509e+02, 16 iterations, 0.00 seconds

    Nodes    |    Current Node    |     Objective Bounds      |     Work
 Expl Unexpl |  Obj  Depth IntInf | Incumbent    BestBd   Gap | It/Node Time

     0     0  248.84651    0    8          -  248.84651      -     -    0s
H    0     0                     433.6286241  248.84651  42.6%     -    0s
H    0     0                     351.3658474  248.84651  29.2%     -    0s
H    0     0                     347.1699209  248.84651  28.3%     -    0s
     0     0  249.74630    0   30  347.16992  249.74630  28.1%     -    0s
H    0     0                     346.5363988  249.74630  27.9%     -    0s
     0     0  250.17864    0   30  346.53640  250.17864  27.8%     -    0s
     0     2  250.17864    0   30  346.53640  250.17864  27.8%     -    0s
 12749  2474  345.01696   22   13  346.53640  319.53378  7.79%   3.3    5s
 18236  1735     cutoff   30       346.53640  332.09522  4.17%   3.4   10s

Cutting planes:
  Gomory: 1
  Lazy constraints: 4891

Explored 22065 nodes (73091 simplex iterations) in 13.49 seconds
Thread count was 12 (of 12 available processors)

Solution count 4: 346.536 347.17 351.366 433.629 

Optimal solution found (tolerance 1.00e-04)
Best objective 3.465363987937e+02, best bound 3.465363987937e+02, gap 0.0000%

User-callback calls 52330, time in user-callback 0.28 sec
/projects/academic/josewalt/caigao/RRARP_BD/BendersDecomp/ret/model_outs/n_11_h_8_algo_2.out
 =====>>>>> Solution is written to file in <../ret/model_outs> !!!
===>> All Done!
