NPROCS=0
This instance is clustered!
Gurobi Optimizer version 9.0.0 build v9.0.0rc2 (linux64)
Optimize a model with 46 rows, 530 columns and 1058 nonzeros
Model fingerprint: 0xb165d3a5
Variable types: 1 continuous, 529 integer (529 binary)
Coefficient statistics:
  Matrix range     [1e+00, 1e+00]
  Objective range  [1e+00, 5e+02]
  Bounds range     [1e+00, 1e+00]
  RHS range        [1e+00, 1e+00]
Presolve removed 2 rows and 66 columns
Presolve time: 0.00s
Presolved: 44 rows, 464 columns, 926 nonzeros
Variable types: 1 continuous, 463 integer (463 binary)

Root relaxation: objective 1.165920e+03, 44 iterations, 0.00 seconds

    Nodes    |    Current Node    |     Objective Bounds      |     Work
 Expl Unexpl |  Obj  Depth IntInf | Incumbent    BestBd   Gap | It/Node Time

     0     0 1461.52391    0   24          - 1461.52391      -     -    0s
     0     0 1466.10551    0   18          - 1466.10551      -     -    0s
H    0     0                    2366.6987789 1466.10551  38.1%     -    0s
H    0     0                    1984.0294499 1484.16233  25.2%     -    0s
     0     2 1484.16233    0   14 1984.02945 1484.16233  25.2%     -    0s
*  670   467              41    1839.7494727 1507.13864  18.1%   4.2    0s
*  933   622              35    1825.7410709 1507.13864  17.5%   4.0    0s
H  992   692                    1788.2224495 1516.17093  15.2%   3.9    0s
* 1289   754              43    1759.9504747 1527.66293  13.2%   3.8    0s
* 1364   773              51    1744.0454241 1527.66293  12.4%   3.8    0s
  3569  1957 1651.12479   18   18 1744.04542 1556.70730  10.7%   3.8    5s
 11846  5745 1624.82386   28   15 1744.04542 1563.97694  10.3%   4.4   10s
 19113 10558 1655.36605   23    9 1744.04542 1573.08444  9.80%   4.4   15s
 24038 13807 1647.16467   31   27 1744.04542 1577.97553  9.52%   4.5   20s
 27889 16054     cutoff   57      1744.04542 1581.71283  9.31%   4.6   25s
 31086 18074 1642.96089   26   24 1744.04542 1584.27126  9.16%   4.7   30s
 34157 19876 1722.47848   32    9 1744.04542 1586.16614  9.05%   4.7   35s
 37116 21417 1595.13860   24   16 1744.04542 1588.15108  8.94%   4.8   41s
 39344 22642 1690.22403   29    6 1744.04542 1589.34788  8.87%   4.8   46s
 41027 23471 1724.97677   27    9 1744.04542 1589.94593  8.84%   4.8   50s
 43411 24780 1731.85443   40   14 1744.04542 1591.60718  8.74%   4.8   56s
 45065 25756     cutoff   32      1744.04542 1592.64422  8.68%   4.9   60s
 47274 26892 1722.85138   35   21 1744.04542 1593.74673  8.62%   4.9   67s
 48887 27707 1694.05367   25   13 1744.04542 1594.58800  8.57%   4.9   71s
 50467 28570     cutoff   43      1744.04542 1595.53632  8.52%   4.9   76s
 52158 29370 1731.00833   29    6 1744.04542 1596.33426  8.47%   4.9   82s
 53011 29793 1652.10416   29    9 1744.04542 1596.67043  8.45%   4.9   85s
 54749 30656 1650.06497   30    9 1744.04542 1597.37829  8.41%   4.9   91s
 56356 31533 1678.21734   50   20 1744.04542 1597.96161  8.38%   5.0   97s
 57122 31904 1655.71120   28   12 1744.04542 1598.18973  8.36%   5.0  100s
 58762 32596 1726.17918   34   16 1744.04542 1598.82242  8.33%   5.0  107s
 59570 33109 1715.80263   33    8 1744.04542 1598.94035  8.32%   5.0  111s
 60501 33509 1652.13863   31   17 1744.04542 1599.14983  8.31%   5.0  115s
 62169 34316 1655.29970   28    6 1744.04542 1599.67259  8.28%   5.0  123s
 62987 34776 1687.18035   24    8 1744.04542 1600.21885  8.25%   5.0  127s
 63870 35180     cutoff   28      1744.04542 1600.62776  8.22%   5.0  131s
 64756 35632 1704.01902   30    6 1744.04542 1600.95195  8.20%   5.0  135s
 65663 36111 1641.48516   28   23 1744.04542 1601.30754  8.18%   5.0  140s
 67387 36926 1677.79204   27   16 1744.04542 1601.86090  8.15%   5.0  149s
 68264 37299 1626.85990   34    6 1744.04542 1602.17595  8.13%   5.1  153s
 69036 37744 1704.06486   28    8 1744.04542 1602.39954  8.12%   5.1  158s
 69986 38255 1658.65044   29    7 1744.04542 1602.76884  8.10%   5.1  162s
 70898 38714 1679.86077   26    - 1744.04542 1603.05912  8.08%   5.1  167s
 71823 38822 1698.50795   36   18 1744.04542 1603.36042  8.07%   5.1  177s
 71827 38825 1662.90717   33   71 1744.04542 1603.36042  8.07%   5.1  180s
 71831 38827 1633.08783   28   72 1744.04542 1603.36042  8.07%   5.1  185s
 71835 38833 1603.36042   24   63 1744.04542 1603.36042  8.07%   5.1  191s
 71837 38836 1603.36042   25   76 1744.04542 1603.36042  8.07%   5.1  195s
 71849 38852 1603.36042   27   70 1744.04542 1603.36042  8.07%   5.1  202s
 71873 38867 1603.36042   28   69 1744.04542 1603.36042  8.07%   5.1  205s
 72000 38953 1603.36042   33   40 1744.04542 1603.36042  8.07%   5.1  210s
 72220 39035 1615.93165   42   12 1744.04542 1603.36042  8.07%   5.1  215s
 72460 39066 1683.17218   53   13 1744.04542 1603.36042  8.07%   5.1  220s
H72486 37116                    1742.2694204 1603.36042  7.97%   5.1  220s
 72712 37166 1603.36042   34   13 1742.26942 1603.36042  7.97%   5.1  225s
 73106 37300 1607.47901   68   45 1742.26942 1603.36042  7.97%   5.1  230s
 73627 37460 1603.36042   36   14 1742.26942 1603.36042  7.97%   5.1  235s
 74176 37624 1603.36042   38   34 1742.26942 1603.36042  7.97%   5.1  241s
 74903 37878 1629.72852   55   18 1742.26942 1603.36042  7.97%   5.1  246s
 75740 38091     cutoff   74      1742.26942 1603.36042  7.97%   5.1  251s
 76090 38151     cutoff   47      1742.26942 1603.36042  7.97%   5.1  255s
 76672 38302 1640.79557   49   35 1742.26942 1603.36042  7.97%   5.1  261s
 77366 38496 1713.73862   46    - 1742.26942 1603.36042  7.97%   5.1  266s
 77924 38640 infeasible   47      1742.26942 1603.36042  7.97%   5.1  270s
 78592 38842 infeasible   61      1742.26942 1603.36042  7.97%   5.1  275s
 79784 39269 1649.14962   60   32 1742.26942 1603.36042  7.97%   5.1  282s
 80471 39305 1606.56527   38    6 1742.26942 1603.36042  7.97%   5.1  287s
 80846 39427 1655.66567   46   24 1742.26942 1603.36042  7.97%   5.1  290s
 81729 39489 infeasible   61      1742.26942 1603.36042  7.97%   5.1  298s
 81907 39734     cutoff   61      1742.26942 1603.36042  7.97%   5.1  301s
 82805 40106 1680.71585   62   50 1742.26942 1603.36042  7.97%   5.1  306s
 83858 40393 1644.07745   48   30 1742.26942 1603.36042  7.97%   5.1  312s
 84526 40526 1689.89019   67    - 1742.26942 1603.36042  7.97%   5.1  318s
 85082 40733 1695.14955   67   24 1742.26942 1603.36042  7.97%   5.1  321s
 85752 40576 1726.27376   70   26 1742.26942 1603.36042  7.97%   5.1  327s
 85797 40890 1702.87730   69   30 1742.26942 1603.36042  7.97%   5.1  331s
 86411 41040 1711.61686   39   28 1742.26942 1603.36042  7.97%   5.1  336s
 87058 41291 1704.24180   45   22 1742.26942 1603.36042  7.97%   5.1  340s
 87824 41576     cutoff   57      1742.26942 1603.36042  7.97%   5.1  345s
 88606 41777     cutoff   64      1742.26942 1603.36042  7.97%   5.1  350s
 89338 42049 1708.16384   47   28 1742.26942 1603.36042  7.97%   5.1  355s
 90145 42380 1671.65719   70   21 1742.26942 1603.36042  7.97%   5.1  360s
 91006 42407     cutoff   76      1742.26942 1603.36042  7.97%   5.1  366s
 91715 42533 1641.27083   59   23 1742.26942 1603.36042  7.97%   5.1  373s
 92344 42641 infeasible   60      1742.26942 1603.36042  7.97%   5.1  379s
 93101 43035     cutoff   49      1742.26942 1603.36042  7.97%   5.1  385s
 94078 43293 infeasible   61      1742.26942 1603.36042  7.97%   5.1  391s
 95002 43596 1716.24598   72    - 1742.26942 1603.36042  7.97%   5.1  397s
 96056 43732     cutoff   72      1742.26942 1603.36042  7.97%   5.1  403s
 96832 43732 1738.90299   48   24 1742.26942 1603.36042  7.97%   5.1  410s
 97327 43905     cutoff   50      1742.26942 1603.36042  7.97%   5.1  416s
 97878 43989 1675.12960   41   15 1742.26942 1603.36042  7.97%   5.1  422s
 98447 44206 infeasible   54      1742.26942 1603.36042  7.97%   5.1  428s
 99208 44624 infeasible   63      1742.26942 1603.36042  7.97%   5.1  437s
 100407 45079     cutoff   46      1742.26942 1603.36042  7.97%   5.1  445s
 101752 45479     cutoff   72      1742.26942 1603.36042  7.97%   5.1  454s
 103203 45733     cutoff   55      1742.26942 1603.36042  7.97%   5.1  463s
 104537 45773     cutoff   78      1742.26942 1603.36042  7.97%   5.1  470s
 105354 46022 infeasible   57      1742.26942 1603.36042  7.97%   5.0  478s
 106499 46393     cutoff   65      1742.26942 1603.36042  7.97%   5.0  486s
 107791 46480 infeasible   64      1742.26942 1603.36042  7.97%   5.0  494s
 108530 46321     cutoff   57      1742.26942 1603.36042  7.97%   5.0  495s
 108906 46859     cutoff   45      1742.26942 1603.36042  7.97%   5.0  502s
 110188 47018     cutoff   70      1742.26942 1603.36042  7.97%   5.0  510s
 111441 47198 1668.09977   46   12 1742.26942 1603.36042  7.97%   5.0  518s
 112418 47560     cutoff   59      1742.26942 1603.36042  7.97%   5.0  526s
 113744 47586     cutoff   62      1742.26942 1603.36042  7.97%   5.0  532s
 114518 48078     cutoff   65      1742.26942 1603.36042  7.97%   5.0  543s
 115859 48323 1703.66249   97    8 1742.26942 1603.36042  7.97%   5.0  551s
 117039 48382     cutoff   61      1742.26942 1603.36042  7.97%   5.0  559s
 117921 48573     cutoff   61      1742.26942 1603.36042  7.97%   5.0  570s
 119075 48943 1617.56699   58   26 1742.26942 1603.36042  7.97%   5.0  578s
 120333 49245 infeasible   77      1742.26942 1603.36042  7.97%   5.0  588s
 121662 49459     cutoff   82      1742.26942 1603.36042  7.97%   5.0  598s
 122781 49525     cutoff   59      1742.26942 1603.36042  7.97%   5.0  607s
 123671 49694 infeasible   59      1742.26942 1603.36042  7.97%   5.0  615s
 124876 49963 1671.16426   49   44 1742.26942 1603.36042  7.97%   5.0  626s
 126080 50170     cutoff   60      1742.26942 1603.52178  7.96%   5.0  634s
 127032 50256 infeasible   51      1742.26942 1603.84010  7.95%   5.0  644s
 128096 50520     cutoff   53      1742.26942 1604.09765  7.93%   5.0  653s
 129285 50922     cutoff   66      1742.26942 1604.59670  7.90%   5.0  660s
 130664 50878 infeasible   60      1742.26942 1605.15683  7.87%   5.0  669s
 131370 51132     cutoff   53      1742.26942 1605.33192  7.86%   5.0  678s
 132479 51481 1680.70870   56    6 1742.26942 1605.67617  7.84%   5.0  685s
 133774 51682 1661.50748   39   19 1742.26942 1605.99059  7.82%   5.0  693s
 135043 51666     cutoff   48      1742.26942 1606.46640  7.79%   5.0  702s
 135761 52184 infeasible   55      1742.26942 1606.71453  7.78%   5.0  711s
 137034 52407 1641.18876   44    6 1742.26942 1607.14154  7.76%   5.0  720s
 138369 52680     cutoff   63      1742.26942 1607.59794  7.73%   5.0  731s
 139652 52860 1718.65687   67    8 1742.26942 1608.00757  7.71%   5.0  740s
 140783 53135 infeasible   68      1742.26942 1608.47290  7.68%   5.0  749s
 142072 53058     cutoff   69      1742.26942 1608.89765  7.66%   5.0  758s
 142796 53386     cutoff   58      1742.26942 1609.06109  7.65%   5.0  767s
 144041 53527     cutoff   65      1742.26942 1609.49979  7.62%   5.0  776s
 144943 53677     cutoff   54      1742.26942 1609.85191  7.60%   5.0  786s
 146057 53845     cutoff   72      1742.26942 1610.15176  7.58%   5.0  795s
 147233 53918     cutoff   66      1742.26942 1610.37532  7.57%   5.0  806s
 148265 54219     cutoff   58      1742.26942 1610.77461  7.55%   5.0  815s
 149608 54210     cutoff   75      1742.26942 1611.28926  7.52%   5.0  824s
 150257 54348     cutoff   73      1742.26942 1611.51731  7.50%   5.0  834s
 151228 54596 infeasible   51      1742.26942 1611.85242  7.49%   5.0  844s
 152464 54728     cutoff   52      1742.26942 1612.20464  7.47%   5.0  855s
 153601 54924     cutoff   67      1742.26942 1612.55274  7.45%   5.0  871s
 154875 55139 1738.01794   73   10 1742.26942 1612.86748  7.43%   5.0  883s
 156112 55262 infeasible   80      1742.26942 1613.13129  7.41%   5.0  895s
 157168 55557     cutoff   57      1742.26942 1613.44229  7.39%   5.0  905s
 158493 55537     cutoff   68      1742.26942 1613.84219  7.37%   5.0  917s
 159308 55673     cutoff   69      1742.26942 1614.02577  7.36%   5.0  927s
 160346 55793 1738.31815   54   18 1742.26942 1614.29075  7.35%   5.0  938s
 161511 55880 1685.18241   53   11 1742.26942 1614.65893  7.32%   5.0  948s
 162706 55937     cutoff   63      1742.26942 1614.91246  7.31%   5.0  960s
 163558 56208 1727.67754   81   18 1742.26942 1615.22866  7.29%   5.0  971s
 164810 56199     cutoff   69      1742.26942 1615.32005  7.29%   5.0  982s
 165914 56389 1655.93713   41   24 1742.26942 1615.81058  7.26%   5.0  992s
 167168 56377     cutoff   69      1742.26942 1616.16865  7.24%   5.0 1002s
 167979 56591 1645.79223   38   21 1742.26942 1616.37870  7.23%   5.0 1014s
 169204 56540     cutoff   60      1742.26942 1616.62072  7.21%   5.0 1025s
 169937 56870 1714.86724   36   14 1742.26942 1616.76284  7.20%   5.0 1038s
 171303 56858     cutoff   55      1742.26942 1617.28455  7.17%   5.0 1052s
 172471 56957 1680.01577   36   10 1742.26942 1617.55278  7.16%   5.0 1066s
 173330 57209     cutoff   65      1742.26942 1617.72802  7.15%   5.0 1079s
 174699 57267     cutoff   67      1742.26942 1618.01724  7.13%   5.0 1091s
 175870 57425     cutoff   56      1742.26942 1618.33323  7.11%   5.0 1102s
 177110 57533     cutoff   65      1742.26942 1618.67442  7.09%   5.0 1116s
 178330 57546 infeasible   61      1742.26942 1618.96998  7.08%   5.0 1130s
 179354 57811     cutoff   57      1742.26942 1619.26740  7.06%   5.0 1144s
 180705 57814     cutoff   70      1742.26942 1619.59130  7.04%   5.0 1155s
 181534 57895 1738.56446   51   17 1742.26942 1619.82488  7.03%   5.0 1171s
 182728 57845 1684.03517   38   21 1742.26942 1619.90007  7.02%   5.0 1184s
 183335 58242 1738.84960   39    - 1742.26942 1620.09025  7.01%   5.0 1201s
 184482 58713     cutoff   73      1742.26942 1620.56974  6.99%   5.0 1215s
 185702 59308     cutoff   60      1742.26942 1620.68806  6.98%   5.0 1228s
 186996 59636 1729.59682   53   22 1742.26942 1621.26823  6.95%   5.0 1239s
 187588 60056     cutoff   58      1742.26942 1621.35993  6.94%   5.0 1251s
 188872 60575     cutoff   78      1742.26942 1621.69466  6.92%   5.0 1264s
 190112 61026     cutoff   70      1742.26942 1621.90375  6.91%   5.0 1276s
 191377 61498     cutoff   58      1742.26942 1622.28722  6.89%   5.0 1291s
 192363 61957     cutoff   58      1742.26942 1622.50881  6.87%   5.0 1308s
 193570 62417 1636.77985   56   50 1742.26942 1622.99198  6.85%   5.0 1325s
 194759 62841     cutoff   72      1742.26942 1623.21081  6.83%   5.0 1340s
 195636 63267 1689.25309   63   46 1742.26942 1623.37665  6.82%   5.0 1356s
 196860 63792     cutoff   55      1742.26942 1623.68730  6.81%   5.0 1369s
 197568 63860     cutoff   69      1742.26942 1623.72275  6.80%   5.0 1370s
 198220 64218 infeasible   54      1742.26942 1624.05080  6.79%   5.0 1384s
 199286 64553 1688.68854   66   12 1742.26942 1624.28431  6.77%   5.0 1396s
 200180 64845     cutoff   67      1742.26942 1624.51145  6.76%   5.0 1410s
 200797 65272     cutoff   65      1742.26942 1624.68194  6.75%   5.0 1425s
 202069 65867 infeasible   61      1742.26942 1625.00414  6.73%   5.0 1445s
 203471 66199     cutoff   60      1742.26942 1625.34729  6.71%   5.0 1461s
 204377 66561     cutoff   58      1742.26942 1625.53533  6.70%   5.0 1477s
 205619 67061 1677.03162   48   26 1742.26942 1625.74189  6.69%   5.0 1496s
 206650 67486     cutoff   58      1742.26942 1625.98237  6.67%   5.0 1513s
 207917 68021 1718.06935   63   26 1742.26942 1626.17354  6.66%   5.0 1530s
 209301 68534     cutoff   69      1742.26942 1626.47163  6.65%   5.0 1547s
 210529 68967 infeasible   60      1742.26942 1626.70610  6.63%   5.0 1561s
H210723 68985                    1742.2672297 1626.74000  6.63%   5.0 1561s
 211570 69319     cutoff   63      1742.26723 1626.93364  6.62%   5.0 1577s
 212395 69636 1714.82200   53    - 1742.26723 1627.04198  6.61%   5.0 1592s
 213306 70107     cutoff   58      1742.26723 1627.32939  6.60%   5.0 1610s
 214742 70655     cutoff   68      1742.26723 1627.67283  6.58%   5.0 1627s
 216077 70993     cutoff   53      1742.26723 1627.93776  6.56%   5.0 1644s
 216985 71477 infeasible   45      1742.26723 1628.13849  6.55%   5.0 1659s
 218258 72091     cutoff   62      1742.26723 1628.29758  6.54%   5.0 1673s
 219702 72483 1717.66254   72   14 1742.26723 1628.63799  6.52%   5.0 1687s
 220908 72745 1724.10059   73   24 1742.26723 1628.86612  6.51%   5.0 1700s
 221719 73093 1730.42070   59    6 1742.26723 1629.09867  6.50%   5.0 1715s
 222980 73551     cutoff   62      1742.26723 1629.40413  6.48%   5.0 1730s
 224315 73929 infeasible   58      1742.26723 1629.61840  6.47%   5.0 1745s
 225520 74394 1685.22661   58   38 1742.26723 1629.83260  6.45%   5.0 1759s
 226431 74792 1711.28963   50    8 1742.26723 1630.04698  6.44%   5.0 1780s
 227643 75255 infeasible   74      1742.26723 1630.27419  6.43%   5.0 1800s
 228981 75785 1738.37662   72    8 1742.26723 1630.54549  6.41%   5.0 1816s
 230238 76113 infeasible   73      1742.26723 1630.78126  6.40%   5.0 1831s
 231233 76398     cutoff   72      1742.26723 1630.93001  6.39%   5.0 1848s
 232299 76852 infeasible   56      1742.26723 1631.16352  6.38%   5.0 1865s
 233654 77241     cutoff   62      1742.26723 1631.37943  6.36%   5.0 1880s
 234531 77580 1714.28518   41    6 1742.26723 1631.58141  6.35%   5.0 1896s
 235768 78077 infeasible   69      1742.26723 1631.81825  6.34%   5.0 1912s
 237165 78362     cutoff   53      1742.26723 1631.96852  6.33%   5.0 1930s
 238039 78652 1722.28226   61   19 1742.26723 1632.24933  6.31%   5.0 1947s
 238718 78980 infeasible   63      1742.26723 1632.40067  6.31%   5.0 1963s
 239636 79446     cutoff   64      1742.26723 1632.60305  6.29%   5.0 1980s
 241052 79846 1718.28920   43   10 1742.26723 1632.80027  6.28%   5.0 1997s
 242317 80362     cutoff   60      1742.26723 1633.09578  6.27%   5.0 2015s
 243655 80758 1676.09365   45   21 1742.26723 1633.33964  6.25%   5.0 2031s
 244593 81066 1699.06059   50   15 1742.26723 1633.47782  6.24%   5.0 2052s
 245929 81555     cutoff   57      1742.26723 1633.71706  6.23%   5.0 2074s
 247250 81982 1741.90354   55    6 1742.26723 1633.94805  6.22%   5.0 2097s
 248328 82412 1721.17325   73    - 1742.26723 1634.10319  6.21%   5.0 2120s
 249608 82758     cutoff   40      1742.26723 1634.43247  6.19%   5.0 2143s
 250601 83174     cutoff   49      1742.26723 1634.60214  6.18%   5.0 2164s
 251852 83703 1728.70790   52    7 1742.26723 1634.86363  6.16%   5.0 2182s
 253259 84161     cutoff   74      1742.26723 1635.16991  6.15%   5.0 2199s
 254560 84537 1695.04402   45    8 1742.26723 1635.38415  6.13%   5.0 2219s
 255576 84908 1731.44087   54    - 1742.26723 1635.58285  6.12%   5.0 2236s
 256885 85296 1715.30786   79   13 1742.26723 1635.77913  6.11%   5.0 2254s
 258030 85641 infeasible   78      1742.26723 1635.95518  6.10%   5.0 2271s
 259274 85842 1702.45771   55   33 1742.26723 1636.17952  6.09%   5.0 2299s
 259513 86013 1651.10938   59   50 1742.26723 1636.20823  6.09%   5.0 2324s
 260449 86453     cutoff   80      1742.26723 1636.31752  6.08%   5.0 2356s
 261811 86807     cutoff   72      1742.26723 1636.57253  6.07%   5.0 2382s
 263157 87165     cutoff   60      1742.26723 1636.84293  6.05%   5.0 2404s
 264082 87475 1677.05031   50   26 1742.26723 1637.04563  6.04%   5.0 2431s
 265495 87843 1707.65436   66   28 1742.26723 1637.25269  6.03%   5.0 2451s
 266681 88171     cutoff   75      1742.26723 1637.46398  6.02%   5.0 2475s
 267639 88549     cutoff   57      1742.26723 1637.63962  6.01%   5.0 2499s
 268156 88617     cutoff   59      1742.26723 1637.68204  6.00%   5.0 2500s
 268879 88961 1718.49143   56   12 1742.26723 1637.88096  5.99%   5.0 2523s
 270333 89407 infeasible   62      1742.26723 1638.12126  5.98%   5.0 2544s
 271457 89776 infeasible   63      1742.26723 1638.26414  5.97%   5.0 2563s
 272800 90110 1701.75987   63   14 1742.26723 1638.53772  5.95%   5.0 2587s
 273874 90426     cutoff   56      1742.26723 1638.70367  5.94%   5.0 2609s
 275127 90683 1735.80654   41   24 1742.26723 1638.89556  5.93%   5.0 2636s
 276065 91019     cutoff   54      1742.26723 1639.06385  5.92%   5.0 2657s
 277259 91384 1738.88440   48   48 1742.26723 1639.26014  5.91%   5.0 2679s
 278559 91759 1739.72086   61   11 1742.26723 1639.49156  5.90%   5.0 2700s
 279559 92037     cutoff   60      1742.26723 1639.66862  5.89%   5.0 2724s
 280226 92322 infeasible   56      1742.26723 1639.76810  5.88%   5.0 2747s
 281550 92736     cutoff   66      1742.26723 1639.90987  5.87%   5.0 2768s
 282562 93110 infeasible   66      1742.26723 1640.14723  5.86%   5.0 2793s
 283965 93522 1703.51738   64   11 1742.26723 1640.33695  5.85%   5.0 2818s
 285369 93960 1655.59272   48    9 1742.26723 1640.57735  5.84%   5.0 2849s
 286709 94363     cutoff   54      1742.26723 1640.80088  5.82%   5.0 2871s
 287723 94755 1732.65834   65   11 1742.26723 1640.99002  5.81%   5.0 2896s
 289128 95144 1675.45687   54    6 1742.26723 1641.21947  5.80%   5.0 2929s
 290446 95302     cutoff   60      1742.26723 1641.38552  5.79%   5.0 2952s
 291479 95567     cutoff   55      1742.26723 1641.56642  5.78%   5.0 2975s
H291596 95584                    1742.2672295 1641.57148  5.78%   5.0 2975s
 292889 95988     cutoff   68      1742.26723 1641.76703  5.77%   5.0 3002s
 293943 96302     cutoff   62      1742.26723 1641.90510  5.76%   5.0 3024s
 295269 96534 1726.25186   45    - 1742.26723 1642.12685  5.75%   5.0 3046s
 295884 96752 1709.56696   48    9 1742.26723 1642.20649  5.74%   5.0 3071s
 296885 97098     cutoff   52      1742.26723 1642.42923  5.73%   5.0 3100s
 298276 97495 1718.03144   57   16 1742.26723 1642.61305  5.72%   5.0 3124s
 299705 97866     cutoff   68      1742.26723 1642.85118  5.71%   5.0 3148s
 300644 98201 infeasible   54      1742.26723 1643.01002  5.70%   5.0 3172s
 302025 98599     cutoff   58      1742.26723 1643.20857  5.69%   5.0 3198s
 303433 98953     cutoff   64      1742.26723 1643.38197  5.68%   5.0 3221s
 304773 99286 1703.35038   57    6 1742.26723 1643.65985  5.66%   5.0 3246s
 305921 99627 infeasible   58      1742.26723 1643.83272  5.65%   5.0 3271s
 307258 100021     cutoff   72      1742.26723 1644.06302  5.64%   5.0 3296s
 308623 100375 1708.68003   47   25 1742.26723 1644.27409  5.62%   5.0 3324s
 309613 100791 1712.56697   39   27 1742.26723 1644.39250  5.62%   5.0 3349s
 310941 101170     cutoff   67      1742.26723 1644.63191  5.60%   5.0 3373s
 312405 101506 1726.06885   60   27 1742.26723 1644.80833  5.59%   5.0 3400s
 313465 101884     cutoff   69      1742.26723 1644.98340  5.58%   5.0 3425s
 314812 102126 1735.51185   67   19 1742.26723 1645.14018  5.57%   5.0 3452s
 315839 102482     cutoff   55      1742.26723 1645.34741  5.56%   5.0 3478s
 317209 102770     cutoff   55      1742.26723 1645.52402  5.55%   5.0 3505s
 318360 103182     cutoff   75      1742.26723 1645.73972  5.54%   5.0 3531s
 319730 103440 1741.29759   62    6 1742.26723 1645.90980  5.53%   5.0 3556s
 320821 103707 1679.16941   52   24 1742.26723 1646.09002  5.52%   5.0 3587s
 322150 104050     cutoff   67      1742.26723 1646.29614  5.51%   5.0 3611s
 323165 104403 infeasible   62      1742.26723 1646.43444  5.50%   5.0 3638s
 324649 104752     cutoff   54      1742.26723 1646.64548  5.49%   5.0 3665s
 325931 105079 infeasible   64      1742.26723 1646.82643  5.48%   5.0 3689s
 326980 105486     cutoff   61      1742.26723 1646.99151  5.47%   5.0 3722s
 328351 105789     cutoff   50      1742.26723 1647.23988  5.45%   5.0 3750s
 329709 106120     cutoff   60      1742.26723 1647.41143  5.44%   5.0 3774s
 330806 106341     cutoff   47      1742.26723 1647.55110  5.44%   5.0 3799s
 331567 106631     cutoff   59      1742.26723 1647.70444  5.43%   5.0 3829s
 332973 106991 infeasible   57      1742.26723 1647.89008  5.42%   5.0 3863s
 334087 107418 infeasible   58      1742.26723 1648.02696  5.41%   5.0 3903s
 335627 107741     cutoff   55      1742.26723 1648.18862  5.40%   5.0 3932s
 336924 108032     cutoff   73      1742.26723 1648.35326  5.39%   5.0 3963s
 338099 108299     cutoff   63      1742.26723 1648.51344  5.38%   5.0 3991s
 339401 108637     cutoff   59      1742.26723 1648.71413  5.37%   5.0 4018s
 340531 108952     cutoff   55      1742.26723 1648.94265  5.36%   5.0 4051s
 341931 109253     cutoff   65      1742.26723 1648.98625  5.35%   5.0 4085s
 342929 109553 1683.19509   39    6 1742.26723 1649.24353  5.34%   5.0 4122s
 344158 109829     cutoff   73      1742.26723 1649.43839  5.33%   5.0 4151s
 345252 110109 1738.02552   45   16 1742.26723 1649.62076  5.32%   5.0 4180s
 346717 110393     cutoff   55      1742.26723 1649.82401  5.31%   5.0 4217s
 347810 110709 infeasible   62      1742.26723 1649.97371  5.30%   5.0 4247s
 349240 111023     cutoff   61      1742.26723 1650.15281  5.29%   5.0 4278s
 349971 111162 1655.20545   58   12 1742.26723 1650.24800  5.28%   5.0 4315s
 351294 111328     cutoff   71      1742.26723 1650.45690  5.27%   5.0 4349s
 352054 111609 infeasible   52      1742.26723 1650.52483  5.27%   5.1 4381s
 353139 111846 infeasible   59      1742.26723 1650.79804  5.25%   5.1 4415s
 354641 112162     cutoff   62      1742.26723 1650.89716  5.24%   5.1 4448s
 355823 112392     cutoff   61      1742.26723 1651.13899  5.23%   5.1 4492s
 357264 112675     cutoff   63      1742.26723 1651.13899  5.23%   5.1 4521s
 358425 112928 1741.25134   58   12 1742.26723 1651.52996  5.21%   5.1 4551s
 359739 113139 infeasible   60      1742.26723 1651.77394  5.19%   5.1 4589s
 360977 113439 1687.53249   43   14 1742.26723 1651.86795  5.19%   5.1 4626s
 362431 113649 1714.50335   63   16 1742.26723 1652.09631  5.18%   5.1 4656s
 363567 113930     cutoff   55      1742.26723 1652.25707  5.17%   5.1 4692s
 364809 114202 1689.03922   39    7 1742.26723 1652.42465  5.16%   5.1 4729s
 366204 114428     cutoff   54      1742.26723 1652.64557  5.14%   5.1 4763s
 367006 114575     cutoff   58      1742.26723 1652.74048  5.14%   5.1 4803s
 368206 114846 1735.99425   58   16 1742.26723 1652.93380  5.13%   5.1 4841s
 369584 115098 infeasible   62      1742.26723 1653.14551  5.12%   5.1 4876s
 370850 115349     cutoff   57      1742.26723 1653.27714  5.11%   5.1 4910s
 371951 115628     cutoff   56      1742.26723 1653.46439  5.10%   5.1 4945s
 373428 115959 infeasible   61      1742.26723 1653.68686  5.08%   5.1 4985s
 374600 116189     cutoff   62      1742.26723 1653.90932  5.07%   5.1 5030s
 376020 116464 1738.89949   45    6 1742.26723 1654.07422  5.06%   5.1 5070s
 377464 116622 1741.36156   62    6 1742.26723 1654.17961  5.06%   5.1 5104s
 378536 116813 1662.77866   37   10 1742.26723 1654.45224  5.04%   5.1 5148s
 379805 117133     cutoff   52      1742.26723 1654.56900  5.03%   5.1 5185s
 381176 117369     cutoff   59      1742.26723 1654.68945  5.03%   5.1 5218s
 382357 117580     cutoff   59      1742.26723 1654.90955  5.01%   5.1 5252s
 383739 117741 infeasible   60      1742.26723 1655.11184  5.00%   5.1 5287s
 384320 117809 infeasible   50      1742.26723 1655.16363  5.00%   5.1 5322s
 385473 118058 infeasible   61      1742.26723 1655.31092  4.99%   5.1 5356s
 386656 118278     cutoff   55      1742.26723 1655.49862  4.98%   5.1 5393s
 387918 118470 1735.39641   68   18 1742.26723 1655.65539  4.97%   5.1 5427s
 389501 118766     cutoff   68      1742.26723 1655.88967  4.96%   5.1 5465s
 390706 118918 1704.98285   53   23 1742.26723 1656.07335  4.95%   5.1 5507s
 392108 119167 1728.26937   35   18 1742.26723 1656.24777  4.94%   5.1 5546s
 393396 119434     cutoff   60      1742.26723 1656.37639  4.93%   5.1 5593s
 394939 119619     cutoff   58      1742.26723 1656.61245  4.92%   5.1 5631s
 396131 119816     cutoff   71      1742.26723 1656.74979  4.91%   5.1 5667s
 397346 119707 infeasible   53      1742.26723 1656.93237  4.90%   5.1 5711s
 398955 119890     cutoff   62      1742.26723 1657.07213  4.89%   5.1 5753s
 400188 120118 1712.94014   56    6 1742.26723 1657.19632  4.88%   5.1 5790s
 401402 120283 1717.87075   38    8 1742.26723 1657.41196  4.87%   5.1 5827s
 402888 120481 1727.45701   54    9 1742.26723 1657.58705  4.86%   5.1 5860s
 404045 120606     cutoff   64      1742.26723 1657.79709  4.85%   5.1 5898s
 405321 120763 infeasible   56      1742.26723 1657.97686  4.84%   5.1 5934s
 406597 120894 1740.41266   48   15 1742.26723 1658.16788  4.83%   5.1 5971s
 408046 121122     cutoff   59      1742.26723 1658.37501  4.82%   5.1 6009s
 409230 121294     cutoff   57      1742.26723 1658.51836  4.81%   5.1 6059s
 410149 121432 1709.39322   42   15 1742.26723 1658.56892  4.80%   5.1 6108s
 411265 121569 infeasible   74      1742.26723 1658.80570  4.79%   5.1 6147s
 412584 121805     cutoff   54      1742.26723 1658.91074  4.78%   5.1 6182s
 413792 121802 infeasible   54      1742.26723 1659.13019  4.77%   5.1 6234s
 415029 122029     cutoff   69      1742.26723 1659.33144  4.76%   5.1 6286s
 416325 122174     cutoff   54      1742.26723 1659.45402  4.75%   5.1 6326s
 417672 122285 1723.73181   37   10 1742.26723 1659.73737  4.74%   5.1 6374s
 418952 122478     cutoff   83      1742.26723 1659.88973  4.73%   5.1 6414s
 420211 122642 1729.36608   47   19 1742.26723 1660.05768  4.72%   5.1 6415s
 420319 122681     cutoff   55      1742.26723 1660.06518  4.72%   5.1 6456s
 421831 122924 infeasible   58      1742.26723 1660.23844  4.71%   5.1 6497s
 423125 123058     cutoff   71      1742.26723 1660.40761  4.70%   5.1 6537s
 424602 123209     cutoff   54      1742.26723 1660.57704  4.69%   5.1 6577s
 425802 123365     cutoff   60      1742.26723 1660.73097  4.68%   5.1 6620s
 427008 123497     cutoff   60      1742.26723 1660.95371  4.67%   5.1 6674s
 427735 123597 infeasible   56      1742.26723 1660.97722  4.67%   5.1 6675s
 428251 123602 infeasible   73      1742.26723 1661.05279  4.66%   5.1 6727s
 429369 123739     cutoff   68      1742.26723 1661.29373  4.65%   5.1 6778s
 430854 123943     cutoff   56      1742.26723 1661.53456  4.63%   5.1 6842s
 431895 124051 1732.80914   60    6 1742.26723 1661.67225  4.63%   5.1 6891s
 433251 124267     cutoff   54      1742.26723 1661.81378  4.62%   5.1 6940s
 434550 124367 1717.21418   65   17 1742.26723 1661.95989  4.61%   5.1 6983s
 435367 124377 infeasible   68      1742.26723 1662.03467  4.61%   5.1 7022s
 436670 124507 infeasible   57      1742.26723 1662.33721  4.59%   5.1 7074s
 437938 124634 1723.65138   59   19 1742.26723 1662.39777  4.58%   5.1 7125s
 439164 124720     cutoff   54      1742.26723 1662.61479  4.57%   5.1 7173s
 440659 124945 infeasible   59      1742.26723 1662.86944  4.56%   5.1 7200s

Cutting planes:
  Gomory: 8
  Zero half: 3
  Lazy constraints: 44069

Explored 441291 nodes (2266558 simplex iterations) in 7200.95 seconds
Thread count was 12 (of 12 available processors)

Solution count 8: 1742.27 1744.05 1759.95 ... 2366.7

Time limit reached
Best objective 1.742267229502e+03, best bound 1.663006613668e+03, gap 4.5493%

User-callback calls 1743708, time in user-callback 6.96 sec
/projects/academic/josewalt/caigao/RRARP_BD/BendersDecomp/ret/model_outs/n_21_e_1_algo_2.out
 =====>>>>> Solution is written to file in <../ret/model_outs> !!!
===>> All Done!
