NPROCS=0
This instance is clustered!
Gurobi Optimizer version 9.0.0 build v9.0.0rc2 (linux64)
Optimize a model with 22 rows, 122 columns and 242 nonzeros
Model fingerprint: 0x3df3cbaf
Variable types: 1 continuous, 121 integer (121 binary)
Coefficient statistics:
  Matrix range     [1e+00, 1e+00]
  Objective range  [1e+00, 8e+01]
  Bounds range     [1e+00, 1e+00]
  RHS range        [1e+00, 1e+00]
Presolve removed 2 rows and 30 columns
Presolve time: 0.00s
Presolved: 20 rows, 92 columns, 182 nonzeros
Variable types: 1 continuous, 91 integer (91 binary)

Root relaxation: objective 1.526244e+02, 18 iterations, 0.00 seconds

    Nodes    |    Current Node    |     Objective Bounds      |     Work
 Expl Unexpl |  Obj  Depth IntInf | Incumbent    BestBd   Gap | It/Node Time

     0     0  157.88380    0   16          -  157.88380      -     -    0s
     0     0  164.19930    0   10          -  164.19930      -     -    0s
     0     0  170.67747    0   11          -  170.67747      -     -    0s
H    0     0                     190.5448877  170.67747  10.4%     -    0s
     0     0  171.31704    0   23  190.54489  171.31704  10.1%     -    0s
H    0     0                     189.5332218  171.31704  9.61%     -    0s
     0     0  172.30157    0   19  189.53322  172.30157  9.09%     -    0s
     0     0  172.30157    0   21  189.53322  172.30157  9.09%     -    0s
     0     0  173.91529    0   18  189.53322  173.91529  8.24%     -    0s
     0     0  173.98393    0   20  189.53322  173.98393  8.20%     -    0s
     0     0  174.48448    0   15  189.53322  174.48448  7.94%     -    0s
H    0     0                     184.0359476  174.48448  5.19%     -    0s
     0     0  175.67288    0   15  184.03595  175.67288  4.54%     -    0s
     0     0  175.67388    0   16  184.03595  175.67388  4.54%     -    0s
     0     0  175.71712    0   15  184.03595  175.71712  4.52%     -    0s
     0     0  176.28549    0   15  184.03595  176.28549  4.21%     -    0s
     0     0  177.09964    0   14  184.03595  177.09964  3.77%     -    0s
     0     0  177.52794    0   16  184.03595  177.52794  3.54%     -    0s
     0     0  177.69328    0   15  184.03595  177.69328  3.45%     -    0s
     0     0  177.69702    0   13  184.03595  177.69702  3.44%     -    0s
     0     0  177.69702    0   13  184.03595  177.69702  3.44%     -    0s
     0     0  177.69702    0   13  184.03595  177.69702  3.44%     -    0s
     0     0  179.48897    0   15  184.03595  179.48897  2.47%     -    0s
     0     0  180.74741    0   11  184.03595  180.74741  1.79%     -    0s
     0     0  181.60955    0   15  184.03595  181.60955  1.32%     -    0s
     0     0  181.61046    0   15  184.03595  181.61046  1.32%     -    0s
     0     0  181.63170    0   16  184.03595  181.63170  1.31%     -    0s
     0     0  181.63767    0   16  184.03595  181.63767  1.30%     -    0s
     0     0  181.64029    0   16  184.03595  181.64029  1.30%     -    0s
     0     0  181.74449    0   16  184.03595  181.74449  1.25%     -    0s
     0     0  183.81624    0    2  184.03595  183.81624  0.12%     -    0s
     0     0  183.81624    0    2  184.03595  183.81624  0.12%     -    0s
     0     0  183.81624    0    1  184.03595  183.81624  0.12%     -    0s
     0     0     cutoff    0       184.03595  184.03595  0.00%     -    0s

Cutting planes:
  MIR: 1

Explored 1 nodes (159 simplex iterations) in 0.05 seconds
Thread count was 12 (of 12 available processors)

Solution count 3: 184.036 189.533 190.545 

Optimal solution found (tolerance 1.00e-04)
Best objective 1.840359476243e+02, best bound 1.840359476243e+02, gap 0.0000%

User-callback calls 209, time in user-callback 0.00 sec
/projects/academic/josewalt/caigao/RRARP_BD/BendersDecomp/ret/model_outs/n_9_m_10_algo_3.out
 =====>>>>> Solution is written to file in <../ret/model_outs> !!!
===>> All Done!
