NPROCS=0
This instance is clustered!
Gurobi Optimizer version 9.0.0 build v9.0.0rc2 (linux64)
Optimize a model with 32 rows, 257 columns and 512 nonzeros
Model fingerprint: 0xbe4456b4
Variable types: 1 continuous, 256 integer (256 binary)
Coefficient statistics:
  Matrix range     [1e+00, 1e+00]
  Objective range  [1e+00, 2e+02]
  Bounds range     [1e+00, 1e+00]
  RHS range        [1e+00, 1e+00]
Presolve removed 2 rows and 45 columns
Presolve time: 0.00s
Presolved: 30 rows, 212 columns, 422 nonzeros
Variable types: 1 continuous, 211 integer (211 binary)

Root relaxation: objective 2.945086e+02, 26 iterations, 0.00 seconds

    Nodes    |    Current Node    |     Objective Bounds      |     Work
 Expl Unexpl |  Obj  Depth IntInf | Incumbent    BestBd   Gap | It/Node Time

     0     0  385.18952    0   16          -  385.18952      -     -    0s
H    0     0                    1249.4555538  385.18952  69.2%     -    0s
     0     0  398.34971    0   26 1249.45555  398.34971  68.1%     -    0s
     0     0  398.34971    0   22 1249.45555  398.34971  68.1%     -    0s
     0     2  398.34971    0   18 1249.45555  398.34971  68.1%     -    0s
H  416   374                     654.0431742  426.32076  34.8%   2.8    0s
H  451   377                     636.3633424  426.32076  33.0%   2.8    0s
*  703   550              53     588.8217248  434.51105  26.2%   2.7    0s
*  807   566              35     584.3691302  435.37354  25.5%   2.7    0s
* 1681  1139              59     580.7761279  443.44075  23.6%   2.8    0s
* 5833  2685              29     580.4862844  462.38268  20.3%   3.5    3s
  8866  2821 infeasible   48       580.48628  465.59861  19.8%   4.0    5s
 13320  3253  536.54892   35   34  580.48628  480.13065  17.3%   4.4   10s
 17266  4494     cutoff   30       580.48628  487.45209  16.0%   4.6   15s
H18687  4839                     577.4360384  489.30927  15.3%   4.7   17s
 20011  5292  567.39079   40   17  577.43604  491.12193  14.9%   4.7   20s
 22617  6054  573.43870   36   26  577.43604  495.11411  14.3%   4.8   25s
 24657  6596  559.55857   35   11  577.43604  497.79174  13.8%   4.8   30s
 26543  7113  569.93009   36    7  577.43604  499.64933  13.5%   4.9   35s
 27603  7410  525.57216   35    -  577.43604  500.33904  13.4%   4.9   40s
 29226  7783     cutoff   36       577.43604  502.33661  13.0%   4.9   45s
 31633  8394  568.78321   35    8  577.43604  504.44519  12.6%   5.0   51s
 32810  8673     cutoff   34       577.43604  505.44673  12.5%   5.0   56s
 34167  9022     cutoff   43       577.43604  506.80801  12.2%   5.0   61s
 35608  9309     cutoff   43       577.43604  507.89307  12.0%   5.0   65s
 36981  9666     cutoff   47       577.43604  508.54604  11.9%   5.0   71s
 38370  9953  576.72123   43   16  577.43604  510.01873  11.7%   5.0   76s
 39806 10233  538.82151   41   12  577.43604  511.18359  11.5%   5.1   82s
 40542 10380     cutoff   40       577.43604  511.81449  11.4%   5.1   86s
 41983 10720 infeasible   40       577.43604  512.73119  11.2%   5.1   92s
 42730 10818 infeasible   45       577.43604  513.23814  11.1%   5.1   95s
 44265 11147  572.65067   35   28  577.43604  514.44978  10.9%   5.1  102s
 45027 11327  566.59307   41   30  577.43604  514.99237  10.8%   5.1  106s
 45812 11497 infeasible   44       577.43604  515.02323  10.8%   5.1  110s
 46563 11601     cutoff   48       577.43604  515.65560  10.7%   5.1  115s
 47336 11795  563.48811   46   38  577.43604  516.23788  10.6%   5.1  120s
 48116 11938     cutoff   49       577.43604  516.80710  10.5%   5.0  125s
 48897 12118 infeasible   37       577.43604  517.11419  10.4%   5.0  130s
 49690 12273  561.89370   38   39  577.43604  517.91071  10.3%   5.0  135s
 50529 12461     cutoff   36       577.43604  518.07104  10.3%   5.0  140s
 51318 12674  545.53651   26   15  577.43604  518.63258  10.2%   5.0  145s
 51388 12666  558.67444   27   25  577.43604  518.73589  10.2%   5.0  150s
 53076 13058 infeasible   42       577.43604  519.28818  10.1%   5.0  159s
 53405 13114     cutoff   43       577.43604  519.72640  10.0%   5.0  164s
 54250 13288  571.72925   38    7  577.43604  520.18409  9.91%   5.0  170s
 55135 13443  539.64514   36   21  577.43604  520.73291  9.82%   5.0  176s
 56006 13606  561.93529   44   12  577.43604  521.16462  9.75%   5.0  182s
 56910 13762  575.51940   45    7  577.43604  521.59143  9.67%   5.0  188s
 57784 13920  537.79804   28    6  577.43604  522.22740  9.56%   5.0  195s
 58628 14058  567.64392   38   23  577.43604  522.55919  9.50%   5.0  201s
 59543 14235  537.41407   28   12  577.43604  522.84790  9.45%   5.0  207s
 60470 14408     cutoff   49       577.43604  523.53622  9.33%   5.0  213s
 61397 14539  555.04611   51   17  577.43604  524.07025  9.24%   5.0  219s
 62347 14710 infeasible   52       577.43604  524.21572  9.22%   5.0  226s
 63268 14881  549.62417   28    7  577.43604  524.49789  9.17%   5.0  232s
 64210 15010 infeasible   42       577.43604  525.27931  9.03%   5.0  239s
 65162 15172  536.40245   50   29  577.43604  525.58078  8.98%   5.0  246s
 66101 15308  559.16573   50   40  577.43604  526.32771  8.85%   5.0  253s
 67050 15445 infeasible   53       577.43604  526.67377  8.79%   5.0  260s
 68003 15628  569.94937   46    8  577.43604  527.01629  8.73%   5.0  268s
 69014 15766  572.33870   47    9  577.43604  527.53332  8.64%   5.0  277s
 70007 15938 infeasible   48       577.43604  527.79365  8.60%   5.0  286s
 70962 16049  532.82155   34   29  577.43604  528.50798  8.47%   5.0  295s
 71968 16287 infeasible   48       577.43604  528.74927  8.43%   5.0  303s
 72220 16221 infeasible   33       577.43604  529.06798  8.38%   5.0  312s
 73242 16305     cutoff   42       577.43604  529.33203  8.33%   4.9  323s
 74266 16508 infeasible   48       577.43604  530.06683  8.20%   4.9  331s
 75272 16616     cutoff   45       577.43604  530.27787  8.17%   4.9  340s
 76285 16776  558.72059   30   26  577.43604  530.63354  8.11%   4.9  349s
 77316 16917  554.41279   31   13  577.43604  531.14727  8.02%   4.9  358s
 78354 17044 infeasible   43       577.43604  531.86996  7.89%   4.9  367s
 79352 17198 infeasible   45       577.43604  531.90405  7.89%   4.9  375s
 80389 17366     cutoff   36       577.43604  532.51887  7.78%   4.9  384s
 81424 17485  548.00838   45    -  577.43604  533.14051  7.67%   4.9  393s
 82474 17640 infeasible   47       577.43604  533.25733  7.65%   4.9  403s
 83527 17726 infeasible   46       577.43604  533.50886  7.61%   4.9  412s
 84563 17832     cutoff   45       577.43604  534.02397  7.52%   4.9  423s
 85617 17981  552.37153   27   12  577.43604  534.49872  7.44%   4.9  434s
 86650 18072     cutoff   42       577.43604  534.84715  7.38%   4.9  446s
 87733 18185 infeasible   46       577.43604  535.30681  7.30%   4.9  457s
 88736 18254 infeasible   45       577.43604  535.65297  7.24%   4.9  467s
 89765 18362  563.05983   41    9  577.43604  536.03496  7.17%   4.8  477s
 90870 18477  559.74569   46   18  577.43604  536.20959  7.14%   4.8  489s
 91880 18570 infeasible   43       577.43604  536.66634  7.06%   4.8  500s
 92909 18656  567.90888   39   14  577.43604  537.18883  6.97%   4.8  511s
 93953 18744  557.14264   46    9  577.43604  537.44641  6.93%   4.8  522s
 95015 18870 infeasible   47       577.43604  538.00780  6.83%   4.8  533s
 96122 18959  570.43102   50   20  577.43604  538.52889  6.74%   4.8  543s
 97174 19038  573.13482   46   12  577.43604  538.72723  6.70%   4.8  554s
 98231 19101 infeasible   33       577.43604  539.18474  6.62%   4.8  564s
 99298 19306 infeasible   35       577.43604  539.58193  6.56%   4.8  574s
 99762 19255 infeasible   45       577.43604  539.82116  6.51%   4.8  586s
 100891 19349     cutoff   27       577.43604  539.87183  6.51%   4.8  600s
 102003 19412  555.45386   45   11  577.43604  540.47563  6.40%   4.8  613s
 103103 19529  561.33728   46    8  577.43604  541.04599  6.30%   4.7  627s
 104188 19617     cutoff   30       577.43604  541.40457  6.24%   4.7  639s
 105325 19690     cutoff   44       577.43604  541.92568  6.15%   4.7  651s
 106392 19771 infeasible   53       577.43604  542.26492  6.09%   4.7  662s
 107488 19817     cutoff   46       577.43604  542.69402  6.02%   4.7  674s
 108606 19849 infeasible   28       577.43604  542.97574  5.97%   4.7  685s
 109678 19866  576.12303   42    8  577.43604  543.40413  5.89%   4.7  697s
 110778 19896     cutoff   40       577.43604  543.89673  5.81%   4.7  709s
 111929 19936     cutoff   40       577.43604  544.08460  5.78%   4.7  722s
 112998 20023 infeasible   38       577.43604  544.87299  5.64%   4.7  733s
 114095 20039  564.19632   48   15  577.43604  545.05174  5.61%   4.7  745s
 115175 20060     cutoff   49       577.43604  545.37401  5.55%   4.6  757s
 116231 20070  549.37908   42   22  577.43604  545.77310  5.48%   4.6  770s
 117366 20098     cutoff   45       577.43604  546.10998  5.43%   4.6  784s
 117632 20154 infeasible   38       577.43604  546.10998  5.43%   4.6  785s
 118430 20129  575.42876   44   13  577.43604  546.44924  5.37%   4.6  799s
 119535 20162 infeasible   42       577.43604  546.87531  5.29%   4.6  812s
 120631 20206  570.93068   48   20  577.43604  547.28771  5.22%   4.6  826s
 121689 20209  550.16661   42   21  577.43604  547.63615  5.16%   4.6  839s
 122770 20356 infeasible   45       577.43604  548.01238  5.10%   4.6  855s
 123362 20217     cutoff   46       577.43604  548.29783  5.05%   4.6  872s
 124487 20187 infeasible   46       577.43604  548.64903  4.99%   4.6  886s
 125634 20197 infeasible   44       577.43604  548.97954  4.93%   4.6  900s
 126792 20170     cutoff   40       577.43604  549.46818  4.84%   4.6  913s
 127929 20131  571.90593   42   31  577.43604  549.88477  4.77%   4.5  928s
 129049 20066 infeasible   43       577.43604  550.21802  4.71%   4.5  944s
 130244 20111     cutoff   43       577.43604  550.57358  4.65%   4.5  960s
 131387 20091 infeasible   41       577.43604  551.08046  4.56%   4.5  977s
 132478 20022 infeasible   42       577.43604  551.47786  4.50%   4.5  992s
 133603 19955  576.16100   44   13  577.43604  551.65207  4.47%   4.5 1009s
 134698 19916 infeasible   48       577.43604  552.27067  4.36%   4.5 1024s
 135874 19840 infeasible   44       577.43604  552.57050  4.31%   4.5 1039s
 136978 19732  553.24848   40   12  577.43604  552.65295  4.29%   4.5 1053s
 138113 19628 infeasible   40       577.43604  553.36721  4.17%   4.5 1067s
 139242 19551 infeasible   43       577.43604  553.75992  4.10%   4.5 1083s
 140354 19452 infeasible   38       577.43604  554.29671  4.01%   4.5 1097s
 141485 19302  576.34410   42   19  577.43604  554.75837  3.93%   4.4 1112s
 142597 19126 infeasible   44       577.43604  554.94751  3.89%   4.4 1126s
 143771 18987     cutoff   42       577.43604  555.45637  3.81%   4.4 1140s
 144869 18839  557.10745   45    8  577.43604  556.15906  3.68%   4.4 1156s
 145989 18662 infeasible   46       577.43604  556.34027  3.65%   4.4 1171s
 147097 18803  574.81612   39   11  577.43604  557.08764  3.52%   4.4 1191s
 147459 18461 infeasible   43       577.43604  557.21925  3.50%   4.4 1208s
 148620 18282     cutoff   43       577.43604  557.53821  3.45%   4.4 1224s
 149803 18087  568.14049   40    7  577.43604  557.81501  3.40%   4.4 1238s
 150945 18190 infeasible   44       577.43604  558.30466  3.31%   4.4 1260s
 151247 17818     cutoff   40       577.43604  558.66297  3.25%   4.4 1278s
 152444 17596  566.23103   43   39  577.43604  558.99426  3.19%   4.4 1296s
 153653 17340  577.23980   52   24  577.43604  559.18514  3.16%   4.3 1312s
 154851 17061     cutoff   44       577.43604  559.83325  3.05%   4.3 1329s
 156015 16741 infeasible   45       577.43604  560.31585  2.96%   4.3 1345s
 157198 16449  569.66536   51   14  577.43604  560.73426  2.89%   4.3 1363s
 158398 16162     cutoff   35       577.43604  561.08993  2.83%   4.3 1378s
 159606 15854 infeasible   40       577.43604  561.89278  2.69%   4.3 1394s
 160790 15543     cutoff   48       577.43604  562.44064  2.60%   4.3 1409s
 161971 15202 infeasible   44       577.43604  563.06149  2.49%   4.3 1425s
 163138 14829     cutoff   35       577.43604  563.41429  2.43%   4.3 1441s
 164298 14429  569.67214   40    7  577.43604  564.15496  2.30%   4.3 1456s
 165452 14037 infeasible   37       577.43604  564.37201  2.26%   4.3 1470s
 166599 13573  571.06621   46   19  577.43604  565.02032  2.15%   4.2 1484s
 167750 13128  568.76145   43    8  577.43604  565.34945  2.09%   4.2 1499s
 168917 12642  571.03694   44   18  577.43604  566.26347  1.93%   4.2 1514s
 170075 12134  570.45723   38   27  577.43604  566.62396  1.87%   4.2 1535s
 171224 11627     cutoff   37       577.43604  567.28925  1.76%   4.2 1552s
 172381 11097 infeasible   41       577.43604  567.59307  1.70%   4.2 1570s
 173567 10532 infeasible   43       577.43604  568.38118  1.57%   4.2 1586s
 174715  9944 infeasible   43       577.43604  568.74195  1.51%   4.2 1601s
 175868  9334 infeasible   45       577.43604  569.46509  1.38%   4.2 1616s
 177020  8678     cutoff   42       577.43604  570.01053  1.29%   4.1 1631s
 178160  7963     cutoff   45       577.43604  570.57988  1.19%   4.1 1645s
 179290  7619 infeasible   45       577.43604  571.23174  1.07%   4.1 1661s
H179687  7667                     577.4359324  571.32436  1.06%   4.1 1661s
 179898  6792 infeasible   27       577.43593  571.90270  0.96%   4.1 1676s
 181034  5929 infeasible   47       577.43593  572.29341  0.89%   4.1 1691s
 182216  5040 infeasible   54       577.43593  572.83102  0.80%   4.1 1706s
 183405  4106     cutoff   38       577.43593  573.46154  0.69%   4.1 1720s
 184591  3133 infeasible   42       577.43593  574.21720  0.56%   4.1 1735s
 185801  2101  576.54483   37   21  577.43593  574.85293  0.45%   4.1 1751s
 187002   998 infeasible   44       577.43593  575.49334  0.34%   4.1 1765s
 188196     0 infeasible   38       577.43593  576.21547  0.21%   4.0 1779s
 189242     0     cutoff   32       577.43593  577.00624  0.07%   4.0 1780s

Cutting planes:
  Lazy constraints: 41099

Explored 189256 nodes (764076 simplex iterations) in 1780.15 seconds
Thread count was 12 (of 12 available processors)

Solution count 9: 577.436 580.486 580.776 ... 1249.46

Optimal solution found (tolerance 1.00e-04)
Best objective 5.774359323552e+02, best bound 5.774359323552e+02, gap 0.0000%

User-callback calls 632188, time in user-callback 3.06 sec
/projects/academic/josewalt/caigao/RRARP_BD/BendersDecomp/ret/model_outs/n_14_h_3_algo_2.out
 =====>>>>> Solution is written to file in <../ret/model_outs> !!!
===>> All Done!
