NPROCS=0
This instance is clustered!
Gurobi Optimizer version 9.0.0 build v9.0.0rc2 (linux64)
Optimize a model with 52 rows, 677 columns and 1352 nonzeros
Model fingerprint: 0x012e1f12
Variable types: 1 continuous, 676 integer (676 binary)
Coefficient statistics:
  Matrix range     [1e+00, 1e+00]
  Objective range  [1e+00, 6e+02]
  Bounds range     [1e+00, 1e+00]
  RHS range        [1e+00, 1e+00]
Presolve removed 2 rows and 75 columns
Presolve time: 0.01s
Presolved: 50 rows, 602 columns, 1202 nonzeros
Variable types: 1 continuous, 601 integer (601 binary)

Root relaxation: objective 1.151625e+03, 39 iterations, 0.00 seconds

    Nodes    |    Current Node    |     Objective Bounds      |     Work
 Expl Unexpl |  Obj  Depth IntInf | Incumbent    BestBd   Gap | It/Node Time

     0     0 1251.83372    0    8          - 1251.83372      -     -    0s
H    0     0                    3946.7510138 1251.83372  68.3%     -    0s
     0     0 1598.72680    0   16 3946.75101 1598.72680  59.5%     -    0s
H    0     0                    3922.1927721 1598.72680  59.2%     -    0s
     0     2 1686.00628    0   28 3922.19277 1686.00628  57.0%     -    0s
* 1125   988              40    3070.6019625 1778.43850  42.1%   5.2    0s
* 1400  1086              87    2680.5224200 1790.86437  33.2%   5.3    0s
* 1728  1247              69    2498.5510838 1790.86437  28.3%   5.4    0s
H 1781  1156                    2230.1742201 1790.86437  19.7%   5.4    1s
  8671  4873 1960.21695   22   12 2230.17422 1874.49206  15.9%   6.5    5s
 16802 10192 1995.29119   36   15 2230.17422 1894.08467  15.1%   6.8   10s
 20972 12800     cutoff   44      2230.17422 1901.60510  14.7%   6.9   15s
 29604 18111     cutoff   45      2230.17422 1914.91600  14.1%   7.1   20s
 38071 23289 infeasible   70      2230.17422 1925.19057  13.7%   7.3   25s
 44599 26746     cutoff   37      2230.17422 1931.46191  13.4%   7.4   30s
 47555 28568     cutoff   43      2230.17422 1933.79783  13.3%   7.5   35s
 55214 32660     cutoff   46      2230.17422 1939.40114  13.0%   7.5   40s
 61390 35878 2193.79075   30   14 2230.17422 1943.87080  12.8%   7.6   45s
 66247 38435 2089.31021   41   22 2230.17422 1946.35201  12.7%   7.7   50s
 71919 41653     cutoff   45      2230.17422 1950.37315  12.5%   7.7   55s
 78673 45205 2045.80680   41   19 2230.17422 1953.75960  12.4%   7.8   60s
 84516 48457     cutoff   50      2230.17422 1957.53198  12.2%   7.8   65s
 90284 51208     cutoff   58      2230.17422 1960.46220  12.1%   7.8   71s
 94772 53411 2155.59208   50   39 2230.17422 1962.43502  12.0%   7.8   75s
 99353 55842 2187.32582   40    4 2230.17422 1964.70031  11.9%   7.9   80s
 103458 57871     cutoff   45      2230.17422 1966.54646  11.8%   7.9   85s
 107912 60072 2224.81085   38    4 2230.17422 1968.26375  11.7%   7.9   90s
 112231 62242     cutoff   46      2230.17422 1970.19562  11.7%   8.0   95s
H115394 63065                    2228.1530587 1971.37299  11.5%   8.0   98s
 115599 63078     cutoff   32      2228.15306 1971.82554  11.5%   8.0  104s
 115618 63532 2072.04514   36   21 2228.15306 1971.89161  11.5%   8.0  105s
 120254 65658     cutoff   49      2228.15306 1973.62768  11.4%   8.0  111s
 123176 66845     cutoff   57      2228.15306 1974.46909  11.4%   8.0  115s
 126644 68379 2127.18205   49   47 2228.15306 1975.94870  11.3%   8.1  120s
 130111 70065 2119.46498   40   18 2228.15306 1977.35387  11.3%   8.1  125s
 131377 70090 2149.20645   60   16 2228.15306 1977.76240  11.2%   8.1  298s
 131379 70091 2191.61569   39   61 2228.15306 1977.76240  11.2%   8.1  301s
 131386 70096 2016.54537   44   66 2228.15306 1977.76240  11.2%   8.1  306s
 131390 70099 2082.67592   45   62 2228.15306 1977.76240  11.2%   8.1  310s
 131397 70112 1977.76240   28   13 2228.15306 1977.76240  11.2%   8.1  315s
 131441 70146 1977.76240   31   22 2228.15306 1977.76240  11.2%   8.1  320s
 132011 70412 1977.76240   57   19 2228.15306 1977.76240  11.2%   8.1  325s
 132868 70624 2187.31189   98   27 2228.15306 1977.76240  11.2%   8.1  330s
 134038 71041 2073.56368   52   27 2228.15306 1977.76240  11.2%   8.1  335s
 136224 71816 2083.85513   71   20 2228.15306 1977.76240  11.2%   8.1  340s
 137734 72538 2111.92230   82   48 2228.15306 1977.76240  11.2%   8.1  345s
 140453 73724 2168.42750   66   45 2228.15306 1977.76240  11.2%   8.1  350s
 143285 74553 2217.48665   54   20 2228.15306 1977.76240  11.2%   8.1  355s
 144457 75036 1977.76240   38   19 2228.15306 1977.76240  11.2%   8.1  360s
 147435 75892 1980.86686   40   26 2228.15306 1977.76240  11.2%   8.1  366s
 149552 76888 2172.08402   71   11 2228.15306 1977.76240  11.2%   8.1  370s
 151767 77756 2078.48336   47   18 2228.15306 1977.76240  11.2%   8.1  376s
 153652 78286 2188.30733   78   13 2228.15306 1977.76240  11.2%   8.1  380s
 155544 78170 2220.52738   58   14 2228.15306 1977.76240  11.2%   8.1  387s
 155564 78801 infeasible   59      2228.15306 1977.76240  11.2%   8.1  390s
 157696 79746     cutoff   76      2228.15306 1977.76240  11.2%   8.1  395s
 160129 80834     cutoff   69      2228.15306 1977.76240  11.2%   8.1  400s
 162762 81411 2192.02559   93   12 2228.15306 1977.76240  11.2%   8.1  405s
 165229 82354 2171.27016   44   36 2228.15306 1977.76240  11.2%   8.1  410s
 167798 83063 2097.10163   50   44 2228.15306 1977.76240  11.2%   8.1  416s
 170215 83915 1977.76240   40   32 2228.15306 1977.76240  11.2%   8.1  421s
 172736 84497 2186.39484   58   36 2228.15306 1977.76240  11.2%   8.1  426s
 175163 85178     cutoff   68      2228.15306 1977.76240  11.2%   8.1  431s
 177577 85874     cutoff   62      2228.15306 1977.76240  11.2%   8.1  437s
 180010 86533 2155.40973   75    8 2228.15306 1977.76240  11.2%   8.2  442s
 182323 87222 2060.70074   62   12 2228.15306 1977.76240  11.2%   8.2  447s
 184712 88059 2215.68508   63   13 2228.15306 1977.76240  11.2%   8.2  452s
 186007 88510     cutoff   69      2228.15306 1977.76240  11.2%   8.2  455s
 188895 88942 2194.57870   81   32 2228.15306 1977.76240  11.2%   8.2  460s
 189729 89854 2028.10789   57   22 2228.15306 1977.76240  11.2%   8.2  465s
 192480 90439     cutoff   63      2228.15306 1977.76240  11.2%   8.2  470s
 195217 91425 2026.06530   75   28 2228.15306 1977.76240  11.2%   8.2  475s
 199295 92397 1977.76240   43   28 2228.15306 1977.76240  11.2%   8.1  481s
 201795 92802 2182.27521   59   43 2228.15306 1977.76240  11.2%   8.2  486s
 203716 93271 infeasible   97      2228.15306 1977.76240  11.2%   8.2  490s
 205911 93867 2171.02176   63   18 2228.15306 1977.76240  11.2%   8.2  495s
 208223 94726     cutoff   63      2228.15306 1977.76240  11.2%   8.2  500s
 211993 95732 2053.34300   57   17 2228.15306 1977.76240  11.2%   8.2  507s
 214488 96072     cutoff   88      2228.15306 1977.76240  11.2%   8.2  511s
 216474 96597 2209.75867   61   13 2228.15306 1977.76240  11.2%   8.2  515s
 218884 96920     cutoff   78      2228.15306 1977.76240  11.2%   8.2  520s
 221266 97352 infeasible   85      2228.15306 1977.76240  11.2%   8.2  526s
 223344 98039 2205.26080   70   35 2228.15306 1977.76240  11.2%   8.2  531s
 225591 98488     cutoff   63      2228.15306 1977.76240  11.2%   8.2  535s
 228097 98890     cutoff   72      2228.15306 1977.76240  11.2%   8.2  540s
 230350 99271 2037.99888   46   46 2228.15306 1977.76240  11.2%   8.2  545s
 233619 99685 2040.36745   81   20 2228.15306 1977.76240  11.2%   8.2  552s
 234539 99393 2155.99400   72   29 2228.15306 1977.76240  11.2%   8.3  559s
 234575 99764 2156.76595   74   35 2228.15306 1977.76240  11.2%   8.3  561s
 236624 100541     cutoff   45      2228.15306 1977.76240  11.2%   8.3  566s
 238792 101095 2102.52904   58   25 2228.15306 1977.76240  11.2%   8.3  571s
 241665 101711 2150.17684   93   20 2228.15306 1977.76240  11.2%   8.3  576s
 244368 102254     cutoff   70      2228.15306 1977.76240  11.2%   8.3  581s
 246568 102651 2131.63922   56   10 2228.15306 1977.76240  11.2%   8.3  585s
 249131 103199 infeasible   66      2228.15306 1977.76240  11.2%   8.3  590s
 251774 103693 infeasible   77      2228.15306 1977.76240  11.2%   8.3  595s
 254073 103935     cutoff   50      2228.15306 1977.76240  11.2%   8.3  600s
 256176 104426 2075.73010   55   28 2228.15306 1977.76240  11.2%   8.3  605s
 258793 105044     cutoff   65      2228.15306 1977.76240  11.2%   8.3  610s
 262402 105198     cutoff   48      2228.15306 1978.33130  11.2%   8.3  617s
 264510 105284     cutoff   71      2228.15306 1978.86497  11.2%   8.3  622s
 266308 105690     cutoff   87      2228.15306 1979.54233  11.2%   8.3  627s
 267576 105861     cutoff   59      2228.15306 1979.92375  11.1%   8.3  630s
 270081 106115 2123.72327   40   23 2228.15306 1980.84758  11.1%   8.3  635s
 272488 105890     cutoff   67      2228.15306 1981.57362  11.1%   8.4  644s
H272538 101541                    2220.5673671 1981.62548  10.8%   8.4  644s
 272565 101892 2089.14785   53   20 2220.56737 1981.64489  10.8%   8.4  646s
*273084 98055              96    2217.5737619 1981.70326  10.6%   8.4  646s
 274382 98687 2156.91981   55   20 2217.57376 1982.17325  10.6%   8.4  651s
 276981 99098 infeasible   53      2217.57376 1983.25155  10.6%   8.4  657s
 278374 99283 2123.54916   61   14 2217.57376 1983.73166  10.5%   8.4  660s
 280957 99563 2108.48167   45   17 2217.57376 1984.57076  10.5%   8.4  665s
 283521 99897 infeasible   94      2217.57376 1985.27566  10.5%   8.4  671s
 286015 100200 2139.13178   60   13 2217.57376 1985.95064  10.4%   8.4  676s
 288577 100378 2060.09673   50   19 2217.57376 1986.85524  10.4%   8.4  681s
 290635 100614     cutoff   55      2217.57376 1987.29450  10.4%   8.4  686s
 292940 100894 2182.13571   67   20 2217.57376 1987.98154  10.4%   8.4  691s
 295348 101055     cutoff   63      2217.57376 1988.67604  10.3%   8.4  697s
 296514 101268     cutoff   55      2217.57376 1989.01381  10.3%   8.4  700s
 298725 101543 2061.44804   60   21 2217.57376 1989.41517  10.3%   8.4  705s
 301237 101804 2151.44746   51   12 2217.57376 1990.32611  10.2%   8.4  711s
H302602 95798                    2203.2788689 1990.72184  9.65%   8.4  715s
 305061 96024     cutoff   74      2203.27887 1991.52198  9.61%   8.4  723s
 306258 96060 2199.89007   78   21 2203.27887 1991.87388  9.60%   8.4  727s
 307373 95706 2184.09529   74   29 2203.27887 1992.00272  9.59%   8.4  733s
 307399 96008 2191.23601   75   24 2203.27887 1992.09482  9.58%   8.4  736s
 308193 96357 2125.17665   57   46 2203.27887 1992.31573  9.57%   8.4  740s
 310434 96421 2032.40923   54   17 2203.27887 1993.06243  9.54%   8.4  747s
 311732 96485 2160.44165   48   10 2203.27887 1993.44143  9.52%   8.4  750s
 313923 97177     cutoff   61      2203.27887 1994.15624  9.49%   8.5  756s
 314738 97717 2147.74672   55   23 2203.27887 1994.30978  9.48%   8.5  760s
 317385 98714 2094.88156   55   17 2203.27887 1995.19586  9.44%   8.5  766s
 319421 99480 2132.92649   79   26 2203.27887 1995.60387  9.43%   8.5  771s
 321879 100294     cutoff   53      2203.27887 1996.46295  9.39%   8.5  777s
 322768 100798 2130.16225   53   14 2203.27887 1996.66228  9.38%   8.5  780s
 325433 101750 2074.59333   63   29 2203.27887 1997.41926  9.34%   8.5  786s
 328020 102512 2042.59951   44   45 2203.27887 1998.12211  9.31%   8.5  792s
 329345 102877 2150.08868   45   22 2203.27887 1998.43795  9.30%   8.5  795s
 331593 103862 2118.51449   41   38 2203.27887 1999.02865  9.27%   8.5  801s
 334149 104616 2126.12923   55   35 2203.27887 1999.77412  9.24%   8.5  806s
 336161 105555 2037.91958   44   15 2203.27887 2000.31686  9.21%   8.5  812s
 337590 106072 2092.57014   68   21 2203.27887 2000.63832  9.20%   8.5  815s
 339933 106997     cutoff   74      2203.27887 2001.42815  9.16%   8.5  821s
 342586 107891 2005.94681   48   17 2203.27887 2002.21638  9.13%   8.5  827s
 345050 108659 infeasible   60      2203.27887 2002.79275  9.10%   8.6  833s
 346384 108989 2156.82111   54   36 2203.27887 2003.11626  9.08%   8.6  835s
 348648 109830 infeasible   70      2203.27887 2003.45774  9.07%   8.6  841s
 351285 110653     cutoff   68      2203.27887 2004.26079  9.03%   8.6  846s
 353417 111471     cutoff   83      2203.27887 2004.79205  9.01%   8.6  852s
 354730 111747 2184.07113   62   17 2203.27887 2005.10558  8.99%   8.6  855s
 356919 112630     cutoff   94      2203.27887 2005.70146  8.97%   8.6  862s
 358145 113002     cutoff   55      2203.27887 2006.05343  8.95%   8.6  865s
 360570 113810 2163.20651   57   30 2203.27887 2006.54774  8.93%   8.6  872s
 361846 114082     cutoff   53      2203.27887 2006.86326  8.91%   8.6  875s
 364248 114871     cutoff   70      2203.27887 2007.37471  8.89%   8.6  882s
 365134 115424 2203.00805   62   17 2203.27887 2007.74198  8.87%   8.6  885s
 367914 116435 2045.92002   83   32 2203.27887 2008.36176  8.85%   8.6  892s
 369226 116852 2105.18277   45   10 2203.27887 2008.61736  8.84%   8.6  896s
 371717 117757 infeasible   63      2203.27887 2009.01954  8.82%   8.6  903s
 372894 118117 2081.70928   42   24 2203.27887 2009.35931  8.80%   8.6  905s
 375215 119081 2110.10393   52   32 2203.27887 2009.82622  8.78%   8.6  911s
 377865 119919 infeasible   59      2203.27887 2010.44619  8.75%   8.6  917s
 378785 120337 2130.34045   46   36 2203.27887 2010.65587  8.74%   8.6  920s
 381320 121049 2154.85782   77   13 2203.27887 2011.20835  8.72%   8.7  926s
 383598 121810     cutoff   57      2203.27887 2011.79656  8.69%   8.7  931s
 384849 122204 2021.06375   50   20 2203.27887 2012.07590  8.68%   8.7  935s
 387165 123074     cutoff   63      2203.27887 2012.50121  8.66%   8.7  940s
 389822 124032     cutoff   52      2203.27887 2013.16443  8.63%   8.7  946s
 392208 124706 2151.72804   77   36 2203.27887 2013.62061  8.61%   8.7  952s
 394085 125008 2059.52017   59   23 2203.27887 2014.00556  8.59%   8.7  962s
 394155 125479 2064.53936   60   40 2203.27887 2014.05948  8.59%   8.7  965s
 396956 126226 2117.96565   41   24 2203.27887 2014.60566  8.56%   8.7  971s
 397890 126789 2083.44337   50   13 2203.27887 2014.90521  8.55%   8.7  975s
 400714 127592     cutoff   47      2203.27887 2015.49560  8.52%   8.7  983s
 401785 128057 2028.67469   66   19 2203.27887 2015.78033  8.51%   8.7  987s
 403183 128399 2124.71220   66   42 2203.27887 2016.02289  8.50%   8.7  990s
 404203 128770 2145.53572   49   23 2203.27887 2016.23242  8.49%   8.7  995s
 406754 129446 2093.12677   53   50 2203.27887 2016.79147  8.46%   8.7 1002s
 407541 129815 2177.88819   55   19 2203.27887 2016.92746  8.46%   8.7 1006s
 408888 130290 infeasible   60      2203.27887 2017.11889  8.45%   8.7 1010s
 411762 131117     cutoff   75      2203.27887 2017.69967  8.42%   8.7 1017s
 413105 131394 infeasible   56      2203.27887 2017.94825  8.41%   8.7 1021s
 415286 132064 2100.44764   43   15 2203.27887 2018.37822  8.39%   8.7 1027s
 416550 132386 2184.94847   51   19 2203.27887 2018.57721  8.38%   8.7 1030s
 418753 133183 2098.61016   56   42 2203.27887 2018.99670  8.36%   8.7 1036s
 421127 133783     cutoff   53      2203.27887 2019.47663  8.34%   8.8 1042s
 422185 134036     cutoff   53      2203.27887 2019.66073  8.33%   8.8 1045s
 424495 134854 2175.38323   45   37 2203.27887 2020.16708  8.31%   8.8 1053s
 425831 135258     cutoff   51      2203.27887 2020.40922  8.30%   8.8 1057s
 427191 135634 2132.65006   65   15 2203.27887 2020.65655  8.29%   8.8 1060s
 429848 136453 2044.39058   65   31 2203.27887 2021.16090  8.27%   8.8 1068s
 431026 136847 2160.55960   49   19 2203.27887 2021.32878  8.26%   8.8 1072s
 432403 137095     cutoff   54      2203.27887 2021.61846  8.25%   8.8 1076s
 434305 137612 2187.03915   61   14 2203.27887 2021.88389  8.23%   8.8 1083s
 435615 137917     cutoff   45      2203.27887 2022.13103  8.22%   8.8 1087s
 436893 138362 2033.58111   42   22 2203.27887 2022.36631  8.21%   8.8 1091s
 438345 138812 2183.52894   74   24 2203.27887 2022.59918  8.20%   8.8 1095s
 440928 139473 2188.21977   66   34 2203.27887 2022.99421  8.18%   8.8 1103s
 441963 139735     cutoff   54      2203.27887 2023.21504  8.17%   8.8 1106s
 444406 140530 2051.05330   65   17 2203.27887 2023.65298  8.15%   8.8 1112s
 445524 140753 2183.89595   61   19 2203.27887 2023.82737  8.14%   8.8 1115s
 447835 141456 infeasible   44      2203.27887 2024.17641  8.13%   8.8 1122s
 448972 141732 2092.52435   66   54 2203.27887 2024.42673  8.12%   8.8 1125s
 450222 142101 2194.02156   44    8 2203.27887 2024.56940  8.11%   8.8 1130s
 452584 142812 2163.94380   90   39 2203.27887 2025.04054  8.09%   8.8 1139s
 453963 143194     cutoff  103      2203.27887 2025.27832  8.08%   8.8 1143s
 455297 143561 2053.87300   52   10 2203.27887 2025.53324  8.07%   8.8 1146s
 457770 144338     cutoff   69      2203.27887 2026.01653  8.05%   8.8 1152s
 459212 144703     cutoff   52      2203.27887 2026.33993  8.03%   8.8 1155s
 461375 145278     cutoff   76      2203.27887 2026.70002  8.01%   8.9 1162s
 462762 145747 2123.92975   49   25 2203.27887 2026.98180  8.00%   8.9 1167s
 464178 146105     cutoff   53      2203.27887 2027.22317  7.99%   8.9 1172s
 465569 146311 2202.12293   62   38 2203.27887 2027.42871  7.98%   8.9 1176s
 466397 146685     cutoff   58      2203.27887 2027.62251  7.97%   8.9 1181s
 467730 146986 2079.47631   55   33 2203.27887 2027.82380  7.96%   8.9 1186s
 469076 147374     cutoff   51      2203.27887 2028.02390  7.95%   8.9 1191s
 470448 147547 2156.86793   57   10 2203.27887 2028.27762  7.94%   8.9 1195s
 471380 147831     cutoff   50      2203.27887 2028.36615  7.94%   8.9 1200s
 472436 148221     cutoff   53      2203.27887 2028.56962  7.93%   8.9 1205s
 473851 148507 2124.44167   58   14 2203.27887 2028.82831  7.92%   8.9 1210s
H474808 148508                    2203.2788297 2028.88058  7.92%   8.9 1210s
 475127 148547 2169.55607   46   11 2203.27883 2029.09793  7.91%   8.9 1217s
 475288 148763 infeasible   50      2203.27883 2029.11858  7.90%   8.9 1222s
 476388 149078 2138.53585   79    6 2203.27883 2029.25892  7.90%   8.9 1227s
 477468 149380     cutoff   64      2203.27883 2029.35551  7.89%   8.9 1232s
 478626 149629 2172.31756   52   21 2203.27883 2029.59783  7.88%   8.9 1237s
 479743 149898     cutoff   65      2203.27883 2029.75514  7.88%   8.9 1241s
 480824 150129 infeasible   59      2203.27883 2029.98501  7.87%   8.9 1247s
 482264 150522 2128.29325   73   31 2203.27883 2030.13919  7.86%   8.9 1252s
 483693 150887 infeasible   72      2203.27883 2030.42329  7.85%   8.9 1257s
 485235 151135     cutoff   51      2203.27883 2030.61680  7.84%   8.9 1260s
 487355 151802     cutoff   49      2203.27883 2030.95308  7.82%   8.9 1267s
 488836 152128 infeasible   60      2203.27883 2031.26460  7.81%   8.9 1271s
 490291 152543 2166.66666   67   16 2203.27883 2031.49364  7.80%   8.9 1275s
 492980 153224     cutoff   77      2203.27883 2031.88997  7.78%   8.9 1282s
 494392 153563 2121.92747   58   40 2203.27883 2032.09857  7.77%   8.9 1285s
 496834 154029     cutoff   62      2203.27883 2032.41321  7.76%   8.9 1293s
 497828 154324 2178.69493   59   22 2203.27883 2032.55494  7.75%   8.9 1297s
 498793 154644     cutoff   62      2203.27883 2032.68158  7.74%   8.9 1301s
 499833 155005 2154.32647   71   31 2203.27883 2032.77087  7.74%   8.9 1305s
 502795 155726 2110.20618   46   22 2203.27883 2033.39021  7.71%   8.9 1313s
 503967 156077 2153.07643   55   41 2203.27883 2033.54402  7.70%   9.0 1317s
 505304 156380 infeasible   61      2203.27883 2033.76765  7.69%   9.0 1321s
 506463 156667 2151.22740   67   23 2203.27883 2033.92964  7.69%   9.0 1325s
 509261 157343 2191.27732   55   12 2203.27883 2034.32680  7.67%   9.0 1333s
 510324 157611 2122.87951   64   49 2203.27883 2034.55791  7.66%   9.0 1337s
 511589 158035     cutoff   58      2203.27883 2034.73588  7.65%   9.0 1341s
 513033 158315 2094.55287   55   19 2203.27883 2034.99651  7.64%   9.0 1345s
 515548 158892     cutoff   64      2203.27883 2035.37818  7.62%   9.0 1353s
 516666 159181     cutoff   58      2203.27883 2035.55482  7.61%   9.0 1358s
 518048 159455     cutoff   64      2203.27883 2035.71737  7.61%   9.0 1361s
 519037 159803     cutoff   74      2203.27883 2035.85338  7.60%   9.0 1365s
 521935 160477     cutoff   45      2203.27883 2036.33634  7.58%   9.0 1372s
 522937 160496     cutoff   71      2203.27883 2036.43563  7.57%   9.0 1379s
 523043 160801 2126.55836   62   35 2203.27883 2036.45654  7.57%   9.0 1383s
 524317 161133 2137.44540   47   45 2203.27883 2036.61806  7.56%   9.0 1387s
 525717 161380 2109.33778   72   23 2203.27883 2036.77780  7.56%   9.0 1390s
 528273 162005 2179.74899   51   28 2203.27883 2037.15783  7.54%   9.0 1397s
 529506 162283 infeasible   85      2203.27883 2037.35235  7.53%   9.0 1400s
 531985 163090     cutoff   64      2203.27883 2037.72608  7.51%   9.0 1407s
 533434 163281 2040.69392   43   26 2203.27883 2037.93694  7.50%   9.0 1410s
 535640 163802 2166.42588   76   33 2203.27883 2038.24280  7.49%   9.0 1417s
 536927 164043     cutoff   62      2203.27883 2038.44923  7.48%   9.0 1421s
 539601 164772 2065.26099   59   30 2203.27883 2038.77899  7.47%   9.0 1428s
 540794 164987 2197.99563   47   17 2203.27883 2038.99848  7.46%   9.0 1432s
 541780 165394 2106.75951   45   10 2203.27883 2039.10352  7.45%   9.0 1437s
 543329 165731 2048.93340   58   19 2203.27883 2039.33797  7.44%   9.0 1442s
 544698 166067 2125.08124   46   43 2203.27883 2039.52440  7.43%   9.0 1446s
 546084 166464     cutoff   71      2203.27883 2039.76061  7.42%   9.0 1451s
 547545 166633     cutoff   53      2203.27883 2039.96954  7.41%   9.0 1455s
 548506 166993 2126.20624   43   23 2203.27883 2040.09437  7.41%   9.0 1460s
 551220 167641 2152.12338   48   11 2203.27883 2040.48614  7.39%   9.0 1469s
 552629 167964 2186.54754   57   15 2203.27883 2040.72717  7.38%   9.0 1473s
 553729 168333 2139.32269   63   27 2203.27883 2040.85664  7.37%   9.0 1477s
 555197 168695 2153.59976   60   44 2203.27883 2041.08785  7.36%   9.0 1481s
 557840 169154 2191.95099   82   28 2203.27883 2041.44299  7.35%   9.0 1488s
 558879 169388 2201.58145   57   12 2203.27883 2041.62339  7.34%   9.1 1492s
 559903 169701 infeasible   48      2203.27883 2041.75161  7.33%   9.1 1495s
 562228 170281     cutoff   56      2203.27883 2042.10758  7.32%   9.1 1503s
 563551 170569     cutoff   58      2203.27883 2042.32309  7.31%   9.1 1506s
 564931 170894     cutoff   54      2203.27883 2042.49132  7.30%   9.1 1510s
 567512 171376 2122.31489   74   23 2203.27883 2042.88657  7.28%   9.1 1518s
 568942 171626 2049.61709   59   23 2203.27883 2043.08832  7.27%   9.1 1522s
 570140 171653 2061.11206   56   14 2203.27883 2043.25967  7.26%   9.1 1534s
 570271 171850     cutoff   45      2203.27883 2043.26951  7.26%   9.1 1538s
 571317 172095     cutoff   47      2203.27883 2043.40392  7.26%   9.1 1542s
 572391 172455 2103.05492   45   18 2203.27883 2043.56715  7.25%   9.1 1546s
 573872 172834     cutoff   54      2203.27883 2043.83009  7.24%   9.1 1550s
 575459 173112 2076.43376   52   30 2203.27883 2044.03476  7.23%   9.1 1555s
 578361 173704 infeasible   66      2203.27883 2044.44166  7.21%   9.1 1563s
 579393 174014 2138.20411   64   25 2203.27883 2044.60705  7.20%   9.1 1568s
 580838 174262 2176.47818   91   13 2203.27883 2044.80582  7.19%   9.1 1572s
 581929 174524 2089.44828   53   15 2203.27883 2044.99412  7.18%   9.1 1576s
 583405 174816 infeasible   56      2203.27883 2045.17956  7.18%   9.1 1581s
 584826 175018 2063.63052   70   10 2203.27883 2045.34208  7.17%   9.1 1585s
 586974 175423     cutoff  103      2203.27883 2045.59327  7.16%   9.1 1593s
 588065 175679     cutoff   50      2203.27883 2045.70912  7.15%   9.1 1597s
 589194 175990 2159.93420   51   17 2203.27883 2045.89918  7.14%   9.1 1602s
 590620 176253     cutoff   58      2203.27883 2046.09343  7.13%   9.1 1606s
 591866 176639 2184.54415   53   17 2203.27883 2046.26220  7.13%   9.1 1612s
 593355 177037 2178.48637   68   22 2203.27883 2046.50509  7.12%   9.1 1616s
 594918 177289 2091.83594   46   48 2203.27883 2046.67384  7.11%   9.1 1620s
 597192 177834 2144.69784   60   41 2203.27883 2046.93938  7.10%   9.1 1630s
 599947 178352 2201.35394   52   49 2203.27883 2047.27343  7.08%   9.1 1639s
 601400 178551 2157.39554   57   19 2203.27883 2047.49765  7.07%   9.1 1643s
 602529 178756     cutoff   95      2203.27883 2047.62835  7.06%   9.1 1647s
 603577 179019 2142.05329   35   15 2203.27883 2047.73926  7.06%   9.1 1651s
 605048 179371     cutoff   59      2203.27883 2047.96704  7.05%   9.1 1655s
 607879 179992     cutoff   46      2203.27883 2048.33117  7.03%   9.1 1663s
 609310 180243     cutoff   54      2203.27883 2048.51438  7.02%   9.1 1667s
 610322 180457     cutoff   83      2203.27883 2048.64177  7.02%   9.1 1671s
 613071 180885 2183.21839   72   18 2203.27883 2048.99584  7.00%   9.1 1678s
 614246 181072 2157.83787   74   27 2203.27883 2049.11748  7.00%   9.1 1681s
 616464 181531 2080.48407   49   11 2203.27883 2049.37404  6.99%   9.1 1688s
 617948 181844 2061.25073   69   20 2203.27883 2049.56204  6.98%   9.2 1692s
 619435 182040 2140.85873   72   27 2203.27883 2049.74460  6.97%   9.2 1695s
 621854 182673 2178.04784   60   17 2203.27883 2050.03033  6.96%   9.2 1702s
 623363 182893 2080.15720   49   15 2203.27883 2050.24269  6.95%   9.2 1705s
 625839 183432 2178.63958   83   22 2203.27883 2050.56169  6.93%   9.2 1712s
 627299 183594 2177.72582   42   13 2203.27883 2050.74415  6.92%   9.2 1715s
 629537 184066 2092.43308   44   19 2203.27883 2050.99807  6.91%   9.2 1722s
 630690 184321 2173.72625   60    9 2203.27883 2051.15363  6.90%   9.2 1726s
 632016 184607 2112.10632   57   14 2203.27883 2051.35314  6.90%   9.2 1730s
 634627 185168 2122.77873   62   31 2203.27883 2051.66247  6.88%   9.2 1737s
 636136 185432     cutoff   48      2203.27883 2051.86312  6.87%   9.2 1741s
 639002 185858 2103.75416   48   12 2203.27883 2052.19026  6.86%   9.2 1748s
 640082 186160     cutoff   56      2203.27883 2052.34516  6.85%   9.2 1752s
 641594 186398 2191.64926   48   24 2203.27883 2052.50960  6.84%   9.2 1756s
 642757 186664 2103.27427   68   15 2203.27883 2052.67602  6.84%   9.2 1761s
 644245 186901 2120.63976   55    9 2203.27883 2052.85859  6.83%   9.2 1766s
 645628 187116     cutoff   56      2203.27883 2053.03437  6.82%   9.2 1770s
 646760 187435 infeasible   56      2203.27883 2053.16781  6.81%   9.2 1775s
 648267 187687 2148.11625   57   22 2203.27883 2053.32807  6.81%   9.2 1780s
 650727 188178 2152.48032   51   20 2203.27883 2053.59822  6.79%   9.2 1789s
 651980 188347 infeasible   53      2203.27883 2053.70819  6.79%   9.2 1794s
 653069 188652     cutoff   56      2203.27883 2053.85487  6.78%   9.2 1799s
 654497 188954 2185.66447   70   23 2203.27883 2054.00989  6.77%   9.2 1803s
 655928 189168 2164.53412   42   33 2203.27883 2054.19177  6.77%   9.2 1808s
 657072 189453 2170.52967   55   29 2203.27883 2054.31008  6.76%   9.2 1812s
 658475 189633     cutoff   67      2203.27883 2054.44076  6.76%   9.2 1816s
 659559 189836 infeasible  116      2203.27883 2054.56616  6.75%   9.2 1820s
 662119 190394 2138.01433   49   14 2203.27883 2054.86169  6.74%   9.2 1829s
 663307 190424     cutoff   80      2203.27883 2054.99500  6.73%   9.2 1838s
 663423 190732     cutoff   74      2203.27883 2055.00033  6.73%   9.2 1843s
 665004 191001 2098.16368   52   41 2203.27883 2055.19038  6.72%   9.2 1848s
 666541 191179 2082.54338   46   13 2203.27883 2055.35011  6.71%   9.2 1852s
 667663 191354 2187.74052   48   31 2203.27883 2055.48545  6.71%   9.2 1855s
 670067 191748 infeasible   61      2203.27883 2055.76821  6.70%   9.2 1863s
 671559 192049 2097.99545   60   28 2203.27883 2055.98089  6.69%   9.2 1868s
 673148 192312 2157.71284   39   13 2203.27883 2056.16823  6.68%   9.2 1872s
 674449 192537 2137.92579   47   17 2203.27883 2056.32373  6.67%   9.2 1876s
 675784 192757     cutoff   48      2203.27883 2056.50344  6.66%   9.2 1880s
 678230 193239 2183.24574   59   12 2203.27883 2056.76469  6.65%   9.2 1888s
 679762 193477     cutoff   68      2203.27883 2056.94612  6.64%   9.2 1893s
 681262 193772 2188.23905   54    8 2203.27883 2057.10747  6.63%   9.2 1897s
 682806 193898     cutoff   48      2203.27883 2057.29991  6.63%   9.2 1902s
H682992 193898                    2203.2787871 2057.30097  6.63%   9.2 1902s
 683881 194136 2130.58845   47   12 2203.27879 2057.42095  6.62%   9.2 1907s
 685325 194279     cutoff   68      2203.27879 2057.60347  6.61%   9.2 1911s
 686537 194483     cutoff   55      2203.27879 2057.69657  6.61%   9.2 1915s
 687723 194733 2091.49652   39   12 2203.27879 2057.83517  6.60%   9.3 1920s
 690206 195253 2113.92873   55   29 2203.27879 2058.09481  6.59%   9.3 1928s
 691799 195426 2082.30157   59    8 2203.27879 2058.28536  6.58%   9.3 1932s
 692904 195669 2118.98271   54   32 2203.27879 2058.39875  6.58%   9.3 1937s
 694363 195876 2106.28095   53   21 2203.27879 2058.56884  6.57%   9.3 1942s
 695894 196029 infeasible   90      2203.27879 2058.72478  6.56%   9.3 1947s
 697102 196220 2159.12854   47   16 2203.27879 2058.88780  6.55%   9.3 1952s
 698263 196433 2162.61599   65   22 2203.27879 2059.03367  6.55%   9.3 1957s
 699787 196574 2164.77047   57   18 2203.27879 2059.21992  6.54%   9.3 1962s
 700970 196800     cutoff   60      2203.27879 2059.34839  6.53%   9.3 1967s
 702476 197070 infeasible   74      2203.27879 2059.51964  6.52%   9.3 1972s
 703957 197261 2158.23270   54   32 2203.27879 2059.63871  6.52%   9.3 1977s
 705126 197397     cutoff   77      2203.27879 2059.78980  6.51%   9.3 1981s
 706262 197572     cutoff   56      2203.27879 2059.91312  6.51%   9.3 1986s
 707419 197733 2103.52686   66   43 2203.27879 2060.07295  6.50%   9.3 1991s
 708624 197930 2135.47413   53   17 2203.27879 2060.14043  6.50%   9.3 1995s
 709877 198108 2187.74910   71   38 2203.27879 2060.31380  6.49%   9.3 2000s
 711032 198421     cutoff   72      2203.27879 2060.44076  6.48%   9.3 2005s
 712628 198610     cutoff   56      2203.27879 2060.67195  6.47%   9.3 2010s
 715047 199149 2117.44954   52   26 2203.27879 2060.96503  6.46%   9.3 2019s
 716701 199323 2153.30249   59   14 2203.27879 2061.15193  6.45%   9.3 2024s
 717778 199569 2140.16353   47   27 2203.27879 2061.27034  6.45%   9.3 2029s
 719177 199791 2166.24473   77   27 2203.27879 2061.43099  6.44%   9.3 2034s
 720814 200056 2170.37072   57   11 2203.27879 2061.59334  6.43%   9.3 2038s
 721917 200298 infeasible   47      2203.27879 2061.75477  6.42%   9.3 2042s
 723526 200566 2170.61570   50   20 2203.27879 2061.94072  6.41%   9.3 2046s
 725024 200744 2151.47740   61   23 2203.27879 2062.10400  6.41%   9.3 2050s
 727344 201145     cutoff   64      2203.27879 2062.35514  6.40%   9.3 2058s
 728903 201293 2189.22578   78   21 2203.27879 2062.51763  6.39%   9.3 2062s
 730115 201475     cutoff   53      2203.27879 2062.64678  6.38%   9.3 2067s
 731572 201636     cutoff   52      2203.27879 2062.82747  6.37%   9.3 2070s
 733824 202092 2102.87455   70   14 2203.27879 2063.10364  6.36%   9.3 2079s
 735429 202279 infeasible   78      2203.27879 2063.24889  6.36%   9.3 2083s
 736921 202466     cutoff   69      2203.27879 2063.40487  6.35%   9.3 2087s
H737502 202466                    2203.2787807 2063.42979  6.35%   9.3 2087s
 738081 202597     cutoff   56      2203.27878 2063.51053  6.34%   9.3 2091s
 739303 202850 2123.47217   61   28 2203.27878 2063.62592  6.34%   9.3 2096s
 740633 202882 2162.55721   83   17 2203.27878 2063.79045  6.33%   9.3 2105s
 742090 203237 infeasible   60      2203.27878 2063.92916  6.32%   9.3 2113s
 743268 203408 2172.31944   81   26 2203.27878 2064.05878  6.32%   9.3 2118s
 744497 203665 2105.41769   75   26 2203.27878 2064.17029  6.31%   9.3 2123s
 746239 203815 2165.20086   49   30 2203.27878 2064.26700  6.31%   9.3 2127s
 747429 204016     cutoff   53      2203.27878 2064.47892  6.30%   9.3 2132s
 749000 204180     cutoff   69      2203.27878 2064.66427  6.29%   9.3 2136s
 750220 204485 2155.97326   48   17 2203.27878 2064.75644  6.29%   9.3 2140s
 751867 204683     cutoff   79      2203.27878 2064.92045  6.28%   9.3 2145s
 754460 205137 2121.39453   52   14 2203.27878 2065.17044  6.27%   9.3 2154s
 756018 205306 2163.31051   71   22 2203.27878 2065.36904  6.26%   9.3 2159s
 757235 205557     cutoff   72      2203.27878 2065.49616  6.25%   9.3 2164s
 758865 205732 2120.21573   43   12 2203.27878 2065.66934  6.25%   9.3 2168s
 760094 205909     cutoff   55      2203.27878 2065.80494  6.24%   9.3 2172s
 761237 206098 2148.74591   62   20 2203.27878 2065.92045  6.23%   9.3 2176s
 762808 206150 2187.96003   39   15 2203.27878 2066.06990  6.23%   9.3 2181s
 764306 206561     cutoff   83      2203.27878 2066.24639  6.22%   9.3 2189s
 765957 206746 2146.62963   64   41 2203.27878 2066.42729  6.21%   9.3 2193s
 767097 206937 2115.30114   45   26 2203.27878 2066.57679  6.20%   9.3 2197s
 768624 207082     cutoff   41      2203.27878 2066.69655  6.20%   9.4 2201s
 769747 207347 2129.26545   53   15 2203.27878 2066.82884  6.19%   9.4 2205s
 772730 207765 2144.68547   58   22 2203.27878 2067.10765  6.18%   9.4 2213s
 774298 207951     cutoff   48      2203.27878 2067.33006  6.17%   9.4 2217s
 775692 208100 2141.28697   78    8 2203.27878 2067.47865  6.16%   9.4 2221s
 778162 208317 2071.45737   74   21 2203.27878 2067.74375  6.15%   9.4 2228s
 779375 208432 2163.18746   70   26 2203.27878 2067.88462  6.15%   9.4 2233s
 780600 208547     cutoff   54      2203.27878 2068.05248  6.14%   9.4 2238s
 781668 208703 2124.54961   58   18 2203.27878 2068.15410  6.13%   9.4 2244s
 782960 208856 2171.90473   63   34 2203.27878 2068.28832  6.13%   9.4 2249s
 784247 209119     cutoff   69      2203.27878 2068.42618  6.12%   9.4 2255s
 785898 209235 infeasible   64      2203.27878 2068.57687  6.11%   9.4 2260s
 787177 209480 2123.53244   61   47 2203.27878 2068.71813  6.11%   9.4 2266s
 788675 209649 infeasible   77      2203.27878 2068.86944  6.10%   9.4 2271s
 789958 209896 2110.08632   51   18 2203.27878 2069.00106  6.09%   9.4 2277s
 791624 210061     cutoff   63      2203.27878 2069.11764  6.09%   9.4 2282s
 792999 210209 2182.26306   58   14 2203.27878 2069.24404  6.08%   9.4 2287s
 794254 210422 2150.96789   50    8 2203.27878 2069.36507  6.08%   9.4 2293s
 795779 210626 2160.12795   67   11 2203.27878 2069.47918  6.07%   9.4 2298s
 796932 210818     cutoff   48      2203.27878 2069.62539  6.07%   9.4 2303s
 798522 211000 2084.48310   61   14 2203.27878 2069.80656  6.06%   9.4 2309s
 800026 211164 2192.97327   52   11 2203.27878 2069.93480  6.05%   9.4 2314s
 801282 211397 2163.67279   54   41 2203.27878 2070.07278  6.05%   9.4 2319s
 802855 211498 2150.83530   62   14 2203.27878 2070.22019  6.04%   9.4 2323s
 804000 211700 infeasible   49      2203.27878 2070.34840  6.03%   9.4 2329s
 805543 211837 infeasible   59      2203.27878 2070.50927  6.03%   9.4 2334s
 806660 212052 2136.82102   70   26 2203.27878 2070.62298  6.02%   9.4 2339s
 808275 212164     cutoff   56      2203.27878 2070.77725  6.01%   9.4 2344s
 809546 212305 2116.14390   54   25 2203.27878 2070.92664  6.01%   9.4 2350s
 812080 212608 2177.34002   60   43 2203.27878 2071.14921  6.00%   9.4 2359s
 813353 212751 2163.45540   55   26 2203.27878 2071.30175  5.99%   9.4 2364s
 814623 212852 2166.53260   50   23 2203.27878 2071.41552  5.98%   9.4 2369s
 815895 212950     cutoff   52      2203.27878 2071.59344  5.98%   9.4 2373s
 817267 213125     cutoff   71      2203.27878 2071.75357  5.97%   9.4 2377s
 818582 213298     cutoff   59      2203.27878 2071.88540  5.96%   9.4 2382s
 819894 213467     cutoff   66      2203.27878 2071.98557  5.96%   9.4 2386s
 821325 213653 2082.29159   54   15 2203.27878 2072.15009  5.95%   9.4 2391s
 822511 213749 2202.02182   82   26 2203.27878 2072.22933  5.95%   9.4 2395s
 823730 213949 2115.88935   59   21 2203.27878 2072.38893  5.94%   9.4 2400s
 825537 214132     cutoff   56      2203.27878 2072.54568  5.93%   9.4 2405s
 826816 214291 2139.85789   48   22 2203.27878 2072.67294  5.93%   9.4 2410s
 829989 214624 2156.27620   57    9 2203.27878 2072.99599  5.91%   9.4 2419s
 831292 214696 2157.50082   40   15 2203.27878 2073.14559  5.91%   9.4 2423s
 832592 214892     cutoff   64      2203.27878 2073.23599  5.90%   9.4 2428s
 834247 214910 2149.47630   49   23 2203.27878 2073.39701  5.89%   9.4 2435s
 834435 215082 2167.35191   50   27 2203.27878 2073.40588  5.89%   9.4 2440s
 835670 215215 2170.72304   48   13 2203.27878 2073.54106  5.89%   9.4 2445s
 836921 215321 2172.27649   48   17 2203.27878 2073.69009  5.88%   9.4 2450s
 838238 215541 2153.76711   43   13 2203.27878 2073.79162  5.88%   9.4 2455s
 839945 215689 2134.84444   50   33 2203.27878 2073.97217  5.87%   9.4 2460s
 841251 215987 2151.94971   60   10 2203.27878 2074.08767  5.86%   9.4 2465s
 844155 216427 infeasible   54      2203.27878 2074.39565  5.85%   9.4 2473s
 845848 216617 2175.34756   59   11 2203.27878 2074.54759  5.84%   9.4 2477s
 847110 216795 2194.71359   81   25 2203.27878 2074.64783  5.84%   9.4 2482s
 848802 216907 2201.98347   55   16 2203.27878 2074.79281  5.83%   9.4 2485s
 851366 217215 2195.79345   60    8 2203.27878 2075.02498  5.82%   9.4 2494s
 852906 217311 infeasible   46      2203.27878 2075.20923  5.81%   9.4 2498s
 854220 217423 2188.67770   46   29 2203.27878 2075.35070  5.81%   9.4 2501s
 855504 217634     cutoff   55      2203.27878 2075.46018  5.80%   9.4 2507s
 857162 217746 2132.23552   42   26 2203.27878 2075.62753  5.79%   9.4 2511s
 858330 217884 2143.83182   65   16 2203.27878 2075.75598  5.79%   9.4 2517s
 859884 218035 2166.98798   54   13 2203.27878 2075.89867  5.78%   9.4 2521s
 862468 218371     cutoff   36      2203.27878 2076.10537  5.77%   9.4 2528s
 864071 218504 2201.40162   60   18 2203.27878 2076.25119  5.77%   9.4 2532s
 865231 218603 2115.77876   55   23 2203.27878 2076.34408  5.76%   9.4 2536s
 866512 218754 2153.73639   55   17 2203.27878 2076.48876  5.75%   9.4 2540s
 869215 218938 2162.12832   61   28 2203.27878 2076.71825  5.74%   9.5 2548s
 870483 219127     cutoff   72      2203.27878 2076.85758  5.74%   9.5 2552s
 872114 219291 2114.33353   56   38 2203.27878 2077.05437  5.73%   9.5 2556s
 873396 219555     cutoff   57      2203.27878 2077.12864  5.73%   9.5 2560s
 876608 219793 2140.38480   77   12 2203.27878 2077.44049  5.71%   9.5 2568s
 877986 219952 infeasible   55      2203.27878 2077.55196  5.71%   9.5 2572s
H878569 219952                    2203.2786691 2077.57670  5.71%   9.5 2572s
 879142 220093     cutoff   57      2203.27867 2077.68024  5.70%   9.5 2577s
 880533 220326 2151.37425   54   44 2203.27867 2077.80736  5.69%   9.5 2582s
 882244 220454 2164.67577   48   10 2203.27867 2077.95375  5.69%   9.5 2587s
 883541 220580     cutoff   84      2203.27867 2078.06920  5.68%   9.5 2592s
 885196 220695     cutoff   47      2203.27867 2078.24069  5.68%   9.5 2596s
 886481 220832 2191.31752   54   40 2203.27867 2078.35191  5.67%   9.5 2601s
 888080 220977     cutoff   66      2203.27867 2078.52261  5.66%   9.5 2606s
 889337 221121     cutoff   80      2203.27867 2078.59283  5.66%   9.5 2610s
 890895 221241 2165.37490   48   16 2203.27867 2078.79275  5.65%   9.5 2615s
 892097 221363 2121.17812   58   10 2203.27867 2078.88952  5.65%   9.5 2620s
 894882 221560 2169.46802   73   43 2203.27867 2079.16208  5.63%   9.5 2629s
 896481 221657     cutoff   63      2203.27867 2079.33440  5.63%   9.5 2634s
 897819 221790 2171.50888   62   17 2203.27867 2079.46829  5.62%   9.5 2640s
 899137 221872 2124.99489   55   12 2203.27867 2079.59175  5.61%   9.5 2645s
 900670 221967 2180.53747   94   26 2203.27867 2079.74353  5.61%   9.5 2651s
 901947 222040 2199.61509   45   17 2203.27867 2079.85551  5.60%   9.5 2657s
 903533 222207 2160.28579   45   18 2203.27867 2080.03496  5.59%   9.5 2662s
 904874 222329 2181.15426   71   31 2203.27867 2080.12889  5.59%   9.5 2668s
 906227 222487 2095.15066   66   23 2203.27867 2080.24157  5.58%   9.5 2673s
 907723 222595 infeasible   54      2203.27867 2080.39613  5.58%   9.5 2679s
 908999 222717 2154.22599   47   16 2203.27867 2080.52734  5.57%   9.5 2684s
 910314 222803     cutoff   52      2203.27867 2080.65504  5.57%   9.5 2689s
 911973 222899     cutoff   48      2203.27867 2080.80577  5.56%   9.5 2694s
 913250 223006 2141.87517   58   10 2203.27867 2080.95426  5.55%   9.5 2698s
 914337 223085 infeasible   66      2203.27867 2081.04557  5.55%   9.5 2704s
 915993 223159     cutoff   58      2203.27867 2081.20518  5.54%   9.5 2710s
 918834 223480 2152.07210   60   14 2203.27867 2081.47600  5.53%   9.5 2721s
 920544 223553 2164.07634   60   12 2203.27867 2081.62492  5.52%   9.5 2726s
H921030 223553                    2203.2785372 2081.64149  5.52%   9.5 2726s
 921742 223596 2155.68720   46   12 2203.27854 2081.73334  5.52%   9.5 2733s
 921973 223750 2172.44329   66   16 2203.27854 2081.73915  5.52%   9.5 2736s
 923271 223920 2114.42869   54   44 2203.27854 2081.84376  5.51%   9.5 2741s
 924930 224033 2187.25478   54   18 2203.27854 2082.00803  5.50%   9.5 2745s
 926236 224137     cutoff   59      2203.27854 2082.11690  5.50%   9.5 2751s
 927658 224199 2092.94786   49   14 2203.27854 2082.23391  5.49%   9.5 2755s
 929369 224323     cutoff   65      2203.27854 2082.39171  5.49%   9.5 2760s
 930767 224414 2172.30950   53   13 2203.27854 2082.50893  5.48%   9.5 2766s
 932070 224456     cutoff   71      2203.27854 2082.63712  5.48%   9.5 2771s
 933413 224524 2097.30141   52    6 2203.27854 2082.72616  5.47%   9.5 2776s
 934753 224661 2141.42000   77   23 2203.27854 2082.83541  5.47%   9.5 2781s
 936192 224740 2171.91484   54   17 2203.27854 2083.01342  5.46%   9.5 2786s
 937572 224879 2155.91995   43   24 2203.27854 2083.11255  5.45%   9.5 2790s
 939251 224921 2191.67405   55   18 2203.27854 2083.29837  5.45%   9.5 2795s
 941980 225128 2200.86692   59   14 2203.27854 2083.53751  5.43%   9.5 2804s
 943320 225178 2173.75550   56   19 2203.27854 2083.62971  5.43%   9.5 2808s
 944683 225281 2098.04340   51   15 2203.27854 2083.81032  5.42%   9.5 2813s
 946061 225353 2131.30211   76   13 2203.27854 2083.94261  5.42%   9.5 2819s
 947488 225424 infeasible   73      2203.27854 2084.06149  5.41%   9.5 2825s
 948895 225480     cutoff   60      2203.27854 2084.16853  5.41%   9.5 2830s
 950535 225548     cutoff   53      2203.27854 2084.34357  5.40%   9.5 2836s
 951895 225683     cutoff   64      2203.27854 2084.45777  5.39%   9.5 2841s
 953677 225747 2197.27716   50   20 2203.27854 2084.62416  5.39%   9.5 2847s
 955159 225790 2163.18252   46   34 2203.27854 2084.76579  5.38%   9.5 2854s
 955552 225809 2181.79120   73    9 2203.27854 2084.80043  5.38%   9.5 2859s
 957019 225891 2096.98992   85   26 2203.27854 2084.89305  5.37%   9.5 2864s
 958334 225980 2101.01553   56   44 2203.27854 2085.04973  5.37%   9.5 2869s
 960097 226061 infeasible   59      2203.27854 2085.19811  5.36%   9.5 2875s
 961415 226139 infeasible   50      2203.27854 2085.31346  5.35%   9.5 2880s
 962855 226267 2191.28535   64   12 2203.27854 2085.43907  5.35%   9.5 2885s
 964096 226348     cutoff   55      2203.27854 2085.54458  5.34%   9.6 2890s
 965437 226445 2171.88363   50   23 2203.27854 2085.68231  5.34%   9.6 2895s
 966961 226503 2190.67445   89   28 2203.27854 2085.80281  5.33%   9.6 2901s
 968696 226558     cutoff   68      2203.27854 2085.97468  5.32%   9.6 2906s
 970067 226627 2093.50914   61   30 2203.27854 2086.07429  5.32%   9.6 2912s
 971656 226647 2189.02559   58   25 2203.27854 2086.25479  5.31%   9.6 2917s
 973104 226718 infeasible   49      2203.27854 2086.36593  5.31%   9.6 2922s
 974485 226806 2097.55260   52   23 2203.27854 2086.48912  5.30%   9.6 2928s
 975926 226861     cutoff   69      2203.27854 2086.61917  5.29%   9.6 2932s
 977301 226886 2182.84096   65    6 2203.27854 2086.73613  5.29%   9.6 2937s
 978637 227020 2155.63159   86   18 2203.27854 2086.90153  5.28%   9.6 2942s
 980261 227157     cutoff   64      2203.27854 2087.02554  5.28%   9.6 2947s
 981888 227225 2093.22148   44   17 2203.27854 2087.16016  5.27%   9.6 2951s
 983217 227244 2089.05534   41   24 2203.27854 2087.30333  5.26%   9.6 2956s
 984647 227349 2133.62868   55   26 2203.27854 2087.42781  5.26%   9.6 2961s
H984745 227348                    2203.2770738 2087.42781  5.26%   9.6 2961s
 985957 227357 2191.68173   44    6 2203.27707 2087.54507  5.25%   9.6 2971s
H986050 227356                    2203.2761874 2087.55527  5.25%   9.6 2971s
 986215 227393     cutoff   47      2203.27619 2087.56419  5.25%   9.6 2976s
 987629 227428 2170.13334   80   29 2203.27619 2087.66424  5.25%   9.6 2981s
 989477 227498 2179.42352   71   20 2203.27619 2087.85178  5.24%   9.6 2986s
 990869 227568     cutoff   82      2203.27619 2087.94925  5.23%   9.6 2990s
 992363 227648     cutoff   38      2203.27619 2088.09340  5.23%   9.6 2995s
 993732 227767 2128.79185  110   30 2203.27619 2088.25307  5.22%   9.6 3000s
 995592 227883 2179.33953   71   27 2203.27619 2088.41192  5.21%   9.6 3006s
 997275 227904     cutoff   62      2203.27619 2088.54676  5.21%   9.6 3010s
 998606 227967 2120.68134   57   27 2203.27619 2088.62249  5.20%   9.6 3015s
 999971 228022 2167.17423   69   17 2203.27619 2088.79192  5.20%   9.6 3020s
 1001369 228197 2163.69182   60   31 2203.27619 2088.88576  5.19%   9.6 3026s
 1003281 228239     cutoff   55      2203.27619 2089.03425  5.19%   9.6 3030s
 1004602 228348 infeasible   87      2203.27619 2089.16870  5.18%   9.6 3035s
 1007733 228395     cutoff   47      2203.27619 2089.45651  5.17%   9.6 3044s
 1009137 228459 2094.36844   43   34 2203.27619 2089.57818  5.16%   9.6 3048s
 1010396 228498     cutoff   59      2203.27619 2089.68069  5.16%   9.6 3053s
 1012148 228535 2159.65925   53   36 2203.27619 2089.85473  5.15%   9.6 3060s
 1013612 228554 2178.36401   91   23 2203.27619 2089.99253  5.14%   9.6 3065s
 1014969 228589 2194.75411   47    9 2203.27619 2090.09342  5.14%   9.6 3071s
 1016270 228605 2169.94039   43   36 2203.27619 2090.22016  5.13%   9.6 3076s
 1017828 228638     cutoff   62      2203.27619 2090.35840  5.12%   9.6 3081s
 1019217 228712 2107.01333   54   23 2203.27619 2090.48064  5.12%   9.6 3086s
 1020473 228825 2122.47974   65   15 2203.27619 2090.56930  5.12%   9.6 3091s
 1022284 228833 2180.58038   58   16 2203.27619 2090.73670  5.11%   9.6 3097s
 1023725 228858 2131.88765   70   24 2203.27619 2090.85167  5.10%   9.6 3101s
 1025400 228905     cutoff   58      2203.27619 2091.01338  5.10%   9.6 3106s
 1026710 228915     cutoff   59      2203.27619 2091.12885  5.09%   9.6 3111s
 1028426 228934 2165.32002   53   22 2203.27619 2091.30093  5.08%   9.6 3115s
 1029718 228941 2113.40221   74   18 2203.27619 2091.39895  5.08%   9.6 3120s
 1032908 229024     cutoff   44      2203.27619 2091.69579  5.06%   9.6 3128s
 1034266 229114 2181.71183   98   30 2203.27619 2091.80434  5.06%   9.6 3133s
 1036027 229147 2121.24936   55   10 2203.27619 2091.94639  5.05%   9.6 3137s
 1037393 229155 2165.05719   53   13 2203.27619 2092.04341  5.05%   9.6 3141s
 1038747 229182 2141.55437   54   17 2203.27619 2092.17047  5.04%   9.6 3145s
 1040057 229254 2147.44003   73   30 2203.27619 2092.30031  5.04%   9.6 3150s
 1041383 229260     cutoff   79      2203.27619 2092.42261  5.03%   9.6 3155s
 1043185 229260 2192.89919   72   11 2203.27619 2092.58297  5.02%   9.6 3160s
 1046026 229357 2183.35432   62   29 2203.27619 2092.80766  5.01%   9.6 3169s
 1047463 229387 2187.22262   47    9 2203.27619 2092.91128  5.01%   9.6 3175s
 1049155 229420 2186.41063   62   10 2203.27619 2093.04638  5.00%   9.6 3180s
 1050521 229382 2139.27703   55   25 2203.27619 2093.14646  5.00%   9.6 3186s
 1051919 229398 2152.77658   70   26 2203.27619 2093.30059  4.99%   9.6 3192s
 1053707 229394 2191.59881   69   37 2203.27619 2093.47052  4.98%   9.6 3198s
 1055055 229407 2199.39479   50   39 2203.27619 2093.57386  4.98%   9.6 3203s
 1056342 229400 2192.77755   58   22 2203.27619 2093.70310  4.97%   9.6 3209s
 1057761 229434 2164.04113   51   16 2203.27619 2093.83309  4.97%   9.6 3215s
 1059117 229469 2167.97482   57   28 2203.27619 2093.94080  4.96%   9.6 3221s
 1060658 229491 2202.24216   53   18 2203.27619 2094.07008  4.96%   9.6 3227s
 1062485 229540     cutoff  107      2203.27619 2094.19971  4.95%   9.6 3233s
 1063892 229628 2159.76016   53   40 2203.27619 2094.32753  4.94%   9.6 3239s
 1065703 229640 2158.50886   65   25 2203.27619 2094.46984  4.94%   9.7 3244s
 1065834 229640 infeasible   72      2203.27619 2094.47908  4.94%   9.7 3245s
 1067023 229678     cutoff   89      2203.27619 2094.58873  4.93%   9.7 3250s
 1068835 229673     cutoff   61      2203.27619 2094.74519  4.93%   9.7 3255s
 1070144 229663 2197.41698   51   22 2203.27619 2094.87043  4.92%   9.7 3260s
 1073306 229654 2166.79566   59   15 2203.27619 2095.13563  4.91%   9.7 3269s
 1074782 229651     cutoff   61      2203.27619 2095.27048  4.90%   9.7 3276s
 1075002 229629 infeasible   52      2203.27619 2095.28053  4.90%   9.7 3281s
 1076356 229647     cutoff   69      2203.27619 2095.38356  4.90%   9.7 3287s
 1077877 229694     cutoff   70      2203.27619 2095.54920  4.89%   9.7 3292s
 1079414 229743     cutoff   67      2203.27619 2095.68931  4.88%   9.7 3297s
 1080796 229741 2166.55533   64   14 2203.27619 2095.81729  4.88%   9.7 3301s
 1082366 229721 2157.63087   76   16 2203.27619 2095.96375  4.87%   9.7 3308s
 1083772 229639 2187.11209   56    8 2203.27619 2096.05299  4.87%   9.7 3313s
 1085155 229647     cutoff   67      2203.27619 2096.18916  4.86%   9.7 3318s
 1086553 229719     cutoff   46      2203.27619 2096.33595  4.85%   9.7 3323s
 1088280 229664 2201.38139   65   14 2203.27619 2096.46628  4.85%   9.7 3328s
 1089719 229683     cutoff   60      2203.27619 2096.62340  4.84%   9.7 3333s
 1091149 229664 2143.99664   48   12 2203.27619 2096.72957  4.84%   9.7 3338s
H1091979 229667                    2203.2761228 2096.76703  4.83%   9.7 3338s
 1092553 229693 infeasible   68      2203.27612 2096.87454  4.83%   9.7 3344s
 1094067 229714 2188.94703   58   36 2203.27612 2097.00955  4.82%   9.7 3350s
 1095521 229755 2164.43499   64   31 2203.27612 2097.10514  4.82%   9.7 3356s
 1097395 229738     cutoff   64      2203.27612 2097.26464  4.81%   9.7 3361s
 1098779 229744 2176.63844   59   13 2203.27612 2097.38200  4.81%   9.7 3366s
 1100226 229700     cutoff   65      2203.27612 2097.50074  4.80%   9.7 3373s
 1102045 229704 2181.51927   46    9 2203.27612 2097.66145  4.79%   9.7 3379s
 1103406 229700     cutoff   54      2203.27612 2097.75088  4.79%   9.7 3385s
 1105189 229745 2175.50555   59   29 2203.27612 2097.92641  4.78%   9.7 3391s
 1106536 229709     cutoff   53      2203.27612 2098.04129  4.78%   9.7 3397s
 1108017 229638 2103.59562   55   18 2203.27612 2098.15606  4.77%   9.7 3402s
 1109410 229650     cutoff   66      2203.27612 2098.29144  4.76%   9.7 3408s
 1110827 229637 2145.37573   77   48 2203.27612 2098.42983  4.76%   9.7 3415s
 1112675 229561     cutoff   53      2203.27612 2098.58738  4.75%   9.7 3421s
H1113823 229561                    2203.2758067 2098.59812  4.75%   9.7 3421s
 1114042 229495 2170.63148   61   28 2203.27581 2098.70760  4.75%   9.7 3427s
 1115492 229479 2146.44747   46   18 2203.27581 2098.84531  4.74%   9.7 3433s
 1116897 229511     cutoff   56      2203.27581 2098.96239  4.73%   9.7 3439s
 1118780 229526     cutoff   70      2203.27581 2099.11755  4.73%   9.7 3444s
 1120210 229470 infeasible   55      2203.27581 2099.22731  4.72%   9.7 3449s
 1121865 229450 2181.03701   62   17 2203.27581 2099.35992  4.72%   9.7 3453s
 1123329 229463 2164.75144   55   18 2203.27581 2099.46606  4.71%   9.7 3458s
 1124729 229430 2132.48323   52   25 2203.27581 2099.59516  4.71%   9.7 3463s
 1126246 229503 infeasible   43      2203.27581 2099.71190  4.70%   9.7 3468s
 1128087 229486 2196.57853   67    7 2203.27581 2099.85721  4.69%   9.7 3473s
 1129489 229491 2200.64176   69   17 2203.27581 2099.94361  4.69%   9.7 3477s
 1130878 229499 2176.18875   51   16 2203.27581 2100.07766  4.68%   9.7 3482s
 1132364 229501     cutoff   52      2203.27581 2100.18868  4.68%   9.7 3487s
 1133842 229501 2175.32846   53    8 2203.27581 2100.30940  4.67%   9.7 3492s
 1135381 229488     cutoff   62      2203.27581 2100.45378  4.67%   9.7 3498s
 1137240 229436 infeasible   59      2203.27581 2100.59621  4.66%   9.7 3502s
 1138761 229408 infeasible   45      2203.27581 2100.71170  4.66%   9.7 3508s
 1140236 229384 2162.93220   68   44 2203.27581 2100.82249  4.65%   9.7 3512s
 1141606 229322     cutoff   58      2203.27581 2100.96265  4.64%   9.7 3517s
 1143175 229299     cutoff   84      2203.27581 2101.08928  4.64%   9.7 3522s
 1144502 229190 2163.67151   64   27 2203.27581 2101.20769  4.63%   9.7 3527s
 1145919 229158     cutoff   59      2203.27581 2101.32066  4.63%   9.7 3532s
 1147435 229168     cutoff   57      2203.27581 2101.45816  4.62%   9.7 3537s
 1148858 229168     cutoff   48      2203.27581 2101.59366  4.62%   9.7 3542s
 1150602 229174 infeasible   62      2203.27581 2101.73351  4.61%   9.7 3548s
 1150968 229089 infeasible   53      2203.27581 2101.74319  4.61%   9.7 3554s
 1152577 229058 infeasible   51      2203.27581 2101.91594  4.60%   9.7 3563s
 1153064 228919 2186.15081   79   13 2203.27581 2101.94177  4.60%   9.7 3569s
 1154811 228911 2168.62754   60   22 2203.27581 2102.08936  4.59%   9.7 3575s
 1156456 228811 2175.11176   48   17 2203.27581 2102.21409  4.59%   9.7 3580s
 1157937 228675     cutoff   52      2203.27581 2102.34062  4.58%   9.7 3586s
 1159597 228587 2162.95950   70   16 2203.27581 2102.52163  4.57%   9.7 3591s
 1161271 228560     cutoff   49      2203.27581 2102.62479  4.57%   9.7 3597s
 1162797 228517 2166.86973   92   19 2203.27581 2102.77211  4.56%   9.7 3602s
 1164381 228442 2129.23435   64   40 2203.27581 2102.90685  4.56%   9.7 3608s
 1165954 228358 2142.32354   81   48 2203.27581 2103.02920  4.55%   9.7 3613s
 1167532 228289 infeasible   97      2203.27581 2103.17807  4.54%   9.7 3618s
 1169198 228281 2145.96861   88   31 2203.27581 2103.28197  4.54%   9.7 3623s
 1170719 228260     cutoff   72      2203.27581 2103.44423  4.53%   9.7 3629s
 1172290 228183     cutoff   85      2203.27581 2103.57691  4.53%   9.7 3633s
 1173823 228169 infeasible   70      2203.27581 2103.69034  4.52%   9.7 3638s
 1175336 228053 2179.73869   70   30 2203.27581 2103.82106  4.51%   9.8 3644s
 1176857 227965 2167.09502   49   31 2203.27581 2103.98119  4.51%   9.8 3649s
 1178528 227908 2152.39016   83   23 2203.27581 2104.13857  4.50%   9.8 3654s
 1180157 227819 2182.56696   65   44 2203.27581 2104.27867  4.49%   9.8 3659s
 1181756 227771 2128.44341   54   29 2203.27581 2104.37851  4.49%   9.8 3664s
 1183246 227689 2156.59959   46   21 2203.27581 2104.53102  4.48%   9.8 3670s
 1184809 227600     cutoff   48      2203.27581 2104.67622  4.48%   9.8 3675s
 1186509 227557     cutoff   61      2203.27581 2104.81224  4.47%   9.8 3680s
 1188012 227571     cutoff   51      2203.27581 2104.93944  4.46%   9.8 3685s
 1189548 227496     cutoff   75      2203.27581 2105.07861  4.46%   9.8 3690s
 1191113 227457 2122.79686   49   14 2203.27581 2105.19462  4.45%   9.8 3695s
 1192654 227361 infeasible   77      2203.27581 2105.32099  4.45%   9.8 3700s
 1194312 227296 2191.40557   69   20 2203.27581 2105.47881  4.44%   9.8 3706s
 1195813 227253 2188.51332   51   12 2203.27581 2105.56864  4.43%   9.8 3712s
 1197333 227135     cutoff   56      2203.27581 2105.69458  4.43%   9.8 3719s
 1198845 227043 2180.68552   63   16 2203.27581 2105.85989  4.42%   9.8 3727s
 1200528 226983 2138.17687   54   15 2203.27581 2105.96065  4.42%   9.8 3733s
 1202031 226906 2194.71033   71   25 2203.27581 2106.09369  4.41%   9.8 3740s
 1203573 226821 2172.06557   54   16 2203.27581 2106.24833  4.40%   9.8 3746s
 1205125 226825     cutoff   83      2203.27581 2106.35890  4.40%   9.8 3756s
 1205534 226735 2166.94819   60   34 2203.27581 2106.38821  4.40%   9.8 3761s
 1207147 226694 2157.06550   69   40 2203.27581 2106.52849  4.39%   9.8 3766s
 1208865 226558     cutoff   80      2203.27581 2106.66348  4.38%   9.8 3772s
 1210463 226497 2168.84263   67   15 2203.27581 2106.80008  4.38%   9.8 3777s
 1212155 226409 2175.59332   44   18 2203.27581 2106.95436  4.37%   9.8 3782s
 1213729 226334     cutoff   59      2203.27581 2107.09058  4.37%   9.8 3787s
 1215413 226214 infeasible   71      2203.27581 2107.18322  4.36%   9.8 3792s
 1216876 226076 infeasible   56      2203.27581 2107.30733  4.36%   9.8 3797s
 1218443 225967 2156.49236   72   36 2203.27581 2107.42950  4.35%   9.8 3802s
 1220067 225805     cutoff   40      2203.27581 2107.58798  4.34%   9.8 3808s
 1221780 225694 2131.42476   51   31 2203.27581 2107.73545  4.34%   9.8 3814s
 1223378 225576     cutoff   91      2203.27581 2107.85939  4.33%   9.8 3819s
 1225010 225400 infeasible   65      2203.27581 2107.99321  4.32%   9.8 3826s
 1226645 225307     cutoff   57      2203.27581 2108.13521  4.32%   9.8 3831s
 1228170 225182 infeasible   77      2203.27581 2108.25785  4.31%   9.8 3837s
 1229741 225090 2192.84306   62    9 2203.27581 2108.39231  4.31%   9.8 3843s
 1231262 224963 2178.00253   43   17 2203.27581 2108.55483  4.30%   9.8 3850s
 1233209 224828     cutoff   60      2203.27581 2108.71741  4.29%   9.8 3856s
 1234723 224820     cutoff   84      2203.27581 2108.82252  4.29%   9.8 3862s
 1236192 224732 2192.91460   63   11 2203.27581 2108.97514  4.28%   9.8 3868s
 1237688 224614 infeasible   63      2203.27581 2109.07393  4.28%   9.8 3874s
 1239361 224402 2168.38883   57   33 2203.27581 2109.22066  4.27%   9.8 3880s
 1241001 224264     cutoff   70      2203.27581 2109.34419  4.26%   9.8 3886s
 1242542 224119 2126.21650   59   22 2203.27581 2109.48131  4.26%   9.8 3892s
 1244147 223974     cutoff   72      2203.27581 2109.62863  4.25%   9.8 3899s
 1245751 223803     cutoff   97      2203.27581 2109.77874  4.24%   9.8 3905s
 1247422 223659 infeasible   53      2203.27581 2109.90355  4.24%   9.8 3911s
 1249033 223559 2167.28549   59   14 2203.27581 2110.05706  4.23%   9.8 3916s
 1250549 223461     cutoff   67      2203.27581 2110.15519  4.23%   9.8 3922s
 1252054 223288 2160.03971   73   18 2203.27581 2110.29132  4.22%   9.8 3928s
 1253696 223145     cutoff   58      2203.27581 2110.44413  4.21%   9.8 3933s
 1255275 222950 2151.15436   81   25 2203.27581 2110.59944  4.21%   9.8 3940s
 1257019 222789 2179.21200   56   39 2203.27581 2110.70644  4.20%   9.8 3945s
 1258501 222649     cutoff   53      2203.27581 2110.86178  4.19%   9.8 3951s
 1260145 222483 2167.92780   56   22 2203.27581 2111.02059  4.19%   9.8 3958s
 1261643 222397 2198.50024   47   20 2203.27581 2111.14394  4.18%   9.8 3965s
 1263277 222187 2142.53738   56   33 2203.27581 2111.30195  4.17%   9.8 3974s
 1265222 222032 2129.12781  104   16 2203.27581 2111.48269  4.17%   9.8 3982s
 1266712 221924     cutoff   88      2203.27581 2111.62346  4.16%   9.8 3989s
 1268247 221728     cutoff   44      2203.27581 2111.77023  4.15%   9.8 3996s
 1269891 221595     cutoff   61      2203.27581 2111.90793  4.15%   9.8 4003s
 1271490 221462 2190.66161   64    9 2203.27581 2112.03084  4.14%   9.8 4009s
 1273194 221356 2158.37630   63   24 2203.27581 2112.16413  4.14%   9.8 4015s
 1274647 221217 2150.64758   76   41 2203.27581 2112.28479  4.13%   9.8 4021s
 1276158 221057 2135.90825   62   26 2203.27581 2112.41993  4.12%   9.9 4028s
 1277756 220905     cutoff   66      2203.27581 2112.55749  4.12%   9.9 4035s
 1279428 220731 2185.89376   65   14 2203.27581 2112.71325  4.11%   9.9 4040s
 1281059 220701     cutoff   47      2203.27581 2112.83119  4.11%   9.9 4048s
 1281519 220540 2185.40488   57   22 2203.27581 2112.84743  4.10%   9.9 4054s
 1283234 220325 2114.75500   79   15 2203.27581 2113.02231  4.10%   9.9 4061s
 1285022 220205 2197.36592   47   28 2203.27581 2113.15899  4.09%   9.9 4068s
 1286583 220066 2196.90271   73   31 2203.27581 2113.30948  4.08%   9.9 4075s
 1288127 219897     cutoff   57      2203.27581 2113.44309  4.08%   9.9 4081s
 1289814 219752     cutoff   60      2203.27581 2113.60235  4.07%   9.9 4088s
 1291526 219528 infeasible   67      2203.27581 2113.71626  4.06%   9.9 4094s
 1293113 219322     cutoff   56      2203.27581 2113.86167  4.06%   9.9 4101s
 1294683 219217 2185.87968   48   28 2203.27581 2114.03035  4.05%   9.9 4107s
 1296413 219053 2202.60566   60   11 2203.27581 2114.16180  4.04%   9.9 4112s
 1298032 218878 2142.20293   50   23 2203.27581 2114.30094  4.04%   9.9 4118s
 1299628 218697     cutoff   59      2203.27581 2114.43558  4.03%   9.9 4125s
H1300584 218697                    2203.2753020 2114.45061  4.03%   9.9 4125s
 1301223 218502     cutoff   62      2203.27530 2114.55804  4.03%   9.9 4130s
 1302833 218253     cutoff   68      2203.27530 2114.70352  4.02%   9.9 4136s
 1304465 218092     cutoff   65      2203.27530 2114.84465  4.01%   9.9 4142s
 1306058 217910 infeasible   57      2203.27530 2115.01532  4.01%   9.9 4147s
 1307698 217662 2140.13045   50    6 2203.27530 2115.12945  4.00%   9.9 4153s
 1309367 217492 2162.57433   52    9 2203.27530 2115.27979  3.99%   9.9 4158s
 1310948 217277     cutoff   53      2203.27530 2115.43210  3.99%   9.9 4164s
 1312639 217137     cutoff   75      2203.27530 2115.59078  3.98%   9.9 4169s
 1314315 216970 2172.06024   60   25 2203.27530 2115.70624  3.97%   9.9 4175s
 1315951 216683     cutoff   51      2203.27530 2115.87079  3.97%   9.9 4181s
 1317808 216454 2194.07640   41    6 2203.27530 2116.01875  3.96%   9.9 4186s
 1319537 216206     cutoff   50      2203.27530 2116.12396  3.96%   9.9 4191s
 1321102 215997 infeasible   58      2203.27530 2116.28377  3.95%   9.9 4196s
 1322815 215744 2189.40189   47   12 2203.27530 2116.46110  3.94%   9.9 4202s
 1324555 215529 2192.82662   65   32 2203.27530 2116.58654  3.93%   9.9 4207s
 1326217 215351     cutoff   50      2203.27530 2116.75195  3.93%   9.9 4212s
 1327805 215149 2178.40359   48   21 2203.27530 2116.88287  3.92%   9.9 4218s
 1329526 214938 2163.38786   63   14 2203.27530 2117.02341  3.91%   9.9 4223s
 1331228 214750 2197.85290   43   21 2203.27530 2117.18134  3.91%   9.9 4228s
 1332805 214586 2152.51359   62   19 2203.27530 2117.33259  3.90%   9.9 4233s
 1334358 214406 2179.32687   61   31 2203.27530 2117.47774  3.89%   9.9 4239s
 1335942 214191 2189.38264   50   21 2203.27530 2117.61062  3.89%   9.9 4244s
 1337564 214030 infeasible   52      2203.27530 2117.76049  3.88%   9.9 4250s
 1339259 213832     cutoff   54      2203.27530 2117.87687  3.88%   9.9 4255s
 1340893 213689 2141.50006   77   47 2203.27530 2118.05083  3.87%   9.9 4261s
 1342588 213482     cutoff   48      2203.27530 2118.13105  3.86%   9.9 4266s
 1344184 213266 2183.21785   50    8 2203.27530 2118.31474  3.86%   9.9 4271s
 1345914 213029     cutoff   70      2203.27530 2118.46548  3.85%   9.9 4277s
 1347582 212846     cutoff   60      2203.27530 2118.57375  3.84%   9.9 4283s
 1349235 212581 infeasible   50      2203.27530 2118.72899  3.84%   9.9 4289s
 1350931 212487     cutoff   72      2203.27530 2118.90847  3.83%   9.9 4297s
 1351671 212230 2176.78266   73   19 2203.27530 2118.94960  3.83%   9.9 4303s
 1353463 211923     cutoff   62      2203.27530 2119.09188  3.82%   9.9 4309s
 1355253 211607     cutoff   92      2203.27530 2119.24644  3.81%   9.9 4314s
 1357018 211384 2168.65041   96   21 2203.27530 2119.43321  3.81%   9.9 4320s
 1358825 211137     cutoff   86      2203.27530 2119.54388  3.80%   9.9 4325s
 1360508 210915 2145.84306   52   19 2203.27530 2119.70659  3.79%   9.9 4331s
 1362145 210651 2161.37757   57   14 2203.27530 2119.85859  3.79%   9.9 4337s
 1363928 210347     cutoff   52      2203.27530 2120.03556  3.78%   9.9 4343s
 1365673 210127 2156.05472   70   22 2203.27530 2120.19574  3.77%   9.9 4348s
 1367425 209834 2167.72738   59   19 2203.27530 2120.32993  3.76%   9.9 4354s
 1369082 209599 2160.26120   46   16 2203.27530 2120.48415  3.76%   9.9 4359s
 1370740 209306 2202.84504   58   17 2203.27530 2120.62585  3.75%   9.9 4365s
 1372442 209059 2157.58936   63   18 2203.27530 2120.78002  3.74%   9.9 4371s
 1374148 208787 2136.76996   67   35 2203.27530 2120.94930  3.74%   9.9 4376s
 1375821 208569 2186.88782   54   21 2203.27530 2121.07570  3.73%  10.0 4382s
 1377454 208291 2184.56129   59    8 2203.27530 2121.23316  3.72%  10.0 4388s
 1379287 208033 2198.13025   93   12 2203.27530 2121.38010  3.72%  10.0 4394s
 1381120 207935 infeasible   60      2203.27530 2121.53022  3.71%  10.0 4401s
 1381870 207676 2130.95910   48   31 2203.27530 2121.57509  3.71%  10.0 4407s
 1383697 207464 infeasible   55      2203.27530 2121.72022  3.70%  10.0 4413s
 1385411 207196 infeasible   56      2203.27530 2121.89973  3.69%  10.0 4419s
 1387206 206971 2180.13080   65   35 2203.27530 2122.02151  3.69%  10.0 4425s
 1388898 206704 infeasible   71      2203.27530 2122.15351  3.68%  10.0 4430s
 1390633 206471 2164.87507   51    9 2203.27530 2122.28761  3.68%  10.0 4436s
 1392350 206162     cutoff   42      2203.27530 2122.45730  3.67%  10.0 4442s
 1394166 205919     cutoff  109      2203.27530 2122.60963  3.66%  10.0 4447s
 1395916 205595     cutoff   62      2203.27530 2122.73824  3.66%  10.0 4452s
 1397620 205349     cutoff   52      2203.27530 2122.90809  3.65%  10.0 4459s
 1399228 205114 2171.12661   65   25 2203.27530 2123.02333  3.64%  10.0 4464s
 1400839 204843     cutoff   51      2203.27530 2123.17488  3.64%  10.0 4469s
 1402387 204551 2189.87746   42   10 2203.27530 2123.36379  3.63%  10.0 4474s
 1404101 204253     cutoff   69      2203.27530 2123.51844  3.62%  10.0 4480s
 1405707 203985     cutoff   73      2203.27530 2123.70622  3.61%  10.0 4486s
 1407486 203908     cutoff   85      2203.27530 2123.85661  3.60%  10.0 4496s
 1407875 203595 infeasible   44      2203.27530 2123.86795  3.60%  10.0 4502s
 1409733 203254 2171.98510   54   21 2203.27530 2124.03867  3.60%  10.0 4509s
 1411540 202938 2181.12442   55   18 2203.27530 2124.18984  3.59%  10.0 4515s
 1413392 202633     cutoff   58      2203.27530 2124.35155  3.58%  10.0 4521s
 1415190 202249 infeasible   65      2203.27530 2124.51773  3.57%  10.0 4527s
 1416994 201994     cutoff   47      2203.27530 2124.68125  3.57%  10.0 4533s
 1418799 201722 infeasible   54      2203.27530 2124.78965  3.56%  10.0 4539s
 1420419 201436 infeasible   69      2203.27530 2124.95290  3.55%  10.0 4546s
 1422089 201155     cutoff   66      2203.27530 2125.09734  3.55%  10.0 4553s
 1423821 200826     cutoff   57      2203.27530 2125.26128  3.54%  10.0 4561s
 1425704 200531     cutoff   57      2203.27530 2125.40923  3.53%  10.0 4569s
 1427500 200190     cutoff   46      2203.27530 2125.55076  3.53%  10.0 4576s
 1429242 199870 2156.92270   53   14 2203.27530 2125.71839  3.52%  10.0 4583s
 1431023 199584 infeasible   55      2203.27530 2125.86813  3.51%  10.0 4591s
 1432723 199264 2189.10181   46   17 2203.27530 2126.01179  3.51%  10.0 4598s
 1434438 198900     cutoff   59      2203.27530 2126.20433  3.50%  10.0 4606s
 1436208 198514 2178.02590   66    8 2203.27530 2126.36161  3.49%  10.0 4613s
 1438021 198162 2197.14708   60   12 2203.27530 2126.52650  3.48%  10.0 4620s
 1439737 197807 2142.23724   82   26 2203.27530 2126.69661  3.48%  10.0 4627s
 1441537 197482 infeasible   56      2203.27530 2126.84155  3.47%  10.0 4634s
 1443183 197211 2131.35909   47   21 2203.27530 2126.99759  3.46%  10.0 4641s
 1444941 196871 2166.62555   79   26 2203.27530 2127.15908  3.45%  10.0 4647s
 1446633 196551     cutoff   88      2203.27530 2127.31169  3.45%  10.0 4653s
 1448358 196090     cutoff   59      2203.27530 2127.47205  3.44%  10.0 4660s
 1450222 195690     cutoff   48      2203.27530 2127.61235  3.43%  10.0 4666s
 1451931 195346     cutoff   66      2203.27530 2127.74287  3.43%  10.0 4672s
 1453448 194904     cutoff   55      2203.27530 2127.91903  3.42%  10.0 4677s
 1455201 194584 2184.07074   80   44 2203.27530 2128.10034  3.41%  10.0 4683s
 1456798 194288 2171.86256   49   16 2203.27530 2128.23217  3.41%  10.0 4688s
 1458550 193917     cutoff   71      2203.27530 2128.41738  3.40%  10.0 4694s
 1460433 193544 2154.26806   66   12 2203.27530 2128.55434  3.39%  10.0 4700s
 1462167 193209 2183.34268   64   15 2203.27530 2128.71602  3.38%  10.0 4706s
 1463808 192837     cutoff   52      2203.27530 2128.86857  3.38%  10.0 4712s
 1465586 192454 2197.55550   82   45 2203.27530 2129.02836  3.37%  10.0 4718s
 1467318 191989 2195.48051   51   20 2203.27530 2129.15954  3.36%  10.0 4724s
 1469144 191674     cutoff   68      2203.27530 2129.34745  3.36%  10.0 4730s
 1470832 191282 2177.21246   57    9 2203.27530 2129.49545  3.35%  10.0 4736s
 1472683 190923     cutoff   55      2203.27530 2129.62411  3.34%  10.0 4741s
 1474402 190526 2172.61502   56   22 2203.27530 2129.81521  3.33%  10.1 4747s
 1476218 190197     cutoff   76      2203.27530 2129.93520  3.33%  10.1 4753s
 1477832 189795 2179.17584   44   16 2203.27530 2130.09990  3.32%  10.1 4759s
 1479628 189306 2174.20230   57   14 2203.27530 2130.29813  3.31%  10.1 4767s
 1481582 188897     cutoff   59      2203.27530 2130.44807  3.31%  10.1 4775s
 1483397 188481 2138.72218   46   12 2203.27530 2130.61743  3.30%  10.1 4783s
 1485121 188067     cutoff   53      2203.27530 2130.76994  3.29%  10.1 4790s
 1486845 187700     cutoff   50      2203.27530 2130.94789  3.28%  10.1 4797s
 1488614 187239     cutoff   52      2203.27530 2131.10390  3.28%  10.1 4805s
 1490371 186806     cutoff   68      2203.27530 2131.29754  3.27%  10.1 4812s
 1492140 186401     cutoff   69      2203.27530 2131.44633  3.26%  10.1 4819s
 1493856 186245 2189.19084   84   11 2203.27530 2131.59337  3.25%  10.1 4829s
 1494502 185901     cutoff   47      2203.27530 2131.63010  3.25%  10.1 4835s
 1496141 185484 2168.50498   65   49 2203.27530 2131.78015  3.24%  10.1 4841s
 1497921 184967     cutoff   72      2203.27530 2131.96553  3.24%  10.1 4847s
 1499712 184507 2151.51313   58   19 2203.27530 2132.16047  3.23%  10.1 4854s
 1501617 184040 2139.52142   56    9 2203.27530 2132.30862  3.22%  10.1 4860s
 1503421 183567     cutoff   47      2203.27530 2132.46669  3.21%  10.1 4866s
 1505219 183151     cutoff   52      2203.27530 2132.65556  3.21%  10.1 4872s
 1506929 182745 2155.52074   47   10 2203.27530 2132.84244  3.20%  10.1 4878s
 1508789 182210     cutoff   45      2203.27530 2132.99402  3.19%  10.1 4884s
 1510607 181698 2161.65045   48   37 2203.27530 2133.20992  3.18%  10.1 4890s
 1512503 181218 infeasible   85      2203.27530 2133.38328  3.17%  10.1 4897s
 1514338 180740 2184.05829   60   12 2203.27530 2133.54272  3.16%  10.1 4903s
 1516047 180258     cutoff   61      2203.27530 2133.70593  3.16%  10.1 4909s
 1517842 179814     cutoff   67      2203.27530 2133.88070  3.15%  10.1 4916s
 1519589 179335 2185.66639   51   19 2203.27530 2134.02988  3.14%  10.1 4922s
 1521237 178873     cutoff   53      2203.27530 2134.21024  3.13%  10.1 4928s
 1523002 178400 2178.17010   53   19 2203.27530 2134.39806  3.13%  10.1 4935s
 1524847 177898 2184.32266   59   21 2203.27530 2134.57958  3.12%  10.1 4941s
 1526731 177410 2150.94072   71   40 2203.27530 2134.74411  3.11%  10.1 4947s
 1528458 176914     cutoff   65      2203.27530 2134.91805  3.10%  10.1 4953s
 1530327 176394     cutoff   59      2203.27530 2135.09027  3.09%  10.1 4959s
 1532086 175886 2158.52916   63   18 2203.27530 2135.26115  3.09%  10.1 4965s
 1533828 175395 2202.33598   44   11 2203.27530 2135.43004  3.08%  10.1 4971s
 1535641 174945 2162.00913   45   18 2203.27530 2135.61981  3.07%  10.1 4977s
 1537447 174400     cutoff   62      2203.27530 2135.77221  3.06%  10.1 4983s
 1539247 173903 2184.08519   62   18 2203.27530 2135.94569  3.06%  10.1 4989s
 1540993 173337 2163.26435   72   24 2203.27530 2136.12152  3.05%  10.1 4996s
 1542827 172744 infeasible   63      2203.27530 2136.30744  3.04%  10.1 5003s
 1544564 172151 2164.26261   42   15 2203.27530 2136.52068  3.03%  10.1 5010s
 1546379 171654 2159.84404   57   18 2203.27530 2136.70244  3.02%  10.1 5017s
 1548107 171055 2168.25263   69   10 2203.27530 2136.88821  3.01%  10.1 5024s
 1549957 170540 infeasible   44      2203.27530 2137.08778  3.00%  10.1 5031s
 1551824 170056     cutoff   53      2203.27530 2137.23786  3.00%  10.1 5037s
 1553482 169504 2150.02012   49   15 2203.27530 2137.41311  2.99%  10.1 5044s
 1555313 169363 2177.55184   60   15 2203.27530 2137.58615  2.98%  10.1 5054s
 1555802 169134 infeasible   61      2203.27530 2137.61630  2.98%  10.1 5061s
 1556465 168515 2179.21665   71    6 2203.27530 2137.71277  2.98%  10.1 5068s
 1558422 167877 2160.21838   74   38 2203.27530 2137.92302  2.97%  10.2 5075s
 1560491 167330 2179.38916   76   30 2203.27530 2138.11579  2.96%  10.2 5082s
 1562353 166736     cutoff   65      2203.27530 2138.33123  2.95%  10.2 5089s
 1564192 166185 2155.61391   73   19 2203.27530 2138.48220  2.94%  10.2 5095s
 1565914 165539 2188.38547   55   18 2203.27530 2138.70548  2.93%  10.2 5102s
 1567820 164935 2158.79350   60   22 2203.27530 2138.91959  2.92%  10.2 5108s
 1569707 164421     cutoff   50      2203.27530 2139.11933  2.91%  10.2 5115s
 1571550 163778     cutoff   74      2203.27530 2139.28872  2.90%  10.2 5123s
 1573352 163110     cutoff   55      2203.27530 2139.49620  2.89%  10.2 5131s
 1575318 162526 2163.60991   59    9 2203.27530 2139.70341  2.89%  10.2 5140s
 1577214 161997 2156.10082   65   41 2203.27530 2139.91080  2.88%  10.2 5148s
 1578946 161376 infeasible   54      2203.27530 2140.08350  2.87%  10.2 5156s
 1580760 160666     cutoff   61      2203.27530 2140.31428  2.86%  10.2 5164s
 1582709 160067     cutoff   60      2203.27530 2140.51420  2.85%  10.2 5172s
 1584573 159502     cutoff   55      2203.27530 2140.66697  2.84%  10.2 5180s
 1586285 158931 infeasible   62      2203.27530 2140.85860  2.83%  10.2 5187s
 1588124 158397 2185.47888   52   20 2203.27530 2141.02707  2.83%  10.2 5194s
 1589818 157851 2149.05073   42   20 2203.27530 2141.21686  2.82%  10.2 5201s
 1591581 157339     cutoff   74      2203.27530 2141.37167  2.81%  10.2 5207s
 1593240 156697     cutoff   66      2203.27530 2141.58684  2.80%  10.2 5214s
 1595104 155974     cutoff   42      2203.27530 2141.79577  2.79%  10.2 5221s
 1597084 155391 infeasible   78      2203.27530 2141.99793  2.78%  10.2 5229s
 1598906 154847     cutoff   68      2203.27530 2142.19095  2.77%  10.2 5235s
 1600612 154241 infeasible   64      2203.27530 2142.35992  2.76%  10.2 5243s
 1602419 153618 2175.53153   57   22 2203.27530 2142.53298  2.76%  10.2 5250s
 1604162 152999     cutoff   83      2203.27530 2142.73774  2.75%  10.2 5257s
 1605879 152385     cutoff   55      2203.27530 2142.96832  2.74%  10.2 5265s
 1607750 151821 infeasible   41      2203.27530 2143.12952  2.73%  10.2 5272s
 1609497 151147     cutoff   37      2203.27530 2143.32874  2.72%  10.2 5279s
 1611323 150481     cutoff   57      2203.27530 2143.54262  2.71%  10.2 5286s
 1613148 149823     cutoff   71      2203.27530 2143.76156  2.70%  10.2 5293s
 1615007 149179 infeasible   64      2203.27530 2143.94089  2.69%  10.2 5300s
 1616777 148458 2201.58427   65   11 2203.27530 2144.15191  2.68%  10.2 5307s
 1618646 147761 2168.50725   54   20 2203.27530 2144.36488  2.67%  10.2 5313s
 1620521 147080 2198.07543   50   21 2203.27530 2144.55979  2.66%  10.2 5319s
 1622351 146352 2154.73800   56   28 2203.27530 2144.79037  2.65%  10.2 5326s
 1624367 145672     cutoff   54      2203.27530 2144.98084  2.65%  10.2 5333s
 1626172 145414     cutoff   68      2203.27530 2145.17806  2.64%  10.2 5341s
 1626821 144706     cutoff   55      2203.27530 2145.21191  2.64%  10.2 5348s
 1628569 143991     cutoff   58      2203.27530 2145.44688  2.62%  10.2 5354s
 1630338 143251     cutoff   59      2203.27530 2145.67123  2.61%  10.2 5361s
 1632208 142491 2164.12315   64   16 2203.27530 2145.91561  2.60%  10.2 5368s
 1634140 141772 infeasible   67      2203.27530 2146.13112  2.59%  10.2 5375s
 1636078 141104 2157.79983   47   16 2203.27530 2146.35702  2.58%  10.3 5382s
 1637945 140415     cutoff   55      2203.27530 2146.51146  2.58%  10.3 5388s
 1639691 139747     cutoff   62      2203.27530 2146.73764  2.57%  10.3 5394s
 1641499 139023     cutoff   51      2203.27530 2146.95052  2.56%  10.3 5401s
 1643386 138295     cutoff   59      2203.27530 2147.16278  2.55%  10.3 5407s
 1645196 137597 2192.50715   71   14 2203.27530 2147.36442  2.54%  10.3 5413s
 1646986 136809     cutoff   71      2203.27530 2147.57444  2.53%  10.3 5420s
 1648842 135976     cutoff   54      2203.27530 2147.79663  2.52%  10.3 5429s
 1650725 135256 2192.22322   59   15 2203.27530 2148.03161  2.51%  10.3 5437s
 1652503 134521     cutoff   56      2203.27530 2148.25607  2.50%  10.3 5443s
 1654349 133709 2163.74048   55   30 2203.27530 2148.43099  2.49%  10.3 5450s
 1656135 132949 2182.68197   54   20 2203.27530 2148.68835  2.48%  10.3 5455s
 1657995 132166 2181.54993   62   26 2203.27530 2148.92238  2.47%  10.3 5461s
 1659758 131398     cutoff   48      2203.27530 2149.12674  2.46%  10.3 5468s
