NPROCS=0
This instance is clustered!
Gurobi Optimizer version 9.0.0 build v9.0.0rc2 (linux64)
Optimize a model with 18 rows, 82 columns and 162 nonzeros
Model fingerprint: 0x203f2737
Variable types: 1 continuous, 81 integer (81 binary)
Coefficient statistics:
  Matrix range     [1e+00, 1e+00]
  Objective range  [1e+00, 4e+01]
  Bounds range     [1e+00, 1e+00]
  RHS range        [1e+00, 1e+00]
 done with super cut 0
Presolve removed 2 rows and 24 columns
Presolve time: 0.00s
Presolved: 16 rows, 58 columns, 114 nonzeros
Variable types: 1 continuous, 57 integer (57 binary)

Root relaxation: objective 6.704949e+01, 14 iterations, 0.00 seconds
 done with super cut 1

    Nodes    |    Current Node    |     Objective Bounds      |     Work
 Expl Unexpl |  Obj  Depth IntInf | Incumbent    BestBd   Gap | It/Node Time

     0     0   73.71922    0   14          -   73.71922      -     -    0s
 done with super cut 2
H    0     0                     101.9258907   73.71922  27.7%     -    0s
 done with super cut 3
     0     0   74.77882    0    6  101.92589   74.77882  26.6%     -    0s
     0     0   76.49927    0   18  101.92589   76.49927  24.9%     -    0s
     0     0   76.49927    0   18  101.92589   76.49927  24.9%     -    0s
 done with super cut 4
 done with super cut 5
 done with super cut 6
 done with super cut 7
 done with super cut 8
 done with super cut 9
     0     2   77.76238    0   19  101.92589   77.76238  23.7%     -    0s
 done with super cut 10

Cutting planes:
  Gomory: 2
  Lazy constraints: 76

Explored 409 nodes (1474 simplex iterations) in 0.54 seconds
Thread count was 12 (of 12 available processors)

Solution count 1: 101.926 

Optimal solution found (tolerance 1.00e-04)
Best objective 1.019258907316e+02, best bound 1.019258907316e+02, gap 0.0000%

User-callback calls 1005, time in user-callback 0.45 sec
/projects/academic/josewalt/caigao/RRARP_BD/BendersDecomp/ret/model_outs/n_7_h_3_algo_4.out
 =====>>>>> Solution is written to file in <../ret/model_outs> !!!
===>> All Done!
