NPROCS=0
This instance is clustered!
Gurobi Optimizer version 9.0.0 build v9.0.0rc2 (linux64)
Optimize a model with 42 rows, 442 columns and 882 nonzeros
Model fingerprint: 0x2ff55c1e
Variable types: 1 continuous, 441 integer (441 binary)
Coefficient statistics:
  Matrix range     [1e+00, 1e+00]
  Objective range  [1e+00, 4e+02]
  Bounds range     [1e+00, 1e+00]
  RHS range        [1e+00, 1e+00]
Presolve removed 2 rows and 60 columns
Presolve time: 0.00s
Presolved: 40 rows, 382 columns, 762 nonzeros
Variable types: 1 continuous, 381 integer (381 binary)

Root relaxation: objective 9.483861e+02, 35 iterations, 0.00 seconds

    Nodes    |    Current Node    |     Objective Bounds      |     Work
 Expl Unexpl |  Obj  Depth IntInf | Incumbent    BestBd   Gap | It/Node Time

     0     0 1262.22463    0   24          - 1262.22463      -     -    0s
H    0     0                    2162.7102756 1262.22463  41.6%     -    0s
     0     0 1324.93960    0   22 2162.71028 1324.93960  38.7%     -    0s
H    0     0                    2139.2194972 1324.93960  38.1%     -    0s
     0     0 1348.42856    0   12 2139.21950 1348.42856  37.0%     -    0s
H    0     0                    1651.1445568 1348.42856  18.3%     -    0s
H    0     0                    1521.1823996 1348.42856  11.4%     -    0s
     0     0 1348.42856    0   12 1521.18240 1348.42856  11.4%     -    0s
     0     0 1356.36433    0   12 1521.18240 1356.36433  10.8%     -    0s
     0     0 1356.94928    0   14 1521.18240 1356.94928  10.8%     -    0s
     0     0 1357.51917    0   16 1521.18240 1357.51917  10.8%     -    0s
     0     0 1357.51917    0   16 1521.18240 1357.51917  10.8%     -    0s
     0     2 1357.65684    0   16 1521.18240 1357.65684  10.7%     -    0s
*  930   610              41    1519.6842767 1371.28223  9.77%   3.6    0s
  4040  2245 1439.31344   26    8 1519.68428 1391.59158  8.43%   4.1    5s
 13549  5927     cutoff   60      1519.68428 1399.53297  7.91%   4.1   10s
 18963  8937 infeasible   52      1519.68428 1405.71122  7.50%   4.2   15s
 24205 11997     cutoff   62      1519.68428 1411.13686  7.14%   4.2   20s
 27812 13703     cutoff   51      1519.68428 1413.99068  6.95%   4.3   25s
 30974 15287     cutoff   58      1519.68428 1416.00630  6.82%   4.3   31s
 34206 16828 infeasible   41      1519.68428 1418.42172  6.66%   4.3   36s
 36569 17844 1421.28533   19   17 1519.68428 1419.76928  6.57%   4.4   40s
 39797 19076 infeasible   42      1519.68428 1421.63268  6.45%   4.4   48s
 40570 19641     cutoff   50      1519.68428 1421.89191  6.44%   4.4   51s
 42470 20537 1437.59034   25   14 1519.68428 1423.28692  6.34%   4.4   55s
 45068 21709     cutoff   50      1519.68428 1424.37280  6.27%   4.4   61s
 46832 22563     cutoff   48      1519.68428 1425.49817  6.20%   4.4   66s
 48488 23234     cutoff   40      1519.68428 1426.29950  6.15%   4.4   71s
 50142 23777 1486.78095   47    6 1519.68428 1427.00209  6.10%   4.4   75s
 51803 24480 1454.25605   20   14 1519.68428 1428.00692  6.03%   4.4   80s
 53622 25311     cutoff   46      1519.68428 1428.67087  5.99%   4.4   86s
 54583 25461 1501.17104   26   12 1519.68428 1429.07350  5.96%   4.4   91s
 54591 25466 1476.04091   54   47 1519.68428 1429.07350  5.96%   4.4   96s
 54594 25471 1429.07350   20   16 1519.68428 1429.07350  5.96%   4.4  101s
 54632 25507 1429.07350   24   30 1519.68428 1429.07350  5.96%   4.4  105s
 54848 25619 1429.07350   34   11 1519.68428 1429.07350  5.96%   4.5  110s
 55319 25700 1429.07350   31   18 1519.68428 1429.07350  5.96%   4.5  115s
 55859 25829 1429.07350   62   35 1519.68428 1429.07350  5.96%   4.5  120s
 56934 26157     cutoff   55      1519.68428 1429.07350  5.96%   4.4  125s
 58006 26548 1432.40279   35    8 1519.68428 1429.07350  5.96%   4.4  130s
 58477 26637 1470.68824   56   32 1519.68428 1429.07350  5.96%   4.4  135s
 59697 27024 1458.66020   40    6 1519.68428 1429.07350  5.96%   4.5  140s
 60876 27409 1473.55339   36   16 1519.68428 1429.07350  5.96%   4.5  146s
 61789 27615 1492.91384   47    9 1519.68428 1429.07350  5.96%   4.5  150s
 63381 28103 1512.66012   76    6 1519.68428 1429.07350  5.96%   4.5  156s
 64179 28288 1493.87471   69   14 1519.68428 1429.07350  5.96%   4.5  160s
 65570 28841     cutoff   53      1519.68428 1429.07350  5.96%   4.5  166s
 66613 28982 1472.05182   39    6 1519.68428 1429.07350  5.96%   4.5  170s
 67738 29056     cutoff   43      1519.68428 1429.07350  5.96%   4.5  179s
 67760 29366 1429.07350   28   11 1519.68428 1429.07350  5.96%   4.5  182s
 68942 29590 1484.25485   58   12 1519.68428 1429.07350  5.96%   4.5  187s
 69535 29838 1500.66596   62    6 1519.68428 1429.07350  5.96%   4.5  190s
 70827 29975 1464.97745   60   40 1519.68428 1429.07350  5.96%   4.5  196s
 71703 30075     cutoff   46      1519.68428 1429.07350  5.96%   4.5  200s
 72438 30447 1472.38673   41   18 1519.68428 1429.07350  5.96%   4.5  206s
 73135 30570     cutoff   49      1519.68428 1429.07350  5.96%   4.5  210s
 74629 30763 infeasible   58      1519.68428 1429.07350  5.96%   4.5  217s
 75178 31084     cutoff   50      1519.68428 1429.07350  5.96%   4.5  222s
 76163 31286     cutoff   87      1519.68428 1429.07350  5.96%   4.5  227s
 77068 31586     cutoff   46      1519.68428 1429.07350  5.96%   4.5  232s
 78060 31793     cutoff   53      1519.68428 1429.07350  5.96%   4.5  236s
 79082 32021 1440.65653   62    8 1519.68428 1429.07350  5.96%   4.5  240s
 80122 32096     cutoff   74      1519.68428 1429.07350  5.96%   4.5  245s
 81017 32415 1456.71263   35   13 1519.68428 1429.07350  5.96%   4.5  250s
 82119 32564     cutoff   32      1519.68428 1429.07350  5.96%   4.5  255s
 83026 32713 infeasible   63      1519.68428 1429.07350  5.96%   4.5  260s
 84114 33029 1514.23614   49    - 1519.68428 1429.07350  5.96%   4.5  265s
 85331 33021     cutoff   75      1519.68428 1429.07350  5.96%   4.5  270s
 86062 32912 infeasible   69      1519.68428 1429.07350  5.96%   4.5  284s
 86297 33228 1437.60551   36   14 1519.68428 1429.07350  5.96%   4.5  289s
 87172 33497 1464.32823   69   13 1519.68428 1429.07350  5.96%   4.5  296s
 88390 33632     cutoff   82      1519.68428 1429.07350  5.96%   4.5  301s
 89547 33847     cutoff   43      1519.68428 1429.07350  5.96%   4.5  306s
 90770 33893 1452.16695   40   10 1519.68428 1429.07350  5.96%   4.5  311s
 91874 34009 1494.83802   64    6 1519.68428 1429.07350  5.96%   4.5  316s
 92930 34316 1438.66326   39    9 1519.68428 1429.07350  5.96%   4.5  322s
 94181 34285 infeasible   57      1519.68428 1429.07350  5.96%   4.5  327s
 95220 34589     cutoff   59      1519.68428 1429.07350  5.96%   4.5  333s
 96467 34606     cutoff   54      1519.68428 1429.07350  5.96%   4.5  338s
 97380 34669 1465.11383   44    6 1519.68428 1429.07350  5.96%   4.5  343s
 98160 34886     cutoff   61      1519.68428 1429.07350  5.96%   4.5  349s
 99286 35088     cutoff   50      1519.68428 1429.07350  5.96%   4.5  356s
 100539 35326 1489.50615   61    6 1519.68428 1429.07350  5.96%   4.5  362s
 101804 35246     cutoff   32      1519.68428 1429.07350  5.96%   4.5  368s
 102559 35590     cutoff   44      1519.68428 1429.07350  5.96%   4.5  374s
 103800 35634 1478.97420   59    6 1519.68428 1429.07350  5.96%   4.5  381s
 104908 35792 infeasible   77      1519.68428 1429.07350  5.96%   4.5  388s
 106081 35832 1491.07777   65   10 1519.68428 1429.07350  5.96%   4.5  394s
 106941 36021 1487.51541   54   17 1519.68428 1429.48493  5.94%   4.5  399s
 108060 36066 1432.49390   31    8 1519.68428 1429.78687  5.92%   4.5  406s
 109217 36120     cutoff   61      1519.68428 1429.98990  5.90%   4.5  412s
 110309 36347 1504.14743   46   24 1519.68428 1430.69471  5.86%   4.5  418s
 111565 36331 1511.49109   60    6 1519.68428 1431.01593  5.83%   4.5  425s
 112474 36414 infeasible   61      1519.68428 1431.72269  5.79%   4.5  432s
 113555 36465     cutoff  108      1519.68428 1432.11382  5.76%   4.5  439s
 114466 36600     cutoff   51      1519.68428 1432.62022  5.73%   4.5  446s
 115584 36616     cutoff   77      1519.68428 1432.97820  5.71%   4.5  454s
 116723 36771 infeasible   75      1519.68428 1433.43854  5.68%   4.5  462s
 117969 36723     cutoff   69      1519.68428 1433.96295  5.64%   4.5  469s
 118710 37014     cutoff   57      1519.68428 1434.43417  5.61%   4.5  477s
 120010 37039     cutoff   52      1519.68428 1434.57596  5.60%   4.5  484s
 121099 37121 1463.17430   59   10 1519.68428 1435.33910  5.55%   4.5  491s
 122284 37155 infeasible   61      1519.68428 1435.84574  5.52%   4.5  498s
 123429 37120 1475.64668   51    6 1519.68428 1436.38795  5.48%   4.5  504s
 124389 37245 infeasible   54      1519.68428 1436.76768  5.46%   4.5  511s
 125604 37020 infeasible   58      1519.68428 1437.05601  5.44%   4.5  521s
 125745 37250 1458.79456   64    6 1519.68428 1437.18043  5.43%   4.5  528s
 126861 37260 infeasible   74      1519.68428 1437.70056  5.39%   4.5  536s
 127830 37319     cutoff   69      1519.68428 1438.00360  5.37%   4.5  544s
 128766 37398     cutoff   70      1519.68428 1438.50625  5.34%   4.5  553s
 129904 37510     cutoff   62      1519.68428 1438.69938  5.33%   4.5  561s
 131186 37567     cutoff   68      1519.68428 1439.17730  5.30%   4.5  569s
 132352 38017 1516.22462   63   27 1519.68428 1439.64793  5.27%   4.5  578s
 133517 38361 1503.61235   66   14 1519.68428 1440.04764  5.24%   4.5  587s
 134396 38725 1476.54151   73   10 1519.68428 1440.27437  5.23%   4.5  597s
 135561 39075 1512.62251   79    8 1519.68428 1440.80974  5.19%   4.5  608s
 136684 39539 infeasible   51      1519.68428 1441.20929  5.16%   4.6  618s
 137905 39895 1512.32844   37   17 1519.68428 1441.34483  5.15%   4.6  628s
 139020 40257 1462.73661   66   31 1519.68428 1441.82113  5.12%   4.6  636s
 139919 40597 1486.11756   73    6 1519.68428 1442.34205  5.09%   4.6  645s
 141048 41033 1464.41714   65   15 1519.68428 1442.71209  5.07%   4.6  654s
 142293 41392 infeasible   51      1519.68428 1443.10681  5.04%   4.6  666s
 143432 41816 1507.82662   61    6 1519.68428 1443.45974  5.02%   4.6  678s
 144665 42100 1476.89489   64   10 1519.68428 1443.77867  4.99%   4.6  688s
 145512 42540     cutoff   65      1519.68428 1444.13466  4.97%   4.6  700s
 146770 42889 1472.22482   56    6 1519.68428 1444.24134  4.96%   4.6  711s
 147892 43223 infeasible   53      1519.68428 1444.65422  4.94%   4.6  721s
 148843 43512 1451.92442   33   12 1519.68428 1445.13437  4.91%   4.6  729s
 149957 43880 infeasible   60      1519.68428 1445.48702  4.88%   4.6  738s
 151165 44243     cutoff   52      1519.68428 1445.95095  4.85%   4.6  747s
 152292 44562 1491.11768   60   11 1519.68428 1446.24427  4.83%   4.6  757s
 153136 44790     cutoff   61      1519.68428 1446.45886  4.82%   4.6  766s
 154257 45146 1511.53714   80    6 1519.68428 1446.66589  4.80%   4.6  776s
 155453 45483 infeasible   55      1519.68428 1447.14690  4.77%   4.6  787s
 156568 45820 infeasible   61      1519.68428 1447.30335  4.76%   4.6  797s
 157470 46050     cutoff   75      1519.68428 1447.68821  4.74%   4.6  810s
 158557 46448     cutoff   39      1519.68428 1447.88981  4.72%   4.6  824s
 159843 46754 1513.88316   57    6 1519.68428 1448.35503  4.69%   4.6  836s
 160727 47030     cutoff   61      1519.68428 1448.57880  4.68%   4.6  847s
 161877 47343     cutoff   55      1519.68428 1448.89654  4.66%   4.6  859s
 163107 47588 1499.02143   58   12 1519.68428 1449.32959  4.63%   4.6  872s
 164206 47924     cutoff   67      1519.68428 1449.56402  4.61%   4.6  885s
 165182 48186     cutoff   53      1519.68428 1449.81249  4.60%   4.6  896s
 166336 48363     cutoff   54      1519.68428 1449.88190  4.59%   4.6  907s
 166595 48504     cutoff   54      1519.68428 1450.10843  4.58%   4.6  918s
 167520 48732 1513.29977   59    6 1519.68428 1450.44445  4.56%   4.6  929s
 168606 49040     cutoff   64      1519.68428 1450.63605  4.54%   4.6  939s
 169962 49351 1489.97744   60   23 1519.68428 1451.13358  4.51%   4.6  949s
 170965 49616 1514.68613   38   10 1519.68428 1451.34282  4.50%   4.6  960s
 171893 49941     cutoff   58      1519.68428 1451.54538  4.48%   4.6  970s
 173266 50308     cutoff   60      1519.68428 1451.83501  4.46%   4.6  981s
 174456 50522 1510.92683   58    8 1519.68428 1452.16446  4.44%   4.6  993s
 175402 50758 1516.50737   60   12 1519.68428 1452.35922  4.43%   4.6 1005s
 176564 50997     cutoff   61      1519.68428 1452.71519  4.41%   4.6 1016s
 177580 51211     cutoff   78      1519.68428 1452.99935  4.39%   4.6 1031s
 178854 51493 infeasible   64      1519.68428 1453.35009  4.36%   4.6 1045s
 180129 51777     cutoff   70      1519.68428 1453.56948  4.35%   4.6 1057s
 181201 51968 infeasible   77      1519.68428 1453.74563  4.34%   4.6 1068s
 182365 52199 infeasible   67      1519.68428 1454.15311  4.31%   4.6 1081s
 183601 52444 1467.04780   68   14 1519.68428 1454.48865  4.29%   4.7 1091s
 184571 52653     cutoff   90      1519.68428 1454.69154  4.28%   4.7 1103s
 185751 53018     cutoff   53      1519.68428 1454.70615  4.28%   4.7 1117s
 187057 53081 infeasible   72      1519.68428 1455.15607  4.25%   4.7 1131s
 187978 53279     cutoff   55      1519.68428 1455.38895  4.23%   4.7 1144s
 188950 53483     cutoff   65      1519.68428 1455.63793  4.21%   4.7 1157s
 190153 53721 1513.64801   60    6 1519.68428 1455.92500  4.20%   4.7 1169s
 191213 53905     cutoff   74      1519.68428 1456.07652  4.19%   4.7 1181s
 192429 54197     cutoff   69      1519.68428 1456.54261  4.15%   4.7 1193s
 193728 54420 1498.13565   60   27 1519.68428 1456.77857  4.14%   4.7 1204s
 194687 54534     cutoff   64      1519.68428 1457.06012  4.12%   4.7 1216s
 195894 54825     cutoff   64      1519.68428 1457.15727  4.11%   4.7 1227s
 196852 54899 1501.46870   56    9 1519.68428 1457.56321  4.09%   4.7 1240s
 198039 55035 infeasible   55      1519.68428 1457.92060  4.06%   4.7 1252s
 199093 55214     cutoff   75      1519.68428 1458.09911  4.05%   4.7 1267s
H199266 55236                    1519.6841884 1458.17326  4.05%   4.7 1267s
 199397 55249 1459.88038   37   28 1519.68419 1458.19649  4.05%   4.7 1288s
 199643 55284 1476.61499   38    6 1519.68419 1458.23277  4.04%   4.7 1302s
 200707 55474 infeasible   67      1519.68419 1458.44611  4.03%   4.7 1315s
 202019 55621 1496.59083   36   23 1519.68419 1458.67372  4.01%   4.7 1328s
 203117 55855     cutoff   61      1519.68419 1458.99200  3.99%   4.7 1340s
 204252 56043 infeasible   72      1519.68419 1459.33325  3.97%   4.7 1354s
 205575 56320     cutoff   57      1519.68419 1459.39057  3.97%   4.7 1368s
 206691 56485     cutoff   46      1519.68419 1459.85284  3.94%   4.7 1385s
 208039 56626     cutoff   57      1519.68419 1459.93068  3.93%   4.7 1401s
 209261 56787 1501.67621   64   10 1519.68419 1460.32855  3.91%   4.7 1414s
 210370 56942 infeasible   67      1519.68419 1460.72507  3.88%   4.7 1428s
 211448 57209     cutoff   79      1519.68419 1460.80480  3.87%   4.7 1445s
 212752 57383 infeasible   42      1519.68419 1461.26757  3.84%   4.7 1461s
 213889 57595 infeasible   54      1519.68419 1461.33116  3.84%   4.7 1475s
 215163 57662 1497.51523   57    6 1519.68419 1461.66439  3.82%   4.7 1488s
 216141 57737     cutoff   71      1519.68419 1461.93374  3.80%   4.7 1506s
 217351 57935     cutoff   46      1519.68419 1462.19711  3.78%   4.7 1523s
 218560 58019     cutoff   58      1519.68419 1462.36705  3.77%   4.7 1540s
 219716 58121 infeasible   60      1519.68419 1462.48226  3.76%   4.7 1559s
 220751 58240 infeasible   63      1519.68419 1462.75664  3.75%   4.7 1577s
 221861 58393     cutoff   59      1519.68419 1463.09352  3.72%   4.8 1593s
 223192 58489 1511.18628   76    6 1519.68419 1463.40541  3.70%   4.8 1610s
 224269 58606     cutoff   77      1519.68419 1463.52012  3.70%   4.8 1627s
 225390 58717 infeasible   45      1519.68419 1463.67803  3.69%   4.8 1645s
 226468 58754 1504.41527   73    6 1519.68419 1464.16521  3.65%   4.8 1662s
 227566 58867 infeasible   74      1519.68419 1464.39324  3.64%   4.8 1677s
 228664 58846 1495.90179   55    - 1519.68419 1464.67981  3.62%   4.8 1694s
H228944 58894                    1519.6841521 1464.70786  3.62%   4.8 1694s
 229774 58921 infeasible   60      1519.68415 1464.82254  3.61%   4.8 1709s
 230897 59094     cutoff   57      1519.68415 1465.20926  3.58%   4.8 1740s
 231237 59083 1490.88048   49    8 1519.68415 1465.23762  3.58%   4.8 1762s
 232425 59271 1499.06961   70    8 1519.68415 1465.43580  3.57%   4.8 1781s
 233650 59350 infeasible   72      1519.68415 1465.52917  3.56%   4.8 1799s
 234799 59453     cutoff   70      1519.68415 1465.85638  3.54%   4.8 1819s
 235997 59559 1498.77788   52   15 1519.68415 1465.95805  3.54%   4.8 1835s
 237126 59548 infeasible   86      1519.68415 1466.40615  3.51%   4.8 1851s
 238306 59555 infeasible   63      1519.68415 1466.68454  3.49%   4.8 1869s
 239528 59660 1491.52395   73    8 1519.68415 1466.92321  3.47%   4.8 1885s
 240720 59640     cutoff   69      1519.68415 1467.17148  3.46%   4.8 1902s
 241910 59728 infeasible   60      1519.68415 1467.35551  3.44%   4.8 1917s
 243073 59707     cutoff   61      1519.68415 1467.64444  3.42%   4.8 1933s
 244228 59755     cutoff   57      1519.68415 1467.91419  3.41%   4.8 1952s
 245349 59824     cutoff   59      1519.68415 1468.16027  3.39%   4.8 1970s
 246548 59904     cutoff   55      1519.68415 1468.31365  3.38%   4.8 1988s
 247693 59960 1506.70899   60    6 1519.68415 1468.57014  3.36%   4.8 2007s
 248815 59936     cutoff   62      1519.68415 1468.85216  3.34%   4.8 2027s
 250032 59950     cutoff   43      1519.68415 1468.99125  3.34%   4.8 2049s
 250808 60066 1493.29873   62    6 1519.68415 1468.99125  3.34%   4.8 2050s
 251228 60004     cutoff   43      1519.68415 1469.35435  3.31%   4.8 2073s
 252455 60035 1513.16462   48    6 1519.68415 1469.49848  3.30%   4.8 2093s
 253641 60012 infeasible   61      1519.68415 1469.70959  3.29%   4.8 2110s
 254832 60032 1509.14267   41    6 1519.68415 1469.82885  3.28%   4.8 2131s
 255974 60033     cutoff   38      1519.68415 1470.21360  3.26%   4.8 2150s
 257148 60027 1515.11038   56    - 1519.68415 1470.33722  3.25%   4.8 2170s
 258237 60011     cutoff   56      1519.68415 1470.69197  3.22%   4.8 2194s
 259534 60087     cutoff   62      1519.68415 1470.80382  3.22%   4.8 2211s
 260674 60015     cutoff   60      1519.68415 1470.98007  3.20%   4.8 2236s
 261787 60056 infeasible   60      1519.68415 1471.25366  3.19%   4.8 2259s
 262934 60034     cutoff   49      1519.68415 1471.43497  3.17%   4.8 2280s
 264079 60052     cutoff   53      1519.68415 1471.65179  3.16%   4.8 2300s
 265254 60036 1518.25913   56    8 1519.68415 1472.01257  3.14%   4.8 2320s
 266474 60002     cutoff   61      1519.68415 1472.16099  3.13%   4.8 2340s
 267600 59994 infeasible   54      1519.68415 1472.40305  3.11%   4.9 2360s
 268768 59924 1516.87867   67    - 1519.68415 1472.70625  3.09%   4.9 2382s
 270010 59907 infeasible   67      1519.68415 1472.86374  3.08%   4.9 2404s
 271174 59864 infeasible   58      1519.68415 1473.12251  3.06%   4.9 2426s
 272371 59797     cutoff   78      1519.68415 1473.42386  3.04%   4.9 2448s
 273532 59905 1512.09582   54   25 1519.68415 1473.45086  3.04%   4.9 2478s
 273843 59738 1477.59323   44   15 1519.68415 1473.70259  3.03%   4.9 2498s
 275057 59628     cutoff   68      1519.68415 1473.97317  3.01%   4.9 2519s
 276375 59571     cutoff   70      1519.68415 1474.08493  3.00%   4.9 2540s
 277568 59454     cutoff   52      1519.68415 1474.47651  2.97%   4.9 2562s
 278824 59343 1516.44887   64    6 1519.68415 1474.59446  2.97%   4.9 2585s
 280030 59243 1499.10632   47   10 1519.68415 1474.90123  2.95%   4.9 2606s
 281231 59133 1496.85718   46   15 1519.68415 1475.16931  2.93%   4.9 2627s
 282457 59011     cutoff   56      1519.68415 1475.28085  2.92%   4.9 2651s
 283669 58938     cutoff   68      1519.68415 1475.55939  2.90%   4.9 2670s
 284850 58919 infeasible   70      1519.68415 1475.83021  2.89%   4.9 2689s
 286025 58793 infeasible   62      1519.68415 1476.12437  2.87%   4.9 2709s
 287314 58718     cutoff   46      1519.68415 1476.21785  2.86%   4.9 2728s
 288451 58624 infeasible   60      1519.68415 1476.55085  2.84%   4.9 2748s
 289606 58473 infeasible   60      1519.68415 1476.89001  2.82%   4.9 2770s
 290892 58447     cutoff   58      1519.68415 1477.18924  2.80%   4.9 2790s
 292141 58381 infeasible   59      1519.68415 1477.23367  2.79%   4.9 2813s
 293306 58297 1496.14386   57   10 1519.68415 1477.59682  2.77%   4.9 2834s
 294545 58207     cutoff   56      1519.68415 1477.81137  2.76%   4.9 2857s
 295721 58115 infeasible   55      1519.68415 1478.03005  2.74%   4.9 2880s
 296885 57974 1512.89306   37    6 1519.68415 1478.20383  2.73%   4.9 2904s
 298032 57856     cutoff   62      1519.68415 1478.38346  2.72%   4.9 2926s
 299209 57638 infeasible   52      1519.68415 1478.64869  2.70%   4.9 2948s
 300290 57497     cutoff   57      1519.68415 1478.87861  2.69%   4.9 2970s
 301457 57346     cutoff   39      1519.68415 1479.20950  2.66%   4.9 2991s
 302652 57180     cutoff   49      1519.68415 1479.53317  2.64%   4.9 3015s
 303967 57020     cutoff   58      1519.68415 1479.60136  2.64%   4.9 3038s
 305136 56836     cutoff   59      1519.68415 1480.03094  2.61%   4.9 3062s
 306420 56645     cutoff   54      1519.68415 1480.07941  2.61%   4.9 3084s
 307524 56476 1514.99283   69    8 1519.68415 1480.34650  2.59%   4.9 3106s
 308673 56311     cutoff   60      1519.68415 1480.53256  2.58%   4.9 3127s
 309872 56389     cutoff   53      1519.68415 1480.94551  2.55%   4.9 3160s
 310165 55962 1492.38411   41    8 1519.68415 1481.05361  2.54%   4.9 3184s
 311485 55815     cutoff   49      1519.68415 1481.14695  2.54%   4.9 3205s
 312701 55613 1503.27906   47    6 1519.68415 1481.54325  2.51%   4.9 3233s
 314024 55475 1516.61121   59    8 1519.68415 1481.65714  2.50%   4.9 3258s
 315202 55274     cutoff   59      1519.68415 1481.89693  2.49%   4.9 3280s
 316412 55048     cutoff   38      1519.68415 1482.23889  2.46%   4.9 3302s
 317600 54867 1488.62788   61   10 1519.68415 1482.61133  2.44%   4.9 3323s
 318809 54614 infeasible   63      1519.68415 1482.80293  2.43%   4.9 3350s
 320039 54328 infeasible   69      1519.68415 1482.89804  2.42%   4.9 3383s
 321177 54109 1503.19003   60   13 1519.68415 1483.16805  2.40%   4.9 3409s
 322366 53869 1502.79455   56    8 1519.68415 1483.46647  2.38%   5.0 3437s
 323548 53915     cutoff   56      1519.68415 1483.72523  2.37%   5.0 3487s
 323910 53587 1509.67333   42    - 1519.68415 1483.82332  2.36%   5.0 3513s
 325140 53396 infeasible   52      1519.68415 1484.13057  2.34%   5.0 3543s
 326386 53176     cutoff   56      1519.68415 1484.21821  2.33%   5.0 3567s
 327622 52861     cutoff   54      1519.68415 1484.73783  2.30%   5.0 3595s
 328923 52640 1517.69463   64    6 1519.68415 1484.83882  2.29%   5.0 3619s
 330110 52415 1502.51895   39    6 1519.68415 1485.10139  2.28%   5.0 3642s
 331331 52135     cutoff   58      1519.68415 1485.40209  2.26%   5.0 3668s
 332509 51853     cutoff   74      1519.68415 1485.53475  2.25%   5.0 3696s
 333673 51523     cutoff   53      1519.68415 1485.91406  2.22%   5.0 3720s
 334901 51179 1517.21141   62    6 1519.68415 1486.23645  2.20%   5.0 3746s
 336137 50968 1500.15953   43   18 1519.68415 1486.33960  2.19%   5.0 3770s
 337343 50690 infeasible   68      1519.68415 1486.56778  2.18%   5.0 3794s
 338536 50391 1498.31600   55   10 1519.68415 1486.77869  2.17%   5.0 3822s
 339751 50107     cutoff   61      1519.68415 1487.09476  2.14%   5.0 3848s
 340935 49815 1510.88748   47    8 1519.68415 1487.30075  2.13%   5.0 3876s
 342122 49467 1514.98045   48   11 1519.68415 1487.51543  2.12%   5.0 3907s
 343324 49254 infeasible   62      1519.68415 1487.80140  2.10%   5.0 3932s
 344541 48946 1510.48373   51   10 1519.68415 1488.20409  2.07%   5.0 3960s
 345714 48630     cutoff   60      1519.68415 1488.43296  2.06%   5.0 3985s
 346890 48322 1513.86671   63    6 1519.68415 1488.72284  2.04%   5.0 4012s
 348041 47970 infeasible   53      1519.68415 1489.06483  2.01%   5.0 4036s
 349232 47968 infeasible   58      1519.68415 1489.22764  2.00%   5.0 4068s
 349560 47462     cutoff   45      1519.68415 1489.53573  1.98%   5.0 4098s
 350844 47094     cutoff   81      1519.68415 1489.64529  1.98%   5.0 4124s
 352062 46688     cutoff   64      1519.68415 1490.21391  1.94%   5.0 4153s
 353475 46320 infeasible   48      1519.68415 1490.26236  1.94%   5.0 4181s
 354587 45905     cutoff   48      1519.68415 1490.72733  1.91%   5.0 4208s
 355991 45599 infeasible   42      1519.68415 1490.89886  1.89%   5.0 4234s
 356185 45620     cutoff   69      1519.68415 1490.89886  1.89%   5.0 4235s
 357163 45199     cutoff   62      1519.68415 1491.24300  1.87%   5.0 4261s
 358445 44820     cutoff   54      1519.68415 1491.33455  1.87%   5.0 4284s
 359664 44493     cutoff   51      1519.68415 1491.63363  1.85%   5.0 4309s
 360885 44133     cutoff   71      1519.68415 1492.03964  1.82%   5.0 4338s
 362102 43785 infeasible   66      1519.68415 1492.37192  1.80%   5.0 4364s
 362884 43861 1518.01466   40    6 1519.68415 1492.51803  1.79%   5.0 4365s
 363292 43385     cutoff   57      1519.68415 1492.57287  1.78%   5.0 4391s
 364447 42988     cutoff   62      1519.68415 1492.85032  1.77%   5.0 4415s
 365639 42617     cutoff   50      1519.68415 1493.09001  1.75%   5.0 4440s
 366816 42216 1499.84146   55    6 1519.68415 1493.42206  1.73%   5.0 4471s
 367991 41810 1497.23566   61    6 1519.68415 1493.72651  1.71%   5.0 4501s
 369187 41385     cutoff   65      1519.68415 1494.04911  1.69%   5.0 4527s
 370378 40922     cutoff   73      1519.68415 1494.54405  1.65%   5.0 4557s
 371744 40567 1504.91060   57   10 1519.68415 1494.56502  1.65%   5.0 4584s
 372959 40154     cutoff   65      1519.68415 1495.01412  1.62%   5.0 4618s
 374131 39639 1508.18781   54    6 1519.68415 1495.41190  1.60%   5.0 4649s
 375168 39766 infeasible   74      1519.68415 1495.52188  1.59%   5.0 4650s
 375377 39197     cutoff   60      1519.68415 1495.66666  1.58%   5.0 4675s
 376560 38769     cutoff   76      1519.68415 1495.89235  1.57%   5.0 4701s
 377745 38368 infeasible   47      1519.68415 1496.16228  1.55%   5.0 4727s
 378960 37960 infeasible   49      1519.68415 1496.57567  1.52%   5.0 4754s
 380137 37486 infeasible   59      1519.68415 1496.85219  1.50%   5.0 4782s
 381296 36996     cutoff   37      1519.68415 1497.24921  1.48%   5.0 4808s
 382445 36479 infeasible   42      1519.68415 1497.47913  1.46%   5.0 4834s
 383647 36013     cutoff   32      1519.68415 1497.79334  1.44%   5.0 4859s
 384845 35604     cutoff   61      1519.68415 1498.36795  1.40%   5.0 4892s
 386011 35661     cutoff   65      1519.68415 1498.65563  1.38%   5.0 4926s
 386166 34997 infeasible   41      1519.68415 1498.75796  1.38%   5.0 4953s
 387415 34490 infeasible   56      1519.68415 1498.88663  1.37%   5.0 4979s
 388631 33931 infeasible   65      1519.68415 1499.35047  1.34%   5.0 5013s
 389852 33402     cutoff   58      1519.68415 1499.65133  1.32%   5.0 5045s
 391079 32844     cutoff   59      1519.68415 1500.05800  1.29%   5.0 5070s
 392290 32306 infeasible   52      1519.68415 1500.52537  1.26%   5.0 5099s
 393511 31727 1501.51925   65   14 1519.68415 1501.02760  1.23%   5.0 5127s
 394742 31148 1519.04391   49   17 1519.68415 1501.29412  1.21%   5.0 5153s
 395949 30549     cutoff   58      1519.68415 1501.65891  1.19%   5.0 5178s
 397151 29951 1513.49149   62   12 1519.68415 1502.04762  1.16%   5.0 5204s
 398346 29349 1517.88262   54    6 1519.68415 1502.41966  1.14%   5.0 5229s
 399559 28697 infeasible   81      1519.68415 1503.15522  1.09%   5.0 5254s
 400744 28070 infeasible   50      1519.68415 1503.36177  1.07%   5.0 5283s
 401862 27401 1513.69068   48    6 1519.68415 1503.77332  1.05%   5.0 5308s
 403071 26698     cutoff   36      1519.68415 1504.04915  1.03%   5.0 5333s
 404278 26035 infeasible   74      1519.68415 1504.62209  0.99%   5.0 5358s
 405460 25351     cutoff   50      1519.68415 1505.01546  0.97%   5.0 5385s
 406663 24631 infeasible   53      1519.68415 1505.49103  0.93%   5.0 5417s
 407848 23884 infeasible   44      1519.68415 1506.19543  0.89%   5.0 5441s
 409035 23147 1509.18539   50   10 1519.68415 1506.49185  0.87%   5.0 5466s
 410247 22380     cutoff   51      1519.68415 1506.89041  0.84%   5.0 5491s
 411427 21604     cutoff   47      1519.68415 1507.44320  0.81%   5.0 5517s
 412611 20805     cutoff   70      1519.68415 1507.99840  0.77%   5.0 5543s
 413817 20012 infeasible   50      1519.68415 1508.39027  0.74%   5.0 5574s
 414935 19180     cutoff   47      1519.68415 1508.97237  0.70%   5.0 5605s
 416136 18331 infeasible   57      1519.68415 1509.29678  0.68%   5.0 5635s
 417329 17475 infeasible   55      1519.68415 1509.88882  0.64%   5.0 5665s
 418507 16592     cutoff   62      1519.68415 1510.57597  0.60%   5.0 5691s
 419699 15651 infeasible   45      1519.68415 1511.11727  0.56%   5.0 5717s
 420899 14704     cutoff   48      1519.68415 1511.34947  0.55%   5.0 5743s
 422115 13760 infeasible   60      1519.68415 1511.99366  0.51%   5.0 5768s
 423301 12789     cutoff   41      1519.68415 1512.36639  0.48%   5.0 5793s
 424504 11812 infeasible   51      1519.68415 1512.87196  0.45%   5.0 5820s
 425713 10821 infeasible   46      1519.68415 1513.54559  0.40%   5.0 5847s
 426898  9770     cutoff   35      1519.68415 1513.96419  0.38%   5.0 5873s
 428110  8740 infeasible   37      1519.68415 1514.51812  0.34%   5.0 5900s
 429287  7671 infeasible   52      1519.68415 1515.07048  0.30%   5.0 5926s
 430486  6588 infeasible   38      1519.68415 1515.74302  0.26%   5.0 5954s
 431676  6334 infeasible   53      1519.68415 1516.12496  0.23%   5.0 6014s
 431984  5172     cutoff   60      1519.68415 1516.66388  0.20%   5.0 6039s
 433227  4017 infeasible   58      1519.68415 1516.71262  0.20%   5.0 6066s
 434474  2832 1517.95822   34    6 1519.68415 1517.38462  0.15%   5.0 6093s
 435709  1616 infeasible   35      1519.68415 1517.96365  0.11%   5.0 6117s
 436953   416 infeasible   42      1519.68415 1518.43320  0.08%   5.0 6141s
 438172     0     cutoff   38      1519.68415 1519.05321  0.04%   5.0 6151s

Cutting planes:
  Gomory: 7
  Zero half: 1
  Lazy constraints: 47540

Explored 438593 nodes (2181275 simplex iterations) in 6151.28 seconds
Thread count was 12 (of 12 available processors)

Solution count 5: 1519.68 1521.18 1651.14 ... 2162.71

Optimal solution found (tolerance 1.00e-04)
Best objective 1.519684152145e+03, best bound 1.519684152145e+03, gap 0.0000%

User-callback calls 1764404, time in user-callback 6.66 sec
/projects/academic/josewalt/caigao/RRARP_BD/BendersDecomp/ret/model_outs/n_19_e_3_algo_2.out
 =====>>>>> Solution is written to file in <../ret/model_outs> !!!
===>> All Done!
