NPROCS=0
This instance is clustered!
Gurobi Optimizer version 9.0.0 build v9.0.0rc2 (linux64)
Optimize a model with 40 rows, 401 columns and 800 nonzeros
Model fingerprint: 0x69f5be4c
Variable types: 1 continuous, 400 integer (400 binary)
Coefficient statistics:
  Matrix range     [1e+00, 1e+00]
  Objective range  [1e+00, 4e+02]
  Bounds range     [1e+00, 1e+00]
  RHS range        [1e+00, 1e+00]
Presolve removed 2 rows and 57 columns
Presolve time: 0.00s
Presolved: 38 rows, 344 columns, 686 nonzeros
Variable types: 1 continuous, 343 integer (343 binary)

Root relaxation: objective 7.324869e+02, 29 iterations, 0.00 seconds

    Nodes    |    Current Node    |     Objective Bounds      |     Work
 Expl Unexpl |  Obj  Depth IntInf | Incumbent    BestBd   Gap | It/Node Time

     0     0  767.93439    0   12          -  767.93439      -     -    0s
     0     0  934.92340    0    8          -  934.92340      -     -    0s
     0     0 1001.89598    0   38          - 1001.89598      -     -    0s
H    0     0                    1117.2778433 1001.89598  10.3%     -    0s
     0     0 1002.15471    0   36 1117.27784 1002.15471  10.3%     -    0s
     0     0 1002.15471    0   40 1117.27784 1002.15471  10.3%     -    0s
     0     0 1005.28067    0    9 1117.27784 1005.28067  10.0%     -    0s
     0     0 1005.33459    0   21 1117.27784 1005.33459  10.0%     -    0s
     0     0 1005.33459    0   21 1117.27784 1005.33459  10.0%     -    0s
     0     2 1005.33459    0   21 1117.27784 1005.33459  10.0%     -    0s
  7276  2775 1084.62396   16   36 1117.27784 1060.78596  5.06%   4.4    8s
  7291  2785 1096.53974   21   55 1117.27784 1060.78596  5.06%   4.4   10s
 15406  4411 1097.11036   24    - 1117.27784 1060.78596  5.06%   4.7   15s
 22992  7086 1079.42682   30   15 1117.27784 1069.70562  4.26%   4.8   20s
 27976  8601     cutoff   33      1117.27784 1074.44553  3.83%   4.9   25s
 32548  9679 1105.93436   30    6 1117.27784 1078.63510  3.46%   5.0   30s
 36346 10431 1105.22536   30    9 1117.27784 1081.81186  3.17%   5.0   35s
 39813 10970 1108.43823   29   12 1117.27784 1083.97812  2.98%   5.0   40s
 43427 11526 1093.29528   25   38 1117.27784 1086.31490  2.77%   5.1   46s
 46131 11748 1101.17141   28   10 1117.27784 1088.04317  2.62%   5.1   51s
 48902 11856     cutoff   25      1117.27784 1089.89552  2.45%   5.1   56s
 51442 11858     cutoff   36      1117.27784 1091.51935  2.31%   5.2   61s
 53362 11887 1099.50485   37   14 1117.27784 1092.35294  2.23%   5.2   65s
 56209 11851 1112.31498   26   16 1117.27784 1094.22015  2.06%   5.2   71s
 58133 11760     cutoff   27      1117.27784 1095.57785  1.94%   5.2   76s
 60143 11638     cutoff   44      1117.27784 1096.03267  1.90%   5.2   81s
 62091 11499     cutoff   48      1117.27784 1097.24648  1.79%   5.3   86s
 64109 11417 1117.16362   20   25 1117.27784 1098.49007  1.68%   5.3   91s
 66118 11203 1100.02371   29   22 1117.27784 1099.51640  1.59%   5.3   96s
 68052 10906     cutoff   41      1117.27784 1100.46235  1.51%   5.3  101s
 69990 10502     cutoff   29      1117.27784 1101.03651  1.45%   5.3  107s
 70943 10332     cutoff   39      1117.27784 1101.70620  1.39%   5.3  110s
 72878  9928 1116.15717   29   28 1117.27784 1102.80348  1.30%   5.3  116s
 74846  9468     cutoff   34      1117.27784 1103.73228  1.21%   5.3  122s
 75722  9178     cutoff   28      1117.27784 1104.31224  1.16%   5.4  125s
 77648  8567     cutoff   28      1117.27784 1105.49914  1.05%   5.4  132s
 78663  8254 1115.84039   27   20 1117.27784 1105.98459  1.01%   5.4  136s
 79642  7853     cutoff   31      1117.27784 1106.70232  0.95%   5.4  140s
 81631  7071     cutoff   41      1117.27784 1108.47935  0.79%   5.4  147s
 82611  6615     cutoff   33      1117.27784 1108.55590  0.78%   5.4  151s
 83514  6135 1111.38583   26   14 1117.27784 1109.32235  0.71%   5.4  155s
 84497  5659     cutoff   34      1117.27784 1109.64812  0.68%   5.5  160s
 86493  4540     cutoff   39      1117.27784 1110.44796  0.61%   5.5  168s
 87458  3883 1117.18695   23    6 1117.27784 1111.58977  0.51%   5.5  172s
 88408  3219     cutoff   36      1117.27784 1112.40425  0.44%   5.5  177s
 89413  2494     cutoff   36      1117.27784 1113.20102  0.36%   5.5  182s
 90371  1791     cutoff   30      1117.27784 1113.33680  0.35%   5.5  186s
 91245   999     cutoff   26      1117.27784 1114.68650  0.23%   5.5  190s
 92134   133     cutoff   25      1117.27784 1115.39050  0.17%   5.6  195s

Cutting planes:
  Gomory: 5
  MIR: 1
  Lazy constraints: 7316

Explored 93230 nodes (520019 simplex iterations) in 196.69 seconds
Thread count was 12 (of 12 available processors)

Solution count 1: 1117.28 

Optimal solution found (tolerance 1.00e-04)
Best objective 1.117277843285e+03, best bound 1.117199937956e+03, gap 0.0070%

User-callback calls 218551, time in user-callback 0.87 sec
/projects/academic/josewalt/caigao/RRARP_BD/BendersDecomp/ret/model_outs/n_18_e_9_algo_2.out
 =====>>>>> Solution is written to file in <../ret/model_outs> !!!
===>> All Done!
