NPROCS=0
This instance is clustered!
Gurobi Optimizer version 9.0.0 build v9.0.0rc2 (linux64)
Optimize a model with 46 rows, 530 columns and 1058 nonzeros
Model fingerprint: 0x91fd35d8
Variable types: 1 continuous, 529 integer (529 binary)
Coefficient statistics:
  Matrix range     [1e+00, 1e+00]
  Objective range  [1e+00, 5e+02]
  Bounds range     [1e+00, 1e+00]
  RHS range        [1e+00, 1e+00]
Presolve removed 2 rows and 66 columns
Presolve time: 0.01s
Presolved: 44 rows, 464 columns, 926 nonzeros
Variable types: 1 continuous, 463 integer (463 binary)

Root relaxation: objective 7.821572e+02, 41 iterations, 0.00 seconds

    Nodes    |    Current Node    |     Objective Bounds      |     Work
 Expl Unexpl |  Obj  Depth IntInf | Incumbent    BestBd   Gap | It/Node Time

     0     0  975.07748    0   16          -  975.07748      -     -    0s
H    0     0                    1514.1296701  975.07748  35.6%     -    0s
     0     0  975.07748    0   12 1514.12967  975.07748  35.6%     -    0s
H    0     0                    1503.1607499  975.07748  35.1%     -    0s
     0     2  999.01007    0   30 1503.16075  999.01007  33.5%     -    0s
H 2114  1721                    1501.6350110 1018.66274  32.2%   3.1    0s
  8196  4496 1148.30778   77   14 1501.63501 1035.03190  31.1%   3.8    5s
 14614  8944 1166.78093  116    8 1501.63501 1041.93741  30.6%   4.0   10s
 18447 11923 1147.19617   74   11 1501.63501 1049.98280  30.1%   4.1   15s
 22644 14764 1445.79057   41    6 1501.63501 1054.31870  29.8%   4.1   20s
 23195 14844 1212.12201   60   12 1501.63501 1054.31870  29.8%   4.1   83s
 23199 14847 1072.84455   34  237 1501.63501 1054.31870  29.8%   4.1   85s
 23208 14856 1054.31870   21  234 1501.63501 1054.31870  29.8%   4.1   90s
 23583 15056 1204.00652   38   89 1501.63501 1054.31870  29.8%   4.1   95s
 26107 16165     cutoff  114      1501.63501 1054.31870  29.8%   4.2  100s
 30254 18221 1227.92351   40   66 1501.63501 1054.31870  29.8%   4.2  105s
 34239 20049 1206.62626   35   68 1501.63501 1054.31870  29.8%   4.2  110s
 37478 21529 1222.50297   43   18 1501.63501 1054.31870  29.8%   4.2  115s
 39621 22496 1152.59315   38   16 1501.63501 1054.31870  29.8%   4.2  120s
 42099 23698     cutoff   85      1501.63501 1054.31870  29.8%   4.2  125s
 45021 24957 1132.37064   43   71 1501.63501 1057.38612  29.6%   4.2  131s
 47305 25937 1116.05616   38   26 1501.63501 1059.32750  29.5%   4.3  136s
 48913 26578 1165.32278   35   43 1501.63501 1060.47552  29.4%   4.3  140s
 50447 26820     cutoff   58      1501.63501 1061.81753  29.3%   4.3  147s
 51585 27172 1181.39016   39   99 1501.63501 1063.51723  29.2%   4.4  152s
 52831 27473 1389.61355   46    - 1501.63501 1064.90537  29.1%   4.5  157s
 53437 27623     cutoff   46      1501.63501 1065.54478  29.0%   4.5  160s
 54650 27940 1174.16188   31   35 1501.63501 1066.43544  29.0%   4.6  166s
 55967 28240 1136.53868   46   36 1501.63501 1067.43604  28.9%   4.7  172s
 56517 28403 1108.09602   44   94 1501.63501 1067.96838  28.9%   4.7  176s
 57790 28734 1120.93948   36   37 1501.63501 1068.76254  28.8%   4.8  183s
 58427 28949 1192.39752   36   23 1501.63501 1069.14968  28.8%   4.9  187s
 59114 29120 1163.26886   53   60 1501.63501 1069.64168  28.8%   4.9  191s
 59814 29269 1155.82549   40   20 1501.63501 1070.10110  28.7%   4.9  195s
 61105 29571 1234.05280   52   27 1501.63501 1071.01576  28.7%   5.0  203s
 61732 29592     cutoff   49      1501.63501 1071.51575  28.6%   5.0  208s
 61911 29717 1103.66311   37   37 1501.63501 1071.71174  28.6%   5.0  213s
 62555 29867 1372.93827   40   81 1501.63501 1072.08323  28.6%   5.1  218s
 63137 29976 1178.97182   73   25 1501.63501 1072.53953  28.6%   5.1  224s
 63792 30075 1084.92761   31   72 1501.63501 1072.96146  28.5%   5.2  230s
 64379 30221     cutoff   40      1501.63501 1073.44779  28.5%   5.2  237s
 65065 30349 infeasible   42      1501.63501 1073.78533  28.5%   5.3  244s
 65770 30533 1161.20854   36   16 1501.63501 1074.31015  28.5%   5.3  251s
 66500 30664 1168.30753   60   13 1501.63501 1074.85233  28.4%   5.3  258s
 67143 30762 1172.76506   61   48 1501.63501 1075.14389  28.4%   5.4  264s
 67781 30936 1153.09677   42   39 1501.63501 1075.52627  28.4%   5.4  272s
 68465 31316 1114.03312   40   16 1501.63501 1075.95236  28.3%   5.5  280s
 69207 31699 1477.38917   45   50 1501.63501 1076.41101  28.3%   5.5  288s
 69903 32091 1382.26628   45   11 1501.63501 1076.95478  28.3%   5.5  296s
 70604 32418 1190.53459   65   39 1501.63501 1077.34125  28.3%   5.6  307s
 71335 32781 1174.42717   44  111 1501.63501 1077.79256  28.2%   5.6  315s
 71897 33144 1273.89439   46   64 1501.63501 1078.14438  28.2%   5.6  325s
 72648 33585 1097.65691   37   25 1501.63501 1078.65106  28.2%   5.7  335s
 73389 33952 1270.59971   56  125 1501.63501 1079.12162  28.1%   5.7  346s
 74156 34416 1491.71767   75   76 1501.63501 1079.69997  28.1%   5.8  359s
 74979 34821     cutoff   45      1501.63501 1080.19067  28.1%   5.8  370s
 75746 35149 1210.99289   34   29 1501.63501 1080.69790  28.0%   5.8  382s
 76227 35490 1190.02118   39   39 1501.63501 1080.92985  28.0%   5.8  393s
 77065 35987 1126.80439   26   17 1501.63501 1081.28834  28.0%   5.9  408s
 77918 36430     cutoff   51      1501.63501 1081.80511  28.0%   5.9  421s
 78762 36845     cutoff   42      1501.63501 1082.43936  27.9%   5.9  434s
 79520 37302 1185.60606   39   58 1501.63501 1082.90033  27.9%   6.0  448s
 80375 37761 1156.63464   41   61 1501.63501 1083.31965  27.9%   6.0  463s
 81236 38242 1178.52542   40   19 1501.63501 1083.78069  27.8%   6.1  479s
 82061 38638 1136.30774   36   29 1501.63501 1084.12515  27.8%   6.1  494s
 82893 39119 1180.85297   38   33 1501.63501 1084.37290  27.8%   6.1  510s
 83772 39548     cutoff   44      1501.63501 1084.84231  27.8%   6.2  528s
 84608 40019 1165.48857   40   61 1501.63501 1085.20846  27.7%   6.2  550s
 85464 40478 1145.12827   33   58 1501.63501 1085.68340  27.7%   6.2  569s
 86376 40946 1227.92004   38   30 1501.63501 1085.90743  27.7%   6.3  589s
 87274 41462 1180.80254   32   60 1501.63501 1086.36376  27.7%   6.3  610s
 88171 41799 1207.74477   36   57 1501.63501 1086.59731  27.6%   6.3  627s
 88645 42109 1190.48245   54   39 1501.63501 1086.81436  27.6%   6.3  649s
 89526 42609 1290.74141   47   39 1501.63501 1086.96407  27.6%   6.4  672s
 90458 43082     cutoff   45      1501.63501 1087.24063  27.6%   6.4  694s
 91324 43559 1260.28809   67  155 1501.63501 1087.47329  27.6%   6.4  717s
 92245 44034 1250.35583   37   45 1501.63501 1087.98298  27.5%   6.5  741s
 93155 44426 1163.32348   33    9 1501.63501 1088.31596  27.5%   6.5  764s
 94072 44929 1128.48552   34   32 1501.63501 1088.51352  27.5%   6.5  790s
 94958 45401 1223.27775   37   70 1501.63501 1088.87952  27.5%   6.6  818s
 95882 45836 1385.29007   40   43 1501.63501 1089.23104  27.5%   6.6  843s
 96716 46254 1330.68392   52   50 1501.63501 1089.63949  27.4%   6.6  874s
 97672 46783 1255.56596   42   48 1501.63501 1090.06153  27.4%   6.6  905s
 98590 47311 1142.24056   34  163 1501.63501 1090.33211  27.4%   6.7  936s
 99566 47785 1237.10976   38   61 1501.63501 1090.73188  27.4%   6.7  969s
 100548 48341 1268.33274   41   56 1501.63501 1091.04300  27.3%   6.7  996s
 101510 48874 1274.80421   42   55 1501.63501 1091.39184  27.3%   6.7 1026s
 102504 49365 1328.27172   48   42 1501.63501 1091.85135  27.3%   6.8 1058s
 103507 49833 1133.42682   43   67 1501.63501 1092.17986  27.3%   6.8 1092s
 104461 50355 1321.22847   52    - 1501.63501 1092.44010  27.2%   6.8 1123s
 105256 50783 1324.66660   52   46 1501.63501 1092.71931  27.2%   6.8 1157s
 106247 51319 1149.78152   40   55 1501.63501 1092.77744  27.2%   6.9 1193s
 107219 51863 1211.16567   40   55 1501.63501 1093.33021  27.2%   6.9 1227s
 108209 52316 1207.97065   39   22 1501.63501 1093.58610  27.2%   6.9 1259s
 109147 52815 1385.86517   51   65 1501.63501 1093.89672  27.2%   6.9 1292s
 110127 53277 1235.70427   37    7 1501.63501 1094.34663  27.1%   7.0 1330s
 111114 53816 1260.15950   36   31 1501.63501 1094.59094  27.1%   7.0 1364s
 112097 54263 1275.09063   47   86 1501.63501 1094.91699  27.1%   7.0 1398s
 113047 54790     cutoff   47      1501.63501 1095.18410  27.1%   7.0 1434s
 114061 55283 1200.63969   46   76 1501.63501 1095.49340  27.0%   7.1 1470s
 115073 55837     cutoff   61      1501.63501 1095.86558  27.0%   7.1 1514s
 116059 56401     cutoff   54      1501.63501 1096.09419  27.0%   7.1 1556s
 117070 56874     cutoff   46      1501.63501 1096.47457  27.0%   7.1 1597s
 118119 57427 1135.96656   38    7 1501.63501 1096.63373  27.0%   7.1 1634s
 119120 57942 1174.38594   39   12 1501.63501 1096.94494  26.9%   7.2 1673s
 120091 58446     cutoff   47      1501.63501 1097.19806  26.9%   7.2 1721s
 121116 59033 1174.87497   40   99 1501.63501 1097.46810  26.9%   7.2 1762s
 122143 59532 1156.96531   36   43 1501.63501 1097.79876  26.9%   7.2 1807s
 123142 60022     cutoff   45      1501.63501 1098.09886  26.9%   7.2 1851s
 124096 60540     cutoff   45      1501.63501 1098.16802  26.9%   7.3 1896s
 125155 61091 1182.45665   39   35 1501.63501 1098.62091  26.8%   7.3 1939s
 126181 61656 1243.37298   44   36 1501.63501 1098.84928  26.8%   7.3 1985s
 127251 62227 1213.98336   82   11 1501.63501 1099.12991  26.8%   7.3 2028s
 128311 62780 1207.42074   47   17 1501.63501 1099.40999  26.8%   7.3 2078s
 129360 63364 1309.45659   50   11 1501.63501 1099.60698  26.8%   7.3 2124s
 130428 63870 1308.20071   41   79 1501.63501 1099.84703  26.8%   7.4 2168s
 131457 64415 1193.33745   38   99 1501.63501 1100.06554  26.7%   7.4 2219s
 132470 64928 1199.16253   43   24 1501.63501 1100.37674  26.7%   7.4 2269s
 133433 65436 1282.98157   43   51 1501.63501 1100.72234  26.7%   7.4 2317s
 134506 66004 1391.35987   46    - 1501.63501 1100.86164  26.7%   7.4 2363s
 135543 66567 1492.64329   45   64 1501.63501 1101.19519  26.7%   7.4 2416s
 136571 67102 1235.94827   42   11 1501.63501 1101.53363  26.6%   7.5 2466s
 137550 67633 1118.51508   40  135 1501.63501 1101.82655  26.6%   7.5 2519s
 138625 68104 1238.67319   36  109 1501.63501 1102.08910  26.6%   7.5 2575s
 139676 68700 1141.31588   32  100 1501.63501 1102.29791  26.6%   7.5 2629s
 140740 69228 1191.60432   40   11 1501.63501 1102.63015  26.6%   7.5 2688s
 141826 69824 1135.42437   41  112 1501.63501 1102.97496  26.5%   7.5 2758s
 142900 70414 1335.14816   47   67 1501.63501 1103.20522  26.5%   7.6 2815s
 143997 70871 1206.88496   39   19 1501.63501 1103.30057  26.5%   7.6 2885s
 145068 71509 1340.17232   75    9 1501.63501 1103.66040  26.5%   7.6 2945s
 146190 72100 1165.16889   41  165 1501.63501 1104.00091  26.5%   7.6 3003s
 147271 72573 1210.62408   44  116 1501.63501 1104.29470  26.5%   7.6 3068s
 148366 73120 1194.42847   41   33 1501.63501 1104.56431  26.4%   7.6 3135s
 149431 73701 1189.19115   39   89 1501.63501 1104.58850  26.4%   7.6 3189s
 150437 74174     cutoff   39      1501.63501 1105.04549  26.4%   7.7 3249s
 151540 74554 1437.45218   40   12 1501.63501 1105.29347  26.4%   7.7 3299s
 151542 74555 1158.55566   45  129 1501.63501 1105.29347  26.4%   7.7 3309s
 151543 74556 1172.82238   40  137 1501.63501 1105.29347  26.4%   7.7 3311s
 151545 74557 1226.18029   46  217 1501.63501 1105.29347  26.4%   7.7 3315s
 151546 74558 1247.78696   64  119 1501.63501 1105.29347  26.4%   7.7 3321s
 151547 74559 1156.91946   36  105 1501.63501 1105.29347  26.4%   7.7 3326s
 151548 74559 1311.17243   51  142 1501.63501 1105.29347  26.4%   7.7 3341s
 151550 74561 1366.67385   45  142 1501.63501 1105.29347  26.4%   7.7 3345s
 151551 74564 1105.29347   33  226 1501.63501 1105.29347  26.4%   7.7 3405s
 151553 74568 1105.29347   34  186 1501.63501 1105.29347  26.4%   7.7 3438s
 151557 74572 1105.29347   35  135 1501.63501 1105.29347  26.4%   7.7 3484s
 151565 74583 1105.29347   36  200 1501.63501 1105.29347  26.4%   7.7 3527s
 151577 74591 1105.29347   37  199 1501.63501 1105.29347  26.4%   7.7 3542s
 151589 74593 1105.29347   37  210 1501.63501 1105.29347  26.4%   7.7 3552s
 151601 74604 1105.29347   38  189 1501.63501 1105.29347  26.4%   7.7 3557s
 151613 74617 1105.29347   38  193 1501.63501 1105.29347  26.4%   7.7 3561s
 151634 74632 1105.29347   39  164 1501.63501 1105.29347  26.4%   7.7 3566s
 151654 74641 1105.29347   39   67 1501.63501 1105.29347  26.4%   7.7 3572s
 151676 74657 1197.13617   40  139 1501.63501 1105.29347  26.4%   7.7 3576s
 151698 74669 1105.29347   41  151 1501.63501 1105.29347  26.4%   7.7 3581s
 151723 74680 1181.91998   41  180 1501.63501 1105.29347  26.4%   7.7 3586s
 151751 74703 1105.29347   42   21 1501.63501 1105.29347  26.4%   7.7 3590s
 151779 74709 1105.29347   43   69 1501.63501 1105.29347  26.4%   7.7 3596s
 151812 74725 1105.29347   43   56 1501.63501 1105.29347  26.4%   7.7 3601s
 151837 74735 1115.05258   44   58 1501.63501 1105.29347  26.4%   7.7 3605s
 151869 74754 1121.40399   46   22 1501.63501 1105.29347  26.4%   7.7 3610s
 151906 74762 1122.17555   47   11 1501.63501 1105.29347  26.4%   7.7 3615s
 151942 74773 1191.10980   48    - 1501.63501 1105.29347  26.4%   7.7 3620s
 151979 74785 1177.83497   49    - 1501.63501 1105.29347  26.4%   7.7 3625s
 152002 74796 1147.18550   50  139 1501.63501 1105.29347  26.4%   7.7 3630s
 152037 74802 1145.46129   51  109 1501.63501 1105.29347  26.4%   7.7 3635s
 152125 74819 1309.26309   53   29 1501.63501 1105.29347  26.4%   7.7 3645s
 152182 74843 1334.67203   55   51 1501.63501 1105.29347  26.4%   7.7 3650s
 152243 74851 1255.94084   56   96 1501.63501 1105.29347  26.4%   7.7 3656s
 152297 74861 1147.88359   58   66 1501.63501 1105.29347  26.4%   7.7 3662s
 152345 74869 1213.66429   59  152 1501.63501 1105.29347  26.4%   7.7 3668s
 152410 74882 1283.60393   60    - 1501.63501 1105.29347  26.4%   7.7 3675s
 152475 74892 1401.70215   62  101 1501.63501 1105.29347  26.4%   7.7 3682s
 152535 74902 1330.73235   63   98 1501.63501 1105.29347  26.4%   7.7 3690s
 152592 74937 1345.62011   65  112 1501.63501 1105.29347  26.4%   7.7 3697s
 152667 74951 1457.65330   67    - 1501.63501 1105.29347  26.4%   7.7 3705s
 152743 74980 1105.29347   39   52 1501.63501 1105.29347  26.4%   7.7 3712s
 152818 75019 1105.29347   45   75 1501.63501 1105.29347  26.4%   7.7 3719s
 152912 75040 1105.29347   52   46 1501.63501 1105.29347  26.4%   7.7 3727s
 153007 75083 1290.73064   51  124 1501.63501 1105.29347  26.4%   7.7 3735s
 153095 75091 1120.00143   56   30 1501.63501 1105.29347  26.4%   7.7 3741s
 153169 75121 1161.01711   61   18 1501.63501 1105.29347  26.4%   7.7 3750s
 153250 75143     cutoff   62      1501.63501 1105.29347  26.4%   7.7 3759s
 153344 75212 1105.29347   44  170 1501.63501 1105.29347  26.4%   7.7 3770s
 153476 75276 1156.70732   50   13 1501.63501 1105.29347  26.4%   7.7 3780s
 153625 75311 1167.42933   53   78 1501.63501 1105.29347  26.4%   7.7 3789s
 153747 75355 1167.26574   58   86 1501.63501 1105.29347  26.4%   7.7 3798s
 153872 75395 1261.65269   58   87 1501.63501 1105.29347  26.4%   7.7 3807s
 153995 75437 1189.89022   67   21 1501.63501 1105.29347  26.4%   7.7 3818s
 154135 75515 1105.29347   44   75 1501.63501 1105.29347  26.4%   7.7 3832s
 154303 75576 1186.42494   54  139 1501.63501 1105.29347  26.4%   7.7 3842s
 154475 75607 1317.70341   54  125 1501.63501 1105.29347  26.4%   7.7 3853s
 154632 75693 1425.64981   55   79 1501.63501 1105.29347  26.4%   7.7 3867s
 154836 75774 1400.47428   62   90 1501.63501 1105.29347  26.4%   7.7 3880s
 155059 75849 1329.21556   66   61 1501.63501 1105.29347  26.4%   7.7 3893s
 155280 75936 1380.99677   73   17 1501.63501 1105.29347  26.4%   7.7 3908s
 155506 75974 1467.54989   74    - 1501.63501 1105.29347  26.4%   7.7 3926s
 155756 76110 1120.03589   45  115 1501.63501 1105.29347  26.4%   7.7 3946s
 156033 76199 1230.69634   58   42 1501.63501 1105.29347  26.4%   7.7 3963s
 156292 76308 1139.68895   90  165 1501.63501 1105.29347  26.4%   7.7 3979s
 156597 76424 1307.71531  100   10 1501.63501 1105.29347  26.4%   7.7 3994s
 156909 76587 1463.70408  101   78 1501.63501 1105.29347  26.4%   7.6 4009s
 157265 76771 1157.87845   73  161 1501.63501 1105.29347  26.4%   7.6 4023s
 157651 76884 1132.31663   75  110 1501.63501 1105.29347  26.4%   7.6 4042s
 157990 77032     cutoff   77      1501.63501 1105.29347  26.4%   7.6 4060s
 158380 77145 1143.19000   49   61 1501.63501 1105.29347  26.4%   7.6 4077s
 158726 77314 1279.54804   61  152 1501.63501 1105.29347  26.4%   7.6 4095s
 159154 77414 1280.71240   68   50 1501.63501 1105.29347  26.4%   7.6 4112s
 159468 77603     cutoff   95      1501.63501 1105.29347  26.4%   7.6 4132s
 159913 77806     cutoff   82      1501.63501 1105.29347  26.4%   7.6 4155s
 160427 78063 1309.59095   77   57 1501.63501 1105.29347  26.4%   7.6 4177s
 160995 78262     cutoff  105      1501.63501 1105.29347  26.4%   7.6 4202s
 161524 78495 1172.35289   80  140 1501.63501 1105.29347  26.4%   7.6 4229s
 162096 78674     cutoff   88      1501.63501 1105.29347  26.4%   7.6 4256s
 162639 78884 1443.82025   86   81 1501.63501 1105.29347  26.4%   7.6 4281s
 163231 79181     cutoff   85      1501.63501 1105.29347  26.4%   7.6 4310s
 163884 79514     cutoff  109      1501.63501 1105.29347  26.4%   7.6 4338s
 164581 79813 1239.27987   72    8 1501.63501 1105.29347  26.4%   7.6 4368s
 165286 80171 1290.03972   73   55 1501.63501 1105.29347  26.4%   7.6 4401s
 166071 80421 1200.32092   51   22 1501.63501 1105.29347  26.4%   7.6 4433s
 166829 80650 1257.09141   52   46 1501.63501 1105.29347  26.4%   7.6 4466s
 167444 80982     cutoff  115      1501.63501 1105.29347  26.4%   7.5 4501s
 168241 81266 1318.36557   76   14 1501.63501 1105.29347  26.4%   7.5 4533s
 169050 81632 1421.07781  104   11 1501.63501 1105.29347  26.4%   7.5 4568s
 169902 81912 1144.63339   85   71 1501.63501 1105.29347  26.4%   7.5 4604s
 170734 82226 1204.62224   55   81 1501.63501 1105.29347  26.4%   7.5 4643s
 171607 82548 1248.39672   57   14 1501.63501 1105.29347  26.4%   7.5 4681s
 172515 82934 1192.80840   56   11 1501.63501 1105.29347  26.4%   7.5 4716s
 173454 83301 1218.15971   50   42 1501.63501 1105.29347  26.4%   7.5 4758s
 174458 83559 1303.62998   84   18 1501.63501 1105.29347  26.4%   7.5 4795s
 175254 83960 1105.29347   56   74 1501.63501 1105.29347  26.4%   7.5 4836s
 176271 84279 1233.94966   69   31 1501.63501 1105.29347  26.4%   7.5 4884s
 177283 84732 1296.67095   68    - 1501.63501 1105.29347  26.4%   7.5 4931s
 178379 85190 1247.12867   62   54 1501.63501 1105.29347  26.4%   7.5 4978s
 179545 85727 1246.52065   62   32 1501.63501 1105.29347  26.4%   7.4 5029s
 180766 86170 1382.85447   86  100 1501.63501 1105.29347  26.4%   7.4 5081s
 182016 86589 1244.22795   49   78 1501.63501 1105.29347  26.4%   7.4 5131s
 183204 87123 1202.60522   53   31 1501.63501 1105.29347  26.4%   7.4 5183s
 184443 87361 1164.72500   81  144 1501.63501 1105.29347  26.4%   7.4 5245s
 185385 87899     cutoff   97      1501.63501 1105.29347  26.4%   7.4 5299s
 186617 88387 1167.42794   49   28 1501.63501 1105.29347  26.4%   7.4 5355s
 187838 88906 1203.76853   54   17 1501.63501 1105.29347  26.4%   7.4 5407s
 189071 89256 1349.17094   59   11 1501.63501 1105.29347  26.4%   7.4 5465s
 190270 89694 1183.21754   48   49 1501.63501 1105.29347  26.4%   7.4 5518s
 191462 90284 1204.07290   58   49 1501.63501 1105.29347  26.4%   7.4 5568s
 192755 90684 1384.38791   58  118 1501.63501 1105.29347  26.4%   7.3 5621s
 193946 91189 1221.99896   52   16 1501.63501 1105.29347  26.4%   7.3 5667s
 195191 91490 1153.98561   52  138 1501.63501 1105.29347  26.4%   7.3 5717s
 196111 91999 1254.44808   58  119 1501.63501 1105.29347  26.4%   7.3 5767s
 197364 92382 1307.35343   62   38 1501.63501 1105.29347  26.4%   7.3 5827s
 198572 92752 1151.90851   68   97 1501.63501 1105.29347  26.4%   7.3 5883s
 199742 93141 1225.66119   72   15 1501.63501 1105.29347  26.4%   7.3 5941s
 200908 93581 1454.59474   85    7 1501.63501 1105.29347  26.4%   7.3 5993s
 202110 94113 1248.59126   61  105 1501.63501 1105.29347  26.4%   7.3 6046s
 203368 94453 infeasible   82      1501.63501 1105.29347  26.4%   7.3 6103s
 204512 94829 1140.24006   45   23 1501.63501 1105.29347  26.4%   7.3 6158s
 205525 95357 1171.95145   71   33 1501.63501 1105.29347  26.4%   7.3 6212s
 206768 95840 1133.64163   49   18 1501.63501 1105.29347  26.4%   7.3 6273s
 207971 96296 1326.03492   49   21 1501.63501 1105.29347  26.4%   7.3 6326s
 209191 96599 1227.57234   49  163 1501.63501 1105.29347  26.4%   7.3 6380s
 210319 97112 1400.50423   80  140 1501.63501 1105.29347  26.4%   7.3 6437s
 211522 97428 1178.39102   74  174 1501.63501 1105.29347  26.4%   7.2 6489s
 212547 97896     cutoff   92      1501.63501 1105.29347  26.4%   7.2 6538s
 213705 98288 1280.00502   71    - 1501.63501 1105.29347  26.4%   7.2 6593s
 214889 98662 1375.44460   71   21 1501.63501 1105.29347  26.4%   7.2 6643s
 216055 98992 1324.76133   47  130 1501.63501 1105.29347  26.4%   7.2 6699s
 217089 99514 1248.38632   56  114 1501.63501 1105.29347  26.4%   7.2 6754s
 218330 99940 1331.92204   70  100 1501.63501 1105.29347  26.4%   7.2 6807s
 219551 100358 1171.67737   48   49 1501.63501 1105.29347  26.4%   7.2 6858s
 220735 100722 1164.85056   50   28 1501.63501 1105.29347  26.4%   7.2 6925s
 221848 101103 1142.75527   52   56 1501.63501 1105.29347  26.4%   7.2 6986s
 223035 101393 1162.83836   52    8 1501.63501 1105.29347  26.4%   7.2 7037s
 224064 101892 1194.83840   53  110 1501.63501 1105.29347  26.4%   7.2 7094s
 225293 102280 1192.15623   57   55 1501.63501 1105.29347  26.4%   7.2 7159s
 226468 102626 1408.04365   82    - 1501.63501 1105.29347  26.4%   7.2 7200s

Cutting planes:
  Gomory: 6
  Zero half: 5
  RLT: 4
  Lazy constraints: 10468

Explored 227410 nodes (1630008 simplex iterations) in 7201.03 seconds
Thread count was 12 (of 12 available processors)

Solution count 3: 1501.64 1503.16 1514.13 

Time limit reached
Best objective 1.501635011007e+03, best bound 1.105293471012e+03, gap 26.3940%

User-callback calls 1386301, time in user-callback 5.87 sec
/projects/academic/josewalt/caigao/RRARP_BD/BendersDecomp/ret/model_outs/n_21_h_3_algo_2.out
 =====>>>>> Solution is written to file in <../ret/model_outs> !!!
===>> All Done!
