NPROCS=0
This instance is clustered!
Gurobi Optimizer version 9.0.0 build v9.0.0rc2 (linux64)
Optimize a model with 36 rows, 325 columns and 648 nonzeros
Model fingerprint: 0xc4adec91
Variable types: 1 continuous, 324 integer (324 binary)
Coefficient statistics:
  Matrix range     [1e+00, 1e+00]
  Objective range  [1e+00, 3e+02]
  Bounds range     [1e+00, 1e+00]
  RHS range        [1e+00, 1e+00]
Presolve removed 2 rows and 51 columns
Presolve time: 0.00s
Presolved: 34 rows, 274 columns, 546 nonzeros
Variable types: 1 continuous, 273 integer (273 binary)

Root relaxation: objective 3.116182e+02, 29 iterations, 0.00 seconds

    Nodes    |    Current Node    |     Objective Bounds      |     Work
 Expl Unexpl |  Obj  Depth IntInf | Incumbent    BestBd   Gap | It/Node Time

     0     0  469.60167    0   16          -  469.60167      -     -    0s
     0     0  622.12199    0    8          -  622.12199      -     -    0s
     0     0  629.44741    0   10          -  629.44741      -     -    0s
H    0     0                     957.5949700  629.44741  34.3%     -    0s
H    0     0                     826.4871293  629.44741  23.8%     -    0s
     0     0  630.12802    0   37  826.48713  630.12802  23.8%     -    0s
     0     2  631.17908    0   40  826.48713  631.17908  23.6%     -    0s
 19435  6453  820.47725   42    8  826.48713  754.14779  8.75%   7.5    5s
 36743  8068     cutoff   49       826.48713  780.51693  5.56%   8.1   10s
 54354  3838     cutoff   33       826.48713  804.99885  2.60%   8.8   15s

Cutting planes:
  Gomory: 3
  Zero half: 6
  RLT: 1
  Lazy constraints: 832

Explored 60716 nodes (545498 simplex iterations) in 16.34 seconds
Thread count was 12 (of 12 available processors)

Solution count 2: 826.487 957.595 

Optimal solution found (tolerance 1.00e-04)
Best objective 8.264871292585e+02, best bound 8.264871292585e+02, gap 0.0000%

User-callback calls 126571, time in user-callback 0.11 sec
/projects/academic/josewalt/caigao/RRARP_BD/BendersDecomp/ret/model_outs/n_16_h_2_algo_3.out
 =====>>>>> Solution is written to file in <../ret/model_outs> !!!
===>> All Done!
