NPROCS=0
This instance is clustered!
Gurobi Optimizer version 9.0.0 build v9.0.0rc2 (linux64)
Optimize a model with 46 rows, 530 columns and 1058 nonzeros
Model fingerprint: 0x81482ebe
Variable types: 1 continuous, 529 integer (529 binary)
Coefficient statistics:
  Matrix range     [1e+00, 1e+00]
  Objective range  [1e+00, 5e+02]
  Bounds range     [1e+00, 1e+00]
  RHS range        [1e+00, 1e+00]
Presolve removed 2 rows and 66 columns
Presolve time: 0.00s
Presolved: 44 rows, 464 columns, 926 nonzeros
Variable types: 1 continuous, 463 integer (463 binary)

Root relaxation: objective 9.792550e+02, 36 iterations, 0.00 seconds

    Nodes    |    Current Node    |     Objective Bounds      |     Work
 Expl Unexpl |  Obj  Depth IntInf | Incumbent    BestBd   Gap | It/Node Time

     0     0 1073.70659    0   10          - 1073.70659      -     -    0s
     0     0 1304.03122    0   32          - 1304.03122      -     -    0s
     0     2 1316.63753    0   45          - 1316.63753      -     -    0s
*  280   274              18    1723.1325173 1340.64912  22.2%   7.2    0s
H 2045  1352                    1723.1324883 1363.40836  20.9%   5.9    1s
H 2094  1323                    1723.1324785 1363.40836  20.9%   6.1    2s
* 4330  2061              46    1719.3836450 1367.47103  20.5%   6.2    3s
* 8600  4481              44    1715.6198817 1412.70288  17.7%   6.2    4s
  9849  5581 1655.11856   51   19 1715.61988 1416.83810  17.4%   6.1    5s
*10322  5274              61    1655.0535125 1417.84425  14.3%   6.1    5s
*19697 10740              61    1641.7106266 1438.06241  12.4%   6.3    8s
H23460 12301                    1622.8719716 1442.97065  11.1%   6.3    9s
 24650 13177 1613.95980   45    - 1622.87197 1444.11339  11.0%   6.3   10s
 36957 19564 1611.45624   51   20 1622.87197 1457.32856  10.2%   6.5   16s
H36964 13498                    1571.2238070 1457.32856  7.25%   6.5   16s
H36992 13498                    1571.2237875 1457.84387  7.22%   6.5   17s
 41849 15391 1540.16735   52   23 1571.22379 1463.54994  6.85%   6.7   20s
 50729 18067 infeasible   47      1571.22379 1472.76164  6.27%   7.1   25s
 59386 20367 1520.00993   38   34 1571.22379 1480.00735  5.81%   7.3   30s
 67204 22013 infeasible   31      1571.22379 1485.81393  5.44%   7.4   35s
 75391 23236 1556.60470   25   20 1571.22379 1491.67168  5.06%   7.6   40s
 83339 24246 1526.71237   37   37 1571.22379 1496.40719  4.76%   7.7   45s
 89483 24857 1545.09854   42   27 1571.22379 1499.71200  4.55%   7.8   50s
 96757 25294 1545.40400   38   28 1571.22379 1503.86681  4.29%   7.9   55s
 105182 25691 1542.99446   31   21 1571.22379 1508.05008  4.02%   8.0   60s
 113407 25566 1546.03416   31   30 1571.22379 1512.44251  3.74%   8.1   65s
 120328 25285 1527.28186   38   20 1571.22379 1515.80079  3.53%   8.2   70s
H125028 24955                    1571.2237871 1517.91387  3.39%   8.2   73s
 126029 24954     cutoff   29      1571.22379 1518.45257  3.36%   8.3   75s
 132015 24079 1563.54228   30   33 1571.22379 1521.41126  3.17%   8.3   80s
 140283 22666 1550.54764   33   41 1571.22379 1525.94988  2.88%   8.4   85s
 147409 20991 1554.93573   37   11 1571.22379 1529.67116  2.64%   8.5   90s
 154528 18922 1569.60680   42   30 1571.22379 1533.52701  2.40%   8.6   95s
 161640 16301 infeasible   30      1571.22379 1537.77061  2.13%   8.7  100s
 168697 13070 1548.07802   28    8 1571.22379 1542.22386  1.85%   8.8  105s
 175841  9037 infeasible   37      1571.22379 1547.98922  1.48%   9.0  110s
 183936  2931     cutoff   39      1571.22379 1558.65894  0.80%   9.1  115s

Cutting planes:
  Gomory: 8
  MIR: 5
  Inf proof: 2
  Zero half: 30
  RLT: 1
  Lazy constraints: 1845

Explored 188205 nodes (1730517 simplex iterations) in 118.09 seconds
Thread count was 12 (of 12 available processors)

Solution count 7: 1571.22 1622.87 1641.71 ... 1723.13

Optimal solution found (tolerance 1.00e-04)
Best objective 1.571223787088e+03, best bound 1.571223787088e+03, gap 0.0000%

User-callback calls 406602, time in user-callback 0.28 sec
/projects/academic/josewalt/caigao/RRARP_BD/BendersDecomp/ret/model_outs/n_21_m_7_algo_3.out
 =====>>>>> Solution is written to file in <../ret/model_outs> !!!
===>> All Done!
