NPROCS=0
This instance is clustered!
Gurobi Optimizer version 9.0.0 build v9.0.0rc2 (linux64)
Optimize a model with 56 rows, 785 columns and 1568 nonzeros
Model fingerprint: 0x510efd59
Variable types: 1 continuous, 784 integer (784 binary)
Coefficient statistics:
  Matrix range     [1e+00, 1e+00]
  Objective range  [1e+00, 7e+02]
  Bounds range     [1e+00, 1e+00]
  RHS range        [1e+00, 1e+00]
Presolve removed 2 rows and 81 columns
Presolve time: 0.01s
Presolved: 54 rows, 704 columns, 1406 nonzeros
Variable types: 1 continuous, 703 integer (703 binary)

Root relaxation: objective 1.155426e+03, 48 iterations, 0.00 seconds

    Nodes    |    Current Node    |     Objective Bounds      |     Work
 Expl Unexpl |  Obj  Depth IntInf | Incumbent    BestBd   Gap | It/Node Time

     0     0 1491.42218    0   22          - 1491.42218      -     -    0s
     0     0 1637.98378    0   18          - 1637.98378      -     -    0s
     0     2 1644.16142    0   18          - 1644.16142      -     -    0s
* 3173  3087             211    2532.1848191 1682.30677  33.6%   3.1    0s
H 3368  3080                    2530.4372098 1682.30677  33.5%   3.0    0s
H 3370  2921                    2528.5982751 1682.30677  33.5%   3.0    1s
  8377  4871 2230.40266  155   23 2528.59828 1684.96545  33.4%   4.1    5s
 13048  7206 2314.21093   49    6 2528.59828 1724.57290  31.8%   4.2   10s
 18410 11642 2214.41476   55    8 2528.59828 1732.67666  31.5%   4.0   15s
 21645 14309 2226.34055  129   18 2528.59828 1734.91337  31.4%   4.2   20s
 24299 16274     cutoff  150      2528.59828 1736.14198  31.3%   4.2   25s
 27810 19119 infeasible  219      2528.59828 1738.82012  31.2%   4.2   30s
 28206 19178 2291.69709   89   18 2528.59828 1738.82012  31.2%   4.3  106s
 28209 19180 1968.10144   56    6 2528.59828 1738.82012  31.2%   4.3  110s
 28211 19181 2128.20647   93    6 2528.59828 1738.82012  31.2%   4.3  137s
 28218 19195 1738.82012   32   18 2528.59828 1738.82012  31.2%   4.3  140s
 28460 19358 1738.82012   43   34 2528.59828 1738.82012  31.2%   4.3  145s
 29147 19708 2141.47106   71    - 2528.59828 1738.82012  31.2%   4.3  150s
 30229 20255 2228.72258  107    - 2528.59828 1738.82012  31.2%   4.4  155s
 32114 21224 2428.07065  152    - 2528.59828 1738.82012  31.2%   4.4  160s
 33821 21971 2087.84074  194   22 2528.59828 1738.82012  31.2%   4.5  165s
 36179 22931     cutoff  183      2528.59828 1738.82012  31.2%   4.5  171s
 37536 23152 2482.51441   72    6 2528.59828 1738.82012  31.2%   4.6  176s
 38380 23822 1810.92198   61   14 2528.59828 1738.82012  31.2%   4.6  180s
 40400 24800 2438.18135  147   10 2528.59828 1738.82012  31.2%   4.6  185s
 41711 25494 1972.82207  109   13 2528.59828 1738.82012  31.2%   4.6  190s
 43962 26651 2370.40176  148    6 2528.59828 1738.82012  31.2%   4.6  195s
 47070 28450 2021.23555   88   19 2528.59828 1741.93740  31.1%   4.5  201s
 48919 29058 1911.86877   98   10 2528.59828 1743.25079  31.1%   4.5  206s
 50494 30167 1809.87203  125   19 2528.59828 1745.81826  31.0%   4.5  211s
 52350 30883 1913.53272  127   32 2528.59828 1746.87579  30.9%   4.5  217s
 53133 31042 2316.77890  192    6 2528.59828 1747.73174  30.9%   4.5  220s
 54563 31717 2139.81389   80    - 2528.59828 1747.78088  30.9%   4.5  227s
 55378 32201 2421.29268   95   12 2528.59828 1747.78088  30.9%   4.5  230s
 57464 32994 2340.63546  129    - 2528.59828 1750.04540  30.8%   4.5  236s
 58342 33712 2367.86604  129   10 2528.59828 1751.02135  30.8%   4.5  240s
 60587 34593     cutoff  182      2528.59828 1751.10255  30.7%   4.5  246s
 62744 36172 2480.15694   97   16 2528.59828 1752.64865  30.7%   4.5  251s
 64028 36432 1956.22442  154   16 2528.59828 1753.69211  30.6%   4.4  255s
 65945 37747 1933.69757  117   31 2528.59828 1754.00205  30.6%   4.4  263s
 67177 38262     cutoff  199      2528.59828 1754.80314  30.6%   4.4  266s
 68877 39392 1946.52572  137   39 2528.59828 1755.57343  30.6%   4.4  271s
 70168 39832 2445.79805  183   14 2528.59828 1756.36544  30.5%   4.4  275s
 71233 40351     cutoff  180      2528.59828 1757.26007  30.5%   4.4  280s
 73276 40820 2343.60341   92    9 2528.59828 1758.40042  30.5%   4.4  288s
 73957 41468     cutoff   97      2528.59828 1759.32120  30.4%   4.4  293s
 74957 41649     cutoff  165      2528.59828 1759.32452  30.4%   4.4  297s
 75517 42452     cutoff  163      2528.59828 1759.64667  30.4%   4.4  301s
 76699 43159 1830.16372   94   11 2528.59828 1760.45049  30.4%   4.4  306s
 77915 43961 2479.31572  181   12 2528.59828 1760.96861  30.4%   4.4  310s
 80089 45182 1850.99703   91   17 2528.59828 1761.89177  30.3%   4.3  318s
 81493 45555     cutoff  188      2528.59828 1762.30192  30.3%   4.3  322s
 82581 46425 1882.89538  108   18 2528.59828 1762.73838  30.3%   4.3  326s
 83869 46834 2041.74531  189   16 2528.59828 1762.86440  30.3%   4.3  332s
 84934 47530 1870.76610   42   10 2528.59828 1763.30990  30.3%   4.3  337s
 86080 48298 1818.82040  109   16 2528.59828 1763.55785  30.3%   4.3  341s
 87253 49289 2379.06462  232    - 2528.59828 1763.94950  30.2%   4.3  345s
 88392 50324 2421.68849  232    9 2528.59828 1764.52698  30.2%   4.3  351s
 89516 51112 2209.96101  233    4 2528.59828 1764.98032  30.2%   4.2  357s
 90526 52047     cutoff  236      2528.59828 1765.13929  30.2%   4.2  362s
 91595 52654     cutoff  237      2528.59828 1765.40230  30.2%   4.2  367s
 92438 53268     cutoff  238      2528.59828 1765.67676  30.2%   4.3  371s
 93297 54251 2349.44087  105   10 2528.59828 1765.95299  30.2%   4.3  376s
 94363 55283 1970.11658   68    - 2528.59828 1765.97524  30.2%   4.3  380s
 95521 55730 2216.29215  152    - 2528.59828 1766.03602  30.2%   4.2  386s
 96326 56080 2000.32701   47    6 2528.59828 1766.03602  30.2%   4.3  392s
 97003 56612 2382.58273   72    6 2528.59828 1766.80945  30.1%   4.3  398s
 97713 57286     cutoff  118      2528.59828 1766.81958  30.1%   4.3  404s
 98636 57446 1795.78900   67   12 2528.59828 1766.81958  30.1%   4.3  409s
 98729 58139 1797.25734   68   16 2528.59828 1766.85946  30.1%   4.3  415s
 99743 58808 infeasible  155      2528.59828 1767.04400  30.1%   4.3  422s
 100681 59534 2095.65420   55   11 2528.59828 1767.17973  30.1%   4.3  428s
 101628 60496 2372.68119   71   11 2528.59828 1767.37925  30.1%   4.3  435s
 102777 61560 2038.14616  121   12 2528.59828 1767.95130  30.1%   4.3  442s
 104013 62416     cutoff  160      2528.59828 1768.22795  30.1%   4.3  448s
 105100 63274 2037.45616  164   36 2528.59828 1768.58282  30.1%   4.3  456s
 106175 64495 1789.16098   72    8 2528.59828 1768.62401  30.1%   4.3  462s
 107506 65162 2412.91737  193    - 2528.59828 1768.81356  30.0%   4.3  470s
 108489 65810 1928.35534   55   10 2528.59828 1769.64549  30.0%   4.3  477s
 109315 66732 1896.34376   77    6 2528.59828 1769.64549  30.0%   4.3  482s
 110419 67652 2258.51046  159   20 2528.59828 1770.24199  30.0%   4.3  489s
 111609 68491     cutoff  196      2528.59828 1770.85993  30.0%   4.3  497s
 112657 69094 2047.97596   58    - 2528.59828 1770.98325  30.0%   4.3  505s
 113521 69879 2405.88183   88    - 2528.59828 1771.12677  30.0%   4.3  513s
 114590 70235 2398.00325   92    6 2528.59828 1771.35417  29.9%   4.3  520s
 115330 70925 2393.92501  133    - 2528.59828 1771.48070  29.9%   4.3  526s
 116260 72055 2498.95313  133    8 2528.59828 1771.56989  29.9%   4.4  533s
 117571 73046 2048.91214  144   24 2528.59828 1772.01145  29.9%   4.4  542s
 118759 74256     cutoff  175      2528.59828 1772.31032  29.9%   4.3  548s
 120119 75447 1955.23621  176    - 2528.59828 1772.62276  29.9%   4.3  555s
 121487 75992     cutoff  176      2528.59828 1772.92569  29.9%   4.3  563s
 122464 76942 2493.43857  175    - 2528.59828 1773.48184  29.9%   4.3  570s
 123564 77968 2520.88457  175    8 2528.59828 1773.74068  29.9%   4.3  577s
 124679 78934 1838.95833   52   16 2528.59828 1774.01435  29.8%   4.3  584s
 125732 80023 1916.06089   56   16 2528.59828 1774.17297  29.8%   4.3  590s
 127028 81000     cutoff  190      2528.59828 1774.59861  29.8%   4.3  598s
 128186 81959 2411.22478   74    6 2528.59828 1775.00803  29.8%   4.3  606s
 129373 82647 2016.92705  130   29 2528.59828 1775.02495  29.8%   4.3  615s
 130359 83711 2362.66913  139   10 2528.59828 1775.44566  29.8%   4.3  625s
 131590 84509     cutoff  163      2528.59828 1775.80507  29.8%   4.3  635s
 132607 85712 2341.98090   93    - 2528.59828 1775.84453  29.8%   4.3  644s
 133924 86770 2167.89140  172    6 2528.59828 1776.48628  29.7%   4.3  652s
 135176 87827     cutoff  173      2528.59828 1776.77587  29.7%   4.3  660s
 136396 87966 1875.60427  108   37 2528.59828 1776.92300  29.7%   4.3  676s
 136475 88540 2070.42676  109   13 2528.59828 1777.13975  29.7%   4.3  688s
 137358 89409 2429.34334  123    - 2528.59828 1777.17980  29.7%   4.3  696s
 138467 90535 2192.26453  145   14 2528.59828 1777.42563  29.7%   4.3  703s
 139690 91624 2371.59498  166   23 2528.59828 1777.60645  29.7%   4.3  711s
 140952 92564     cutoff  171      2528.59828 1777.82663  29.7%   4.3  722s
 142126 93257 2025.76677  140   15 2528.59828 1778.05572  29.7%   4.3  733s
 143102 94000 2289.08318  151    6 2528.59828 1778.21566  29.7%   4.3  742s
 144001 94811     cutoff  152      2528.59828 1778.28099  29.7%   4.3  753s
 145026 95624 2270.49024   69    6 2528.59828 1778.37913  29.7%   4.3  763s
 146040 96397 2443.86472   93    - 2528.59828 1778.37913  29.7%   4.3  772s
 147092 97373 1824.09458  117   15 2528.59828 1778.37913  29.7%   4.3  780s
 148291 98419 2362.91701  143    - 2528.59828 1779.14652  29.6%   4.3  789s
 149467 99525 1866.43738   48   15 2528.59828 1779.33424  29.6%   4.3  798s
 150804 100185 1957.49190  177   13 2528.59828 1779.70680  29.6%   4.3  811s
 151847 101204     cutoff  205      2528.59828 1779.88510  29.6%   4.3  822s
 153012 102273 2298.80535  205    6 2528.59828 1780.23211  29.6%   4.3  833s
 154223 103227     cutoff  208      2528.59828 1780.73482  29.6%   4.3  844s
 155243 103320     cutoff  144      2528.59828 1781.05685  29.6%   4.3  845s
 155348 104396 1868.34897   43    9 2528.59828 1781.05685  29.6%   4.3  855s
 156630 105498 1932.12150  177   11 2528.59828 1781.11799  29.6%   4.3  865s
 157910 106612     cutoff  200      2528.59828 1781.53969  29.5%   4.3  876s
 159153 107586     cutoff  153      2528.59828 1781.77621  29.5%   4.2  884s
 160324 108279 1986.27820   97   17 2528.59828 1781.94531  29.5%   4.2  895s
 161233 109087 1842.23327   59   25 2528.59828 1782.18696  29.5%   4.2  905s
 162276 110237 2416.93521   97   18 2528.59828 1782.29848  29.5%   4.2  914s
 163509 111239 1814.85146   50    9 2528.59828 1782.38027  29.5%   4.2  925s
 164739 111743 2016.20522  172   14 2528.59828 1782.51512  29.5%   4.2  938s
 165589 112580 2047.72650   51    - 2528.59828 1782.86019  29.5%   4.2  948s
 166612 113460 2387.01330   78   14 2528.59828 1782.90987  29.5%   4.2  958s
 167699 114508 1874.39979  158    8 2528.59828 1783.13849  29.5%   4.2  966s
 168942 115392 2435.44245  205    - 2528.59828 1783.24429  29.5%   4.2  977s
 170064 116484 2483.39877  205   22 2528.59828 1783.66804  29.5%   4.2  988s
 171263 117196 2105.94671   74    - 2528.59828 1783.82393  29.5%   4.2 1000s
 172251 117864 2103.82139  162   16 2528.59828 1783.98060  29.4%   4.2 1011s
 173193 118923     cutoff  172      2528.59828 1784.07384  29.4%   4.2 1021s
 174388 119806 1868.40241  111   11 2528.59828 1784.26128  29.4%   4.2 1032s
 175527 120900     cutoff  194      2528.59828 1784.42747  29.4%   4.2 1043s
 176746 121410 infeasible  191      2528.59828 1784.59628  29.4%   4.2 1058s
 177527 122230 1971.45263   60   12 2528.59828 1784.64355  29.4%   4.2 1072s
 178547 122865 1813.73113   80    6 2528.59828 1784.64355  29.4%   4.2 1085s
 179419 123680 2325.57018   98   13 2528.59828 1784.64355  29.4%   4.3 1098s
 180410 124124 1840.10868  119   10 2528.59828 1784.64355  29.4%   4.3 1116s
 181255 124761 2235.66280  140    - 2528.59828 1784.64355  29.4%   4.3 1132s
 182177 125587 2164.52352  164    - 2528.59828 1784.64355  29.4%   4.3 1145s
 183223 126461 1901.40844  188   26 2528.59828 1785.74782  29.4%   4.3 1157s
 184279 127423 2025.39891  196   14 2528.59828 1786.05320  29.4%   4.3 1170s
 185512 128498 2452.50761  204    6 2528.59828 1786.20242  29.4%   4.3 1181s
 186849 128716     cutoff  206      2528.59828 1786.42608  29.4%   4.3 1199s
 187070 129762 1926.94941   93   11 2528.59828 1786.66628  29.3%   4.3 1216s
 188259 130776 2158.13601   66    8 2528.59828 1786.69878  29.3%   4.3 1229s
 188585 130800 1925.54437  167   16 2528.59828 1786.71801  29.3%   4.3 1230s
 189525 131927 1979.10244  118    6 2528.59828 1786.83210  29.3%   4.3 1241s
 190833 132969 2221.95435  178   12 2528.59828 1786.90845  29.3%   4.3 1255s
 192137 133682 2464.51633  191   12 2528.59828 1787.06879  29.3%   4.3 1275s
 193176 134748 2046.58250   44    6 2528.59828 1787.29840  29.3%   4.3 1292s
 194399 135652 1847.73201   69    9 2528.59828 1787.29840  29.3%   4.3 1308s
 195536 136308 2234.24970   90    6 2528.59828 1787.29840  29.3%   4.3 1325s
 196537 136967 1907.10892  111   32 2528.59828 1787.29840  29.3%   4.3 1339s
 197492 137970 2237.51195  130    - 2528.59828 1787.29840  29.3%   4.3 1352s
 198670 138876     cutoff  152      2528.59828 1787.29840  29.3%   4.3 1367s
 199872 139651     cutoff  172      2528.59828 1787.29840  29.3%   4.3 1384s
 200980 140645 2045.53060  195   28 2528.59828 1788.33906  29.3%   4.3 1397s
 202200 141878 2333.06049  206    9 2528.59828 1788.51414  29.3%   4.3 1408s
 203604 143082 1971.60608  182   16 2528.59828 1788.77983  29.3%   4.3 1421s
 204952 144173     cutoff  198      2528.59828 1788.93566  29.3%   4.3 1433s
 206280 145277 1904.74585  130   26 2528.59828 1789.12913  29.2%   4.3 1443s
 207459 146285 2465.01779  168   14 2528.59828 1789.17577  29.2%   4.3 1456s
 208694 147284 1917.04847  138   34 2528.59828 1789.25588  29.2%   4.3 1469s
 209908 148400     cutoff  187      2528.59828 1789.46078  29.2%   4.3 1484s
 211178 149184 1906.07621  106   14 2528.59828 1789.60924  29.2%   4.3 1499s
 212208 150193     cutoff  157      2528.59828 1789.75401  29.2%   4.3 1515s
 213435 151283 infeasible  163      2528.59828 1789.84754  29.2%   4.3 1530s
 214711 152345 1916.36437  163   32 2528.59828 1789.98586  29.2%   4.3 1545s
 215956 153692     cutoff  185      2528.59828 1790.26874  29.2%   4.3 1558s
 217371 154694 1987.26474  177   13 2528.59828 1790.44921  29.2%   4.3 1571s
 218544 155827 1889.43074   44    6 2528.59828 1790.47596  29.2%   4.2 1584s
 219846 156420     cutoff  200      2528.59828 1790.59642  29.2%   4.2 1600s
 220807 157486 2000.95086  111   40 2528.59828 1790.84945  29.2%   4.2 1613s
 221979 158541     cutoff  197      2528.59828 1791.00515  29.2%   4.2 1625s
 223201 159584 1893.24927  126    8 2528.59828 1791.16057  29.2%   4.2 1637s
 224417 160402 2321.17454  176    - 2528.59828 1791.29403  29.2%   4.2 1658s
 225466 161097 2330.78115  176   13 2528.59828 1791.43799  29.2%   4.2 1683s
 226383 162060 2179.20273  114   39 2528.59828 1791.54137  29.1%   4.2 1702s
 227524 162383 2279.68438  131    6 2528.59828 1791.64361  29.1%   4.2 1722s
 228295 162948 2453.37696  156    6 2528.59828 1791.81709  29.1%   4.3 1740s
 229048 163982 infeasible  160      2528.59828 1791.94205  29.1%   4.3 1758s
 230252 164789 infeasible  174      2528.59828 1792.13657  29.1%   4.3 1781s
 231361 165604 1898.00456   57   13 2528.59828 1792.14331  29.1%   4.3 1797s
 232427 166532 2211.66808   98   13 2528.59828 1792.33634  29.1%   4.3 1812s
 233635 167045     cutoff  119      2528.59828 1792.53265  29.1%   4.3 1839s
 234466 167497 2057.23909   65    - 2528.59828 1792.69305  29.1%   4.3 1864s
 235205 168214 2319.91561   85    - 2528.59828 1792.69305  29.1%   4.3 1884s
 236066 168940 2443.08992  104   12 2528.59828 1792.69305  29.1%   4.3 1902s
 237057 169611 2354.61649  124    - 2528.59828 1792.69305  29.1%   4.3 1920s
 238048 170074 2092.33839  145   14 2528.59828 1792.69305  29.1%   4.3 1948s
 238875 171137 2250.94538  171    6 2528.59828 1793.16088  29.1%   4.3 1967s
 240010 172129     cutoff  174      2528.59828 1793.25558  29.1%   4.3 1987s
 241302 173253     cutoff  167      2528.59828 1793.44364  29.1%   4.3 2005s
 242603 174012     cutoff  137      2528.59828 1793.52745  29.1%   4.3 2027s
 243717 174775 1881.94027   60   19 2528.59828 1793.62794  29.1%   4.3 2050s
 244785 175457 2075.20933   95   12 2528.59828 1793.62794  29.1%   4.3 2073s
 245761 176596 2440.52730  119    8 2528.59828 1793.62794  29.1%   4.3 2093s
 247100 176715 2215.21013  143   18 2528.59828 1793.62794  29.1%   4.3 2136s
 247204 177584     cutoff  143      2528.59828 1793.62794  29.1%   4.3 2166s
 248417 178794 2279.97124  171   37 2528.59828 1794.19281  29.0%   4.3 2187s
 249787 179368 1967.54547  104   17 2528.59828 1794.19281  29.0%   4.3 2204s
 250584 180353 2005.87466  164   27 2528.59828 1794.30155  29.0%   4.3 2224s
 251887 181460 2272.36576  203    6 2528.59828 1794.36389  29.0%   4.3 2247s
 253238 182904     cutoff  204      2528.59828 1794.57967  29.0%   4.3 2267s
 254780 184072 2003.10439  186   13 2528.59828 1794.68461  29.0%   4.3 2287s
 256219 185426 2152.46494  203    8 2528.59828 1794.77603  29.0%   4.3 2303s
 257690 186332     cutoff  204      2528.59828 1794.98342  29.0%   4.3 2319s
 258775 187510     cutoff  166      2528.59828 1795.09654  29.0%   4.3 2337s
 260134 188670 infeasible  140      2528.59828 1795.22249  29.0%   4.3 2355s
 261482 188808 2342.33126   91   14 2528.59828 1795.30876  29.0%   4.3 2388s
 261548 189649 2342.72716   92    - 2528.59828 1795.38839  29.0%   4.3 2408s
 262770 190453 infeasible  119      2528.59828 1795.52455  29.0%   4.3 2430s
 263839 191111 2005.59570  167   15 2528.59828 1795.62854  29.0%   4.3 2454s
 264847 192173 1907.95806   56   16 2528.59828 1795.64972  29.0%   4.3 2482s
 266095 193334 2241.34355  120   17 2528.59828 1795.71829  29.0%   4.3 2500s
 267370 194513 1936.52304  161   13 2528.59828 1795.77091  29.0%   4.3 2529s
 268739 195381 2051.65154  193   17 2528.59828 1795.83446  29.0%   4.3 2557s
 269895 195952 2323.70555  196   20 2528.59828 1795.99659  29.0%   4.3 2584s
 270357 196050 2059.60536  107   15 2528.59828 1796.06380  29.0%   4.3 2585s
 270789 196790     cutoff  211      2528.59828 1796.09758  29.0%   4.3 2607s
 271803 197584 2001.37088  171   10 2528.59828 1796.16352  29.0%   4.3 2625s
 272860 198668     cutoff  204      2528.59828 1796.31308  29.0%   4.3 2641s
 274150 199828     cutoff  202      2528.59828 1796.36481  29.0%   4.3 2661s
 275475 200653 2082.70829   51    6 2528.59828 1796.59677  28.9%   4.3 2678s
 276504 201830 2252.33978   96   21 2528.59828 1796.76639  28.9%   4.3 2694s
 277864 202523 2325.36493  116   26 2528.59828 1796.91733  28.9%   4.3 2721s
 278822 203280     cutoff  140      2528.59828 1797.00297  28.9%   4.3 2743s
 279777 203941 2507.85014  137    6 2528.59828 1797.00595  28.9%   4.3 2764s
 280706 204628 1870.20668  138   23 2528.59828 1797.04858  28.9%   4.3 2783s
 281720 205654     cutoff  160      2528.59828 1797.07383  28.9%   4.3 2805s
 282952 206734 2104.21710  143   16 2528.59828 1797.11233  28.9%   4.3 2824s
 283868 206803 1966.05526  130   28 2528.59828 1797.34237  28.9%   4.3 2825s
 284241 207647 1915.23207  154   38 2528.59828 1797.39210  28.9%   4.3 2851s
 285420 208604 2139.20237   52    6 2528.59828 1797.59515  28.9%   4.3 2878s
 286619 209683     cutoff  174      2528.59828 1797.72068  28.9%   4.3 2900s
 287889 210800 2051.67005  110   10 2528.59828 1797.86351  28.9%   4.3 2924s
 289153 211935     cutoff  157      2528.59828 1797.96490  28.9%   4.3 2943s
 290488 212505     cutoff  159      2528.59828 1798.06514  28.9%   4.3 2971s
 291397 213101     cutoff  184      2528.59828 1798.17889  28.9%   4.3 3003s
 292222 213881     cutoff  182      2528.59828 1798.22312  28.9%   4.3 3026s
 293247 214699 2018.78362   54   17 2528.59828 1798.23502  28.9%   4.3 3048s
 294382 215549 2411.77048  108    6 2528.59828 1798.25025  28.9%   4.3 3070s
 295477 216545 2149.52045  139   12 2528.59828 1798.34458  28.9%   4.3 3088s
 296708 217332     cutoff  155      2528.59828 1798.68165  28.9%   4.3 3112s
 297824 218070 2351.18224   62    9 2528.59828 1798.73528  28.9%   4.3 3136s
 298904 219039 2486.96029   86   16 2528.59828 1798.75703  28.9%   4.3 3157s
 300120 219890     cutoff  130      2528.59828 1798.81997  28.9%   4.3 3180s
 301263 221012 2185.81216  135   14 2528.59828 1799.01316  28.9%   4.3 3202s
 302596 221476     cutoff  140      2528.59828 1799.01316  28.9%   4.3 3232s
 303497 222048 2043.16827   46    9 2528.59828 1799.21651  28.8%   4.3 3256s
 304360 223093 2074.11370   64    6 2528.59828 1799.24132  28.8%   4.3 3283s
 305629 224414     cutoff   83      2528.59828 1799.34495  28.8%   4.3 3302s
 307085 225439 2033.69566  160   19 2528.59828 1799.44077  28.8%   4.3 3330s
 308323 226494 2501.27770  183    8 2528.59828 1799.52771  28.8%   4.3 3356s
 309653 227451 infeasible  184      2528.59828 1799.61307  28.8%   4.3 3380s
 310910 228399     cutoff  152      2528.59828 1799.63840  28.8%   4.3 3403s
 312143 229378 2501.21012  138   12 2528.59828 1799.63840  28.8%   4.3 3429s
 313299 230475 1941.71171  160   18 2528.59828 1799.63840  28.8%   4.3 3448s
 314536 230977 2069.18224  214   14 2528.59828 1799.68336  28.8%   4.3 3480s
 315457 232165 2089.37246  219   18 2528.59828 1799.75783  28.8%   4.3 3502s
 316768 232348     cutoff  224      2528.59828 1799.89387  28.8%   4.3 3556s
 316940 233299 2401.10105  221    8 2528.59828 1799.92671  28.8%   4.3 3583s
 318250 234294     cutoff  222      2528.59828 1800.02294  28.8%   4.3 3615s
 319494 235351 1827.29925   46   11 2528.59828 1800.05974  28.8%   4.3 3640s
 320828 236436     cutoff  158      2528.59828 1800.13816  28.8%   4.3 3666s
 322126 237612     cutoff  122      2528.59828 1800.27416  28.8%   4.3 3688s
 323483 238725     cutoff  151      2528.59828 1800.33409  28.8%   4.3 3710s
 324849 239961 1987.31284  115   13 2528.59828 1800.49000  28.8%   4.3 3735s
 326231 240896     cutoff  165      2528.59828 1800.53182  28.8%   4.3 3756s
 327488 242122 2023.71209  189   17 2528.59828 1800.63352  28.8%   4.3 3780s
 328856 243148 1931.53298   74   12 2528.59828 1800.66576  28.8%   4.3 3805s
 330100 244180 1967.68947  138   26 2528.59828 1800.78380  28.8%   4.3 3826s
 331306 245243 infeasible  175      2528.59828 1800.91804  28.8%   4.3 3846s
 332429 246301 2127.44628  139    8 2528.59828 1800.97448  28.8%   4.3 3871s
 333765 247168 1841.11983  129   24 2528.59828 1801.10007  28.8%   4.3 3897s
 334854 247993 infeasible  195      2528.59828 1801.19673  28.8%   4.3 3925s
 335952 249088 2482.23723  195   13 2528.59828 1801.32629  28.8%   4.3 3953s
 337136 250043 2304.05680  117    9 2528.59828 1801.40033  28.8%   4.3 3975s
 338346 251189 2427.53249  132    6 2528.59828 1801.44848  28.8%   4.3 4004s
 339697 252029 1959.38026   46   11 2528.59828 1801.53355  28.8%   4.3 4024s
 340599 252126 infeasible  182      2528.59828 1801.62954  28.7%   4.3 4025s
 340818 253108 1918.62616  110    8 2528.59828 1801.63567  28.7%   4.3 4046s
 342100 254175 2142.65651  173    9 2528.59828 1801.72863  28.7%   4.3 4072s
 343352 255118 2475.44278  196    8 2528.59828 1801.79311  28.7%   4.3 4098s
 344526 256122 2328.25343  121    - 2528.59828 1801.96940  28.7%   4.3 4124s
 345744 257223 2049.23210  157    - 2528.59828 1802.06954  28.7%   4.3 4145s
 347014 257610     cutoff  157      2528.59828 1802.20820  28.7%   4.3 4182s
 347711 258078 1968.40302   75   16 2528.59828 1802.30982  28.7%   4.3 4215s
 348386 258592     cutoff   89      2528.59828 1802.32548  28.7%   4.3 4245s
 349178 259046 2168.64947  150   18 2528.59828 1802.32988  28.7%   4.3 4284s
 349594 259123 2163.60973  104    - 2528.59828 1802.32988  28.7%   4.3 4285s
 349979 259576     cutoff  181      2528.59828 1802.34936  28.7%   4.3 4319s
 350869 260280 2042.30802   66   11 2528.59828 1802.42270  28.7%   4.3 4349s
 351885 261176 2027.74811   96   15 2528.59828 1802.46247  28.7%   4.3 4376s
 353076 262461 infeasible  131      2528.59828 1802.64969  28.7%   4.3 4406s
 354555 263436 1937.95365  184   20 2528.59828 1802.74817  28.7%   4.3 4431s
 355748 264708     cutoff  205      2528.59828 1802.87144  28.7%   4.3 4452s
 357198 265669     cutoff  208      2528.59828 1802.95730  28.7%   4.3 4479s
 358468 266819 2055.94574  131   26 2528.59828 1803.03016  28.7%   4.3 4502s
 359786 268028 2117.29977  142   38 2528.59828 1803.17636  28.7%   4.3 4525s
 361150 269066 2496.08907  199   15 2528.59828 1803.29211  28.7%   4.3 4549s
 362442 270103 1919.33626  147   17 2528.59828 1803.42098  28.7%   4.3 4578s
 363674 271064 infeasible  213      2528.59828 1803.49616  28.7%   4.3 4610s
 364828 271973 1988.99566   48    - 2528.59828 1803.61609  28.7%   4.3 4643s
 365974 272737 1813.87366   78    6 2528.59828 1803.75745  28.7%   4.3 4680s
 367022 273607     cutoff  149      2528.59828 1803.80352  28.7%   4.3 4717s
 368144 274351 2490.00350  120    - 2528.59828 1803.87405  28.7%   4.3 4747s
 369168 274832 1894.62214   62    6 2528.59828 1803.87405  28.7%   4.3 4785s
 370065 275416     cutoff   97      2528.59828 1803.94682  28.7%   4.3 4819s
 371021 276007 1964.10222  127   27 2528.59828 1803.95506  28.7%   4.3 4856s
 371964 276471 2045.34025  147    6 2528.59828 1804.06763  28.7%   4.3 4898s
 372813 277197 1852.98052   99   10 2528.59828 1804.13369  28.7%   4.3 4933s
 373691 278236     cutoff  134      2528.59828 1804.16271  28.6%   4.3 4962s
 374985 279523 2027.59546   63    8 2528.59828 1804.23256  28.6%   4.3 4987s
 376457 280707 2085.50432  145   13 2528.59828 1804.37413  28.6%   4.3 5011s
 377836 281994     cutoff  187      2528.59828 1804.50447  28.6%   4.3 5034s
 378937 282029 2520.89163  204   12 2528.59828 1804.54385  28.6%   4.3 5035s
 379290 283440 2148.27905  181   12 2528.59828 1804.56058  28.6%   4.3 5058s
 380859 284437     cutoff  183      2528.59828 1804.62384  28.6%   4.3 5087s
 382071 285605     cutoff  173      2528.59828 1804.69517  28.6%   4.3 5113s
 383459 286748     cutoff  140      2528.59828 1804.75387  28.6%   4.3 5142s
 384818 287031     cutoff  150      2528.59828 1804.81397  28.6%   4.3 5187s
 385498 288071 2309.34414   55    8 2528.59828 1804.89110  28.6%   4.3 5220s
 386653 288618 1947.10989  107   15 2528.59828 1804.92038  28.6%   4.3 5252s
 387485 289232 2362.82402  171   18 2528.59828 1804.99569  28.6%   4.3 5289s
 388442 290025     cutoff  174      2528.59828 1805.04878  28.6%   4.3 5320s
 389521 290969 2418.22455   95   16 2528.59828 1805.13668  28.6%   4.3 5350s
 390686 291563 1876.48183  116   11 2528.59828 1805.20701  28.6%   4.3 5390s
 391674 292450     cutoff  170      2528.59828 1805.28396  28.6%   4.3 5424s
 392811 293243 1974.11038  172   14 2528.59828 1805.29821  28.6%   4.3 5461s
 393867 294534     cutoff  195      2528.59828 1805.38492  28.6%   4.3 5490s
 395336 295653     cutoff  188      2528.59828 1805.50825  28.6%   4.3 5523s
 396701 295792     cutoff  163      2528.59828 1805.61036  28.6%   4.3 5585s
 396788 295808 1914.25707   64   18 2528.59828 1805.61036  28.6%   4.3 5674s
 396790 295809 2078.12398  142   27 2528.59828 1805.61036  28.6%   4.3 5695s
 396791 295810 2184.54327  160   14 2528.59828 1805.61036  28.6%   4.3 5718s
 396792 295811 1949.64259   69   14 2528.59828 1805.61036  28.6%   4.3 5726s
 396793 295811 1875.62903   65   35 2528.59828 1805.61036  28.6%   4.3 5732s
 396794 295812 1882.66725   70   14 2528.59828 1805.61036  28.6%   4.3 5737s
 396795 295813 1875.00138   77   30 2528.59828 1805.61036  28.6%   4.3 5750s
 396796 295813 2092.32006  140   30 2528.59828 1805.61036  28.6%   4.3 5758s
 396797 295814 1841.03497  130   30 2528.59828 1805.61036  28.6%   4.3 6306s
 396798 295818 1805.61036   42   63 2528.59828 1805.61036  28.6%   4.3 6331s
 396800 295821 1805.61036   43   61 2528.59828 1805.61036  28.6%   4.3 6347s
 396804 295828 1805.61036   44   37 2528.59828 1805.61036  28.6%   4.3 6365s
 396812 295837 1805.61036   45   18 2528.59828 1805.61036  28.6%   4.3 6378s
 396824 295845 1805.61036   46   17 2528.59828 1805.61036  28.6%   4.3 6387s
 396836 295853 1805.61036   46   19 2528.59828 1805.61036  28.6%   4.3 6395s
 396860 295871 1805.61036   47   10 2528.59828 1805.61036  28.6%   4.3 6405s
 396874 295881 1805.61036   48   44 2528.59828 1805.61036  28.6%   4.3 6410s
 396891 295891 1805.61036   48   12 2528.59828 1805.61036  28.6%   4.3 6416s
 396907 295899 1805.61036   49   10 2528.59828 1805.61036  28.6%   4.3 6421s
 396922 295912 1805.61036   50   16 2528.59828 1805.61036  28.6%   4.3 6427s
 396941 295920 1805.61036   51   17 2528.59828 1805.61036  28.6%   4.3 6432s
 396958 295932 1805.61036   51   12 2528.59828 1805.61036  28.6%   4.3 6437s
 396978 295945 1805.61036   52   14 2528.59828 1805.61036  28.6%   4.3 6442s
 396995 295951 1805.61036   53   17 2528.59828 1805.61036  28.6%   4.3 6448s
 397010 295965 1826.88606   53   12 2528.59828 1805.61036  28.6%   4.3 6453s
 397032 295977 1805.61036   54   28 2528.59828 1805.61036  28.6%   4.3 6460s
 397054 295994 1813.35217   54    6 2528.59828 1805.61036  28.6%   4.3 6465s
 397083 296007 1805.61036   55   26 2528.59828 1805.61036  28.6%   4.3 6471s
 397110 296022 1805.61036   56   23 2528.59828 1805.61036  28.6%   4.3 6477s
 397137 296031 1805.61036   57   24 2528.59828 1805.61036  28.6%   4.3 6483s
 397164 296052 1805.61036   58   23 2528.59828 1805.61036  28.6%   4.3 6488s
 397197 296068 1821.80189   58   27 2528.59828 1805.61036  28.6%   4.3 6495s
 397226 296087 1878.90406   59   14 2528.59828 1805.61036  28.6%   4.3 6501s
 397259 296101 1805.61036   61   19 2528.59828 1805.61036  28.6%   4.3 6507s
 397290 296129 1891.10699   62    6 2528.59828 1805.61036  28.6%   4.3 6514s
 397329 296137 1805.61036   64   18 2528.59828 1805.61036  28.6%   4.3 6520s
 397367 296165 1886.45043   65    6 2528.59828 1805.61036  28.6%   4.3 6527s
 397413 296187 1887.90122   67    - 2528.59828 1805.61036  28.6%   4.3 6535s
 397460 296218 1805.61036   70   29 2528.59828 1805.61036  28.6%   4.3 6543s
 397513 296240 1805.61036   72   15 2528.59828 1805.61036  28.6%   4.3 6551s
 397564 296258 1812.26429   75   20 2528.59828 1805.61036  28.6%   4.3 6558s
 397620 296288 1813.40027   77   21 2528.59828 1805.61036  28.6%   4.3 6565s
 397671 296285 2073.52229   79    8 2528.59828 1805.61036  28.6%   4.3 6574s
 397686 296317 2187.80449   80   10 2528.59828 1805.61036  28.6%   4.3 6583s
 397745 296324 1827.28229   84   16 2528.59828 1805.61036  28.6%   4.3 6591s
 397806 296347 2197.16280   87    - 2528.59828 1805.61036  28.6%   4.3 6599s
 397870 296366 2203.99665   89    6 2528.59828 1805.61036  28.6%   4.3 6608s
 397946 296384 2044.81110   92    - 2528.59828 1805.61036  28.6%   4.3 6619s
 398024 296428 2063.44398   95   18 2528.59828 1805.61036  28.6%   4.3 6628s
 398110 296467 2257.96938   98    - 2528.59828 1805.61036  28.6%   4.3 6636s
 398201 296482 2185.60217  101    - 2528.59828 1805.61036  28.6%   4.3 6646s
 398296 296524 2151.51289  105    8 2528.59828 1805.61036  28.6%   4.3 6655s
 398405 296548 1891.55192  109   17 2528.59828 1805.61036  28.6%   4.3 6664s
 398515 296593 1913.49800  113    - 2528.59828 1805.61036  28.6%   4.3 6674s
 398647 296599 2250.24510  117    - 2528.59828 1805.61036  28.6%   4.3 6684s
 398710 296666 2462.59856  121    - 2528.59828 1805.61036  28.6%   4.3 6696s
 398850 296705 2491.34770  126    - 2528.59828 1805.61036  28.6%   4.3 6706s
 398987 296751 1975.90961  131    6 2528.59828 1805.61036  28.6%   4.3 6715s
 399119 296844 1987.84286  135   22 2528.59828 1805.61036  28.6%   4.3 6727s
 399289 296937 2421.10493  138    - 2528.59828 1805.61036  28.6%   4.3 6738s
 399471 296977     cutoff  143      2528.59828 1805.61036  28.6%   4.3 6750s
 399633 297093 2057.50990  149   19 2528.59828 1805.61036  28.6%   4.3 6760s
 399822 297148 2085.78744  153   20 2528.59828 1805.61036  28.6%   4.3 6774s
 399986 297224 2142.68299  161   22 2528.59828 1805.61036  28.6%   4.3 6787s
 400175 297305 2463.96681  168    6 2528.59828 1805.61036  28.6%   4.3 6799s
 400362 297326     cutoff  177      2528.59828 1805.61036  28.6%   4.3 6813s
 400541 297484 1805.61036   54   26 2528.59828 1805.61036  28.6%   4.3 6828s
 400798 297634 1829.37301   91   18 2528.59828 1805.61036  28.6%   4.3 6839s
 401071 297840 1855.17342  117   11 2528.59828 1805.61036  28.6%   4.3 6851s
 401391 297989 1888.04839  151   20 2528.59828 1805.61036  28.6%   4.3 6866s
 401710 298160 1908.96384  173   23 2528.59828 1805.61036  28.6%   4.3 6879s
 402031 298141 1925.53428  187   39 2528.59828 1805.61036  28.6%   4.3 6891s
 402180 298353 1950.58780  208   27 2528.59828 1805.61036  28.6%   4.3 6907s
 402553 298557 2027.70947  236   35 2528.59828 1805.61036  28.6%   4.3 6925s
 402976 298826     cutoff  251      2528.59828 1805.61036  28.6%   4.3 6949s
 403476 299183 1825.59809   66   20 2528.59828 1805.61036  28.6%   4.3 6972s
 404052 299443 2130.02853  108   15 2528.59828 1805.61036  28.6%   4.3 6994s
 404601 299694 2479.87803  119   19 2528.59828 1805.61036  28.6%   4.3 7015s
 405164 299914 2423.87639  133    - 2528.59828 1805.61036  28.6%   4.3 7038s
 405719 300135 2394.91553  146    8 2528.59828 1805.61036  28.6%   4.3 7059s
 406291 300587 2378.75809  160    - 2528.59828 1805.61036  28.6%   4.3 7083s
 406993 301109 1996.05105  175   18 2528.59828 1805.61036  28.6%   4.3 7101s
 407800 301260     cutoff  189      2528.59828 1805.61036  28.6%   4.3 7123s
 408382 301602 2063.20185  207   23 2528.59828 1805.61036  28.6%   4.3 7142s
 409096 302179 2114.50092  223   26 2528.59828 1805.61036  28.6%   4.3 7166s
 409976 302553     cutoff  240      2528.59828 1805.61036  28.6%   4.3 7193s
 410769 302334 1862.87540  101   17 2528.59828 1805.61036  28.6%   4.3 7200s

Cutting planes:
  Gomory: 2
  MIR: 1
  Lazy constraints: 1011

Explored 410788 nodes (1780831 simplex iterations) in 7200.63 seconds
Thread count was 12 (of 12 available processors)

Solution count 3: 2528.6 2530.44 2532.18 

Time limit reached
Best objective 2.528598275116e+03, best bound 1.805610355023e+03, gap 28.5924%

User-callback calls 2524551, time in user-callback 7.09 sec
/projects/academic/josewalt/caigao/RRARP_BD/BendersDecomp/ret/model_outs/n_26_h_8_algo_2.out
 =====>>>>> Solution is written to file in <../ret/model_outs> !!!
===>> All Done!
