NPROCS=0
This instance is clustered!
Gurobi Optimizer version 9.0.0 build v9.0.0rc2 (linux64)
Optimize a model with 38 rows, 362 columns and 722 nonzeros
Model fingerprint: 0x781207cc
Variable types: 1 continuous, 361 integer (361 binary)
Coefficient statistics:
  Matrix range     [1e+00, 1e+00]
  Objective range  [1e+00, 3e+02]
  Bounds range     [1e+00, 1e+00]
  RHS range        [1e+00, 1e+00]
Presolve removed 2 rows and 54 columns
Presolve time: 0.00s
Presolved: 36 rows, 308 columns, 614 nonzeros
Variable types: 1 continuous, 307 integer (307 binary)

Root relaxation: objective 5.526262e+02, 28 iterations, 0.00 seconds

    Nodes    |    Current Node    |     Objective Bounds      |     Work
 Expl Unexpl |  Obj  Depth IntInf | Incumbent    BestBd   Gap | It/Node Time

     0     0  560.08107    0    8          -  560.08107      -     -    0s
     0     0  748.59903    0   12          -  748.59903      -     -    0s
 done with super cut 0
     0     0  762.02528    0   21          -  762.02528      -     -    0s
 done with super cut 1
 done with super cut 2
H    0     0                    1356.4807392  762.02528  43.8%     -    2s
 done with super cut 3
 done with super cut 4
 done with super cut 5
     0     0  764.07603    0   35 1356.48074  764.07603  43.7%     -    4s
 done with super cut 6
H    0     0                     960.5193279  764.07603  20.5%     -    7s
     0     2  773.57029    0   35  960.51933  773.57029  19.5%     -    7s
 done with super cut 7
 done with super cut 8
 done with super cut 9
 done with super cut 10
    63    77  792.33009    5   10  960.51933  787.31344  18.0%   6.4   25s
*  168   128              10     940.8359242  787.49890  16.3%   5.7   25s
H 5516  2135                     940.8359119  844.96020  10.2%   6.7   27s
H 5566  2051                     940.8359082  844.96020  10.2%   6.8   27s
 16577  1439 infeasible   45       940.83591  907.38652  3.56%   8.0   30s
H18351   731                     940.8358941  920.59682  2.15%   8.4   30s
H18427   685                     940.8358887  921.06568  2.10%   8.4   31s
H18438   685                     940.8358741  921.06568  2.10%   8.4   31s

Cutting planes:
  Gomory: 5
  Flow cover: 1
  Zero half: 2
  Lazy constraints: 307

Explored 19354 nodes (164139 simplex iterations) in 31.48 seconds
Thread count was 12 (of 12 available processors)

Solution count 3: 940.836 960.519 1356.48 

Optimal solution found (tolerance 1.00e-04)
Best objective 9.408358741010e+02, best bound 9.408358741010e+02, gap 0.0000%

User-callback calls 42376, time in user-callback 25.07 sec
/projects/academic/josewalt/caigao/RRARP_BD/BendersDecomp/ret/model_outs/n_17_m_3_algo_4.out
 =====>>>>> Solution is written to file in <../ret/model_outs> !!!
===>> All Done!
